2020-04-30 21:34:54,884 INFO o.a.j.u.JMeterUtils: Setting Locale to en_US
2020-04-30 21:34:54,916 INFO o.a.j.JMeter: Loading user properties from: /home/pablo/jmeter/bin/user.properties
2020-04-30 21:34:54,917 INFO o.a.j.JMeter: Loading system properties from: /home/pablo/jmeter/bin/system.properties
2020-04-30 21:34:54,918 INFO o.a.j.JMeter: Setting System property: HILOS=40
2020-04-30 21:34:54,918 INFO o.a.j.JMeter: Setting System property: SUBIDA=15
2020-04-30 21:34:54,918 INFO o.a.j.JMeter: Setting System property: DURACION=615
2020-04-30 21:34:54,918 INFO o.a.j.JMeter: Setting System property: FILE=scriptresultsPerfmon40.jtl
2020-04-30 21:34:54,921 INFO o.a.j.JMeter: Copyright (c) 1998-2019 The Apache Software Foundation
2020-04-30 21:34:54,922 INFO o.a.j.JMeter: Version 5.2.1
2020-04-30 21:34:54,922 INFO o.a.j.JMeter: java.version=1.8.0_201
2020-04-30 21:34:54,922 INFO o.a.j.JMeter: java.vm.name=Java HotSpot(TM) 64-Bit Server VM
2020-04-30 21:34:54,922 INFO o.a.j.JMeter: os.name=Linux
2020-04-30 21:34:54,923 INFO o.a.j.JMeter: os.arch=amd64
2020-04-30 21:34:54,923 INFO o.a.j.JMeter: os.version=4.15.0-99-generic
2020-04-30 21:34:54,923 INFO o.a.j.JMeter: file.encoding=UTF-8
2020-04-30 21:34:54,923 INFO o.a.j.JMeter: java.awt.headless=true
2020-04-30 21:34:54,924 INFO o.a.j.JMeter: Max memory     =732954624
2020-04-30 21:34:54,924 INFO o.a.j.JMeter: Available Processors =4
2020-04-30 21:34:54,932 INFO o.a.j.JMeter: Default Locale=English (United States)
2020-04-30 21:34:54,932 INFO o.a.j.JMeter: JMeter  Locale=English (United States)
2020-04-30 21:34:54,933 INFO o.a.j.JMeter: JMeterHome=/home/pablo/jmeter
2020-04-30 21:34:54,933 INFO o.a.j.JMeter: user.dir  =/home/pablo/jmeter/bin/EJECUCIONES/P3
2020-04-30 21:34:54,933 INFO o.a.j.JMeter: PWD       =/home/pablo/jmeter/bin/EJECUCIONES/P3
2020-04-30 21:34:54,934 INFO o.a.j.JMeter: IP: 127.0.1.1 Name: hylianpablo FullName: hylianpablo
2020-04-30 21:34:54,942 INFO o.a.j.s.FileServer: Default base='/home/pablo/jmeter/bin/EJECUCIONES/P3'
2020-04-30 21:34:54,952 INFO o.a.j.s.FileServer: Set new base='/home/pablo/jmeter/bin/EJECUCIONES/P3/..'
2020-04-30 21:34:55,231 INFO o.a.j.s.SaveService: Testplan (JMX) version: 2.2. Testlog (JTL) version: 2.2
2020-04-30 21:34:55,249 INFO o.a.j.s.SaveService: Using SaveService properties file encoding UTF-8
2020-04-30 21:34:55,262 INFO o.a.j.s.SaveService: Using SaveService properties version 5.0
2020-04-30 21:34:55,281 INFO o.a.j.s.SaveService: Loading file: ../RecordP3.jmx
2020-04-30 21:34:55,356 INFO o.a.j.p.h.c.CookieManager: Settings: Delete null: true Check: true Allow variable: true Save: false Prefix: COOKIE_
2020-04-30 21:34:55,410 INFO o.a.j.p.h.s.HTTPSamplerBase: Parser for text/html is org.apache.jmeter.protocol.http.parser.LagartoBasedHtmlParser
2020-04-30 21:34:55,410 INFO o.a.j.p.h.s.HTTPSamplerBase: Parser for application/xhtml+xml is org.apache.jmeter.protocol.http.parser.LagartoBasedHtmlParser
2020-04-30 21:34:55,410 INFO o.a.j.p.h.s.HTTPSamplerBase: Parser for application/xml is org.apache.jmeter.protocol.http.parser.LagartoBasedHtmlParser
2020-04-30 21:34:55,410 INFO o.a.j.p.h.s.HTTPSamplerBase: Parser for text/xml is org.apache.jmeter.protocol.http.parser.LagartoBasedHtmlParser
2020-04-30 21:34:55,411 INFO o.a.j.p.h.s.HTTPSamplerBase: Parser for text/vnd.wap.wml is org.apache.jmeter.protocol.http.parser.RegexpHTMLParser
2020-04-30 21:34:55,411 INFO o.a.j.p.h.s.HTTPSamplerBase: Parser for text/css is org.apache.jmeter.protocol.http.parser.CssParser
2020-04-30 21:34:55,770 INFO o.a.j.e.KeyToolUtils: keytool found at 'keytool'
2020-04-30 21:34:55,772 INFO o.a.j.p.h.p.ProxyControl: HTTP(S) Test Script Recorder SSL Proxy will use keys that support embedded 3rd party resources in file /home/pablo/jmeter/bin/proxyserver.jks
2020-04-30 21:34:55,859 INFO o.a.j.JMeter: Creating summariser <summary>
2020-04-30 21:34:55,875 INFO o.a.j.e.StandardJMeterEngine: Running the test!
2020-04-30 21:34:55,878 INFO o.a.j.s.SampleEvent: List of sample_variables: []
2020-04-30 21:34:55,879 INFO o.a.j.s.SampleEvent: List of sample_variables: []
2020-04-30 21:34:55,891 INFO o.a.j.e.u.CompoundVariable: Note: Function class names must contain the string: '.functions.'
2020-04-30 21:34:55,892 INFO o.a.j.e.u.CompoundVariable: Note: Function class names must not contain the string: '.gui.'
2020-04-30 21:34:56,803 INFO o.a.j.JMeter: Running test (1588275296803)
2020-04-30 21:34:56,930 INFO o.a.j.e.StandardJMeterEngine: Starting ThreadGroup: 1 : Thread Group
2020-04-30 21:34:56,937 INFO o.a.j.e.StandardJMeterEngine: Starting 40 threads for group Thread Group.
2020-04-30 21:34:56,937 INFO o.a.j.e.StandardJMeterEngine: Thread will continue on error
2020-04-30 21:34:56,938 INFO o.a.j.t.ThreadGroup: Starting thread group... number=1 threads=40 ramp-up=15 delayedStart=false
2020-04-30 21:34:56,960 INFO o.a.j.s.SampleResult: Note: Sample TimeStamps are START times
2020-04-30 21:34:56,961 INFO o.a.j.s.SampleResult: sampleresult.default.encoding is set to ISO-8859-1
2020-04-30 21:34:56,961 INFO o.a.j.s.SampleResult: sampleresult.useNanoTime=true
2020-04-30 21:34:56,962 INFO o.a.j.s.SampleResult: sampleresult.nanoThreadSleep=5000
2020-04-30 21:34:56,966 INFO o.a.j.t.JMeterThread: Thread started: Thread Group 1-1
2020-04-30 21:34:57,015 INFO o.a.j.p.h.s.HTTPHCAbstractImpl: Local host = hylianpablo
2020-04-30 21:34:57,028 INFO o.a.j.p.h.s.HTTPHC4Impl: HTTP request retry count = 0
2020-04-30 21:34:57,109 INFO o.a.j.t.ThreadGroup: Started thread group number 1
2020-04-30 21:34:57,109 INFO o.a.j.e.StandardJMeterEngine: All thread groups have been started
2020-04-30 21:34:57,328 INFO o.a.j.t.JMeterThread: Thread started: Thread Group 1-2
2020-04-30 21:34:57,699 INFO o.a.j.t.JMeterThread: Thread started: Thread Group 1-3
2020-04-30 21:34:58,079 INFO o.a.j.t.JMeterThread: Thread started: Thread Group 1-4
2020-04-30 21:34:58,445 INFO o.a.j.t.JMeterThread: Thread started: Thread Group 1-5
2020-04-30 21:34:58,835 INFO o.a.j.t.JMeterThread: Thread started: Thread Group 1-6
2020-04-30 21:34:59,203 INFO o.a.j.t.JMeterThread: Thread started: Thread Group 1-7
2020-04-30 21:34:59,578 INFO o.a.j.t.JMeterThread: Thread started: Thread Group 1-8
2020-04-30 21:34:59,951 INFO o.a.j.t.JMeterThread: Thread started: Thread Group 1-9
2020-04-30 21:35:00,004 INFO o.a.j.r.Summariser: summary +    201 in 00:00:03 =   62.8/s Avg:    62 Min:    20 Max:   386 Err:     0 (0.00%) Active: 9 Started: 9 Finished: 0
2020-04-30 21:35:00,325 INFO o.a.j.t.JMeterThread: Thread started: Thread Group 1-10
2020-04-30 21:35:00,700 INFO o.a.j.t.JMeterThread: Thread started: Thread Group 1-11
2020-04-30 21:35:01,076 INFO o.a.j.t.JMeterThread: Thread started: Thread Group 1-12
2020-04-30 21:35:01,448 INFO o.a.j.t.JMeterThread: Thread started: Thread Group 1-13
2020-04-30 21:35:01,879 INFO o.a.j.t.JMeterThread: Thread started: Thread Group 1-14
2020-04-30 21:35:02,196 INFO o.a.j.t.JMeterThread: Thread started: Thread Group 1-15
2020-04-30 21:35:02,569 INFO o.a.j.t.JMeterThread: Thread started: Thread Group 1-16
2020-04-30 21:35:02,944 INFO o.a.j.t.JMeterThread: Thread started: Thread Group 1-17
2020-04-30 21:35:03,318 INFO o.a.j.t.JMeterThread: Thread started: Thread Group 1-18
2020-04-30 21:35:03,700 INFO o.a.j.t.JMeterThread: Thread started: Thread Group 1-19
2020-04-30 21:35:04,070 INFO o.a.j.t.JMeterThread: Thread started: Thread Group 1-20
2020-04-30 21:35:04,446 INFO o.a.j.t.JMeterThread: Thread started: Thread Group 1-21
2020-04-30 21:35:04,825 INFO o.a.j.t.JMeterThread: Thread started: Thread Group 1-22
2020-04-30 21:35:05,200 INFO o.a.j.t.JMeterThread: Thread started: Thread Group 1-23
2020-04-30 21:35:05,568 INFO o.a.j.t.JMeterThread: Thread started: Thread Group 1-24
2020-04-30 21:35:05,943 INFO o.a.j.t.JMeterThread: Thread started: Thread Group 1-25
2020-04-30 21:35:06,318 INFO o.a.j.t.JMeterThread: Thread started: Thread Group 1-26
2020-04-30 21:35:06,693 INFO o.a.j.t.JMeterThread: Thread started: Thread Group 1-27
2020-04-30 21:35:07,068 INFO o.a.j.t.JMeterThread: Thread started: Thread Group 1-28
2020-04-30 21:35:07,443 INFO o.a.j.t.JMeterThread: Thread started: Thread Group 1-29
2020-04-30 21:35:07,819 INFO o.a.j.t.JMeterThread: Thread started: Thread Group 1-30
2020-04-30 21:35:08,193 INFO o.a.j.t.JMeterThread: Thread started: Thread Group 1-31
2020-04-30 21:35:08,568 INFO o.a.j.t.JMeterThread: Thread started: Thread Group 1-32
2020-04-30 21:35:08,942 INFO o.a.j.t.JMeterThread: Thread started: Thread Group 1-33
2020-04-30 21:35:09,321 INFO o.a.j.t.JMeterThread: Thread started: Thread Group 1-34
2020-04-30 21:35:09,696 INFO o.a.j.t.JMeterThread: Thread started: Thread Group 1-35
2020-04-30 21:35:10,068 INFO o.a.j.t.JMeterThread: Thread started: Thread Group 1-36
2020-04-30 21:35:10,443 INFO o.a.j.t.JMeterThread: Thread started: Thread Group 1-37
2020-04-30 21:35:10,818 INFO o.a.j.t.JMeterThread: Thread started: Thread Group 1-38
2020-04-30 21:35:11,192 INFO o.a.j.t.JMeterThread: Thread started: Thread Group 1-39
2020-04-30 21:35:11,569 INFO o.a.j.t.JMeterThread: Thread started: Thread Group 1-40
2020-04-30 21:35:30,001 INFO o.a.j.r.Summariser: summary +   4117 in 00:00:30 =  137.2/s Avg:   244 Min:    19 Max:  1810 Err:     0 (0.00%) Active: 40 Started: 40 Finished: 0
2020-04-30 21:35:30,002 INFO o.a.j.r.Summariser: summary =   4318 in 00:00:33 =  130.1/s Avg:   236 Min:    19 Max:  1810 Err:     0 (0.00%)
2020-04-30 21:36:00,006 INFO o.a.j.r.Summariser: summary +   4125 in 00:00:30 =  137.5/s Avg:   288 Min:    19 Max:  1594 Err:     0 (0.00%) Active: 40 Started: 40 Finished: 0
2020-04-30 21:36:00,007 INFO o.a.j.r.Summariser: summary =   8443 in 00:01:03 =  133.6/s Avg:   262 Min:    19 Max:  1810 Err:     0 (0.00%)
2020-04-30 21:36:30,004 INFO o.a.j.r.Summariser: summary +   4297 in 00:00:30 =  143.2/s Avg:   278 Min:    18 Max:  1637 Err:     0 (0.00%) Active: 40 Started: 40 Finished: 0
2020-04-30 21:36:30,005 INFO o.a.j.r.Summariser: summary =  12740 in 00:01:33 =  136.7/s Avg:   267 Min:    18 Max:  1810 Err:     0 (0.00%)
2020-04-30 21:37:00,004 INFO o.a.j.r.Summariser: summary +   4407 in 00:00:30 =  146.9/s Avg:   272 Min:    18 Max:  1686 Err:     0 (0.00%) Active: 40 Started: 40 Finished: 0
2020-04-30 21:37:00,006 INFO o.a.j.r.Summariser: summary =  17147 in 00:02:03 =  139.2/s Avg:   268 Min:    18 Max:  1810 Err:     0 (0.00%)
2020-04-30 21:37:30,009 INFO o.a.j.r.Summariser: summary +   4194 in 00:00:30 =  139.8/s Avg:   285 Min:    18 Max:  1530 Err:     0 (0.00%) Active: 40 Started: 40 Finished: 0
2020-04-30 21:37:30,010 INFO o.a.j.r.Summariser: summary =  21341 in 00:02:33 =  139.3/s Avg:   271 Min:    18 Max:  1810 Err:     0 (0.00%)
2020-04-30 21:38:00,035 INFO o.a.j.r.Summariser: summary +   4465 in 00:00:30 =  148.7/s Avg:   268 Min:    19 Max:  1700 Err:     0 (0.00%) Active: 40 Started: 40 Finished: 0
2020-04-30 21:38:00,035 INFO o.a.j.r.Summariser: summary =  25806 in 00:03:03 =  140.8/s Avg:   271 Min:    18 Max:  1810 Err:     0 (0.00%)
2020-04-30 21:38:30,010 INFO o.a.j.r.Summariser: summary +   4274 in 00:00:30 =  142.6/s Avg:   279 Min:    19 Max:  1678 Err:     0 (0.00%) Active: 40 Started: 40 Finished: 0
2020-04-30 21:38:30,011 INFO o.a.j.r.Summariser: summary =  30080 in 00:03:33 =  141.1/s Avg:   272 Min:    18 Max:  1810 Err:     0 (0.00%)
2020-04-30 21:39:00,000 INFO o.a.j.r.Summariser: summary +   4430 in 00:00:30 =  147.7/s Avg:   273 Min:    19 Max:  1547 Err:     0 (0.00%) Active: 40 Started: 40 Finished: 0
2020-04-30 21:39:00,002 INFO o.a.j.r.Summariser: summary =  34510 in 00:04:03 =  141.9/s Avg:   272 Min:    18 Max:  1810 Err:     0 (0.00%)
2020-04-30 21:39:30,002 INFO o.a.j.r.Summariser: summary +   4357 in 00:00:30 =  145.2/s Avg:   275 Min:    19 Max:  2084 Err:     0 (0.00%) Active: 40 Started: 40 Finished: 0
2020-04-30 21:39:30,003 INFO o.a.j.r.Summariser: summary =  38867 in 00:04:33 =  142.3/s Avg:   272 Min:    18 Max:  2084 Err:     0 (0.00%)
2020-04-30 21:40:00,009 INFO o.a.j.r.Summariser: summary +   3754 in 00:00:30 =  125.1/s Avg:   318 Min:    19 Max:  3301 Err:     0 (0.00%) Active: 40 Started: 40 Finished: 0
2020-04-30 21:40:00,010 INFO o.a.j.r.Summariser: summary =  42621 in 00:05:03 =  140.6/s Avg:   276 Min:    18 Max:  3301 Err:     0 (0.00%)
2020-04-30 21:40:30,011 INFO o.a.j.r.Summariser: summary +   4256 in 00:00:30 =  141.9/s Avg:   280 Min:    18 Max:  1621 Err:     0 (0.00%) Active: 40 Started: 40 Finished: 0
2020-04-30 21:40:30,012 INFO o.a.j.r.Summariser: summary =  46877 in 00:05:33 =  140.7/s Avg:   277 Min:    18 Max:  3301 Err:     0 (0.00%)
2020-04-30 21:41:00,024 INFO o.a.j.r.Summariser: summary +   4589 in 00:00:30 =  152.9/s Avg:   261 Min:    18 Max:  1786 Err:     0 (0.00%) Active: 40 Started: 40 Finished: 0
2020-04-30 21:41:00,025 INFO o.a.j.r.Summariser: summary =  51466 in 00:06:03 =  141.7/s Avg:   275 Min:    18 Max:  3301 Err:     0 (0.00%)
2020-04-30 21:41:30,005 INFO o.a.j.r.Summariser: summary +   4611 in 00:00:30 =  153.8/s Avg:   260 Min:    18 Max:  1540 Err:     0 (0.00%) Active: 40 Started: 40 Finished: 0
2020-04-30 21:41:30,006 INFO o.a.j.r.Summariser: summary =  56077 in 00:06:33 =  142.6/s Avg:   274 Min:    18 Max:  3301 Err:     0 (0.00%)
2020-04-30 21:42:00,066 INFO o.a.j.r.Summariser: summary +   4708 in 00:00:30 =  156.6/s Avg:   255 Min:    19 Max:  1590 Err:     0 (0.00%) Active: 40 Started: 40 Finished: 0
2020-04-30 21:42:00,067 INFO o.a.j.r.Summariser: summary =  60785 in 00:07:03 =  143.6/s Avg:   273 Min:    18 Max:  3301 Err:     0 (0.00%)
2020-04-30 21:42:30,017 INFO o.a.j.r.Summariser: summary +   4545 in 00:00:30 =  151.7/s Avg:   261 Min:    19 Max:  1441 Err:     0 (0.00%) Active: 40 Started: 40 Finished: 0
2020-04-30 21:42:30,018 INFO o.a.j.r.Summariser: summary =  65330 in 00:07:33 =  144.1/s Avg:   272 Min:    18 Max:  3301 Err:     0 (0.00%)
2020-04-30 21:43:00,010 INFO o.a.j.r.Summariser: summary +   4620 in 00:00:30 =  154.0/s Avg:   259 Min:    19 Max:  2311 Err:     0 (0.00%) Active: 40 Started: 40 Finished: 0
2020-04-30 21:43:00,011 INFO o.a.j.r.Summariser: summary =  69950 in 00:08:03 =  144.8/s Avg:   271 Min:    18 Max:  3301 Err:     0 (0.00%)
2020-04-30 21:43:30,022 INFO o.a.j.r.Summariser: summary +   4734 in 00:00:30 =  157.7/s Avg:   253 Min:    18 Max:  1550 Err:     0 (0.00%) Active: 40 Started: 40 Finished: 0
2020-04-30 21:43:30,023 INFO o.a.j.r.Summariser: summary =  74684 in 00:08:33 =  145.5/s Avg:   270 Min:    18 Max:  3301 Err:     0 (0.00%)
2020-04-30 21:44:00,018 INFO o.a.j.r.Summariser: summary +   4586 in 00:00:30 =  152.9/s Avg:   260 Min:    19 Max:  1680 Err:     0 (0.00%) Active: 40 Started: 40 Finished: 0
2020-04-30 21:44:00,019 INFO o.a.j.r.Summariser: summary =  79270 in 00:09:03 =  145.9/s Avg:   269 Min:    18 Max:  3301 Err:     0 (0.00%)
2020-04-30 21:44:30,008 INFO o.a.j.r.Summariser: summary +   4619 in 00:00:30 =  154.0/s Avg:   260 Min:    19 Max:  1823 Err:     0 (0.00%) Active: 40 Started: 40 Finished: 0
2020-04-30 21:44:30,009 INFO o.a.j.r.Summariser: summary =  83889 in 00:09:33 =  146.4/s Avg:   269 Min:    18 Max:  3301 Err:     0 (0.00%)
2020-04-30 21:45:00,002 INFO o.a.j.r.Summariser: summary +   4754 in 00:00:30 =  158.5/s Avg:   253 Min:    18 Max:  1663 Err:     0 (0.00%) Active: 40 Started: 40 Finished: 0
2020-04-30 21:45:00,004 INFO o.a.j.r.Summariser: summary =  88643 in 00:10:03 =  147.0/s Avg:   268 Min:    18 Max:  3301 Err:     0 (0.00%)
2020-04-30 21:45:12,025 INFO o.a.j.t.JMeterThread: Stopping because end time detected by thread: Thread Group 1-13
2020-04-30 21:45:12,025 INFO o.a.j.t.JMeterThread: Thread finished: Thread Group 1-13
2020-04-30 21:45:12,080 INFO o.a.j.t.JMeterThread: Stopping because end time detected by thread: Thread Group 1-28
2020-04-30 21:45:12,081 INFO o.a.j.t.JMeterThread: Thread finished: Thread Group 1-28
2020-04-30 21:45:12,086 INFO o.a.j.t.JMeterThread: Stopping because end time detected by thread: Thread Group 1-22
2020-04-30 21:45:12,087 INFO o.a.j.t.JMeterThread: Thread finished: Thread Group 1-22
2020-04-30 21:45:12,104 INFO o.a.j.t.JMeterThread: Stopping because end time detected by thread: Thread Group 1-19
2020-04-30 21:45:12,105 INFO o.a.j.t.JMeterThread: Thread finished: Thread Group 1-19
2020-04-30 21:45:12,106 INFO o.a.j.t.JMeterThread: Stopping because end time detected by thread: Thread Group 1-20
2020-04-30 21:45:12,106 INFO o.a.j.t.JMeterThread: Thread finished: Thread Group 1-20
2020-04-30 21:45:12,110 INFO o.a.j.t.JMeterThread: Stopping because end time detected by thread: Thread Group 1-16
2020-04-30 21:45:12,110 INFO o.a.j.t.JMeterThread: Thread finished: Thread Group 1-16
2020-04-30 21:45:12,126 INFO o.a.j.t.JMeterThread: Stopping because end time detected by thread: Thread Group 1-29
2020-04-30 21:45:12,126 INFO o.a.j.t.JMeterThread: Thread finished: Thread Group 1-29
2020-04-30 21:45:12,134 INFO o.a.j.t.JMeterThread: Stopping because end time detected by thread: Thread Group 1-31
2020-04-30 21:45:12,134 INFO o.a.j.t.JMeterThread: Thread finished: Thread Group 1-31
2020-04-30 21:45:12,143 INFO o.a.j.t.JMeterThread: Stopping because end time detected by thread: Thread Group 1-21
2020-04-30 21:45:12,143 INFO o.a.j.t.JMeterThread: Thread finished: Thread Group 1-21
2020-04-30 21:45:12,164 INFO o.a.j.t.JMeterThread: Stopping because end time detected by thread: Thread Group 1-18
2020-04-30 21:45:12,164 INFO o.a.j.t.JMeterThread: Thread finished: Thread Group 1-18
2020-04-30 21:45:12,217 INFO o.a.j.t.JMeterThread: Stopping because end time detected by thread: Thread Group 1-3
2020-04-30 21:45:12,218 INFO o.a.j.t.JMeterThread: Thread finished: Thread Group 1-3
2020-04-30 21:45:12,219 INFO o.a.j.t.JMeterThread: Stopping because end time detected by thread: Thread Group 1-35
2020-04-30 21:45:12,220 INFO o.a.j.t.JMeterThread: Thread finished: Thread Group 1-35
2020-04-30 21:45:12,222 INFO o.a.j.t.JMeterThread: Stopping because end time detected by thread: Thread Group 1-6
2020-04-30 21:45:12,222 INFO o.a.j.t.JMeterThread: Thread finished: Thread Group 1-6
2020-04-30 21:45:12,263 INFO o.a.j.t.JMeterThread: Stopping because end time detected by thread: Thread Group 1-8
2020-04-30 21:45:12,263 INFO o.a.j.t.JMeterThread: Thread finished: Thread Group 1-8
2020-04-30 21:45:12,265 INFO o.a.j.t.JMeterThread: Stopping because end time detected by thread: Thread Group 1-36
2020-04-30 21:45:12,266 INFO o.a.j.t.JMeterThread: Thread finished: Thread Group 1-36
2020-04-30 21:45:12,266 INFO o.a.j.t.JMeterThread: Stopping because end time detected by thread: Thread Group 1-39
2020-04-30 21:45:12,267 INFO o.a.j.t.JMeterThread: Stopping because end time detected by thread: Thread Group 1-12
2020-04-30 21:45:12,267 INFO o.a.j.t.JMeterThread: Thread finished: Thread Group 1-39
2020-04-30 21:45:12,267 INFO o.a.j.t.JMeterThread: Thread finished: Thread Group 1-12
2020-04-30 21:45:12,279 INFO o.a.j.t.JMeterThread: Stopping because end time detected by thread: Thread Group 1-17
2020-04-30 21:45:12,279 INFO o.a.j.t.JMeterThread: Thread finished: Thread Group 1-17
2020-04-30 21:45:12,280 INFO o.a.j.t.JMeterThread: Stopping because end time detected by thread: Thread Group 1-5
2020-04-30 21:45:12,280 INFO o.a.j.t.JMeterThread: Thread finished: Thread Group 1-5
2020-04-30 21:45:12,282 INFO o.a.j.t.JMeterThread: Stopping because end time detected by thread: Thread Group 1-25
2020-04-30 21:45:12,282 INFO o.a.j.t.JMeterThread: Thread finished: Thread Group 1-25
2020-04-30 21:45:12,285 INFO o.a.j.t.JMeterThread: Stopping because end time detected by thread: Thread Group 1-27
2020-04-30 21:45:12,285 INFO o.a.j.t.JMeterThread: Thread finished: Thread Group 1-27
2020-04-30 21:45:12,312 INFO o.a.j.t.JMeterThread: Stopping because end time detected by thread: Thread Group 1-23
2020-04-30 21:45:12,312 INFO o.a.j.t.JMeterThread: Thread finished: Thread Group 1-23
2020-04-30 21:45:12,346 INFO o.a.j.t.JMeterThread: Stopping because end time detected by thread: Thread Group 1-32
2020-04-30 21:45:12,346 INFO o.a.j.t.JMeterThread: Thread finished: Thread Group 1-32
2020-04-30 21:45:12,355 INFO o.a.j.t.JMeterThread: Stopping because end time detected by thread: Thread Group 1-9
2020-04-30 21:45:12,355 INFO o.a.j.t.JMeterThread: Thread finished: Thread Group 1-9
2020-04-30 21:45:12,356 INFO o.a.j.t.JMeterThread: Stopping because end time detected by thread: Thread Group 1-1
2020-04-30 21:45:12,357 INFO o.a.j.t.JMeterThread: Thread finished: Thread Group 1-1
2020-04-30 21:45:12,357 INFO o.a.j.t.JMeterThread: Stopping because end time detected by thread: Thread Group 1-40
2020-04-30 21:45:12,357 INFO o.a.j.t.JMeterThread: Thread finished: Thread Group 1-40
2020-04-30 21:45:12,361 INFO o.a.j.t.JMeterThread: Stopping because end time detected by thread: Thread Group 1-14
2020-04-30 21:45:12,361 INFO o.a.j.t.JMeterThread: Thread finished: Thread Group 1-14
2020-04-30 21:45:12,362 INFO o.a.j.t.JMeterThread: Stopping because end time detected by thread: Thread Group 1-30
2020-04-30 21:45:12,361 INFO o.a.j.t.JMeterThread: Stopping because end time detected by thread: Thread Group 1-11
2020-04-30 21:45:12,362 INFO o.a.j.t.JMeterThread: Thread finished: Thread Group 1-11
2020-04-30 21:45:12,362 INFO o.a.j.t.JMeterThread: Thread finished: Thread Group 1-30
2020-04-30 21:45:12,364 INFO o.a.j.t.JMeterThread: Stopping because end time detected by thread: Thread Group 1-34
2020-04-30 21:45:12,365 INFO o.a.j.t.JMeterThread: Thread finished: Thread Group 1-34
2020-04-30 21:45:12,366 INFO o.a.j.t.JMeterThread: Stopping because end time detected by thread: Thread Group 1-37
2020-04-30 21:45:12,366 INFO o.a.j.t.JMeterThread: Thread finished: Thread Group 1-37
2020-04-30 21:45:12,368 INFO o.a.j.t.JMeterThread: Stopping because end time detected by thread: Thread Group 1-15
2020-04-30 21:45:12,368 INFO o.a.j.t.JMeterThread: Stopping because end time detected by thread: Thread Group 1-4
2020-04-30 21:45:12,368 INFO o.a.j.t.JMeterThread: Thread finished: Thread Group 1-15
2020-04-30 21:45:12,370 INFO o.a.j.t.JMeterThread: Stopping because end time detected by thread: Thread Group 1-2
2020-04-30 21:45:12,370 INFO o.a.j.t.JMeterThread: Thread finished: Thread Group 1-2
2020-04-30 21:45:12,370 INFO o.a.j.t.JMeterThread: Stopping because end time detected by thread: Thread Group 1-38
2020-04-30 21:45:12,371 INFO o.a.j.t.JMeterThread: Thread finished: Thread Group 1-38
2020-04-30 21:45:12,372 INFO o.a.j.t.JMeterThread: Thread finished: Thread Group 1-4
2020-04-30 21:45:12,373 INFO o.a.j.t.JMeterThread: Stopping because end time detected by thread: Thread Group 1-26
2020-04-30 21:45:12,373 INFO o.a.j.t.JMeterThread: Thread finished: Thread Group 1-26
2020-04-30 21:45:12,374 INFO o.a.j.t.JMeterThread: Stopping because end time detected by thread: Thread Group 1-10
2020-04-30 21:45:12,374 INFO o.a.j.t.JMeterThread: Thread finished: Thread Group 1-10
2020-04-30 21:45:12,374 INFO o.a.j.t.JMeterThread: Stopping because end time detected by thread: Thread Group 1-24
2020-04-30 21:45:12,375 INFO o.a.j.t.JMeterThread: Thread finished: Thread Group 1-24
2020-04-30 21:45:12,380 INFO o.a.j.t.JMeterThread: Stopping because end time detected by thread: Thread Group 1-33
2020-04-30 21:45:12,381 INFO o.a.j.t.JMeterThread: Thread finished: Thread Group 1-33
2020-04-30 21:45:12,385 INFO o.a.j.t.JMeterThread: Stopping because end time detected by thread: Thread Group 1-7
2020-04-30 21:45:12,385 INFO o.a.j.t.JMeterThread: Thread finished: Thread Group 1-7
2020-04-30 21:45:12,386 INFO o.a.j.e.StandardJMeterEngine: Notifying test listeners of end of test
2020-04-30 21:45:12,387 INFO o.a.j.r.Summariser: summary +   1709 in 00:00:12 =  138.0/s Avg:   290 Min:    19 Max:  1549 Err:     0 (0.00%) Active: 0 Started: 40 Finished: 40
2020-04-30 21:45:12,388 INFO o.a.j.r.Summariser: summary =  90352 in 00:10:16 =  146.8/s Avg:   268 Min:    18 Max:  3301 Err:     0 (0.00%)
