2020-04-10 11:29:11,737 INFO o.a.j.u.JMeterUtils: Setting Locale to en_US
2020-04-10 11:29:11,768 INFO o.a.j.JMeter: Loading user properties from: /home/pablo/jmeter/bin/user.properties
2020-04-10 11:29:11,769 INFO o.a.j.JMeter: Loading system properties from: /home/pablo/jmeter/bin/system.properties
2020-04-10 11:29:11,770 INFO o.a.j.JMeter: Setting System property: HILOS1=87
2020-04-10 11:29:11,770 INFO o.a.j.JMeter: Setting System property: DELAY1=0
2020-04-10 11:29:11,770 INFO o.a.j.JMeter: Setting System property: SUBIDA1=34
2020-04-10 11:29:11,771 INFO o.a.j.JMeter: Setting System property: DURACION1=220
2020-04-10 11:29:11,771 INFO o.a.j.JMeter: Setting System property: HILOS2=86
2020-04-10 11:29:11,771 INFO o.a.j.JMeter: Setting System property: DELAY2=20
2020-04-10 11:29:11,771 INFO o.a.j.JMeter: Setting System property: SUBIDA2=33
2020-04-10 11:29:11,772 INFO o.a.j.JMeter: Setting System property: DURACION2=200
2020-04-10 11:29:11,772 INFO o.a.j.JMeter: Setting System property: HILOS3=86
2020-04-10 11:29:11,772 INFO o.a.j.JMeter: Setting System property: DELAY3=40
2020-04-10 11:29:11,772 INFO o.a.j.JMeter: Setting System property: SUBIDA3=33
2020-04-10 11:29:11,773 INFO o.a.j.JMeter: Setting System property: DURACION3=180
2020-04-10 11:29:11,773 INFO o.a.j.JMeter: Setting System property: FILE=scriptresultsperfmonDin260.jtl
2020-04-10 11:29:11,775 INFO o.a.j.JMeter: Copyright (c) 1998-2019 The Apache Software Foundation
2020-04-10 11:29:11,776 INFO o.a.j.JMeter: Version 5.2.1
2020-04-10 11:29:11,776 INFO o.a.j.JMeter: java.version=1.8.0_201
2020-04-10 11:29:11,776 INFO o.a.j.JMeter: java.vm.name=Java HotSpot(TM) 64-Bit Server VM
2020-04-10 11:29:11,776 INFO o.a.j.JMeter: os.name=Linux
2020-04-10 11:29:11,777 INFO o.a.j.JMeter: os.arch=amd64
2020-04-10 11:29:11,777 INFO o.a.j.JMeter: os.version=4.15.0-91-generic
2020-04-10 11:29:11,777 INFO o.a.j.JMeter: file.encoding=UTF-8
2020-04-10 11:29:11,777 INFO o.a.j.JMeter: java.awt.headless=true
2020-04-10 11:29:11,778 INFO o.a.j.JMeter: Max memory     =732954624
2020-04-10 11:29:11,778 INFO o.a.j.JMeter: Available Processors =4
