2020-04-06 19:40:16,072 INFO o.a.j.u.JMeterUtils: Setting Locale to en_US
2020-04-06 19:40:16,106 INFO o.a.j.JMeter: Loading user properties from: /home/pablo/jmeter/bin/user.properties
2020-04-06 19:40:16,107 INFO o.a.j.JMeter: Loading system properties from: /home/pablo/jmeter/bin/system.properties
2020-04-06 19:40:16,108 INFO o.a.j.JMeter: Setting System property: HILOS1=60
2020-04-06 19:40:16,109 INFO o.a.j.JMeter: Setting System property: DELAY1=0
2020-04-06 19:40:16,109 INFO o.a.j.JMeter: Setting System property: SUBIDA1=20
2020-04-06 19:40:16,109 INFO o.a.j.JMeter: Setting System property: DURACION1=190
2020-04-06 19:40:16,110 INFO o.a.j.JMeter: Setting System property: HILOS2=60
2020-04-06 19:40:16,110 INFO o.a.j.JMeter: Setting System property: DELAY2=20
2020-04-06 19:40:16,110 INFO o.a.j.JMeter: Setting System property: SUBIDA2=20
2020-04-06 19:40:16,110 INFO o.a.j.JMeter: Setting System property: DURACION2=170
2020-04-06 19:40:16,111 INFO o.a.j.JMeter: Setting System property: HILOS3=60
2020-04-06 19:40:16,111 INFO o.a.j.JMeter: Setting System property: DELAY3=40
2020-04-06 19:40:16,111 INFO o.a.j.JMeter: Setting System property: SUBIDA3=20
2020-04-06 19:40:16,111 INFO o.a.j.JMeter: Setting System property: DURACION3=150
2020-04-06 19:40:16,112 INFO o.a.j.JMeter: Setting System property: FILE=scriptresultsperfmonDin180.jtl
2020-04-06 19:40:16,115 INFO o.a.j.JMeter: Copyright (c) 1998-2019 The Apache Software Foundation
2020-04-06 19:40:16,116 INFO o.a.j.JMeter: Version 5.2.1
2020-04-06 19:40:16,116 INFO o.a.j.JMeter: java.version=1.8.0_201
2020-04-06 19:40:16,116 INFO o.a.j.JMeter: java.vm.name=Java HotSpot(TM) 64-Bit Server VM
2020-04-06 19:40:16,116 INFO o.a.j.JMeter: os.name=Linux
2020-04-06 19:40:16,117 INFO o.a.j.JMeter: os.arch=amd64
2020-04-06 19:40:16,117 INFO o.a.j.JMeter: os.version=4.15.0-91-generic
2020-04-06 19:40:16,117 INFO o.a.j.JMeter: file.encoding=UTF-8
2020-04-06 19:40:16,117 INFO o.a.j.JMeter: java.awt.headless=true
2020-04-06 19:40:16,118 INFO o.a.j.JMeter: Max memory     =732954624
2020-04-06 19:40:16,118 INFO o.a.j.JMeter: Available Processors =4
2020-04-06 19:40:16,126 INFO o.a.j.JMeter: Default Locale=English (United States)
2020-04-06 19:40:16,127 INFO o.a.j.JMeter: JMeter  Locale=English (United States)
2020-04-06 19:40:16,127 INFO o.a.j.JMeter: JMeterHome=/home/pablo/jmeter
2020-04-06 19:40:16,127 INFO o.a.j.JMeter: user.dir  =/home/pablo/jmeter/bin/EJECUCIONES/P2
2020-04-06 19:40:16,128 INFO o.a.j.JMeter: PWD       =/home/pablo/jmeter/bin/EJECUCIONES/P2
2020-04-06 19:40:16,128 INFO o.a.j.JMeter: IP: 127.0.1.1 Name: hylianpablo FullName: hylianpablo
2020-04-06 19:40:16,138 INFO o.a.j.s.FileServer: Default base='/home/pablo/jmeter/bin/EJECUCIONES/P2'
2020-04-06 19:40:16,149 INFO o.a.j.s.FileServer: Set new base='/home/pablo/jmeter/bin/EJECUCIONES/P2/../..'
2020-04-06 19:40:16,462 INFO o.a.j.s.SaveService: Testplan (JMX) version: 2.2. Testlog (JTL) version: 2.2
2020-04-06 19:40:16,481 INFO o.a.j.s.SaveService: Using SaveService properties file encoding UTF-8
2020-04-06 19:40:16,494 INFO o.a.j.s.SaveService: Using SaveService properties version 5.0
2020-04-06 19:40:16,515 INFO o.a.j.s.SaveService: Loading file: ../../Dinamica.jmx
2020-04-06 19:40:16,697 INFO o.a.j.p.h.s.HTTPSamplerBase: Parser for text/html is org.apache.jmeter.protocol.http.parser.LagartoBasedHtmlParser
2020-04-06 19:40:16,697 INFO o.a.j.p.h.s.HTTPSamplerBase: Parser for application/xhtml+xml is org.apache.jmeter.protocol.http.parser.LagartoBasedHtmlParser
2020-04-06 19:40:16,698 INFO o.a.j.p.h.s.HTTPSamplerBase: Parser for application/xml is org.apache.jmeter.protocol.http.parser.LagartoBasedHtmlParser
2020-04-06 19:40:16,698 INFO o.a.j.p.h.s.HTTPSamplerBase: Parser for text/xml is org.apache.jmeter.protocol.http.parser.LagartoBasedHtmlParser
2020-04-06 19:40:16,698 INFO o.a.j.p.h.s.HTTPSamplerBase: Parser for text/vnd.wap.wml is org.apache.jmeter.protocol.http.parser.RegexpHTMLParser
2020-04-06 19:40:16,699 INFO o.a.j.p.h.s.HTTPSamplerBase: Parser for text/css is org.apache.jmeter.protocol.http.parser.CssParser
2020-04-06 19:40:16,732 INFO o.a.j.JMeter: Creating summariser <summary>
2020-04-06 19:40:16,751 INFO o.a.j.e.StandardJMeterEngine: Running the test!
2020-04-06 19:40:16,755 INFO o.a.j.s.SampleEvent: List of sample_variables: []
2020-04-06 19:40:16,755 INFO o.a.j.s.SampleEvent: List of sample_variables: []
2020-04-06 19:40:16,768 INFO o.a.j.e.u.CompoundVariable: Note: Function class names must contain the string: '.functions.'
2020-04-06 19:40:16,768 INFO o.a.j.e.u.CompoundVariable: Note: Function class names must not contain the string: '.gui.'
2020-04-06 19:40:17,694 INFO o.a.j.JMeter: Running test (1586194817694)
2020-04-06 19:40:17,802 INFO o.a.j.e.StandardJMeterEngine: Starting ThreadGroup: 1 : jp@gc - Ultimate Thread Group
2020-04-06 19:40:17,803 INFO o.a.j.e.StandardJMeterEngine: Starting 180 threads for group jp@gc - Ultimate Thread Group.
2020-04-06 19:40:17,804 INFO o.a.j.e.StandardJMeterEngine: Thread will continue on error
2020-04-06 19:40:17,804 INFO k.a.j.t.AbstractSimpleThreadGroup: Starting thread group number 1 threads 180
2020-04-06 19:40:18,004 INFO k.a.j.t.AbstractSimpleThreadGroup: Started thread group number 1
2020-04-06 19:40:18,004 INFO o.a.j.e.StandardJMeterEngine: All thread groups have been started
2020-04-06 19:40:18,139 INFO o.a.j.t.JMeterThread: Thread started: jp@gc - Ultimate Thread Group 1-60
2020-04-06 19:40:18,189 INFO o.a.j.p.h.s.HTTPHCAbstractImpl: Local host = hylianpablo
2020-04-06 19:40:18,205 INFO o.a.j.p.h.s.HTTPHC4Impl: HTTP request retry count = 0
2020-04-06 19:40:18,210 INFO o.a.j.s.SampleResult: Note: Sample TimeStamps are START times
2020-04-06 19:40:18,210 INFO o.a.j.s.SampleResult: sampleresult.default.encoding is set to ISO-8859-1
2020-04-06 19:40:18,210 INFO o.a.j.s.SampleResult: sampleresult.useNanoTime=true
2020-04-06 19:40:18,210 INFO o.a.j.s.SampleResult: sampleresult.nanoThreadSleep=5000
2020-04-06 19:40:18,471 INFO o.a.j.t.JMeterThread: Thread started: jp@gc - Ultimate Thread Group 1-59
2020-04-06 19:40:18,806 INFO o.a.j.t.JMeterThread: Thread started: jp@gc - Ultimate Thread Group 1-58
2020-04-06 19:40:19,139 INFO o.a.j.t.JMeterThread: Thread started: jp@gc - Ultimate Thread Group 1-57
2020-04-06 19:40:19,472 INFO o.a.j.t.JMeterThread: Thread started: jp@gc - Ultimate Thread Group 1-56
2020-04-06 19:40:19,758 INFO o.a.j.u.JsseSSLManager: Using default SSL protocol: TLS
2020-04-06 19:40:19,758 INFO o.a.j.u.JsseSSLManager: SSL session context: per-thread
2020-04-06 19:40:19,806 INFO o.a.j.t.JMeterThread: Thread started: jp@gc - Ultimate Thread Group 1-55
2020-04-06 19:40:20,138 INFO o.a.j.t.JMeterThread: Thread started: jp@gc - Ultimate Thread Group 1-54
2020-04-06 19:40:20,472 INFO o.a.j.t.JMeterThread: Thread started: jp@gc - Ultimate Thread Group 1-53
2020-04-06 19:40:20,806 INFO o.a.j.t.JMeterThread: Thread started: jp@gc - Ultimate Thread Group 1-52
2020-04-06 19:40:21,138 INFO o.a.j.t.JMeterThread: Thread started: jp@gc - Ultimate Thread Group 1-51
2020-04-06 19:40:21,471 INFO o.a.j.t.JMeterThread: Thread started: jp@gc - Ultimate Thread Group 1-50
2020-04-06 19:40:21,805 INFO o.a.j.t.JMeterThread: Thread started: jp@gc - Ultimate Thread Group 1-49
2020-04-06 19:40:22,138 INFO o.a.j.t.JMeterThread: Thread started: jp@gc - Ultimate Thread Group 1-48
2020-04-06 19:40:22,472 INFO o.a.j.t.JMeterThread: Thread started: jp@gc - Ultimate Thread Group 1-47
2020-04-06 19:40:22,806 INFO o.a.j.t.JMeterThread: Thread started: jp@gc - Ultimate Thread Group 1-46
2020-04-06 19:40:23,139 INFO o.a.j.t.JMeterThread: Thread started: jp@gc - Ultimate Thread Group 1-45
2020-04-06 19:40:23,472 INFO o.a.j.t.JMeterThread: Thread started: jp@gc - Ultimate Thread Group 1-44
2020-04-06 19:40:23,805 INFO o.a.j.t.JMeterThread: Thread started: jp@gc - Ultimate Thread Group 1-43
2020-04-06 19:40:24,139 INFO o.a.j.t.JMeterThread: Thread started: jp@gc - Ultimate Thread Group 1-42
2020-04-06 19:40:24,472 INFO o.a.j.t.JMeterThread: Thread started: jp@gc - Ultimate Thread Group 1-41
2020-04-06 19:40:24,806 INFO o.a.j.t.JMeterThread: Thread started: jp@gc - Ultimate Thread Group 1-40
2020-04-06 19:40:25,139 INFO o.a.j.t.JMeterThread: Thread started: jp@gc - Ultimate Thread Group 1-39
2020-04-06 19:40:25,471 INFO o.a.j.t.JMeterThread: Thread started: jp@gc - Ultimate Thread Group 1-38
2020-04-06 19:40:25,805 INFO o.a.j.t.JMeterThread: Thread started: jp@gc - Ultimate Thread Group 1-37
2020-04-06 19:40:26,139 INFO o.a.j.t.JMeterThread: Thread started: jp@gc - Ultimate Thread Group 1-36
2020-04-06 19:40:26,471 INFO o.a.j.t.JMeterThread: Thread started: jp@gc - Ultimate Thread Group 1-35
2020-04-06 19:40:26,805 INFO o.a.j.t.JMeterThread: Thread started: jp@gc - Ultimate Thread Group 1-34
2020-04-06 19:40:27,139 INFO o.a.j.t.JMeterThread: Thread started: jp@gc - Ultimate Thread Group 1-33
2020-04-06 19:40:27,472 INFO o.a.j.t.JMeterThread: Thread started: jp@gc - Ultimate Thread Group 1-32
2020-04-06 19:40:27,806 INFO o.a.j.t.JMeterThread: Thread started: jp@gc - Ultimate Thread Group 1-31
2020-04-06 19:40:28,138 INFO o.a.j.t.JMeterThread: Thread started: jp@gc - Ultimate Thread Group 1-30
2020-04-06 19:40:28,472 INFO o.a.j.t.JMeterThread: Thread started: jp@gc - Ultimate Thread Group 1-29
2020-04-06 19:40:28,806 INFO o.a.j.t.JMeterThread: Thread started: jp@gc - Ultimate Thread Group 1-28
2020-04-06 19:40:29,138 INFO o.a.j.t.JMeterThread: Thread started: jp@gc - Ultimate Thread Group 1-27
2020-04-06 19:40:29,471 INFO o.a.j.t.JMeterThread: Thread started: jp@gc - Ultimate Thread Group 1-26
2020-04-06 19:40:29,805 INFO o.a.j.t.JMeterThread: Thread started: jp@gc - Ultimate Thread Group 1-25
2020-04-06 19:40:30,139 INFO o.a.j.t.JMeterThread: Thread started: jp@gc - Ultimate Thread Group 1-24
2020-04-06 19:40:30,471 INFO o.a.j.t.JMeterThread: Thread started: jp@gc - Ultimate Thread Group 1-23
2020-04-06 19:40:30,805 INFO o.a.j.t.JMeterThread: Thread started: jp@gc - Ultimate Thread Group 1-22
2020-04-06 19:40:30,932 INFO o.a.j.r.Summariser: summary +     13 in 00:00:13 =    1.0/s Avg:  4998 Min:  1290 Max:  9635 Err:     0 (0.00%) Active: 39 Started: 39 Finished: 0
2020-04-06 19:40:31,138 INFO o.a.j.t.JMeterThread: Thread started: jp@gc - Ultimate Thread Group 1-21
2020-04-06 19:40:31,471 INFO o.a.j.t.JMeterThread: Thread started: jp@gc - Ultimate Thread Group 1-20
2020-04-06 19:40:31,806 INFO o.a.j.t.JMeterThread: Thread started: jp@gc - Ultimate Thread Group 1-19
2020-04-06 19:40:32,138 INFO o.a.j.t.JMeterThread: Thread started: jp@gc - Ultimate Thread Group 1-18
2020-04-06 19:40:32,471 INFO o.a.j.t.JMeterThread: Thread started: jp@gc - Ultimate Thread Group 1-17
2020-04-06 19:40:32,805 INFO o.a.j.t.JMeterThread: Thread started: jp@gc - Ultimate Thread Group 1-16
2020-04-06 19:40:33,139 INFO o.a.j.t.JMeterThread: Thread started: jp@gc - Ultimate Thread Group 1-15
2020-04-06 19:40:33,472 INFO o.a.j.t.JMeterThread: Thread started: jp@gc - Ultimate Thread Group 1-14
2020-04-06 19:40:33,806 INFO o.a.j.t.JMeterThread: Thread started: jp@gc - Ultimate Thread Group 1-13
2020-04-06 19:40:34,139 INFO o.a.j.t.JMeterThread: Thread started: jp@gc - Ultimate Thread Group 1-12
2020-04-06 19:40:34,472 INFO o.a.j.t.JMeterThread: Thread started: jp@gc - Ultimate Thread Group 1-11
2020-04-06 19:40:34,806 INFO o.a.j.t.JMeterThread: Thread started: jp@gc - Ultimate Thread Group 1-10
2020-04-06 19:40:35,138 INFO o.a.j.t.JMeterThread: Thread started: jp@gc - Ultimate Thread Group 1-9
2020-04-06 19:40:35,472 INFO o.a.j.t.JMeterThread: Thread started: jp@gc - Ultimate Thread Group 1-8
2020-04-06 19:40:35,806 INFO o.a.j.t.JMeterThread: Thread started: jp@gc - Ultimate Thread Group 1-7
2020-04-06 19:40:36,138 INFO o.a.j.t.JMeterThread: Thread started: jp@gc - Ultimate Thread Group 1-6
2020-04-06 19:40:36,471 INFO o.a.j.t.JMeterThread: Thread started: jp@gc - Ultimate Thread Group 1-5
2020-04-06 19:40:36,806 INFO o.a.j.t.JMeterThread: Thread started: jp@gc - Ultimate Thread Group 1-4
2020-04-06 19:40:37,138 INFO o.a.j.t.JMeterThread: Thread started: jp@gc - Ultimate Thread Group 1-3
2020-04-06 19:40:37,471 INFO o.a.j.t.JMeterThread: Thread started: jp@gc - Ultimate Thread Group 1-2
2020-04-06 19:40:37,805 INFO o.a.j.t.JMeterThread: Thread started: jp@gc - Ultimate Thread Group 1-1
2020-04-06 19:40:38,138 INFO o.a.j.t.JMeterThread: Thread started: jp@gc - Ultimate Thread Group 1-120
2020-04-06 19:40:38,471 INFO o.a.j.t.JMeterThread: Thread started: jp@gc - Ultimate Thread Group 1-119
2020-04-06 19:40:38,806 INFO o.a.j.t.JMeterThread: Thread started: jp@gc - Ultimate Thread Group 1-118
2020-04-06 19:40:39,138 INFO o.a.j.t.JMeterThread: Thread started: jp@gc - Ultimate Thread Group 1-117
2020-04-06 19:40:39,471 INFO o.a.j.t.JMeterThread: Thread started: jp@gc - Ultimate Thread Group 1-116
2020-04-06 19:40:39,806 INFO o.a.j.t.JMeterThread: Thread started: jp@gc - Ultimate Thread Group 1-115
2020-04-06 19:40:40,139 INFO o.a.j.t.JMeterThread: Thread started: jp@gc - Ultimate Thread Group 1-114
2020-04-06 19:40:40,472 INFO o.a.j.t.JMeterThread: Thread started: jp@gc - Ultimate Thread Group 1-113
2020-04-06 19:40:40,806 INFO o.a.j.t.JMeterThread: Thread started: jp@gc - Ultimate Thread Group 1-112
2020-04-06 19:40:41,139 INFO o.a.j.t.JMeterThread: Thread started: jp@gc - Ultimate Thread Group 1-111
2020-04-06 19:40:41,472 INFO o.a.j.t.JMeterThread: Thread started: jp@gc - Ultimate Thread Group 1-110
2020-04-06 19:40:41,806 INFO o.a.j.t.JMeterThread: Thread started: jp@gc - Ultimate Thread Group 1-109
2020-04-06 19:40:42,139 INFO o.a.j.t.JMeterThread: Thread started: jp@gc - Ultimate Thread Group 1-108
2020-04-06 19:40:42,472 INFO o.a.j.t.JMeterThread: Thread started: jp@gc - Ultimate Thread Group 1-107
2020-04-06 19:40:42,806 INFO o.a.j.t.JMeterThread: Thread started: jp@gc - Ultimate Thread Group 1-106
2020-04-06 19:40:43,139 INFO o.a.j.t.JMeterThread: Thread started: jp@gc - Ultimate Thread Group 1-105
2020-04-06 19:40:43,471 INFO o.a.j.t.JMeterThread: Thread started: jp@gc - Ultimate Thread Group 1-104
2020-04-06 19:40:43,806 INFO o.a.j.t.JMeterThread: Thread started: jp@gc - Ultimate Thread Group 1-103
2020-04-06 19:40:44,139 INFO o.a.j.t.JMeterThread: Thread started: jp@gc - Ultimate Thread Group 1-102
2020-04-06 19:40:44,472 INFO o.a.j.t.JMeterThread: Thread started: jp@gc - Ultimate Thread Group 1-101
2020-04-06 19:40:44,806 INFO o.a.j.t.JMeterThread: Thread started: jp@gc - Ultimate Thread Group 1-100
2020-04-06 19:40:45,138 INFO o.a.j.t.JMeterThread: Thread started: jp@gc - Ultimate Thread Group 1-99
2020-04-06 19:40:45,471 INFO o.a.j.t.JMeterThread: Thread started: jp@gc - Ultimate Thread Group 1-98
2020-04-06 19:40:45,805 INFO o.a.j.t.JMeterThread: Thread started: jp@gc - Ultimate Thread Group 1-97
2020-04-06 19:40:46,139 INFO o.a.j.t.JMeterThread: Thread started: jp@gc - Ultimate Thread Group 1-96
2020-04-06 19:40:46,471 INFO o.a.j.t.JMeterThread: Thread started: jp@gc - Ultimate Thread Group 1-95
2020-04-06 19:40:46,805 INFO o.a.j.t.JMeterThread: Thread started: jp@gc - Ultimate Thread Group 1-94
2020-04-06 19:40:47,138 INFO o.a.j.t.JMeterThread: Thread started: jp@gc - Ultimate Thread Group 1-93
2020-04-06 19:40:47,471 INFO o.a.j.t.JMeterThread: Thread started: jp@gc - Ultimate Thread Group 1-92
2020-04-06 19:40:47,806 INFO o.a.j.t.JMeterThread: Thread started: jp@gc - Ultimate Thread Group 1-91
2020-04-06 19:40:48,138 INFO o.a.j.t.JMeterThread: Thread started: jp@gc - Ultimate Thread Group 1-90
2020-04-06 19:40:48,471 INFO o.a.j.t.JMeterThread: Thread started: jp@gc - Ultimate Thread Group 1-89
2020-04-06 19:40:48,805 INFO o.a.j.t.JMeterThread: Thread started: jp@gc - Ultimate Thread Group 1-88
2020-04-06 19:40:49,139 INFO o.a.j.t.JMeterThread: Thread started: jp@gc - Ultimate Thread Group 1-87
2020-04-06 19:40:49,472 INFO o.a.j.t.JMeterThread: Thread started: jp@gc - Ultimate Thread Group 1-86
2020-04-06 19:40:49,806 INFO o.a.j.t.JMeterThread: Thread started: jp@gc - Ultimate Thread Group 1-85
2020-04-06 19:40:50,139 INFO o.a.j.t.JMeterThread: Thread started: jp@gc - Ultimate Thread Group 1-84
2020-04-06 19:40:50,471 INFO o.a.j.t.JMeterThread: Thread started: jp@gc - Ultimate Thread Group 1-83
2020-04-06 19:40:50,806 INFO o.a.j.t.JMeterThread: Thread started: jp@gc - Ultimate Thread Group 1-82
2020-04-06 19:40:51,138 INFO o.a.j.t.JMeterThread: Thread started: jp@gc - Ultimate Thread Group 1-81
2020-04-06 19:40:51,472 INFO o.a.j.t.JMeterThread: Thread started: jp@gc - Ultimate Thread Group 1-80
2020-04-06 19:40:51,806 INFO o.a.j.t.JMeterThread: Thread started: jp@gc - Ultimate Thread Group 1-79
2020-04-06 19:40:52,138 INFO o.a.j.t.JMeterThread: Thread started: jp@gc - Ultimate Thread Group 1-78
2020-04-06 19:40:52,471 INFO o.a.j.t.JMeterThread: Thread started: jp@gc - Ultimate Thread Group 1-77
2020-04-06 19:40:52,805 INFO o.a.j.t.JMeterThread: Thread started: jp@gc - Ultimate Thread Group 1-76
2020-04-06 19:40:53,139 INFO o.a.j.t.JMeterThread: Thread started: jp@gc - Ultimate Thread Group 1-75
2020-04-06 19:40:53,472 INFO o.a.j.t.JMeterThread: Thread started: jp@gc - Ultimate Thread Group 1-74
2020-04-06 19:40:53,806 INFO o.a.j.t.JMeterThread: Thread started: jp@gc - Ultimate Thread Group 1-73
2020-04-06 19:40:54,139 INFO o.a.j.t.JMeterThread: Thread started: jp@gc - Ultimate Thread Group 1-72
2020-04-06 19:40:54,472 INFO o.a.j.t.JMeterThread: Thread started: jp@gc - Ultimate Thread Group 1-71
2020-04-06 19:40:54,806 INFO o.a.j.t.JMeterThread: Thread started: jp@gc - Ultimate Thread Group 1-70
2020-04-06 19:40:55,139 INFO o.a.j.t.JMeterThread: Thread started: jp@gc - Ultimate Thread Group 1-69
2020-04-06 19:40:55,472 INFO o.a.j.t.JMeterThread: Thread started: jp@gc - Ultimate Thread Group 1-68
2020-04-06 19:40:55,806 INFO o.a.j.t.JMeterThread: Thread started: jp@gc - Ultimate Thread Group 1-67
2020-04-06 19:40:56,138 INFO o.a.j.t.JMeterThread: Thread started: jp@gc - Ultimate Thread Group 1-66
2020-04-06 19:40:56,472 INFO o.a.j.t.JMeterThread: Thread started: jp@gc - Ultimate Thread Group 1-65
2020-04-06 19:40:56,806 INFO o.a.j.t.JMeterThread: Thread started: jp@gc - Ultimate Thread Group 1-64
2020-04-06 19:40:57,138 INFO o.a.j.t.JMeterThread: Thread started: jp@gc - Ultimate Thread Group 1-63
2020-04-06 19:40:57,471 INFO o.a.j.t.JMeterThread: Thread started: jp@gc - Ultimate Thread Group 1-62
2020-04-06 19:40:57,805 INFO o.a.j.t.JMeterThread: Thread started: jp@gc - Ultimate Thread Group 1-61
2020-04-06 19:40:58,138 INFO o.a.j.t.JMeterThread: Thread started: jp@gc - Ultimate Thread Group 1-180
2020-04-06 19:40:58,471 INFO o.a.j.t.JMeterThread: Thread started: jp@gc - Ultimate Thread Group 1-179
2020-04-06 19:40:58,805 INFO o.a.j.t.JMeterThread: Thread started: jp@gc - Ultimate Thread Group 1-178
2020-04-06 19:40:59,139 INFO o.a.j.t.JMeterThread: Thread started: jp@gc - Ultimate Thread Group 1-177
2020-04-06 19:40:59,472 INFO o.a.j.t.JMeterThread: Thread started: jp@gc - Ultimate Thread Group 1-176
2020-04-06 19:40:59,806 INFO o.a.j.t.JMeterThread: Thread started: jp@gc - Ultimate Thread Group 1-175
2020-04-06 19:41:00,138 INFO o.a.j.t.JMeterThread: Thread started: jp@gc - Ultimate Thread Group 1-174
2020-04-06 19:41:00,471 INFO o.a.j.t.JMeterThread: Thread started: jp@gc - Ultimate Thread Group 1-173
2020-04-06 19:41:00,805 INFO o.a.j.t.JMeterThread: Thread started: jp@gc - Ultimate Thread Group 1-172
2020-04-06 19:41:00,927 INFO o.a.j.r.Summariser: summary +     33 in 00:00:30 =    1.1/s Avg: 20493 Min:  9933 Max: 31784 Err:     0 (0.00%) Active: 129 Started: 129 Finished: 0
2020-04-06 19:41:00,928 INFO o.a.j.r.Summariser: summary =     46 in 00:00:43 =    1.1/s Avg: 16114 Min:  1290 Max: 31784 Err:     0 (0.00%)
2020-04-06 19:41:01,138 INFO o.a.j.t.JMeterThread: Thread started: jp@gc - Ultimate Thread Group 1-171
2020-04-06 19:41:01,471 INFO o.a.j.t.JMeterThread: Thread started: jp@gc - Ultimate Thread Group 1-170
2020-04-06 19:41:01,806 INFO o.a.j.t.JMeterThread: Thread started: jp@gc - Ultimate Thread Group 1-169
2020-04-06 19:41:02,139 INFO o.a.j.t.JMeterThread: Thread started: jp@gc - Ultimate Thread Group 1-168
2020-04-06 19:41:02,472 INFO o.a.j.t.JMeterThread: Thread started: jp@gc - Ultimate Thread Group 1-167
2020-04-06 19:41:02,806 INFO o.a.j.t.JMeterThread: Thread started: jp@gc - Ultimate Thread Group 1-166
2020-04-06 19:41:03,139 INFO o.a.j.t.JMeterThread: Thread started: jp@gc - Ultimate Thread Group 1-165
2020-04-06 19:41:03,472 INFO o.a.j.t.JMeterThread: Thread started: jp@gc - Ultimate Thread Group 1-164
2020-04-06 19:41:03,806 INFO o.a.j.t.JMeterThread: Thread started: jp@gc - Ultimate Thread Group 1-163
2020-04-06 19:41:04,139 INFO o.a.j.t.JMeterThread: Thread started: jp@gc - Ultimate Thread Group 1-162
2020-04-06 19:41:04,472 INFO o.a.j.t.JMeterThread: Thread started: jp@gc - Ultimate Thread Group 1-161
2020-04-06 19:41:04,805 INFO o.a.j.t.JMeterThread: Thread started: jp@gc - Ultimate Thread Group 1-160
2020-04-06 19:41:05,139 INFO o.a.j.t.JMeterThread: Thread started: jp@gc - Ultimate Thread Group 1-159
2020-04-06 19:41:05,472 INFO o.a.j.t.JMeterThread: Thread started: jp@gc - Ultimate Thread Group 1-158
2020-04-06 19:41:05,806 INFO o.a.j.t.JMeterThread: Thread started: jp@gc - Ultimate Thread Group 1-157
2020-04-06 19:41:06,139 INFO o.a.j.t.JMeterThread: Thread started: jp@gc - Ultimate Thread Group 1-156
2020-04-06 19:41:06,472 INFO o.a.j.t.JMeterThread: Thread started: jp@gc - Ultimate Thread Group 1-155
2020-04-06 19:41:06,805 INFO o.a.j.t.JMeterThread: Thread started: jp@gc - Ultimate Thread Group 1-154
2020-04-06 19:41:07,138 INFO o.a.j.t.JMeterThread: Thread started: jp@gc - Ultimate Thread Group 1-153
2020-04-06 19:41:07,472 INFO o.a.j.t.JMeterThread: Thread started: jp@gc - Ultimate Thread Group 1-152
2020-04-06 19:41:07,805 INFO o.a.j.t.JMeterThread: Thread started: jp@gc - Ultimate Thread Group 1-151
2020-04-06 19:41:08,139 INFO o.a.j.t.JMeterThread: Thread started: jp@gc - Ultimate Thread Group 1-150
2020-04-06 19:41:08,472 INFO o.a.j.t.JMeterThread: Thread started: jp@gc - Ultimate Thread Group 1-149
2020-04-06 19:41:08,807 INFO o.a.j.t.JMeterThread: Thread started: jp@gc - Ultimate Thread Group 1-148
2020-04-06 19:41:09,138 INFO o.a.j.t.JMeterThread: Thread started: jp@gc - Ultimate Thread Group 1-147
2020-04-06 19:41:09,471 INFO o.a.j.t.JMeterThread: Thread started: jp@gc - Ultimate Thread Group 1-146
2020-04-06 19:41:09,805 INFO o.a.j.t.JMeterThread: Thread started: jp@gc - Ultimate Thread Group 1-145
2020-04-06 19:41:10,138 INFO o.a.j.t.JMeterThread: Thread started: jp@gc - Ultimate Thread Group 1-144
2020-04-06 19:41:10,471 INFO o.a.j.t.JMeterThread: Thread started: jp@gc - Ultimate Thread Group 1-143
2020-04-06 19:41:10,805 INFO o.a.j.t.JMeterThread: Thread started: jp@gc - Ultimate Thread Group 1-142
2020-04-06 19:41:11,139 INFO o.a.j.t.JMeterThread: Thread started: jp@gc - Ultimate Thread Group 1-141
2020-04-06 19:41:11,472 INFO o.a.j.t.JMeterThread: Thread started: jp@gc - Ultimate Thread Group 1-140
2020-04-06 19:41:11,806 INFO o.a.j.t.JMeterThread: Thread started: jp@gc - Ultimate Thread Group 1-139
2020-04-06 19:41:12,139 INFO o.a.j.t.JMeterThread: Thread started: jp@gc - Ultimate Thread Group 1-138
2020-04-06 19:41:12,472 INFO o.a.j.t.JMeterThread: Thread started: jp@gc - Ultimate Thread Group 1-137
2020-04-06 19:41:12,806 INFO o.a.j.t.JMeterThread: Thread started: jp@gc - Ultimate Thread Group 1-136
2020-04-06 19:41:13,139 INFO o.a.j.t.JMeterThread: Thread started: jp@gc - Ultimate Thread Group 1-135
2020-04-06 19:41:13,472 INFO o.a.j.t.JMeterThread: Thread started: jp@gc - Ultimate Thread Group 1-134
2020-04-06 19:41:13,806 INFO o.a.j.t.JMeterThread: Thread started: jp@gc - Ultimate Thread Group 1-133
2020-04-06 19:41:14,139 INFO o.a.j.t.JMeterThread: Thread started: jp@gc - Ultimate Thread Group 1-132
2020-04-06 19:41:14,472 INFO o.a.j.t.JMeterThread: Thread started: jp@gc - Ultimate Thread Group 1-131
2020-04-06 19:41:14,806 INFO o.a.j.t.JMeterThread: Thread started: jp@gc - Ultimate Thread Group 1-130
2020-04-06 19:41:15,139 INFO o.a.j.t.JMeterThread: Thread started: jp@gc - Ultimate Thread Group 1-129
2020-04-06 19:41:15,471 INFO o.a.j.t.JMeterThread: Thread started: jp@gc - Ultimate Thread Group 1-128
2020-04-06 19:41:15,805 INFO o.a.j.t.JMeterThread: Thread started: jp@gc - Ultimate Thread Group 1-127
2020-04-06 19:41:16,138 INFO o.a.j.t.JMeterThread: Thread started: jp@gc - Ultimate Thread Group 1-126
2020-04-06 19:41:16,471 INFO o.a.j.t.JMeterThread: Thread started: jp@gc - Ultimate Thread Group 1-125
2020-04-06 19:41:16,805 INFO o.a.j.t.JMeterThread: Thread started: jp@gc - Ultimate Thread Group 1-124
2020-04-06 19:41:17,138 INFO o.a.j.t.JMeterThread: Thread started: jp@gc - Ultimate Thread Group 1-123
2020-04-06 19:41:17,471 INFO o.a.j.t.JMeterThread: Thread started: jp@gc - Ultimate Thread Group 1-122
2020-04-06 19:41:17,805 INFO o.a.j.t.JMeterThread: Thread started: jp@gc - Ultimate Thread Group 1-121
2020-04-06 19:41:30,223 INFO o.a.j.r.Summariser: summary +     39 in 00:00:29 =    1.3/s Avg: 42477 Min: 32344 Max: 51748 Err:     0 (0.00%) Active: 180 Started: 180 Finished: 0
2020-04-06 19:41:30,224 INFO o.a.j.r.Summariser: summary =     85 in 00:01:13 =    1.2/s Avg: 28210 Min:  1290 Max: 51748 Err:     0 (0.00%)
2020-04-06 19:42:01,024 INFO o.a.j.r.Summariser: summary +     77 in 00:00:31 =    2.5/s Avg: 58321 Min: 50743 Max: 63687 Err:     0 (0.00%) Active: 180 Started: 180 Finished: 0
2020-04-06 19:42:01,026 INFO o.a.j.r.Summariser: summary =    162 in 00:01:43 =    1.6/s Avg: 42522 Min:  1290 Max: 63687 Err:     0 (0.00%)
2020-04-06 19:42:30,107 INFO o.a.j.r.Summariser: summary +     68 in 00:00:29 =    2.3/s Avg: 66375 Min: 61943 Max: 75851 Err:     0 (0.00%) Active: 180 Started: 180 Finished: 0
2020-04-06 19:42:30,108 INFO o.a.j.r.Summariser: summary =    230 in 00:02:12 =    1.7/s Avg: 49574 Min:  1290 Max: 75851 Err:     0 (0.00%)
2020-04-06 19:43:00,110 INFO o.a.j.r.Summariser: summary +     69 in 00:00:30 =    2.3/s Avg: 77085 Min: 71618 Max: 82816 Err:     0 (0.00%) Active: 180 Started: 180 Finished: 0
2020-04-06 19:43:00,111 INFO o.a.j.r.Summariser: summary =    299 in 00:02:42 =    1.8/s Avg: 55923 Min:  1290 Max: 82816 Err:     0 (0.00%)
2020-04-06 19:43:30,808 INFO o.a.j.r.Summariser: summary +     77 in 00:00:31 =    2.5/s Avg: 74034 Min: 70184 Max: 80074 Err:     0 (0.00%) Active: 180 Started: 180 Finished: 0
2020-04-06 19:43:30,808 INFO o.a.j.r.Summariser: summary =    376 in 00:03:13 =    1.9/s Avg: 59632 Min:  1290 Max: 82816 Err:     0 (0.00%)
2020-04-06 19:43:47,845 INFO o.a.j.t.JMeterThread: Stopping because end time detected by thread: jp@gc - Ultimate Thread Group 1-14
2020-04-06 19:43:47,845 INFO o.a.j.t.JMeterThread: Thread finished: jp@gc - Ultimate Thread Group 1-14
2020-04-06 19:43:47,948 INFO o.a.j.t.JMeterThread: Stopping because end time detected by thread: jp@gc - Ultimate Thread Group 1-133
2020-04-06 19:43:47,949 INFO o.a.j.t.JMeterThread: Thread finished: jp@gc - Ultimate Thread Group 1-133
2020-04-06 19:43:49,347 INFO o.a.j.t.JMeterThread: Stopping because end time detected by thread: jp@gc - Ultimate Thread Group 1-129
2020-04-06 19:43:49,347 INFO o.a.j.t.JMeterThread: Thread finished: jp@gc - Ultimate Thread Group 1-129
2020-04-06 19:43:49,428 INFO o.a.j.t.JMeterThread: Stopping because end time detected by thread: jp@gc - Ultimate Thread Group 1-127
2020-04-06 19:43:49,428 INFO o.a.j.t.JMeterThread: Thread finished: jp@gc - Ultimate Thread Group 1-127
2020-04-06 19:43:50,004 INFO o.a.j.t.JMeterThread: Stopping because end time detected by thread: jp@gc - Ultimate Thread Group 1-57
2020-04-06 19:43:50,004 INFO o.a.j.t.JMeterThread: Thread finished: jp@gc - Ultimate Thread Group 1-57
2020-04-06 19:43:50,119 INFO o.a.j.t.JMeterThread: Stopping because end time detected by thread: jp@gc - Ultimate Thread Group 1-128
2020-04-06 19:43:50,120 INFO o.a.j.t.JMeterThread: Thread finished: jp@gc - Ultimate Thread Group 1-128
2020-04-06 19:43:51,118 INFO o.a.j.t.JMeterThread: Stopping because end time detected by thread: jp@gc - Ultimate Thread Group 1-125
2020-04-06 19:43:51,118 INFO o.a.j.t.JMeterThread: Thread finished: jp@gc - Ultimate Thread Group 1-125
2020-04-06 19:43:51,304 INFO o.a.j.t.JMeterThread: Stopping because end time detected by thread: jp@gc - Ultimate Thread Group 1-13
2020-04-06 19:43:51,304 INFO o.a.j.t.JMeterThread: Thread finished: jp@gc - Ultimate Thread Group 1-13
2020-04-06 19:43:51,737 INFO o.a.j.t.JMeterThread: Stopping because end time detected by thread: jp@gc - Ultimate Thread Group 1-48
2020-04-06 19:43:51,737 INFO o.a.j.t.JMeterThread: Thread finished: jp@gc - Ultimate Thread Group 1-48
2020-04-06 19:43:51,832 INFO o.a.j.t.JMeterThread: Stopping because end time detected by thread: jp@gc - Ultimate Thread Group 1-126
2020-04-06 19:43:51,832 INFO o.a.j.t.JMeterThread: Thread finished: jp@gc - Ultimate Thread Group 1-126
2020-04-06 19:43:52,295 INFO o.a.j.t.JMeterThread: Stopping because end time detected by thread: jp@gc - Ultimate Thread Group 1-130
2020-04-06 19:43:52,296 INFO o.a.j.t.JMeterThread: Thread finished: jp@gc - Ultimate Thread Group 1-130
2020-04-06 19:43:53,094 INFO o.a.j.t.JMeterThread: Stopping because end time detected by thread: jp@gc - Ultimate Thread Group 1-11
2020-04-06 19:43:53,095 INFO o.a.j.t.JMeterThread: Thread finished: jp@gc - Ultimate Thread Group 1-11
2020-04-06 19:43:53,144 INFO o.a.j.t.JMeterThread: Stopping because end time detected by thread: jp@gc - Ultimate Thread Group 1-123
2020-04-06 19:43:53,145 INFO o.a.j.t.JMeterThread: Thread finished: jp@gc - Ultimate Thread Group 1-123
2020-04-06 19:43:54,545 INFO o.a.j.t.JMeterThread: Stopping because end time detected by thread: jp@gc - Ultimate Thread Group 1-122
2020-04-06 19:43:54,545 INFO o.a.j.t.JMeterThread: Thread finished: jp@gc - Ultimate Thread Group 1-122
2020-04-06 19:43:54,806 INFO o.a.j.t.JMeterThread: Stopping because end time detected by thread: jp@gc - Ultimate Thread Group 1-9
2020-04-06 19:43:54,806 INFO o.a.j.t.JMeterThread: Thread finished: jp@gc - Ultimate Thread Group 1-9
2020-04-06 19:43:55,269 INFO o.a.j.t.JMeterThread: Stopping because end time detected by thread: jp@gc - Ultimate Thread Group 1-124
2020-04-06 19:43:55,270 INFO o.a.j.t.JMeterThread: Thread finished: jp@gc - Ultimate Thread Group 1-124
2020-04-06 19:43:55,671 INFO o.a.j.t.JMeterThread: Stopping because end time detected by thread: jp@gc - Ultimate Thread Group 1-7
2020-04-06 19:43:55,671 INFO o.a.j.t.JMeterThread: Thread finished: jp@gc - Ultimate Thread Group 1-7
2020-04-06 19:43:55,786 INFO o.a.j.t.JMeterThread: Stopping because end time detected by thread: jp@gc - Ultimate Thread Group 1-120
2020-04-06 19:43:55,787 INFO o.a.j.t.JMeterThread: Thread finished: jp@gc - Ultimate Thread Group 1-120
2020-04-06 19:43:56,200 INFO o.a.j.t.JMeterThread: Stopping because end time detected by thread: jp@gc - Ultimate Thread Group 1-12
2020-04-06 19:43:56,201 INFO o.a.j.t.JMeterThread: Thread finished: jp@gc - Ultimate Thread Group 1-12
2020-04-06 19:43:56,208 INFO o.a.j.t.JMeterThread: Stopping because end time detected by thread: jp@gc - Ultimate Thread Group 1-10
2020-04-06 19:43:56,208 INFO o.a.j.t.JMeterThread: Thread finished: jp@gc - Ultimate Thread Group 1-10
2020-04-06 19:43:56,341 INFO o.a.j.t.JMeterThread: Stopping because end time detected by thread: jp@gc - Ultimate Thread Group 1-8
2020-04-06 19:43:56,342 INFO o.a.j.t.JMeterThread: Thread finished: jp@gc - Ultimate Thread Group 1-8
2020-04-06 19:43:57,096 INFO o.a.j.t.JMeterThread: Stopping because end time detected by thread: jp@gc - Ultimate Thread Group 1-46
2020-04-06 19:43:57,097 INFO o.a.j.t.JMeterThread: Thread finished: jp@gc - Ultimate Thread Group 1-46
2020-04-06 19:43:57,251 INFO o.a.j.t.JMeterThread: Stopping because end time detected by thread: jp@gc - Ultimate Thread Group 1-47
2020-04-06 19:43:57,251 INFO o.a.j.t.JMeterThread: Thread finished: jp@gc - Ultimate Thread Group 1-47
2020-04-06 19:43:57,514 INFO o.a.j.t.JMeterThread: Stopping because end time detected by thread: jp@gc - Ultimate Thread Group 1-4
2020-04-06 19:43:57,514 INFO o.a.j.t.JMeterThread: Thread finished: jp@gc - Ultimate Thread Group 1-4
2020-04-06 19:43:57,970 INFO o.a.j.t.JMeterThread: Stopping because end time detected by thread: jp@gc - Ultimate Thread Group 1-121
2020-04-06 19:43:57,971 INFO o.a.j.t.JMeterThread: Thread finished: jp@gc - Ultimate Thread Group 1-121
2020-04-06 19:43:57,973 INFO o.a.j.t.JMeterThread: Stopping because end time detected by thread: jp@gc - Ultimate Thread Group 1-5
2020-04-06 19:43:57,974 INFO o.a.j.t.JMeterThread: Thread finished: jp@gc - Ultimate Thread Group 1-5
2020-04-06 19:43:58,690 INFO o.a.j.t.JMeterThread: Stopping because end time detected by thread: jp@gc - Ultimate Thread Group 1-3
2020-04-06 19:43:58,690 INFO o.a.j.t.JMeterThread: Thread finished: jp@gc - Ultimate Thread Group 1-3
2020-04-06 19:43:59,124 INFO o.a.j.t.JMeterThread: Stopping because end time detected by thread: jp@gc - Ultimate Thread Group 1-1
2020-04-06 19:43:59,125 INFO o.a.j.t.JMeterThread: Thread finished: jp@gc - Ultimate Thread Group 1-1
2020-04-06 19:43:59,516 INFO o.a.j.t.JMeterThread: Stopping because end time detected by thread: jp@gc - Ultimate Thread Group 1-43
2020-04-06 19:43:59,516 INFO o.a.j.t.JMeterThread: Thread finished: jp@gc - Ultimate Thread Group 1-43
2020-04-06 19:43:59,532 INFO o.a.j.t.JMeterThread: Stopping because end time detected by thread: jp@gc - Ultimate Thread Group 1-118
2020-04-06 19:43:59,532 INFO o.a.j.t.JMeterThread: Thread finished: jp@gc - Ultimate Thread Group 1-118
2020-04-06 19:43:59,853 INFO o.a.j.t.JMeterThread: Stopping because end time detected by thread: jp@gc - Ultimate Thread Group 1-117
2020-04-06 19:43:59,853 INFO o.a.j.t.JMeterThread: Thread finished: jp@gc - Ultimate Thread Group 1-117
2020-04-06 19:43:59,898 INFO o.a.j.t.JMeterThread: Stopping because end time detected by thread: jp@gc - Ultimate Thread Group 1-2
2020-04-06 19:43:59,898 INFO o.a.j.t.JMeterThread: Thread finished: jp@gc - Ultimate Thread Group 1-2
2020-04-06 19:44:01,134 INFO o.a.j.r.Summariser: summary +     67 in 00:00:30 =    2.2/s Avg: 78438 Min: 72844 Max: 83801 Err:     0 (0.00%) Active: 148 Started: 180 Finished: 32
2020-04-06 19:44:01,135 INFO o.a.j.r.Summariser: summary =    443 in 00:03:43 =    2.0/s Avg: 62476 Min:  1290 Max: 83801 Err:     0 (0.00%)
2020-04-06 19:44:01,135 INFO o.a.j.t.JMeterThread: Stopping because end time detected by thread: jp@gc - Ultimate Thread Group 1-44
2020-04-06 19:44:01,135 INFO o.a.j.t.JMeterThread: Thread finished: jp@gc - Ultimate Thread Group 1-44
2020-04-06 19:44:01,307 INFO o.a.j.t.JMeterThread: Stopping because end time detected by thread: jp@gc - Ultimate Thread Group 1-6
2020-04-06 19:44:01,307 INFO o.a.j.t.JMeterThread: Thread finished: jp@gc - Ultimate Thread Group 1-6
2020-04-06 19:44:01,406 INFO o.a.j.t.JMeterThread: Stopping because end time detected by thread: jp@gc - Ultimate Thread Group 1-119
2020-04-06 19:44:01,406 INFO o.a.j.t.JMeterThread: Thread finished: jp@gc - Ultimate Thread Group 1-119
2020-04-06 19:44:01,452 INFO o.a.j.t.JMeterThread: Stopping because end time detected by thread: jp@gc - Ultimate Thread Group 1-115
2020-04-06 19:44:01,452 INFO o.a.j.t.JMeterThread: Thread finished: jp@gc - Ultimate Thread Group 1-115
2020-04-06 19:44:01,985 INFO o.a.j.t.JMeterThread: Stopping because end time detected by thread: jp@gc - Ultimate Thread Group 1-56
2020-04-06 19:44:01,986 INFO o.a.j.t.JMeterThread: Thread finished: jp@gc - Ultimate Thread Group 1-56
2020-04-06 19:44:02,419 INFO o.a.j.t.JMeterThread: Stopping because end time detected by thread: jp@gc - Ultimate Thread Group 1-114
2020-04-06 19:44:02,419 INFO o.a.j.t.JMeterThread: Thread finished: jp@gc - Ultimate Thread Group 1-114
2020-04-06 19:44:02,486 INFO o.a.j.t.JMeterThread: Stopping because end time detected by thread: jp@gc - Ultimate Thread Group 1-112
2020-04-06 19:44:02,486 INFO o.a.j.t.JMeterThread: Thread finished: jp@gc - Ultimate Thread Group 1-112
2020-04-06 19:44:02,488 INFO o.a.j.t.JMeterThread: Stopping because end time detected by thread: jp@gc - Ultimate Thread Group 1-45
2020-04-06 19:44:02,489 INFO o.a.j.t.JMeterThread: Thread finished: jp@gc - Ultimate Thread Group 1-45
2020-04-06 19:44:03,158 INFO o.a.j.t.JMeterThread: Stopping because end time detected by thread: jp@gc - Ultimate Thread Group 1-42
2020-04-06 19:44:03,158 INFO o.a.j.t.JMeterThread: Thread finished: jp@gc - Ultimate Thread Group 1-42
2020-04-06 19:44:03,513 INFO o.a.j.t.JMeterThread: Stopping because end time detected by thread: jp@gc - Ultimate Thread Group 1-59
2020-04-06 19:44:03,513 INFO o.a.j.t.JMeterThread: Thread finished: jp@gc - Ultimate Thread Group 1-59
2020-04-06 19:44:03,771 INFO o.a.j.t.JMeterThread: Stopping because end time detected by thread: jp@gc - Ultimate Thread Group 1-107
2020-04-06 19:44:03,771 INFO o.a.j.t.JMeterThread: Thread finished: jp@gc - Ultimate Thread Group 1-107
2020-04-06 19:44:03,924 INFO o.a.j.t.JMeterThread: Stopping because end time detected by thread: jp@gc - Ultimate Thread Group 1-113
2020-04-06 19:44:03,925 INFO o.a.j.t.JMeterThread: Thread finished: jp@gc - Ultimate Thread Group 1-113
2020-04-06 19:44:04,200 INFO o.a.j.t.JMeterThread: Stopping because end time detected by thread: jp@gc - Ultimate Thread Group 1-110
2020-04-06 19:44:04,201 INFO o.a.j.t.JMeterThread: Thread finished: jp@gc - Ultimate Thread Group 1-110
2020-04-06 19:44:04,756 INFO o.a.j.t.JMeterThread: Stopping because end time detected by thread: jp@gc - Ultimate Thread Group 1-111
2020-04-06 19:44:04,757 INFO o.a.j.t.JMeterThread: Thread finished: jp@gc - Ultimate Thread Group 1-111
2020-04-06 19:44:05,164 INFO o.a.j.t.JMeterThread: Stopping because end time detected by thread: jp@gc - Ultimate Thread Group 1-101
2020-04-06 19:44:05,164 INFO o.a.j.t.JMeterThread: Thread finished: jp@gc - Ultimate Thread Group 1-101
2020-04-06 19:44:05,570 INFO o.a.j.t.JMeterThread: Stopping because end time detected by thread: jp@gc - Ultimate Thread Group 1-40
2020-04-06 19:44:05,570 INFO o.a.j.t.JMeterThread: Thread finished: jp@gc - Ultimate Thread Group 1-40
2020-04-06 19:44:05,664 INFO o.a.j.t.JMeterThread: Stopping because end time detected by thread: jp@gc - Ultimate Thread Group 1-106
2020-04-06 19:44:05,664 INFO o.a.j.t.JMeterThread: Thread finished: jp@gc - Ultimate Thread Group 1-106
2020-04-06 19:44:06,049 INFO o.a.j.t.JMeterThread: Stopping because end time detected by thread: jp@gc - Ultimate Thread Group 1-109
2020-04-06 19:44:06,049 INFO o.a.j.t.JMeterThread: Thread finished: jp@gc - Ultimate Thread Group 1-109
2020-04-06 19:44:06,116 INFO o.a.j.t.JMeterThread: Stopping because end time detected by thread: jp@gc - Ultimate Thread Group 1-116
2020-04-06 19:44:06,116 INFO o.a.j.t.JMeterThread: Thread finished: jp@gc - Ultimate Thread Group 1-116
2020-04-06 19:44:06,207 INFO o.a.j.t.JMeterThread: Stopping because end time detected by thread: jp@gc - Ultimate Thread Group 1-105
2020-04-06 19:44:06,207 INFO o.a.j.t.JMeterThread: Thread finished: jp@gc - Ultimate Thread Group 1-105
2020-04-06 19:44:06,265 INFO o.a.j.t.JMeterThread: Stopping because end time detected by thread: jp@gc - Ultimate Thread Group 1-41
2020-04-06 19:44:06,265 INFO o.a.j.t.JMeterThread: Thread finished: jp@gc - Ultimate Thread Group 1-41
2020-04-06 19:44:06,530 INFO o.a.j.t.JMeterThread: Stopping because end time detected by thread: jp@gc - Ultimate Thread Group 1-39
2020-04-06 19:44:06,530 INFO o.a.j.t.JMeterThread: Thread finished: jp@gc - Ultimate Thread Group 1-39
2020-04-06 19:44:07,001 INFO o.a.j.t.JMeterThread: Stopping because end time detected by thread: jp@gc - Ultimate Thread Group 1-103
2020-04-06 19:44:07,001 INFO o.a.j.t.JMeterThread: Thread finished: jp@gc - Ultimate Thread Group 1-103
2020-04-06 19:44:07,259 INFO o.a.j.t.JMeterThread: Stopping because end time detected by thread: jp@gc - Ultimate Thread Group 1-100
2020-04-06 19:44:07,260 INFO o.a.j.t.JMeterThread: Thread finished: jp@gc - Ultimate Thread Group 1-100
2020-04-06 19:44:07,400 INFO o.a.j.t.JMeterThread: Stopping because end time detected by thread: jp@gc - Ultimate Thread Group 1-98
2020-04-06 19:44:07,400 INFO o.a.j.t.JMeterThread: Thread finished: jp@gc - Ultimate Thread Group 1-98
2020-04-06 19:44:07,659 INFO o.a.j.t.JMeterThread: Stopping because end time detected by thread: jp@gc - Ultimate Thread Group 1-104
2020-04-06 19:44:07,659 INFO o.a.j.t.JMeterThread: Thread finished: jp@gc - Ultimate Thread Group 1-104
2020-04-06 19:44:08,206 INFO o.a.j.t.JMeterThread: Stopping because end time detected by thread: jp@gc - Ultimate Thread Group 1-108
2020-04-06 19:44:08,206 INFO o.a.j.t.JMeterThread: Thread finished: jp@gc - Ultimate Thread Group 1-108
2020-04-06 19:44:08,437 INFO o.a.j.t.JMeterThread: Stopping because end time detected by thread: jp@gc - Ultimate Thread Group 1-38
2020-04-06 19:44:08,438 INFO o.a.j.t.JMeterThread: Thread finished: jp@gc - Ultimate Thread Group 1-38
2020-04-06 19:44:08,439 INFO o.a.j.t.JMeterThread: Stopping because end time detected by thread: jp@gc - Ultimate Thread Group 1-102
2020-04-06 19:44:08,440 INFO o.a.j.t.JMeterThread: Thread finished: jp@gc - Ultimate Thread Group 1-102
2020-04-06 19:44:08,721 INFO o.a.j.t.JMeterThread: Stopping because end time detected by thread: jp@gc - Ultimate Thread Group 1-95
2020-04-06 19:44:08,722 INFO o.a.j.t.JMeterThread: Thread finished: jp@gc - Ultimate Thread Group 1-95
2020-04-06 19:44:08,856 INFO o.a.j.t.JMeterThread: Stopping because end time detected by thread: jp@gc - Ultimate Thread Group 1-88
2020-04-06 19:44:08,856 INFO o.a.j.t.JMeterThread: Thread finished: jp@gc - Ultimate Thread Group 1-88
2020-04-06 19:44:08,858 INFO o.a.j.t.JMeterThread: Stopping because end time detected by thread: jp@gc - Ultimate Thread Group 1-99
2020-04-06 19:44:08,859 INFO o.a.j.t.JMeterThread: Thread finished: jp@gc - Ultimate Thread Group 1-99
2020-04-06 19:44:08,942 INFO o.a.j.t.JMeterThread: Stopping because end time detected by thread: jp@gc - Ultimate Thread Group 1-97
2020-04-06 19:44:08,942 INFO o.a.j.t.JMeterThread: Thread finished: jp@gc - Ultimate Thread Group 1-97
2020-04-06 19:44:09,274 INFO o.a.j.t.JMeterThread: Stopping because end time detected by thread: jp@gc - Ultimate Thread Group 1-60
2020-04-06 19:44:09,275 INFO o.a.j.t.JMeterThread: Thread finished: jp@gc - Ultimate Thread Group 1-60
2020-04-06 19:44:09,530 INFO o.a.j.t.JMeterThread: Stopping because end time detected by thread: jp@gc - Ultimate Thread Group 1-94
2020-04-06 19:44:09,531 INFO o.a.j.t.JMeterThread: Thread finished: jp@gc - Ultimate Thread Group 1-94
2020-04-06 19:44:09,632 INFO o.a.j.t.JMeterThread: Stopping because end time detected by thread: jp@gc - Ultimate Thread Group 1-92
2020-04-06 19:44:09,633 INFO o.a.j.t.JMeterThread: Thread finished: jp@gc - Ultimate Thread Group 1-92
2020-04-06 19:44:10,402 INFO o.a.j.t.JMeterThread: Stopping because end time detected by thread: jp@gc - Ultimate Thread Group 1-37
2020-04-06 19:44:10,402 INFO o.a.j.t.JMeterThread: Thread finished: jp@gc - Ultimate Thread Group 1-37
2020-04-06 19:44:10,460 INFO o.a.j.t.JMeterThread: Stopping because end time detected by thread: jp@gc - Ultimate Thread Group 1-96
2020-04-06 19:44:10,460 INFO o.a.j.t.JMeterThread: Thread finished: jp@gc - Ultimate Thread Group 1-96
2020-04-06 19:44:10,519 INFO o.a.j.t.JMeterThread: Stopping because end time detected by thread: jp@gc - Ultimate Thread Group 1-93
2020-04-06 19:44:10,519 INFO o.a.j.t.JMeterThread: Thread finished: jp@gc - Ultimate Thread Group 1-93
2020-04-06 19:44:11,061 INFO o.a.j.t.JMeterThread: Stopping because end time detected by thread: jp@gc - Ultimate Thread Group 1-89
2020-04-06 19:44:11,061 INFO o.a.j.t.JMeterThread: Thread finished: jp@gc - Ultimate Thread Group 1-89
2020-04-06 19:44:11,157 INFO o.a.j.t.JMeterThread: Stopping because end time detected by thread: jp@gc - Ultimate Thread Group 1-54
2020-04-06 19:44:11,157 INFO o.a.j.t.JMeterThread: Thread finished: jp@gc - Ultimate Thread Group 1-54
2020-04-06 19:44:11,330 INFO o.a.j.t.JMeterThread: Stopping because end time detected by thread: jp@gc - Ultimate Thread Group 1-90
2020-04-06 19:44:11,330 INFO o.a.j.t.JMeterThread: Thread finished: jp@gc - Ultimate Thread Group 1-90
2020-04-06 19:44:11,520 INFO o.a.j.t.JMeterThread: Stopping because end time detected by thread: jp@gc - Ultimate Thread Group 1-83
2020-04-06 19:44:11,520 INFO o.a.j.t.JMeterThread: Thread finished: jp@gc - Ultimate Thread Group 1-83
2020-04-06 19:44:11,894 INFO o.a.j.t.JMeterThread: Stopping because end time detected by thread: jp@gc - Ultimate Thread Group 1-36
2020-04-06 19:44:11,894 INFO o.a.j.t.JMeterThread: Thread finished: jp@gc - Ultimate Thread Group 1-36
2020-04-06 19:44:11,977 INFO o.a.j.t.JMeterThread: Stopping because end time detected by thread: jp@gc - Ultimate Thread Group 1-85
2020-04-06 19:44:11,978 INFO o.a.j.t.JMeterThread: Thread finished: jp@gc - Ultimate Thread Group 1-85
2020-04-06 19:44:12,157 INFO o.a.j.t.JMeterThread: Stopping because end time detected by thread: jp@gc - Ultimate Thread Group 1-55
2020-04-06 19:44:12,158 INFO o.a.j.t.JMeterThread: Thread finished: jp@gc - Ultimate Thread Group 1-55
2020-04-06 19:44:12,390 INFO o.a.j.t.JMeterThread: Stopping because end time detected by thread: jp@gc - Ultimate Thread Group 1-86
2020-04-06 19:44:12,390 INFO o.a.j.t.JMeterThread: Stopping because end time detected by thread: jp@gc - Ultimate Thread Group 1-79
2020-04-06 19:44:12,391 INFO o.a.j.t.JMeterThread: Thread finished: jp@gc - Ultimate Thread Group 1-86
2020-04-06 19:44:12,391 INFO o.a.j.t.JMeterThread: Thread finished: jp@gc - Ultimate Thread Group 1-79
2020-04-06 19:44:12,512 INFO o.a.j.t.JMeterThread: Stopping because end time detected by thread: jp@gc - Ultimate Thread Group 1-53
2020-04-06 19:44:12,512 INFO o.a.j.t.JMeterThread: Thread finished: jp@gc - Ultimate Thread Group 1-53
2020-04-06 19:44:12,697 INFO o.a.j.t.JMeterThread: Stopping because end time detected by thread: jp@gc - Ultimate Thread Group 1-91
2020-04-06 19:44:12,697 INFO o.a.j.t.JMeterThread: Thread finished: jp@gc - Ultimate Thread Group 1-91
2020-04-06 19:44:13,194 INFO o.a.j.t.JMeterThread: Stopping because end time detected by thread: jp@gc - Ultimate Thread Group 1-35
2020-04-06 19:44:13,195 INFO o.a.j.t.JMeterThread: Stopping because end time detected by thread: jp@gc - Ultimate Thread Group 1-33
2020-04-06 19:44:13,195 INFO o.a.j.t.JMeterThread: Thread finished: jp@gc - Ultimate Thread Group 1-35
2020-04-06 19:44:13,195 INFO o.a.j.t.JMeterThread: Thread finished: jp@gc - Ultimate Thread Group 1-33
2020-04-06 19:44:13,525 INFO o.a.j.t.JMeterThread: Stopping because end time detected by thread: jp@gc - Ultimate Thread Group 1-71
2020-04-06 19:44:13,526 INFO o.a.j.t.JMeterThread: Thread finished: jp@gc - Ultimate Thread Group 1-71
2020-04-06 19:44:13,617 INFO o.a.j.t.JMeterThread: Stopping because end time detected by thread: jp@gc - Ultimate Thread Group 1-34
2020-04-06 19:44:13,617 INFO o.a.j.t.JMeterThread: Thread finished: jp@gc - Ultimate Thread Group 1-34
2020-04-06 19:44:13,656 INFO o.a.j.t.JMeterThread: Stopping because end time detected by thread: jp@gc - Ultimate Thread Group 1-84
2020-04-06 19:44:13,657 INFO o.a.j.t.JMeterThread: Thread finished: jp@gc - Ultimate Thread Group 1-84
2020-04-06 19:44:13,691 INFO o.a.j.t.JMeterThread: Stopping because end time detected by thread: jp@gc - Ultimate Thread Group 1-81
2020-04-06 19:44:13,691 INFO o.a.j.t.JMeterThread: Thread finished: jp@gc - Ultimate Thread Group 1-81
2020-04-06 19:44:13,694 INFO o.a.j.t.JMeterThread: Stopping because end time detected by thread: jp@gc - Ultimate Thread Group 1-82
2020-04-06 19:44:13,695 INFO o.a.j.t.JMeterThread: Thread finished: jp@gc - Ultimate Thread Group 1-82
2020-04-06 19:44:13,934 INFO o.a.j.t.JMeterThread: Stopping because end time detected by thread: jp@gc - Ultimate Thread Group 1-76
2020-04-06 19:44:13,934 INFO o.a.j.t.JMeterThread: Thread finished: jp@gc - Ultimate Thread Group 1-76
2020-04-06 19:44:14,113 INFO o.a.j.t.JMeterThread: Stopping because end time detected by thread: jp@gc - Ultimate Thread Group 1-87
2020-04-06 19:44:14,113 INFO o.a.j.t.JMeterThread: Thread finished: jp@gc - Ultimate Thread Group 1-87
2020-04-06 19:44:14,658 INFO o.a.j.t.JMeterThread: Stopping because end time detected by thread: jp@gc - Ultimate Thread Group 1-75
2020-04-06 19:44:14,658 INFO o.a.j.t.JMeterThread: Thread finished: jp@gc - Ultimate Thread Group 1-75
2020-04-06 19:44:14,875 INFO o.a.j.t.JMeterThread: Stopping because end time detected by thread: jp@gc - Ultimate Thread Group 1-80
2020-04-06 19:44:14,876 INFO o.a.j.t.JMeterThread: Thread finished: jp@gc - Ultimate Thread Group 1-80
2020-04-06 19:44:15,259 INFO o.a.j.t.JMeterThread: Stopping because end time detected by thread: jp@gc - Ultimate Thread Group 1-31
2020-04-06 19:44:15,259 INFO o.a.j.t.JMeterThread: Thread finished: jp@gc - Ultimate Thread Group 1-31
2020-04-06 19:44:15,831 INFO o.a.j.t.JMeterThread: Stopping because end time detected by thread: jp@gc - Ultimate Thread Group 1-72
2020-04-06 19:44:15,831 INFO o.a.j.t.JMeterThread: Thread finished: jp@gc - Ultimate Thread Group 1-72
2020-04-06 19:44:16,129 INFO o.a.j.t.JMeterThread: Stopping because end time detected by thread: jp@gc - Ultimate Thread Group 1-77
2020-04-06 19:44:16,129 INFO o.a.j.t.JMeterThread: Thread finished: jp@gc - Ultimate Thread Group 1-77
2020-04-06 19:44:16,563 INFO o.a.j.t.JMeterThread: Stopping because end time detected by thread: jp@gc - Ultimate Thread Group 1-30
2020-04-06 19:44:16,563 INFO o.a.j.t.JMeterThread: Thread finished: jp@gc - Ultimate Thread Group 1-30
2020-04-06 19:44:16,692 INFO o.a.j.t.JMeterThread: Stopping because end time detected by thread: jp@gc - Ultimate Thread Group 1-67
2020-04-06 19:44:16,692 INFO o.a.j.t.JMeterThread: Thread finished: jp@gc - Ultimate Thread Group 1-67
2020-04-06 19:44:17,104 INFO o.a.j.t.JMeterThread: Stopping because end time detected by thread: jp@gc - Ultimate Thread Group 1-73
2020-04-06 19:44:17,105 INFO o.a.j.t.JMeterThread: Thread finished: jp@gc - Ultimate Thread Group 1-73
2020-04-06 19:44:17,129 INFO o.a.j.t.JMeterThread: Stopping because end time detected by thread: jp@gc - Ultimate Thread Group 1-66
2020-04-06 19:44:17,129 INFO o.a.j.t.JMeterThread: Thread finished: jp@gc - Ultimate Thread Group 1-66
2020-04-06 19:44:17,139 INFO o.a.j.t.JMeterThread: Stopping because end time detected by thread: jp@gc - Ultimate Thread Group 1-78
2020-04-06 19:44:17,139 INFO o.a.j.t.JMeterThread: Thread finished: jp@gc - Ultimate Thread Group 1-78
2020-04-06 19:44:17,254 INFO o.a.j.t.JMeterThread: Stopping because end time detected by thread: jp@gc - Ultimate Thread Group 1-74
2020-04-06 19:44:17,254 INFO o.a.j.t.JMeterThread: Thread finished: jp@gc - Ultimate Thread Group 1-74
2020-04-06 19:44:18,584 INFO o.a.j.t.JMeterThread: Stopping because end time detected by thread: jp@gc - Ultimate Thread Group 1-68
2020-04-06 19:44:18,584 INFO o.a.j.t.JMeterThread: Thread finished: jp@gc - Ultimate Thread Group 1-68
2020-04-06 19:44:18,885 INFO o.a.j.t.JMeterThread: Stopping because end time detected by thread: jp@gc - Ultimate Thread Group 1-69
2020-04-06 19:44:18,885 INFO o.a.j.t.JMeterThread: Thread finished: jp@gc - Ultimate Thread Group 1-69
2020-04-06 19:44:18,908 INFO o.a.j.t.JMeterThread: Stopping because end time detected by thread: jp@gc - Ultimate Thread Group 1-32
2020-04-06 19:44:18,909 INFO o.a.j.t.JMeterThread: Thread finished: jp@gc - Ultimate Thread Group 1-32
2020-04-06 19:44:19,239 INFO o.a.j.t.JMeterThread: Stopping because end time detected by thread: jp@gc - Ultimate Thread Group 1-63
2020-04-06 19:44:19,239 INFO o.a.j.t.JMeterThread: Thread finished: jp@gc - Ultimate Thread Group 1-63
2020-04-06 19:44:19,381 INFO o.a.j.t.JMeterThread: Stopping because end time detected by thread: jp@gc - Ultimate Thread Group 1-180
2020-04-06 19:44:19,382 INFO o.a.j.t.JMeterThread: Thread finished: jp@gc - Ultimate Thread Group 1-180
2020-04-06 19:44:19,525 INFO o.a.j.t.JMeterThread: Stopping because end time detected by thread: jp@gc - Ultimate Thread Group 1-70
2020-04-06 19:44:19,526 INFO o.a.j.t.JMeterThread: Thread finished: jp@gc - Ultimate Thread Group 1-70
2020-04-06 19:44:19,568 INFO o.a.j.t.JMeterThread: Stopping because end time detected by thread: jp@gc - Ultimate Thread Group 1-61
2020-04-06 19:44:19,568 INFO o.a.j.t.JMeterThread: Thread finished: jp@gc - Ultimate Thread Group 1-61
2020-04-06 19:44:19,721 INFO o.a.j.t.JMeterThread: Stopping because end time detected by thread: jp@gc - Ultimate Thread Group 1-62
2020-04-06 19:44:19,722 INFO o.a.j.t.JMeterThread: Thread finished: jp@gc - Ultimate Thread Group 1-62
2020-04-06 19:44:20,696 INFO o.a.j.t.JMeterThread: Stopping because end time detected by thread: jp@gc - Ultimate Thread Group 1-52
2020-04-06 19:44:20,696 INFO o.a.j.t.JMeterThread: Thread finished: jp@gc - Ultimate Thread Group 1-52
2020-04-06 19:44:20,761 INFO o.a.j.t.JMeterThread: Stopping because end time detected by thread: jp@gc - Ultimate Thread Group 1-176
2020-04-06 19:44:20,762 INFO o.a.j.t.JMeterThread: Thread finished: jp@gc - Ultimate Thread Group 1-176
2020-04-06 19:44:20,764 INFO o.a.j.t.JMeterThread: Stopping because end time detected by thread: jp@gc - Ultimate Thread Group 1-65
2020-04-06 19:44:20,764 INFO o.a.j.t.JMeterThread: Thread finished: jp@gc - Ultimate Thread Group 1-65
2020-04-06 19:44:21,430 INFO o.a.j.t.JMeterThread: Stopping because end time detected by thread: jp@gc - Ultimate Thread Group 1-29
2020-04-06 19:44:21,430 INFO o.a.j.t.JMeterThread: Thread finished: jp@gc - Ultimate Thread Group 1-29
2020-04-06 19:44:21,895 INFO o.a.j.t.JMeterThread: Stopping because end time detected by thread: jp@gc - Ultimate Thread Group 1-175
2020-04-06 19:44:21,895 INFO o.a.j.t.JMeterThread: Thread finished: jp@gc - Ultimate Thread Group 1-175
2020-04-06 19:44:22,203 INFO o.a.j.t.JMeterThread: Stopping because end time detected by thread: jp@gc - Ultimate Thread Group 1-174
2020-04-06 19:44:22,203 INFO o.a.j.t.JMeterThread: Thread finished: jp@gc - Ultimate Thread Group 1-174
2020-04-06 19:44:22,212 INFO o.a.j.t.JMeterThread: Stopping because end time detected by thread: jp@gc - Ultimate Thread Group 1-27
2020-04-06 19:44:22,212 INFO o.a.j.t.JMeterThread: Thread finished: jp@gc - Ultimate Thread Group 1-27
2020-04-06 19:44:22,605 INFO o.a.j.t.JMeterThread: Stopping because end time detected by thread: jp@gc - Ultimate Thread Group 1-173
2020-04-06 19:44:22,606 INFO o.a.j.t.JMeterThread: Thread finished: jp@gc - Ultimate Thread Group 1-173
2020-04-06 19:44:22,695 INFO o.a.j.t.JMeterThread: Stopping because end time detected by thread: jp@gc - Ultimate Thread Group 1-168
2020-04-06 19:44:22,695 INFO o.a.j.t.JMeterThread: Thread finished: jp@gc - Ultimate Thread Group 1-168
2020-04-06 19:44:22,740 INFO o.a.j.t.JMeterThread: Stopping because end time detected by thread: jp@gc - Ultimate Thread Group 1-64
2020-04-06 19:44:22,740 INFO o.a.j.t.JMeterThread: Thread finished: jp@gc - Ultimate Thread Group 1-64
2020-04-06 19:44:22,750 INFO o.a.j.t.JMeterThread: Stopping because end time detected by thread: jp@gc - Ultimate Thread Group 1-28
2020-04-06 19:44:22,751 INFO o.a.j.t.JMeterThread: Thread finished: jp@gc - Ultimate Thread Group 1-28
2020-04-06 19:44:22,776 INFO o.a.j.t.JMeterThread: Stopping because end time detected by thread: jp@gc - Ultimate Thread Group 1-51
2020-04-06 19:44:22,776 INFO o.a.j.t.JMeterThread: Thread finished: jp@gc - Ultimate Thread Group 1-51
2020-04-06 19:44:22,782 INFO o.a.j.t.JMeterThread: Stopping because end time detected by thread: jp@gc - Ultimate Thread Group 1-177
2020-04-06 19:44:22,782 INFO o.a.j.t.JMeterThread: Thread finished: jp@gc - Ultimate Thread Group 1-177
2020-04-06 19:44:23,130 INFO o.a.j.t.JMeterThread: Stopping because end time detected by thread: jp@gc - Ultimate Thread Group 1-179
2020-04-06 19:44:23,130 INFO o.a.j.t.JMeterThread: Thread finished: jp@gc - Ultimate Thread Group 1-179
2020-04-06 19:44:23,583 INFO o.a.j.t.JMeterThread: Stopping because end time detected by thread: jp@gc - Ultimate Thread Group 1-26
2020-04-06 19:44:23,583 INFO o.a.j.t.JMeterThread: Thread finished: jp@gc - Ultimate Thread Group 1-26
2020-04-06 19:44:23,723 INFO o.a.j.t.JMeterThread: Stopping because end time detected by thread: jp@gc - Ultimate Thread Group 1-171
2020-04-06 19:44:23,724 INFO o.a.j.t.JMeterThread: Thread finished: jp@gc - Ultimate Thread Group 1-171
2020-04-06 19:44:23,737 INFO o.a.j.t.JMeterThread: Stopping because end time detected by thread: jp@gc - Ultimate Thread Group 1-170
2020-04-06 19:44:23,737 INFO o.a.j.t.JMeterThread: Thread finished: jp@gc - Ultimate Thread Group 1-170
2020-04-06 19:44:23,751 INFO o.a.j.t.JMeterThread: Stopping because end time detected by thread: jp@gc - Ultimate Thread Group 1-178
2020-04-06 19:44:23,752 INFO o.a.j.t.JMeterThread: Thread finished: jp@gc - Ultimate Thread Group 1-178
2020-04-06 19:44:24,105 INFO o.a.j.t.JMeterThread: Stopping because end time detected by thread: jp@gc - Ultimate Thread Group 1-167
2020-04-06 19:44:24,105 INFO o.a.j.t.JMeterThread: Thread finished: jp@gc - Ultimate Thread Group 1-167
2020-04-06 19:44:24,457 INFO o.a.j.t.JMeterThread: Stopping because end time detected by thread: jp@gc - Ultimate Thread Group 1-172
2020-04-06 19:44:24,458 INFO o.a.j.t.JMeterThread: Thread finished: jp@gc - Ultimate Thread Group 1-172
2020-04-06 19:44:25,156 INFO o.a.j.t.JMeterThread: Stopping because end time detected by thread: jp@gc - Ultimate Thread Group 1-166
2020-04-06 19:44:25,156 INFO o.a.j.t.JMeterThread: Thread finished: jp@gc - Ultimate Thread Group 1-166
2020-04-06 19:44:25,263 INFO o.a.j.t.JMeterThread: Stopping because end time detected by thread: jp@gc - Ultimate Thread Group 1-169
2020-04-06 19:44:25,264 INFO o.a.j.t.JMeterThread: Thread finished: jp@gc - Ultimate Thread Group 1-169
2020-04-06 19:44:25,326 INFO o.a.j.t.JMeterThread: Stopping because end time detected by thread: jp@gc - Ultimate Thread Group 1-23
2020-04-06 19:44:25,326 INFO o.a.j.t.JMeterThread: Thread finished: jp@gc - Ultimate Thread Group 1-23
2020-04-06 19:44:25,384 INFO o.a.j.t.JMeterThread: Stopping because end time detected by thread: jp@gc - Ultimate Thread Group 1-25
2020-04-06 19:44:25,384 INFO o.a.j.t.JMeterThread: Thread finished: jp@gc - Ultimate Thread Group 1-25
2020-04-06 19:44:25,410 INFO o.a.j.t.JMeterThread: Stopping because end time detected by thread: jp@gc - Ultimate Thread Group 1-164
2020-04-06 19:44:25,410 INFO o.a.j.t.JMeterThread: Thread finished: jp@gc - Ultimate Thread Group 1-164
2020-04-06 19:44:25,609 INFO o.a.j.t.JMeterThread: Stopping because end time detected by thread: jp@gc - Ultimate Thread Group 1-161
2020-04-06 19:44:25,609 INFO o.a.j.t.JMeterThread: Thread finished: jp@gc - Ultimate Thread Group 1-161
2020-04-06 19:44:25,666 INFO o.a.j.t.JMeterThread: Stopping because end time detected by thread: jp@gc - Ultimate Thread Group 1-160
2020-04-06 19:44:25,666 INFO o.a.j.t.JMeterThread: Thread finished: jp@gc - Ultimate Thread Group 1-160
2020-04-06 19:44:25,816 INFO o.a.j.t.JMeterThread: Stopping because end time detected by thread: jp@gc - Ultimate Thread Group 1-163
2020-04-06 19:44:25,816 INFO o.a.j.t.JMeterThread: Thread finished: jp@gc - Ultimate Thread Group 1-163
2020-04-06 19:44:25,883 INFO o.a.j.t.JMeterThread: Stopping because end time detected by thread: jp@gc - Ultimate Thread Group 1-165
2020-04-06 19:44:25,884 INFO o.a.j.t.JMeterThread: Thread finished: jp@gc - Ultimate Thread Group 1-165
2020-04-06 19:44:25,896 INFO o.a.j.t.JMeterThread: Stopping because end time detected by thread: jp@gc - Ultimate Thread Group 1-162
2020-04-06 19:44:25,896 INFO o.a.j.t.JMeterThread: Thread finished: jp@gc - Ultimate Thread Group 1-162
2020-04-06 19:44:26,009 INFO o.a.j.t.JMeterThread: Stopping because end time detected by thread: jp@gc - Ultimate Thread Group 1-24
2020-04-06 19:44:26,009 INFO o.a.j.t.JMeterThread: Thread finished: jp@gc - Ultimate Thread Group 1-24
2020-04-06 19:44:26,080 INFO o.a.j.t.JMeterThread: Stopping because end time detected by thread: jp@gc - Ultimate Thread Group 1-155
2020-04-06 19:44:26,080 INFO o.a.j.t.JMeterThread: Thread finished: jp@gc - Ultimate Thread Group 1-155
2020-04-06 19:44:26,103 INFO o.a.j.t.JMeterThread: Stopping because end time detected by thread: jp@gc - Ultimate Thread Group 1-157
2020-04-06 19:44:26,103 INFO o.a.j.t.JMeterThread: Thread finished: jp@gc - Ultimate Thread Group 1-157
2020-04-06 19:44:26,411 INFO o.a.j.t.JMeterThread: Stopping because end time detected by thread: jp@gc - Ultimate Thread Group 1-156
2020-04-06 19:44:26,411 INFO o.a.j.t.JMeterThread: Thread finished: jp@gc - Ultimate Thread Group 1-156
2020-04-06 19:44:26,706 INFO o.a.j.t.JMeterThread: Stopping because end time detected by thread: jp@gc - Ultimate Thread Group 1-20
2020-04-06 19:44:26,706 INFO o.a.j.t.JMeterThread: Thread finished: jp@gc - Ultimate Thread Group 1-20
2020-04-06 19:44:26,760 INFO o.a.j.t.JMeterThread: Stopping because end time detected by thread: jp@gc - Ultimate Thread Group 1-58
2020-04-06 19:44:26,760 INFO o.a.j.t.JMeterThread: Thread finished: jp@gc - Ultimate Thread Group 1-58
2020-04-06 19:44:26,783 INFO o.a.j.t.JMeterThread: Stopping because end time detected by thread: jp@gc - Ultimate Thread Group 1-153
2020-04-06 19:44:26,784 INFO o.a.j.t.JMeterThread: Thread finished: jp@gc - Ultimate Thread Group 1-153
2020-04-06 19:44:26,839 INFO o.a.j.t.JMeterThread: Stopping because end time detected by thread: jp@gc - Ultimate Thread Group 1-21
2020-04-06 19:44:26,840 INFO o.a.j.t.JMeterThread: Thread finished: jp@gc - Ultimate Thread Group 1-21
2020-04-06 19:44:26,890 INFO o.a.j.t.JMeterThread: Stopping because end time detected by thread: jp@gc - Ultimate Thread Group 1-159
2020-04-06 19:44:26,890 INFO o.a.j.t.JMeterThread: Thread finished: jp@gc - Ultimate Thread Group 1-159
2020-04-06 19:44:27,089 INFO o.a.j.t.JMeterThread: Stopping because end time detected by thread: jp@gc - Ultimate Thread Group 1-22
2020-04-06 19:44:27,089 INFO o.a.j.t.JMeterThread: Thread finished: jp@gc - Ultimate Thread Group 1-22
2020-04-06 19:44:27,173 INFO o.a.j.t.JMeterThread: Stopping because end time detected by thread: jp@gc - Ultimate Thread Group 1-151
2020-04-06 19:44:27,173 INFO o.a.j.t.JMeterThread: Thread finished: jp@gc - Ultimate Thread Group 1-151
2020-04-06 19:44:27,211 INFO o.a.j.t.JMeterThread: Stopping because end time detected by thread: jp@gc - Ultimate Thread Group 1-152
2020-04-06 19:44:27,211 INFO o.a.j.t.JMeterThread: Thread finished: jp@gc - Ultimate Thread Group 1-152
2020-04-06 19:44:27,389 INFO o.a.j.t.JMeterThread: Stopping because end time detected by thread: jp@gc - Ultimate Thread Group 1-158
2020-04-06 19:44:27,389 INFO o.a.j.t.JMeterThread: Thread finished: jp@gc - Ultimate Thread Group 1-158
2020-04-06 19:44:27,478 INFO o.a.j.t.JMeterThread: Stopping because end time detected by thread: jp@gc - Ultimate Thread Group 1-149
2020-04-06 19:44:27,478 INFO o.a.j.t.JMeterThread: Thread finished: jp@gc - Ultimate Thread Group 1-149
2020-04-06 19:44:27,495 INFO o.a.j.t.JMeterThread: Stopping because end time detected by thread: jp@gc - Ultimate Thread Group 1-148
2020-04-06 19:44:27,496 INFO o.a.j.t.JMeterThread: Thread finished: jp@gc - Ultimate Thread Group 1-148
2020-04-06 19:44:27,568 INFO o.a.j.t.JMeterThread: Stopping because end time detected by thread: jp@gc - Ultimate Thread Group 1-147
2020-04-06 19:44:27,568 INFO o.a.j.t.JMeterThread: Thread finished: jp@gc - Ultimate Thread Group 1-147
2020-04-06 19:44:27,668 INFO o.a.j.t.JMeterThread: Stopping because end time detected by thread: jp@gc - Ultimate Thread Group 1-146
2020-04-06 19:44:27,669 INFO o.a.j.t.JMeterThread: Thread finished: jp@gc - Ultimate Thread Group 1-146
2020-04-06 19:44:27,686 INFO o.a.j.t.JMeterThread: Stopping because end time detected by thread: jp@gc - Ultimate Thread Group 1-50
2020-04-06 19:44:27,687 INFO o.a.j.t.JMeterThread: Thread finished: jp@gc - Ultimate Thread Group 1-50
2020-04-06 19:44:27,717 INFO o.a.j.t.JMeterThread: Stopping because end time detected by thread: jp@gc - Ultimate Thread Group 1-150
2020-04-06 19:44:27,717 INFO o.a.j.t.JMeterThread: Thread finished: jp@gc - Ultimate Thread Group 1-150
2020-04-06 19:44:27,765 INFO o.a.j.t.JMeterThread: Stopping because end time detected by thread: jp@gc - Ultimate Thread Group 1-145
2020-04-06 19:44:27,766 INFO o.a.j.t.JMeterThread: Thread finished: jp@gc - Ultimate Thread Group 1-145
2020-04-06 19:44:27,771 INFO o.a.j.t.JMeterThread: Stopping because end time detected by thread: jp@gc - Ultimate Thread Group 1-154
2020-04-06 19:44:27,772 INFO o.a.j.t.JMeterThread: Thread finished: jp@gc - Ultimate Thread Group 1-154
2020-04-06 19:44:27,808 INFO o.a.j.t.JMeterThread: Stopping because end time detected by thread: jp@gc - Ultimate Thread Group 1-19
2020-04-06 19:44:27,808 INFO o.a.j.t.JMeterThread: Thread finished: jp@gc - Ultimate Thread Group 1-19
2020-04-06 19:44:27,926 INFO o.a.j.t.JMeterThread: Stopping because end time detected by thread: jp@gc - Ultimate Thread Group 1-139
2020-04-06 19:44:27,927 INFO o.a.j.t.JMeterThread: Thread finished: jp@gc - Ultimate Thread Group 1-139
2020-04-06 19:44:28,055 INFO o.a.j.t.JMeterThread: Stopping because end time detected by thread: jp@gc - Ultimate Thread Group 1-144
2020-04-06 19:44:28,055 INFO o.a.j.t.JMeterThread: Thread finished: jp@gc - Ultimate Thread Group 1-144
2020-04-06 19:44:28,111 INFO o.a.j.t.JMeterThread: Stopping because end time detected by thread: jp@gc - Ultimate Thread Group 1-17
2020-04-06 19:44:28,112 INFO o.a.j.t.JMeterThread: Thread finished: jp@gc - Ultimate Thread Group 1-17
2020-04-06 19:44:28,147 INFO o.a.j.t.JMeterThread: Stopping because end time detected by thread: jp@gc - Ultimate Thread Group 1-137
2020-04-06 19:44:28,147 INFO o.a.j.t.JMeterThread: Thread finished: jp@gc - Ultimate Thread Group 1-137
2020-04-06 19:44:28,154 INFO o.a.j.t.JMeterThread: Stopping because end time detected by thread: jp@gc - Ultimate Thread Group 1-16
2020-04-06 19:44:28,155 INFO o.a.j.t.JMeterThread: Thread finished: jp@gc - Ultimate Thread Group 1-16
2020-04-06 19:44:28,182 INFO o.a.j.t.JMeterThread: Stopping because end time detected by thread: jp@gc - Ultimate Thread Group 1-143
2020-04-06 19:44:28,182 INFO o.a.j.t.JMeterThread: Thread finished: jp@gc - Ultimate Thread Group 1-143
2020-04-06 19:44:28,239 INFO o.a.j.t.JMeterThread: Stopping because end time detected by thread: jp@gc - Ultimate Thread Group 1-18
2020-04-06 19:44:28,239 INFO o.a.j.t.JMeterThread: Thread finished: jp@gc - Ultimate Thread Group 1-18
2020-04-06 19:44:28,247 INFO o.a.j.t.JMeterThread: Stopping because end time detected by thread: jp@gc - Ultimate Thread Group 1-140
2020-04-06 19:44:28,247 INFO o.a.j.t.JMeterThread: Thread finished: jp@gc - Ultimate Thread Group 1-140
2020-04-06 19:44:28,279 INFO o.a.j.t.JMeterThread: Stopping because end time detected by thread: jp@gc - Ultimate Thread Group 1-138
2020-04-06 19:44:28,279 INFO o.a.j.t.JMeterThread: Thread finished: jp@gc - Ultimate Thread Group 1-138
2020-04-06 19:44:28,291 INFO o.a.j.t.JMeterThread: Stopping because end time detected by thread: jp@gc - Ultimate Thread Group 1-141
2020-04-06 19:44:28,291 INFO o.a.j.t.JMeterThread: Thread finished: jp@gc - Ultimate Thread Group 1-141
2020-04-06 19:44:28,296 INFO o.a.j.t.JMeterThread: Stopping because end time detected by thread: jp@gc - Ultimate Thread Group 1-49
2020-04-06 19:44:28,296 INFO o.a.j.t.JMeterThread: Thread finished: jp@gc - Ultimate Thread Group 1-49
2020-04-06 19:44:28,307 INFO o.a.j.t.JMeterThread: Stopping because end time detected by thread: jp@gc - Ultimate Thread Group 1-142
2020-04-06 19:44:28,307 INFO o.a.j.t.JMeterThread: Thread finished: jp@gc - Ultimate Thread Group 1-142
2020-04-06 19:44:28,317 INFO o.a.j.t.JMeterThread: Stopping because end time detected by thread: jp@gc - Ultimate Thread Group 1-131
2020-04-06 19:44:28,317 INFO o.a.j.t.JMeterThread: Thread finished: jp@gc - Ultimate Thread Group 1-131
2020-04-06 19:44:28,342 INFO o.a.j.t.JMeterThread: Stopping because end time detected by thread: jp@gc - Ultimate Thread Group 1-134
2020-04-06 19:44:28,342 INFO o.a.j.t.JMeterThread: Thread finished: jp@gc - Ultimate Thread Group 1-134
2020-04-06 19:44:28,371 INFO o.a.j.t.JMeterThread: Stopping because end time detected by thread: jp@gc - Ultimate Thread Group 1-135
2020-04-06 19:44:28,371 INFO o.a.j.t.JMeterThread: Thread finished: jp@gc - Ultimate Thread Group 1-135
2020-04-06 19:44:28,375 INFO o.a.j.t.JMeterThread: Stopping because end time detected by thread: jp@gc - Ultimate Thread Group 1-15
2020-04-06 19:44:28,375 INFO o.a.j.t.JMeterThread: Thread finished: jp@gc - Ultimate Thread Group 1-15
2020-04-06 19:44:28,381 INFO o.a.j.t.JMeterThread: Stopping because end time detected by thread: jp@gc - Ultimate Thread Group 1-136
2020-04-06 19:44:28,382 INFO o.a.j.t.JMeterThread: Thread finished: jp@gc - Ultimate Thread Group 1-136
2020-04-06 19:44:28,385 INFO o.a.j.t.JMeterThread: Stopping because end time detected by thread: jp@gc - Ultimate Thread Group 1-132
2020-04-06 19:44:28,385 INFO o.a.j.t.JMeterThread: Thread finished: jp@gc - Ultimate Thread Group 1-132
2020-04-06 19:44:28,386 INFO o.a.j.e.StandardJMeterEngine: Notifying test listeners of end of test
2020-04-06 19:44:28,388 INFO o.a.j.r.Summariser: summary +    147 in 00:00:27 =    5.4/s Avg: 63601 Min: 40931 Max: 76488 Err:     0 (0.00%) Active: 0 Started: 180 Finished: 180
2020-04-06 19:44:28,389 INFO o.a.j.r.Summariser: summary =    590 in 00:04:11 =    2.4/s Avg: 62756 Min:  1290 Max: 83801 Err:     0 (0.00%)
