2020-04-06 19:14:21,557 INFO o.a.j.u.JMeterUtils: Setting Locale to en_US
2020-04-06 19:14:21,590 INFO o.a.j.JMeter: Loading user properties from: /home/pablo/jmeter/bin/user.properties
2020-04-06 19:14:21,591 INFO o.a.j.JMeter: Loading system properties from: /home/pablo/jmeter/bin/system.properties
2020-04-06 19:14:21,591 INFO o.a.j.JMeter: Setting System property: HILOS1=32
2020-04-06 19:14:21,592 INFO o.a.j.JMeter: Setting System property: DELAY1=0
2020-04-06 19:14:21,592 INFO o.a.j.JMeter: Setting System property: SUBIDA1=15
2020-04-06 19:14:21,592 INFO o.a.j.JMeter: Setting System property: DURACION1=175
2020-04-06 19:14:21,593 INFO o.a.j.JMeter: Setting System property: HILOS2=31
2020-04-06 19:14:21,593 INFO o.a.j.JMeter: Setting System property: DELAY2=15
2020-04-06 19:14:21,593 INFO o.a.j.JMeter: Setting System property: SUBIDA2=15
2020-04-06 19:14:21,593 INFO o.a.j.JMeter: Setting System property: DURACION2=160
2020-04-06 19:14:21,594 INFO o.a.j.JMeter: Setting System property: HILOS3=31
2020-04-06 19:14:21,594 INFO o.a.j.JMeter: Setting System property: DELAY3=30
2020-04-06 19:14:21,594 INFO o.a.j.JMeter: Setting System property: SUBIDA3=15
2020-04-06 19:14:21,595 INFO o.a.j.JMeter: Setting System property: DURACION3=145
2020-04-06 19:14:21,595 INFO o.a.j.JMeter: Setting System property: FILE=scriptresultsperfmonDin60.jtl
2020-04-06 19:14:21,598 INFO o.a.j.JMeter: Copyright (c) 1998-2019 The Apache Software Foundation
2020-04-06 19:14:21,598 INFO o.a.j.JMeter: Version 5.2.1
2020-04-06 19:14:21,598 INFO o.a.j.JMeter: java.version=1.8.0_201
2020-04-06 19:14:21,599 INFO o.a.j.JMeter: java.vm.name=Java HotSpot(TM) 64-Bit Server VM
2020-04-06 19:14:21,599 INFO o.a.j.JMeter: os.name=Linux
2020-04-06 19:14:21,599 INFO o.a.j.JMeter: os.arch=amd64
2020-04-06 19:14:21,599 INFO o.a.j.JMeter: os.version=4.15.0-91-generic
2020-04-06 19:14:21,600 INFO o.a.j.JMeter: file.encoding=UTF-8
2020-04-06 19:14:21,600 INFO o.a.j.JMeter: java.awt.headless=true
2020-04-06 19:14:21,600 INFO o.a.j.JMeter: Max memory     =732954624
2020-04-06 19:14:21,601 INFO o.a.j.JMeter: Available Processors =4
2020-04-06 19:14:21,609 INFO o.a.j.JMeter: Default Locale=English (United States)
2020-04-06 19:14:21,609 INFO o.a.j.JMeter: JMeter  Locale=English (United States)
2020-04-06 19:14:21,610 INFO o.a.j.JMeter: JMeterHome=/home/pablo/jmeter
2020-04-06 19:14:21,610 INFO o.a.j.JMeter: user.dir  =/home/pablo/jmeter/bin/EJECUCIONES/P2
2020-04-06 19:14:21,610 INFO o.a.j.JMeter: PWD       =/home/pablo/jmeter/bin/EJECUCIONES/P2
2020-04-06 19:14:21,611 INFO o.a.j.JMeter: IP: 127.0.1.1 Name: hylianpablo FullName: hylianpablo
2020-04-06 19:14:21,621 INFO o.a.j.s.FileServer: Default base='/home/pablo/jmeter/bin/EJECUCIONES/P2'
2020-04-06 19:14:21,632 INFO o.a.j.s.FileServer: Set new base='/home/pablo/jmeter/bin/EJECUCIONES/P2/../..'
2020-04-06 19:14:21,947 INFO o.a.j.s.SaveService: Testplan (JMX) version: 2.2. Testlog (JTL) version: 2.2
2020-04-06 19:14:21,966 INFO o.a.j.s.SaveService: Using SaveService properties file encoding UTF-8
2020-04-06 19:14:21,979 INFO o.a.j.s.SaveService: Using SaveService properties version 5.0
2020-04-06 19:14:21,998 INFO o.a.j.s.SaveService: Loading file: ../../Dinamica.jmx
2020-04-06 19:14:22,185 INFO o.a.j.p.h.s.HTTPSamplerBase: Parser for text/html is org.apache.jmeter.protocol.http.parser.LagartoBasedHtmlParser
2020-04-06 19:14:22,185 INFO o.a.j.p.h.s.HTTPSamplerBase: Parser for application/xhtml+xml is org.apache.jmeter.protocol.http.parser.LagartoBasedHtmlParser
2020-04-06 19:14:22,185 INFO o.a.j.p.h.s.HTTPSamplerBase: Parser for application/xml is org.apache.jmeter.protocol.http.parser.LagartoBasedHtmlParser
2020-04-06 19:14:22,186 INFO o.a.j.p.h.s.HTTPSamplerBase: Parser for text/xml is org.apache.jmeter.protocol.http.parser.LagartoBasedHtmlParser
2020-04-06 19:14:22,186 INFO o.a.j.p.h.s.HTTPSamplerBase: Parser for text/vnd.wap.wml is org.apache.jmeter.protocol.http.parser.RegexpHTMLParser
2020-04-06 19:14:22,186 INFO o.a.j.p.h.s.HTTPSamplerBase: Parser for text/css is org.apache.jmeter.protocol.http.parser.CssParser
2020-04-06 19:14:22,215 INFO o.a.j.JMeter: Creating summariser <summary>
2020-04-06 19:14:22,230 INFO o.a.j.e.StandardJMeterEngine: Running the test!
2020-04-06 19:14:22,232 INFO o.a.j.s.SampleEvent: List of sample_variables: []
2020-04-06 19:14:22,232 INFO o.a.j.s.SampleEvent: List of sample_variables: []
2020-04-06 19:14:22,249 INFO o.a.j.e.u.CompoundVariable: Note: Function class names must contain the string: '.functions.'
2020-04-06 19:14:22,250 INFO o.a.j.e.u.CompoundVariable: Note: Function class names must not contain the string: '.gui.'
2020-04-06 19:14:23,182 INFO o.a.j.JMeter: Running test (1586193263182)
2020-04-06 19:14:23,322 INFO o.a.j.e.StandardJMeterEngine: Starting ThreadGroup: 1 : jp@gc - Ultimate Thread Group
2020-04-06 19:14:23,323 INFO o.a.j.e.StandardJMeterEngine: Starting 94 threads for group jp@gc - Ultimate Thread Group.
2020-04-06 19:14:23,324 INFO o.a.j.e.StandardJMeterEngine: Thread will continue on error
2020-04-06 19:14:23,324 INFO k.a.j.t.AbstractSimpleThreadGroup: Starting thread group number 1 threads 94
2020-04-06 19:14:23,438 INFO k.a.j.t.AbstractSimpleThreadGroup: Started thread group number 1
2020-04-06 19:14:23,438 INFO o.a.j.e.StandardJMeterEngine: All thread groups have been started
2020-04-06 19:14:23,794 INFO o.a.j.t.JMeterThread: Thread started: jp@gc - Ultimate Thread Group 1-32
2020-04-06 19:14:23,848 INFO o.a.j.p.h.s.HTTPHCAbstractImpl: Local host = hylianpablo
2020-04-06 19:14:23,867 INFO o.a.j.p.h.s.HTTPHC4Impl: HTTP request retry count = 0
2020-04-06 19:14:23,872 INFO o.a.j.s.SampleResult: Note: Sample TimeStamps are START times
2020-04-06 19:14:23,872 INFO o.a.j.s.SampleResult: sampleresult.default.encoding is set to ISO-8859-1
2020-04-06 19:14:23,872 INFO o.a.j.s.SampleResult: sampleresult.useNanoTime=true
2020-04-06 19:14:23,873 INFO o.a.j.s.SampleResult: sampleresult.nanoThreadSleep=5000
2020-04-06 19:14:24,262 INFO o.a.j.t.JMeterThread: Thread started: jp@gc - Ultimate Thread Group 1-31
2020-04-06 19:14:24,732 INFO o.a.j.t.JMeterThread: Thread started: jp@gc - Ultimate Thread Group 1-30
2020-04-06 19:14:25,082 INFO o.a.j.u.JsseSSLManager: Using default SSL protocol: TLS
2020-04-06 19:14:25,082 INFO o.a.j.u.JsseSSLManager: SSL session context: per-thread
2020-04-06 19:14:25,200 INFO o.a.j.t.JMeterThread: Thread started: jp@gc - Ultimate Thread Group 1-29
2020-04-06 19:14:25,669 INFO o.a.j.t.JMeterThread: Thread started: jp@gc - Ultimate Thread Group 1-28
2020-04-06 19:14:26,137 INFO o.a.j.t.JMeterThread: Thread started: jp@gc - Ultimate Thread Group 1-27
2020-04-06 19:14:26,607 INFO o.a.j.t.JMeterThread: Thread started: jp@gc - Ultimate Thread Group 1-26
2020-04-06 19:14:27,075 INFO o.a.j.t.JMeterThread: Thread started: jp@gc - Ultimate Thread Group 1-25
2020-04-06 19:14:27,543 INFO o.a.j.t.JMeterThread: Thread started: jp@gc - Ultimate Thread Group 1-24
2020-04-06 19:14:28,013 INFO o.a.j.t.JMeterThread: Thread started: jp@gc - Ultimate Thread Group 1-23
2020-04-06 19:14:28,481 INFO o.a.j.t.JMeterThread: Thread started: jp@gc - Ultimate Thread Group 1-22
2020-04-06 19:14:28,950 INFO o.a.j.t.JMeterThread: Thread started: jp@gc - Ultimate Thread Group 1-21
2020-04-06 19:14:29,419 INFO o.a.j.t.JMeterThread: Thread started: jp@gc - Ultimate Thread Group 1-20
2020-04-06 19:14:29,888 INFO o.a.j.t.JMeterThread: Thread started: jp@gc - Ultimate Thread Group 1-19
2020-04-06 19:14:30,008 INFO o.a.j.r.Summariser: summary +      8 in 00:00:07 =    1.2/s Avg:  2370 Min:  1024 Max:  3862 Err:     0 (0.00%) Active: 14 Started: 14 Finished: 0
2020-04-06 19:14:30,357 INFO o.a.j.t.JMeterThread: Thread started: jp@gc - Ultimate Thread Group 1-18
2020-04-06 19:14:30,825 INFO o.a.j.t.JMeterThread: Thread started: jp@gc - Ultimate Thread Group 1-17
2020-04-06 19:14:31,293 INFO o.a.j.t.JMeterThread: Thread started: jp@gc - Ultimate Thread Group 1-16
2020-04-06 19:14:31,762 INFO o.a.j.t.JMeterThread: Thread started: jp@gc - Ultimate Thread Group 1-15
2020-04-06 19:14:32,232 INFO o.a.j.t.JMeterThread: Thread started: jp@gc - Ultimate Thread Group 1-14
2020-04-06 19:14:32,701 INFO o.a.j.t.JMeterThread: Thread started: jp@gc - Ultimate Thread Group 1-13
2020-04-06 19:14:33,168 INFO o.a.j.t.JMeterThread: Thread started: jp@gc - Ultimate Thread Group 1-12
2020-04-06 19:14:33,637 INFO o.a.j.t.JMeterThread: Thread started: jp@gc - Ultimate Thread Group 1-11
2020-04-06 19:14:34,106 INFO o.a.j.t.JMeterThread: Thread started: jp@gc - Ultimate Thread Group 1-10
2020-04-06 19:14:34,576 INFO o.a.j.t.JMeterThread: Thread started: jp@gc - Ultimate Thread Group 1-9
2020-04-06 19:14:35,044 INFO o.a.j.t.JMeterThread: Thread started: jp@gc - Ultimate Thread Group 1-8
2020-04-06 19:14:35,512 INFO o.a.j.t.JMeterThread: Thread started: jp@gc - Ultimate Thread Group 1-7
2020-04-06 19:14:35,982 INFO o.a.j.t.JMeterThread: Thread started: jp@gc - Ultimate Thread Group 1-6
2020-04-06 19:14:36,450 INFO o.a.j.t.JMeterThread: Thread started: jp@gc - Ultimate Thread Group 1-5
2020-04-06 19:14:36,918 INFO o.a.j.t.JMeterThread: Thread started: jp@gc - Ultimate Thread Group 1-4
2020-04-06 19:14:37,389 INFO o.a.j.t.JMeterThread: Thread started: jp@gc - Ultimate Thread Group 1-3
2020-04-06 19:14:37,857 INFO o.a.j.t.JMeterThread: Thread started: jp@gc - Ultimate Thread Group 1-2
2020-04-06 19:14:38,326 INFO o.a.j.t.JMeterThread: Thread started: jp@gc - Ultimate Thread Group 1-1
2020-04-06 19:14:38,809 INFO o.a.j.t.JMeterThread: Thread started: jp@gc - Ultimate Thread Group 1-63
2020-04-06 19:14:39,293 INFO o.a.j.t.JMeterThread: Thread started: jp@gc - Ultimate Thread Group 1-62
2020-04-06 19:14:39,776 INFO o.a.j.t.JMeterThread: Thread started: jp@gc - Ultimate Thread Group 1-61
2020-04-06 19:14:40,261 INFO o.a.j.t.JMeterThread: Thread started: jp@gc - Ultimate Thread Group 1-60
2020-04-06 19:14:40,745 INFO o.a.j.t.JMeterThread: Thread started: jp@gc - Ultimate Thread Group 1-59
2020-04-06 19:14:41,229 INFO o.a.j.t.JMeterThread: Thread started: jp@gc - Ultimate Thread Group 1-58
2020-04-06 19:14:41,712 INFO o.a.j.t.JMeterThread: Thread started: jp@gc - Ultimate Thread Group 1-57
2020-04-06 19:14:42,195 INFO o.a.j.t.JMeterThread: Thread started: jp@gc - Ultimate Thread Group 1-56
2020-04-06 19:14:42,679 INFO o.a.j.t.JMeterThread: Thread started: jp@gc - Ultimate Thread Group 1-55
2020-04-06 19:14:43,164 INFO o.a.j.t.JMeterThread: Thread started: jp@gc - Ultimate Thread Group 1-54
2020-04-06 19:14:43,648 INFO o.a.j.t.JMeterThread: Thread started: jp@gc - Ultimate Thread Group 1-53
2020-04-06 19:14:44,131 INFO o.a.j.t.JMeterThread: Thread started: jp@gc - Ultimate Thread Group 1-52
2020-04-06 19:14:44,616 INFO o.a.j.t.JMeterThread: Thread started: jp@gc - Ultimate Thread Group 1-51
2020-04-06 19:14:45,099 INFO o.a.j.t.JMeterThread: Thread started: jp@gc - Ultimate Thread Group 1-50
2020-04-06 19:14:45,583 INFO o.a.j.t.JMeterThread: Thread started: jp@gc - Ultimate Thread Group 1-49
2020-04-06 19:14:46,066 INFO o.a.j.t.JMeterThread: Thread started: jp@gc - Ultimate Thread Group 1-48
2020-04-06 19:14:46,551 INFO o.a.j.t.JMeterThread: Thread started: jp@gc - Ultimate Thread Group 1-47
2020-04-06 19:14:47,035 INFO o.a.j.t.JMeterThread: Thread started: jp@gc - Ultimate Thread Group 1-46
2020-04-06 19:14:47,519 INFO o.a.j.t.JMeterThread: Thread started: jp@gc - Ultimate Thread Group 1-45
2020-04-06 19:14:48,003 INFO o.a.j.t.JMeterThread: Thread started: jp@gc - Ultimate Thread Group 1-44
2020-04-06 19:14:48,486 INFO o.a.j.t.JMeterThread: Thread started: jp@gc - Ultimate Thread Group 1-43
2020-04-06 19:14:48,971 INFO o.a.j.t.JMeterThread: Thread started: jp@gc - Ultimate Thread Group 1-42
2020-04-06 19:14:49,455 INFO o.a.j.t.JMeterThread: Thread started: jp@gc - Ultimate Thread Group 1-41
2020-04-06 19:14:49,938 INFO o.a.j.t.JMeterThread: Thread started: jp@gc - Ultimate Thread Group 1-40
2020-04-06 19:14:50,422 INFO o.a.j.t.JMeterThread: Thread started: jp@gc - Ultimate Thread Group 1-39
2020-04-06 19:14:50,906 INFO o.a.j.t.JMeterThread: Thread started: jp@gc - Ultimate Thread Group 1-38
2020-04-06 19:14:51,390 INFO o.a.j.t.JMeterThread: Thread started: jp@gc - Ultimate Thread Group 1-37
2020-04-06 19:14:51,873 INFO o.a.j.t.JMeterThread: Thread started: jp@gc - Ultimate Thread Group 1-36
2020-04-06 19:14:52,358 INFO o.a.j.t.JMeterThread: Thread started: jp@gc - Ultimate Thread Group 1-35
2020-04-06 19:14:52,842 INFO o.a.j.t.JMeterThread: Thread started: jp@gc - Ultimate Thread Group 1-34
2020-04-06 19:14:53,326 INFO o.a.j.t.JMeterThread: Thread started: jp@gc - Ultimate Thread Group 1-33
2020-04-06 19:14:53,808 INFO o.a.j.t.JMeterThread: Thread started: jp@gc - Ultimate Thread Group 1-94
2020-04-06 19:14:54,292 INFO o.a.j.t.JMeterThread: Thread started: jp@gc - Ultimate Thread Group 1-93
2020-04-06 19:14:54,777 INFO o.a.j.t.JMeterThread: Thread started: jp@gc - Ultimate Thread Group 1-92
2020-04-06 19:14:55,261 INFO o.a.j.t.JMeterThread: Thread started: jp@gc - Ultimate Thread Group 1-91
2020-04-06 19:14:55,745 INFO o.a.j.t.JMeterThread: Thread started: jp@gc - Ultimate Thread Group 1-90
2020-04-06 19:14:56,229 INFO o.a.j.t.JMeterThread: Thread started: jp@gc - Ultimate Thread Group 1-89
2020-04-06 19:14:56,712 INFO o.a.j.t.JMeterThread: Thread started: jp@gc - Ultimate Thread Group 1-88
2020-04-06 19:14:57,195 INFO o.a.j.t.JMeterThread: Thread started: jp@gc - Ultimate Thread Group 1-87
2020-04-06 19:14:57,680 INFO o.a.j.t.JMeterThread: Thread started: jp@gc - Ultimate Thread Group 1-86
2020-04-06 19:14:58,164 INFO o.a.j.t.JMeterThread: Thread started: jp@gc - Ultimate Thread Group 1-85
2020-04-06 19:14:58,647 INFO o.a.j.t.JMeterThread: Thread started: jp@gc - Ultimate Thread Group 1-84
2020-04-06 19:14:59,131 INFO o.a.j.t.JMeterThread: Thread started: jp@gc - Ultimate Thread Group 1-83
2020-04-06 19:14:59,616 INFO o.a.j.t.JMeterThread: Thread started: jp@gc - Ultimate Thread Group 1-82
2020-04-06 19:15:00,100 INFO o.a.j.t.JMeterThread: Thread started: jp@gc - Ultimate Thread Group 1-81
2020-04-06 19:15:00,584 INFO o.a.j.t.JMeterThread: Thread started: jp@gc - Ultimate Thread Group 1-80
2020-04-06 19:15:00,688 INFO o.a.j.r.Summariser: summary +     42 in 00:00:31 =    1.4/s Avg: 13777 Min:  5014 Max: 23192 Err:     0 (0.00%) Active: 78 Started: 78 Finished: 0
2020-04-06 19:15:00,689 INFO o.a.j.r.Summariser: summary =     50 in 00:00:38 =    1.3/s Avg: 11952 Min:  1024 Max: 23192 Err:     0 (0.00%)
2020-04-06 19:15:01,067 INFO o.a.j.t.JMeterThread: Thread started: jp@gc - Ultimate Thread Group 1-79
2020-04-06 19:15:01,551 INFO o.a.j.t.JMeterThread: Thread started: jp@gc - Ultimate Thread Group 1-78
2020-04-06 19:15:02,035 INFO o.a.j.t.JMeterThread: Thread started: jp@gc - Ultimate Thread Group 1-77
2020-04-06 19:15:02,518 INFO o.a.j.t.JMeterThread: Thread started: jp@gc - Ultimate Thread Group 1-76
2020-04-06 19:15:03,002 INFO o.a.j.t.JMeterThread: Thread started: jp@gc - Ultimate Thread Group 1-75
2020-04-06 19:15:03,487 INFO o.a.j.t.JMeterThread: Thread started: jp@gc - Ultimate Thread Group 1-74
2020-04-06 19:15:03,970 INFO o.a.j.t.JMeterThread: Thread started: jp@gc - Ultimate Thread Group 1-73
2020-04-06 19:15:04,455 INFO o.a.j.t.JMeterThread: Thread started: jp@gc - Ultimate Thread Group 1-72
2020-04-06 19:15:04,938 INFO o.a.j.t.JMeterThread: Thread started: jp@gc - Ultimate Thread Group 1-71
2020-04-06 19:15:05,421 INFO o.a.j.t.JMeterThread: Thread started: jp@gc - Ultimate Thread Group 1-70
2020-04-06 19:15:05,906 INFO o.a.j.t.JMeterThread: Thread started: jp@gc - Ultimate Thread Group 1-69
2020-04-06 19:15:06,390 INFO o.a.j.t.JMeterThread: Thread started: jp@gc - Ultimate Thread Group 1-68
2020-04-06 19:15:06,873 INFO o.a.j.t.JMeterThread: Thread started: jp@gc - Ultimate Thread Group 1-67
2020-04-06 19:15:07,357 INFO o.a.j.t.JMeterThread: Thread started: jp@gc - Ultimate Thread Group 1-66
2020-04-06 19:15:07,842 INFO o.a.j.t.JMeterThread: Thread started: jp@gc - Ultimate Thread Group 1-65
2020-04-06 19:15:08,326 INFO o.a.j.t.JMeterThread: Thread started: jp@gc - Ultimate Thread Group 1-64
2020-04-06 19:15:30,087 INFO o.a.j.r.Summariser: summary +     50 in 00:00:29 =    1.7/s Avg: 31497 Min: 22912 Max: 37498 Err:     0 (0.00%) Active: 94 Started: 94 Finished: 0
2020-04-06 19:15:30,088 INFO o.a.j.r.Summariser: summary =    100 in 00:01:07 =    1.5/s Avg: 21725 Min:  1024 Max: 37498 Err:     0 (0.00%)
2020-04-06 19:16:00,952 INFO o.a.j.r.Summariser: summary +     72 in 00:00:31 =    2.3/s Avg: 39922 Min: 37126 Max: 42247 Err:     0 (0.00%) Active: 94 Started: 94 Finished: 0
2020-04-06 19:16:00,953 INFO o.a.j.r.Summariser: summary =    172 in 00:01:38 =    1.8/s Avg: 29342 Min:  1024 Max: 42247 Err:     0 (0.00%)
2020-04-06 19:16:30,304 INFO o.a.j.r.Summariser: summary +     78 in 00:00:29 =    2.7/s Avg: 40338 Min: 39176 Max: 41628 Err:     0 (0.00%) Active: 94 Started: 94 Finished: 0
2020-04-06 19:16:30,304 INFO o.a.j.r.Summariser: summary =    250 in 00:02:07 =    2.0/s Avg: 32773 Min:  1024 Max: 42247 Err:     0 (0.00%)
2020-04-06 19:17:00,276 INFO o.a.j.r.Summariser: summary +     63 in 00:00:30 =    2.1/s Avg: 39946 Min: 38402 Max: 41483 Err:     0 (0.00%) Active: 94 Started: 94 Finished: 0
2020-04-06 19:17:00,277 INFO o.a.j.r.Summariser: summary =    313 in 00:02:37 =    2.0/s Avg: 34217 Min:  1024 Max: 42247 Err:     0 (0.00%)
2020-04-06 19:17:30,119 INFO o.a.j.r.Summariser: summary +     68 in 00:00:30 =    2.3/s Avg: 40827 Min: 39310 Max: 42519 Err:     0 (0.00%) Active: 94 Started: 94 Finished: 0
2020-04-06 19:17:30,120 INFO o.a.j.r.Summariser: summary =    381 in 00:03:07 =    2.0/s Avg: 35396 Min:  1024 Max: 42519 Err:     0 (0.00%)
2020-04-06 19:17:33,434 INFO o.a.j.t.JMeterThread: Stopping because end time detected by thread: jp@gc - Ultimate Thread Group 1-90
2020-04-06 19:17:33,434 INFO o.a.j.t.JMeterThread: Thread finished: jp@gc - Ultimate Thread Group 1-90
2020-04-06 19:17:34,728 INFO o.a.j.t.JMeterThread: Stopping because end time detected by thread: jp@gc - Ultimate Thread Group 1-91
2020-04-06 19:17:34,728 INFO o.a.j.t.JMeterThread: Thread finished: jp@gc - Ultimate Thread Group 1-91
2020-04-06 19:17:34,777 INFO o.a.j.t.JMeterThread: Stopping because end time detected by thread: jp@gc - Ultimate Thread Group 1-5
2020-04-06 19:17:34,778 INFO o.a.j.t.JMeterThread: Thread finished: jp@gc - Ultimate Thread Group 1-5
2020-04-06 19:17:35,775 INFO o.a.j.t.JMeterThread: Stopping because end time detected by thread: jp@gc - Ultimate Thread Group 1-4
2020-04-06 19:17:35,775 INFO o.a.j.t.JMeterThread: Thread finished: jp@gc - Ultimate Thread Group 1-4
2020-04-06 19:17:36,271 INFO o.a.j.t.JMeterThread: Stopping because end time detected by thread: jp@gc - Ultimate Thread Group 1-21
2020-04-06 19:17:36,272 INFO o.a.j.t.JMeterThread: Thread finished: jp@gc - Ultimate Thread Group 1-21
2020-04-06 19:17:36,354 INFO o.a.j.t.JMeterThread: Stopping because end time detected by thread: jp@gc - Ultimate Thread Group 1-86
2020-04-06 19:17:36,354 INFO o.a.j.t.JMeterThread: Thread finished: jp@gc - Ultimate Thread Group 1-86
2020-04-06 19:17:36,440 INFO o.a.j.t.JMeterThread: Stopping because end time detected by thread: jp@gc - Ultimate Thread Group 1-7
2020-04-06 19:17:36,440 INFO o.a.j.t.JMeterThread: Thread finished: jp@gc - Ultimate Thread Group 1-7
2020-04-06 19:17:36,915 INFO o.a.j.t.JMeterThread: Stopping because end time detected by thread: jp@gc - Ultimate Thread Group 1-89
2020-04-06 19:17:36,915 INFO o.a.j.t.JMeterThread: Thread finished: jp@gc - Ultimate Thread Group 1-89
2020-04-06 19:17:37,162 INFO o.a.j.t.JMeterThread: Stopping because end time detected by thread: jp@gc - Ultimate Thread Group 1-22
2020-04-06 19:17:37,163 INFO o.a.j.t.JMeterThread: Thread finished: jp@gc - Ultimate Thread Group 1-22
2020-04-06 19:17:37,354 INFO o.a.j.t.JMeterThread: Stopping because end time detected by thread: jp@gc - Ultimate Thread Group 1-6
2020-04-06 19:17:37,355 INFO o.a.j.t.JMeterThread: Thread finished: jp@gc - Ultimate Thread Group 1-6
2020-04-06 19:17:37,357 INFO o.a.j.t.JMeterThread: Stopping because end time detected by thread: jp@gc - Ultimate Thread Group 1-28
2020-04-06 19:17:37,357 INFO o.a.j.t.JMeterThread: Thread finished: jp@gc - Ultimate Thread Group 1-28
2020-04-06 19:17:38,045 INFO o.a.j.t.JMeterThread: Stopping because end time detected by thread: jp@gc - Ultimate Thread Group 1-85
2020-04-06 19:17:38,045 INFO o.a.j.t.JMeterThread: Thread finished: jp@gc - Ultimate Thread Group 1-85
2020-04-06 19:17:38,076 INFO o.a.j.t.JMeterThread: Stopping because end time detected by thread: jp@gc - Ultimate Thread Group 1-88
2020-04-06 19:17:38,076 INFO o.a.j.t.JMeterThread: Thread finished: jp@gc - Ultimate Thread Group 1-88
2020-04-06 19:17:38,141 INFO o.a.j.t.JMeterThread: Stopping because end time detected by thread: jp@gc - Ultimate Thread Group 1-87
2020-04-06 19:17:38,141 INFO o.a.j.t.JMeterThread: Thread finished: jp@gc - Ultimate Thread Group 1-87
2020-04-06 19:17:38,635 INFO o.a.j.t.JMeterThread: Stopping because end time detected by thread: jp@gc - Ultimate Thread Group 1-82
2020-04-06 19:17:38,635 INFO o.a.j.t.JMeterThread: Thread finished: jp@gc - Ultimate Thread Group 1-82
2020-04-06 19:17:39,472 INFO o.a.j.t.JMeterThread: Stopping because end time detected by thread: jp@gc - Ultimate Thread Group 1-23
2020-04-06 19:17:39,472 INFO o.a.j.t.JMeterThread: Stopping because end time detected by thread: jp@gc - Ultimate Thread Group 1-84
2020-04-06 19:17:39,473 INFO o.a.j.t.JMeterThread: Thread finished: jp@gc - Ultimate Thread Group 1-23
2020-04-06 19:17:39,473 INFO o.a.j.t.JMeterThread: Thread finished: jp@gc - Ultimate Thread Group 1-84
2020-04-06 19:17:39,511 INFO o.a.j.t.JMeterThread: Stopping because end time detected by thread: jp@gc - Ultimate Thread Group 1-3
2020-04-06 19:17:39,512 INFO o.a.j.t.JMeterThread: Thread finished: jp@gc - Ultimate Thread Group 1-3
2020-04-06 19:17:39,534 INFO o.a.j.t.JMeterThread: Stopping because end time detected by thread: jp@gc - Ultimate Thread Group 1-83
2020-04-06 19:17:39,534 INFO o.a.j.t.JMeterThread: Thread finished: jp@gc - Ultimate Thread Group 1-83
2020-04-06 19:17:40,789 INFO o.a.j.t.JMeterThread: Stopping because end time detected by thread: jp@gc - Ultimate Thread Group 1-81
2020-04-06 19:17:40,790 INFO o.a.j.t.JMeterThread: Thread finished: jp@gc - Ultimate Thread Group 1-81
2020-04-06 19:17:41,141 INFO o.a.j.t.JMeterThread: Stopping because end time detected by thread: jp@gc - Ultimate Thread Group 1-2
2020-04-06 19:17:41,141 INFO o.a.j.t.JMeterThread: Thread finished: jp@gc - Ultimate Thread Group 1-2
2020-04-06 19:17:41,178 INFO o.a.j.t.JMeterThread: Stopping because end time detected by thread: jp@gc - Ultimate Thread Group 1-80
2020-04-06 19:17:41,178 INFO o.a.j.t.JMeterThread: Thread finished: jp@gc - Ultimate Thread Group 1-80
2020-04-06 19:17:41,292 INFO o.a.j.t.JMeterThread: Stopping because end time detected by thread: jp@gc - Ultimate Thread Group 1-1
2020-04-06 19:17:41,292 INFO o.a.j.t.JMeterThread: Thread finished: jp@gc - Ultimate Thread Group 1-1
2020-04-06 19:17:41,625 INFO o.a.j.t.JMeterThread: Stopping because end time detected by thread: jp@gc - Ultimate Thread Group 1-79
2020-04-06 19:17:41,626 INFO o.a.j.t.JMeterThread: Thread finished: jp@gc - Ultimate Thread Group 1-79
2020-04-06 19:17:41,700 INFO o.a.j.t.JMeterThread: Stopping because end time detected by thread: jp@gc - Ultimate Thread Group 1-78
2020-04-06 19:17:41,701 INFO o.a.j.t.JMeterThread: Thread finished: jp@gc - Ultimate Thread Group 1-78
2020-04-06 19:17:42,054 INFO o.a.j.t.JMeterThread: Stopping because end time detected by thread: jp@gc - Ultimate Thread Group 1-77
2020-04-06 19:17:42,054 INFO o.a.j.t.JMeterThread: Thread finished: jp@gc - Ultimate Thread Group 1-77
2020-04-06 19:17:42,210 INFO o.a.j.t.JMeterThread: Stopping because end time detected by thread: jp@gc - Ultimate Thread Group 1-20
2020-04-06 19:17:42,210 INFO o.a.j.t.JMeterThread: Thread finished: jp@gc - Ultimate Thread Group 1-20
2020-04-06 19:17:42,263 INFO o.a.j.t.JMeterThread: Stopping because end time detected by thread: jp@gc - Ultimate Thread Group 1-62
2020-04-06 19:17:42,263 INFO o.a.j.t.JMeterThread: Thread finished: jp@gc - Ultimate Thread Group 1-62
2020-04-06 19:17:42,995 INFO o.a.j.t.JMeterThread: Stopping because end time detected by thread: jp@gc - Ultimate Thread Group 1-63
2020-04-06 19:17:42,995 INFO o.a.j.t.JMeterThread: Thread finished: jp@gc - Ultimate Thread Group 1-63
2020-04-06 19:17:43,085 INFO o.a.j.t.JMeterThread: Stopping because end time detected by thread: jp@gc - Ultimate Thread Group 1-75
2020-04-06 19:17:43,085 INFO o.a.j.t.JMeterThread: Thread finished: jp@gc - Ultimate Thread Group 1-75
2020-04-06 19:17:43,137 INFO o.a.j.t.JMeterThread: Stopping because end time detected by thread: jp@gc - Ultimate Thread Group 1-76
2020-04-06 19:17:43,138 INFO o.a.j.t.JMeterThread: Thread finished: jp@gc - Ultimate Thread Group 1-76
2020-04-06 19:17:43,329 INFO o.a.j.t.JMeterThread: Stopping because end time detected by thread: jp@gc - Ultimate Thread Group 1-73
2020-04-06 19:17:43,330 INFO o.a.j.t.JMeterThread: Thread finished: jp@gc - Ultimate Thread Group 1-73
2020-04-06 19:17:43,646 INFO o.a.j.t.JMeterThread: Stopping because end time detected by thread: jp@gc - Ultimate Thread Group 1-58
2020-04-06 19:17:43,646 INFO o.a.j.t.JMeterThread: Thread finished: jp@gc - Ultimate Thread Group 1-58
2020-04-06 19:17:43,655 INFO o.a.j.t.JMeterThread: Stopping because end time detected by thread: jp@gc - Ultimate Thread Group 1-70
2020-04-06 19:17:43,655 INFO o.a.j.t.JMeterThread: Thread finished: jp@gc - Ultimate Thread Group 1-70
2020-04-06 19:17:43,695 INFO o.a.j.t.JMeterThread: Stopping because end time detected by thread: jp@gc - Ultimate Thread Group 1-60
2020-04-06 19:17:43,696 INFO o.a.j.t.JMeterThread: Thread finished: jp@gc - Ultimate Thread Group 1-60
2020-04-06 19:17:43,938 INFO o.a.j.t.JMeterThread: Stopping because end time detected by thread: jp@gc - Ultimate Thread Group 1-69
2020-04-06 19:17:43,938 INFO o.a.j.t.JMeterThread: Thread finished: jp@gc - Ultimate Thread Group 1-69
2020-04-06 19:17:44,075 INFO o.a.j.t.JMeterThread: Stopping because end time detected by thread: jp@gc - Ultimate Thread Group 1-71
2020-04-06 19:17:44,075 INFO o.a.j.t.JMeterThread: Thread finished: jp@gc - Ultimate Thread Group 1-71
2020-04-06 19:17:44,388 INFO o.a.j.t.JMeterThread: Stopping because end time detected by thread: jp@gc - Ultimate Thread Group 1-66
2020-04-06 19:17:44,388 INFO o.a.j.t.JMeterThread: Thread finished: jp@gc - Ultimate Thread Group 1-66
2020-04-06 19:17:44,415 INFO o.a.j.t.JMeterThread: Stopping because end time detected by thread: jp@gc - Ultimate Thread Group 1-72
2020-04-06 19:17:44,416 INFO o.a.j.t.JMeterThread: Thread finished: jp@gc - Ultimate Thread Group 1-72
2020-04-06 19:17:44,757 INFO o.a.j.t.JMeterThread: Stopping because end time detected by thread: jp@gc - Ultimate Thread Group 1-74
2020-04-06 19:17:44,757 INFO o.a.j.t.JMeterThread: Thread finished: jp@gc - Ultimate Thread Group 1-74
2020-04-06 19:17:44,884 INFO o.a.j.t.JMeterThread: Stopping because end time detected by thread: jp@gc - Ultimate Thread Group 1-59
2020-04-06 19:17:44,885 INFO o.a.j.t.JMeterThread: Thread finished: jp@gc - Ultimate Thread Group 1-59
2020-04-06 19:17:44,945 INFO o.a.j.t.JMeterThread: Stopping because end time detected by thread: jp@gc - Ultimate Thread Group 1-64
2020-04-06 19:17:44,946 INFO o.a.j.t.JMeterThread: Thread finished: jp@gc - Ultimate Thread Group 1-64
2020-04-06 19:17:45,109 INFO o.a.j.t.JMeterThread: Stopping because end time detected by thread: jp@gc - Ultimate Thread Group 1-68
2020-04-06 19:17:45,110 INFO o.a.j.t.JMeterThread: Thread finished: jp@gc - Ultimate Thread Group 1-68
2020-04-06 19:17:45,207 INFO o.a.j.t.JMeterThread: Stopping because end time detected by thread: jp@gc - Ultimate Thread Group 1-18
2020-04-06 19:17:45,208 INFO o.a.j.t.JMeterThread: Thread finished: jp@gc - Ultimate Thread Group 1-18
2020-04-06 19:17:45,480 INFO o.a.j.t.JMeterThread: Stopping because end time detected by thread: jp@gc - Ultimate Thread Group 1-19
2020-04-06 19:17:45,481 INFO o.a.j.t.JMeterThread: Thread finished: jp@gc - Ultimate Thread Group 1-19
2020-04-06 19:17:45,667 INFO o.a.j.t.JMeterThread: Stopping because end time detected by thread: jp@gc - Ultimate Thread Group 1-61
2020-04-06 19:17:45,668 INFO o.a.j.t.JMeterThread: Thread finished: jp@gc - Ultimate Thread Group 1-61
2020-04-06 19:17:45,799 INFO o.a.j.t.JMeterThread: Stopping because end time detected by thread: jp@gc - Ultimate Thread Group 1-27
2020-04-06 19:17:45,800 INFO o.a.j.t.JMeterThread: Thread finished: jp@gc - Ultimate Thread Group 1-27
2020-04-06 19:17:45,886 INFO o.a.j.t.JMeterThread: Stopping because end time detected by thread: jp@gc - Ultimate Thread Group 1-65
2020-04-06 19:17:45,886 INFO o.a.j.t.JMeterThread: Thread finished: jp@gc - Ultimate Thread Group 1-65
2020-04-06 19:17:46,075 INFO o.a.j.t.JMeterThread: Stopping because end time detected by thread: jp@gc - Ultimate Thread Group 1-67
2020-04-06 19:17:46,075 INFO o.a.j.t.JMeterThread: Thread finished: jp@gc - Ultimate Thread Group 1-67
2020-04-06 19:17:46,322 INFO o.a.j.t.JMeterThread: Stopping because end time detected by thread: jp@gc - Ultimate Thread Group 1-56
2020-04-06 19:17:46,323 INFO o.a.j.t.JMeterThread: Thread finished: jp@gc - Ultimate Thread Group 1-56
2020-04-06 19:17:46,627 INFO o.a.j.t.JMeterThread: Stopping because end time detected by thread: jp@gc - Ultimate Thread Group 1-57
2020-04-06 19:17:46,627 INFO o.a.j.t.JMeterThread: Thread finished: jp@gc - Ultimate Thread Group 1-57
2020-04-06 19:17:46,674 INFO o.a.j.t.JMeterThread: Stopping because end time detected by thread: jp@gc - Ultimate Thread Group 1-55
2020-04-06 19:17:46,675 INFO o.a.j.t.JMeterThread: Thread finished: jp@gc - Ultimate Thread Group 1-55
2020-04-06 19:17:47,428 INFO o.a.j.t.JMeterThread: Stopping because end time detected by thread: jp@gc - Ultimate Thread Group 1-54
2020-04-06 19:17:47,429 INFO o.a.j.t.JMeterThread: Thread finished: jp@gc - Ultimate Thread Group 1-54
2020-04-06 19:17:47,488 INFO o.a.j.t.JMeterThread: Stopping because end time detected by thread: jp@gc - Ultimate Thread Group 1-14
2020-04-06 19:17:47,488 INFO o.a.j.t.JMeterThread: Thread finished: jp@gc - Ultimate Thread Group 1-14
2020-04-06 19:17:47,843 INFO o.a.j.t.JMeterThread: Stopping because end time detected by thread: jp@gc - Ultimate Thread Group 1-52
2020-04-06 19:17:47,844 INFO o.a.j.t.JMeterThread: Thread finished: jp@gc - Ultimate Thread Group 1-52
2020-04-06 19:17:47,925 INFO o.a.j.t.JMeterThread: Stopping because end time detected by thread: jp@gc - Ultimate Thread Group 1-16
2020-04-06 19:17:47,926 INFO o.a.j.t.JMeterThread: Thread finished: jp@gc - Ultimate Thread Group 1-16
2020-04-06 19:17:47,980 INFO o.a.j.t.JMeterThread: Stopping because end time detected by thread: jp@gc - Ultimate Thread Group 1-50
2020-04-06 19:17:47,981 INFO o.a.j.t.JMeterThread: Thread finished: jp@gc - Ultimate Thread Group 1-50
2020-04-06 19:17:47,984 INFO o.a.j.t.JMeterThread: Stopping because end time detected by thread: jp@gc - Ultimate Thread Group 1-53
2020-04-06 19:17:47,984 INFO o.a.j.t.JMeterThread: Thread finished: jp@gc - Ultimate Thread Group 1-53
2020-04-06 19:17:48,323 INFO o.a.j.t.JMeterThread: Stopping because end time detected by thread: jp@gc - Ultimate Thread Group 1-26
2020-04-06 19:17:48,323 INFO o.a.j.t.JMeterThread: Thread finished: jp@gc - Ultimate Thread Group 1-26
2020-04-06 19:17:48,357 INFO o.a.j.t.JMeterThread: Stopping because end time detected by thread: jp@gc - Ultimate Thread Group 1-30
2020-04-06 19:17:48,357 INFO o.a.j.t.JMeterThread: Thread finished: jp@gc - Ultimate Thread Group 1-30
2020-04-06 19:17:48,362 INFO o.a.j.t.JMeterThread: Stopping because end time detected by thread: jp@gc - Ultimate Thread Group 1-17
2020-04-06 19:17:48,363 INFO o.a.j.t.JMeterThread: Thread finished: jp@gc - Ultimate Thread Group 1-17
2020-04-06 19:17:48,411 INFO o.a.j.t.JMeterThread: Stopping because end time detected by thread: jp@gc - Ultimate Thread Group 1-51
2020-04-06 19:17:48,411 INFO o.a.j.t.JMeterThread: Thread finished: jp@gc - Ultimate Thread Group 1-51
2020-04-06 19:17:48,950 INFO o.a.j.t.JMeterThread: Stopping because end time detected by thread: jp@gc - Ultimate Thread Group 1-15
2020-04-06 19:17:48,951 INFO o.a.j.t.JMeterThread: Thread finished: jp@gc - Ultimate Thread Group 1-15
2020-04-06 19:17:49,338 INFO o.a.j.t.JMeterThread: Stopping because end time detected by thread: jp@gc - Ultimate Thread Group 1-49
2020-04-06 19:17:49,338 INFO o.a.j.t.JMeterThread: Thread finished: jp@gc - Ultimate Thread Group 1-49
2020-04-06 19:17:49,718 INFO o.a.j.t.JMeterThread: Stopping because end time detected by thread: jp@gc - Ultimate Thread Group 1-44
2020-04-06 19:17:49,718 INFO o.a.j.t.JMeterThread: Thread finished: jp@gc - Ultimate Thread Group 1-44
2020-04-06 19:17:50,134 INFO o.a.j.t.JMeterThread: Stopping because end time detected by thread: jp@gc - Ultimate Thread Group 1-48
2020-04-06 19:17:50,134 INFO o.a.j.t.JMeterThread: Thread finished: jp@gc - Ultimate Thread Group 1-48
2020-04-06 19:17:50,354 INFO o.a.j.t.JMeterThread: Stopping because end time detected by thread: jp@gc - Ultimate Thread Group 1-46
2020-04-06 19:17:50,355 INFO o.a.j.t.JMeterThread: Thread finished: jp@gc - Ultimate Thread Group 1-46
2020-04-06 19:17:50,369 INFO o.a.j.t.JMeterThread: Stopping because end time detected by thread: jp@gc - Ultimate Thread Group 1-45
2020-04-06 19:17:50,370 INFO o.a.j.t.JMeterThread: Thread finished: jp@gc - Ultimate Thread Group 1-45
2020-04-06 19:17:50,397 INFO o.a.j.t.JMeterThread: Stopping because end time detected by thread: jp@gc - Ultimate Thread Group 1-25
2020-04-06 19:17:50,397 INFO o.a.j.t.JMeterThread: Thread finished: jp@gc - Ultimate Thread Group 1-25
2020-04-06 19:17:50,537 INFO o.a.j.t.JMeterThread: Stopping because end time detected by thread: jp@gc - Ultimate Thread Group 1-24
2020-04-06 19:17:50,538 INFO o.a.j.t.JMeterThread: Thread finished: jp@gc - Ultimate Thread Group 1-24
2020-04-06 19:17:50,562 INFO o.a.j.t.JMeterThread: Stopping because end time detected by thread: jp@gc - Ultimate Thread Group 1-13
2020-04-06 19:17:50,562 INFO o.a.j.t.JMeterThread: Thread finished: jp@gc - Ultimate Thread Group 1-13
2020-04-06 19:17:50,684 INFO o.a.j.t.JMeterThread: Stopping because end time detected by thread: jp@gc - Ultimate Thread Group 1-12
2020-04-06 19:17:50,684 INFO o.a.j.t.JMeterThread: Thread finished: jp@gc - Ultimate Thread Group 1-12
2020-04-06 19:17:50,787 INFO o.a.j.t.JMeterThread: Stopping because end time detected by thread: jp@gc - Ultimate Thread Group 1-39
2020-04-06 19:17:50,788 INFO o.a.j.t.JMeterThread: Thread finished: jp@gc - Ultimate Thread Group 1-39
2020-04-06 19:17:50,822 INFO o.a.j.t.JMeterThread: Stopping because end time detected by thread: jp@gc - Ultimate Thread Group 1-32
2020-04-06 19:17:50,822 INFO o.a.j.t.JMeterThread: Thread finished: jp@gc - Ultimate Thread Group 1-32
2020-04-06 19:17:50,969 INFO o.a.j.t.JMeterThread: Stopping because end time detected by thread: jp@gc - Ultimate Thread Group 1-40
2020-04-06 19:17:50,970 INFO o.a.j.t.JMeterThread: Thread finished: jp@gc - Ultimate Thread Group 1-40
2020-04-06 19:17:51,097 INFO o.a.j.t.JMeterThread: Stopping because end time detected by thread: jp@gc - Ultimate Thread Group 1-47
2020-04-06 19:17:51,098 INFO o.a.j.t.JMeterThread: Thread finished: jp@gc - Ultimate Thread Group 1-47
2020-04-06 19:17:51,124 INFO o.a.j.t.JMeterThread: Stopping because end time detected by thread: jp@gc - Ultimate Thread Group 1-11
2020-04-06 19:17:51,125 INFO o.a.j.t.JMeterThread: Thread finished: jp@gc - Ultimate Thread Group 1-11
2020-04-06 19:17:51,178 INFO o.a.j.t.JMeterThread: Stopping because end time detected by thread: jp@gc - Ultimate Thread Group 1-41
2020-04-06 19:17:51,179 INFO o.a.j.t.JMeterThread: Thread finished: jp@gc - Ultimate Thread Group 1-41
2020-04-06 19:17:51,193 INFO o.a.j.t.JMeterThread: Stopping because end time detected by thread: jp@gc - Ultimate Thread Group 1-43
2020-04-06 19:17:51,194 INFO o.a.j.t.JMeterThread: Thread finished: jp@gc - Ultimate Thread Group 1-43
2020-04-06 19:17:51,377 INFO o.a.j.t.JMeterThread: Stopping because end time detected by thread: jp@gc - Ultimate Thread Group 1-42
2020-04-06 19:17:51,377 INFO o.a.j.t.JMeterThread: Thread finished: jp@gc - Ultimate Thread Group 1-42
2020-04-06 19:17:51,439 INFO o.a.j.t.JMeterThread: Stopping because end time detected by thread: jp@gc - Ultimate Thread Group 1-29
2020-04-06 19:17:51,439 INFO o.a.j.t.JMeterThread: Thread finished: jp@gc - Ultimate Thread Group 1-29
2020-04-06 19:17:51,461 INFO o.a.j.t.JMeterThread: Stopping because end time detected by thread: jp@gc - Ultimate Thread Group 1-10
2020-04-06 19:17:51,462 INFO o.a.j.t.JMeterThread: Thread finished: jp@gc - Ultimate Thread Group 1-10
2020-04-06 19:17:51,547 INFO o.a.j.t.JMeterThread: Stopping because end time detected by thread: jp@gc - Ultimate Thread Group 1-38
2020-04-06 19:17:51,548 INFO o.a.j.t.JMeterThread: Thread finished: jp@gc - Ultimate Thread Group 1-38
2020-04-06 19:17:51,558 INFO o.a.j.t.JMeterThread: Stopping because end time detected by thread: jp@gc - Ultimate Thread Group 1-35
2020-04-06 19:17:51,558 INFO o.a.j.t.JMeterThread: Thread finished: jp@gc - Ultimate Thread Group 1-35
2020-04-06 19:17:51,576 INFO o.a.j.t.JMeterThread: Stopping because end time detected by thread: jp@gc - Ultimate Thread Group 1-37
2020-04-06 19:17:51,577 INFO o.a.j.t.JMeterThread: Thread finished: jp@gc - Ultimate Thread Group 1-37
2020-04-06 19:17:51,612 INFO o.a.j.t.JMeterThread: Stopping because end time detected by thread: jp@gc - Ultimate Thread Group 1-34
2020-04-06 19:17:51,613 INFO o.a.j.t.JMeterThread: Thread finished: jp@gc - Ultimate Thread Group 1-34
2020-04-06 19:17:51,628 INFO o.a.j.t.JMeterThread: Stopping because end time detected by thread: jp@gc - Ultimate Thread Group 1-9
2020-04-06 19:17:51,628 INFO o.a.j.t.JMeterThread: Thread finished: jp@gc - Ultimate Thread Group 1-9
2020-04-06 19:17:51,681 INFO o.a.j.t.JMeterThread: Stopping because end time detected by thread: jp@gc - Ultimate Thread Group 1-36
2020-04-06 19:17:51,681 INFO o.a.j.t.JMeterThread: Thread finished: jp@gc - Ultimate Thread Group 1-36
2020-04-06 19:17:51,725 INFO o.a.j.t.JMeterThread: Stopping because end time detected by thread: jp@gc - Ultimate Thread Group 1-31
2020-04-06 19:17:51,725 INFO o.a.j.t.JMeterThread: Thread finished: jp@gc - Ultimate Thread Group 1-31
2020-04-06 19:17:51,771 INFO o.a.j.t.JMeterThread: Stopping because end time detected by thread: jp@gc - Ultimate Thread Group 1-94
2020-04-06 19:17:51,772 INFO o.a.j.t.JMeterThread: Thread finished: jp@gc - Ultimate Thread Group 1-94
2020-04-06 19:17:51,836 INFO o.a.j.t.JMeterThread: Stopping because end time detected by thread: jp@gc - Ultimate Thread Group 1-8
2020-04-06 19:17:51,836 INFO o.a.j.t.JMeterThread: Stopping because end time detected by thread: jp@gc - Ultimate Thread Group 1-92
2020-04-06 19:17:51,836 INFO o.a.j.t.JMeterThread: Thread finished: jp@gc - Ultimate Thread Group 1-8
2020-04-06 19:17:51,837 INFO o.a.j.t.JMeterThread: Thread finished: jp@gc - Ultimate Thread Group 1-92
2020-04-06 19:17:51,841 INFO o.a.j.t.JMeterThread: Stopping because end time detected by thread: jp@gc - Ultimate Thread Group 1-33
2020-04-06 19:17:51,841 INFO o.a.j.t.JMeterThread: Thread finished: jp@gc - Ultimate Thread Group 1-33
2020-04-06 19:17:51,856 INFO o.a.j.t.JMeterThread: Stopping because end time detected by thread: jp@gc - Ultimate Thread Group 1-93
2020-04-06 19:17:51,857 INFO o.a.j.t.JMeterThread: Thread finished: jp@gc - Ultimate Thread Group 1-93
2020-04-06 19:17:51,858 INFO o.a.j.e.StandardJMeterEngine: Notifying test listeners of end of test
2020-04-06 19:17:51,860 INFO o.a.j.r.Summariser: summary +    101 in 00:00:22 =    4.6/s Avg: 33526 Min: 18494 Max: 41965 Err:     0 (0.00%) Active: 0 Started: 94 Finished: 94
2020-04-06 19:17:51,861 INFO o.a.j.r.Summariser: summary =    482 in 00:03:29 =    2.3/s Avg: 35004 Min:  1024 Max: 42519 Err:     0 (0.00%)
