2020-04-06 19:44:30,814 INFO o.a.j.u.JMeterUtils: Setting Locale to en_US
2020-04-06 19:44:30,847 INFO o.a.j.JMeter: Loading user properties from: /home/pablo/jmeter/bin/user.properties
2020-04-06 19:44:30,849 INFO o.a.j.JMeter: Loading system properties from: /home/pablo/jmeter/bin/system.properties
2020-04-06 19:44:30,849 INFO o.a.j.JMeter: Setting System property: HILOS1=67
2020-04-06 19:44:30,850 INFO o.a.j.JMeter: Setting System property: DELAY1=0
2020-04-06 19:44:30,850 INFO o.a.j.JMeter: Setting System property: SUBIDA1=25
2020-04-06 19:44:30,850 INFO o.a.j.JMeter: Setting System property: DURACION1=205
2020-04-06 19:44:30,851 INFO o.a.j.JMeter: Setting System property: HILOS2=66
2020-04-06 19:44:30,851 INFO o.a.j.JMeter: Setting System property: DELAY2=25
2020-04-06 19:44:30,851 INFO o.a.j.JMeter: Setting System property: SUBIDA2=25
2020-04-06 19:44:30,851 INFO o.a.j.JMeter: Setting System property: DURACION2=180
2020-04-06 19:44:30,852 INFO o.a.j.JMeter: Setting System property: HILOS3=66
2020-04-06 19:44:30,852 INFO o.a.j.JMeter: Setting System property: DELAY3=50
2020-04-06 19:44:30,852 INFO o.a.j.JMeter: Setting System property: SUBIDA3=25
2020-04-06 19:44:30,852 INFO o.a.j.JMeter: Setting System property: DURACION3=155
2020-04-06 19:44:30,853 INFO o.a.j.JMeter: Setting System property: FILE=scriptresultsperfmonDin200.jtl
2020-04-06 19:44:30,856 INFO o.a.j.JMeter: Copyright (c) 1998-2019 The Apache Software Foundation
2020-04-06 19:44:30,856 INFO o.a.j.JMeter: Version 5.2.1
2020-04-06 19:44:30,856 INFO o.a.j.JMeter: java.version=1.8.0_201
2020-04-06 19:44:30,857 INFO o.a.j.JMeter: java.vm.name=Java HotSpot(TM) 64-Bit Server VM
2020-04-06 19:44:30,857 INFO o.a.j.JMeter: os.name=Linux
2020-04-06 19:44:30,857 INFO o.a.j.JMeter: os.arch=amd64
2020-04-06 19:44:30,857 INFO o.a.j.JMeter: os.version=4.15.0-91-generic
2020-04-06 19:44:30,858 INFO o.a.j.JMeter: file.encoding=UTF-8
2020-04-06 19:44:30,858 INFO o.a.j.JMeter: java.awt.headless=true
2020-04-06 19:44:30,858 INFO o.a.j.JMeter: Max memory     =732954624
2020-04-06 19:44:30,859 INFO o.a.j.JMeter: Available Processors =4
2020-04-06 19:44:30,866 INFO o.a.j.JMeter: Default Locale=English (United States)
2020-04-06 19:44:30,867 INFO o.a.j.JMeter: JMeter  Locale=English (United States)
2020-04-06 19:44:30,867 INFO o.a.j.JMeter: JMeterHome=/home/pablo/jmeter
2020-04-06 19:44:30,868 INFO o.a.j.JMeter: user.dir  =/home/pablo/jmeter/bin/EJECUCIONES/P2
2020-04-06 19:44:30,868 INFO o.a.j.JMeter: PWD       =/home/pablo/jmeter/bin/EJECUCIONES/P2
2020-04-06 19:44:30,869 INFO o.a.j.JMeter: IP: 127.0.1.1 Name: hylianpablo FullName: hylianpablo
2020-04-06 19:44:30,879 INFO o.a.j.s.FileServer: Default base='/home/pablo/jmeter/bin/EJECUCIONES/P2'
2020-04-06 19:44:30,890 INFO o.a.j.s.FileServer: Set new base='/home/pablo/jmeter/bin/EJECUCIONES/P2/../..'
2020-04-06 19:44:31,217 INFO o.a.j.s.SaveService: Testplan (JMX) version: 2.2. Testlog (JTL) version: 2.2
2020-04-06 19:44:31,236 INFO o.a.j.s.SaveService: Using SaveService properties file encoding UTF-8
2020-04-06 19:44:31,249 INFO o.a.j.s.SaveService: Using SaveService properties version 5.0
2020-04-06 19:44:31,269 INFO o.a.j.s.SaveService: Loading file: ../../Dinamica.jmx
2020-04-06 19:44:31,451 INFO o.a.j.p.h.s.HTTPSamplerBase: Parser for text/html is org.apache.jmeter.protocol.http.parser.LagartoBasedHtmlParser
2020-04-06 19:44:31,452 INFO o.a.j.p.h.s.HTTPSamplerBase: Parser for application/xhtml+xml is org.apache.jmeter.protocol.http.parser.LagartoBasedHtmlParser
2020-04-06 19:44:31,452 INFO o.a.j.p.h.s.HTTPSamplerBase: Parser for application/xml is org.apache.jmeter.protocol.http.parser.LagartoBasedHtmlParser
2020-04-06 19:44:31,453 INFO o.a.j.p.h.s.HTTPSamplerBase: Parser for text/xml is org.apache.jmeter.protocol.http.parser.LagartoBasedHtmlParser
2020-04-06 19:44:31,453 INFO o.a.j.p.h.s.HTTPSamplerBase: Parser for text/vnd.wap.wml is org.apache.jmeter.protocol.http.parser.RegexpHTMLParser
2020-04-06 19:44:31,453 INFO o.a.j.p.h.s.HTTPSamplerBase: Parser for text/css is org.apache.jmeter.protocol.http.parser.CssParser
2020-04-06 19:44:31,486 INFO o.a.j.JMeter: Creating summariser <summary>
2020-04-06 19:44:31,506 INFO o.a.j.e.StandardJMeterEngine: Running the test!
2020-04-06 19:44:31,509 INFO o.a.j.s.SampleEvent: List of sample_variables: []
2020-04-06 19:44:31,509 INFO o.a.j.s.SampleEvent: List of sample_variables: []
2020-04-06 19:44:31,522 INFO o.a.j.e.u.CompoundVariable: Note: Function class names must contain the string: '.functions.'
2020-04-06 19:44:31,523 INFO o.a.j.e.u.CompoundVariable: Note: Function class names must not contain the string: '.gui.'
2020-04-06 19:44:32,419 INFO o.a.j.JMeter: Running test (1586195072419)
2020-04-06 19:44:32,525 INFO o.a.j.e.StandardJMeterEngine: Starting ThreadGroup: 1 : jp@gc - Ultimate Thread Group
2020-04-06 19:44:32,526 INFO o.a.j.e.StandardJMeterEngine: Starting 199 threads for group jp@gc - Ultimate Thread Group.
2020-04-06 19:44:32,527 INFO o.a.j.e.StandardJMeterEngine: Thread will continue on error
2020-04-06 19:44:32,527 INFO k.a.j.t.AbstractSimpleThreadGroup: Starting thread group number 1 threads 199
2020-04-06 19:44:32,747 INFO k.a.j.t.AbstractSimpleThreadGroup: Started thread group number 1
2020-04-06 19:44:32,747 INFO o.a.j.e.StandardJMeterEngine: All thread groups have been started
2020-04-06 19:44:32,900 INFO o.a.j.t.JMeterThread: Thread started: jp@gc - Ultimate Thread Group 1-67
2020-04-06 19:44:32,948 INFO o.a.j.p.h.s.HTTPHCAbstractImpl: Local host = hylianpablo
2020-04-06 19:44:32,964 INFO o.a.j.p.h.s.HTTPHC4Impl: HTTP request retry count = 0
2020-04-06 19:44:32,968 INFO o.a.j.s.SampleResult: Note: Sample TimeStamps are START times
2020-04-06 19:44:32,969 INFO o.a.j.s.SampleResult: sampleresult.default.encoding is set to ISO-8859-1
2020-04-06 19:44:32,969 INFO o.a.j.s.SampleResult: sampleresult.useNanoTime=true
2020-04-06 19:44:32,969 INFO o.a.j.s.SampleResult: sampleresult.nanoThreadSleep=5000
2020-04-06 19:44:33,273 INFO o.a.j.t.JMeterThread: Thread started: jp@gc - Ultimate Thread Group 1-66
2020-04-06 19:44:33,646 INFO o.a.j.t.JMeterThread: Thread started: jp@gc - Ultimate Thread Group 1-65
2020-04-06 19:44:34,020 INFO o.a.j.t.JMeterThread: Thread started: jp@gc - Ultimate Thread Group 1-64
2020-04-06 19:44:34,321 INFO o.a.j.r.Summariser: summary +      1 in 00:00:02 =    0.5/s Avg:  1040 Min:  1040 Max:  1040 Err:     0 (0.00%) Active: 4 Started: 4 Finished: 0
2020-04-06 19:44:34,333 INFO o.a.j.u.JsseSSLManager: Using default SSL protocol: TLS
2020-04-06 19:44:34,333 INFO o.a.j.u.JsseSSLManager: SSL session context: per-thread
2020-04-06 19:44:34,393 INFO o.a.j.t.JMeterThread: Thread started: jp@gc - Ultimate Thread Group 1-63
2020-04-06 19:44:34,766 INFO o.a.j.t.JMeterThread: Thread started: jp@gc - Ultimate Thread Group 1-62
2020-04-06 19:44:35,139 INFO o.a.j.t.JMeterThread: Thread started: jp@gc - Ultimate Thread Group 1-61
2020-04-06 19:44:35,513 INFO o.a.j.t.JMeterThread: Thread started: jp@gc - Ultimate Thread Group 1-60
2020-04-06 19:44:35,885 INFO o.a.j.t.JMeterThread: Thread started: jp@gc - Ultimate Thread Group 1-59
2020-04-06 19:44:36,259 INFO o.a.j.t.JMeterThread: Thread started: jp@gc - Ultimate Thread Group 1-58
2020-04-06 19:44:36,631 INFO o.a.j.t.JMeterThread: Thread started: jp@gc - Ultimate Thread Group 1-57
2020-04-06 19:44:37,005 INFO o.a.j.t.JMeterThread: Thread started: jp@gc - Ultimate Thread Group 1-56
2020-04-06 19:44:37,378 INFO o.a.j.t.JMeterThread: Thread started: jp@gc - Ultimate Thread Group 1-55
2020-04-06 19:44:37,751 INFO o.a.j.t.JMeterThread: Thread started: jp@gc - Ultimate Thread Group 1-54
2020-04-06 19:44:38,125 INFO o.a.j.t.JMeterThread: Thread started: jp@gc - Ultimate Thread Group 1-53
2020-04-06 19:44:38,498 INFO o.a.j.t.JMeterThread: Thread started: jp@gc - Ultimate Thread Group 1-52
2020-04-06 19:44:38,870 INFO o.a.j.t.JMeterThread: Thread started: jp@gc - Ultimate Thread Group 1-51
2020-04-06 19:44:39,244 INFO o.a.j.t.JMeterThread: Thread started: jp@gc - Ultimate Thread Group 1-50
2020-04-06 19:44:39,617 INFO o.a.j.t.JMeterThread: Thread started: jp@gc - Ultimate Thread Group 1-49
2020-04-06 19:44:39,990 INFO o.a.j.t.JMeterThread: Thread started: jp@gc - Ultimate Thread Group 1-48
2020-04-06 19:44:40,362 INFO o.a.j.t.JMeterThread: Thread started: jp@gc - Ultimate Thread Group 1-47
2020-04-06 19:44:40,736 INFO o.a.j.t.JMeterThread: Thread started: jp@gc - Ultimate Thread Group 1-46
2020-04-06 19:44:41,110 INFO o.a.j.t.JMeterThread: Thread started: jp@gc - Ultimate Thread Group 1-45
2020-04-06 19:44:41,482 INFO o.a.j.t.JMeterThread: Thread started: jp@gc - Ultimate Thread Group 1-44
2020-04-06 19:44:41,856 INFO o.a.j.t.JMeterThread: Thread started: jp@gc - Ultimate Thread Group 1-43
2020-04-06 19:44:42,229 INFO o.a.j.t.JMeterThread: Thread started: jp@gc - Ultimate Thread Group 1-42
2020-04-06 19:44:42,602 INFO o.a.j.t.JMeterThread: Thread started: jp@gc - Ultimate Thread Group 1-41
2020-04-06 19:44:42,974 INFO o.a.j.t.JMeterThread: Thread started: jp@gc - Ultimate Thread Group 1-40
2020-04-06 19:44:43,347 INFO o.a.j.t.JMeterThread: Thread started: jp@gc - Ultimate Thread Group 1-39
2020-04-06 19:44:43,721 INFO o.a.j.t.JMeterThread: Thread started: jp@gc - Ultimate Thread Group 1-38
2020-04-06 19:44:44,095 INFO o.a.j.t.JMeterThread: Thread started: jp@gc - Ultimate Thread Group 1-37
2020-04-06 19:44:44,467 INFO o.a.j.t.JMeterThread: Thread started: jp@gc - Ultimate Thread Group 1-36
2020-04-06 19:44:44,841 INFO o.a.j.t.JMeterThread: Thread started: jp@gc - Ultimate Thread Group 1-35
2020-04-06 19:44:45,214 INFO o.a.j.t.JMeterThread: Thread started: jp@gc - Ultimate Thread Group 1-34
2020-04-06 19:44:45,586 INFO o.a.j.t.JMeterThread: Thread started: jp@gc - Ultimate Thread Group 1-33
2020-04-06 19:44:45,960 INFO o.a.j.t.JMeterThread: Thread started: jp@gc - Ultimate Thread Group 1-32
2020-04-06 19:44:46,333 INFO o.a.j.t.JMeterThread: Thread started: jp@gc - Ultimate Thread Group 1-31
2020-04-06 19:44:46,706 INFO o.a.j.t.JMeterThread: Thread started: jp@gc - Ultimate Thread Group 1-30
2020-04-06 19:44:47,080 INFO o.a.j.t.JMeterThread: Thread started: jp@gc - Ultimate Thread Group 1-29
2020-04-06 19:44:47,453 INFO o.a.j.t.JMeterThread: Thread started: jp@gc - Ultimate Thread Group 1-28
2020-04-06 19:44:47,825 INFO o.a.j.t.JMeterThread: Thread started: jp@gc - Ultimate Thread Group 1-27
2020-04-06 19:44:48,199 INFO o.a.j.t.JMeterThread: Thread started: jp@gc - Ultimate Thread Group 1-26
2020-04-06 19:44:48,572 INFO o.a.j.t.JMeterThread: Thread started: jp@gc - Ultimate Thread Group 1-25
2020-04-06 19:44:48,945 INFO o.a.j.t.JMeterThread: Thread started: jp@gc - Ultimate Thread Group 1-24
2020-04-06 19:44:49,319 INFO o.a.j.t.JMeterThread: Thread started: jp@gc - Ultimate Thread Group 1-23
2020-04-06 19:44:49,692 INFO o.a.j.t.JMeterThread: Thread started: jp@gc - Ultimate Thread Group 1-22
2020-04-06 19:44:50,065 INFO o.a.j.t.JMeterThread: Thread started: jp@gc - Ultimate Thread Group 1-21
2020-04-06 19:44:50,438 INFO o.a.j.t.JMeterThread: Thread started: jp@gc - Ultimate Thread Group 1-20
2020-04-06 19:44:50,811 INFO o.a.j.t.JMeterThread: Thread started: jp@gc - Ultimate Thread Group 1-19
2020-04-06 19:44:51,184 INFO o.a.j.t.JMeterThread: Thread started: jp@gc - Ultimate Thread Group 1-18
2020-04-06 19:44:51,557 INFO o.a.j.t.JMeterThread: Thread started: jp@gc - Ultimate Thread Group 1-17
2020-04-06 19:44:51,929 INFO o.a.j.t.JMeterThread: Thread started: jp@gc - Ultimate Thread Group 1-16
2020-04-06 19:44:52,303 INFO o.a.j.t.JMeterThread: Thread started: jp@gc - Ultimate Thread Group 1-15
2020-04-06 19:44:52,677 INFO o.a.j.t.JMeterThread: Thread started: jp@gc - Ultimate Thread Group 1-14
2020-04-06 19:44:53,050 INFO o.a.j.t.JMeterThread: Thread started: jp@gc - Ultimate Thread Group 1-13
2020-04-06 19:44:53,423 INFO o.a.j.t.JMeterThread: Thread started: jp@gc - Ultimate Thread Group 1-12
2020-04-06 19:44:53,796 INFO o.a.j.t.JMeterThread: Thread started: jp@gc - Ultimate Thread Group 1-11
2020-04-06 19:44:54,168 INFO o.a.j.t.JMeterThread: Thread started: jp@gc - Ultimate Thread Group 1-10
2020-04-06 19:44:54,542 INFO o.a.j.t.JMeterThread: Thread started: jp@gc - Ultimate Thread Group 1-9
2020-04-06 19:44:54,916 INFO o.a.j.t.JMeterThread: Thread started: jp@gc - Ultimate Thread Group 1-8
2020-04-06 19:44:55,289 INFO o.a.j.t.JMeterThread: Thread started: jp@gc - Ultimate Thread Group 1-7
2020-04-06 19:44:55,662 INFO o.a.j.t.JMeterThread: Thread started: jp@gc - Ultimate Thread Group 1-6
2020-04-06 19:44:56,035 INFO o.a.j.t.JMeterThread: Thread started: jp@gc - Ultimate Thread Group 1-5
2020-04-06 19:44:56,408 INFO o.a.j.t.JMeterThread: Thread started: jp@gc - Ultimate Thread Group 1-4
2020-04-06 19:44:56,781 INFO o.a.j.t.JMeterThread: Thread started: jp@gc - Ultimate Thread Group 1-3
2020-04-06 19:44:57,154 INFO o.a.j.t.JMeterThread: Thread started: jp@gc - Ultimate Thread Group 1-2
2020-04-06 19:44:57,528 INFO o.a.j.t.JMeterThread: Thread started: jp@gc - Ultimate Thread Group 1-1
2020-04-06 19:44:57,906 INFO o.a.j.t.JMeterThread: Thread started: jp@gc - Ultimate Thread Group 1-133
2020-04-06 19:44:58,285 INFO o.a.j.t.JMeterThread: Thread started: jp@gc - Ultimate Thread Group 1-132
2020-04-06 19:44:58,664 INFO o.a.j.t.JMeterThread: Thread started: jp@gc - Ultimate Thread Group 1-131
2020-04-06 19:44:59,043 INFO o.a.j.t.JMeterThread: Thread started: jp@gc - Ultimate Thread Group 1-130
2020-04-06 19:44:59,421 INFO o.a.j.t.JMeterThread: Thread started: jp@gc - Ultimate Thread Group 1-129
2020-04-06 19:44:59,800 INFO o.a.j.t.JMeterThread: Thread started: jp@gc - Ultimate Thread Group 1-128
2020-04-06 19:45:00,178 INFO o.a.j.t.JMeterThread: Thread started: jp@gc - Ultimate Thread Group 1-127
2020-04-06 19:45:00,558 INFO o.a.j.t.JMeterThread: Thread started: jp@gc - Ultimate Thread Group 1-126
2020-04-06 19:45:00,937 INFO o.a.j.t.JMeterThread: Thread started: jp@gc - Ultimate Thread Group 1-125
2020-04-06 19:45:01,315 INFO o.a.j.t.JMeterThread: Thread started: jp@gc - Ultimate Thread Group 1-124
2020-04-06 19:45:01,666 INFO o.a.j.r.Summariser: summary +     33 in 00:00:27 =    1.2/s Avg: 10581 Min:  1349 Max: 20143 Err:     0 (0.00%) Active: 77 Started: 77 Finished: 0
2020-04-06 19:45:01,667 INFO o.a.j.r.Summariser: summary =     34 in 00:00:29 =    1.2/s Avg: 10300 Min:  1040 Max: 20143 Err:     0 (0.00%)
2020-04-06 19:45:01,693 INFO o.a.j.t.JMeterThread: Thread started: jp@gc - Ultimate Thread Group 1-123
2020-04-06 19:45:02,072 INFO o.a.j.t.JMeterThread: Thread started: jp@gc - Ultimate Thread Group 1-122
2020-04-06 19:45:02,452 INFO o.a.j.t.JMeterThread: Thread started: jp@gc - Ultimate Thread Group 1-121
2020-04-06 19:45:02,831 INFO o.a.j.t.JMeterThread: Thread started: jp@gc - Ultimate Thread Group 1-120
2020-04-06 19:45:03,209 INFO o.a.j.t.JMeterThread: Thread started: jp@gc - Ultimate Thread Group 1-119
2020-04-06 19:45:03,588 INFO o.a.j.t.JMeterThread: Thread started: jp@gc - Ultimate Thread Group 1-118
2020-04-06 19:45:03,966 INFO o.a.j.t.JMeterThread: Thread started: jp@gc - Ultimate Thread Group 1-117
2020-04-06 19:45:04,345 INFO o.a.j.t.JMeterThread: Thread started: jp@gc - Ultimate Thread Group 1-116
2020-04-06 19:45:04,724 INFO o.a.j.t.JMeterThread: Thread started: jp@gc - Ultimate Thread Group 1-115
2020-04-06 19:45:05,103 INFO o.a.j.t.JMeterThread: Thread started: jp@gc - Ultimate Thread Group 1-114
2020-04-06 19:45:05,481 INFO o.a.j.t.JMeterThread: Thread started: jp@gc - Ultimate Thread Group 1-113
2020-04-06 19:45:05,861 INFO o.a.j.t.JMeterThread: Thread started: jp@gc - Ultimate Thread Group 1-112
2020-04-06 19:45:06,240 INFO o.a.j.t.JMeterThread: Thread started: jp@gc - Ultimate Thread Group 1-111
2020-04-06 19:45:06,618 INFO o.a.j.t.JMeterThread: Thread started: jp@gc - Ultimate Thread Group 1-110
2020-04-06 19:45:06,996 INFO o.a.j.t.JMeterThread: Thread started: jp@gc - Ultimate Thread Group 1-109
2020-04-06 19:45:07,376 INFO o.a.j.t.JMeterThread: Thread started: jp@gc - Ultimate Thread Group 1-108
2020-04-06 19:45:07,754 INFO o.a.j.t.JMeterThread: Thread started: jp@gc - Ultimate Thread Group 1-107
2020-04-06 19:45:08,133 INFO o.a.j.t.JMeterThread: Thread started: jp@gc - Ultimate Thread Group 1-106
2020-04-06 19:45:08,512 INFO o.a.j.t.JMeterThread: Thread started: jp@gc - Ultimate Thread Group 1-105
2020-04-06 19:45:08,891 INFO o.a.j.t.JMeterThread: Thread started: jp@gc - Ultimate Thread Group 1-104
2020-04-06 19:45:09,270 INFO o.a.j.t.JMeterThread: Thread started: jp@gc - Ultimate Thread Group 1-103
2020-04-06 19:45:09,649 INFO o.a.j.t.JMeterThread: Thread started: jp@gc - Ultimate Thread Group 1-102
2020-04-06 19:45:10,029 INFO o.a.j.t.JMeterThread: Thread started: jp@gc - Ultimate Thread Group 1-101
2020-04-06 19:45:10,405 INFO o.a.j.t.JMeterThread: Thread started: jp@gc - Ultimate Thread Group 1-100
2020-04-06 19:45:10,785 INFO o.a.j.t.JMeterThread: Thread started: jp@gc - Ultimate Thread Group 1-99
2020-04-06 19:45:11,163 INFO o.a.j.t.JMeterThread: Thread started: jp@gc - Ultimate Thread Group 1-98
2020-04-06 19:45:11,542 INFO o.a.j.t.JMeterThread: Thread started: jp@gc - Ultimate Thread Group 1-97
2020-04-06 19:45:11,920 INFO o.a.j.t.JMeterThread: Thread started: jp@gc - Ultimate Thread Group 1-96
2020-04-06 19:45:12,299 INFO o.a.j.t.JMeterThread: Thread started: jp@gc - Ultimate Thread Group 1-95
2020-04-06 19:45:12,679 INFO o.a.j.t.JMeterThread: Thread started: jp@gc - Ultimate Thread Group 1-94
2020-04-06 19:45:13,057 INFO o.a.j.t.JMeterThread: Thread started: jp@gc - Ultimate Thread Group 1-93
2020-04-06 19:45:13,436 INFO o.a.j.t.JMeterThread: Thread started: jp@gc - Ultimate Thread Group 1-92
2020-04-06 19:45:13,815 INFO o.a.j.t.JMeterThread: Thread started: jp@gc - Ultimate Thread Group 1-91
2020-04-06 19:45:14,193 INFO o.a.j.t.JMeterThread: Thread started: jp@gc - Ultimate Thread Group 1-90
2020-04-06 19:45:14,572 INFO o.a.j.t.JMeterThread: Thread started: jp@gc - Ultimate Thread Group 1-89
2020-04-06 19:45:14,952 INFO o.a.j.t.JMeterThread: Thread started: jp@gc - Ultimate Thread Group 1-88
2020-04-06 19:45:15,331 INFO o.a.j.t.JMeterThread: Thread started: jp@gc - Ultimate Thread Group 1-87
2020-04-06 19:45:15,708 INFO o.a.j.t.JMeterThread: Thread started: jp@gc - Ultimate Thread Group 1-86
2020-04-06 19:45:16,087 INFO o.a.j.t.JMeterThread: Thread started: jp@gc - Ultimate Thread Group 1-85
2020-04-06 19:45:16,467 INFO o.a.j.t.JMeterThread: Thread started: jp@gc - Ultimate Thread Group 1-84
2020-04-06 19:45:16,846 INFO o.a.j.t.JMeterThread: Thread started: jp@gc - Ultimate Thread Group 1-83
2020-04-06 19:45:17,224 INFO o.a.j.t.JMeterThread: Thread started: jp@gc - Ultimate Thread Group 1-82
2020-04-06 19:45:17,603 INFO o.a.j.t.JMeterThread: Thread started: jp@gc - Ultimate Thread Group 1-81
2020-04-06 19:45:17,982 INFO o.a.j.t.JMeterThread: Thread started: jp@gc - Ultimate Thread Group 1-80
2020-04-06 19:45:18,361 INFO o.a.j.t.JMeterThread: Thread started: jp@gc - Ultimate Thread Group 1-79
2020-04-06 19:45:18,739 INFO o.a.j.t.JMeterThread: Thread started: jp@gc - Ultimate Thread Group 1-78
2020-04-06 19:45:19,117 INFO o.a.j.t.JMeterThread: Thread started: jp@gc - Ultimate Thread Group 1-77
2020-04-06 19:45:19,497 INFO o.a.j.t.JMeterThread: Thread started: jp@gc - Ultimate Thread Group 1-76
2020-04-06 19:45:19,875 INFO o.a.j.t.JMeterThread: Thread started: jp@gc - Ultimate Thread Group 1-75
2020-04-06 19:45:20,254 INFO o.a.j.t.JMeterThread: Thread started: jp@gc - Ultimate Thread Group 1-74
2020-04-06 19:45:20,633 INFO o.a.j.t.JMeterThread: Thread started: jp@gc - Ultimate Thread Group 1-73
2020-04-06 19:45:21,012 INFO o.a.j.t.JMeterThread: Thread started: jp@gc - Ultimate Thread Group 1-72
2020-04-06 19:45:21,391 INFO o.a.j.t.JMeterThread: Thread started: jp@gc - Ultimate Thread Group 1-71
2020-04-06 19:45:21,770 INFO o.a.j.t.JMeterThread: Thread started: jp@gc - Ultimate Thread Group 1-70
2020-04-06 19:45:22,149 INFO o.a.j.t.JMeterThread: Thread started: jp@gc - Ultimate Thread Group 1-69
2020-04-06 19:45:22,528 INFO o.a.j.t.JMeterThread: Thread started: jp@gc - Ultimate Thread Group 1-68
2020-04-06 19:45:22,905 INFO o.a.j.t.JMeterThread: Thread started: jp@gc - Ultimate Thread Group 1-199
2020-04-06 19:45:23,284 INFO o.a.j.t.JMeterThread: Thread started: jp@gc - Ultimate Thread Group 1-198
2020-04-06 19:45:23,664 INFO o.a.j.t.JMeterThread: Thread started: jp@gc - Ultimate Thread Group 1-197
2020-04-06 19:45:24,043 INFO o.a.j.t.JMeterThread: Thread started: jp@gc - Ultimate Thread Group 1-196
2020-04-06 19:45:24,421 INFO o.a.j.t.JMeterThread: Thread started: jp@gc - Ultimate Thread Group 1-195
2020-04-06 19:45:24,799 INFO o.a.j.t.JMeterThread: Thread started: jp@gc - Ultimate Thread Group 1-194
2020-04-06 19:45:25,179 INFO o.a.j.t.JMeterThread: Thread started: jp@gc - Ultimate Thread Group 1-193
2020-04-06 19:45:25,558 INFO o.a.j.t.JMeterThread: Thread started: jp@gc - Ultimate Thread Group 1-192
2020-04-06 19:45:25,936 INFO o.a.j.t.JMeterThread: Thread started: jp@gc - Ultimate Thread Group 1-191
2020-04-06 19:45:26,314 INFO o.a.j.t.JMeterThread: Thread started: jp@gc - Ultimate Thread Group 1-190
2020-04-06 19:45:26,693 INFO o.a.j.t.JMeterThread: Thread started: jp@gc - Ultimate Thread Group 1-189
2020-04-06 19:45:27,073 INFO o.a.j.t.JMeterThread: Thread started: jp@gc - Ultimate Thread Group 1-188
2020-04-06 19:45:27,452 INFO o.a.j.t.JMeterThread: Thread started: jp@gc - Ultimate Thread Group 1-187
2020-04-06 19:45:27,831 INFO o.a.j.t.JMeterThread: Thread started: jp@gc - Ultimate Thread Group 1-186
2020-04-06 19:45:28,209 INFO o.a.j.t.JMeterThread: Thread started: jp@gc - Ultimate Thread Group 1-185
2020-04-06 19:45:28,588 INFO o.a.j.t.JMeterThread: Thread started: jp@gc - Ultimate Thread Group 1-184
2020-04-06 19:45:28,966 INFO o.a.j.t.JMeterThread: Thread started: jp@gc - Ultimate Thread Group 1-183
2020-04-06 19:45:29,345 INFO o.a.j.t.JMeterThread: Thread started: jp@gc - Ultimate Thread Group 1-182
2020-04-06 19:45:29,723 INFO o.a.j.t.JMeterThread: Thread started: jp@gc - Ultimate Thread Group 1-181
2020-04-06 19:45:30,103 INFO o.a.j.t.JMeterThread: Thread started: jp@gc - Ultimate Thread Group 1-180
2020-04-06 19:45:30,482 INFO o.a.j.t.JMeterThread: Thread started: jp@gc - Ultimate Thread Group 1-179
2020-04-06 19:45:30,860 INFO o.a.j.t.JMeterThread: Thread started: jp@gc - Ultimate Thread Group 1-178
2020-04-06 19:45:31,240 INFO o.a.j.t.JMeterThread: Thread started: jp@gc - Ultimate Thread Group 1-177
2020-04-06 19:45:31,617 INFO o.a.j.t.JMeterThread: Thread started: jp@gc - Ultimate Thread Group 1-176
2020-04-06 19:45:31,651 INFO o.a.j.r.Summariser: summary +     35 in 00:00:30 =    1.2/s Avg: 30337 Min: 20194 Max: 41209 Err:     0 (0.00%) Active: 157 Started: 157 Finished: 0
2020-04-06 19:45:31,652 INFO o.a.j.r.Summariser: summary =     69 in 00:00:59 =    1.2/s Avg: 20464 Min:  1040 Max: 41209 Err:     0 (0.00%)
2020-04-06 19:45:31,997 INFO o.a.j.t.JMeterThread: Thread started: jp@gc - Ultimate Thread Group 1-175
2020-04-06 19:45:32,376 INFO o.a.j.t.JMeterThread: Thread started: jp@gc - Ultimate Thread Group 1-174
2020-04-06 19:45:32,755 INFO o.a.j.t.JMeterThread: Thread started: jp@gc - Ultimate Thread Group 1-173
2020-04-06 19:45:33,134 INFO o.a.j.t.JMeterThread: Thread started: jp@gc - Ultimate Thread Group 1-172
2020-04-06 19:45:33,512 INFO o.a.j.t.JMeterThread: Thread started: jp@gc - Ultimate Thread Group 1-171
2020-04-06 19:45:33,890 INFO o.a.j.t.JMeterThread: Thread started: jp@gc - Ultimate Thread Group 1-170
2020-04-06 19:45:34,269 INFO o.a.j.t.JMeterThread: Thread started: jp@gc - Ultimate Thread Group 1-169
2020-04-06 19:45:34,649 INFO o.a.j.t.JMeterThread: Thread started: jp@gc - Ultimate Thread Group 1-168
2020-04-06 19:45:35,027 INFO o.a.j.t.JMeterThread: Thread started: jp@gc - Ultimate Thread Group 1-167
2020-04-06 19:45:35,406 INFO o.a.j.t.JMeterThread: Thread started: jp@gc - Ultimate Thread Group 1-166
2020-04-06 19:45:35,784 INFO o.a.j.t.JMeterThread: Thread started: jp@gc - Ultimate Thread Group 1-165
2020-04-06 19:45:36,163 INFO o.a.j.t.JMeterThread: Thread started: jp@gc - Ultimate Thread Group 1-164
2020-04-06 19:45:36,542 INFO o.a.j.t.JMeterThread: Thread started: jp@gc - Ultimate Thread Group 1-163
2020-04-06 19:45:36,921 INFO o.a.j.t.JMeterThread: Thread started: jp@gc - Ultimate Thread Group 1-162
2020-04-06 19:45:37,300 INFO o.a.j.t.JMeterThread: Thread started: jp@gc - Ultimate Thread Group 1-161
2020-04-06 19:45:37,679 INFO o.a.j.t.JMeterThread: Thread started: jp@gc - Ultimate Thread Group 1-160
2020-04-06 19:45:38,058 INFO o.a.j.t.JMeterThread: Thread started: jp@gc - Ultimate Thread Group 1-159
2020-04-06 19:45:38,437 INFO o.a.j.t.JMeterThread: Thread started: jp@gc - Ultimate Thread Group 1-158
2020-04-06 19:45:38,814 INFO o.a.j.t.JMeterThread: Thread started: jp@gc - Ultimate Thread Group 1-157
2020-04-06 19:45:39,193 INFO o.a.j.t.JMeterThread: Thread started: jp@gc - Ultimate Thread Group 1-156
2020-04-06 19:45:39,572 INFO o.a.j.t.JMeterThread: Thread started: jp@gc - Ultimate Thread Group 1-155
2020-04-06 19:45:39,952 INFO o.a.j.t.JMeterThread: Thread started: jp@gc - Ultimate Thread Group 1-154
2020-04-06 19:45:40,330 INFO o.a.j.t.JMeterThread: Thread started: jp@gc - Ultimate Thread Group 1-153
2020-04-06 19:45:40,708 INFO o.a.j.t.JMeterThread: Thread started: jp@gc - Ultimate Thread Group 1-152
2020-04-06 19:45:41,088 INFO o.a.j.t.JMeterThread: Thread started: jp@gc - Ultimate Thread Group 1-151
2020-04-06 19:45:41,467 INFO o.a.j.t.JMeterThread: Thread started: jp@gc - Ultimate Thread Group 1-150
2020-04-06 19:45:41,846 INFO o.a.j.t.JMeterThread: Thread started: jp@gc - Ultimate Thread Group 1-149
2020-04-06 19:45:42,224 INFO o.a.j.t.JMeterThread: Thread started: jp@gc - Ultimate Thread Group 1-148
2020-04-06 19:45:42,603 INFO o.a.j.t.JMeterThread: Thread started: jp@gc - Ultimate Thread Group 1-147
2020-04-06 19:45:42,981 INFO o.a.j.t.JMeterThread: Thread started: jp@gc - Ultimate Thread Group 1-146
2020-04-06 19:45:43,361 INFO o.a.j.t.JMeterThread: Thread started: jp@gc - Ultimate Thread Group 1-145
2020-04-06 19:45:43,739 INFO o.a.j.t.JMeterThread: Thread started: jp@gc - Ultimate Thread Group 1-144
2020-04-06 19:45:44,117 INFO o.a.j.t.JMeterThread: Thread started: jp@gc - Ultimate Thread Group 1-143
2020-04-06 19:45:44,496 INFO o.a.j.t.JMeterThread: Thread started: jp@gc - Ultimate Thread Group 1-142
2020-04-06 19:45:44,876 INFO o.a.j.t.JMeterThread: Thread started: jp@gc - Ultimate Thread Group 1-141
2020-04-06 19:45:45,255 INFO o.a.j.t.JMeterThread: Thread started: jp@gc - Ultimate Thread Group 1-140
2020-04-06 19:45:45,634 INFO o.a.j.t.JMeterThread: Thread started: jp@gc - Ultimate Thread Group 1-139
2020-04-06 19:45:46,011 INFO o.a.j.t.JMeterThread: Thread started: jp@gc - Ultimate Thread Group 1-138
2020-04-06 19:45:46,390 INFO o.a.j.t.JMeterThread: Thread started: jp@gc - Ultimate Thread Group 1-137
2020-04-06 19:45:46,770 INFO o.a.j.t.JMeterThread: Thread started: jp@gc - Ultimate Thread Group 1-136
2020-04-06 19:45:47,149 INFO o.a.j.t.JMeterThread: Thread started: jp@gc - Ultimate Thread Group 1-135
2020-04-06 19:45:47,528 INFO o.a.j.t.JMeterThread: Thread started: jp@gc - Ultimate Thread Group 1-134
2020-04-06 19:46:00,028 INFO o.a.j.r.Summariser: summary +     51 in 00:00:28 =    1.8/s Avg: 49804 Min: 40554 Max: 56772 Err:     0 (0.00%) Active: 199 Started: 199 Finished: 0
2020-04-06 19:46:00,029 INFO o.a.j.r.Summariser: summary =    120 in 00:01:28 =    1.4/s Avg: 32933 Min:  1040 Max: 56772 Err:     0 (0.00%)
2020-04-06 19:46:30,032 INFO o.a.j.r.Summariser: summary +     86 in 00:00:30 =    2.9/s Avg: 61685 Min: 54849 Max: 65795 Err:     0 (0.00%) Active: 199 Started: 199 Finished: 0
2020-04-06 19:46:30,033 INFO o.a.j.r.Summariser: summary =    206 in 00:01:58 =    1.8/s Avg: 44937 Min:  1040 Max: 65795 Err:     0 (0.00%)
2020-04-06 19:47:00,101 INFO o.a.j.r.Summariser: summary +     54 in 00:00:30 =    1.8/s Avg: 71153 Min: 63173 Max: 80903 Err:     0 (0.00%) Active: 199 Started: 199 Finished: 0
2020-04-06 19:47:00,102 INFO o.a.j.r.Summariser: summary =    260 in 00:02:28 =    1.8/s Avg: 50381 Min:  1040 Max: 80903 Err:     0 (0.00%)
2020-04-06 19:47:30,487 INFO o.a.j.r.Summariser: summary +     81 in 00:00:30 =    2.7/s Avg: 83624 Min: 78398 Max: 88458 Err:     0 (0.00%) Active: 199 Started: 199 Finished: 0
2020-04-06 19:47:30,488 INFO o.a.j.r.Summariser: summary =    341 in 00:02:58 =    1.9/s Avg: 58278 Min:  1040 Max: 88458 Err:     0 (0.00%)
2020-04-06 19:48:00,495 INFO o.a.j.r.Summariser: summary +     64 in 00:00:30 =    2.1/s Avg: 82145 Min: 75402 Max: 91302 Err:     0 (0.00%) Active: 199 Started: 199 Finished: 0
2020-04-06 19:48:00,496 INFO o.a.j.r.Summariser: summary =    405 in 00:03:28 =    1.9/s Avg: 62049 Min:  1040 Max: 91302 Err:     0 (0.00%)
2020-04-06 19:48:23,429 INFO o.a.j.t.JMeterThread: Stopping because end time detected by thread: jp@gc - Ultimate Thread Group 1-159
2020-04-06 19:48:23,429 INFO o.a.j.t.JMeterThread: Thread finished: jp@gc - Ultimate Thread Group 1-159
2020-04-06 19:48:23,724 INFO o.a.j.t.JMeterThread: Stopping because end time detected by thread: jp@gc - Ultimate Thread Group 1-155
2020-04-06 19:48:23,724 INFO o.a.j.t.JMeterThread: Thread finished: jp@gc - Ultimate Thread Group 1-155
2020-04-06 19:48:24,035 INFO o.a.j.t.JMeterThread: Stopping because end time detected by thread: jp@gc - Ultimate Thread Group 1-11
2020-04-06 19:48:24,035 INFO o.a.j.t.JMeterThread: Thread finished: jp@gc - Ultimate Thread Group 1-11
2020-04-06 19:48:24,115 INFO o.a.j.t.JMeterThread: Stopping because end time detected by thread: jp@gc - Ultimate Thread Group 1-9
2020-04-06 19:48:24,116 INFO o.a.j.t.JMeterThread: Thread finished: jp@gc - Ultimate Thread Group 1-9
2020-04-06 19:48:24,143 INFO o.a.j.t.JMeterThread: Stopping because end time detected by thread: jp@gc - Ultimate Thread Group 1-48
2020-04-06 19:48:24,143 INFO o.a.j.t.JMeterThread: Thread finished: jp@gc - Ultimate Thread Group 1-48
2020-04-06 19:48:24,379 INFO o.a.j.t.JMeterThread: Stopping because end time detected by thread: jp@gc - Ultimate Thread Group 1-152
2020-04-06 19:48:24,379 INFO o.a.j.t.JMeterThread: Thread finished: jp@gc - Ultimate Thread Group 1-152
2020-04-06 19:48:25,114 INFO o.a.j.t.JMeterThread: Stopping because end time detected by thread: jp@gc - Ultimate Thread Group 1-156
2020-04-06 19:48:25,114 INFO o.a.j.t.JMeterThread: Thread finished: jp@gc - Ultimate Thread Group 1-156
2020-04-06 19:48:25,830 INFO o.a.j.t.JMeterThread: Stopping because end time detected by thread: jp@gc - Ultimate Thread Group 1-150
2020-04-06 19:48:25,830 INFO o.a.j.t.JMeterThread: Thread finished: jp@gc - Ultimate Thread Group 1-150
2020-04-06 19:48:26,117 INFO o.a.j.t.JMeterThread: Stopping because end time detected by thread: jp@gc - Ultimate Thread Group 1-154
2020-04-06 19:48:26,118 INFO o.a.j.t.JMeterThread: Thread finished: jp@gc - Ultimate Thread Group 1-154
2020-04-06 19:48:26,350 INFO o.a.j.t.JMeterThread: Stopping because end time detected by thread: jp@gc - Ultimate Thread Group 1-151
2020-04-06 19:48:26,350 INFO o.a.j.t.JMeterThread: Thread finished: jp@gc - Ultimate Thread Group 1-151
2020-04-06 19:48:26,593 INFO o.a.j.t.JMeterThread: Stopping because end time detected by thread: jp@gc - Ultimate Thread Group 1-153
2020-04-06 19:48:26,594 INFO o.a.j.t.JMeterThread: Thread finished: jp@gc - Ultimate Thread Group 1-153
2020-04-06 19:48:26,697 INFO o.a.j.t.JMeterThread: Stopping because end time detected by thread: jp@gc - Ultimate Thread Group 1-146
2020-04-06 19:48:26,697 INFO o.a.j.t.JMeterThread: Thread finished: jp@gc - Ultimate Thread Group 1-146
2020-04-06 19:48:27,205 INFO o.a.j.t.JMeterThread: Stopping because end time detected by thread: jp@gc - Ultimate Thread Group 1-49
2020-04-06 19:48:27,205 INFO o.a.j.t.JMeterThread: Thread finished: jp@gc - Ultimate Thread Group 1-49
2020-04-06 19:48:27,586 INFO o.a.j.t.JMeterThread: Stopping because end time detected by thread: jp@gc - Ultimate Thread Group 1-148
2020-04-06 19:48:27,586 INFO o.a.j.t.JMeterThread: Thread finished: jp@gc - Ultimate Thread Group 1-148
2020-04-06 19:48:28,884 INFO o.a.j.t.JMeterThread: Stopping because end time detected by thread: jp@gc - Ultimate Thread Group 1-8
2020-04-06 19:48:28,884 INFO o.a.j.t.JMeterThread: Thread finished: jp@gc - Ultimate Thread Group 1-8
2020-04-06 19:48:29,136 INFO o.a.j.t.JMeterThread: Stopping because end time detected by thread: jp@gc - Ultimate Thread Group 1-47
2020-04-06 19:48:29,136 INFO o.a.j.t.JMeterThread: Thread finished: jp@gc - Ultimate Thread Group 1-47
2020-04-06 19:48:29,250 INFO o.a.j.t.JMeterThread: Stopping because end time detected by thread: jp@gc - Ultimate Thread Group 1-142
2020-04-06 19:48:29,250 INFO o.a.j.t.JMeterThread: Thread finished: jp@gc - Ultimate Thread Group 1-142
2020-04-06 19:48:29,862 INFO o.a.j.t.JMeterThread: Stopping because end time detected by thread: jp@gc - Ultimate Thread Group 1-147
2020-04-06 19:48:29,862 INFO o.a.j.t.JMeterThread: Thread finished: jp@gc - Ultimate Thread Group 1-147
2020-04-06 19:48:29,983 INFO o.a.j.t.JMeterThread: Stopping because end time detected by thread: jp@gc - Ultimate Thread Group 1-145
2020-04-06 19:48:29,983 INFO o.a.j.t.JMeterThread: Thread finished: jp@gc - Ultimate Thread Group 1-145
2020-04-06 19:48:30,321 INFO o.a.j.r.Summariser: summary +     71 in 00:00:30 =    2.4/s Avg: 87546 Min: 80454 Max: 95557 Err:     0 (0.00%) Active: 180 Started: 199 Finished: 19
2020-04-06 19:48:30,322 INFO o.a.j.r.Summariser: summary =    476 in 00:03:58 =    2.0/s Avg: 65853 Min:  1040 Max: 95557 Err:     0 (0.00%)
2020-04-06 19:48:30,323 INFO o.a.j.t.JMeterThread: Stopping because end time detected by thread: jp@gc - Ultimate Thread Group 1-149
2020-04-06 19:48:30,323 INFO o.a.j.t.JMeterThread: Thread finished: jp@gc - Ultimate Thread Group 1-149
2020-04-06 19:48:30,488 INFO o.a.j.t.JMeterThread: Stopping because end time detected by thread: jp@gc - Ultimate Thread Group 1-6
2020-04-06 19:48:30,489 INFO o.a.j.t.JMeterThread: Thread finished: jp@gc - Ultimate Thread Group 1-6
2020-04-06 19:48:30,626 INFO o.a.j.t.JMeterThread: Stopping because end time detected by thread: jp@gc - Ultimate Thread Group 1-143
2020-04-06 19:48:30,626 INFO o.a.j.t.JMeterThread: Thread finished: jp@gc - Ultimate Thread Group 1-143
2020-04-06 19:48:30,886 INFO o.a.j.t.JMeterThread: Stopping because end time detected by thread: jp@gc - Ultimate Thread Group 1-137
2020-04-06 19:48:30,886 INFO o.a.j.t.JMeterThread: Thread finished: jp@gc - Ultimate Thread Group 1-137
2020-04-06 19:48:30,909 INFO o.a.j.t.JMeterThread: Stopping because end time detected by thread: jp@gc - Ultimate Thread Group 1-4
2020-04-06 19:48:30,909 INFO o.a.j.t.JMeterThread: Thread finished: jp@gc - Ultimate Thread Group 1-4
2020-04-06 19:48:31,271 INFO o.a.j.t.JMeterThread: Stopping because end time detected by thread: jp@gc - Ultimate Thread Group 1-7
2020-04-06 19:48:31,271 INFO o.a.j.t.JMeterThread: Thread finished: jp@gc - Ultimate Thread Group 1-7
2020-04-06 19:48:31,454 INFO o.a.j.t.JMeterThread: Stopping because end time detected by thread: jp@gc - Ultimate Thread Group 1-141
2020-04-06 19:48:31,454 INFO o.a.j.t.JMeterThread: Thread finished: jp@gc - Ultimate Thread Group 1-141
2020-04-06 19:48:31,554 INFO o.a.j.t.JMeterThread: Stopping because end time detected by thread: jp@gc - Ultimate Thread Group 1-144
2020-04-06 19:48:31,554 INFO o.a.j.t.JMeterThread: Thread finished: jp@gc - Ultimate Thread Group 1-144
2020-04-06 19:48:32,234 INFO o.a.j.t.JMeterThread: Stopping because end time detected by thread: jp@gc - Ultimate Thread Group 1-2
2020-04-06 19:48:32,235 INFO o.a.j.t.JMeterThread: Thread finished: jp@gc - Ultimate Thread Group 1-2
2020-04-06 19:48:32,325 INFO o.a.j.t.JMeterThread: Stopping because end time detected by thread: jp@gc - Ultimate Thread Group 1-3
2020-04-06 19:48:32,325 INFO o.a.j.t.JMeterThread: Thread finished: jp@gc - Ultimate Thread Group 1-3
2020-04-06 19:48:32,380 INFO o.a.j.t.JMeterThread: Stopping because end time detected by thread: jp@gc - Ultimate Thread Group 1-5
2020-04-06 19:48:32,380 INFO o.a.j.t.JMeterThread: Thread finished: jp@gc - Ultimate Thread Group 1-5
2020-04-06 19:48:32,701 INFO o.a.j.t.JMeterThread: Stopping because end time detected by thread: jp@gc - Ultimate Thread Group 1-139
2020-04-06 19:48:32,701 INFO o.a.j.t.JMeterThread: Thread finished: jp@gc - Ultimate Thread Group 1-139
2020-04-06 19:48:33,131 INFO o.a.j.t.JMeterThread: Stopping because end time detected by thread: jp@gc - Ultimate Thread Group 1-50
2020-04-06 19:48:33,131 INFO o.a.j.t.JMeterThread: Thread finished: jp@gc - Ultimate Thread Group 1-50
2020-04-06 19:48:33,189 INFO o.a.j.t.JMeterThread: Stopping because end time detected by thread: jp@gc - Ultimate Thread Group 1-138
2020-04-06 19:48:33,190 INFO o.a.j.t.JMeterThread: Thread finished: jp@gc - Ultimate Thread Group 1-138
2020-04-06 19:48:33,288 INFO o.a.j.t.JMeterThread: Stopping because end time detected by thread: jp@gc - Ultimate Thread Group 1-134
2020-04-06 19:48:33,289 INFO o.a.j.t.JMeterThread: Thread finished: jp@gc - Ultimate Thread Group 1-134
2020-04-06 19:48:33,476 INFO o.a.j.t.JMeterThread: Stopping because end time detected by thread: jp@gc - Ultimate Thread Group 1-140
2020-04-06 19:48:33,476 INFO o.a.j.t.JMeterThread: Thread finished: jp@gc - Ultimate Thread Group 1-140
2020-04-06 19:48:33,762 INFO o.a.j.t.JMeterThread: Stopping because end time detected by thread: jp@gc - Ultimate Thread Group 1-135
2020-04-06 19:48:33,762 INFO o.a.j.t.JMeterThread: Thread finished: jp@gc - Ultimate Thread Group 1-135
2020-04-06 19:48:34,246 INFO o.a.j.t.JMeterThread: Stopping because end time detected by thread: jp@gc - Ultimate Thread Group 1-128
2020-04-06 19:48:34,246 INFO o.a.j.t.JMeterThread: Thread finished: jp@gc - Ultimate Thread Group 1-128
2020-04-06 19:48:34,533 INFO o.a.j.t.JMeterThread: Stopping because end time detected by thread: jp@gc - Ultimate Thread Group 1-130
2020-04-06 19:48:34,534 INFO o.a.j.t.JMeterThread: Thread finished: jp@gc - Ultimate Thread Group 1-130
2020-04-06 19:48:34,687 INFO o.a.j.t.JMeterThread: Stopping because end time detected by thread: jp@gc - Ultimate Thread Group 1-61
2020-04-06 19:48:34,687 INFO o.a.j.t.JMeterThread: Thread finished: jp@gc - Ultimate Thread Group 1-61
2020-04-06 19:48:35,256 INFO o.a.j.t.JMeterThread: Stopping because end time detected by thread: jp@gc - Ultimate Thread Group 1-125
2020-04-06 19:48:35,256 INFO o.a.j.t.JMeterThread: Thread finished: jp@gc - Ultimate Thread Group 1-125
2020-04-06 19:48:35,503 INFO o.a.j.t.JMeterThread: Stopping because end time detected by thread: jp@gc - Ultimate Thread Group 1-136
2020-04-06 19:48:35,503 INFO o.a.j.t.JMeterThread: Thread finished: jp@gc - Ultimate Thread Group 1-136
2020-04-06 19:48:35,959 INFO o.a.j.t.JMeterThread: Stopping because end time detected by thread: jp@gc - Ultimate Thread Group 1-126
2020-04-06 19:48:35,959 INFO o.a.j.t.JMeterThread: Thread finished: jp@gc - Ultimate Thread Group 1-126
2020-04-06 19:48:36,001 INFO o.a.j.t.JMeterThread: Stopping because end time detected by thread: jp@gc - Ultimate Thread Group 1-132
2020-04-06 19:48:36,001 INFO o.a.j.t.JMeterThread: Thread finished: jp@gc - Ultimate Thread Group 1-132
2020-04-06 19:48:36,007 INFO o.a.j.t.JMeterThread: Stopping because end time detected by thread: jp@gc - Ultimate Thread Group 1-131
2020-04-06 19:48:36,007 INFO o.a.j.t.JMeterThread: Thread finished: jp@gc - Ultimate Thread Group 1-131
2020-04-06 19:48:36,111 INFO o.a.j.t.JMeterThread: Stopping because end time detected by thread: jp@gc - Ultimate Thread Group 1-1
2020-04-06 19:48:36,111 INFO o.a.j.t.JMeterThread: Thread finished: jp@gc - Ultimate Thread Group 1-1
2020-04-06 19:48:36,271 INFO o.a.j.t.JMeterThread: Stopping because end time detected by thread: jp@gc - Ultimate Thread Group 1-133
2020-04-06 19:48:36,272 INFO o.a.j.t.JMeterThread: Thread finished: jp@gc - Ultimate Thread Group 1-133
2020-04-06 19:48:36,287 INFO o.a.j.t.JMeterThread: Stopping because end time detected by thread: jp@gc - Ultimate Thread Group 1-46
2020-04-06 19:48:36,288 INFO o.a.j.t.JMeterThread: Thread finished: jp@gc - Ultimate Thread Group 1-46
2020-04-06 19:48:36,323 INFO o.a.j.t.JMeterThread: Stopping because end time detected by thread: jp@gc - Ultimate Thread Group 1-45
2020-04-06 19:48:36,324 INFO o.a.j.t.JMeterThread: Thread finished: jp@gc - Ultimate Thread Group 1-45
2020-04-06 19:48:36,678 INFO o.a.j.t.JMeterThread: Stopping because end time detected by thread: jp@gc - Ultimate Thread Group 1-60
2020-04-06 19:48:36,678 INFO o.a.j.t.JMeterThread: Thread finished: jp@gc - Ultimate Thread Group 1-60
2020-04-06 19:48:36,792 INFO o.a.j.t.JMeterThread: Stopping because end time detected by thread: jp@gc - Ultimate Thread Group 1-124
2020-04-06 19:48:36,792 INFO o.a.j.t.JMeterThread: Thread finished: jp@gc - Ultimate Thread Group 1-124
2020-04-06 19:48:37,011 INFO o.a.j.t.JMeterThread: Stopping because end time detected by thread: jp@gc - Ultimate Thread Group 1-44
2020-04-06 19:48:37,011 INFO o.a.j.t.JMeterThread: Thread finished: jp@gc - Ultimate Thread Group 1-44
2020-04-06 19:48:37,625 INFO o.a.j.t.JMeterThread: Stopping because end time detected by thread: jp@gc - Ultimate Thread Group 1-122
2020-04-06 19:48:37,626 INFO o.a.j.t.JMeterThread: Thread finished: jp@gc - Ultimate Thread Group 1-122
2020-04-06 19:48:37,697 INFO o.a.j.t.JMeterThread: Stopping because end time detected by thread: jp@gc - Ultimate Thread Group 1-129
2020-04-06 19:48:37,697 INFO o.a.j.t.JMeterThread: Thread finished: jp@gc - Ultimate Thread Group 1-129
2020-04-06 19:48:38,010 INFO o.a.j.t.JMeterThread: Stopping because end time detected by thread: jp@gc - Ultimate Thread Group 1-123
2020-04-06 19:48:38,010 INFO o.a.j.t.JMeterThread: Thread finished: jp@gc - Ultimate Thread Group 1-123
2020-04-06 19:48:38,048 INFO o.a.j.t.JMeterThread: Stopping because end time detected by thread: jp@gc - Ultimate Thread Group 1-118
2020-04-06 19:48:38,049 INFO o.a.j.t.JMeterThread: Thread finished: jp@gc - Ultimate Thread Group 1-118
2020-04-06 19:48:38,080 INFO o.a.j.t.JMeterThread: Stopping because end time detected by thread: jp@gc - Ultimate Thread Group 1-42
2020-04-06 19:48:38,080 INFO o.a.j.t.JMeterThread: Thread finished: jp@gc - Ultimate Thread Group 1-42
2020-04-06 19:48:38,097 INFO o.a.j.t.JMeterThread: Stopping because end time detected by thread: jp@gc - Ultimate Thread Group 1-127
2020-04-06 19:48:38,097 INFO o.a.j.t.JMeterThread: Thread finished: jp@gc - Ultimate Thread Group 1-127
2020-04-06 19:48:38,775 INFO o.a.j.t.JMeterThread: Stopping because end time detected by thread: jp@gc - Ultimate Thread Group 1-121
2020-04-06 19:48:38,776 INFO o.a.j.t.JMeterThread: Thread finished: jp@gc - Ultimate Thread Group 1-121
2020-04-06 19:48:40,449 INFO o.a.j.t.JMeterThread: Stopping because end time detected by thread: jp@gc - Ultimate Thread Group 1-113
2020-04-06 19:48:40,449 INFO o.a.j.t.JMeterThread: Thread finished: jp@gc - Ultimate Thread Group 1-113
2020-04-06 19:48:41,001 INFO o.a.j.t.JMeterThread: Stopping because end time detected by thread: jp@gc - Ultimate Thread Group 1-43
2020-04-06 19:48:41,001 INFO o.a.j.t.JMeterThread: Thread finished: jp@gc - Ultimate Thread Group 1-43
2020-04-06 19:48:41,418 INFO o.a.j.t.JMeterThread: Stopping because end time detected by thread: jp@gc - Ultimate Thread Group 1-119
2020-04-06 19:48:41,418 INFO o.a.j.t.JMeterThread: Thread finished: jp@gc - Ultimate Thread Group 1-119
2020-04-06 19:48:41,650 INFO o.a.j.t.JMeterThread: Stopping because end time detected by thread: jp@gc - Ultimate Thread Group 1-116
2020-04-06 19:48:41,650 INFO o.a.j.t.JMeterThread: Thread finished: jp@gc - Ultimate Thread Group 1-116
2020-04-06 19:48:42,334 INFO o.a.j.t.JMeterThread: Stopping because end time detected by thread: jp@gc - Ultimate Thread Group 1-120
2020-04-06 19:48:42,335 INFO o.a.j.t.JMeterThread: Thread finished: jp@gc - Ultimate Thread Group 1-120
2020-04-06 19:48:43,608 INFO o.a.j.t.JMeterThread: Stopping because end time detected by thread: jp@gc - Ultimate Thread Group 1-38
2020-04-06 19:48:43,608 INFO o.a.j.t.JMeterThread: Thread finished: jp@gc - Ultimate Thread Group 1-38
2020-04-06 19:48:44,251 INFO o.a.j.t.JMeterThread: Stopping because end time detected by thread: jp@gc - Ultimate Thread Group 1-117
2020-04-06 19:48:44,251 INFO o.a.j.t.JMeterThread: Thread finished: jp@gc - Ultimate Thread Group 1-117
2020-04-06 19:48:44,470 INFO o.a.j.t.JMeterThread: Stopping because end time detected by thread: jp@gc - Ultimate Thread Group 1-59
2020-04-06 19:48:44,470 INFO o.a.j.t.JMeterThread: Thread finished: jp@gc - Ultimate Thread Group 1-59
2020-04-06 19:48:44,868 INFO o.a.j.t.JMeterThread: Stopping because end time detected by thread: jp@gc - Ultimate Thread Group 1-40
2020-04-06 19:48:44,868 INFO o.a.j.t.JMeterThread: Thread finished: jp@gc - Ultimate Thread Group 1-40
2020-04-06 19:48:45,047 INFO o.a.j.t.JMeterThread: Stopping because end time detected by thread: jp@gc - Ultimate Thread Group 1-114
2020-04-06 19:48:45,048 INFO o.a.j.t.JMeterThread: Thread finished: jp@gc - Ultimate Thread Group 1-114
2020-04-06 19:48:45,801 INFO o.a.j.t.JMeterThread: Stopping because end time detected by thread: jp@gc - Ultimate Thread Group 1-106
2020-04-06 19:48:45,801 INFO o.a.j.t.JMeterThread: Thread finished: jp@gc - Ultimate Thread Group 1-106
2020-04-06 19:48:46,214 INFO o.a.j.t.JMeterThread: Stopping because end time detected by thread: jp@gc - Ultimate Thread Group 1-65
2020-04-06 19:48:46,214 INFO o.a.j.t.JMeterThread: Thread finished: jp@gc - Ultimate Thread Group 1-65
2020-04-06 19:48:46,223 INFO o.a.j.t.JMeterThread: Stopping because end time detected by thread: jp@gc - Ultimate Thread Group 1-112
2020-04-06 19:48:46,223 INFO o.a.j.t.JMeterThread: Thread finished: jp@gc - Ultimate Thread Group 1-112
2020-04-06 19:48:46,335 INFO o.a.j.t.JMeterThread: Stopping because end time detected by thread: jp@gc - Ultimate Thread Group 1-108
2020-04-06 19:48:46,335 INFO o.a.j.t.JMeterThread: Thread finished: jp@gc - Ultimate Thread Group 1-108
2020-04-06 19:48:46,562 INFO o.a.j.t.JMeterThread: Stopping because end time detected by thread: jp@gc - Ultimate Thread Group 1-41
2020-04-06 19:48:46,562 INFO o.a.j.t.JMeterThread: Thread finished: jp@gc - Ultimate Thread Group 1-41
2020-04-06 19:48:47,809 INFO o.a.j.t.JMeterThread: Stopping because end time detected by thread: jp@gc - Ultimate Thread Group 1-111
2020-04-06 19:48:47,809 INFO o.a.j.t.JMeterThread: Thread finished: jp@gc - Ultimate Thread Group 1-111
2020-04-06 19:48:48,480 INFO o.a.j.t.JMeterThread: Stopping because end time detected by thread: jp@gc - Ultimate Thread Group 1-115
2020-04-06 19:48:48,480 INFO o.a.j.t.JMeterThread: Thread finished: jp@gc - Ultimate Thread Group 1-115
2020-04-06 19:48:49,441 INFO o.a.j.t.JMeterThread: Stopping because end time detected by thread: jp@gc - Ultimate Thread Group 1-109
2020-04-06 19:48:49,441 INFO o.a.j.t.JMeterThread: Thread finished: jp@gc - Ultimate Thread Group 1-109
2020-04-06 19:48:49,606 INFO o.a.j.t.JMeterThread: Stopping because end time detected by thread: jp@gc - Ultimate Thread Group 1-58
2020-04-06 19:48:49,606 INFO o.a.j.t.JMeterThread: Thread finished: jp@gc - Ultimate Thread Group 1-58
2020-04-06 19:48:49,673 INFO o.a.j.t.JMeterThread: Stopping because end time detected by thread: jp@gc - Ultimate Thread Group 1-39
2020-04-06 19:48:49,674 INFO o.a.j.t.JMeterThread: Thread finished: jp@gc - Ultimate Thread Group 1-39
2020-04-06 19:48:50,818 INFO o.a.j.t.JMeterThread: Stopping because end time detected by thread: jp@gc - Ultimate Thread Group 1-105
2020-04-06 19:48:50,818 INFO o.a.j.t.JMeterThread: Thread finished: jp@gc - Ultimate Thread Group 1-105
2020-04-06 19:48:51,885 INFO o.a.j.t.JMeterThread: Stopping because end time detected by thread: jp@gc - Ultimate Thread Group 1-110
2020-04-06 19:48:51,885 INFO o.a.j.t.JMeterThread: Thread finished: jp@gc - Ultimate Thread Group 1-110
2020-04-06 19:48:51,929 INFO o.a.j.t.JMeterThread: Stopping because end time detected by thread: jp@gc - Ultimate Thread Group 1-36
2020-04-06 19:48:51,930 INFO o.a.j.t.JMeterThread: Thread finished: jp@gc - Ultimate Thread Group 1-36
2020-04-06 19:48:52,211 INFO o.a.j.t.JMeterThread: Stopping because end time detected by thread: jp@gc - Ultimate Thread Group 1-95
2020-04-06 19:48:52,211 INFO o.a.j.t.JMeterThread: Thread finished: jp@gc - Ultimate Thread Group 1-95
2020-04-06 19:48:52,353 INFO o.a.j.t.JMeterThread: Stopping because end time detected by thread: jp@gc - Ultimate Thread Group 1-37
2020-04-06 19:48:52,353 INFO o.a.j.t.JMeterThread: Thread finished: jp@gc - Ultimate Thread Group 1-37
2020-04-06 19:48:52,369 INFO o.a.j.t.JMeterThread: Stopping because end time detected by thread: jp@gc - Ultimate Thread Group 1-107
2020-04-06 19:48:52,369 INFO o.a.j.t.JMeterThread: Thread finished: jp@gc - Ultimate Thread Group 1-107
2020-04-06 19:48:53,659 INFO o.a.j.t.JMeterThread: Stopping because end time detected by thread: jp@gc - Ultimate Thread Group 1-103
2020-04-06 19:48:53,660 INFO o.a.j.t.JMeterThread: Thread finished: jp@gc - Ultimate Thread Group 1-103
2020-04-06 19:48:54,432 INFO o.a.j.t.JMeterThread: Stopping because end time detected by thread: jp@gc - Ultimate Thread Group 1-99
2020-04-06 19:48:54,432 INFO o.a.j.t.JMeterThread: Thread finished: jp@gc - Ultimate Thread Group 1-99
2020-04-06 19:48:55,036 INFO o.a.j.t.JMeterThread: Stopping because end time detected by thread: jp@gc - Ultimate Thread Group 1-100
2020-04-06 19:48:55,036 INFO o.a.j.t.JMeterThread: Thread finished: jp@gc - Ultimate Thread Group 1-100
2020-04-06 19:48:55,870 INFO o.a.j.t.JMeterThread: Stopping because end time detected by thread: jp@gc - Ultimate Thread Group 1-57
2020-04-06 19:48:55,871 INFO o.a.j.t.JMeterThread: Thread finished: jp@gc - Ultimate Thread Group 1-57
2020-04-06 19:48:55,874 INFO o.a.j.t.JMeterThread: Stopping because end time detected by thread: jp@gc - Ultimate Thread Group 1-64
2020-04-06 19:48:55,874 INFO o.a.j.t.JMeterThread: Thread finished: jp@gc - Ultimate Thread Group 1-64
2020-04-06 19:48:56,032 INFO o.a.j.t.JMeterThread: Stopping because end time detected by thread: jp@gc - Ultimate Thread Group 1-104
2020-04-06 19:48:56,033 INFO o.a.j.t.JMeterThread: Thread finished: jp@gc - Ultimate Thread Group 1-104
2020-04-06 19:48:56,551 INFO o.a.j.t.JMeterThread: Stopping because end time detected by thread: jp@gc - Ultimate Thread Group 1-35
2020-04-06 19:48:56,552 INFO o.a.j.t.JMeterThread: Thread finished: jp@gc - Ultimate Thread Group 1-35
2020-04-06 19:48:57,049 INFO o.a.j.t.JMeterThread: Stopping because end time detected by thread: jp@gc - Ultimate Thread Group 1-101
2020-04-06 19:48:57,050 INFO o.a.j.t.JMeterThread: Thread finished: jp@gc - Ultimate Thread Group 1-101
2020-04-06 19:48:57,195 INFO o.a.j.t.JMeterThread: Stopping because end time detected by thread: jp@gc - Ultimate Thread Group 1-92
2020-04-06 19:48:57,195 INFO o.a.j.t.JMeterThread: Thread finished: jp@gc - Ultimate Thread Group 1-92
2020-04-06 19:48:57,549 INFO o.a.j.t.JMeterThread: Stopping because end time detected by thread: jp@gc - Ultimate Thread Group 1-98
2020-04-06 19:48:57,550 INFO o.a.j.t.JMeterThread: Thread finished: jp@gc - Ultimate Thread Group 1-98
2020-04-06 19:48:57,802 INFO o.a.j.t.JMeterThread: Stopping because end time detected by thread: jp@gc - Ultimate Thread Group 1-94
2020-04-06 19:48:57,803 INFO o.a.j.t.JMeterThread: Thread finished: jp@gc - Ultimate Thread Group 1-94
2020-04-06 19:48:57,988 INFO o.a.j.t.JMeterThread: Stopping because end time detected by thread: jp@gc - Ultimate Thread Group 1-90
2020-04-06 19:48:57,988 INFO o.a.j.t.JMeterThread: Thread finished: jp@gc - Ultimate Thread Group 1-90
2020-04-06 19:48:58,440 INFO o.a.j.t.JMeterThread: Stopping because end time detected by thread: jp@gc - Ultimate Thread Group 1-102
2020-04-06 19:48:58,441 INFO o.a.j.t.JMeterThread: Thread finished: jp@gc - Ultimate Thread Group 1-102
2020-04-06 19:48:58,685 INFO o.a.j.t.JMeterThread: Stopping because end time detected by thread: jp@gc - Ultimate Thread Group 1-96
2020-04-06 19:48:58,686 INFO o.a.j.t.JMeterThread: Thread finished: jp@gc - Ultimate Thread Group 1-96
2020-04-06 19:48:59,143 INFO o.a.j.t.JMeterThread: Stopping because end time detected by thread: jp@gc - Ultimate Thread Group 1-93
2020-04-06 19:48:59,143 INFO o.a.j.t.JMeterThread: Thread finished: jp@gc - Ultimate Thread Group 1-93
2020-04-06 19:48:59,258 INFO o.a.j.t.JMeterThread: Stopping because end time detected by thread: jp@gc - Ultimate Thread Group 1-91
2020-04-06 19:48:59,258 INFO o.a.j.t.JMeterThread: Thread finished: jp@gc - Ultimate Thread Group 1-91
2020-04-06 19:48:59,700 INFO o.a.j.t.JMeterThread: Stopping because end time detected by thread: jp@gc - Ultimate Thread Group 1-86
2020-04-06 19:48:59,700 INFO o.a.j.t.JMeterThread: Thread finished: jp@gc - Ultimate Thread Group 1-86
2020-04-06 19:49:00,682 INFO o.a.j.r.Summariser: summary +     82 in 00:00:30 =    2.7/s Avg: 80882 Min: 75483 Max: 86013 Err:     0 (0.00%) Active: 98 Started: 199 Finished: 101
2020-04-06 19:49:00,683 INFO o.a.j.r.Summariser: summary =    558 in 00:04:28 =    2.1/s Avg: 68061 Min:  1040 Max: 95557 Err:     0 (0.00%)
2020-04-06 19:49:00,683 INFO o.a.j.t.JMeterThread: Stopping because end time detected by thread: jp@gc - Ultimate Thread Group 1-88
2020-04-06 19:49:00,683 INFO o.a.j.t.JMeterThread: Thread finished: jp@gc - Ultimate Thread Group 1-88
2020-04-06 19:49:00,800 INFO o.a.j.t.JMeterThread: Stopping because end time detected by thread: jp@gc - Ultimate Thread Group 1-85
2020-04-06 19:49:00,800 INFO o.a.j.t.JMeterThread: Thread finished: jp@gc - Ultimate Thread Group 1-85
2020-04-06 19:49:01,212 INFO o.a.j.t.JMeterThread: Stopping because end time detected by thread: jp@gc - Ultimate Thread Group 1-97
2020-04-06 19:49:01,212 INFO o.a.j.t.JMeterThread: Thread finished: jp@gc - Ultimate Thread Group 1-97
2020-04-06 19:49:01,853 INFO o.a.j.t.JMeterThread: Stopping because end time detected by thread: jp@gc - Ultimate Thread Group 1-89
2020-04-06 19:49:01,853 INFO o.a.j.t.JMeterThread: Thread finished: jp@gc - Ultimate Thread Group 1-89
2020-04-06 19:49:01,907 INFO o.a.j.t.JMeterThread: Stopping because end time detected by thread: jp@gc - Ultimate Thread Group 1-87
2020-04-06 19:49:01,907 INFO o.a.j.t.JMeterThread: Thread finished: jp@gc - Ultimate Thread Group 1-87
2020-04-06 19:49:02,029 INFO o.a.j.t.JMeterThread: Stopping because end time detected by thread: jp@gc - Ultimate Thread Group 1-56
2020-04-06 19:49:02,030 INFO o.a.j.t.JMeterThread: Thread finished: jp@gc - Ultimate Thread Group 1-56
2020-04-06 19:49:02,669 INFO o.a.j.t.JMeterThread: Stopping because end time detected by thread: jp@gc - Ultimate Thread Group 1-31
2020-04-06 19:49:02,670 INFO o.a.j.t.JMeterThread: Thread finished: jp@gc - Ultimate Thread Group 1-31
2020-04-06 19:49:02,682 INFO o.a.j.t.JMeterThread: Stopping because end time detected by thread: jp@gc - Ultimate Thread Group 1-83
2020-04-06 19:49:02,682 INFO o.a.j.t.JMeterThread: Thread finished: jp@gc - Ultimate Thread Group 1-83
2020-04-06 19:49:02,871 INFO o.a.j.t.JMeterThread: Stopping because end time detected by thread: jp@gc - Ultimate Thread Group 1-82
2020-04-06 19:49:02,872 INFO o.a.j.t.JMeterThread: Thread finished: jp@gc - Ultimate Thread Group 1-82
2020-04-06 19:49:03,079 INFO o.a.j.t.JMeterThread: Stopping because end time detected by thread: jp@gc - Ultimate Thread Group 1-33
2020-04-06 19:49:03,079 INFO o.a.j.t.JMeterThread: Thread finished: jp@gc - Ultimate Thread Group 1-33
2020-04-06 19:49:03,572 INFO o.a.j.t.JMeterThread: Stopping because end time detected by thread: jp@gc - Ultimate Thread Group 1-34
2020-04-06 19:49:03,573 INFO o.a.j.t.JMeterThread: Thread finished: jp@gc - Ultimate Thread Group 1-34
2020-04-06 19:49:03,650 INFO o.a.j.t.JMeterThread: Stopping because end time detected by thread: jp@gc - Ultimate Thread Group 1-84
2020-04-06 19:49:03,650 INFO o.a.j.t.JMeterThread: Thread finished: jp@gc - Ultimate Thread Group 1-84
2020-04-06 19:49:03,936 INFO o.a.j.t.JMeterThread: Stopping because end time detected by thread: jp@gc - Ultimate Thread Group 1-78
2020-04-06 19:49:03,936 INFO o.a.j.t.JMeterThread: Thread finished: jp@gc - Ultimate Thread Group 1-78
2020-04-06 19:49:04,173 INFO o.a.j.t.JMeterThread: Stopping because end time detected by thread: jp@gc - Ultimate Thread Group 1-80
2020-04-06 19:49:04,174 INFO o.a.j.t.JMeterThread: Thread finished: jp@gc - Ultimate Thread Group 1-80
2020-04-06 19:49:04,345 INFO o.a.j.t.JMeterThread: Stopping because end time detected by thread: jp@gc - Ultimate Thread Group 1-30
2020-04-06 19:49:04,345 INFO o.a.j.t.JMeterThread: Thread finished: jp@gc - Ultimate Thread Group 1-30
2020-04-06 19:49:04,750 INFO o.a.j.t.JMeterThread: Stopping because end time detected by thread: jp@gc - Ultimate Thread Group 1-29
2020-04-06 19:49:04,750 INFO o.a.j.t.JMeterThread: Thread finished: jp@gc - Ultimate Thread Group 1-29
2020-04-06 19:49:04,806 INFO o.a.j.t.JMeterThread: Stopping because end time detected by thread: jp@gc - Ultimate Thread Group 1-32
2020-04-06 19:49:04,806 INFO o.a.j.t.JMeterThread: Thread finished: jp@gc - Ultimate Thread Group 1-32
2020-04-06 19:49:04,833 INFO o.a.j.t.JMeterThread: Stopping because end time detected by thread: jp@gc - Ultimate Thread Group 1-81
2020-04-06 19:49:04,833 INFO o.a.j.t.JMeterThread: Thread finished: jp@gc - Ultimate Thread Group 1-81
2020-04-06 19:49:04,902 INFO o.a.j.t.JMeterThread: Stopping because end time detected by thread: jp@gc - Ultimate Thread Group 1-79
2020-04-06 19:49:04,902 INFO o.a.j.t.JMeterThread: Thread finished: jp@gc - Ultimate Thread Group 1-79
2020-04-06 19:49:05,168 INFO o.a.j.t.JMeterThread: Stopping because end time detected by thread: jp@gc - Ultimate Thread Group 1-74
2020-04-06 19:49:05,168 INFO o.a.j.t.JMeterThread: Thread finished: jp@gc - Ultimate Thread Group 1-74
2020-04-06 19:49:05,694 INFO o.a.j.t.JMeterThread: Stopping because end time detected by thread: jp@gc - Ultimate Thread Group 1-72
2020-04-06 19:49:05,694 INFO o.a.j.t.JMeterThread: Thread finished: jp@gc - Ultimate Thread Group 1-72
2020-04-06 19:49:05,721 INFO o.a.j.t.JMeterThread: Stopping because end time detected by thread: jp@gc - Ultimate Thread Group 1-70
2020-04-06 19:49:05,722 INFO o.a.j.t.JMeterThread: Thread finished: jp@gc - Ultimate Thread Group 1-70
2020-04-06 19:49:05,812 INFO o.a.j.t.JMeterThread: Stopping because end time detected by thread: jp@gc - Ultimate Thread Group 1-73
2020-04-06 19:49:05,812 INFO o.a.j.t.JMeterThread: Thread finished: jp@gc - Ultimate Thread Group 1-73
2020-04-06 19:49:05,840 INFO o.a.j.t.JMeterThread: Stopping because end time detected by thread: jp@gc - Ultimate Thread Group 1-76
2020-04-06 19:49:05,841 INFO o.a.j.t.JMeterThread: Thread finished: jp@gc - Ultimate Thread Group 1-76
2020-04-06 19:49:06,207 INFO o.a.j.t.JMeterThread: Stopping because end time detected by thread: jp@gc - Ultimate Thread Group 1-75
2020-04-06 19:49:06,207 INFO o.a.j.t.JMeterThread: Thread finished: jp@gc - Ultimate Thread Group 1-75
2020-04-06 19:49:06,392 INFO o.a.j.t.JMeterThread: Stopping because end time detected by thread: jp@gc - Ultimate Thread Group 1-69
2020-04-06 19:49:06,392 INFO o.a.j.t.JMeterThread: Thread finished: jp@gc - Ultimate Thread Group 1-69
2020-04-06 19:49:06,418 INFO o.a.j.t.JMeterThread: Stopping because end time detected by thread: jp@gc - Ultimate Thread Group 1-196
2020-04-06 19:49:06,418 INFO o.a.j.t.JMeterThread: Thread finished: jp@gc - Ultimate Thread Group 1-196
2020-04-06 19:49:06,567 INFO o.a.j.t.JMeterThread: Stopping because end time detected by thread: jp@gc - Ultimate Thread Group 1-28
2020-04-06 19:49:06,568 INFO o.a.j.t.JMeterThread: Thread finished: jp@gc - Ultimate Thread Group 1-28
2020-04-06 19:49:06,673 INFO o.a.j.t.JMeterThread: Stopping because end time detected by thread: jp@gc - Ultimate Thread Group 1-77
2020-04-06 19:49:06,674 INFO o.a.j.t.JMeterThread: Thread finished: jp@gc - Ultimate Thread Group 1-77
2020-04-06 19:49:06,876 INFO o.a.j.t.JMeterThread: Stopping because end time detected by thread: jp@gc - Ultimate Thread Group 1-71
2020-04-06 19:49:06,877 INFO o.a.j.t.JMeterThread: Thread finished: jp@gc - Ultimate Thread Group 1-71
2020-04-06 19:49:07,079 INFO o.a.j.t.JMeterThread: Stopping because end time detected by thread: jp@gc - Ultimate Thread Group 1-68
2020-04-06 19:49:07,079 INFO o.a.j.t.JMeterThread: Thread finished: jp@gc - Ultimate Thread Group 1-68
2020-04-06 19:49:07,243 INFO o.a.j.t.JMeterThread: Stopping because end time detected by thread: jp@gc - Ultimate Thread Group 1-197
2020-04-06 19:49:07,243 INFO o.a.j.t.JMeterThread: Thread finished: jp@gc - Ultimate Thread Group 1-197
2020-04-06 19:49:07,508 INFO o.a.j.t.JMeterThread: Stopping because end time detected by thread: jp@gc - Ultimate Thread Group 1-193
2020-04-06 19:49:07,508 INFO o.a.j.t.JMeterThread: Thread finished: jp@gc - Ultimate Thread Group 1-193
2020-04-06 19:49:07,905 INFO o.a.j.t.JMeterThread: Stopping because end time detected by thread: jp@gc - Ultimate Thread Group 1-199
2020-04-06 19:49:07,905 INFO o.a.j.t.JMeterThread: Thread finished: jp@gc - Ultimate Thread Group 1-199
2020-04-06 19:49:07,955 INFO o.a.j.t.JMeterThread: Stopping because end time detected by thread: jp@gc - Ultimate Thread Group 1-27
2020-04-06 19:49:07,956 INFO o.a.j.t.JMeterThread: Thread finished: jp@gc - Ultimate Thread Group 1-27
2020-04-06 19:49:07,957 INFO o.a.j.t.JMeterThread: Stopping because end time detected by thread: jp@gc - Ultimate Thread Group 1-198
2020-04-06 19:49:07,957 INFO o.a.j.t.JMeterThread: Thread finished: jp@gc - Ultimate Thread Group 1-198
2020-04-06 19:49:08,715 INFO o.a.j.t.JMeterThread: Stopping because end time detected by thread: jp@gc - Ultimate Thread Group 1-55
2020-04-06 19:49:08,715 INFO o.a.j.t.JMeterThread: Thread finished: jp@gc - Ultimate Thread Group 1-55
2020-04-06 19:49:08,742 INFO o.a.j.t.JMeterThread: Stopping because end time detected by thread: jp@gc - Ultimate Thread Group 1-192
2020-04-06 19:49:08,742 INFO o.a.j.t.JMeterThread: Thread finished: jp@gc - Ultimate Thread Group 1-192
2020-04-06 19:49:08,760 INFO o.a.j.t.JMeterThread: Stopping because end time detected by thread: jp@gc - Ultimate Thread Group 1-66
2020-04-06 19:49:08,761 INFO o.a.j.t.JMeterThread: Thread finished: jp@gc - Ultimate Thread Group 1-66
2020-04-06 19:49:09,116 INFO o.a.j.t.JMeterThread: Stopping because end time detected by thread: jp@gc - Ultimate Thread Group 1-53
2020-04-06 19:49:09,116 INFO o.a.j.t.JMeterThread: Thread finished: jp@gc - Ultimate Thread Group 1-53
2020-04-06 19:49:09,203 INFO o.a.j.t.JMeterThread: Stopping because end time detected by thread: jp@gc - Ultimate Thread Group 1-190
2020-04-06 19:49:09,203 INFO o.a.j.t.JMeterThread: Thread finished: jp@gc - Ultimate Thread Group 1-190
2020-04-06 19:49:09,565 INFO o.a.j.t.JMeterThread: Stopping because end time detected by thread: jp@gc - Ultimate Thread Group 1-191
2020-04-06 19:49:09,565 INFO o.a.j.t.JMeterThread: Thread finished: jp@gc - Ultimate Thread Group 1-191
2020-04-06 19:49:09,610 INFO o.a.j.t.JMeterThread: Stopping because end time detected by thread: jp@gc - Ultimate Thread Group 1-194
2020-04-06 19:49:09,610 INFO o.a.j.t.JMeterThread: Thread finished: jp@gc - Ultimate Thread Group 1-194
2020-04-06 19:49:09,884 INFO o.a.j.t.JMeterThread: Stopping because end time detected by thread: jp@gc - Ultimate Thread Group 1-24
2020-04-06 19:49:09,884 INFO o.a.j.t.JMeterThread: Thread finished: jp@gc - Ultimate Thread Group 1-24
2020-04-06 19:49:10,066 INFO o.a.j.t.JMeterThread: Stopping because end time detected by thread: jp@gc - Ultimate Thread Group 1-189
2020-04-06 19:49:10,066 INFO o.a.j.t.JMeterThread: Thread finished: jp@gc - Ultimate Thread Group 1-189
2020-04-06 19:49:10,133 INFO o.a.j.t.JMeterThread: Stopping because end time detected by thread: jp@gc - Ultimate Thread Group 1-63
2020-04-06 19:49:10,133 INFO o.a.j.t.JMeterThread: Thread finished: jp@gc - Ultimate Thread Group 1-63
2020-04-06 19:49:10,191 INFO o.a.j.t.JMeterThread: Stopping because end time detected by thread: jp@gc - Ultimate Thread Group 1-25
2020-04-06 19:49:10,191 INFO o.a.j.t.JMeterThread: Thread finished: jp@gc - Ultimate Thread Group 1-25
2020-04-06 19:49:10,254 INFO o.a.j.t.JMeterThread: Stopping because end time detected by thread: jp@gc - Ultimate Thread Group 1-26
2020-04-06 19:49:10,254 INFO o.a.j.t.JMeterThread: Thread finished: jp@gc - Ultimate Thread Group 1-26
2020-04-06 19:49:10,280 INFO o.a.j.t.JMeterThread: Stopping because end time detected by thread: jp@gc - Ultimate Thread Group 1-54
2020-04-06 19:49:10,280 INFO o.a.j.t.JMeterThread: Thread finished: jp@gc - Ultimate Thread Group 1-54
2020-04-06 19:49:10,284 INFO o.a.j.t.JMeterThread: Stopping because end time detected by thread: jp@gc - Ultimate Thread Group 1-195
2020-04-06 19:49:10,285 INFO o.a.j.t.JMeterThread: Thread finished: jp@gc - Ultimate Thread Group 1-195
2020-04-06 19:49:10,444 INFO o.a.j.t.JMeterThread: Stopping because end time detected by thread: jp@gc - Ultimate Thread Group 1-23
2020-04-06 19:49:10,445 INFO o.a.j.t.JMeterThread: Thread finished: jp@gc - Ultimate Thread Group 1-23
2020-04-06 19:49:10,491 INFO o.a.j.t.JMeterThread: Stopping because end time detected by thread: jp@gc - Ultimate Thread Group 1-186
2020-04-06 19:49:10,492 INFO o.a.j.t.JMeterThread: Thread finished: jp@gc - Ultimate Thread Group 1-186
2020-04-06 19:49:10,866 INFO o.a.j.t.JMeterThread: Stopping because end time detected by thread: jp@gc - Ultimate Thread Group 1-184
2020-04-06 19:49:10,867 INFO o.a.j.t.JMeterThread: Thread finished: jp@gc - Ultimate Thread Group 1-184
2020-04-06 19:49:10,949 INFO o.a.j.t.JMeterThread: Stopping because end time detected by thread: jp@gc - Ultimate Thread Group 1-187
2020-04-06 19:49:10,950 INFO o.a.j.t.JMeterThread: Thread finished: jp@gc - Ultimate Thread Group 1-187
2020-04-06 19:49:10,966 INFO o.a.j.t.JMeterThread: Stopping because end time detected by thread: jp@gc - Ultimate Thread Group 1-188
2020-04-06 19:49:10,967 INFO o.a.j.t.JMeterThread: Thread finished: jp@gc - Ultimate Thread Group 1-188
2020-04-06 19:49:10,994 INFO o.a.j.t.JMeterThread: Stopping because end time detected by thread: jp@gc - Ultimate Thread Group 1-177
2020-04-06 19:49:10,994 INFO o.a.j.t.JMeterThread: Thread finished: jp@gc - Ultimate Thread Group 1-177
2020-04-06 19:49:11,101 INFO o.a.j.t.JMeterThread: Stopping because end time detected by thread: jp@gc - Ultimate Thread Group 1-185
2020-04-06 19:49:11,101 INFO o.a.j.t.JMeterThread: Thread finished: jp@gc - Ultimate Thread Group 1-185
2020-04-06 19:49:11,107 INFO o.a.j.t.JMeterThread: Stopping because end time detected by thread: jp@gc - Ultimate Thread Group 1-176
2020-04-06 19:49:11,107 INFO o.a.j.t.JMeterThread: Thread finished: jp@gc - Ultimate Thread Group 1-176
2020-04-06 19:49:11,125 INFO o.a.j.t.JMeterThread: Stopping because end time detected by thread: jp@gc - Ultimate Thread Group 1-22
2020-04-06 19:49:11,125 INFO o.a.j.t.JMeterThread: Thread finished: jp@gc - Ultimate Thread Group 1-22
2020-04-06 19:49:11,132 INFO o.a.j.t.JMeterThread: Stopping because end time detected by thread: jp@gc - Ultimate Thread Group 1-182
2020-04-06 19:49:11,132 INFO o.a.j.t.JMeterThread: Thread finished: jp@gc - Ultimate Thread Group 1-182
2020-04-06 19:49:11,414 INFO o.a.j.t.JMeterThread: Stopping because end time detected by thread: jp@gc - Ultimate Thread Group 1-21
2020-04-06 19:49:11,414 INFO o.a.j.t.JMeterThread: Thread finished: jp@gc - Ultimate Thread Group 1-21
2020-04-06 19:49:11,432 INFO o.a.j.t.JMeterThread: Stopping because end time detected by thread: jp@gc - Ultimate Thread Group 1-180
2020-04-06 19:49:11,432 INFO o.a.j.t.JMeterThread: Thread finished: jp@gc - Ultimate Thread Group 1-180
2020-04-06 19:49:11,440 INFO o.a.j.t.JMeterThread: Stopping because end time detected by thread: jp@gc - Ultimate Thread Group 1-178
2020-04-06 19:49:11,440 INFO o.a.j.t.JMeterThread: Thread finished: jp@gc - Ultimate Thread Group 1-178
2020-04-06 19:49:11,489 INFO o.a.j.t.JMeterThread: Stopping because end time detected by thread: jp@gc - Ultimate Thread Group 1-181
2020-04-06 19:49:11,489 INFO o.a.j.t.JMeterThread: Thread finished: jp@gc - Ultimate Thread Group 1-181
2020-04-06 19:49:11,577 INFO o.a.j.t.JMeterThread: Stopping because end time detected by thread: jp@gc - Ultimate Thread Group 1-20
2020-04-06 19:49:11,577 INFO o.a.j.t.JMeterThread: Thread finished: jp@gc - Ultimate Thread Group 1-20
2020-04-06 19:49:11,658 INFO o.a.j.t.JMeterThread: Stopping because end time detected by thread: jp@gc - Ultimate Thread Group 1-52
2020-04-06 19:49:11,658 INFO o.a.j.t.JMeterThread: Thread finished: jp@gc - Ultimate Thread Group 1-52
2020-04-06 19:49:11,857 INFO o.a.j.t.JMeterThread: Stopping because end time detected by thread: jp@gc - Ultimate Thread Group 1-173
2020-04-06 19:49:11,858 INFO o.a.j.t.JMeterThread: Thread finished: jp@gc - Ultimate Thread Group 1-173
2020-04-06 19:49:11,891 INFO o.a.j.t.JMeterThread: Stopping because end time detected by thread: jp@gc - Ultimate Thread Group 1-183
2020-04-06 19:49:11,891 INFO o.a.j.t.JMeterThread: Thread finished: jp@gc - Ultimate Thread Group 1-183
2020-04-06 19:49:11,943 INFO o.a.j.t.JMeterThread: Stopping because end time detected by thread: jp@gc - Ultimate Thread Group 1-175
2020-04-06 19:49:11,944 INFO o.a.j.t.JMeterThread: Thread finished: jp@gc - Ultimate Thread Group 1-175
2020-04-06 19:49:12,039 INFO o.a.j.t.JMeterThread: Stopping because end time detected by thread: jp@gc - Ultimate Thread Group 1-179
2020-04-06 19:49:12,040 INFO o.a.j.t.JMeterThread: Thread finished: jp@gc - Ultimate Thread Group 1-179
2020-04-06 19:49:12,089 INFO o.a.j.t.JMeterThread: Stopping because end time detected by thread: jp@gc - Ultimate Thread Group 1-17
2020-04-06 19:49:12,089 INFO o.a.j.t.JMeterThread: Thread finished: jp@gc - Ultimate Thread Group 1-17
2020-04-06 19:49:12,146 INFO o.a.j.t.JMeterThread: Stopping because end time detected by thread: jp@gc - Ultimate Thread Group 1-165
2020-04-06 19:49:12,146 INFO o.a.j.t.JMeterThread: Thread finished: jp@gc - Ultimate Thread Group 1-165
2020-04-06 19:49:12,222 INFO o.a.j.t.JMeterThread: Stopping because end time detected by thread: jp@gc - Ultimate Thread Group 1-16
2020-04-06 19:49:12,222 INFO o.a.j.t.JMeterThread: Thread finished: jp@gc - Ultimate Thread Group 1-16
2020-04-06 19:49:12,262 INFO o.a.j.t.JMeterThread: Stopping because end time detected by thread: jp@gc - Ultimate Thread Group 1-19
2020-04-06 19:49:12,263 INFO o.a.j.t.JMeterThread: Thread finished: jp@gc - Ultimate Thread Group 1-19
2020-04-06 19:49:12,277 INFO o.a.j.t.JMeterThread: Stopping because end time detected by thread: jp@gc - Ultimate Thread Group 1-168
2020-04-06 19:49:12,277 INFO o.a.j.t.JMeterThread: Thread finished: jp@gc - Ultimate Thread Group 1-168
2020-04-06 19:49:12,313 INFO o.a.j.t.JMeterThread: Stopping because end time detected by thread: jp@gc - Ultimate Thread Group 1-166
2020-04-06 19:49:12,314 INFO o.a.j.t.JMeterThread: Thread finished: jp@gc - Ultimate Thread Group 1-166
2020-04-06 19:49:12,319 INFO o.a.j.t.JMeterThread: Stopping because end time detected by thread: jp@gc - Ultimate Thread Group 1-13
2020-04-06 19:49:12,320 INFO o.a.j.t.JMeterThread: Thread finished: jp@gc - Ultimate Thread Group 1-13
2020-04-06 19:49:12,370 INFO o.a.j.t.JMeterThread: Stopping because end time detected by thread: jp@gc - Ultimate Thread Group 1-18
2020-04-06 19:49:12,370 INFO o.a.j.t.JMeterThread: Thread finished: jp@gc - Ultimate Thread Group 1-18
2020-04-06 19:49:12,378 INFO o.a.j.t.JMeterThread: Stopping because end time detected by thread: jp@gc - Ultimate Thread Group 1-167
2020-04-06 19:49:12,378 INFO o.a.j.t.JMeterThread: Thread finished: jp@gc - Ultimate Thread Group 1-167
2020-04-06 19:49:12,400 INFO o.a.j.t.JMeterThread: Stopping because end time detected by thread: jp@gc - Ultimate Thread Group 1-163
2020-04-06 19:49:12,400 INFO o.a.j.t.JMeterThread: Thread finished: jp@gc - Ultimate Thread Group 1-163
2020-04-06 19:49:12,436 INFO o.a.j.t.JMeterThread: Stopping because end time detected by thread: jp@gc - Ultimate Thread Group 1-174
2020-04-06 19:49:12,436 INFO o.a.j.t.JMeterThread: Thread finished: jp@gc - Ultimate Thread Group 1-174
2020-04-06 19:49:12,499 INFO o.a.j.t.JMeterThread: Stopping because end time detected by thread: jp@gc - Ultimate Thread Group 1-171
2020-04-06 19:49:12,499 INFO o.a.j.t.JMeterThread: Thread finished: jp@gc - Ultimate Thread Group 1-171
2020-04-06 19:49:12,500 INFO o.a.j.t.JMeterThread: Stopping because end time detected by thread: jp@gc - Ultimate Thread Group 1-170
2020-04-06 19:49:12,501 INFO o.a.j.t.JMeterThread: Thread finished: jp@gc - Ultimate Thread Group 1-170
2020-04-06 19:49:12,523 INFO o.a.j.t.JMeterThread: Stopping because end time detected by thread: jp@gc - Ultimate Thread Group 1-14
2020-04-06 19:49:12,523 INFO o.a.j.t.JMeterThread: Thread finished: jp@gc - Ultimate Thread Group 1-14
2020-04-06 19:49:12,537 INFO o.a.j.t.JMeterThread: Stopping because end time detected by thread: jp@gc - Ultimate Thread Group 1-162
2020-04-06 19:49:12,537 INFO o.a.j.t.JMeterThread: Thread finished: jp@gc - Ultimate Thread Group 1-162
2020-04-06 19:49:12,587 INFO o.a.j.t.JMeterThread: Stopping because end time detected by thread: jp@gc - Ultimate Thread Group 1-15
2020-04-06 19:49:12,587 INFO o.a.j.t.JMeterThread: Thread finished: jp@gc - Ultimate Thread Group 1-15
2020-04-06 19:49:12,606 INFO o.a.j.t.JMeterThread: Stopping because end time detected by thread: jp@gc - Ultimate Thread Group 1-172
2020-04-06 19:49:12,606 INFO o.a.j.t.JMeterThread: Thread finished: jp@gc - Ultimate Thread Group 1-172
2020-04-06 19:49:12,627 INFO o.a.j.t.JMeterThread: Stopping because end time detected by thread: jp@gc - Ultimate Thread Group 1-160
2020-04-06 19:49:12,627 INFO o.a.j.t.JMeterThread: Thread finished: jp@gc - Ultimate Thread Group 1-160
2020-04-06 19:49:12,633 INFO o.a.j.t.JMeterThread: Stopping because end time detected by thread: jp@gc - Ultimate Thread Group 1-157
2020-04-06 19:49:12,633 INFO o.a.j.t.JMeterThread: Thread finished: jp@gc - Ultimate Thread Group 1-157
2020-04-06 19:49:12,662 INFO o.a.j.t.JMeterThread: Stopping because end time detected by thread: jp@gc - Ultimate Thread Group 1-169
2020-04-06 19:49:12,662 INFO o.a.j.t.JMeterThread: Thread finished: jp@gc - Ultimate Thread Group 1-169
2020-04-06 19:49:12,665 INFO o.a.j.t.JMeterThread: Stopping because end time detected by thread: jp@gc - Ultimate Thread Group 1-67
2020-04-06 19:49:12,665 INFO o.a.j.t.JMeterThread: Thread finished: jp@gc - Ultimate Thread Group 1-67
2020-04-06 19:49:12,683 INFO o.a.j.t.JMeterThread: Stopping because end time detected by thread: jp@gc - Ultimate Thread Group 1-164
2020-04-06 19:49:12,684 INFO o.a.j.t.JMeterThread: Thread finished: jp@gc - Ultimate Thread Group 1-164
2020-04-06 19:49:12,726 INFO o.a.j.t.JMeterThread: Stopping because end time detected by thread: jp@gc - Ultimate Thread Group 1-161
2020-04-06 19:49:12,726 INFO o.a.j.t.JMeterThread: Thread finished: jp@gc - Ultimate Thread Group 1-161
2020-04-06 19:49:12,727 INFO o.a.j.t.JMeterThread: Stopping because end time detected by thread: jp@gc - Ultimate Thread Group 1-62
2020-04-06 19:49:12,727 INFO o.a.j.t.JMeterThread: Thread finished: jp@gc - Ultimate Thread Group 1-62
2020-04-06 19:49:12,738 INFO o.a.j.t.JMeterThread: Stopping because end time detected by thread: jp@gc - Ultimate Thread Group 1-12
2020-04-06 19:49:12,738 INFO o.a.j.t.JMeterThread: Thread finished: jp@gc - Ultimate Thread Group 1-12
2020-04-06 19:49:12,767 INFO o.a.j.t.JMeterThread: Stopping because end time detected by thread: jp@gc - Ultimate Thread Group 1-51
2020-04-06 19:49:12,767 INFO o.a.j.t.JMeterThread: Thread finished: jp@gc - Ultimate Thread Group 1-51
2020-04-06 19:49:12,777 INFO o.a.j.t.JMeterThread: Stopping because end time detected by thread: jp@gc - Ultimate Thread Group 1-158
2020-04-06 19:49:12,777 INFO o.a.j.t.JMeterThread: Thread finished: jp@gc - Ultimate Thread Group 1-158
2020-04-06 19:49:12,808 INFO o.a.j.t.JMeterThread: Stopping because end time detected by thread: jp@gc - Ultimate Thread Group 1-10
2020-04-06 19:49:12,808 INFO o.a.j.t.JMeterThread: Thread finished: jp@gc - Ultimate Thread Group 1-10
2020-04-06 19:49:12,809 INFO o.a.j.e.StandardJMeterEngine: Notifying test listeners of end of test
2020-04-06 19:49:12,812 INFO o.a.j.r.Summariser: summary +     97 in 00:00:12 =    8.0/s Avg: 68376 Min: 50305 Max: 87769 Err:     0 (0.00%) Active: 0 Started: 199 Finished: 199
2020-04-06 19:49:12,813 INFO o.a.j.r.Summariser: summary =    655 in 00:04:40 =    2.3/s Avg: 68108 Min:  1040 Max: 95557 Err:     0 (0.00%)
