2020-04-06 19:17:54,321 INFO o.a.j.u.JMeterUtils: Setting Locale to en_US
2020-04-06 19:17:54,356 INFO o.a.j.JMeter: Loading user properties from: /home/pablo/jmeter/bin/user.properties
2020-04-06 19:17:54,357 INFO o.a.j.JMeter: Loading system properties from: /home/pablo/jmeter/bin/system.properties
2020-04-06 19:17:54,358 INFO o.a.j.JMeter: Setting System property: HILOS1=35
2020-04-06 19:17:54,358 INFO o.a.j.JMeter: Setting System property: DELAY1=0
2020-04-06 19:17:54,359 INFO o.a.j.JMeter: Setting System property: SUBIDA1=20
2020-04-06 19:17:54,359 INFO o.a.j.JMeter: Setting System property: DURACION1=175
2020-04-06 19:17:54,359 INFO o.a.j.JMeter: Setting System property: HILOS2=35
2020-04-06 19:17:54,359 INFO o.a.j.JMeter: Setting System property: DELAY2=20
2020-04-06 19:17:54,360 INFO o.a.j.JMeter: Setting System property: SUBIDA2=20
2020-04-06 19:17:54,360 INFO o.a.j.JMeter: Setting System property: DURACION2=155
2020-04-06 19:17:54,360 INFO o.a.j.JMeter: Setting System property: HILOS3=35
2020-04-06 19:17:54,360 INFO o.a.j.JMeter: Setting System property: DELAY3=35
2020-04-06 19:17:54,361 INFO o.a.j.JMeter: Setting System property: SUBIDA3=20
2020-04-06 19:17:54,361 INFO o.a.j.JMeter: Setting System property: DURACION3=140
2020-04-06 19:17:54,361 INFO o.a.j.JMeter: Setting System property: FILE=scriptresultsperfmonDin120.jtl
2020-04-06 19:17:54,365 INFO o.a.j.JMeter: Copyright (c) 1998-2019 The Apache Software Foundation
2020-04-06 19:17:54,365 INFO o.a.j.JMeter: Version 5.2.1
2020-04-06 19:17:54,365 INFO o.a.j.JMeter: java.version=1.8.0_201
2020-04-06 19:17:54,365 INFO o.a.j.JMeter: java.vm.name=Java HotSpot(TM) 64-Bit Server VM
2020-04-06 19:17:54,366 INFO o.a.j.JMeter: os.name=Linux
2020-04-06 19:17:54,366 INFO o.a.j.JMeter: os.arch=amd64
2020-04-06 19:17:54,366 INFO o.a.j.JMeter: os.version=4.15.0-91-generic
2020-04-06 19:17:54,366 INFO o.a.j.JMeter: file.encoding=UTF-8
2020-04-06 19:17:54,367 INFO o.a.j.JMeter: java.awt.headless=true
2020-04-06 19:17:54,367 INFO o.a.j.JMeter: Max memory     =732954624
2020-04-06 19:17:54,368 INFO o.a.j.JMeter: Available Processors =4
2020-04-06 19:17:54,375 INFO o.a.j.JMeter: Default Locale=English (United States)
2020-04-06 19:17:54,376 INFO o.a.j.JMeter: JMeter  Locale=English (United States)
2020-04-06 19:17:54,376 INFO o.a.j.JMeter: JMeterHome=/home/pablo/jmeter
2020-04-06 19:17:54,377 INFO o.a.j.JMeter: user.dir  =/home/pablo/jmeter/bin/EJECUCIONES/P2
2020-04-06 19:17:54,377 INFO o.a.j.JMeter: PWD       =/home/pablo/jmeter/bin/EJECUCIONES/P2
2020-04-06 19:17:54,378 INFO o.a.j.JMeter: IP: 127.0.1.1 Name: hylianpablo FullName: hylianpablo
2020-04-06 19:17:54,388 INFO o.a.j.s.FileServer: Default base='/home/pablo/jmeter/bin/EJECUCIONES/P2'
2020-04-06 19:17:54,398 INFO o.a.j.s.FileServer: Set new base='/home/pablo/jmeter/bin/EJECUCIONES/P2/../..'
2020-04-06 19:17:54,736 INFO o.a.j.s.SaveService: Testplan (JMX) version: 2.2. Testlog (JTL) version: 2.2
2020-04-06 19:17:54,755 INFO o.a.j.s.SaveService: Using SaveService properties file encoding UTF-8
2020-04-06 19:17:54,769 INFO o.a.j.s.SaveService: Using SaveService properties version 5.0
2020-04-06 19:17:54,789 INFO o.a.j.s.SaveService: Loading file: ../../Dinamica.jmx
2020-04-06 19:17:54,973 INFO o.a.j.p.h.s.HTTPSamplerBase: Parser for text/html is org.apache.jmeter.protocol.http.parser.LagartoBasedHtmlParser
2020-04-06 19:17:54,973 INFO o.a.j.p.h.s.HTTPSamplerBase: Parser for application/xhtml+xml is org.apache.jmeter.protocol.http.parser.LagartoBasedHtmlParser
2020-04-06 19:17:54,974 INFO o.a.j.p.h.s.HTTPSamplerBase: Parser for application/xml is org.apache.jmeter.protocol.http.parser.LagartoBasedHtmlParser
2020-04-06 19:17:54,974 INFO o.a.j.p.h.s.HTTPSamplerBase: Parser for text/xml is org.apache.jmeter.protocol.http.parser.LagartoBasedHtmlParser
2020-04-06 19:17:54,974 INFO o.a.j.p.h.s.HTTPSamplerBase: Parser for text/vnd.wap.wml is org.apache.jmeter.protocol.http.parser.RegexpHTMLParser
2020-04-06 19:17:54,974 INFO o.a.j.p.h.s.HTTPSamplerBase: Parser for text/css is org.apache.jmeter.protocol.http.parser.CssParser
2020-04-06 19:17:55,008 INFO o.a.j.JMeter: Creating summariser <summary>
2020-04-06 19:17:55,027 INFO o.a.j.e.StandardJMeterEngine: Running the test!
2020-04-06 19:17:55,030 INFO o.a.j.s.SampleEvent: List of sample_variables: []
2020-04-06 19:17:55,031 INFO o.a.j.s.SampleEvent: List of sample_variables: []
2020-04-06 19:17:55,047 INFO o.a.j.e.u.CompoundVariable: Note: Function class names must contain the string: '.functions.'
2020-04-06 19:17:55,047 INFO o.a.j.e.u.CompoundVariable: Note: Function class names must not contain the string: '.gui.'
2020-04-06 19:17:55,995 INFO o.a.j.JMeter: Running test (1586193475994)
2020-04-06 19:17:56,101 INFO o.a.j.e.StandardJMeterEngine: Starting ThreadGroup: 1 : jp@gc - Ultimate Thread Group
2020-04-06 19:17:56,102 INFO o.a.j.e.StandardJMeterEngine: Starting 105 threads for group jp@gc - Ultimate Thread Group.
2020-04-06 19:17:56,103 INFO o.a.j.e.StandardJMeterEngine: Thread will continue on error
2020-04-06 19:17:56,103 INFO k.a.j.t.AbstractSimpleThreadGroup: Starting thread group number 1 threads 105
2020-04-06 19:17:56,231 INFO k.a.j.t.AbstractSimpleThreadGroup: Started thread group number 1
2020-04-06 19:17:56,231 INFO o.a.j.e.StandardJMeterEngine: All thread groups have been started
2020-04-06 19:17:56,676 INFO o.a.j.t.JMeterThread: Thread started: jp@gc - Ultimate Thread Group 1-35
2020-04-06 19:17:56,731 INFO o.a.j.p.h.s.HTTPHCAbstractImpl: Local host = hylianpablo
2020-04-06 19:17:56,749 INFO o.a.j.p.h.s.HTTPHC4Impl: HTTP request retry count = 0
2020-04-06 19:17:56,754 INFO o.a.j.s.SampleResult: Note: Sample TimeStamps are START times
2020-04-06 19:17:56,754 INFO o.a.j.s.SampleResult: sampleresult.default.encoding is set to ISO-8859-1
2020-04-06 19:17:56,754 INFO o.a.j.s.SampleResult: sampleresult.useNanoTime=true
2020-04-06 19:17:56,755 INFO o.a.j.s.SampleResult: sampleresult.nanoThreadSleep=5000
2020-04-06 19:17:57,246 INFO o.a.j.t.JMeterThread: Thread started: jp@gc - Ultimate Thread Group 1-34
2020-04-06 19:17:57,819 INFO o.a.j.t.JMeterThread: Thread started: jp@gc - Ultimate Thread Group 1-33
2020-04-06 19:17:57,966 INFO o.a.j.u.JsseSSLManager: Using default SSL protocol: TLS
2020-04-06 19:17:57,966 INFO o.a.j.u.JsseSSLManager: SSL session context: per-thread
2020-04-06 19:17:58,389 INFO o.a.j.t.JMeterThread: Thread started: jp@gc - Ultimate Thread Group 1-32
2020-04-06 19:17:58,961 INFO o.a.j.t.JMeterThread: Thread started: jp@gc - Ultimate Thread Group 1-31
2020-04-06 19:17:59,533 INFO o.a.j.t.JMeterThread: Thread started: jp@gc - Ultimate Thread Group 1-30
2020-04-06 19:18:00,105 INFO o.a.j.t.JMeterThread: Thread started: jp@gc - Ultimate Thread Group 1-29
2020-04-06 19:18:00,622 INFO o.a.j.r.Summariser: summary +      5 in 00:00:05 =    1.1/s Avg:  1610 Min:   980 Max:  2225 Err:     0 (0.00%) Active: 7 Started: 7 Finished: 0
2020-04-06 19:18:00,676 INFO o.a.j.t.JMeterThread: Thread started: jp@gc - Ultimate Thread Group 1-28
2020-04-06 19:18:01,247 INFO o.a.j.t.JMeterThread: Thread started: jp@gc - Ultimate Thread Group 1-27
2020-04-06 19:18:01,819 INFO o.a.j.t.JMeterThread: Thread started: jp@gc - Ultimate Thread Group 1-26
2020-04-06 19:18:02,390 INFO o.a.j.t.JMeterThread: Thread started: jp@gc - Ultimate Thread Group 1-25
2020-04-06 19:18:02,962 INFO o.a.j.t.JMeterThread: Thread started: jp@gc - Ultimate Thread Group 1-24
2020-04-06 19:18:03,533 INFO o.a.j.t.JMeterThread: Thread started: jp@gc - Ultimate Thread Group 1-23
2020-04-06 19:18:04,105 INFO o.a.j.t.JMeterThread: Thread started: jp@gc - Ultimate Thread Group 1-22
2020-04-06 19:18:04,675 INFO o.a.j.t.JMeterThread: Thread started: jp@gc - Ultimate Thread Group 1-21
2020-04-06 19:18:05,247 INFO o.a.j.t.JMeterThread: Thread started: jp@gc - Ultimate Thread Group 1-20
2020-04-06 19:18:05,818 INFO o.a.j.t.JMeterThread: Thread started: jp@gc - Ultimate Thread Group 1-19
2020-04-06 19:18:06,390 INFO o.a.j.t.JMeterThread: Thread started: jp@gc - Ultimate Thread Group 1-18
2020-04-06 19:18:06,962 INFO o.a.j.t.JMeterThread: Thread started: jp@gc - Ultimate Thread Group 1-17
2020-04-06 19:18:07,533 INFO o.a.j.t.JMeterThread: Thread started: jp@gc - Ultimate Thread Group 1-16
2020-04-06 19:18:08,105 INFO o.a.j.t.JMeterThread: Thread started: jp@gc - Ultimate Thread Group 1-15
2020-04-06 19:18:08,676 INFO o.a.j.t.JMeterThread: Thread started: jp@gc - Ultimate Thread Group 1-14
2020-04-06 19:18:09,247 INFO o.a.j.t.JMeterThread: Thread started: jp@gc - Ultimate Thread Group 1-13
2020-04-06 19:18:09,818 INFO o.a.j.t.JMeterThread: Thread started: jp@gc - Ultimate Thread Group 1-12
2020-04-06 19:18:10,390 INFO o.a.j.t.JMeterThread: Thread started: jp@gc - Ultimate Thread Group 1-11
2020-04-06 19:18:10,962 INFO o.a.j.t.JMeterThread: Thread started: jp@gc - Ultimate Thread Group 1-10
2020-04-06 19:18:11,532 INFO o.a.j.t.JMeterThread: Thread started: jp@gc - Ultimate Thread Group 1-9
2020-04-06 19:18:12,104 INFO o.a.j.t.JMeterThread: Thread started: jp@gc - Ultimate Thread Group 1-8
2020-04-06 19:18:12,676 INFO o.a.j.t.JMeterThread: Thread started: jp@gc - Ultimate Thread Group 1-7
2020-04-06 19:18:13,247 INFO o.a.j.t.JMeterThread: Thread started: jp@gc - Ultimate Thread Group 1-6
2020-04-06 19:18:13,819 INFO o.a.j.t.JMeterThread: Thread started: jp@gc - Ultimate Thread Group 1-5
2020-04-06 19:18:14,390 INFO o.a.j.t.JMeterThread: Thread started: jp@gc - Ultimate Thread Group 1-4
2020-04-06 19:18:14,962 INFO o.a.j.t.JMeterThread: Thread started: jp@gc - Ultimate Thread Group 1-3
2020-04-06 19:18:15,533 INFO o.a.j.t.JMeterThread: Thread started: jp@gc - Ultimate Thread Group 1-2
2020-04-06 19:18:16,104 INFO o.a.j.t.JMeterThread: Thread started: jp@gc - Ultimate Thread Group 1-1
2020-04-06 19:18:16,676 INFO o.a.j.t.JMeterThread: Thread started: jp@gc - Ultimate Thread Group 1-70
2020-04-06 19:18:17,247 INFO o.a.j.t.JMeterThread: Thread started: jp@gc - Ultimate Thread Group 1-69
2020-04-06 19:18:17,819 INFO o.a.j.t.JMeterThread: Thread started: jp@gc - Ultimate Thread Group 1-68
2020-04-06 19:18:18,389 INFO o.a.j.t.JMeterThread: Thread started: jp@gc - Ultimate Thread Group 1-67
2020-04-06 19:18:18,961 INFO o.a.j.t.JMeterThread: Thread started: jp@gc - Ultimate Thread Group 1-66
2020-04-06 19:18:19,532 INFO o.a.j.t.JMeterThread: Thread started: jp@gc - Ultimate Thread Group 1-65
2020-04-06 19:18:20,104 INFO o.a.j.t.JMeterThread: Thread started: jp@gc - Ultimate Thread Group 1-64
2020-04-06 19:18:20,676 INFO o.a.j.t.JMeterThread: Thread started: jp@gc - Ultimate Thread Group 1-63
2020-04-06 19:18:21,248 INFO o.a.j.t.JMeterThread: Thread started: jp@gc - Ultimate Thread Group 1-62
2020-04-06 19:18:21,819 INFO o.a.j.t.JMeterThread: Thread started: jp@gc - Ultimate Thread Group 1-61
2020-04-06 19:18:22,389 INFO o.a.j.t.JMeterThread: Thread started: jp@gc - Ultimate Thread Group 1-60
2020-04-06 19:18:22,961 INFO o.a.j.t.JMeterThread: Thread started: jp@gc - Ultimate Thread Group 1-59
2020-04-06 19:18:23,533 INFO o.a.j.t.JMeterThread: Thread started: jp@gc - Ultimate Thread Group 1-58
2020-04-06 19:18:24,105 INFO o.a.j.t.JMeterThread: Thread started: jp@gc - Ultimate Thread Group 1-57
2020-04-06 19:18:24,676 INFO o.a.j.t.JMeterThread: Thread started: jp@gc - Ultimate Thread Group 1-56
2020-04-06 19:18:25,247 INFO o.a.j.t.JMeterThread: Thread started: jp@gc - Ultimate Thread Group 1-55
2020-04-06 19:18:25,819 INFO o.a.j.t.JMeterThread: Thread started: jp@gc - Ultimate Thread Group 1-54
2020-04-06 19:18:26,389 INFO o.a.j.t.JMeterThread: Thread started: jp@gc - Ultimate Thread Group 1-53
2020-04-06 19:18:26,961 INFO o.a.j.t.JMeterThread: Thread started: jp@gc - Ultimate Thread Group 1-52
2020-04-06 19:18:27,532 INFO o.a.j.t.JMeterThread: Thread started: jp@gc - Ultimate Thread Group 1-51
2020-04-06 19:18:28,105 INFO o.a.j.t.JMeterThread: Thread started: jp@gc - Ultimate Thread Group 1-50
2020-04-06 19:18:28,676 INFO o.a.j.t.JMeterThread: Thread started: jp@gc - Ultimate Thread Group 1-49
2020-04-06 19:18:29,246 INFO o.a.j.t.JMeterThread: Thread started: jp@gc - Ultimate Thread Group 1-48
2020-04-06 19:18:29,819 INFO o.a.j.t.JMeterThread: Thread started: jp@gc - Ultimate Thread Group 1-47
2020-04-06 19:18:30,343 INFO o.a.j.r.Summariser: summary +     43 in 00:00:30 =    1.4/s Avg: 10306 Min:  2501 Max: 18234 Err:     0 (0.00%) Active: 59 Started: 59 Finished: 0
2020-04-06 19:18:30,344 INFO o.a.j.r.Summariser: summary =     48 in 00:00:34 =    1.4/s Avg:  9401 Min:   980 Max: 18234 Err:     0 (0.00%)
2020-04-06 19:18:30,389 INFO o.a.j.t.JMeterThread: Thread started: jp@gc - Ultimate Thread Group 1-46
2020-04-06 19:18:30,962 INFO o.a.j.t.JMeterThread: Thread started: jp@gc - Ultimate Thread Group 1-45
2020-04-06 19:18:31,533 INFO o.a.j.t.JMeterThread: Thread started: jp@gc - Ultimate Thread Group 1-44
2020-04-06 19:18:31,676 INFO o.a.j.t.JMeterThread: Thread started: jp@gc - Ultimate Thread Group 1-105
2020-04-06 19:18:32,105 INFO o.a.j.t.JMeterThread: Thread started: jp@gc - Ultimate Thread Group 1-43
2020-04-06 19:18:32,247 INFO o.a.j.t.JMeterThread: Thread started: jp@gc - Ultimate Thread Group 1-104
2020-04-06 19:18:32,675 INFO o.a.j.t.JMeterThread: Thread started: jp@gc - Ultimate Thread Group 1-42
2020-04-06 19:18:32,819 INFO o.a.j.t.JMeterThread: Thread started: jp@gc - Ultimate Thread Group 1-103
2020-04-06 19:18:33,246 INFO o.a.j.t.JMeterThread: Thread started: jp@gc - Ultimate Thread Group 1-41
2020-04-06 19:18:33,389 INFO o.a.j.t.JMeterThread: Thread started: jp@gc - Ultimate Thread Group 1-102
2020-04-06 19:18:33,818 INFO o.a.j.t.JMeterThread: Thread started: jp@gc - Ultimate Thread Group 1-40
2020-04-06 19:18:33,962 INFO o.a.j.t.JMeterThread: Thread started: jp@gc - Ultimate Thread Group 1-101
2020-04-06 19:18:34,390 INFO o.a.j.t.JMeterThread: Thread started: jp@gc - Ultimate Thread Group 1-39
2020-04-06 19:18:34,533 INFO o.a.j.t.JMeterThread: Thread started: jp@gc - Ultimate Thread Group 1-100
2020-04-06 19:18:34,962 INFO o.a.j.t.JMeterThread: Thread started: jp@gc - Ultimate Thread Group 1-38
2020-04-06 19:18:35,105 INFO o.a.j.t.JMeterThread: Thread started: jp@gc - Ultimate Thread Group 1-99
2020-04-06 19:18:35,533 INFO o.a.j.t.JMeterThread: Thread started: jp@gc - Ultimate Thread Group 1-37
2020-04-06 19:18:35,676 INFO o.a.j.t.JMeterThread: Thread started: jp@gc - Ultimate Thread Group 1-98
2020-04-06 19:18:36,105 INFO o.a.j.t.JMeterThread: Thread started: jp@gc - Ultimate Thread Group 1-36
2020-04-06 19:18:36,246 INFO o.a.j.t.JMeterThread: Thread started: jp@gc - Ultimate Thread Group 1-97
2020-04-06 19:18:36,819 INFO o.a.j.t.JMeterThread: Thread started: jp@gc - Ultimate Thread Group 1-96
2020-04-06 19:18:37,390 INFO o.a.j.t.JMeterThread: Thread started: jp@gc - Ultimate Thread Group 1-95
2020-04-06 19:18:37,962 INFO o.a.j.t.JMeterThread: Thread started: jp@gc - Ultimate Thread Group 1-94
2020-04-06 19:18:38,533 INFO o.a.j.t.JMeterThread: Thread started: jp@gc - Ultimate Thread Group 1-93
2020-04-06 19:18:39,105 INFO o.a.j.t.JMeterThread: Thread started: jp@gc - Ultimate Thread Group 1-92
2020-04-06 19:18:39,676 INFO o.a.j.t.JMeterThread: Thread started: jp@gc - Ultimate Thread Group 1-91
2020-04-06 19:18:40,246 INFO o.a.j.t.JMeterThread: Thread started: jp@gc - Ultimate Thread Group 1-90
2020-04-06 19:18:40,819 INFO o.a.j.t.JMeterThread: Thread started: jp@gc - Ultimate Thread Group 1-89
2020-04-06 19:18:41,389 INFO o.a.j.t.JMeterThread: Thread started: jp@gc - Ultimate Thread Group 1-88
2020-04-06 19:18:41,961 INFO o.a.j.t.JMeterThread: Thread started: jp@gc - Ultimate Thread Group 1-87
2020-04-06 19:18:42,532 INFO o.a.j.t.JMeterThread: Thread started: jp@gc - Ultimate Thread Group 1-86
2020-04-06 19:18:43,104 INFO o.a.j.t.JMeterThread: Thread started: jp@gc - Ultimate Thread Group 1-85
2020-04-06 19:18:43,676 INFO o.a.j.t.JMeterThread: Thread started: jp@gc - Ultimate Thread Group 1-84
2020-04-06 19:18:44,246 INFO o.a.j.t.JMeterThread: Thread started: jp@gc - Ultimate Thread Group 1-83
2020-04-06 19:18:44,818 INFO o.a.j.t.JMeterThread: Thread started: jp@gc - Ultimate Thread Group 1-82
2020-04-06 19:18:45,389 INFO o.a.j.t.JMeterThread: Thread started: jp@gc - Ultimate Thread Group 1-81
2020-04-06 19:18:45,962 INFO o.a.j.t.JMeterThread: Thread started: jp@gc - Ultimate Thread Group 1-80
2020-04-06 19:18:46,532 INFO o.a.j.t.JMeterThread: Thread started: jp@gc - Ultimate Thread Group 1-79
2020-04-06 19:18:47,104 INFO o.a.j.t.JMeterThread: Thread started: jp@gc - Ultimate Thread Group 1-78
2020-04-06 19:18:47,676 INFO o.a.j.t.JMeterThread: Thread started: jp@gc - Ultimate Thread Group 1-77
2020-04-06 19:18:48,246 INFO o.a.j.t.JMeterThread: Thread started: jp@gc - Ultimate Thread Group 1-76
2020-04-06 19:18:48,818 INFO o.a.j.t.JMeterThread: Thread started: jp@gc - Ultimate Thread Group 1-75
2020-04-06 19:18:49,390 INFO o.a.j.t.JMeterThread: Thread started: jp@gc - Ultimate Thread Group 1-74
2020-04-06 19:18:49,962 INFO o.a.j.t.JMeterThread: Thread started: jp@gc - Ultimate Thread Group 1-73
2020-04-06 19:18:50,533 INFO o.a.j.t.JMeterThread: Thread started: jp@gc - Ultimate Thread Group 1-72
2020-04-06 19:18:51,105 INFO o.a.j.t.JMeterThread: Thread started: jp@gc - Ultimate Thread Group 1-71
2020-04-06 19:19:00,252 INFO o.a.j.r.Summariser: summary +     41 in 00:00:30 =    1.4/s Avg: 26413 Min: 18175 Max: 35573 Err:     0 (0.00%) Active: 105 Started: 105 Finished: 0
2020-04-06 19:19:00,254 INFO o.a.j.r.Summariser: summary =     89 in 00:01:04 =    1.4/s Avg: 17238 Min:   980 Max: 35573 Err:     0 (0.00%)
2020-04-06 19:19:30,588 INFO o.a.j.r.Summariser: summary +     78 in 00:00:30 =    2.6/s Avg: 41770 Min: 35390 Max: 46211 Err:     0 (0.00%) Active: 105 Started: 105 Finished: 0
2020-04-06 19:19:30,589 INFO o.a.j.r.Summariser: summary =    167 in 00:01:35 =    1.8/s Avg: 28696 Min:   980 Max: 46211 Err:     0 (0.00%)
2020-04-06 19:20:00,151 INFO o.a.j.r.Summariser: summary +     60 in 00:00:30 =    2.0/s Avg: 44965 Min: 42842 Max: 46898 Err:     0 (0.00%) Active: 105 Started: 105 Finished: 0
2020-04-06 19:20:00,152 INFO o.a.j.r.Summariser: summary =    227 in 00:02:04 =    1.8/s Avg: 32996 Min:   980 Max: 46898 Err:     0 (0.00%)
2020-04-06 19:20:30,318 INFO o.a.j.r.Summariser: summary +     73 in 00:00:30 =    2.4/s Avg: 44901 Min: 42936 Max: 47348 Err:     0 (0.00%) Active: 105 Started: 105 Finished: 0
2020-04-06 19:20:30,319 INFO o.a.j.r.Summariser: summary =    300 in 00:02:34 =    1.9/s Avg: 35893 Min:   980 Max: 47348 Err:     0 (0.00%)
2020-04-06 19:21:00,811 INFO o.a.j.r.Summariser: summary +     77 in 00:00:30 =    2.5/s Avg: 44572 Min: 42884 Max: 46863 Err:     0 (0.00%) Active: 105 Started: 105 Finished: 0
2020-04-06 19:21:00,812 INFO o.a.j.r.Summariser: summary =    377 in 00:03:05 =    2.0/s Avg: 37666 Min:   980 Max: 47348 Err:     0 (0.00%)
2020-04-06 19:21:11,428 INFO o.a.j.t.JMeterThread: Stopping because end time detected by thread: jp@gc - Ultimate Thread Group 1-57
2020-04-06 19:21:11,429 INFO o.a.j.t.JMeterThread: Thread finished: jp@gc - Ultimate Thread Group 1-57
2020-04-06 19:21:11,721 INFO o.a.j.t.JMeterThread: Stopping because end time detected by thread: jp@gc - Ultimate Thread Group 1-59
2020-04-06 19:21:11,721 INFO o.a.j.t.JMeterThread: Thread finished: jp@gc - Ultimate Thread Group 1-59
2020-04-06 19:21:11,988 INFO o.a.j.t.JMeterThread: Stopping because end time detected by thread: jp@gc - Ultimate Thread Group 1-13
2020-04-06 19:21:11,988 INFO o.a.j.t.JMeterThread: Thread finished: jp@gc - Ultimate Thread Group 1-13
2020-04-06 19:21:13,609 INFO o.a.j.t.JMeterThread: Stopping because end time detected by thread: jp@gc - Ultimate Thread Group 1-58
2020-04-06 19:21:13,609 INFO o.a.j.t.JMeterThread: Thread finished: jp@gc - Ultimate Thread Group 1-58
2020-04-06 19:21:14,014 INFO o.a.j.t.JMeterThread: Stopping because end time detected by thread: jp@gc - Ultimate Thread Group 1-12
2020-04-06 19:21:14,015 INFO o.a.j.t.JMeterThread: Thread finished: jp@gc - Ultimate Thread Group 1-12
2020-04-06 19:21:15,026 INFO o.a.j.t.JMeterThread: Stopping because end time detected by thread: jp@gc - Ultimate Thread Group 1-55
2020-04-06 19:21:15,027 INFO o.a.j.t.JMeterThread: Thread finished: jp@gc - Ultimate Thread Group 1-55
2020-04-06 19:21:15,280 INFO o.a.j.t.JMeterThread: Stopping because end time detected by thread: jp@gc - Ultimate Thread Group 1-56
2020-04-06 19:21:15,280 INFO o.a.j.t.JMeterThread: Thread finished: jp@gc - Ultimate Thread Group 1-56
2020-04-06 19:21:15,439 INFO o.a.j.t.JMeterThread: Stopping because end time detected by thread: jp@gc - Ultimate Thread Group 1-25
2020-04-06 19:21:15,439 INFO o.a.j.t.JMeterThread: Thread finished: jp@gc - Ultimate Thread Group 1-25
2020-04-06 19:21:16,701 INFO o.a.j.t.JMeterThread: Stopping because end time detected by thread: jp@gc - Ultimate Thread Group 1-54
2020-04-06 19:21:16,701 INFO o.a.j.t.JMeterThread: Thread finished: jp@gc - Ultimate Thread Group 1-54
2020-04-06 19:21:17,385 INFO o.a.j.t.JMeterThread: Stopping because end time detected by thread: jp@gc - Ultimate Thread Group 1-53
2020-04-06 19:21:17,385 INFO o.a.j.t.JMeterThread: Thread finished: jp@gc - Ultimate Thread Group 1-53
2020-04-06 19:21:17,582 INFO o.a.j.t.JMeterThread: Stopping because end time detected by thread: jp@gc - Ultimate Thread Group 1-51
2020-04-06 19:21:17,582 INFO o.a.j.t.JMeterThread: Thread finished: jp@gc - Ultimate Thread Group 1-51
2020-04-06 19:21:18,201 INFO o.a.j.t.JMeterThread: Stopping because end time detected by thread: jp@gc - Ultimate Thread Group 1-50
2020-04-06 19:21:18,202 INFO o.a.j.t.JMeterThread: Thread finished: jp@gc - Ultimate Thread Group 1-50
2020-04-06 19:21:18,231 INFO o.a.j.t.JMeterThread: Stopping because end time detected by thread: jp@gc - Ultimate Thread Group 1-11
2020-04-06 19:21:18,232 INFO o.a.j.t.JMeterThread: Stopping because end time detected by thread: jp@gc - Ultimate Thread Group 1-9
2020-04-06 19:21:18,232 INFO o.a.j.t.JMeterThread: Thread finished: jp@gc - Ultimate Thread Group 1-11
2020-04-06 19:21:18,232 INFO o.a.j.t.JMeterThread: Thread finished: jp@gc - Ultimate Thread Group 1-9
2020-04-06 19:21:19,114 INFO o.a.j.t.JMeterThread: Stopping because end time detected by thread: jp@gc - Ultimate Thread Group 1-30
2020-04-06 19:21:19,115 INFO o.a.j.t.JMeterThread: Thread finished: jp@gc - Ultimate Thread Group 1-30
2020-04-06 19:21:19,225 INFO o.a.j.t.JMeterThread: Stopping because end time detected by thread: jp@gc - Ultimate Thread Group 1-52
2020-04-06 19:21:19,225 INFO o.a.j.t.JMeterThread: Thread finished: jp@gc - Ultimate Thread Group 1-52
2020-04-06 19:21:20,718 INFO o.a.j.t.JMeterThread: Stopping because end time detected by thread: jp@gc - Ultimate Thread Group 1-10
2020-04-06 19:21:20,718 INFO o.a.j.t.JMeterThread: Thread finished: jp@gc - Ultimate Thread Group 1-10
2020-04-06 19:21:21,323 INFO o.a.j.t.JMeterThread: Stopping because end time detected by thread: jp@gc - Ultimate Thread Group 1-49
2020-04-06 19:21:21,323 INFO o.a.j.t.JMeterThread: Thread finished: jp@gc - Ultimate Thread Group 1-49
2020-04-06 19:21:21,565 INFO o.a.j.t.JMeterThread: Stopping because end time detected by thread: jp@gc - Ultimate Thread Group 1-24
2020-04-06 19:21:21,565 INFO o.a.j.t.JMeterThread: Thread finished: jp@gc - Ultimate Thread Group 1-24
2020-04-06 19:21:21,990 INFO o.a.j.t.JMeterThread: Stopping because end time detected by thread: jp@gc - Ultimate Thread Group 1-48
2020-04-06 19:21:21,990 INFO o.a.j.t.JMeterThread: Thread finished: jp@gc - Ultimate Thread Group 1-48
2020-04-06 19:21:22,054 INFO o.a.j.t.JMeterThread: Stopping because end time detected by thread: jp@gc - Ultimate Thread Group 1-47
2020-04-06 19:21:22,054 INFO o.a.j.t.JMeterThread: Thread finished: jp@gc - Ultimate Thread Group 1-47
2020-04-06 19:21:22,331 INFO o.a.j.t.JMeterThread: Stopping because end time detected by thread: jp@gc - Ultimate Thread Group 1-6
2020-04-06 19:21:22,332 INFO o.a.j.t.JMeterThread: Thread finished: jp@gc - Ultimate Thread Group 1-6
2020-04-06 19:21:22,547 INFO o.a.j.t.JMeterThread: Stopping because end time detected by thread: jp@gc - Ultimate Thread Group 1-8
2020-04-06 19:21:22,548 INFO o.a.j.t.JMeterThread: Thread finished: jp@gc - Ultimate Thread Group 1-8
2020-04-06 19:21:22,861 INFO o.a.j.t.JMeterThread: Stopping because end time detected by thread: jp@gc - Ultimate Thread Group 1-104
2020-04-06 19:21:22,862 INFO o.a.j.t.JMeterThread: Thread finished: jp@gc - Ultimate Thread Group 1-104
2020-04-06 19:21:23,015 INFO o.a.j.t.JMeterThread: Stopping because end time detected by thread: jp@gc - Ultimate Thread Group 1-45
2020-04-06 19:21:23,015 INFO o.a.j.t.JMeterThread: Thread finished: jp@gc - Ultimate Thread Group 1-45
2020-04-06 19:21:23,406 INFO o.a.j.t.JMeterThread: Stopping because end time detected by thread: jp@gc - Ultimate Thread Group 1-105
2020-04-06 19:21:23,406 INFO o.a.j.t.JMeterThread: Thread finished: jp@gc - Ultimate Thread Group 1-105
2020-04-06 19:21:23,749 INFO o.a.j.t.JMeterThread: Stopping because end time detected by thread: jp@gc - Ultimate Thread Group 1-46
2020-04-06 19:21:23,750 INFO o.a.j.t.JMeterThread: Thread finished: jp@gc - Ultimate Thread Group 1-46
2020-04-06 19:21:23,802 INFO o.a.j.t.JMeterThread: Stopping because end time detected by thread: jp@gc - Ultimate Thread Group 1-23
2020-04-06 19:21:23,802 INFO o.a.j.t.JMeterThread: Thread finished: jp@gc - Ultimate Thread Group 1-23
2020-04-06 19:21:23,809 INFO o.a.j.t.JMeterThread: Stopping because end time detected by thread: jp@gc - Ultimate Thread Group 1-7
2020-04-06 19:21:23,810 INFO o.a.j.t.JMeterThread: Thread finished: jp@gc - Ultimate Thread Group 1-7
2020-04-06 19:21:23,923 INFO o.a.j.t.JMeterThread: Stopping because end time detected by thread: jp@gc - Ultimate Thread Group 1-33
2020-04-06 19:21:23,924 INFO o.a.j.t.JMeterThread: Thread finished: jp@gc - Ultimate Thread Group 1-33
2020-04-06 19:21:24,046 INFO o.a.j.t.JMeterThread: Stopping because end time detected by thread: jp@gc - Ultimate Thread Group 1-35
2020-04-06 19:21:24,046 INFO o.a.j.t.JMeterThread: Thread finished: jp@gc - Ultimate Thread Group 1-35
2020-04-06 19:21:24,059 INFO o.a.j.t.JMeterThread: Stopping because end time detected by thread: jp@gc - Ultimate Thread Group 1-44
2020-04-06 19:21:24,060 INFO o.a.j.t.JMeterThread: Thread finished: jp@gc - Ultimate Thread Group 1-44
2020-04-06 19:21:24,542 INFO o.a.j.t.JMeterThread: Stopping because end time detected by thread: jp@gc - Ultimate Thread Group 1-41
2020-04-06 19:21:24,543 INFO o.a.j.t.JMeterThread: Thread finished: jp@gc - Ultimate Thread Group 1-41
2020-04-06 19:21:25,642 INFO o.a.j.t.JMeterThread: Stopping because end time detected by thread: jp@gc - Ultimate Thread Group 1-100
2020-04-06 19:21:25,643 INFO o.a.j.t.JMeterThread: Thread finished: jp@gc - Ultimate Thread Group 1-100
2020-04-06 19:21:25,870 INFO o.a.j.t.JMeterThread: Stopping because end time detected by thread: jp@gc - Ultimate Thread Group 1-42
2020-04-06 19:21:25,871 INFO o.a.j.t.JMeterThread: Thread finished: jp@gc - Ultimate Thread Group 1-42
2020-04-06 19:21:26,102 INFO o.a.j.t.JMeterThread: Stopping because end time detected by thread: jp@gc - Ultimate Thread Group 1-5
2020-04-06 19:21:26,102 INFO o.a.j.t.JMeterThread: Thread finished: jp@gc - Ultimate Thread Group 1-5
2020-04-06 19:21:26,238 INFO o.a.j.t.JMeterThread: Stopping because end time detected by thread: jp@gc - Ultimate Thread Group 1-43
2020-04-06 19:21:26,238 INFO o.a.j.t.JMeterThread: Thread finished: jp@gc - Ultimate Thread Group 1-43
2020-04-06 19:21:26,240 INFO o.a.j.t.JMeterThread: Stopping because end time detected by thread: jp@gc - Ultimate Thread Group 1-103
2020-04-06 19:21:26,241 INFO o.a.j.t.JMeterThread: Thread finished: jp@gc - Ultimate Thread Group 1-103
2020-04-06 19:21:26,312 INFO o.a.j.t.JMeterThread: Stopping because end time detected by thread: jp@gc - Ultimate Thread Group 1-101
2020-04-06 19:21:26,312 INFO o.a.j.t.JMeterThread: Thread finished: jp@gc - Ultimate Thread Group 1-101
2020-04-06 19:21:26,654 INFO o.a.j.t.JMeterThread: Stopping because end time detected by thread: jp@gc - Ultimate Thread Group 1-40
2020-04-06 19:21:26,654 INFO o.a.j.t.JMeterThread: Thread finished: jp@gc - Ultimate Thread Group 1-40
2020-04-06 19:21:26,755 INFO o.a.j.t.JMeterThread: Stopping because end time detected by thread: jp@gc - Ultimate Thread Group 1-102
2020-04-06 19:21:26,755 INFO o.a.j.t.JMeterThread: Thread finished: jp@gc - Ultimate Thread Group 1-102
2020-04-06 19:21:27,022 INFO o.a.j.t.JMeterThread: Stopping because end time detected by thread: jp@gc - Ultimate Thread Group 1-97
2020-04-06 19:21:27,023 INFO o.a.j.t.JMeterThread: Thread finished: jp@gc - Ultimate Thread Group 1-97
2020-04-06 19:21:27,082 INFO o.a.j.t.JMeterThread: Stopping because end time detected by thread: jp@gc - Ultimate Thread Group 1-37
2020-04-06 19:21:27,082 INFO o.a.j.t.JMeterThread: Thread finished: jp@gc - Ultimate Thread Group 1-37
2020-04-06 19:21:27,150 INFO o.a.j.t.JMeterThread: Stopping because end time detected by thread: jp@gc - Ultimate Thread Group 1-39
2020-04-06 19:21:27,150 INFO o.a.j.t.JMeterThread: Thread finished: jp@gc - Ultimate Thread Group 1-39
2020-04-06 19:21:27,664 INFO o.a.j.t.JMeterThread: Stopping because end time detected by thread: jp@gc - Ultimate Thread Group 1-22
2020-04-06 19:21:27,665 INFO o.a.j.t.JMeterThread: Thread finished: jp@gc - Ultimate Thread Group 1-22
2020-04-06 19:21:27,876 INFO o.a.j.t.JMeterThread: Stopping because end time detected by thread: jp@gc - Ultimate Thread Group 1-29
2020-04-06 19:21:27,877 INFO o.a.j.t.JMeterThread: Thread finished: jp@gc - Ultimate Thread Group 1-29
2020-04-06 19:21:28,473 INFO o.a.j.t.JMeterThread: Stopping because end time detected by thread: jp@gc - Ultimate Thread Group 1-96
2020-04-06 19:21:28,473 INFO o.a.j.t.JMeterThread: Thread finished: jp@gc - Ultimate Thread Group 1-96
2020-04-06 19:21:28,553 INFO o.a.j.t.JMeterThread: Stopping because end time detected by thread: jp@gc - Ultimate Thread Group 1-36
2020-04-06 19:21:28,554 INFO o.a.j.t.JMeterThread: Thread finished: jp@gc - Ultimate Thread Group 1-36
2020-04-06 19:21:28,690 INFO o.a.j.t.JMeterThread: Stopping because end time detected by thread: jp@gc - Ultimate Thread Group 1-2
2020-04-06 19:21:28,690 INFO o.a.j.t.JMeterThread: Thread finished: jp@gc - Ultimate Thread Group 1-2
2020-04-06 19:21:28,732 INFO o.a.j.t.JMeterThread: Stopping because end time detected by thread: jp@gc - Ultimate Thread Group 1-21
2020-04-06 19:21:28,732 INFO o.a.j.t.JMeterThread: Thread finished: jp@gc - Ultimate Thread Group 1-21
2020-04-06 19:21:28,765 INFO o.a.j.t.JMeterThread: Stopping because end time detected by thread: jp@gc - Ultimate Thread Group 1-38
2020-04-06 19:21:28,765 INFO o.a.j.t.JMeterThread: Thread finished: jp@gc - Ultimate Thread Group 1-38
2020-04-06 19:21:29,197 INFO o.a.j.t.JMeterThread: Stopping because end time detected by thread: jp@gc - Ultimate Thread Group 1-99
2020-04-06 19:21:29,197 INFO o.a.j.t.JMeterThread: Thread finished: jp@gc - Ultimate Thread Group 1-99
2020-04-06 19:21:29,542 INFO o.a.j.t.JMeterThread: Stopping because end time detected by thread: jp@gc - Ultimate Thread Group 1-3
2020-04-06 19:21:29,542 INFO o.a.j.t.JMeterThread: Thread finished: jp@gc - Ultimate Thread Group 1-3
2020-04-06 19:21:29,747 INFO o.a.j.t.JMeterThread: Stopping because end time detected by thread: jp@gc - Ultimate Thread Group 1-20
2020-04-06 19:21:29,747 INFO o.a.j.t.JMeterThread: Thread finished: jp@gc - Ultimate Thread Group 1-20
2020-04-06 19:21:29,763 INFO o.a.j.t.JMeterThread: Stopping because end time detected by thread: jp@gc - Ultimate Thread Group 1-69
2020-04-06 19:21:29,763 INFO o.a.j.t.JMeterThread: Thread finished: jp@gc - Ultimate Thread Group 1-69
2020-04-06 19:21:29,786 INFO o.a.j.t.JMeterThread: Stopping because end time detected by thread: jp@gc - Ultimate Thread Group 1-98
2020-04-06 19:21:29,786 INFO o.a.j.t.JMeterThread: Thread finished: jp@gc - Ultimate Thread Group 1-98
2020-04-06 19:21:29,835 INFO o.a.j.t.JMeterThread: Stopping because end time detected by thread: jp@gc - Ultimate Thread Group 1-94
2020-04-06 19:21:29,835 INFO o.a.j.t.JMeterThread: Thread finished: jp@gc - Ultimate Thread Group 1-94
2020-04-06 19:21:29,883 INFO o.a.j.t.JMeterThread: Stopping because end time detected by thread: jp@gc - Ultimate Thread Group 1-92
2020-04-06 19:21:29,884 INFO o.a.j.t.JMeterThread: Thread finished: jp@gc - Ultimate Thread Group 1-92
2020-04-06 19:21:30,027 INFO o.a.j.r.Summariser: summary +     82 in 00:00:29 =    2.8/s Avg: 42580 Min: 37514 Max: 46216 Err:     0 (0.00%) Active: 47 Started: 105 Finished: 58
2020-04-06 19:21:30,028 INFO o.a.j.r.Summariser: summary =    459 in 00:03:34 =    2.1/s Avg: 38543 Min:   980 Max: 47348 Err:     0 (0.00%)
2020-04-06 19:21:30,028 INFO o.a.j.t.JMeterThread: Stopping because end time detected by thread: jp@gc - Ultimate Thread Group 1-89
2020-04-06 19:21:30,029 INFO o.a.j.t.JMeterThread: Thread finished: jp@gc - Ultimate Thread Group 1-89
2020-04-06 19:21:30,147 INFO o.a.j.t.JMeterThread: Stopping because end time detected by thread: jp@gc - Ultimate Thread Group 1-4
2020-04-06 19:21:30,147 INFO o.a.j.t.JMeterThread: Thread finished: jp@gc - Ultimate Thread Group 1-4
2020-04-06 19:21:30,238 INFO o.a.j.t.JMeterThread: Stopping because end time detected by thread: jp@gc - Ultimate Thread Group 1-84
2020-04-06 19:21:30,238 INFO o.a.j.t.JMeterThread: Thread finished: jp@gc - Ultimate Thread Group 1-84
2020-04-06 19:21:30,318 INFO o.a.j.t.JMeterThread: Stopping because end time detected by thread: jp@gc - Ultimate Thread Group 1-93
2020-04-06 19:21:30,318 INFO o.a.j.t.JMeterThread: Thread finished: jp@gc - Ultimate Thread Group 1-93
2020-04-06 19:21:30,367 INFO o.a.j.t.JMeterThread: Stopping because end time detected by thread: jp@gc - Ultimate Thread Group 1-19
2020-04-06 19:21:30,368 INFO o.a.j.t.JMeterThread: Thread finished: jp@gc - Ultimate Thread Group 1-19
2020-04-06 19:21:30,376 INFO o.a.j.t.JMeterThread: Stopping because end time detected by thread: jp@gc - Ultimate Thread Group 1-91
2020-04-06 19:21:30,376 INFO o.a.j.t.JMeterThread: Thread finished: jp@gc - Ultimate Thread Group 1-91
2020-04-06 19:21:30,401 INFO o.a.j.t.JMeterThread: Stopping because end time detected by thread: jp@gc - Ultimate Thread Group 1-95
2020-04-06 19:21:30,402 INFO o.a.j.t.JMeterThread: Thread finished: jp@gc - Ultimate Thread Group 1-95
2020-04-06 19:21:30,431 INFO o.a.j.t.JMeterThread: Stopping because end time detected by thread: jp@gc - Ultimate Thread Group 1-86
2020-04-06 19:21:30,431 INFO o.a.j.t.JMeterThread: Thread finished: jp@gc - Ultimate Thread Group 1-86
2020-04-06 19:21:30,677 INFO o.a.j.t.JMeterThread: Stopping because end time detected by thread: jp@gc - Ultimate Thread Group 1-90
2020-04-06 19:21:30,677 INFO o.a.j.t.JMeterThread: Thread finished: jp@gc - Ultimate Thread Group 1-90
2020-04-06 19:21:30,812 INFO o.a.j.t.JMeterThread: Stopping because end time detected by thread: jp@gc - Ultimate Thread Group 1-70
2020-04-06 19:21:30,812 INFO o.a.j.t.JMeterThread: Thread finished: jp@gc - Ultimate Thread Group 1-70
2020-04-06 19:21:31,120 INFO o.a.j.t.JMeterThread: Stopping because end time detected by thread: jp@gc - Ultimate Thread Group 1-88
2020-04-06 19:21:31,120 INFO o.a.j.t.JMeterThread: Thread finished: jp@gc - Ultimate Thread Group 1-88
2020-04-06 19:21:31,137 INFO o.a.j.t.JMeterThread: Stopping because end time detected by thread: jp@gc - Ultimate Thread Group 1-34
2020-04-06 19:21:31,137 INFO o.a.j.t.JMeterThread: Thread finished: jp@gc - Ultimate Thread Group 1-34
2020-04-06 19:21:31,272 INFO o.a.j.t.JMeterThread: Stopping because end time detected by thread: jp@gc - Ultimate Thread Group 1-87
2020-04-06 19:21:31,273 INFO o.a.j.t.JMeterThread: Thread finished: jp@gc - Ultimate Thread Group 1-87
2020-04-06 19:21:31,399 INFO o.a.j.t.JMeterThread: Stopping because end time detected by thread: jp@gc - Ultimate Thread Group 1-27
2020-04-06 19:21:31,399 INFO o.a.j.t.JMeterThread: Thread finished: jp@gc - Ultimate Thread Group 1-27
2020-04-06 19:21:31,447 INFO o.a.j.t.JMeterThread: Stopping because end time detected by thread: jp@gc - Ultimate Thread Group 1-81
2020-04-06 19:21:31,447 INFO o.a.j.t.JMeterThread: Thread finished: jp@gc - Ultimate Thread Group 1-81
2020-04-06 19:21:31,574 INFO o.a.j.t.JMeterThread: Stopping because end time detected by thread: jp@gc - Ultimate Thread Group 1-32
2020-04-06 19:21:31,574 INFO o.a.j.t.JMeterThread: Thread finished: jp@gc - Ultimate Thread Group 1-32
2020-04-06 19:21:31,657 INFO o.a.j.t.JMeterThread: Stopping because end time detected by thread: jp@gc - Ultimate Thread Group 1-1
2020-04-06 19:21:31,657 INFO o.a.j.t.JMeterThread: Thread finished: jp@gc - Ultimate Thread Group 1-1
2020-04-06 19:21:31,739 INFO o.a.j.t.JMeterThread: Stopping because end time detected by thread: jp@gc - Ultimate Thread Group 1-28
2020-04-06 19:21:31,740 INFO o.a.j.t.JMeterThread: Thread finished: jp@gc - Ultimate Thread Group 1-28
2020-04-06 19:21:31,896 INFO o.a.j.t.JMeterThread: Stopping because end time detected by thread: jp@gc - Ultimate Thread Group 1-83
2020-04-06 19:21:31,896 INFO o.a.j.t.JMeterThread: Thread finished: jp@gc - Ultimate Thread Group 1-83
2020-04-06 19:21:32,071 INFO o.a.j.t.JMeterThread: Stopping because end time detected by thread: jp@gc - Ultimate Thread Group 1-68
2020-04-06 19:21:32,072 INFO o.a.j.t.JMeterThread: Thread finished: jp@gc - Ultimate Thread Group 1-68
2020-04-06 19:21:32,076 INFO o.a.j.t.JMeterThread: Stopping because end time detected by thread: jp@gc - Ultimate Thread Group 1-85
2020-04-06 19:21:32,077 INFO o.a.j.t.JMeterThread: Thread finished: jp@gc - Ultimate Thread Group 1-85
2020-04-06 19:21:32,197 INFO o.a.j.t.JMeterThread: Stopping because end time detected by thread: jp@gc - Ultimate Thread Group 1-66
2020-04-06 19:21:32,198 INFO o.a.j.t.JMeterThread: Thread finished: jp@gc - Ultimate Thread Group 1-66
2020-04-06 19:21:32,256 INFO o.a.j.t.JMeterThread: Stopping because end time detected by thread: jp@gc - Ultimate Thread Group 1-82
2020-04-06 19:21:32,256 INFO o.a.j.t.JMeterThread: Thread finished: jp@gc - Ultimate Thread Group 1-82
2020-04-06 19:21:32,382 INFO o.a.j.t.JMeterThread: Stopping because end time detected by thread: jp@gc - Ultimate Thread Group 1-65
2020-04-06 19:21:32,382 INFO o.a.j.t.JMeterThread: Thread finished: jp@gc - Ultimate Thread Group 1-65
2020-04-06 19:21:32,730 INFO o.a.j.t.JMeterThread: Stopping because end time detected by thread: jp@gc - Ultimate Thread Group 1-80
2020-04-06 19:21:32,730 INFO o.a.j.t.JMeterThread: Thread finished: jp@gc - Ultimate Thread Group 1-80
2020-04-06 19:21:32,761 INFO o.a.j.t.JMeterThread: Stopping because end time detected by thread: jp@gc - Ultimate Thread Group 1-67
2020-04-06 19:21:32,761 INFO o.a.j.t.JMeterThread: Thread finished: jp@gc - Ultimate Thread Group 1-67
2020-04-06 19:21:32,795 INFO o.a.j.t.JMeterThread: Stopping because end time detected by thread: jp@gc - Ultimate Thread Group 1-78
2020-04-06 19:21:32,795 INFO o.a.j.t.JMeterThread: Thread finished: jp@gc - Ultimate Thread Group 1-78
2020-04-06 19:21:32,824 INFO o.a.j.t.JMeterThread: Stopping because end time detected by thread: jp@gc - Ultimate Thread Group 1-18
2020-04-06 19:21:32,824 INFO o.a.j.t.JMeterThread: Thread finished: jp@gc - Ultimate Thread Group 1-18
2020-04-06 19:21:32,862 INFO o.a.j.t.JMeterThread: Stopping because end time detected by thread: jp@gc - Ultimate Thread Group 1-79
2020-04-06 19:21:32,862 INFO o.a.j.t.JMeterThread: Thread finished: jp@gc - Ultimate Thread Group 1-79
2020-04-06 19:21:32,889 INFO o.a.j.t.JMeterThread: Stopping because end time detected by thread: jp@gc - Ultimate Thread Group 1-73
2020-04-06 19:21:32,890 INFO o.a.j.t.JMeterThread: Thread finished: jp@gc - Ultimate Thread Group 1-73
2020-04-06 19:21:32,967 INFO o.a.j.t.JMeterThread: Stopping because end time detected by thread: jp@gc - Ultimate Thread Group 1-74
2020-04-06 19:21:32,967 INFO o.a.j.t.JMeterThread: Thread finished: jp@gc - Ultimate Thread Group 1-74
2020-04-06 19:21:32,968 INFO o.a.j.t.JMeterThread: Stopping because end time detected by thread: jp@gc - Ultimate Thread Group 1-77
2020-04-06 19:21:32,969 INFO o.a.j.t.JMeterThread: Thread finished: jp@gc - Ultimate Thread Group 1-77
2020-04-06 19:21:33,031 INFO o.a.j.t.JMeterThread: Stopping because end time detected by thread: jp@gc - Ultimate Thread Group 1-71
2020-04-06 19:21:33,032 INFO o.a.j.t.JMeterThread: Thread finished: jp@gc - Ultimate Thread Group 1-71
2020-04-06 19:21:33,084 INFO o.a.j.t.JMeterThread: Stopping because end time detected by thread: jp@gc - Ultimate Thread Group 1-76
2020-04-06 19:21:33,084 INFO o.a.j.t.JMeterThread: Thread finished: jp@gc - Ultimate Thread Group 1-76
2020-04-06 19:21:33,102 INFO o.a.j.t.JMeterThread: Stopping because end time detected by thread: jp@gc - Ultimate Thread Group 1-64
2020-04-06 19:21:33,102 INFO o.a.j.t.JMeterThread: Thread finished: jp@gc - Ultimate Thread Group 1-64
2020-04-06 19:21:33,114 INFO o.a.j.t.JMeterThread: Stopping because end time detected by thread: jp@gc - Ultimate Thread Group 1-75
2020-04-06 19:21:33,115 INFO o.a.j.t.JMeterThread: Thread finished: jp@gc - Ultimate Thread Group 1-75
2020-04-06 19:21:33,144 INFO o.a.j.t.JMeterThread: Stopping because end time detected by thread: jp@gc - Ultimate Thread Group 1-63
2020-04-06 19:21:33,145 INFO o.a.j.t.JMeterThread: Thread finished: jp@gc - Ultimate Thread Group 1-63
2020-04-06 19:21:33,274 INFO o.a.j.t.JMeterThread: Stopping because end time detected by thread: jp@gc - Ultimate Thread Group 1-72
2020-04-06 19:21:33,274 INFO o.a.j.t.JMeterThread: Thread finished: jp@gc - Ultimate Thread Group 1-72
2020-04-06 19:21:33,338 INFO o.a.j.t.JMeterThread: Stopping because end time detected by thread: jp@gc - Ultimate Thread Group 1-17
2020-04-06 19:21:33,338 INFO o.a.j.t.JMeterThread: Thread finished: jp@gc - Ultimate Thread Group 1-17
2020-04-06 19:21:33,382 INFO o.a.j.t.JMeterThread: Stopping because end time detected by thread: jp@gc - Ultimate Thread Group 1-26
2020-04-06 19:21:33,382 INFO o.a.j.t.JMeterThread: Thread finished: jp@gc - Ultimate Thread Group 1-26
2020-04-06 19:21:33,439 INFO o.a.j.t.JMeterThread: Stopping because end time detected by thread: jp@gc - Ultimate Thread Group 1-15
2020-04-06 19:21:33,440 INFO o.a.j.t.JMeterThread: Thread finished: jp@gc - Ultimate Thread Group 1-15
2020-04-06 19:21:33,463 INFO o.a.j.t.JMeterThread: Stopping because end time detected by thread: jp@gc - Ultimate Thread Group 1-16
2020-04-06 19:21:33,464 INFO o.a.j.t.JMeterThread: Thread finished: jp@gc - Ultimate Thread Group 1-16
2020-04-06 19:21:33,476 INFO o.a.j.t.JMeterThread: Stopping because end time detected by thread: jp@gc - Ultimate Thread Group 1-61
2020-04-06 19:21:33,476 INFO o.a.j.t.JMeterThread: Thread finished: jp@gc - Ultimate Thread Group 1-61
2020-04-06 19:21:33,478 INFO o.a.j.t.JMeterThread: Stopping because end time detected by thread: jp@gc - Ultimate Thread Group 1-31
2020-04-06 19:21:33,478 INFO o.a.j.t.JMeterThread: Thread finished: jp@gc - Ultimate Thread Group 1-31
2020-04-06 19:21:33,483 INFO o.a.j.t.JMeterThread: Stopping because end time detected by thread: jp@gc - Ultimate Thread Group 1-62
2020-04-06 19:21:33,483 INFO o.a.j.t.JMeterThread: Thread finished: jp@gc - Ultimate Thread Group 1-62
2020-04-06 19:21:33,510 INFO o.a.j.t.JMeterThread: Stopping because end time detected by thread: jp@gc - Ultimate Thread Group 1-60
2020-04-06 19:21:33,510 INFO o.a.j.t.JMeterThread: Thread finished: jp@gc - Ultimate Thread Group 1-60
2020-04-06 19:21:33,519 INFO o.a.j.t.JMeterThread: Stopping because end time detected by thread: jp@gc - Ultimate Thread Group 1-14
2020-04-06 19:21:33,520 INFO o.a.j.t.JMeterThread: Thread finished: jp@gc - Ultimate Thread Group 1-14
2020-04-06 19:21:33,520 INFO o.a.j.e.StandardJMeterEngine: Notifying test listeners of end of test
2020-04-06 19:21:33,523 INFO o.a.j.r.Summariser: summary +     46 in 00:00:03 =   13.2/s Avg: 31790 Min: 22525 Max: 39217 Err:     0 (0.00%) Active: 0 Started: 105 Finished: 105
2020-04-06 19:21:33,523 INFO o.a.j.r.Summariser: summary =    505 in 00:03:38 =    2.3/s Avg: 37928 Min:   980 Max: 47348 Err:     0 (0.00%)
