2020-04-06 19:36:22,260 INFO o.a.j.u.JMeterUtils: Setting Locale to en_US
2020-04-06 19:36:22,292 INFO o.a.j.JMeter: Loading user properties from: /home/pablo/jmeter/bin/user.properties
2020-04-06 19:36:22,292 INFO o.a.j.JMeter: Loading system properties from: /home/pablo/jmeter/bin/system.properties
2020-04-06 19:36:22,293 INFO o.a.j.JMeter: Setting System property: HILOS1=50
2020-04-06 19:36:22,294 INFO o.a.j.JMeter: Setting System property: DELAY1=0
2020-04-06 19:36:22,294 INFO o.a.j.JMeter: Setting System property: SUBIDA1=20
2020-04-06 19:36:22,294 INFO o.a.j.JMeter: Setting System property: DURACION1=180
2020-04-06 19:36:22,294 INFO o.a.j.JMeter: Setting System property: HILOS2=50
2020-04-06 19:36:22,295 INFO o.a.j.JMeter: Setting System property: DELAY2=15
2020-04-06 19:36:22,295 INFO o.a.j.JMeter: Setting System property: SUBIDA2=20
2020-04-06 19:36:22,295 INFO o.a.j.JMeter: Setting System property: DURACION2=165
2020-04-06 19:36:22,296 INFO o.a.j.JMeter: Setting System property: HILOS3=50
2020-04-06 19:36:22,296 INFO o.a.j.JMeter: Setting System property: DELAY3=30
2020-04-06 19:36:22,296 INFO o.a.j.JMeter: Setting System property: SUBIDA3=20
2020-04-06 19:36:22,296 INFO o.a.j.JMeter: Setting System property: DURACION3=150
2020-04-06 19:36:22,297 INFO o.a.j.JMeter: Setting System property: FILE=scriptresultsperfmonDin150.jtl
2020-04-06 19:36:22,300 INFO o.a.j.JMeter: Copyright (c) 1998-2019 The Apache Software Foundation
2020-04-06 19:36:22,300 INFO o.a.j.JMeter: Version 5.2.1
2020-04-06 19:36:22,300 INFO o.a.j.JMeter: java.version=1.8.0_201
2020-04-06 19:36:22,301 INFO o.a.j.JMeter: java.vm.name=Java HotSpot(TM) 64-Bit Server VM
2020-04-06 19:36:22,301 INFO o.a.j.JMeter: os.name=Linux
2020-04-06 19:36:22,301 INFO o.a.j.JMeter: os.arch=amd64
2020-04-06 19:36:22,301 INFO o.a.j.JMeter: os.version=4.15.0-91-generic
2020-04-06 19:36:22,302 INFO o.a.j.JMeter: file.encoding=UTF-8
2020-04-06 19:36:22,302 INFO o.a.j.JMeter: java.awt.headless=true
2020-04-06 19:36:22,302 INFO o.a.j.JMeter: Max memory     =732954624
2020-04-06 19:36:22,303 INFO o.a.j.JMeter: Available Processors =4
2020-04-06 19:36:22,311 INFO o.a.j.JMeter: Default Locale=English (United States)
2020-04-06 19:36:22,312 INFO o.a.j.JMeter: JMeter  Locale=English (United States)
2020-04-06 19:36:22,312 INFO o.a.j.JMeter: JMeterHome=/home/pablo/jmeter
2020-04-06 19:36:22,312 INFO o.a.j.JMeter: user.dir  =/home/pablo/jmeter/bin/EJECUCIONES/P2
2020-04-06 19:36:22,313 INFO o.a.j.JMeter: PWD       =/home/pablo/jmeter/bin/EJECUCIONES/P2
2020-04-06 19:36:22,314 INFO o.a.j.JMeter: IP: 127.0.1.1 Name: hylianpablo FullName: hylianpablo
2020-04-06 19:36:22,323 INFO o.a.j.s.FileServer: Default base='/home/pablo/jmeter/bin/EJECUCIONES/P2'
2020-04-06 19:36:22,334 INFO o.a.j.s.FileServer: Set new base='/home/pablo/jmeter/bin/EJECUCIONES/P2/../..'
2020-04-06 19:36:22,646 INFO o.a.j.s.SaveService: Testplan (JMX) version: 2.2. Testlog (JTL) version: 2.2
2020-04-06 19:36:22,665 INFO o.a.j.s.SaveService: Using SaveService properties file encoding UTF-8
2020-04-06 19:36:22,678 INFO o.a.j.s.SaveService: Using SaveService properties version 5.0
2020-04-06 19:36:22,698 INFO o.a.j.s.SaveService: Loading file: ../../Dinamica.jmx
2020-04-06 19:36:22,877 INFO o.a.j.p.h.s.HTTPSamplerBase: Parser for text/html is org.apache.jmeter.protocol.http.parser.LagartoBasedHtmlParser
2020-04-06 19:36:22,877 INFO o.a.j.p.h.s.HTTPSamplerBase: Parser for application/xhtml+xml is org.apache.jmeter.protocol.http.parser.LagartoBasedHtmlParser
2020-04-06 19:36:22,878 INFO o.a.j.p.h.s.HTTPSamplerBase: Parser for application/xml is org.apache.jmeter.protocol.http.parser.LagartoBasedHtmlParser
2020-04-06 19:36:22,878 INFO o.a.j.p.h.s.HTTPSamplerBase: Parser for text/xml is org.apache.jmeter.protocol.http.parser.LagartoBasedHtmlParser
2020-04-06 19:36:22,878 INFO o.a.j.p.h.s.HTTPSamplerBase: Parser for text/vnd.wap.wml is org.apache.jmeter.protocol.http.parser.RegexpHTMLParser
2020-04-06 19:36:22,879 INFO o.a.j.p.h.s.HTTPSamplerBase: Parser for text/css is org.apache.jmeter.protocol.http.parser.CssParser
2020-04-06 19:36:22,912 INFO o.a.j.JMeter: Creating summariser <summary>
2020-04-06 19:36:22,932 INFO o.a.j.e.StandardJMeterEngine: Running the test!
2020-04-06 19:36:22,934 INFO o.a.j.s.SampleEvent: List of sample_variables: []
2020-04-06 19:36:22,935 INFO o.a.j.s.SampleEvent: List of sample_variables: []
2020-04-06 19:36:22,948 INFO o.a.j.e.u.CompoundVariable: Note: Function class names must contain the string: '.functions.'
2020-04-06 19:36:22,948 INFO o.a.j.e.u.CompoundVariable: Note: Function class names must not contain the string: '.gui.'
2020-04-06 19:36:23,894 INFO o.a.j.JMeter: Running test (1586194583894)
2020-04-06 19:36:23,990 INFO o.a.j.e.StandardJMeterEngine: Starting ThreadGroup: 1 : jp@gc - Ultimate Thread Group
2020-04-06 19:36:23,991 INFO o.a.j.e.StandardJMeterEngine: Starting 150 threads for group jp@gc - Ultimate Thread Group.
2020-04-06 19:36:23,992 INFO o.a.j.e.StandardJMeterEngine: Thread will continue on error
2020-04-06 19:36:23,992 INFO k.a.j.t.AbstractSimpleThreadGroup: Starting thread group number 1 threads 150
2020-04-06 19:36:24,168 INFO k.a.j.t.AbstractSimpleThreadGroup: Started thread group number 1
2020-04-06 19:36:24,168 INFO o.a.j.e.StandardJMeterEngine: All thread groups have been started
2020-04-06 19:36:24,298 INFO o.a.j.s.SampleResult: Note: Sample TimeStamps are START times
2020-04-06 19:36:24,299 INFO o.a.j.s.SampleResult: sampleresult.default.encoding is set to ISO-8859-1
2020-04-06 19:36:24,299 INFO o.a.j.s.SampleResult: sampleresult.useNanoTime=true
2020-04-06 19:36:24,299 INFO o.a.j.s.SampleResult: sampleresult.nanoThreadSleep=5000
2020-04-06 19:36:24,393 INFO o.a.j.t.JMeterThread: Thread started: jp@gc - Ultimate Thread Group 1-50
2020-04-06 19:36:24,443 INFO o.a.j.p.h.s.HTTPHCAbstractImpl: Local host = hylianpablo
2020-04-06 19:36:24,461 INFO o.a.j.p.h.s.HTTPHC4Impl: HTTP request retry count = 0
2020-04-06 19:36:24,792 INFO o.a.j.t.JMeterThread: Thread started: jp@gc - Ultimate Thread Group 1-49
2020-04-06 19:36:25,193 INFO o.a.j.t.JMeterThread: Thread started: jp@gc - Ultimate Thread Group 1-48
2020-04-06 19:36:25,592 INFO o.a.j.t.JMeterThread: Thread started: jp@gc - Ultimate Thread Group 1-47
2020-04-06 19:36:25,855 INFO o.a.j.u.JsseSSLManager: Using default SSL protocol: TLS
2020-04-06 19:36:25,856 INFO o.a.j.u.JsseSSLManager: SSL session context: per-thread
2020-04-06 19:36:25,992 INFO o.a.j.t.JMeterThread: Thread started: jp@gc - Ultimate Thread Group 1-46
2020-04-06 19:36:26,393 INFO o.a.j.t.JMeterThread: Thread started: jp@gc - Ultimate Thread Group 1-45
2020-04-06 19:36:26,793 INFO o.a.j.t.JMeterThread: Thread started: jp@gc - Ultimate Thread Group 1-44
2020-04-06 19:36:27,192 INFO o.a.j.t.JMeterThread: Thread started: jp@gc - Ultimate Thread Group 1-43
2020-04-06 19:36:27,593 INFO o.a.j.t.JMeterThread: Thread started: jp@gc - Ultimate Thread Group 1-42
2020-04-06 19:36:27,993 INFO o.a.j.t.JMeterThread: Thread started: jp@gc - Ultimate Thread Group 1-41
2020-04-06 19:36:28,392 INFO o.a.j.t.JMeterThread: Thread started: jp@gc - Ultimate Thread Group 1-40
2020-04-06 19:36:28,793 INFO o.a.j.t.JMeterThread: Thread started: jp@gc - Ultimate Thread Group 1-39
2020-04-06 19:36:29,193 INFO o.a.j.t.JMeterThread: Thread started: jp@gc - Ultimate Thread Group 1-38
2020-04-06 19:36:29,593 INFO o.a.j.t.JMeterThread: Thread started: jp@gc - Ultimate Thread Group 1-37
2020-04-06 19:36:29,993 INFO o.a.j.t.JMeterThread: Thread started: jp@gc - Ultimate Thread Group 1-36
2020-04-06 19:36:30,289 INFO o.a.j.r.Summariser: summary +      7 in 00:00:06 =    1.1/s Avg:  2579 Min:  1221 Max:  4194 Err:     0 (0.00%) Active: 15 Started: 15 Finished: 0
2020-04-06 19:36:30,392 INFO o.a.j.t.JMeterThread: Thread started: jp@gc - Ultimate Thread Group 1-35
2020-04-06 19:36:30,792 INFO o.a.j.t.JMeterThread: Thread started: jp@gc - Ultimate Thread Group 1-34
2020-04-06 19:36:31,192 INFO o.a.j.t.JMeterThread: Thread started: jp@gc - Ultimate Thread Group 1-33
2020-04-06 19:36:31,592 INFO o.a.j.t.JMeterThread: Thread started: jp@gc - Ultimate Thread Group 1-32
2020-04-06 19:36:31,993 INFO o.a.j.t.JMeterThread: Thread started: jp@gc - Ultimate Thread Group 1-31
2020-04-06 19:36:32,393 INFO o.a.j.t.JMeterThread: Thread started: jp@gc - Ultimate Thread Group 1-30
2020-04-06 19:36:32,792 INFO o.a.j.t.JMeterThread: Thread started: jp@gc - Ultimate Thread Group 1-29
2020-04-06 19:36:33,193 INFO o.a.j.t.JMeterThread: Thread started: jp@gc - Ultimate Thread Group 1-28
2020-04-06 19:36:33,593 INFO o.a.j.t.JMeterThread: Thread started: jp@gc - Ultimate Thread Group 1-27
2020-04-06 19:36:33,992 INFO o.a.j.t.JMeterThread: Thread started: jp@gc - Ultimate Thread Group 1-26
2020-04-06 19:36:34,393 INFO o.a.j.t.JMeterThread: Thread started: jp@gc - Ultimate Thread Group 1-25
2020-04-06 19:36:34,792 INFO o.a.j.t.JMeterThread: Thread started: jp@gc - Ultimate Thread Group 1-24
2020-04-06 19:36:35,193 INFO o.a.j.t.JMeterThread: Thread started: jp@gc - Ultimate Thread Group 1-23
2020-04-06 19:36:35,593 INFO o.a.j.t.JMeterThread: Thread started: jp@gc - Ultimate Thread Group 1-22
2020-04-06 19:36:35,993 INFO o.a.j.t.JMeterThread: Thread started: jp@gc - Ultimate Thread Group 1-21
2020-04-06 19:36:36,393 INFO o.a.j.t.JMeterThread: Thread started: jp@gc - Ultimate Thread Group 1-20
2020-04-06 19:36:36,792 INFO o.a.j.t.JMeterThread: Thread started: jp@gc - Ultimate Thread Group 1-19
2020-04-06 19:36:37,193 INFO o.a.j.t.JMeterThread: Thread started: jp@gc - Ultimate Thread Group 1-18
2020-04-06 19:36:37,593 INFO o.a.j.t.JMeterThread: Thread started: jp@gc - Ultimate Thread Group 1-17
2020-04-06 19:36:37,993 INFO o.a.j.t.JMeterThread: Thread started: jp@gc - Ultimate Thread Group 1-16
2020-04-06 19:36:38,393 INFO o.a.j.t.JMeterThread: Thread started: jp@gc - Ultimate Thread Group 1-15
2020-04-06 19:36:38,792 INFO o.a.j.t.JMeterThread: Thread started: jp@gc - Ultimate Thread Group 1-14
2020-04-06 19:36:39,193 INFO o.a.j.t.JMeterThread: Thread started: jp@gc - Ultimate Thread Group 1-13
2020-04-06 19:36:39,393 INFO o.a.j.t.JMeterThread: Thread started: jp@gc - Ultimate Thread Group 1-100
2020-04-06 19:36:39,593 INFO o.a.j.t.JMeterThread: Thread started: jp@gc - Ultimate Thread Group 1-12
2020-04-06 19:36:39,793 INFO o.a.j.t.JMeterThread: Thread started: jp@gc - Ultimate Thread Group 1-99
2020-04-06 19:36:39,992 INFO o.a.j.t.JMeterThread: Thread started: jp@gc - Ultimate Thread Group 1-11
2020-04-06 19:36:40,193 INFO o.a.j.t.JMeterThread: Thread started: jp@gc - Ultimate Thread Group 1-98
2020-04-06 19:36:40,392 INFO o.a.j.t.JMeterThread: Thread started: jp@gc - Ultimate Thread Group 1-10
2020-04-06 19:36:40,593 INFO o.a.j.t.JMeterThread: Thread started: jp@gc - Ultimate Thread Group 1-97
2020-04-06 19:36:40,792 INFO o.a.j.t.JMeterThread: Thread started: jp@gc - Ultimate Thread Group 1-9
2020-04-06 19:36:40,993 INFO o.a.j.t.JMeterThread: Thread started: jp@gc - Ultimate Thread Group 1-96
2020-04-06 19:36:41,192 INFO o.a.j.t.JMeterThread: Thread started: jp@gc - Ultimate Thread Group 1-8
2020-04-06 19:36:41,392 INFO o.a.j.t.JMeterThread: Thread started: jp@gc - Ultimate Thread Group 1-95
2020-04-06 19:36:41,593 INFO o.a.j.t.JMeterThread: Thread started: jp@gc - Ultimate Thread Group 1-7
2020-04-06 19:36:41,792 INFO o.a.j.t.JMeterThread: Thread started: jp@gc - Ultimate Thread Group 1-94
2020-04-06 19:36:41,993 INFO o.a.j.t.JMeterThread: Thread started: jp@gc - Ultimate Thread Group 1-6
2020-04-06 19:36:42,193 INFO o.a.j.t.JMeterThread: Thread started: jp@gc - Ultimate Thread Group 1-93
2020-04-06 19:36:42,392 INFO o.a.j.t.JMeterThread: Thread started: jp@gc - Ultimate Thread Group 1-5
2020-04-06 19:36:42,592 INFO o.a.j.t.JMeterThread: Thread started: jp@gc - Ultimate Thread Group 1-92
2020-04-06 19:36:42,792 INFO o.a.j.t.JMeterThread: Thread started: jp@gc - Ultimate Thread Group 1-4
2020-04-06 19:36:42,993 INFO o.a.j.t.JMeterThread: Thread started: jp@gc - Ultimate Thread Group 1-91
2020-04-06 19:36:43,193 INFO o.a.j.t.JMeterThread: Thread started: jp@gc - Ultimate Thread Group 1-3
2020-04-06 19:36:43,394 INFO o.a.j.t.JMeterThread: Thread started: jp@gc - Ultimate Thread Group 1-90
2020-04-06 19:36:43,593 INFO o.a.j.t.JMeterThread: Thread started: jp@gc - Ultimate Thread Group 1-2
2020-04-06 19:36:43,793 INFO o.a.j.t.JMeterThread: Thread started: jp@gc - Ultimate Thread Group 1-89
2020-04-06 19:36:43,993 INFO o.a.j.t.JMeterThread: Thread started: jp@gc - Ultimate Thread Group 1-1
2020-04-06 19:36:44,193 INFO o.a.j.t.JMeterThread: Thread started: jp@gc - Ultimate Thread Group 1-88
2020-04-06 19:36:44,593 INFO o.a.j.t.JMeterThread: Thread started: jp@gc - Ultimate Thread Group 1-87
2020-04-06 19:36:44,992 INFO o.a.j.t.JMeterThread: Thread started: jp@gc - Ultimate Thread Group 1-86
2020-04-06 19:36:45,393 INFO o.a.j.t.JMeterThread: Thread started: jp@gc - Ultimate Thread Group 1-85
2020-04-06 19:36:45,792 INFO o.a.j.t.JMeterThread: Thread started: jp@gc - Ultimate Thread Group 1-84
2020-04-06 19:36:46,193 INFO o.a.j.t.JMeterThread: Thread started: jp@gc - Ultimate Thread Group 1-83
2020-04-06 19:36:46,593 INFO o.a.j.t.JMeterThread: Thread started: jp@gc - Ultimate Thread Group 1-82
2020-04-06 19:36:46,993 INFO o.a.j.t.JMeterThread: Thread started: jp@gc - Ultimate Thread Group 1-81
2020-04-06 19:36:47,392 INFO o.a.j.t.JMeterThread: Thread started: jp@gc - Ultimate Thread Group 1-80
2020-04-06 19:36:47,793 INFO o.a.j.t.JMeterThread: Thread started: jp@gc - Ultimate Thread Group 1-79
2020-04-06 19:36:48,192 INFO o.a.j.t.JMeterThread: Thread started: jp@gc - Ultimate Thread Group 1-78
2020-04-06 19:36:48,592 INFO o.a.j.t.JMeterThread: Thread started: jp@gc - Ultimate Thread Group 1-77
2020-04-06 19:36:48,993 INFO o.a.j.t.JMeterThread: Thread started: jp@gc - Ultimate Thread Group 1-76
2020-04-06 19:36:49,393 INFO o.a.j.t.JMeterThread: Thread started: jp@gc - Ultimate Thread Group 1-75
2020-04-06 19:36:49,793 INFO o.a.j.t.JMeterThread: Thread started: jp@gc - Ultimate Thread Group 1-74
2020-04-06 19:36:50,192 INFO o.a.j.t.JMeterThread: Thread started: jp@gc - Ultimate Thread Group 1-73
2020-04-06 19:36:50,593 INFO o.a.j.t.JMeterThread: Thread started: jp@gc - Ultimate Thread Group 1-72
2020-04-06 19:36:50,993 INFO o.a.j.t.JMeterThread: Thread started: jp@gc - Ultimate Thread Group 1-71
2020-04-06 19:36:51,393 INFO o.a.j.t.JMeterThread: Thread started: jp@gc - Ultimate Thread Group 1-70
2020-04-06 19:36:51,793 INFO o.a.j.t.JMeterThread: Thread started: jp@gc - Ultimate Thread Group 1-69
2020-04-06 19:36:52,192 INFO o.a.j.t.JMeterThread: Thread started: jp@gc - Ultimate Thread Group 1-68
2020-04-06 19:36:52,592 INFO o.a.j.t.JMeterThread: Thread started: jp@gc - Ultimate Thread Group 1-67
2020-04-06 19:36:52,993 INFO o.a.j.t.JMeterThread: Thread started: jp@gc - Ultimate Thread Group 1-66
2020-04-06 19:36:53,392 INFO o.a.j.t.JMeterThread: Thread started: jp@gc - Ultimate Thread Group 1-65
2020-04-06 19:36:53,792 INFO o.a.j.t.JMeterThread: Thread started: jp@gc - Ultimate Thread Group 1-64
2020-04-06 19:36:54,193 INFO o.a.j.t.JMeterThread: Thread started: jp@gc - Ultimate Thread Group 1-63
2020-04-06 19:36:54,393 INFO o.a.j.t.JMeterThread: Thread started: jp@gc - Ultimate Thread Group 1-150
2020-04-06 19:36:54,593 INFO o.a.j.t.JMeterThread: Thread started: jp@gc - Ultimate Thread Group 1-62
2020-04-06 19:36:54,793 INFO o.a.j.t.JMeterThread: Thread started: jp@gc - Ultimate Thread Group 1-149
2020-04-06 19:36:54,992 INFO o.a.j.t.JMeterThread: Thread started: jp@gc - Ultimate Thread Group 1-61
2020-04-06 19:36:55,193 INFO o.a.j.t.JMeterThread: Thread started: jp@gc - Ultimate Thread Group 1-148
2020-04-06 19:36:55,392 INFO o.a.j.t.JMeterThread: Thread started: jp@gc - Ultimate Thread Group 1-60
2020-04-06 19:36:55,593 INFO o.a.j.t.JMeterThread: Thread started: jp@gc - Ultimate Thread Group 1-147
2020-04-06 19:36:55,792 INFO o.a.j.t.JMeterThread: Thread started: jp@gc - Ultimate Thread Group 1-59
2020-04-06 19:36:55,993 INFO o.a.j.t.JMeterThread: Thread started: jp@gc - Ultimate Thread Group 1-146
2020-04-06 19:36:56,192 INFO o.a.j.t.JMeterThread: Thread started: jp@gc - Ultimate Thread Group 1-58
2020-04-06 19:36:56,392 INFO o.a.j.t.JMeterThread: Thread started: jp@gc - Ultimate Thread Group 1-145
2020-04-06 19:36:56,592 INFO o.a.j.t.JMeterThread: Thread started: jp@gc - Ultimate Thread Group 1-57
2020-04-06 19:36:56,793 INFO o.a.j.t.JMeterThread: Thread started: jp@gc - Ultimate Thread Group 1-144
2020-04-06 19:36:56,992 INFO o.a.j.t.JMeterThread: Thread started: jp@gc - Ultimate Thread Group 1-56
2020-04-06 19:36:57,192 INFO o.a.j.t.JMeterThread: Thread started: jp@gc - Ultimate Thread Group 1-143
2020-04-06 19:36:57,392 INFO o.a.j.t.JMeterThread: Thread started: jp@gc - Ultimate Thread Group 1-55
2020-04-06 19:36:57,592 INFO o.a.j.t.JMeterThread: Thread started: jp@gc - Ultimate Thread Group 1-142
2020-04-06 19:36:57,793 INFO o.a.j.t.JMeterThread: Thread started: jp@gc - Ultimate Thread Group 1-54
2020-04-06 19:36:57,992 INFO o.a.j.t.JMeterThread: Thread started: jp@gc - Ultimate Thread Group 1-141
2020-04-06 19:36:58,193 INFO o.a.j.t.JMeterThread: Thread started: jp@gc - Ultimate Thread Group 1-53
2020-04-06 19:36:58,393 INFO o.a.j.t.JMeterThread: Thread started: jp@gc - Ultimate Thread Group 1-140
2020-04-06 19:36:58,593 INFO o.a.j.t.JMeterThread: Thread started: jp@gc - Ultimate Thread Group 1-52
2020-04-06 19:36:58,793 INFO o.a.j.t.JMeterThread: Thread started: jp@gc - Ultimate Thread Group 1-139
2020-04-06 19:36:58,993 INFO o.a.j.t.JMeterThread: Thread started: jp@gc - Ultimate Thread Group 1-51
2020-04-06 19:36:59,193 INFO o.a.j.t.JMeterThread: Thread started: jp@gc - Ultimate Thread Group 1-138
2020-04-06 19:36:59,593 INFO o.a.j.t.JMeterThread: Thread started: jp@gc - Ultimate Thread Group 1-137
2020-04-06 19:36:59,993 INFO o.a.j.t.JMeterThread: Thread started: jp@gc - Ultimate Thread Group 1-136
2020-04-06 19:37:00,070 INFO o.a.j.r.Summariser: summary +     32 in 00:00:30 =    1.1/s Avg: 13910 Min:  4426 Max: 25674 Err:     0 (0.00%) Active: 115 Started: 115 Finished: 0
2020-04-06 19:37:00,071 INFO o.a.j.r.Summariser: summary =     39 in 00:00:36 =    1.1/s Avg: 11876 Min:  1221 Max: 25674 Err:     0 (0.00%)
2020-04-06 19:37:00,392 INFO o.a.j.t.JMeterThread: Thread started: jp@gc - Ultimate Thread Group 1-135
2020-04-06 19:37:00,793 INFO o.a.j.t.JMeterThread: Thread started: jp@gc - Ultimate Thread Group 1-134
2020-04-06 19:37:01,193 INFO o.a.j.t.JMeterThread: Thread started: jp@gc - Ultimate Thread Group 1-133
2020-04-06 19:37:01,593 INFO o.a.j.t.JMeterThread: Thread started: jp@gc - Ultimate Thread Group 1-132
2020-04-06 19:37:01,993 INFO o.a.j.t.JMeterThread: Thread started: jp@gc - Ultimate Thread Group 1-131
2020-04-06 19:37:02,392 INFO o.a.j.t.JMeterThread: Thread started: jp@gc - Ultimate Thread Group 1-130
2020-04-06 19:37:02,792 INFO o.a.j.t.JMeterThread: Thread started: jp@gc - Ultimate Thread Group 1-129
2020-04-06 19:37:03,193 INFO o.a.j.t.JMeterThread: Thread started: jp@gc - Ultimate Thread Group 1-128
2020-04-06 19:37:03,593 INFO o.a.j.t.JMeterThread: Thread started: jp@gc - Ultimate Thread Group 1-127
2020-04-06 19:37:03,993 INFO o.a.j.t.JMeterThread: Thread started: jp@gc - Ultimate Thread Group 1-126
2020-04-06 19:37:04,393 INFO o.a.j.t.JMeterThread: Thread started: jp@gc - Ultimate Thread Group 1-125
2020-04-06 19:37:04,792 INFO o.a.j.t.JMeterThread: Thread started: jp@gc - Ultimate Thread Group 1-124
2020-04-06 19:37:05,193 INFO o.a.j.t.JMeterThread: Thread started: jp@gc - Ultimate Thread Group 1-123
2020-04-06 19:37:05,593 INFO o.a.j.t.JMeterThread: Thread started: jp@gc - Ultimate Thread Group 1-122
2020-04-06 19:37:05,993 INFO o.a.j.t.JMeterThread: Thread started: jp@gc - Ultimate Thread Group 1-121
2020-04-06 19:37:06,392 INFO o.a.j.t.JMeterThread: Thread started: jp@gc - Ultimate Thread Group 1-120
2020-04-06 19:37:06,792 INFO o.a.j.t.JMeterThread: Thread started: jp@gc - Ultimate Thread Group 1-119
2020-04-06 19:37:07,193 INFO o.a.j.t.JMeterThread: Thread started: jp@gc - Ultimate Thread Group 1-118
2020-04-06 19:37:07,593 INFO o.a.j.t.JMeterThread: Thread started: jp@gc - Ultimate Thread Group 1-117
2020-04-06 19:37:07,993 INFO o.a.j.t.JMeterThread: Thread started: jp@gc - Ultimate Thread Group 1-116
2020-04-06 19:37:08,393 INFO o.a.j.t.JMeterThread: Thread started: jp@gc - Ultimate Thread Group 1-115
2020-04-06 19:37:08,793 INFO o.a.j.t.JMeterThread: Thread started: jp@gc - Ultimate Thread Group 1-114
2020-04-06 19:37:09,193 INFO o.a.j.t.JMeterThread: Thread started: jp@gc - Ultimate Thread Group 1-113
2020-04-06 19:37:09,593 INFO o.a.j.t.JMeterThread: Thread started: jp@gc - Ultimate Thread Group 1-112
2020-04-06 19:37:09,992 INFO o.a.j.t.JMeterThread: Thread started: jp@gc - Ultimate Thread Group 1-111
2020-04-06 19:37:10,393 INFO o.a.j.t.JMeterThread: Thread started: jp@gc - Ultimate Thread Group 1-110
2020-04-06 19:37:10,793 INFO o.a.j.t.JMeterThread: Thread started: jp@gc - Ultimate Thread Group 1-109
2020-04-06 19:37:11,192 INFO o.a.j.t.JMeterThread: Thread started: jp@gc - Ultimate Thread Group 1-108
2020-04-06 19:37:11,593 INFO o.a.j.t.JMeterThread: Thread started: jp@gc - Ultimate Thread Group 1-107
2020-04-06 19:37:11,992 INFO o.a.j.t.JMeterThread: Thread started: jp@gc - Ultimate Thread Group 1-106
2020-04-06 19:37:12,393 INFO o.a.j.t.JMeterThread: Thread started: jp@gc - Ultimate Thread Group 1-105
2020-04-06 19:37:12,793 INFO o.a.j.t.JMeterThread: Thread started: jp@gc - Ultimate Thread Group 1-104
2020-04-06 19:37:13,192 INFO o.a.j.t.JMeterThread: Thread started: jp@gc - Ultimate Thread Group 1-103
2020-04-06 19:37:13,593 INFO o.a.j.t.JMeterThread: Thread started: jp@gc - Ultimate Thread Group 1-102
2020-04-06 19:37:13,993 INFO o.a.j.t.JMeterThread: Thread started: jp@gc - Ultimate Thread Group 1-101
2020-04-06 19:37:30,384 INFO o.a.j.r.Summariser: summary +     36 in 00:00:30 =    1.2/s Avg: 40001 Min: 25984 Max: 48988 Err:     0 (0.00%) Active: 150 Started: 150 Finished: 0
2020-04-06 19:37:30,385 INFO o.a.j.r.Summariser: summary =     75 in 00:01:06 =    1.1/s Avg: 25376 Min:  1221 Max: 48988 Err:     0 (0.00%)
2020-04-06 19:38:00,006 INFO o.a.j.r.Summariser: summary +     69 in 00:00:30 =    2.3/s Avg: 55839 Min: 47722 Max: 62426 Err:     0 (0.00%) Active: 150 Started: 150 Finished: 0
2020-04-06 19:38:00,007 INFO o.a.j.r.Summariser: summary =    144 in 00:01:36 =    1.5/s Avg: 39973 Min:  1221 Max: 62426 Err:     0 (0.00%)
2020-04-06 19:38:30,346 INFO o.a.j.r.Summariser: summary +     73 in 00:00:30 =    2.4/s Avg: 63024 Min: 60497 Max: 65669 Err:     0 (0.00%) Active: 150 Started: 150 Finished: 0
2020-04-06 19:38:30,347 INFO o.a.j.r.Summariser: summary =    217 in 00:02:06 =    1.7/s Avg: 47727 Min:  1221 Max: 65669 Err:     0 (0.00%)
2020-04-06 19:39:00,261 INFO o.a.j.r.Summariser: summary +     67 in 00:00:30 =    2.2/s Avg: 63060 Min: 60950 Max: 65419 Err:     0 (0.00%) Active: 150 Started: 150 Finished: 0
2020-04-06 19:39:00,262 INFO o.a.j.r.Summariser: summary =    284 in 00:02:36 =    1.8/s Avg: 51345 Min:  1221 Max: 65669 Err:     0 (0.00%)
2020-04-06 19:39:30,759 INFO o.a.j.r.Summariser: summary +     77 in 00:00:30 =    2.5/s Avg: 63596 Min: 61233 Max: 66439 Err:     0 (0.00%) Active: 150 Started: 150 Finished: 0
2020-04-06 19:39:30,760 INFO o.a.j.r.Summariser: summary =    361 in 00:03:07 =    1.9/s Avg: 53958 Min:  1221 Max: 66439 Err:     0 (0.00%)
2020-04-06 19:39:45,431 INFO o.a.j.t.JMeterThread: Stopping because end time detected by thread: jp@gc - Ultimate Thread Group 1-83
2020-04-06 19:39:45,431 INFO o.a.j.t.JMeterThread: Thread finished: jp@gc - Ultimate Thread Group 1-83
2020-04-06 19:39:46,136 INFO o.a.j.t.JMeterThread: Stopping because end time detected by thread: jp@gc - Ultimate Thread Group 1-84
2020-04-06 19:39:46,137 INFO o.a.j.t.JMeterThread: Thread finished: jp@gc - Ultimate Thread Group 1-84
2020-04-06 19:39:46,160 INFO o.a.j.t.JMeterThread: Stopping because end time detected by thread: jp@gc - Ultimate Thread Group 1-88
2020-04-06 19:39:46,160 INFO o.a.j.t.JMeterThread: Thread finished: jp@gc - Ultimate Thread Group 1-88
2020-04-06 19:39:46,418 INFO o.a.j.t.JMeterThread: Stopping because end time detected by thread: jp@gc - Ultimate Thread Group 1-32
2020-04-06 19:39:46,418 INFO o.a.j.t.JMeterThread: Thread finished: jp@gc - Ultimate Thread Group 1-32
2020-04-06 19:39:46,786 INFO o.a.j.t.JMeterThread: Stopping because end time detected by thread: jp@gc - Ultimate Thread Group 1-74
2020-04-06 19:39:46,787 INFO o.a.j.t.JMeterThread: Thread finished: jp@gc - Ultimate Thread Group 1-74
2020-04-06 19:39:47,367 INFO o.a.j.t.JMeterThread: Stopping because end time detected by thread: jp@gc - Ultimate Thread Group 1-77
2020-04-06 19:39:47,368 INFO o.a.j.t.JMeterThread: Thread finished: jp@gc - Ultimate Thread Group 1-77
2020-04-06 19:39:47,492 INFO o.a.j.t.JMeterThread: Stopping because end time detected by thread: jp@gc - Ultimate Thread Group 1-78
2020-04-06 19:39:47,492 INFO o.a.j.t.JMeterThread: Thread finished: jp@gc - Ultimate Thread Group 1-78
2020-04-06 19:39:48,071 INFO o.a.j.t.JMeterThread: Stopping because end time detected by thread: jp@gc - Ultimate Thread Group 1-76
2020-04-06 19:39:48,071 INFO o.a.j.t.JMeterThread: Thread finished: jp@gc - Ultimate Thread Group 1-76
2020-04-06 19:39:48,225 INFO o.a.j.t.JMeterThread: Stopping because end time detected by thread: jp@gc - Ultimate Thread Group 1-82
2020-04-06 19:39:48,226 INFO o.a.j.t.JMeterThread: Thread finished: jp@gc - Ultimate Thread Group 1-82
2020-04-06 19:39:48,453 INFO o.a.j.t.JMeterThread: Stopping because end time detected by thread: jp@gc - Ultimate Thread Group 1-31
2020-04-06 19:39:48,454 INFO o.a.j.t.JMeterThread: Thread finished: jp@gc - Ultimate Thread Group 1-31
2020-04-06 19:39:48,626 INFO o.a.j.t.JMeterThread: Stopping because end time detected by thread: jp@gc - Ultimate Thread Group 1-79
2020-04-06 19:39:48,626 INFO o.a.j.t.JMeterThread: Thread finished: jp@gc - Ultimate Thread Group 1-79
2020-04-06 19:39:48,762 INFO o.a.j.t.JMeterThread: Stopping because end time detected by thread: jp@gc - Ultimate Thread Group 1-80
2020-04-06 19:39:48,763 INFO o.a.j.t.JMeterThread: Thread finished: jp@gc - Ultimate Thread Group 1-80
2020-04-06 19:39:48,991 INFO o.a.j.t.JMeterThread: Stopping because end time detected by thread: jp@gc - Ultimate Thread Group 1-81
2020-04-06 19:39:48,991 INFO o.a.j.t.JMeterThread: Thread finished: jp@gc - Ultimate Thread Group 1-81
2020-04-06 19:39:49,203 INFO o.a.j.t.JMeterThread: Stopping because end time detected by thread: jp@gc - Ultimate Thread Group 1-45
2020-04-06 19:39:49,203 INFO o.a.j.t.JMeterThread: Thread finished: jp@gc - Ultimate Thread Group 1-45
2020-04-06 19:39:49,406 INFO o.a.j.t.JMeterThread: Stopping because end time detected by thread: jp@gc - Ultimate Thread Group 1-30
2020-04-06 19:39:49,407 INFO o.a.j.t.JMeterThread: Thread finished: jp@gc - Ultimate Thread Group 1-30
2020-04-06 19:39:50,272 INFO o.a.j.t.JMeterThread: Stopping because end time detected by thread: jp@gc - Ultimate Thread Group 1-75
2020-04-06 19:39:50,272 INFO o.a.j.t.JMeterThread: Thread finished: jp@gc - Ultimate Thread Group 1-75
2020-04-06 19:39:51,375 INFO o.a.j.t.JMeterThread: Stopping because end time detected by thread: jp@gc - Ultimate Thread Group 1-72
2020-04-06 19:39:51,375 INFO o.a.j.t.JMeterThread: Thread finished: jp@gc - Ultimate Thread Group 1-72
2020-04-06 19:39:51,910 INFO o.a.j.t.JMeterThread: Stopping because end time detected by thread: jp@gc - Ultimate Thread Group 1-48
2020-04-06 19:39:51,910 INFO o.a.j.t.JMeterThread: Thread finished: jp@gc - Ultimate Thread Group 1-48
2020-04-06 19:39:52,511 INFO o.a.j.t.JMeterThread: Stopping because end time detected by thread: jp@gc - Ultimate Thread Group 1-67
2020-04-06 19:39:52,512 INFO o.a.j.t.JMeterThread: Thread finished: jp@gc - Ultimate Thread Group 1-67
2020-04-06 19:39:52,641 INFO o.a.j.t.JMeterThread: Stopping because end time detected by thread: jp@gc - Ultimate Thread Group 1-44
2020-04-06 19:39:52,641 INFO o.a.j.t.JMeterThread: Thread finished: jp@gc - Ultimate Thread Group 1-44
2020-04-06 19:39:52,753 INFO o.a.j.t.JMeterThread: Stopping because end time detected by thread: jp@gc - Ultimate Thread Group 1-71
2020-04-06 19:39:52,754 INFO o.a.j.t.JMeterThread: Thread finished: jp@gc - Ultimate Thread Group 1-71
2020-04-06 19:39:53,113 INFO o.a.j.t.JMeterThread: Stopping because end time detected by thread: jp@gc - Ultimate Thread Group 1-70
2020-04-06 19:39:53,114 INFO o.a.j.t.JMeterThread: Thread finished: jp@gc - Ultimate Thread Group 1-70
2020-04-06 19:39:53,914 INFO o.a.j.t.JMeterThread: Stopping because end time detected by thread: jp@gc - Ultimate Thread Group 1-29
2020-04-06 19:39:53,914 INFO o.a.j.t.JMeterThread: Thread finished: jp@gc - Ultimate Thread Group 1-29
2020-04-06 19:39:54,373 INFO o.a.j.t.JMeterThread: Stopping because end time detected by thread: jp@gc - Ultimate Thread Group 1-73
2020-04-06 19:39:54,374 INFO o.a.j.t.JMeterThread: Thread finished: jp@gc - Ultimate Thread Group 1-73
2020-04-06 19:39:54,679 INFO o.a.j.t.JMeterThread: Stopping because end time detected by thread: jp@gc - Ultimate Thread Group 1-68
2020-04-06 19:39:54,679 INFO o.a.j.t.JMeterThread: Thread finished: jp@gc - Ultimate Thread Group 1-68
2020-04-06 19:39:54,777 INFO o.a.j.t.JMeterThread: Stopping because end time detected by thread: jp@gc - Ultimate Thread Group 1-66
2020-04-06 19:39:54,778 INFO o.a.j.t.JMeterThread: Thread finished: jp@gc - Ultimate Thread Group 1-66
2020-04-06 19:39:55,595 INFO o.a.j.t.JMeterThread: Stopping because end time detected by thread: jp@gc - Ultimate Thread Group 1-150
2020-04-06 19:39:55,596 INFO o.a.j.t.JMeterThread: Thread finished: jp@gc - Ultimate Thread Group 1-150
2020-04-06 19:39:55,824 INFO o.a.j.t.JMeterThread: Stopping because end time detected by thread: jp@gc - Ultimate Thread Group 1-64
2020-04-06 19:39:55,825 INFO o.a.j.t.JMeterThread: Thread finished: jp@gc - Ultimate Thread Group 1-64
2020-04-06 19:39:55,869 INFO o.a.j.t.JMeterThread: Stopping because end time detected by thread: jp@gc - Ultimate Thread Group 1-43
2020-04-06 19:39:55,869 INFO o.a.j.t.JMeterThread: Thread finished: jp@gc - Ultimate Thread Group 1-43
2020-04-06 19:39:57,003 INFO o.a.j.t.JMeterThread: Stopping because end time detected by thread: jp@gc - Ultimate Thread Group 1-61
2020-04-06 19:39:57,003 INFO o.a.j.t.JMeterThread: Thread finished: jp@gc - Ultimate Thread Group 1-61
2020-04-06 19:39:57,176 INFO o.a.j.t.JMeterThread: Stopping because end time detected by thread: jp@gc - Ultimate Thread Group 1-69
2020-04-06 19:39:57,176 INFO o.a.j.t.JMeterThread: Thread finished: jp@gc - Ultimate Thread Group 1-69
2020-04-06 19:39:57,188 INFO o.a.j.t.JMeterThread: Stopping because end time detected by thread: jp@gc - Ultimate Thread Group 1-28
2020-04-06 19:39:57,188 INFO o.a.j.t.JMeterThread: Thread finished: jp@gc - Ultimate Thread Group 1-28
2020-04-06 19:39:58,144 INFO o.a.j.t.JMeterThread: Stopping because end time detected by thread: jp@gc - Ultimate Thread Group 1-144
2020-04-06 19:39:58,145 INFO o.a.j.t.JMeterThread: Thread finished: jp@gc - Ultimate Thread Group 1-144
2020-04-06 19:39:58,332 INFO o.a.j.t.JMeterThread: Stopping because end time detected by thread: jp@gc - Ultimate Thread Group 1-62
2020-04-06 19:39:58,332 INFO o.a.j.t.JMeterThread: Thread finished: jp@gc - Ultimate Thread Group 1-62
2020-04-06 19:39:58,690 INFO o.a.j.t.JMeterThread: Stopping because end time detected by thread: jp@gc - Ultimate Thread Group 1-56
2020-04-06 19:39:58,690 INFO o.a.j.t.JMeterThread: Thread finished: jp@gc - Ultimate Thread Group 1-56
2020-04-06 19:39:58,858 INFO o.a.j.t.JMeterThread: Stopping because end time detected by thread: jp@gc - Ultimate Thread Group 1-57
2020-04-06 19:39:58,858 INFO o.a.j.t.JMeterThread: Thread finished: jp@gc - Ultimate Thread Group 1-57
2020-04-06 19:39:59,056 INFO o.a.j.t.JMeterThread: Stopping because end time detected by thread: jp@gc - Ultimate Thread Group 1-65
2020-04-06 19:39:59,056 INFO o.a.j.t.JMeterThread: Thread finished: jp@gc - Ultimate Thread Group 1-65
2020-04-06 19:39:59,135 INFO o.a.j.t.JMeterThread: Stopping because end time detected by thread: jp@gc - Ultimate Thread Group 1-60
2020-04-06 19:39:59,135 INFO o.a.j.t.JMeterThread: Thread finished: jp@gc - Ultimate Thread Group 1-60
2020-04-06 19:39:59,218 INFO o.a.j.t.JMeterThread: Stopping because end time detected by thread: jp@gc - Ultimate Thread Group 1-63
2020-04-06 19:39:59,218 INFO o.a.j.t.JMeterThread: Thread finished: jp@gc - Ultimate Thread Group 1-63
2020-04-06 19:39:59,545 INFO o.a.j.t.JMeterThread: Stopping because end time detected by thread: jp@gc - Ultimate Thread Group 1-148
2020-04-06 19:39:59,545 INFO o.a.j.t.JMeterThread: Thread finished: jp@gc - Ultimate Thread Group 1-148
2020-04-06 19:39:59,907 INFO o.a.j.t.JMeterThread: Stopping because end time detected by thread: jp@gc - Ultimate Thread Group 1-145
2020-04-06 19:39:59,908 INFO o.a.j.t.JMeterThread: Thread finished: jp@gc - Ultimate Thread Group 1-145
2020-04-06 19:40:00,206 INFO o.a.j.r.Summariser: summary +     71 in 00:00:29 =    2.4/s Avg: 62687 Min: 59479 Max: 65616 Err:     0 (0.00%) Active: 109 Started: 150 Finished: 41
2020-04-06 19:40:00,207 INFO o.a.j.r.Summariser: summary =    432 in 00:03:36 =    2.0/s Avg: 55392 Min:  1221 Max: 66439 Err:     0 (0.00%)
2020-04-06 19:40:00,207 INFO o.a.j.t.JMeterThread: Stopping because end time detected by thread: jp@gc - Ultimate Thread Group 1-27
2020-04-06 19:40:00,208 INFO o.a.j.t.JMeterThread: Thread finished: jp@gc - Ultimate Thread Group 1-27
2020-04-06 19:40:00,851 INFO o.a.j.t.JMeterThread: Stopping because end time detected by thread: jp@gc - Ultimate Thread Group 1-149
2020-04-06 19:40:00,852 INFO o.a.j.t.JMeterThread: Thread finished: jp@gc - Ultimate Thread Group 1-149
2020-04-06 19:40:00,965 INFO o.a.j.t.JMeterThread: Stopping because end time detected by thread: jp@gc - Ultimate Thread Group 1-54
2020-04-06 19:40:00,965 INFO o.a.j.t.JMeterThread: Thread finished: jp@gc - Ultimate Thread Group 1-54
2020-04-06 19:40:01,021 INFO o.a.j.t.JMeterThread: Stopping because end time detected by thread: jp@gc - Ultimate Thread Group 1-59
2020-04-06 19:40:01,021 INFO o.a.j.t.JMeterThread: Thread finished: jp@gc - Ultimate Thread Group 1-59
2020-04-06 19:40:01,388 INFO o.a.j.t.JMeterThread: Stopping because end time detected by thread: jp@gc - Ultimate Thread Group 1-58
2020-04-06 19:40:01,389 INFO o.a.j.t.JMeterThread: Thread finished: jp@gc - Ultimate Thread Group 1-58
2020-04-06 19:40:01,832 INFO o.a.j.t.JMeterThread: Stopping because end time detected by thread: jp@gc - Ultimate Thread Group 1-138
2020-04-06 19:40:01,832 INFO o.a.j.t.JMeterThread: Thread finished: jp@gc - Ultimate Thread Group 1-138
2020-04-06 19:40:01,877 INFO o.a.j.t.JMeterThread: Stopping because end time detected by thread: jp@gc - Ultimate Thread Group 1-137
2020-04-06 19:40:01,878 INFO o.a.j.t.JMeterThread: Thread finished: jp@gc - Ultimate Thread Group 1-137
2020-04-06 19:40:02,059 INFO o.a.j.t.JMeterThread: Stopping because end time detected by thread: jp@gc - Ultimate Thread Group 1-143
2020-04-06 19:40:02,060 INFO o.a.j.t.JMeterThread: Thread finished: jp@gc - Ultimate Thread Group 1-143
2020-04-06 19:40:02,091 INFO o.a.j.t.JMeterThread: Stopping because end time detected by thread: jp@gc - Ultimate Thread Group 1-52
2020-04-06 19:40:02,091 INFO o.a.j.t.JMeterThread: Thread finished: jp@gc - Ultimate Thread Group 1-52
2020-04-06 19:40:02,108 INFO o.a.j.t.JMeterThread: Stopping because end time detected by thread: jp@gc - Ultimate Thread Group 1-141
2020-04-06 19:40:02,108 INFO o.a.j.t.JMeterThread: Thread finished: jp@gc - Ultimate Thread Group 1-141
2020-04-06 19:40:02,269 INFO o.a.j.t.JMeterThread: Stopping because end time detected by thread: jp@gc - Ultimate Thread Group 1-146
2020-04-06 19:40:02,269 INFO o.a.j.t.JMeterThread: Thread finished: jp@gc - Ultimate Thread Group 1-146
2020-04-06 19:40:02,365 INFO o.a.j.t.JMeterThread: Stopping because end time detected by thread: jp@gc - Ultimate Thread Group 1-47
2020-04-06 19:40:02,365 INFO o.a.j.t.JMeterThread: Thread finished: jp@gc - Ultimate Thread Group 1-47
2020-04-06 19:40:02,682 INFO o.a.j.t.JMeterThread: Stopping because end time detected by thread: jp@gc - Ultimate Thread Group 1-142
2020-04-06 19:40:02,682 INFO o.a.j.t.JMeterThread: Thread finished: jp@gc - Ultimate Thread Group 1-142
2020-04-06 19:40:02,811 INFO o.a.j.t.JMeterThread: Stopping because end time detected by thread: jp@gc - Ultimate Thread Group 1-26
2020-04-06 19:40:02,811 INFO o.a.j.t.JMeterThread: Thread finished: jp@gc - Ultimate Thread Group 1-26
2020-04-06 19:40:02,830 INFO o.a.j.t.JMeterThread: Stopping because end time detected by thread: jp@gc - Ultimate Thread Group 1-147
2020-04-06 19:40:02,830 INFO o.a.j.t.JMeterThread: Thread finished: jp@gc - Ultimate Thread Group 1-147
2020-04-06 19:40:02,898 INFO o.a.j.t.JMeterThread: Stopping because end time detected by thread: jp@gc - Ultimate Thread Group 1-133
2020-04-06 19:40:02,898 INFO o.a.j.t.JMeterThread: Thread finished: jp@gc - Ultimate Thread Group 1-133
2020-04-06 19:40:02,980 INFO o.a.j.t.JMeterThread: Stopping because end time detected by thread: jp@gc - Ultimate Thread Group 1-25
2020-04-06 19:40:02,981 INFO o.a.j.t.JMeterThread: Thread finished: jp@gc - Ultimate Thread Group 1-25
2020-04-06 19:40:02,998 INFO o.a.j.t.JMeterThread: Stopping because end time detected by thread: jp@gc - Ultimate Thread Group 1-55
2020-04-06 19:40:02,998 INFO o.a.j.t.JMeterThread: Thread finished: jp@gc - Ultimate Thread Group 1-55
2020-04-06 19:40:03,044 INFO o.a.j.t.JMeterThread: Stopping because end time detected by thread: jp@gc - Ultimate Thread Group 1-132
2020-04-06 19:40:03,044 INFO o.a.j.t.JMeterThread: Thread finished: jp@gc - Ultimate Thread Group 1-132
2020-04-06 19:40:03,325 INFO o.a.j.t.JMeterThread: Stopping because end time detected by thread: jp@gc - Ultimate Thread Group 1-140
2020-04-06 19:40:03,325 INFO o.a.j.t.JMeterThread: Thread finished: jp@gc - Ultimate Thread Group 1-140
2020-04-06 19:40:03,390 INFO o.a.j.t.JMeterThread: Stopping because end time detected by thread: jp@gc - Ultimate Thread Group 1-24
2020-04-06 19:40:03,390 INFO o.a.j.t.JMeterThread: Thread finished: jp@gc - Ultimate Thread Group 1-24
2020-04-06 19:40:03,498 INFO o.a.j.t.JMeterThread: Stopping because end time detected by thread: jp@gc - Ultimate Thread Group 1-42
2020-04-06 19:40:03,499 INFO o.a.j.t.JMeterThread: Thread finished: jp@gc - Ultimate Thread Group 1-42
2020-04-06 19:40:04,082 INFO o.a.j.t.JMeterThread: Stopping because end time detected by thread: jp@gc - Ultimate Thread Group 1-51
2020-04-06 19:40:04,082 INFO o.a.j.t.JMeterThread: Thread finished: jp@gc - Ultimate Thread Group 1-51
2020-04-06 19:40:04,474 INFO o.a.j.t.JMeterThread: Stopping because end time detected by thread: jp@gc - Ultimate Thread Group 1-135
2020-04-06 19:40:04,475 INFO o.a.j.t.JMeterThread: Thread finished: jp@gc - Ultimate Thread Group 1-135
2020-04-06 19:40:04,597 INFO o.a.j.t.JMeterThread: Stopping because end time detected by thread: jp@gc - Ultimate Thread Group 1-53
2020-04-06 19:40:04,597 INFO o.a.j.t.JMeterThread: Thread finished: jp@gc - Ultimate Thread Group 1-53
2020-04-06 19:40:04,839 INFO o.a.j.t.JMeterThread: Stopping because end time detected by thread: jp@gc - Ultimate Thread Group 1-136
2020-04-06 19:40:04,839 INFO o.a.j.t.JMeterThread: Thread finished: jp@gc - Ultimate Thread Group 1-136
2020-04-06 19:40:05,175 INFO o.a.j.t.JMeterThread: Stopping because end time detected by thread: jp@gc - Ultimate Thread Group 1-139
2020-04-06 19:40:05,175 INFO o.a.j.t.JMeterThread: Thread finished: jp@gc - Ultimate Thread Group 1-139
2020-04-06 19:40:05,248 INFO o.a.j.t.JMeterThread: Stopping because end time detected by thread: jp@gc - Ultimate Thread Group 1-131
2020-04-06 19:40:05,249 INFO o.a.j.t.JMeterThread: Thread finished: jp@gc - Ultimate Thread Group 1-131
2020-04-06 19:40:05,330 INFO o.a.j.t.JMeterThread: Stopping because end time detected by thread: jp@gc - Ultimate Thread Group 1-22
2020-04-06 19:40:05,330 INFO o.a.j.t.JMeterThread: Thread finished: jp@gc - Ultimate Thread Group 1-22
2020-04-06 19:40:05,335 INFO o.a.j.t.JMeterThread: Stopping because end time detected by thread: jp@gc - Ultimate Thread Group 1-134
2020-04-06 19:40:05,335 INFO o.a.j.t.JMeterThread: Thread finished: jp@gc - Ultimate Thread Group 1-134
2020-04-06 19:40:05,498 INFO o.a.j.t.JMeterThread: Stopping because end time detected by thread: jp@gc - Ultimate Thread Group 1-41
2020-04-06 19:40:05,498 INFO o.a.j.t.JMeterThread: Thread finished: jp@gc - Ultimate Thread Group 1-41
2020-04-06 19:40:05,985 INFO o.a.j.t.JMeterThread: Stopping because end time detected by thread: jp@gc - Ultimate Thread Group 1-116
2020-04-06 19:40:05,986 INFO o.a.j.t.JMeterThread: Thread finished: jp@gc - Ultimate Thread Group 1-116
2020-04-06 19:40:05,992 INFO o.a.j.t.JMeterThread: Stopping because end time detected by thread: jp@gc - Ultimate Thread Group 1-123
2020-04-06 19:40:05,992 INFO o.a.j.t.JMeterThread: Thread finished: jp@gc - Ultimate Thread Group 1-123
2020-04-06 19:40:06,216 INFO o.a.j.t.JMeterThread: Stopping because end time detected by thread: jp@gc - Ultimate Thread Group 1-127
2020-04-06 19:40:06,217 INFO o.a.j.t.JMeterThread: Thread finished: jp@gc - Ultimate Thread Group 1-127
2020-04-06 19:40:06,436 INFO o.a.j.t.JMeterThread: Stopping because end time detected by thread: jp@gc - Ultimate Thread Group 1-128
2020-04-06 19:40:06,437 INFO o.a.j.t.JMeterThread: Thread finished: jp@gc - Ultimate Thread Group 1-128
2020-04-06 19:40:06,459 INFO o.a.j.t.JMeterThread: Stopping because end time detected by thread: jp@gc - Ultimate Thread Group 1-124
2020-04-06 19:40:06,460 INFO o.a.j.t.JMeterThread: Thread finished: jp@gc - Ultimate Thread Group 1-124
2020-04-06 19:40:06,805 INFO o.a.j.t.JMeterThread: Stopping because end time detected by thread: jp@gc - Ultimate Thread Group 1-21
2020-04-06 19:40:06,806 INFO o.a.j.t.JMeterThread: Thread finished: jp@gc - Ultimate Thread Group 1-21
2020-04-06 19:40:06,896 INFO o.a.j.t.JMeterThread: Stopping because end time detected by thread: jp@gc - Ultimate Thread Group 1-40
2020-04-06 19:40:06,896 INFO o.a.j.t.JMeterThread: Thread finished: jp@gc - Ultimate Thread Group 1-40
2020-04-06 19:40:06,909 INFO o.a.j.t.JMeterThread: Stopping because end time detected by thread: jp@gc - Ultimate Thread Group 1-129
2020-04-06 19:40:06,910 INFO o.a.j.t.JMeterThread: Thread finished: jp@gc - Ultimate Thread Group 1-129
2020-04-06 19:40:06,930 INFO o.a.j.t.JMeterThread: Stopping because end time detected by thread: jp@gc - Ultimate Thread Group 1-122
2020-04-06 19:40:06,930 INFO o.a.j.t.JMeterThread: Thread finished: jp@gc - Ultimate Thread Group 1-122
2020-04-06 19:40:07,042 INFO o.a.j.t.JMeterThread: Stopping because end time detected by thread: jp@gc - Ultimate Thread Group 1-125
2020-04-06 19:40:07,042 INFO o.a.j.t.JMeterThread: Thread finished: jp@gc - Ultimate Thread Group 1-125
2020-04-06 19:40:07,294 INFO o.a.j.t.JMeterThread: Stopping because end time detected by thread: jp@gc - Ultimate Thread Group 1-23
2020-04-06 19:40:07,295 INFO o.a.j.t.JMeterThread: Thread finished: jp@gc - Ultimate Thread Group 1-23
2020-04-06 19:40:07,336 INFO o.a.j.t.JMeterThread: Stopping because end time detected by thread: jp@gc - Ultimate Thread Group 1-126
2020-04-06 19:40:07,336 INFO o.a.j.t.JMeterThread: Thread finished: jp@gc - Ultimate Thread Group 1-126
2020-04-06 19:40:07,414 INFO o.a.j.t.JMeterThread: Stopping because end time detected by thread: jp@gc - Ultimate Thread Group 1-117
2020-04-06 19:40:07,414 INFO o.a.j.t.JMeterThread: Thread finished: jp@gc - Ultimate Thread Group 1-117
2020-04-06 19:40:07,540 INFO o.a.j.t.JMeterThread: Stopping because end time detected by thread: jp@gc - Ultimate Thread Group 1-130
2020-04-06 19:40:07,540 INFO o.a.j.t.JMeterThread: Thread finished: jp@gc - Ultimate Thread Group 1-130
2020-04-06 19:40:07,770 INFO o.a.j.t.JMeterThread: Stopping because end time detected by thread: jp@gc - Ultimate Thread Group 1-119
2020-04-06 19:40:07,770 INFO o.a.j.t.JMeterThread: Thread finished: jp@gc - Ultimate Thread Group 1-119
2020-04-06 19:40:07,939 INFO o.a.j.t.JMeterThread: Stopping because end time detected by thread: jp@gc - Ultimate Thread Group 1-113
2020-04-06 19:40:07,940 INFO o.a.j.t.JMeterThread: Thread finished: jp@gc - Ultimate Thread Group 1-113
2020-04-06 19:40:07,957 INFO o.a.j.t.JMeterThread: Stopping because end time detected by thread: jp@gc - Ultimate Thread Group 1-110
2020-04-06 19:40:07,957 INFO o.a.j.t.JMeterThread: Thread finished: jp@gc - Ultimate Thread Group 1-110
2020-04-06 19:40:08,164 INFO o.a.j.t.JMeterThread: Stopping because end time detected by thread: jp@gc - Ultimate Thread Group 1-112
2020-04-06 19:40:08,164 INFO o.a.j.t.JMeterThread: Thread finished: jp@gc - Ultimate Thread Group 1-112
2020-04-06 19:40:08,282 INFO o.a.j.t.JMeterThread: Stopping because end time detected by thread: jp@gc - Ultimate Thread Group 1-121
2020-04-06 19:40:08,283 INFO o.a.j.t.JMeterThread: Thread finished: jp@gc - Ultimate Thread Group 1-121
2020-04-06 19:40:08,418 INFO o.a.j.t.JMeterThread: Stopping because end time detected by thread: jp@gc - Ultimate Thread Group 1-118
2020-04-06 19:40:08,418 INFO o.a.j.t.JMeterThread: Thread finished: jp@gc - Ultimate Thread Group 1-118
2020-04-06 19:40:08,502 INFO o.a.j.t.JMeterThread: Stopping because end time detected by thread: jp@gc - Ultimate Thread Group 1-109
2020-04-06 19:40:08,502 INFO o.a.j.t.JMeterThread: Thread finished: jp@gc - Ultimate Thread Group 1-109
2020-04-06 19:40:08,519 INFO o.a.j.t.JMeterThread: Stopping because end time detected by thread: jp@gc - Ultimate Thread Group 1-120
2020-04-06 19:40:08,519 INFO o.a.j.t.JMeterThread: Thread finished: jp@gc - Ultimate Thread Group 1-120
2020-04-06 19:40:08,609 INFO o.a.j.t.JMeterThread: Stopping because end time detected by thread: jp@gc - Ultimate Thread Group 1-106
2020-04-06 19:40:08,610 INFO o.a.j.t.JMeterThread: Thread finished: jp@gc - Ultimate Thread Group 1-106
2020-04-06 19:40:08,808 INFO o.a.j.t.JMeterThread: Stopping because end time detected by thread: jp@gc - Ultimate Thread Group 1-17
2020-04-06 19:40:08,809 INFO o.a.j.t.JMeterThread: Thread finished: jp@gc - Ultimate Thread Group 1-17
2020-04-06 19:40:08,913 INFO o.a.j.t.JMeterThread: Stopping because end time detected by thread: jp@gc - Ultimate Thread Group 1-115
2020-04-06 19:40:08,913 INFO o.a.j.t.JMeterThread: Thread finished: jp@gc - Ultimate Thread Group 1-115
2020-04-06 19:40:09,011 INFO o.a.j.t.JMeterThread: Stopping because end time detected by thread: jp@gc - Ultimate Thread Group 1-111
2020-04-06 19:40:09,012 INFO o.a.j.t.JMeterThread: Thread finished: jp@gc - Ultimate Thread Group 1-111
2020-04-06 19:40:09,022 INFO o.a.j.t.JMeterThread: Stopping because end time detected by thread: jp@gc - Ultimate Thread Group 1-102
2020-04-06 19:40:09,022 INFO o.a.j.t.JMeterThread: Thread finished: jp@gc - Ultimate Thread Group 1-102
2020-04-06 19:40:09,053 INFO o.a.j.t.JMeterThread: Stopping because end time detected by thread: jp@gc - Ultimate Thread Group 1-108
2020-04-06 19:40:09,053 INFO o.a.j.t.JMeterThread: Thread finished: jp@gc - Ultimate Thread Group 1-108
2020-04-06 19:40:09,118 INFO o.a.j.t.JMeterThread: Stopping because end time detected by thread: jp@gc - Ultimate Thread Group 1-39
2020-04-06 19:40:09,118 INFO o.a.j.t.JMeterThread: Thread finished: jp@gc - Ultimate Thread Group 1-39
2020-04-06 19:40:09,160 INFO o.a.j.t.JMeterThread: Stopping because end time detected by thread: jp@gc - Ultimate Thread Group 1-114
2020-04-06 19:40:09,160 INFO o.a.j.t.JMeterThread: Thread finished: jp@gc - Ultimate Thread Group 1-114
2020-04-06 19:40:09,378 INFO o.a.j.t.JMeterThread: Stopping because end time detected by thread: jp@gc - Ultimate Thread Group 1-19
2020-04-06 19:40:09,378 INFO o.a.j.t.JMeterThread: Thread finished: jp@gc - Ultimate Thread Group 1-19
2020-04-06 19:40:09,661 INFO o.a.j.t.JMeterThread: Stopping because end time detected by thread: jp@gc - Ultimate Thread Group 1-103
2020-04-06 19:40:09,661 INFO o.a.j.t.JMeterThread: Thread finished: jp@gc - Ultimate Thread Group 1-103
2020-04-06 19:40:09,734 INFO o.a.j.t.JMeterThread: Stopping because end time detected by thread: jp@gc - Ultimate Thread Group 1-18
2020-04-06 19:40:09,735 INFO o.a.j.t.JMeterThread: Thread finished: jp@gc - Ultimate Thread Group 1-18
2020-04-06 19:40:09,963 INFO o.a.j.t.JMeterThread: Stopping because end time detected by thread: jp@gc - Ultimate Thread Group 1-107
2020-04-06 19:40:09,964 INFO o.a.j.t.JMeterThread: Thread finished: jp@gc - Ultimate Thread Group 1-107
2020-04-06 19:40:10,064 INFO o.a.j.t.JMeterThread: Stopping because end time detected by thread: jp@gc - Ultimate Thread Group 1-20
2020-04-06 19:40:10,064 INFO o.a.j.t.JMeterThread: Thread finished: jp@gc - Ultimate Thread Group 1-20
2020-04-06 19:40:10,077 INFO o.a.j.t.JMeterThread: Stopping because end time detected by thread: jp@gc - Ultimate Thread Group 1-105
2020-04-06 19:40:10,077 INFO o.a.j.t.JMeterThread: Thread finished: jp@gc - Ultimate Thread Group 1-105
2020-04-06 19:40:10,136 INFO o.a.j.t.JMeterThread: Stopping because end time detected by thread: jp@gc - Ultimate Thread Group 1-16
2020-04-06 19:40:10,136 INFO o.a.j.t.JMeterThread: Thread finished: jp@gc - Ultimate Thread Group 1-16
2020-04-06 19:40:10,217 INFO o.a.j.t.JMeterThread: Stopping because end time detected by thread: jp@gc - Ultimate Thread Group 1-104
2020-04-06 19:40:10,218 INFO o.a.j.t.JMeterThread: Thread finished: jp@gc - Ultimate Thread Group 1-104
2020-04-06 19:40:10,550 INFO o.a.j.t.JMeterThread: Stopping because end time detected by thread: jp@gc - Ultimate Thread Group 1-38
2020-04-06 19:40:10,550 INFO o.a.j.t.JMeterThread: Thread finished: jp@gc - Ultimate Thread Group 1-38
2020-04-06 19:40:10,786 INFO o.a.j.t.JMeterThread: Stopping because end time detected by thread: jp@gc - Ultimate Thread Group 1-101
2020-04-06 19:40:10,786 INFO o.a.j.t.JMeterThread: Thread finished: jp@gc - Ultimate Thread Group 1-101
2020-04-06 19:40:11,160 INFO o.a.j.t.JMeterThread: Stopping because end time detected by thread: jp@gc - Ultimate Thread Group 1-15
2020-04-06 19:40:11,161 INFO o.a.j.t.JMeterThread: Thread finished: jp@gc - Ultimate Thread Group 1-15
2020-04-06 19:40:11,746 INFO o.a.j.t.JMeterThread: Stopping because end time detected by thread: jp@gc - Ultimate Thread Group 1-11
2020-04-06 19:40:11,747 INFO o.a.j.t.JMeterThread: Thread finished: jp@gc - Ultimate Thread Group 1-11
2020-04-06 19:40:11,893 INFO o.a.j.t.JMeterThread: Stopping because end time detected by thread: jp@gc - Ultimate Thread Group 1-14
2020-04-06 19:40:11,893 INFO o.a.j.t.JMeterThread: Thread finished: jp@gc - Ultimate Thread Group 1-14
2020-04-06 19:40:11,968 INFO o.a.j.t.JMeterThread: Stopping because end time detected by thread: jp@gc - Ultimate Thread Group 1-9
2020-04-06 19:40:11,969 INFO o.a.j.t.JMeterThread: Thread finished: jp@gc - Ultimate Thread Group 1-9
2020-04-06 19:40:12,199 INFO o.a.j.t.JMeterThread: Stopping because end time detected by thread: jp@gc - Ultimate Thread Group 1-13
2020-04-06 19:40:12,199 INFO o.a.j.t.JMeterThread: Thread finished: jp@gc - Ultimate Thread Group 1-13
2020-04-06 19:40:12,264 INFO o.a.j.t.JMeterThread: Stopping because end time detected by thread: jp@gc - Ultimate Thread Group 1-94
2020-04-06 19:40:12,264 INFO o.a.j.t.JMeterThread: Thread finished: jp@gc - Ultimate Thread Group 1-94
2020-04-06 19:40:12,312 INFO o.a.j.t.JMeterThread: Stopping because end time detected by thread: jp@gc - Ultimate Thread Group 1-12
2020-04-06 19:40:12,312 INFO o.a.j.t.JMeterThread: Thread finished: jp@gc - Ultimate Thread Group 1-12
2020-04-06 19:40:12,470 INFO o.a.j.t.JMeterThread: Stopping because end time detected by thread: jp@gc - Ultimate Thread Group 1-50
2020-04-06 19:40:12,470 INFO o.a.j.t.JMeterThread: Thread finished: jp@gc - Ultimate Thread Group 1-50
2020-04-06 19:40:12,568 INFO o.a.j.t.JMeterThread: Stopping because end time detected by thread: jp@gc - Ultimate Thread Group 1-99
2020-04-06 19:40:12,568 INFO o.a.j.t.JMeterThread: Thread finished: jp@gc - Ultimate Thread Group 1-99
2020-04-06 19:40:12,582 INFO o.a.j.t.JMeterThread: Stopping because end time detected by thread: jp@gc - Ultimate Thread Group 1-37
2020-04-06 19:40:12,582 INFO o.a.j.t.JMeterThread: Thread finished: jp@gc - Ultimate Thread Group 1-37
2020-04-06 19:40:12,615 INFO o.a.j.t.JMeterThread: Stopping because end time detected by thread: jp@gc - Ultimate Thread Group 1-100
2020-04-06 19:40:12,615 INFO o.a.j.t.JMeterThread: Thread finished: jp@gc - Ultimate Thread Group 1-100
2020-04-06 19:40:12,706 INFO o.a.j.t.JMeterThread: Stopping because end time detected by thread: jp@gc - Ultimate Thread Group 1-10
2020-04-06 19:40:12,706 INFO o.a.j.t.JMeterThread: Thread finished: jp@gc - Ultimate Thread Group 1-10
2020-04-06 19:40:12,777 INFO o.a.j.t.JMeterThread: Stopping because end time detected by thread: jp@gc - Ultimate Thread Group 1-98
2020-04-06 19:40:12,778 INFO o.a.j.t.JMeterThread: Thread finished: jp@gc - Ultimate Thread Group 1-98
2020-04-06 19:40:12,801 INFO o.a.j.t.JMeterThread: Stopping because end time detected by thread: jp@gc - Ultimate Thread Group 1-7
2020-04-06 19:40:12,801 INFO o.a.j.t.JMeterThread: Thread finished: jp@gc - Ultimate Thread Group 1-7
2020-04-06 19:40:12,807 INFO o.a.j.t.JMeterThread: Stopping because end time detected by thread: jp@gc - Ultimate Thread Group 1-6
2020-04-06 19:40:12,808 INFO o.a.j.t.JMeterThread: Thread finished: jp@gc - Ultimate Thread Group 1-6
2020-04-06 19:40:12,950 INFO o.a.j.t.JMeterThread: Stopping because end time detected by thread: jp@gc - Ultimate Thread Group 1-95
2020-04-06 19:40:12,950 INFO o.a.j.t.JMeterThread: Thread finished: jp@gc - Ultimate Thread Group 1-95
2020-04-06 19:40:12,982 INFO o.a.j.t.JMeterThread: Stopping because end time detected by thread: jp@gc - Ultimate Thread Group 1-92
2020-04-06 19:40:12,982 INFO o.a.j.t.JMeterThread: Thread finished: jp@gc - Ultimate Thread Group 1-92
2020-04-06 19:40:13,022 INFO o.a.j.t.JMeterThread: Stopping because end time detected by thread: jp@gc - Ultimate Thread Group 1-49
2020-04-06 19:40:13,022 INFO o.a.j.t.JMeterThread: Thread finished: jp@gc - Ultimate Thread Group 1-49
2020-04-06 19:40:13,061 INFO o.a.j.t.JMeterThread: Stopping because end time detected by thread: jp@gc - Ultimate Thread Group 1-97
2020-04-06 19:40:13,062 INFO o.a.j.t.JMeterThread: Thread finished: jp@gc - Ultimate Thread Group 1-97
2020-04-06 19:40:13,097 INFO o.a.j.t.JMeterThread: Stopping because end time detected by thread: jp@gc - Ultimate Thread Group 1-3
2020-04-06 19:40:13,097 INFO o.a.j.t.JMeterThread: Thread finished: jp@gc - Ultimate Thread Group 1-3
2020-04-06 19:40:13,142 INFO o.a.j.t.JMeterThread: Stopping because end time detected by thread: jp@gc - Ultimate Thread Group 1-36
2020-04-06 19:40:13,143 INFO o.a.j.t.JMeterThread: Thread finished: jp@gc - Ultimate Thread Group 1-36
2020-04-06 19:40:13,193 INFO o.a.j.t.JMeterThread: Stopping because end time detected by thread: jp@gc - Ultimate Thread Group 1-46
2020-04-06 19:40:13,194 INFO o.a.j.t.JMeterThread: Thread finished: jp@gc - Ultimate Thread Group 1-46
2020-04-06 19:40:13,315 INFO o.a.j.t.JMeterThread: Stopping because end time detected by thread: jp@gc - Ultimate Thread Group 1-93
2020-04-06 19:40:13,315 INFO o.a.j.t.JMeterThread: Thread finished: jp@gc - Ultimate Thread Group 1-93
2020-04-06 19:40:13,369 INFO o.a.j.t.JMeterThread: Stopping because end time detected by thread: jp@gc - Ultimate Thread Group 1-34
2020-04-06 19:40:13,369 INFO o.a.j.t.JMeterThread: Thread finished: jp@gc - Ultimate Thread Group 1-34
2020-04-06 19:40:13,382 INFO o.a.j.t.JMeterThread: Stopping because end time detected by thread: jp@gc - Ultimate Thread Group 1-35
2020-04-06 19:40:13,382 INFO o.a.j.t.JMeterThread: Thread finished: jp@gc - Ultimate Thread Group 1-35
2020-04-06 19:40:13,384 INFO o.a.j.t.JMeterThread: Stopping because end time detected by thread: jp@gc - Ultimate Thread Group 1-2
2020-04-06 19:40:13,385 INFO o.a.j.t.JMeterThread: Thread finished: jp@gc - Ultimate Thread Group 1-2
2020-04-06 19:40:13,390 INFO o.a.j.t.JMeterThread: Stopping because end time detected by thread: jp@gc - Ultimate Thread Group 1-8
2020-04-06 19:40:13,390 INFO o.a.j.t.JMeterThread: Thread finished: jp@gc - Ultimate Thread Group 1-8
2020-04-06 19:40:13,428 INFO o.a.j.t.JMeterThread: Stopping because end time detected by thread: jp@gc - Ultimate Thread Group 1-5
2020-04-06 19:40:13,428 INFO o.a.j.t.JMeterThread: Thread finished: jp@gc - Ultimate Thread Group 1-5
2020-04-06 19:40:13,485 INFO o.a.j.t.JMeterThread: Stopping because end time detected by thread: jp@gc - Ultimate Thread Group 1-96
2020-04-06 19:40:13,486 INFO o.a.j.t.JMeterThread: Thread finished: jp@gc - Ultimate Thread Group 1-96
2020-04-06 19:40:13,537 INFO o.a.j.t.JMeterThread: Stopping because end time detected by thread: jp@gc - Ultimate Thread Group 1-85
2020-04-06 19:40:13,537 INFO o.a.j.t.JMeterThread: Thread finished: jp@gc - Ultimate Thread Group 1-85
2020-04-06 19:40:13,557 INFO o.a.j.t.JMeterThread: Stopping because end time detected by thread: jp@gc - Ultimate Thread Group 1-91
2020-04-06 19:40:13,557 INFO o.a.j.t.JMeterThread: Thread finished: jp@gc - Ultimate Thread Group 1-91
2020-04-06 19:40:13,582 INFO o.a.j.t.JMeterThread: Stopping because end time detected by thread: jp@gc - Ultimate Thread Group 1-33
2020-04-06 19:40:13,582 INFO o.a.j.t.JMeterThread: Thread finished: jp@gc - Ultimate Thread Group 1-33
2020-04-06 19:40:13,609 INFO o.a.j.t.JMeterThread: Stopping because end time detected by thread: jp@gc - Ultimate Thread Group 1-90
2020-04-06 19:40:13,610 INFO o.a.j.t.JMeterThread: Stopping because end time detected by thread: jp@gc - Ultimate Thread Group 1-4
2020-04-06 19:40:13,610 INFO o.a.j.t.JMeterThread: Thread finished: jp@gc - Ultimate Thread Group 1-90
2020-04-06 19:40:13,610 INFO o.a.j.t.JMeterThread: Thread finished: jp@gc - Ultimate Thread Group 1-4
2020-04-06 19:40:13,645 INFO o.a.j.t.JMeterThread: Stopping because end time detected by thread: jp@gc - Ultimate Thread Group 1-86
2020-04-06 19:40:13,645 INFO o.a.j.t.JMeterThread: Thread finished: jp@gc - Ultimate Thread Group 1-86
2020-04-06 19:40:13,650 INFO o.a.j.t.JMeterThread: Stopping because end time detected by thread: jp@gc - Ultimate Thread Group 1-87
2020-04-06 19:40:13,651 INFO o.a.j.t.JMeterThread: Thread finished: jp@gc - Ultimate Thread Group 1-87
2020-04-06 19:40:13,650 INFO o.a.j.t.JMeterThread: Stopping because end time detected by thread: jp@gc - Ultimate Thread Group 1-1
2020-04-06 19:40:13,651 INFO o.a.j.t.JMeterThread: Thread finished: jp@gc - Ultimate Thread Group 1-1
2020-04-06 19:40:13,654 INFO o.a.j.t.JMeterThread: Stopping because end time detected by thread: jp@gc - Ultimate Thread Group 1-89
2020-04-06 19:40:13,655 INFO o.a.j.t.JMeterThread: Thread finished: jp@gc - Ultimate Thread Group 1-89
2020-04-06 19:40:13,655 INFO o.a.j.e.StandardJMeterEngine: Notifying test listeners of end of test
2020-04-06 19:40:13,658 INFO o.a.j.r.Summariser: summary +    108 in 00:00:13 =    8.0/s Avg: 49232 Min: 30853 Max: 61305 Err:     0 (0.00%) Active: 0 Started: 150 Finished: 150
2020-04-06 19:40:13,659 INFO o.a.j.r.Summariser: summary =    540 in 00:03:50 =    2.4/s Avg: 54160 Min:  1221 Max: 66439 Err:     0 (0.00%)
