2020-04-17 08:58:36,002 INFO o.a.j.u.JMeterUtils: Setting Locale to en_US
2020-04-17 08:58:36,050 INFO o.a.j.JMeter: Loading user properties from: /home/pablo/jmeter/bin/user.properties
2020-04-17 08:58:36,051 INFO o.a.j.JMeter: Loading system properties from: /home/pablo/jmeter/bin/system.properties
2020-04-17 08:58:36,051 INFO o.a.j.JMeter: Setting System property: HILOS=40
2020-04-17 08:58:36,052 INFO o.a.j.JMeter: Setting System property: SUBIDA=15
2020-04-17 08:58:36,052 INFO o.a.j.JMeter: Setting System property: DURACION=615
2020-04-17 08:58:36,052 INFO o.a.j.JMeter: Setting System property: FILE=scriptresultsPerfmon40.jtl
2020-04-17 08:58:36,055 INFO o.a.j.JMeter: Copyright (c) 1998-2019 The Apache Software Foundation
2020-04-17 08:58:36,055 INFO o.a.j.JMeter: Version 5.2.1
2020-04-17 08:58:36,056 INFO o.a.j.JMeter: java.version=1.8.0_201
2020-04-17 08:58:36,056 INFO o.a.j.JMeter: java.vm.name=Java HotSpot(TM) 64-Bit Server VM
2020-04-17 08:58:36,056 INFO o.a.j.JMeter: os.name=Linux
2020-04-17 08:58:36,056 INFO o.a.j.JMeter: os.arch=amd64
2020-04-17 08:58:36,057 INFO o.a.j.JMeter: os.version=4.15.0-96-generic
2020-04-17 08:58:36,057 INFO o.a.j.JMeter: file.encoding=UTF-8
2020-04-17 08:58:36,057 INFO o.a.j.JMeter: java.awt.headless=true
2020-04-17 08:58:36,057 INFO o.a.j.JMeter: Max memory     =732954624
2020-04-17 08:58:36,058 INFO o.a.j.JMeter: Available Processors =4
2020-04-17 08:58:36,067 INFO o.a.j.JMeter: Default Locale=English (United States)
2020-04-17 08:58:36,068 INFO o.a.j.JMeter: JMeter  Locale=English (United States)
2020-04-17 08:58:36,068 INFO o.a.j.JMeter: JMeterHome=/home/pablo/jmeter
2020-04-17 08:58:36,068 INFO o.a.j.JMeter: user.dir  =/home/pablo/jmeter/bin/EJECUCIONES/P3
2020-04-17 08:58:36,068 INFO o.a.j.JMeter: PWD       =/home/pablo/jmeter/bin/EJECUCIONES/P3
2020-04-17 08:58:36,069 INFO o.a.j.JMeter: IP: 127.0.1.1 Name: hylianpablo FullName: hylianpablo
2020-04-17 08:58:36,078 INFO o.a.j.s.FileServer: Default base='/home/pablo/jmeter/bin/EJECUCIONES/P3'
2020-04-17 08:58:36,093 INFO o.a.j.s.FileServer: Set new base='/home/pablo/jmeter/bin/EJECUCIONES/P3/..'
2020-04-17 08:58:36,400 INFO o.a.j.s.SaveService: Testplan (JMX) version: 2.2. Testlog (JTL) version: 2.2
2020-04-17 08:58:36,425 INFO o.a.j.s.SaveService: Using SaveService properties file encoding UTF-8
2020-04-17 08:58:36,438 INFO o.a.j.s.SaveService: Using SaveService properties version 5.0
2020-04-17 08:58:36,458 INFO o.a.j.s.SaveService: Loading file: ../RecordP3.jmx
2020-04-17 08:58:36,537 INFO o.a.j.p.h.c.CookieManager: Settings: Delete null: true Check: true Allow variable: true Save: false Prefix: COOKIE_
2020-04-17 08:58:36,598 INFO o.a.j.p.h.s.HTTPSamplerBase: Parser for text/html is org.apache.jmeter.protocol.http.parser.LagartoBasedHtmlParser
2020-04-17 08:58:36,599 INFO o.a.j.p.h.s.HTTPSamplerBase: Parser for application/xhtml+xml is org.apache.jmeter.protocol.http.parser.LagartoBasedHtmlParser
2020-04-17 08:58:36,599 INFO o.a.j.p.h.s.HTTPSamplerBase: Parser for application/xml is org.apache.jmeter.protocol.http.parser.LagartoBasedHtmlParser
2020-04-17 08:58:36,599 INFO o.a.j.p.h.s.HTTPSamplerBase: Parser for text/xml is org.apache.jmeter.protocol.http.parser.LagartoBasedHtmlParser
2020-04-17 08:58:36,599 INFO o.a.j.p.h.s.HTTPSamplerBase: Parser for text/vnd.wap.wml is org.apache.jmeter.protocol.http.parser.RegexpHTMLParser
2020-04-17 08:58:36,600 INFO o.a.j.p.h.s.HTTPSamplerBase: Parser for text/css is org.apache.jmeter.protocol.http.parser.CssParser
2020-04-17 08:58:36,983 INFO o.a.j.e.KeyToolUtils: keytool found at 'keytool'
2020-04-17 08:58:36,985 INFO o.a.j.p.h.p.ProxyControl: HTTP(S) Test Script Recorder SSL Proxy will use keys that support embedded 3rd party resources in file /home/pablo/jmeter/bin/proxyserver.jks
2020-04-17 08:58:37,076 INFO o.a.j.JMeter: Creating summariser <summary>
2020-04-17 08:58:37,091 INFO o.a.j.e.StandardJMeterEngine: Running the test!
2020-04-17 08:58:37,093 INFO o.a.j.s.SampleEvent: List of sample_variables: []
2020-04-17 08:58:37,093 INFO o.a.j.s.SampleEvent: List of sample_variables: []
2020-04-17 08:58:37,104 INFO o.a.j.e.u.CompoundVariable: Note: Function class names must contain the string: '.functions.'
2020-04-17 08:58:37,104 INFO o.a.j.e.u.CompoundVariable: Note: Function class names must not contain the string: '.gui.'
2020-04-17 08:58:38,055 INFO o.a.j.JMeter: Running test (1587106718055)
2020-04-17 08:58:38,158 INFO o.a.j.e.StandardJMeterEngine: Starting ThreadGroup: 1 : Thread Group
2020-04-17 08:58:38,158 INFO o.a.j.e.StandardJMeterEngine: Starting 40 threads for group Thread Group.
2020-04-17 08:58:38,167 INFO o.a.j.e.StandardJMeterEngine: Thread will continue on error
2020-04-17 08:58:38,168 INFO o.a.j.t.ThreadGroup: Starting thread group... number=1 threads=40 ramp-up=15 delayedStart=false
2020-04-17 08:58:38,197 INFO o.a.j.s.SampleResult: Note: Sample TimeStamps are START times
2020-04-17 08:58:38,198 INFO o.a.j.s.SampleResult: sampleresult.default.encoding is set to ISO-8859-1
2020-04-17 08:58:38,198 INFO o.a.j.s.SampleResult: sampleresult.useNanoTime=true
2020-04-17 08:58:38,199 INFO o.a.j.s.SampleResult: sampleresult.nanoThreadSleep=5000
2020-04-17 08:58:38,204 INFO o.a.j.t.JMeterThread: Thread started: Thread Group 1-1
2020-04-17 08:58:38,284 INFO o.a.j.p.h.s.HTTPHCAbstractImpl: Local host = hylianpablo
2020-04-17 08:58:38,313 INFO o.a.j.p.h.s.HTTPHC4Impl: HTTP request retry count = 0
2020-04-17 08:58:38,335 INFO o.a.j.t.ThreadGroup: Started thread group number 1
2020-04-17 08:58:38,335 INFO o.a.j.e.StandardJMeterEngine: All thread groups have been started
2020-04-17 08:58:38,565 INFO o.a.j.t.JMeterThread: Thread started: Thread Group 1-2
2020-04-17 08:58:38,950 INFO o.a.j.t.JMeterThread: Thread started: Thread Group 1-3
2020-04-17 08:58:39,323 INFO o.a.j.t.JMeterThread: Thread started: Thread Group 1-4
2020-04-17 08:58:39,696 INFO o.a.j.t.JMeterThread: Thread started: Thread Group 1-5
2020-04-17 08:58:40,064 INFO o.a.j.t.JMeterThread: Thread started: Thread Group 1-6
2020-04-17 08:58:40,432 INFO o.a.j.t.JMeterThread: Thread started: Thread Group 1-7
2020-04-17 08:58:40,809 INFO o.a.j.t.JMeterThread: Thread started: Thread Group 1-8
2020-04-17 08:58:41,181 INFO o.a.j.t.JMeterThread: Thread started: Thread Group 1-9
2020-04-17 08:58:41,553 INFO o.a.j.t.JMeterThread: Thread started: Thread Group 1-10
2020-04-17 08:58:41,925 INFO o.a.j.t.JMeterThread: Thread started: Thread Group 1-11
2020-04-17 08:58:42,301 INFO o.a.j.t.JMeterThread: Thread started: Thread Group 1-12
2020-04-17 08:58:42,676 INFO o.a.j.t.JMeterThread: Thread started: Thread Group 1-13
2020-04-17 08:58:43,056 INFO o.a.j.t.JMeterThread: Thread started: Thread Group 1-14
2020-04-17 08:58:43,430 INFO o.a.j.t.JMeterThread: Thread started: Thread Group 1-15
2020-04-17 08:58:43,800 INFO o.a.j.t.JMeterThread: Thread started: Thread Group 1-16
2020-04-17 08:58:44,174 INFO o.a.j.t.JMeterThread: Thread started: Thread Group 1-17
2020-04-17 08:58:44,549 INFO o.a.j.t.JMeterThread: Thread started: Thread Group 1-18
2020-04-17 08:58:44,927 INFO o.a.j.t.JMeterThread: Thread started: Thread Group 1-19
2020-04-17 08:58:45,298 INFO o.a.j.t.JMeterThread: Thread started: Thread Group 1-20
2020-04-17 08:58:45,670 INFO o.a.j.t.JMeterThread: Thread started: Thread Group 1-21
2020-04-17 08:58:46,049 INFO o.a.j.t.JMeterThread: Thread started: Thread Group 1-22
2020-04-17 08:58:46,426 INFO o.a.j.t.JMeterThread: Thread started: Thread Group 1-23
2020-04-17 08:58:46,796 INFO o.a.j.t.JMeterThread: Thread started: Thread Group 1-24
2020-04-17 08:58:47,171 INFO o.a.j.t.JMeterThread: Thread started: Thread Group 1-25
2020-04-17 08:58:47,545 INFO o.a.j.t.JMeterThread: Thread started: Thread Group 1-26
2020-04-17 08:58:47,921 INFO o.a.j.t.JMeterThread: Thread started: Thread Group 1-27
2020-04-17 08:58:48,295 INFO o.a.j.t.JMeterThread: Thread started: Thread Group 1-28
2020-04-17 08:58:48,672 INFO o.a.j.t.JMeterThread: Thread started: Thread Group 1-29
2020-04-17 08:58:49,052 INFO o.a.j.t.JMeterThread: Thread started: Thread Group 1-30
2020-04-17 08:58:49,421 INFO o.a.j.t.JMeterThread: Thread started: Thread Group 1-31
2020-04-17 08:58:49,973 INFO o.a.j.t.JMeterThread: Thread started: Thread Group 1-32
2020-04-17 08:58:50,173 INFO o.a.j.t.JMeterThread: Thread started: Thread Group 1-33
2020-04-17 08:58:50,547 INFO o.a.j.t.JMeterThread: Thread started: Thread Group 1-34
2020-04-17 08:58:50,924 INFO o.a.j.t.JMeterThread: Thread started: Thread Group 1-35
2020-04-17 08:58:51,302 INFO o.a.j.t.JMeterThread: Thread started: Thread Group 1-36
2020-04-17 08:58:51,676 INFO o.a.j.t.JMeterThread: Thread started: Thread Group 1-37
2020-04-17 08:58:52,049 INFO o.a.j.t.JMeterThread: Thread started: Thread Group 1-38
2020-04-17 08:58:52,422 INFO o.a.j.t.JMeterThread: Thread started: Thread Group 1-39
2020-04-17 08:58:52,799 INFO o.a.j.t.JMeterThread: Thread started: Thread Group 1-40
2020-04-17 08:59:00,006 INFO o.a.j.r.Summariser: summary +   2660 in 00:00:22 =  121.2/s Avg:   215 Min:    19 Max:  1562 Err:     0 (0.00%) Active: 40 Started: 40 Finished: 0
2020-04-17 08:59:30,006 INFO o.a.j.r.Summariser: summary +   4267 in 00:00:30 =  142.2/s Avg:   277 Min:    19 Max:  1743 Err:     0 (0.00%) Active: 40 Started: 40 Finished: 0
2020-04-17 08:59:30,007 INFO o.a.j.r.Summariser: summary =   6927 in 00:00:52 =  133.3/s Avg:   253 Min:    19 Max:  1743 Err:     0 (0.00%)
2020-04-17 09:00:00,027 INFO o.a.j.r.Summariser: summary +   4360 in 00:00:30 =  145.2/s Avg:   277 Min:    19 Max:  1836 Err:     0 (0.00%) Active: 40 Started: 40 Finished: 0
2020-04-17 09:00:00,028 INFO o.a.j.r.Summariser: summary =  11287 in 00:01:22 =  137.7/s Avg:   262 Min:    19 Max:  1836 Err:     0 (0.00%)
2020-04-17 09:00:30,004 INFO o.a.j.r.Summariser: summary +   4158 in 00:00:30 =  138.7/s Avg:   285 Min:    18 Max:  1561 Err:     0 (0.00%) Active: 40 Started: 40 Finished: 0
2020-04-17 09:00:30,005 INFO o.a.j.r.Summariser: summary =  15445 in 00:01:52 =  138.0/s Avg:   268 Min:    18 Max:  1836 Err:     0 (0.00%)
2020-04-17 09:01:00,002 INFO o.a.j.r.Summariser: summary +   4119 in 00:00:30 =  137.3/s Avg:   293 Min:    18 Max:  1677 Err:     0 (0.00%) Active: 40 Started: 40 Finished: 0
2020-04-17 09:01:00,003 INFO o.a.j.r.Summariser: summary =  19564 in 00:02:22 =  137.8/s Avg:   274 Min:    18 Max:  1836 Err:     0 (0.00%)
2020-04-17 09:01:30,006 INFO o.a.j.r.Summariser: summary +   4141 in 00:00:30 =  138.0/s Avg:   287 Min:    20 Max:  1974 Err:     0 (0.00%) Active: 40 Started: 40 Finished: 0
2020-04-17 09:01:30,007 INFO o.a.j.r.Summariser: summary =  23705 in 00:02:52 =  137.9/s Avg:   276 Min:    18 Max:  1974 Err:     0 (0.00%)
2020-04-17 09:02:00,013 INFO o.a.j.r.Summariser: summary +   4227 in 00:00:30 =  140.9/s Avg:   284 Min:    19 Max:  1681 Err:     0 (0.00%) Active: 40 Started: 40 Finished: 0
2020-04-17 09:02:00,014 INFO o.a.j.r.Summariser: summary =  27932 in 00:03:22 =  138.3/s Avg:   277 Min:    18 Max:  1974 Err:     0 (0.00%)
2020-04-17 09:02:30,001 INFO o.a.j.r.Summariser: summary +   4153 in 00:00:30 =  138.5/s Avg:   288 Min:    19 Max:  2203 Err:     0 (0.00%) Active: 40 Started: 40 Finished: 0
2020-04-17 09:02:30,002 INFO o.a.j.r.Summariser: summary =  32085 in 00:03:52 =  138.3/s Avg:   279 Min:    18 Max:  2203 Err:     0 (0.00%)
2020-04-17 09:03:00,007 INFO o.a.j.r.Summariser: summary +   4236 in 00:00:30 =  141.2/s Avg:   281 Min:    19 Max:  1777 Err:     0 (0.00%) Active: 40 Started: 40 Finished: 0
2020-04-17 09:03:00,008 INFO o.a.j.r.Summariser: summary =  36321 in 00:04:22 =  138.7/s Avg:   279 Min:    18 Max:  2203 Err:     0 (0.00%)
2020-04-17 09:03:30,008 INFO o.a.j.r.Summariser: summary +   4131 in 00:00:30 =  137.7/s Avg:   288 Min:    19 Max:  1809 Err:     0 (0.00%) Active: 40 Started: 40 Finished: 0
2020-04-17 09:03:30,009 INFO o.a.j.r.Summariser: summary =  40452 in 00:04:52 =  138.6/s Avg:   280 Min:    18 Max:  2203 Err:     0 (0.00%)
2020-04-17 09:04:00,006 INFO o.a.j.r.Summariser: summary +   4253 in 00:00:30 =  141.8/s Avg:   283 Min:    19 Max:  1787 Err:     0 (0.00%) Active: 40 Started: 40 Finished: 0
2020-04-17 09:04:00,008 INFO o.a.j.r.Summariser: summary =  44705 in 00:05:22 =  138.9/s Avg:   280 Min:    18 Max:  2203 Err:     0 (0.00%)
2020-04-17 09:04:30,008 INFO o.a.j.r.Summariser: summary +   4276 in 00:00:30 =  142.5/s Avg:   279 Min:    20 Max:  1668 Err:     0 (0.00%) Active: 40 Started: 40 Finished: 0
2020-04-17 09:04:30,009 INFO o.a.j.r.Summariser: summary =  48981 in 00:05:52 =  139.2/s Avg:   280 Min:    18 Max:  2203 Err:     0 (0.00%)
2020-04-17 09:05:00,017 INFO o.a.j.r.Summariser: summary +   4293 in 00:00:30 =  143.1/s Avg:   281 Min:    19 Max:  1783 Err:     0 (0.00%) Active: 40 Started: 40 Finished: 0
2020-04-17 09:05:00,019 INFO o.a.j.r.Summariser: summary =  53274 in 00:06:22 =  139.5/s Avg:   280 Min:    18 Max:  2203 Err:     0 (0.00%)
2020-04-17 09:05:30,011 INFO o.a.j.r.Summariser: summary +   4191 in 00:00:30 =  139.7/s Avg:   285 Min:    19 Max:  1827 Err:     0 (0.00%) Active: 40 Started: 40 Finished: 0
2020-04-17 09:05:30,012 INFO o.a.j.r.Summariser: summary =  57465 in 00:06:52 =  139.5/s Avg:   280 Min:    18 Max:  2203 Err:     0 (0.00%)
2020-04-17 09:06:00,002 INFO o.a.j.r.Summariser: summary +   4282 in 00:00:30 =  142.8/s Avg:   281 Min:    20 Max:  1656 Err:     0 (0.00%) Active: 40 Started: 40 Finished: 0
2020-04-17 09:06:00,003 INFO o.a.j.r.Summariser: summary =  61747 in 00:07:22 =  139.7/s Avg:   280 Min:    18 Max:  2203 Err:     0 (0.00%)
2020-04-17 09:06:30,007 INFO o.a.j.r.Summariser: summary +   4167 in 00:00:30 =  138.9/s Avg:   285 Min:    20 Max:  1953 Err:     0 (0.00%) Active: 40 Started: 40 Finished: 0
2020-04-17 09:06:30,008 INFO o.a.j.r.Summariser: summary =  65914 in 00:07:52 =  139.7/s Avg:   281 Min:    18 Max:  2203 Err:     0 (0.00%)
2020-04-17 09:07:00,024 INFO o.a.j.r.Summariser: summary +   4331 in 00:00:30 =  144.3/s Avg:   276 Min:    19 Max:  1637 Err:     0 (0.00%) Active: 40 Started: 40 Finished: 0
2020-04-17 09:07:00,025 INFO o.a.j.r.Summariser: summary =  70245 in 00:08:22 =  139.9/s Avg:   280 Min:    18 Max:  2203 Err:     0 (0.00%)
2020-04-17 09:07:30,009 INFO o.a.j.r.Summariser: summary +   4205 in 00:00:30 =  140.2/s Avg:   283 Min:    19 Max:  3420 Err:     0 (0.00%) Active: 40 Started: 40 Finished: 0
2020-04-17 09:07:30,009 INFO o.a.j.r.Summariser: summary =  74450 in 00:08:52 =  140.0/s Avg:   281 Min:    18 Max:  3420 Err:     0 (0.00%)
2020-04-17 09:08:00,001 INFO o.a.j.r.Summariser: summary +   4453 in 00:00:30 =  148.5/s Avg:   270 Min:    18 Max:  1707 Err:     0 (0.00%) Active: 40 Started: 40 Finished: 0
2020-04-17 09:08:00,002 INFO o.a.j.r.Summariser: summary =  78903 in 00:09:22 =  140.4/s Avg:   280 Min:    18 Max:  3420 Err:     0 (0.00%)
2020-04-17 09:08:30,004 INFO o.a.j.r.Summariser: summary +   4306 in 00:00:30 =  143.5/s Avg:   278 Min:    19 Max:  1683 Err:     0 (0.00%) Active: 40 Started: 40 Finished: 0
2020-04-17 09:08:30,005 INFO o.a.j.r.Summariser: summary =  83209 in 00:09:52 =  140.6/s Avg:   280 Min:    18 Max:  3420 Err:     0 (0.00%)
2020-04-17 09:08:53,255 INFO o.a.j.t.JMeterThread: Stopping because end time detected by thread: Thread Group 1-6
2020-04-17 09:08:53,255 INFO o.a.j.t.JMeterThread: Thread finished: Thread Group 1-6
2020-04-17 09:08:53,294 INFO o.a.j.t.JMeterThread: Stopping because end time detected by thread: Thread Group 1-13
2020-04-17 09:08:53,295 INFO o.a.j.t.JMeterThread: Thread finished: Thread Group 1-13
2020-04-17 09:08:53,295 INFO o.a.j.t.JMeterThread: Stopping because end time detected by thread: Thread Group 1-14
2020-04-17 09:08:53,295 INFO o.a.j.t.JMeterThread: Thread finished: Thread Group 1-14
2020-04-17 09:08:53,299 INFO o.a.j.t.JMeterThread: Stopping because end time detected by thread: Thread Group 1-20
2020-04-17 09:08:53,299 INFO o.a.j.t.JMeterThread: Thread finished: Thread Group 1-20
2020-04-17 09:08:53,321 INFO o.a.j.t.JMeterThread: Stopping because end time detected by thread: Thread Group 1-10
2020-04-17 09:08:53,321 INFO o.a.j.t.JMeterThread: Thread finished: Thread Group 1-10
2020-04-17 09:08:53,325 INFO o.a.j.t.JMeterThread: Stopping because end time detected by thread: Thread Group 1-21
2020-04-17 09:08:53,325 INFO o.a.j.t.JMeterThread: Thread finished: Thread Group 1-21
2020-04-17 09:08:53,334 INFO o.a.j.t.JMeterThread: Stopping because end time detected by thread: Thread Group 1-33
2020-04-17 09:08:53,335 INFO o.a.j.t.JMeterThread: Thread finished: Thread Group 1-33
2020-04-17 09:08:53,336 INFO o.a.j.t.JMeterThread: Stopping because end time detected by thread: Thread Group 1-18
2020-04-17 09:08:53,337 INFO o.a.j.t.JMeterThread: Thread finished: Thread Group 1-18
2020-04-17 09:08:53,354 INFO o.a.j.t.JMeterThread: Stopping because end time detected by thread: Thread Group 1-2
2020-04-17 09:08:53,355 INFO o.a.j.t.JMeterThread: Thread finished: Thread Group 1-2
2020-04-17 09:08:53,377 INFO o.a.j.t.JMeterThread: Stopping because end time detected by thread: Thread Group 1-31
2020-04-17 09:08:53,378 INFO o.a.j.t.JMeterThread: Thread finished: Thread Group 1-31
2020-04-17 09:08:53,378 INFO o.a.j.t.JMeterThread: Stopping because end time detected by thread: Thread Group 1-15
2020-04-17 09:08:53,378 INFO o.a.j.t.JMeterThread: Thread finished: Thread Group 1-15
2020-04-17 09:08:53,423 INFO o.a.j.t.JMeterThread: Stopping because end time detected by thread: Thread Group 1-36
2020-04-17 09:08:53,423 INFO o.a.j.t.JMeterThread: Thread finished: Thread Group 1-36
2020-04-17 09:08:53,468 INFO o.a.j.t.JMeterThread: Stopping because end time detected by thread: Thread Group 1-12
2020-04-17 09:08:53,468 INFO o.a.j.t.JMeterThread: Thread finished: Thread Group 1-12
2020-04-17 09:08:53,497 INFO o.a.j.t.JMeterThread: Stopping because end time detected by thread: Thread Group 1-17
2020-04-17 09:08:53,498 INFO o.a.j.t.JMeterThread: Thread finished: Thread Group 1-17
2020-04-17 09:08:53,500 INFO o.a.j.t.JMeterThread: Stopping because end time detected by thread: Thread Group 1-9
2020-04-17 09:08:53,500 INFO o.a.j.t.JMeterThread: Thread finished: Thread Group 1-9
2020-04-17 09:08:53,504 INFO o.a.j.t.JMeterThread: Stopping because end time detected by thread: Thread Group 1-39
2020-04-17 09:08:53,504 INFO o.a.j.t.JMeterThread: Thread finished: Thread Group 1-39
2020-04-17 09:08:53,524 INFO o.a.j.t.JMeterThread: Stopping because end time detected by thread: Thread Group 1-16
2020-04-17 09:08:53,525 INFO o.a.j.t.JMeterThread: Thread finished: Thread Group 1-16
2020-04-17 09:08:53,534 INFO o.a.j.t.JMeterThread: Stopping because end time detected by thread: Thread Group 1-24
2020-04-17 09:08:53,535 INFO o.a.j.t.JMeterThread: Thread finished: Thread Group 1-24
2020-04-17 09:08:53,536 INFO o.a.j.t.JMeterThread: Stopping because end time detected by thread: Thread Group 1-4
2020-04-17 09:08:53,536 INFO o.a.j.t.JMeterThread: Thread finished: Thread Group 1-4
2020-04-17 09:08:53,537 INFO o.a.j.t.JMeterThread: Stopping because end time detected by thread: Thread Group 1-26
2020-04-17 09:08:53,540 INFO o.a.j.t.JMeterThread: Stopping because end time detected by thread: Thread Group 1-22
2020-04-17 09:08:53,540 INFO o.a.j.t.JMeterThread: Thread finished: Thread Group 1-26
2020-04-17 09:08:53,541 INFO o.a.j.t.JMeterThread: Thread finished: Thread Group 1-22
2020-04-17 09:08:53,558 INFO o.a.j.t.JMeterThread: Stopping because end time detected by thread: Thread Group 1-25
2020-04-17 09:08:53,559 INFO o.a.j.t.JMeterThread: Thread finished: Thread Group 1-25
2020-04-17 09:08:53,570 INFO o.a.j.t.JMeterThread: Stopping because end time detected by thread: Thread Group 1-32
2020-04-17 09:08:53,571 INFO o.a.j.t.JMeterThread: Thread finished: Thread Group 1-32
2020-04-17 09:08:53,609 INFO o.a.j.t.JMeterThread: Stopping because end time detected by thread: Thread Group 1-35
2020-04-17 09:08:53,610 INFO o.a.j.t.JMeterThread: Thread finished: Thread Group 1-35
2020-04-17 09:08:53,628 INFO o.a.j.t.JMeterThread: Stopping because end time detected by thread: Thread Group 1-34
2020-04-17 09:08:53,628 INFO o.a.j.t.JMeterThread: Thread finished: Thread Group 1-34
2020-04-17 09:08:53,659 INFO o.a.j.t.JMeterThread: Stopping because end time detected by thread: Thread Group 1-5
2020-04-17 09:08:53,659 INFO o.a.j.t.JMeterThread: Thread finished: Thread Group 1-5
2020-04-17 09:08:53,666 INFO o.a.j.t.JMeterThread: Stopping because end time detected by thread: Thread Group 1-1
2020-04-17 09:08:53,666 INFO o.a.j.t.JMeterThread: Thread finished: Thread Group 1-1
2020-04-17 09:08:53,681 INFO o.a.j.t.JMeterThread: Stopping because end time detected by thread: Thread Group 1-37
2020-04-17 09:08:53,682 INFO o.a.j.t.JMeterThread: Thread finished: Thread Group 1-37
2020-04-17 09:08:53,689 INFO o.a.j.t.JMeterThread: Stopping because end time detected by thread: Thread Group 1-8
2020-04-17 09:08:53,689 INFO o.a.j.t.JMeterThread: Stopping because end time detected by thread: Thread Group 1-28
2020-04-17 09:08:53,690 INFO o.a.j.t.JMeterThread: Thread finished: Thread Group 1-8
2020-04-17 09:08:53,689 INFO o.a.j.t.JMeterThread: Stopping because end time detected by thread: Thread Group 1-29
2020-04-17 09:08:53,691 INFO o.a.j.t.JMeterThread: Thread finished: Thread Group 1-29
2020-04-17 09:08:53,691 INFO o.a.j.t.JMeterThread: Thread finished: Thread Group 1-28
2020-04-17 09:08:53,702 INFO o.a.j.t.JMeterThread: Stopping because end time detected by thread: Thread Group 1-23
2020-04-17 09:08:53,703 INFO o.a.j.t.JMeterThread: Stopping because end time detected by thread: Thread Group 1-3
2020-04-17 09:08:53,703 INFO o.a.j.t.JMeterThread: Thread finished: Thread Group 1-3
2020-04-17 09:08:53,703 INFO o.a.j.t.JMeterThread: Thread finished: Thread Group 1-23
2020-04-17 09:08:53,703 INFO o.a.j.t.JMeterThread: Stopping because end time detected by thread: Thread Group 1-7
2020-04-17 09:08:53,705 INFO o.a.j.t.JMeterThread: Thread finished: Thread Group 1-7
2020-04-17 09:08:53,705 INFO o.a.j.t.JMeterThread: Stopping because end time detected by thread: Thread Group 1-11
2020-04-17 09:08:53,705 INFO o.a.j.t.JMeterThread: Stopping because end time detected by thread: Thread Group 1-19
2020-04-17 09:08:53,705 INFO o.a.j.t.JMeterThread: Thread finished: Thread Group 1-19
2020-04-17 09:08:53,705 INFO o.a.j.t.JMeterThread: Thread finished: Thread Group 1-11
2020-04-17 09:08:53,707 INFO o.a.j.t.JMeterThread: Stopping because end time detected by thread: Thread Group 1-27
2020-04-17 09:08:53,708 INFO o.a.j.t.JMeterThread: Thread finished: Thread Group 1-27
2020-04-17 09:08:53,709 INFO o.a.j.t.JMeterThread: Stopping because end time detected by thread: Thread Group 1-30
2020-04-17 09:08:53,709 INFO o.a.j.t.JMeterThread: Thread finished: Thread Group 1-30
2020-04-17 09:08:53,724 INFO o.a.j.t.JMeterThread: Stopping because end time detected by thread: Thread Group 1-40
2020-04-17 09:08:53,724 INFO o.a.j.t.JMeterThread: Stopping because end time detected by thread: Thread Group 1-38
2020-04-17 09:08:53,725 INFO o.a.j.t.JMeterThread: Thread finished: Thread Group 1-38
2020-04-17 09:08:53,725 INFO o.a.j.t.JMeterThread: Thread finished: Thread Group 1-40
2020-04-17 09:08:53,725 INFO o.a.j.e.StandardJMeterEngine: Notifying test listeners of end of test
2020-04-17 09:08:53,727 INFO o.a.j.r.Summariser: summary +   3415 in 00:00:24 =  143.9/s Avg:   279 Min:    21 Max:  1694 Err:     0 (0.00%) Active: 0 Started: 40 Finished: 40
2020-04-17 09:08:53,728 INFO o.a.j.r.Summariser: summary =  86624 in 00:10:16 =  140.7/s Avg:   280 Min:    18 Max:  3420 Err:     0 (0.00%)
