2020-04-17 09:19:21,703 INFO o.a.j.u.JMeterUtils: Setting Locale to en_US
2020-04-17 09:19:21,741 INFO o.a.j.JMeter: Loading user properties from: /home/pablo/jmeter/bin/user.properties
2020-04-17 09:19:21,743 INFO o.a.j.JMeter: Loading system properties from: /home/pablo/jmeter/bin/system.properties
2020-04-17 09:19:21,744 INFO o.a.j.JMeter: Setting System property: HILOS=160
2020-04-17 09:19:21,744 INFO o.a.j.JMeter: Setting System property: SUBIDA=25
2020-04-17 09:19:21,744 INFO o.a.j.JMeter: Setting System property: DURACION=625
2020-04-17 09:19:21,745 INFO o.a.j.JMeter: Setting System property: FILE=scriptresultsPerfmon160.jtl
2020-04-17 09:19:21,747 INFO o.a.j.JMeter: Copyright (c) 1998-2019 The Apache Software Foundation
2020-04-17 09:19:21,747 INFO o.a.j.JMeter: Version 5.2.1
2020-04-17 09:19:21,748 INFO o.a.j.JMeter: java.version=1.8.0_201
2020-04-17 09:19:21,748 INFO o.a.j.JMeter: java.vm.name=Java HotSpot(TM) 64-Bit Server VM
2020-04-17 09:19:21,748 INFO o.a.j.JMeter: os.name=Linux
2020-04-17 09:19:21,748 INFO o.a.j.JMeter: os.arch=amd64
2020-04-17 09:19:21,749 INFO o.a.j.JMeter: os.version=4.15.0-96-generic
2020-04-17 09:19:21,749 INFO o.a.j.JMeter: file.encoding=UTF-8
2020-04-17 09:19:21,749 INFO o.a.j.JMeter: java.awt.headless=true
2020-04-17 09:19:21,750 INFO o.a.j.JMeter: Max memory     =732954624
2020-04-17 09:19:21,750 INFO o.a.j.JMeter: Available Processors =4
2020-04-17 09:19:21,759 INFO o.a.j.JMeter: Default Locale=English (United States)
2020-04-17 09:19:21,760 INFO o.a.j.JMeter: JMeter  Locale=English (United States)
2020-04-17 09:19:21,760 INFO o.a.j.JMeter: JMeterHome=/home/pablo/jmeter
2020-04-17 09:19:21,761 INFO o.a.j.JMeter: user.dir  =/home/pablo/jmeter/bin/EJECUCIONES/P3
2020-04-17 09:19:21,761 INFO o.a.j.JMeter: PWD       =/home/pablo/jmeter/bin/EJECUCIONES/P3
2020-04-17 09:19:21,762 INFO o.a.j.JMeter: IP: 127.0.1.1 Name: hylianpablo FullName: hylianpablo
2020-04-17 09:19:21,772 INFO o.a.j.s.FileServer: Default base='/home/pablo/jmeter/bin/EJECUCIONES/P3'
2020-04-17 09:19:21,786 INFO o.a.j.s.FileServer: Set new base='/home/pablo/jmeter/bin/EJECUCIONES/P3/..'
2020-04-17 09:19:22,105 INFO o.a.j.s.SaveService: Testplan (JMX) version: 2.2. Testlog (JTL) version: 2.2
2020-04-17 09:19:22,136 INFO o.a.j.s.SaveService: Using SaveService properties file encoding UTF-8
2020-04-17 09:19:22,150 INFO o.a.j.s.SaveService: Using SaveService properties version 5.0
2020-04-17 09:19:22,170 INFO o.a.j.s.SaveService: Loading file: ../RecordP3.jmx
2020-04-17 09:19:22,252 INFO o.a.j.p.h.c.CookieManager: Settings: Delete null: true Check: true Allow variable: true Save: false Prefix: COOKIE_
2020-04-17 09:19:22,309 INFO o.a.j.p.h.s.HTTPSamplerBase: Parser for text/html is org.apache.jmeter.protocol.http.parser.LagartoBasedHtmlParser
2020-04-17 09:19:22,309 INFO o.a.j.p.h.s.HTTPSamplerBase: Parser for application/xhtml+xml is org.apache.jmeter.protocol.http.parser.LagartoBasedHtmlParser
2020-04-17 09:19:22,309 INFO o.a.j.p.h.s.HTTPSamplerBase: Parser for application/xml is org.apache.jmeter.protocol.http.parser.LagartoBasedHtmlParser
2020-04-17 09:19:22,310 INFO o.a.j.p.h.s.HTTPSamplerBase: Parser for text/xml is org.apache.jmeter.protocol.http.parser.LagartoBasedHtmlParser
2020-04-17 09:19:22,310 INFO o.a.j.p.h.s.HTTPSamplerBase: Parser for text/vnd.wap.wml is org.apache.jmeter.protocol.http.parser.RegexpHTMLParser
2020-04-17 09:19:22,310 INFO o.a.j.p.h.s.HTTPSamplerBase: Parser for text/css is org.apache.jmeter.protocol.http.parser.CssParser
2020-04-17 09:19:22,709 INFO o.a.j.e.KeyToolUtils: keytool found at 'keytool'
2020-04-17 09:19:22,710 INFO o.a.j.p.h.p.ProxyControl: HTTP(S) Test Script Recorder SSL Proxy will use keys that support embedded 3rd party resources in file /home/pablo/jmeter/bin/proxyserver.jks
2020-04-17 09:19:22,799 INFO o.a.j.JMeter: Creating summariser <summary>
2020-04-17 09:19:22,812 INFO o.a.j.e.StandardJMeterEngine: Running the test!
2020-04-17 09:19:22,814 INFO o.a.j.s.SampleEvent: List of sample_variables: []
2020-04-17 09:19:22,814 INFO o.a.j.s.SampleEvent: List of sample_variables: []
2020-04-17 09:19:22,825 INFO o.a.j.e.u.CompoundVariable: Note: Function class names must contain the string: '.functions.'
2020-04-17 09:19:22,826 INFO o.a.j.e.u.CompoundVariable: Note: Function class names must not contain the string: '.gui.'
2020-04-17 09:19:23,744 INFO o.a.j.JMeter: Running test (1587107963743)
2020-04-17 09:19:23,821 INFO o.a.j.e.StandardJMeterEngine: Starting ThreadGroup: 1 : Thread Group
2020-04-17 09:19:23,821 INFO o.a.j.e.StandardJMeterEngine: Starting 160 threads for group Thread Group.
2020-04-17 09:19:23,830 INFO o.a.j.e.StandardJMeterEngine: Thread will continue on error
2020-04-17 09:19:23,831 INFO o.a.j.t.ThreadGroup: Starting thread group... number=1 threads=160 ramp-up=25 delayedStart=false
2020-04-17 09:19:23,856 INFO o.a.j.s.SampleResult: Note: Sample TimeStamps are START times
2020-04-17 09:19:23,857 INFO o.a.j.s.SampleResult: sampleresult.default.encoding is set to ISO-8859-1
2020-04-17 09:19:23,857 INFO o.a.j.s.SampleResult: sampleresult.useNanoTime=true
2020-04-17 09:19:23,857 INFO o.a.j.s.SampleResult: sampleresult.nanoThreadSleep=5000
2020-04-17 09:19:23,862 INFO o.a.j.t.JMeterThread: Thread started: Thread Group 1-1
2020-04-17 09:19:23,929 INFO o.a.j.p.h.s.HTTPHCAbstractImpl: Local host = hylianpablo
2020-04-17 09:19:23,958 INFO o.a.j.p.h.s.HTTPHC4Impl: HTTP request retry count = 0
2020-04-17 09:19:24,009 INFO o.a.j.t.JMeterThread: Thread started: Thread Group 1-2
2020-04-17 09:19:24,154 INFO o.a.j.t.JMeterThread: Thread started: Thread Group 1-3
2020-04-17 09:19:24,308 INFO o.a.j.t.JMeterThread: Thread started: Thread Group 1-4
2020-04-17 09:19:24,339 INFO o.a.j.t.ThreadGroup: Started thread group number 1
2020-04-17 09:19:24,339 INFO o.a.j.e.StandardJMeterEngine: All thread groups have been started
2020-04-17 09:19:24,462 INFO o.a.j.t.JMeterThread: Thread started: Thread Group 1-5
2020-04-17 09:19:24,624 INFO o.a.j.t.JMeterThread: Thread started: Thread Group 1-6
2020-04-17 09:19:24,780 INFO o.a.j.t.JMeterThread: Thread started: Thread Group 1-7
2020-04-17 09:19:24,940 INFO o.a.j.t.JMeterThread: Thread started: Thread Group 1-8
2020-04-17 09:19:25,091 INFO o.a.j.t.JMeterThread: Thread started: Thread Group 1-9
2020-04-17 09:19:25,246 INFO o.a.j.t.JMeterThread: Thread started: Thread Group 1-10
2020-04-17 09:19:25,405 INFO o.a.j.t.JMeterThread: Thread started: Thread Group 1-11
2020-04-17 09:19:25,856 INFO o.a.j.t.JMeterThread: Thread started: Thread Group 1-13
2020-04-17 09:19:25,872 INFO o.a.j.t.JMeterThread: Thread started: Thread Group 1-12
2020-04-17 09:19:25,894 INFO o.a.j.t.JMeterThread: Thread started: Thread Group 1-14
2020-04-17 09:19:26,043 INFO o.a.j.t.JMeterThread: Thread started: Thread Group 1-15
2020-04-17 09:19:26,195 INFO o.a.j.t.JMeterThread: Thread started: Thread Group 1-16
2020-04-17 09:19:26,341 INFO o.a.j.t.JMeterThread: Thread started: Thread Group 1-17
2020-04-17 09:19:26,493 INFO o.a.j.t.JMeterThread: Thread started: Thread Group 1-18
2020-04-17 09:19:26,675 INFO o.a.j.t.JMeterThread: Thread started: Thread Group 1-19
2020-04-17 09:19:26,820 INFO o.a.j.t.JMeterThread: Thread started: Thread Group 1-20
2020-04-17 09:19:26,972 INFO o.a.j.t.JMeterThread: Thread started: Thread Group 1-21
2020-04-17 09:19:27,129 INFO o.a.j.t.JMeterThread: Thread started: Thread Group 1-22
2020-04-17 09:19:27,276 INFO o.a.j.t.JMeterThread: Thread started: Thread Group 1-23
2020-04-17 09:19:27,432 INFO o.a.j.t.JMeterThread: Thread started: Thread Group 1-24
2020-04-17 09:19:27,587 INFO o.a.j.t.JMeterThread: Thread started: Thread Group 1-25
2020-04-17 09:19:27,740 INFO o.a.j.t.JMeterThread: Thread started: Thread Group 1-26
2020-04-17 09:19:27,895 INFO o.a.j.t.JMeterThread: Thread started: Thread Group 1-27
2020-04-17 09:19:28,050 INFO o.a.j.t.JMeterThread: Thread started: Thread Group 1-28
2020-04-17 09:19:28,208 INFO o.a.j.t.JMeterThread: Thread started: Thread Group 1-29
2020-04-17 09:19:28,359 INFO o.a.j.t.JMeterThread: Thread started: Thread Group 1-30
2020-04-17 09:19:28,515 INFO o.a.j.t.JMeterThread: Thread started: Thread Group 1-31
2020-04-17 09:19:28,671 INFO o.a.j.t.JMeterThread: Thread started: Thread Group 1-32
2020-04-17 09:19:28,831 INFO o.a.j.t.JMeterThread: Thread started: Thread Group 1-33
2020-04-17 09:19:28,983 INFO o.a.j.t.JMeterThread: Thread started: Thread Group 1-34
2020-04-17 09:19:29,143 INFO o.a.j.t.JMeterThread: Thread started: Thread Group 1-35
2020-04-17 09:19:29,304 INFO o.a.j.t.JMeterThread: Thread started: Thread Group 1-36
2020-04-17 09:19:29,463 INFO o.a.j.t.JMeterThread: Thread started: Thread Group 1-37
2020-04-17 09:19:29,608 INFO o.a.j.t.JMeterThread: Thread started: Thread Group 1-38
2020-04-17 09:19:29,771 INFO o.a.j.t.JMeterThread: Thread started: Thread Group 1-39
2020-04-17 09:19:29,921 INFO o.a.j.t.JMeterThread: Thread started: Thread Group 1-40
2020-04-17 09:19:30,080 INFO o.a.j.t.JMeterThread: Thread started: Thread Group 1-41
2020-04-17 09:19:30,232 INFO o.a.j.t.JMeterThread: Thread started: Thread Group 1-42
2020-04-17 09:19:30,388 INFO o.a.j.t.JMeterThread: Thread started: Thread Group 1-43
2020-04-17 09:19:30,543 INFO o.a.j.r.Summariser: summary +    625 in 00:00:07 =   91.9/s Avg:   166 Min:    20 Max:  1486 Err:     0 (0.00%) Active: 43 Started: 43 Finished: 0
2020-04-17 09:19:30,544 INFO o.a.j.t.JMeterThread: Thread started: Thread Group 1-44
2020-04-17 09:19:30,706 INFO o.a.j.t.JMeterThread: Thread started: Thread Group 1-45
2020-04-17 09:19:30,863 INFO o.a.j.t.JMeterThread: Thread started: Thread Group 1-46
2020-04-17 09:19:31,019 INFO o.a.j.t.JMeterThread: Thread started: Thread Group 1-47
2020-04-17 09:19:31,167 INFO o.a.j.t.JMeterThread: Thread started: Thread Group 1-48
2020-04-17 09:19:31,325 INFO o.a.j.t.JMeterThread: Thread started: Thread Group 1-49
2020-04-17 09:19:31,481 INFO o.a.j.t.JMeterThread: Thread started: Thread Group 1-50
2020-04-17 09:19:31,639 INFO o.a.j.t.JMeterThread: Thread started: Thread Group 1-51
2020-04-17 09:19:31,792 INFO o.a.j.t.JMeterThread: Thread started: Thread Group 1-52
2020-04-17 09:19:31,947 INFO o.a.j.t.JMeterThread: Thread started: Thread Group 1-53
2020-04-17 09:19:32,105 INFO o.a.j.t.JMeterThread: Thread started: Thread Group 1-54
2020-04-17 09:19:32,259 INFO o.a.j.t.JMeterThread: Thread started: Thread Group 1-55
2020-04-17 09:19:32,417 INFO o.a.j.t.JMeterThread: Thread started: Thread Group 1-56
2020-04-17 09:19:32,575 INFO o.a.j.t.JMeterThread: Thread started: Thread Group 1-57
2020-04-17 09:19:32,737 INFO o.a.j.t.JMeterThread: Thread started: Thread Group 1-58
2020-04-17 09:19:32,891 INFO o.a.j.t.JMeterThread: Thread started: Thread Group 1-59
2020-04-17 09:19:33,040 INFO o.a.j.t.JMeterThread: Thread started: Thread Group 1-60
2020-04-17 09:19:33,196 INFO o.a.j.t.JMeterThread: Thread started: Thread Group 1-61
2020-04-17 09:19:33,351 INFO o.a.j.t.JMeterThread: Thread started: Thread Group 1-62
2020-04-17 09:19:33,509 INFO o.a.j.t.JMeterThread: Thread started: Thread Group 1-63
2020-04-17 09:19:33,668 INFO o.a.j.t.JMeterThread: Thread started: Thread Group 1-64
2020-04-17 09:19:33,821 INFO o.a.j.t.JMeterThread: Thread started: Thread Group 1-65
2020-04-17 09:19:33,976 INFO o.a.j.t.JMeterThread: Thread started: Thread Group 1-66
2020-04-17 09:19:34,130 INFO o.a.j.t.JMeterThread: Thread started: Thread Group 1-67
2020-04-17 09:19:34,285 INFO o.a.j.t.JMeterThread: Thread started: Thread Group 1-68
2020-04-17 09:19:34,441 INFO o.a.j.t.JMeterThread: Thread started: Thread Group 1-69
2020-04-17 09:19:34,597 INFO o.a.j.t.JMeterThread: Thread started: Thread Group 1-70
2020-04-17 09:19:34,755 INFO o.a.j.t.JMeterThread: Thread started: Thread Group 1-71
2020-04-17 09:19:34,910 INFO o.a.j.t.JMeterThread: Thread started: Thread Group 1-72
2020-04-17 09:19:35,067 INFO o.a.j.t.JMeterThread: Thread started: Thread Group 1-73
2020-04-17 09:19:35,222 INFO o.a.j.t.JMeterThread: Thread started: Thread Group 1-74
2020-04-17 09:19:35,382 INFO o.a.j.t.JMeterThread: Thread started: Thread Group 1-75
2020-04-17 09:19:35,533 INFO o.a.j.t.JMeterThread: Thread started: Thread Group 1-76
2020-04-17 09:19:35,688 INFO o.a.j.t.JMeterThread: Thread started: Thread Group 1-77
2020-04-17 09:19:35,844 INFO o.a.j.t.JMeterThread: Thread started: Thread Group 1-78
2020-04-17 09:19:36,000 INFO o.a.j.t.JMeterThread: Thread started: Thread Group 1-79
2020-04-17 09:19:36,160 INFO o.a.j.t.JMeterThread: Thread started: Thread Group 1-80
2020-04-17 09:19:36,320 INFO o.a.j.t.JMeterThread: Thread started: Thread Group 1-81
2020-04-17 09:19:36,471 INFO o.a.j.t.JMeterThread: Thread started: Thread Group 1-82
2020-04-17 09:19:36,627 INFO o.a.j.t.JMeterThread: Thread started: Thread Group 1-83
2020-04-17 09:19:36,785 INFO o.a.j.t.JMeterThread: Thread started: Thread Group 1-84
2020-04-17 09:19:36,949 INFO o.a.j.t.JMeterThread: Thread started: Thread Group 1-85
2020-04-17 09:19:37,099 INFO o.a.j.t.JMeterThread: Thread started: Thread Group 1-86
2020-04-17 09:19:37,250 INFO o.a.j.t.JMeterThread: Thread started: Thread Group 1-87
2020-04-17 09:19:37,407 INFO o.a.j.t.JMeterThread: Thread started: Thread Group 1-88
2020-04-17 09:19:37,562 INFO o.a.j.t.JMeterThread: Thread started: Thread Group 1-89
2020-04-17 09:19:37,717 INFO o.a.j.t.JMeterThread: Thread started: Thread Group 1-90
2020-04-17 09:19:37,872 INFO o.a.j.t.JMeterThread: Thread started: Thread Group 1-91
2020-04-17 09:19:38,030 INFO o.a.j.t.JMeterThread: Thread started: Thread Group 1-92
2020-04-17 09:19:38,185 INFO o.a.j.t.JMeterThread: Thread started: Thread Group 1-93
2020-04-17 09:19:38,341 INFO o.a.j.t.JMeterThread: Thread started: Thread Group 1-94
2020-04-17 09:19:38,497 INFO o.a.j.t.JMeterThread: Thread started: Thread Group 1-95
2020-04-17 09:19:38,654 INFO o.a.j.t.JMeterThread: Thread started: Thread Group 1-96
2020-04-17 09:19:38,810 INFO o.a.j.t.JMeterThread: Thread started: Thread Group 1-97
2020-04-17 09:19:39,067 INFO o.a.j.t.JMeterThread: Thread started: Thread Group 1-98
2020-04-17 09:19:39,122 INFO o.a.j.t.JMeterThread: Thread started: Thread Group 1-99
2020-04-17 09:19:39,282 INFO o.a.j.t.JMeterThread: Thread started: Thread Group 1-100
2020-04-17 09:19:39,437 INFO o.a.j.t.JMeterThread: Thread started: Thread Group 1-101
2020-04-17 09:19:39,593 INFO o.a.j.t.JMeterThread: Thread started: Thread Group 1-102
2020-04-17 09:19:39,745 INFO o.a.j.t.JMeterThread: Thread started: Thread Group 1-103
2020-04-17 09:19:39,902 INFO o.a.j.t.JMeterThread: Thread started: Thread Group 1-104
2020-04-17 09:19:40,059 INFO o.a.j.t.JMeterThread: Thread started: Thread Group 1-105
2020-04-17 09:19:40,239 INFO o.a.j.t.JMeterThread: Thread started: Thread Group 1-106
2020-04-17 09:19:40,395 INFO o.a.j.t.JMeterThread: Thread started: Thread Group 1-107
2020-04-17 09:19:40,525 INFO o.a.j.t.JMeterThread: Thread started: Thread Group 1-108
2020-04-17 09:19:40,691 INFO o.a.j.t.JMeterThread: Thread started: Thread Group 1-109
2020-04-17 09:19:40,847 INFO o.a.j.t.JMeterThread: Thread started: Thread Group 1-110
2020-04-17 09:19:41,000 INFO o.a.j.t.JMeterThread: Thread started: Thread Group 1-111
2020-04-17 09:19:41,150 INFO o.a.j.t.JMeterThread: Thread started: Thread Group 1-112
2020-04-17 09:19:41,309 INFO o.a.j.t.JMeterThread: Thread started: Thread Group 1-113
2020-04-17 09:19:41,555 INFO o.a.j.t.JMeterThread: Thread started: Thread Group 1-114
2020-04-17 09:19:41,617 INFO o.a.j.t.JMeterThread: Thread started: Thread Group 1-115
2020-04-17 09:19:41,773 INFO o.a.j.t.JMeterThread: Thread started: Thread Group 1-116
2020-04-17 09:19:41,929 INFO o.a.j.t.JMeterThread: Thread started: Thread Group 1-117
2020-04-17 09:19:42,084 INFO o.a.j.t.JMeterThread: Thread started: Thread Group 1-118
2020-04-17 09:19:42,241 INFO o.a.j.t.JMeterThread: Thread started: Thread Group 1-119
2020-04-17 09:19:42,399 INFO o.a.j.t.JMeterThread: Thread started: Thread Group 1-120
2020-04-17 09:19:42,556 INFO o.a.j.t.JMeterThread: Thread started: Thread Group 1-121
2020-04-17 09:19:42,711 INFO o.a.j.t.JMeterThread: Thread started: Thread Group 1-122
2020-04-17 09:19:42,867 INFO o.a.j.t.JMeterThread: Thread started: Thread Group 1-123
2020-04-17 09:19:43,023 INFO o.a.j.t.JMeterThread: Thread started: Thread Group 1-124
2020-04-17 09:19:43,178 INFO o.a.j.t.JMeterThread: Thread started: Thread Group 1-125
2020-04-17 09:19:43,338 INFO o.a.j.t.JMeterThread: Thread started: Thread Group 1-126
2020-04-17 09:19:43,493 INFO o.a.j.t.JMeterThread: Thread started: Thread Group 1-127
2020-04-17 09:19:43,668 INFO o.a.j.t.JMeterThread: Thread started: Thread Group 1-128
2020-04-17 09:19:43,803 INFO o.a.j.t.JMeterThread: Thread started: Thread Group 1-129
2020-04-17 09:19:43,956 INFO o.a.j.t.JMeterThread: Thread started: Thread Group 1-130
2020-04-17 09:19:44,113 INFO o.a.j.t.JMeterThread: Thread started: Thread Group 1-131
2020-04-17 09:19:44,271 INFO o.a.j.t.JMeterThread: Thread started: Thread Group 1-132
2020-04-17 09:19:44,426 INFO o.a.j.t.JMeterThread: Thread started: Thread Group 1-133
2020-04-17 09:19:44,583 INFO o.a.j.t.JMeterThread: Thread started: Thread Group 1-134
2020-04-17 09:19:44,736 INFO o.a.j.t.JMeterThread: Thread started: Thread Group 1-135
2020-04-17 09:19:44,893 INFO o.a.j.t.JMeterThread: Thread started: Thread Group 1-136
2020-04-17 09:19:45,218 INFO o.a.j.t.JMeterThread: Thread started: Thread Group 1-138
2020-04-17 09:19:45,236 INFO o.a.j.t.JMeterThread: Thread started: Thread Group 1-137
2020-04-17 09:19:45,365 INFO o.a.j.t.JMeterThread: Thread started: Thread Group 1-139
2020-04-17 09:19:45,517 INFO o.a.j.t.JMeterThread: Thread started: Thread Group 1-140
2020-04-17 09:19:45,674 INFO o.a.j.t.JMeterThread: Thread started: Thread Group 1-141
2020-04-17 09:19:45,831 INFO o.a.j.t.JMeterThread: Thread started: Thread Group 1-142
2020-04-17 09:19:45,985 INFO o.a.j.t.JMeterThread: Thread started: Thread Group 1-143
2020-04-17 09:19:46,144 INFO o.a.j.t.JMeterThread: Thread started: Thread Group 1-144
2020-04-17 09:19:46,299 INFO o.a.j.t.JMeterThread: Thread started: Thread Group 1-145
2020-04-17 09:19:46,455 INFO o.a.j.t.JMeterThread: Thread started: Thread Group 1-146
2020-04-17 09:19:46,610 INFO o.a.j.t.JMeterThread: Thread started: Thread Group 1-147
2020-04-17 09:19:46,768 INFO o.a.j.t.JMeterThread: Thread started: Thread Group 1-148
2020-04-17 09:19:46,921 INFO o.a.j.t.JMeterThread: Thread started: Thread Group 1-149
2020-04-17 09:19:47,080 INFO o.a.j.t.JMeterThread: Thread started: Thread Group 1-150
2020-04-17 09:19:47,239 INFO o.a.j.t.JMeterThread: Thread started: Thread Group 1-151
2020-04-17 09:19:47,398 INFO o.a.j.t.JMeterThread: Thread started: Thread Group 1-152
2020-04-17 09:19:47,545 INFO o.a.j.t.JMeterThread: Thread started: Thread Group 1-153
2020-04-17 09:19:47,700 INFO o.a.j.t.JMeterThread: Thread started: Thread Group 1-154
2020-04-17 09:19:47,856 INFO o.a.j.t.JMeterThread: Thread started: Thread Group 1-155
2020-04-17 09:19:48,013 INFO o.a.j.t.JMeterThread: Thread started: Thread Group 1-156
2020-04-17 09:19:48,169 INFO o.a.j.t.JMeterThread: Thread started: Thread Group 1-157
2020-04-17 09:19:48,329 INFO o.a.j.t.JMeterThread: Thread started: Thread Group 1-158
2020-04-17 09:19:48,481 INFO o.a.j.t.JMeterThread: Thread started: Thread Group 1-159
2020-04-17 09:19:48,667 INFO o.a.j.t.JMeterThread: Thread started: Thread Group 1-160
2020-04-17 09:20:00,024 INFO o.a.j.r.Summariser: summary +   3738 in 00:00:29 =  126.8/s Avg:   939 Min:    23 Max:  6472 Err:     0 (0.00%) Active: 160 Started: 160 Finished: 0
2020-04-17 09:20:00,025 INFO o.a.j.r.Summariser: summary =   4363 in 00:00:36 =  120.3/s Avg:   828 Min:    20 Max:  6472 Err:     0 (0.00%)
2020-04-17 09:20:30,021 INFO o.a.j.r.Summariser: summary +   3724 in 00:00:30 =  124.1/s Avg:  1259 Min:    23 Max: 14195 Err:     0 (0.00%) Active: 160 Started: 160 Finished: 0
2020-04-17 09:20:30,023 INFO o.a.j.r.Summariser: summary =   8087 in 00:01:06 =  122.0/s Avg:  1026 Min:    20 Max: 14195 Err:     0 (0.00%)
2020-04-17 09:21:00,011 INFO o.a.j.r.Summariser: summary +   4105 in 00:00:30 =  136.9/s Avg:  1183 Min:    24 Max:  6674 Err:     0 (0.00%) Active: 160 Started: 160 Finished: 0
2020-04-17 09:21:00,011 INFO o.a.j.r.Summariser: summary =  12192 in 00:01:36 =  126.6/s Avg:  1079 Min:    20 Max: 14195 Err:     0 (0.00%)
2020-04-17 09:21:30,003 INFO o.a.j.r.Summariser: summary +   3955 in 00:00:30 =  131.9/s Avg:  1232 Min:    20 Max: 54557 Err:     0 (0.00%) Active: 160 Started: 160 Finished: 0
2020-04-17 09:21:30,004 INFO o.a.j.r.Summariser: summary =  16147 in 00:02:06 =  127.9/s Avg:  1117 Min:    20 Max: 54557 Err:     0 (0.00%)
2020-04-17 09:22:00,004 INFO o.a.j.r.Summariser: summary +   4160 in 00:00:30 =  138.7/s Avg:  1127 Min:    20 Max:  6820 Err:     0 (0.00%) Active: 160 Started: 160 Finished: 0
2020-04-17 09:22:00,005 INFO o.a.j.r.Summariser: summary =  20307 in 00:02:36 =  130.0/s Avg:  1119 Min:    20 Max: 54557 Err:     0 (0.00%)
2020-04-17 09:22:30,006 INFO o.a.j.r.Summariser: summary +   4080 in 00:00:30 =  136.0/s Avg:  1174 Min:    22 Max:  7236 Err:     0 (0.00%) Active: 160 Started: 160 Finished: 0
2020-04-17 09:22:30,007 INFO o.a.j.r.Summariser: summary =  24387 in 00:03:06 =  130.9/s Avg:  1128 Min:    20 Max: 54557 Err:     0 (0.00%)
2020-04-17 09:23:00,004 INFO o.a.j.r.Summariser: summary +   3874 in 00:00:30 =  129.1/s Avg:  1270 Min:    25 Max:  7421 Err:     0 (0.00%) Active: 160 Started: 160 Finished: 0
2020-04-17 09:23:00,004 INFO o.a.j.r.Summariser: summary =  28261 in 00:03:36 =  130.7/s Avg:  1147 Min:    20 Max: 54557 Err:     0 (0.00%)
2020-04-17 09:23:30,020 INFO o.a.j.r.Summariser: summary +   4178 in 00:00:30 =  139.2/s Avg:  1153 Min:    24 Max:  6809 Err:     0 (0.00%) Active: 160 Started: 160 Finished: 0
2020-04-17 09:23:30,020 INFO o.a.j.r.Summariser: summary =  32439 in 00:04:06 =  131.7/s Avg:  1148 Min:    20 Max: 54557 Err:     0 (0.00%)
2020-04-17 09:24:00,001 INFO o.a.j.r.Summariser: summary +   4064 in 00:00:30 =  135.6/s Avg:  1157 Min:    25 Max:  6214 Err:     0 (0.00%) Active: 160 Started: 160 Finished: 0
2020-04-17 09:24:00,001 INFO o.a.j.r.Summariser: summary =  36503 in 00:04:36 =  132.1/s Avg:  1149 Min:    20 Max: 54557 Err:     0 (0.00%)
2020-04-17 09:24:30,019 INFO o.a.j.r.Summariser: summary +   3855 in 00:00:30 =  128.4/s Avg:  1216 Min:    26 Max:  6156 Err:     0 (0.00%) Active: 160 Started: 160 Finished: 0
2020-04-17 09:24:30,020 INFO o.a.j.r.Summariser: summary =  40358 in 00:05:06 =  131.8/s Avg:  1156 Min:    20 Max: 54557 Err:     0 (0.00%)
2020-04-17 09:25:00,047 INFO o.a.j.r.Summariser: summary +   4049 in 00:00:30 =  134.8/s Avg:  1200 Min:    23 Max:  8218 Err:     0 (0.00%) Active: 160 Started: 160 Finished: 0
2020-04-17 09:25:00,048 INFO o.a.j.r.Summariser: summary =  44407 in 00:05:36 =  132.0/s Avg:  1160 Min:    20 Max: 54557 Err:     0 (0.00%)
2020-04-17 09:25:30,051 INFO o.a.j.r.Summariser: summary +   4041 in 00:00:30 =  134.7/s Avg:  1198 Min:    19 Max:  6874 Err:     0 (0.00%) Active: 160 Started: 160 Finished: 0
2020-04-17 09:25:30,051 INFO o.a.j.r.Summariser: summary =  48448 in 00:06:06 =  132.3/s Avg:  1163 Min:    19 Max: 54557 Err:     0 (0.00%)
2020-04-17 09:26:00,002 INFO o.a.j.r.Summariser: summary +   3986 in 00:00:30 =  133.1/s Avg:  1196 Min:    19 Max:  6790 Err:     0 (0.00%) Active: 160 Started: 160 Finished: 0
2020-04-17 09:26:00,003 INFO o.a.j.r.Summariser: summary =  52434 in 00:06:36 =  132.3/s Avg:  1165 Min:    19 Max: 54557 Err:     0 (0.00%)
2020-04-17 09:26:30,004 INFO o.a.j.r.Summariser: summary +   4072 in 00:00:30 =  135.7/s Avg:  1181 Min:    20 Max:  6674 Err:     0 (0.00%) Active: 160 Started: 160 Finished: 0
2020-04-17 09:26:30,005 INFO o.a.j.r.Summariser: summary =  56506 in 00:07:06 =  132.6/s Avg:  1166 Min:    19 Max: 54557 Err:     0 (0.00%)
2020-04-17 09:27:00,009 INFO o.a.j.r.Summariser: summary +   4077 in 00:00:30 =  135.9/s Avg:  1152 Min:    21 Max:  7113 Err:     0 (0.00%) Active: 160 Started: 160 Finished: 0
2020-04-17 09:27:00,009 INFO o.a.j.r.Summariser: summary =  60583 in 00:07:36 =  132.8/s Avg:  1166 Min:    19 Max: 54557 Err:     0 (0.00%)
2020-04-17 09:27:30,001 INFO o.a.j.r.Summariser: summary +   3705 in 00:00:30 =  123.5/s Avg:  1309 Min:    23 Max: 12624 Err:     0 (0.00%) Active: 160 Started: 160 Finished: 0
2020-04-17 09:27:30,002 INFO o.a.j.r.Summariser: summary =  64288 in 00:08:06 =  132.2/s Avg:  1174 Min:    19 Max: 54557 Err:     0 (0.00%)
2020-04-17 09:28:00,022 INFO o.a.j.r.Summariser: summary +   3873 in 00:00:30 =  129.0/s Avg:  1246 Min:    25 Max:  6572 Err:     0 (0.00%) Active: 160 Started: 160 Finished: 0
2020-04-17 09:28:00,023 INFO o.a.j.r.Summariser: summary =  68161 in 00:08:36 =  132.0/s Avg:  1178 Min:    19 Max: 54557 Err:     0 (0.00%)
2020-04-17 09:28:30,006 INFO o.a.j.r.Summariser: summary +   3755 in 00:00:30 =  125.2/s Avg:  1271 Min:    23 Max:  7178 Err:     0 (0.00%) Active: 160 Started: 160 Finished: 0
2020-04-17 09:28:30,007 INFO o.a.j.r.Summariser: summary =  71916 in 00:09:06 =  131.7/s Avg:  1183 Min:    19 Max: 54557 Err:     0 (0.00%)
2020-04-17 09:29:00,002 INFO o.a.j.r.Summariser: summary +   3990 in 00:00:30 =  133.0/s Avg:  1233 Min:    31 Max:  7027 Err:     0 (0.00%) Active: 160 Started: 160 Finished: 0
2020-04-17 09:29:00,003 INFO o.a.j.r.Summariser: summary =  75906 in 00:09:36 =  131.7/s Avg:  1185 Min:    19 Max: 54557 Err:     0 (0.00%)
2020-04-17 09:29:30,008 INFO o.a.j.r.Summariser: summary +   3928 in 00:00:30 =  130.9/s Avg:  1209 Min:    25 Max:  6541 Err:     0 (0.00%) Active: 160 Started: 160 Finished: 0
2020-04-17 09:29:30,009 INFO o.a.j.r.Summariser: summary =  79834 in 00:10:06 =  131.7/s Avg:  1187 Min:    19 Max: 54557 Err:     0 (0.00%)
2020-04-17 09:29:48,860 INFO o.a.j.t.JMeterThread: Stopping because end time detected by thread: Thread Group 1-3
2020-04-17 09:29:48,860 INFO o.a.j.t.JMeterThread: Thread finished: Thread Group 1-3
2020-04-17 09:29:48,917 INFO o.a.j.t.JMeterThread: Stopping because end time detected by thread: Thread Group 1-12
2020-04-17 09:29:48,917 INFO o.a.j.t.JMeterThread: Thread finished: Thread Group 1-12
2020-04-17 09:29:48,920 INFO o.a.j.t.JMeterThread: Stopping because end time detected by thread: Thread Group 1-7
2020-04-17 09:29:48,920 INFO o.a.j.t.JMeterThread: Thread finished: Thread Group 1-7
2020-04-17 09:29:48,926 INFO o.a.j.t.JMeterThread: Stopping because end time detected by thread: Thread Group 1-16
2020-04-17 09:29:48,927 INFO o.a.j.t.JMeterThread: Thread finished: Thread Group 1-16
2020-04-17 09:29:48,964 INFO o.a.j.t.JMeterThread: Stopping because end time detected by thread: Thread Group 1-15
2020-04-17 09:29:48,964 INFO o.a.j.t.JMeterThread: Thread finished: Thread Group 1-15
2020-04-17 09:29:48,990 INFO o.a.j.t.JMeterThread: Stopping because end time detected by thread: Thread Group 1-21
2020-04-17 09:29:48,991 INFO o.a.j.t.JMeterThread: Thread finished: Thread Group 1-21
2020-04-17 09:29:49,002 INFO o.a.j.t.JMeterThread: Stopping because end time detected by thread: Thread Group 1-28
2020-04-17 09:29:49,003 INFO o.a.j.t.JMeterThread: Thread finished: Thread Group 1-28
2020-04-17 09:29:49,011 INFO o.a.j.t.JMeterThread: Stopping because end time detected by thread: Thread Group 1-8
2020-04-17 09:29:49,011 INFO o.a.j.t.JMeterThread: Thread finished: Thread Group 1-8
2020-04-17 09:29:49,023 INFO o.a.j.t.JMeterThread: Stopping because end time detected by thread: Thread Group 1-4
2020-04-17 09:29:49,023 INFO o.a.j.t.JMeterThread: Thread finished: Thread Group 1-4
2020-04-17 09:29:49,033 INFO o.a.j.t.JMeterThread: Stopping because end time detected by thread: Thread Group 1-5
2020-04-17 09:29:49,033 INFO o.a.j.t.JMeterThread: Thread finished: Thread Group 1-5
2020-04-17 09:29:49,066 INFO o.a.j.t.JMeterThread: Stopping because end time detected by thread: Thread Group 1-2
2020-04-17 09:29:49,067 INFO o.a.j.t.JMeterThread: Thread finished: Thread Group 1-2
2020-04-17 09:29:49,097 INFO o.a.j.t.JMeterThread: Stopping because end time detected by thread: Thread Group 1-31
2020-04-17 09:29:49,098 INFO o.a.j.t.JMeterThread: Thread finished: Thread Group 1-31
2020-04-17 09:29:49,115 INFO o.a.j.t.JMeterThread: Stopping because end time detected by thread: Thread Group 1-6
2020-04-17 09:29:49,115 INFO o.a.j.t.JMeterThread: Thread finished: Thread Group 1-6
2020-04-17 09:29:49,170 INFO o.a.j.t.JMeterThread: Stopping because end time detected by thread: Thread Group 1-80
2020-04-17 09:29:49,170 INFO o.a.j.t.JMeterThread: Thread finished: Thread Group 1-80
2020-04-17 09:29:49,173 INFO o.a.j.t.JMeterThread: Stopping because end time detected by thread: Thread Group 1-20
2020-04-17 09:29:49,173 INFO o.a.j.t.JMeterThread: Thread finished: Thread Group 1-20
2020-04-17 09:29:49,173 INFO o.a.j.t.JMeterThread: Stopping because end time detected by thread: Thread Group 1-84
2020-04-17 09:29:49,174 INFO o.a.j.t.JMeterThread: Thread finished: Thread Group 1-84
2020-04-17 09:29:49,177 INFO o.a.j.t.JMeterThread: Stopping because end time detected by thread: Thread Group 1-35
2020-04-17 09:29:49,178 INFO o.a.j.t.JMeterThread: Thread finished: Thread Group 1-35
2020-04-17 09:29:49,257 INFO o.a.j.t.JMeterThread: Stopping because end time detected by thread: Thread Group 1-109
2020-04-17 09:29:49,258 INFO o.a.j.t.JMeterThread: Thread finished: Thread Group 1-109
2020-04-17 09:29:49,262 INFO o.a.j.t.JMeterThread: Stopping because end time detected by thread: Thread Group 1-67
2020-04-17 09:29:49,263 INFO o.a.j.t.JMeterThread: Thread finished: Thread Group 1-67
2020-04-17 09:29:49,263 INFO o.a.j.t.JMeterThread: Stopping because end time detected by thread: Thread Group 1-60
2020-04-17 09:29:49,263 INFO o.a.j.t.JMeterThread: Thread finished: Thread Group 1-60
2020-04-17 09:29:49,269 INFO o.a.j.t.JMeterThread: Stopping because end time detected by thread: Thread Group 1-38
2020-04-17 09:29:49,269 INFO o.a.j.t.JMeterThread: Thread finished: Thread Group 1-38
2020-04-17 09:29:49,283 INFO o.a.j.t.JMeterThread: Stopping because end time detected by thread: Thread Group 1-9
2020-04-17 09:29:49,284 INFO o.a.j.t.JMeterThread: Thread finished: Thread Group 1-9
2020-04-17 09:29:49,286 INFO o.a.j.t.JMeterThread: Stopping because end time detected by thread: Thread Group 1-127
2020-04-17 09:29:49,327 INFO o.a.j.t.JMeterThread: Thread finished: Thread Group 1-127
2020-04-17 09:29:49,326 INFO o.a.j.t.JMeterThread: Stopping because end time detected by thread: Thread Group 1-97
2020-04-17 09:29:49,329 INFO o.a.j.t.JMeterThread: Thread finished: Thread Group 1-97
2020-04-17 09:29:49,326 INFO o.a.j.t.JMeterThread: Stopping because end time detected by thread: Thread Group 1-50
2020-04-17 09:29:49,326 INFO o.a.j.t.JMeterThread: Stopping because end time detected by thread: Thread Group 1-63
2020-04-17 09:29:49,326 INFO o.a.j.t.JMeterThread: Stopping because end time detected by thread: Thread Group 1-26
2020-04-17 09:29:49,331 INFO o.a.j.t.JMeterThread: Thread finished: Thread Group 1-63
2020-04-17 09:29:49,332 INFO o.a.j.t.JMeterThread: Thread finished: Thread Group 1-26
2020-04-17 09:29:49,325 INFO o.a.j.t.JMeterThread: Stopping because end time detected by thread: Thread Group 1-141
2020-04-17 09:29:49,325 INFO o.a.j.t.JMeterThread: Stopping because end time detected by thread: Thread Group 1-121
2020-04-17 09:29:49,334 INFO o.a.j.t.JMeterThread: Thread finished: Thread Group 1-121
2020-04-17 09:29:49,335 INFO o.a.j.t.JMeterThread: Stopping because end time detected by thread: Thread Group 1-128
2020-04-17 09:29:49,335 INFO o.a.j.t.JMeterThread: Thread finished: Thread Group 1-128
2020-04-17 09:29:49,325 INFO o.a.j.t.JMeterThread: Stopping because end time detected by thread: Thread Group 1-99
2020-04-17 09:29:49,336 INFO o.a.j.t.JMeterThread: Thread finished: Thread Group 1-99
2020-04-17 09:29:49,324 INFO o.a.j.t.JMeterThread: Stopping because end time detected by thread: Thread Group 1-24
2020-04-17 09:29:49,336 INFO o.a.j.t.JMeterThread: Thread finished: Thread Group 1-24
2020-04-17 09:29:49,320 INFO o.a.j.t.JMeterThread: Stopping because end time detected by thread: Thread Group 1-59
2020-04-17 09:29:49,343 INFO o.a.j.t.JMeterThread: Stopping because end time detected by thread: Thread Group 1-22
2020-04-17 09:29:49,344 INFO o.a.j.t.JMeterThread: Stopping because end time detected by thread: Thread Group 1-112
2020-04-17 09:29:49,344 INFO o.a.j.t.JMeterThread: Thread finished: Thread Group 1-59
2020-04-17 09:29:49,344 INFO o.a.j.t.JMeterThread: Thread finished: Thread Group 1-22
2020-04-17 09:29:49,318 INFO o.a.j.t.JMeterThread: Stopping because end time detected by thread: Thread Group 1-76
2020-04-17 09:29:49,344 INFO o.a.j.t.JMeterThread: Thread finished: Thread Group 1-76
2020-04-17 09:29:49,318 INFO o.a.j.t.JMeterThread: Stopping because end time detected by thread: Thread Group 1-118
2020-04-17 09:29:49,318 INFO o.a.j.t.JMeterThread: Stopping because end time detected by thread: Thread Group 1-129
2020-04-17 09:29:49,345 INFO o.a.j.t.JMeterThread: Thread finished: Thread Group 1-118
2020-04-17 09:29:49,345 INFO o.a.j.t.JMeterThread: Thread finished: Thread Group 1-129
2020-04-17 09:29:49,318 INFO o.a.j.t.JMeterThread: Stopping because end time detected by thread: Thread Group 1-143
2020-04-17 09:29:49,318 INFO o.a.j.t.JMeterThread: Stopping because end time detected by thread: Thread Group 1-36
2020-04-17 09:29:49,345 INFO o.a.j.t.JMeterThread: Thread finished: Thread Group 1-143
2020-04-17 09:29:49,345 INFO o.a.j.t.JMeterThread: Thread finished: Thread Group 1-36
2020-04-17 09:29:49,317 INFO o.a.j.t.JMeterThread: Stopping because end time detected by thread: Thread Group 1-92
2020-04-17 09:29:49,346 INFO o.a.j.t.JMeterThread: Thread finished: Thread Group 1-92
2020-04-17 09:29:49,317 INFO o.a.j.t.JMeterThread: Stopping because end time detected by thread: Thread Group 1-116
2020-04-17 09:29:49,347 INFO o.a.j.t.JMeterThread: Thread finished: Thread Group 1-116
2020-04-17 09:29:49,317 INFO o.a.j.t.JMeterThread: Stopping because end time detected by thread: Thread Group 1-138
2020-04-17 09:29:49,347 INFO o.a.j.t.JMeterThread: Thread finished: Thread Group 1-138
2020-04-17 09:29:49,317 INFO o.a.j.t.JMeterThread: Stopping because end time detected by thread: Thread Group 1-103
2020-04-17 09:29:49,348 INFO o.a.j.t.JMeterThread: Thread finished: Thread Group 1-103
2020-04-17 09:29:49,348 INFO o.a.j.t.JMeterThread: Stopping because end time detected by thread: Thread Group 1-58
2020-04-17 09:29:49,348 INFO o.a.j.t.JMeterThread: Thread finished: Thread Group 1-58
2020-04-17 09:29:49,317 INFO o.a.j.t.JMeterThread: Stopping because end time detected by thread: Thread Group 1-53
2020-04-17 09:29:49,348 INFO o.a.j.t.JMeterThread: Stopping because end time detected by thread: Thread Group 1-39
2020-04-17 09:29:49,348 INFO o.a.j.t.JMeterThread: Thread finished: Thread Group 1-53
2020-04-17 09:29:49,317 INFO o.a.j.t.JMeterThread: Stopping because end time detected by thread: Thread Group 1-130
2020-04-17 09:29:49,349 INFO o.a.j.t.JMeterThread: Stopping because end time detected by thread: Thread Group 1-113
2020-04-17 09:29:49,349 INFO o.a.j.t.JMeterThread: Thread finished: Thread Group 1-130
2020-04-17 09:29:49,349 INFO o.a.j.t.JMeterThread: Thread finished: Thread Group 1-113
2020-04-17 09:29:49,317 INFO o.a.j.t.JMeterThread: Stopping because end time detected by thread: Thread Group 1-51
2020-04-17 09:29:49,349 INFO o.a.j.t.JMeterThread: Stopping because end time detected by thread: Thread Group 1-100
2020-04-17 09:29:49,349 INFO o.a.j.t.JMeterThread: Thread finished: Thread Group 1-100
2020-04-17 09:29:49,317 INFO o.a.j.t.JMeterThread: Stopping because end time detected by thread: Thread Group 1-142
2020-04-17 09:29:49,350 INFO o.a.j.t.JMeterThread: Thread finished: Thread Group 1-142
2020-04-17 09:29:49,349 INFO o.a.j.t.JMeterThread: Thread finished: Thread Group 1-51
2020-04-17 09:29:49,349 INFO o.a.j.t.JMeterThread: Stopping because end time detected by thread: Thread Group 1-131
2020-04-17 09:29:49,348 INFO o.a.j.t.JMeterThread: Thread finished: Thread Group 1-39
2020-04-17 09:29:49,350 INFO o.a.j.t.JMeterThread: Thread finished: Thread Group 1-131
2020-04-17 09:29:49,337 INFO o.a.j.t.JMeterThread: Stopping because end time detected by thread: Thread Group 1-40
2020-04-17 09:29:49,344 INFO o.a.j.t.JMeterThread: Thread finished: Thread Group 1-112
2020-04-17 09:29:49,342 INFO o.a.j.t.JMeterThread: Stopping because end time detected by thread: Thread Group 1-25
2020-04-17 09:29:49,353 INFO o.a.j.t.JMeterThread: Thread finished: Thread Group 1-25
2020-04-17 09:29:49,355 INFO o.a.j.t.JMeterThread: Stopping because end time detected by thread: Thread Group 1-119
2020-04-17 09:29:49,355 INFO o.a.j.t.JMeterThread: Thread finished: Thread Group 1-119
2020-04-17 09:29:49,355 INFO o.a.j.t.JMeterThread: Stopping because end time detected by thread: Thread Group 1-158
2020-04-17 09:29:49,355 INFO o.a.j.t.JMeterThread: Thread finished: Thread Group 1-158
2020-04-17 09:29:49,332 INFO o.a.j.t.JMeterThread: Thread finished: Thread Group 1-141
2020-04-17 09:29:49,331 INFO o.a.j.t.JMeterThread: Stopping because end time detected by thread: Thread Group 1-132
2020-04-17 09:29:49,356 INFO o.a.j.t.JMeterThread: Thread finished: Thread Group 1-132
2020-04-17 09:29:49,356 INFO o.a.j.t.JMeterThread: Thread finished: Thread Group 1-50
2020-04-17 09:29:49,327 INFO o.a.j.t.JMeterThread: Stopping because end time detected by thread: Thread Group 1-27
2020-04-17 09:29:49,357 INFO o.a.j.t.JMeterThread: Thread finished: Thread Group 1-27
2020-04-17 09:29:49,352 INFO o.a.j.t.JMeterThread: Stopping because end time detected by thread: Thread Group 1-30
2020-04-17 09:29:49,352 INFO o.a.j.t.JMeterThread: Stopping because end time detected by thread: Thread Group 1-106
2020-04-17 09:29:49,361 INFO o.a.j.t.JMeterThread: Thread finished: Thread Group 1-30
2020-04-17 09:29:49,361 INFO o.a.j.t.JMeterThread: Thread finished: Thread Group 1-106
2020-04-17 09:29:49,362 INFO o.a.j.t.JMeterThread: Thread finished: Thread Group 1-40
2020-04-17 09:29:49,360 INFO o.a.j.t.JMeterThread: Stopping because end time detected by thread: Thread Group 1-61
2020-04-17 09:29:49,362 INFO o.a.j.t.JMeterThread: Stopping because end time detected by thread: Thread Group 1-123
2020-04-17 09:29:49,362 INFO o.a.j.t.JMeterThread: Thread finished: Thread Group 1-123
2020-04-17 09:29:49,359 INFO o.a.j.t.JMeterThread: Stopping because end time detected by thread: Thread Group 1-157
2020-04-17 09:29:49,363 INFO o.a.j.t.JMeterThread: Thread finished: Thread Group 1-157
2020-04-17 09:29:49,359 INFO o.a.j.t.JMeterThread: Stopping because end time detected by thread: Thread Group 1-90
2020-04-17 09:29:49,363 INFO o.a.j.t.JMeterThread: Thread finished: Thread Group 1-90
2020-04-17 09:29:49,362 INFO o.a.j.t.JMeterThread: Thread finished: Thread Group 1-61
2020-04-17 09:29:49,365 INFO o.a.j.t.JMeterThread: Stopping because end time detected by thread: Thread Group 1-86
2020-04-17 09:29:49,365 INFO o.a.j.t.JMeterThread: Thread finished: Thread Group 1-86
2020-04-17 09:29:49,368 INFO o.a.j.t.JMeterThread: Stopping because end time detected by thread: Thread Group 1-75
2020-04-17 09:29:49,368 INFO o.a.j.t.JMeterThread: Thread finished: Thread Group 1-75
2020-04-17 09:29:49,372 INFO o.a.j.t.JMeterThread: Stopping because end time detected by thread: Thread Group 1-96
2020-04-17 09:29:49,372 INFO o.a.j.t.JMeterThread: Thread finished: Thread Group 1-96
2020-04-17 09:29:49,377 INFO o.a.j.t.JMeterThread: Stopping because end time detected by thread: Thread Group 1-146
2020-04-17 09:29:49,377 INFO o.a.j.t.JMeterThread: Thread finished: Thread Group 1-146
2020-04-17 09:29:49,383 INFO o.a.j.t.JMeterThread: Stopping because end time detected by thread: Thread Group 1-44
2020-04-17 09:29:49,383 INFO o.a.j.t.JMeterThread: Thread finished: Thread Group 1-44
2020-04-17 09:29:49,389 INFO o.a.j.t.JMeterThread: Stopping because end time detected by thread: Thread Group 1-88
2020-04-17 09:29:49,390 INFO o.a.j.t.JMeterThread: Thread finished: Thread Group 1-88
2020-04-17 09:29:49,404 INFO o.a.j.t.JMeterThread: Stopping because end time detected by thread: Thread Group 1-65
2020-04-17 09:29:49,404 INFO o.a.j.t.JMeterThread: Thread finished: Thread Group 1-65
2020-04-17 09:29:49,412 INFO o.a.j.t.JMeterThread: Stopping because end time detected by thread: Thread Group 1-17
2020-04-17 09:29:49,412 INFO o.a.j.t.JMeterThread: Thread finished: Thread Group 1-17
2020-04-17 09:29:49,414 INFO o.a.j.t.JMeterThread: Stopping because end time detected by thread: Thread Group 1-108
2020-04-17 09:29:49,414 INFO o.a.j.t.JMeterThread: Thread finished: Thread Group 1-108
2020-04-17 09:29:49,435 INFO o.a.j.t.JMeterThread: Stopping because end time detected by thread: Thread Group 1-13
2020-04-17 09:29:49,435 INFO o.a.j.t.JMeterThread: Thread finished: Thread Group 1-13
2020-04-17 09:29:49,437 INFO o.a.j.t.JMeterThread: Stopping because end time detected by thread: Thread Group 1-150
2020-04-17 09:29:49,438 INFO o.a.j.t.JMeterThread: Thread finished: Thread Group 1-150
2020-04-17 09:29:49,439 INFO o.a.j.t.JMeterThread: Stopping because end time detected by thread: Thread Group 1-87
2020-04-17 09:29:49,439 INFO o.a.j.t.JMeterThread: Thread finished: Thread Group 1-87
2020-04-17 09:29:49,443 INFO o.a.j.t.JMeterThread: Stopping because end time detected by thread: Thread Group 1-148
2020-04-17 09:29:49,443 INFO o.a.j.t.JMeterThread: Thread finished: Thread Group 1-148
2020-04-17 09:29:49,451 INFO o.a.j.t.JMeterThread: Stopping because end time detected by thread: Thread Group 1-56
2020-04-17 09:29:49,451 INFO o.a.j.t.JMeterThread: Thread finished: Thread Group 1-56
2020-04-17 09:29:49,454 INFO o.a.j.t.JMeterThread: Stopping because end time detected by thread: Thread Group 1-55
2020-04-17 09:29:49,455 INFO o.a.j.t.JMeterThread: Thread finished: Thread Group 1-55
2020-04-17 09:29:49,457 INFO o.a.j.t.JMeterThread: Stopping because end time detected by thread: Thread Group 1-23
2020-04-17 09:29:49,458 INFO o.a.j.t.JMeterThread: Stopping because end time detected by thread: Thread Group 1-122
2020-04-17 09:29:49,458 INFO o.a.j.t.JMeterThread: Thread finished: Thread Group 1-23
2020-04-17 09:29:49,458 INFO o.a.j.t.JMeterThread: Thread finished: Thread Group 1-122
2020-04-17 09:29:49,459 INFO o.a.j.t.JMeterThread: Stopping because end time detected by thread: Thread Group 1-85
2020-04-17 09:29:49,459 INFO o.a.j.t.JMeterThread: Stopping because end time detected by thread: Thread Group 1-69
2020-04-17 09:29:49,460 INFO o.a.j.t.JMeterThread: Stopping because end time detected by thread: Thread Group 1-66
2020-04-17 09:29:49,460 INFO o.a.j.t.JMeterThread: Thread finished: Thread Group 1-85
2020-04-17 09:29:49,460 INFO o.a.j.t.JMeterThread: Thread finished: Thread Group 1-69
2020-04-17 09:29:49,460 INFO o.a.j.t.JMeterThread: Thread finished: Thread Group 1-66
2020-04-17 09:29:49,463 INFO o.a.j.t.JMeterThread: Stopping because end time detected by thread: Thread Group 1-72
2020-04-17 09:29:49,463 INFO o.a.j.t.JMeterThread: Thread finished: Thread Group 1-72
2020-04-17 09:29:49,467 INFO o.a.j.t.JMeterThread: Stopping because end time detected by thread: Thread Group 1-70
2020-04-17 09:29:49,468 INFO o.a.j.t.JMeterThread: Thread finished: Thread Group 1-70
2020-04-17 09:29:49,469 INFO o.a.j.t.JMeterThread: Stopping because end time detected by thread: Thread Group 1-83
2020-04-17 09:29:49,469 INFO o.a.j.t.JMeterThread: Thread finished: Thread Group 1-83
2020-04-17 09:29:49,471 INFO o.a.j.t.JMeterThread: Stopping because end time detected by thread: Thread Group 1-93
2020-04-17 09:29:49,472 INFO o.a.j.t.JMeterThread: Thread finished: Thread Group 1-93
2020-04-17 09:29:49,478 INFO o.a.j.t.JMeterThread: Stopping because end time detected by thread: Thread Group 1-160
2020-04-17 09:29:49,478 INFO o.a.j.t.JMeterThread: Thread finished: Thread Group 1-160
2020-04-17 09:29:49,490 INFO o.a.j.t.JMeterThread: Stopping because end time detected by thread: Thread Group 1-101
2020-04-17 09:29:49,490 INFO o.a.j.t.JMeterThread: Thread finished: Thread Group 1-101
2020-04-17 09:29:49,492 INFO o.a.j.t.JMeterThread: Stopping because end time detected by thread: Thread Group 1-153
2020-04-17 09:29:49,492 INFO o.a.j.t.JMeterThread: Thread finished: Thread Group 1-153
2020-04-17 09:29:49,509 INFO o.a.j.t.JMeterThread: Stopping because end time detected by thread: Thread Group 1-102
2020-04-17 09:29:49,510 INFO o.a.j.t.JMeterThread: Thread finished: Thread Group 1-102
2020-04-17 09:29:49,537 INFO o.a.j.t.JMeterThread: Stopping because end time detected by thread: Thread Group 1-1
2020-04-17 09:29:49,537 INFO o.a.j.t.JMeterThread: Thread finished: Thread Group 1-1
2020-04-17 09:29:49,543 INFO o.a.j.t.JMeterThread: Stopping because end time detected by thread: Thread Group 1-42
2020-04-17 09:29:49,543 INFO o.a.j.t.JMeterThread: Thread finished: Thread Group 1-42
2020-04-17 09:29:49,578 INFO o.a.j.t.JMeterThread: Stopping because end time detected by thread: Thread Group 1-54
2020-04-17 09:29:49,579 INFO o.a.j.t.JMeterThread: Thread finished: Thread Group 1-54
2020-04-17 09:29:49,583 INFO o.a.j.t.JMeterThread: Stopping because end time detected by thread: Thread Group 1-33
2020-04-17 09:29:49,583 INFO o.a.j.t.JMeterThread: Thread finished: Thread Group 1-33
2020-04-17 09:29:49,624 INFO o.a.j.t.JMeterThread: Stopping because end time detected by thread: Thread Group 1-151
2020-04-17 09:29:49,624 INFO o.a.j.t.JMeterThread: Thread finished: Thread Group 1-151
2020-04-17 09:29:49,626 INFO o.a.j.t.JMeterThread: Stopping because end time detected by thread: Thread Group 1-43
2020-04-17 09:29:49,627 INFO o.a.j.t.JMeterThread: Stopping because end time detected by thread: Thread Group 1-11
2020-04-17 09:29:49,627 INFO o.a.j.t.JMeterThread: Thread finished: Thread Group 1-43
2020-04-17 09:29:49,627 INFO o.a.j.t.JMeterThread: Thread finished: Thread Group 1-11
2020-04-17 09:29:49,632 INFO o.a.j.t.JMeterThread: Stopping because end time detected by thread: Thread Group 1-110
2020-04-17 09:29:49,632 INFO o.a.j.t.JMeterThread: Thread finished: Thread Group 1-110
2020-04-17 09:29:49,632 INFO o.a.j.t.JMeterThread: Stopping because end time detected by thread: Thread Group 1-81
2020-04-17 09:29:49,633 INFO o.a.j.t.JMeterThread: Thread finished: Thread Group 1-81
2020-04-17 09:29:49,633 INFO o.a.j.t.JMeterThread: Stopping because end time detected by thread: Thread Group 1-126
2020-04-17 09:29:49,633 INFO o.a.j.t.JMeterThread: Thread finished: Thread Group 1-126
2020-04-17 09:29:49,666 INFO o.a.j.t.JMeterThread: Stopping because end time detected by thread: Thread Group 1-140
2020-04-17 09:29:49,666 INFO o.a.j.t.JMeterThread: Thread finished: Thread Group 1-140
2020-04-17 09:29:49,667 INFO o.a.j.t.JMeterThread: Stopping because end time detected by thread: Thread Group 1-82
2020-04-17 09:29:49,667 INFO o.a.j.t.JMeterThread: Thread finished: Thread Group 1-82
2020-04-17 09:29:49,724 INFO o.a.j.t.JMeterThread: Stopping because end time detected by thread: Thread Group 1-47
2020-04-17 09:29:49,724 INFO o.a.j.t.JMeterThread: Thread finished: Thread Group 1-47
2020-04-17 09:29:49,738 INFO o.a.j.t.JMeterThread: Stopping because end time detected by thread: Thread Group 1-125
2020-04-17 09:29:49,738 INFO o.a.j.t.JMeterThread: Stopping because end time detected by thread: Thread Group 1-95
2020-04-17 09:29:49,739 INFO o.a.j.t.JMeterThread: Thread finished: Thread Group 1-125
2020-04-17 09:29:49,739 INFO o.a.j.t.JMeterThread: Thread finished: Thread Group 1-95
2020-04-17 09:29:49,782 INFO o.a.j.t.JMeterThread: Stopping because end time detected by thread: Thread Group 1-73
2020-04-17 09:29:49,783 INFO o.a.j.t.JMeterThread: Thread finished: Thread Group 1-73
2020-04-17 09:29:49,783 INFO o.a.j.t.JMeterThread: Stopping because end time detected by thread: Thread Group 1-152
2020-04-17 09:29:49,783 INFO o.a.j.t.JMeterThread: Thread finished: Thread Group 1-152
2020-04-17 09:29:49,780 INFO o.a.j.t.JMeterThread: Stopping because end time detected by thread: Thread Group 1-41
2020-04-17 09:29:49,784 INFO o.a.j.t.JMeterThread: Thread finished: Thread Group 1-41
2020-04-17 09:29:49,786 INFO o.a.j.t.JMeterThread: Stopping because end time detected by thread: Thread Group 1-124
2020-04-17 09:29:49,787 INFO o.a.j.t.JMeterThread: Thread finished: Thread Group 1-124
2020-04-17 09:29:49,788 INFO o.a.j.t.JMeterThread: Stopping because end time detected by thread: Thread Group 1-68
2020-04-17 09:29:49,788 INFO o.a.j.t.JMeterThread: Thread finished: Thread Group 1-68
2020-04-17 09:29:49,791 INFO o.a.j.t.JMeterThread: Stopping because end time detected by thread: Thread Group 1-34
2020-04-17 09:29:49,791 INFO o.a.j.t.JMeterThread: Thread finished: Thread Group 1-34
2020-04-17 09:29:49,809 INFO o.a.j.t.JMeterThread: Stopping because end time detected by thread: Thread Group 1-71
2020-04-17 09:29:49,809 INFO o.a.j.t.JMeterThread: Thread finished: Thread Group 1-71
2020-04-17 09:29:49,815 INFO o.a.j.t.JMeterThread: Stopping because end time detected by thread: Thread Group 1-14
2020-04-17 09:29:49,815 INFO o.a.j.t.JMeterThread: Stopping because end time detected by thread: Thread Group 1-45
2020-04-17 09:29:49,815 INFO o.a.j.t.JMeterThread: Thread finished: Thread Group 1-14
2020-04-17 09:29:49,815 INFO o.a.j.t.JMeterThread: Thread finished: Thread Group 1-45
2020-04-17 09:29:49,818 INFO o.a.j.t.JMeterThread: Stopping because end time detected by thread: Thread Group 1-98
2020-04-17 09:29:49,818 INFO o.a.j.t.JMeterThread: Thread finished: Thread Group 1-98
2020-04-17 09:29:49,819 INFO o.a.j.t.JMeterThread: Stopping because end time detected by thread: Thread Group 1-10
2020-04-17 09:29:49,819 INFO o.a.j.t.JMeterThread: Thread finished: Thread Group 1-10
2020-04-17 09:29:49,840 INFO o.a.j.t.JMeterThread: Stopping because end time detected by thread: Thread Group 1-19
2020-04-17 09:29:49,840 INFO o.a.j.t.JMeterThread: Thread finished: Thread Group 1-19
2020-04-17 09:29:49,862 INFO o.a.j.t.JMeterThread: Stopping because end time detected by thread: Thread Group 1-147
2020-04-17 09:29:49,862 INFO o.a.j.t.JMeterThread: Thread finished: Thread Group 1-147
2020-04-17 09:29:49,867 INFO o.a.j.t.JMeterThread: Stopping because end time detected by thread: Thread Group 1-115
2020-04-17 09:29:49,867 INFO o.a.j.t.JMeterThread: Thread finished: Thread Group 1-115
2020-04-17 09:29:49,877 INFO o.a.j.t.JMeterThread: Stopping because end time detected by thread: Thread Group 1-29
2020-04-17 09:29:49,877 INFO o.a.j.t.JMeterThread: Thread finished: Thread Group 1-29
2020-04-17 09:29:49,943 INFO o.a.j.t.JMeterThread: Stopping because end time detected by thread: Thread Group 1-144
2020-04-17 09:29:49,944 INFO o.a.j.t.JMeterThread: Thread finished: Thread Group 1-144
2020-04-17 09:29:49,947 INFO o.a.j.t.JMeterThread: Stopping because end time detected by thread: Thread Group 1-114
2020-04-17 09:29:49,948 INFO o.a.j.t.JMeterThread: Thread finished: Thread Group 1-114
2020-04-17 09:29:49,977 INFO o.a.j.t.JMeterThread: Stopping because end time detected by thread: Thread Group 1-57
2020-04-17 09:29:49,977 INFO o.a.j.t.JMeterThread: Thread finished: Thread Group 1-57
2020-04-17 09:29:49,980 INFO o.a.j.t.JMeterThread: Stopping because end time detected by thread: Thread Group 1-136
2020-04-17 09:29:49,980 INFO o.a.j.t.JMeterThread: Thread finished: Thread Group 1-136
2020-04-17 09:29:50,056 INFO o.a.j.t.JMeterThread: Stopping because end time detected by thread: Thread Group 1-52
2020-04-17 09:29:50,056 INFO o.a.j.t.JMeterThread: Thread finished: Thread Group 1-52
2020-04-17 09:29:50,060 INFO o.a.j.t.JMeterThread: Stopping because end time detected by thread: Thread Group 1-48
2020-04-17 09:29:50,060 INFO o.a.j.t.JMeterThread: Thread finished: Thread Group 1-48
2020-04-17 09:29:50,080 INFO o.a.j.t.JMeterThread: Stopping because end time detected by thread: Thread Group 1-107
2020-04-17 09:29:50,080 INFO o.a.j.t.JMeterThread: Thread finished: Thread Group 1-107
2020-04-17 09:29:50,104 INFO o.a.j.t.JMeterThread: Stopping because end time detected by thread: Thread Group 1-78
2020-04-17 09:29:50,105 INFO o.a.j.t.JMeterThread: Thread finished: Thread Group 1-78
2020-04-17 09:29:50,114 INFO o.a.j.t.JMeterThread: Stopping because end time detected by thread: Thread Group 1-49
2020-04-17 09:29:50,114 INFO o.a.j.t.JMeterThread: Thread finished: Thread Group 1-49
2020-04-17 09:29:50,117 INFO o.a.j.t.JMeterThread: Stopping because end time detected by thread: Thread Group 1-79
2020-04-17 09:29:50,117 INFO o.a.j.t.JMeterThread: Thread finished: Thread Group 1-79
2020-04-17 09:29:50,123 INFO o.a.j.t.JMeterThread: Stopping because end time detected by thread: Thread Group 1-32
2020-04-17 09:29:50,123 INFO o.a.j.t.JMeterThread: Thread finished: Thread Group 1-32
2020-04-17 09:29:50,134 INFO o.a.j.t.JMeterThread: Stopping because end time detected by thread: Thread Group 1-137
2020-04-17 09:29:50,167 INFO o.a.j.t.JMeterThread: Thread finished: Thread Group 1-137
2020-04-17 09:29:50,167 INFO o.a.j.t.JMeterThread: Stopping because end time detected by thread: Thread Group 1-37
2020-04-17 09:29:50,167 INFO o.a.j.t.JMeterThread: Thread finished: Thread Group 1-37
2020-04-17 09:29:50,171 INFO o.a.j.t.JMeterThread: Stopping because end time detected by thread: Thread Group 1-159
2020-04-17 09:29:50,171 INFO o.a.j.t.JMeterThread: Thread finished: Thread Group 1-159
2020-04-17 09:29:50,173 INFO o.a.j.t.JMeterThread: Stopping because end time detected by thread: Thread Group 1-111
2020-04-17 09:29:50,173 INFO o.a.j.t.JMeterThread: Thread finished: Thread Group 1-111
2020-04-17 09:29:50,178 INFO o.a.j.t.JMeterThread: Stopping because end time detected by thread: Thread Group 1-149
2020-04-17 09:29:50,178 INFO o.a.j.t.JMeterThread: Thread finished: Thread Group 1-149
2020-04-17 09:29:50,183 INFO o.a.j.t.JMeterThread: Stopping because end time detected by thread: Thread Group 1-135
2020-04-17 09:29:50,184 INFO o.a.j.t.JMeterThread: Thread finished: Thread Group 1-135
2020-04-17 09:29:50,184 INFO o.a.j.t.JMeterThread: Stopping because end time detected by thread: Thread Group 1-77
2020-04-17 09:29:50,184 INFO o.a.j.t.JMeterThread: Thread finished: Thread Group 1-77
2020-04-17 09:29:50,185 INFO o.a.j.t.JMeterThread: Stopping because end time detected by thread: Thread Group 1-155
2020-04-17 09:29:50,186 INFO o.a.j.t.JMeterThread: Thread finished: Thread Group 1-155
2020-04-17 09:29:50,185 INFO o.a.j.t.JMeterThread: Stopping because end time detected by thread: Thread Group 1-91
2020-04-17 09:29:50,187 INFO o.a.j.t.JMeterThread: Stopping because end time detected by thread: Thread Group 1-46
2020-04-17 09:29:50,188 INFO o.a.j.t.JMeterThread: Thread finished: Thread Group 1-46
2020-04-17 09:29:50,189 INFO o.a.j.t.JMeterThread: Stopping because end time detected by thread: Thread Group 1-74
2020-04-17 09:29:50,190 INFO o.a.j.t.JMeterThread: Thread finished: Thread Group 1-74
2020-04-17 09:29:50,190 INFO o.a.j.t.JMeterThread: Stopping because end time detected by thread: Thread Group 1-64
2020-04-17 09:29:50,190 INFO o.a.j.t.JMeterThread: Thread finished: Thread Group 1-64
2020-04-17 09:29:50,191 INFO o.a.j.t.JMeterThread: Stopping because end time detected by thread: Thread Group 1-18
2020-04-17 09:29:50,191 INFO o.a.j.t.JMeterThread: Thread finished: Thread Group 1-18
2020-04-17 09:29:50,191 INFO o.a.j.t.JMeterThread: Stopping because end time detected by thread: Thread Group 1-145
2020-04-17 09:29:50,191 INFO o.a.j.t.JMeterThread: Thread finished: Thread Group 1-145
2020-04-17 09:29:50,178 INFO o.a.j.t.JMeterThread: Stopping because end time detected by thread: Thread Group 1-133
2020-04-17 09:29:50,192 INFO o.a.j.t.JMeterThread: Thread finished: Thread Group 1-133
2020-04-17 09:29:50,192 INFO o.a.j.t.JMeterThread: Thread finished: Thread Group 1-91
2020-04-17 09:29:50,193 INFO o.a.j.t.JMeterThread: Stopping because end time detected by thread: Thread Group 1-104
2020-04-17 09:29:50,193 INFO o.a.j.t.JMeterThread: Thread finished: Thread Group 1-104
2020-04-17 09:29:50,196 INFO o.a.j.t.JMeterThread: Stopping because end time detected by thread: Thread Group 1-134
2020-04-17 09:29:50,197 INFO o.a.j.t.JMeterThread: Thread finished: Thread Group 1-134
2020-04-17 09:29:50,198 INFO o.a.j.t.JMeterThread: Stopping because end time detected by thread: Thread Group 1-117
2020-04-17 09:29:50,198 INFO o.a.j.t.JMeterThread: Thread finished: Thread Group 1-117
2020-04-17 09:29:50,208 INFO o.a.j.t.JMeterThread: Stopping because end time detected by thread: Thread Group 1-139
2020-04-17 09:29:50,208 INFO o.a.j.t.JMeterThread: Thread finished: Thread Group 1-139
2020-04-17 09:29:50,210 INFO o.a.j.t.JMeterThread: Stopping because end time detected by thread: Thread Group 1-105
2020-04-17 09:29:50,211 INFO o.a.j.t.JMeterThread: Thread finished: Thread Group 1-105
2020-04-17 09:29:50,211 INFO o.a.j.t.JMeterThread: Stopping because end time detected by thread: Thread Group 1-120
2020-04-17 09:29:50,212 INFO o.a.j.t.JMeterThread: Thread finished: Thread Group 1-120
2020-04-17 09:29:50,215 INFO o.a.j.t.JMeterThread: Stopping because end time detected by thread: Thread Group 1-62
2020-04-17 09:29:50,215 INFO o.a.j.t.JMeterThread: Stopping because end time detected by thread: Thread Group 1-94
2020-04-17 09:29:50,215 INFO o.a.j.t.JMeterThread: Thread finished: Thread Group 1-62
2020-04-17 09:29:50,215 INFO o.a.j.t.JMeterThread: Thread finished: Thread Group 1-94
2020-04-17 09:29:50,216 INFO o.a.j.t.JMeterThread: Stopping because end time detected by thread: Thread Group 1-156
2020-04-17 09:29:50,216 INFO o.a.j.t.JMeterThread: Thread finished: Thread Group 1-156
2020-04-17 09:29:50,218 INFO o.a.j.t.JMeterThread: Stopping because end time detected by thread: Thread Group 1-154
2020-04-17 09:29:50,218 INFO o.a.j.t.JMeterThread: Thread finished: Thread Group 1-154
2020-04-17 09:29:50,223 INFO o.a.j.t.JMeterThread: Stopping because end time detected by thread: Thread Group 1-89
2020-04-17 09:29:50,223 INFO o.a.j.t.JMeterThread: Thread finished: Thread Group 1-89
2020-04-17 09:29:50,224 INFO o.a.j.e.StandardJMeterEngine: Notifying test listeners of end of test
2020-04-17 09:29:50,225 INFO o.a.j.r.Summariser: summary +   2489 in 00:00:20 =  123.1/s Avg:  1335 Min:    23 Max:  7693 Err:     0 (0.00%) Active: 0 Started: 160 Finished: 160
2020-04-17 09:29:50,226 INFO o.a.j.r.Summariser: summary =  82323 in 00:10:26 =  131.4/s Avg:  1191 Min:    19 Max: 54557 Err:     0 (0.00%)
