2020-03-24 19:55:10,214 INFO o.a.j.u.JMeterUtils: Setting Locale to en_US
2020-03-24 19:55:10,248 INFO o.a.j.JMeter: Loading user properties from: /home/pablo/jmeter/bin/user.properties
2020-03-24 19:55:10,249 INFO o.a.j.JMeter: Loading system properties from: /home/pablo/jmeter/bin/system.properties
2020-03-24 19:55:10,250 INFO o.a.j.JMeter: Setting System property: HILOS=300
2020-03-24 19:55:10,250 INFO o.a.j.JMeter: Setting System property: SUBIDA=120
2020-03-24 19:55:10,250 INFO o.a.j.JMeter: Setting System property: DURACION=360
2020-03-24 19:55:10,251 INFO o.a.j.JMeter: Setting System property: PAGE=/test/imagenp.html
2020-03-24 19:55:10,251 INFO o.a.j.JMeter: Setting System property: FILE=scriptresultsperfmonP300.jtl
2020-03-24 19:55:10,254 INFO o.a.j.JMeter: Copyright (c) 1998-2019 The Apache Software Foundation
2020-03-24 19:55:10,254 INFO o.a.j.JMeter: Version 5.2.1
2020-03-24 19:55:10,254 INFO o.a.j.JMeter: java.version=1.8.0_201
2020-03-24 19:55:10,255 INFO o.a.j.JMeter: java.vm.name=Java HotSpot(TM) 64-Bit Server VM
2020-03-24 19:55:10,255 INFO o.a.j.JMeter: os.name=Linux
2020-03-24 19:55:10,255 INFO o.a.j.JMeter: os.arch=amd64
2020-03-24 19:55:10,255 INFO o.a.j.JMeter: os.version=4.15.0-91-generic
2020-03-24 19:55:10,256 INFO o.a.j.JMeter: file.encoding=UTF-8
2020-03-24 19:55:10,256 INFO o.a.j.JMeter: java.awt.headless=true
2020-03-24 19:55:10,256 INFO o.a.j.JMeter: Max memory     =732954624
2020-03-24 19:55:10,257 INFO o.a.j.JMeter: Available Processors =4
2020-03-24 19:55:10,266 INFO o.a.j.JMeter: Default Locale=English (United States)
2020-03-24 19:55:10,266 INFO o.a.j.JMeter: JMeter  Locale=English (United States)
2020-03-24 19:55:10,267 INFO o.a.j.JMeter: JMeterHome=/home/pablo/jmeter
2020-03-24 19:55:10,267 INFO o.a.j.JMeter: user.dir  =/home/pablo/jmeter/bin/EJECUCIONES
2020-03-24 19:55:10,267 INFO o.a.j.JMeter: PWD       =/home/pablo/jmeter/bin/EJECUCIONES
2020-03-24 19:55:10,268 INFO o.a.j.JMeter: IP: 127.0.1.1 Name: hylianpablo FullName: hylianpablo
2020-03-24 19:55:10,277 INFO o.a.j.s.FileServer: Default base='/home/pablo/jmeter/bin/EJECUCIONES'
2020-03-24 19:55:10,292 INFO o.a.j.s.FileServer: Set new base='/home/pablo/jmeter/bin/EJECUCIONES/..'
2020-03-24 19:55:10,591 INFO o.a.j.s.SaveService: Testplan (JMX) version: 2.2. Testlog (JTL) version: 2.2
2020-03-24 19:55:10,614 INFO o.a.j.s.SaveService: Using SaveService properties file encoding UTF-8
2020-03-24 19:55:10,627 INFO o.a.j.s.SaveService: Using SaveService properties version 5.0
2020-03-24 19:55:10,645 INFO o.a.j.s.SaveService: Loading file: ../Correcto.jmx
2020-03-24 19:55:10,760 INFO o.a.j.p.h.s.HTTPSamplerBase: Parser for text/html is org.apache.jmeter.protocol.http.parser.LagartoBasedHtmlParser
2020-03-24 19:55:10,761 INFO o.a.j.p.h.s.HTTPSamplerBase: Parser for application/xhtml+xml is org.apache.jmeter.protocol.http.parser.LagartoBasedHtmlParser
2020-03-24 19:55:10,761 INFO o.a.j.p.h.s.HTTPSamplerBase: Parser for application/xml is org.apache.jmeter.protocol.http.parser.LagartoBasedHtmlParser
2020-03-24 19:55:10,761 INFO o.a.j.p.h.s.HTTPSamplerBase: Parser for text/xml is org.apache.jmeter.protocol.http.parser.LagartoBasedHtmlParser
2020-03-24 19:55:10,762 INFO o.a.j.p.h.s.HTTPSamplerBase: Parser for text/vnd.wap.wml is org.apache.jmeter.protocol.http.parser.RegexpHTMLParser
2020-03-24 19:55:10,762 INFO o.a.j.p.h.s.HTTPSamplerBase: Parser for text/css is org.apache.jmeter.protocol.http.parser.CssParser
2020-03-24 19:55:10,821 INFO o.a.j.p.h.c.CacheManager: Will only cache the following methods: [GET]
2020-03-24 19:55:10,870 INFO o.a.j.JMeter: Creating summariser <summary>
2020-03-24 19:55:10,887 INFO o.a.j.e.StandardJMeterEngine: Running the test!
2020-03-24 19:55:10,889 INFO o.a.j.s.SampleEvent: List of sample_variables: []
2020-03-24 19:55:10,890 INFO o.a.j.s.SampleEvent: List of sample_variables: []
2020-03-24 19:55:10,904 INFO o.a.j.e.u.CompoundVariable: Note: Function class names must contain the string: '.functions.'
2020-03-24 19:55:10,905 INFO o.a.j.e.u.CompoundVariable: Note: Function class names must not contain the string: '.gui.'
2020-03-24 19:55:11,777 INFO o.a.j.JMeter: Running test (1585076111777)
2020-03-24 19:55:11,850 INFO o.a.j.e.StandardJMeterEngine: Starting ThreadGroup: 1 : Grupo De Hilos
2020-03-24 19:55:11,851 INFO o.a.j.e.StandardJMeterEngine: Starting 300 threads for group Grupo De Hilos.
2020-03-24 19:55:11,851 INFO o.a.j.e.StandardJMeterEngine: Thread will continue on error
2020-03-24 19:55:11,852 INFO o.a.j.t.ThreadGroup: Starting thread group... number=1 threads=300 ramp-up=120 delayedStart=false
2020-03-24 19:55:11,910 INFO o.a.j.t.JMeterThread: Thread started: Grupo De Hilos 1-1
2020-03-24 19:55:11,978 INFO o.a.j.p.h.s.HTTPHCAbstractImpl: Local host = hylianpablo
2020-03-24 19:55:12,005 INFO o.a.j.p.h.s.HTTPHC4Impl: HTTP request retry count = 0
2020-03-24 19:55:12,012 INFO o.a.j.s.SampleResult: Note: Sample TimeStamps are START times
2020-03-24 19:55:12,012 INFO o.a.j.s.SampleResult: sampleresult.default.encoding is set to ISO-8859-1
2020-03-24 19:55:12,013 INFO o.a.j.s.SampleResult: sampleresult.useNanoTime=true
2020-03-24 19:55:12,013 INFO o.a.j.s.SampleResult: sampleresult.nanoThreadSleep=5000
2020-03-24 19:55:12,290 INFO o.a.j.t.ThreadGroup: Started thread group number 1
2020-03-24 19:55:12,291 INFO o.a.j.e.StandardJMeterEngine: All thread groups have been started
2020-03-24 19:55:12,292 INFO o.a.j.t.JMeterThread: Thread started: Grupo De Hilos 1-2
2020-03-24 19:55:12,690 INFO o.a.j.t.JMeterThread: Thread started: Grupo De Hilos 1-3
2020-03-24 19:55:13,056 INFO o.a.j.t.JMeterThread: Thread started: Grupo De Hilos 1-4
2020-03-24 19:55:13,457 INFO o.a.j.t.JMeterThread: Thread started: Grupo De Hilos 1-5
2020-03-24 19:55:13,856 INFO o.a.j.t.JMeterThread: Thread started: Grupo De Hilos 1-6
2020-03-24 19:55:14,255 INFO o.a.j.t.JMeterThread: Thread started: Grupo De Hilos 1-7
2020-03-24 19:55:14,660 INFO o.a.j.t.JMeterThread: Thread started: Grupo De Hilos 1-8
2020-03-24 19:55:15,055 INFO o.a.j.t.JMeterThread: Thread started: Grupo De Hilos 1-9
2020-03-24 19:55:15,454 INFO o.a.j.t.JMeterThread: Thread started: Grupo De Hilos 1-10
2020-03-24 19:55:15,856 INFO o.a.j.t.JMeterThread: Thread started: Grupo De Hilos 1-11
2020-03-24 19:55:16,255 INFO o.a.j.t.JMeterThread: Thread started: Grupo De Hilos 1-12
2020-03-24 19:55:16,658 INFO o.a.j.t.JMeterThread: Thread started: Grupo De Hilos 1-13
2020-03-24 19:55:17,057 INFO o.a.j.t.JMeterThread: Thread started: Grupo De Hilos 1-14
2020-03-24 19:55:17,455 INFO o.a.j.t.JMeterThread: Thread started: Grupo De Hilos 1-15
2020-03-24 19:55:17,856 INFO o.a.j.t.JMeterThread: Thread started: Grupo De Hilos 1-16
2020-03-24 19:55:18,255 INFO o.a.j.t.JMeterThread: Thread started: Grupo De Hilos 1-17
2020-03-24 19:55:18,656 INFO o.a.j.t.JMeterThread: Thread started: Grupo De Hilos 1-18
2020-03-24 19:55:19,055 INFO o.a.j.t.JMeterThread: Thread started: Grupo De Hilos 1-19
2020-03-24 19:55:19,453 INFO o.a.j.t.JMeterThread: Thread started: Grupo De Hilos 1-20
2020-03-24 19:55:19,853 INFO o.a.j.t.JMeterThread: Thread started: Grupo De Hilos 1-21
2020-03-24 19:55:20,253 INFO o.a.j.t.JMeterThread: Thread started: Grupo De Hilos 1-22
2020-03-24 19:55:20,655 INFO o.a.j.t.JMeterThread: Thread started: Grupo De Hilos 1-23
2020-03-24 19:55:21,058 INFO o.a.j.t.JMeterThread: Thread started: Grupo De Hilos 1-24
2020-03-24 19:55:21,453 INFO o.a.j.t.JMeterThread: Thread started: Grupo De Hilos 1-25
2020-03-24 19:55:21,855 INFO o.a.j.t.JMeterThread: Thread started: Grupo De Hilos 1-26
2020-03-24 19:55:22,255 INFO o.a.j.t.JMeterThread: Thread started: Grupo De Hilos 1-27
2020-03-24 19:55:22,655 INFO o.a.j.t.JMeterThread: Thread started: Grupo De Hilos 1-28
2020-03-24 19:55:23,054 INFO o.a.j.t.JMeterThread: Thread started: Grupo De Hilos 1-29
2020-03-24 19:55:23,454 INFO o.a.j.t.JMeterThread: Thread started: Grupo De Hilos 1-30
2020-03-24 19:55:23,853 INFO o.a.j.t.JMeterThread: Thread started: Grupo De Hilos 1-31
2020-03-24 19:55:24,259 INFO o.a.j.t.JMeterThread: Thread started: Grupo De Hilos 1-32
2020-03-24 19:55:24,653 INFO o.a.j.t.JMeterThread: Thread started: Grupo De Hilos 1-33
2020-03-24 19:55:25,053 INFO o.a.j.t.JMeterThread: Thread started: Grupo De Hilos 1-34
2020-03-24 19:55:25,454 INFO o.a.j.t.JMeterThread: Thread started: Grupo De Hilos 1-35
2020-03-24 19:55:25,854 INFO o.a.j.t.JMeterThread: Thread started: Grupo De Hilos 1-36
2020-03-24 19:55:26,254 INFO o.a.j.t.JMeterThread: Thread started: Grupo De Hilos 1-37
2020-03-24 19:55:26,653 INFO o.a.j.t.JMeterThread: Thread started: Grupo De Hilos 1-38
2020-03-24 19:55:27,053 INFO o.a.j.t.JMeterThread: Thread started: Grupo De Hilos 1-39
2020-03-24 19:55:27,452 INFO o.a.j.t.JMeterThread: Thread started: Grupo De Hilos 1-40
2020-03-24 19:55:27,853 INFO o.a.j.t.JMeterThread: Thread started: Grupo De Hilos 1-41
2020-03-24 19:55:28,254 INFO o.a.j.t.JMeterThread: Thread started: Grupo De Hilos 1-42
2020-03-24 19:55:28,653 INFO o.a.j.t.JMeterThread: Thread started: Grupo De Hilos 1-43
2020-03-24 19:55:29,055 INFO o.a.j.t.JMeterThread: Thread started: Grupo De Hilos 1-44
2020-03-24 19:55:29,453 INFO o.a.j.t.JMeterThread: Thread started: Grupo De Hilos 1-45
2020-03-24 19:55:29,854 INFO o.a.j.t.JMeterThread: Thread started: Grupo De Hilos 1-46
2020-03-24 19:55:30,255 INFO o.a.j.t.JMeterThread: Thread started: Grupo De Hilos 1-47
2020-03-24 19:55:30,297 INFO o.a.j.r.Summariser: summary +     47 in 00:00:19 =    2.5/s Avg:    50 Min:    36 Max:   132 Err:     0 (0.00%) Active: 47 Started: 47 Finished: 0
2020-03-24 19:55:30,653 INFO o.a.j.t.JMeterThread: Thread started: Grupo De Hilos 1-48
2020-03-24 19:55:31,054 INFO o.a.j.t.JMeterThread: Thread started: Grupo De Hilos 1-49
2020-03-24 19:55:31,453 INFO o.a.j.t.JMeterThread: Thread started: Grupo De Hilos 1-50
2020-03-24 19:55:31,854 INFO o.a.j.t.JMeterThread: Thread started: Grupo De Hilos 1-51
2020-03-24 19:55:32,252 INFO o.a.j.t.JMeterThread: Thread started: Grupo De Hilos 1-52
2020-03-24 19:55:32,653 INFO o.a.j.t.JMeterThread: Thread started: Grupo De Hilos 1-53
2020-03-24 19:55:33,055 INFO o.a.j.t.JMeterThread: Thread started: Grupo De Hilos 1-54
2020-03-24 19:55:33,454 INFO o.a.j.t.JMeterThread: Thread started: Grupo De Hilos 1-55
2020-03-24 19:55:33,858 INFO o.a.j.t.JMeterThread: Thread started: Grupo De Hilos 1-56
2020-03-24 19:55:34,254 INFO o.a.j.t.JMeterThread: Thread started: Grupo De Hilos 1-57
2020-03-24 19:55:34,656 INFO o.a.j.t.JMeterThread: Thread started: Grupo De Hilos 1-58
2020-03-24 19:55:35,059 INFO o.a.j.t.JMeterThread: Thread started: Grupo De Hilos 1-59
2020-03-24 19:55:35,456 INFO o.a.j.t.JMeterThread: Thread started: Grupo De Hilos 1-60
2020-03-24 19:55:35,853 INFO o.a.j.t.JMeterThread: Thread started: Grupo De Hilos 1-61
2020-03-24 19:55:36,259 INFO o.a.j.t.JMeterThread: Thread started: Grupo De Hilos 1-62
2020-03-24 19:55:36,653 INFO o.a.j.t.JMeterThread: Thread started: Grupo De Hilos 1-63
2020-03-24 19:55:37,055 INFO o.a.j.t.JMeterThread: Thread started: Grupo De Hilos 1-64
2020-03-24 19:55:37,454 INFO o.a.j.t.JMeterThread: Thread started: Grupo De Hilos 1-65
2020-03-24 19:55:37,863 INFO o.a.j.t.JMeterThread: Thread started: Grupo De Hilos 1-66
2020-03-24 19:55:38,263 INFO o.a.j.t.JMeterThread: Thread started: Grupo De Hilos 1-67
2020-03-24 19:55:38,655 INFO o.a.j.t.JMeterThread: Thread started: Grupo De Hilos 1-68
2020-03-24 19:55:39,064 INFO o.a.j.t.JMeterThread: Thread started: Grupo De Hilos 1-69
2020-03-24 19:55:39,459 INFO o.a.j.t.JMeterThread: Thread started: Grupo De Hilos 1-70
2020-03-24 19:55:39,855 INFO o.a.j.t.JMeterThread: Thread started: Grupo De Hilos 1-71
2020-03-24 19:55:40,254 INFO o.a.j.t.JMeterThread: Thread started: Grupo De Hilos 1-72
2020-03-24 19:55:40,653 INFO o.a.j.t.JMeterThread: Thread started: Grupo De Hilos 1-73
2020-03-24 19:55:41,054 INFO o.a.j.t.JMeterThread: Thread started: Grupo De Hilos 1-74
2020-03-24 19:55:41,454 INFO o.a.j.t.JMeterThread: Thread started: Grupo De Hilos 1-75
2020-03-24 19:55:41,854 INFO o.a.j.t.JMeterThread: Thread started: Grupo De Hilos 1-76
2020-03-24 19:55:42,259 INFO o.a.j.t.JMeterThread: Thread started: Grupo De Hilos 1-77
2020-03-24 19:55:42,654 INFO o.a.j.t.JMeterThread: Thread started: Grupo De Hilos 1-78
2020-03-24 19:55:43,054 INFO o.a.j.t.JMeterThread: Thread started: Grupo De Hilos 1-79
2020-03-24 19:55:43,456 INFO o.a.j.t.JMeterThread: Thread started: Grupo De Hilos 1-80
2020-03-24 19:55:43,854 INFO o.a.j.t.JMeterThread: Thread started: Grupo De Hilos 1-81
2020-03-24 19:55:44,254 INFO o.a.j.t.JMeterThread: Thread started: Grupo De Hilos 1-82
2020-03-24 19:55:44,655 INFO o.a.j.t.JMeterThread: Thread started: Grupo De Hilos 1-83
2020-03-24 19:55:45,055 INFO o.a.j.t.JMeterThread: Thread started: Grupo De Hilos 1-84
2020-03-24 19:55:45,455 INFO o.a.j.t.JMeterThread: Thread started: Grupo De Hilos 1-85
2020-03-24 19:55:45,855 INFO o.a.j.t.JMeterThread: Thread started: Grupo De Hilos 1-86
2020-03-24 19:55:46,254 INFO o.a.j.t.JMeterThread: Thread started: Grupo De Hilos 1-87
2020-03-24 19:55:46,803 INFO o.a.j.t.JMeterThread: Thread started: Grupo De Hilos 1-88
2020-03-24 19:55:47,055 INFO o.a.j.t.JMeterThread: Thread started: Grupo De Hilos 1-89
2020-03-24 19:55:47,457 INFO o.a.j.t.JMeterThread: Thread started: Grupo De Hilos 1-90
2020-03-24 19:55:47,854 INFO o.a.j.t.JMeterThread: Thread started: Grupo De Hilos 1-91
2020-03-24 19:55:48,259 INFO o.a.j.t.JMeterThread: Thread started: Grupo De Hilos 1-92
2020-03-24 19:55:48,657 INFO o.a.j.t.JMeterThread: Thread started: Grupo De Hilos 1-93
2020-03-24 19:55:49,053 INFO o.a.j.t.JMeterThread: Thread started: Grupo De Hilos 1-94
2020-03-24 19:55:49,457 INFO o.a.j.t.JMeterThread: Thread started: Grupo De Hilos 1-95
2020-03-24 19:55:49,865 INFO o.a.j.t.JMeterThread: Thread started: Grupo De Hilos 1-96
2020-03-24 19:55:50,255 INFO o.a.j.t.JMeterThread: Thread started: Grupo De Hilos 1-97
2020-03-24 19:55:50,656 INFO o.a.j.t.JMeterThread: Thread started: Grupo De Hilos 1-98
2020-03-24 19:55:51,054 INFO o.a.j.t.JMeterThread: Thread started: Grupo De Hilos 1-99
2020-03-24 19:55:51,467 INFO o.a.j.t.JMeterThread: Thread started: Grupo De Hilos 1-100
2020-03-24 19:55:51,863 INFO o.a.j.t.JMeterThread: Thread started: Grupo De Hilos 1-101
2020-03-24 19:55:52,254 INFO o.a.j.t.JMeterThread: Thread started: Grupo De Hilos 1-102
2020-03-24 19:55:52,659 INFO o.a.j.t.JMeterThread: Thread started: Grupo De Hilos 1-103
2020-03-24 19:55:53,055 INFO o.a.j.t.JMeterThread: Thread started: Grupo De Hilos 1-104
2020-03-24 19:55:53,453 INFO o.a.j.t.JMeterThread: Thread started: Grupo De Hilos 1-105
2020-03-24 19:55:53,855 INFO o.a.j.t.JMeterThread: Thread started: Grupo De Hilos 1-106
2020-03-24 19:55:54,254 INFO o.a.j.t.JMeterThread: Thread started: Grupo De Hilos 1-107
2020-03-24 19:55:54,654 INFO o.a.j.t.JMeterThread: Thread started: Grupo De Hilos 1-108
2020-03-24 19:55:55,055 INFO o.a.j.t.JMeterThread: Thread started: Grupo De Hilos 1-109
2020-03-24 19:55:55,454 INFO o.a.j.t.JMeterThread: Thread started: Grupo De Hilos 1-110
2020-03-24 19:55:55,855 INFO o.a.j.t.JMeterThread: Thread started: Grupo De Hilos 1-111
2020-03-24 19:55:56,253 INFO o.a.j.t.JMeterThread: Thread started: Grupo De Hilos 1-112
2020-03-24 19:55:56,654 INFO o.a.j.t.JMeterThread: Thread started: Grupo De Hilos 1-113
2020-03-24 19:55:57,053 INFO o.a.j.t.JMeterThread: Thread started: Grupo De Hilos 1-114
2020-03-24 19:55:57,454 INFO o.a.j.t.JMeterThread: Thread started: Grupo De Hilos 1-115
2020-03-24 19:55:57,853 INFO o.a.j.t.JMeterThread: Thread started: Grupo De Hilos 1-116
2020-03-24 19:55:58,252 INFO o.a.j.t.JMeterThread: Thread started: Grupo De Hilos 1-117
2020-03-24 19:55:58,655 INFO o.a.j.t.JMeterThread: Thread started: Grupo De Hilos 1-118
2020-03-24 19:55:59,059 INFO o.a.j.t.JMeterThread: Thread started: Grupo De Hilos 1-119
2020-03-24 19:55:59,452 INFO o.a.j.t.JMeterThread: Thread started: Grupo De Hilos 1-120
2020-03-24 19:55:59,853 INFO o.a.j.t.JMeterThread: Thread started: Grupo De Hilos 1-121
2020-03-24 19:56:00,253 INFO o.a.j.t.JMeterThread: Thread started: Grupo De Hilos 1-122
2020-03-24 19:56:00,312 INFO o.a.j.r.Summariser: summary +     75 in 00:00:30 =    2.5/s Avg:    54 Min:    37 Max:   156 Err:     0 (0.00%) Active: 122 Started: 122 Finished: 0
2020-03-24 19:56:00,313 INFO o.a.j.r.Summariser: summary =    122 in 00:00:49 =    2.5/s Avg:    53 Min:    36 Max:   156 Err:     0 (0.00%)
2020-03-24 19:56:00,654 INFO o.a.j.t.JMeterThread: Thread started: Grupo De Hilos 1-123
2020-03-24 19:56:01,053 INFO o.a.j.t.JMeterThread: Thread started: Grupo De Hilos 1-124
2020-03-24 19:56:01,452 INFO o.a.j.t.JMeterThread: Thread started: Grupo De Hilos 1-125
2020-03-24 19:56:01,855 INFO o.a.j.t.JMeterThread: Thread started: Grupo De Hilos 1-126
2020-03-24 19:56:02,255 INFO o.a.j.t.JMeterThread: Thread started: Grupo De Hilos 1-127
2020-03-24 19:56:02,675 INFO o.a.j.t.JMeterThread: Thread started: Grupo De Hilos 1-128
2020-03-24 19:56:03,062 INFO o.a.j.t.JMeterThread: Thread started: Grupo De Hilos 1-129
2020-03-24 19:56:03,454 INFO o.a.j.t.JMeterThread: Thread started: Grupo De Hilos 1-130
2020-03-24 19:56:03,854 INFO o.a.j.t.JMeterThread: Thread started: Grupo De Hilos 1-131
2020-03-24 19:56:04,254 INFO o.a.j.t.JMeterThread: Thread started: Grupo De Hilos 1-132
2020-03-24 19:56:04,654 INFO o.a.j.t.JMeterThread: Thread started: Grupo De Hilos 1-133
2020-03-24 19:56:05,054 INFO o.a.j.t.JMeterThread: Thread started: Grupo De Hilos 1-134
2020-03-24 19:56:05,459 INFO o.a.j.t.JMeterThread: Thread started: Grupo De Hilos 1-135
2020-03-24 19:56:05,867 INFO o.a.j.t.JMeterThread: Thread started: Grupo De Hilos 1-136
2020-03-24 19:56:06,254 INFO o.a.j.t.JMeterThread: Thread started: Grupo De Hilos 1-137
2020-03-24 19:56:06,659 INFO o.a.j.t.JMeterThread: Thread started: Grupo De Hilos 1-138
2020-03-24 19:56:07,055 INFO o.a.j.t.JMeterThread: Thread started: Grupo De Hilos 1-139
2020-03-24 19:56:07,454 INFO o.a.j.t.JMeterThread: Thread started: Grupo De Hilos 1-140
2020-03-24 19:56:07,855 INFO o.a.j.t.JMeterThread: Thread started: Grupo De Hilos 1-141
2020-03-24 19:56:08,254 INFO o.a.j.t.JMeterThread: Thread started: Grupo De Hilos 1-142
2020-03-24 19:56:08,654 INFO o.a.j.t.JMeterThread: Thread started: Grupo De Hilos 1-143
2020-03-24 19:56:09,053 INFO o.a.j.t.JMeterThread: Thread started: Grupo De Hilos 1-144
2020-03-24 19:56:09,459 INFO o.a.j.t.JMeterThread: Thread started: Grupo De Hilos 1-145
2020-03-24 19:56:09,855 INFO o.a.j.t.JMeterThread: Thread started: Grupo De Hilos 1-146
2020-03-24 19:56:10,259 INFO o.a.j.t.JMeterThread: Thread started: Grupo De Hilos 1-147
2020-03-24 19:56:10,654 INFO o.a.j.t.JMeterThread: Thread started: Grupo De Hilos 1-148
2020-03-24 19:56:11,053 INFO o.a.j.t.JMeterThread: Thread started: Grupo De Hilos 1-149
2020-03-24 19:56:11,454 INFO o.a.j.t.JMeterThread: Thread started: Grupo De Hilos 1-150
2020-03-24 19:56:11,854 INFO o.a.j.t.JMeterThread: Thread started: Grupo De Hilos 1-151
2020-03-24 19:56:12,253 INFO o.a.j.t.JMeterThread: Thread started: Grupo De Hilos 1-152
2020-03-24 19:56:12,655 INFO o.a.j.t.JMeterThread: Thread started: Grupo De Hilos 1-153
2020-03-24 19:56:13,054 INFO o.a.j.t.JMeterThread: Thread started: Grupo De Hilos 1-154
2020-03-24 19:56:13,454 INFO o.a.j.t.JMeterThread: Thread started: Grupo De Hilos 1-155
2020-03-24 19:56:13,853 INFO o.a.j.t.JMeterThread: Thread started: Grupo De Hilos 1-156
2020-03-24 19:56:14,256 INFO o.a.j.t.JMeterThread: Thread started: Grupo De Hilos 1-157
2020-03-24 19:56:14,653 INFO o.a.j.t.JMeterThread: Thread started: Grupo De Hilos 1-158
2020-03-24 19:56:15,055 INFO o.a.j.t.JMeterThread: Thread started: Grupo De Hilos 1-159
2020-03-24 19:56:15,467 INFO o.a.j.t.JMeterThread: Thread started: Grupo De Hilos 1-160
2020-03-24 19:56:15,861 INFO o.a.j.t.JMeterThread: Thread started: Grupo De Hilos 1-161
2020-03-24 19:56:16,254 INFO o.a.j.t.JMeterThread: Thread started: Grupo De Hilos 1-162
2020-03-24 19:56:16,655 INFO o.a.j.t.JMeterThread: Thread started: Grupo De Hilos 1-163
2020-03-24 19:56:17,052 INFO o.a.j.t.JMeterThread: Thread started: Grupo De Hilos 1-164
2020-03-24 19:56:17,463 INFO o.a.j.t.JMeterThread: Thread started: Grupo De Hilos 1-165
2020-03-24 19:56:17,852 INFO o.a.j.t.JMeterThread: Thread started: Grupo De Hilos 1-166
2020-03-24 19:56:18,259 INFO o.a.j.t.JMeterThread: Thread started: Grupo De Hilos 1-167
2020-03-24 19:56:18,654 INFO o.a.j.t.JMeterThread: Thread started: Grupo De Hilos 1-168
2020-03-24 19:56:19,055 INFO o.a.j.t.JMeterThread: Thread started: Grupo De Hilos 1-169
2020-03-24 19:56:19,455 INFO o.a.j.t.JMeterThread: Thread started: Grupo De Hilos 1-170
2020-03-24 19:56:19,868 INFO o.a.j.t.JMeterThread: Thread started: Grupo De Hilos 1-171
2020-03-24 19:56:20,253 INFO o.a.j.t.JMeterThread: Thread started: Grupo De Hilos 1-172
2020-03-24 19:56:20,654 INFO o.a.j.t.JMeterThread: Thread started: Grupo De Hilos 1-173
2020-03-24 19:56:21,054 INFO o.a.j.t.JMeterThread: Thread started: Grupo De Hilos 1-174
2020-03-24 19:56:21,453 INFO o.a.j.t.JMeterThread: Thread started: Grupo De Hilos 1-175
2020-03-24 19:56:21,854 INFO o.a.j.t.JMeterThread: Thread started: Grupo De Hilos 1-176
2020-03-24 19:56:22,259 INFO o.a.j.t.JMeterThread: Thread started: Grupo De Hilos 1-177
2020-03-24 19:56:22,667 INFO o.a.j.t.JMeterThread: Thread started: Grupo De Hilos 1-178
2020-03-24 19:56:23,063 INFO o.a.j.t.JMeterThread: Thread started: Grupo De Hilos 1-179
2020-03-24 19:56:23,454 INFO o.a.j.t.JMeterThread: Thread started: Grupo De Hilos 1-180
2020-03-24 19:56:23,854 INFO o.a.j.t.JMeterThread: Thread started: Grupo De Hilos 1-181
2020-03-24 19:56:24,254 INFO o.a.j.t.JMeterThread: Thread started: Grupo De Hilos 1-182
2020-03-24 19:56:24,663 INFO o.a.j.t.JMeterThread: Thread started: Grupo De Hilos 1-183
2020-03-24 19:56:25,054 INFO o.a.j.t.JMeterThread: Thread started: Grupo De Hilos 1-184
2020-03-24 19:56:25,459 INFO o.a.j.t.JMeterThread: Thread started: Grupo De Hilos 1-185
2020-03-24 19:56:25,853 INFO o.a.j.t.JMeterThread: Thread started: Grupo De Hilos 1-186
2020-03-24 19:56:26,254 INFO o.a.j.t.JMeterThread: Thread started: Grupo De Hilos 1-187
2020-03-24 19:56:26,659 INFO o.a.j.t.JMeterThread: Thread started: Grupo De Hilos 1-188
2020-03-24 19:56:27,054 INFO o.a.j.t.JMeterThread: Thread started: Grupo De Hilos 1-189
2020-03-24 19:56:27,455 INFO o.a.j.t.JMeterThread: Thread started: Grupo De Hilos 1-190
2020-03-24 19:56:27,854 INFO o.a.j.t.JMeterThread: Thread started: Grupo De Hilos 1-191
2020-03-24 19:56:28,253 INFO o.a.j.t.JMeterThread: Thread started: Grupo De Hilos 1-192
2020-03-24 19:56:28,653 INFO o.a.j.t.JMeterThread: Thread started: Grupo De Hilos 1-193
2020-03-24 19:56:29,055 INFO o.a.j.t.JMeterThread: Thread started: Grupo De Hilos 1-194
2020-03-24 19:56:29,452 INFO o.a.j.t.JMeterThread: Thread started: Grupo De Hilos 1-195
2020-03-24 19:56:29,854 INFO o.a.j.t.JMeterThread: Thread started: Grupo De Hilos 1-196
2020-03-24 19:56:30,253 INFO o.a.j.t.JMeterThread: Thread started: Grupo De Hilos 1-197
2020-03-24 19:56:30,653 INFO o.a.j.t.JMeterThread: Thread started: Grupo De Hilos 1-198
2020-03-24 19:56:31,057 INFO o.a.j.t.JMeterThread: Thread started: Grupo De Hilos 1-199
2020-03-24 19:56:31,459 INFO o.a.j.t.JMeterThread: Thread started: Grupo De Hilos 1-200
2020-03-24 19:56:31,852 INFO o.a.j.t.JMeterThread: Thread started: Grupo De Hilos 1-201
2020-03-24 19:56:32,253 INFO o.a.j.t.JMeterThread: Thread started: Grupo De Hilos 1-202
2020-03-24 19:56:32,658 INFO o.a.j.t.JMeterThread: Thread started: Grupo De Hilos 1-203
2020-03-24 19:56:33,054 INFO o.a.j.t.JMeterThread: Thread started: Grupo De Hilos 1-204
2020-03-24 19:56:33,455 INFO o.a.j.t.JMeterThread: Thread started: Grupo De Hilos 1-205
2020-03-24 19:56:33,855 INFO o.a.j.t.JMeterThread: Thread started: Grupo De Hilos 1-206
2020-03-24 19:56:34,254 INFO o.a.j.t.JMeterThread: Thread started: Grupo De Hilos 1-207
2020-03-24 19:56:34,652 INFO o.a.j.t.JMeterThread: Thread started: Grupo De Hilos 1-208
2020-03-24 19:56:35,054 INFO o.a.j.t.JMeterThread: Thread started: Grupo De Hilos 1-209
2020-03-24 19:56:35,454 INFO o.a.j.t.JMeterThread: Thread started: Grupo De Hilos 1-210
2020-03-24 19:56:35,852 INFO o.a.j.t.JMeterThread: Thread started: Grupo De Hilos 1-211
2020-03-24 19:56:36,259 INFO o.a.j.t.JMeterThread: Thread started: Grupo De Hilos 1-212
2020-03-24 19:56:36,654 INFO o.a.j.t.JMeterThread: Thread started: Grupo De Hilos 1-213
2020-03-24 19:56:37,057 INFO o.a.j.t.JMeterThread: Thread started: Grupo De Hilos 1-214
2020-03-24 19:56:37,477 INFO o.a.j.t.JMeterThread: Thread started: Grupo De Hilos 1-215
2020-03-24 19:56:37,859 INFO o.a.j.t.JMeterThread: Thread started: Grupo De Hilos 1-216
2020-03-24 19:56:38,256 INFO o.a.j.t.JMeterThread: Thread started: Grupo De Hilos 1-217
2020-03-24 19:56:38,657 INFO o.a.j.t.JMeterThread: Thread started: Grupo De Hilos 1-218
2020-03-24 19:56:39,063 INFO o.a.j.t.JMeterThread: Thread started: Grupo De Hilos 1-219
2020-03-24 19:56:39,474 INFO o.a.j.t.JMeterThread: Thread started: Grupo De Hilos 1-220
2020-03-24 19:56:39,858 INFO o.a.j.t.JMeterThread: Thread started: Grupo De Hilos 1-221
2020-03-24 19:56:40,254 INFO o.a.j.t.JMeterThread: Thread started: Grupo De Hilos 1-222
2020-03-24 19:56:40,653 INFO o.a.j.t.JMeterThread: Thread started: Grupo De Hilos 1-223
2020-03-24 19:56:41,069 INFO o.a.j.t.JMeterThread: Thread started: Grupo De Hilos 1-224
2020-03-24 19:56:41,459 INFO o.a.j.t.JMeterThread: Thread started: Grupo De Hilos 1-225
2020-03-24 19:56:41,854 INFO o.a.j.t.JMeterThread: Thread started: Grupo De Hilos 1-226
2020-03-24 19:56:42,253 INFO o.a.j.t.JMeterThread: Thread started: Grupo De Hilos 1-227
2020-03-24 19:56:42,655 INFO o.a.j.t.JMeterThread: Thread started: Grupo De Hilos 1-228
2020-03-24 19:56:43,054 INFO o.a.j.t.JMeterThread: Thread started: Grupo De Hilos 1-229
2020-03-24 19:56:43,454 INFO o.a.j.t.JMeterThread: Thread started: Grupo De Hilos 1-230
2020-03-24 19:56:43,853 INFO o.a.j.t.JMeterThread: Thread started: Grupo De Hilos 1-231
2020-03-24 19:56:44,254 INFO o.a.j.t.JMeterThread: Thread started: Grupo De Hilos 1-232
2020-03-24 19:56:44,655 INFO o.a.j.t.JMeterThread: Thread started: Grupo De Hilos 1-233
2020-03-24 19:56:45,054 INFO o.a.j.t.JMeterThread: Thread started: Grupo De Hilos 1-234
2020-03-24 19:56:45,457 INFO o.a.j.t.JMeterThread: Thread started: Grupo De Hilos 1-235
2020-03-24 19:56:45,853 INFO o.a.j.t.JMeterThread: Thread started: Grupo De Hilos 1-236
2020-03-24 19:56:46,255 INFO o.a.j.t.JMeterThread: Thread started: Grupo De Hilos 1-237
2020-03-24 19:56:46,653 INFO o.a.j.t.JMeterThread: Thread started: Grupo De Hilos 1-238
2020-03-24 19:56:47,053 INFO o.a.j.t.JMeterThread: Thread started: Grupo De Hilos 1-239
2020-03-24 19:56:47,453 INFO o.a.j.t.JMeterThread: Thread started: Grupo De Hilos 1-240
2020-03-24 19:56:47,854 INFO o.a.j.t.JMeterThread: Thread started: Grupo De Hilos 1-241
2020-03-24 19:56:48,253 INFO o.a.j.t.JMeterThread: Thread started: Grupo De Hilos 1-242
2020-03-24 19:56:48,656 INFO o.a.j.t.JMeterThread: Thread started: Grupo De Hilos 1-243
2020-03-24 19:56:49,063 INFO o.a.j.t.JMeterThread: Thread started: Grupo De Hilos 1-244
2020-03-24 19:56:49,463 INFO o.a.j.t.JMeterThread: Thread started: Grupo De Hilos 1-245
2020-03-24 19:56:49,854 INFO o.a.j.t.JMeterThread: Thread started: Grupo De Hilos 1-246
2020-03-24 19:56:50,254 INFO o.a.j.t.JMeterThread: Thread started: Grupo De Hilos 1-247
2020-03-24 19:56:50,659 INFO o.a.j.t.JMeterThread: Thread started: Grupo De Hilos 1-248
2020-03-24 19:56:51,054 INFO o.a.j.t.JMeterThread: Thread started: Grupo De Hilos 1-249
2020-03-24 19:56:51,454 INFO o.a.j.t.JMeterThread: Thread started: Grupo De Hilos 1-250
2020-03-24 19:56:51,858 INFO o.a.j.t.JMeterThread: Thread started: Grupo De Hilos 1-251
2020-03-24 19:56:52,255 INFO o.a.j.t.JMeterThread: Thread started: Grupo De Hilos 1-252
2020-03-24 19:56:52,663 INFO o.a.j.t.JMeterThread: Thread started: Grupo De Hilos 1-253
2020-03-24 19:56:53,059 INFO o.a.j.t.JMeterThread: Thread started: Grupo De Hilos 1-254
2020-03-24 19:56:53,456 INFO o.a.j.t.JMeterThread: Thread started: Grupo De Hilos 1-255
2020-03-24 19:56:53,857 INFO o.a.j.t.JMeterThread: Thread started: Grupo De Hilos 1-256
2020-03-24 19:56:54,256 INFO o.a.j.t.JMeterThread: Thread started: Grupo De Hilos 1-257
2020-03-24 19:56:54,662 INFO o.a.j.t.JMeterThread: Thread started: Grupo De Hilos 1-258
2020-03-24 19:56:55,055 INFO o.a.j.t.JMeterThread: Thread started: Grupo De Hilos 1-259
2020-03-24 19:56:55,455 INFO o.a.j.t.JMeterThread: Thread started: Grupo De Hilos 1-260
2020-03-24 19:56:55,858 INFO o.a.j.t.JMeterThread: Thread started: Grupo De Hilos 1-261
2020-03-24 19:56:56,255 INFO o.a.j.t.JMeterThread: Thread started: Grupo De Hilos 1-262
2020-03-24 19:56:56,657 INFO o.a.j.t.JMeterThread: Thread started: Grupo De Hilos 1-263
2020-03-24 19:56:57,063 INFO o.a.j.t.JMeterThread: Thread started: Grupo De Hilos 1-264
2020-03-24 19:56:57,456 INFO o.a.j.t.JMeterThread: Thread started: Grupo De Hilos 1-265
2020-03-24 19:56:57,854 INFO o.a.j.t.JMeterThread: Thread started: Grupo De Hilos 1-266
2020-03-24 19:56:58,259 INFO o.a.j.t.JMeterThread: Thread started: Grupo De Hilos 1-267
2020-03-24 19:56:58,655 INFO o.a.j.t.JMeterThread: Thread started: Grupo De Hilos 1-268
2020-03-24 19:56:59,056 INFO o.a.j.t.JMeterThread: Thread started: Grupo De Hilos 1-269
2020-03-24 19:56:59,459 INFO o.a.j.t.JMeterThread: Thread started: Grupo De Hilos 1-270
2020-03-24 19:56:59,855 INFO o.a.j.t.JMeterThread: Thread started: Grupo De Hilos 1-271
2020-03-24 19:57:00,253 INFO o.a.j.t.JMeterThread: Thread started: Grupo De Hilos 1-272
2020-03-24 19:57:00,659 INFO o.a.j.t.JMeterThread: Thread started: Grupo De Hilos 1-273
2020-03-24 19:57:01,053 INFO o.a.j.t.JMeterThread: Thread started: Grupo De Hilos 1-274
2020-03-24 19:57:01,454 INFO o.a.j.t.JMeterThread: Thread started: Grupo De Hilos 1-275
2020-03-24 19:57:01,854 INFO o.a.j.t.JMeterThread: Thread started: Grupo De Hilos 1-276
2020-03-24 19:57:02,253 INFO o.a.j.t.JMeterThread: Thread started: Grupo De Hilos 1-277
2020-03-24 19:57:02,659 INFO o.a.j.t.JMeterThread: Thread started: Grupo De Hilos 1-278
2020-03-24 19:57:03,052 INFO o.a.j.t.JMeterThread: Thread started: Grupo De Hilos 1-279
2020-03-24 19:57:03,453 INFO o.a.j.t.JMeterThread: Thread started: Grupo De Hilos 1-280
2020-03-24 19:57:03,852 INFO o.a.j.t.JMeterThread: Thread started: Grupo De Hilos 1-281
2020-03-24 19:57:04,252 INFO o.a.j.t.JMeterThread: Thread started: Grupo De Hilos 1-282
2020-03-24 19:57:04,655 INFO o.a.j.t.JMeterThread: Thread started: Grupo De Hilos 1-283
2020-03-24 19:57:05,056 INFO o.a.j.t.JMeterThread: Thread started: Grupo De Hilos 1-284
2020-03-24 19:57:05,453 INFO o.a.j.t.JMeterThread: Thread started: Grupo De Hilos 1-285
2020-03-24 19:57:05,854 INFO o.a.j.t.JMeterThread: Thread started: Grupo De Hilos 1-286
2020-03-24 19:57:06,255 INFO o.a.j.t.JMeterThread: Thread started: Grupo De Hilos 1-287
2020-03-24 19:57:06,653 INFO o.a.j.t.JMeterThread: Thread started: Grupo De Hilos 1-288
2020-03-24 19:57:07,054 INFO o.a.j.t.JMeterThread: Thread started: Grupo De Hilos 1-289
2020-03-24 19:57:07,453 INFO o.a.j.t.JMeterThread: Thread started: Grupo De Hilos 1-290
2020-03-24 19:57:07,853 INFO o.a.j.t.JMeterThread: Thread started: Grupo De Hilos 1-291
2020-03-24 19:57:08,253 INFO o.a.j.t.JMeterThread: Thread started: Grupo De Hilos 1-292
2020-03-24 19:57:08,654 INFO o.a.j.t.JMeterThread: Thread started: Grupo De Hilos 1-293
2020-03-24 19:57:09,054 INFO o.a.j.t.JMeterThread: Thread started: Grupo De Hilos 1-294
2020-03-24 19:57:09,454 INFO o.a.j.t.JMeterThread: Thread started: Grupo De Hilos 1-295
2020-03-24 19:57:09,853 INFO o.a.j.t.JMeterThread: Thread started: Grupo De Hilos 1-296
2020-03-24 19:57:10,254 INFO o.a.j.t.JMeterThread: Thread started: Grupo De Hilos 1-297
2020-03-24 19:57:10,653 INFO o.a.j.t.JMeterThread: Thread started: Grupo De Hilos 1-298
2020-03-24 19:57:11,054 INFO o.a.j.t.JMeterThread: Thread started: Grupo De Hilos 1-299
2020-03-24 19:57:11,464 INFO o.a.j.t.JMeterThread: Thread started: Grupo De Hilos 1-300
2020-03-24 20:01:11,871 INFO o.a.j.t.JMeterThread: Stopping because end time detected by thread: Grupo De Hilos 1-1
2020-03-24 20:01:11,871 INFO o.a.j.t.JMeterThread: Thread finished: Grupo De Hilos 1-1
2020-03-24 20:01:11,879 INFO o.a.j.t.JMeterThread: Stopping because end time detected by thread: Grupo De Hilos 1-3
2020-03-24 20:01:11,880 INFO o.a.j.t.JMeterThread: Stopping because end time detected by thread: Grupo De Hilos 1-2
2020-03-24 20:01:11,880 INFO o.a.j.t.JMeterThread: Thread finished: Grupo De Hilos 1-3
2020-03-24 20:01:11,880 INFO o.a.j.t.JMeterThread: Thread finished: Grupo De Hilos 1-2
2020-03-24 20:01:11,915 INFO o.a.j.t.JMeterThread: Stopping because end time detected by thread: Grupo De Hilos 1-8
2020-03-24 20:01:11,916 INFO o.a.j.t.JMeterThread: Thread finished: Grupo De Hilos 1-8
2020-03-24 20:01:11,930 INFO o.a.j.t.JMeterThread: Stopping because end time detected by thread: Grupo De Hilos 1-16
2020-03-24 20:01:11,930 INFO o.a.j.t.JMeterThread: Thread finished: Grupo De Hilos 1-16
2020-03-24 20:01:11,935 INFO o.a.j.t.JMeterThread: Stopping because end time detected by thread: Grupo De Hilos 1-5
2020-03-24 20:01:11,935 INFO o.a.j.t.JMeterThread: Thread finished: Grupo De Hilos 1-5
2020-03-24 20:01:11,943 INFO o.a.j.t.JMeterThread: Stopping because end time detected by thread: Grupo De Hilos 1-19
2020-03-24 20:01:11,943 INFO o.a.j.t.JMeterThread: Thread finished: Grupo De Hilos 1-19
2020-03-24 20:01:11,955 INFO o.a.j.t.JMeterThread: Stopping because end time detected by thread: Grupo De Hilos 1-20
2020-03-24 20:01:11,955 INFO o.a.j.t.JMeterThread: Thread finished: Grupo De Hilos 1-20
2020-03-24 20:01:11,958 INFO o.a.j.t.JMeterThread: Stopping because end time detected by thread: Grupo De Hilos 1-14
2020-03-24 20:01:11,958 INFO o.a.j.t.JMeterThread: Thread finished: Grupo De Hilos 1-14
2020-03-24 20:01:11,966 INFO o.a.j.t.JMeterThread: Stopping because end time detected by thread: Grupo De Hilos 1-35
2020-03-24 20:01:11,966 INFO o.a.j.t.JMeterThread: Thread finished: Grupo De Hilos 1-35
2020-03-24 20:01:11,968 INFO o.a.j.t.JMeterThread: Stopping because end time detected by thread: Grupo De Hilos 1-24
2020-03-24 20:01:11,968 INFO o.a.j.t.JMeterThread: Thread finished: Grupo De Hilos 1-24
2020-03-24 20:01:11,968 INFO o.a.j.t.JMeterThread: Stopping because end time detected by thread: Grupo De Hilos 1-30
2020-03-24 20:01:11,968 INFO o.a.j.t.JMeterThread: Thread finished: Grupo De Hilos 1-30
2020-03-24 20:01:11,975 INFO o.a.j.t.JMeterThread: Stopping because end time detected by thread: Grupo De Hilos 1-37
2020-03-24 20:01:11,975 INFO o.a.j.t.JMeterThread: Thread finished: Grupo De Hilos 1-37
2020-03-24 20:01:11,979 INFO o.a.j.t.JMeterThread: Stopping because end time detected by thread: Grupo De Hilos 1-40
2020-03-24 20:01:11,979 INFO o.a.j.t.JMeterThread: Thread finished: Grupo De Hilos 1-40
2020-03-24 20:01:11,983 INFO o.a.j.t.JMeterThread: Stopping because end time detected by thread: Grupo De Hilos 1-44
2020-03-24 20:01:11,983 INFO o.a.j.t.JMeterThread: Thread finished: Grupo De Hilos 1-44
2020-03-24 20:01:11,984 INFO o.a.j.t.JMeterThread: Stopping because end time detected by thread: Grupo De Hilos 1-36
2020-03-24 20:01:11,984 INFO o.a.j.t.JMeterThread: Thread finished: Grupo De Hilos 1-36
2020-03-24 20:01:11,984 INFO o.a.j.t.JMeterThread: Stopping because end time detected by thread: Grupo De Hilos 1-13
2020-03-24 20:01:11,985 INFO o.a.j.t.JMeterThread: Thread finished: Grupo De Hilos 1-13
2020-03-24 20:01:11,985 INFO o.a.j.t.JMeterThread: Stopping because end time detected by thread: Grupo De Hilos 1-31
2020-03-24 20:01:11,985 INFO o.a.j.t.JMeterThread: Thread finished: Grupo De Hilos 1-31
2020-03-24 20:01:11,991 INFO o.a.j.t.JMeterThread: Stopping because end time detected by thread: Grupo De Hilos 1-6
2020-03-24 20:01:11,991 INFO o.a.j.t.JMeterThread: Stopping because end time detected by thread: Grupo De Hilos 1-33
2020-03-24 20:01:11,991 INFO o.a.j.t.JMeterThread: Thread finished: Grupo De Hilos 1-6
2020-03-24 20:01:11,991 INFO o.a.j.t.JMeterThread: Thread finished: Grupo De Hilos 1-33
2020-03-24 20:01:11,992 INFO o.a.j.t.JMeterThread: Stopping because end time detected by thread: Grupo De Hilos 1-32
2020-03-24 20:01:11,992 INFO o.a.j.t.JMeterThread: Thread finished: Grupo De Hilos 1-32
2020-03-24 20:01:11,998 INFO o.a.j.t.JMeterThread: Stopping because end time detected by thread: Grupo De Hilos 1-60
2020-03-24 20:01:11,998 INFO o.a.j.t.JMeterThread: Thread finished: Grupo De Hilos 1-60
2020-03-24 20:01:12,019 INFO o.a.j.t.JMeterThread: Stopping because end time detected by thread: Grupo De Hilos 1-7
2020-03-24 20:01:12,019 INFO o.a.j.t.JMeterThread: Thread finished: Grupo De Hilos 1-7
2020-03-24 20:01:12,023 INFO o.a.j.t.JMeterThread: Stopping because end time detected by thread: Grupo De Hilos 1-21
2020-03-24 20:01:12,023 INFO o.a.j.t.JMeterThread: Stopping because end time detected by thread: Grupo De Hilos 1-59
2020-03-24 20:01:12,023 INFO o.a.j.t.JMeterThread: Thread finished: Grupo De Hilos 1-21
2020-03-24 20:01:12,024 INFO o.a.j.t.JMeterThread: Stopping because end time detected by thread: Grupo De Hilos 1-90
2020-03-24 20:01:12,024 INFO o.a.j.t.JMeterThread: Thread finished: Grupo De Hilos 1-90
2020-03-24 20:01:12,024 INFO o.a.j.t.JMeterThread: Stopping because end time detected by thread: Grupo De Hilos 1-39
2020-03-24 20:01:12,024 INFO o.a.j.t.JMeterThread: Thread finished: Grupo De Hilos 1-39
2020-03-24 20:01:12,026 INFO o.a.j.t.JMeterThread: Thread finished: Grupo De Hilos 1-59
2020-03-24 20:01:12,031 INFO o.a.j.t.JMeterThread: Stopping because end time detected by thread: Grupo De Hilos 1-85
2020-03-24 20:01:12,031 INFO o.a.j.t.JMeterThread: Thread finished: Grupo De Hilos 1-85
2020-03-24 20:01:12,032 INFO o.a.j.t.JMeterThread: Stopping because end time detected by thread: Grupo De Hilos 1-93
2020-03-24 20:01:12,032 INFO o.a.j.t.JMeterThread: Thread finished: Grupo De Hilos 1-93
2020-03-24 20:01:12,043 INFO o.a.j.t.JMeterThread: Stopping because end time detected by thread: Grupo De Hilos 1-63
2020-03-24 20:01:12,043 INFO o.a.j.t.JMeterThread: Thread finished: Grupo De Hilos 1-63
2020-03-24 20:01:12,044 INFO o.a.j.t.JMeterThread: Stopping because end time detected by thread: Grupo De Hilos 1-74
2020-03-24 20:01:12,044 INFO o.a.j.t.JMeterThread: Thread finished: Grupo De Hilos 1-74
2020-03-24 20:01:12,053 INFO o.a.j.t.JMeterThread: Stopping because end time detected by thread: Grupo De Hilos 1-104
2020-03-24 20:01:12,053 INFO o.a.j.t.JMeterThread: Thread finished: Grupo De Hilos 1-104
2020-03-24 20:01:12,055 INFO o.a.j.t.JMeterThread: Stopping because end time detected by thread: Grupo De Hilos 1-23
2020-03-24 20:01:12,055 INFO o.a.j.t.JMeterThread: Stopping because end time detected by thread: Grupo De Hilos 1-96
2020-03-24 20:01:12,055 INFO o.a.j.t.JMeterThread: Thread finished: Grupo De Hilos 1-23
2020-03-24 20:01:12,055 INFO o.a.j.t.JMeterThread: Stopping because end time detected by thread: Grupo De Hilos 1-76
2020-03-24 20:01:12,056 INFO o.a.j.t.JMeterThread: Thread finished: Grupo De Hilos 1-76
2020-03-24 20:01:12,056 INFO o.a.j.t.JMeterThread: Stopping because end time detected by thread: Grupo De Hilos 1-43
2020-03-24 20:01:12,056 INFO o.a.j.t.JMeterThread: Thread finished: Grupo De Hilos 1-43
2020-03-24 20:01:12,057 INFO o.a.j.t.JMeterThread: Stopping because end time detected by thread: Grupo De Hilos 1-68
2020-03-24 20:01:12,057 INFO o.a.j.t.JMeterThread: Thread finished: Grupo De Hilos 1-68
2020-03-24 20:01:12,057 INFO o.a.j.t.JMeterThread: Stopping because end time detected by thread: Grupo De Hilos 1-17
2020-03-24 20:01:12,057 INFO o.a.j.t.JMeterThread: Thread finished: Grupo De Hilos 1-17
2020-03-24 20:01:12,067 INFO o.a.j.t.JMeterThread: Stopping because end time detected by thread: Grupo De Hilos 1-87
2020-03-24 20:01:12,067 INFO o.a.j.t.JMeterThread: Thread finished: Grupo De Hilos 1-87
2020-03-24 20:01:12,068 INFO o.a.j.t.JMeterThread: Stopping because end time detected by thread: Grupo De Hilos 1-77
2020-03-24 20:01:12,068 INFO o.a.j.t.JMeterThread: Thread finished: Grupo De Hilos 1-77
2020-03-24 20:01:12,068 INFO o.a.j.t.JMeterThread: Thread finished: Grupo De Hilos 1-96
2020-03-24 20:01:12,069 INFO o.a.j.t.JMeterThread: Stopping because end time detected by thread: Grupo De Hilos 1-121
2020-03-24 20:01:12,069 INFO o.a.j.t.JMeterThread: Thread finished: Grupo De Hilos 1-121
2020-03-24 20:01:12,075 INFO o.a.j.t.JMeterThread: Stopping because end time detected by thread: Grupo De Hilos 1-86
2020-03-24 20:01:12,075 INFO o.a.j.t.JMeterThread: Thread finished: Grupo De Hilos 1-86
2020-03-24 20:01:12,076 INFO o.a.j.t.JMeterThread: Stopping because end time detected by thread: Grupo De Hilos 1-4
2020-03-24 20:01:12,076 INFO o.a.j.t.JMeterThread: Thread finished: Grupo De Hilos 1-4
2020-03-24 20:01:12,077 INFO o.a.j.t.JMeterThread: Stopping because end time detected by thread: Grupo De Hilos 1-114
2020-03-24 20:01:12,077 INFO o.a.j.t.JMeterThread: Thread finished: Grupo De Hilos 1-114
2020-03-24 20:01:12,077 INFO o.a.j.t.JMeterThread: Stopping because end time detected by thread: Grupo De Hilos 1-25
2020-03-24 20:01:12,077 INFO o.a.j.t.JMeterThread: Thread finished: Grupo De Hilos 1-25
2020-03-24 20:01:12,078 INFO o.a.j.t.JMeterThread: Stopping because end time detected by thread: Grupo De Hilos 1-111
2020-03-24 20:01:12,078 INFO o.a.j.t.JMeterThread: Thread finished: Grupo De Hilos 1-111
2020-03-24 20:01:12,091 INFO o.a.j.t.JMeterThread: Stopping because end time detected by thread: Grupo De Hilos 1-34
2020-03-24 20:01:12,091 INFO o.a.j.t.JMeterThread: Stopping because end time detected by thread: Grupo De Hilos 1-46
2020-03-24 20:01:12,091 INFO o.a.j.t.JMeterThread: Stopping because end time detected by thread: Grupo De Hilos 1-115
2020-03-24 20:01:12,091 INFO o.a.j.t.JMeterThread: Thread finished: Grupo De Hilos 1-34
2020-03-24 20:01:12,091 INFO o.a.j.t.JMeterThread: Thread finished: Grupo De Hilos 1-46
2020-03-24 20:01:12,092 INFO o.a.j.t.JMeterThread: Stopping because end time detected by thread: Grupo De Hilos 1-75
2020-03-24 20:01:12,092 INFO o.a.j.t.JMeterThread: Stopping because end time detected by thread: Grupo De Hilos 1-126
2020-03-24 20:01:12,092 INFO o.a.j.t.JMeterThread: Thread finished: Grupo De Hilos 1-75
2020-03-24 20:01:12,092 INFO o.a.j.t.JMeterThread: Thread finished: Grupo De Hilos 1-126
2020-03-24 20:01:12,092 INFO o.a.j.t.JMeterThread: Stopping because end time detected by thread: Grupo De Hilos 1-136
2020-03-24 20:01:12,092 INFO o.a.j.t.JMeterThread: Thread finished: Grupo De Hilos 1-136
2020-03-24 20:01:12,093 INFO o.a.j.t.JMeterThread: Stopping because end time detected by thread: Grupo De Hilos 1-70
2020-03-24 20:01:12,093 INFO o.a.j.t.JMeterThread: Thread finished: Grupo De Hilos 1-70
2020-03-24 20:01:12,093 INFO o.a.j.t.JMeterThread: Stopping because end time detected by thread: Grupo De Hilos 1-53
2020-03-24 20:01:12,093 INFO o.a.j.t.JMeterThread: Thread finished: Grupo De Hilos 1-53
2020-03-24 20:01:12,093 INFO o.a.j.t.JMeterThread: Stopping because end time detected by thread: Grupo De Hilos 1-71
2020-03-24 20:01:12,094 INFO o.a.j.t.JMeterThread: Thread finished: Grupo De Hilos 1-71
2020-03-24 20:01:12,094 INFO o.a.j.t.JMeterThread: Stopping because end time detected by thread: Grupo De Hilos 1-28
2020-03-24 20:01:12,094 INFO o.a.j.t.JMeterThread: Thread finished: Grupo De Hilos 1-28
2020-03-24 20:01:12,095 INFO o.a.j.t.JMeterThread: Stopping because end time detected by thread: Grupo De Hilos 1-122
2020-03-24 20:01:12,095 INFO o.a.j.t.JMeterThread: Stopping because end time detected by thread: Grupo De Hilos 1-132
2020-03-24 20:01:12,095 INFO o.a.j.t.JMeterThread: Thread finished: Grupo De Hilos 1-122
2020-03-24 20:01:12,095 INFO o.a.j.t.JMeterThread: Thread finished: Grupo De Hilos 1-132
2020-03-24 20:01:12,095 INFO o.a.j.t.JMeterThread: Stopping because end time detected by thread: Grupo De Hilos 1-103
2020-03-24 20:01:12,095 INFO o.a.j.t.JMeterThread: Thread finished: Grupo De Hilos 1-103
2020-03-24 20:01:12,095 INFO o.a.j.t.JMeterThread: Stopping because end time detected by thread: Grupo De Hilos 1-67
2020-03-24 20:01:12,096 INFO o.a.j.t.JMeterThread: Thread finished: Grupo De Hilos 1-67
2020-03-24 20:01:12,096 INFO o.a.j.t.JMeterThread: Stopping because end time detected by thread: Grupo De Hilos 1-41
2020-03-24 20:01:12,096 INFO o.a.j.t.JMeterThread: Thread finished: Grupo De Hilos 1-41
2020-03-24 20:01:12,096 INFO o.a.j.t.JMeterThread: Stopping because end time detected by thread: Grupo De Hilos 1-49
2020-03-24 20:01:12,096 INFO o.a.j.t.JMeterThread: Thread finished: Grupo De Hilos 1-49
2020-03-24 20:01:12,096 INFO o.a.j.t.JMeterThread: Stopping because end time detected by thread: Grupo De Hilos 1-99
2020-03-24 20:01:12,096 INFO o.a.j.t.JMeterThread: Thread finished: Grupo De Hilos 1-99
2020-03-24 20:01:12,097 INFO o.a.j.t.JMeterThread: Stopping because end time detected by thread: Grupo De Hilos 1-48
2020-03-24 20:01:12,097 INFO o.a.j.t.JMeterThread: Thread finished: Grupo De Hilos 1-48
2020-03-24 20:01:12,097 INFO o.a.j.t.JMeterThread: Stopping because end time detected by thread: Grupo De Hilos 1-22
2020-03-24 20:01:12,097 INFO o.a.j.t.JMeterThread: Thread finished: Grupo De Hilos 1-22
2020-03-24 20:01:12,097 INFO o.a.j.t.JMeterThread: Stopping because end time detected by thread: Grupo De Hilos 1-137
2020-03-24 20:01:12,097 INFO o.a.j.t.JMeterThread: Thread finished: Grupo De Hilos 1-137
2020-03-24 20:01:12,097 INFO o.a.j.t.JMeterThread: Stopping because end time detected by thread: Grupo De Hilos 1-84
2020-03-24 20:01:12,097 INFO o.a.j.t.JMeterThread: Thread finished: Grupo De Hilos 1-84
2020-03-24 20:01:12,098 INFO o.a.j.t.JMeterThread: Stopping because end time detected by thread: Grupo De Hilos 1-51
2020-03-24 20:01:12,098 INFO o.a.j.t.JMeterThread: Thread finished: Grupo De Hilos 1-51
2020-03-24 20:01:12,098 INFO o.a.j.t.JMeterThread: Stopping because end time detected by thread: Grupo De Hilos 1-61
2020-03-24 20:01:12,098 INFO o.a.j.t.JMeterThread: Thread finished: Grupo De Hilos 1-61
2020-03-24 20:01:12,098 INFO o.a.j.t.JMeterThread: Stopping because end time detected by thread: Grupo De Hilos 1-26
2020-03-24 20:01:12,099 INFO o.a.j.t.JMeterThread: Thread finished: Grupo De Hilos 1-26
2020-03-24 20:01:12,099 INFO o.a.j.t.JMeterThread: Stopping because end time detected by thread: Grupo De Hilos 1-97
2020-03-24 20:01:12,099 INFO o.a.j.t.JMeterThread: Thread finished: Grupo De Hilos 1-97
2020-03-24 20:01:12,100 INFO o.a.j.t.JMeterThread: Stopping because end time detected by thread: Grupo De Hilos 1-83
2020-03-24 20:01:12,100 INFO o.a.j.t.JMeterThread: Thread finished: Grupo De Hilos 1-83
2020-03-24 20:01:12,100 INFO o.a.j.t.JMeterThread: Stopping because end time detected by thread: Grupo De Hilos 1-110
2020-03-24 20:01:12,100 INFO o.a.j.t.JMeterThread: Thread finished: Grupo De Hilos 1-110
2020-03-24 20:01:12,101 INFO o.a.j.t.JMeterThread: Stopping because end time detected by thread: Grupo De Hilos 1-144
2020-03-24 20:01:12,101 INFO o.a.j.t.JMeterThread: Stopping because end time detected by thread: Grupo De Hilos 1-18
2020-03-24 20:01:12,101 INFO o.a.j.t.JMeterThread: Thread finished: Grupo De Hilos 1-144
2020-03-24 20:01:12,101 INFO o.a.j.t.JMeterThread: Thread finished: Grupo De Hilos 1-18
2020-03-24 20:01:12,101 INFO o.a.j.t.JMeterThread: Stopping because end time detected by thread: Grupo De Hilos 1-73
2020-03-24 20:01:12,101 INFO o.a.j.t.JMeterThread: Thread finished: Grupo De Hilos 1-115
2020-03-24 20:01:12,093 INFO o.a.j.t.JMeterThread: Stopping because end time detected by thread: Grupo De Hilos 1-119
2020-03-24 20:01:12,106 INFO o.a.j.t.JMeterThread: Stopping because end time detected by thread: Grupo De Hilos 1-105
2020-03-24 20:01:12,107 INFO o.a.j.t.JMeterThread: Stopping because end time detected by thread: Grupo De Hilos 1-50
2020-03-24 20:01:12,107 INFO o.a.j.t.JMeterThread: Thread finished: Grupo De Hilos 1-105
2020-03-24 20:01:12,107 INFO o.a.j.t.JMeterThread: Thread finished: Grupo De Hilos 1-50
2020-03-24 20:01:12,107 INFO o.a.j.t.JMeterThread: Stopping because end time detected by thread: Grupo De Hilos 1-133
2020-03-24 20:01:12,108 INFO o.a.j.t.JMeterThread: Thread finished: Grupo De Hilos 1-133
2020-03-24 20:01:12,103 INFO o.a.j.t.JMeterThread: Stopping because end time detected by thread: Grupo De Hilos 1-52
2020-03-24 20:01:12,104 INFO o.a.j.t.JMeterThread: Stopping because end time detected by thread: Grupo De Hilos 1-65
2020-03-24 20:01:12,108 INFO o.a.j.t.JMeterThread: Thread finished: Grupo De Hilos 1-52
2020-03-24 20:01:12,108 INFO o.a.j.t.JMeterThread: Thread finished: Grupo De Hilos 1-65
2020-03-24 20:01:12,108 INFO o.a.j.t.JMeterThread: Stopping because end time detected by thread: Grupo De Hilos 1-95
2020-03-24 20:01:12,109 INFO o.a.j.t.JMeterThread: Stopping because end time detected by thread: Grupo De Hilos 1-72
2020-03-24 20:01:12,109 INFO o.a.j.t.JMeterThread: Stopping because end time detected by thread: Grupo De Hilos 1-155
2020-03-24 20:01:12,109 INFO o.a.j.t.JMeterThread: Stopping because end time detected by thread: Grupo De Hilos 1-145
2020-03-24 20:01:12,109 INFO o.a.j.t.JMeterThread: Stopping because end time detected by thread: Grupo De Hilos 1-154
2020-03-24 20:01:12,103 INFO o.a.j.t.JMeterThread: Stopping because end time detected by thread: Grupo De Hilos 1-64
2020-03-24 20:01:12,109 INFO o.a.j.t.JMeterThread: Thread finished: Grupo De Hilos 1-145
2020-03-24 20:01:12,109 INFO o.a.j.t.JMeterThread: Thread finished: Grupo De Hilos 1-154
2020-03-24 20:01:12,109 INFO o.a.j.t.JMeterThread: Thread finished: Grupo De Hilos 1-64
2020-03-24 20:01:12,107 INFO o.a.j.t.JMeterThread: Stopping because end time detected by thread: Grupo De Hilos 1-153
2020-03-24 20:01:12,104 INFO o.a.j.t.JMeterThread: Stopping because end time detected by thread: Grupo De Hilos 1-128
2020-03-24 20:01:12,103 INFO o.a.j.t.JMeterThread: Stopping because end time detected by thread: Grupo De Hilos 1-80
2020-03-24 20:01:12,109 INFO o.a.j.t.JMeterThread: Thread finished: Grupo De Hilos 1-128
2020-03-24 20:01:12,109 INFO o.a.j.t.JMeterThread: Thread finished: Grupo De Hilos 1-80
2020-03-24 20:01:12,103 INFO o.a.j.t.JMeterThread: Thread finished: Grupo De Hilos 1-73
2020-03-24 20:01:12,110 INFO o.a.j.t.JMeterThread: Stopping because end time detected by thread: Grupo De Hilos 1-101
2020-03-24 20:01:12,107 INFO o.a.j.t.JMeterThread: Stopping because end time detected by thread: Grupo De Hilos 1-123
2020-03-24 20:01:12,110 INFO o.a.j.t.JMeterThread: Thread finished: Grupo De Hilos 1-101
2020-03-24 20:01:12,106 INFO o.a.j.t.JMeterThread: Stopping because end time detected by thread: Grupo De Hilos 1-29
2020-03-24 20:01:12,110 INFO o.a.j.t.JMeterThread: Thread finished: Grupo De Hilos 1-153
2020-03-24 20:01:12,110 INFO o.a.j.t.JMeterThread: Thread finished: Grupo De Hilos 1-29
2020-03-24 20:01:12,105 INFO o.a.j.t.JMeterThread: Stopping because end time detected by thread: Grupo De Hilos 1-9
2020-03-24 20:01:12,110 INFO o.a.j.t.JMeterThread: Thread finished: Grupo De Hilos 1-9
2020-03-24 20:01:12,105 INFO o.a.j.t.JMeterThread: Stopping because end time detected by thread: Grupo De Hilos 1-56
2020-03-24 20:01:12,110 INFO o.a.j.t.JMeterThread: Stopping because end time detected by thread: Grupo De Hilos 1-11
2020-03-24 20:01:12,105 INFO o.a.j.t.JMeterThread: Stopping because end time detected by thread: Grupo De Hilos 1-79
2020-03-24 20:01:12,111 INFO o.a.j.t.JMeterThread: Thread finished: Grupo De Hilos 1-11
2020-03-24 20:01:12,111 INFO o.a.j.t.JMeterThread: Thread finished: Grupo De Hilos 1-79
2020-03-24 20:01:12,105 INFO o.a.j.t.JMeterThread: Stopping because end time detected by thread: Grupo De Hilos 1-27
2020-03-24 20:01:12,111 INFO o.a.j.t.JMeterThread: Thread finished: Grupo De Hilos 1-27
2020-03-24 20:01:12,105 INFO o.a.j.t.JMeterThread: Stopping because end time detected by thread: Grupo De Hilos 1-47
2020-03-24 20:01:12,112 INFO o.a.j.t.JMeterThread: Thread finished: Grupo De Hilos 1-47
2020-03-24 20:01:12,105 INFO o.a.j.t.JMeterThread: Stopping because end time detected by thread: Grupo De Hilos 1-143
2020-03-24 20:01:12,112 INFO o.a.j.t.JMeterThread: Thread finished: Grupo De Hilos 1-143
2020-03-24 20:01:12,105 INFO o.a.j.t.JMeterThread: Stopping because end time detected by thread: Grupo De Hilos 1-102
2020-03-24 20:01:12,112 INFO o.a.j.t.JMeterThread: Thread finished: Grupo De Hilos 1-102
2020-03-24 20:01:12,104 INFO o.a.j.t.JMeterThread: Stopping because end time detected by thread: Grupo De Hilos 1-57
2020-03-24 20:01:12,113 INFO o.a.j.t.JMeterThread: Thread finished: Grupo De Hilos 1-57
2020-03-24 20:01:12,104 INFO o.a.j.t.JMeterThread: Stopping because end time detected by thread: Grupo De Hilos 1-129
2020-03-24 20:01:12,113 INFO o.a.j.t.JMeterThread: Thread finished: Grupo De Hilos 1-129
2020-03-24 20:01:12,104 INFO o.a.j.t.JMeterThread: Stopping because end time detected by thread: Grupo De Hilos 1-58
2020-03-24 20:01:12,114 INFO o.a.j.t.JMeterThread: Thread finished: Grupo De Hilos 1-58
2020-03-24 20:01:12,115 INFO o.a.j.t.JMeterThread: Stopping because end time detected by thread: Grupo De Hilos 1-12
2020-03-24 20:01:12,115 INFO o.a.j.t.JMeterThread: Thread finished: Grupo De Hilos 1-12
2020-03-24 20:01:12,116 INFO o.a.j.t.JMeterThread: Stopping because end time detected by thread: Grupo De Hilos 1-124
2020-03-24 20:01:12,116 INFO o.a.j.t.JMeterThread: Stopping because end time detected by thread: Grupo De Hilos 1-106
2020-03-24 20:01:12,116 INFO o.a.j.t.JMeterThread: Thread finished: Grupo De Hilos 1-124
2020-03-24 20:01:12,116 INFO o.a.j.t.JMeterThread: Thread finished: Grupo De Hilos 1-106
2020-03-24 20:01:12,103 INFO o.a.j.t.JMeterThread: Stopping because end time detected by thread: Grupo De Hilos 1-91
2020-03-24 20:01:12,116 INFO o.a.j.t.JMeterThread: Thread finished: Grupo De Hilos 1-91
2020-03-24 20:01:12,116 INFO o.a.j.t.JMeterThread: Stopping because end time detected by thread: Grupo De Hilos 1-69
2020-03-24 20:01:12,110 INFO o.a.j.t.JMeterThread: Thread finished: Grupo De Hilos 1-56
2020-03-24 20:01:12,110 INFO o.a.j.t.JMeterThread: Stopping because end time detected by thread: Grupo De Hilos 1-88
2020-03-24 20:01:12,117 INFO o.a.j.t.JMeterThread: Thread finished: Grupo De Hilos 1-88
2020-03-24 20:01:12,117 INFO o.a.j.t.JMeterThread: Stopping because end time detected by thread: Grupo De Hilos 1-55
2020-03-24 20:01:12,117 INFO o.a.j.t.JMeterThread: Thread finished: Grupo De Hilos 1-55
2020-03-24 20:01:12,117 INFO o.a.j.t.JMeterThread: Stopping because end time detected by thread: Grupo De Hilos 1-141
2020-03-24 20:01:12,117 INFO o.a.j.t.JMeterThread: Thread finished: Grupo De Hilos 1-123
2020-03-24 20:01:12,117 INFO o.a.j.t.JMeterThread: Thread finished: Grupo De Hilos 1-141
2020-03-24 20:01:12,117 INFO o.a.j.t.JMeterThread: Stopping because end time detected by thread: Grupo De Hilos 1-159
2020-03-24 20:01:12,117 INFO o.a.j.t.JMeterThread: Thread finished: Grupo De Hilos 1-159
2020-03-24 20:01:12,118 INFO o.a.j.t.JMeterThread: Stopping because end time detected by thread: Grupo De Hilos 1-108
2020-03-24 20:01:12,118 INFO o.a.j.t.JMeterThread: Thread finished: Grupo De Hilos 1-108
2020-03-24 20:01:12,118 INFO o.a.j.t.JMeterThread: Stopping because end time detected by thread: Grupo De Hilos 1-113
2020-03-24 20:01:12,119 INFO o.a.j.t.JMeterThread: Thread finished: Grupo De Hilos 1-113
2020-03-24 20:01:12,119 INFO o.a.j.t.JMeterThread: Stopping because end time detected by thread: Grupo De Hilos 1-15
2020-03-24 20:01:12,119 INFO o.a.j.t.JMeterThread: Thread finished: Grupo De Hilos 1-15
2020-03-24 20:01:12,119 INFO o.a.j.t.JMeterThread: Stopping because end time detected by thread: Grupo De Hilos 1-89
2020-03-24 20:01:12,119 INFO o.a.j.t.JMeterThread: Thread finished: Grupo De Hilos 1-89
2020-03-24 20:01:12,119 INFO o.a.j.t.JMeterThread: Stopping because end time detected by thread: Grupo De Hilos 1-116
2020-03-24 20:01:12,119 INFO o.a.j.t.JMeterThread: Stopping because end time detected by thread: Grupo De Hilos 1-107
2020-03-24 20:01:12,120 INFO o.a.j.t.JMeterThread: Thread finished: Grupo De Hilos 1-116
2020-03-24 20:01:12,120 INFO o.a.j.t.JMeterThread: Stopping because end time detected by thread: Grupo De Hilos 1-54
2020-03-24 20:01:12,120 INFO o.a.j.t.JMeterThread: Thread finished: Grupo De Hilos 1-54
2020-03-24 20:01:12,120 INFO o.a.j.t.JMeterThread: Stopping because end time detected by thread: Grupo De Hilos 1-92
2020-03-24 20:01:12,120 INFO o.a.j.t.JMeterThread: Thread finished: Grupo De Hilos 1-92
2020-03-24 20:01:12,121 INFO o.a.j.t.JMeterThread: Stopping because end time detected by thread: Grupo De Hilos 1-125
2020-03-24 20:01:12,121 INFO o.a.j.t.JMeterThread: Thread finished: Grupo De Hilos 1-125
2020-03-24 20:01:12,109 INFO o.a.j.t.JMeterThread: Thread finished: Grupo De Hilos 1-72
2020-03-24 20:01:12,123 INFO o.a.j.t.JMeterThread: Stopping because end time detected by thread: Grupo De Hilos 1-140
2020-03-24 20:01:12,109 INFO o.a.j.t.JMeterThread: Thread finished: Grupo De Hilos 1-95
2020-03-24 20:01:12,123 INFO o.a.j.t.JMeterThread: Thread finished: Grupo De Hilos 1-140
2020-03-24 20:01:12,107 INFO o.a.j.t.JMeterThread: Stopping because end time detected by thread: Grupo De Hilos 1-98
2020-03-24 20:01:12,123 INFO o.a.j.t.JMeterThread: Thread finished: Grupo De Hilos 1-98
2020-03-24 20:01:12,124 INFO o.a.j.t.JMeterThread: Thread finished: Grupo De Hilos 1-107
2020-03-24 20:01:12,117 INFO o.a.j.t.JMeterThread: Thread finished: Grupo De Hilos 1-119
2020-03-24 20:01:12,116 INFO o.a.j.t.JMeterThread: Thread finished: Grupo De Hilos 1-69
2020-03-24 20:01:12,125 INFO o.a.j.t.JMeterThread: Thread finished: Grupo De Hilos 1-155
2020-03-24 20:01:12,135 INFO o.a.j.t.JMeterThread: Stopping because end time detected by thread: Grupo De Hilos 1-171
2020-03-24 20:01:12,135 INFO o.a.j.t.JMeterThread: Thread finished: Grupo De Hilos 1-171
2020-03-24 20:01:12,138 INFO o.a.j.t.JMeterThread: Stopping because end time detected by thread: Grupo De Hilos 1-188
2020-03-24 20:01:12,138 INFO o.a.j.t.JMeterThread: Thread finished: Grupo De Hilos 1-188
2020-03-24 20:01:12,146 INFO o.a.j.t.JMeterThread: Stopping because end time detected by thread: Grupo De Hilos 1-201
2020-03-24 20:01:12,146 INFO o.a.j.t.JMeterThread: Thread finished: Grupo De Hilos 1-201
2020-03-24 20:01:12,147 INFO o.a.j.t.JMeterThread: Stopping because end time detected by thread: Grupo De Hilos 1-182
2020-03-24 20:01:12,147 INFO o.a.j.t.JMeterThread: Thread finished: Grupo De Hilos 1-182
2020-03-24 20:01:12,147 INFO o.a.j.t.JMeterThread: Stopping because end time detected by thread: Grupo De Hilos 1-193
2020-03-24 20:01:12,147 INFO o.a.j.t.JMeterThread: Thread finished: Grupo De Hilos 1-193
2020-03-24 20:01:12,148 INFO o.a.j.t.JMeterThread: Stopping because end time detected by thread: Grupo De Hilos 1-190
2020-03-24 20:01:12,148 INFO o.a.j.t.JMeterThread: Thread finished: Grupo De Hilos 1-190
2020-03-24 20:01:12,151 INFO o.a.j.t.JMeterThread: Stopping because end time detected by thread: Grupo De Hilos 1-196
2020-03-24 20:01:12,152 INFO o.a.j.t.JMeterThread: Thread finished: Grupo De Hilos 1-196
2020-03-24 20:01:12,153 INFO o.a.j.t.JMeterThread: Stopping because end time detected by thread: Grupo De Hilos 1-200
2020-03-24 20:01:12,154 INFO o.a.j.t.JMeterThread: Thread finished: Grupo De Hilos 1-200
2020-03-24 20:01:12,154 INFO o.a.j.t.JMeterThread: Stopping because end time detected by thread: Grupo De Hilos 1-186
2020-03-24 20:01:12,154 INFO o.a.j.t.JMeterThread: Thread finished: Grupo De Hilos 1-186
2020-03-24 20:01:12,154 INFO o.a.j.t.JMeterThread: Stopping because end time detected by thread: Grupo De Hilos 1-205
2020-03-24 20:01:12,154 INFO o.a.j.t.JMeterThread: Thread finished: Grupo De Hilos 1-205
2020-03-24 20:01:12,155 INFO o.a.j.t.JMeterThread: Stopping because end time detected by thread: Grupo De Hilos 1-210
2020-03-24 20:01:12,155 INFO o.a.j.t.JMeterThread: Thread finished: Grupo De Hilos 1-210
2020-03-24 20:01:12,158 INFO o.a.j.t.JMeterThread: Stopping because end time detected by thread: Grupo De Hilos 1-213
2020-03-24 20:01:12,158 INFO o.a.j.t.JMeterThread: Thread finished: Grupo De Hilos 1-213
2020-03-24 20:01:12,158 INFO o.a.j.t.JMeterThread: Stopping because end time detected by thread: Grupo De Hilos 1-203
2020-03-24 20:01:12,158 INFO o.a.j.t.JMeterThread: Thread finished: Grupo De Hilos 1-203
2020-03-24 20:01:12,159 INFO o.a.j.t.JMeterThread: Stopping because end time detected by thread: Grupo De Hilos 1-215
2020-03-24 20:01:12,159 INFO o.a.j.t.JMeterThread: Thread finished: Grupo De Hilos 1-215
2020-03-24 20:01:12,160 INFO o.a.j.t.JMeterThread: Stopping because end time detected by thread: Grupo De Hilos 1-209
2020-03-24 20:01:12,161 INFO o.a.j.t.JMeterThread: Thread finished: Grupo De Hilos 1-209
2020-03-24 20:01:12,164 INFO o.a.j.t.JMeterThread: Stopping because end time detected by thread: Grupo De Hilos 1-204
2020-03-24 20:01:12,164 INFO o.a.j.t.JMeterThread: Thread finished: Grupo De Hilos 1-204
2020-03-24 20:01:12,175 INFO o.a.j.t.JMeterThread: Stopping because end time detected by thread: Grupo De Hilos 1-218
2020-03-24 20:01:12,175 INFO o.a.j.t.JMeterThread: Thread finished: Grupo De Hilos 1-218
2020-03-24 20:01:12,176 INFO o.a.j.t.JMeterThread: Stopping because end time detected by thread: Grupo De Hilos 1-207
2020-03-24 20:01:12,176 INFO o.a.j.t.JMeterThread: Thread finished: Grupo De Hilos 1-207
2020-03-24 20:01:12,186 INFO o.a.j.t.JMeterThread: Stopping because end time detected by thread: Grupo De Hilos 1-219
2020-03-24 20:01:12,187 INFO o.a.j.t.JMeterThread: Thread finished: Grupo De Hilos 1-219
2020-03-24 20:01:12,202 INFO o.a.j.t.JMeterThread: Stopping because end time detected by thread: Grupo De Hilos 1-224
2020-03-24 20:01:12,203 INFO o.a.j.t.JMeterThread: Thread finished: Grupo De Hilos 1-224
2020-03-24 20:01:12,208 INFO o.a.j.t.JMeterThread: Stopping because end time detected by thread: Grupo De Hilos 1-212
2020-03-24 20:01:12,209 INFO o.a.j.t.JMeterThread: Thread finished: Grupo De Hilos 1-212
2020-03-24 20:01:12,210 INFO o.a.j.t.JMeterThread: Stopping because end time detected by thread: Grupo De Hilos 1-231
2020-03-24 20:01:12,210 INFO o.a.j.t.JMeterThread: Thread finished: Grupo De Hilos 1-231
2020-03-24 20:01:12,211 INFO o.a.j.t.JMeterThread: Stopping because end time detected by thread: Grupo De Hilos 1-230
2020-03-24 20:01:12,211 INFO o.a.j.t.JMeterThread: Thread finished: Grupo De Hilos 1-230
2020-03-24 20:01:12,211 INFO o.a.j.t.JMeterThread: Stopping because end time detected by thread: Grupo De Hilos 1-228
2020-03-24 20:01:12,212 INFO o.a.j.t.JMeterThread: Thread finished: Grupo De Hilos 1-228
2020-03-24 20:01:12,212 INFO o.a.j.t.JMeterThread: Stopping because end time detected by thread: Grupo De Hilos 1-221
2020-03-24 20:01:12,212 INFO o.a.j.t.JMeterThread: Thread finished: Grupo De Hilos 1-221
2020-03-24 20:01:12,213 INFO o.a.j.t.JMeterThread: Stopping because end time detected by thread: Grupo De Hilos 1-199
2020-03-24 20:01:12,214 INFO o.a.j.t.JMeterThread: Thread finished: Grupo De Hilos 1-199
2020-03-24 20:01:12,215 INFO o.a.j.t.JMeterThread: Stopping because end time detected by thread: Grupo De Hilos 1-229
2020-03-24 20:01:12,215 INFO o.a.j.t.JMeterThread: Thread finished: Grupo De Hilos 1-229
2020-03-24 20:01:12,215 INFO o.a.j.t.JMeterThread: Stopping because end time detected by thread: Grupo De Hilos 1-202
2020-03-24 20:01:12,215 INFO o.a.j.t.JMeterThread: Thread finished: Grupo De Hilos 1-202
2020-03-24 20:01:12,217 INFO o.a.j.t.JMeterThread: Stopping because end time detected by thread: Grupo De Hilos 1-211
2020-03-24 20:01:12,217 INFO o.a.j.t.JMeterThread: Thread finished: Grupo De Hilos 1-211
2020-03-24 20:01:12,218 INFO o.a.j.t.JMeterThread: Stopping because end time detected by thread: Grupo De Hilos 1-226
2020-03-24 20:01:12,218 INFO o.a.j.t.JMeterThread: Thread finished: Grupo De Hilos 1-226
2020-03-24 20:01:12,219 INFO o.a.j.t.JMeterThread: Stopping because end time detected by thread: Grupo De Hilos 1-238
2020-03-24 20:01:12,219 INFO o.a.j.t.JMeterThread: Thread finished: Grupo De Hilos 1-238
2020-03-24 20:01:12,220 INFO o.a.j.t.JMeterThread: Stopping because end time detected by thread: Grupo De Hilos 1-208
2020-03-24 20:01:12,220 INFO o.a.j.t.JMeterThread: Stopping because end time detected by thread: Grupo De Hilos 1-242
2020-03-24 20:01:12,220 INFO o.a.j.t.JMeterThread: Thread finished: Grupo De Hilos 1-242
2020-03-24 20:01:12,220 INFO o.a.j.t.JMeterThread: Thread finished: Grupo De Hilos 1-208
2020-03-24 20:01:12,221 INFO o.a.j.t.JMeterThread: Stopping because end time detected by thread: Grupo De Hilos 1-216
2020-03-24 20:01:12,221 INFO o.a.j.t.JMeterThread: Thread finished: Grupo De Hilos 1-216
2020-03-24 20:01:12,222 INFO o.a.j.t.JMeterThread: Stopping because end time detected by thread: Grupo De Hilos 1-194
2020-03-24 20:01:12,222 INFO o.a.j.t.JMeterThread: Thread finished: Grupo De Hilos 1-194
2020-03-24 20:01:12,222 INFO o.a.j.t.JMeterThread: Stopping because end time detected by thread: Grupo De Hilos 1-235
2020-03-24 20:01:12,222 INFO o.a.j.t.JMeterThread: Thread finished: Grupo De Hilos 1-235
2020-03-24 20:01:12,223 INFO o.a.j.t.JMeterThread: Stopping because end time detected by thread: Grupo De Hilos 1-233
2020-03-24 20:01:12,223 INFO o.a.j.t.JMeterThread: Stopping because end time detected by thread: Grupo De Hilos 1-237
2020-03-24 20:01:12,223 INFO o.a.j.t.JMeterThread: Thread finished: Grupo De Hilos 1-237
2020-03-24 20:01:12,223 INFO o.a.j.t.JMeterThread: Stopping because end time detected by thread: Grupo De Hilos 1-236
2020-03-24 20:01:12,223 INFO o.a.j.t.JMeterThread: Thread finished: Grupo De Hilos 1-236
2020-03-24 20:01:12,224 INFO o.a.j.t.JMeterThread: Stopping because end time detected by thread: Grupo De Hilos 1-195
2020-03-24 20:01:12,223 INFO o.a.j.t.JMeterThread: Thread finished: Grupo De Hilos 1-233
2020-03-24 20:01:12,224 INFO o.a.j.t.JMeterThread: Stopping because end time detected by thread: Grupo De Hilos 1-217
2020-03-24 20:01:12,224 INFO o.a.j.t.JMeterThread: Stopping because end time detected by thread: Grupo De Hilos 1-198
2020-03-24 20:01:12,225 INFO o.a.j.t.JMeterThread: Stopping because end time detected by thread: Grupo De Hilos 1-206
2020-03-24 20:01:12,225 INFO o.a.j.t.JMeterThread: Thread finished: Grupo De Hilos 1-198
2020-03-24 20:01:12,225 INFO o.a.j.t.JMeterThread: Thread finished: Grupo De Hilos 1-206
2020-03-24 20:01:12,224 INFO o.a.j.t.JMeterThread: Stopping because end time detected by thread: Grupo De Hilos 1-239
2020-03-24 20:01:12,225 INFO o.a.j.t.JMeterThread: Thread finished: Grupo De Hilos 1-239
2020-03-24 20:01:12,225 INFO o.a.j.t.JMeterThread: Thread finished: Grupo De Hilos 1-195
2020-03-24 20:01:12,224 INFO o.a.j.t.JMeterThread: Stopping because end time detected by thread: Grupo De Hilos 1-220
2020-03-24 20:01:12,226 INFO o.a.j.t.JMeterThread: Thread finished: Grupo De Hilos 1-220
2020-03-24 20:01:12,226 INFO o.a.j.t.JMeterThread: Stopping because end time detected by thread: Grupo De Hilos 1-197
2020-03-24 20:01:12,223 INFO o.a.j.t.JMeterThread: Stopping because end time detected by thread: Grupo De Hilos 1-227
2020-03-24 20:01:12,226 INFO o.a.j.t.JMeterThread: Thread finished: Grupo De Hilos 1-197
2020-03-24 20:01:12,226 INFO o.a.j.t.JMeterThread: Thread finished: Grupo De Hilos 1-227
2020-03-24 20:01:12,225 INFO o.a.j.t.JMeterThread: Thread finished: Grupo De Hilos 1-217
2020-03-24 20:01:12,226 INFO o.a.j.t.JMeterThread: Stopping because end time detected by thread: Grupo De Hilos 1-240
2020-03-24 20:01:12,227 INFO o.a.j.t.JMeterThread: Thread finished: Grupo De Hilos 1-240
2020-03-24 20:01:12,228 INFO o.a.j.t.JMeterThread: Stopping because end time detected by thread: Grupo De Hilos 1-180
2020-03-24 20:01:12,228 INFO o.a.j.t.JMeterThread: Stopping because end time detected by thread: Grupo De Hilos 1-232
2020-03-24 20:01:12,228 INFO o.a.j.t.JMeterThread: Thread finished: Grupo De Hilos 1-180
2020-03-24 20:01:12,228 INFO o.a.j.t.JMeterThread: Thread finished: Grupo De Hilos 1-232
2020-03-24 20:01:12,228 INFO o.a.j.t.JMeterThread: Stopping because end time detected by thread: Grupo De Hilos 1-222
2020-03-24 20:01:12,229 INFO o.a.j.t.JMeterThread: Thread finished: Grupo De Hilos 1-222
2020-03-24 20:01:12,229 INFO o.a.j.t.JMeterThread: Stopping because end time detected by thread: Grupo De Hilos 1-168
2020-03-24 20:01:12,229 INFO o.a.j.t.JMeterThread: Thread finished: Grupo De Hilos 1-168
2020-03-24 20:01:12,229 INFO o.a.j.t.JMeterThread: Stopping because end time detected by thread: Grupo De Hilos 1-177
2020-03-24 20:01:12,229 INFO o.a.j.t.JMeterThread: Thread finished: Grupo De Hilos 1-177
2020-03-24 20:01:12,231 INFO o.a.j.t.JMeterThread: Stopping because end time detected by thread: Grupo De Hilos 1-223
2020-03-24 20:01:12,232 INFO o.a.j.t.JMeterThread: Stopping because end time detected by thread: Grupo De Hilos 1-243
2020-03-24 20:01:12,232 INFO o.a.j.t.JMeterThread: Thread finished: Grupo De Hilos 1-243
2020-03-24 20:01:12,233 INFO o.a.j.t.JMeterThread: Stopping because end time detected by thread: Grupo De Hilos 1-225
2020-03-24 20:01:12,233 INFO o.a.j.t.JMeterThread: Thread finished: Grupo De Hilos 1-225
2020-03-24 20:01:12,233 INFO o.a.j.t.JMeterThread: Stopping because end time detected by thread: Grupo De Hilos 1-244
2020-03-24 20:01:12,234 INFO o.a.j.t.JMeterThread: Thread finished: Grupo De Hilos 1-244
2020-03-24 20:01:12,231 INFO o.a.j.t.JMeterThread: Thread finished: Grupo De Hilos 1-223
2020-03-24 20:01:12,243 INFO o.a.j.t.JMeterThread: Stopping because end time detected by thread: Grupo De Hilos 1-247
2020-03-24 20:01:12,244 INFO o.a.j.t.JMeterThread: Thread finished: Grupo De Hilos 1-247
2020-03-24 20:01:12,244 INFO o.a.j.t.JMeterThread: Stopping because end time detected by thread: Grupo De Hilos 1-241
2020-03-24 20:01:12,244 INFO o.a.j.t.JMeterThread: Thread finished: Grupo De Hilos 1-241
2020-03-24 20:01:12,267 INFO o.a.j.t.JMeterThread: Stopping because end time detected by thread: Grupo De Hilos 1-250
2020-03-24 20:01:12,267 INFO o.a.j.t.JMeterThread: Stopping because end time detected by thread: Grupo De Hilos 1-269
2020-03-24 20:01:12,267 INFO o.a.j.t.JMeterThread: Thread finished: Grupo De Hilos 1-250
2020-03-24 20:01:12,267 INFO o.a.j.t.JMeterThread: Stopping because end time detected by thread: Grupo De Hilos 1-251
2020-03-24 20:01:12,267 INFO o.a.j.t.JMeterThread: Thread finished: Grupo De Hilos 1-269
2020-03-24 20:01:12,267 INFO o.a.j.t.JMeterThread: Thread finished: Grupo De Hilos 1-251
2020-03-24 20:01:12,267 INFO o.a.j.t.JMeterThread: Stopping because end time detected by thread: Grupo De Hilos 1-266
2020-03-24 20:01:12,268 INFO o.a.j.t.JMeterThread: Thread finished: Grupo De Hilos 1-266
2020-03-24 20:01:12,263 INFO o.a.j.t.JMeterThread: Stopping because end time detected by thread: Grupo De Hilos 1-252
2020-03-24 20:01:12,268 INFO o.a.j.t.JMeterThread: Stopping because end time detected by thread: Grupo De Hilos 1-274
2020-03-24 20:01:12,268 INFO o.a.j.t.JMeterThread: Thread finished: Grupo De Hilos 1-252
2020-03-24 20:01:12,268 INFO o.a.j.t.JMeterThread: Thread finished: Grupo De Hilos 1-274
2020-03-24 20:01:12,268 INFO o.a.j.t.JMeterThread: Stopping because end time detected by thread: Grupo De Hilos 1-271
2020-03-24 20:01:12,269 INFO o.a.j.t.JMeterThread: Thread finished: Grupo De Hilos 1-271
2020-03-24 20:01:12,269 INFO o.a.j.t.JMeterThread: Stopping because end time detected by thread: Grupo De Hilos 1-275
2020-03-24 20:01:12,269 INFO o.a.j.t.JMeterThread: Thread finished: Grupo De Hilos 1-275
2020-03-24 20:01:12,269 INFO o.a.j.t.JMeterThread: Stopping because end time detected by thread: Grupo De Hilos 1-272
2020-03-24 20:01:12,269 INFO o.a.j.t.JMeterThread: Thread finished: Grupo De Hilos 1-272
2020-03-24 20:01:12,263 INFO o.a.j.t.JMeterThread: Stopping because end time detected by thread: Grupo De Hilos 1-257
2020-03-24 20:01:12,269 INFO o.a.j.t.JMeterThread: Thread finished: Grupo De Hilos 1-257
2020-03-24 20:01:12,262 INFO o.a.j.t.JMeterThread: Stopping because end time detected by thread: Grupo De Hilos 1-249
2020-03-24 20:01:12,270 INFO o.a.j.t.JMeterThread: Thread finished: Grupo De Hilos 1-249
2020-03-24 20:01:12,270 INFO o.a.j.t.JMeterThread: Stopping because end time detected by thread: Grupo De Hilos 1-278
2020-03-24 20:01:12,270 INFO o.a.j.t.JMeterThread: Thread finished: Grupo De Hilos 1-278
2020-03-24 20:01:12,270 INFO o.a.j.t.JMeterThread: Stopping because end time detected by thread: Grupo De Hilos 1-253
2020-03-24 20:01:12,270 INFO o.a.j.t.JMeterThread: Thread finished: Grupo De Hilos 1-253
2020-03-24 20:01:12,271 INFO o.a.j.t.JMeterThread: Stopping because end time detected by thread: Grupo De Hilos 1-276
2020-03-24 20:01:12,271 INFO o.a.j.t.JMeterThread: Thread finished: Grupo De Hilos 1-276
2020-03-24 20:01:12,271 INFO o.a.j.t.JMeterThread: Stopping because end time detected by thread: Grupo De Hilos 1-263
2020-03-24 20:01:12,271 INFO o.a.j.t.JMeterThread: Stopping because end time detected by thread: Grupo De Hilos 1-270
2020-03-24 20:01:12,271 INFO o.a.j.t.JMeterThread: Thread finished: Grupo De Hilos 1-263
2020-03-24 20:01:12,272 INFO o.a.j.t.JMeterThread: Thread finished: Grupo De Hilos 1-270
2020-03-24 20:01:12,272 INFO o.a.j.t.JMeterThread: Stopping because end time detected by thread: Grupo De Hilos 1-261
2020-03-24 20:01:12,272 INFO o.a.j.t.JMeterThread: Stopping because end time detected by thread: Grupo De Hilos 1-248
2020-03-24 20:01:12,258 INFO o.a.j.t.JMeterThread: Stopping because end time detected by thread: Grupo De Hilos 1-264
2020-03-24 20:01:12,272 INFO o.a.j.t.JMeterThread: Thread finished: Grupo De Hilos 1-261
2020-03-24 20:01:12,273 INFO o.a.j.t.JMeterThread: Stopping because end time detected by thread: Grupo De Hilos 1-175
2020-03-24 20:01:12,261 INFO o.a.j.t.JMeterThread: Stopping because end time detected by thread: Grupo De Hilos 1-268
2020-03-24 20:01:12,273 INFO o.a.j.t.JMeterThread: Thread finished: Grupo De Hilos 1-175
2020-03-24 20:01:12,273 INFO o.a.j.t.JMeterThread: Thread finished: Grupo De Hilos 1-268
2020-03-24 20:01:12,273 INFO o.a.j.t.JMeterThread: Stopping because end time detected by thread: Grupo De Hilos 1-173
2020-03-24 20:01:12,260 INFO o.a.j.t.JMeterThread: Stopping because end time detected by thread: Grupo De Hilos 1-267
2020-03-24 20:01:12,259 INFO o.a.j.t.JMeterThread: Stopping because end time detected by thread: Grupo De Hilos 1-245
2020-03-24 20:01:12,273 INFO o.a.j.t.JMeterThread: Thread finished: Grupo De Hilos 1-173
2020-03-24 20:01:12,273 INFO o.a.j.t.JMeterThread: Thread finished: Grupo De Hilos 1-245
2020-03-24 20:01:12,273 INFO o.a.j.t.JMeterThread: Stopping because end time detected by thread: Grupo De Hilos 1-246
2020-03-24 20:01:12,259 INFO o.a.j.t.JMeterThread: Stopping because end time detected by thread: Grupo De Hilos 1-254
2020-03-24 20:01:12,277 INFO o.a.j.t.JMeterThread: Stopping because end time detected by thread: Grupo De Hilos 1-174
2020-03-24 20:01:12,277 INFO o.a.j.t.JMeterThread: Thread finished: Grupo De Hilos 1-267
2020-03-24 20:01:12,277 INFO o.a.j.t.JMeterThread: Thread finished: Grupo De Hilos 1-254
2020-03-24 20:01:12,277 INFO o.a.j.t.JMeterThread: Thread finished: Grupo De Hilos 1-174
2020-03-24 20:01:12,277 INFO o.a.j.t.JMeterThread: Stopping because end time detected by thread: Grupo De Hilos 1-169
2020-03-24 20:01:12,277 INFO o.a.j.t.JMeterThread: Thread finished: Grupo De Hilos 1-169
2020-03-24 20:01:12,259 INFO o.a.j.t.JMeterThread: Stopping because end time detected by thread: Grupo De Hilos 1-265
2020-03-24 20:01:12,277 INFO o.a.j.t.JMeterThread: Thread finished: Grupo De Hilos 1-265
2020-03-24 20:01:12,278 INFO o.a.j.t.JMeterThread: Stopping because end time detected by thread: Grupo De Hilos 1-166
2020-03-24 20:01:12,278 INFO o.a.j.t.JMeterThread: Thread finished: Grupo De Hilos 1-166
2020-03-24 20:01:12,259 INFO o.a.j.t.JMeterThread: Stopping because end time detected by thread: Grupo De Hilos 1-176
2020-03-24 20:01:12,257 INFO o.a.j.t.JMeterThread: Stopping because end time detected by thread: Grupo De Hilos 1-262
2020-03-24 20:01:12,278 INFO o.a.j.t.JMeterThread: Thread finished: Grupo De Hilos 1-176
2020-03-24 20:01:12,278 INFO o.a.j.t.JMeterThread: Thread finished: Grupo De Hilos 1-262
2020-03-24 20:01:12,278 INFO o.a.j.t.JMeterThread: Stopping because end time detected by thread: Grupo De Hilos 1-162
2020-03-24 20:01:12,278 INFO o.a.j.t.JMeterThread: Stopping because end time detected by thread: Grupo De Hilos 1-135
2020-03-24 20:01:12,278 INFO o.a.j.t.JMeterThread: Thread finished: Grupo De Hilos 1-162
2020-03-24 20:01:12,278 INFO o.a.j.t.JMeterThread: Stopping because end time detected by thread: Grupo De Hilos 1-170
2020-03-24 20:01:12,255 INFO o.a.j.t.JMeterThread: Stopping because end time detected by thread: Grupo De Hilos 1-260
2020-03-24 20:01:12,279 INFO o.a.j.t.JMeterThread: Thread finished: Grupo De Hilos 1-170
2020-03-24 20:01:12,279 INFO o.a.j.t.JMeterThread: Thread finished: Grupo De Hilos 1-260
2020-03-24 20:01:12,279 INFO o.a.j.t.JMeterThread: Stopping because end time detected by thread: Grupo De Hilos 1-181
2020-03-24 20:01:12,279 INFO o.a.j.t.JMeterThread: Thread finished: Grupo De Hilos 1-181
2020-03-24 20:01:12,278 INFO o.a.j.t.JMeterThread: Thread finished: Grupo De Hilos 1-135
2020-03-24 20:01:12,279 INFO o.a.j.t.JMeterThread: Stopping because end time detected by thread: Grupo De Hilos 1-127
2020-03-24 20:01:12,279 INFO o.a.j.t.JMeterThread: Stopping because end time detected by thread: Grupo De Hilos 1-139
2020-03-24 20:01:12,280 INFO o.a.j.t.JMeterThread: Thread finished: Grupo De Hilos 1-127
2020-03-24 20:01:12,280 INFO o.a.j.t.JMeterThread: Thread finished: Grupo De Hilos 1-139
2020-03-24 20:01:12,280 INFO o.a.j.t.JMeterThread: Stopping because end time detected by thread: Grupo De Hilos 1-117
2020-03-24 20:01:12,280 INFO o.a.j.t.JMeterThread: Thread finished: Grupo De Hilos 1-117
2020-03-24 20:01:12,280 INFO o.a.j.t.JMeterThread: Stopping because end time detected by thread: Grupo De Hilos 1-142
2020-03-24 20:01:12,281 INFO o.a.j.t.JMeterThread: Thread finished: Grupo De Hilos 1-142
2020-03-24 20:01:12,281 INFO o.a.j.t.JMeterThread: Stopping because end time detected by thread: Grupo De Hilos 1-167
2020-03-24 20:01:12,281 INFO o.a.j.t.JMeterThread: Thread finished: Grupo De Hilos 1-167
2020-03-24 20:01:12,275 INFO o.a.j.t.JMeterThread: Stopping because end time detected by thread: Grupo De Hilos 1-192
2020-03-24 20:01:12,281 INFO o.a.j.t.JMeterThread: Thread finished: Grupo De Hilos 1-192
2020-03-24 20:01:12,281 INFO o.a.j.t.JMeterThread: Stopping because end time detected by thread: Grupo De Hilos 1-112
2020-03-24 20:01:12,281 INFO o.a.j.t.JMeterThread: Stopping because end time detected by thread: Grupo De Hilos 1-10
2020-03-24 20:01:12,282 INFO o.a.j.t.JMeterThread: Thread finished: Grupo De Hilos 1-112
2020-03-24 20:01:12,277 INFO o.a.j.t.JMeterThread: Stopping because end time detected by thread: Grupo De Hilos 1-120
2020-03-24 20:01:12,282 INFO o.a.j.t.JMeterThread: Thread finished: Grupo De Hilos 1-120
2020-03-24 20:01:12,282 INFO o.a.j.t.JMeterThread: Stopping because end time detected by thread: Grupo De Hilos 1-78
2020-03-24 20:01:12,282 INFO o.a.j.t.JMeterThread: Thread finished: Grupo De Hilos 1-78
2020-03-24 20:01:12,276 INFO o.a.j.t.JMeterThread: Stopping because end time detected by thread: Grupo De Hilos 1-147
2020-03-24 20:01:12,282 INFO o.a.j.t.JMeterThread: Thread finished: Grupo De Hilos 1-147
2020-03-24 20:01:12,276 INFO o.a.j.t.JMeterThread: Stopping because end time detected by thread: Grupo De Hilos 1-118
2020-03-24 20:01:12,283 INFO o.a.j.t.JMeterThread: Thread finished: Grupo De Hilos 1-118
2020-03-24 20:01:12,283 INFO o.a.j.t.JMeterThread: Stopping because end time detected by thread: Grupo De Hilos 1-161
2020-03-24 20:01:12,283 INFO o.a.j.t.JMeterThread: Thread finished: Grupo De Hilos 1-161
2020-03-24 20:01:12,283 INFO o.a.j.t.JMeterThread: Stopping because end time detected by thread: Grupo De Hilos 1-82
2020-03-24 20:01:12,276 INFO o.a.j.t.JMeterThread: Stopping because end time detected by thread: Grupo De Hilos 1-134
2020-03-24 20:01:12,283 INFO o.a.j.t.JMeterThread: Thread finished: Grupo De Hilos 1-82
2020-03-24 20:01:12,283 INFO o.a.j.t.JMeterThread: Stopping because end time detected by thread: Grupo De Hilos 1-130
2020-03-24 20:01:12,283 INFO o.a.j.t.JMeterThread: Thread finished: Grupo De Hilos 1-134
2020-03-24 20:01:12,276 INFO o.a.j.t.JMeterThread: Stopping because end time detected by thread: Grupo De Hilos 1-146
2020-03-24 20:01:12,283 INFO o.a.j.t.JMeterThread: Thread finished: Grupo De Hilos 1-130
2020-03-24 20:01:12,283 INFO o.a.j.t.JMeterThread: Thread finished: Grupo De Hilos 1-146
2020-03-24 20:01:12,284 INFO o.a.j.t.JMeterThread: Stopping because end time detected by thread: Grupo De Hilos 1-38
2020-03-24 20:01:12,276 INFO o.a.j.t.JMeterThread: Stopping because end time detected by thread: Grupo De Hilos 1-81
2020-03-24 20:01:12,284 INFO o.a.j.t.JMeterThread: Thread finished: Grupo De Hilos 1-38
2020-03-24 20:01:12,284 INFO o.a.j.t.JMeterThread: Stopping because end time detected by thread: Grupo De Hilos 1-45
2020-03-24 20:01:12,284 INFO o.a.j.t.JMeterThread: Thread finished: Grupo De Hilos 1-45
2020-03-24 20:01:12,284 INFO o.a.j.t.JMeterThread: Stopping because end time detected by thread: Grupo De Hilos 1-42
2020-03-24 20:01:12,284 INFO o.a.j.t.JMeterThread: Thread finished: Grupo De Hilos 1-42
2020-03-24 20:01:12,284 INFO o.a.j.t.JMeterThread: Stopping because end time detected by thread: Grupo De Hilos 1-158
2020-03-24 20:01:12,284 INFO o.a.j.t.JMeterThread: Stopping because end time detected by thread: Grupo De Hilos 1-149
2020-03-24 20:01:12,276 INFO o.a.j.t.JMeterThread: Stopping because end time detected by thread: Grupo De Hilos 1-160
2020-03-24 20:01:12,284 INFO o.a.j.t.JMeterThread: Thread finished: Grupo De Hilos 1-149
2020-03-24 20:01:12,285 INFO o.a.j.t.JMeterThread: Thread finished: Grupo De Hilos 1-160
2020-03-24 20:01:12,285 INFO o.a.j.t.JMeterThread: Stopping because end time detected by thread: Grupo De Hilos 1-152
2020-03-24 20:01:12,276 INFO o.a.j.t.JMeterThread: Stopping because end time detected by thread: Grupo De Hilos 1-131
2020-03-24 20:01:12,276 INFO o.a.j.t.JMeterThread: Stopping because end time detected by thread: Grupo De Hilos 1-157
2020-03-24 20:01:12,285 INFO o.a.j.t.JMeterThread: Thread finished: Grupo De Hilos 1-131
2020-03-24 20:01:12,285 INFO o.a.j.t.JMeterThread: Stopping because end time detected by thread: Grupo De Hilos 1-138
2020-03-24 20:01:12,285 INFO o.a.j.t.JMeterThread: Stopping because end time detected by thread: Grupo De Hilos 1-94
2020-03-24 20:01:12,286 INFO o.a.j.t.JMeterThread: Thread finished: Grupo De Hilos 1-138
2020-03-24 20:01:12,286 INFO o.a.j.t.JMeterThread: Stopping because end time detected by thread: Grupo De Hilos 1-151
2020-03-24 20:01:12,286 INFO o.a.j.t.JMeterThread: Thread finished: Grupo De Hilos 1-151
2020-03-24 20:01:12,275 INFO o.a.j.t.JMeterThread: Stopping because end time detected by thread: Grupo De Hilos 1-109
2020-03-24 20:01:12,286 INFO o.a.j.t.JMeterThread: Thread finished: Grupo De Hilos 1-109
2020-03-24 20:01:12,286 INFO o.a.j.t.JMeterThread: Stopping because end time detected by thread: Grupo De Hilos 1-191
2020-03-24 20:01:12,275 INFO o.a.j.t.JMeterThread: Stopping because end time detected by thread: Grupo De Hilos 1-66
2020-03-24 20:01:12,275 INFO o.a.j.t.JMeterThread: Stopping because end time detected by thread: Grupo De Hilos 1-189
2020-03-24 20:01:12,287 INFO o.a.j.t.JMeterThread: Thread finished: Grupo De Hilos 1-66
2020-03-24 20:01:12,287 INFO o.a.j.t.JMeterThread: Thread finished: Grupo De Hilos 1-189
2020-03-24 20:01:12,287 INFO o.a.j.t.JMeterThread: Stopping because end time detected by thread: Grupo De Hilos 1-62
2020-03-24 20:01:12,287 INFO o.a.j.t.JMeterThread: Thread finished: Grupo De Hilos 1-62
2020-03-24 20:01:12,275 INFO o.a.j.t.JMeterThread: Stopping because end time detected by thread: Grupo De Hilos 1-183
2020-03-24 20:01:12,275 INFO o.a.j.t.JMeterThread: Stopping because end time detected by thread: Grupo De Hilos 1-184
2020-03-24 20:01:12,275 INFO o.a.j.t.JMeterThread: Stopping because end time detected by thread: Grupo De Hilos 1-156
2020-03-24 20:01:12,275 INFO o.a.j.t.JMeterThread: Stopping because end time detected by thread: Grupo De Hilos 1-150
2020-03-24 20:01:12,287 INFO o.a.j.t.JMeterThread: Thread finished: Grupo De Hilos 1-183
2020-03-24 20:01:12,287 INFO o.a.j.t.JMeterThread: Thread finished: Grupo De Hilos 1-184
2020-03-24 20:01:12,287 INFO o.a.j.t.JMeterThread: Thread finished: Grupo De Hilos 1-150
2020-03-24 20:01:12,275 INFO o.a.j.t.JMeterThread: Stopping because end time detected by thread: Grupo De Hilos 1-185
2020-03-24 20:01:12,288 INFO o.a.j.t.JMeterThread: Thread finished: Grupo De Hilos 1-185
2020-03-24 20:01:12,275 INFO o.a.j.t.JMeterThread: Stopping because end time detected by thread: Grupo De Hilos 1-163
2020-03-24 20:01:12,274 INFO o.a.j.t.JMeterThread: Stopping because end time detected by thread: Grupo De Hilos 1-164
2020-03-24 20:01:12,274 INFO o.a.j.t.JMeterThread: Stopping because end time detected by thread: Grupo De Hilos 1-179
2020-03-24 20:01:12,274 INFO o.a.j.t.JMeterThread: Stopping because end time detected by thread: Grupo De Hilos 1-273
2020-03-24 20:01:12,274 INFO o.a.j.t.JMeterThread: Stopping because end time detected by thread: Grupo De Hilos 1-279
2020-03-24 20:01:12,274 INFO o.a.j.t.JMeterThread: Stopping because end time detected by thread: Grupo De Hilos 1-256
2020-03-24 20:01:12,274 INFO o.a.j.t.JMeterThread: Stopping because end time detected by thread: Grupo De Hilos 1-258
2020-03-24 20:01:12,274 INFO o.a.j.t.JMeterThread: Stopping because end time detected by thread: Grupo De Hilos 1-172
2020-03-24 20:01:12,274 INFO o.a.j.t.JMeterThread: Stopping because end time detected by thread: Grupo De Hilos 1-178
2020-03-24 20:01:12,274 INFO o.a.j.t.JMeterThread: Stopping because end time detected by thread: Grupo De Hilos 1-259
2020-03-24 20:01:12,274 INFO o.a.j.t.JMeterThread: Stopping because end time detected by thread: Grupo De Hilos 1-234
2020-03-24 20:01:12,274 INFO o.a.j.t.JMeterThread: Stopping because end time detected by thread: Grupo De Hilos 1-255
2020-03-24 20:01:12,289 INFO o.a.j.t.JMeterThread: Thread finished: Grupo De Hilos 1-255
2020-03-24 20:01:12,289 INFO o.a.j.t.JMeterThread: Thread finished: Grupo De Hilos 1-234
2020-03-24 20:01:12,288 INFO o.a.j.t.JMeterThread: Thread finished: Grupo De Hilos 1-172
2020-03-24 20:01:12,289 INFO o.a.j.t.JMeterThread: Thread finished: Grupo De Hilos 1-178
2020-03-24 20:01:12,288 INFO o.a.j.t.JMeterThread: Thread finished: Grupo De Hilos 1-258
2020-03-24 20:01:12,288 INFO o.a.j.t.JMeterThread: Thread finished: Grupo De Hilos 1-256
2020-03-24 20:01:12,290 INFO o.a.j.t.JMeterThread: Thread finished: Grupo De Hilos 1-179
2020-03-24 20:01:12,288 INFO o.a.j.t.JMeterThread: Thread finished: Grupo De Hilos 1-164
2020-03-24 20:01:12,291 INFO o.a.j.t.JMeterThread: Thread finished: Grupo De Hilos 1-273
2020-03-24 20:01:12,273 INFO o.a.j.t.JMeterThread: Stopping because end time detected by thread: Grupo De Hilos 1-277
2020-03-24 20:01:12,274 INFO o.a.j.t.JMeterThread: Stopping because end time detected by thread: Grupo De Hilos 1-214
2020-03-24 20:01:12,292 INFO o.a.j.t.JMeterThread: Thread finished: Grupo De Hilos 1-214
2020-03-24 20:01:12,292 INFO o.a.j.t.JMeterThread: Thread finished: Grupo De Hilos 1-277
2020-03-24 20:01:12,273 INFO o.a.j.t.JMeterThread: Stopping because end time detected by thread: Grupo De Hilos 1-148
2020-03-24 20:01:12,273 INFO o.a.j.t.JMeterThread: Thread finished: Grupo De Hilos 1-246
2020-03-24 20:01:12,272 INFO o.a.j.t.JMeterThread: Thread finished: Grupo De Hilos 1-264
2020-03-24 20:01:12,292 INFO o.a.j.t.JMeterThread: Thread finished: Grupo De Hilos 1-148
2020-03-24 20:01:12,288 INFO o.a.j.t.JMeterThread: Thread finished: Grupo De Hilos 1-279
2020-03-24 20:01:12,293 INFO o.a.j.t.JMeterThread: Thread finished: Grupo De Hilos 1-248
2020-03-24 20:01:12,289 INFO o.a.j.t.JMeterThread: Thread finished: Grupo De Hilos 1-259
2020-03-24 20:01:12,288 INFO o.a.j.t.JMeterThread: Thread finished: Grupo De Hilos 1-163
2020-03-24 20:01:12,287 INFO o.a.j.t.JMeterThread: Thread finished: Grupo De Hilos 1-156
2020-03-24 20:01:12,286 INFO o.a.j.t.JMeterThread: Thread finished: Grupo De Hilos 1-191
2020-03-24 20:01:12,286 INFO o.a.j.t.JMeterThread: Stopping because end time detected by thread: Grupo De Hilos 1-100
2020-03-24 20:01:12,294 INFO o.a.j.t.JMeterThread: Thread finished: Grupo De Hilos 1-100
2020-03-24 20:01:12,294 INFO o.a.j.t.JMeterThread: Thread finished: Grupo De Hilos 1-94
2020-03-24 20:01:12,285 INFO o.a.j.t.JMeterThread: Stopping because end time detected by thread: Grupo De Hilos 1-165
2020-03-24 20:01:12,285 INFO o.a.j.t.JMeterThread: Thread finished: Grupo De Hilos 1-157
2020-03-24 20:01:12,295 INFO o.a.j.t.JMeterThread: Thread finished: Grupo De Hilos 1-165
2020-03-24 20:01:12,285 INFO o.a.j.t.JMeterThread: Thread finished: Grupo De Hilos 1-152
2020-03-24 20:01:12,284 INFO o.a.j.t.JMeterThread: Thread finished: Grupo De Hilos 1-158
2020-03-24 20:01:12,295 INFO o.a.j.t.JMeterThread: Thread finished: Grupo De Hilos 1-81
2020-03-24 20:01:12,282 INFO o.a.j.t.JMeterThread: Stopping because end time detected by thread: Grupo De Hilos 1-187
2020-03-24 20:01:12,296 INFO o.a.j.t.JMeterThread: Thread finished: Grupo De Hilos 1-187
2020-03-24 20:01:12,296 INFO o.a.j.t.JMeterThread: Thread finished: Grupo De Hilos 1-10
2020-03-24 20:01:24,268 INFO o.a.j.t.JMeterThread: Stopping because end time detected by thread: Grupo De Hilos 1-280
2020-03-24 20:01:24,269 INFO o.a.j.t.JMeterThread: Stopping because end time detected by thread: Grupo De Hilos 1-281
2020-03-24 20:01:24,269 INFO o.a.j.t.JMeterThread: Thread finished: Grupo De Hilos 1-280
2020-03-24 20:01:24,269 INFO o.a.j.t.JMeterThread: Thread finished: Grupo De Hilos 1-281
2020-03-24 20:01:26,317 INFO o.a.j.t.JMeterThread: Stopping because end time detected by thread: Grupo De Hilos 1-285
2020-03-24 20:01:26,317 INFO o.a.j.t.JMeterThread: Stopping because end time detected by thread: Grupo De Hilos 1-282
2020-03-24 20:01:26,317 INFO o.a.j.t.JMeterThread: Stopping because end time detected by thread: Grupo De Hilos 1-284
2020-03-24 20:01:26,317 INFO o.a.j.t.JMeterThread: Thread finished: Grupo De Hilos 1-282
2020-03-24 20:01:26,317 INFO o.a.j.t.JMeterThread: Thread finished: Grupo De Hilos 1-285
2020-03-24 20:01:26,318 INFO o.a.j.t.JMeterThread: Thread finished: Grupo De Hilos 1-284
2020-03-24 20:01:26,317 INFO o.a.j.t.JMeterThread: Stopping because end time detected by thread: Grupo De Hilos 1-283
2020-03-24 20:01:26,318 INFO o.a.j.t.JMeterThread: Stopping because end time detected by thread: Grupo De Hilos 1-286
2020-03-24 20:01:26,318 INFO o.a.j.t.JMeterThread: Thread finished: Grupo De Hilos 1-283
2020-03-24 20:01:26,318 INFO o.a.j.t.JMeterThread: Thread finished: Grupo De Hilos 1-286
2020-03-24 20:01:28,365 INFO o.a.j.t.JMeterThread: Stopping because end time detected by thread: Grupo De Hilos 1-288
2020-03-24 20:01:28,365 INFO o.a.j.t.JMeterThread: Stopping because end time detected by thread: Grupo De Hilos 1-291
2020-03-24 20:01:28,365 INFO o.a.j.t.JMeterThread: Thread finished: Grupo De Hilos 1-288
2020-03-24 20:01:28,365 INFO o.a.j.t.JMeterThread: Thread finished: Grupo De Hilos 1-291
2020-03-24 20:01:28,365 INFO o.a.j.t.JMeterThread: Stopping because end time detected by thread: Grupo De Hilos 1-290
2020-03-24 20:01:28,366 INFO o.a.j.t.JMeterThread: Thread finished: Grupo De Hilos 1-290
2020-03-24 20:01:28,366 INFO o.a.j.t.JMeterThread: Stopping because end time detected by thread: Grupo De Hilos 1-287
2020-03-24 20:01:28,367 INFO o.a.j.t.JMeterThread: Thread finished: Grupo De Hilos 1-287
2020-03-24 20:01:28,367 INFO o.a.j.t.JMeterThread: Stopping because end time detected by thread: Grupo De Hilos 1-289
2020-03-24 20:01:28,367 INFO o.a.j.t.JMeterThread: Thread finished: Grupo De Hilos 1-289
2020-03-24 20:01:30,413 INFO o.a.j.t.JMeterThread: Stopping because end time detected by thread: Grupo De Hilos 1-293
2020-03-24 20:01:30,413 INFO o.a.j.t.JMeterThread: Thread finished: Grupo De Hilos 1-293
2020-03-24 20:01:30,413 INFO o.a.j.r.Summariser: summary +    191 in 00:05:30 =    0.6/s Avg: 208767 Min:    38 Max: 300040 Err:    34 (17.80%) Active: 9 Started: 300 Finished: 291
2020-03-24 20:01:30,413 INFO o.a.j.t.JMeterThread: Stopping because end time detected by thread: Grupo De Hilos 1-292
2020-03-24 20:01:30,414 INFO o.a.j.t.JMeterThread: Thread finished: Grupo De Hilos 1-292
2020-03-24 20:01:30,414 INFO o.a.j.t.JMeterThread: Stopping because end time detected by thread: Grupo De Hilos 1-295
2020-03-24 20:01:30,414 INFO o.a.j.r.Summariser: summary =    313 in 00:06:19 =    0.8/s Avg: 127415 Min:    36 Max: 300040 Err:    34 (10.86%)
2020-03-24 20:01:30,415 INFO o.a.j.t.JMeterThread: Thread finished: Grupo De Hilos 1-295
2020-03-24 20:01:30,415 INFO o.a.j.t.JMeterThread: Stopping because end time detected by thread: Grupo De Hilos 1-296
2020-03-24 20:01:30,415 INFO o.a.j.t.JMeterThread: Thread finished: Grupo De Hilos 1-296
2020-03-24 20:01:30,416 INFO o.a.j.t.JMeterThread: Stopping because end time detected by thread: Grupo De Hilos 1-294
2020-03-24 20:01:30,416 INFO o.a.j.t.JMeterThread: Thread finished: Grupo De Hilos 1-294
2020-03-24 20:01:32,462 INFO o.a.j.t.JMeterThread: Stopping because end time detected by thread: Grupo De Hilos 1-298
2020-03-24 20:01:32,462 INFO o.a.j.t.JMeterThread: Stopping because end time detected by thread: Grupo De Hilos 1-299
2020-03-24 20:01:32,462 INFO o.a.j.t.JMeterThread: Thread finished: Grupo De Hilos 1-298
2020-03-24 20:01:32,462 INFO o.a.j.t.JMeterThread: Stopping because end time detected by thread: Grupo De Hilos 1-297
2020-03-24 20:01:32,463 INFO o.a.j.t.JMeterThread: Thread finished: Grupo De Hilos 1-297
2020-03-24 20:01:32,463 INFO o.a.j.t.JMeterThread: Thread finished: Grupo De Hilos 1-299
2020-03-24 20:01:32,463 INFO o.a.j.t.JMeterThread: Stopping because end time detected by thread: Grupo De Hilos 1-300
2020-03-24 20:01:32,463 INFO o.a.j.t.JMeterThread: Thread finished: Grupo De Hilos 1-300
2020-03-24 20:01:32,464 INFO o.a.j.e.StandardJMeterEngine: Notifying test listeners of end of test
2020-03-24 20:01:32,466 INFO o.a.j.r.Summariser: summary +      8 in 00:00:02 =    3.9/s Avg: 131046 Min: 130915 Max: 131075 Err:     8 (100.00%) Active: 0 Started: 300 Finished: 300
2020-03-24 20:01:32,467 INFO o.a.j.r.Summariser: summary =    321 in 00:06:21 =    0.8/s Avg: 127506 Min:    36 Max: 300040 Err:    42 (13.08%)
