2020-03-23 21:04:45,614 INFO o.a.j.u.JMeterUtils: Setting Locale to en_US
2020-03-23 21:04:45,649 INFO o.a.j.JMeter: Loading user properties from: /home/pablo/jmeter/bin/user.properties
2020-03-23 21:04:45,649 INFO o.a.j.JMeter: Loading system properties from: /home/pablo/jmeter/bin/system.properties
2020-03-23 21:04:45,651 INFO o.a.j.JMeter: Setting System property: HILOS=75
2020-03-23 21:04:45,651 INFO o.a.j.JMeter: Setting System property: SUBIDA=30
2020-03-23 21:04:45,651 INFO o.a.j.JMeter: Setting System property: DURACION=270
2020-03-23 21:04:45,652 INFO o.a.j.JMeter: Setting System property: PAGE=/test/imageng.html
2020-03-23 21:04:45,652 INFO o.a.j.JMeter: Setting System property: FILE=scriptresultsperfmonG75.jtl
2020-03-23 21:04:45,655 INFO o.a.j.JMeter: Copyright (c) 1998-2019 The Apache Software Foundation
2020-03-23 21:04:45,655 INFO o.a.j.JMeter: Version 5.2.1
2020-03-23 21:04:45,655 INFO o.a.j.JMeter: java.version=1.8.0_201
2020-03-23 21:04:45,656 INFO o.a.j.JMeter: java.vm.name=Java HotSpot(TM) 64-Bit Server VM
2020-03-23 21:04:45,656 INFO o.a.j.JMeter: os.name=Linux
2020-03-23 21:04:45,656 INFO o.a.j.JMeter: os.arch=amd64
2020-03-23 21:04:45,657 INFO o.a.j.JMeter: os.version=4.15.0-91-generic
2020-03-23 21:04:45,657 INFO o.a.j.JMeter: file.encoding=UTF-8
2020-03-23 21:04:45,657 INFO o.a.j.JMeter: java.awt.headless=true
2020-03-23 21:04:45,657 INFO o.a.j.JMeter: Max memory     =732954624
2020-03-23 21:04:45,658 INFO o.a.j.JMeter: Available Processors =4
2020-03-23 21:04:45,665 INFO o.a.j.JMeter: Default Locale=English (United States)
2020-03-23 21:04:45,666 INFO o.a.j.JMeter: JMeter  Locale=English (United States)
2020-03-23 21:04:45,666 INFO o.a.j.JMeter: JMeterHome=/home/pablo/jmeter
2020-03-23 21:04:45,666 INFO o.a.j.JMeter: user.dir  =/home/pablo/jmeter/bin/EJECUCIONES
2020-03-23 21:04:45,667 INFO o.a.j.JMeter: PWD       =/home/pablo/jmeter/bin/EJECUCIONES
2020-03-23 21:04:45,667 INFO o.a.j.JMeter: IP: 127.0.1.1 Name: hylianpablo FullName: hylianpablo
2020-03-23 21:04:45,676 INFO o.a.j.s.FileServer: Default base='/home/pablo/jmeter/bin/EJECUCIONES'
2020-03-23 21:04:45,685 INFO o.a.j.s.FileServer: Set new base='/home/pablo/jmeter/bin/EJECUCIONES/..'
2020-03-23 21:04:45,967 INFO o.a.j.s.SaveService: Testplan (JMX) version: 2.2. Testlog (JTL) version: 2.2
2020-03-23 21:04:45,984 INFO o.a.j.s.SaveService: Using SaveService properties file encoding UTF-8
2020-03-23 21:04:45,997 INFO o.a.j.s.SaveService: Using SaveService properties version 5.0
2020-03-23 21:04:46,013 INFO o.a.j.s.SaveService: Loading file: ../Correcto.jmx
2020-03-23 21:04:46,124 INFO o.a.j.p.h.s.HTTPSamplerBase: Parser for text/html is org.apache.jmeter.protocol.http.parser.LagartoBasedHtmlParser
2020-03-23 21:04:46,125 INFO o.a.j.p.h.s.HTTPSamplerBase: Parser for application/xhtml+xml is org.apache.jmeter.protocol.http.parser.LagartoBasedHtmlParser
2020-03-23 21:04:46,125 INFO o.a.j.p.h.s.HTTPSamplerBase: Parser for application/xml is org.apache.jmeter.protocol.http.parser.LagartoBasedHtmlParser
2020-03-23 21:04:46,125 INFO o.a.j.p.h.s.HTTPSamplerBase: Parser for text/xml is org.apache.jmeter.protocol.http.parser.LagartoBasedHtmlParser
2020-03-23 21:04:46,125 INFO o.a.j.p.h.s.HTTPSamplerBase: Parser for text/vnd.wap.wml is org.apache.jmeter.protocol.http.parser.RegexpHTMLParser
2020-03-23 21:04:46,126 INFO o.a.j.p.h.s.HTTPSamplerBase: Parser for text/css is org.apache.jmeter.protocol.http.parser.CssParser
2020-03-23 21:04:46,177 INFO o.a.j.p.h.c.CacheManager: Will only cache the following methods: [GET]
2020-03-23 21:04:46,222 INFO o.a.j.JMeter: Creating summariser <summary>
2020-03-23 21:04:46,236 INFO o.a.j.e.StandardJMeterEngine: Running the test!
2020-03-23 21:04:46,240 INFO o.a.j.s.SampleEvent: List of sample_variables: []
2020-03-23 21:04:46,240 INFO o.a.j.s.SampleEvent: List of sample_variables: []
2020-03-23 21:04:46,254 INFO o.a.j.e.u.CompoundVariable: Note: Function class names must contain the string: '.functions.'
2020-03-23 21:04:46,254 INFO o.a.j.e.u.CompoundVariable: Note: Function class names must not contain the string: '.gui.'
2020-03-23 21:04:47,111 INFO o.a.j.JMeter: Running test (1584993887111)
2020-03-23 21:04:47,189 INFO o.a.j.e.StandardJMeterEngine: Starting ThreadGroup: 1 : Grupo De Hilos
2020-03-23 21:04:47,190 INFO o.a.j.e.StandardJMeterEngine: Starting 75 threads for group Grupo De Hilos.
2020-03-23 21:04:47,190 INFO o.a.j.e.StandardJMeterEngine: Thread will continue on error
2020-03-23 21:04:47,190 INFO o.a.j.t.ThreadGroup: Starting thread group... number=1 threads=75 ramp-up=30 delayedStart=false
2020-03-23 21:04:47,194 INFO o.a.j.s.SampleResult: Note: Sample TimeStamps are START times
2020-03-23 21:04:47,204 INFO o.a.j.s.SampleResult: sampleresult.default.encoding is set to ISO-8859-1
2020-03-23 21:04:47,204 INFO o.a.j.s.SampleResult: sampleresult.useNanoTime=true
2020-03-23 21:04:47,204 INFO o.a.j.s.SampleResult: sampleresult.nanoThreadSleep=5000
2020-03-23 21:04:47,214 INFO o.a.j.t.JMeterThread: Thread started: Grupo De Hilos 1-1
2020-03-23 21:04:47,264 INFO o.a.j.p.h.s.HTTPHCAbstractImpl: Local host = hylianpablo
2020-03-23 21:04:47,281 INFO o.a.j.p.h.s.HTTPHC4Impl: HTTP request retry count = 0
2020-03-23 21:04:47,341 INFO o.a.j.t.ThreadGroup: Started thread group number 1
2020-03-23 21:04:47,341 INFO o.a.j.e.StandardJMeterEngine: All thread groups have been started
2020-03-23 21:04:47,595 INFO o.a.j.t.JMeterThread: Thread started: Grupo De Hilos 1-2
2020-03-23 21:04:47,994 INFO o.a.j.t.JMeterThread: Thread started: Grupo De Hilos 1-3
2020-03-23 21:04:48,393 INFO o.a.j.t.JMeterThread: Thread started: Grupo De Hilos 1-4
2020-03-23 21:04:48,795 INFO o.a.j.t.JMeterThread: Thread started: Grupo De Hilos 1-5
2020-03-23 21:04:49,194 INFO o.a.j.t.JMeterThread: Thread started: Grupo De Hilos 1-6
2020-03-23 21:04:49,600 INFO o.a.j.t.JMeterThread: Thread started: Grupo De Hilos 1-7
2020-03-23 21:04:49,992 INFO o.a.j.t.JMeterThread: Thread started: Grupo De Hilos 1-8
2020-03-23 21:04:50,393 INFO o.a.j.t.JMeterThread: Thread started: Grupo De Hilos 1-9
2020-03-23 21:04:50,836 INFO o.a.j.t.JMeterThread: Thread started: Grupo De Hilos 1-10
2020-03-23 21:04:51,193 INFO o.a.j.t.JMeterThread: Thread started: Grupo De Hilos 1-11
2020-03-23 21:04:51,594 INFO o.a.j.t.JMeterThread: Thread started: Grupo De Hilos 1-12
2020-03-23 21:04:51,996 INFO o.a.j.t.JMeterThread: Thread started: Grupo De Hilos 1-13
2020-03-23 21:04:52,401 INFO o.a.j.t.JMeterThread: Thread started: Grupo De Hilos 1-14
2020-03-23 21:04:52,791 INFO o.a.j.t.JMeterThread: Thread started: Grupo De Hilos 1-15
2020-03-23 21:04:53,192 INFO o.a.j.t.JMeterThread: Thread started: Grupo De Hilos 1-16
2020-03-23 21:04:53,594 INFO o.a.j.t.JMeterThread: Thread started: Grupo De Hilos 1-17
2020-03-23 21:04:53,992 INFO o.a.j.t.JMeterThread: Thread started: Grupo De Hilos 1-18
2020-03-23 21:04:54,391 INFO o.a.j.t.JMeterThread: Thread started: Grupo De Hilos 1-19
2020-03-23 21:04:54,792 INFO o.a.j.t.JMeterThread: Thread started: Grupo De Hilos 1-20
2020-03-23 21:04:55,191 INFO o.a.j.t.JMeterThread: Thread started: Grupo De Hilos 1-21
2020-03-23 21:04:55,595 INFO o.a.j.t.JMeterThread: Thread started: Grupo De Hilos 1-22
2020-03-23 21:04:55,991 INFO o.a.j.t.JMeterThread: Thread started: Grupo De Hilos 1-23
2020-03-23 21:04:56,392 INFO o.a.j.t.JMeterThread: Thread started: Grupo De Hilos 1-24
2020-03-23 21:04:56,791 INFO o.a.j.t.JMeterThread: Thread started: Grupo De Hilos 1-25
2020-03-23 21:04:57,192 INFO o.a.j.t.JMeterThread: Thread started: Grupo De Hilos 1-26
2020-03-23 21:04:57,596 INFO o.a.j.t.JMeterThread: Thread started: Grupo De Hilos 1-27
2020-03-23 21:04:57,993 INFO o.a.j.t.JMeterThread: Thread started: Grupo De Hilos 1-28
2020-03-23 21:04:58,400 INFO o.a.j.t.JMeterThread: Thread started: Grupo De Hilos 1-29
2020-03-23 21:04:58,800 INFO o.a.j.t.JMeterThread: Thread started: Grupo De Hilos 1-30
2020-03-23 21:04:59,196 INFO o.a.j.t.JMeterThread: Thread started: Grupo De Hilos 1-31
2020-03-23 21:04:59,595 INFO o.a.j.t.JMeterThread: Thread started: Grupo De Hilos 1-32
2020-03-23 21:04:59,991 INFO o.a.j.t.JMeterThread: Thread started: Grupo De Hilos 1-33
2020-03-23 21:05:00,051 INFO o.a.j.r.Summariser: summary +     33 in 00:00:13 =    2.6/s Avg:    58 Min:    38 Max:   168 Err:     0 (0.00%) Active: 33 Started: 33 Finished: 0
2020-03-23 21:05:00,392 INFO o.a.j.t.JMeterThread: Thread started: Grupo De Hilos 1-34
2020-03-23 21:05:00,791 INFO o.a.j.t.JMeterThread: Thread started: Grupo De Hilos 1-35
2020-03-23 21:05:01,191 INFO o.a.j.t.JMeterThread: Thread started: Grupo De Hilos 1-36
2020-03-23 21:05:01,594 INFO o.a.j.t.JMeterThread: Thread started: Grupo De Hilos 1-37
2020-03-23 21:05:01,992 INFO o.a.j.t.JMeterThread: Thread started: Grupo De Hilos 1-38
2020-03-23 21:05:02,392 INFO o.a.j.t.JMeterThread: Thread started: Grupo De Hilos 1-39
2020-03-23 21:05:02,794 INFO o.a.j.t.JMeterThread: Thread started: Grupo De Hilos 1-40
2020-03-23 21:05:03,196 INFO o.a.j.t.JMeterThread: Thread started: Grupo De Hilos 1-41
2020-03-23 21:05:03,595 INFO o.a.j.t.JMeterThread: Thread started: Grupo De Hilos 1-42
2020-03-23 21:05:03,993 INFO o.a.j.t.JMeterThread: Thread started: Grupo De Hilos 1-43
2020-03-23 21:05:04,395 INFO o.a.j.t.JMeterThread: Thread started: Grupo De Hilos 1-44
2020-03-23 21:05:04,792 INFO o.a.j.t.JMeterThread: Thread started: Grupo De Hilos 1-45
2020-03-23 21:05:05,192 INFO o.a.j.t.JMeterThread: Thread started: Grupo De Hilos 1-46
2020-03-23 21:05:05,592 INFO o.a.j.t.JMeterThread: Thread started: Grupo De Hilos 1-47
2020-03-23 21:05:05,992 INFO o.a.j.t.JMeterThread: Thread started: Grupo De Hilos 1-48
2020-03-23 21:05:06,393 INFO o.a.j.t.JMeterThread: Thread started: Grupo De Hilos 1-49
2020-03-23 21:05:06,800 INFO o.a.j.t.JMeterThread: Thread started: Grupo De Hilos 1-50
2020-03-23 21:05:07,194 INFO o.a.j.t.JMeterThread: Thread started: Grupo De Hilos 1-51
2020-03-23 21:05:07,591 INFO o.a.j.t.JMeterThread: Thread started: Grupo De Hilos 1-52
2020-03-23 21:05:07,992 INFO o.a.j.t.JMeterThread: Thread started: Grupo De Hilos 1-53
2020-03-23 21:05:08,392 INFO o.a.j.t.JMeterThread: Thread started: Grupo De Hilos 1-54
2020-03-23 21:05:08,791 INFO o.a.j.t.JMeterThread: Thread started: Grupo De Hilos 1-55
2020-03-23 21:05:09,192 INFO o.a.j.t.JMeterThread: Thread started: Grupo De Hilos 1-56
2020-03-23 21:05:09,603 INFO o.a.j.t.JMeterThread: Thread started: Grupo De Hilos 1-57
2020-03-23 21:05:09,998 INFO o.a.j.t.JMeterThread: Thread started: Grupo De Hilos 1-58
2020-03-23 21:05:10,398 INFO o.a.j.t.JMeterThread: Thread started: Grupo De Hilos 1-59
2020-03-23 21:05:10,793 INFO o.a.j.t.JMeterThread: Thread started: Grupo De Hilos 1-60
2020-03-23 21:05:11,192 INFO o.a.j.t.JMeterThread: Thread started: Grupo De Hilos 1-61
2020-03-23 21:05:11,592 INFO o.a.j.t.JMeterThread: Thread started: Grupo De Hilos 1-62
2020-03-23 21:05:11,991 INFO o.a.j.t.JMeterThread: Thread started: Grupo De Hilos 1-63
2020-03-23 21:05:12,394 INFO o.a.j.t.JMeterThread: Thread started: Grupo De Hilos 1-64
2020-03-23 21:05:12,794 INFO o.a.j.t.JMeterThread: Thread started: Grupo De Hilos 1-65
2020-03-23 21:05:13,198 INFO o.a.j.t.JMeterThread: Thread started: Grupo De Hilos 1-66
2020-03-23 21:05:13,593 INFO o.a.j.t.JMeterThread: Thread started: Grupo De Hilos 1-67
2020-03-23 21:05:13,995 INFO o.a.j.t.JMeterThread: Thread started: Grupo De Hilos 1-68
2020-03-23 21:05:14,392 INFO o.a.j.t.JMeterThread: Thread started: Grupo De Hilos 1-69
2020-03-23 21:05:14,793 INFO o.a.j.t.JMeterThread: Thread started: Grupo De Hilos 1-70
2020-03-23 21:05:15,200 INFO o.a.j.t.JMeterThread: Thread started: Grupo De Hilos 1-71
2020-03-23 21:05:15,592 INFO o.a.j.t.JMeterThread: Thread started: Grupo De Hilos 1-72
2020-03-23 21:05:15,991 INFO o.a.j.t.JMeterThread: Thread started: Grupo De Hilos 1-73
2020-03-23 21:05:16,391 INFO o.a.j.t.JMeterThread: Thread started: Grupo De Hilos 1-74
2020-03-23 21:05:16,790 INFO o.a.j.t.JMeterThread: Thread started: Grupo De Hilos 1-75
2020-03-23 21:09:17,214 INFO o.a.j.t.JMeterThread: Stopping because end time detected by thread: Grupo De Hilos 1-5
2020-03-23 21:09:17,214 INFO o.a.j.t.JMeterThread: Thread finished: Grupo De Hilos 1-5
2020-03-23 21:09:17,224 INFO o.a.j.t.JMeterThread: Stopping because end time detected by thread: Grupo De Hilos 1-2
2020-03-23 21:09:17,224 INFO o.a.j.t.JMeterThread: Thread finished: Grupo De Hilos 1-2
2020-03-23 21:09:17,240 INFO o.a.j.t.JMeterThread: Stopping because end time detected by thread: Grupo De Hilos 1-14
2020-03-23 21:09:17,241 INFO o.a.j.t.JMeterThread: Thread finished: Grupo De Hilos 1-14
2020-03-23 21:09:17,244 INFO o.a.j.t.JMeterThread: Stopping because end time detected by thread: Grupo De Hilos 1-8
2020-03-23 21:09:17,244 INFO o.a.j.t.JMeterThread: Thread finished: Grupo De Hilos 1-8
2020-03-23 21:09:17,245 INFO o.a.j.t.JMeterThread: Stopping because end time detected by thread: Grupo De Hilos 1-1
2020-03-23 21:09:17,245 INFO o.a.j.t.JMeterThread: Thread finished: Grupo De Hilos 1-1
2020-03-23 21:09:17,246 INFO o.a.j.t.JMeterThread: Stopping because end time detected by thread: Grupo De Hilos 1-15
2020-03-23 21:09:17,246 INFO o.a.j.t.JMeterThread: Stopping because end time detected by thread: Grupo De Hilos 1-16
2020-03-23 21:09:17,246 INFO o.a.j.t.JMeterThread: Thread finished: Grupo De Hilos 1-15
2020-03-23 21:09:17,246 INFO o.a.j.t.JMeterThread: Thread finished: Grupo De Hilos 1-16
2020-03-23 21:09:17,247 INFO o.a.j.t.JMeterThread: Stopping because end time detected by thread: Grupo De Hilos 1-20
2020-03-23 21:09:17,247 INFO o.a.j.t.JMeterThread: Stopping because end time detected by thread: Grupo De Hilos 1-17
2020-03-23 21:09:17,247 INFO o.a.j.t.JMeterThread: Thread finished: Grupo De Hilos 1-20
2020-03-23 21:09:17,247 INFO o.a.j.t.JMeterThread: Thread finished: Grupo De Hilos 1-17
2020-03-23 21:09:17,248 INFO o.a.j.t.JMeterThread: Stopping because end time detected by thread: Grupo De Hilos 1-18
2020-03-23 21:09:17,248 INFO o.a.j.t.JMeterThread: Thread finished: Grupo De Hilos 1-18
2020-03-23 21:09:17,252 INFO o.a.j.t.JMeterThread: Stopping because end time detected by thread: Grupo De Hilos 1-4
2020-03-23 21:09:17,252 INFO o.a.j.t.JMeterThread: Thread finished: Grupo De Hilos 1-4
2020-03-23 21:09:17,255 INFO o.a.j.t.JMeterThread: Stopping because end time detected by thread: Grupo De Hilos 1-26
2020-03-23 21:09:17,255 INFO o.a.j.t.JMeterThread: Thread finished: Grupo De Hilos 1-26
2020-03-23 21:09:17,260 INFO o.a.j.t.JMeterThread: Stopping because end time detected by thread: Grupo De Hilos 1-19
2020-03-23 21:09:17,261 INFO o.a.j.t.JMeterThread: Thread finished: Grupo De Hilos 1-19
2020-03-23 21:09:17,261 INFO o.a.j.t.JMeterThread: Stopping because end time detected by thread: Grupo De Hilos 1-24
2020-03-23 21:09:17,262 INFO o.a.j.t.JMeterThread: Thread finished: Grupo De Hilos 1-24
2020-03-23 21:09:17,264 INFO o.a.j.t.JMeterThread: Stopping because end time detected by thread: Grupo De Hilos 1-28
2020-03-23 21:09:17,264 INFO o.a.j.t.JMeterThread: Thread finished: Grupo De Hilos 1-28
2020-03-23 21:09:17,268 INFO o.a.j.t.JMeterThread: Stopping because end time detected by thread: Grupo De Hilos 1-7
2020-03-23 21:09:17,268 INFO o.a.j.t.JMeterThread: Stopping because end time detected by thread: Grupo De Hilos 1-22
2020-03-23 21:09:17,268 INFO o.a.j.t.JMeterThread: Stopping because end time detected by thread: Grupo De Hilos 1-23
2020-03-23 21:09:17,268 INFO o.a.j.t.JMeterThread: Thread finished: Grupo De Hilos 1-7
2020-03-23 21:09:17,269 INFO o.a.j.t.JMeterThread: Thread finished: Grupo De Hilos 1-23
2020-03-23 21:09:17,269 INFO o.a.j.t.JMeterThread: Thread finished: Grupo De Hilos 1-22
2020-03-23 21:09:17,269 INFO o.a.j.t.JMeterThread: Stopping because end time detected by thread: Grupo De Hilos 1-25
2020-03-23 21:09:17,270 INFO o.a.j.t.JMeterThread: Thread finished: Grupo De Hilos 1-25
2020-03-23 21:09:17,272 INFO o.a.j.t.JMeterThread: Stopping because end time detected by thread: Grupo De Hilos 1-36
2020-03-23 21:09:17,292 INFO o.a.j.t.JMeterThread: Thread finished: Grupo De Hilos 1-36
2020-03-23 21:09:17,292 INFO o.a.j.t.JMeterThread: Stopping because end time detected by thread: Grupo De Hilos 1-48
2020-03-23 21:09:17,292 INFO o.a.j.t.JMeterThread: Stopping because end time detected by thread: Grupo De Hilos 1-31
2020-03-23 21:09:17,292 INFO o.a.j.t.JMeterThread: Thread finished: Grupo De Hilos 1-48
2020-03-23 21:09:17,293 INFO o.a.j.t.JMeterThread: Thread finished: Grupo De Hilos 1-31
2020-03-23 21:09:17,288 INFO o.a.j.t.JMeterThread: Stopping because end time detected by thread: Grupo De Hilos 1-39
2020-03-23 21:09:17,293 INFO o.a.j.t.JMeterThread: Thread finished: Grupo De Hilos 1-39
2020-03-23 21:09:17,293 INFO o.a.j.t.JMeterThread: Stopping because end time detected by thread: Grupo De Hilos 1-50
2020-03-23 21:09:17,293 INFO o.a.j.t.JMeterThread: Thread finished: Grupo De Hilos 1-50
2020-03-23 21:09:17,285 INFO o.a.j.t.JMeterThread: Stopping because end time detected by thread: Grupo De Hilos 1-44
2020-03-23 21:09:17,284 INFO o.a.j.t.JMeterThread: Stopping because end time detected by thread: Grupo De Hilos 1-40
2020-03-23 21:09:17,296 INFO o.a.j.t.JMeterThread: Stopping because end time detected by thread: Grupo De Hilos 1-35
2020-03-23 21:09:17,296 INFO o.a.j.t.JMeterThread: Thread finished: Grupo De Hilos 1-40
2020-03-23 21:09:17,296 INFO o.a.j.t.JMeterThread: Thread finished: Grupo De Hilos 1-35
2020-03-23 21:09:17,284 INFO o.a.j.t.JMeterThread: Stopping because end time detected by thread: Grupo De Hilos 1-12
2020-03-23 21:09:17,297 INFO o.a.j.t.JMeterThread: Stopping because end time detected by thread: Grupo De Hilos 1-10
2020-03-23 21:09:17,297 INFO o.a.j.t.JMeterThread: Thread finished: Grupo De Hilos 1-12
2020-03-23 21:09:17,297 INFO o.a.j.t.JMeterThread: Thread finished: Grupo De Hilos 1-10
2020-03-23 21:09:17,284 INFO o.a.j.t.JMeterThread: Stopping because end time detected by thread: Grupo De Hilos 1-42
2020-03-23 21:09:17,297 INFO o.a.j.t.JMeterThread: Thread finished: Grupo De Hilos 1-42
2020-03-23 21:09:17,284 INFO o.a.j.t.JMeterThread: Stopping because end time detected by thread: Grupo De Hilos 1-33
2020-03-23 21:09:17,298 INFO o.a.j.t.JMeterThread: Thread finished: Grupo De Hilos 1-33
2020-03-23 21:09:17,300 INFO o.a.j.t.JMeterThread: Stopping because end time detected by thread: Grupo De Hilos 1-51
2020-03-23 21:09:17,300 INFO o.a.j.t.JMeterThread: Thread finished: Grupo De Hilos 1-51
2020-03-23 21:09:17,304 INFO o.a.j.t.JMeterThread: Stopping because end time detected by thread: Grupo De Hilos 1-45
2020-03-23 21:09:17,304 INFO o.a.j.t.JMeterThread: Stopping because end time detected by thread: Grupo De Hilos 1-34
2020-03-23 21:09:17,304 INFO o.a.j.t.JMeterThread: Thread finished: Grupo De Hilos 1-45
2020-03-23 21:09:17,304 INFO o.a.j.t.JMeterThread: Stopping because end time detected by thread: Grupo De Hilos 1-53
2020-03-23 21:09:17,305 INFO o.a.j.t.JMeterThread: Thread finished: Grupo De Hilos 1-53
2020-03-23 21:09:17,305 INFO o.a.j.t.JMeterThread: Stopping because end time detected by thread: Grupo De Hilos 1-56
2020-03-23 21:09:17,305 INFO o.a.j.t.JMeterThread: Thread finished: Grupo De Hilos 1-56
2020-03-23 21:09:17,305 INFO o.a.j.t.JMeterThread: Stopping because end time detected by thread: Grupo De Hilos 1-47
2020-03-23 21:09:17,305 INFO o.a.j.t.JMeterThread: Thread finished: Grupo De Hilos 1-47
2020-03-23 21:09:17,305 INFO o.a.j.t.JMeterThread: Stopping because end time detected by thread: Grupo De Hilos 1-11
2020-03-23 21:09:17,306 INFO o.a.j.t.JMeterThread: Thread finished: Grupo De Hilos 1-11
2020-03-23 21:09:17,306 INFO o.a.j.t.JMeterThread: Stopping because end time detected by thread: Grupo De Hilos 1-52
2020-03-23 21:09:17,306 INFO o.a.j.t.JMeterThread: Thread finished: Grupo De Hilos 1-52
2020-03-23 21:09:17,306 INFO o.a.j.t.JMeterThread: Stopping because end time detected by thread: Grupo De Hilos 1-49
2020-03-23 21:09:17,306 INFO o.a.j.t.JMeterThread: Thread finished: Grupo De Hilos 1-49
2020-03-23 21:09:17,307 INFO o.a.j.t.JMeterThread: Stopping because end time detected by thread: Grupo De Hilos 1-46
2020-03-23 21:09:17,307 INFO o.a.j.t.JMeterThread: Thread finished: Grupo De Hilos 1-46
2020-03-23 21:09:17,280 INFO o.a.j.t.JMeterThread: Stopping because end time detected by thread: Grupo De Hilos 1-32
2020-03-23 21:09:17,308 INFO o.a.j.t.JMeterThread: Thread finished: Grupo De Hilos 1-32
2020-03-23 21:09:17,309 INFO o.a.j.t.JMeterThread: Thread finished: Grupo De Hilos 1-44
2020-03-23 21:09:17,280 INFO o.a.j.t.JMeterThread: Stopping because end time detected by thread: Grupo De Hilos 1-41
2020-03-23 21:09:17,309 INFO o.a.j.t.JMeterThread: Thread finished: Grupo De Hilos 1-41
2020-03-23 21:09:17,277 INFO o.a.j.t.JMeterThread: Stopping because end time detected by thread: Grupo De Hilos 1-13
2020-03-23 21:09:17,310 INFO o.a.j.t.JMeterThread: Thread finished: Grupo De Hilos 1-13
2020-03-23 21:09:17,276 INFO o.a.j.t.JMeterThread: Stopping because end time detected by thread: Grupo De Hilos 1-30
2020-03-23 21:09:17,276 INFO o.a.j.t.JMeterThread: Stopping because end time detected by thread: Grupo De Hilos 1-29
2020-03-23 21:09:17,310 INFO o.a.j.t.JMeterThread: Thread finished: Grupo De Hilos 1-30
2020-03-23 21:09:17,310 INFO o.a.j.t.JMeterThread: Thread finished: Grupo De Hilos 1-29
2020-03-23 21:09:17,276 INFO o.a.j.t.JMeterThread: Stopping because end time detected by thread: Grupo De Hilos 1-9
2020-03-23 21:09:17,274 INFO o.a.j.t.JMeterThread: Stopping because end time detected by thread: Grupo De Hilos 1-38
2020-03-23 21:09:17,311 INFO o.a.j.t.JMeterThread: Thread finished: Grupo De Hilos 1-9
2020-03-23 21:09:17,311 INFO o.a.j.t.JMeterThread: Thread finished: Grupo De Hilos 1-38
2020-03-23 21:09:17,272 INFO o.a.j.t.JMeterThread: Stopping because end time detected by thread: Grupo De Hilos 1-27
2020-03-23 21:09:17,272 INFO o.a.j.t.JMeterThread: Stopping because end time detected by thread: Grupo De Hilos 1-21
2020-03-23 21:09:17,311 INFO o.a.j.t.JMeterThread: Thread finished: Grupo De Hilos 1-27
2020-03-23 21:09:17,311 INFO o.a.j.t.JMeterThread: Thread finished: Grupo De Hilos 1-21
2020-03-23 21:09:17,311 INFO o.a.j.t.JMeterThread: Thread finished: Grupo De Hilos 1-34
2020-03-23 21:09:17,293 INFO o.a.j.t.JMeterThread: Stopping because end time detected by thread: Grupo De Hilos 1-6
2020-03-23 21:09:17,312 INFO o.a.j.t.JMeterThread: Thread finished: Grupo De Hilos 1-6
2020-03-23 21:09:17,292 INFO o.a.j.t.JMeterThread: Stopping because end time detected by thread: Grupo De Hilos 1-3
2020-03-23 21:09:17,312 INFO o.a.j.t.JMeterThread: Thread finished: Grupo De Hilos 1-3
2020-03-23 21:09:17,313 INFO o.a.j.t.JMeterThread: Stopping because end time detected by thread: Grupo De Hilos 1-54
2020-03-23 21:09:17,314 INFO o.a.j.t.JMeterThread: Thread finished: Grupo De Hilos 1-54
2020-03-23 21:09:17,313 INFO o.a.j.t.JMeterThread: Stopping because end time detected by thread: Grupo De Hilos 1-57
2020-03-23 21:09:17,314 INFO o.a.j.t.JMeterThread: Stopping because end time detected by thread: Grupo De Hilos 1-59
2020-03-23 21:09:17,314 INFO o.a.j.t.JMeterThread: Thread finished: Grupo De Hilos 1-59
2020-03-23 21:09:17,314 INFO o.a.j.t.JMeterThread: Stopping because end time detected by thread: Grupo De Hilos 1-55
2020-03-23 21:09:17,314 INFO o.a.j.t.JMeterThread: Thread finished: Grupo De Hilos 1-55
2020-03-23 21:09:17,315 INFO o.a.j.t.JMeterThread: Thread finished: Grupo De Hilos 1-57
2020-03-23 21:09:17,315 INFO o.a.j.t.JMeterThread: Stopping because end time detected by thread: Grupo De Hilos 1-61
2020-03-23 21:09:17,316 INFO o.a.j.t.JMeterThread: Thread finished: Grupo De Hilos 1-61
2020-03-23 21:09:17,320 INFO o.a.j.t.JMeterThread: Stopping because end time detected by thread: Grupo De Hilos 1-63
2020-03-23 21:09:17,320 INFO o.a.j.t.JMeterThread: Thread finished: Grupo De Hilos 1-63
2020-03-23 21:09:17,321 INFO o.a.j.t.JMeterThread: Stopping because end time detected by thread: Grupo De Hilos 1-64
2020-03-23 21:09:17,321 INFO o.a.j.t.JMeterThread: Thread finished: Grupo De Hilos 1-64
2020-03-23 21:09:17,322 INFO o.a.j.t.JMeterThread: Stopping because end time detected by thread: Grupo De Hilos 1-66
2020-03-23 21:09:17,322 INFO o.a.j.t.JMeterThread: Thread finished: Grupo De Hilos 1-66
2020-03-23 21:09:17,324 INFO o.a.j.t.JMeterThread: Stopping because end time detected by thread: Grupo De Hilos 1-62
2020-03-23 21:09:17,324 INFO o.a.j.t.JMeterThread: Stopping because end time detected by thread: Grupo De Hilos 1-65
2020-03-23 21:09:17,324 INFO o.a.j.t.JMeterThread: Thread finished: Grupo De Hilos 1-62
2020-03-23 21:09:17,304 INFO o.a.j.t.JMeterThread: Stopping because end time detected by thread: Grupo De Hilos 1-58
2020-03-23 21:09:17,325 INFO o.a.j.t.JMeterThread: Thread finished: Grupo De Hilos 1-58
2020-03-23 21:09:17,324 INFO o.a.j.t.JMeterThread: Thread finished: Grupo De Hilos 1-65
2020-03-23 21:09:17,325 INFO o.a.j.t.JMeterThread: Stopping because end time detected by thread: Grupo De Hilos 1-43
2020-03-23 21:09:17,327 INFO o.a.j.t.JMeterThread: Thread finished: Grupo De Hilos 1-43
2020-03-23 21:09:17,327 INFO o.a.j.t.JMeterThread: Stopping because end time detected by thread: Grupo De Hilos 1-37
2020-03-23 21:09:17,328 INFO o.a.j.t.JMeterThread: Thread finished: Grupo De Hilos 1-37
2020-03-23 21:09:17,330 INFO o.a.j.t.JMeterThread: Stopping because end time detected by thread: Grupo De Hilos 1-68
2020-03-23 21:09:17,330 INFO o.a.j.t.JMeterThread: Thread finished: Grupo De Hilos 1-68
2020-03-23 21:09:17,330 INFO o.a.j.t.JMeterThread: Stopping because end time detected by thread: Grupo De Hilos 1-67
2020-03-23 21:09:17,331 INFO o.a.j.t.JMeterThread: Thread finished: Grupo De Hilos 1-67
2020-03-23 21:09:17,337 INFO o.a.j.t.JMeterThread: Stopping because end time detected by thread: Grupo De Hilos 1-71
2020-03-23 21:09:17,337 INFO o.a.j.t.JMeterThread: Thread finished: Grupo De Hilos 1-71
2020-03-23 21:09:17,338 INFO o.a.j.t.JMeterThread: Stopping because end time detected by thread: Grupo De Hilos 1-69
2020-03-23 21:09:17,338 INFO o.a.j.t.JMeterThread: Thread finished: Grupo De Hilos 1-69
2020-03-23 21:09:17,340 INFO o.a.j.t.JMeterThread: Stopping because end time detected by thread: Grupo De Hilos 1-72
2020-03-23 21:09:17,340 INFO o.a.j.t.JMeterThread: Thread finished: Grupo De Hilos 1-72
2020-03-23 21:09:17,340 INFO o.a.j.t.JMeterThread: Stopping because end time detected by thread: Grupo De Hilos 1-73
2020-03-23 21:09:17,340 INFO o.a.j.t.JMeterThread: Thread finished: Grupo De Hilos 1-73
2020-03-23 21:09:17,340 INFO o.a.j.t.JMeterThread: Stopping because end time detected by thread: Grupo De Hilos 1-70
2020-03-23 21:09:17,340 INFO o.a.j.t.JMeterThread: Thread finished: Grupo De Hilos 1-70
2020-03-23 21:09:17,341 INFO o.a.j.t.JMeterThread: Stopping because end time detected by thread: Grupo De Hilos 1-74
2020-03-23 21:09:17,341 INFO o.a.j.t.JMeterThread: Thread finished: Grupo De Hilos 1-74
2020-03-23 21:09:17,341 INFO o.a.j.t.JMeterThread: Stopping because end time detected by thread: Grupo De Hilos 1-60
2020-03-23 21:09:17,342 INFO o.a.j.t.JMeterThread: Thread finished: Grupo De Hilos 1-60
2020-03-23 21:09:17,342 INFO o.a.j.t.JMeterThread: Stopping because end time detected by thread: Grupo De Hilos 1-75
2020-03-23 21:09:17,342 INFO o.a.j.t.JMeterThread: Thread finished: Grupo De Hilos 1-75
2020-03-23 21:09:17,342 INFO o.a.j.e.StandardJMeterEngine: Notifying test listeners of end of test
2020-03-23 21:09:17,344 INFO o.a.j.r.Summariser: summary +     42 in 00:04:17 =    0.2/s Avg:    44 Min:    37 Max:    62 Err:     0 (0.00%) Active: 0 Started: 75 Finished: 75
2020-03-23 21:09:17,345 INFO o.a.j.r.Summariser: summary =     75 in 00:04:30 =    0.3/s Avg:    50 Min:    37 Max:   168 Err:     0 (0.00%)
