2020-03-21 09:43:09,805 INFO o.a.j.u.JMeterUtils: Setting Locale to en_US
2020-03-21 09:43:09,841 INFO o.a.j.JMeter: Loading user properties from: user.properties
2020-03-21 09:43:09,843 INFO o.a.j.JMeter: Loading system properties from: system.properties
2020-03-21 09:43:09,844 INFO o.a.j.JMeter: Setting JMeter property: HILOS=150
2020-03-21 09:43:09,844 INFO o.a.j.JMeter: Setting JMeter property: SUBIDA=60
2020-03-21 09:43:09,845 INFO o.a.j.JMeter: Setting JMeter property: DURACION=300
2020-03-21 09:43:09,845 INFO o.a.j.JMeter: Setting JMeter property: FILE=scriptresultsperfmon150.jtl
2020-03-21 09:43:09,848 INFO o.a.j.JMeter: Copyright (c) 1998-2019 The Apache Software Foundation
2020-03-21 09:43:09,848 INFO o.a.j.JMeter: Version 5.2.1
2020-03-21 09:43:09,848 INFO o.a.j.JMeter: java.version=1.8.0_201
2020-03-21 09:43:09,849 INFO o.a.j.JMeter: java.vm.name=Java HotSpot(TM) 64-Bit Server VM
2020-03-21 09:43:09,849 INFO o.a.j.JMeter: os.name=Linux
2020-03-21 09:43:09,849 INFO o.a.j.JMeter: os.arch=amd64
2020-03-21 09:43:09,849 INFO o.a.j.JMeter: os.version=4.15.0-88-generic
2020-03-21 09:43:09,850 INFO o.a.j.JMeter: file.encoding=UTF-8
2020-03-21 09:43:09,850 INFO o.a.j.JMeter: java.awt.headless=true
2020-03-21 09:43:09,850 INFO o.a.j.JMeter: Max memory     =732954624
2020-03-21 09:43:09,851 INFO o.a.j.JMeter: Available Processors =4
2020-03-21 09:43:09,860 INFO o.a.j.JMeter: Default Locale=English (United States)
2020-03-21 09:43:09,861 INFO o.a.j.JMeter: JMeter  Locale=English (United States)
2020-03-21 09:43:09,861 INFO o.a.j.JMeter: JMeterHome=/home/pablo/jmeter
2020-03-21 09:43:09,861 INFO o.a.j.JMeter: user.dir  =/home/pablo/jmeter/bin
2020-03-21 09:43:09,862 INFO o.a.j.JMeter: PWD       =/home/pablo/jmeter/bin
2020-03-21 09:43:09,862 INFO o.a.j.JMeter: IP: 127.0.1.1 Name: hylianpablo FullName: hylianpablo
2020-03-21 09:43:09,874 INFO o.a.j.s.FileServer: Default base='/home/pablo/jmeter/bin'
2020-03-21 09:43:09,901 INFO o.a.j.s.FileServer: Set new base='/home/pablo/jmeter/bin'
2020-03-21 09:43:10,270 INFO o.a.j.s.SaveService: Testplan (JMX) version: 2.2. Testlog (JTL) version: 2.2
2020-03-21 09:43:10,293 INFO o.a.j.s.SaveService: Using SaveService properties file encoding UTF-8
2020-03-21 09:43:10,308 INFO o.a.j.s.SaveService: Using SaveService properties version 5.0
2020-03-21 09:43:10,328 INFO o.a.j.s.SaveService: Loading file: Funciona.jmx
2020-03-21 09:43:10,425 INFO o.a.j.p.h.c.CookieManager: Settings: Delete null: true Check: true Allow variable: true Save: false Prefix: COOKIE_
2020-03-21 09:43:10,480 INFO o.a.j.p.h.s.HTTPSamplerBase: Parser for text/html is org.apache.jmeter.protocol.http.parser.LagartoBasedHtmlParser
2020-03-21 09:43:10,481 INFO o.a.j.p.h.s.HTTPSamplerBase: Parser for application/xhtml+xml is org.apache.jmeter.protocol.http.parser.LagartoBasedHtmlParser
2020-03-21 09:43:10,481 INFO o.a.j.p.h.s.HTTPSamplerBase: Parser for application/xml is org.apache.jmeter.protocol.http.parser.LagartoBasedHtmlParser
2020-03-21 09:43:10,481 INFO o.a.j.p.h.s.HTTPSamplerBase: Parser for text/xml is org.apache.jmeter.protocol.http.parser.LagartoBasedHtmlParser
2020-03-21 09:43:10,482 INFO o.a.j.p.h.s.HTTPSamplerBase: Parser for text/vnd.wap.wml is org.apache.jmeter.protocol.http.parser.RegexpHTMLParser
2020-03-21 09:43:10,482 INFO o.a.j.p.h.s.HTTPSamplerBase: Parser for text/css is org.apache.jmeter.protocol.http.parser.CssParser
2020-03-21 09:43:10,557 INFO o.a.j.p.h.c.CacheManager: Will only cache the following methods: [GET]
2020-03-21 09:43:10,634 INFO o.a.j.JMeter: Creating summariser <summary>
2020-03-21 09:43:10,655 INFO o.a.j.e.StandardJMeterEngine: Running the test!
2020-03-21 09:43:10,664 INFO o.a.j.s.SampleEvent: List of sample_variables: []
2020-03-21 09:43:10,665 INFO o.a.j.s.SampleEvent: List of sample_variables: []
2020-03-21 09:43:10,679 INFO o.a.j.e.u.CompoundVariable: Note: Function class names must contain the string: '.functions.'
2020-03-21 09:43:10,679 INFO o.a.j.e.u.CompoundVariable: Note: Function class names must not contain the string: '.gui.'
2020-03-21 09:43:12,014 INFO o.a.j.JMeter: Running test (1584780192014)
2020-03-21 09:43:12,122 INFO o.a.j.e.StandardJMeterEngine: Starting ThreadGroup: 1 : Grupo De Hilos
2020-03-21 09:43:12,123 INFO o.a.j.e.StandardJMeterEngine: Starting 150 threads for group Grupo De Hilos.
2020-03-21 09:43:12,123 INFO o.a.j.e.StandardJMeterEngine: Thread will continue on error
2020-03-21 09:43:12,124 INFO o.a.j.t.ThreadGroup: Starting thread group... number=1 threads=150 ramp-up=60 delayedStart=false
2020-03-21 09:43:12,170 INFO o.a.j.t.JMeterThread: Thread started: Grupo De Hilos 1-1
2020-03-21 09:43:12,264 INFO o.a.j.p.h.s.HTTPHCAbstractImpl: Local host = hylianpablo
2020-03-21 09:43:12,285 INFO o.a.j.p.h.s.HTTPHC4Impl: HTTP request retry count = 0
2020-03-21 09:43:12,290 INFO o.a.j.s.SampleResult: Note: Sample TimeStamps are START times
2020-03-21 09:43:12,290 INFO o.a.j.s.SampleResult: sampleresult.default.encoding is set to ISO-8859-1
2020-03-21 09:43:12,291 INFO o.a.j.s.SampleResult: sampleresult.useNanoTime=true
2020-03-21 09:43:12,291 INFO o.a.j.s.SampleResult: sampleresult.nanoThreadSleep=5000
2020-03-21 09:43:12,534 INFO o.a.j.t.ThreadGroup: Started thread group number 1
2020-03-21 09:43:12,534 INFO o.a.j.e.StandardJMeterEngine: All thread groups have been started
2020-03-21 09:43:12,562 INFO o.a.j.t.JMeterThread: Thread started: Grupo De Hilos 1-2
2020-03-21 09:43:12,965 INFO o.a.j.t.JMeterThread: Thread started: Grupo De Hilos 1-3
2020-03-21 09:43:13,334 INFO o.a.j.t.JMeterThread: Thread started: Grupo De Hilos 1-4
2020-03-21 09:43:13,740 INFO o.a.j.t.JMeterThread: Thread started: Grupo De Hilos 1-5
2020-03-21 09:43:14,152 INFO o.a.j.t.JMeterThread: Thread started: Grupo De Hilos 1-6
2020-03-21 09:43:14,546 INFO o.a.j.t.JMeterThread: Thread started: Grupo De Hilos 1-7
2020-03-21 09:43:14,952 INFO o.a.j.t.JMeterThread: Thread started: Grupo De Hilos 1-8
2020-03-21 09:43:15,332 INFO o.a.j.t.JMeterThread: Thread started: Grupo De Hilos 1-9
2020-03-21 09:43:15,730 INFO o.a.j.t.JMeterThread: Thread started: Grupo De Hilos 1-10
2020-03-21 09:43:16,129 INFO o.a.j.t.JMeterThread: Thread started: Grupo De Hilos 1-11
2020-03-21 09:43:16,532 INFO o.a.j.t.JMeterThread: Thread started: Grupo De Hilos 1-12
2020-03-21 09:43:16,930 INFO o.a.j.t.JMeterThread: Thread started: Grupo De Hilos 1-13
2020-03-21 09:43:17,344 INFO o.a.j.t.JMeterThread: Thread started: Grupo De Hilos 1-14
2020-03-21 09:43:17,729 INFO o.a.j.t.JMeterThread: Thread started: Grupo De Hilos 1-15
2020-03-21 09:43:18,128 INFO o.a.j.t.JMeterThread: Thread started: Grupo De Hilos 1-16
2020-03-21 09:43:18,533 INFO o.a.j.t.JMeterThread: Thread started: Grupo De Hilos 1-17
2020-03-21 09:43:18,928 INFO o.a.j.t.JMeterThread: Thread started: Grupo De Hilos 1-18
2020-03-21 09:43:19,329 INFO o.a.j.t.JMeterThread: Thread started: Grupo De Hilos 1-19
2020-03-21 09:43:19,728 INFO o.a.j.t.JMeterThread: Thread started: Grupo De Hilos 1-20
2020-03-21 09:43:20,132 INFO o.a.j.t.JMeterThread: Thread started: Grupo De Hilos 1-21
2020-03-21 09:43:20,529 INFO o.a.j.t.JMeterThread: Thread started: Grupo De Hilos 1-22
2020-03-21 09:43:20,926 INFO o.a.j.t.JMeterThread: Thread started: Grupo De Hilos 1-23
2020-03-21 09:43:21,326 INFO o.a.j.t.JMeterThread: Thread started: Grupo De Hilos 1-24
2020-03-21 09:43:21,732 INFO o.a.j.t.JMeterThread: Thread started: Grupo De Hilos 1-25
2020-03-21 09:43:22,126 INFO o.a.j.t.JMeterThread: Thread started: Grupo De Hilos 1-26
2020-03-21 09:43:22,528 INFO o.a.j.t.JMeterThread: Thread started: Grupo De Hilos 1-27
2020-03-21 09:43:22,926 INFO o.a.j.t.JMeterThread: Thread started: Grupo De Hilos 1-28
2020-03-21 09:43:23,325 INFO o.a.j.t.JMeterThread: Thread started: Grupo De Hilos 1-29
2020-03-21 09:43:23,725 INFO o.a.j.t.JMeterThread: Thread started: Grupo De Hilos 1-30
2020-03-21 09:43:24,125 INFO o.a.j.t.JMeterThread: Thread started: Grupo De Hilos 1-31
2020-03-21 09:43:24,670 INFO o.a.j.t.JMeterThread: Thread started: Grupo De Hilos 1-32
2020-03-21 09:43:24,927 INFO o.a.j.t.JMeterThread: Thread started: Grupo De Hilos 1-33
2020-03-21 09:43:25,325 INFO o.a.j.t.JMeterThread: Thread started: Grupo De Hilos 1-34
2020-03-21 09:43:25,736 INFO o.a.j.t.JMeterThread: Thread started: Grupo De Hilos 1-35
2020-03-21 09:43:26,253 INFO o.a.j.t.JMeterThread: Thread started: Grupo De Hilos 1-36
2020-03-21 09:43:26,532 INFO o.a.j.t.JMeterThread: Thread started: Grupo De Hilos 1-37
2020-03-21 09:43:26,928 INFO o.a.j.t.JMeterThread: Thread started: Grupo De Hilos 1-38
2020-03-21 09:43:27,328 INFO o.a.j.t.JMeterThread: Thread started: Grupo De Hilos 1-39
2020-03-21 09:43:27,728 INFO o.a.j.t.JMeterThread: Thread started: Grupo De Hilos 1-40
2020-03-21 09:43:28,127 INFO o.a.j.t.JMeterThread: Thread started: Grupo De Hilos 1-41
2020-03-21 09:43:28,525 INFO o.a.j.t.JMeterThread: Thread started: Grupo De Hilos 1-42
2020-03-21 09:43:28,926 INFO o.a.j.t.JMeterThread: Thread started: Grupo De Hilos 1-43
2020-03-21 09:43:29,345 INFO o.a.j.t.JMeterThread: Thread started: Grupo De Hilos 1-44
2020-03-21 09:43:29,728 INFO o.a.j.t.JMeterThread: Thread started: Grupo De Hilos 1-45
2020-03-21 09:43:30,128 INFO o.a.j.t.JMeterThread: Thread started: Grupo De Hilos 1-46
2020-03-21 09:43:30,188 INFO o.a.j.r.Summariser: summary +     46 in 00:00:18 =    2.5/s Avg:    54 Min:    43 Max:   124 Err:     0 (0.00%) Active: 46 Started: 46 Finished: 0
2020-03-21 09:43:30,528 INFO o.a.j.t.JMeterThread: Thread started: Grupo De Hilos 1-47
2020-03-21 09:43:30,928 INFO o.a.j.t.JMeterThread: Thread started: Grupo De Hilos 1-48
2020-03-21 09:43:31,328 INFO o.a.j.t.JMeterThread: Thread started: Grupo De Hilos 1-49
2020-03-21 09:43:31,747 INFO o.a.j.t.JMeterThread: Thread started: Grupo De Hilos 1-50
2020-03-21 09:43:32,132 INFO o.a.j.t.JMeterThread: Thread started: Grupo De Hilos 1-51
2020-03-21 09:43:32,528 INFO o.a.j.t.JMeterThread: Thread started: Grupo De Hilos 1-52
2020-03-21 09:43:32,926 INFO o.a.j.t.JMeterThread: Thread started: Grupo De Hilos 1-53
2020-03-21 09:43:33,336 INFO o.a.j.t.JMeterThread: Thread started: Grupo De Hilos 1-54
2020-03-21 09:43:33,966 INFO o.a.j.t.JMeterThread: Thread started: Grupo De Hilos 1-55
2020-03-21 09:43:34,127 INFO o.a.j.t.JMeterThread: Thread started: Grupo De Hilos 1-56
2020-03-21 09:43:34,541 INFO o.a.j.t.JMeterThread: Thread started: Grupo De Hilos 1-57
2020-03-21 09:43:34,940 INFO o.a.j.t.JMeterThread: Thread started: Grupo De Hilos 1-58
2020-03-21 09:43:35,343 INFO o.a.j.t.JMeterThread: Thread started: Grupo De Hilos 1-59
2020-03-21 09:43:35,729 INFO o.a.j.t.JMeterThread: Thread started: Grupo De Hilos 1-60
2020-03-21 09:43:36,129 INFO o.a.j.t.JMeterThread: Thread started: Grupo De Hilos 1-61
2020-03-21 09:43:36,531 INFO o.a.j.t.JMeterThread: Thread started: Grupo De Hilos 1-62
2020-03-21 09:43:36,930 INFO o.a.j.t.JMeterThread: Thread started: Grupo De Hilos 1-63
2020-03-21 09:43:37,331 INFO o.a.j.t.JMeterThread: Thread started: Grupo De Hilos 1-64
2020-03-21 09:43:37,732 INFO o.a.j.t.JMeterThread: Thread started: Grupo De Hilos 1-65
2020-03-21 09:43:38,129 INFO o.a.j.t.JMeterThread: Thread started: Grupo De Hilos 1-66
2020-03-21 09:43:38,528 INFO o.a.j.t.JMeterThread: Thread started: Grupo De Hilos 1-67
2020-03-21 09:43:38,926 INFO o.a.j.t.JMeterThread: Thread started: Grupo De Hilos 1-68
2020-03-21 09:43:39,332 INFO o.a.j.t.JMeterThread: Thread started: Grupo De Hilos 1-69
2020-03-21 09:43:39,728 INFO o.a.j.t.JMeterThread: Thread started: Grupo De Hilos 1-70
2020-03-21 09:43:40,136 INFO o.a.j.t.JMeterThread: Thread started: Grupo De Hilos 1-71
2020-03-21 09:43:40,530 INFO o.a.j.t.JMeterThread: Thread started: Grupo De Hilos 1-72
2020-03-21 09:43:40,938 INFO o.a.j.t.JMeterThread: Thread started: Grupo De Hilos 1-73
2020-03-21 09:43:41,330 INFO o.a.j.t.JMeterThread: Thread started: Grupo De Hilos 1-74
2020-03-21 09:43:41,740 INFO o.a.j.t.JMeterThread: Thread started: Grupo De Hilos 1-75
2020-03-21 09:43:42,130 INFO o.a.j.t.JMeterThread: Thread started: Grupo De Hilos 1-76
2020-03-21 09:43:42,528 INFO o.a.j.t.JMeterThread: Thread started: Grupo De Hilos 1-77
2020-03-21 09:43:42,932 INFO o.a.j.t.JMeterThread: Thread started: Grupo De Hilos 1-78
2020-03-21 09:43:43,332 INFO o.a.j.t.JMeterThread: Thread started: Grupo De Hilos 1-79
2020-03-21 09:43:43,727 INFO o.a.j.t.JMeterThread: Thread started: Grupo De Hilos 1-80
2020-03-21 09:43:44,128 INFO o.a.j.t.JMeterThread: Thread started: Grupo De Hilos 1-81
2020-03-21 09:43:44,527 INFO o.a.j.t.JMeterThread: Thread started: Grupo De Hilos 1-82
2020-03-21 09:43:44,948 INFO o.a.j.t.JMeterThread: Thread started: Grupo De Hilos 1-83
2020-03-21 09:43:45,326 INFO o.a.j.t.JMeterThread: Thread started: Grupo De Hilos 1-84
2020-03-21 09:43:45,726 INFO o.a.j.t.JMeterThread: Thread started: Grupo De Hilos 1-85
2020-03-21 09:43:46,135 INFO o.a.j.t.JMeterThread: Thread started: Grupo De Hilos 1-86
2020-03-21 09:43:46,536 INFO o.a.j.t.JMeterThread: Thread started: Grupo De Hilos 1-87
2020-03-21 09:43:46,928 INFO o.a.j.t.JMeterThread: Thread started: Grupo De Hilos 1-88
2020-03-21 09:43:47,328 INFO o.a.j.t.JMeterThread: Thread started: Grupo De Hilos 1-89
2020-03-21 09:43:47,732 INFO o.a.j.t.JMeterThread: Thread started: Grupo De Hilos 1-90
2020-03-21 09:43:48,128 INFO o.a.j.t.JMeterThread: Thread started: Grupo De Hilos 1-91
2020-03-21 09:43:48,528 INFO o.a.j.t.JMeterThread: Thread started: Grupo De Hilos 1-92
2020-03-21 09:43:48,932 INFO o.a.j.t.JMeterThread: Thread started: Grupo De Hilos 1-93
2020-03-21 09:43:49,333 INFO o.a.j.t.JMeterThread: Thread started: Grupo De Hilos 1-94
2020-03-21 09:43:49,726 INFO o.a.j.t.JMeterThread: Thread started: Grupo De Hilos 1-95
2020-03-21 09:43:50,127 INFO o.a.j.t.JMeterThread: Thread started: Grupo De Hilos 1-96
2020-03-21 09:43:50,525 INFO o.a.j.t.JMeterThread: Thread started: Grupo De Hilos 1-97
2020-03-21 09:43:50,926 INFO o.a.j.t.JMeterThread: Thread started: Grupo De Hilos 1-98
2020-03-21 09:43:51,332 INFO o.a.j.t.JMeterThread: Thread started: Grupo De Hilos 1-99
2020-03-21 09:43:51,733 INFO o.a.j.t.JMeterThread: Thread started: Grupo De Hilos 1-100
2020-03-21 09:43:52,127 INFO o.a.j.t.JMeterThread: Thread started: Grupo De Hilos 1-101
2020-03-21 09:43:52,532 INFO o.a.j.t.JMeterThread: Thread started: Grupo De Hilos 1-102
2020-03-21 09:43:52,929 INFO o.a.j.t.JMeterThread: Thread started: Grupo De Hilos 1-103
2020-03-21 09:43:53,328 INFO o.a.j.t.JMeterThread: Thread started: Grupo De Hilos 1-104
2020-03-21 09:43:53,725 INFO o.a.j.t.JMeterThread: Thread started: Grupo De Hilos 1-105
2020-03-21 09:43:54,127 INFO o.a.j.t.JMeterThread: Thread started: Grupo De Hilos 1-106
2020-03-21 09:43:54,536 INFO o.a.j.t.JMeterThread: Thread started: Grupo De Hilos 1-107
2020-03-21 09:43:54,932 INFO o.a.j.t.JMeterThread: Thread started: Grupo De Hilos 1-108
2020-03-21 09:43:55,326 INFO o.a.j.t.JMeterThread: Thread started: Grupo De Hilos 1-109
2020-03-21 09:43:55,728 INFO o.a.j.t.JMeterThread: Thread started: Grupo De Hilos 1-110
2020-03-21 09:43:56,125 INFO o.a.j.t.JMeterThread: Thread started: Grupo De Hilos 1-111
2020-03-21 09:43:56,548 INFO o.a.j.t.JMeterThread: Thread started: Grupo De Hilos 1-112
2020-03-21 09:43:56,957 INFO o.a.j.t.JMeterThread: Thread started: Grupo De Hilos 1-113
2020-03-21 09:43:57,360 INFO o.a.j.t.JMeterThread: Thread started: Grupo De Hilos 1-114
2020-03-21 09:43:57,748 INFO o.a.j.t.JMeterThread: Thread started: Grupo De Hilos 1-115
2020-03-21 09:43:58,147 INFO o.a.j.t.JMeterThread: Thread started: Grupo De Hilos 1-116
2020-03-21 09:43:58,556 INFO o.a.j.t.JMeterThread: Thread started: Grupo De Hilos 1-117
2020-03-21 09:43:58,927 INFO o.a.j.t.JMeterThread: Thread started: Grupo De Hilos 1-118
2020-03-21 09:43:59,328 INFO o.a.j.t.JMeterThread: Thread started: Grupo De Hilos 1-119
2020-03-21 09:43:59,726 INFO o.a.j.t.JMeterThread: Thread started: Grupo De Hilos 1-120
2020-03-21 09:44:00,127 INFO o.a.j.t.JMeterThread: Thread started: Grupo De Hilos 1-121
2020-03-21 09:44:00,188 INFO o.a.j.r.Summariser: summary +     75 in 00:00:30 =    2.5/s Avg:    52 Min:    43 Max:   103 Err:     0 (0.00%) Active: 121 Started: 121 Finished: 0
2020-03-21 09:44:00,233 INFO o.a.j.r.Summariser: summary =    121 in 00:00:48 =    2.5/s Avg:    52 Min:    43 Max:   124 Err:     0 (0.00%)
2020-03-21 09:44:00,532 INFO o.a.j.t.JMeterThread: Thread started: Grupo De Hilos 1-122
2020-03-21 09:44:00,925 INFO o.a.j.t.JMeterThread: Thread started: Grupo De Hilos 1-123
2020-03-21 09:44:01,325 INFO o.a.j.t.JMeterThread: Thread started: Grupo De Hilos 1-124
2020-03-21 09:44:01,727 INFO o.a.j.t.JMeterThread: Thread started: Grupo De Hilos 1-125
2020-03-21 09:44:02,128 INFO o.a.j.t.JMeterThread: Thread started: Grupo De Hilos 1-126
2020-03-21 09:44:02,531 INFO o.a.j.t.JMeterThread: Thread started: Grupo De Hilos 1-127
2020-03-21 09:44:02,932 INFO o.a.j.t.JMeterThread: Thread started: Grupo De Hilos 1-128
2020-03-21 09:44:03,334 INFO o.a.j.t.JMeterThread: Thread started: Grupo De Hilos 1-129
2020-03-21 09:44:03,736 INFO o.a.j.t.JMeterThread: Thread started: Grupo De Hilos 1-130
2020-03-21 09:44:04,126 INFO o.a.j.t.JMeterThread: Thread started: Grupo De Hilos 1-131
2020-03-21 09:44:04,536 INFO o.a.j.t.JMeterThread: Thread started: Grupo De Hilos 1-132
2020-03-21 09:44:04,928 INFO o.a.j.t.JMeterThread: Thread started: Grupo De Hilos 1-133
2020-03-21 09:44:05,328 INFO o.a.j.t.JMeterThread: Thread started: Grupo De Hilos 1-134
2020-03-21 09:44:05,726 INFO o.a.j.t.JMeterThread: Thread started: Grupo De Hilos 1-135
2020-03-21 09:44:06,128 INFO o.a.j.t.JMeterThread: Thread started: Grupo De Hilos 1-136
2020-03-21 09:44:06,524 INFO o.a.j.t.JMeterThread: Thread started: Grupo De Hilos 1-137
2020-03-21 09:44:06,926 INFO o.a.j.t.JMeterThread: Thread started: Grupo De Hilos 1-138
2020-03-21 09:44:07,326 INFO o.a.j.t.JMeterThread: Thread started: Grupo De Hilos 1-139
2020-03-21 09:44:07,724 INFO o.a.j.t.JMeterThread: Thread started: Grupo De Hilos 1-140
2020-03-21 09:44:08,125 INFO o.a.j.t.JMeterThread: Thread started: Grupo De Hilos 1-141
2020-03-21 09:44:08,526 INFO o.a.j.t.JMeterThread: Thread started: Grupo De Hilos 1-142
2020-03-21 09:44:08,928 INFO o.a.j.t.JMeterThread: Thread started: Grupo De Hilos 1-143
2020-03-21 09:44:09,326 INFO o.a.j.t.JMeterThread: Thread started: Grupo De Hilos 1-144
2020-03-21 09:44:09,729 INFO o.a.j.t.JMeterThread: Thread started: Grupo De Hilos 1-145
2020-03-21 09:44:10,136 INFO o.a.j.t.JMeterThread: Thread started: Grupo De Hilos 1-146
2020-03-21 09:44:10,536 INFO o.a.j.t.JMeterThread: Thread started: Grupo De Hilos 1-147
2020-03-21 09:44:10,924 INFO o.a.j.t.JMeterThread: Thread started: Grupo De Hilos 1-148
2020-03-21 09:44:11,328 INFO o.a.j.t.JMeterThread: Thread started: Grupo De Hilos 1-149
2020-03-21 09:44:11,730 INFO o.a.j.t.JMeterThread: Thread started: Grupo De Hilos 1-150
2020-03-21 09:48:12,181 INFO o.a.j.t.JMeterThread: Stopping because end time detected by thread: Grupo De Hilos 1-5
2020-03-21 09:48:12,181 INFO o.a.j.t.JMeterThread: Thread finished: Grupo De Hilos 1-5
2020-03-21 09:48:12,195 INFO o.a.j.t.JMeterThread: Stopping because end time detected by thread: Grupo De Hilos 1-4
2020-03-21 09:48:12,195 INFO o.a.j.t.JMeterThread: Thread finished: Grupo De Hilos 1-4
2020-03-21 09:48:12,204 INFO o.a.j.t.JMeterThread: Stopping because end time detected by thread: Grupo De Hilos 1-7
2020-03-21 09:48:12,205 INFO o.a.j.t.JMeterThread: Thread finished: Grupo De Hilos 1-7
2020-03-21 09:48:12,225 INFO o.a.j.t.JMeterThread: Stopping because end time detected by thread: Grupo De Hilos 1-2
2020-03-21 09:48:12,225 INFO o.a.j.t.JMeterThread: Stopping because end time detected by thread: Grupo De Hilos 1-9
2020-03-21 09:48:12,225 INFO o.a.j.t.JMeterThread: Thread finished: Grupo De Hilos 1-2
2020-03-21 09:48:12,225 INFO o.a.j.t.JMeterThread: Thread finished: Grupo De Hilos 1-9
2020-03-21 09:48:12,226 INFO o.a.j.t.JMeterThread: Stopping because end time detected by thread: Grupo De Hilos 1-10
2020-03-21 09:48:12,226 INFO o.a.j.t.JMeterThread: Thread finished: Grupo De Hilos 1-10
2020-03-21 09:48:12,228 INFO o.a.j.t.JMeterThread: Stopping because end time detected by thread: Grupo De Hilos 1-1
2020-03-21 09:48:12,229 INFO o.a.j.t.JMeterThread: Thread finished: Grupo De Hilos 1-1
2020-03-21 09:48:12,226 INFO o.a.j.t.JMeterThread: Stopping because end time detected by thread: Grupo De Hilos 1-6
2020-03-21 09:48:12,241 INFO o.a.j.t.JMeterThread: Thread finished: Grupo De Hilos 1-6
2020-03-21 09:48:12,257 INFO o.a.j.t.JMeterThread: Stopping because end time detected by thread: Grupo De Hilos 1-21
2020-03-21 09:48:12,257 INFO o.a.j.t.JMeterThread: Thread finished: Grupo De Hilos 1-21
2020-03-21 09:48:12,260 INFO o.a.j.t.JMeterThread: Stopping because end time detected by thread: Grupo De Hilos 1-25
2020-03-21 09:48:12,261 INFO o.a.j.t.JMeterThread: Thread finished: Grupo De Hilos 1-25
2020-03-21 09:48:12,273 INFO o.a.j.t.JMeterThread: Stopping because end time detected by thread: Grupo De Hilos 1-34
2020-03-21 09:48:12,273 INFO o.a.j.t.JMeterThread: Thread finished: Grupo De Hilos 1-34
2020-03-21 09:48:12,277 INFO o.a.j.t.JMeterThread: Stopping because end time detected by thread: Grupo De Hilos 1-3
2020-03-21 09:48:12,277 INFO o.a.j.t.JMeterThread: Stopping because end time detected by thread: Grupo De Hilos 1-11
2020-03-21 09:48:12,277 INFO o.a.j.t.JMeterThread: Thread finished: Grupo De Hilos 1-3
2020-03-21 09:48:12,277 INFO o.a.j.t.JMeterThread: Thread finished: Grupo De Hilos 1-11
2020-03-21 09:48:12,277 INFO o.a.j.t.JMeterThread: Stopping because end time detected by thread: Grupo De Hilos 1-30
2020-03-21 09:48:12,277 INFO o.a.j.t.JMeterThread: Thread finished: Grupo De Hilos 1-30
2020-03-21 09:48:12,289 INFO o.a.j.t.JMeterThread: Stopping because end time detected by thread: Grupo De Hilos 1-32
2020-03-21 09:48:12,289 INFO o.a.j.t.JMeterThread: Thread finished: Grupo De Hilos 1-32
2020-03-21 09:48:12,293 INFO o.a.j.t.JMeterThread: Stopping because end time detected by thread: Grupo De Hilos 1-19
2020-03-21 09:48:12,293 INFO o.a.j.t.JMeterThread: Thread finished: Grupo De Hilos 1-19
2020-03-21 09:48:12,296 INFO o.a.j.t.JMeterThread: Stopping because end time detected by thread: Grupo De Hilos 1-12
2020-03-21 09:48:12,296 INFO o.a.j.t.JMeterThread: Stopping because end time detected by thread: Grupo De Hilos 1-20
2020-03-21 09:48:12,297 INFO o.a.j.t.JMeterThread: Thread finished: Grupo De Hilos 1-12
2020-03-21 09:48:12,297 INFO o.a.j.t.JMeterThread: Thread finished: Grupo De Hilos 1-20
2020-03-21 09:48:12,298 INFO o.a.j.t.JMeterThread: Stopping because end time detected by thread: Grupo De Hilos 1-14
2020-03-21 09:48:12,298 INFO o.a.j.t.JMeterThread: Thread finished: Grupo De Hilos 1-14
2020-03-21 09:48:12,308 INFO o.a.j.t.JMeterThread: Stopping because end time detected by thread: Grupo De Hilos 1-41
2020-03-21 09:48:12,309 INFO o.a.j.t.JMeterThread: Thread finished: Grupo De Hilos 1-41
2020-03-21 09:48:12,312 INFO o.a.j.t.JMeterThread: Stopping because end time detected by thread: Grupo De Hilos 1-43
2020-03-21 09:48:12,313 INFO o.a.j.t.JMeterThread: Thread finished: Grupo De Hilos 1-43
2020-03-21 09:48:12,328 INFO o.a.j.t.JMeterThread: Stopping because end time detected by thread: Grupo De Hilos 1-13
2020-03-21 09:48:12,328 INFO o.a.j.t.JMeterThread: Stopping because end time detected by thread: Grupo De Hilos 1-48
2020-03-21 09:48:12,329 INFO o.a.j.t.JMeterThread: Thread finished: Grupo De Hilos 1-13
2020-03-21 09:48:12,329 INFO o.a.j.t.JMeterThread: Thread finished: Grupo De Hilos 1-48
2020-03-21 09:48:12,329 INFO o.a.j.t.JMeterThread: Stopping because end time detected by thread: Grupo De Hilos 1-8
2020-03-21 09:48:12,329 INFO o.a.j.t.JMeterThread: Stopping because end time detected by thread: Grupo De Hilos 1-45
2020-03-21 09:48:12,329 INFO o.a.j.t.JMeterThread: Stopping because end time detected by thread: Grupo De Hilos 1-28
2020-03-21 09:48:12,329 INFO o.a.j.t.JMeterThread: Thread finished: Grupo De Hilos 1-8
2020-03-21 09:48:12,329 INFO o.a.j.t.JMeterThread: Thread finished: Grupo De Hilos 1-45
2020-03-21 09:48:12,332 INFO o.a.j.t.JMeterThread: Thread finished: Grupo De Hilos 1-28
2020-03-21 09:48:12,349 INFO o.a.j.t.JMeterThread: Stopping because end time detected by thread: Grupo De Hilos 1-39
2020-03-21 09:48:12,349 INFO o.a.j.t.JMeterThread: Thread finished: Grupo De Hilos 1-39
2020-03-21 09:48:12,349 INFO o.a.j.t.JMeterThread: Stopping because end time detected by thread: Grupo De Hilos 1-51
2020-03-21 09:48:12,349 INFO o.a.j.t.JMeterThread: Thread finished: Grupo De Hilos 1-51
2020-03-21 09:48:12,356 INFO o.a.j.t.JMeterThread: Stopping because end time detected by thread: Grupo De Hilos 1-59
2020-03-21 09:48:12,356 INFO o.a.j.t.JMeterThread: Stopping because end time detected by thread: Grupo De Hilos 1-60
2020-03-21 09:48:12,357 INFO o.a.j.t.JMeterThread: Thread finished: Grupo De Hilos 1-59
2020-03-21 09:48:12,357 INFO o.a.j.t.JMeterThread: Stopping because end time detected by thread: Grupo De Hilos 1-18
2020-03-21 09:48:12,357 INFO o.a.j.t.JMeterThread: Thread finished: Grupo De Hilos 1-18
2020-03-21 09:48:12,328 INFO o.a.j.t.JMeterThread: Stopping because end time detected by thread: Grupo De Hilos 1-53
2020-03-21 09:48:12,360 INFO o.a.j.t.JMeterThread: Thread finished: Grupo De Hilos 1-53
2020-03-21 09:48:12,361 INFO o.a.j.t.JMeterThread: Stopping because end time detected by thread: Grupo De Hilos 1-63
2020-03-21 09:48:12,361 INFO o.a.j.t.JMeterThread: Thread finished: Grupo De Hilos 1-60
2020-03-21 09:48:12,361 INFO o.a.j.t.JMeterThread: Thread finished: Grupo De Hilos 1-63
2020-03-21 09:48:12,380 INFO o.a.j.t.JMeterThread: Stopping because end time detected by thread: Grupo De Hilos 1-50
2020-03-21 09:48:12,381 INFO o.a.j.t.JMeterThread: Thread finished: Grupo De Hilos 1-50
2020-03-21 09:48:12,393 INFO o.a.j.t.JMeterThread: Stopping because end time detected by thread: Grupo De Hilos 1-37
2020-03-21 09:48:12,393 INFO o.a.j.t.JMeterThread: Stopping because end time detected by thread: Grupo De Hilos 1-35
2020-03-21 09:48:12,393 INFO o.a.j.t.JMeterThread: Stopping because end time detected by thread: Grupo De Hilos 1-26
2020-03-21 09:48:12,393 INFO o.a.j.t.JMeterThread: Thread finished: Grupo De Hilos 1-35
2020-03-21 09:48:12,393 INFO o.a.j.t.JMeterThread: Stopping because end time detected by thread: Grupo De Hilos 1-46
2020-03-21 09:48:12,393 INFO o.a.j.t.JMeterThread: Thread finished: Grupo De Hilos 1-26
2020-03-21 09:48:12,393 INFO o.a.j.t.JMeterThread: Thread finished: Grupo De Hilos 1-46
2020-03-21 09:48:12,394 INFO o.a.j.t.JMeterThread: Thread finished: Grupo De Hilos 1-37
2020-03-21 09:48:12,394 INFO o.a.j.t.JMeterThread: Stopping because end time detected by thread: Grupo De Hilos 1-22
2020-03-21 09:48:12,394 INFO o.a.j.t.JMeterThread: Thread finished: Grupo De Hilos 1-22
2020-03-21 09:48:12,394 INFO o.a.j.t.JMeterThread: Stopping because end time detected by thread: Grupo De Hilos 1-36
2020-03-21 09:48:12,394 INFO o.a.j.t.JMeterThread: Thread finished: Grupo De Hilos 1-36
2020-03-21 09:48:12,396 INFO o.a.j.t.JMeterThread: Stopping because end time detected by thread: Grupo De Hilos 1-70
2020-03-21 09:48:12,397 INFO o.a.j.t.JMeterThread: Thread finished: Grupo De Hilos 1-70
2020-03-21 09:48:12,413 INFO o.a.j.t.JMeterThread: Stopping because end time detected by thread: Grupo De Hilos 1-54
2020-03-21 09:48:12,413 INFO o.a.j.t.JMeterThread: Stopping because end time detected by thread: Grupo De Hilos 1-83
2020-03-21 09:48:12,413 INFO o.a.j.t.JMeterThread: Thread finished: Grupo De Hilos 1-54
2020-03-21 09:48:12,413 INFO o.a.j.t.JMeterThread: Thread finished: Grupo De Hilos 1-83
2020-03-21 09:48:12,413 INFO o.a.j.t.JMeterThread: Stopping because end time detected by thread: Grupo De Hilos 1-66
2020-03-21 09:48:12,413 INFO o.a.j.t.JMeterThread: Thread finished: Grupo De Hilos 1-66
2020-03-21 09:48:12,414 INFO o.a.j.t.JMeterThread: Stopping because end time detected by thread: Grupo De Hilos 1-85
2020-03-21 09:48:12,414 INFO o.a.j.t.JMeterThread: Thread finished: Grupo De Hilos 1-85
2020-03-21 09:48:12,414 INFO o.a.j.t.JMeterThread: Stopping because end time detected by thread: Grupo De Hilos 1-55
2020-03-21 09:48:12,414 INFO o.a.j.t.JMeterThread: Thread finished: Grupo De Hilos 1-55
2020-03-21 09:48:12,415 INFO o.a.j.t.JMeterThread: Stopping because end time detected by thread: Grupo De Hilos 1-74
2020-03-21 09:48:12,415 INFO o.a.j.t.JMeterThread: Stopping because end time detected by thread: Grupo De Hilos 1-75
2020-03-21 09:48:12,415 INFO o.a.j.t.JMeterThread: Stopping because end time detected by thread: Grupo De Hilos 1-64
2020-03-21 09:48:12,416 INFO o.a.j.t.JMeterThread: Thread finished: Grupo De Hilos 1-74
2020-03-21 09:48:12,416 INFO o.a.j.t.JMeterThread: Stopping because end time detected by thread: Grupo De Hilos 1-72
2020-03-21 09:48:12,416 INFO o.a.j.t.JMeterThread: Thread finished: Grupo De Hilos 1-64
2020-03-21 09:48:12,416 INFO o.a.j.t.JMeterThread: Thread finished: Grupo De Hilos 1-72
2020-03-21 09:48:12,416 INFO o.a.j.t.JMeterThread: Stopping because end time detected by thread: Grupo De Hilos 1-47
2020-03-21 09:48:12,416 INFO o.a.j.t.JMeterThread: Stopping because end time detected by thread: Grupo De Hilos 1-61
2020-03-21 09:48:12,416 INFO o.a.j.t.JMeterThread: Thread finished: Grupo De Hilos 1-75
2020-03-21 09:48:12,417 INFO o.a.j.t.JMeterThread: Thread finished: Grupo De Hilos 1-47
2020-03-21 09:48:12,417 INFO o.a.j.t.JMeterThread: Thread finished: Grupo De Hilos 1-61
2020-03-21 09:48:12,417 INFO o.a.j.t.JMeterThread: Stopping because end time detected by thread: Grupo De Hilos 1-56
2020-03-21 09:48:12,417 INFO o.a.j.t.JMeterThread: Stopping because end time detected by thread: Grupo De Hilos 1-77
2020-03-21 09:48:12,418 INFO o.a.j.t.JMeterThread: Thread finished: Grupo De Hilos 1-56
2020-03-21 09:48:12,418 INFO o.a.j.t.JMeterThread: Stopping because end time detected by thread: Grupo De Hilos 1-76
2020-03-21 09:48:12,418 INFO o.a.j.t.JMeterThread: Thread finished: Grupo De Hilos 1-77
2020-03-21 09:48:12,418 INFO o.a.j.t.JMeterThread: Thread finished: Grupo De Hilos 1-76
2020-03-21 09:48:12,418 INFO o.a.j.t.JMeterThread: Stopping because end time detected by thread: Grupo De Hilos 1-68
2020-03-21 09:48:12,418 INFO o.a.j.t.JMeterThread: Thread finished: Grupo De Hilos 1-68
2020-03-21 09:48:12,419 INFO o.a.j.t.JMeterThread: Stopping because end time detected by thread: Grupo De Hilos 1-86
2020-03-21 09:48:12,420 INFO o.a.j.t.JMeterThread: Thread finished: Grupo De Hilos 1-86
2020-03-21 09:48:12,420 INFO o.a.j.t.JMeterThread: Stopping because end time detected by thread: Grupo De Hilos 1-90
2020-03-21 09:48:12,421 INFO o.a.j.t.JMeterThread: Stopping because end time detected by thread: Grupo De Hilos 1-78
2020-03-21 09:48:12,422 INFO o.a.j.t.JMeterThread: Thread finished: Grupo De Hilos 1-78
2020-03-21 09:48:12,422 INFO o.a.j.t.JMeterThread: Thread finished: Grupo De Hilos 1-90
2020-03-21 09:48:12,429 INFO o.a.j.t.JMeterThread: Stopping because end time detected by thread: Grupo De Hilos 1-40
2020-03-21 09:48:12,429 INFO o.a.j.t.JMeterThread: Stopping because end time detected by thread: Grupo De Hilos 1-17
2020-03-21 09:48:12,429 INFO o.a.j.t.JMeterThread: Thread finished: Grupo De Hilos 1-40
2020-03-21 09:48:12,429 INFO o.a.j.t.JMeterThread: Thread finished: Grupo De Hilos 1-17
2020-03-21 09:48:12,435 INFO o.a.j.t.JMeterThread: Stopping because end time detected by thread: Grupo De Hilos 1-89
2020-03-21 09:48:12,435 INFO o.a.j.t.JMeterThread: Stopping because end time detected by thread: Grupo De Hilos 1-16
2020-03-21 09:48:12,435 INFO o.a.j.t.JMeterThread: Stopping because end time detected by thread: Grupo De Hilos 1-15
2020-03-21 09:48:12,436 INFO o.a.j.t.JMeterThread: Stopping because end time detected by thread: Grupo De Hilos 1-27
2020-03-21 09:48:12,436 INFO o.a.j.t.JMeterThread: Thread finished: Grupo De Hilos 1-16
2020-03-21 09:48:12,436 INFO o.a.j.t.JMeterThread: Thread finished: Grupo De Hilos 1-27
2020-03-21 09:48:12,436 INFO o.a.j.t.JMeterThread: Stopping because end time detected by thread: Grupo De Hilos 1-87
2020-03-21 09:48:12,436 INFO o.a.j.t.JMeterThread: Thread finished: Grupo De Hilos 1-89
2020-03-21 09:48:12,436 INFO o.a.j.t.JMeterThread: Stopping because end time detected by thread: Grupo De Hilos 1-84
2020-03-21 09:48:12,436 INFO o.a.j.t.JMeterThread: Stopping because end time detected by thread: Grupo De Hilos 1-67
2020-03-21 09:48:12,437 INFO o.a.j.t.JMeterThread: Thread finished: Grupo De Hilos 1-84
2020-03-21 09:48:12,437 INFO o.a.j.t.JMeterThread: Thread finished: Grupo De Hilos 1-67
2020-03-21 09:48:12,436 INFO o.a.j.t.JMeterThread: Thread finished: Grupo De Hilos 1-87
2020-03-21 09:48:12,436 INFO o.a.j.t.JMeterThread: Thread finished: Grupo De Hilos 1-15
2020-03-21 09:48:12,437 INFO o.a.j.t.JMeterThread: Stopping because end time detected by thread: Grupo De Hilos 1-88
2020-03-21 09:48:12,437 INFO o.a.j.t.JMeterThread: Stopping because end time detected by thread: Grupo De Hilos 1-58
2020-03-21 09:48:12,437 INFO o.a.j.t.JMeterThread: Thread finished: Grupo De Hilos 1-88
2020-03-21 09:48:12,437 INFO o.a.j.t.JMeterThread: Thread finished: Grupo De Hilos 1-58
2020-03-21 09:48:12,444 INFO o.a.j.t.JMeterThread: Stopping because end time detected by thread: Grupo De Hilos 1-107
2020-03-21 09:48:12,444 INFO o.a.j.t.JMeterThread: Thread finished: Grupo De Hilos 1-107
2020-03-21 09:48:12,444 INFO o.a.j.t.JMeterThread: Stopping because end time detected by thread: Grupo De Hilos 1-102
2020-03-21 09:48:12,445 INFO o.a.j.t.JMeterThread: Thread finished: Grupo De Hilos 1-102
2020-03-21 09:48:12,446 INFO o.a.j.t.JMeterThread: Stopping because end time detected by thread: Grupo De Hilos 1-33
2020-03-21 09:48:12,446 INFO o.a.j.t.JMeterThread: Thread finished: Grupo De Hilos 1-33
2020-03-21 09:48:12,457 INFO o.a.j.t.JMeterThread: Stopping because end time detected by thread: Grupo De Hilos 1-111
2020-03-21 09:48:12,457 INFO o.a.j.t.JMeterThread: Stopping because end time detected by thread: Grupo De Hilos 1-104
2020-03-21 09:48:12,457 INFO o.a.j.t.JMeterThread: Stopping because end time detected by thread: Grupo De Hilos 1-99
2020-03-21 09:48:12,457 INFO o.a.j.t.JMeterThread: Thread finished: Grupo De Hilos 1-111
2020-03-21 09:48:12,457 INFO o.a.j.t.JMeterThread: Thread finished: Grupo De Hilos 1-104
2020-03-21 09:48:12,457 INFO o.a.j.t.JMeterThread: Thread finished: Grupo De Hilos 1-99
2020-03-21 09:48:12,458 INFO o.a.j.t.JMeterThread: Stopping because end time detected by thread: Grupo De Hilos 1-79
2020-03-21 09:48:12,458 INFO o.a.j.t.JMeterThread: Stopping because end time detected by thread: Grupo De Hilos 1-105
2020-03-21 09:48:12,458 INFO o.a.j.t.JMeterThread: Thread finished: Grupo De Hilos 1-79
2020-03-21 09:48:12,458 INFO o.a.j.t.JMeterThread: Thread finished: Grupo De Hilos 1-105
2020-03-21 09:48:12,458 INFO o.a.j.t.JMeterThread: Stopping because end time detected by thread: Grupo De Hilos 1-73
2020-03-21 09:48:12,458 INFO o.a.j.t.JMeterThread: Stopping because end time detected by thread: Grupo De Hilos 1-100
2020-03-21 09:48:12,458 INFO o.a.j.t.JMeterThread: Thread finished: Grupo De Hilos 1-100
2020-03-21 09:48:12,458 INFO o.a.j.t.JMeterThread: Thread finished: Grupo De Hilos 1-73
2020-03-21 09:48:12,457 INFO o.a.j.t.JMeterThread: Stopping because end time detected by thread: Grupo De Hilos 1-103
2020-03-21 09:48:12,459 INFO o.a.j.t.JMeterThread: Thread finished: Grupo De Hilos 1-103
2020-03-21 09:48:12,460 INFO o.a.j.t.JMeterThread: Stopping because end time detected by thread: Grupo De Hilos 1-96
2020-03-21 09:48:12,460 INFO o.a.j.t.JMeterThread: Thread finished: Grupo De Hilos 1-96
2020-03-21 09:48:12,460 INFO o.a.j.t.JMeterThread: Stopping because end time detected by thread: Grupo De Hilos 1-92
2020-03-21 09:48:12,461 INFO o.a.j.t.JMeterThread: Thread finished: Grupo De Hilos 1-92
2020-03-21 09:48:12,465 INFO o.a.j.t.JMeterThread: Stopping because end time detected by thread: Grupo De Hilos 1-42
2020-03-21 09:48:12,465 INFO o.a.j.t.JMeterThread: Thread finished: Grupo De Hilos 1-42
2020-03-21 09:48:12,473 INFO o.a.j.t.JMeterThread: Stopping because end time detected by thread: Grupo De Hilos 1-65
2020-03-21 09:48:12,473 INFO o.a.j.t.JMeterThread: Thread finished: Grupo De Hilos 1-65
2020-03-21 09:48:12,473 INFO o.a.j.t.JMeterThread: Stopping because end time detected by thread: Grupo De Hilos 1-113
2020-03-21 09:48:12,473 INFO o.a.j.t.JMeterThread: Thread finished: Grupo De Hilos 1-113
2020-03-21 09:48:12,473 INFO o.a.j.t.JMeterThread: Stopping because end time detected by thread: Grupo De Hilos 1-93
2020-03-21 09:48:12,473 INFO o.a.j.t.JMeterThread: Thread finished: Grupo De Hilos 1-93
2020-03-21 09:48:12,489 INFO o.a.j.t.JMeterThread: Stopping because end time detected by thread: Grupo De Hilos 1-24
2020-03-21 09:48:12,489 INFO o.a.j.t.JMeterThread: Thread finished: Grupo De Hilos 1-24
2020-03-21 09:48:12,490 INFO o.a.j.t.JMeterThread: Stopping because end time detected by thread: Grupo De Hilos 1-114
2020-03-21 09:48:12,490 INFO o.a.j.t.JMeterThread: Thread finished: Grupo De Hilos 1-114
2020-03-21 09:48:12,490 INFO o.a.j.t.JMeterThread: Stopping because end time detected by thread: Grupo De Hilos 1-97
2020-03-21 09:48:12,491 INFO o.a.j.t.JMeterThread: Thread finished: Grupo De Hilos 1-97
2020-03-21 09:48:12,491 INFO o.a.j.t.JMeterThread: Stopping because end time detected by thread: Grupo De Hilos 1-91
2020-03-21 09:48:12,491 INFO o.a.j.t.JMeterThread: Thread finished: Grupo De Hilos 1-91
2020-03-21 09:48:12,492 INFO o.a.j.t.JMeterThread: Stopping because end time detected by thread: Grupo De Hilos 1-95
2020-03-21 09:48:12,492 INFO o.a.j.t.JMeterThread: Thread finished: Grupo De Hilos 1-95
2020-03-21 09:48:12,494 INFO o.a.j.t.JMeterThread: Stopping because end time detected by thread: Grupo De Hilos 1-98
2020-03-21 09:48:12,494 INFO o.a.j.t.JMeterThread: Stopping because end time detected by thread: Grupo De Hilos 1-38
2020-03-21 09:48:12,495 INFO o.a.j.t.JMeterThread: Thread finished: Grupo De Hilos 1-38
2020-03-21 09:48:12,495 INFO o.a.j.t.JMeterThread: Thread finished: Grupo De Hilos 1-98
2020-03-21 09:48:12,503 INFO o.a.j.t.JMeterThread: Stopping because end time detected by thread: Grupo De Hilos 1-118
2020-03-21 09:48:12,503 INFO o.a.j.t.JMeterThread: Thread finished: Grupo De Hilos 1-118
2020-03-21 09:48:12,504 INFO o.a.j.t.JMeterThread: Stopping because end time detected by thread: Grupo De Hilos 1-69
2020-03-21 09:48:12,505 INFO o.a.j.t.JMeterThread: Thread finished: Grupo De Hilos 1-69
2020-03-21 09:48:12,506 INFO o.a.j.t.JMeterThread: Stopping because end time detected by thread: Grupo De Hilos 1-120
2020-03-21 09:48:12,506 INFO o.a.j.t.JMeterThread: Thread finished: Grupo De Hilos 1-120
2020-03-21 09:48:12,510 INFO o.a.j.t.JMeterThread: Stopping because end time detected by thread: Grupo De Hilos 1-126
2020-03-21 09:48:12,510 INFO o.a.j.t.JMeterThread: Thread finished: Grupo De Hilos 1-126
2020-03-21 09:48:12,511 INFO o.a.j.t.JMeterThread: Stopping because end time detected by thread: Grupo De Hilos 1-127
2020-03-21 09:48:12,511 INFO o.a.j.t.JMeterThread: Thread finished: Grupo De Hilos 1-127
2020-03-21 09:48:12,517 INFO o.a.j.t.JMeterThread: Stopping because end time detected by thread: Grupo De Hilos 1-81
2020-03-21 09:48:12,517 INFO o.a.j.t.JMeterThread: Stopping because end time detected by thread: Grupo De Hilos 1-62
2020-03-21 09:48:12,517 INFO o.a.j.t.JMeterThread: Stopping because end time detected by thread: Grupo De Hilos 1-109
2020-03-21 09:48:12,517 INFO o.a.j.t.JMeterThread: Stopping because end time detected by thread: Grupo De Hilos 1-108
2020-03-21 09:48:12,517 INFO o.a.j.t.JMeterThread: Thread finished: Grupo De Hilos 1-108
2020-03-21 09:48:12,517 INFO o.a.j.t.JMeterThread: Thread finished: Grupo De Hilos 1-81
2020-03-21 09:48:12,518 INFO o.a.j.t.JMeterThread: Stopping because end time detected by thread: Grupo De Hilos 1-80
2020-03-21 09:48:12,518 INFO o.a.j.t.JMeterThread: Stopping because end time detected by thread: Grupo De Hilos 1-131
2020-03-21 09:48:12,518 INFO o.a.j.t.JMeterThread: Thread finished: Grupo De Hilos 1-80
2020-03-21 09:48:12,518 INFO o.a.j.t.JMeterThread: Thread finished: Grupo De Hilos 1-131
2020-03-21 09:48:12,520 INFO o.a.j.t.JMeterThread: Stopping because end time detected by thread: Grupo De Hilos 1-133
2020-03-21 09:48:12,520 INFO o.a.j.t.JMeterThread: Thread finished: Grupo De Hilos 1-133
2020-03-21 09:48:12,520 INFO o.a.j.t.JMeterThread: Stopping because end time detected by thread: Grupo De Hilos 1-101
2020-03-21 09:48:12,520 INFO o.a.j.t.JMeterThread: Stopping because end time detected by thread: Grupo De Hilos 1-82
2020-03-21 09:48:12,521 INFO o.a.j.t.JMeterThread: Stopping because end time detected by thread: Grupo De Hilos 1-116
2020-03-21 09:48:12,521 INFO o.a.j.t.JMeterThread: Thread finished: Grupo De Hilos 1-82
2020-03-21 09:48:12,521 INFO o.a.j.t.JMeterThread: Thread finished: Grupo De Hilos 1-116
2020-03-21 09:48:12,521 INFO o.a.j.t.JMeterThread: Thread finished: Grupo De Hilos 1-101
2020-03-21 09:48:12,520 INFO o.a.j.t.JMeterThread: Stopping because end time detected by thread: Grupo De Hilos 1-122
2020-03-21 09:48:12,522 INFO o.a.j.t.JMeterThread: Thread finished: Grupo De Hilos 1-122
2020-03-21 09:48:12,524 INFO o.a.j.t.JMeterThread: Stopping because end time detected by thread: Grupo De Hilos 1-136
2020-03-21 09:48:12,524 INFO o.a.j.t.JMeterThread: Thread finished: Grupo De Hilos 1-136
2020-03-21 09:48:12,524 INFO o.a.j.t.JMeterThread: Stopping because end time detected by thread: Grupo De Hilos 1-94
2020-03-21 09:48:12,525 INFO o.a.j.t.JMeterThread: Thread finished: Grupo De Hilos 1-94
2020-03-21 09:48:12,525 INFO o.a.j.t.JMeterThread: Stopping because end time detected by thread: Grupo De Hilos 1-129
2020-03-21 09:48:12,525 INFO o.a.j.t.JMeterThread: Stopping because end time detected by thread: Grupo De Hilos 1-128
2020-03-21 09:48:12,525 INFO o.a.j.t.JMeterThread: Stopping because end time detected by thread: Grupo De Hilos 1-139
2020-03-21 09:48:12,525 INFO o.a.j.t.JMeterThread: Thread finished: Grupo De Hilos 1-129
2020-03-21 09:48:12,525 INFO o.a.j.t.JMeterThread: Thread finished: Grupo De Hilos 1-128
2020-03-21 09:48:12,526 INFO o.a.j.t.JMeterThread: Thread finished: Grupo De Hilos 1-139
2020-03-21 09:48:12,526 INFO o.a.j.t.JMeterThread: Stopping because end time detected by thread: Grupo De Hilos 1-121
2020-03-21 09:48:12,526 INFO o.a.j.t.JMeterThread: Stopping because end time detected by thread: Grupo De Hilos 1-141
2020-03-21 09:48:12,526 INFO o.a.j.t.JMeterThread: Thread finished: Grupo De Hilos 1-121
2020-03-21 09:48:12,526 INFO o.a.j.t.JMeterThread: Thread finished: Grupo De Hilos 1-141
2020-03-21 09:48:12,527 INFO o.a.j.t.JMeterThread: Stopping because end time detected by thread: Grupo De Hilos 1-117
2020-03-21 09:48:12,527 INFO o.a.j.t.JMeterThread: Thread finished: Grupo De Hilos 1-117
2020-03-21 09:48:12,528 INFO o.a.j.t.JMeterThread: Stopping because end time detected by thread: Grupo De Hilos 1-146
2020-03-21 09:48:12,528 INFO o.a.j.t.JMeterThread: Stopping because end time detected by thread: Grupo De Hilos 1-57
2020-03-21 09:48:12,528 INFO o.a.j.t.JMeterThread: Thread finished: Grupo De Hilos 1-57
2020-03-21 09:48:12,528 INFO o.a.j.t.JMeterThread: Stopping because end time detected by thread: Grupo De Hilos 1-110
2020-03-21 09:48:12,529 INFO o.a.j.t.JMeterThread: Thread finished: Grupo De Hilos 1-110
2020-03-21 09:48:12,529 INFO o.a.j.t.JMeterThread: Stopping because end time detected by thread: Grupo De Hilos 1-23
2020-03-21 09:48:12,529 INFO o.a.j.t.JMeterThread: Stopping because end time detected by thread: Grupo De Hilos 1-142
2020-03-21 09:48:12,529 INFO o.a.j.t.JMeterThread: Thread finished: Grupo De Hilos 1-23
2020-03-21 09:48:12,529 INFO o.a.j.t.JMeterThread: Stopping because end time detected by thread: Grupo De Hilos 1-119
2020-03-21 09:48:12,528 INFO o.a.j.t.JMeterThread: Stopping because end time detected by thread: Grupo De Hilos 1-112
2020-03-21 09:48:12,532 INFO o.a.j.t.JMeterThread: Thread finished: Grupo De Hilos 1-112
2020-03-21 09:48:12,532 INFO o.a.j.t.JMeterThread: Stopping because end time detected by thread: Grupo De Hilos 1-49
2020-03-21 09:48:12,532 INFO o.a.j.t.JMeterThread: Stopping because end time detected by thread: Grupo De Hilos 1-31
2020-03-21 09:48:12,532 INFO o.a.j.t.JMeterThread: Thread finished: Grupo De Hilos 1-31
2020-03-21 09:48:12,532 INFO o.a.j.t.JMeterThread: Stopping because end time detected by thread: Grupo De Hilos 1-29
2020-03-21 09:48:12,529 INFO o.a.j.t.JMeterThread: Thread finished: Grupo De Hilos 1-119
2020-03-21 09:48:12,517 INFO o.a.j.t.JMeterThread: Thread finished: Grupo De Hilos 1-109
2020-03-21 09:48:12,532 INFO o.a.j.t.JMeterThread: Thread finished: Grupo De Hilos 1-29
2020-03-21 09:48:12,531 INFO o.a.j.t.JMeterThread: Stopping because end time detected by thread: Grupo De Hilos 1-145
2020-03-21 09:48:12,529 INFO o.a.j.t.JMeterThread: Stopping because end time detected by thread: Grupo De Hilos 1-44
2020-03-21 09:48:12,533 INFO o.a.j.t.JMeterThread: Stopping because end time detected by thread: Grupo De Hilos 1-52
2020-03-21 09:48:12,533 INFO o.a.j.t.JMeterThread: Thread finished: Grupo De Hilos 1-44
2020-03-21 09:48:12,533 INFO o.a.j.t.JMeterThread: Thread finished: Grupo De Hilos 1-52
2020-03-21 09:48:12,533 INFO o.a.j.t.JMeterThread: Stopping because end time detected by thread: Grupo De Hilos 1-138
2020-03-21 09:48:12,533 INFO o.a.j.t.JMeterThread: Thread finished: Grupo De Hilos 1-138
2020-03-21 09:48:12,533 INFO o.a.j.t.JMeterThread: Thread finished: Grupo De Hilos 1-145
2020-03-21 09:48:12,531 INFO o.a.j.t.JMeterThread: Thread finished: Grupo De Hilos 1-146
2020-03-21 09:48:12,541 INFO o.a.j.t.JMeterThread: Stopping because end time detected by thread: Grupo De Hilos 1-149
2020-03-21 09:48:12,541 INFO o.a.j.t.JMeterThread: Stopping because end time detected by thread: Grupo De Hilos 1-71
2020-03-21 09:48:12,541 INFO o.a.j.t.JMeterThread: Thread finished: Grupo De Hilos 1-149
2020-03-21 09:48:12,541 INFO o.a.j.t.JMeterThread: Stopping because end time detected by thread: Grupo De Hilos 1-132
2020-03-21 09:48:12,541 INFO o.a.j.t.JMeterThread: Thread finished: Grupo De Hilos 1-132
2020-03-21 09:48:12,542 INFO o.a.j.t.JMeterThread: Stopping because end time detected by thread: Grupo De Hilos 1-135
2020-03-21 09:48:12,542 INFO o.a.j.t.JMeterThread: Stopping because end time detected by thread: Grupo De Hilos 1-144
2020-03-21 09:48:12,542 INFO o.a.j.t.JMeterThread: Thread finished: Grupo De Hilos 1-135
2020-03-21 09:48:12,531 INFO o.a.j.t.JMeterThread: Stopping because end time detected by thread: Grupo De Hilos 1-115
2020-03-21 09:48:12,542 INFO o.a.j.t.JMeterThread: Thread finished: Grupo De Hilos 1-144
2020-03-21 09:48:12,542 INFO o.a.j.t.JMeterThread: Thread finished: Grupo De Hilos 1-115
2020-03-21 09:48:12,531 INFO o.a.j.t.JMeterThread: Stopping because end time detected by thread: Grupo De Hilos 1-148
2020-03-21 09:48:12,530 INFO o.a.j.t.JMeterThread: Stopping because end time detected by thread: Grupo De Hilos 1-137
2020-03-21 09:48:12,530 INFO o.a.j.t.JMeterThread: Stopping because end time detected by thread: Grupo De Hilos 1-124
2020-03-21 09:48:12,530 INFO o.a.j.t.JMeterThread: Stopping because end time detected by thread: Grupo De Hilos 1-130
2020-03-21 09:48:12,543 INFO o.a.j.t.JMeterThread: Thread finished: Grupo De Hilos 1-137
2020-03-21 09:48:12,543 INFO o.a.j.t.JMeterThread: Thread finished: Grupo De Hilos 1-148
2020-03-21 09:48:12,543 INFO o.a.j.t.JMeterThread: Thread finished: Grupo De Hilos 1-124
2020-03-21 09:48:12,543 INFO o.a.j.t.JMeterThread: Thread finished: Grupo De Hilos 1-130
2020-03-21 09:48:12,543 INFO o.a.j.t.JMeterThread: Thread finished: Grupo De Hilos 1-142
2020-03-21 09:48:12,542 INFO o.a.j.t.JMeterThread: Stopping because end time detected by thread: Grupo De Hilos 1-150
2020-03-21 09:48:12,544 INFO o.a.j.t.JMeterThread: Stopping because end time detected by thread: Grupo De Hilos 1-134
2020-03-21 09:48:12,545 INFO o.a.j.t.JMeterThread: Thread finished: Grupo De Hilos 1-71
2020-03-21 09:48:12,544 INFO o.a.j.t.JMeterThread: Stopping because end time detected by thread: Grupo De Hilos 1-147
2020-03-21 09:48:12,545 INFO o.a.j.t.JMeterThread: Thread finished: Grupo De Hilos 1-134
2020-03-21 09:48:12,545 INFO o.a.j.t.JMeterThread: Thread finished: Grupo De Hilos 1-147
2020-03-21 09:48:12,543 INFO o.a.j.t.JMeterThread: Stopping because end time detected by thread: Grupo De Hilos 1-140
2020-03-21 09:48:12,545 INFO o.a.j.t.JMeterThread: Stopping because end time detected by thread: Grupo De Hilos 1-123
2020-03-21 09:48:12,541 INFO o.a.j.t.JMeterThread: Stopping because end time detected by thread: Grupo De Hilos 1-106
2020-03-21 09:48:12,545 INFO o.a.j.t.JMeterThread: Thread finished: Grupo De Hilos 1-123
2020-03-21 09:48:12,546 INFO o.a.j.t.JMeterThread: Thread finished: Grupo De Hilos 1-106
2020-03-21 09:48:12,535 INFO o.a.j.t.JMeterThread: Stopping because end time detected by thread: Grupo De Hilos 1-125
2020-03-21 09:48:12,546 INFO o.a.j.t.JMeterThread: Thread finished: Grupo De Hilos 1-125
2020-03-21 09:48:12,532 INFO o.a.j.t.JMeterThread: Thread finished: Grupo De Hilos 1-62
2020-03-21 09:48:12,547 INFO o.a.j.t.JMeterThread: Stopping because end time detected by thread: Grupo De Hilos 1-143
2020-03-21 09:48:12,547 INFO o.a.j.t.JMeterThread: Thread finished: Grupo De Hilos 1-49
2020-03-21 09:48:12,547 INFO o.a.j.t.JMeterThread: Thread finished: Grupo De Hilos 1-143
2020-03-21 09:48:12,545 INFO o.a.j.t.JMeterThread: Thread finished: Grupo De Hilos 1-140
2020-03-21 09:48:12,544 INFO o.a.j.t.JMeterThread: Thread finished: Grupo De Hilos 1-150
2020-03-21 09:48:12,547 INFO o.a.j.e.StandardJMeterEngine: Notifying test listeners of end of test
2020-03-21 09:48:12,550 INFO o.a.j.r.Summariser: summary +     29 in 00:04:12 =    0.1/s Avg:    65 Min:    43 Max:   219 Err:     0 (0.00%) Active: 0 Started: 150 Finished: 150
2020-03-21 09:48:12,550 INFO o.a.j.r.Summariser: summary =    150 in 00:05:01 =    0.5/s Avg:    55 Min:    43 Max:   219 Err:     0 (0.00%)
