2020-05-08 21:53:36,048 INFO o.a.j.u.JMeterUtils: Setting Locale to en_US
2020-05-08 21:53:36,088 INFO o.a.j.JMeter: Loading user properties from: /home/pablo/jmeter/bin/user.properties
2020-05-08 21:53:36,089 INFO o.a.j.JMeter: Loading system properties from: /home/pablo/jmeter/bin/system.properties
2020-05-08 21:53:36,090 INFO o.a.j.JMeter: Setting System property: HILOS=40
2020-05-08 21:53:36,090 INFO o.a.j.JMeter: Setting System property: SUBIDA=15
2020-05-08 21:53:36,090 INFO o.a.j.JMeter: Setting System property: DURACION=615
2020-05-08 21:53:36,091 INFO o.a.j.JMeter: Setting System property: FILE=scriptresultsPerfmon40.jtl
2020-05-08 21:53:36,093 INFO o.a.j.JMeter: Copyright (c) 1998-2019 The Apache Software Foundation
2020-05-08 21:53:36,094 INFO o.a.j.JMeter: Version 5.2.1
2020-05-08 21:53:36,094 INFO o.a.j.JMeter: java.version=1.8.0_201
2020-05-08 21:53:36,094 INFO o.a.j.JMeter: java.vm.name=Java HotSpot(TM) 64-Bit Server VM
2020-05-08 21:53:36,094 INFO o.a.j.JMeter: os.name=Linux
2020-05-08 21:53:36,095 INFO o.a.j.JMeter: os.arch=amd64
2020-05-08 21:53:36,095 INFO o.a.j.JMeter: os.version=4.15.0-99-generic
2020-05-08 21:53:36,095 INFO o.a.j.JMeter: file.encoding=UTF-8
2020-05-08 21:53:36,095 INFO o.a.j.JMeter: java.awt.headless=true
2020-05-08 21:53:36,096 INFO o.a.j.JMeter: Max memory     =732954624
2020-05-08 21:53:36,096 INFO o.a.j.JMeter: Available Processors =4
2020-05-08 21:53:36,106 INFO o.a.j.JMeter: Default Locale=English (United States)
2020-05-08 21:53:36,107 INFO o.a.j.JMeter: JMeter  Locale=English (United States)
2020-05-08 21:53:36,107 INFO o.a.j.JMeter: JMeterHome=/home/pablo/jmeter
2020-05-08 21:53:36,108 INFO o.a.j.JMeter: user.dir  =/home/pablo/jmeter/bin/EJECUCIONES/P3_V3
2020-05-08 21:53:36,108 INFO o.a.j.JMeter: PWD       =/home/pablo/jmeter/bin/EJECUCIONES/P3_V3
2020-05-08 21:53:36,109 INFO o.a.j.JMeter: IP: 127.0.1.1 Name: hylianpablo FullName: hylianpablo
2020-05-08 21:53:36,120 INFO o.a.j.s.FileServer: Default base='/home/pablo/jmeter/bin/EJECUCIONES/P3_V3'
2020-05-08 21:53:36,134 INFO o.a.j.s.FileServer: Set new base='/home/pablo/jmeter/bin/EJECUCIONES/P3_V3/..'
2020-05-08 21:53:36,437 INFO o.a.j.s.SaveService: Testplan (JMX) version: 2.2. Testlog (JTL) version: 2.2
2020-05-08 21:53:36,460 INFO o.a.j.s.SaveService: Using SaveService properties file encoding UTF-8
2020-05-08 21:53:36,473 INFO o.a.j.s.SaveService: Using SaveService properties version 5.0
2020-05-08 21:53:36,490 INFO o.a.j.s.SaveService: Loading file: ../RecordP3_V2.jmx
2020-05-08 21:53:36,568 INFO o.a.j.p.h.c.CookieManager: Settings: Delete null: true Check: true Allow variable: true Save: false Prefix: COOKIE_
2020-05-08 21:53:36,616 INFO o.a.j.p.h.s.HTTPSamplerBase: Parser for text/html is org.apache.jmeter.protocol.http.parser.LagartoBasedHtmlParser
2020-05-08 21:53:36,617 INFO o.a.j.p.h.s.HTTPSamplerBase: Parser for application/xhtml+xml is org.apache.jmeter.protocol.http.parser.LagartoBasedHtmlParser
2020-05-08 21:53:36,617 INFO o.a.j.p.h.s.HTTPSamplerBase: Parser for application/xml is org.apache.jmeter.protocol.http.parser.LagartoBasedHtmlParser
2020-05-08 21:53:36,617 INFO o.a.j.p.h.s.HTTPSamplerBase: Parser for text/xml is org.apache.jmeter.protocol.http.parser.LagartoBasedHtmlParser
2020-05-08 21:53:36,618 INFO o.a.j.p.h.s.HTTPSamplerBase: Parser for text/vnd.wap.wml is org.apache.jmeter.protocol.http.parser.RegexpHTMLParser
2020-05-08 21:53:36,618 INFO o.a.j.p.h.s.HTTPSamplerBase: Parser for text/css is org.apache.jmeter.protocol.http.parser.CssParser
2020-05-08 21:53:36,736 INFO o.a.j.JMeter: Creating summariser <summary>
2020-05-08 21:53:36,751 INFO o.a.j.e.StandardJMeterEngine: Running the test!
2020-05-08 21:53:36,754 INFO o.a.j.s.SampleEvent: List of sample_variables: []
2020-05-08 21:53:36,755 INFO o.a.j.s.SampleEvent: List of sample_variables: []
2020-05-08 21:53:36,766 INFO o.a.j.e.u.CompoundVariable: Note: Function class names must contain the string: '.functions.'
2020-05-08 21:53:36,767 INFO o.a.j.e.u.CompoundVariable: Note: Function class names must not contain the string: '.gui.'
2020-05-08 21:53:37,695 INFO o.a.j.JMeter: Running test (1588967617695)
2020-05-08 21:53:37,802 INFO o.a.j.e.StandardJMeterEngine: Starting ThreadGroup: 1 : Thread Group
2020-05-08 21:53:37,802 INFO o.a.j.e.StandardJMeterEngine: Starting 40 threads for group Thread Group.
2020-05-08 21:53:37,802 INFO o.a.j.e.StandardJMeterEngine: Thread will continue on error
2020-05-08 21:53:37,803 INFO o.a.j.t.ThreadGroup: Starting thread group... number=1 threads=40 ramp-up=15 delayedStart=false
2020-05-08 21:53:37,823 INFO o.a.j.t.JMeterThread: Thread started: Thread Group 1-1
2020-05-08 21:53:37,907 INFO o.a.j.p.h.s.HTTPHCAbstractImpl: Local host = hylianpablo
2020-05-08 21:53:37,923 INFO o.a.j.p.h.s.HTTPHC4Impl: HTTP request retry count = 0
2020-05-08 21:53:37,927 INFO o.a.j.s.SampleResult: Note: Sample TimeStamps are START times
2020-05-08 21:53:37,928 INFO o.a.j.s.SampleResult: sampleresult.default.encoding is set to ISO-8859-1
2020-05-08 21:53:37,928 INFO o.a.j.s.SampleResult: sampleresult.useNanoTime=true
2020-05-08 21:53:37,928 INFO o.a.j.s.SampleResult: sampleresult.nanoThreadSleep=5000
2020-05-08 21:53:37,954 INFO o.a.j.t.ThreadGroup: Started thread group number 1
2020-05-08 21:53:37,955 INFO o.a.j.e.StandardJMeterEngine: All thread groups have been started
2020-05-08 21:53:38,186 INFO o.a.j.t.JMeterThread: Thread started: Thread Group 1-2
2020-05-08 21:53:38,559 INFO o.a.j.t.JMeterThread: Thread started: Thread Group 1-3
2020-05-08 21:53:38,934 INFO o.a.j.t.JMeterThread: Thread started: Thread Group 1-4
2020-05-08 21:53:39,310 INFO o.a.j.t.JMeterThread: Thread started: Thread Group 1-5
2020-05-08 21:53:39,685 INFO o.a.j.t.JMeterThread: Thread started: Thread Group 1-6
2020-05-08 21:53:40,058 INFO o.a.j.t.JMeterThread: Thread started: Thread Group 1-7
2020-05-08 21:53:40,433 INFO o.a.j.t.JMeterThread: Thread started: Thread Group 1-8
2020-05-08 21:53:40,809 INFO o.a.j.t.JMeterThread: Thread started: Thread Group 1-9
2020-05-08 21:53:41,181 INFO o.a.j.t.JMeterThread: Thread started: Thread Group 1-10
2020-05-08 21:53:41,556 INFO o.a.j.t.JMeterThread: Thread started: Thread Group 1-11
2020-05-08 21:53:41,931 INFO o.a.j.t.JMeterThread: Thread started: Thread Group 1-12
2020-05-08 21:53:42,306 INFO o.a.j.t.JMeterThread: Thread started: Thread Group 1-13
2020-05-08 21:53:42,685 INFO o.a.j.t.JMeterThread: Thread started: Thread Group 1-14
2020-05-08 21:53:43,059 INFO o.a.j.t.JMeterThread: Thread started: Thread Group 1-15
2020-05-08 21:53:43,431 INFO o.a.j.t.JMeterThread: Thread started: Thread Group 1-16
2020-05-08 21:53:43,808 INFO o.a.j.t.JMeterThread: Thread started: Thread Group 1-17
2020-05-08 21:53:44,182 INFO o.a.j.t.JMeterThread: Thread started: Thread Group 1-18
2020-05-08 21:53:44,557 INFO o.a.j.t.JMeterThread: Thread started: Thread Group 1-19
2020-05-08 21:53:44,938 INFO o.a.j.t.JMeterThread: Thread started: Thread Group 1-20
2020-05-08 21:53:45,311 INFO o.a.j.t.JMeterThread: Thread started: Thread Group 1-21
2020-05-08 21:53:45,689 INFO o.a.j.t.JMeterThread: Thread started: Thread Group 1-22
2020-05-08 21:53:46,061 INFO o.a.j.t.JMeterThread: Thread started: Thread Group 1-23
2020-05-08 21:53:46,433 INFO o.a.j.t.JMeterThread: Thread started: Thread Group 1-24
2020-05-08 21:53:46,810 INFO o.a.j.t.JMeterThread: Thread started: Thread Group 1-25
2020-05-08 21:53:47,182 INFO o.a.j.t.JMeterThread: Thread started: Thread Group 1-26
2020-05-08 21:53:47,558 INFO o.a.j.t.JMeterThread: Thread started: Thread Group 1-27
2020-05-08 21:53:47,929 INFO o.a.j.t.JMeterThread: Thread started: Thread Group 1-28
2020-05-08 21:53:48,305 INFO o.a.j.t.JMeterThread: Thread started: Thread Group 1-29
2020-05-08 21:53:48,680 INFO o.a.j.t.JMeterThread: Thread started: Thread Group 1-30
2020-05-08 21:53:49,055 INFO o.a.j.t.JMeterThread: Thread started: Thread Group 1-31
2020-05-08 21:53:49,429 INFO o.a.j.t.JMeterThread: Thread started: Thread Group 1-32
2020-05-08 21:53:49,804 INFO o.a.j.t.JMeterThread: Thread started: Thread Group 1-33
2020-05-08 21:53:50,179 INFO o.a.j.t.JMeterThread: Thread started: Thread Group 1-34
2020-05-08 21:53:50,555 INFO o.a.j.t.JMeterThread: Thread started: Thread Group 1-35
2020-05-08 21:53:50,937 INFO o.a.j.t.JMeterThread: Thread started: Thread Group 1-36
2020-05-08 21:53:51,306 INFO o.a.j.t.JMeterThread: Thread started: Thread Group 1-37
2020-05-08 21:53:51,679 INFO o.a.j.t.JMeterThread: Thread started: Thread Group 1-38
2020-05-08 21:53:52,055 INFO o.a.j.t.JMeterThread: Thread started: Thread Group 1-39
2020-05-08 21:53:52,431 INFO o.a.j.t.JMeterThread: Thread started: Thread Group 1-40
2020-05-08 21:54:00,049 INFO o.a.j.r.Summariser: summary +    558 in 00:00:22 =   25.0/s Avg:   901 Min:    32 Max:  8136 Err:     0 (0.00%) Active: 40 Started: 40 Finished: 0
2020-05-08 21:54:30,015 INFO o.a.j.r.Summariser: summary +    809 in 00:00:30 =   27.0/s Avg:  1455 Min:   100 Max: 10729 Err:     0 (0.00%) Active: 40 Started: 40 Finished: 0
2020-05-08 21:54:30,016 INFO o.a.j.r.Summariser: summary =   1367 in 00:00:52 =   26.1/s Avg:  1229 Min:    32 Max: 10729 Err:     0 (0.00%)
2020-05-08 21:55:00,035 INFO o.a.j.r.Summariser: summary +    758 in 00:00:30 =   25.2/s Avg:  1550 Min:   116 Max: 14439 Err:     0 (0.00%) Active: 40 Started: 40 Finished: 0
2020-05-08 21:55:00,036 INFO o.a.j.r.Summariser: summary =   2125 in 00:01:22 =   25.8/s Avg:  1343 Min:    32 Max: 14439 Err:     0 (0.00%)
2020-05-08 21:55:30,018 INFO o.a.j.r.Summariser: summary +    774 in 00:00:30 =   25.8/s Avg:  1624 Min:    90 Max: 16127 Err:     0 (0.00%) Active: 40 Started: 40 Finished: 0
2020-05-08 21:55:30,018 INFO o.a.j.r.Summariser: summary =   2899 in 00:01:52 =   25.8/s Avg:  1418 Min:    32 Max: 16127 Err:     0 (0.00%)
2020-05-08 21:56:00,035 INFO o.a.j.r.Summariser: summary +    797 in 00:00:30 =   26.6/s Avg:  1489 Min:    82 Max: 11266 Err:     0 (0.00%) Active: 40 Started: 40 Finished: 0
2020-05-08 21:56:00,036 INFO o.a.j.r.Summariser: summary =   3696 in 00:02:22 =   26.0/s Avg:  1434 Min:    32 Max: 16127 Err:     0 (0.00%)
2020-05-08 21:56:30,045 INFO o.a.j.r.Summariser: summary +    824 in 00:00:30 =   27.5/s Avg:  1447 Min:   147 Max: 13429 Err:     0 (0.00%) Active: 40 Started: 40 Finished: 0
2020-05-08 21:56:30,046 INFO o.a.j.r.Summariser: summary =   4520 in 00:02:52 =   26.2/s Avg:  1436 Min:    32 Max: 16127 Err:     0 (0.00%)
2020-05-08 21:57:00,049 INFO o.a.j.r.Summariser: summary +    705 in 00:00:30 =   23.5/s Avg:  1705 Min:    82 Max: 11216 Err:     0 (0.00%) Active: 40 Started: 40 Finished: 0
2020-05-08 21:57:00,051 INFO o.a.j.r.Summariser: summary =   5225 in 00:03:22 =   25.8/s Avg:  1472 Min:    32 Max: 16127 Err:     0 (0.00%)
2020-05-08 21:57:30,002 INFO o.a.j.r.Summariser: summary +    716 in 00:00:30 =   23.9/s Avg:  1684 Min:   106 Max: 15376 Err:     0 (0.00%) Active: 40 Started: 40 Finished: 0
2020-05-08 21:57:30,003 INFO o.a.j.r.Summariser: summary =   5941 in 00:03:52 =   25.6/s Avg:  1498 Min:    32 Max: 16127 Err:     0 (0.00%)
2020-05-08 21:58:00,059 INFO o.a.j.r.Summariser: summary +    864 in 00:00:30 =   28.7/s Avg:  1368 Min:   106 Max: 11682 Err:     0 (0.00%) Active: 40 Started: 40 Finished: 0
2020-05-08 21:58:00,059 INFO o.a.j.r.Summariser: summary =   6805 in 00:04:22 =   25.9/s Avg:  1481 Min:    32 Max: 16127 Err:     0 (0.00%)
2020-05-08 21:58:30,008 INFO o.a.j.r.Summariser: summary +    828 in 00:00:30 =   27.6/s Avg:  1457 Min:   113 Max: 13515 Err:     0 (0.00%) Active: 40 Started: 40 Finished: 0
2020-05-08 21:58:30,009 INFO o.a.j.r.Summariser: summary =   7633 in 00:04:52 =   26.1/s Avg:  1479 Min:    32 Max: 16127 Err:     0 (0.00%)
2020-05-08 21:59:00,007 INFO o.a.j.r.Summariser: summary +    830 in 00:00:30 =   27.7/s Avg:  1408 Min:   100 Max: 13599 Err:     0 (0.00%) Active: 40 Started: 40 Finished: 0
2020-05-08 21:59:00,008 INFO o.a.j.r.Summariser: summary =   8463 in 00:05:22 =   26.3/s Avg:  1472 Min:    32 Max: 16127 Err:     0 (0.00%)
2020-05-08 21:59:30,027 INFO o.a.j.r.Summariser: summary +    887 in 00:00:30 =   29.5/s Avg:  1402 Min:   142 Max: 13166 Err:     0 (0.00%) Active: 40 Started: 40 Finished: 0
2020-05-08 21:59:30,028 INFO o.a.j.r.Summariser: summary =   9350 in 00:05:52 =   26.5/s Avg:  1465 Min:    32 Max: 16127 Err:     0 (0.00%)
2020-05-08 22:00:00,354 INFO o.a.j.r.Summariser: summary +    843 in 00:00:30 =   27.8/s Avg:  1421 Min:    77 Max: 12559 Err:     0 (0.00%) Active: 40 Started: 40 Finished: 0
2020-05-08 22:00:00,355 INFO o.a.j.r.Summariser: summary =  10193 in 00:06:23 =   26.6/s Avg:  1462 Min:    32 Max: 16127 Err:     0 (0.00%)
2020-05-08 22:00:30,039 INFO o.a.j.r.Summariser: summary +    850 in 00:00:30 =   28.6/s Avg:  1382 Min:   164 Max: 10675 Err:     0 (0.00%) Active: 40 Started: 40 Finished: 0
2020-05-08 22:00:30,040 INFO o.a.j.r.Summariser: summary =  11043 in 00:06:52 =   26.8/s Avg:  1455 Min:    32 Max: 16127 Err:     0 (0.00%)
2020-05-08 22:01:00,023 INFO o.a.j.r.Summariser: summary +    851 in 00:00:30 =   28.4/s Avg:  1377 Min:   110 Max:  9749 Err:     0 (0.00%) Active: 40 Started: 40 Finished: 0
2020-05-08 22:01:00,024 INFO o.a.j.r.Summariser: summary =  11894 in 00:07:22 =   26.9/s Avg:  1450 Min:    32 Max: 16127 Err:     0 (0.00%)
2020-05-08 22:01:30,008 INFO o.a.j.r.Summariser: summary +    895 in 00:00:30 =   29.8/s Avg:  1375 Min:   114 Max: 11787 Err:     0 (0.00%) Active: 40 Started: 40 Finished: 0
2020-05-08 22:01:30,008 INFO o.a.j.r.Summariser: summary =  12789 in 00:07:52 =   27.1/s Avg:  1445 Min:    32 Max: 16127 Err:     0 (0.00%)
2020-05-08 22:02:00,030 INFO o.a.j.r.Summariser: summary +    835 in 00:00:30 =   27.8/s Avg:  1415 Min:   107 Max: 11241 Err:     0 (0.00%) Active: 40 Started: 40 Finished: 0
2020-05-08 22:02:00,031 INFO o.a.j.r.Summariser: summary =  13624 in 00:08:22 =   27.1/s Avg:  1443 Min:    32 Max: 16127 Err:     0 (0.00%)
2020-05-08 22:02:30,026 INFO o.a.j.r.Summariser: summary +    877 in 00:00:30 =   29.2/s Avg:  1379 Min:   106 Max: 12730 Err:     0 (0.00%) Active: 40 Started: 40 Finished: 0
2020-05-08 22:02:30,026 INFO o.a.j.r.Summariser: summary =  14501 in 00:08:52 =   27.2/s Avg:  1439 Min:    32 Max: 16127 Err:     0 (0.00%)
2020-05-08 22:03:00,009 INFO o.a.j.r.Summariser: summary +    852 in 00:00:30 =   28.4/s Avg:  1414 Min:   124 Max: 11934 Err:     0 (0.00%) Active: 40 Started: 40 Finished: 0
2020-05-08 22:03:00,010 INFO o.a.j.r.Summariser: summary =  15353 in 00:09:22 =   27.3/s Avg:  1438 Min:    32 Max: 16127 Err:     0 (0.00%)
2020-05-08 22:03:30,033 INFO o.a.j.r.Summariser: summary +    858 in 00:00:30 =   28.6/s Avg:  1395 Min:   123 Max: 12169 Err:     0 (0.00%) Active: 40 Started: 40 Finished: 0
2020-05-08 22:03:30,033 INFO o.a.j.r.Summariser: summary =  16211 in 00:09:52 =   27.4/s Avg:  1435 Min:    32 Max: 16127 Err:     0 (0.00%)
2020-05-08 22:03:52,919 INFO o.a.j.t.JMeterThread: Stopping because end time detected by thread: Thread Group 1-1
2020-05-08 22:03:52,920 INFO o.a.j.t.JMeterThread: Thread finished: Thread Group 1-1
2020-05-08 22:03:52,966 INFO o.a.j.t.JMeterThread: Stopping because end time detected by thread: Thread Group 1-2
2020-05-08 22:03:52,967 INFO o.a.j.t.JMeterThread: Thread finished: Thread Group 1-2
2020-05-08 22:03:52,986 INFO o.a.j.t.JMeterThread: Stopping because end time detected by thread: Thread Group 1-6
2020-05-08 22:03:52,986 INFO o.a.j.t.JMeterThread: Thread finished: Thread Group 1-6
2020-05-08 22:03:53,092 INFO o.a.j.t.JMeterThread: Stopping because end time detected by thread: Thread Group 1-23
2020-05-08 22:03:53,092 INFO o.a.j.t.JMeterThread: Thread finished: Thread Group 1-23
2020-05-08 22:03:53,096 INFO o.a.j.t.JMeterThread: Stopping because end time detected by thread: Thread Group 1-29
2020-05-08 22:03:53,096 INFO o.a.j.t.JMeterThread: Thread finished: Thread Group 1-29
2020-05-08 22:03:53,120 INFO o.a.j.t.JMeterThread: Stopping because end time detected by thread: Thread Group 1-12
2020-05-08 22:03:53,120 INFO o.a.j.t.JMeterThread: Thread finished: Thread Group 1-12
2020-05-08 22:03:53,126 INFO o.a.j.t.JMeterThread: Stopping because end time detected by thread: Thread Group 1-16
2020-05-08 22:03:53,126 INFO o.a.j.t.JMeterThread: Thread finished: Thread Group 1-16
2020-05-08 22:03:53,180 INFO o.a.j.t.JMeterThread: Stopping because end time detected by thread: Thread Group 1-7
2020-05-08 22:03:53,180 INFO o.a.j.t.JMeterThread: Thread finished: Thread Group 1-7
2020-05-08 22:03:53,393 INFO o.a.j.t.JMeterThread: Stopping because end time detected by thread: Thread Group 1-34
2020-05-08 22:03:53,393 INFO o.a.j.t.JMeterThread: Thread finished: Thread Group 1-34
2020-05-08 22:03:53,632 INFO o.a.j.t.JMeterThread: Stopping because end time detected by thread: Thread Group 1-9
2020-05-08 22:03:53,632 INFO o.a.j.t.JMeterThread: Thread finished: Thread Group 1-9
2020-05-08 22:03:53,735 INFO o.a.j.t.JMeterThread: Stopping because end time detected by thread: Thread Group 1-17
2020-05-08 22:03:53,736 INFO o.a.j.t.JMeterThread: Thread finished: Thread Group 1-17
2020-05-08 22:03:53,753 INFO o.a.j.t.JMeterThread: Stopping because end time detected by thread: Thread Group 1-32
2020-05-08 22:03:53,753 INFO o.a.j.t.JMeterThread: Thread finished: Thread Group 1-32
2020-05-08 22:03:53,897 INFO o.a.j.t.JMeterThread: Stopping because end time detected by thread: Thread Group 1-36
2020-05-08 22:03:53,898 INFO o.a.j.t.JMeterThread: Thread finished: Thread Group 1-36
2020-05-08 22:03:53,944 INFO o.a.j.t.JMeterThread: Stopping because end time detected by thread: Thread Group 1-3
2020-05-08 22:03:53,944 INFO o.a.j.t.JMeterThread: Thread finished: Thread Group 1-3
2020-05-08 22:03:54,182 INFO o.a.j.t.JMeterThread: Stopping because end time detected by thread: Thread Group 1-35
2020-05-08 22:03:54,182 INFO o.a.j.t.JMeterThread: Thread finished: Thread Group 1-35
2020-05-08 22:03:54,464 INFO o.a.j.t.JMeterThread: Stopping because end time detected by thread: Thread Group 1-11
2020-05-08 22:03:54,464 INFO o.a.j.t.JMeterThread: Thread finished: Thread Group 1-11
2020-05-08 22:03:54,825 INFO o.a.j.t.JMeterThread: Stopping because end time detected by thread: Thread Group 1-10
2020-05-08 22:03:54,825 INFO o.a.j.t.JMeterThread: Thread finished: Thread Group 1-10
2020-05-08 22:03:54,966 INFO o.a.j.t.JMeterThread: Stopping because end time detected by thread: Thread Group 1-39
2020-05-08 22:03:54,967 INFO o.a.j.t.JMeterThread: Thread finished: Thread Group 1-39
2020-05-08 22:03:55,084 INFO o.a.j.t.JMeterThread: Stopping because end time detected by thread: Thread Group 1-30
2020-05-08 22:03:55,085 INFO o.a.j.t.JMeterThread: Thread finished: Thread Group 1-30
2020-05-08 22:03:55,242 INFO o.a.j.t.JMeterThread: Stopping because end time detected by thread: Thread Group 1-37
2020-05-08 22:03:55,242 INFO o.a.j.t.JMeterThread: Stopping because end time detected by thread: Thread Group 1-19
2020-05-08 22:03:55,242 INFO o.a.j.t.JMeterThread: Thread finished: Thread Group 1-37
2020-05-08 22:03:55,243 INFO o.a.j.t.JMeterThread: Thread finished: Thread Group 1-19
2020-05-08 22:03:55,269 INFO o.a.j.t.JMeterThread: Stopping because end time detected by thread: Thread Group 1-33
2020-05-08 22:03:55,269 INFO o.a.j.t.JMeterThread: Thread finished: Thread Group 1-33
2020-05-08 22:03:55,305 INFO o.a.j.t.JMeterThread: Stopping because end time detected by thread: Thread Group 1-15
2020-05-08 22:03:55,305 INFO o.a.j.t.JMeterThread: Thread finished: Thread Group 1-15
2020-05-08 22:03:55,324 INFO o.a.j.t.JMeterThread: Stopping because end time detected by thread: Thread Group 1-22
2020-05-08 22:03:55,325 INFO o.a.j.t.JMeterThread: Thread finished: Thread Group 1-22
2020-05-08 22:03:55,429 INFO o.a.j.t.JMeterThread: Stopping because end time detected by thread: Thread Group 1-20
2020-05-08 22:03:55,430 INFO o.a.j.t.JMeterThread: Thread finished: Thread Group 1-20
2020-05-08 22:03:55,439 INFO o.a.j.t.JMeterThread: Stopping because end time detected by thread: Thread Group 1-18
2020-05-08 22:03:55,439 INFO o.a.j.t.JMeterThread: Thread finished: Thread Group 1-18
2020-05-08 22:03:55,489 INFO o.a.j.t.JMeterThread: Stopping because end time detected by thread: Thread Group 1-40
2020-05-08 22:03:55,489 INFO o.a.j.t.JMeterThread: Thread finished: Thread Group 1-40
2020-05-08 22:03:55,572 INFO o.a.j.t.JMeterThread: Stopping because end time detected by thread: Thread Group 1-38
2020-05-08 22:03:55,572 INFO o.a.j.t.JMeterThread: Thread finished: Thread Group 1-38
2020-05-08 22:03:55,583 INFO o.a.j.t.JMeterThread: Stopping because end time detected by thread: Thread Group 1-5
2020-05-08 22:03:55,583 INFO o.a.j.t.JMeterThread: Thread finished: Thread Group 1-5
2020-05-08 22:03:55,615 INFO o.a.j.t.JMeterThread: Stopping because end time detected by thread: Thread Group 1-21
2020-05-08 22:03:55,616 INFO o.a.j.t.JMeterThread: Thread finished: Thread Group 1-21
2020-05-08 22:03:55,619 INFO o.a.j.t.JMeterThread: Stopping because end time detected by thread: Thread Group 1-13
2020-05-08 22:03:55,619 INFO o.a.j.t.JMeterThread: Thread finished: Thread Group 1-13
2020-05-08 22:03:55,642 INFO o.a.j.t.JMeterThread: Stopping because end time detected by thread: Thread Group 1-4
2020-05-08 22:03:55,643 INFO o.a.j.t.JMeterThread: Thread finished: Thread Group 1-4
2020-05-08 22:03:55,738 INFO o.a.j.t.JMeterThread: Stopping because end time detected by thread: Thread Group 1-14
2020-05-08 22:03:55,738 INFO o.a.j.t.JMeterThread: Thread finished: Thread Group 1-14
2020-05-08 22:03:55,787 INFO o.a.j.t.JMeterThread: Stopping because end time detected by thread: Thread Group 1-26
2020-05-08 22:03:55,787 INFO o.a.j.t.JMeterThread: Thread finished: Thread Group 1-26
2020-05-08 22:03:55,874 INFO o.a.j.t.JMeterThread: Stopping because end time detected by thread: Thread Group 1-27
2020-05-08 22:03:55,875 INFO o.a.j.t.JMeterThread: Thread finished: Thread Group 1-27
2020-05-08 22:03:55,977 INFO o.a.j.t.JMeterThread: Stopping because end time detected by thread: Thread Group 1-25
2020-05-08 22:03:55,978 INFO o.a.j.t.JMeterThread: Thread finished: Thread Group 1-25
2020-05-08 22:03:56,042 INFO o.a.j.t.JMeterThread: Stopping because end time detected by thread: Thread Group 1-31
2020-05-08 22:03:56,043 INFO o.a.j.t.JMeterThread: Thread finished: Thread Group 1-31
2020-05-08 22:03:56,067 INFO o.a.j.t.JMeterThread: Stopping because end time detected by thread: Thread Group 1-8
2020-05-08 22:03:56,068 INFO o.a.j.t.JMeterThread: Thread finished: Thread Group 1-8
2020-05-08 22:03:56,304 INFO o.a.j.t.JMeterThread: Stopping because end time detected by thread: Thread Group 1-28
2020-05-08 22:03:56,305 INFO o.a.j.t.JMeterThread: Thread finished: Thread Group 1-28
2020-05-08 22:03:56,449 INFO o.a.j.t.JMeterThread: Stopping because end time detected by thread: Thread Group 1-24
2020-05-08 22:03:56,450 INFO o.a.j.t.JMeterThread: Thread finished: Thread Group 1-24
2020-05-08 22:03:56,451 INFO o.a.j.e.StandardJMeterEngine: Notifying test listeners of end of test
2020-05-08 22:03:56,453 INFO o.a.j.r.Summariser: summary +    701 in 00:00:26 =   26.5/s Avg:  1574 Min:    63 Max: 12739 Err:     0 (0.00%) Active: 0 Started: 40 Finished: 40
2020-05-08 22:03:56,454 INFO o.a.j.r.Summariser: summary =  16912 in 00:10:19 =   27.3/s Avg:  1441 Min:    32 Max: 16127 Err:     0 (0.00%)
