2020-05-08 22:14:29,726 INFO o.a.j.u.JMeterUtils: Setting Locale to en_US
2020-05-08 22:14:29,757 INFO o.a.j.JMeter: Loading user properties from: /home/pablo/jmeter/bin/user.properties
2020-05-08 22:14:29,759 INFO o.a.j.JMeter: Loading system properties from: /home/pablo/jmeter/bin/system.properties
2020-05-08 22:14:29,759 INFO o.a.j.JMeter: Setting System property: HILOS=160
2020-05-08 22:14:29,760 INFO o.a.j.JMeter: Setting System property: SUBIDA=25
2020-05-08 22:14:29,760 INFO o.a.j.JMeter: Setting System property: DURACION=625
2020-05-08 22:14:29,760 INFO o.a.j.JMeter: Setting System property: FILE=scriptresultsPerfmon160.jtl
2020-05-08 22:14:29,763 INFO o.a.j.JMeter: Copyright (c) 1998-2019 The Apache Software Foundation
2020-05-08 22:14:29,764 INFO o.a.j.JMeter: Version 5.2.1
2020-05-08 22:14:29,764 INFO o.a.j.JMeter: java.version=1.8.0_201
2020-05-08 22:14:29,764 INFO o.a.j.JMeter: java.vm.name=Java HotSpot(TM) 64-Bit Server VM
2020-05-08 22:14:29,765 INFO o.a.j.JMeter: os.name=Linux
2020-05-08 22:14:29,765 INFO o.a.j.JMeter: os.arch=amd64
2020-05-08 22:14:29,765 INFO o.a.j.JMeter: os.version=4.15.0-99-generic
2020-05-08 22:14:29,765 INFO o.a.j.JMeter: file.encoding=UTF-8
2020-05-08 22:14:29,766 INFO o.a.j.JMeter: java.awt.headless=true
2020-05-08 22:14:29,766 INFO o.a.j.JMeter: Max memory     =732954624
2020-05-08 22:14:29,766 INFO o.a.j.JMeter: Available Processors =4
2020-05-08 22:14:29,774 INFO o.a.j.JMeter: Default Locale=English (United States)
2020-05-08 22:14:29,775 INFO o.a.j.JMeter: JMeter  Locale=English (United States)
2020-05-08 22:14:29,775 INFO o.a.j.JMeter: JMeterHome=/home/pablo/jmeter
2020-05-08 22:14:29,775 INFO o.a.j.JMeter: user.dir  =/home/pablo/jmeter/bin/EJECUCIONES/P3_V3
2020-05-08 22:14:29,775 INFO o.a.j.JMeter: PWD       =/home/pablo/jmeter/bin/EJECUCIONES/P3_V3
2020-05-08 22:14:29,776 INFO o.a.j.JMeter: IP: 127.0.1.1 Name: hylianpablo FullName: hylianpablo
2020-05-08 22:14:29,785 INFO o.a.j.s.FileServer: Default base='/home/pablo/jmeter/bin/EJECUCIONES/P3_V3'
2020-05-08 22:14:29,795 INFO o.a.j.s.FileServer: Set new base='/home/pablo/jmeter/bin/EJECUCIONES/P3_V3/..'
2020-05-08 22:14:30,073 INFO o.a.j.s.SaveService: Testplan (JMX) version: 2.2. Testlog (JTL) version: 2.2
2020-05-08 22:14:30,091 INFO o.a.j.s.SaveService: Using SaveService properties file encoding UTF-8
2020-05-08 22:14:30,103 INFO o.a.j.s.SaveService: Using SaveService properties version 5.0
2020-05-08 22:14:30,122 INFO o.a.j.s.SaveService: Loading file: ../RecordP3_V2.jmx
2020-05-08 22:14:30,198 INFO o.a.j.p.h.c.CookieManager: Settings: Delete null: true Check: true Allow variable: true Save: false Prefix: COOKIE_
2020-05-08 22:14:30,243 INFO o.a.j.p.h.s.HTTPSamplerBase: Parser for text/html is org.apache.jmeter.protocol.http.parser.LagartoBasedHtmlParser
2020-05-08 22:14:30,243 INFO o.a.j.p.h.s.HTTPSamplerBase: Parser for application/xhtml+xml is org.apache.jmeter.protocol.http.parser.LagartoBasedHtmlParser
2020-05-08 22:14:30,244 INFO o.a.j.p.h.s.HTTPSamplerBase: Parser for application/xml is org.apache.jmeter.protocol.http.parser.LagartoBasedHtmlParser
2020-05-08 22:14:30,244 INFO o.a.j.p.h.s.HTTPSamplerBase: Parser for text/xml is org.apache.jmeter.protocol.http.parser.LagartoBasedHtmlParser
2020-05-08 22:14:30,244 INFO o.a.j.p.h.s.HTTPSamplerBase: Parser for text/vnd.wap.wml is org.apache.jmeter.protocol.http.parser.RegexpHTMLParser
2020-05-08 22:14:30,244 INFO o.a.j.p.h.s.HTTPSamplerBase: Parser for text/css is org.apache.jmeter.protocol.http.parser.CssParser
2020-05-08 22:14:30,363 INFO o.a.j.JMeter: Creating summariser <summary>
2020-05-08 22:14:30,379 INFO o.a.j.e.StandardJMeterEngine: Running the test!
2020-05-08 22:14:30,383 INFO o.a.j.s.SampleEvent: List of sample_variables: []
2020-05-08 22:14:30,383 INFO o.a.j.s.SampleEvent: List of sample_variables: []
2020-05-08 22:14:30,394 INFO o.a.j.e.u.CompoundVariable: Note: Function class names must contain the string: '.functions.'
2020-05-08 22:14:30,395 INFO o.a.j.e.u.CompoundVariable: Note: Function class names must not contain the string: '.gui.'
2020-05-08 22:14:31,266 INFO o.a.j.JMeter: Running test (1588968871266)
2020-05-08 22:14:31,364 INFO o.a.j.e.StandardJMeterEngine: Starting ThreadGroup: 1 : Thread Group
2020-05-08 22:14:31,365 INFO o.a.j.e.StandardJMeterEngine: Starting 160 threads for group Thread Group.
2020-05-08 22:14:31,365 INFO o.a.j.e.StandardJMeterEngine: Thread will continue on error
2020-05-08 22:14:31,365 INFO o.a.j.t.ThreadGroup: Starting thread group... number=1 threads=160 ramp-up=25 delayedStart=false
2020-05-08 22:14:31,428 INFO o.a.j.t.JMeterThread: Thread started: Thread Group 1-1
2020-05-08 22:14:31,488 INFO o.a.j.p.h.s.HTTPHCAbstractImpl: Local host = hylianpablo
2020-05-08 22:14:31,503 INFO o.a.j.p.h.s.HTTPHC4Impl: HTTP request retry count = 0
2020-05-08 22:14:31,508 INFO o.a.j.s.SampleResult: Note: Sample TimeStamps are START times
2020-05-08 22:14:31,508 INFO o.a.j.s.SampleResult: sampleresult.default.encoding is set to ISO-8859-1
2020-05-08 22:14:31,509 INFO o.a.j.s.SampleResult: sampleresult.useNanoTime=true
2020-05-08 22:14:31,509 INFO o.a.j.s.SampleResult: sampleresult.nanoThreadSleep=5000
2020-05-08 22:14:31,577 INFO o.a.j.t.JMeterThread: Thread started: Thread Group 1-2
2020-05-08 22:14:31,686 INFO o.a.j.t.JMeterThread: Thread started: Thread Group 1-3
2020-05-08 22:14:31,843 INFO o.a.j.t.JMeterThread: Thread started: Thread Group 1-4
2020-05-08 22:14:31,866 INFO o.a.j.t.ThreadGroup: Started thread group number 1
2020-05-08 22:14:31,867 INFO o.a.j.e.StandardJMeterEngine: All thread groups have been started
2020-05-08 22:14:31,868 INFO o.a.j.r.Summariser: summary +      1 in 00:00:01 =    1.7/s Avg:   170 Min:   170 Max:   170 Err:     0 (0.00%) Active: 4 Started: 4 Finished: 0
2020-05-08 22:14:31,995 INFO o.a.j.t.JMeterThread: Thread started: Thread Group 1-5
2020-05-08 22:14:32,152 INFO o.a.j.t.JMeterThread: Thread started: Thread Group 1-6
2020-05-08 22:14:32,312 INFO o.a.j.t.JMeterThread: Thread started: Thread Group 1-7
2020-05-08 22:14:32,465 INFO o.a.j.t.JMeterThread: Thread started: Thread Group 1-8
2020-05-08 22:14:32,623 INFO o.a.j.t.JMeterThread: Thread started: Thread Group 1-9
2020-05-08 22:14:32,777 INFO o.a.j.t.JMeterThread: Thread started: Thread Group 1-10
2020-05-08 22:14:32,935 INFO o.a.j.t.JMeterThread: Thread started: Thread Group 1-11
2020-05-08 22:14:33,094 INFO o.a.j.t.JMeterThread: Thread started: Thread Group 1-12
2020-05-08 22:14:33,244 INFO o.a.j.t.JMeterThread: Thread started: Thread Group 1-13
2020-05-08 22:14:33,405 INFO o.a.j.t.JMeterThread: Thread started: Thread Group 1-14
2020-05-08 22:14:33,565 INFO o.a.j.t.JMeterThread: Thread started: Thread Group 1-15
2020-05-08 22:14:33,711 INFO o.a.j.t.JMeterThread: Thread started: Thread Group 1-16
2020-05-08 22:14:33,867 INFO o.a.j.t.JMeterThread: Thread started: Thread Group 1-17
2020-05-08 22:14:34,024 INFO o.a.j.t.JMeterThread: Thread started: Thread Group 1-18
2020-05-08 22:14:34,180 INFO o.a.j.t.JMeterThread: Thread started: Thread Group 1-19
2020-05-08 22:14:34,332 INFO o.a.j.t.JMeterThread: Thread started: Thread Group 1-20
2020-05-08 22:14:34,488 INFO o.a.j.t.JMeterThread: Thread started: Thread Group 1-21
2020-05-08 22:14:34,645 INFO o.a.j.t.JMeterThread: Thread started: Thread Group 1-22
2020-05-08 22:14:34,801 INFO o.a.j.t.JMeterThread: Thread started: Thread Group 1-23
2020-05-08 22:14:34,957 INFO o.a.j.t.JMeterThread: Thread started: Thread Group 1-24
2020-05-08 22:14:35,112 INFO o.a.j.t.JMeterThread: Thread started: Thread Group 1-25
2020-05-08 22:14:35,269 INFO o.a.j.t.JMeterThread: Thread started: Thread Group 1-26
2020-05-08 22:14:35,423 INFO o.a.j.t.JMeterThread: Thread started: Thread Group 1-27
2020-05-08 22:14:35,584 INFO o.a.j.t.JMeterThread: Thread started: Thread Group 1-28
2020-05-08 22:14:35,735 INFO o.a.j.t.JMeterThread: Thread started: Thread Group 1-29
2020-05-08 22:14:35,894 INFO o.a.j.t.JMeterThread: Thread started: Thread Group 1-30
2020-05-08 22:14:36,058 INFO o.a.j.t.JMeterThread: Thread started: Thread Group 1-31
2020-05-08 22:14:36,203 INFO o.a.j.t.JMeterThread: Thread started: Thread Group 1-32
2020-05-08 22:14:36,364 INFO o.a.j.t.JMeterThread: Thread started: Thread Group 1-33
2020-05-08 22:14:36,515 INFO o.a.j.t.JMeterThread: Thread started: Thread Group 1-34
2020-05-08 22:14:36,787 INFO o.a.j.t.JMeterThread: Thread started: Thread Group 1-35
2020-05-08 22:14:36,833 INFO o.a.j.t.JMeterThread: Thread started: Thread Group 1-36
2020-05-08 22:14:36,985 INFO o.a.j.t.JMeterThread: Thread started: Thread Group 1-37
2020-05-08 22:14:37,140 INFO o.a.j.t.JMeterThread: Thread started: Thread Group 1-38
2020-05-08 22:14:37,296 INFO o.a.j.t.JMeterThread: Thread started: Thread Group 1-39
2020-05-08 22:14:37,453 INFO o.a.j.t.JMeterThread: Thread started: Thread Group 1-40
2020-05-08 22:14:37,608 INFO o.a.j.t.JMeterThread: Thread started: Thread Group 1-41
2020-05-08 22:14:37,765 INFO o.a.j.t.JMeterThread: Thread started: Thread Group 1-42
2020-05-08 22:14:37,920 INFO o.a.j.t.JMeterThread: Thread started: Thread Group 1-43
2020-05-08 22:14:38,076 INFO o.a.j.t.JMeterThread: Thread started: Thread Group 1-44
2020-05-08 22:14:38,232 INFO o.a.j.t.JMeterThread: Thread started: Thread Group 1-45
2020-05-08 22:14:38,389 INFO o.a.j.t.JMeterThread: Thread started: Thread Group 1-46
2020-05-08 22:14:38,544 INFO o.a.j.t.JMeterThread: Thread started: Thread Group 1-47
2020-05-08 22:14:38,700 INFO o.a.j.t.JMeterThread: Thread started: Thread Group 1-48
2020-05-08 22:14:38,858 INFO o.a.j.t.JMeterThread: Thread started: Thread Group 1-49
2020-05-08 22:14:39,012 INFO o.a.j.t.JMeterThread: Thread started: Thread Group 1-50
2020-05-08 22:14:39,167 INFO o.a.j.t.JMeterThread: Thread started: Thread Group 1-51
2020-05-08 22:14:39,323 INFO o.a.j.t.JMeterThread: Thread started: Thread Group 1-52
2020-05-08 22:14:39,480 INFO o.a.j.t.JMeterThread: Thread started: Thread Group 1-53
2020-05-08 22:14:39,636 INFO o.a.j.t.JMeterThread: Thread started: Thread Group 1-54
2020-05-08 22:14:39,792 INFO o.a.j.t.JMeterThread: Thread started: Thread Group 1-55
2020-05-08 22:14:39,949 INFO o.a.j.t.JMeterThread: Thread started: Thread Group 1-56
2020-05-08 22:14:40,105 INFO o.a.j.t.JMeterThread: Thread started: Thread Group 1-57
2020-05-08 22:14:40,263 INFO o.a.j.t.JMeterThread: Thread started: Thread Group 1-58
2020-05-08 22:14:40,414 INFO o.a.j.t.JMeterThread: Thread started: Thread Group 1-59
2020-05-08 22:14:40,570 INFO o.a.j.t.JMeterThread: Thread started: Thread Group 1-60
2020-05-08 22:14:40,727 INFO o.a.j.t.JMeterThread: Thread started: Thread Group 1-61
2020-05-08 22:14:40,883 INFO o.a.j.t.JMeterThread: Thread started: Thread Group 1-62
2020-05-08 22:14:41,041 INFO o.a.j.t.JMeterThread: Thread started: Thread Group 1-63
2020-05-08 22:14:41,198 INFO o.a.j.t.JMeterThread: Thread started: Thread Group 1-64
2020-05-08 22:14:41,350 INFO o.a.j.t.JMeterThread: Thread started: Thread Group 1-65
2020-05-08 22:14:41,506 INFO o.a.j.t.JMeterThread: Thread started: Thread Group 1-66
2020-05-08 22:14:41,777 INFO o.a.j.t.JMeterThread: Thread started: Thread Group 1-67
2020-05-08 22:14:41,819 INFO o.a.j.t.JMeterThread: Thread started: Thread Group 1-68
2020-05-08 22:14:41,980 INFO o.a.j.t.JMeterThread: Thread started: Thread Group 1-69
2020-05-08 22:14:42,132 INFO o.a.j.t.JMeterThread: Thread started: Thread Group 1-70
2020-05-08 22:14:42,291 INFO o.a.j.t.JMeterThread: Thread started: Thread Group 1-71
2020-05-08 22:14:42,446 INFO o.a.j.t.JMeterThread: Thread started: Thread Group 1-72
2020-05-08 22:14:42,600 INFO o.a.j.t.JMeterThread: Thread started: Thread Group 1-73
2020-05-08 22:14:42,765 INFO o.a.j.t.JMeterThread: Thread started: Thread Group 1-74
2020-05-08 22:14:42,919 INFO o.a.j.t.JMeterThread: Thread started: Thread Group 1-75
2020-05-08 22:14:43,074 INFO o.a.j.t.JMeterThread: Thread started: Thread Group 1-76
2020-05-08 22:14:43,233 INFO o.a.j.t.JMeterThread: Thread started: Thread Group 1-77
2020-05-08 22:14:43,392 INFO o.a.j.t.JMeterThread: Thread started: Thread Group 1-78
2020-05-08 22:14:43,541 INFO o.a.j.t.JMeterThread: Thread started: Thread Group 1-79
2020-05-08 22:14:43,694 INFO o.a.j.t.JMeterThread: Thread started: Thread Group 1-80
2020-05-08 22:14:43,848 INFO o.a.j.t.JMeterThread: Thread started: Thread Group 1-81
2020-05-08 22:14:44,004 INFO o.a.j.t.JMeterThread: Thread started: Thread Group 1-82
2020-05-08 22:14:44,159 INFO o.a.j.t.JMeterThread: Thread started: Thread Group 1-83
2020-05-08 22:14:44,319 INFO o.a.j.t.JMeterThread: Thread started: Thread Group 1-84
2020-05-08 22:14:44,474 INFO o.a.j.t.JMeterThread: Thread started: Thread Group 1-85
2020-05-08 22:14:44,632 INFO o.a.j.t.JMeterThread: Thread started: Thread Group 1-86
2020-05-08 22:14:44,786 INFO o.a.j.t.JMeterThread: Thread started: Thread Group 1-87
2020-05-08 22:14:44,940 INFO o.a.j.t.JMeterThread: Thread started: Thread Group 1-88
2020-05-08 22:14:45,096 INFO o.a.j.t.JMeterThread: Thread started: Thread Group 1-89
2020-05-08 22:14:45,253 INFO o.a.j.t.JMeterThread: Thread started: Thread Group 1-90
2020-05-08 22:14:45,417 INFO o.a.j.t.JMeterThread: Thread started: Thread Group 1-91
2020-05-08 22:14:45,572 INFO o.a.j.t.JMeterThread: Thread started: Thread Group 1-92
2020-05-08 22:14:45,725 INFO o.a.j.t.JMeterThread: Thread started: Thread Group 1-93
2020-05-08 22:14:45,877 INFO o.a.j.t.JMeterThread: Thread started: Thread Group 1-94
2020-05-08 22:14:46,034 INFO o.a.j.t.JMeterThread: Thread started: Thread Group 1-95
2020-05-08 22:14:46,190 INFO o.a.j.t.JMeterThread: Thread started: Thread Group 1-96
2020-05-08 22:14:46,365 INFO o.a.j.t.JMeterThread: Thread started: Thread Group 1-97
2020-05-08 22:14:46,520 INFO o.a.j.t.JMeterThread: Thread started: Thread Group 1-98
2020-05-08 22:14:46,659 INFO o.a.j.t.JMeterThread: Thread started: Thread Group 1-99
2020-05-08 22:14:46,815 INFO o.a.j.t.JMeterThread: Thread started: Thread Group 1-100
2020-05-08 22:14:46,969 INFO o.a.j.t.JMeterThread: Thread started: Thread Group 1-101
2020-05-08 22:14:47,123 INFO o.a.j.t.JMeterThread: Thread started: Thread Group 1-102
2020-05-08 22:14:47,286 INFO o.a.j.t.JMeterThread: Thread started: Thread Group 1-103
2020-05-08 22:14:47,450 INFO o.a.j.t.JMeterThread: Thread started: Thread Group 1-104
2020-05-08 22:14:47,606 INFO o.a.j.t.JMeterThread: Thread started: Thread Group 1-105
2020-05-08 22:14:47,785 INFO o.a.j.t.JMeterThread: Thread started: Thread Group 1-106
2020-05-08 22:14:47,905 INFO o.a.j.t.JMeterThread: Thread started: Thread Group 1-107
2020-05-08 22:14:48,059 INFO o.a.j.t.JMeterThread: Thread started: Thread Group 1-108
2020-05-08 22:14:48,216 INFO o.a.j.t.JMeterThread: Thread started: Thread Group 1-109
2020-05-08 22:14:48,371 INFO o.a.j.t.JMeterThread: Thread started: Thread Group 1-110
2020-05-08 22:14:48,528 INFO o.a.j.t.JMeterThread: Thread started: Thread Group 1-111
2020-05-08 22:14:48,685 INFO o.a.j.t.JMeterThread: Thread started: Thread Group 1-112
2020-05-08 22:14:48,841 INFO o.a.j.t.JMeterThread: Thread started: Thread Group 1-113
2020-05-08 22:14:48,996 INFO o.a.j.t.JMeterThread: Thread started: Thread Group 1-114
2020-05-08 22:14:49,151 INFO o.a.j.t.JMeterThread: Thread started: Thread Group 1-115
2020-05-08 22:14:49,308 INFO o.a.j.t.JMeterThread: Thread started: Thread Group 1-116
2020-05-08 22:14:49,463 INFO o.a.j.t.JMeterThread: Thread started: Thread Group 1-117
2020-05-08 22:14:49,621 INFO o.a.j.t.JMeterThread: Thread started: Thread Group 1-118
2020-05-08 22:14:49,782 INFO o.a.j.t.JMeterThread: Thread started: Thread Group 1-119
2020-05-08 22:14:49,933 INFO o.a.j.t.JMeterThread: Thread started: Thread Group 1-120
2020-05-08 22:14:50,086 INFO o.a.j.t.JMeterThread: Thread started: Thread Group 1-121
2020-05-08 22:14:50,242 INFO o.a.j.t.JMeterThread: Thread started: Thread Group 1-122
2020-05-08 22:14:50,398 INFO o.a.j.t.JMeterThread: Thread started: Thread Group 1-123
2020-05-08 22:14:50,555 INFO o.a.j.t.JMeterThread: Thread started: Thread Group 1-124
2020-05-08 22:14:50,714 INFO o.a.j.t.JMeterThread: Thread started: Thread Group 1-125
2020-05-08 22:14:50,868 INFO o.a.j.t.JMeterThread: Thread started: Thread Group 1-126
2020-05-08 22:14:51,023 INFO o.a.j.t.JMeterThread: Thread started: Thread Group 1-127
2020-05-08 22:14:51,181 INFO o.a.j.t.JMeterThread: Thread started: Thread Group 1-128
2020-05-08 22:14:51,340 INFO o.a.j.t.JMeterThread: Thread started: Thread Group 1-129
2020-05-08 22:14:51,491 INFO o.a.j.t.JMeterThread: Thread started: Thread Group 1-130
2020-05-08 22:14:51,648 INFO o.a.j.t.JMeterThread: Thread started: Thread Group 1-131
2020-05-08 22:14:51,805 INFO o.a.j.t.JMeterThread: Thread started: Thread Group 1-132
2020-05-08 22:14:51,960 INFO o.a.j.t.JMeterThread: Thread started: Thread Group 1-133
2020-05-08 22:14:52,120 INFO o.a.j.t.JMeterThread: Thread started: Thread Group 1-134
2020-05-08 22:14:52,274 INFO o.a.j.t.JMeterThread: Thread started: Thread Group 1-135
2020-05-08 22:14:52,428 INFO o.a.j.t.JMeterThread: Thread started: Thread Group 1-136
2020-05-08 22:14:52,583 INFO o.a.j.t.JMeterThread: Thread started: Thread Group 1-137
2020-05-08 22:14:52,739 INFO o.a.j.t.JMeterThread: Thread started: Thread Group 1-138
2020-05-08 22:14:52,895 INFO o.a.j.t.JMeterThread: Thread started: Thread Group 1-139
2020-05-08 22:14:53,054 INFO o.a.j.t.JMeterThread: Thread started: Thread Group 1-140
2020-05-08 22:14:53,207 INFO o.a.j.t.JMeterThread: Thread started: Thread Group 1-141
2020-05-08 22:14:53,362 INFO o.a.j.t.JMeterThread: Thread started: Thread Group 1-142
2020-05-08 22:14:53,518 INFO o.a.j.t.JMeterThread: Thread started: Thread Group 1-143
2020-05-08 22:14:53,679 INFO o.a.j.t.JMeterThread: Thread started: Thread Group 1-144
2020-05-08 22:14:53,830 INFO o.a.j.t.JMeterThread: Thread started: Thread Group 1-145
2020-05-08 22:14:53,986 INFO o.a.j.t.JMeterThread: Thread started: Thread Group 1-146
2020-05-08 22:14:54,142 INFO o.a.j.t.JMeterThread: Thread started: Thread Group 1-147
2020-05-08 22:14:54,304 INFO o.a.j.t.JMeterThread: Thread started: Thread Group 1-148
2020-05-08 22:14:54,456 INFO o.a.j.t.JMeterThread: Thread started: Thread Group 1-149
2020-05-08 22:14:54,613 INFO o.a.j.t.JMeterThread: Thread started: Thread Group 1-150
2020-05-08 22:14:54,767 INFO o.a.j.t.JMeterThread: Thread started: Thread Group 1-151
2020-05-08 22:14:54,925 INFO o.a.j.t.JMeterThread: Thread started: Thread Group 1-152
2020-05-08 22:14:55,081 INFO o.a.j.t.JMeterThread: Thread started: Thread Group 1-153
2020-05-08 22:14:55,238 INFO o.a.j.t.JMeterThread: Thread started: Thread Group 1-154
2020-05-08 22:14:55,403 INFO o.a.j.t.JMeterThread: Thread started: Thread Group 1-155
2020-05-08 22:14:55,560 INFO o.a.j.t.JMeterThread: Thread started: Thread Group 1-156
2020-05-08 22:14:55,715 INFO o.a.j.t.JMeterThread: Thread started: Thread Group 1-157
2020-05-08 22:14:55,867 INFO o.a.j.t.JMeterThread: Thread started: Thread Group 1-158
2020-05-08 22:14:56,015 INFO o.a.j.t.JMeterThread: Thread started: Thread Group 1-159
2020-05-08 22:14:56,177 INFO o.a.j.t.JMeterThread: Thread started: Thread Group 1-160
2020-05-08 22:15:00,013 INFO o.a.j.r.Summariser: summary +    722 in 00:00:28 =   25.7/s Avg:  1478 Min:    33 Max: 21681 Err:     0 (0.00%) Active: 160 Started: 160 Finished: 0
2020-05-08 22:15:00,013 INFO o.a.j.r.Summariser: summary =    723 in 00:00:29 =   25.2/s Avg:  1476 Min:    33 Max: 21681 Err:     0 (0.00%)
2020-05-08 22:15:30,063 INFO o.a.j.r.Summariser: summary +    594 in 00:00:30 =   19.8/s Avg:  6826 Min:   164 Max: 40973 Err:     0 (0.00%) Active: 160 Started: 160 Finished: 0
2020-05-08 22:15:30,064 INFO o.a.j.r.Summariser: summary =   1317 in 00:00:59 =   22.4/s Avg:  3889 Min:    33 Max: 40973 Err:     0 (0.00%)
2020-05-08 22:16:00,008 INFO o.a.j.r.Summariser: summary +    975 in 00:00:30 =   32.6/s Avg:  5153 Min:   171 Max: 56985 Err:     0 (0.00%) Active: 160 Started: 160 Finished: 0
2020-05-08 22:16:00,009 INFO o.a.j.r.Summariser: summary =   2292 in 00:01:29 =   25.8/s Avg:  4427 Min:    33 Max: 56985 Err:     0 (0.00%)
2020-05-08 22:16:30,006 INFO o.a.j.r.Summariser: summary +    760 in 00:00:30 =   25.3/s Avg:  6131 Min:   200 Max: 47981 Err:     0 (0.00%) Active: 160 Started: 160 Finished: 0
2020-05-08 22:16:30,007 INFO o.a.j.r.Summariser: summary =   3052 in 00:01:59 =   25.7/s Avg:  4851 Min:    33 Max: 56985 Err:     0 (0.00%)
2020-05-08 22:17:00,254 INFO o.a.j.r.Summariser: summary +    816 in 00:00:30 =   27.0/s Avg:  5849 Min:    63 Max: 52535 Err:     0 (0.00%) Active: 160 Started: 160 Finished: 0
2020-05-08 22:17:00,255 INFO o.a.j.r.Summariser: summary =   3868 in 00:02:29 =   26.0/s Avg:  5062 Min:    33 Max: 56985 Err:     0 (0.00%)
2020-05-08 22:17:30,039 INFO o.a.j.r.Summariser: summary +    714 in 00:00:30 =   24.0/s Avg:  6541 Min:   178 Max: 48039 Err:     0 (0.00%) Active: 160 Started: 160 Finished: 0
2020-05-08 22:17:30,040 INFO o.a.j.r.Summariser: summary =   4582 in 00:02:59 =   25.6/s Avg:  5292 Min:    33 Max: 56985 Err:     0 (0.00%)
2020-05-08 22:18:00,094 INFO o.a.j.r.Summariser: summary +    713 in 00:00:30 =   23.7/s Avg:  6871 Min:   194 Max: 58528 Err:     0 (0.00%) Active: 160 Started: 160 Finished: 0
2020-05-08 22:18:00,095 INFO o.a.j.r.Summariser: summary =   5295 in 00:03:29 =   25.4/s Avg:  5505 Min:    33 Max: 58528 Err:     0 (0.00%)
2020-05-08 22:18:30,002 INFO o.a.j.r.Summariser: summary +    817 in 00:00:30 =   27.3/s Avg:  6193 Min:   191 Max: 56237 Err:     0 (0.00%) Active: 160 Started: 160 Finished: 0
2020-05-08 22:18:30,002 INFO o.a.j.r.Summariser: summary =   6112 in 00:03:59 =   25.6/s Avg:  5597 Min:    33 Max: 58528 Err:     0 (0.00%)
2020-05-08 22:19:00,070 INFO o.a.j.r.Summariser: summary +    800 in 00:00:30 =   26.6/s Avg:  5851 Min:   177 Max: 53075 Err:     0 (0.00%) Active: 160 Started: 160 Finished: 0
2020-05-08 22:19:00,070 INFO o.a.j.r.Summariser: summary =   6912 in 00:04:29 =   25.7/s Avg:  5626 Min:    33 Max: 58528 Err:     0 (0.00%)
2020-05-08 22:19:30,048 INFO o.a.j.r.Summariser: summary +    808 in 00:00:30 =   27.0/s Avg:  5855 Min:   178 Max: 54819 Err:     0 (0.00%) Active: 160 Started: 160 Finished: 0
2020-05-08 22:19:30,048 INFO o.a.j.r.Summariser: summary =   7720 in 00:04:59 =   25.8/s Avg:  5650 Min:    33 Max: 58528 Err:     0 (0.00%)
2020-05-08 22:20:00,039 INFO o.a.j.r.Summariser: summary +    806 in 00:00:30 =   26.9/s Avg:  5898 Min:   135 Max: 44681 Err:     0 (0.00%) Active: 160 Started: 160 Finished: 0
2020-05-08 22:20:00,040 INFO o.a.j.r.Summariser: summary =   8526 in 00:05:29 =   25.9/s Avg:  5674 Min:    33 Max: 58528 Err:     0 (0.00%)
2020-05-08 22:20:30,058 INFO o.a.j.r.Summariser: summary +    894 in 00:00:30 =   29.8/s Avg:  5480 Min:   184 Max: 50363 Err:     0 (0.00%) Active: 160 Started: 160 Finished: 0
2020-05-08 22:20:30,059 INFO o.a.j.r.Summariser: summary =   9420 in 00:05:59 =   26.3/s Avg:  5655 Min:    33 Max: 58528 Err:     0 (0.00%)
2020-05-08 22:21:00,017 INFO o.a.j.r.Summariser: summary +    825 in 00:00:30 =   27.5/s Avg:  5872 Min:   172 Max: 48315 Err:     0 (0.00%) Active: 160 Started: 160 Finished: 0
2020-05-08 22:21:00,018 INFO o.a.j.r.Summariser: summary =  10245 in 00:06:29 =   26.4/s Avg:  5673 Min:    33 Max: 58528 Err:     0 (0.00%)
2020-05-08 22:21:30,043 INFO o.a.j.r.Summariser: summary +    647 in 00:00:30 =   21.5/s Avg:  6709 Min:   255 Max: 55531 Err:     0 (0.00%) Active: 160 Started: 160 Finished: 0
2020-05-08 22:21:30,044 INFO o.a.j.r.Summariser: summary =  10892 in 00:06:59 =   26.0/s Avg:  5734 Min:    33 Max: 58528 Err:     0 (0.00%)
2020-05-08 22:22:00,056 INFO o.a.j.r.Summariser: summary +    708 in 00:00:30 =   23.6/s Avg:  6935 Min:   261 Max: 63937 Err:     0 (0.00%) Active: 160 Started: 160 Finished: 0
2020-05-08 22:22:00,057 INFO o.a.j.r.Summariser: summary =  11600 in 00:07:29 =   25.8/s Avg:  5807 Min:    33 Max: 63937 Err:     0 (0.00%)
2020-05-08 22:22:30,091 INFO o.a.j.r.Summariser: summary +    608 in 00:00:30 =   20.2/s Avg:  7096 Min:   280 Max: 61007 Err:     0 (0.00%) Active: 160 Started: 160 Finished: 0
2020-05-08 22:22:30,092 INFO o.a.j.r.Summariser: summary =  12208 in 00:07:59 =   25.5/s Avg:  5872 Min:    33 Max: 63937 Err:     0 (0.00%)
2020-05-08 22:23:00,031 INFO o.a.j.r.Summariser: summary +    578 in 00:00:30 =   19.3/s Avg:  7971 Min:   299 Max: 66476 Err:     0 (0.00%) Active: 160 Started: 160 Finished: 0
2020-05-08 22:23:00,032 INFO o.a.j.r.Summariser: summary =  12786 in 00:08:29 =   25.1/s Avg:  5967 Min:    33 Max: 66476 Err:     0 (0.00%)
2020-05-08 22:23:30,069 INFO o.a.j.r.Summariser: summary +    648 in 00:00:30 =   21.6/s Avg:  8651 Min:   221 Max: 72761 Err:     0 (0.00%) Active: 160 Started: 160 Finished: 0
2020-05-08 22:23:30,070 INFO o.a.j.r.Summariser: summary =  13434 in 00:08:59 =   24.9/s Avg:  6096 Min:    33 Max: 72761 Err:     0 (0.00%)
2020-05-08 22:24:00,014 INFO o.a.j.r.Summariser: summary +    620 in 00:00:30 =   20.7/s Avg:  7263 Min:   263 Max: 89641 Err:     0 (0.00%) Active: 160 Started: 160 Finished: 0
2020-05-08 22:24:00,014 INFO o.a.j.r.Summariser: summary =  14054 in 00:09:29 =   24.7/s Avg:  6147 Min:    33 Max: 89641 Err:     0 (0.00%)
2020-05-08 22:24:30,005 INFO o.a.j.r.Summariser: summary +    662 in 00:00:30 =   22.1/s Avg:  7457 Min:   186 Max: 78718 Err:     0 (0.00%) Active: 160 Started: 160 Finished: 0
2020-05-08 22:24:30,006 INFO o.a.j.r.Summariser: summary =  14716 in 00:09:59 =   24.6/s Avg:  6206 Min:    33 Max: 89641 Err:     0 (0.00%)
2020-05-08 22:24:56,595 INFO o.a.j.t.JMeterThread: Stopping because end time detected by thread: Thread Group 1-52
2020-05-08 22:24:56,596 INFO o.a.j.t.JMeterThread: Thread finished: Thread Group 1-52
2020-05-08 22:24:56,630 INFO o.a.j.t.JMeterThread: Stopping because end time detected by thread: Thread Group 1-56
2020-05-08 22:24:56,630 INFO o.a.j.t.JMeterThread: Thread finished: Thread Group 1-56
2020-05-08 22:24:56,797 INFO o.a.j.t.JMeterThread: Stopping because end time detected by thread: Thread Group 1-89
2020-05-08 22:24:56,797 INFO o.a.j.t.JMeterThread: Thread finished: Thread Group 1-89
2020-05-08 22:24:56,821 INFO o.a.j.t.JMeterThread: Stopping because end time detected by thread: Thread Group 1-84
2020-05-08 22:24:56,822 INFO o.a.j.t.JMeterThread: Thread finished: Thread Group 1-84
2020-05-08 22:24:56,883 INFO o.a.j.t.JMeterThread: Stopping because end time detected by thread: Thread Group 1-136
2020-05-08 22:24:56,883 INFO o.a.j.t.JMeterThread: Thread finished: Thread Group 1-136
2020-05-08 22:24:56,957 INFO o.a.j.t.JMeterThread: Stopping because end time detected by thread: Thread Group 1-139
2020-05-08 22:24:56,957 INFO o.a.j.t.JMeterThread: Thread finished: Thread Group 1-139
2020-05-08 22:24:56,976 INFO o.a.j.t.JMeterThread: Stopping because end time detected by thread: Thread Group 1-5
2020-05-08 22:24:56,976 INFO o.a.j.t.JMeterThread: Thread finished: Thread Group 1-5
2020-05-08 22:24:57,007 INFO o.a.j.t.JMeterThread: Stopping because end time detected by thread: Thread Group 1-157
2020-05-08 22:24:57,007 INFO o.a.j.t.JMeterThread: Thread finished: Thread Group 1-157
2020-05-08 22:24:57,119 INFO o.a.j.t.JMeterThread: Stopping because end time detected by thread: Thread Group 1-151
2020-05-08 22:24:57,120 INFO o.a.j.t.JMeterThread: Thread finished: Thread Group 1-151
2020-05-08 22:24:57,136 INFO o.a.j.t.JMeterThread: Stopping because end time detected by thread: Thread Group 1-132
2020-05-08 22:24:57,137 INFO o.a.j.t.JMeterThread: Thread finished: Thread Group 1-132
2020-05-08 22:24:57,139 INFO o.a.j.t.JMeterThread: Stopping because end time detected by thread: Thread Group 1-101
2020-05-08 22:24:57,140 INFO o.a.j.t.JMeterThread: Thread finished: Thread Group 1-101
2020-05-08 22:24:57,153 INFO o.a.j.t.JMeterThread: Stopping because end time detected by thread: Thread Group 1-143
2020-05-08 22:24:57,153 INFO o.a.j.t.JMeterThread: Thread finished: Thread Group 1-143
2020-05-08 22:24:57,168 INFO o.a.j.t.JMeterThread: Stopping because end time detected by thread: Thread Group 1-108
2020-05-08 22:24:57,168 INFO o.a.j.t.JMeterThread: Thread finished: Thread Group 1-108
2020-05-08 22:24:57,220 INFO o.a.j.t.JMeterThread: Stopping because end time detected by thread: Thread Group 1-27
2020-05-08 22:24:57,221 INFO o.a.j.t.JMeterThread: Thread finished: Thread Group 1-27
2020-05-08 22:24:57,246 INFO o.a.j.t.JMeterThread: Stopping because end time detected by thread: Thread Group 1-99
2020-05-08 22:24:57,246 INFO o.a.j.t.JMeterThread: Thread finished: Thread Group 1-99
2020-05-08 22:24:57,336 INFO o.a.j.t.JMeterThread: Stopping because end time detected by thread: Thread Group 1-100
2020-05-08 22:24:57,337 INFO o.a.j.t.JMeterThread: Thread finished: Thread Group 1-100
2020-05-08 22:24:57,436 INFO o.a.j.t.JMeterThread: Stopping because end time detected by thread: Thread Group 1-59
2020-05-08 22:24:57,436 INFO o.a.j.t.JMeterThread: Thread finished: Thread Group 1-59
2020-05-08 22:24:57,463 INFO o.a.j.t.JMeterThread: Stopping because end time detected by thread: Thread Group 1-8
2020-05-08 22:24:57,464 INFO o.a.j.t.JMeterThread: Thread finished: Thread Group 1-8
2020-05-08 22:24:57,512 INFO o.a.j.t.JMeterThread: Stopping because end time detected by thread: Thread Group 1-96
2020-05-08 22:24:57,512 INFO o.a.j.t.JMeterThread: Thread finished: Thread Group 1-96
2020-05-08 22:24:57,601 INFO o.a.j.t.JMeterThread: Stopping because end time detected by thread: Thread Group 1-113
2020-05-08 22:24:57,601 INFO o.a.j.t.JMeterThread: Thread finished: Thread Group 1-113
2020-05-08 22:24:57,624 INFO o.a.j.t.JMeterThread: Stopping because end time detected by thread: Thread Group 1-94
2020-05-08 22:24:57,625 INFO o.a.j.t.JMeterThread: Thread finished: Thread Group 1-94
2020-05-08 22:24:57,637 INFO o.a.j.t.JMeterThread: Stopping because end time detected by thread: Thread Group 1-28
2020-05-08 22:24:57,637 INFO o.a.j.t.JMeterThread: Thread finished: Thread Group 1-28
2020-05-08 22:24:57,830 INFO o.a.j.t.JMeterThread: Stopping because end time detected by thread: Thread Group 1-154
2020-05-08 22:24:57,831 INFO o.a.j.t.JMeterThread: Thread finished: Thread Group 1-154
2020-05-08 22:24:57,925 INFO o.a.j.t.JMeterThread: Stopping because end time detected by thread: Thread Group 1-97
2020-05-08 22:24:57,925 INFO o.a.j.t.JMeterThread: Thread finished: Thread Group 1-97
2020-05-08 22:24:57,950 INFO o.a.j.t.JMeterThread: Stopping because end time detected by thread: Thread Group 1-29
2020-05-08 22:24:57,950 INFO o.a.j.t.JMeterThread: Thread finished: Thread Group 1-29
2020-05-08 22:24:57,979 INFO o.a.j.t.JMeterThread: Stopping because end time detected by thread: Thread Group 1-95
2020-05-08 22:24:57,979 INFO o.a.j.t.JMeterThread: Thread finished: Thread Group 1-95
2020-05-08 22:24:58,079 INFO o.a.j.t.JMeterThread: Stopping because end time detected by thread: Thread Group 1-122
2020-05-08 22:24:58,080 INFO o.a.j.t.JMeterThread: Thread finished: Thread Group 1-122
2020-05-08 22:24:58,100 INFO o.a.j.t.JMeterThread: Stopping because end time detected by thread: Thread Group 1-63
2020-05-08 22:24:58,100 INFO o.a.j.t.JMeterThread: Thread finished: Thread Group 1-63
2020-05-08 22:24:58,230 INFO o.a.j.t.JMeterThread: Stopping because end time detected by thread: Thread Group 1-123
2020-05-08 22:24:58,231 INFO o.a.j.t.JMeterThread: Thread finished: Thread Group 1-123
2020-05-08 22:24:58,251 INFO o.a.j.t.JMeterThread: Stopping because end time detected by thread: Thread Group 1-81
2020-05-08 22:24:58,251 INFO o.a.j.t.JMeterThread: Thread finished: Thread Group 1-81
2020-05-08 22:24:58,335 INFO o.a.j.t.JMeterThread: Stopping because end time detected by thread: Thread Group 1-146
2020-05-08 22:24:58,335 INFO o.a.j.t.JMeterThread: Thread finished: Thread Group 1-146
2020-05-08 22:24:58,395 INFO o.a.j.t.JMeterThread: Stopping because end time detected by thread: Thread Group 1-128
2020-05-08 22:24:58,395 INFO o.a.j.t.JMeterThread: Thread finished: Thread Group 1-128
2020-05-08 22:24:58,409 INFO o.a.j.t.JMeterThread: Stopping because end time detected by thread: Thread Group 1-116
2020-05-08 22:24:58,410 INFO o.a.j.t.JMeterThread: Thread finished: Thread Group 1-116
2020-05-08 22:24:58,623 INFO o.a.j.t.JMeterThread: Stopping because end time detected by thread: Thread Group 1-129
2020-05-08 22:24:58,624 INFO o.a.j.t.JMeterThread: Thread finished: Thread Group 1-129
2020-05-08 22:24:58,822 INFO o.a.j.t.JMeterThread: Stopping because end time detected by thread: Thread Group 1-69
2020-05-08 22:24:58,822 INFO o.a.j.t.JMeterThread: Thread finished: Thread Group 1-69
2020-05-08 22:24:58,911 INFO o.a.j.t.JMeterThread: Stopping because end time detected by thread: Thread Group 1-13
2020-05-08 22:24:58,911 INFO o.a.j.t.JMeterThread: Thread finished: Thread Group 1-13
2020-05-08 22:24:58,958 INFO o.a.j.t.JMeterThread: Stopping because end time detected by thread: Thread Group 1-47
2020-05-08 22:24:58,958 INFO o.a.j.t.JMeterThread: Thread finished: Thread Group 1-47
2020-05-08 22:24:58,992 INFO o.a.j.t.JMeterThread: Stopping because end time detected by thread: Thread Group 1-50
2020-05-08 22:24:58,992 INFO o.a.j.t.JMeterThread: Thread finished: Thread Group 1-50
2020-05-08 22:24:59,058 INFO o.a.j.t.JMeterThread: Stopping because end time detected by thread: Thread Group 1-85
2020-05-08 22:24:59,059 INFO o.a.j.t.JMeterThread: Thread finished: Thread Group 1-85
2020-05-08 22:24:59,202 INFO o.a.j.t.JMeterThread: Stopping because end time detected by thread: Thread Group 1-118
2020-05-08 22:24:59,202 INFO o.a.j.t.JMeterThread: Thread finished: Thread Group 1-118
2020-05-08 22:24:59,380 INFO o.a.j.t.JMeterThread: Stopping because end time detected by thread: Thread Group 1-60
2020-05-08 22:24:59,381 INFO o.a.j.t.JMeterThread: Thread finished: Thread Group 1-60
2020-05-08 22:24:59,730 INFO o.a.j.t.JMeterThread: Stopping because end time detected by thread: Thread Group 1-119
2020-05-08 22:24:59,730 INFO o.a.j.t.JMeterThread: Thread finished: Thread Group 1-119
2020-05-08 22:24:59,768 INFO o.a.j.t.JMeterThread: Stopping because end time detected by thread: Thread Group 1-86
2020-05-08 22:24:59,768 INFO o.a.j.t.JMeterThread: Stopping because end time detected by thread: Thread Group 1-130
2020-05-08 22:24:59,768 INFO o.a.j.t.JMeterThread: Thread finished: Thread Group 1-86
2020-05-08 22:24:59,768 INFO o.a.j.t.JMeterThread: Thread finished: Thread Group 1-130
2020-05-08 22:24:59,800 INFO o.a.j.t.JMeterThread: Stopping because end time detected by thread: Thread Group 1-4
2020-05-08 22:24:59,801 INFO o.a.j.t.JMeterThread: Thread finished: Thread Group 1-4
2020-05-08 22:25:00,040 INFO o.a.j.r.Summariser: summary +    728 in 00:00:30 =   24.2/s Avg:  6927 Min:   222 Max: 59209 Err:     0 (0.00%) Active: 115 Started: 160 Finished: 45
2020-05-08 22:25:00,040 INFO o.a.j.r.Summariser: summary =  15444 in 00:10:29 =   24.6/s Avg:  6240 Min:    33 Max: 89641 Err:     0 (0.00%)
2020-05-08 22:25:00,041 INFO o.a.j.t.JMeterThread: Stopping because end time detected by thread: Thread Group 1-33
2020-05-08 22:25:00,041 INFO o.a.j.t.JMeterThread: Thread finished: Thread Group 1-33
2020-05-08 22:25:00,084 INFO o.a.j.t.JMeterThread: Stopping because end time detected by thread: Thread Group 1-140
2020-05-08 22:25:00,084 INFO o.a.j.t.JMeterThread: Thread finished: Thread Group 1-140
2020-05-08 22:25:00,316 INFO o.a.j.t.JMeterThread: Stopping because end time detected by thread: Thread Group 1-39
2020-05-08 22:25:00,317 INFO o.a.j.t.JMeterThread: Thread finished: Thread Group 1-39
2020-05-08 22:25:00,330 INFO o.a.j.t.JMeterThread: Stopping because end time detected by thread: Thread Group 1-76
2020-05-08 22:25:00,330 INFO o.a.j.t.JMeterThread: Thread finished: Thread Group 1-76
2020-05-08 22:25:00,653 INFO o.a.j.t.JMeterThread: Stopping because end time detected by thread: Thread Group 1-46
2020-05-08 22:25:00,653 INFO o.a.j.t.JMeterThread: Thread finished: Thread Group 1-46
2020-05-08 22:25:00,845 INFO o.a.j.t.JMeterThread: Stopping because end time detected by thread: Thread Group 1-68
2020-05-08 22:25:00,845 INFO o.a.j.t.JMeterThread: Thread finished: Thread Group 1-68
2020-05-08 22:25:01,083 INFO o.a.j.t.JMeterThread: Stopping because end time detected by thread: Thread Group 1-145
2020-05-08 22:25:01,083 INFO o.a.j.t.JMeterThread: Thread finished: Thread Group 1-145
2020-05-08 22:25:01,097 INFO o.a.j.t.JMeterThread: Stopping because end time detected by thread: Thread Group 1-26
2020-05-08 22:25:01,097 INFO o.a.j.t.JMeterThread: Thread finished: Thread Group 1-26
2020-05-08 22:25:01,233 INFO o.a.j.t.JMeterThread: Stopping because end time detected by thread: Thread Group 1-32
2020-05-08 22:25:01,233 INFO o.a.j.t.JMeterThread: Thread finished: Thread Group 1-32
2020-05-08 22:25:01,516 INFO o.a.j.t.JMeterThread: Stopping because end time detected by thread: Thread Group 1-11
2020-05-08 22:25:01,516 INFO o.a.j.t.JMeterThread: Thread finished: Thread Group 1-11
2020-05-08 22:25:01,661 INFO o.a.j.t.JMeterThread: Stopping because end time detected by thread: Thread Group 1-72
2020-05-08 22:25:01,661 INFO o.a.j.t.JMeterThread: Thread finished: Thread Group 1-72
2020-05-08 22:25:01,924 INFO o.a.j.t.JMeterThread: Stopping because end time detected by thread: Thread Group 1-102
2020-05-08 22:25:01,924 INFO o.a.j.t.JMeterThread: Stopping because end time detected by thread: Thread Group 1-64
2020-05-08 22:25:01,924 INFO o.a.j.t.JMeterThread: Thread finished: Thread Group 1-102
2020-05-08 22:25:01,924 INFO o.a.j.t.JMeterThread: Thread finished: Thread Group 1-64
2020-05-08 22:25:02,185 INFO o.a.j.t.JMeterThread: Stopping because end time detected by thread: Thread Group 1-131
2020-05-08 22:25:02,185 INFO o.a.j.t.JMeterThread: Thread finished: Thread Group 1-131
2020-05-08 22:25:02,198 INFO o.a.j.t.JMeterThread: Stopping because end time detected by thread: Thread Group 1-115
2020-05-08 22:25:02,198 INFO o.a.j.t.JMeterThread: Thread finished: Thread Group 1-115
2020-05-08 22:25:02,237 INFO o.a.j.t.JMeterThread: Stopping because end time detected by thread: Thread Group 1-88
2020-05-08 22:25:02,237 INFO o.a.j.t.JMeterThread: Thread finished: Thread Group 1-88
2020-05-08 22:25:02,255 INFO o.a.j.t.JMeterThread: Stopping because end time detected by thread: Thread Group 1-138
2020-05-08 22:25:02,255 INFO o.a.j.t.JMeterThread: Thread finished: Thread Group 1-138
2020-05-08 22:25:02,293 INFO o.a.j.t.JMeterThread: Stopping because end time detected by thread: Thread Group 1-1
2020-05-08 22:25:02,293 INFO o.a.j.t.JMeterThread: Thread finished: Thread Group 1-1
2020-05-08 22:25:02,405 INFO o.a.j.t.JMeterThread: Stopping because end time detected by thread: Thread Group 1-49
2020-05-08 22:25:02,405 INFO o.a.j.t.JMeterThread: Thread finished: Thread Group 1-49
2020-05-08 22:25:02,408 INFO o.a.j.t.JMeterThread: Stopping because end time detected by thread: Thread Group 1-156
2020-05-08 22:25:02,408 INFO o.a.j.t.JMeterThread: Thread finished: Thread Group 1-156
2020-05-08 22:25:02,777 INFO o.a.j.t.JMeterThread: Stopping because end time detected by thread: Thread Group 1-40
2020-05-08 22:25:02,777 INFO o.a.j.t.JMeterThread: Stopping because end time detected by thread: Thread Group 1-42
2020-05-08 22:25:02,778 INFO o.a.j.t.JMeterThread: Thread finished: Thread Group 1-42
2020-05-08 22:25:02,778 INFO o.a.j.t.JMeterThread: Thread finished: Thread Group 1-40
2020-05-08 22:25:02,783 INFO o.a.j.t.JMeterThread: Stopping because end time detected by thread: Thread Group 1-22
2020-05-08 22:25:02,783 INFO o.a.j.t.JMeterThread: Thread finished: Thread Group 1-22
2020-05-08 22:25:02,931 INFO o.a.j.t.JMeterThread: Stopping because end time detected by thread: Thread Group 1-90
2020-05-08 22:25:02,931 INFO o.a.j.t.JMeterThread: Thread finished: Thread Group 1-90
2020-05-08 22:25:02,962 INFO o.a.j.t.JMeterThread: Stopping because end time detected by thread: Thread Group 1-124
2020-05-08 22:25:02,962 INFO o.a.j.t.JMeterThread: Thread finished: Thread Group 1-124
2020-05-08 22:25:02,974 INFO o.a.j.t.JMeterThread: Stopping because end time detected by thread: Thread Group 1-45
2020-05-08 22:25:02,974 INFO o.a.j.t.JMeterThread: Thread finished: Thread Group 1-45
2020-05-08 22:25:03,005 INFO o.a.j.t.JMeterThread: Stopping because end time detected by thread: Thread Group 1-107
2020-05-08 22:25:03,005 INFO o.a.j.t.JMeterThread: Thread finished: Thread Group 1-107
2020-05-08 22:25:03,274 INFO o.a.j.t.JMeterThread: Stopping because end time detected by thread: Thread Group 1-133
2020-05-08 22:25:03,275 INFO o.a.j.t.JMeterThread: Thread finished: Thread Group 1-133
2020-05-08 22:25:03,310 INFO o.a.j.t.JMeterThread: Stopping because end time detected by thread: Thread Group 1-159
2020-05-08 22:25:03,310 INFO o.a.j.t.JMeterThread: Thread finished: Thread Group 1-159
2020-05-08 22:25:03,440 INFO o.a.j.t.JMeterThread: Stopping because end time detected by thread: Thread Group 1-137
2020-05-08 22:25:03,440 INFO o.a.j.t.JMeterThread: Thread finished: Thread Group 1-137
2020-05-08 22:25:03,449 INFO o.a.j.t.JMeterThread: Stopping because end time detected by thread: Thread Group 1-25
2020-05-08 22:25:03,449 INFO o.a.j.t.JMeterThread: Thread finished: Thread Group 1-25
2020-05-08 22:25:03,514 INFO o.a.j.t.JMeterThread: Stopping because end time detected by thread: Thread Group 1-41
2020-05-08 22:25:03,515 INFO o.a.j.t.JMeterThread: Thread finished: Thread Group 1-41
2020-05-08 22:25:03,612 INFO o.a.j.t.JMeterThread: Stopping because end time detected by thread: Thread Group 1-147
2020-05-08 22:25:03,612 INFO o.a.j.t.JMeterThread: Thread finished: Thread Group 1-147
2020-05-08 22:25:03,635 INFO o.a.j.t.JMeterThread: Stopping because end time detected by thread: Thread Group 1-21
2020-05-08 22:25:03,635 INFO o.a.j.t.JMeterThread: Thread finished: Thread Group 1-21
2020-05-08 22:25:03,720 INFO o.a.j.t.JMeterThread: Stopping because end time detected by thread: Thread Group 1-117
2020-05-08 22:25:03,721 INFO o.a.j.t.JMeterThread: Thread finished: Thread Group 1-117
2020-05-08 22:25:03,894 INFO o.a.j.t.JMeterThread: Stopping because end time detected by thread: Thread Group 1-91
2020-05-08 22:25:03,894 INFO o.a.j.t.JMeterThread: Thread finished: Thread Group 1-91
2020-05-08 22:25:03,946 INFO o.a.j.t.JMeterThread: Stopping because end time detected by thread: Thread Group 1-15
2020-05-08 22:25:03,947 INFO o.a.j.t.JMeterThread: Thread finished: Thread Group 1-15
2020-05-08 22:25:03,966 INFO o.a.j.t.JMeterThread: Stopping because end time detected by thread: Thread Group 1-51
2020-05-08 22:25:03,966 INFO o.a.j.t.JMeterThread: Thread finished: Thread Group 1-51
2020-05-08 22:25:04,008 INFO o.a.j.t.JMeterThread: Stopping because end time detected by thread: Thread Group 1-114
2020-05-08 22:25:04,009 INFO o.a.j.t.JMeterThread: Thread finished: Thread Group 1-114
2020-05-08 22:25:04,026 INFO o.a.j.t.JMeterThread: Stopping because end time detected by thread: Thread Group 1-77
2020-05-08 22:25:04,026 INFO o.a.j.t.JMeterThread: Thread finished: Thread Group 1-77
2020-05-08 22:25:04,133 INFO o.a.j.t.JMeterThread: Stopping because end time detected by thread: Thread Group 1-106
2020-05-08 22:25:04,133 INFO o.a.j.t.JMeterThread: Thread finished: Thread Group 1-106
2020-05-08 22:25:04,264 INFO o.a.j.t.JMeterThread: Stopping because end time detected by thread: Thread Group 1-103
2020-05-08 22:25:04,264 INFO o.a.j.t.JMeterThread: Thread finished: Thread Group 1-103
2020-05-08 22:25:04,270 INFO o.a.j.t.JMeterThread: Stopping because end time detected by thread: Thread Group 1-87
2020-05-08 22:25:04,270 INFO o.a.j.t.JMeterThread: Thread finished: Thread Group 1-87
2020-05-08 22:25:04,468 INFO o.a.j.t.JMeterThread: Stopping because end time detected by thread: Thread Group 1-36
2020-05-08 22:25:04,468 INFO o.a.j.t.JMeterThread: Thread finished: Thread Group 1-36
2020-05-08 22:25:04,573 INFO o.a.j.t.JMeterThread: Stopping because end time detected by thread: Thread Group 1-30
2020-05-08 22:25:04,573 INFO o.a.j.t.JMeterThread: Thread finished: Thread Group 1-30
2020-05-08 22:25:04,580 INFO o.a.j.t.JMeterThread: Stopping because end time detected by thread: Thread Group 1-104
2020-05-08 22:25:04,580 INFO o.a.j.t.JMeterThread: Thread finished: Thread Group 1-104
2020-05-08 22:25:04,647 INFO o.a.j.t.JMeterThread: Stopping because end time detected by thread: Thread Group 1-12
2020-05-08 22:25:04,647 INFO o.a.j.t.JMeterThread: Thread finished: Thread Group 1-12
2020-05-08 22:25:04,781 INFO o.a.j.t.JMeterThread: Stopping because end time detected by thread: Thread Group 1-23
2020-05-08 22:25:04,782 INFO o.a.j.t.JMeterThread: Thread finished: Thread Group 1-23
2020-05-08 22:25:04,808 INFO o.a.j.t.JMeterThread: Stopping because end time detected by thread: Thread Group 1-71
2020-05-08 22:25:04,808 INFO o.a.j.t.JMeterThread: Thread finished: Thread Group 1-71
2020-05-08 22:25:05,076 INFO o.a.j.t.JMeterThread: Stopping because end time detected by thread: Thread Group 1-65
2020-05-08 22:25:05,076 INFO o.a.j.t.JMeterThread: Thread finished: Thread Group 1-65
2020-05-08 22:25:05,126 INFO o.a.j.t.JMeterThread: Stopping because end time detected by thread: Thread Group 1-109
2020-05-08 22:25:05,126 INFO o.a.j.t.JMeterThread: Thread finished: Thread Group 1-109
2020-05-08 22:25:05,295 INFO o.a.j.t.JMeterThread: Stopping because end time detected by thread: Thread Group 1-74
2020-05-08 22:25:05,295 INFO o.a.j.t.JMeterThread: Thread finished: Thread Group 1-74
2020-05-08 22:25:05,332 INFO o.a.j.t.JMeterThread: Stopping because end time detected by thread: Thread Group 1-35
2020-05-08 22:25:05,332 INFO o.a.j.t.JMeterThread: Thread finished: Thread Group 1-35
2020-05-08 22:25:05,401 INFO o.a.j.t.JMeterThread: Stopping because end time detected by thread: Thread Group 1-10
2020-05-08 22:25:05,401 INFO o.a.j.t.JMeterThread: Thread finished: Thread Group 1-10
2020-05-08 22:25:05,595 INFO o.a.j.t.JMeterThread: Stopping because end time detected by thread: Thread Group 1-158
2020-05-08 22:25:05,597 INFO o.a.j.t.JMeterThread: Thread finished: Thread Group 1-158
2020-05-08 22:25:05,596 INFO o.a.j.t.JMeterThread: Stopping because end time detected by thread: Thread Group 1-24
2020-05-08 22:25:05,598 INFO o.a.j.t.JMeterThread: Thread finished: Thread Group 1-24
2020-05-08 22:25:05,598 INFO o.a.j.t.JMeterThread: Stopping because end time detected by thread: Thread Group 1-82
2020-05-08 22:25:05,598 INFO o.a.j.t.JMeterThread: Thread finished: Thread Group 1-82
2020-05-08 22:25:05,607 INFO o.a.j.t.JMeterThread: Stopping because end time detected by thread: Thread Group 1-112
2020-05-08 22:25:05,607 INFO o.a.j.t.JMeterThread: Thread finished: Thread Group 1-112
2020-05-08 22:25:05,817 INFO o.a.j.t.JMeterThread: Stopping because end time detected by thread: Thread Group 1-83
2020-05-08 22:25:05,818 INFO o.a.j.t.JMeterThread: Thread finished: Thread Group 1-83
2020-05-08 22:25:05,951 INFO o.a.j.t.JMeterThread: Stopping because end time detected by thread: Thread Group 1-9
2020-05-08 22:25:05,951 INFO o.a.j.t.JMeterThread: Thread finished: Thread Group 1-9
2020-05-08 22:25:06,006 INFO o.a.j.t.JMeterThread: Stopping because end time detected by thread: Thread Group 1-43
2020-05-08 22:25:06,006 INFO o.a.j.t.JMeterThread: Thread finished: Thread Group 1-43
2020-05-08 22:25:06,012 INFO o.a.j.t.JMeterThread: Stopping because end time detected by thread: Thread Group 1-78
2020-05-08 22:25:06,012 INFO o.a.j.t.JMeterThread: Thread finished: Thread Group 1-78
2020-05-08 22:25:06,021 INFO o.a.j.t.JMeterThread: Stopping because end time detected by thread: Thread Group 1-73
2020-05-08 22:25:06,021 INFO o.a.j.t.JMeterThread: Thread finished: Thread Group 1-73
2020-05-08 22:25:06,205 INFO o.a.j.t.JMeterThread: Stopping because end time detected by thread: Thread Group 1-120
2020-05-08 22:25:06,205 INFO o.a.j.t.JMeterThread: Thread finished: Thread Group 1-120
2020-05-08 22:25:06,277 INFO o.a.j.t.JMeterThread: Stopping because end time detected by thread: Thread Group 1-141
2020-05-08 22:25:06,277 INFO o.a.j.t.JMeterThread: Thread finished: Thread Group 1-141
2020-05-08 22:25:06,591 INFO o.a.j.t.JMeterThread: Stopping because end time detected by thread: Thread Group 1-14
2020-05-08 22:25:06,591 INFO o.a.j.t.JMeterThread: Thread finished: Thread Group 1-14
2020-05-08 22:25:06,663 INFO o.a.j.t.JMeterThread: Stopping because end time detected by thread: Thread Group 1-57
2020-05-08 22:25:06,663 INFO o.a.j.t.JMeterThread: Thread finished: Thread Group 1-57
2020-05-08 22:25:06,746 INFO o.a.j.t.JMeterThread: Stopping because end time detected by thread: Thread Group 1-105
2020-05-08 22:25:06,747 INFO o.a.j.t.JMeterThread: Thread finished: Thread Group 1-105
2020-05-08 22:25:06,797 INFO o.a.j.t.JMeterThread: Stopping because end time detected by thread: Thread Group 1-48
2020-05-08 22:25:06,797 INFO o.a.j.t.JMeterThread: Thread finished: Thread Group 1-48
2020-05-08 22:25:06,840 INFO o.a.j.t.JMeterThread: Stopping because end time detected by thread: Thread Group 1-37
2020-05-08 22:25:06,840 INFO o.a.j.t.JMeterThread: Thread finished: Thread Group 1-37
2020-05-08 22:25:07,072 INFO o.a.j.t.JMeterThread: Stopping because end time detected by thread: Thread Group 1-44
2020-05-08 22:25:07,072 INFO o.a.j.t.JMeterThread: Thread finished: Thread Group 1-44
2020-05-08 22:25:07,151 INFO o.a.j.t.JMeterThread: Stopping because end time detected by thread: Thread Group 1-61
2020-05-08 22:25:07,151 INFO o.a.j.t.JMeterThread: Thread finished: Thread Group 1-61
2020-05-08 22:25:07,154 INFO o.a.j.t.JMeterThread: Stopping because end time detected by thread: Thread Group 1-6
2020-05-08 22:25:07,154 INFO o.a.j.t.JMeterThread: Thread finished: Thread Group 1-6
2020-05-08 22:25:07,339 INFO o.a.j.t.JMeterThread: Stopping because end time detected by thread: Thread Group 1-135
2020-05-08 22:25:07,339 INFO o.a.j.t.JMeterThread: Thread finished: Thread Group 1-135
2020-05-08 22:25:07,390 INFO o.a.j.t.JMeterThread: Stopping because end time detected by thread: Thread Group 1-148
2020-05-08 22:25:07,390 INFO o.a.j.t.JMeterThread: Thread finished: Thread Group 1-148
2020-05-08 22:25:07,418 INFO o.a.j.t.JMeterThread: Stopping because end time detected by thread: Thread Group 1-149
2020-05-08 22:25:07,418 INFO o.a.j.t.JMeterThread: Stopping because end time detected by thread: Thread Group 1-67
2020-05-08 22:25:07,419 INFO o.a.j.t.JMeterThread: Thread finished: Thread Group 1-67
2020-05-08 22:25:07,419 INFO o.a.j.t.JMeterThread: Thread finished: Thread Group 1-149
2020-05-08 22:25:07,636 INFO o.a.j.t.JMeterThread: Stopping because end time detected by thread: Thread Group 1-70
2020-05-08 22:25:07,637 INFO o.a.j.t.JMeterThread: Thread finished: Thread Group 1-70
2020-05-08 22:25:07,705 INFO o.a.j.t.JMeterThread: Stopping because end time detected by thread: Thread Group 1-110
2020-05-08 22:25:07,706 INFO o.a.j.t.JMeterThread: Thread finished: Thread Group 1-110
2020-05-08 22:25:07,733 INFO o.a.j.t.JMeterThread: Stopping because end time detected by thread: Thread Group 1-54
2020-05-08 22:25:07,734 INFO o.a.j.t.JMeterThread: Thread finished: Thread Group 1-54
2020-05-08 22:25:07,758 INFO o.a.j.t.JMeterThread: Stopping because end time detected by thread: Thread Group 1-134
2020-05-08 22:25:07,758 INFO o.a.j.t.JMeterThread: Thread finished: Thread Group 1-134
2020-05-08 22:25:07,799 INFO o.a.j.t.JMeterThread: Stopping because end time detected by thread: Thread Group 1-155
2020-05-08 22:25:07,799 INFO o.a.j.t.JMeterThread: Thread finished: Thread Group 1-155
2020-05-08 22:25:07,802 INFO o.a.j.t.JMeterThread: Stopping because end time detected by thread: Thread Group 1-2
2020-05-08 22:25:07,803 INFO o.a.j.t.JMeterThread: Thread finished: Thread Group 1-2
2020-05-08 22:25:07,869 INFO o.a.j.t.JMeterThread: Stopping because end time detected by thread: Thread Group 1-38
2020-05-08 22:25:07,870 INFO o.a.j.t.JMeterThread: Thread finished: Thread Group 1-38
2020-05-08 22:25:07,996 INFO o.a.j.t.JMeterThread: Stopping because end time detected by thread: Thread Group 1-34
2020-05-08 22:25:07,997 INFO o.a.j.t.JMeterThread: Thread finished: Thread Group 1-34
2020-05-08 22:25:07,999 INFO o.a.j.t.JMeterThread: Stopping because end time detected by thread: Thread Group 1-3
2020-05-08 22:25:08,000 INFO o.a.j.t.JMeterThread: Thread finished: Thread Group 1-3
2020-05-08 22:25:08,031 INFO o.a.j.t.JMeterThread: Stopping because end time detected by thread: Thread Group 1-17
2020-05-08 22:25:08,031 INFO o.a.j.t.JMeterThread: Thread finished: Thread Group 1-17
2020-05-08 22:25:08,081 INFO o.a.j.t.JMeterThread: Stopping because end time detected by thread: Thread Group 1-31
2020-05-08 22:25:08,081 INFO o.a.j.t.JMeterThread: Thread finished: Thread Group 1-31
2020-05-08 22:25:08,095 INFO o.a.j.t.JMeterThread: Stopping because end time detected by thread: Thread Group 1-144
2020-05-08 22:25:08,095 INFO o.a.j.t.JMeterThread: Thread finished: Thread Group 1-144
2020-05-08 22:25:08,095 INFO o.a.j.t.JMeterThread: Stopping because end time detected by thread: Thread Group 1-58
2020-05-08 22:25:08,095 INFO o.a.j.t.JMeterThread: Thread finished: Thread Group 1-58
2020-05-08 22:25:08,347 INFO o.a.j.t.JMeterThread: Stopping because end time detected by thread: Thread Group 1-75
2020-05-08 22:25:08,348 INFO o.a.j.t.JMeterThread: Thread finished: Thread Group 1-75
2020-05-08 22:25:08,350 INFO o.a.j.t.JMeterThread: Stopping because end time detected by thread: Thread Group 1-153
2020-05-08 22:25:08,351 INFO o.a.j.t.JMeterThread: Thread finished: Thread Group 1-153
2020-05-08 22:25:08,354 INFO o.a.j.t.JMeterThread: Stopping because end time detected by thread: Thread Group 1-126
2020-05-08 22:25:08,354 INFO o.a.j.t.JMeterThread: Thread finished: Thread Group 1-126
2020-05-08 22:25:08,441 INFO o.a.j.t.JMeterThread: Stopping because end time detected by thread: Thread Group 1-7
2020-05-08 22:25:08,441 INFO o.a.j.t.JMeterThread: Thread finished: Thread Group 1-7
2020-05-08 22:25:08,521 INFO o.a.j.t.JMeterThread: Stopping because end time detected by thread: Thread Group 1-160
2020-05-08 22:25:08,521 INFO o.a.j.t.JMeterThread: Thread finished: Thread Group 1-160
2020-05-08 22:25:08,592 INFO o.a.j.t.JMeterThread: Stopping because end time detected by thread: Thread Group 1-55
2020-05-08 22:25:08,592 INFO o.a.j.t.JMeterThread: Thread finished: Thread Group 1-55
2020-05-08 22:25:08,640 INFO o.a.j.t.JMeterThread: Stopping because end time detected by thread: Thread Group 1-121
2020-05-08 22:25:08,640 INFO o.a.j.t.JMeterThread: Thread finished: Thread Group 1-121
2020-05-08 22:25:08,717 INFO o.a.j.t.JMeterThread: Stopping because end time detected by thread: Thread Group 1-111
2020-05-08 22:25:08,717 INFO o.a.j.t.JMeterThread: Thread finished: Thread Group 1-111
2020-05-08 22:25:08,840 INFO o.a.j.t.JMeterThread: Stopping because end time detected by thread: Thread Group 1-20
2020-05-08 22:25:08,840 INFO o.a.j.t.JMeterThread: Thread finished: Thread Group 1-20
2020-05-08 22:25:08,861 INFO o.a.j.t.JMeterThread: Stopping because end time detected by thread: Thread Group 1-16
2020-05-08 22:25:08,861 INFO o.a.j.t.JMeterThread: Thread finished: Thread Group 1-16
2020-05-08 22:25:08,868 INFO o.a.j.t.JMeterThread: Stopping because end time detected by thread: Thread Group 1-150
2020-05-08 22:25:08,869 INFO o.a.j.t.JMeterThread: Thread finished: Thread Group 1-150
2020-05-08 22:25:08,883 INFO o.a.j.t.JMeterThread: Stopping because end time detected by thread: Thread Group 1-53
2020-05-08 22:25:08,883 INFO o.a.j.t.JMeterThread: Thread finished: Thread Group 1-53
2020-05-08 22:25:08,901 INFO o.a.j.t.JMeterThread: Stopping because end time detected by thread: Thread Group 1-80
2020-05-08 22:25:08,901 INFO o.a.j.t.JMeterThread: Thread finished: Thread Group 1-80
2020-05-08 22:25:08,968 INFO o.a.j.t.JMeterThread: Stopping because end time detected by thread: Thread Group 1-92
2020-05-08 22:25:08,968 INFO o.a.j.t.JMeterThread: Thread finished: Thread Group 1-92
2020-05-08 22:25:08,969 INFO o.a.j.t.JMeterThread: Stopping because end time detected by thread: Thread Group 1-93
2020-05-08 22:25:08,969 INFO o.a.j.t.JMeterThread: Stopping because end time detected by thread: Thread Group 1-125
2020-05-08 22:25:08,969 INFO o.a.j.t.JMeterThread: Thread finished: Thread Group 1-93
2020-05-08 22:25:08,969 INFO o.a.j.t.JMeterThread: Thread finished: Thread Group 1-125
2020-05-08 22:25:09,024 INFO o.a.j.t.JMeterThread: Stopping because end time detected by thread: Thread Group 1-66
2020-05-08 22:25:09,024 INFO o.a.j.t.JMeterThread: Thread finished: Thread Group 1-66
2020-05-08 22:25:09,084 INFO o.a.j.t.JMeterThread: Stopping because end time detected by thread: Thread Group 1-127
2020-05-08 22:25:09,084 INFO o.a.j.t.JMeterThread: Thread finished: Thread Group 1-127
2020-05-08 22:25:09,123 INFO o.a.j.t.JMeterThread: Stopping because end time detected by thread: Thread Group 1-19
2020-05-08 22:25:09,123 INFO o.a.j.t.JMeterThread: Thread finished: Thread Group 1-19
2020-05-08 22:25:09,129 INFO o.a.j.t.JMeterThread: Stopping because end time detected by thread: Thread Group 1-98
2020-05-08 22:25:09,129 INFO o.a.j.t.JMeterThread: Thread finished: Thread Group 1-98
2020-05-08 22:25:09,175 INFO o.a.j.t.JMeterThread: Stopping because end time detected by thread: Thread Group 1-142
2020-05-08 22:25:09,175 INFO o.a.j.t.JMeterThread: Thread finished: Thread Group 1-142
2020-05-08 22:25:09,180 INFO o.a.j.t.JMeterThread: Stopping because end time detected by thread: Thread Group 1-79
2020-05-08 22:25:09,180 INFO o.a.j.t.JMeterThread: Thread finished: Thread Group 1-79
2020-05-08 22:25:09,199 INFO o.a.j.t.JMeterThread: Stopping because end time detected by thread: Thread Group 1-18
2020-05-08 22:25:09,199 INFO o.a.j.t.JMeterThread: Thread finished: Thread Group 1-18
2020-05-08 22:25:09,232 INFO o.a.j.t.JMeterThread: Stopping because end time detected by thread: Thread Group 1-62
2020-05-08 22:25:09,232 INFO o.a.j.t.JMeterThread: Thread finished: Thread Group 1-62
2020-05-08 22:25:09,287 INFO o.a.j.t.JMeterThread: Stopping because end time detected by thread: Thread Group 1-152
2020-05-08 22:25:09,288 INFO o.a.j.t.JMeterThread: Thread finished: Thread Group 1-152
2020-05-08 22:25:09,289 INFO o.a.j.e.StandardJMeterEngine: Notifying test listeners of end of test
2020-05-08 22:25:09,291 INFO o.a.j.r.Summariser: summary +    114 in 00:00:09 =   12.3/s Avg: 24133 Min:  6497 Max: 46024 Err:     0 (0.00%) Active: 0 Started: 160 Finished: 160
2020-05-08 22:25:09,291 INFO o.a.j.r.Summariser: summary =  15558 in 00:10:38 =   24.4/s Avg:  6371 Min:    33 Max: 89641 Err:     0 (0.00%)
