2020-04-04 21:08:17,914 INFO o.a.j.u.JMeterUtils: Setting Locale to en_US
2020-04-04 21:08:17,947 INFO o.a.j.JMeter: Loading user properties from: /home/pablo/jmeter/bin/user.properties
2020-04-04 21:08:17,949 INFO o.a.j.JMeter: Loading system properties from: /home/pablo/jmeter/bin/system.properties
2020-04-04 21:08:17,950 INFO o.a.j.JMeter: Setting System property: HILOS=300
2020-04-04 21:08:17,950 INFO o.a.j.JMeter: Setting System property: SUBIDA=120
2020-04-04 21:08:17,950 INFO o.a.j.JMeter: Setting System property: DURACION=360
2020-04-04 21:08:17,951 INFO o.a.j.JMeter: Setting System property: PAGE=/test/imageng.html
2020-04-04 21:08:17,951 INFO o.a.j.JMeter: Setting System property: FILE=scriptresultsperfmonG300.jtl
2020-04-04 21:08:17,954 INFO o.a.j.JMeter: Copyright (c) 1998-2019 The Apache Software Foundation
2020-04-04 21:08:17,954 INFO o.a.j.JMeter: Version 5.2.1
2020-04-04 21:08:17,954 INFO o.a.j.JMeter: java.version=1.8.0_201
2020-04-04 21:08:17,955 INFO o.a.j.JMeter: java.vm.name=Java HotSpot(TM) 64-Bit Server VM
2020-04-04 21:08:17,955 INFO o.a.j.JMeter: os.name=Linux
2020-04-04 21:08:17,955 INFO o.a.j.JMeter: os.arch=amd64
2020-04-04 21:08:17,955 INFO o.a.j.JMeter: os.version=4.15.0-91-generic
2020-04-04 21:08:17,956 INFO o.a.j.JMeter: file.encoding=UTF-8
2020-04-04 21:08:17,956 INFO o.a.j.JMeter: java.awt.headless=true
2020-04-04 21:08:17,956 INFO o.a.j.JMeter: Max memory     =732954624
2020-04-04 21:08:17,957 INFO o.a.j.JMeter: Available Processors =4
2020-04-04 21:08:17,964 INFO o.a.j.JMeter: Default Locale=English (United States)
2020-04-04 21:08:17,964 INFO o.a.j.JMeter: JMeter  Locale=English (United States)
2020-04-04 21:08:17,965 INFO o.a.j.JMeter: JMeterHome=/home/pablo/jmeter
2020-04-04 21:08:17,965 INFO o.a.j.JMeter: user.dir  =/home/pablo/jmeter/bin/EJECUCIONES/P1
2020-04-04 21:08:17,965 INFO o.a.j.JMeter: PWD       =/home/pablo/jmeter/bin/EJECUCIONES/P1
2020-04-04 21:08:17,966 INFO o.a.j.JMeter: IP: 127.0.1.1 Name: hylianpablo FullName: hylianpablo
2020-04-04 21:08:17,975 INFO o.a.j.s.FileServer: Default base='/home/pablo/jmeter/bin/EJECUCIONES/P1'
2020-04-04 21:08:17,985 INFO o.a.j.s.FileServer: Set new base='/home/pablo/jmeter/bin/EJECUCIONES/P1/../..'
2020-04-04 21:08:18,277 INFO o.a.j.s.SaveService: Testplan (JMX) version: 2.2. Testlog (JTL) version: 2.2
2020-04-04 21:08:18,296 INFO o.a.j.s.SaveService: Using SaveService properties file encoding UTF-8
2020-04-04 21:08:18,311 INFO o.a.j.s.SaveService: Using SaveService properties version 5.0
2020-04-04 21:08:18,335 INFO o.a.j.s.SaveService: Loading file: ../../Correcto.jmx
2020-04-04 21:08:18,500 INFO o.a.j.p.h.s.HTTPSamplerBase: Parser for text/html is org.apache.jmeter.protocol.http.parser.LagartoBasedHtmlParser
2020-04-04 21:08:18,500 INFO o.a.j.p.h.s.HTTPSamplerBase: Parser for application/xhtml+xml is org.apache.jmeter.protocol.http.parser.LagartoBasedHtmlParser
2020-04-04 21:08:18,500 INFO o.a.j.p.h.s.HTTPSamplerBase: Parser for application/xml is org.apache.jmeter.protocol.http.parser.LagartoBasedHtmlParser
2020-04-04 21:08:18,501 INFO o.a.j.p.h.s.HTTPSamplerBase: Parser for text/xml is org.apache.jmeter.protocol.http.parser.LagartoBasedHtmlParser
2020-04-04 21:08:18,501 INFO o.a.j.p.h.s.HTTPSamplerBase: Parser for text/vnd.wap.wml is org.apache.jmeter.protocol.http.parser.RegexpHTMLParser
2020-04-04 21:08:18,501 INFO o.a.j.p.h.s.HTTPSamplerBase: Parser for text/css is org.apache.jmeter.protocol.http.parser.CssParser
2020-04-04 21:08:18,531 INFO o.a.j.JMeter: Creating summariser <summary>
2020-04-04 21:08:18,547 INFO o.a.j.e.StandardJMeterEngine: Running the test!
2020-04-04 21:08:18,550 INFO o.a.j.s.SampleEvent: List of sample_variables: []
2020-04-04 21:08:18,550 INFO o.a.j.s.SampleEvent: List of sample_variables: []
2020-04-04 21:08:18,563 INFO o.a.j.e.u.CompoundVariable: Note: Function class names must contain the string: '.functions.'
2020-04-04 21:08:18,563 INFO o.a.j.e.u.CompoundVariable: Note: Function class names must not contain the string: '.gui.'
2020-04-04 21:08:19,405 INFO o.a.j.JMeter: Running test (1586027299405)
2020-04-04 21:08:19,485 INFO o.a.j.e.StandardJMeterEngine: Starting ThreadGroup: 1 : Grupo De Hilos
2020-04-04 21:08:19,486 INFO o.a.j.e.StandardJMeterEngine: Starting 300 threads for group Grupo De Hilos.
2020-04-04 21:08:19,486 INFO o.a.j.e.StandardJMeterEngine: Thread will continue on error
2020-04-04 21:08:19,487 INFO o.a.j.t.ThreadGroup: Starting thread group... number=1 threads=300 ramp-up=120 delayedStart=false
2020-04-04 21:08:19,502 INFO o.a.j.t.JMeterThread: Thread started: Grupo De Hilos 1-1
2020-04-04 21:08:19,589 INFO o.a.j.p.h.s.HTTPHCAbstractImpl: Local host = hylianpablo
2020-04-04 21:08:19,606 INFO o.a.j.p.h.s.HTTPHC4Impl: HTTP request retry count = 0
2020-04-04 21:08:19,612 INFO o.a.j.s.SampleResult: Note: Sample TimeStamps are START times
2020-04-04 21:08:19,612 INFO o.a.j.s.SampleResult: sampleresult.default.encoding is set to ISO-8859-1
2020-04-04 21:08:19,612 INFO o.a.j.s.SampleResult: sampleresult.useNanoTime=true
2020-04-04 21:08:19,613 INFO o.a.j.s.SampleResult: sampleresult.nanoThreadSleep=5000
2020-04-04 21:08:19,922 INFO o.a.j.t.JMeterThread: Thread started: Grupo De Hilos 1-2
2020-04-04 21:08:19,941 INFO o.a.j.t.ThreadGroup: Started thread group number 1
2020-04-04 21:08:19,941 INFO o.a.j.e.StandardJMeterEngine: All thread groups have been started
2020-04-04 21:08:20,293 INFO o.a.j.t.JMeterThread: Thread started: Grupo De Hilos 1-3
2020-04-04 21:08:20,691 INFO o.a.j.t.JMeterThread: Thread started: Grupo De Hilos 1-4
2020-04-04 21:08:21,119 INFO o.a.j.t.JMeterThread: Thread started: Grupo De Hilos 1-5
2020-04-04 21:08:21,490 INFO o.a.j.t.JMeterThread: Thread started: Grupo De Hilos 1-6
2020-04-04 21:08:21,891 INFO o.a.j.t.JMeterThread: Thread started: Grupo De Hilos 1-7
2020-04-04 21:08:22,290 INFO o.a.j.t.JMeterThread: Thread started: Grupo De Hilos 1-8
2020-04-04 21:08:22,690 INFO o.a.j.t.JMeterThread: Thread started: Grupo De Hilos 1-9
2020-04-04 21:08:23,090 INFO o.a.j.t.JMeterThread: Thread started: Grupo De Hilos 1-10
2020-04-04 21:08:23,489 INFO o.a.j.t.JMeterThread: Thread started: Grupo De Hilos 1-11
2020-04-04 21:08:23,888 INFO o.a.j.t.JMeterThread: Thread started: Grupo De Hilos 1-12
2020-04-04 21:08:24,295 INFO o.a.j.t.JMeterThread: Thread started: Grupo De Hilos 1-13
2020-04-04 21:08:24,695 INFO o.a.j.t.JMeterThread: Thread started: Grupo De Hilos 1-14
2020-04-04 21:08:25,105 INFO o.a.j.t.JMeterThread: Thread started: Grupo De Hilos 1-15
2020-04-04 21:08:25,493 INFO o.a.j.t.JMeterThread: Thread started: Grupo De Hilos 1-16
2020-04-04 21:08:25,901 INFO o.a.j.t.JMeterThread: Thread started: Grupo De Hilos 1-17
2020-04-04 21:08:26,290 INFO o.a.j.t.JMeterThread: Thread started: Grupo De Hilos 1-18
2020-04-04 21:08:26,688 INFO o.a.j.t.JMeterThread: Thread started: Grupo De Hilos 1-19
2020-04-04 21:08:27,089 INFO o.a.j.t.JMeterThread: Thread started: Grupo De Hilos 1-20
2020-04-04 21:08:27,488 INFO o.a.j.t.JMeterThread: Thread started: Grupo De Hilos 1-21
2020-04-04 21:08:27,888 INFO o.a.j.t.JMeterThread: Thread started: Grupo De Hilos 1-22
2020-04-04 21:08:28,288 INFO o.a.j.t.JMeterThread: Thread started: Grupo De Hilos 1-23
2020-04-04 21:08:28,688 INFO o.a.j.t.JMeterThread: Thread started: Grupo De Hilos 1-24
2020-04-04 21:08:29,088 INFO o.a.j.t.JMeterThread: Thread started: Grupo De Hilos 1-25
2020-04-04 21:08:29,491 INFO o.a.j.t.JMeterThread: Thread started: Grupo De Hilos 1-26
2020-04-04 21:08:29,888 INFO o.a.j.t.JMeterThread: Thread started: Grupo De Hilos 1-27
2020-04-04 21:08:30,004 INFO o.a.j.r.Summariser: summary +   5699 in 00:00:11 =  537.8/s Avg:    24 Min:    14 Max:   177 Err:     0 (0.00%) Active: 27 Started: 27 Finished: 0
2020-04-04 21:08:30,288 INFO o.a.j.t.JMeterThread: Thread started: Grupo De Hilos 1-28
2020-04-04 21:08:30,688 INFO o.a.j.t.JMeterThread: Thread started: Grupo De Hilos 1-29
2020-04-04 21:08:31,089 INFO o.a.j.t.JMeterThread: Thread started: Grupo De Hilos 1-30
2020-04-04 21:08:31,489 INFO o.a.j.t.JMeterThread: Thread started: Grupo De Hilos 1-31
2020-04-04 21:08:31,889 INFO o.a.j.t.JMeterThread: Thread started: Grupo De Hilos 1-32
2020-04-04 21:08:32,288 INFO o.a.j.t.JMeterThread: Thread started: Grupo De Hilos 1-33
2020-04-04 21:08:32,690 INFO o.a.j.t.JMeterThread: Thread started: Grupo De Hilos 1-34
2020-04-04 21:08:33,092 INFO o.a.j.t.JMeterThread: Thread started: Grupo De Hilos 1-35
2020-04-04 21:08:33,488 INFO o.a.j.t.JMeterThread: Thread started: Grupo De Hilos 1-36
2020-04-04 21:08:33,889 INFO o.a.j.t.JMeterThread: Thread started: Grupo De Hilos 1-37
2020-04-04 21:08:34,290 INFO o.a.j.t.JMeterThread: Thread started: Grupo De Hilos 1-38
2020-04-04 21:08:34,689 INFO o.a.j.t.JMeterThread: Thread started: Grupo De Hilos 1-39
2020-04-04 21:08:35,090 INFO o.a.j.t.JMeterThread: Thread started: Grupo De Hilos 1-40
2020-04-04 21:08:35,488 INFO o.a.j.t.JMeterThread: Thread started: Grupo De Hilos 1-41
2020-04-04 21:08:35,890 INFO o.a.j.t.JMeterThread: Thread started: Grupo De Hilos 1-42
2020-04-04 21:08:36,289 INFO o.a.j.t.JMeterThread: Thread started: Grupo De Hilos 1-43
2020-04-04 21:08:36,694 INFO o.a.j.t.JMeterThread: Thread started: Grupo De Hilos 1-44
2020-04-04 21:08:37,088 INFO o.a.j.t.JMeterThread: Thread started: Grupo De Hilos 1-45
2020-04-04 21:08:37,488 INFO o.a.j.t.JMeterThread: Thread started: Grupo De Hilos 1-46
2020-04-04 21:08:37,888 INFO o.a.j.t.JMeterThread: Thread started: Grupo De Hilos 1-47
2020-04-04 21:08:38,288 INFO o.a.j.t.JMeterThread: Thread started: Grupo De Hilos 1-48
2020-04-04 21:08:38,689 INFO o.a.j.t.JMeterThread: Thread started: Grupo De Hilos 1-49
2020-04-04 21:08:39,089 INFO o.a.j.t.JMeterThread: Thread started: Grupo De Hilos 1-50
2020-04-04 21:08:39,488 INFO o.a.j.t.JMeterThread: Thread started: Grupo De Hilos 1-51
2020-04-04 21:08:39,889 INFO o.a.j.t.JMeterThread: Thread started: Grupo De Hilos 1-52
2020-04-04 21:08:40,289 INFO o.a.j.t.JMeterThread: Thread started: Grupo De Hilos 1-53
2020-04-04 21:08:40,691 INFO o.a.j.t.JMeterThread: Thread started: Grupo De Hilos 1-54
2020-04-04 21:08:41,089 INFO o.a.j.t.JMeterThread: Thread started: Grupo De Hilos 1-55
2020-04-04 21:08:41,488 INFO o.a.j.t.JMeterThread: Thread started: Grupo De Hilos 1-56
2020-04-04 21:08:41,889 INFO o.a.j.t.JMeterThread: Thread started: Grupo De Hilos 1-57
2020-04-04 21:08:42,289 INFO o.a.j.t.JMeterThread: Thread started: Grupo De Hilos 1-58
2020-04-04 21:08:42,692 INFO o.a.j.t.JMeterThread: Thread started: Grupo De Hilos 1-59
2020-04-04 21:08:43,092 INFO o.a.j.t.JMeterThread: Thread started: Grupo De Hilos 1-60
2020-04-04 21:08:43,489 INFO o.a.j.t.JMeterThread: Thread started: Grupo De Hilos 1-61
2020-04-04 21:08:43,890 INFO o.a.j.t.JMeterThread: Thread started: Grupo De Hilos 1-62
2020-04-04 21:08:44,292 INFO o.a.j.t.JMeterThread: Thread started: Grupo De Hilos 1-63
2020-04-04 21:08:44,690 INFO o.a.j.t.JMeterThread: Thread started: Grupo De Hilos 1-64
2020-04-04 21:08:45,092 INFO o.a.j.t.JMeterThread: Thread started: Grupo De Hilos 1-65
2020-04-04 21:08:45,489 INFO o.a.j.t.JMeterThread: Thread started: Grupo De Hilos 1-66
2020-04-04 21:08:45,888 INFO o.a.j.t.JMeterThread: Thread started: Grupo De Hilos 1-67
2020-04-04 21:08:46,289 INFO o.a.j.t.JMeterThread: Thread started: Grupo De Hilos 1-68
2020-04-04 21:08:46,689 INFO o.a.j.t.JMeterThread: Thread started: Grupo De Hilos 1-69
2020-04-04 21:08:47,089 INFO o.a.j.t.JMeterThread: Thread started: Grupo De Hilos 1-70
2020-04-04 21:08:47,489 INFO o.a.j.t.JMeterThread: Thread started: Grupo De Hilos 1-71
2020-04-04 21:08:47,889 INFO o.a.j.t.JMeterThread: Thread started: Grupo De Hilos 1-72
2020-04-04 21:08:48,289 INFO o.a.j.t.JMeterThread: Thread started: Grupo De Hilos 1-73
2020-04-04 21:08:48,687 INFO o.a.j.t.JMeterThread: Thread started: Grupo De Hilos 1-74
2020-04-04 21:08:49,088 INFO o.a.j.t.JMeterThread: Thread started: Grupo De Hilos 1-75
2020-04-04 21:08:49,488 INFO o.a.j.t.JMeterThread: Thread started: Grupo De Hilos 1-76
2020-04-04 21:08:49,888 INFO o.a.j.t.JMeterThread: Thread started: Grupo De Hilos 1-77
2020-04-04 21:08:50,289 INFO o.a.j.t.JMeterThread: Thread started: Grupo De Hilos 1-78
2020-04-04 21:08:50,688 INFO o.a.j.t.JMeterThread: Thread started: Grupo De Hilos 1-79
2020-04-04 21:08:51,090 INFO o.a.j.t.JMeterThread: Thread started: Grupo De Hilos 1-80
2020-04-04 21:08:51,489 INFO o.a.j.t.JMeterThread: Thread started: Grupo De Hilos 1-81
2020-04-04 21:08:51,896 INFO o.a.j.t.JMeterThread: Thread started: Grupo De Hilos 1-82
2020-04-04 21:08:52,293 INFO o.a.j.t.JMeterThread: Thread started: Grupo De Hilos 1-83
2020-04-04 21:08:52,692 INFO o.a.j.t.JMeterThread: Thread started: Grupo De Hilos 1-84
2020-04-04 21:08:53,091 INFO o.a.j.t.JMeterThread: Thread started: Grupo De Hilos 1-85
2020-04-04 21:08:53,491 INFO o.a.j.t.JMeterThread: Thread started: Grupo De Hilos 1-86
2020-04-04 21:08:53,893 INFO o.a.j.t.JMeterThread: Thread started: Grupo De Hilos 1-87
2020-04-04 21:08:54,289 INFO o.a.j.t.JMeterThread: Thread started: Grupo De Hilos 1-88
2020-04-04 21:08:54,691 INFO o.a.j.t.JMeterThread: Thread started: Grupo De Hilos 1-89
2020-04-04 21:08:55,090 INFO o.a.j.t.JMeterThread: Thread started: Grupo De Hilos 1-90
2020-04-04 21:08:55,490 INFO o.a.j.t.JMeterThread: Thread started: Grupo De Hilos 1-91
2020-04-04 21:08:55,889 INFO o.a.j.t.JMeterThread: Thread started: Grupo De Hilos 1-92
2020-04-04 21:08:56,291 INFO o.a.j.t.JMeterThread: Thread started: Grupo De Hilos 1-93
2020-04-04 21:08:56,692 INFO o.a.j.t.JMeterThread: Thread started: Grupo De Hilos 1-94
2020-04-04 21:08:57,091 INFO o.a.j.t.JMeterThread: Thread started: Grupo De Hilos 1-95
2020-04-04 21:08:57,490 INFO o.a.j.t.JMeterThread: Thread started: Grupo De Hilos 1-96
2020-04-04 21:08:57,891 INFO o.a.j.t.JMeterThread: Thread started: Grupo De Hilos 1-97
2020-04-04 21:08:58,289 INFO o.a.j.t.JMeterThread: Thread started: Grupo De Hilos 1-98
2020-04-04 21:08:58,689 INFO o.a.j.t.JMeterThread: Thread started: Grupo De Hilos 1-99
2020-04-04 21:08:59,089 INFO o.a.j.t.JMeterThread: Thread started: Grupo De Hilos 1-100
2020-04-04 21:08:59,488 INFO o.a.j.t.JMeterThread: Thread started: Grupo De Hilos 1-101
2020-04-04 21:08:59,888 INFO o.a.j.t.JMeterThread: Thread started: Grupo De Hilos 1-102
2020-04-04 21:09:00,011 INFO o.a.j.r.Summariser: summary +  55395 in 00:00:30 = 1845.9/s Avg:    34 Min:    14 Max:   255 Err:     0 (0.00%) Active: 102 Started: 102 Finished: 0
2020-04-04 21:09:00,012 INFO o.a.j.r.Summariser: summary =  61094 in 00:00:41 = 1504.6/s Avg:    33 Min:    14 Max:   255 Err:     0 (0.00%)
2020-04-04 21:09:00,290 INFO o.a.j.t.JMeterThread: Thread started: Grupo De Hilos 1-103
2020-04-04 21:09:00,688 INFO o.a.j.t.JMeterThread: Thread started: Grupo De Hilos 1-104
2020-04-04 21:09:01,088 INFO o.a.j.t.JMeterThread: Thread started: Grupo De Hilos 1-105
2020-04-04 21:09:01,488 INFO o.a.j.t.JMeterThread: Thread started: Grupo De Hilos 1-106
2020-04-04 21:09:01,888 INFO o.a.j.t.JMeterThread: Thread started: Grupo De Hilos 1-107
2020-04-04 21:09:02,288 INFO o.a.j.t.JMeterThread: Thread started: Grupo De Hilos 1-108
2020-04-04 21:09:02,687 INFO o.a.j.t.JMeterThread: Thread started: Grupo De Hilos 1-109
2020-04-04 21:09:03,089 INFO o.a.j.t.JMeterThread: Thread started: Grupo De Hilos 1-110
2020-04-04 21:09:03,488 INFO o.a.j.t.JMeterThread: Thread started: Grupo De Hilos 1-111
2020-04-04 21:09:03,888 INFO o.a.j.t.JMeterThread: Thread started: Grupo De Hilos 1-112
2020-04-04 21:09:04,291 INFO o.a.j.t.JMeterThread: Thread started: Grupo De Hilos 1-113
2020-04-04 21:09:04,691 INFO o.a.j.t.JMeterThread: Thread started: Grupo De Hilos 1-114
2020-04-04 21:09:05,087 INFO o.a.j.t.JMeterThread: Thread started: Grupo De Hilos 1-115
2020-04-04 21:09:05,488 INFO o.a.j.t.JMeterThread: Thread started: Grupo De Hilos 1-116
2020-04-04 21:09:05,892 INFO o.a.j.t.JMeterThread: Thread started: Grupo De Hilos 1-117
2020-04-04 21:09:06,297 INFO o.a.j.t.JMeterThread: Thread started: Grupo De Hilos 1-118
2020-04-04 21:09:06,704 INFO o.a.j.t.JMeterThread: Thread started: Grupo De Hilos 1-119
2020-04-04 21:09:07,092 INFO o.a.j.t.JMeterThread: Thread started: Grupo De Hilos 1-120
2020-04-04 21:09:07,489 INFO o.a.j.t.JMeterThread: Thread started: Grupo De Hilos 1-121
2020-04-04 21:09:07,889 INFO o.a.j.t.JMeterThread: Thread started: Grupo De Hilos 1-122
2020-04-04 21:09:08,289 INFO o.a.j.t.JMeterThread: Thread started: Grupo De Hilos 1-123
2020-04-04 21:09:08,690 INFO o.a.j.t.JMeterThread: Thread started: Grupo De Hilos 1-124
2020-04-04 21:09:09,088 INFO o.a.j.t.JMeterThread: Thread started: Grupo De Hilos 1-125
2020-04-04 21:09:09,488 INFO o.a.j.t.JMeterThread: Thread started: Grupo De Hilos 1-126
2020-04-04 21:09:09,891 INFO o.a.j.t.JMeterThread: Thread started: Grupo De Hilos 1-127
2020-04-04 21:09:10,289 INFO o.a.j.t.JMeterThread: Thread started: Grupo De Hilos 1-128
2020-04-04 21:09:10,688 INFO o.a.j.t.JMeterThread: Thread started: Grupo De Hilos 1-129
2020-04-04 21:09:11,088 INFO o.a.j.t.JMeterThread: Thread started: Grupo De Hilos 1-130
2020-04-04 21:09:11,487 INFO o.a.j.t.JMeterThread: Thread started: Grupo De Hilos 1-131
2020-04-04 21:09:11,888 INFO o.a.j.t.JMeterThread: Thread started: Grupo De Hilos 1-132
2020-04-04 21:09:12,289 INFO o.a.j.t.JMeterThread: Thread started: Grupo De Hilos 1-133
2020-04-04 21:09:12,687 INFO o.a.j.t.JMeterThread: Thread started: Grupo De Hilos 1-134
2020-04-04 21:09:13,089 INFO o.a.j.t.JMeterThread: Thread started: Grupo De Hilos 1-135
2020-04-04 21:09:13,488 INFO o.a.j.t.JMeterThread: Thread started: Grupo De Hilos 1-136
2020-04-04 21:09:13,894 INFO o.a.j.t.JMeterThread: Thread started: Grupo De Hilos 1-137
2020-04-04 21:09:14,289 INFO o.a.j.t.JMeterThread: Thread started: Grupo De Hilos 1-138
2020-04-04 21:09:14,689 INFO o.a.j.t.JMeterThread: Thread started: Grupo De Hilos 1-139
2020-04-04 21:09:15,089 INFO o.a.j.t.JMeterThread: Thread started: Grupo De Hilos 1-140
2020-04-04 21:09:15,489 INFO o.a.j.t.JMeterThread: Thread started: Grupo De Hilos 1-141
2020-04-04 21:09:15,889 INFO o.a.j.t.JMeterThread: Thread started: Grupo De Hilos 1-142
2020-04-04 21:09:16,288 INFO o.a.j.t.JMeterThread: Thread started: Grupo De Hilos 1-143
2020-04-04 21:09:16,688 INFO o.a.j.t.JMeterThread: Thread started: Grupo De Hilos 1-144
2020-04-04 21:09:17,090 INFO o.a.j.t.JMeterThread: Thread started: Grupo De Hilos 1-145
2020-04-04 21:09:17,489 INFO o.a.j.t.JMeterThread: Thread started: Grupo De Hilos 1-146
2020-04-04 21:09:17,889 INFO o.a.j.t.JMeterThread: Thread started: Grupo De Hilos 1-147
2020-04-04 21:09:18,290 INFO o.a.j.t.JMeterThread: Thread started: Grupo De Hilos 1-148
2020-04-04 21:09:18,688 INFO o.a.j.t.JMeterThread: Thread started: Grupo De Hilos 1-149
2020-04-04 21:09:19,089 INFO o.a.j.t.JMeterThread: Thread started: Grupo De Hilos 1-150
2020-04-04 21:09:19,489 INFO o.a.j.t.JMeterThread: Thread started: Grupo De Hilos 1-151
2020-04-04 21:09:19,891 INFO o.a.j.t.JMeterThread: Thread started: Grupo De Hilos 1-152
2020-04-04 21:09:20,293 INFO o.a.j.t.JMeterThread: Thread started: Grupo De Hilos 1-153
2020-04-04 21:09:20,689 INFO o.a.j.t.JMeterThread: Thread started: Grupo De Hilos 1-154
2020-04-04 21:09:21,092 INFO o.a.j.t.JMeterThread: Thread started: Grupo De Hilos 1-155
2020-04-04 21:09:21,489 INFO o.a.j.t.JMeterThread: Thread started: Grupo De Hilos 1-156
2020-04-04 21:09:21,889 INFO o.a.j.t.JMeterThread: Thread started: Grupo De Hilos 1-157
2020-04-04 21:09:22,288 INFO o.a.j.t.JMeterThread: Thread started: Grupo De Hilos 1-158
2020-04-04 21:09:22,690 INFO o.a.j.t.JMeterThread: Thread started: Grupo De Hilos 1-159
2020-04-04 21:09:23,094 INFO o.a.j.t.JMeterThread: Thread started: Grupo De Hilos 1-160
2020-04-04 21:09:23,492 INFO o.a.j.t.JMeterThread: Thread started: Grupo De Hilos 1-161
2020-04-04 21:09:23,888 INFO o.a.j.t.JMeterThread: Thread started: Grupo De Hilos 1-162
2020-04-04 21:09:24,288 INFO o.a.j.t.JMeterThread: Thread started: Grupo De Hilos 1-163
2020-04-04 21:09:24,688 INFO o.a.j.t.JMeterThread: Thread started: Grupo De Hilos 1-164
2020-04-04 21:09:25,089 INFO o.a.j.t.JMeterThread: Thread started: Grupo De Hilos 1-165
2020-04-04 21:09:25,487 INFO o.a.j.t.JMeterThread: Thread started: Grupo De Hilos 1-166
2020-04-04 21:09:25,889 INFO o.a.j.t.JMeterThread: Thread started: Grupo De Hilos 1-167
2020-04-04 21:09:26,289 INFO o.a.j.t.JMeterThread: Thread started: Grupo De Hilos 1-168
2020-04-04 21:09:26,690 INFO o.a.j.t.JMeterThread: Thread started: Grupo De Hilos 1-169
2020-04-04 21:09:27,088 INFO o.a.j.t.JMeterThread: Thread started: Grupo De Hilos 1-170
2020-04-04 21:09:27,493 INFO o.a.j.t.JMeterThread: Thread started: Grupo De Hilos 1-171
2020-04-04 21:09:27,889 INFO o.a.j.t.JMeterThread: Thread started: Grupo De Hilos 1-172
2020-04-04 21:09:28,291 INFO o.a.j.t.JMeterThread: Thread started: Grupo De Hilos 1-173
2020-04-04 21:09:28,689 INFO o.a.j.t.JMeterThread: Thread started: Grupo De Hilos 1-174
2020-04-04 21:09:29,088 INFO o.a.j.t.JMeterThread: Thread started: Grupo De Hilos 1-175
2020-04-04 21:09:29,488 INFO o.a.j.t.JMeterThread: Thread started: Grupo De Hilos 1-176
2020-04-04 21:09:29,890 INFO o.a.j.t.JMeterThread: Thread started: Grupo De Hilos 1-177
2020-04-04 21:09:30,004 INFO o.a.j.r.Summariser: summary +  54544 in 00:00:30 = 1818.6/s Avg:    76 Min:    22 Max:  1425 Err:     0 (0.00%) Active: 177 Started: 177 Finished: 0
2020-04-04 21:09:30,005 INFO o.a.j.r.Summariser: summary = 115638 in 00:01:11 = 1638.0/s Avg:    53 Min:    14 Max:  1425 Err:     0 (0.00%)
2020-04-04 21:09:30,290 INFO o.a.j.t.JMeterThread: Thread started: Grupo De Hilos 1-178
2020-04-04 21:09:30,694 INFO o.a.j.t.JMeterThread: Thread started: Grupo De Hilos 1-179
2020-04-04 21:09:31,089 INFO o.a.j.t.JMeterThread: Thread started: Grupo De Hilos 1-180
2020-04-04 21:09:31,488 INFO o.a.j.t.JMeterThread: Thread started: Grupo De Hilos 1-181
2020-04-04 21:09:31,889 INFO o.a.j.t.JMeterThread: Thread started: Grupo De Hilos 1-182
2020-04-04 21:09:32,288 INFO o.a.j.t.JMeterThread: Thread started: Grupo De Hilos 1-183
2020-04-04 21:09:32,689 INFO o.a.j.t.JMeterThread: Thread started: Grupo De Hilos 1-184
2020-04-04 21:09:33,087 INFO o.a.j.t.JMeterThread: Thread started: Grupo De Hilos 1-185
2020-04-04 21:09:33,490 INFO o.a.j.t.JMeterThread: Thread started: Grupo De Hilos 1-186
2020-04-04 21:09:33,892 INFO o.a.j.t.JMeterThread: Thread started: Grupo De Hilos 1-187
2020-04-04 21:09:34,291 INFO o.a.j.t.JMeterThread: Thread started: Grupo De Hilos 1-188
2020-04-04 21:09:34,690 INFO o.a.j.t.JMeterThread: Thread started: Grupo De Hilos 1-189
2020-04-04 21:09:35,090 INFO o.a.j.t.JMeterThread: Thread started: Grupo De Hilos 1-190
2020-04-04 21:09:35,489 INFO o.a.j.t.JMeterThread: Thread started: Grupo De Hilos 1-191
2020-04-04 21:09:35,892 INFO o.a.j.t.JMeterThread: Thread started: Grupo De Hilos 1-192
2020-04-04 21:09:36,289 INFO o.a.j.t.JMeterThread: Thread started: Grupo De Hilos 1-193
2020-04-04 21:09:36,687 INFO o.a.j.t.JMeterThread: Thread started: Grupo De Hilos 1-194
2020-04-04 21:09:37,091 INFO o.a.j.t.JMeterThread: Thread started: Grupo De Hilos 1-195
2020-04-04 21:09:37,488 INFO o.a.j.t.JMeterThread: Thread started: Grupo De Hilos 1-196
2020-04-04 21:09:37,889 INFO o.a.j.t.JMeterThread: Thread started: Grupo De Hilos 1-197
2020-04-04 21:09:38,287 INFO o.a.j.t.JMeterThread: Thread started: Grupo De Hilos 1-198
2020-04-04 21:09:38,688 INFO o.a.j.t.JMeterThread: Thread started: Grupo De Hilos 1-199
2020-04-04 21:09:39,088 INFO o.a.j.t.JMeterThread: Thread started: Grupo De Hilos 1-200
2020-04-04 21:09:39,487 INFO o.a.j.t.JMeterThread: Thread started: Grupo De Hilos 1-201
2020-04-04 21:09:39,888 INFO o.a.j.t.JMeterThread: Thread started: Grupo De Hilos 1-202
2020-04-04 21:09:40,288 INFO o.a.j.t.JMeterThread: Thread started: Grupo De Hilos 1-203
2020-04-04 21:09:40,687 INFO o.a.j.t.JMeterThread: Thread started: Grupo De Hilos 1-204
2020-04-04 21:09:41,089 INFO o.a.j.t.JMeterThread: Thread started: Grupo De Hilos 1-205
2020-04-04 21:09:41,488 INFO o.a.j.t.JMeterThread: Thread started: Grupo De Hilos 1-206
2020-04-04 21:09:41,888 INFO o.a.j.t.JMeterThread: Thread started: Grupo De Hilos 1-207
2020-04-04 21:09:42,289 INFO o.a.j.t.JMeterThread: Thread started: Grupo De Hilos 1-208
2020-04-04 21:09:42,688 INFO o.a.j.t.JMeterThread: Thread started: Grupo De Hilos 1-209
2020-04-04 21:09:43,089 INFO o.a.j.t.JMeterThread: Thread started: Grupo De Hilos 1-210
2020-04-04 21:09:43,490 INFO o.a.j.t.JMeterThread: Thread started: Grupo De Hilos 1-211
2020-04-04 21:09:43,889 INFO o.a.j.t.JMeterThread: Thread started: Grupo De Hilos 1-212
2020-04-04 21:09:44,288 INFO o.a.j.t.JMeterThread: Thread started: Grupo De Hilos 1-213
2020-04-04 21:09:44,689 INFO o.a.j.t.JMeterThread: Thread started: Grupo De Hilos 1-214
2020-04-04 21:09:45,090 INFO o.a.j.t.JMeterThread: Thread started: Grupo De Hilos 1-215
2020-04-04 21:09:45,489 INFO o.a.j.t.JMeterThread: Thread started: Grupo De Hilos 1-216
2020-04-04 21:09:45,888 INFO o.a.j.t.JMeterThread: Thread started: Grupo De Hilos 1-217
2020-04-04 21:09:46,288 INFO o.a.j.t.JMeterThread: Thread started: Grupo De Hilos 1-218
2020-04-04 21:09:46,688 INFO o.a.j.t.JMeterThread: Thread started: Grupo De Hilos 1-219
2020-04-04 21:09:47,089 INFO o.a.j.t.JMeterThread: Thread started: Grupo De Hilos 1-220
2020-04-04 21:09:47,489 INFO o.a.j.t.JMeterThread: Thread started: Grupo De Hilos 1-221
2020-04-04 21:09:47,888 INFO o.a.j.t.JMeterThread: Thread started: Grupo De Hilos 1-222
2020-04-04 21:09:48,288 INFO o.a.j.t.JMeterThread: Thread started: Grupo De Hilos 1-223
2020-04-04 21:09:48,691 INFO o.a.j.t.JMeterThread: Thread started: Grupo De Hilos 1-224
2020-04-04 21:09:49,088 INFO o.a.j.t.JMeterThread: Thread started: Grupo De Hilos 1-225
2020-04-04 21:09:49,488 INFO o.a.j.t.JMeterThread: Thread started: Grupo De Hilos 1-226
2020-04-04 21:09:49,889 INFO o.a.j.t.JMeterThread: Thread started: Grupo De Hilos 1-227
2020-04-04 21:09:50,289 INFO o.a.j.t.JMeterThread: Thread started: Grupo De Hilos 1-228
2020-04-04 21:09:50,689 INFO o.a.j.t.JMeterThread: Thread started: Grupo De Hilos 1-229
2020-04-04 21:09:51,088 INFO o.a.j.t.JMeterThread: Thread started: Grupo De Hilos 1-230
2020-04-04 21:09:51,488 INFO o.a.j.t.JMeterThread: Thread started: Grupo De Hilos 1-231
2020-04-04 21:09:51,890 INFO o.a.j.t.JMeterThread: Thread started: Grupo De Hilos 1-232
2020-04-04 21:09:52,291 INFO o.a.j.t.JMeterThread: Thread started: Grupo De Hilos 1-233
2020-04-04 21:09:52,687 INFO o.a.j.t.JMeterThread: Thread started: Grupo De Hilos 1-234
2020-04-04 21:09:53,089 INFO o.a.j.t.JMeterThread: Thread started: Grupo De Hilos 1-235
2020-04-04 21:09:53,491 INFO o.a.j.t.JMeterThread: Thread started: Grupo De Hilos 1-236
2020-04-04 21:09:53,888 INFO o.a.j.t.JMeterThread: Thread started: Grupo De Hilos 1-237
2020-04-04 21:09:54,291 INFO o.a.j.t.JMeterThread: Thread started: Grupo De Hilos 1-238
2020-04-04 21:09:54,689 INFO o.a.j.t.JMeterThread: Thread started: Grupo De Hilos 1-239
2020-04-04 21:09:55,092 INFO o.a.j.t.JMeterThread: Thread started: Grupo De Hilos 1-240
2020-04-04 21:09:55,489 INFO o.a.j.t.JMeterThread: Thread started: Grupo De Hilos 1-241
2020-04-04 21:09:55,889 INFO o.a.j.t.JMeterThread: Thread started: Grupo De Hilos 1-242
2020-04-04 21:09:56,288 INFO o.a.j.t.JMeterThread: Thread started: Grupo De Hilos 1-243
2020-04-04 21:09:56,690 INFO o.a.j.t.JMeterThread: Thread started: Grupo De Hilos 1-244
2020-04-04 21:09:57,090 INFO o.a.j.t.JMeterThread: Thread started: Grupo De Hilos 1-245
2020-04-04 21:09:57,489 INFO o.a.j.t.JMeterThread: Thread started: Grupo De Hilos 1-246
2020-04-04 21:09:57,888 INFO o.a.j.t.JMeterThread: Thread started: Grupo De Hilos 1-247
2020-04-04 21:09:58,289 INFO o.a.j.t.JMeterThread: Thread started: Grupo De Hilos 1-248
2020-04-04 21:09:58,691 INFO o.a.j.t.JMeterThread: Thread started: Grupo De Hilos 1-249
2020-04-04 21:09:59,089 INFO o.a.j.t.JMeterThread: Thread started: Grupo De Hilos 1-250
2020-04-04 21:09:59,491 INFO o.a.j.t.JMeterThread: Thread started: Grupo De Hilos 1-251
2020-04-04 21:09:59,890 INFO o.a.j.t.JMeterThread: Thread started: Grupo De Hilos 1-252
2020-04-04 21:10:00,001 INFO o.a.j.r.Summariser: summary +  31397 in 00:00:30 = 1046.7/s Avg:   202 Min:    26 Max:  1900 Err:     0 (0.00%) Active: 252 Started: 252 Finished: 0
2020-04-04 21:10:00,002 INFO o.a.j.r.Summariser: summary = 147035 in 00:01:41 = 1461.7/s Avg:    85 Min:    14 Max:  1900 Err:     0 (0.00%)
2020-04-04 21:10:00,289 INFO o.a.j.t.JMeterThread: Thread started: Grupo De Hilos 1-253
2020-04-04 21:10:00,689 INFO o.a.j.t.JMeterThread: Thread started: Grupo De Hilos 1-254
2020-04-04 21:10:01,089 INFO o.a.j.t.JMeterThread: Thread started: Grupo De Hilos 1-255
2020-04-04 21:10:01,497 INFO o.a.j.t.JMeterThread: Thread started: Grupo De Hilos 1-256
2020-04-04 21:10:01,893 INFO o.a.j.t.JMeterThread: Thread started: Grupo De Hilos 1-257
2020-04-04 21:10:02,289 INFO o.a.j.t.JMeterThread: Thread started: Grupo De Hilos 1-258
2020-04-04 21:10:02,689 INFO o.a.j.t.JMeterThread: Thread started: Grupo De Hilos 1-259
2020-04-04 21:10:03,089 INFO o.a.j.t.JMeterThread: Thread started: Grupo De Hilos 1-260
2020-04-04 21:10:03,488 INFO o.a.j.t.JMeterThread: Thread started: Grupo De Hilos 1-261
2020-04-04 21:10:03,888 INFO o.a.j.t.JMeterThread: Thread started: Grupo De Hilos 1-262
2020-04-04 21:10:04,287 INFO o.a.j.t.JMeterThread: Thread started: Grupo De Hilos 1-263
2020-04-04 21:10:04,694 INFO o.a.j.t.JMeterThread: Thread started: Grupo De Hilos 1-264
2020-04-04 21:10:05,093 INFO o.a.j.t.JMeterThread: Thread started: Grupo De Hilos 1-265
2020-04-04 21:10:05,492 INFO o.a.j.t.JMeterThread: Thread started: Grupo De Hilos 1-266
2020-04-04 21:10:05,894 INFO o.a.j.t.JMeterThread: Thread started: Grupo De Hilos 1-267
2020-04-04 21:10:06,293 INFO o.a.j.t.JMeterThread: Thread started: Grupo De Hilos 1-268
2020-04-04 21:10:06,695 INFO o.a.j.t.JMeterThread: Thread started: Grupo De Hilos 1-269
2020-04-04 21:10:07,095 INFO o.a.j.t.JMeterThread: Thread started: Grupo De Hilos 1-270
2020-04-04 21:10:07,489 INFO o.a.j.t.JMeterThread: Thread started: Grupo De Hilos 1-271
2020-04-04 21:10:07,888 INFO o.a.j.t.JMeterThread: Thread started: Grupo De Hilos 1-272
2020-04-04 21:10:08,289 INFO o.a.j.t.JMeterThread: Thread started: Grupo De Hilos 1-273
2020-04-04 21:10:08,689 INFO o.a.j.t.JMeterThread: Thread started: Grupo De Hilos 1-274
2020-04-04 21:10:09,092 INFO o.a.j.t.JMeterThread: Thread started: Grupo De Hilos 1-275
2020-04-04 21:10:09,488 INFO o.a.j.t.JMeterThread: Thread started: Grupo De Hilos 1-276
2020-04-04 21:10:09,890 INFO o.a.j.t.JMeterThread: Thread started: Grupo De Hilos 1-277
2020-04-04 21:10:10,290 INFO o.a.j.t.JMeterThread: Thread started: Grupo De Hilos 1-278
2020-04-04 21:10:10,691 INFO o.a.j.t.JMeterThread: Thread started: Grupo De Hilos 1-279
2020-04-04 21:10:11,089 INFO o.a.j.t.JMeterThread: Thread started: Grupo De Hilos 1-280
2020-04-04 21:10:11,488 INFO o.a.j.t.JMeterThread: Thread started: Grupo De Hilos 1-281
2020-04-04 21:10:11,888 INFO o.a.j.t.JMeterThread: Thread started: Grupo De Hilos 1-282
2020-04-04 21:10:12,288 INFO o.a.j.t.JMeterThread: Thread started: Grupo De Hilos 1-283
2020-04-04 21:10:12,688 INFO o.a.j.t.JMeterThread: Thread started: Grupo De Hilos 1-284
2020-04-04 21:10:13,087 INFO o.a.j.t.JMeterThread: Thread started: Grupo De Hilos 1-285
2020-04-04 21:10:13,487 INFO o.a.j.t.JMeterThread: Thread started: Grupo De Hilos 1-286
2020-04-04 21:10:13,889 INFO o.a.j.t.JMeterThread: Thread started: Grupo De Hilos 1-287
2020-04-04 21:10:14,289 INFO o.a.j.t.JMeterThread: Thread started: Grupo De Hilos 1-288
2020-04-04 21:10:14,688 INFO o.a.j.t.JMeterThread: Thread started: Grupo De Hilos 1-289
2020-04-04 21:10:15,088 INFO o.a.j.t.JMeterThread: Thread started: Grupo De Hilos 1-290
2020-04-04 21:10:15,488 INFO o.a.j.t.JMeterThread: Thread started: Grupo De Hilos 1-291
2020-04-04 21:10:15,889 INFO o.a.j.t.JMeterThread: Thread started: Grupo De Hilos 1-292
2020-04-04 21:10:16,287 INFO o.a.j.t.JMeterThread: Thread started: Grupo De Hilos 1-293
2020-04-04 21:10:16,690 INFO o.a.j.t.JMeterThread: Thread started: Grupo De Hilos 1-294
2020-04-04 21:10:17,091 INFO o.a.j.t.JMeterThread: Thread started: Grupo De Hilos 1-295
2020-04-04 21:10:17,487 INFO o.a.j.t.JMeterThread: Thread started: Grupo De Hilos 1-296
2020-04-04 21:10:17,889 INFO o.a.j.t.JMeterThread: Thread started: Grupo De Hilos 1-297
2020-04-04 21:10:18,289 INFO o.a.j.t.JMeterThread: Thread started: Grupo De Hilos 1-298
2020-04-04 21:10:18,688 INFO o.a.j.t.JMeterThread: Thread started: Grupo De Hilos 1-299
2020-04-04 21:10:19,088 INFO o.a.j.t.JMeterThread: Thread started: Grupo De Hilos 1-300
2020-04-04 21:10:30,028 INFO o.a.j.r.Summariser: summary +  20527 in 00:00:30 =  683.6/s Avg:   410 Min:    24 Max:  4734 Err:     0 (0.00%) Active: 300 Started: 300 Finished: 0
2020-04-04 21:10:30,029 INFO o.a.j.r.Summariser: summary = 167562 in 00:02:11 = 1282.8/s Avg:   125 Min:    14 Max:  4734 Err:     0 (0.00%)
2020-04-04 21:11:00,018 INFO o.a.j.r.Summariser: summary +  19642 in 00:00:30 =  655.0/s Avg:   459 Min:    20 Max: 11306 Err:     0 (0.00%) Active: 300 Started: 300 Finished: 0
2020-04-04 21:11:00,018 INFO o.a.j.r.Summariser: summary = 187204 in 00:02:41 = 1165.6/s Avg:   160 Min:    14 Max: 11306 Err:     0 (0.00%)
2020-04-04 21:11:30,012 INFO o.a.j.r.Summariser: summary +  19784 in 00:00:30 =  659.6/s Avg:   448 Min:    25 Max:  5193 Err:     0 (0.00%) Active: 300 Started: 300 Finished: 0
2020-04-04 21:11:30,013 INFO o.a.j.r.Summariser: summary = 206988 in 00:03:11 = 1085.9/s Avg:   187 Min:    14 Max: 11306 Err:     0 (0.00%)
2020-04-04 21:12:00,001 INFO o.a.j.r.Summariser: summary +  20982 in 00:00:30 =  699.7/s Avg:   427 Min:    22 Max:  8555 Err:     0 (0.00%) Active: 300 Started: 300 Finished: 0
2020-04-04 21:12:00,003 INFO o.a.j.r.Summariser: summary = 227970 in 00:03:41 = 1033.4/s Avg:   209 Min:    14 Max: 11306 Err:     0 (0.00%)
2020-04-04 21:12:30,003 INFO o.a.j.r.Summariser: summary +  21892 in 00:00:30 =  729.7/s Avg:   409 Min:    23 Max: 32695 Err:     0 (0.00%) Active: 300 Started: 300 Finished: 0
2020-04-04 21:12:30,003 INFO o.a.j.r.Summariser: summary = 249862 in 00:04:11 =  997.1/s Avg:   227 Min:    14 Max: 32695 Err:     0 (0.00%)
2020-04-04 21:13:00,002 INFO o.a.j.r.Summariser: summary +  22228 in 00:00:30 =  741.0/s Avg:   406 Min:    25 Max: 130842 Err:     1 (0.00%) Active: 300 Started: 300 Finished: 0
2020-04-04 21:13:00,004 INFO o.a.j.r.Summariser: summary = 272090 in 00:04:41 =  969.7/s Avg:   242 Min:    14 Max: 130842 Err:     1 (0.00%)
2020-04-04 21:13:30,005 INFO o.a.j.r.Summariser: summary +  23073 in 00:00:30 =  769.0/s Avg:   376 Min:    26 Max:  4820 Err:     0 (0.00%) Active: 300 Started: 300 Finished: 0
2020-04-04 21:13:30,006 INFO o.a.j.r.Summariser: summary = 295163 in 00:05:11 =  950.3/s Avg:   252 Min:    14 Max: 130842 Err:     1 (0.00%)
2020-04-04 21:14:00,007 INFO o.a.j.r.Summariser: summary +  24738 in 00:00:30 =  824.5/s Avg:   353 Min:    24 Max: 130165 Err:     1 (0.00%) Active: 300 Started: 300 Finished: 0
2020-04-04 21:14:00,010 INFO o.a.j.r.Summariser: summary = 319901 in 00:05:41 =  939.2/s Avg:   260 Min:    14 Max: 130842 Err:     2 (0.00%)
2020-04-04 21:14:19,570 INFO o.a.j.t.JMeterThread: Stopping because end time detected by thread: Grupo De Hilos 1-4
2020-04-04 21:14:19,570 INFO o.a.j.t.JMeterThread: Thread finished: Grupo De Hilos 1-4
2020-04-04 21:14:19,570 INFO o.a.j.t.JMeterThread: Stopping because end time detected by thread: Grupo De Hilos 1-1
2020-04-04 21:14:19,570 INFO o.a.j.t.JMeterThread: Stopping because end time detected by thread: Grupo De Hilos 1-16
2020-04-04 21:14:19,570 INFO o.a.j.t.JMeterThread: Thread finished: Grupo De Hilos 1-1
2020-04-04 21:14:19,571 INFO o.a.j.t.JMeterThread: Thread finished: Grupo De Hilos 1-16
2020-04-04 21:14:19,594 INFO o.a.j.t.JMeterThread: Stopping because end time detected by thread: Grupo De Hilos 1-12
2020-04-04 21:14:19,595 INFO o.a.j.t.JMeterThread: Thread finished: Grupo De Hilos 1-12
2020-04-04 21:14:19,595 INFO o.a.j.t.JMeterThread: Stopping because end time detected by thread: Grupo De Hilos 1-24
2020-04-04 21:14:19,595 INFO o.a.j.t.JMeterThread: Stopping because end time detected by thread: Grupo De Hilos 1-11
2020-04-04 21:14:19,595 INFO o.a.j.t.JMeterThread: Thread finished: Grupo De Hilos 1-24
2020-04-04 21:14:19,596 INFO o.a.j.t.JMeterThread: Thread finished: Grupo De Hilos 1-11
2020-04-04 21:14:19,597 INFO o.a.j.t.JMeterThread: Stopping because end time detected by thread: Grupo De Hilos 1-6
2020-04-04 21:14:19,597 INFO o.a.j.t.JMeterThread: Thread finished: Grupo De Hilos 1-6
2020-04-04 21:14:19,597 INFO o.a.j.t.JMeterThread: Stopping because end time detected by thread: Grupo De Hilos 1-30
2020-04-04 21:14:19,598 INFO o.a.j.t.JMeterThread: Thread finished: Grupo De Hilos 1-30
2020-04-04 21:14:19,599 INFO o.a.j.t.JMeterThread: Stopping because end time detected by thread: Grupo De Hilos 1-15
2020-04-04 21:14:19,599 INFO o.a.j.t.JMeterThread: Thread finished: Grupo De Hilos 1-15
2020-04-04 21:14:19,716 INFO o.a.j.t.JMeterThread: Stopping because end time detected by thread: Grupo De Hilos 1-18
2020-04-04 21:14:19,716 INFO o.a.j.t.JMeterThread: Thread finished: Grupo De Hilos 1-18
2020-04-04 21:14:19,717 INFO o.a.j.t.JMeterThread: Stopping because end time detected by thread: Grupo De Hilos 1-90
2020-04-04 21:14:19,717 INFO o.a.j.t.JMeterThread: Thread finished: Grupo De Hilos 1-90
2020-04-04 21:14:19,717 INFO o.a.j.t.JMeterThread: Stopping because end time detected by thread: Grupo De Hilos 1-47
2020-04-04 21:14:19,718 INFO o.a.j.t.JMeterThread: Stopping because end time detected by thread: Grupo De Hilos 1-48
2020-04-04 21:14:19,718 INFO o.a.j.t.JMeterThread: Thread finished: Grupo De Hilos 1-47
2020-04-04 21:14:19,716 INFO o.a.j.t.JMeterThread: Stopping because end time detected by thread: Grupo De Hilos 1-109
2020-04-04 21:14:19,718 INFO o.a.j.t.JMeterThread: Stopping because end time detected by thread: Grupo De Hilos 1-51
2020-04-04 21:14:19,718 INFO o.a.j.t.JMeterThread: Thread finished: Grupo De Hilos 1-48
2020-04-04 21:14:19,718 INFO o.a.j.t.JMeterThread: Thread finished: Grupo De Hilos 1-51
2020-04-04 21:14:19,718 INFO o.a.j.t.JMeterThread: Thread finished: Grupo De Hilos 1-109
2020-04-04 21:14:19,723 INFO o.a.j.t.JMeterThread: Stopping because end time detected by thread: Grupo De Hilos 1-58
2020-04-04 21:14:19,723 INFO o.a.j.t.JMeterThread: Stopping because end time detected by thread: Grupo De Hilos 1-112
2020-04-04 21:14:19,723 INFO o.a.j.t.JMeterThread: Thread finished: Grupo De Hilos 1-58
2020-04-04 21:14:19,724 INFO o.a.j.t.JMeterThread: Thread finished: Grupo De Hilos 1-112
2020-04-04 21:14:19,724 INFO o.a.j.t.JMeterThread: Stopping because end time detected by thread: Grupo De Hilos 1-23
2020-04-04 21:14:19,724 INFO o.a.j.t.JMeterThread: Thread finished: Grupo De Hilos 1-23
2020-04-04 21:14:19,724 INFO o.a.j.t.JMeterThread: Stopping because end time detected by thread: Grupo De Hilos 1-52
2020-04-04 21:14:19,724 INFO o.a.j.t.JMeterThread: Thread finished: Grupo De Hilos 1-52
2020-04-04 21:14:19,724 INFO o.a.j.t.JMeterThread: Stopping because end time detected by thread: Grupo De Hilos 1-98
2020-04-04 21:14:19,724 INFO o.a.j.t.JMeterThread: Stopping because end time detected by thread: Grupo De Hilos 1-94
2020-04-04 21:14:19,725 INFO o.a.j.t.JMeterThread: Thread finished: Grupo De Hilos 1-94
2020-04-04 21:14:19,725 INFO o.a.j.t.JMeterThread: Thread finished: Grupo De Hilos 1-98
2020-04-04 21:14:19,725 INFO o.a.j.t.JMeterThread: Stopping because end time detected by thread: Grupo De Hilos 1-37
2020-04-04 21:14:19,726 INFO o.a.j.t.JMeterThread: Thread finished: Grupo De Hilos 1-37
2020-04-04 21:14:19,726 INFO o.a.j.t.JMeterThread: Stopping because end time detected by thread: Grupo De Hilos 1-104
2020-04-04 21:14:19,726 INFO o.a.j.t.JMeterThread: Thread finished: Grupo De Hilos 1-104
2020-04-04 21:14:19,726 INFO o.a.j.t.JMeterThread: Stopping because end time detected by thread: Grupo De Hilos 1-8
2020-04-04 21:14:19,727 INFO o.a.j.t.JMeterThread: Thread finished: Grupo De Hilos 1-8
2020-04-04 21:14:19,756 INFO o.a.j.t.JMeterThread: Stopping because end time detected by thread: Grupo De Hilos 1-10
2020-04-04 21:14:19,756 INFO o.a.j.t.JMeterThread: Thread finished: Grupo De Hilos 1-10
2020-04-04 21:14:19,757 INFO o.a.j.t.JMeterThread: Stopping because end time detected by thread: Grupo De Hilos 1-31
2020-04-04 21:14:19,757 INFO o.a.j.t.JMeterThread: Thread finished: Grupo De Hilos 1-31
2020-04-04 21:14:19,758 INFO o.a.j.t.JMeterThread: Stopping because end time detected by thread: Grupo De Hilos 1-3
2020-04-04 21:14:19,758 INFO o.a.j.t.JMeterThread: Stopping because end time detected by thread: Grupo De Hilos 1-32
2020-04-04 21:14:19,758 INFO o.a.j.t.JMeterThread: Thread finished: Grupo De Hilos 1-3
2020-04-04 21:14:19,758 INFO o.a.j.t.JMeterThread: Stopping because end time detected by thread: Grupo De Hilos 1-99
2020-04-04 21:14:19,758 INFO o.a.j.t.JMeterThread: Thread finished: Grupo De Hilos 1-99
2020-04-04 21:14:19,758 INFO o.a.j.t.JMeterThread: Stopping because end time detected by thread: Grupo De Hilos 1-43
2020-04-04 21:14:19,759 INFO o.a.j.t.JMeterThread: Thread finished: Grupo De Hilos 1-43
2020-04-04 21:14:19,758 INFO o.a.j.t.JMeterThread: Thread finished: Grupo De Hilos 1-32
2020-04-04 21:14:19,759 INFO o.a.j.t.JMeterThread: Stopping because end time detected by thread: Grupo De Hilos 1-39
2020-04-04 21:14:19,759 INFO o.a.j.t.JMeterThread: Thread finished: Grupo De Hilos 1-39
2020-04-04 21:14:19,776 INFO o.a.j.t.JMeterThread: Stopping because end time detected by thread: Grupo De Hilos 1-105
2020-04-04 21:14:19,776 INFO o.a.j.t.JMeterThread: Stopping because end time detected by thread: Grupo De Hilos 1-145
2020-04-04 21:14:19,776 INFO o.a.j.t.JMeterThread: Stopping because end time detected by thread: Grupo De Hilos 1-144
2020-04-04 21:14:19,777 INFO o.a.j.t.JMeterThread: Thread finished: Grupo De Hilos 1-145
2020-04-04 21:14:19,777 INFO o.a.j.t.JMeterThread: Stopping because end time detected by thread: Grupo De Hilos 1-134
2020-04-04 21:14:19,777 INFO o.a.j.t.JMeterThread: Thread finished: Grupo De Hilos 1-134
2020-04-04 21:14:19,777 INFO o.a.j.t.JMeterThread: Stopping because end time detected by thread: Grupo De Hilos 1-129
2020-04-04 21:14:19,777 INFO o.a.j.t.JMeterThread: Thread finished: Grupo De Hilos 1-129
2020-04-04 21:14:19,777 INFO o.a.j.t.JMeterThread: Stopping because end time detected by thread: Grupo De Hilos 1-107
2020-04-04 21:14:19,777 INFO o.a.j.t.JMeterThread: Thread finished: Grupo De Hilos 1-107
2020-04-04 21:14:19,778 INFO o.a.j.t.JMeterThread: Stopping because end time detected by thread: Grupo De Hilos 1-36
2020-04-04 21:14:19,778 INFO o.a.j.t.JMeterThread: Thread finished: Grupo De Hilos 1-36
2020-04-04 21:14:19,778 INFO o.a.j.t.JMeterThread: Thread finished: Grupo De Hilos 1-144
2020-04-04 21:14:19,778 INFO o.a.j.t.JMeterThread: Stopping because end time detected by thread: Grupo De Hilos 1-25
2020-04-04 21:14:19,779 INFO o.a.j.t.JMeterThread: Thread finished: Grupo De Hilos 1-25
2020-04-04 21:14:19,776 INFO o.a.j.t.JMeterThread: Stopping because end time detected by thread: Grupo De Hilos 1-91
2020-04-04 21:14:19,779 INFO o.a.j.t.JMeterThread: Thread finished: Grupo De Hilos 1-91
2020-04-04 21:14:19,776 INFO o.a.j.t.JMeterThread: Thread finished: Grupo De Hilos 1-105
2020-04-04 21:14:19,777 INFO o.a.j.t.JMeterThread: Stopping because end time detected by thread: Grupo De Hilos 1-59
2020-04-04 21:14:19,780 INFO o.a.j.t.JMeterThread: Thread finished: Grupo De Hilos 1-59
2020-04-04 21:14:19,807 INFO o.a.j.t.JMeterThread: Stopping because end time detected by thread: Grupo De Hilos 1-164
2020-04-04 21:14:19,808 INFO o.a.j.t.JMeterThread: Thread finished: Grupo De Hilos 1-164
2020-04-04 21:14:19,808 INFO o.a.j.t.JMeterThread: Stopping because end time detected by thread: Grupo De Hilos 1-103
2020-04-04 21:14:19,808 INFO o.a.j.t.JMeterThread: Stopping because end time detected by thread: Grupo De Hilos 1-45
2020-04-04 21:14:19,808 INFO o.a.j.t.JMeterThread: Thread finished: Grupo De Hilos 1-45
2020-04-04 21:14:19,808 INFO o.a.j.t.JMeterThread: Thread finished: Grupo De Hilos 1-103
2020-04-04 21:14:19,808 INFO o.a.j.t.JMeterThread: Stopping because end time detected by thread: Grupo De Hilos 1-177
2020-04-04 21:14:19,809 INFO o.a.j.t.JMeterThread: Stopping because end time detected by thread: Grupo De Hilos 1-77
2020-04-04 21:14:19,809 INFO o.a.j.t.JMeterThread: Thread finished: Grupo De Hilos 1-177
2020-04-04 21:14:19,809 INFO o.a.j.t.JMeterThread: Stopping because end time detected by thread: Grupo De Hilos 1-41
2020-04-04 21:14:19,809 INFO o.a.j.t.JMeterThread: Thread finished: Grupo De Hilos 1-41
2020-04-04 21:14:19,809 INFO o.a.j.t.JMeterThread: Thread finished: Grupo De Hilos 1-77
2020-04-04 21:14:19,810 INFO o.a.j.t.JMeterThread: Stopping because end time detected by thread: Grupo De Hilos 1-7
2020-04-04 21:14:19,810 INFO o.a.j.t.JMeterThread: Thread finished: Grupo De Hilos 1-7
2020-04-04 21:14:19,813 INFO o.a.j.t.JMeterThread: Stopping because end time detected by thread: Grupo De Hilos 1-160
2020-04-04 21:14:19,814 INFO o.a.j.t.JMeterThread: Stopping because end time detected by thread: Grupo De Hilos 1-5
2020-04-04 21:14:19,814 INFO o.a.j.t.JMeterThread: Thread finished: Grupo De Hilos 1-160
2020-04-04 21:14:19,814 INFO o.a.j.t.JMeterThread: Thread finished: Grupo De Hilos 1-5
2020-04-04 21:14:19,814 INFO o.a.j.t.JMeterThread: Stopping because end time detected by thread: Grupo De Hilos 1-28
2020-04-04 21:14:19,814 INFO o.a.j.t.JMeterThread: Thread finished: Grupo De Hilos 1-28
2020-04-04 21:14:19,815 INFO o.a.j.t.JMeterThread: Stopping because end time detected by thread: Grupo De Hilos 1-17
2020-04-04 21:14:19,815 INFO o.a.j.t.JMeterThread: Thread finished: Grupo De Hilos 1-17
2020-04-04 21:14:19,816 INFO o.a.j.t.JMeterThread: Stopping because end time detected by thread: Grupo De Hilos 1-146
2020-04-04 21:14:19,816 INFO o.a.j.t.JMeterThread: Thread finished: Grupo De Hilos 1-146
2020-04-04 21:14:19,819 INFO o.a.j.t.JMeterThread: Stopping because end time detected by thread: Grupo De Hilos 1-182
2020-04-04 21:14:19,819 INFO o.a.j.t.JMeterThread: Thread finished: Grupo De Hilos 1-182
2020-04-04 21:14:19,819 INFO o.a.j.t.JMeterThread: Stopping because end time detected by thread: Grupo De Hilos 1-86
2020-04-04 21:14:19,819 INFO o.a.j.t.JMeterThread: Thread finished: Grupo De Hilos 1-86
2020-04-04 21:14:19,819 INFO o.a.j.t.JMeterThread: Stopping because end time detected by thread: Grupo De Hilos 1-38
2020-04-04 21:14:19,820 INFO o.a.j.t.JMeterThread: Thread finished: Grupo De Hilos 1-38
2020-04-04 21:14:19,820 INFO o.a.j.t.JMeterThread: Stopping because end time detected by thread: Grupo De Hilos 1-155
2020-04-04 21:14:19,820 INFO o.a.j.t.JMeterThread: Stopping because end time detected by thread: Grupo De Hilos 1-180
2020-04-04 21:14:19,820 INFO o.a.j.t.JMeterThread: Thread finished: Grupo De Hilos 1-155
2020-04-04 21:14:19,820 INFO o.a.j.t.JMeterThread: Thread finished: Grupo De Hilos 1-180
2020-04-04 21:14:19,820 INFO o.a.j.t.JMeterThread: Stopping because end time detected by thread: Grupo De Hilos 1-60
2020-04-04 21:14:19,820 INFO o.a.j.t.JMeterThread: Stopping because end time detected by thread: Grupo De Hilos 1-13
2020-04-04 21:14:19,821 INFO o.a.j.t.JMeterThread: Stopping because end time detected by thread: Grupo De Hilos 1-174
2020-04-04 21:14:19,821 INFO o.a.j.t.JMeterThread: Stopping because end time detected by thread: Grupo De Hilos 1-53
2020-04-04 21:14:19,821 INFO o.a.j.t.JMeterThread: Thread finished: Grupo De Hilos 1-53
2020-04-04 21:14:19,821 INFO o.a.j.t.JMeterThread: Stopping because end time detected by thread: Grupo De Hilos 1-65
2020-04-04 21:14:19,821 INFO o.a.j.t.JMeterThread: Thread finished: Grupo De Hilos 1-65
2020-04-04 21:14:19,822 INFO o.a.j.t.JMeterThread: Stopping because end time detected by thread: Grupo De Hilos 1-74
2020-04-04 21:14:19,822 INFO o.a.j.t.JMeterThread: Thread finished: Grupo De Hilos 1-74
2020-04-04 21:14:19,822 INFO o.a.j.t.JMeterThread: Stopping because end time detected by thread: Grupo De Hilos 1-131
2020-04-04 21:14:19,822 INFO o.a.j.t.JMeterThread: Thread finished: Grupo De Hilos 1-131
2020-04-04 21:14:19,821 INFO o.a.j.t.JMeterThread: Thread finished: Grupo De Hilos 1-174
2020-04-04 21:14:19,821 INFO o.a.j.t.JMeterThread: Thread finished: Grupo De Hilos 1-60
2020-04-04 21:14:19,824 INFO o.a.j.t.JMeterThread: Thread finished: Grupo De Hilos 1-13
2020-04-04 21:14:19,856 INFO o.a.j.t.JMeterThread: Stopping because end time detected by thread: Grupo De Hilos 1-70
2020-04-04 21:14:19,856 INFO o.a.j.t.JMeterThread: Stopping because end time detected by thread: Grupo De Hilos 1-56
2020-04-04 21:14:19,856 INFO o.a.j.t.JMeterThread: Thread finished: Grupo De Hilos 1-70
2020-04-04 21:14:19,856 INFO o.a.j.t.JMeterThread: Thread finished: Grupo De Hilos 1-56
2020-04-04 21:14:19,856 INFO o.a.j.t.JMeterThread: Stopping because end time detected by thread: Grupo De Hilos 1-125
2020-04-04 21:14:19,856 INFO o.a.j.t.JMeterThread: Stopping because end time detected by thread: Grupo De Hilos 1-220
2020-04-04 21:14:19,857 INFO o.a.j.t.JMeterThread: Thread finished: Grupo De Hilos 1-125
2020-04-04 21:14:19,857 INFO o.a.j.t.JMeterThread: Thread finished: Grupo De Hilos 1-220
2020-04-04 21:14:19,873 INFO o.a.j.t.JMeterThread: Stopping because end time detected by thread: Grupo De Hilos 1-217
2020-04-04 21:14:19,873 INFO o.a.j.t.JMeterThread: Stopping because end time detected by thread: Grupo De Hilos 1-9
2020-04-04 21:14:19,873 INFO o.a.j.t.JMeterThread: Stopping because end time detected by thread: Grupo De Hilos 1-27
2020-04-04 21:14:19,873 INFO o.a.j.t.JMeterThread: Stopping because end time detected by thread: Grupo De Hilos 1-140
2020-04-04 21:14:19,873 INFO o.a.j.t.JMeterThread: Thread finished: Grupo De Hilos 1-217
2020-04-04 21:14:19,873 INFO o.a.j.t.JMeterThread: Thread finished: Grupo De Hilos 1-9
2020-04-04 21:14:19,873 INFO o.a.j.t.JMeterThread: Thread finished: Grupo De Hilos 1-140
2020-04-04 21:14:19,873 INFO o.a.j.t.JMeterThread: Thread finished: Grupo De Hilos 1-27
2020-04-04 21:14:19,878 INFO o.a.j.t.JMeterThread: Stopping because end time detected by thread: Grupo De Hilos 1-101
2020-04-04 21:14:19,878 INFO o.a.j.t.JMeterThread: Thread finished: Grupo De Hilos 1-101
2020-04-04 21:14:19,878 INFO o.a.j.t.JMeterThread: Stopping because end time detected by thread: Grupo De Hilos 1-152
2020-04-04 21:14:19,878 INFO o.a.j.t.JMeterThread: Stopping because end time detected by thread: Grupo De Hilos 1-100
2020-04-04 21:14:19,878 INFO o.a.j.t.JMeterThread: Thread finished: Grupo De Hilos 1-100
2020-04-04 21:14:19,878 INFO o.a.j.t.JMeterThread: Thread finished: Grupo De Hilos 1-152
2020-04-04 21:14:19,878 INFO o.a.j.t.JMeterThread: Stopping because end time detected by thread: Grupo De Hilos 1-83
2020-04-04 21:14:19,879 INFO o.a.j.t.JMeterThread: Thread finished: Grupo De Hilos 1-83
2020-04-04 21:14:19,879 INFO o.a.j.t.JMeterThread: Stopping because end time detected by thread: Grupo De Hilos 1-187
2020-04-04 21:14:19,879 INFO o.a.j.t.JMeterThread: Thread finished: Grupo De Hilos 1-187
2020-04-04 21:14:19,878 INFO o.a.j.t.JMeterThread: Stopping because end time detected by thread: Grupo De Hilos 1-82
2020-04-04 21:14:19,880 INFO o.a.j.t.JMeterThread: Thread finished: Grupo De Hilos 1-82
2020-04-04 21:14:19,880 INFO o.a.j.t.JMeterThread: Stopping because end time detected by thread: Grupo De Hilos 1-154
2020-04-04 21:14:19,880 INFO o.a.j.t.JMeterThread: Thread finished: Grupo De Hilos 1-154
2020-04-04 21:14:19,880 INFO o.a.j.t.JMeterThread: Stopping because end time detected by thread: Grupo De Hilos 1-113
2020-04-04 21:14:19,880 INFO o.a.j.t.JMeterThread: Thread finished: Grupo De Hilos 1-113
2020-04-04 21:14:19,880 INFO o.a.j.t.JMeterThread: Stopping because end time detected by thread: Grupo De Hilos 1-54
2020-04-04 21:14:19,881 INFO o.a.j.t.JMeterThread: Stopping because end time detected by thread: Grupo De Hilos 1-123
2020-04-04 21:14:19,881 INFO o.a.j.t.JMeterThread: Thread finished: Grupo De Hilos 1-123
2020-04-04 21:14:19,881 INFO o.a.j.t.JMeterThread: Thread finished: Grupo De Hilos 1-54
2020-04-04 21:14:19,881 INFO o.a.j.t.JMeterThread: Stopping because end time detected by thread: Grupo De Hilos 1-26
2020-04-04 21:14:19,882 INFO o.a.j.t.JMeterThread: Thread finished: Grupo De Hilos 1-26
2020-04-04 21:14:19,882 INFO o.a.j.t.JMeterThread: Stopping because end time detected by thread: Grupo De Hilos 1-61
2020-04-04 21:14:19,882 INFO o.a.j.t.JMeterThread: Thread finished: Grupo De Hilos 1-61
2020-04-04 21:14:19,906 INFO o.a.j.t.JMeterThread: Stopping because end time detected by thread: Grupo De Hilos 1-95
2020-04-04 21:14:19,906 INFO o.a.j.t.JMeterThread: Thread finished: Grupo De Hilos 1-95
2020-04-04 21:14:19,906 INFO o.a.j.t.JMeterThread: Stopping because end time detected by thread: Grupo De Hilos 1-218
2020-04-04 21:14:19,907 INFO o.a.j.t.JMeterThread: Thread finished: Grupo De Hilos 1-218
2020-04-04 21:14:19,908 INFO o.a.j.t.JMeterThread: Stopping because end time detected by thread: Grupo De Hilos 1-230
2020-04-04 21:14:19,908 INFO o.a.j.t.JMeterThread: Stopping because end time detected by thread: Grupo De Hilos 1-44
2020-04-04 21:14:19,908 INFO o.a.j.t.JMeterThread: Thread finished: Grupo De Hilos 1-230
2020-04-04 21:14:19,908 INFO o.a.j.t.JMeterThread: Thread finished: Grupo De Hilos 1-44
2020-04-04 21:14:19,915 INFO o.a.j.t.JMeterThread: Stopping because end time detected by thread: Grupo De Hilos 1-221
2020-04-04 21:14:19,915 INFO o.a.j.t.JMeterThread: Thread finished: Grupo De Hilos 1-221
2020-04-04 21:14:19,915 INFO o.a.j.t.JMeterThread: Stopping because end time detected by thread: Grupo De Hilos 1-241
2020-04-04 21:14:19,915 INFO o.a.j.t.JMeterThread: Thread finished: Grupo De Hilos 1-241
2020-04-04 21:14:19,919 INFO o.a.j.t.JMeterThread: Stopping because end time detected by thread: Grupo De Hilos 1-169
2020-04-04 21:14:19,919 INFO o.a.j.t.JMeterThread: Stopping because end time detected by thread: Grupo De Hilos 1-197
2020-04-04 21:14:19,919 INFO o.a.j.t.JMeterThread: Stopping because end time detected by thread: Grupo De Hilos 1-57
2020-04-04 21:14:19,919 INFO o.a.j.t.JMeterThread: Thread finished: Grupo De Hilos 1-169
2020-04-04 21:14:19,919 INFO o.a.j.t.JMeterThread: Thread finished: Grupo De Hilos 1-197
2020-04-04 21:14:19,919 INFO o.a.j.t.JMeterThread: Thread finished: Grupo De Hilos 1-57
2020-04-04 21:14:19,919 INFO o.a.j.t.JMeterThread: Stopping because end time detected by thread: Grupo De Hilos 1-151
2020-04-04 21:14:19,919 INFO o.a.j.t.JMeterThread: Stopping because end time detected by thread: Grupo De Hilos 1-55
2020-04-04 21:14:19,920 INFO o.a.j.t.JMeterThread: Thread finished: Grupo De Hilos 1-55
2020-04-04 21:14:19,919 INFO o.a.j.t.JMeterThread: Stopping because end time detected by thread: Grupo De Hilos 1-73
2020-04-04 21:14:19,920 INFO o.a.j.t.JMeterThread: Thread finished: Grupo De Hilos 1-151
2020-04-04 21:14:19,920 INFO o.a.j.t.JMeterThread: Thread finished: Grupo De Hilos 1-73
2020-04-04 21:14:19,919 INFO o.a.j.t.JMeterThread: Stopping because end time detected by thread: Grupo De Hilos 1-175
2020-04-04 21:14:19,920 INFO o.a.j.t.JMeterThread: Thread finished: Grupo De Hilos 1-175
2020-04-04 21:14:19,937 INFO o.a.j.t.JMeterThread: Stopping because end time detected by thread: Grupo De Hilos 1-118
2020-04-04 21:14:19,937 INFO o.a.j.t.JMeterThread: Thread finished: Grupo De Hilos 1-118
2020-04-04 21:14:19,939 INFO o.a.j.t.JMeterThread: Stopping because end time detected by thread: Grupo De Hilos 1-153
2020-04-04 21:14:19,940 INFO o.a.j.t.JMeterThread: Thread finished: Grupo De Hilos 1-153
2020-04-04 21:14:19,940 INFO o.a.j.t.JMeterThread: Stopping because end time detected by thread: Grupo De Hilos 1-188
2020-04-04 21:14:19,940 INFO o.a.j.t.JMeterThread: Thread finished: Grupo De Hilos 1-188
2020-04-04 21:14:19,940 INFO o.a.j.t.JMeterThread: Stopping because end time detected by thread: Grupo De Hilos 1-106
2020-04-04 21:14:19,940 INFO o.a.j.t.JMeterThread: Thread finished: Grupo De Hilos 1-106
2020-04-04 21:14:19,939 INFO o.a.j.t.JMeterThread: Stopping because end time detected by thread: Grupo De Hilos 1-270
2020-04-04 21:14:19,940 INFO o.a.j.t.JMeterThread: Stopping because end time detected by thread: Grupo De Hilos 1-255
2020-04-04 21:14:19,940 INFO o.a.j.t.JMeterThread: Stopping because end time detected by thread: Grupo De Hilos 1-263
2020-04-04 21:14:19,940 INFO o.a.j.t.JMeterThread: Stopping because end time detected by thread: Grupo De Hilos 1-108
2020-04-04 21:14:19,941 INFO o.a.j.t.JMeterThread: Thread finished: Grupo De Hilos 1-255
2020-04-04 21:14:19,941 INFO o.a.j.t.JMeterThread: Thread finished: Grupo De Hilos 1-108
2020-04-04 21:14:19,941 INFO o.a.j.t.JMeterThread: Stopping because end time detected by thread: Grupo De Hilos 1-256
2020-04-04 21:14:19,941 INFO o.a.j.t.JMeterThread: Thread finished: Grupo De Hilos 1-256
2020-04-04 21:14:19,941 INFO o.a.j.t.JMeterThread: Stopping because end time detected by thread: Grupo De Hilos 1-288
2020-04-04 21:14:19,941 INFO o.a.j.t.JMeterThread: Thread finished: Grupo De Hilos 1-288
2020-04-04 21:14:19,941 INFO o.a.j.t.JMeterThread: Stopping because end time detected by thread: Grupo De Hilos 1-191
2020-04-04 21:14:19,941 INFO o.a.j.t.JMeterThread: Stopping because end time detected by thread: Grupo De Hilos 1-183
2020-04-04 21:14:19,941 INFO o.a.j.t.JMeterThread: Thread finished: Grupo De Hilos 1-191
2020-04-04 21:14:19,942 INFO o.a.j.t.JMeterThread: Thread finished: Grupo De Hilos 1-183
2020-04-04 21:14:19,939 INFO o.a.j.t.JMeterThread: Stopping because end time detected by thread: Grupo De Hilos 1-242
2020-04-04 21:14:19,942 INFO o.a.j.t.JMeterThread: Stopping because end time detected by thread: Grupo De Hilos 1-117
2020-04-04 21:14:19,941 INFO o.a.j.t.JMeterThread: Thread finished: Grupo De Hilos 1-270
2020-04-04 21:14:19,942 INFO o.a.j.t.JMeterThread: Thread finished: Grupo De Hilos 1-242
2020-04-04 21:14:19,942 INFO o.a.j.t.JMeterThread: Thread finished: Grupo De Hilos 1-117
2020-04-04 21:14:19,942 INFO o.a.j.t.JMeterThread: Thread finished: Grupo De Hilos 1-263
2020-04-04 21:14:19,940 INFO o.a.j.t.JMeterThread: Stopping because end time detected by thread: Grupo De Hilos 1-237
2020-04-04 21:14:19,943 INFO o.a.j.t.JMeterThread: Thread finished: Grupo De Hilos 1-237
2020-04-04 21:14:19,946 INFO o.a.j.t.JMeterThread: Stopping because end time detected by thread: Grupo De Hilos 1-212
2020-04-04 21:14:19,946 INFO o.a.j.t.JMeterThread: Thread finished: Grupo De Hilos 1-212
2020-04-04 21:14:19,946 INFO o.a.j.t.JMeterThread: Stopping because end time detected by thread: Grupo De Hilos 1-243
2020-04-04 21:14:19,946 INFO o.a.j.t.JMeterThread: Thread finished: Grupo De Hilos 1-243
2020-04-04 21:14:19,946 INFO o.a.j.t.JMeterThread: Stopping because end time detected by thread: Grupo De Hilos 1-150
2020-04-04 21:14:19,946 INFO o.a.j.t.JMeterThread: Stopping because end time detected by thread: Grupo De Hilos 1-163
2020-04-04 21:14:19,947 INFO o.a.j.t.JMeterThread: Thread finished: Grupo De Hilos 1-163
2020-04-04 21:14:19,947 INFO o.a.j.t.JMeterThread: Stopping because end time detected by thread: Grupo De Hilos 1-244
2020-04-04 21:14:19,947 INFO o.a.j.t.JMeterThread: Stopping because end time detected by thread: Grupo De Hilos 1-29
2020-04-04 21:14:19,947 INFO o.a.j.t.JMeterThread: Thread finished: Grupo De Hilos 1-244
2020-04-04 21:14:19,947 INFO o.a.j.t.JMeterThread: Thread finished: Grupo De Hilos 1-29
2020-04-04 21:14:19,947 INFO o.a.j.t.JMeterThread: Stopping because end time detected by thread: Grupo De Hilos 1-228
2020-04-04 21:14:19,947 INFO o.a.j.t.JMeterThread: Thread finished: Grupo De Hilos 1-228
2020-04-04 21:14:19,948 INFO o.a.j.t.JMeterThread: Stopping because end time detected by thread: Grupo De Hilos 1-247
2020-04-04 21:14:19,948 INFO o.a.j.t.JMeterThread: Stopping because end time detected by thread: Grupo De Hilos 1-139
2020-04-04 21:14:19,948 INFO o.a.j.t.JMeterThread: Stopping because end time detected by thread: Grupo De Hilos 1-80
2020-04-04 21:14:19,948 INFO o.a.j.t.JMeterThread: Thread finished: Grupo De Hilos 1-247
2020-04-04 21:14:19,948 INFO o.a.j.t.JMeterThread: Thread finished: Grupo De Hilos 1-139
2020-04-04 21:14:19,949 INFO o.a.j.t.JMeterThread: Stopping because end time detected by thread: Grupo De Hilos 1-266
2020-04-04 21:14:19,949 INFO o.a.j.t.JMeterThread: Stopping because end time detected by thread: Grupo De Hilos 1-68
2020-04-04 21:14:19,949 INFO o.a.j.t.JMeterThread: Thread finished: Grupo De Hilos 1-68
2020-04-04 21:14:19,949 INFO o.a.j.t.JMeterThread: Thread finished: Grupo De Hilos 1-266
2020-04-04 21:14:19,949 INFO o.a.j.t.JMeterThread: Stopping because end time detected by thread: Grupo De Hilos 1-119
2020-04-04 21:14:19,949 INFO o.a.j.t.JMeterThread: Thread finished: Grupo De Hilos 1-80
2020-04-04 21:14:19,949 INFO o.a.j.t.JMeterThread: Thread finished: Grupo De Hilos 1-119
2020-04-04 21:14:19,949 INFO o.a.j.t.JMeterThread: Stopping because end time detected by thread: Grupo De Hilos 1-275
2020-04-04 21:14:19,947 INFO o.a.j.t.JMeterThread: Thread finished: Grupo De Hilos 1-150
2020-04-04 21:14:19,950 INFO o.a.j.t.JMeterThread: Thread finished: Grupo De Hilos 1-275
2020-04-04 21:14:19,953 INFO o.a.j.t.JMeterThread: Stopping because end time detected by thread: Grupo De Hilos 1-166
2020-04-04 21:14:19,953 INFO o.a.j.t.JMeterThread: Stopping because end time detected by thread: Grupo De Hilos 1-297
2020-04-04 21:14:19,953 INFO o.a.j.t.JMeterThread: Stopping because end time detected by thread: Grupo De Hilos 1-21
2020-04-04 21:14:19,953 INFO o.a.j.t.JMeterThread: Stopping because end time detected by thread: Grupo De Hilos 1-136
2020-04-04 21:14:19,954 INFO o.a.j.t.JMeterThread: Thread finished: Grupo De Hilos 1-166
2020-04-04 21:14:19,953 INFO o.a.j.t.JMeterThread: Stopping because end time detected by thread: Grupo De Hilos 1-22
2020-04-04 21:14:19,954 INFO o.a.j.t.JMeterThread: Thread finished: Grupo De Hilos 1-136
2020-04-04 21:14:19,954 INFO o.a.j.t.JMeterThread: Thread finished: Grupo De Hilos 1-22
2020-04-04 21:14:19,954 INFO o.a.j.t.JMeterThread: Stopping because end time detected by thread: Grupo De Hilos 1-285
2020-04-04 21:14:19,954 INFO o.a.j.t.JMeterThread: Thread finished: Grupo De Hilos 1-285
2020-04-04 21:14:19,954 INFO o.a.j.t.JMeterThread: Stopping because end time detected by thread: Grupo De Hilos 1-289
2020-04-04 21:14:19,954 INFO o.a.j.t.JMeterThread: Thread finished: Grupo De Hilos 1-289
2020-04-04 21:14:19,954 INFO o.a.j.t.JMeterThread: Stopping because end time detected by thread: Grupo De Hilos 1-148
2020-04-04 21:14:19,955 INFO o.a.j.t.JMeterThread: Thread finished: Grupo De Hilos 1-148
2020-04-04 21:14:19,955 INFO o.a.j.t.JMeterThread: Stopping because end time detected by thread: Grupo De Hilos 1-279
2020-04-04 21:14:19,955 INFO o.a.j.t.JMeterThread: Thread finished: Grupo De Hilos 1-279
2020-04-04 21:14:19,955 INFO o.a.j.t.JMeterThread: Thread finished: Grupo De Hilos 1-297
2020-04-04 21:14:19,954 INFO o.a.j.t.JMeterThread: Thread finished: Grupo De Hilos 1-21
2020-04-04 21:14:19,962 INFO o.a.j.t.JMeterThread: Stopping because end time detected by thread: Grupo De Hilos 1-97
2020-04-04 21:14:19,962 INFO o.a.j.t.JMeterThread: Stopping because end time detected by thread: Grupo De Hilos 1-219
2020-04-04 21:14:19,963 INFO o.a.j.t.JMeterThread: Thread finished: Grupo De Hilos 1-97
2020-04-04 21:14:19,963 INFO o.a.j.t.JMeterThread: Stopping because end time detected by thread: Grupo De Hilos 1-14
2020-04-04 21:14:19,963 INFO o.a.j.t.JMeterThread: Thread finished: Grupo De Hilos 1-14
2020-04-04 21:14:19,963 INFO o.a.j.t.JMeterThread: Stopping because end time detected by thread: Grupo De Hilos 1-193
2020-04-04 21:14:19,963 INFO o.a.j.t.JMeterThread: Stopping because end time detected by thread: Grupo De Hilos 1-208
2020-04-04 21:14:19,963 INFO o.a.j.t.JMeterThread: Stopping because end time detected by thread: Grupo De Hilos 1-232
2020-04-04 21:14:19,964 INFO o.a.j.t.JMeterThread: Stopping because end time detected by thread: Grupo De Hilos 1-295
2020-04-04 21:14:19,964 INFO o.a.j.t.JMeterThread: Thread finished: Grupo De Hilos 1-193
2020-04-04 21:14:19,964 INFO o.a.j.t.JMeterThread: Thread finished: Grupo De Hilos 1-232
2020-04-04 21:14:19,964 INFO o.a.j.t.JMeterThread: Thread finished: Grupo De Hilos 1-295
2020-04-04 21:14:19,962 INFO o.a.j.t.JMeterThread: Stopping because end time detected by thread: Grupo De Hilos 1-189
2020-04-04 21:14:19,964 INFO o.a.j.t.JMeterThread: Stopping because end time detected by thread: Grupo De Hilos 1-76
2020-04-04 21:14:19,964 INFO o.a.j.t.JMeterThread: Thread finished: Grupo De Hilos 1-189
2020-04-04 21:14:19,964 INFO o.a.j.t.JMeterThread: Thread finished: Grupo De Hilos 1-76
2020-04-04 21:14:19,964 INFO o.a.j.t.JMeterThread: Stopping because end time detected by thread: Grupo De Hilos 1-172
2020-04-04 21:14:19,964 INFO o.a.j.t.JMeterThread: Thread finished: Grupo De Hilos 1-172
2020-04-04 21:14:19,962 INFO o.a.j.t.JMeterThread: Stopping because end time detected by thread: Grupo De Hilos 1-245
2020-04-04 21:14:19,963 INFO o.a.j.t.JMeterThread: Stopping because end time detected by thread: Grupo De Hilos 1-102
2020-04-04 21:14:19,965 INFO o.a.j.t.JMeterThread: Stopping because end time detected by thread: Grupo De Hilos 1-282
2020-04-04 21:14:19,965 INFO o.a.j.t.JMeterThread: Thread finished: Grupo De Hilos 1-102
2020-04-04 21:14:19,965 INFO o.a.j.t.JMeterThread: Thread finished: Grupo De Hilos 1-282
2020-04-04 21:14:19,965 INFO o.a.j.t.JMeterThread: Thread finished: Grupo De Hilos 1-219
2020-04-04 21:14:19,964 INFO o.a.j.t.JMeterThread: Stopping because end time detected by thread: Grupo De Hilos 1-272
2020-04-04 21:14:19,965 INFO o.a.j.t.JMeterThread: Thread finished: Grupo De Hilos 1-245
2020-04-04 21:14:19,966 INFO o.a.j.t.JMeterThread: Thread finished: Grupo De Hilos 1-272
2020-04-04 21:14:19,966 INFO o.a.j.t.JMeterThread: Thread finished: Grupo De Hilos 1-208
2020-04-04 21:14:19,968 INFO o.a.j.t.JMeterThread: Stopping because end time detected by thread: Grupo De Hilos 1-179
2020-04-04 21:14:19,969 INFO o.a.j.t.JMeterThread: Thread finished: Grupo De Hilos 1-179
2020-04-04 21:14:19,969 INFO o.a.j.t.JMeterThread: Stopping because end time detected by thread: Grupo De Hilos 1-121
2020-04-04 21:14:19,969 INFO o.a.j.t.JMeterThread: Stopping because end time detected by thread: Grupo De Hilos 1-124
2020-04-04 21:14:19,969 INFO o.a.j.t.JMeterThread: Thread finished: Grupo De Hilos 1-121
2020-04-04 21:14:19,969 INFO o.a.j.t.JMeterThread: Thread finished: Grupo De Hilos 1-124
2020-04-04 21:14:19,969 INFO o.a.j.t.JMeterThread: Stopping because end time detected by thread: Grupo De Hilos 1-178
2020-04-04 21:14:19,969 INFO o.a.j.t.JMeterThread: Thread finished: Grupo De Hilos 1-178
2020-04-04 21:14:19,969 INFO o.a.j.t.JMeterThread: Stopping because end time detected by thread: Grupo De Hilos 1-202
2020-04-04 21:14:19,969 INFO o.a.j.t.JMeterThread: Thread finished: Grupo De Hilos 1-202
2020-04-04 21:14:19,968 INFO o.a.j.t.JMeterThread: Stopping because end time detected by thread: Grupo De Hilos 1-111
2020-04-04 21:14:19,969 INFO o.a.j.t.JMeterThread: Stopping because end time detected by thread: Grupo De Hilos 1-199
2020-04-04 21:14:19,969 INFO o.a.j.t.JMeterThread: Thread finished: Grupo De Hilos 1-111
2020-04-04 21:14:19,969 INFO o.a.j.t.JMeterThread: Stopping because end time detected by thread: Grupo De Hilos 1-156
2020-04-04 21:14:19,969 INFO o.a.j.t.JMeterThread: Stopping because end time detected by thread: Grupo De Hilos 1-290
2020-04-04 21:14:19,969 INFO o.a.j.t.JMeterThread: Stopping because end time detected by thread: Grupo De Hilos 1-216
2020-04-04 21:14:19,970 INFO o.a.j.t.JMeterThread: Thread finished: Grupo De Hilos 1-290
2020-04-04 21:14:19,970 INFO o.a.j.t.JMeterThread: Thread finished: Grupo De Hilos 1-216
2020-04-04 21:14:19,970 INFO o.a.j.t.JMeterThread: Thread finished: Grupo De Hilos 1-156
2020-04-04 21:14:19,970 INFO o.a.j.t.JMeterThread: Thread finished: Grupo De Hilos 1-199
2020-04-04 21:14:19,970 INFO o.a.j.t.JMeterThread: Stopping because end time detected by thread: Grupo De Hilos 1-2
2020-04-04 21:14:19,970 INFO o.a.j.t.JMeterThread: Thread finished: Grupo De Hilos 1-2
2020-04-04 21:14:19,970 INFO o.a.j.t.JMeterThread: Stopping because end time detected by thread: Grupo De Hilos 1-126
2020-04-04 21:14:19,970 INFO o.a.j.t.JMeterThread: Thread finished: Grupo De Hilos 1-126
2020-04-04 21:14:19,971 INFO o.a.j.t.JMeterThread: Stopping because end time detected by thread: Grupo De Hilos 1-69
2020-04-04 21:14:19,971 INFO o.a.j.t.JMeterThread: Thread finished: Grupo De Hilos 1-69
2020-04-04 21:14:19,971 INFO o.a.j.t.JMeterThread: Stopping because end time detected by thread: Grupo De Hilos 1-46
2020-04-04 21:14:19,972 INFO o.a.j.t.JMeterThread: Thread finished: Grupo De Hilos 1-46
2020-04-04 21:14:19,972 INFO o.a.j.t.JMeterThread: Stopping because end time detected by thread: Grupo De Hilos 1-35
2020-04-04 21:14:19,972 INFO o.a.j.t.JMeterThread: Thread finished: Grupo De Hilos 1-35
2020-04-04 21:14:19,972 INFO o.a.j.t.JMeterThread: Stopping because end time detected by thread: Grupo De Hilos 1-283
2020-04-04 21:14:19,972 INFO o.a.j.t.JMeterThread: Thread finished: Grupo De Hilos 1-283
2020-04-04 21:14:19,980 INFO o.a.j.t.JMeterThread: Stopping because end time detected by thread: Grupo De Hilos 1-296
2020-04-04 21:14:19,980 INFO o.a.j.t.JMeterThread: Stopping because end time detected by thread: Grupo De Hilos 1-120
2020-04-04 21:14:19,980 INFO o.a.j.t.JMeterThread: Stopping because end time detected by thread: Grupo De Hilos 1-291
2020-04-04 21:14:19,980 INFO o.a.j.t.JMeterThread: Thread finished: Grupo De Hilos 1-120
2020-04-04 21:14:19,980 INFO o.a.j.t.JMeterThread: Stopping because end time detected by thread: Grupo De Hilos 1-261
2020-04-04 21:14:19,980 INFO o.a.j.t.JMeterThread: Thread finished: Grupo De Hilos 1-291
2020-04-04 21:14:19,980 INFO o.a.j.t.JMeterThread: Thread finished: Grupo De Hilos 1-261
2020-04-04 21:14:19,980 INFO o.a.j.t.JMeterThread: Thread finished: Grupo De Hilos 1-296
2020-04-04 21:14:19,998 INFO o.a.j.t.JMeterThread: Stopping because end time detected by thread: Grupo De Hilos 1-235
2020-04-04 21:14:19,998 INFO o.a.j.t.JMeterThread: Stopping because end time detected by thread: Grupo De Hilos 1-84
2020-04-04 21:14:19,998 INFO o.a.j.t.JMeterThread: Stopping because end time detected by thread: Grupo De Hilos 1-300
2020-04-04 21:14:19,998 INFO o.a.j.t.JMeterThread: Thread finished: Grupo De Hilos 1-84
2020-04-04 21:14:19,999 INFO o.a.j.t.JMeterThread: Thread finished: Grupo De Hilos 1-300
2020-04-04 21:14:19,999 INFO o.a.j.t.JMeterThread: Stopping because end time detected by thread: Grupo De Hilos 1-225
2020-04-04 21:14:19,999 INFO o.a.j.t.JMeterThread: Thread finished: Grupo De Hilos 1-225
2020-04-04 21:14:19,999 INFO o.a.j.t.JMeterThread: Stopping because end time detected by thread: Grupo De Hilos 1-271
2020-04-04 21:14:19,999 INFO o.a.j.t.JMeterThread: Thread finished: Grupo De Hilos 1-271
2020-04-04 21:14:20,000 INFO o.a.j.t.JMeterThread: Stopping because end time detected by thread: Grupo De Hilos 1-195
2020-04-04 21:14:20,000 INFO o.a.j.t.JMeterThread: Stopping because end time detected by thread: Grupo De Hilos 1-133
2020-04-04 21:14:20,000 INFO o.a.j.t.JMeterThread: Thread finished: Grupo De Hilos 1-235
2020-04-04 21:14:20,000 INFO o.a.j.t.JMeterThread: Thread finished: Grupo De Hilos 1-133
2020-04-04 21:14:20,000 INFO o.a.j.t.JMeterThread: Thread finished: Grupo De Hilos 1-195
2020-04-04 21:14:20,000 INFO o.a.j.t.JMeterThread: Stopping because end time detected by thread: Grupo De Hilos 1-42
2020-04-04 21:14:20,001 INFO o.a.j.t.JMeterThread: Thread finished: Grupo De Hilos 1-42
2020-04-04 21:14:20,000 INFO o.a.j.t.JMeterThread: Stopping because end time detected by thread: Grupo De Hilos 1-227
2020-04-04 21:14:20,001 INFO o.a.j.t.JMeterThread: Stopping because end time detected by thread: Grupo De Hilos 1-211
2020-04-04 21:14:20,001 INFO o.a.j.t.JMeterThread: Thread finished: Grupo De Hilos 1-211
2020-04-04 21:14:20,001 INFO o.a.j.t.JMeterThread: Thread finished: Grupo De Hilos 1-227
2020-04-04 21:14:20,003 INFO o.a.j.t.JMeterThread: Stopping because end time detected by thread: Grupo De Hilos 1-62
2020-04-04 21:14:20,003 INFO o.a.j.t.JMeterThread: Thread finished: Grupo De Hilos 1-62
2020-04-04 21:14:20,003 INFO o.a.j.t.JMeterThread: Stopping because end time detected by thread: Grupo De Hilos 1-173
2020-04-04 21:14:20,003 INFO o.a.j.t.JMeterThread: Stopping because end time detected by thread: Grupo De Hilos 1-159
2020-04-04 21:14:20,004 INFO o.a.j.t.JMeterThread: Thread finished: Grupo De Hilos 1-159
2020-04-04 21:14:20,004 INFO o.a.j.t.JMeterThread: Stopping because end time detected by thread: Grupo De Hilos 1-165
2020-04-04 21:14:20,004 INFO o.a.j.t.JMeterThread: Thread finished: Grupo De Hilos 1-165
2020-04-04 21:14:20,004 INFO o.a.j.t.JMeterThread: Stopping because end time detected by thread: Grupo De Hilos 1-293
2020-04-04 21:14:20,004 INFO o.a.j.t.JMeterThread: Thread finished: Grupo De Hilos 1-173
2020-04-04 21:14:20,004 INFO o.a.j.t.JMeterThread: Thread finished: Grupo De Hilos 1-293
2020-04-04 21:14:20,004 INFO o.a.j.t.JMeterThread: Stopping because end time detected by thread: Grupo De Hilos 1-75
2020-04-04 21:14:20,004 INFO o.a.j.t.JMeterThread: Thread finished: Grupo De Hilos 1-75
2020-04-04 21:14:20,004 INFO o.a.j.t.JMeterThread: Stopping because end time detected by thread: Grupo De Hilos 1-168
2020-04-04 21:14:20,005 INFO o.a.j.t.JMeterThread: Thread finished: Grupo De Hilos 1-168
2020-04-04 21:14:20,005 INFO o.a.j.t.JMeterThread: Stopping because end time detected by thread: Grupo De Hilos 1-143
2020-04-04 21:14:20,005 INFO o.a.j.t.JMeterThread: Thread finished: Grupo De Hilos 1-143
2020-04-04 21:14:20,005 INFO o.a.j.t.JMeterThread: Stopping because end time detected by thread: Grupo De Hilos 1-276
2020-04-04 21:14:20,005 INFO o.a.j.t.JMeterThread: Thread finished: Grupo De Hilos 1-276
2020-04-04 21:14:20,015 INFO o.a.j.t.JMeterThread: Stopping because end time detected by thread: Grupo De Hilos 1-141
2020-04-04 21:14:20,015 INFO o.a.j.t.JMeterThread: Stopping because end time detected by thread: Grupo De Hilos 1-265
2020-04-04 21:14:20,015 INFO o.a.j.t.JMeterThread: Stopping because end time detected by thread: Grupo De Hilos 1-259
2020-04-04 21:14:20,015 INFO o.a.j.t.JMeterThread: Thread finished: Grupo De Hilos 1-141
2020-04-04 21:14:20,015 INFO o.a.j.t.JMeterThread: Thread finished: Grupo De Hilos 1-265
2020-04-04 21:14:20,015 INFO o.a.j.t.JMeterThread: Thread finished: Grupo De Hilos 1-259
2020-04-04 21:14:20,018 INFO o.a.j.t.JMeterThread: Stopping because end time detected by thread: Grupo De Hilos 1-137
2020-04-04 21:14:20,018 INFO o.a.j.t.JMeterThread: Stopping because end time detected by thread: Grupo De Hilos 1-93
2020-04-04 21:14:20,018 INFO o.a.j.t.JMeterThread: Stopping because end time detected by thread: Grupo De Hilos 1-66
2020-04-04 21:14:20,018 INFO o.a.j.t.JMeterThread: Thread finished: Grupo De Hilos 1-137
2020-04-04 21:14:20,018 INFO o.a.j.t.JMeterThread: Stopping because end time detected by thread: Grupo De Hilos 1-298
2020-04-04 21:14:20,018 INFO o.a.j.t.JMeterThread: Thread finished: Grupo De Hilos 1-66
2020-04-04 21:14:20,018 INFO o.a.j.t.JMeterThread: Thread finished: Grupo De Hilos 1-298
2020-04-04 21:14:20,018 INFO o.a.j.t.JMeterThread: Thread finished: Grupo De Hilos 1-93
2020-04-04 21:14:20,018 INFO o.a.j.t.JMeterThread: Stopping because end time detected by thread: Grupo De Hilos 1-79
2020-04-04 21:14:20,019 INFO o.a.j.t.JMeterThread: Thread finished: Grupo De Hilos 1-79
2020-04-04 21:14:20,019 INFO o.a.j.t.JMeterThread: Stopping because end time detected by thread: Grupo De Hilos 1-222
2020-04-04 21:14:20,019 INFO o.a.j.t.JMeterThread: Stopping because end time detected by thread: Grupo De Hilos 1-184
2020-04-04 21:14:20,019 INFO o.a.j.t.JMeterThread: Thread finished: Grupo De Hilos 1-222
2020-04-04 21:14:20,019 INFO o.a.j.t.JMeterThread: Stopping because end time detected by thread: Grupo De Hilos 1-162
2020-04-04 21:14:20,019 INFO o.a.j.t.JMeterThread: Thread finished: Grupo De Hilos 1-184
2020-04-04 21:14:20,019 INFO o.a.j.t.JMeterThread: Thread finished: Grupo De Hilos 1-162
2020-04-04 21:14:20,019 INFO o.a.j.t.JMeterThread: Stopping because end time detected by thread: Grupo De Hilos 1-122
2020-04-04 21:14:20,019 INFO o.a.j.t.JMeterThread: Thread finished: Grupo De Hilos 1-122
2020-04-04 21:14:20,020 INFO o.a.j.t.JMeterThread: Stopping because end time detected by thread: Grupo De Hilos 1-240
2020-04-04 21:14:20,020 INFO o.a.j.t.JMeterThread: Thread finished: Grupo De Hilos 1-240
2020-04-04 21:14:20,020 INFO o.a.j.t.JMeterThread: Stopping because end time detected by thread: Grupo De Hilos 1-214
2020-04-04 21:14:20,020 INFO o.a.j.t.JMeterThread: Thread finished: Grupo De Hilos 1-214
2020-04-04 21:14:20,022 INFO o.a.j.t.JMeterThread: Stopping because end time detected by thread: Grupo De Hilos 1-210
2020-04-04 21:14:20,022 INFO o.a.j.t.JMeterThread: Thread finished: Grupo De Hilos 1-210
2020-04-04 21:14:20,022 INFO o.a.j.t.JMeterThread: Stopping because end time detected by thread: Grupo De Hilos 1-114
2020-04-04 21:14:20,024 INFO o.a.j.t.JMeterThread: Thread finished: Grupo De Hilos 1-114
2020-04-04 21:14:20,025 INFO o.a.j.t.JMeterThread: Stopping because end time detected by thread: Grupo De Hilos 1-147
2020-04-04 21:14:20,025 INFO o.a.j.t.JMeterThread: Thread finished: Grupo De Hilos 1-147
2020-04-04 21:14:20,026 INFO o.a.j.t.JMeterThread: Stopping because end time detected by thread: Grupo De Hilos 1-170
2020-04-04 21:14:20,026 INFO o.a.j.t.JMeterThread: Thread finished: Grupo De Hilos 1-170
2020-04-04 21:14:20,026 INFO o.a.j.t.JMeterThread: Stopping because end time detected by thread: Grupo De Hilos 1-110
2020-04-04 21:14:20,027 INFO o.a.j.t.JMeterThread: Thread finished: Grupo De Hilos 1-110
2020-04-04 21:14:20,029 INFO o.a.j.t.JMeterThread: Stopping because end time detected by thread: Grupo De Hilos 1-194
2020-04-04 21:14:20,029 INFO o.a.j.t.JMeterThread: Thread finished: Grupo De Hilos 1-194
2020-04-04 21:14:20,029 INFO o.a.j.t.JMeterThread: Stopping because end time detected by thread: Grupo De Hilos 1-231
2020-04-04 21:14:20,029 INFO o.a.j.t.JMeterThread: Thread finished: Grupo De Hilos 1-231
2020-04-04 21:14:20,054 INFO o.a.j.t.JMeterThread: Stopping because end time detected by thread: Grupo De Hilos 1-264
2020-04-04 21:14:20,054 INFO o.a.j.t.JMeterThread: Thread finished: Grupo De Hilos 1-264
2020-04-04 21:14:20,055 INFO o.a.j.t.JMeterThread: Stopping because end time detected by thread: Grupo De Hilos 1-201
2020-04-04 21:14:20,055 INFO o.a.j.t.JMeterThread: Thread finished: Grupo De Hilos 1-201
2020-04-04 21:14:20,062 INFO o.a.j.t.JMeterThread: Stopping because end time detected by thread: Grupo De Hilos 1-246
2020-04-04 21:14:20,062 INFO o.a.j.t.JMeterThread: Thread finished: Grupo De Hilos 1-246
2020-04-04 21:14:20,064 INFO o.a.j.t.JMeterThread: Stopping because end time detected by thread: Grupo De Hilos 1-281
2020-04-04 21:14:20,064 INFO o.a.j.t.JMeterThread: Thread finished: Grupo De Hilos 1-281
2020-04-04 21:14:20,070 INFO o.a.j.t.JMeterThread: Stopping because end time detected by thread: Grupo De Hilos 1-260
2020-04-04 21:14:20,070 INFO o.a.j.t.JMeterThread: Stopping because end time detected by thread: Grupo De Hilos 1-278
2020-04-04 21:14:20,070 INFO o.a.j.t.JMeterThread: Thread finished: Grupo De Hilos 1-260
2020-04-04 21:14:20,070 INFO o.a.j.t.JMeterThread: Thread finished: Grupo De Hilos 1-278
2020-04-04 21:14:20,190 INFO o.a.j.t.JMeterThread: Stopping because end time detected by thread: Grupo De Hilos 1-85
2020-04-04 21:14:20,190 INFO o.a.j.t.JMeterThread: Thread finished: Grupo De Hilos 1-85
2020-04-04 21:14:20,219 INFO o.a.j.t.JMeterThread: Stopping because end time detected by thread: Grupo De Hilos 1-171
2020-04-04 21:14:20,219 INFO o.a.j.t.JMeterThread: Thread finished: Grupo De Hilos 1-171
2020-04-04 21:14:20,222 INFO o.a.j.t.JMeterThread: Stopping because end time detected by thread: Grupo De Hilos 1-135
2020-04-04 21:14:20,222 INFO o.a.j.t.JMeterThread: Thread finished: Grupo De Hilos 1-135
2020-04-04 21:14:20,250 INFO o.a.j.t.JMeterThread: Stopping because end time detected by thread: Grupo De Hilos 1-236
2020-04-04 21:14:20,251 INFO o.a.j.t.JMeterThread: Thread finished: Grupo De Hilos 1-236
2020-04-04 21:14:20,274 INFO o.a.j.t.JMeterThread: Stopping because end time detected by thread: Grupo De Hilos 1-207
2020-04-04 21:14:20,274 INFO o.a.j.t.JMeterThread: Stopping because end time detected by thread: Grupo De Hilos 1-209
2020-04-04 21:14:20,274 INFO o.a.j.t.JMeterThread: Thread finished: Grupo De Hilos 1-207
2020-04-04 21:14:20,274 INFO o.a.j.t.JMeterThread: Thread finished: Grupo De Hilos 1-209
2020-04-04 21:14:20,274 INFO o.a.j.t.JMeterThread: Stopping because end time detected by thread: Grupo De Hilos 1-132
2020-04-04 21:14:20,274 INFO o.a.j.t.JMeterThread: Thread finished: Grupo De Hilos 1-132
2020-04-04 21:14:20,284 INFO o.a.j.t.JMeterThread: Stopping because end time detected by thread: Grupo De Hilos 1-181
2020-04-04 21:14:20,284 INFO o.a.j.t.JMeterThread: Stopping because end time detected by thread: Grupo De Hilos 1-215
2020-04-04 21:14:20,284 INFO o.a.j.t.JMeterThread: Thread finished: Grupo De Hilos 1-181
2020-04-04 21:14:20,285 INFO o.a.j.t.JMeterThread: Stopping because end time detected by thread: Grupo De Hilos 1-287
2020-04-04 21:14:20,284 INFO o.a.j.t.JMeterThread: Stopping because end time detected by thread: Grupo De Hilos 1-292
2020-04-04 21:14:20,285 INFO o.a.j.t.JMeterThread: Thread finished: Grupo De Hilos 1-287
2020-04-04 21:14:20,285 INFO o.a.j.t.JMeterThread: Thread finished: Grupo De Hilos 1-215
2020-04-04 21:14:20,285 INFO o.a.j.t.JMeterThread: Thread finished: Grupo De Hilos 1-292
2020-04-04 21:14:20,315 INFO o.a.j.t.JMeterThread: Stopping because end time detected by thread: Grupo De Hilos 1-286
2020-04-04 21:14:20,315 INFO o.a.j.t.JMeterThread: Thread finished: Grupo De Hilos 1-286
2020-04-04 21:14:20,315 INFO o.a.j.t.JMeterThread: Stopping because end time detected by thread: Grupo De Hilos 1-87
2020-04-04 21:14:20,315 INFO o.a.j.t.JMeterThread: Thread finished: Grupo De Hilos 1-87
2020-04-04 21:14:20,319 INFO o.a.j.t.JMeterThread: Stopping because end time detected by thread: Grupo De Hilos 1-115
2020-04-04 21:14:20,319 INFO o.a.j.t.JMeterThread: Thread finished: Grupo De Hilos 1-115
2020-04-04 21:14:20,350 INFO o.a.j.t.JMeterThread: Stopping because end time detected by thread: Grupo De Hilos 1-258
2020-04-04 21:14:20,351 INFO o.a.j.t.JMeterThread: Thread finished: Grupo De Hilos 1-258
2020-04-04 21:14:20,351 INFO o.a.j.t.JMeterThread: Stopping because end time detected by thread: Grupo De Hilos 1-233
2020-04-04 21:14:20,351 INFO o.a.j.t.JMeterThread: Thread finished: Grupo De Hilos 1-233
2020-04-04 21:14:20,351 INFO o.a.j.t.JMeterThread: Stopping because end time detected by thread: Grupo De Hilos 1-96
2020-04-04 21:14:20,351 INFO o.a.j.t.JMeterThread: Thread finished: Grupo De Hilos 1-96
2020-04-04 21:14:20,352 INFO o.a.j.t.JMeterThread: Stopping because end time detected by thread: Grupo De Hilos 1-81
2020-04-04 21:14:20,352 INFO o.a.j.t.JMeterThread: Stopping because end time detected by thread: Grupo De Hilos 1-49
2020-04-04 21:14:20,352 INFO o.a.j.t.JMeterThread: Stopping because end time detected by thread: Grupo De Hilos 1-88
2020-04-04 21:14:20,352 INFO o.a.j.t.JMeterThread: Thread finished: Grupo De Hilos 1-81
2020-04-04 21:14:20,352 INFO o.a.j.t.JMeterThread: Thread finished: Grupo De Hilos 1-49
2020-04-04 21:14:20,352 INFO o.a.j.t.JMeterThread: Stopping because end time detected by thread: Grupo De Hilos 1-138
2020-04-04 21:14:20,352 INFO o.a.j.t.JMeterThread: Thread finished: Grupo De Hilos 1-138
2020-04-04 21:14:20,352 INFO o.a.j.t.JMeterThread: Thread finished: Grupo De Hilos 1-88
2020-04-04 21:14:20,355 INFO o.a.j.t.JMeterThread: Stopping because end time detected by thread: Grupo De Hilos 1-248
2020-04-04 21:14:20,355 INFO o.a.j.t.JMeterThread: Thread finished: Grupo De Hilos 1-248
2020-04-04 21:14:20,379 INFO o.a.j.t.JMeterThread: Stopping because end time detected by thread: Grupo De Hilos 1-198
2020-04-04 21:14:20,379 INFO o.a.j.t.JMeterThread: Thread finished: Grupo De Hilos 1-198
2020-04-04 21:14:20,383 INFO o.a.j.t.JMeterThread: Stopping because end time detected by thread: Grupo De Hilos 1-204
2020-04-04 21:14:20,383 INFO o.a.j.t.JMeterThread: Stopping because end time detected by thread: Grupo De Hilos 1-262
2020-04-04 21:14:20,383 INFO o.a.j.t.JMeterThread: Thread finished: Grupo De Hilos 1-204
2020-04-04 21:14:20,383 INFO o.a.j.t.JMeterThread: Thread finished: Grupo De Hilos 1-262
2020-04-04 21:14:20,383 INFO o.a.j.t.JMeterThread: Stopping because end time detected by thread: Grupo De Hilos 1-269
2020-04-04 21:14:20,384 INFO o.a.j.t.JMeterThread: Thread finished: Grupo De Hilos 1-269
2020-04-04 21:14:20,412 INFO o.a.j.t.JMeterThread: Stopping because end time detected by thread: Grupo De Hilos 1-149
2020-04-04 21:14:20,412 INFO o.a.j.t.JMeterThread: Stopping because end time detected by thread: Grupo De Hilos 1-92
2020-04-04 21:14:20,412 INFO o.a.j.t.JMeterThread: Stopping because end time detected by thread: Grupo De Hilos 1-130
2020-04-04 21:14:20,412 INFO o.a.j.t.JMeterThread: Thread finished: Grupo De Hilos 1-149
2020-04-04 21:14:20,412 INFO o.a.j.t.JMeterThread: Thread finished: Grupo De Hilos 1-130
2020-04-04 21:14:20,412 INFO o.a.j.t.JMeterThread: Stopping because end time detected by thread: Grupo De Hilos 1-273
2020-04-04 21:14:20,412 INFO o.a.j.t.JMeterThread: Thread finished: Grupo De Hilos 1-273
2020-04-04 21:14:20,412 INFO o.a.j.t.JMeterThread: Thread finished: Grupo De Hilos 1-92
2020-04-04 21:14:20,412 INFO o.a.j.t.JMeterThread: Stopping because end time detected by thread: Grupo De Hilos 1-185
2020-04-04 21:14:20,412 INFO o.a.j.t.JMeterThread: Thread finished: Grupo De Hilos 1-185
2020-04-04 21:14:20,414 INFO o.a.j.t.JMeterThread: Stopping because end time detected by thread: Grupo De Hilos 1-20
2020-04-04 21:14:20,414 INFO o.a.j.t.JMeterThread: Thread finished: Grupo De Hilos 1-20
2020-04-04 21:14:20,417 INFO o.a.j.t.JMeterThread: Stopping because end time detected by thread: Grupo De Hilos 1-251
2020-04-04 21:14:20,417 INFO o.a.j.t.JMeterThread: Stopping because end time detected by thread: Grupo De Hilos 1-226
2020-04-04 21:14:20,417 INFO o.a.j.t.JMeterThread: Thread finished: Grupo De Hilos 1-251
2020-04-04 21:14:20,417 INFO o.a.j.t.JMeterThread: Stopping because end time detected by thread: Grupo De Hilos 1-72
2020-04-04 21:14:20,417 INFO o.a.j.t.JMeterThread: Thread finished: Grupo De Hilos 1-72
2020-04-04 21:14:20,417 INFO o.a.j.t.JMeterThread: Thread finished: Grupo De Hilos 1-226
2020-04-04 21:14:20,417 INFO o.a.j.t.JMeterThread: Stopping because end time detected by thread: Grupo De Hilos 1-71
2020-04-04 21:14:20,417 INFO o.a.j.t.JMeterThread: Thread finished: Grupo De Hilos 1-71
2020-04-04 21:14:20,418 INFO o.a.j.t.JMeterThread: Stopping because end time detected by thread: Grupo De Hilos 1-280
2020-04-04 21:14:20,418 INFO o.a.j.t.JMeterThread: Stopping because end time detected by thread: Grupo De Hilos 1-40
2020-04-04 21:14:20,418 INFO o.a.j.t.JMeterThread: Thread finished: Grupo De Hilos 1-280
2020-04-04 21:14:20,418 INFO o.a.j.t.JMeterThread: Thread finished: Grupo De Hilos 1-40
2020-04-04 21:14:20,421 INFO o.a.j.t.JMeterThread: Stopping because end time detected by thread: Grupo De Hilos 1-254
2020-04-04 21:14:20,421 INFO o.a.j.t.JMeterThread: Thread finished: Grupo De Hilos 1-254
2020-04-04 21:14:20,422 INFO o.a.j.t.JMeterThread: Stopping because end time detected by thread: Grupo De Hilos 1-167
2020-04-04 21:14:20,422 INFO o.a.j.t.JMeterThread: Thread finished: Grupo De Hilos 1-167
2020-04-04 21:14:20,422 INFO o.a.j.t.JMeterThread: Stopping because end time detected by thread: Grupo De Hilos 1-192
2020-04-04 21:14:20,422 INFO o.a.j.t.JMeterThread: Thread finished: Grupo De Hilos 1-192
2020-04-04 21:14:20,434 INFO o.a.j.t.JMeterThread: Stopping because end time detected by thread: Grupo De Hilos 1-257
2020-04-04 21:14:20,435 INFO o.a.j.t.JMeterThread: Thread finished: Grupo De Hilos 1-257
2020-04-04 21:14:20,451 INFO o.a.j.t.JMeterThread: Stopping because end time detected by thread: Grupo De Hilos 1-196
2020-04-04 21:14:20,452 INFO o.a.j.t.JMeterThread: Thread finished: Grupo De Hilos 1-196
2020-04-04 21:14:20,452 INFO o.a.j.t.JMeterThread: Stopping because end time detected by thread: Grupo De Hilos 1-224
2020-04-04 21:14:20,452 INFO o.a.j.t.JMeterThread: Thread finished: Grupo De Hilos 1-224
2020-04-04 21:14:20,456 INFO o.a.j.t.JMeterThread: Stopping because end time detected by thread: Grupo De Hilos 1-213
2020-04-04 21:14:20,456 INFO o.a.j.t.JMeterThread: Stopping because end time detected by thread: Grupo De Hilos 1-249
2020-04-04 21:14:20,456 INFO o.a.j.t.JMeterThread: Stopping because end time detected by thread: Grupo De Hilos 1-67
2020-04-04 21:14:20,456 INFO o.a.j.t.JMeterThread: Thread finished: Grupo De Hilos 1-213
2020-04-04 21:14:20,456 INFO o.a.j.t.JMeterThread: Stopping because end time detected by thread: Grupo De Hilos 1-128
2020-04-04 21:14:20,456 INFO o.a.j.t.JMeterThread: Thread finished: Grupo De Hilos 1-67
2020-04-04 21:14:20,456 INFO o.a.j.t.JMeterThread: Thread finished: Grupo De Hilos 1-128
2020-04-04 21:14:20,456 INFO o.a.j.t.JMeterThread: Stopping because end time detected by thread: Grupo De Hilos 1-229
2020-04-04 21:14:20,456 INFO o.a.j.t.JMeterThread: Thread finished: Grupo De Hilos 1-229
2020-04-04 21:14:20,456 INFO o.a.j.t.JMeterThread: Thread finished: Grupo De Hilos 1-249
2020-04-04 21:14:20,457 INFO o.a.j.t.JMeterThread: Stopping because end time detected by thread: Grupo De Hilos 1-267
2020-04-04 21:14:20,457 INFO o.a.j.t.JMeterThread: Thread finished: Grupo De Hilos 1-267
2020-04-04 21:14:20,457 INFO o.a.j.t.JMeterThread: Stopping because end time detected by thread: Grupo De Hilos 1-161
2020-04-04 21:14:20,457 INFO o.a.j.t.JMeterThread: Stopping because end time detected by thread: Grupo De Hilos 1-116
2020-04-04 21:14:20,457 INFO o.a.j.t.JMeterThread: Thread finished: Grupo De Hilos 1-161
2020-04-04 21:14:20,457 INFO o.a.j.t.JMeterThread: Thread finished: Grupo De Hilos 1-116
2020-04-04 21:14:20,479 INFO o.a.j.t.JMeterThread: Stopping because end time detected by thread: Grupo De Hilos 1-19
2020-04-04 21:14:20,479 INFO o.a.j.t.JMeterThread: Thread finished: Grupo De Hilos 1-19
2020-04-04 21:14:20,480 INFO o.a.j.t.JMeterThread: Stopping because end time detected by thread: Grupo De Hilos 1-239
2020-04-04 21:14:20,480 INFO o.a.j.t.JMeterThread: Thread finished: Grupo De Hilos 1-239
2020-04-04 21:14:20,510 INFO o.a.j.t.JMeterThread: Stopping because end time detected by thread: Grupo De Hilos 1-127
2020-04-04 21:14:20,510 INFO o.a.j.t.JMeterThread: Thread finished: Grupo De Hilos 1-127
2020-04-04 21:14:20,655 INFO o.a.j.t.JMeterThread: Stopping because end time detected by thread: Grupo De Hilos 1-299
2020-04-04 21:14:20,655 INFO o.a.j.t.JMeterThread: Thread finished: Grupo De Hilos 1-299
2020-04-04 21:14:20,657 INFO o.a.j.t.JMeterThread: Stopping because end time detected by thread: Grupo De Hilos 1-158
2020-04-04 21:14:20,657 INFO o.a.j.t.JMeterThread: Stopping because end time detected by thread: Grupo De Hilos 1-157
2020-04-04 21:14:20,658 INFO o.a.j.t.JMeterThread: Thread finished: Grupo De Hilos 1-157
2020-04-04 21:14:20,658 INFO o.a.j.t.JMeterThread: Thread finished: Grupo De Hilos 1-158
2020-04-04 21:14:20,664 INFO o.a.j.t.JMeterThread: Stopping because end time detected by thread: Grupo De Hilos 1-142
2020-04-04 21:14:20,664 INFO o.a.j.t.JMeterThread: Thread finished: Grupo De Hilos 1-142
2020-04-04 21:14:20,666 INFO o.a.j.t.JMeterThread: Stopping because end time detected by thread: Grupo De Hilos 1-200
2020-04-04 21:14:20,666 INFO o.a.j.t.JMeterThread: Thread finished: Grupo De Hilos 1-200
2020-04-04 21:14:20,780 INFO o.a.j.t.JMeterThread: Stopping because end time detected by thread: Grupo De Hilos 1-277
2020-04-04 21:14:20,781 INFO o.a.j.t.JMeterThread: Thread finished: Grupo De Hilos 1-277
2020-04-04 21:14:20,789 INFO o.a.j.t.JMeterThread: Stopping because end time detected by thread: Grupo De Hilos 1-176
2020-04-04 21:14:20,789 INFO o.a.j.t.JMeterThread: Thread finished: Grupo De Hilos 1-176
2020-04-04 21:14:20,798 INFO o.a.j.t.JMeterThread: Stopping because end time detected by thread: Grupo De Hilos 1-252
2020-04-04 21:14:20,798 INFO o.a.j.t.JMeterThread: Stopping because end time detected by thread: Grupo De Hilos 1-203
2020-04-04 21:14:20,798 INFO o.a.j.t.JMeterThread: Stopping because end time detected by thread: Grupo De Hilos 1-238
2020-04-04 21:14:20,798 INFO o.a.j.t.JMeterThread: Thread finished: Grupo De Hilos 1-252
2020-04-04 21:14:20,798 INFO o.a.j.t.JMeterThread: Stopping because end time detected by thread: Grupo De Hilos 1-253
2020-04-04 21:14:20,798 INFO o.a.j.t.JMeterThread: Thread finished: Grupo De Hilos 1-203
2020-04-04 21:14:20,798 INFO o.a.j.t.JMeterThread: Thread finished: Grupo De Hilos 1-253
2020-04-04 21:14:20,798 INFO o.a.j.t.JMeterThread: Thread finished: Grupo De Hilos 1-238
2020-04-04 21:14:20,826 INFO o.a.j.t.JMeterThread: Stopping because end time detected by thread: Grupo De Hilos 1-33
2020-04-04 21:14:20,827 INFO o.a.j.t.JMeterThread: Thread finished: Grupo De Hilos 1-33
2020-04-04 21:14:20,881 INFO o.a.j.t.JMeterThread: Stopping because end time detected by thread: Grupo De Hilos 1-234
2020-04-04 21:14:20,881 INFO o.a.j.t.JMeterThread: Thread finished: Grupo De Hilos 1-234
2020-04-04 21:14:20,890 INFO o.a.j.t.JMeterThread: Stopping because end time detected by thread: Grupo De Hilos 1-205
2020-04-04 21:14:20,890 INFO o.a.j.t.JMeterThread: Thread finished: Grupo De Hilos 1-205
2020-04-04 21:14:20,891 INFO o.a.j.t.JMeterThread: Stopping because end time detected by thread: Grupo De Hilos 1-284
2020-04-04 21:14:20,891 INFO o.a.j.t.JMeterThread: Stopping because end time detected by thread: Grupo De Hilos 1-268
2020-04-04 21:14:20,891 INFO o.a.j.t.JMeterThread: Stopping because end time detected by thread: Grupo De Hilos 1-223
2020-04-04 21:14:20,891 INFO o.a.j.t.JMeterThread: Thread finished: Grupo De Hilos 1-284
2020-04-04 21:14:20,891 INFO o.a.j.t.JMeterThread: Thread finished: Grupo De Hilos 1-268
2020-04-04 21:14:20,891 INFO o.a.j.t.JMeterThread: Thread finished: Grupo De Hilos 1-223
2020-04-04 21:14:20,896 INFO o.a.j.t.JMeterThread: Stopping because end time detected by thread: Grupo De Hilos 1-206
2020-04-04 21:14:20,897 INFO o.a.j.t.JMeterThread: Thread finished: Grupo De Hilos 1-206
2020-04-04 21:14:24,302 INFO o.a.j.t.JMeterThread: Stopping because end time detected by thread: Grupo De Hilos 1-64
2020-04-04 21:14:24,302 INFO o.a.j.t.JMeterThread: Thread finished: Grupo De Hilos 1-64
2020-04-04 21:14:32,527 INFO o.a.j.t.JMeterThread: Stopping because end time detected by thread: Grupo De Hilos 1-78
2020-04-04 21:14:32,528 INFO o.a.j.t.JMeterThread: Thread finished: Grupo De Hilos 1-78
2020-04-04 21:14:32,528 INFO o.a.j.r.Summariser: summary +  16947 in 00:00:33 =  521.1/s Avg:   379 Min:    24 Max: 130237 Err:     1 (0.01%) Active: 9 Started: 300 Finished: 291
2020-04-04 21:14:32,529 INFO o.a.j.r.Summariser: summary = 336848 in 00:06:13 =  902.8/s Avg:   266 Min:    14 Max: 130842 Err:     3 (0.00%)
2020-04-04 21:14:32,529 INFO o.a.j.t.JMeterThread: Stopping because end time detected by thread: Grupo De Hilos 1-34
2020-04-04 21:14:32,529 INFO o.a.j.t.JMeterThread: Thread finished: Grupo De Hilos 1-34
2020-04-04 21:14:44,782 INFO o.a.j.t.JMeterThread: Stopping because end time detected by thread: Grupo De Hilos 1-274
2020-04-04 21:14:44,782 INFO o.a.j.t.JMeterThread: Thread finished: Grupo De Hilos 1-274
2020-04-04 21:15:25,742 INFO o.a.j.t.JMeterThread: Stopping because end time detected by thread: Grupo De Hilos 1-89
2020-04-04 21:15:25,742 INFO o.a.j.t.JMeterThread: Thread finished: Grupo De Hilos 1-89
2020-04-04 21:15:31,886 INFO o.a.j.r.Summariser: summary +      4 in 00:00:59 =    0.1/s Avg: 113405 Min: 63710 Max: 131170 Err:     3 (75.00%) Active: 6 Started: 300 Finished: 294
2020-04-04 21:15:31,887 INFO o.a.j.r.Summariser: summary = 336852 in 00:07:12 =  778.9/s Avg:   267 Min:    14 Max: 131170 Err:     6 (0.00%)
2020-04-04 21:15:31,888 INFO o.a.j.t.JMeterThread: Stopping because end time detected by thread: Grupo De Hilos 1-63
2020-04-04 21:15:31,888 INFO o.a.j.t.JMeterThread: Thread finished: Grupo De Hilos 1-63
2020-04-04 21:15:52,365 INFO o.a.j.t.JMeterThread: Stopping because end time detected by thread: Grupo De Hilos 1-186
2020-04-04 21:15:52,366 INFO o.a.j.t.JMeterThread: Stopping because end time detected by thread: Grupo De Hilos 1-294
2020-04-04 21:15:52,366 INFO o.a.j.t.JMeterThread: Thread finished: Grupo De Hilos 1-186
2020-04-04 21:15:52,366 INFO o.a.j.t.JMeterThread: Thread finished: Grupo De Hilos 1-294
2020-04-04 21:15:52,366 INFO o.a.j.t.JMeterThread: Stopping because end time detected by thread: Grupo De Hilos 1-50
2020-04-04 21:15:52,366 INFO o.a.j.t.JMeterThread: Thread finished: Grupo De Hilos 1-50
2020-04-04 21:15:52,366 INFO o.a.j.t.JMeterThread: Stopping because end time detected by thread: Grupo De Hilos 1-250
2020-04-04 21:15:52,366 INFO o.a.j.t.JMeterThread: Thread finished: Grupo De Hilos 1-250
2020-04-04 21:16:04,653 INFO o.a.j.r.Summariser: summary +      5 in 00:00:33 =    0.2/s Avg: 130345 Min: 129272 Max: 130785 Err:     5 (100.00%) Active: 1 Started: 300 Finished: 299
2020-04-04 21:16:04,654 INFO o.a.j.r.Summariser: summary = 336857 in 00:07:45 =  724.0/s Avg:   269 Min:    14 Max: 131170 Err:    11 (0.00%)
2020-04-04 21:16:04,654 INFO o.a.j.t.JMeterThread: Stopping because end time detected by thread: Grupo De Hilos 1-190
2020-04-04 21:16:04,654 INFO o.a.j.t.JMeterThread: Thread finished: Grupo De Hilos 1-190
2020-04-04 21:16:04,655 INFO o.a.j.e.StandardJMeterEngine: Notifying test listeners of end of test
2020-04-04 21:16:04,657 INFO o.a.j.r.Summariser: summary = 336857 in 00:07:45 =  724.0/s Avg:   269 Min:    14 Max: 131170 Err:    11 (0.00%)
