2020-04-04 21:01:36,468 INFO o.a.j.u.JMeterUtils: Setting Locale to en_US
2020-04-04 21:01:36,499 INFO o.a.j.JMeter: Loading user properties from: /home/pablo/jmeter/bin/user.properties
2020-04-04 21:01:36,500 INFO o.a.j.JMeter: Loading system properties from: /home/pablo/jmeter/bin/system.properties
2020-04-04 21:01:36,501 INFO o.a.j.JMeter: Setting System property: HILOS=150
2020-04-04 21:01:36,501 INFO o.a.j.JMeter: Setting System property: SUBIDA=60
2020-04-04 21:01:36,502 INFO o.a.j.JMeter: Setting System property: DURACION=300
2020-04-04 21:01:36,502 INFO o.a.j.JMeter: Setting System property: PAGE=/test/imageng.html
2020-04-04 21:01:36,502 INFO o.a.j.JMeter: Setting System property: FILE=scriptresultsperfmonG150.jtl
2020-04-04 21:01:36,505 INFO o.a.j.JMeter: Copyright (c) 1998-2019 The Apache Software Foundation
2020-04-04 21:01:36,505 INFO o.a.j.JMeter: Version 5.2.1
2020-04-04 21:01:36,505 INFO o.a.j.JMeter: java.version=1.8.0_201
2020-04-04 21:01:36,506 INFO o.a.j.JMeter: java.vm.name=Java HotSpot(TM) 64-Bit Server VM
2020-04-04 21:01:36,506 INFO o.a.j.JMeter: os.name=Linux
2020-04-04 21:01:36,506 INFO o.a.j.JMeter: os.arch=amd64
2020-04-04 21:01:36,506 INFO o.a.j.JMeter: os.version=4.15.0-91-generic
2020-04-04 21:01:36,507 INFO o.a.j.JMeter: file.encoding=UTF-8
2020-04-04 21:01:36,507 INFO o.a.j.JMeter: java.awt.headless=true
2020-04-04 21:01:36,507 INFO o.a.j.JMeter: Max memory     =732954624
2020-04-04 21:01:36,507 INFO o.a.j.JMeter: Available Processors =4
2020-04-04 21:01:36,514 INFO o.a.j.JMeter: Default Locale=English (United States)
2020-04-04 21:01:36,515 INFO o.a.j.JMeter: JMeter  Locale=English (United States)
2020-04-04 21:01:36,515 INFO o.a.j.JMeter: JMeterHome=/home/pablo/jmeter
2020-04-04 21:01:36,516 INFO o.a.j.JMeter: user.dir  =/home/pablo/jmeter/bin/EJECUCIONES/P1
2020-04-04 21:01:36,516 INFO o.a.j.JMeter: PWD       =/home/pablo/jmeter/bin/EJECUCIONES/P1
2020-04-04 21:01:36,517 INFO o.a.j.JMeter: IP: 127.0.1.1 Name: hylianpablo FullName: hylianpablo
2020-04-04 21:01:36,526 INFO o.a.j.s.FileServer: Default base='/home/pablo/jmeter/bin/EJECUCIONES/P1'
2020-04-04 21:01:36,535 INFO o.a.j.s.FileServer: Set new base='/home/pablo/jmeter/bin/EJECUCIONES/P1/../..'
2020-04-04 21:01:36,813 INFO o.a.j.s.SaveService: Testplan (JMX) version: 2.2. Testlog (JTL) version: 2.2
2020-04-04 21:01:36,830 INFO o.a.j.s.SaveService: Using SaveService properties file encoding UTF-8
2020-04-04 21:01:36,842 INFO o.a.j.s.SaveService: Using SaveService properties version 5.0
2020-04-04 21:01:36,858 INFO o.a.j.s.SaveService: Loading file: ../../Correcto.jmx
2020-04-04 21:01:37,016 INFO o.a.j.p.h.s.HTTPSamplerBase: Parser for text/html is org.apache.jmeter.protocol.http.parser.LagartoBasedHtmlParser
2020-04-04 21:01:37,016 INFO o.a.j.p.h.s.HTTPSamplerBase: Parser for application/xhtml+xml is org.apache.jmeter.protocol.http.parser.LagartoBasedHtmlParser
2020-04-04 21:01:37,016 INFO o.a.j.p.h.s.HTTPSamplerBase: Parser for application/xml is org.apache.jmeter.protocol.http.parser.LagartoBasedHtmlParser
2020-04-04 21:01:37,017 INFO o.a.j.p.h.s.HTTPSamplerBase: Parser for text/xml is org.apache.jmeter.protocol.http.parser.LagartoBasedHtmlParser
2020-04-04 21:01:37,017 INFO o.a.j.p.h.s.HTTPSamplerBase: Parser for text/vnd.wap.wml is org.apache.jmeter.protocol.http.parser.RegexpHTMLParser
2020-04-04 21:01:37,017 INFO o.a.j.p.h.s.HTTPSamplerBase: Parser for text/css is org.apache.jmeter.protocol.http.parser.CssParser
2020-04-04 21:01:37,041 INFO o.a.j.JMeter: Creating summariser <summary>
2020-04-04 21:01:37,054 INFO o.a.j.e.StandardJMeterEngine: Running the test!
2020-04-04 21:01:37,055 INFO o.a.j.s.SampleEvent: List of sample_variables: []
2020-04-04 21:01:37,056 INFO o.a.j.s.SampleEvent: List of sample_variables: []
2020-04-04 21:01:37,067 INFO o.a.j.e.u.CompoundVariable: Note: Function class names must contain the string: '.functions.'
2020-04-04 21:01:37,068 INFO o.a.j.e.u.CompoundVariable: Note: Function class names must not contain the string: '.gui.'
2020-04-04 21:01:37,925 INFO o.a.j.JMeter: Running test (1586026897925)
2020-04-04 21:01:38,007 INFO o.a.j.e.StandardJMeterEngine: Starting ThreadGroup: 1 : Grupo De Hilos
2020-04-04 21:01:38,008 INFO o.a.j.e.StandardJMeterEngine: Starting 150 threads for group Grupo De Hilos.
2020-04-04 21:01:38,008 INFO o.a.j.e.StandardJMeterEngine: Thread will continue on error
2020-04-04 21:01:38,008 INFO o.a.j.t.ThreadGroup: Starting thread group... number=1 threads=150 ramp-up=60 delayedStart=false
2020-04-04 21:01:38,054 INFO o.a.j.t.JMeterThread: Thread started: Grupo De Hilos 1-1
2020-04-04 21:01:38,111 INFO o.a.j.p.h.s.HTTPHCAbstractImpl: Local host = hylianpablo
2020-04-04 21:01:38,127 INFO o.a.j.p.h.s.HTTPHC4Impl: HTTP request retry count = 0
2020-04-04 21:01:38,132 INFO o.a.j.s.SampleResult: Note: Sample TimeStamps are START times
2020-04-04 21:01:38,132 INFO o.a.j.s.SampleResult: sampleresult.default.encoding is set to ISO-8859-1
2020-04-04 21:01:38,132 INFO o.a.j.s.SampleResult: sampleresult.useNanoTime=true
2020-04-04 21:01:38,133 INFO o.a.j.s.SampleResult: sampleresult.nanoThreadSleep=5000
2020-04-04 21:01:38,297 INFO o.a.j.t.ThreadGroup: Started thread group number 1
2020-04-04 21:01:38,298 INFO o.a.j.e.StandardJMeterEngine: All thread groups have been started
2020-04-04 21:01:38,444 INFO o.a.j.t.JMeterThread: Thread started: Grupo De Hilos 1-2
2020-04-04 21:01:38,843 INFO o.a.j.t.JMeterThread: Thread started: Grupo De Hilos 1-3
2020-04-04 21:01:39,241 INFO o.a.j.t.JMeterThread: Thread started: Grupo De Hilos 1-4
2020-04-04 21:01:39,615 INFO o.a.j.t.JMeterThread: Thread started: Grupo De Hilos 1-5
2020-04-04 21:01:40,011 INFO o.a.j.t.JMeterThread: Thread started: Grupo De Hilos 1-6
2020-04-04 21:01:40,413 INFO o.a.j.t.JMeterThread: Thread started: Grupo De Hilos 1-7
2020-04-04 21:01:40,812 INFO o.a.j.t.JMeterThread: Thread started: Grupo De Hilos 1-8
2020-04-04 21:01:41,212 INFO o.a.j.t.JMeterThread: Thread started: Grupo De Hilos 1-9
2020-04-04 21:01:41,612 INFO o.a.j.t.JMeterThread: Thread started: Grupo De Hilos 1-10
2020-04-04 21:01:42,012 INFO o.a.j.t.JMeterThread: Thread started: Grupo De Hilos 1-11
2020-04-04 21:01:42,413 INFO o.a.j.t.JMeterThread: Thread started: Grupo De Hilos 1-12
2020-04-04 21:01:42,812 INFO o.a.j.t.JMeterThread: Thread started: Grupo De Hilos 1-13
2020-04-04 21:01:43,215 INFO o.a.j.t.JMeterThread: Thread started: Grupo De Hilos 1-14
2020-04-04 21:01:43,613 INFO o.a.j.t.JMeterThread: Thread started: Grupo De Hilos 1-15
2020-04-04 21:01:44,012 INFO o.a.j.t.JMeterThread: Thread started: Grupo De Hilos 1-16
2020-04-04 21:01:44,413 INFO o.a.j.t.JMeterThread: Thread started: Grupo De Hilos 1-17
2020-04-04 21:01:44,818 INFO o.a.j.t.JMeterThread: Thread started: Grupo De Hilos 1-18
2020-04-04 21:01:45,217 INFO o.a.j.t.JMeterThread: Thread started: Grupo De Hilos 1-19
2020-04-04 21:01:45,612 INFO o.a.j.t.JMeterThread: Thread started: Grupo De Hilos 1-20
2020-04-04 21:01:46,012 INFO o.a.j.t.JMeterThread: Thread started: Grupo De Hilos 1-21
2020-04-04 21:01:46,412 INFO o.a.j.t.JMeterThread: Thread started: Grupo De Hilos 1-22
2020-04-04 21:01:46,812 INFO o.a.j.t.JMeterThread: Thread started: Grupo De Hilos 1-23
2020-04-04 21:01:47,212 INFO o.a.j.t.JMeterThread: Thread started: Grupo De Hilos 1-24
2020-04-04 21:01:47,611 INFO o.a.j.t.JMeterThread: Thread started: Grupo De Hilos 1-25
2020-04-04 21:01:48,012 INFO o.a.j.t.JMeterThread: Thread started: Grupo De Hilos 1-26
2020-04-04 21:01:48,410 INFO o.a.j.t.JMeterThread: Thread started: Grupo De Hilos 1-27
2020-04-04 21:01:48,813 INFO o.a.j.t.JMeterThread: Thread started: Grupo De Hilos 1-28
2020-04-04 21:01:49,211 INFO o.a.j.t.JMeterThread: Thread started: Grupo De Hilos 1-29
2020-04-04 21:01:49,613 INFO o.a.j.t.JMeterThread: Thread started: Grupo De Hilos 1-30
2020-04-04 21:01:50,010 INFO o.a.j.t.JMeterThread: Thread started: Grupo De Hilos 1-31
2020-04-04 21:01:50,410 INFO o.a.j.t.JMeterThread: Thread started: Grupo De Hilos 1-32
2020-04-04 21:01:50,812 INFO o.a.j.t.JMeterThread: Thread started: Grupo De Hilos 1-33
2020-04-04 21:01:51,212 INFO o.a.j.t.JMeterThread: Thread started: Grupo De Hilos 1-34
2020-04-04 21:01:51,613 INFO o.a.j.t.JMeterThread: Thread started: Grupo De Hilos 1-35
2020-04-04 21:01:52,010 INFO o.a.j.t.JMeterThread: Thread started: Grupo De Hilos 1-36
2020-04-04 21:01:52,409 INFO o.a.j.t.JMeterThread: Thread started: Grupo De Hilos 1-37
2020-04-04 21:01:52,813 INFO o.a.j.t.JMeterThread: Thread started: Grupo De Hilos 1-38
2020-04-04 21:01:53,210 INFO o.a.j.t.JMeterThread: Thread started: Grupo De Hilos 1-39
2020-04-04 21:01:53,610 INFO o.a.j.t.JMeterThread: Thread started: Grupo De Hilos 1-40
2020-04-04 21:01:54,010 INFO o.a.j.t.JMeterThread: Thread started: Grupo De Hilos 1-41
2020-04-04 21:01:54,411 INFO o.a.j.t.JMeterThread: Thread started: Grupo De Hilos 1-42
2020-04-04 21:01:54,814 INFO o.a.j.t.JMeterThread: Thread started: Grupo De Hilos 1-43
2020-04-04 21:01:55,210 INFO o.a.j.t.JMeterThread: Thread started: Grupo De Hilos 1-44
2020-04-04 21:01:55,611 INFO o.a.j.t.JMeterThread: Thread started: Grupo De Hilos 1-45
2020-04-04 21:01:56,012 INFO o.a.j.t.JMeterThread: Thread started: Grupo De Hilos 1-46
2020-04-04 21:01:56,410 INFO o.a.j.t.JMeterThread: Thread started: Grupo De Hilos 1-47
2020-04-04 21:01:56,810 INFO o.a.j.t.JMeterThread: Thread started: Grupo De Hilos 1-48
2020-04-04 21:01:57,212 INFO o.a.j.t.JMeterThread: Thread started: Grupo De Hilos 1-49
2020-04-04 21:01:57,611 INFO o.a.j.t.JMeterThread: Thread started: Grupo De Hilos 1-50
2020-04-04 21:01:58,012 INFO o.a.j.t.JMeterThread: Thread started: Grupo De Hilos 1-51
2020-04-04 21:01:58,411 INFO o.a.j.t.JMeterThread: Thread started: Grupo De Hilos 1-52
2020-04-04 21:01:58,813 INFO o.a.j.t.JMeterThread: Thread started: Grupo De Hilos 1-53
2020-04-04 21:01:59,212 INFO o.a.j.t.JMeterThread: Thread started: Grupo De Hilos 1-54
2020-04-04 21:01:59,611 INFO o.a.j.t.JMeterThread: Thread started: Grupo De Hilos 1-55
2020-04-04 21:02:00,010 INFO o.a.j.r.Summariser: summary +  20443 in 00:00:22 =  925.7/s Avg:    29 Min:    13 Max:   350 Err:     0 (0.00%) Active: 55 Started: 55 Finished: 0
2020-04-04 21:02:00,012 INFO o.a.j.t.JMeterThread: Thread started: Grupo De Hilos 1-56
2020-04-04 21:02:00,412 INFO o.a.j.t.JMeterThread: Thread started: Grupo De Hilos 1-57
2020-04-04 21:02:00,811 INFO o.a.j.t.JMeterThread: Thread started: Grupo De Hilos 1-58
2020-04-04 21:02:01,212 INFO o.a.j.t.JMeterThread: Thread started: Grupo De Hilos 1-59
2020-04-04 21:02:01,610 INFO o.a.j.t.JMeterThread: Thread started: Grupo De Hilos 1-60
2020-04-04 21:02:02,014 INFO o.a.j.t.JMeterThread: Thread started: Grupo De Hilos 1-61
2020-04-04 21:02:02,412 INFO o.a.j.t.JMeterThread: Thread started: Grupo De Hilos 1-62
2020-04-04 21:02:02,812 INFO o.a.j.t.JMeterThread: Thread started: Grupo De Hilos 1-63
2020-04-04 21:02:03,210 INFO o.a.j.t.JMeterThread: Thread started: Grupo De Hilos 1-64
2020-04-04 21:02:03,612 INFO o.a.j.t.JMeterThread: Thread started: Grupo De Hilos 1-65
2020-04-04 21:02:04,011 INFO o.a.j.t.JMeterThread: Thread started: Grupo De Hilos 1-66
2020-04-04 21:02:04,411 INFO o.a.j.t.JMeterThread: Thread started: Grupo De Hilos 1-67
2020-04-04 21:02:04,811 INFO o.a.j.t.JMeterThread: Thread started: Grupo De Hilos 1-68
2020-04-04 21:02:05,210 INFO o.a.j.t.JMeterThread: Thread started: Grupo De Hilos 1-69
2020-04-04 21:02:05,610 INFO o.a.j.t.JMeterThread: Thread started: Grupo De Hilos 1-70
2020-04-04 21:02:06,010 INFO o.a.j.t.JMeterThread: Thread started: Grupo De Hilos 1-71
2020-04-04 21:02:06,411 INFO o.a.j.t.JMeterThread: Thread started: Grupo De Hilos 1-72
2020-04-04 21:02:06,811 INFO o.a.j.t.JMeterThread: Thread started: Grupo De Hilos 1-73
2020-04-04 21:02:07,211 INFO o.a.j.t.JMeterThread: Thread started: Grupo De Hilos 1-74
2020-04-04 21:02:07,612 INFO o.a.j.t.JMeterThread: Thread started: Grupo De Hilos 1-75
2020-04-04 21:02:08,017 INFO o.a.j.t.JMeterThread: Thread started: Grupo De Hilos 1-76
2020-04-04 21:02:08,410 INFO o.a.j.t.JMeterThread: Thread started: Grupo De Hilos 1-77
2020-04-04 21:02:08,812 INFO o.a.j.t.JMeterThread: Thread started: Grupo De Hilos 1-78
2020-04-04 21:02:09,212 INFO o.a.j.t.JMeterThread: Thread started: Grupo De Hilos 1-79
2020-04-04 21:02:09,610 INFO o.a.j.t.JMeterThread: Thread started: Grupo De Hilos 1-80
2020-04-04 21:02:10,011 INFO o.a.j.t.JMeterThread: Thread started: Grupo De Hilos 1-81
2020-04-04 21:02:10,414 INFO o.a.j.t.JMeterThread: Thread started: Grupo De Hilos 1-82
2020-04-04 21:02:10,815 INFO o.a.j.t.JMeterThread: Thread started: Grupo De Hilos 1-83
2020-04-04 21:02:11,217 INFO o.a.j.t.JMeterThread: Thread started: Grupo De Hilos 1-84
2020-04-04 21:02:11,618 INFO o.a.j.t.JMeterThread: Thread started: Grupo De Hilos 1-85
2020-04-04 21:02:12,013 INFO o.a.j.t.JMeterThread: Thread started: Grupo De Hilos 1-86
2020-04-04 21:02:12,412 INFO o.a.j.t.JMeterThread: Thread started: Grupo De Hilos 1-87
2020-04-04 21:02:12,811 INFO o.a.j.t.JMeterThread: Thread started: Grupo De Hilos 1-88
2020-04-04 21:02:13,212 INFO o.a.j.t.JMeterThread: Thread started: Grupo De Hilos 1-89
2020-04-04 21:02:13,611 INFO o.a.j.t.JMeterThread: Thread started: Grupo De Hilos 1-90
2020-04-04 21:02:14,011 INFO o.a.j.t.JMeterThread: Thread started: Grupo De Hilos 1-91
2020-04-04 21:02:14,412 INFO o.a.j.t.JMeterThread: Thread started: Grupo De Hilos 1-92
2020-04-04 21:02:14,812 INFO o.a.j.t.JMeterThread: Thread started: Grupo De Hilos 1-93
2020-04-04 21:02:15,211 INFO o.a.j.t.JMeterThread: Thread started: Grupo De Hilos 1-94
2020-04-04 21:02:15,611 INFO o.a.j.t.JMeterThread: Thread started: Grupo De Hilos 1-95
2020-04-04 21:02:16,010 INFO o.a.j.t.JMeterThread: Thread started: Grupo De Hilos 1-96
2020-04-04 21:02:16,411 INFO o.a.j.t.JMeterThread: Thread started: Grupo De Hilos 1-97
2020-04-04 21:02:16,812 INFO o.a.j.t.JMeterThread: Thread started: Grupo De Hilos 1-98
2020-04-04 21:02:17,214 INFO o.a.j.t.JMeterThread: Thread started: Grupo De Hilos 1-99
2020-04-04 21:02:17,610 INFO o.a.j.t.JMeterThread: Thread started: Grupo De Hilos 1-100
2020-04-04 21:02:18,010 INFO o.a.j.t.JMeterThread: Thread started: Grupo De Hilos 1-101
2020-04-04 21:02:18,411 INFO o.a.j.t.JMeterThread: Thread started: Grupo De Hilos 1-102
2020-04-04 21:02:18,810 INFO o.a.j.t.JMeterThread: Thread started: Grupo De Hilos 1-103
2020-04-04 21:02:19,211 INFO o.a.j.t.JMeterThread: Thread started: Grupo De Hilos 1-104
2020-04-04 21:02:19,612 INFO o.a.j.t.JMeterThread: Thread started: Grupo De Hilos 1-105
2020-04-04 21:02:20,011 INFO o.a.j.t.JMeterThread: Thread started: Grupo De Hilos 1-106
2020-04-04 21:02:20,410 INFO o.a.j.t.JMeterThread: Thread started: Grupo De Hilos 1-107
2020-04-04 21:02:20,812 INFO o.a.j.t.JMeterThread: Thread started: Grupo De Hilos 1-108
2020-04-04 21:02:21,212 INFO o.a.j.t.JMeterThread: Thread started: Grupo De Hilos 1-109
2020-04-04 21:02:21,612 INFO o.a.j.t.JMeterThread: Thread started: Grupo De Hilos 1-110
2020-04-04 21:02:22,026 INFO o.a.j.t.JMeterThread: Thread started: Grupo De Hilos 1-111
2020-04-04 21:02:22,410 INFO o.a.j.t.JMeterThread: Thread started: Grupo De Hilos 1-112
2020-04-04 21:02:22,810 INFO o.a.j.t.JMeterThread: Thread started: Grupo De Hilos 1-113
2020-04-04 21:02:23,211 INFO o.a.j.t.JMeterThread: Thread started: Grupo De Hilos 1-114
2020-04-04 21:02:23,611 INFO o.a.j.t.JMeterThread: Thread started: Grupo De Hilos 1-115
2020-04-04 21:02:24,011 INFO o.a.j.t.JMeterThread: Thread started: Grupo De Hilos 1-116
2020-04-04 21:02:24,416 INFO o.a.j.t.JMeterThread: Thread started: Grupo De Hilos 1-117
2020-04-04 21:02:24,811 INFO o.a.j.t.JMeterThread: Thread started: Grupo De Hilos 1-118
2020-04-04 21:02:25,234 INFO o.a.j.t.JMeterThread: Thread started: Grupo De Hilos 1-119
2020-04-04 21:02:25,634 INFO o.a.j.t.JMeterThread: Thread started: Grupo De Hilos 1-120
2020-04-04 21:02:26,031 INFO o.a.j.t.JMeterThread: Thread started: Grupo De Hilos 1-121
2020-04-04 21:02:26,425 INFO o.a.j.t.JMeterThread: Thread started: Grupo De Hilos 1-122
2020-04-04 21:02:26,812 INFO o.a.j.t.JMeterThread: Thread started: Grupo De Hilos 1-123
2020-04-04 21:02:27,211 INFO o.a.j.t.JMeterThread: Thread started: Grupo De Hilos 1-124
2020-04-04 21:02:27,611 INFO o.a.j.t.JMeterThread: Thread started: Grupo De Hilos 1-125
2020-04-04 21:02:28,010 INFO o.a.j.t.JMeterThread: Thread started: Grupo De Hilos 1-126
2020-04-04 21:02:28,420 INFO o.a.j.t.JMeterThread: Thread started: Grupo De Hilos 1-127
2020-04-04 21:02:28,811 INFO o.a.j.t.JMeterThread: Thread started: Grupo De Hilos 1-128
2020-04-04 21:02:29,212 INFO o.a.j.t.JMeterThread: Thread started: Grupo De Hilos 1-129
2020-04-04 21:02:29,612 INFO o.a.j.t.JMeterThread: Thread started: Grupo De Hilos 1-130
2020-04-04 21:02:30,001 INFO o.a.j.r.Summariser: summary +  55511 in 00:00:30 = 1850.9/s Avg:    49 Min:    16 Max:   390 Err:     0 (0.00%) Active: 130 Started: 130 Finished: 0
2020-04-04 21:02:30,003 INFO o.a.j.r.Summariser: summary =  75954 in 00:00:52 = 1458.6/s Avg:    44 Min:    13 Max:   390 Err:     0 (0.00%)
2020-04-04 21:02:30,012 INFO o.a.j.t.JMeterThread: Thread started: Grupo De Hilos 1-131
2020-04-04 21:02:30,413 INFO o.a.j.t.JMeterThread: Thread started: Grupo De Hilos 1-132
2020-04-04 21:02:30,811 INFO o.a.j.t.JMeterThread: Thread started: Grupo De Hilos 1-133
2020-04-04 21:02:31,212 INFO o.a.j.t.JMeterThread: Thread started: Grupo De Hilos 1-134
2020-04-04 21:02:31,611 INFO o.a.j.t.JMeterThread: Thread started: Grupo De Hilos 1-135
2020-04-04 21:02:32,012 INFO o.a.j.t.JMeterThread: Thread started: Grupo De Hilos 1-136
2020-04-04 21:02:32,410 INFO o.a.j.t.JMeterThread: Thread started: Grupo De Hilos 1-137
2020-04-04 21:02:32,811 INFO o.a.j.t.JMeterThread: Thread started: Grupo De Hilos 1-138
2020-04-04 21:02:33,211 INFO o.a.j.t.JMeterThread: Thread started: Grupo De Hilos 1-139
2020-04-04 21:02:33,610 INFO o.a.j.t.JMeterThread: Thread started: Grupo De Hilos 1-140
2020-04-04 21:02:34,010 INFO o.a.j.t.JMeterThread: Thread started: Grupo De Hilos 1-141
2020-04-04 21:02:34,411 INFO o.a.j.t.JMeterThread: Thread started: Grupo De Hilos 1-142
2020-04-04 21:02:34,811 INFO o.a.j.t.JMeterThread: Thread started: Grupo De Hilos 1-143
2020-04-04 21:02:35,211 INFO o.a.j.t.JMeterThread: Thread started: Grupo De Hilos 1-144
2020-04-04 21:02:35,611 INFO o.a.j.t.JMeterThread: Thread started: Grupo De Hilos 1-145
2020-04-04 21:02:36,010 INFO o.a.j.t.JMeterThread: Thread started: Grupo De Hilos 1-146
2020-04-04 21:02:36,411 INFO o.a.j.t.JMeterThread: Thread started: Grupo De Hilos 1-147
2020-04-04 21:02:36,811 INFO o.a.j.t.JMeterThread: Thread started: Grupo De Hilos 1-148
2020-04-04 21:02:37,212 INFO o.a.j.t.JMeterThread: Thread started: Grupo De Hilos 1-149
2020-04-04 21:02:37,612 INFO o.a.j.t.JMeterThread: Thread started: Grupo De Hilos 1-150
2020-04-04 21:03:00,004 INFO o.a.j.r.Summariser: summary +  46290 in 00:00:30 = 1542.8/s Avg:    95 Min:    22 Max:  1166 Err:     0 (0.00%) Active: 150 Started: 150 Finished: 0
2020-04-04 21:03:00,005 INFO o.a.j.r.Summariser: summary = 122244 in 00:01:22 = 1489.4/s Avg:    63 Min:    13 Max:  1166 Err:     0 (0.00%)
2020-04-04 21:03:30,004 INFO o.a.j.r.Summariser: summary +  36567 in 00:00:30 = 1218.9/s Avg:   121 Min:    27 Max:  1221 Err:     0 (0.00%) Active: 150 Started: 150 Finished: 0
2020-04-04 21:03:30,005 INFO o.a.j.r.Summariser: summary = 158811 in 00:01:52 = 1417.0/s Avg:    76 Min:    13 Max:  1221 Err:     0 (0.00%)
2020-04-04 21:04:00,003 INFO o.a.j.r.Summariser: summary +  44123 in 00:00:30 = 1470.9/s Avg:   100 Min:    25 Max:   850 Err:     0 (0.00%) Active: 150 Started: 150 Finished: 0
2020-04-04 21:04:00,004 INFO o.a.j.r.Summariser: summary = 202934 in 00:02:22 = 1428.3/s Avg:    82 Min:    13 Max:  1221 Err:     0 (0.00%)
2020-04-04 21:04:30,018 INFO o.a.j.r.Summariser: summary +  45765 in 00:00:30 = 1524.7/s Avg:    96 Min:    24 Max:  1214 Err:     0 (0.00%) Active: 150 Started: 150 Finished: 0
2020-04-04 21:04:30,020 INFO o.a.j.r.Summariser: summary = 248699 in 00:02:52 = 1445.2/s Avg:    84 Min:    13 Max:  1221 Err:     0 (0.00%)
2020-04-04 21:05:00,010 INFO o.a.j.r.Summariser: summary +  42558 in 00:00:30 = 1419.0/s Avg:   104 Min:    22 Max:  1433 Err:     0 (0.00%) Active: 150 Started: 150 Finished: 0
2020-04-04 21:05:00,010 INFO o.a.j.r.Summariser: summary = 291257 in 00:03:22 = 1441.3/s Avg:    87 Min:    13 Max:  1433 Err:     0 (0.00%)
2020-04-04 21:05:30,002 INFO o.a.j.r.Summariser: summary +  37056 in 00:00:30 = 1235.5/s Avg:   126 Min:    23 Max: 131010 Err:     2 (0.01%) Active: 150 Started: 150 Finished: 0
2020-04-04 21:05:30,003 INFO o.a.j.r.Summariser: summary = 328313 in 00:03:52 = 1414.7/s Avg:    92 Min:    13 Max: 131010 Err:     2 (0.00%)
2020-04-04 21:06:00,002 INFO o.a.j.r.Summariser: summary +  35942 in 00:00:30 = 1198.1/s Avg:   124 Min:    25 Max:  1505 Err:     0 (0.00%) Active: 150 Started: 150 Finished: 0
2020-04-04 21:06:00,003 INFO o.a.j.r.Summariser: summary = 364255 in 00:04:22 = 1389.9/s Avg:    95 Min:    13 Max: 131010 Err:     2 (0.00%)
2020-04-04 21:06:30,006 INFO o.a.j.r.Summariser: summary +  47407 in 00:00:30 = 1580.0/s Avg:    93 Min:    24 Max:  1167 Err:     0 (0.00%) Active: 150 Started: 150 Finished: 0
2020-04-04 21:06:30,007 INFO o.a.j.r.Summariser: summary = 411662 in 00:04:52 = 1409.4/s Avg:    95 Min:    13 Max: 131010 Err:     2 (0.00%)
2020-04-04 21:06:38,044 INFO o.a.j.t.JMeterThread: Stopping because end time detected by thread: Grupo De Hilos 1-4
2020-04-04 21:06:38,045 INFO o.a.j.t.JMeterThread: Thread finished: Grupo De Hilos 1-4
2020-04-04 21:06:38,086 INFO o.a.j.t.JMeterThread: Stopping because end time detected by thread: Grupo De Hilos 1-5
2020-04-04 21:06:38,086 INFO o.a.j.t.JMeterThread: Stopping because end time detected by thread: Grupo De Hilos 1-11
2020-04-04 21:06:38,086 INFO o.a.j.t.JMeterThread: Thread finished: Grupo De Hilos 1-5
2020-04-04 21:06:38,086 INFO o.a.j.t.JMeterThread: Thread finished: Grupo De Hilos 1-11
2020-04-04 21:06:38,088 INFO o.a.j.t.JMeterThread: Stopping because end time detected by thread: Grupo De Hilos 1-1
2020-04-04 21:06:38,088 INFO o.a.j.t.JMeterThread: Thread finished: Grupo De Hilos 1-1
2020-04-04 21:06:38,088 INFO o.a.j.t.JMeterThread: Stopping because end time detected by thread: Grupo De Hilos 1-18
2020-04-04 21:06:38,089 INFO o.a.j.t.JMeterThread: Thread finished: Grupo De Hilos 1-18
2020-04-04 21:06:38,090 INFO o.a.j.t.JMeterThread: Stopping because end time detected by thread: Grupo De Hilos 1-19
2020-04-04 21:06:38,091 INFO o.a.j.t.JMeterThread: Thread finished: Grupo De Hilos 1-19
2020-04-04 21:06:38,106 INFO o.a.j.t.JMeterThread: Stopping because end time detected by thread: Grupo De Hilos 1-29
2020-04-04 21:06:38,106 INFO o.a.j.t.JMeterThread: Stopping because end time detected by thread: Grupo De Hilos 1-6
2020-04-04 21:06:38,106 INFO o.a.j.t.JMeterThread: Thread finished: Grupo De Hilos 1-29
2020-04-04 21:06:38,106 INFO o.a.j.t.JMeterThread: Thread finished: Grupo De Hilos 1-6
2020-04-04 21:06:38,108 INFO o.a.j.t.JMeterThread: Stopping because end time detected by thread: Grupo De Hilos 1-33
2020-04-04 21:06:38,108 INFO o.a.j.t.JMeterThread: Thread finished: Grupo De Hilos 1-33
2020-04-04 21:06:38,122 INFO o.a.j.t.JMeterThread: Stopping because end time detected by thread: Grupo De Hilos 1-10
2020-04-04 21:06:38,123 INFO o.a.j.t.JMeterThread: Stopping because end time detected by thread: Grupo De Hilos 1-38
2020-04-04 21:06:38,123 INFO o.a.j.t.JMeterThread: Stopping because end time detected by thread: Grupo De Hilos 1-46
2020-04-04 21:06:38,123 INFO o.a.j.t.JMeterThread: Stopping because end time detected by thread: Grupo De Hilos 1-34
2020-04-04 21:06:38,123 INFO o.a.j.t.JMeterThread: Thread finished: Grupo De Hilos 1-34
2020-04-04 21:06:38,124 INFO o.a.j.t.JMeterThread: Stopping because end time detected by thread: Grupo De Hilos 1-28
2020-04-04 21:06:38,124 INFO o.a.j.t.JMeterThread: Thread finished: Grupo De Hilos 1-10
2020-04-04 21:06:38,124 INFO o.a.j.t.JMeterThread: Thread finished: Grupo De Hilos 1-28
2020-04-04 21:06:38,125 INFO o.a.j.t.JMeterThread: Stopping because end time detected by thread: Grupo De Hilos 1-22
2020-04-04 21:06:38,125 INFO o.a.j.t.JMeterThread: Thread finished: Grupo De Hilos 1-22
2020-04-04 21:06:38,123 INFO o.a.j.t.JMeterThread: Thread finished: Grupo De Hilos 1-38
2020-04-04 21:06:38,126 INFO o.a.j.t.JMeterThread: Stopping because end time detected by thread: Grupo De Hilos 1-14
2020-04-04 21:06:38,124 INFO o.a.j.t.JMeterThread: Thread finished: Grupo De Hilos 1-46
2020-04-04 21:06:38,127 INFO o.a.j.t.JMeterThread: Thread finished: Grupo De Hilos 1-14
2020-04-04 21:06:38,128 INFO o.a.j.t.JMeterThread: Stopping because end time detected by thread: Grupo De Hilos 1-9
2020-04-04 21:06:38,128 INFO o.a.j.t.JMeterThread: Thread finished: Grupo De Hilos 1-9
2020-04-04 21:06:38,128 INFO o.a.j.t.JMeterThread: Stopping because end time detected by thread: Grupo De Hilos 1-45
2020-04-04 21:06:38,127 INFO o.a.j.t.JMeterThread: Stopping because end time detected by thread: Grupo De Hilos 1-43
2020-04-04 21:06:38,129 INFO o.a.j.t.JMeterThread: Thread finished: Grupo De Hilos 1-45
2020-04-04 21:06:38,129 INFO o.a.j.t.JMeterThread: Thread finished: Grupo De Hilos 1-43
2020-04-04 21:06:38,129 INFO o.a.j.t.JMeterThread: Stopping because end time detected by thread: Grupo De Hilos 1-7
2020-04-04 21:06:38,130 INFO o.a.j.t.JMeterThread: Thread finished: Grupo De Hilos 1-7
2020-04-04 21:06:38,131 INFO o.a.j.t.JMeterThread: Stopping because end time detected by thread: Grupo De Hilos 1-49
2020-04-04 21:06:38,131 INFO o.a.j.t.JMeterThread: Thread finished: Grupo De Hilos 1-49
2020-04-04 21:06:38,131 INFO o.a.j.t.JMeterThread: Stopping because end time detected by thread: Grupo De Hilos 1-3
2020-04-04 21:06:38,131 INFO o.a.j.t.JMeterThread: Thread finished: Grupo De Hilos 1-3
2020-04-04 21:06:38,143 INFO o.a.j.t.JMeterThread: Stopping because end time detected by thread: Grupo De Hilos 1-12
2020-04-04 21:06:38,143 INFO o.a.j.t.JMeterThread: Stopping because end time detected by thread: Grupo De Hilos 1-8
2020-04-04 21:06:38,143 INFO o.a.j.t.JMeterThread: Stopping because end time detected by thread: Grupo De Hilos 1-57
2020-04-04 21:06:38,143 INFO o.a.j.t.JMeterThread: Thread finished: Grupo De Hilos 1-8
2020-04-04 21:06:38,143 INFO o.a.j.t.JMeterThread: Thread finished: Grupo De Hilos 1-57
2020-04-04 21:06:38,143 INFO o.a.j.t.JMeterThread: Stopping because end time detected by thread: Grupo De Hilos 1-15
2020-04-04 21:06:38,144 INFO o.a.j.t.JMeterThread: Thread finished: Grupo De Hilos 1-15
2020-04-04 21:06:38,144 INFO o.a.j.t.JMeterThread: Thread finished: Grupo De Hilos 1-12
2020-04-04 21:06:38,147 INFO o.a.j.t.JMeterThread: Stopping because end time detected by thread: Grupo De Hilos 1-21
2020-04-04 21:06:38,147 INFO o.a.j.t.JMeterThread: Stopping because end time detected by thread: Grupo De Hilos 1-52
2020-04-04 21:06:38,147 INFO o.a.j.t.JMeterThread: Thread finished: Grupo De Hilos 1-21
2020-04-04 21:06:38,147 INFO o.a.j.t.JMeterThread: Thread finished: Grupo De Hilos 1-52
2020-04-04 21:06:38,147 INFO o.a.j.t.JMeterThread: Stopping because end time detected by thread: Grupo De Hilos 1-37
2020-04-04 21:06:38,147 INFO o.a.j.t.JMeterThread: Stopping because end time detected by thread: Grupo De Hilos 1-25
2020-04-04 21:06:38,147 INFO o.a.j.t.JMeterThread: Stopping because end time detected by thread: Grupo De Hilos 1-39
2020-04-04 21:06:38,147 INFO o.a.j.t.JMeterThread: Thread finished: Grupo De Hilos 1-25
2020-04-04 21:06:38,148 INFO o.a.j.t.JMeterThread: Thread finished: Grupo De Hilos 1-39
2020-04-04 21:06:38,148 INFO o.a.j.t.JMeterThread: Stopping because end time detected by thread: Grupo De Hilos 1-59
2020-04-04 21:06:38,148 INFO o.a.j.t.JMeterThread: Stopping because end time detected by thread: Grupo De Hilos 1-40
2020-04-04 21:06:38,148 INFO o.a.j.t.JMeterThread: Thread finished: Grupo De Hilos 1-59
2020-04-04 21:06:38,148 INFO o.a.j.t.JMeterThread: Thread finished: Grupo De Hilos 1-40
2020-04-04 21:06:38,148 INFO o.a.j.t.JMeterThread: Thread finished: Grupo De Hilos 1-37
2020-04-04 21:06:38,148 INFO o.a.j.t.JMeterThread: Stopping because end time detected by thread: Grupo De Hilos 1-27
2020-04-04 21:06:38,148 INFO o.a.j.t.JMeterThread: Thread finished: Grupo De Hilos 1-27
2020-04-04 21:06:38,149 INFO o.a.j.t.JMeterThread: Stopping because end time detected by thread: Grupo De Hilos 1-16
2020-04-04 21:06:38,149 INFO o.a.j.t.JMeterThread: Thread finished: Grupo De Hilos 1-16
2020-04-04 21:06:38,149 INFO o.a.j.t.JMeterThread: Stopping because end time detected by thread: Grupo De Hilos 1-50
2020-04-04 21:06:38,149 INFO o.a.j.t.JMeterThread: Thread finished: Grupo De Hilos 1-50
2020-04-04 21:06:38,150 INFO o.a.j.t.JMeterThread: Stopping because end time detected by thread: Grupo De Hilos 1-47
2020-04-04 21:06:38,150 INFO o.a.j.t.JMeterThread: Thread finished: Grupo De Hilos 1-47
2020-04-04 21:06:38,150 INFO o.a.j.t.JMeterThread: Stopping because end time detected by thread: Grupo De Hilos 1-13
2020-04-04 21:06:38,150 INFO o.a.j.t.JMeterThread: Thread finished: Grupo De Hilos 1-13
2020-04-04 21:06:38,151 INFO o.a.j.t.JMeterThread: Stopping because end time detected by thread: Grupo De Hilos 1-64
2020-04-04 21:06:38,151 INFO o.a.j.t.JMeterThread: Stopping because end time detected by thread: Grupo De Hilos 1-31
2020-04-04 21:06:38,151 INFO o.a.j.t.JMeterThread: Thread finished: Grupo De Hilos 1-64
2020-04-04 21:06:38,151 INFO o.a.j.t.JMeterThread: Thread finished: Grupo De Hilos 1-31
2020-04-04 21:06:38,152 INFO o.a.j.t.JMeterThread: Stopping because end time detected by thread: Grupo De Hilos 1-55
2020-04-04 21:06:38,152 INFO o.a.j.t.JMeterThread: Thread finished: Grupo De Hilos 1-55
2020-04-04 21:06:38,152 INFO o.a.j.t.JMeterThread: Stopping because end time detected by thread: Grupo De Hilos 1-35
2020-04-04 21:06:38,152 INFO o.a.j.t.JMeterThread: Stopping because end time detected by thread: Grupo De Hilos 1-23
2020-04-04 21:06:38,153 INFO o.a.j.t.JMeterThread: Thread finished: Grupo De Hilos 1-35
2020-04-04 21:06:38,153 INFO o.a.j.t.JMeterThread: Thread finished: Grupo De Hilos 1-23
2020-04-04 21:06:38,153 INFO o.a.j.t.JMeterThread: Stopping because end time detected by thread: Grupo De Hilos 1-30
2020-04-04 21:06:38,153 INFO o.a.j.t.JMeterThread: Thread finished: Grupo De Hilos 1-30
2020-04-04 21:06:38,154 INFO o.a.j.t.JMeterThread: Stopping because end time detected by thread: Grupo De Hilos 1-58
2020-04-04 21:06:38,154 INFO o.a.j.t.JMeterThread: Stopping because end time detected by thread: Grupo De Hilos 1-36
2020-04-04 21:06:38,154 INFO o.a.j.t.JMeterThread: Thread finished: Grupo De Hilos 1-58
2020-04-04 21:06:38,154 INFO o.a.j.t.JMeterThread: Thread finished: Grupo De Hilos 1-36
2020-04-04 21:06:38,155 INFO o.a.j.t.JMeterThread: Stopping because end time detected by thread: Grupo De Hilos 1-48
2020-04-04 21:06:38,155 INFO o.a.j.t.JMeterThread: Stopping because end time detected by thread: Grupo De Hilos 1-2
2020-04-04 21:06:38,155 INFO o.a.j.t.JMeterThread: Thread finished: Grupo De Hilos 1-48
2020-04-04 21:06:38,155 INFO o.a.j.t.JMeterThread: Thread finished: Grupo De Hilos 1-2
2020-04-04 21:06:38,171 INFO o.a.j.t.JMeterThread: Stopping because end time detected by thread: Grupo De Hilos 1-51
2020-04-04 21:06:38,171 INFO o.a.j.t.JMeterThread: Thread finished: Grupo De Hilos 1-51
2020-04-04 21:06:38,172 INFO o.a.j.t.JMeterThread: Stopping because end time detected by thread: Grupo De Hilos 1-26
2020-04-04 21:06:38,172 INFO o.a.j.t.JMeterThread: Thread finished: Grupo De Hilos 1-26
2020-04-04 21:06:38,172 INFO o.a.j.t.JMeterThread: Stopping because end time detected by thread: Grupo De Hilos 1-63
2020-04-04 21:06:38,172 INFO o.a.j.t.JMeterThread: Stopping because end time detected by thread: Grupo De Hilos 1-32
2020-04-04 21:06:38,172 INFO o.a.j.t.JMeterThread: Thread finished: Grupo De Hilos 1-63
2020-04-04 21:06:38,172 INFO o.a.j.t.JMeterThread: Stopping because end time detected by thread: Grupo De Hilos 1-56
2020-04-04 21:06:38,173 INFO o.a.j.t.JMeterThread: Thread finished: Grupo De Hilos 1-32
2020-04-04 21:06:38,173 INFO o.a.j.t.JMeterThread: Thread finished: Grupo De Hilos 1-56
2020-04-04 21:06:38,173 INFO o.a.j.t.JMeterThread: Stopping because end time detected by thread: Grupo De Hilos 1-42
2020-04-04 21:06:38,173 INFO o.a.j.t.JMeterThread: Thread finished: Grupo De Hilos 1-42
2020-04-04 21:06:38,173 INFO o.a.j.t.JMeterThread: Stopping because end time detected by thread: Grupo De Hilos 1-41
2020-04-04 21:06:38,173 INFO o.a.j.t.JMeterThread: Thread finished: Grupo De Hilos 1-41
2020-04-04 21:06:38,173 INFO o.a.j.t.JMeterThread: Stopping because end time detected by thread: Grupo De Hilos 1-72
2020-04-04 21:06:38,174 INFO o.a.j.t.JMeterThread: Thread finished: Grupo De Hilos 1-72
2020-04-04 21:06:38,178 INFO o.a.j.t.JMeterThread: Stopping because end time detected by thread: Grupo De Hilos 1-71
2020-04-04 21:06:38,178 INFO o.a.j.t.JMeterThread: Thread finished: Grupo De Hilos 1-71
2020-04-04 21:06:38,179 INFO o.a.j.t.JMeterThread: Stopping because end time detected by thread: Grupo De Hilos 1-74
2020-04-04 21:06:38,179 INFO o.a.j.t.JMeterThread: Thread finished: Grupo De Hilos 1-74
2020-04-04 21:06:38,179 INFO o.a.j.t.JMeterThread: Stopping because end time detected by thread: Grupo De Hilos 1-60
2020-04-04 21:06:38,180 INFO o.a.j.t.JMeterThread: Stopping because end time detected by thread: Grupo De Hilos 1-73
2020-04-04 21:06:38,180 INFO o.a.j.t.JMeterThread: Thread finished: Grupo De Hilos 1-60
2020-04-04 21:06:38,180 INFO o.a.j.t.JMeterThread: Thread finished: Grupo De Hilos 1-73
2020-04-04 21:06:38,194 INFO o.a.j.t.JMeterThread: Stopping because end time detected by thread: Grupo De Hilos 1-17
2020-04-04 21:06:38,195 INFO o.a.j.t.JMeterThread: Thread finished: Grupo De Hilos 1-17
2020-04-04 21:06:38,195 INFO o.a.j.t.JMeterThread: Stopping because end time detected by thread: Grupo De Hilos 1-78
2020-04-04 21:06:38,195 INFO o.a.j.t.JMeterThread: Stopping because end time detected by thread: Grupo De Hilos 1-82
2020-04-04 21:06:38,195 INFO o.a.j.t.JMeterThread: Stopping because end time detected by thread: Grupo De Hilos 1-53
2020-04-04 21:06:38,195 INFO o.a.j.t.JMeterThread: Thread finished: Grupo De Hilos 1-78
2020-04-04 21:06:38,195 INFO o.a.j.t.JMeterThread: Thread finished: Grupo De Hilos 1-53
2020-04-04 21:06:38,195 INFO o.a.j.t.JMeterThread: Thread finished: Grupo De Hilos 1-82
2020-04-04 21:06:38,196 INFO o.a.j.t.JMeterThread: Stopping because end time detected by thread: Grupo De Hilos 1-68
2020-04-04 21:06:38,196 INFO o.a.j.t.JMeterThread: Thread finished: Grupo De Hilos 1-68
2020-04-04 21:06:38,198 INFO o.a.j.t.JMeterThread: Stopping because end time detected by thread: Grupo De Hilos 1-75
2020-04-04 21:06:38,198 INFO o.a.j.t.JMeterThread: Stopping because end time detected by thread: Grupo De Hilos 1-83
2020-04-04 21:06:38,198 INFO o.a.j.t.JMeterThread: Thread finished: Grupo De Hilos 1-75
2020-04-04 21:06:38,198 INFO o.a.j.t.JMeterThread: Stopping because end time detected by thread: Grupo De Hilos 1-61
2020-04-04 21:06:38,198 INFO o.a.j.t.JMeterThread: Stopping because end time detected by thread: Grupo De Hilos 1-65
2020-04-04 21:06:38,199 INFO o.a.j.t.JMeterThread: Thread finished: Grupo De Hilos 1-61
2020-04-04 21:06:38,199 INFO o.a.j.t.JMeterThread: Thread finished: Grupo De Hilos 1-65
2020-04-04 21:06:38,199 INFO o.a.j.t.JMeterThread: Thread finished: Grupo De Hilos 1-83
2020-04-04 21:06:38,199 INFO o.a.j.t.JMeterThread: Stopping because end time detected by thread: Grupo De Hilos 1-77
2020-04-04 21:06:38,200 INFO o.a.j.t.JMeterThread: Thread finished: Grupo De Hilos 1-77
2020-04-04 21:06:38,200 INFO o.a.j.t.JMeterThread: Stopping because end time detected by thread: Grupo De Hilos 1-20
2020-04-04 21:06:38,200 INFO o.a.j.t.JMeterThread: Thread finished: Grupo De Hilos 1-20
2020-04-04 21:06:38,200 INFO o.a.j.t.JMeterThread: Stopping because end time detected by thread: Grupo De Hilos 1-76
2020-04-04 21:06:38,201 INFO o.a.j.t.JMeterThread: Thread finished: Grupo De Hilos 1-76
2020-04-04 21:06:38,201 INFO o.a.j.t.JMeterThread: Stopping because end time detected by thread: Grupo De Hilos 1-66
2020-04-04 21:06:38,201 INFO o.a.j.t.JMeterThread: Thread finished: Grupo De Hilos 1-66
2020-04-04 21:06:38,201 INFO o.a.j.t.JMeterThread: Stopping because end time detected by thread: Grupo De Hilos 1-67
2020-04-04 21:06:38,201 INFO o.a.j.t.JMeterThread: Thread finished: Grupo De Hilos 1-67
2020-04-04 21:06:38,201 INFO o.a.j.t.JMeterThread: Stopping because end time detected by thread: Grupo De Hilos 1-79
2020-04-04 21:06:38,202 INFO o.a.j.t.JMeterThread: Thread finished: Grupo De Hilos 1-79
2020-04-04 21:06:38,202 INFO o.a.j.t.JMeterThread: Stopping because end time detected by thread: Grupo De Hilos 1-80
2020-04-04 21:06:38,202 INFO o.a.j.t.JMeterThread: Thread finished: Grupo De Hilos 1-80
2020-04-04 21:06:38,202 INFO o.a.j.t.JMeterThread: Stopping because end time detected by thread: Grupo De Hilos 1-70
2020-04-04 21:06:38,202 INFO o.a.j.t.JMeterThread: Thread finished: Grupo De Hilos 1-70
2020-04-04 21:06:38,204 INFO o.a.j.t.JMeterThread: Stopping because end time detected by thread: Grupo De Hilos 1-69
2020-04-04 21:06:38,204 INFO o.a.j.t.JMeterThread: Thread finished: Grupo De Hilos 1-69
2020-04-04 21:06:38,217 INFO o.a.j.t.JMeterThread: Stopping because end time detected by thread: Grupo De Hilos 1-92
2020-04-04 21:06:38,217 INFO o.a.j.t.JMeterThread: Thread finished: Grupo De Hilos 1-92
2020-04-04 21:06:38,218 INFO o.a.j.t.JMeterThread: Stopping because end time detected by thread: Grupo De Hilos 1-54
2020-04-04 21:06:38,218 INFO o.a.j.t.JMeterThread: Stopping because end time detected by thread: Grupo De Hilos 1-89
2020-04-04 21:06:38,219 INFO o.a.j.t.JMeterThread: Thread finished: Grupo De Hilos 1-54
2020-04-04 21:06:38,219 INFO o.a.j.t.JMeterThread: Thread finished: Grupo De Hilos 1-89
2020-04-04 21:06:38,219 INFO o.a.j.t.JMeterThread: Stopping because end time detected by thread: Grupo De Hilos 1-84
2020-04-04 21:06:38,219 INFO o.a.j.t.JMeterThread: Thread finished: Grupo De Hilos 1-84
2020-04-04 21:06:38,219 INFO o.a.j.t.JMeterThread: Stopping because end time detected by thread: Grupo De Hilos 1-90
2020-04-04 21:06:38,219 INFO o.a.j.t.JMeterThread: Stopping because end time detected by thread: Grupo De Hilos 1-87
2020-04-04 21:06:38,220 INFO o.a.j.t.JMeterThread: Thread finished: Grupo De Hilos 1-87
2020-04-04 21:06:38,219 INFO o.a.j.t.JMeterThread: Thread finished: Grupo De Hilos 1-90
2020-04-04 21:06:38,220 INFO o.a.j.t.JMeterThread: Stopping because end time detected by thread: Grupo De Hilos 1-81
2020-04-04 21:06:38,220 INFO o.a.j.t.JMeterThread: Stopping because end time detected by thread: Grupo De Hilos 1-86
2020-04-04 21:06:38,220 INFO o.a.j.t.JMeterThread: Thread finished: Grupo De Hilos 1-81
2020-04-04 21:06:38,221 INFO o.a.j.t.JMeterThread: Thread finished: Grupo De Hilos 1-86
2020-04-04 21:06:38,221 INFO o.a.j.t.JMeterThread: Stopping because end time detected by thread: Grupo De Hilos 1-96
2020-04-04 21:06:38,221 INFO o.a.j.t.JMeterThread: Thread finished: Grupo De Hilos 1-96
2020-04-04 21:06:38,222 INFO o.a.j.t.JMeterThread: Stopping because end time detected by thread: Grupo De Hilos 1-97
2020-04-04 21:06:38,222 INFO o.a.j.t.JMeterThread: Thread finished: Grupo De Hilos 1-97
2020-04-04 21:06:38,222 INFO o.a.j.t.JMeterThread: Stopping because end time detected by thread: Grupo De Hilos 1-93
2020-04-04 21:06:38,222 INFO o.a.j.t.JMeterThread: Thread finished: Grupo De Hilos 1-93
2020-04-04 21:06:38,230 INFO o.a.j.t.JMeterThread: Stopping because end time detected by thread: Grupo De Hilos 1-115
2020-04-04 21:06:38,230 INFO o.a.j.t.JMeterThread: Thread finished: Grupo De Hilos 1-115
2020-04-04 21:06:38,231 INFO o.a.j.t.JMeterThread: Stopping because end time detected by thread: Grupo De Hilos 1-114
2020-04-04 21:06:38,231 INFO o.a.j.t.JMeterThread: Thread finished: Grupo De Hilos 1-114
2020-04-04 21:06:38,238 INFO o.a.j.t.JMeterThread: Stopping because end time detected by thread: Grupo De Hilos 1-100
2020-04-04 21:06:38,238 INFO o.a.j.t.JMeterThread: Stopping because end time detected by thread: Grupo De Hilos 1-109
2020-04-04 21:06:38,238 INFO o.a.j.t.JMeterThread: Stopping because end time detected by thread: Grupo De Hilos 1-88
2020-04-04 21:06:38,238 INFO o.a.j.t.JMeterThread: Stopping because end time detected by thread: Grupo De Hilos 1-94
2020-04-04 21:06:38,239 INFO o.a.j.t.JMeterThread: Thread finished: Grupo De Hilos 1-100
2020-04-04 21:06:38,239 INFO o.a.j.t.JMeterThread: Stopping because end time detected by thread: Grupo De Hilos 1-95
2020-04-04 21:06:38,239 INFO o.a.j.t.JMeterThread: Stopping because end time detected by thread: Grupo De Hilos 1-104
2020-04-04 21:06:38,239 INFO o.a.j.t.JMeterThread: Thread finished: Grupo De Hilos 1-95
2020-04-04 21:06:38,239 INFO o.a.j.t.JMeterThread: Thread finished: Grupo De Hilos 1-104
2020-04-04 21:06:38,240 INFO o.a.j.t.JMeterThread: Stopping because end time detected by thread: Grupo De Hilos 1-118
2020-04-04 21:06:38,240 INFO o.a.j.t.JMeterThread: Stopping because end time detected by thread: Grupo De Hilos 1-98
2020-04-04 21:06:38,240 INFO o.a.j.t.JMeterThread: Thread finished: Grupo De Hilos 1-109
2020-04-04 21:06:38,240 INFO o.a.j.t.JMeterThread: Thread finished: Grupo De Hilos 1-118
2020-04-04 21:06:38,240 INFO o.a.j.t.JMeterThread: Thread finished: Grupo De Hilos 1-98
2020-04-04 21:06:38,239 INFO o.a.j.t.JMeterThread: Thread finished: Grupo De Hilos 1-88
2020-04-04 21:06:38,240 INFO o.a.j.t.JMeterThread: Stopping because end time detected by thread: Grupo De Hilos 1-102
2020-04-04 21:06:38,241 INFO o.a.j.t.JMeterThread: Thread finished: Grupo De Hilos 1-102
2020-04-04 21:06:38,241 INFO o.a.j.t.JMeterThread: Stopping because end time detected by thread: Grupo De Hilos 1-99
2020-04-04 21:06:38,241 INFO o.a.j.t.JMeterThread: Thread finished: Grupo De Hilos 1-99
2020-04-04 21:06:38,240 INFO o.a.j.t.JMeterThread: Stopping because end time detected by thread: Grupo De Hilos 1-62
2020-04-04 21:06:38,241 INFO o.a.j.t.JMeterThread: Thread finished: Grupo De Hilos 1-94
2020-04-04 21:06:38,241 INFO o.a.j.t.JMeterThread: Thread finished: Grupo De Hilos 1-62
2020-04-04 21:06:38,258 INFO o.a.j.t.JMeterThread: Stopping because end time detected by thread: Grupo De Hilos 1-103
2020-04-04 21:06:38,258 INFO o.a.j.t.JMeterThread: Thread finished: Grupo De Hilos 1-103
2020-04-04 21:06:38,259 INFO o.a.j.t.JMeterThread: Stopping because end time detected by thread: Grupo De Hilos 1-120
2020-04-04 21:06:38,259 INFO o.a.j.t.JMeterThread: Stopping because end time detected by thread: Grupo De Hilos 1-117
2020-04-04 21:06:38,259 INFO o.a.j.t.JMeterThread: Thread finished: Grupo De Hilos 1-120
2020-04-04 21:06:38,259 INFO o.a.j.t.JMeterThread: Thread finished: Grupo De Hilos 1-117
2020-04-04 21:06:38,259 INFO o.a.j.t.JMeterThread: Stopping because end time detected by thread: Grupo De Hilos 1-111
2020-04-04 21:06:38,259 INFO o.a.j.t.JMeterThread: Thread finished: Grupo De Hilos 1-111
2020-04-04 21:06:38,261 INFO o.a.j.t.JMeterThread: Stopping because end time detected by thread: Grupo De Hilos 1-105
2020-04-04 21:06:38,262 INFO o.a.j.t.JMeterThread: Thread finished: Grupo De Hilos 1-105
2020-04-04 21:06:38,262 INFO o.a.j.t.JMeterThread: Stopping because end time detected by thread: Grupo De Hilos 1-119
2020-04-04 21:06:38,262 INFO o.a.j.t.JMeterThread: Stopping because end time detected by thread: Grupo De Hilos 1-108
2020-04-04 21:06:38,262 INFO o.a.j.t.JMeterThread: Thread finished: Grupo De Hilos 1-119
2020-04-04 21:06:38,262 INFO o.a.j.t.JMeterThread: Thread finished: Grupo De Hilos 1-108
2020-04-04 21:06:38,262 INFO o.a.j.t.JMeterThread: Stopping because end time detected by thread: Grupo De Hilos 1-91
2020-04-04 21:06:38,262 INFO o.a.j.t.JMeterThread: Thread finished: Grupo De Hilos 1-91
2020-04-04 21:06:38,267 INFO o.a.j.t.JMeterThread: Stopping because end time detected by thread: Grupo De Hilos 1-121
2020-04-04 21:06:38,267 INFO o.a.j.t.JMeterThread: Thread finished: Grupo De Hilos 1-121
2020-04-04 21:06:38,269 INFO o.a.j.t.JMeterThread: Stopping because end time detected by thread: Grupo De Hilos 1-116
2020-04-04 21:06:38,269 INFO o.a.j.t.JMeterThread: Stopping because end time detected by thread: Grupo De Hilos 1-101
2020-04-04 21:06:38,269 INFO o.a.j.t.JMeterThread: Thread finished: Grupo De Hilos 1-116
2020-04-04 21:06:38,269 INFO o.a.j.t.JMeterThread: Stopping because end time detected by thread: Grupo De Hilos 1-107
2020-04-04 21:06:38,269 INFO o.a.j.t.JMeterThread: Thread finished: Grupo De Hilos 1-101
2020-04-04 21:06:38,269 INFO o.a.j.t.JMeterThread: Thread finished: Grupo De Hilos 1-107
2020-04-04 21:06:38,270 INFO o.a.j.t.JMeterThread: Stopping because end time detected by thread: Grupo De Hilos 1-113
2020-04-04 21:06:38,270 INFO o.a.j.t.JMeterThread: Thread finished: Grupo De Hilos 1-113
2020-04-04 21:06:38,270 INFO o.a.j.t.JMeterThread: Stopping because end time detected by thread: Grupo De Hilos 1-112
2020-04-04 21:06:38,271 INFO o.a.j.t.JMeterThread: Thread finished: Grupo De Hilos 1-112
2020-04-04 21:06:38,271 INFO o.a.j.t.JMeterThread: Stopping because end time detected by thread: Grupo De Hilos 1-106
2020-04-04 21:06:38,271 INFO o.a.j.t.JMeterThread: Thread finished: Grupo De Hilos 1-106
2020-04-04 21:06:38,271 INFO o.a.j.t.JMeterThread: Stopping because end time detected by thread: Grupo De Hilos 1-127
2020-04-04 21:06:38,272 INFO o.a.j.t.JMeterThread: Thread finished: Grupo De Hilos 1-127
2020-04-04 21:06:38,273 INFO o.a.j.t.JMeterThread: Stopping because end time detected by thread: Grupo De Hilos 1-123
2020-04-04 21:06:38,273 INFO o.a.j.t.JMeterThread: Thread finished: Grupo De Hilos 1-123
2020-04-04 21:06:38,282 INFO o.a.j.t.JMeterThread: Stopping because end time detected by thread: Grupo De Hilos 1-122
2020-04-04 21:06:38,282 INFO o.a.j.t.JMeterThread: Stopping because end time detected by thread: Grupo De Hilos 1-125
2020-04-04 21:06:38,282 INFO o.a.j.t.JMeterThread: Stopping because end time detected by thread: Grupo De Hilos 1-128
2020-04-04 21:06:38,283 INFO o.a.j.t.JMeterThread: Thread finished: Grupo De Hilos 1-122
2020-04-04 21:06:38,283 INFO o.a.j.t.JMeterThread: Thread finished: Grupo De Hilos 1-125
2020-04-04 21:06:38,283 INFO o.a.j.t.JMeterThread: Stopping because end time detected by thread: Grupo De Hilos 1-124
2020-04-04 21:06:38,283 INFO o.a.j.t.JMeterThread: Thread finished: Grupo De Hilos 1-128
2020-04-04 21:06:38,283 INFO o.a.j.t.JMeterThread: Thread finished: Grupo De Hilos 1-124
2020-04-04 21:06:38,283 INFO o.a.j.t.JMeterThread: Stopping because end time detected by thread: Grupo De Hilos 1-132
2020-04-04 21:06:38,284 INFO o.a.j.t.JMeterThread: Thread finished: Grupo De Hilos 1-132
2020-04-04 21:06:38,287 INFO o.a.j.t.JMeterThread: Stopping because end time detected by thread: Grupo De Hilos 1-126
2020-04-04 21:06:38,288 INFO o.a.j.t.JMeterThread: Thread finished: Grupo De Hilos 1-126
2020-04-04 21:06:38,290 INFO o.a.j.t.JMeterThread: Stopping because end time detected by thread: Grupo De Hilos 1-136
2020-04-04 21:06:38,291 INFO o.a.j.t.JMeterThread: Thread finished: Grupo De Hilos 1-136
2020-04-04 21:06:38,291 INFO o.a.j.t.JMeterThread: Stopping because end time detected by thread: Grupo De Hilos 1-133
2020-04-04 21:06:38,291 INFO o.a.j.t.JMeterThread: Stopping because end time detected by thread: Grupo De Hilos 1-143
2020-04-04 21:06:38,291 INFO o.a.j.t.JMeterThread: Thread finished: Grupo De Hilos 1-133
2020-04-04 21:06:38,291 INFO o.a.j.t.JMeterThread: Thread finished: Grupo De Hilos 1-143
2020-04-04 21:06:38,305 INFO o.a.j.t.JMeterThread: Stopping because end time detected by thread: Grupo De Hilos 1-148
2020-04-04 21:06:38,305 INFO o.a.j.t.JMeterThread: Stopping because end time detected by thread: Grupo De Hilos 1-110
2020-04-04 21:06:38,305 INFO o.a.j.t.JMeterThread: Thread finished: Grupo De Hilos 1-148
2020-04-04 21:06:38,306 INFO o.a.j.t.JMeterThread: Thread finished: Grupo De Hilos 1-110
2020-04-04 21:06:38,306 INFO o.a.j.t.JMeterThread: Stopping because end time detected by thread: Grupo De Hilos 1-140
2020-04-04 21:06:38,306 INFO o.a.j.t.JMeterThread: Stopping because end time detected by thread: Grupo De Hilos 1-149
2020-04-04 21:06:38,306 INFO o.a.j.t.JMeterThread: Thread finished: Grupo De Hilos 1-140
2020-04-04 21:06:38,306 INFO o.a.j.t.JMeterThread: Thread finished: Grupo De Hilos 1-149
2020-04-04 21:06:38,306 INFO o.a.j.t.JMeterThread: Stopping because end time detected by thread: Grupo De Hilos 1-150
2020-04-04 21:06:38,306 INFO o.a.j.t.JMeterThread: Thread finished: Grupo De Hilos 1-150
2020-04-04 21:06:38,305 INFO o.a.j.t.JMeterThread: Stopping because end time detected by thread: Grupo De Hilos 1-137
2020-04-04 21:06:38,307 INFO o.a.j.t.JMeterThread: Thread finished: Grupo De Hilos 1-137
2020-04-04 21:06:38,307 INFO o.a.j.t.JMeterThread: Stopping because end time detected by thread: Grupo De Hilos 1-129
2020-04-04 21:06:38,307 INFO o.a.j.t.JMeterThread: Thread finished: Grupo De Hilos 1-129
2020-04-04 21:06:38,305 INFO o.a.j.t.JMeterThread: Stopping because end time detected by thread: Grupo De Hilos 1-131
2020-04-04 21:06:38,307 INFO o.a.j.t.JMeterThread: Stopping because end time detected by thread: Grupo De Hilos 1-139
2020-04-04 21:06:38,307 INFO o.a.j.t.JMeterThread: Stopping because end time detected by thread: Grupo De Hilos 1-135
2020-04-04 21:06:38,308 INFO o.a.j.t.JMeterThread: Thread finished: Grupo De Hilos 1-131
2020-04-04 21:06:38,308 INFO o.a.j.t.JMeterThread: Stopping because end time detected by thread: Grupo De Hilos 1-134
2020-04-04 21:06:38,308 INFO o.a.j.t.JMeterThread: Thread finished: Grupo De Hilos 1-135
2020-04-04 21:06:38,308 INFO o.a.j.t.JMeterThread: Thread finished: Grupo De Hilos 1-139
2020-04-04 21:06:38,308 INFO o.a.j.t.JMeterThread: Thread finished: Grupo De Hilos 1-134
2020-04-04 21:06:38,310 INFO o.a.j.t.JMeterThread: Stopping because end time detected by thread: Grupo De Hilos 1-147
2020-04-04 21:06:38,310 INFO o.a.j.t.JMeterThread: Stopping because end time detected by thread: Grupo De Hilos 1-141
2020-04-04 21:06:38,310 INFO o.a.j.t.JMeterThread: Stopping because end time detected by thread: Grupo De Hilos 1-130
2020-04-04 21:06:38,310 INFO o.a.j.t.JMeterThread: Thread finished: Grupo De Hilos 1-141
2020-04-04 21:06:38,310 INFO o.a.j.t.JMeterThread: Thread finished: Grupo De Hilos 1-147
2020-04-04 21:06:38,310 INFO o.a.j.t.JMeterThread: Thread finished: Grupo De Hilos 1-130
2020-04-04 21:06:38,311 INFO o.a.j.t.JMeterThread: Stopping because end time detected by thread: Grupo De Hilos 1-142
2020-04-04 21:06:38,311 INFO o.a.j.t.JMeterThread: Thread finished: Grupo De Hilos 1-142
2020-04-04 21:06:38,322 INFO o.a.j.t.JMeterThread: Stopping because end time detected by thread: Grupo De Hilos 1-144
2020-04-04 21:06:38,323 INFO o.a.j.t.JMeterThread: Thread finished: Grupo De Hilos 1-144
2020-04-04 21:06:38,325 INFO o.a.j.t.JMeterThread: Stopping because end time detected by thread: Grupo De Hilos 1-146
2020-04-04 21:06:38,325 INFO o.a.j.t.JMeterThread: Thread finished: Grupo De Hilos 1-146
2020-04-04 21:06:38,326 INFO o.a.j.t.JMeterThread: Stopping because end time detected by thread: Grupo De Hilos 1-145
2020-04-04 21:06:38,326 INFO o.a.j.t.JMeterThread: Thread finished: Grupo De Hilos 1-145
2020-04-04 21:06:38,332 INFO o.a.j.t.JMeterThread: Stopping because end time detected by thread: Grupo De Hilos 1-138
2020-04-04 21:06:38,333 INFO o.a.j.t.JMeterThread: Thread finished: Grupo De Hilos 1-138
2020-04-04 21:07:10,125 INFO o.a.j.t.JMeterThread: Stopping because end time detected by thread: Grupo De Hilos 1-85
2020-04-04 21:07:10,126 INFO o.a.j.t.JMeterThread: Thread finished: Grupo De Hilos 1-85
2020-04-04 21:08:13,614 INFO o.a.j.t.JMeterThread: Stopping because end time detected by thread: Grupo De Hilos 1-24
2020-04-04 21:08:13,614 INFO o.a.j.t.JMeterThread: Thread finished: Grupo De Hilos 1-24
2020-04-04 21:08:15,662 INFO o.a.j.t.JMeterThread: Stopping because end time detected by thread: Grupo De Hilos 1-44
2020-04-04 21:08:15,662 INFO o.a.j.t.JMeterThread: Thread finished: Grupo De Hilos 1-44
2020-04-04 21:08:15,663 INFO o.a.j.e.StandardJMeterEngine: Notifying test listeners of end of test
2020-04-04 21:08:15,665 INFO o.a.j.r.Summariser: summary +  12632 in 00:01:46 =  119.6/s Avg:   126 Min:    24 Max: 130868 Err:     3 (0.02%) Active: 0 Started: 150 Finished: 150
2020-04-04 21:08:15,666 INFO o.a.j.r.Summariser: summary = 424294 in 00:06:38 = 1066.8/s Avg:    95 Min:    13 Max: 131010 Err:     5 (0.00%)
