2020-04-04 20:43:44,250 INFO o.a.j.u.JMeterUtils: Setting Locale to en_US
2020-04-04 20:43:44,282 INFO o.a.j.JMeter: Loading user properties from: /home/pablo/jmeter/bin/user.properties
2020-04-04 20:43:44,283 INFO o.a.j.JMeter: Loading system properties from: /home/pablo/jmeter/bin/system.properties
2020-04-04 20:43:44,284 INFO o.a.j.JMeter: Setting System property: HILOS=150
2020-04-04 20:43:44,284 INFO o.a.j.JMeter: Setting System property: SUBIDA=60
2020-04-04 20:43:44,285 INFO o.a.j.JMeter: Setting System property: DURACION=300
2020-04-04 20:43:44,285 INFO o.a.j.JMeter: Setting System property: PAGE=/test/imagenp.html
2020-04-04 20:43:44,285 INFO o.a.j.JMeter: Setting System property: FILE=scriptresultsperfmonP150.jtl
2020-04-04 20:43:44,288 INFO o.a.j.JMeter: Copyright (c) 1998-2019 The Apache Software Foundation
2020-04-04 20:43:44,288 INFO o.a.j.JMeter: Version 5.2.1
2020-04-04 20:43:44,289 INFO o.a.j.JMeter: java.version=1.8.0_201
2020-04-04 20:43:44,289 INFO o.a.j.JMeter: java.vm.name=Java HotSpot(TM) 64-Bit Server VM
2020-04-04 20:43:44,289 INFO o.a.j.JMeter: os.name=Linux
2020-04-04 20:43:44,289 INFO o.a.j.JMeter: os.arch=amd64
2020-04-04 20:43:44,290 INFO o.a.j.JMeter: os.version=4.15.0-91-generic
2020-04-04 20:43:44,290 INFO o.a.j.JMeter: file.encoding=UTF-8
2020-04-04 20:43:44,290 INFO o.a.j.JMeter: java.awt.headless=true
2020-04-04 20:43:44,291 INFO o.a.j.JMeter: Max memory     =732954624
2020-04-04 20:43:44,291 INFO o.a.j.JMeter: Available Processors =4
2020-04-04 20:43:44,299 INFO o.a.j.JMeter: Default Locale=English (United States)
2020-04-04 20:43:44,299 INFO o.a.j.JMeter: JMeter  Locale=English (United States)
2020-04-04 20:43:44,300 INFO o.a.j.JMeter: JMeterHome=/home/pablo/jmeter
2020-04-04 20:43:44,300 INFO o.a.j.JMeter: user.dir  =/home/pablo/jmeter/bin/EJECUCIONES/P1
2020-04-04 20:43:44,300 INFO o.a.j.JMeter: PWD       =/home/pablo/jmeter/bin/EJECUCIONES/P1
2020-04-04 20:43:44,301 INFO o.a.j.JMeter: IP: 127.0.1.1 Name: hylianpablo FullName: hylianpablo
2020-04-04 20:43:44,310 INFO o.a.j.s.FileServer: Default base='/home/pablo/jmeter/bin/EJECUCIONES/P1'
2020-04-04 20:43:44,319 INFO o.a.j.s.FileServer: Set new base='/home/pablo/jmeter/bin/EJECUCIONES/P1/../..'
2020-04-04 20:43:44,593 INFO o.a.j.s.SaveService: Testplan (JMX) version: 2.2. Testlog (JTL) version: 2.2
2020-04-04 20:43:44,612 INFO o.a.j.s.SaveService: Using SaveService properties file encoding UTF-8
2020-04-04 20:43:44,625 INFO o.a.j.s.SaveService: Using SaveService properties version 5.0
2020-04-04 20:43:44,644 INFO o.a.j.s.SaveService: Loading file: ../../Correcto.jmx
2020-04-04 20:43:44,807 INFO o.a.j.p.h.s.HTTPSamplerBase: Parser for text/html is org.apache.jmeter.protocol.http.parser.LagartoBasedHtmlParser
2020-04-04 20:43:44,808 INFO o.a.j.p.h.s.HTTPSamplerBase: Parser for application/xhtml+xml is org.apache.jmeter.protocol.http.parser.LagartoBasedHtmlParser
2020-04-04 20:43:44,808 INFO o.a.j.p.h.s.HTTPSamplerBase: Parser for application/xml is org.apache.jmeter.protocol.http.parser.LagartoBasedHtmlParser
2020-04-04 20:43:44,808 INFO o.a.j.p.h.s.HTTPSamplerBase: Parser for text/xml is org.apache.jmeter.protocol.http.parser.LagartoBasedHtmlParser
2020-04-04 20:43:44,809 INFO o.a.j.p.h.s.HTTPSamplerBase: Parser for text/vnd.wap.wml is org.apache.jmeter.protocol.http.parser.RegexpHTMLParser
2020-04-04 20:43:44,809 INFO o.a.j.p.h.s.HTTPSamplerBase: Parser for text/css is org.apache.jmeter.protocol.http.parser.CssParser
2020-04-04 20:43:44,839 INFO o.a.j.JMeter: Creating summariser <summary>
2020-04-04 20:43:44,857 INFO o.a.j.e.StandardJMeterEngine: Running the test!
2020-04-04 20:43:44,859 INFO o.a.j.s.SampleEvent: List of sample_variables: []
2020-04-04 20:43:44,859 INFO o.a.j.s.SampleEvent: List of sample_variables: []
2020-04-04 20:43:44,871 INFO o.a.j.e.u.CompoundVariable: Note: Function class names must contain the string: '.functions.'
2020-04-04 20:43:44,871 INFO o.a.j.e.u.CompoundVariable: Note: Function class names must not contain the string: '.gui.'
2020-04-04 20:43:45,704 INFO o.a.j.JMeter: Running test (1586025825704)
2020-04-04 20:43:45,787 INFO o.a.j.e.StandardJMeterEngine: Starting ThreadGroup: 1 : Grupo De Hilos
2020-04-04 20:43:45,788 INFO o.a.j.e.StandardJMeterEngine: Starting 150 threads for group Grupo De Hilos.
2020-04-04 20:43:45,788 INFO o.a.j.e.StandardJMeterEngine: Thread will continue on error
2020-04-04 20:43:45,789 INFO o.a.j.t.ThreadGroup: Starting thread group... number=1 threads=150 ramp-up=60 delayedStart=false
2020-04-04 20:43:45,841 INFO o.a.j.t.JMeterThread: Thread started: Grupo De Hilos 1-1
2020-04-04 20:43:45,900 INFO o.a.j.p.h.s.HTTPHCAbstractImpl: Local host = hylianpablo
2020-04-04 20:43:45,921 INFO o.a.j.p.h.s.HTTPHC4Impl: HTTP request retry count = 0
2020-04-04 20:43:45,926 INFO o.a.j.s.SampleResult: Note: Sample TimeStamps are START times
2020-04-04 20:43:45,926 INFO o.a.j.s.SampleResult: sampleresult.default.encoding is set to ISO-8859-1
2020-04-04 20:43:45,926 INFO o.a.j.s.SampleResult: sampleresult.useNanoTime=true
2020-04-04 20:43:45,927 INFO o.a.j.s.SampleResult: sampleresult.nanoThreadSleep=5000
2020-04-04 20:43:46,062 INFO o.a.j.t.ThreadGroup: Started thread group number 1
2020-04-04 20:43:46,062 INFO o.a.j.e.StandardJMeterEngine: All thread groups have been started
2020-04-04 20:43:46,225 INFO o.a.j.t.JMeterThread: Thread started: Grupo De Hilos 1-2
2020-04-04 20:43:46,625 INFO o.a.j.t.JMeterThread: Thread started: Grupo De Hilos 1-3
2020-04-04 20:43:47,024 INFO o.a.j.t.JMeterThread: Thread started: Grupo De Hilos 1-4
2020-04-04 20:43:47,393 INFO o.a.j.t.JMeterThread: Thread started: Grupo De Hilos 1-5
2020-04-04 20:43:47,795 INFO o.a.j.t.JMeterThread: Thread started: Grupo De Hilos 1-6
2020-04-04 20:43:48,193 INFO o.a.j.t.JMeterThread: Thread started: Grupo De Hilos 1-7
2020-04-04 20:43:48,593 INFO o.a.j.t.JMeterThread: Thread started: Grupo De Hilos 1-8
2020-04-04 20:43:48,992 INFO o.a.j.t.JMeterThread: Thread started: Grupo De Hilos 1-9
2020-04-04 20:43:49,392 INFO o.a.j.t.JMeterThread: Thread started: Grupo De Hilos 1-10
2020-04-04 20:43:49,792 INFO o.a.j.t.JMeterThread: Thread started: Grupo De Hilos 1-11
2020-04-04 20:43:50,192 INFO o.a.j.t.JMeterThread: Thread started: Grupo De Hilos 1-12
2020-04-04 20:43:50,591 INFO o.a.j.t.JMeterThread: Thread started: Grupo De Hilos 1-13
2020-04-04 20:43:51,004 INFO o.a.j.t.JMeterThread: Thread started: Grupo De Hilos 1-14
2020-04-04 20:43:51,400 INFO o.a.j.t.JMeterThread: Thread started: Grupo De Hilos 1-15
2020-04-04 20:43:51,798 INFO o.a.j.t.JMeterThread: Thread started: Grupo De Hilos 1-16
2020-04-04 20:43:52,196 INFO o.a.j.t.JMeterThread: Thread started: Grupo De Hilos 1-17
2020-04-04 20:43:52,596 INFO o.a.j.t.JMeterThread: Thread started: Grupo De Hilos 1-18
2020-04-04 20:43:52,993 INFO o.a.j.t.JMeterThread: Thread started: Grupo De Hilos 1-19
2020-04-04 20:43:53,390 INFO o.a.j.t.JMeterThread: Thread started: Grupo De Hilos 1-20
2020-04-04 20:43:53,790 INFO o.a.j.t.JMeterThread: Thread started: Grupo De Hilos 1-21
2020-04-04 20:43:54,192 INFO o.a.j.t.JMeterThread: Thread started: Grupo De Hilos 1-22
2020-04-04 20:43:54,593 INFO o.a.j.t.JMeterThread: Thread started: Grupo De Hilos 1-23
2020-04-04 20:43:54,991 INFO o.a.j.t.JMeterThread: Thread started: Grupo De Hilos 1-24
2020-04-04 20:43:55,390 INFO o.a.j.t.JMeterThread: Thread started: Grupo De Hilos 1-25
2020-04-04 20:43:55,795 INFO o.a.j.t.JMeterThread: Thread started: Grupo De Hilos 1-26
2020-04-04 20:43:56,192 INFO o.a.j.t.JMeterThread: Thread started: Grupo De Hilos 1-27
2020-04-04 20:43:56,592 INFO o.a.j.t.JMeterThread: Thread started: Grupo De Hilos 1-28
2020-04-04 20:43:56,990 INFO o.a.j.t.JMeterThread: Thread started: Grupo De Hilos 1-29
2020-04-04 20:43:57,394 INFO o.a.j.t.JMeterThread: Thread started: Grupo De Hilos 1-30
2020-04-04 20:43:57,791 INFO o.a.j.t.JMeterThread: Thread started: Grupo De Hilos 1-31
2020-04-04 20:43:58,191 INFO o.a.j.t.JMeterThread: Thread started: Grupo De Hilos 1-32
2020-04-04 20:43:58,592 INFO o.a.j.t.JMeterThread: Thread started: Grupo De Hilos 1-33
2020-04-04 20:43:58,992 INFO o.a.j.t.JMeterThread: Thread started: Grupo De Hilos 1-34
2020-04-04 20:43:59,392 INFO o.a.j.t.JMeterThread: Thread started: Grupo De Hilos 1-35
2020-04-04 20:43:59,790 INFO o.a.j.t.JMeterThread: Thread started: Grupo De Hilos 1-36
2020-04-04 20:44:00,014 INFO o.a.j.r.Summariser: summary +   6421 in 00:00:14 =  449.0/s Avg:    39 Min:    13 Max:   328 Err:     0 (0.00%) Active: 36 Started: 36 Finished: 0
2020-04-04 20:44:00,190 INFO o.a.j.t.JMeterThread: Thread started: Grupo De Hilos 1-37
2020-04-04 20:44:00,592 INFO o.a.j.t.JMeterThread: Thread started: Grupo De Hilos 1-38
2020-04-04 20:44:00,992 INFO o.a.j.t.JMeterThread: Thread started: Grupo De Hilos 1-39
2020-04-04 20:44:01,391 INFO o.a.j.t.JMeterThread: Thread started: Grupo De Hilos 1-40
2020-04-04 20:44:01,791 INFO o.a.j.t.JMeterThread: Thread started: Grupo De Hilos 1-41
2020-04-04 20:44:02,190 INFO o.a.j.t.JMeterThread: Thread started: Grupo De Hilos 1-42
2020-04-04 20:44:02,590 INFO o.a.j.t.JMeterThread: Thread started: Grupo De Hilos 1-43
2020-04-04 20:44:02,990 INFO o.a.j.t.JMeterThread: Thread started: Grupo De Hilos 1-44
2020-04-04 20:44:03,390 INFO o.a.j.t.JMeterThread: Thread started: Grupo De Hilos 1-45
2020-04-04 20:44:03,790 INFO o.a.j.t.JMeterThread: Thread started: Grupo De Hilos 1-46
2020-04-04 20:44:04,190 INFO o.a.j.t.JMeterThread: Thread started: Grupo De Hilos 1-47
2020-04-04 20:44:04,591 INFO o.a.j.t.JMeterThread: Thread started: Grupo De Hilos 1-48
2020-04-04 20:44:04,989 INFO o.a.j.t.JMeterThread: Thread started: Grupo De Hilos 1-49
2020-04-04 20:44:05,391 INFO o.a.j.t.JMeterThread: Thread started: Grupo De Hilos 1-50
2020-04-04 20:44:05,792 INFO o.a.j.t.JMeterThread: Thread started: Grupo De Hilos 1-51
2020-04-04 20:44:06,191 INFO o.a.j.t.JMeterThread: Thread started: Grupo De Hilos 1-52
2020-04-04 20:44:06,591 INFO o.a.j.t.JMeterThread: Thread started: Grupo De Hilos 1-53
2020-04-04 20:44:06,990 INFO o.a.j.t.JMeterThread: Thread started: Grupo De Hilos 1-54
2020-04-04 20:44:07,390 INFO o.a.j.t.JMeterThread: Thread started: Grupo De Hilos 1-55
2020-04-04 20:44:07,789 INFO o.a.j.t.JMeterThread: Thread started: Grupo De Hilos 1-56
2020-04-04 20:44:08,190 INFO o.a.j.t.JMeterThread: Thread started: Grupo De Hilos 1-57
2020-04-04 20:44:08,589 INFO o.a.j.t.JMeterThread: Thread started: Grupo De Hilos 1-58
2020-04-04 20:44:08,990 INFO o.a.j.t.JMeterThread: Thread started: Grupo De Hilos 1-59
2020-04-04 20:44:09,389 INFO o.a.j.t.JMeterThread: Thread started: Grupo De Hilos 1-60
2020-04-04 20:44:09,790 INFO o.a.j.t.JMeterThread: Thread started: Grupo De Hilos 1-61
2020-04-04 20:44:10,191 INFO o.a.j.t.JMeterThread: Thread started: Grupo De Hilos 1-62
2020-04-04 20:44:10,591 INFO o.a.j.t.JMeterThread: Thread started: Grupo De Hilos 1-63
2020-04-04 20:44:10,991 INFO o.a.j.t.JMeterThread: Thread started: Grupo De Hilos 1-64
2020-04-04 20:44:11,391 INFO o.a.j.t.JMeterThread: Thread started: Grupo De Hilos 1-65
2020-04-04 20:44:11,791 INFO o.a.j.t.JMeterThread: Thread started: Grupo De Hilos 1-66
2020-04-04 20:44:12,190 INFO o.a.j.t.JMeterThread: Thread started: Grupo De Hilos 1-67
2020-04-04 20:44:12,591 INFO o.a.j.t.JMeterThread: Thread started: Grupo De Hilos 1-68
2020-04-04 20:44:12,991 INFO o.a.j.t.JMeterThread: Thread started: Grupo De Hilos 1-69
2020-04-04 20:44:13,391 INFO o.a.j.t.JMeterThread: Thread started: Grupo De Hilos 1-70
2020-04-04 20:44:13,791 INFO o.a.j.t.JMeterThread: Thread started: Grupo De Hilos 1-71
2020-04-04 20:44:14,195 INFO o.a.j.t.JMeterThread: Thread started: Grupo De Hilos 1-72
2020-04-04 20:44:14,598 INFO o.a.j.t.JMeterThread: Thread started: Grupo De Hilos 1-73
2020-04-04 20:44:14,990 INFO o.a.j.t.JMeterThread: Thread started: Grupo De Hilos 1-74
2020-04-04 20:44:15,392 INFO o.a.j.t.JMeterThread: Thread started: Grupo De Hilos 1-75
2020-04-04 20:44:15,791 INFO o.a.j.t.JMeterThread: Thread started: Grupo De Hilos 1-76
2020-04-04 20:44:16,190 INFO o.a.j.t.JMeterThread: Thread started: Grupo De Hilos 1-77
2020-04-04 20:44:16,591 INFO o.a.j.t.JMeterThread: Thread started: Grupo De Hilos 1-78
2020-04-04 20:44:16,990 INFO o.a.j.t.JMeterThread: Thread started: Grupo De Hilos 1-79
2020-04-04 20:44:17,395 INFO o.a.j.t.JMeterThread: Thread started: Grupo De Hilos 1-80
2020-04-04 20:44:17,794 INFO o.a.j.t.JMeterThread: Thread started: Grupo De Hilos 1-81
2020-04-04 20:44:18,195 INFO o.a.j.t.JMeterThread: Thread started: Grupo De Hilos 1-82
2020-04-04 20:44:18,593 INFO o.a.j.t.JMeterThread: Thread started: Grupo De Hilos 1-83
2020-04-04 20:44:18,994 INFO o.a.j.t.JMeterThread: Thread started: Grupo De Hilos 1-84
2020-04-04 20:44:19,393 INFO o.a.j.t.JMeterThread: Thread started: Grupo De Hilos 1-85
2020-04-04 20:44:19,791 INFO o.a.j.t.JMeterThread: Thread started: Grupo De Hilos 1-86
2020-04-04 20:44:20,191 INFO o.a.j.t.JMeterThread: Thread started: Grupo De Hilos 1-87
2020-04-04 20:44:20,591 INFO o.a.j.t.JMeterThread: Thread started: Grupo De Hilos 1-88
2020-04-04 20:44:20,991 INFO o.a.j.t.JMeterThread: Thread started: Grupo De Hilos 1-89
2020-04-04 20:44:21,397 INFO o.a.j.t.JMeterThread: Thread started: Grupo De Hilos 1-90
2020-04-04 20:44:21,800 INFO o.a.j.t.JMeterThread: Thread started: Grupo De Hilos 1-91
2020-04-04 20:44:22,190 INFO o.a.j.t.JMeterThread: Thread started: Grupo De Hilos 1-92
2020-04-04 20:44:22,591 INFO o.a.j.t.JMeterThread: Thread started: Grupo De Hilos 1-93
2020-04-04 20:44:22,993 INFO o.a.j.t.JMeterThread: Thread started: Grupo De Hilos 1-94
2020-04-04 20:44:23,395 INFO o.a.j.t.JMeterThread: Thread started: Grupo De Hilos 1-95
2020-04-04 20:44:23,795 INFO o.a.j.t.JMeterThread: Thread started: Grupo De Hilos 1-96
2020-04-04 20:44:24,193 INFO o.a.j.t.JMeterThread: Thread started: Grupo De Hilos 1-97
2020-04-04 20:44:24,598 INFO o.a.j.t.JMeterThread: Thread started: Grupo De Hilos 1-98
2020-04-04 20:44:25,000 INFO o.a.j.t.JMeterThread: Thread started: Grupo De Hilos 1-99
2020-04-04 20:44:25,394 INFO o.a.j.t.JMeterThread: Thread started: Grupo De Hilos 1-100
2020-04-04 20:44:25,793 INFO o.a.j.t.JMeterThread: Thread started: Grupo De Hilos 1-101
2020-04-04 20:44:26,194 INFO o.a.j.t.JMeterThread: Thread started: Grupo De Hilos 1-102
2020-04-04 20:44:26,592 INFO o.a.j.t.JMeterThread: Thread started: Grupo De Hilos 1-103
2020-04-04 20:44:26,992 INFO o.a.j.t.JMeterThread: Thread started: Grupo De Hilos 1-104
2020-04-04 20:44:27,392 INFO o.a.j.t.JMeterThread: Thread started: Grupo De Hilos 1-105
2020-04-04 20:44:27,792 INFO o.a.j.t.JMeterThread: Thread started: Grupo De Hilos 1-106
2020-04-04 20:44:28,194 INFO o.a.j.t.JMeterThread: Thread started: Grupo De Hilos 1-107
2020-04-04 20:44:28,591 INFO o.a.j.t.JMeterThread: Thread started: Grupo De Hilos 1-108
2020-04-04 20:44:28,993 INFO o.a.j.t.JMeterThread: Thread started: Grupo De Hilos 1-109
2020-04-04 20:44:29,395 INFO o.a.j.t.JMeterThread: Thread started: Grupo De Hilos 1-110
2020-04-04 20:44:29,790 INFO o.a.j.t.JMeterThread: Thread started: Grupo De Hilos 1-111
2020-04-04 20:44:30,009 INFO o.a.j.r.Summariser: summary +  55103 in 00:00:30 = 1836.6/s Avg:    39 Min:    14 Max:   327 Err:     0 (0.00%) Active: 111 Started: 111 Finished: 0
2020-04-04 20:44:30,010 INFO o.a.j.r.Summariser: summary =  61524 in 00:00:44 = 1388.6/s Avg:    39 Min:    13 Max:   328 Err:     0 (0.00%)
2020-04-04 20:44:30,190 INFO o.a.j.t.JMeterThread: Thread started: Grupo De Hilos 1-112
2020-04-04 20:44:30,592 INFO o.a.j.t.JMeterThread: Thread started: Grupo De Hilos 1-113
2020-04-04 20:44:30,991 INFO o.a.j.t.JMeterThread: Thread started: Grupo De Hilos 1-114
2020-04-04 20:44:31,390 INFO o.a.j.t.JMeterThread: Thread started: Grupo De Hilos 1-115
2020-04-04 20:44:31,790 INFO o.a.j.t.JMeterThread: Thread started: Grupo De Hilos 1-116
2020-04-04 20:44:32,190 INFO o.a.j.t.JMeterThread: Thread started: Grupo De Hilos 1-117
2020-04-04 20:44:32,596 INFO o.a.j.t.JMeterThread: Thread started: Grupo De Hilos 1-118
2020-04-04 20:44:32,996 INFO o.a.j.t.JMeterThread: Thread started: Grupo De Hilos 1-119
2020-04-04 20:44:33,392 INFO o.a.j.t.JMeterThread: Thread started: Grupo De Hilos 1-120
2020-04-04 20:44:33,792 INFO o.a.j.t.JMeterThread: Thread started: Grupo De Hilos 1-121
2020-04-04 20:44:34,201 INFO o.a.j.t.JMeterThread: Thread started: Grupo De Hilos 1-122
2020-04-04 20:44:34,606 INFO o.a.j.t.JMeterThread: Thread started: Grupo De Hilos 1-123
2020-04-04 20:44:35,011 INFO o.a.j.t.JMeterThread: Thread started: Grupo De Hilos 1-124
2020-04-04 20:44:35,394 INFO o.a.j.t.JMeterThread: Thread started: Grupo De Hilos 1-125
2020-04-04 20:44:35,791 INFO o.a.j.t.JMeterThread: Thread started: Grupo De Hilos 1-126
2020-04-04 20:44:36,191 INFO o.a.j.t.JMeterThread: Thread started: Grupo De Hilos 1-127
2020-04-04 20:44:36,592 INFO o.a.j.t.JMeterThread: Thread started: Grupo De Hilos 1-128
2020-04-04 20:44:36,992 INFO o.a.j.t.JMeterThread: Thread started: Grupo De Hilos 1-129
2020-04-04 20:44:37,392 INFO o.a.j.t.JMeterThread: Thread started: Grupo De Hilos 1-130
2020-04-04 20:44:37,790 INFO o.a.j.t.JMeterThread: Thread started: Grupo De Hilos 1-131
2020-04-04 20:44:38,191 INFO o.a.j.t.JMeterThread: Thread started: Grupo De Hilos 1-132
2020-04-04 20:44:38,594 INFO o.a.j.t.JMeterThread: Thread started: Grupo De Hilos 1-133
2020-04-04 20:44:38,993 INFO o.a.j.t.JMeterThread: Thread started: Grupo De Hilos 1-134
2020-04-04 20:44:39,390 INFO o.a.j.t.JMeterThread: Thread started: Grupo De Hilos 1-135
2020-04-04 20:44:39,790 INFO o.a.j.t.JMeterThread: Thread started: Grupo De Hilos 1-136
2020-04-04 20:44:40,190 INFO o.a.j.t.JMeterThread: Thread started: Grupo De Hilos 1-137
2020-04-04 20:44:40,591 INFO o.a.j.t.JMeterThread: Thread started: Grupo De Hilos 1-138
2020-04-04 20:44:40,990 INFO o.a.j.t.JMeterThread: Thread started: Grupo De Hilos 1-139
2020-04-04 20:44:41,393 INFO o.a.j.t.JMeterThread: Thread started: Grupo De Hilos 1-140
2020-04-04 20:44:41,791 INFO o.a.j.t.JMeterThread: Thread started: Grupo De Hilos 1-141
2020-04-04 20:44:42,190 INFO o.a.j.t.JMeterThread: Thread started: Grupo De Hilos 1-142
2020-04-04 20:44:42,591 INFO o.a.j.t.JMeterThread: Thread started: Grupo De Hilos 1-143
2020-04-04 20:44:42,990 INFO o.a.j.t.JMeterThread: Thread started: Grupo De Hilos 1-144
2020-04-04 20:44:43,394 INFO o.a.j.t.JMeterThread: Thread started: Grupo De Hilos 1-145
2020-04-04 20:44:43,790 INFO o.a.j.t.JMeterThread: Thread started: Grupo De Hilos 1-146
2020-04-04 20:44:44,191 INFO o.a.j.t.JMeterThread: Thread started: Grupo De Hilos 1-147
2020-04-04 20:44:44,590 INFO o.a.j.t.JMeterThread: Thread started: Grupo De Hilos 1-148
2020-04-04 20:44:44,993 INFO o.a.j.t.JMeterThread: Thread started: Grupo De Hilos 1-149
2020-04-04 20:44:45,393 INFO o.a.j.t.JMeterThread: Thread started: Grupo De Hilos 1-150
2020-04-04 20:45:00,019 INFO o.a.j.r.Summariser: summary +  54945 in 00:00:30 = 1830.9/s Avg:    76 Min:    21 Max:   408 Err:     0 (0.00%) Active: 150 Started: 150 Finished: 0
2020-04-04 20:45:00,020 INFO o.a.j.r.Summariser: summary = 116469 in 00:01:14 = 1567.2/s Avg:    56 Min:    13 Max:   408 Err:     0 (0.00%)
2020-04-04 20:45:30,002 INFO o.a.j.r.Summariser: summary +  48355 in 00:00:30 = 1612.8/s Avg:    92 Min:    25 Max:   428 Err:     0 (0.00%) Active: 150 Started: 150 Finished: 0
2020-04-04 20:45:30,003 INFO o.a.j.r.Summariser: summary = 164824 in 00:01:44 = 1580.3/s Avg:    67 Min:    13 Max:   428 Err:     0 (0.00%)
2020-04-04 20:46:00,011 INFO o.a.j.r.Summariser: summary +  48550 in 00:00:30 = 1617.8/s Avg:    92 Min:    28 Max:   799 Err:     0 (0.00%) Active: 150 Started: 150 Finished: 0
2020-04-04 20:46:00,012 INFO o.a.j.r.Summariser: summary = 213374 in 00:02:14 = 1588.7/s Avg:    73 Min:    13 Max:   799 Err:     0 (0.00%)
2020-04-04 20:46:30,001 INFO o.a.j.r.Summariser: summary +  46838 in 00:00:30 = 1561.8/s Avg:    95 Min:    26 Max:  1549 Err:     0 (0.00%) Active: 150 Started: 150 Finished: 0
2020-04-04 20:46:30,002 INFO o.a.j.r.Summariser: summary = 260212 in 00:02:44 = 1583.8/s Avg:    77 Min:    13 Max:  1549 Err:     0 (0.00%)
2020-04-04 20:47:00,007 INFO o.a.j.r.Summariser: summary +  41375 in 00:00:30 = 1378.9/s Avg:   108 Min:    26 Max:  1405 Err:     0 (0.00%) Active: 150 Started: 150 Finished: 0
2020-04-04 20:47:00,008 INFO o.a.j.r.Summariser: summary = 301587 in 00:03:14 = 1552.2/s Avg:    81 Min:    13 Max:  1549 Err:     0 (0.00%)
2020-04-04 20:47:30,016 INFO o.a.j.r.Summariser: summary +  43492 in 00:00:30 = 1449.3/s Avg:   103 Min:    24 Max:  3212 Err:     0 (0.00%) Active: 150 Started: 150 Finished: 0
2020-04-04 20:47:30,017 INFO o.a.j.r.Summariser: summary = 345079 in 00:03:44 = 1538.4/s Avg:    84 Min:    13 Max:  3212 Err:     0 (0.00%)
2020-04-04 20:48:00,038 INFO o.a.j.r.Summariser: summary +  39805 in 00:00:30 = 1325.9/s Avg:   112 Min:    28 Max:  1184 Err:     0 (0.00%) Active: 150 Started: 150 Finished: 0
2020-04-04 20:48:00,039 INFO o.a.j.r.Summariser: summary = 384884 in 00:04:14 = 1513.3/s Avg:    87 Min:    13 Max:  3212 Err:     0 (0.00%)
2020-04-04 20:48:30,015 INFO o.a.j.r.Summariser: summary +  42819 in 00:00:30 = 1428.4/s Avg:   105 Min:    21 Max:  1258 Err:     0 (0.00%) Active: 150 Started: 150 Finished: 0
2020-04-04 20:48:30,016 INFO o.a.j.r.Summariser: summary = 427703 in 00:04:44 = 1504.3/s Avg:    89 Min:    13 Max:  3212 Err:     0 (0.00%)
2020-04-04 20:48:45,791 INFO o.a.j.t.JMeterThread: Stopping because end time detected by thread: Grupo De Hilos 1-1
2020-04-04 20:48:45,792 INFO o.a.j.t.JMeterThread: Thread finished: Grupo De Hilos 1-1
2020-04-04 20:48:45,818 INFO o.a.j.t.JMeterThread: Stopping because end time detected by thread: Grupo De Hilos 1-3
2020-04-04 20:48:45,819 INFO o.a.j.t.JMeterThread: Thread finished: Grupo De Hilos 1-3
2020-04-04 20:48:45,824 INFO o.a.j.t.JMeterThread: Stopping because end time detected by thread: Grupo De Hilos 1-4
2020-04-04 20:48:45,825 INFO o.a.j.t.JMeterThread: Thread finished: Grupo De Hilos 1-4
2020-04-04 20:48:45,828 INFO o.a.j.t.JMeterThread: Stopping because end time detected by thread: Grupo De Hilos 1-2
2020-04-04 20:48:45,829 INFO o.a.j.t.JMeterThread: Thread finished: Grupo De Hilos 1-2
2020-04-04 20:48:45,847 INFO o.a.j.t.JMeterThread: Stopping because end time detected by thread: Grupo De Hilos 1-6
2020-04-04 20:48:45,847 INFO o.a.j.t.JMeterThread: Thread finished: Grupo De Hilos 1-6
2020-04-04 20:48:45,872 INFO o.a.j.t.JMeterThread: Stopping because end time detected by thread: Grupo De Hilos 1-19
2020-04-04 20:48:45,873 INFO o.a.j.t.JMeterThread: Thread finished: Grupo De Hilos 1-19
2020-04-04 20:48:45,877 INFO o.a.j.t.JMeterThread: Stopping because end time detected by thread: Grupo De Hilos 1-24
2020-04-04 20:48:45,877 INFO o.a.j.t.JMeterThread: Thread finished: Grupo De Hilos 1-24
2020-04-04 20:48:45,878 INFO o.a.j.t.JMeterThread: Stopping because end time detected by thread: Grupo De Hilos 1-11
2020-04-04 20:48:45,878 INFO o.a.j.t.JMeterThread: Thread finished: Grupo De Hilos 1-11
2020-04-04 20:48:45,879 INFO o.a.j.t.JMeterThread: Stopping because end time detected by thread: Grupo De Hilos 1-15
2020-04-04 20:48:45,879 INFO o.a.j.t.JMeterThread: Stopping because end time detected by thread: Grupo De Hilos 1-13
2020-04-04 20:48:45,879 INFO o.a.j.t.JMeterThread: Thread finished: Grupo De Hilos 1-15
2020-04-04 20:48:45,879 INFO o.a.j.t.JMeterThread: Thread finished: Grupo De Hilos 1-13
2020-04-04 20:48:45,882 INFO o.a.j.t.JMeterThread: Stopping because end time detected by thread: Grupo De Hilos 1-8
2020-04-04 20:48:45,882 INFO o.a.j.t.JMeterThread: Thread finished: Grupo De Hilos 1-8
2020-04-04 20:48:45,888 INFO o.a.j.t.JMeterThread: Stopping because end time detected by thread: Grupo De Hilos 1-21
2020-04-04 20:48:45,888 INFO o.a.j.t.JMeterThread: Stopping because end time detected by thread: Grupo De Hilos 1-23
2020-04-04 20:48:45,889 INFO o.a.j.t.JMeterThread: Stopping because end time detected by thread: Grupo De Hilos 1-22
2020-04-04 20:48:45,889 INFO o.a.j.t.JMeterThread: Thread finished: Grupo De Hilos 1-23
2020-04-04 20:48:45,889 INFO o.a.j.t.JMeterThread: Stopping because end time detected by thread: Grupo De Hilos 1-26
2020-04-04 20:48:45,889 INFO o.a.j.t.JMeterThread: Thread finished: Grupo De Hilos 1-26
2020-04-04 20:48:45,889 INFO o.a.j.t.JMeterThread: Stopping because end time detected by thread: Grupo De Hilos 1-14
2020-04-04 20:48:45,889 INFO o.a.j.t.JMeterThread: Thread finished: Grupo De Hilos 1-21
2020-04-04 20:48:45,890 INFO o.a.j.t.JMeterThread: Thread finished: Grupo De Hilos 1-14
2020-04-04 20:48:45,889 INFO o.a.j.t.JMeterThread: Thread finished: Grupo De Hilos 1-22
2020-04-04 20:48:45,891 INFO o.a.j.t.JMeterThread: Stopping because end time detected by thread: Grupo De Hilos 1-29
2020-04-04 20:48:45,891 INFO o.a.j.t.JMeterThread: Stopping because end time detected by thread: Grupo De Hilos 1-12
2020-04-04 20:48:45,891 INFO o.a.j.t.JMeterThread: Thread finished: Grupo De Hilos 1-29
2020-04-04 20:48:45,891 INFO o.a.j.t.JMeterThread: Thread finished: Grupo De Hilos 1-12
2020-04-04 20:48:45,892 INFO o.a.j.t.JMeterThread: Stopping because end time detected by thread: Grupo De Hilos 1-9
2020-04-04 20:48:45,892 INFO o.a.j.t.JMeterThread: Thread finished: Grupo De Hilos 1-9
2020-04-04 20:48:45,893 INFO o.a.j.t.JMeterThread: Stopping because end time detected by thread: Grupo De Hilos 1-20
2020-04-04 20:48:45,893 INFO o.a.j.t.JMeterThread: Thread finished: Grupo De Hilos 1-20
2020-04-04 20:48:45,906 INFO o.a.j.t.JMeterThread: Stopping because end time detected by thread: Grupo De Hilos 1-10
2020-04-04 20:48:45,907 INFO o.a.j.t.JMeterThread: Stopping because end time detected by thread: Grupo De Hilos 1-17
2020-04-04 20:48:45,907 INFO o.a.j.t.JMeterThread: Stopping because end time detected by thread: Grupo De Hilos 1-5
2020-04-04 20:48:45,907 INFO o.a.j.t.JMeterThread: Thread finished: Grupo De Hilos 1-10
2020-04-04 20:48:45,907 INFO o.a.j.t.JMeterThread: Thread finished: Grupo De Hilos 1-17
2020-04-04 20:48:45,907 INFO o.a.j.t.JMeterThread: Thread finished: Grupo De Hilos 1-5
2020-04-04 20:48:45,907 INFO o.a.j.t.JMeterThread: Stopping because end time detected by thread: Grupo De Hilos 1-33
2020-04-04 20:48:45,907 INFO o.a.j.t.JMeterThread: Thread finished: Grupo De Hilos 1-33
2020-04-04 20:48:45,908 INFO o.a.j.t.JMeterThread: Stopping because end time detected by thread: Grupo De Hilos 1-16
2020-04-04 20:48:45,908 INFO o.a.j.t.JMeterThread: Stopping because end time detected by thread: Grupo De Hilos 1-7
2020-04-04 20:48:45,908 INFO o.a.j.t.JMeterThread: Thread finished: Grupo De Hilos 1-16
2020-04-04 20:48:45,908 INFO o.a.j.t.JMeterThread: Stopping because end time detected by thread: Grupo De Hilos 1-31
2020-04-04 20:48:45,908 INFO o.a.j.t.JMeterThread: Thread finished: Grupo De Hilos 1-31
2020-04-04 20:48:45,908 INFO o.a.j.t.JMeterThread: Thread finished: Grupo De Hilos 1-7
2020-04-04 20:48:45,909 INFO o.a.j.t.JMeterThread: Stopping because end time detected by thread: Grupo De Hilos 1-48
2020-04-04 20:48:45,909 INFO o.a.j.t.JMeterThread: Thread finished: Grupo De Hilos 1-48
2020-04-04 20:48:45,919 INFO o.a.j.t.JMeterThread: Stopping because end time detected by thread: Grupo De Hilos 1-44
2020-04-04 20:48:45,919 INFO o.a.j.t.JMeterThread: Stopping because end time detected by thread: Grupo De Hilos 1-40
2020-04-04 20:48:45,919 INFO o.a.j.t.JMeterThread: Stopping because end time detected by thread: Grupo De Hilos 1-56
2020-04-04 20:48:45,919 INFO o.a.j.t.JMeterThread: Thread finished: Grupo De Hilos 1-44
2020-04-04 20:48:45,919 INFO o.a.j.t.JMeterThread: Thread finished: Grupo De Hilos 1-56
2020-04-04 20:48:45,919 INFO o.a.j.t.JMeterThread: Thread finished: Grupo De Hilos 1-40
2020-04-04 20:48:45,929 INFO o.a.j.t.JMeterThread: Stopping because end time detected by thread: Grupo De Hilos 1-25
2020-04-04 20:48:45,929 INFO o.a.j.t.JMeterThread: Stopping because end time detected by thread: Grupo De Hilos 1-49
2020-04-04 20:48:45,930 INFO o.a.j.t.JMeterThread: Stopping because end time detected by thread: Grupo De Hilos 1-63
2020-04-04 20:48:45,930 INFO o.a.j.t.JMeterThread: Thread finished: Grupo De Hilos 1-25
2020-04-04 20:48:45,930 INFO o.a.j.t.JMeterThread: Thread finished: Grupo De Hilos 1-63
2020-04-04 20:48:45,930 INFO o.a.j.t.JMeterThread: Thread finished: Grupo De Hilos 1-49
2020-04-04 20:48:45,930 INFO o.a.j.t.JMeterThread: Stopping because end time detected by thread: Grupo De Hilos 1-75
2020-04-04 20:48:45,930 INFO o.a.j.t.JMeterThread: Thread finished: Grupo De Hilos 1-75
2020-04-04 20:48:45,933 INFO o.a.j.t.JMeterThread: Stopping because end time detected by thread: Grupo De Hilos 1-54
2020-04-04 20:48:45,933 INFO o.a.j.t.JMeterThread: Stopping because end time detected by thread: Grupo De Hilos 1-52
2020-04-04 20:48:45,933 INFO o.a.j.t.JMeterThread: Thread finished: Grupo De Hilos 1-52
2020-04-04 20:48:45,933 INFO o.a.j.t.JMeterThread: Stopping because end time detected by thread: Grupo De Hilos 1-72
2020-04-04 20:48:45,933 INFO o.a.j.t.JMeterThread: Stopping because end time detected by thread: Grupo De Hilos 1-28
2020-04-04 20:48:45,933 INFO o.a.j.t.JMeterThread: Thread finished: Grupo De Hilos 1-72
2020-04-04 20:48:45,933 INFO o.a.j.t.JMeterThread: Thread finished: Grupo De Hilos 1-54
2020-04-04 20:48:45,934 INFO o.a.j.t.JMeterThread: Stopping because end time detected by thread: Grupo De Hilos 1-43
2020-04-04 20:48:45,934 INFO o.a.j.t.JMeterThread: Thread finished: Grupo De Hilos 1-43
2020-04-04 20:48:45,934 INFO o.a.j.t.JMeterThread: Thread finished: Grupo De Hilos 1-28
2020-04-04 20:48:45,934 INFO o.a.j.t.JMeterThread: Stopping because end time detected by thread: Grupo De Hilos 1-46
2020-04-04 20:48:45,934 INFO o.a.j.t.JMeterThread: Thread finished: Grupo De Hilos 1-46
2020-04-04 20:48:45,935 INFO o.a.j.t.JMeterThread: Stopping because end time detected by thread: Grupo De Hilos 1-59
2020-04-04 20:48:45,933 INFO o.a.j.t.JMeterThread: Stopping because end time detected by thread: Grupo De Hilos 1-45
2020-04-04 20:48:45,935 INFO o.a.j.t.JMeterThread: Stopping because end time detected by thread: Grupo De Hilos 1-57
2020-04-04 20:48:45,935 INFO o.a.j.t.JMeterThread: Thread finished: Grupo De Hilos 1-45
2020-04-04 20:48:45,935 INFO o.a.j.t.JMeterThread: Thread finished: Grupo De Hilos 1-57
2020-04-04 20:48:45,935 INFO o.a.j.t.JMeterThread: Thread finished: Grupo De Hilos 1-59
2020-04-04 20:48:45,935 INFO o.a.j.t.JMeterThread: Stopping because end time detected by thread: Grupo De Hilos 1-30
2020-04-04 20:48:45,935 INFO o.a.j.t.JMeterThread: Thread finished: Grupo De Hilos 1-30
2020-04-04 20:48:45,936 INFO o.a.j.t.JMeterThread: Stopping because end time detected by thread: Grupo De Hilos 1-60
2020-04-04 20:48:45,936 INFO o.a.j.t.JMeterThread: Stopping because end time detected by thread: Grupo De Hilos 1-68
2020-04-04 20:48:45,936 INFO o.a.j.t.JMeterThread: Thread finished: Grupo De Hilos 1-68
2020-04-04 20:48:45,936 INFO o.a.j.t.JMeterThread: Thread finished: Grupo De Hilos 1-60
2020-04-04 20:48:45,937 INFO o.a.j.t.JMeterThread: Stopping because end time detected by thread: Grupo De Hilos 1-71
2020-04-04 20:48:45,937 INFO o.a.j.t.JMeterThread: Thread finished: Grupo De Hilos 1-71
2020-04-04 20:48:45,937 INFO o.a.j.t.JMeterThread: Stopping because end time detected by thread: Grupo De Hilos 1-32
2020-04-04 20:48:45,938 INFO o.a.j.t.JMeterThread: Thread finished: Grupo De Hilos 1-32
2020-04-04 20:48:45,938 INFO o.a.j.t.JMeterThread: Stopping because end time detected by thread: Grupo De Hilos 1-58
2020-04-04 20:48:45,938 INFO o.a.j.t.JMeterThread: Thread finished: Grupo De Hilos 1-58
2020-04-04 20:48:45,938 INFO o.a.j.t.JMeterThread: Stopping because end time detected by thread: Grupo De Hilos 1-38
2020-04-04 20:48:45,939 INFO o.a.j.t.JMeterThread: Thread finished: Grupo De Hilos 1-38
2020-04-04 20:48:45,947 INFO o.a.j.t.JMeterThread: Stopping because end time detected by thread: Grupo De Hilos 1-36
2020-04-04 20:48:45,947 INFO o.a.j.t.JMeterThread: Thread finished: Grupo De Hilos 1-36
2020-04-04 20:48:45,948 INFO o.a.j.t.JMeterThread: Stopping because end time detected by thread: Grupo De Hilos 1-51
2020-04-04 20:48:45,948 INFO o.a.j.t.JMeterThread: Stopping because end time detected by thread: Grupo De Hilos 1-41
2020-04-04 20:48:45,948 INFO o.a.j.t.JMeterThread: Thread finished: Grupo De Hilos 1-51
2020-04-04 20:48:45,947 INFO o.a.j.t.JMeterThread: Stopping because end time detected by thread: Grupo De Hilos 1-66
2020-04-04 20:48:45,948 INFO o.a.j.t.JMeterThread: Stopping because end time detected by thread: Grupo De Hilos 1-47
2020-04-04 20:48:45,948 INFO o.a.j.t.JMeterThread: Stopping because end time detected by thread: Grupo De Hilos 1-27
2020-04-04 20:48:45,948 INFO o.a.j.t.JMeterThread: Thread finished: Grupo De Hilos 1-66
2020-04-04 20:48:45,949 INFO o.a.j.t.JMeterThread: Thread finished: Grupo De Hilos 1-27
2020-04-04 20:48:45,949 INFO o.a.j.t.JMeterThread: Stopping because end time detected by thread: Grupo De Hilos 1-82
2020-04-04 20:48:45,949 INFO o.a.j.t.JMeterThread: Thread finished: Grupo De Hilos 1-82
2020-04-04 20:48:45,949 INFO o.a.j.t.JMeterThread: Stopping because end time detected by thread: Grupo De Hilos 1-37
2020-04-04 20:48:45,948 INFO o.a.j.t.JMeterThread: Stopping because end time detected by thread: Grupo De Hilos 1-61
2020-04-04 20:48:45,950 INFO o.a.j.t.JMeterThread: Thread finished: Grupo De Hilos 1-37
2020-04-04 20:48:45,950 INFO o.a.j.t.JMeterThread: Thread finished: Grupo De Hilos 1-61
2020-04-04 20:48:45,948 INFO o.a.j.t.JMeterThread: Thread finished: Grupo De Hilos 1-47
2020-04-04 20:48:45,950 INFO o.a.j.t.JMeterThread: Stopping because end time detected by thread: Grupo De Hilos 1-62
2020-04-04 20:48:45,948 INFO o.a.j.t.JMeterThread: Thread finished: Grupo De Hilos 1-41
2020-04-04 20:48:45,950 INFO o.a.j.t.JMeterThread: Thread finished: Grupo De Hilos 1-62
2020-04-04 20:48:45,950 INFO o.a.j.t.JMeterThread: Stopping because end time detected by thread: Grupo De Hilos 1-77
2020-04-04 20:48:45,950 INFO o.a.j.t.JMeterThread: Stopping because end time detected by thread: Grupo De Hilos 1-35
2020-04-04 20:48:45,951 INFO o.a.j.t.JMeterThread: Thread finished: Grupo De Hilos 1-35
2020-04-04 20:48:45,951 INFO o.a.j.t.JMeterThread: Stopping because end time detected by thread: Grupo De Hilos 1-34
2020-04-04 20:48:45,951 INFO o.a.j.t.JMeterThread: Stopping because end time detected by thread: Grupo De Hilos 1-69
2020-04-04 20:48:45,952 INFO o.a.j.t.JMeterThread: Thread finished: Grupo De Hilos 1-69
2020-04-04 20:48:45,952 INFO o.a.j.t.JMeterThread: Stopping because end time detected by thread: Grupo De Hilos 1-64
2020-04-04 20:48:45,951 INFO o.a.j.t.JMeterThread: Thread finished: Grupo De Hilos 1-77
2020-04-04 20:48:45,951 INFO o.a.j.t.JMeterThread: Stopping because end time detected by thread: Grupo De Hilos 1-65
2020-04-04 20:48:45,953 INFO o.a.j.t.JMeterThread: Stopping because end time detected by thread: Grupo De Hilos 1-50
2020-04-04 20:48:45,953 INFO o.a.j.t.JMeterThread: Thread finished: Grupo De Hilos 1-64
2020-04-04 20:48:45,953 INFO o.a.j.t.JMeterThread: Thread finished: Grupo De Hilos 1-50
2020-04-04 20:48:45,953 INFO o.a.j.t.JMeterThread: Thread finished: Grupo De Hilos 1-34
2020-04-04 20:48:45,953 INFO o.a.j.t.JMeterThread: Thread finished: Grupo De Hilos 1-65
2020-04-04 20:48:45,953 INFO o.a.j.t.JMeterThread: Stopping because end time detected by thread: Grupo De Hilos 1-83
2020-04-04 20:48:45,953 INFO o.a.j.t.JMeterThread: Stopping because end time detected by thread: Grupo De Hilos 1-85
2020-04-04 20:48:45,954 INFO o.a.j.t.JMeterThread: Stopping because end time detected by thread: Grupo De Hilos 1-76
2020-04-04 20:48:45,954 INFO o.a.j.t.JMeterThread: Thread finished: Grupo De Hilos 1-76
2020-04-04 20:48:45,953 INFO o.a.j.t.JMeterThread: Stopping because end time detected by thread: Grupo De Hilos 1-90
2020-04-04 20:48:45,954 INFO o.a.j.t.JMeterThread: Stopping because end time detected by thread: Grupo De Hilos 1-39
2020-04-04 20:48:45,954 INFO o.a.j.t.JMeterThread: Thread finished: Grupo De Hilos 1-90
2020-04-04 20:48:45,954 INFO o.a.j.t.JMeterThread: Thread finished: Grupo De Hilos 1-39
2020-04-04 20:48:45,954 INFO o.a.j.t.JMeterThread: Thread finished: Grupo De Hilos 1-83
2020-04-04 20:48:45,955 INFO o.a.j.t.JMeterThread: Thread finished: Grupo De Hilos 1-85
2020-04-04 20:48:45,969 INFO o.a.j.t.JMeterThread: Stopping because end time detected by thread: Grupo De Hilos 1-53
2020-04-04 20:48:45,969 INFO o.a.j.t.JMeterThread: Stopping because end time detected by thread: Grupo De Hilos 1-73
2020-04-04 20:48:45,969 INFO o.a.j.t.JMeterThread: Thread finished: Grupo De Hilos 1-53
2020-04-04 20:48:45,969 INFO o.a.j.t.JMeterThread: Thread finished: Grupo De Hilos 1-73
2020-04-04 20:48:45,969 INFO o.a.j.t.JMeterThread: Stopping because end time detected by thread: Grupo De Hilos 1-78
2020-04-04 20:48:45,969 INFO o.a.j.t.JMeterThread: Stopping because end time detected by thread: Grupo De Hilos 1-87
2020-04-04 20:48:45,969 INFO o.a.j.t.JMeterThread: Thread finished: Grupo De Hilos 1-78
2020-04-04 20:48:45,969 INFO o.a.j.t.JMeterThread: Thread finished: Grupo De Hilos 1-87
2020-04-04 20:48:45,970 INFO o.a.j.t.JMeterThread: Stopping because end time detected by thread: Grupo De Hilos 1-42
2020-04-04 20:48:45,970 INFO o.a.j.t.JMeterThread: Thread finished: Grupo De Hilos 1-42
2020-04-04 20:48:45,970 INFO o.a.j.t.JMeterThread: Stopping because end time detected by thread: Grupo De Hilos 1-67
2020-04-04 20:48:45,970 INFO o.a.j.t.JMeterThread: Thread finished: Grupo De Hilos 1-67
2020-04-04 20:48:45,976 INFO o.a.j.t.JMeterThread: Stopping because end time detected by thread: Grupo De Hilos 1-55
2020-04-04 20:48:45,976 INFO o.a.j.t.JMeterThread: Stopping because end time detected by thread: Grupo De Hilos 1-84
2020-04-04 20:48:45,976 INFO o.a.j.t.JMeterThread: Stopping because end time detected by thread: Grupo De Hilos 1-92
2020-04-04 20:48:45,977 INFO o.a.j.t.JMeterThread: Thread finished: Grupo De Hilos 1-55
2020-04-04 20:48:45,977 INFO o.a.j.t.JMeterThread: Thread finished: Grupo De Hilos 1-84
2020-04-04 20:48:45,977 INFO o.a.j.t.JMeterThread: Stopping because end time detected by thread: Grupo De Hilos 1-70
2020-04-04 20:48:45,977 INFO o.a.j.t.JMeterThread: Thread finished: Grupo De Hilos 1-70
2020-04-04 20:48:45,977 INFO o.a.j.t.JMeterThread: Stopping because end time detected by thread: Grupo De Hilos 1-98
2020-04-04 20:48:45,978 INFO o.a.j.t.JMeterThread: Thread finished: Grupo De Hilos 1-98
2020-04-04 20:48:45,978 INFO o.a.j.t.JMeterThread: Stopping because end time detected by thread: Grupo De Hilos 1-74
2020-04-04 20:48:45,978 INFO o.a.j.t.JMeterThread: Thread finished: Grupo De Hilos 1-74
2020-04-04 20:48:45,978 INFO o.a.j.t.JMeterThread: Thread finished: Grupo De Hilos 1-92
2020-04-04 20:48:45,979 INFO o.a.j.t.JMeterThread: Stopping because end time detected by thread: Grupo De Hilos 1-81
2020-04-04 20:48:45,979 INFO o.a.j.t.JMeterThread: Stopping because end time detected by thread: Grupo De Hilos 1-79
2020-04-04 20:48:45,979 INFO o.a.j.t.JMeterThread: Thread finished: Grupo De Hilos 1-81
2020-04-04 20:48:45,979 INFO o.a.j.t.JMeterThread: Thread finished: Grupo De Hilos 1-79
2020-04-04 20:48:45,990 INFO o.a.j.t.JMeterThread: Stopping because end time detected by thread: Grupo De Hilos 1-88
2020-04-04 20:48:45,990 INFO o.a.j.t.JMeterThread: Thread finished: Grupo De Hilos 1-88
2020-04-04 20:48:45,991 INFO o.a.j.t.JMeterThread: Stopping because end time detected by thread: Grupo De Hilos 1-80
2020-04-04 20:48:45,991 INFO o.a.j.t.JMeterThread: Thread finished: Grupo De Hilos 1-80
2020-04-04 20:48:46,053 INFO o.a.j.t.JMeterThread: Stopping because end time detected by thread: Grupo De Hilos 1-86
2020-04-04 20:48:46,053 INFO o.a.j.t.JMeterThread: Stopping because end time detected by thread: Grupo De Hilos 1-96
2020-04-04 20:48:46,054 INFO o.a.j.t.JMeterThread: Thread finished: Grupo De Hilos 1-86
2020-04-04 20:48:46,054 INFO o.a.j.t.JMeterThread: Thread finished: Grupo De Hilos 1-96
2020-04-04 20:48:46,054 INFO o.a.j.t.JMeterThread: Stopping because end time detected by thread: Grupo De Hilos 1-136
2020-04-04 20:48:46,054 INFO o.a.j.t.JMeterThread: Stopping because end time detected by thread: Grupo De Hilos 1-89
2020-04-04 20:48:46,054 INFO o.a.j.t.JMeterThread: Thread finished: Grupo De Hilos 1-136
2020-04-04 20:48:46,054 INFO o.a.j.t.JMeterThread: Thread finished: Grupo De Hilos 1-89
2020-04-04 20:48:46,054 INFO o.a.j.t.JMeterThread: Stopping because end time detected by thread: Grupo De Hilos 1-94
2020-04-04 20:48:46,055 INFO o.a.j.t.JMeterThread: Thread finished: Grupo De Hilos 1-94
2020-04-04 20:48:46,055 INFO o.a.j.t.JMeterThread: Stopping because end time detected by thread: Grupo De Hilos 1-145
2020-04-04 20:48:46,055 INFO o.a.j.t.JMeterThread: Stopping because end time detected by thread: Grupo De Hilos 1-91
2020-04-04 20:48:46,055 INFO o.a.j.t.JMeterThread: Stopping because end time detected by thread: Grupo De Hilos 1-95
2020-04-04 20:48:46,055 INFO o.a.j.t.JMeterThread: Thread finished: Grupo De Hilos 1-145
2020-04-04 20:48:46,055 INFO o.a.j.t.JMeterThread: Thread finished: Grupo De Hilos 1-95
2020-04-04 20:48:46,055 INFO o.a.j.t.JMeterThread: Stopping because end time detected by thread: Grupo De Hilos 1-97
2020-04-04 20:48:46,055 INFO o.a.j.t.JMeterThread: Thread finished: Grupo De Hilos 1-91
2020-04-04 20:48:46,055 INFO o.a.j.t.JMeterThread: Thread finished: Grupo De Hilos 1-97
2020-04-04 20:48:46,060 INFO o.a.j.t.JMeterThread: Stopping because end time detected by thread: Grupo De Hilos 1-102
2020-04-04 20:48:46,060 INFO o.a.j.t.JMeterThread: Thread finished: Grupo De Hilos 1-102
2020-04-04 20:48:46,060 INFO o.a.j.t.JMeterThread: Stopping because end time detected by thread: Grupo De Hilos 1-128
2020-04-04 20:48:46,060 INFO o.a.j.t.JMeterThread: Stopping because end time detected by thread: Grupo De Hilos 1-123
2020-04-04 20:48:46,060 INFO o.a.j.t.JMeterThread: Thread finished: Grupo De Hilos 1-123
2020-04-04 20:48:46,060 INFO o.a.j.t.JMeterThread: Stopping because end time detected by thread: Grupo De Hilos 1-121
2020-04-04 20:48:46,061 INFO o.a.j.t.JMeterThread: Thread finished: Grupo De Hilos 1-121
2020-04-04 20:48:46,061 INFO o.a.j.t.JMeterThread: Stopping because end time detected by thread: Grupo De Hilos 1-103
2020-04-04 20:48:46,061 INFO o.a.j.t.JMeterThread: Stopping because end time detected by thread: Grupo De Hilos 1-137
2020-04-04 20:48:46,061 INFO o.a.j.t.JMeterThread: Thread finished: Grupo De Hilos 1-103
2020-04-04 20:48:46,061 INFO o.a.j.t.JMeterThread: Thread finished: Grupo De Hilos 1-137
2020-04-04 20:48:46,060 INFO o.a.j.t.JMeterThread: Stopping because end time detected by thread: Grupo De Hilos 1-109
2020-04-04 20:48:46,060 INFO o.a.j.t.JMeterThread: Stopping because end time detected by thread: Grupo De Hilos 1-107
2020-04-04 20:48:46,062 INFO o.a.j.t.JMeterThread: Stopping because end time detected by thread: Grupo De Hilos 1-135
2020-04-04 20:48:46,062 INFO o.a.j.t.JMeterThread: Thread finished: Grupo De Hilos 1-109
2020-04-04 20:48:46,060 INFO o.a.j.t.JMeterThread: Stopping because end time detected by thread: Grupo De Hilos 1-140
2020-04-04 20:48:46,062 INFO o.a.j.t.JMeterThread: Thread finished: Grupo De Hilos 1-135
2020-04-04 20:48:46,062 INFO o.a.j.t.JMeterThread: Thread finished: Grupo De Hilos 1-128
2020-04-04 20:48:46,062 INFO o.a.j.t.JMeterThread: Thread finished: Grupo De Hilos 1-140
2020-04-04 20:48:46,062 INFO o.a.j.t.JMeterThread: Thread finished: Grupo De Hilos 1-107
2020-04-04 20:48:46,067 INFO o.a.j.t.JMeterThread: Stopping because end time detected by thread: Grupo De Hilos 1-150
2020-04-04 20:48:46,067 INFO o.a.j.t.JMeterThread: Stopping because end time detected by thread: Grupo De Hilos 1-99
2020-04-04 20:48:46,067 INFO o.a.j.t.JMeterThread: Stopping because end time detected by thread: Grupo De Hilos 1-113
2020-04-04 20:48:46,067 INFO o.a.j.t.JMeterThread: Thread finished: Grupo De Hilos 1-99
2020-04-04 20:48:46,067 INFO o.a.j.t.JMeterThread: Stopping because end time detected by thread: Grupo De Hilos 1-117
2020-04-04 20:48:46,067 INFO o.a.j.t.JMeterThread: Stopping because end time detected by thread: Grupo De Hilos 1-144
2020-04-04 20:48:46,067 INFO o.a.j.t.JMeterThread: Stopping because end time detected by thread: Grupo De Hilos 1-93
2020-04-04 20:48:46,068 INFO o.a.j.t.JMeterThread: Stopping because end time detected by thread: Grupo De Hilos 1-141
2020-04-04 20:48:46,068 INFO o.a.j.t.JMeterThread: Thread finished: Grupo De Hilos 1-141
2020-04-04 20:48:46,067 INFO o.a.j.t.JMeterThread: Thread finished: Grupo De Hilos 1-144
2020-04-04 20:48:46,068 INFO o.a.j.t.JMeterThread: Stopping because end time detected by thread: Grupo De Hilos 1-116
2020-04-04 20:48:46,068 INFO o.a.j.t.JMeterThread: Stopping because end time detected by thread: Grupo De Hilos 1-18
2020-04-04 20:48:46,068 INFO o.a.j.t.JMeterThread: Thread finished: Grupo De Hilos 1-116
2020-04-04 20:48:46,068 INFO o.a.j.t.JMeterThread: Thread finished: Grupo De Hilos 1-18
2020-04-04 20:48:46,068 INFO o.a.j.t.JMeterThread: Stopping because end time detected by thread: Grupo De Hilos 1-122
2020-04-04 20:48:46,067 INFO o.a.j.t.JMeterThread: Thread finished: Grupo De Hilos 1-150
2020-04-04 20:48:46,068 INFO o.a.j.t.JMeterThread: Thread finished: Grupo De Hilos 1-122
2020-04-04 20:48:46,068 INFO o.a.j.t.JMeterThread: Stopping because end time detected by thread: Grupo De Hilos 1-143
2020-04-04 20:48:46,069 INFO o.a.j.t.JMeterThread: Thread finished: Grupo De Hilos 1-143
2020-04-04 20:48:46,069 INFO o.a.j.t.JMeterThread: Stopping because end time detected by thread: Grupo De Hilos 1-142
2020-04-04 20:48:46,069 INFO o.a.j.t.JMeterThread: Stopping because end time detected by thread: Grupo De Hilos 1-100
2020-04-04 20:48:46,069 INFO o.a.j.t.JMeterThread: Thread finished: Grupo De Hilos 1-142
2020-04-04 20:48:46,069 INFO o.a.j.t.JMeterThread: Stopping because end time detected by thread: Grupo De Hilos 1-108
2020-04-04 20:48:46,069 INFO o.a.j.t.JMeterThread: Thread finished: Grupo De Hilos 1-100
2020-04-04 20:48:46,069 INFO o.a.j.t.JMeterThread: Thread finished: Grupo De Hilos 1-108
2020-04-04 20:48:46,069 INFO o.a.j.t.JMeterThread: Stopping because end time detected by thread: Grupo De Hilos 1-120
2020-04-04 20:48:46,069 INFO o.a.j.t.JMeterThread: Thread finished: Grupo De Hilos 1-113
2020-04-04 20:48:46,069 INFO o.a.j.t.JMeterThread: Thread finished: Grupo De Hilos 1-120
2020-04-04 20:48:46,068 INFO o.a.j.t.JMeterThread: Stopping because end time detected by thread: Grupo De Hilos 1-106
2020-04-04 20:48:46,068 INFO o.a.j.t.JMeterThread: Stopping because end time detected by thread: Grupo De Hilos 1-105
2020-04-04 20:48:46,067 INFO o.a.j.t.JMeterThread: Thread finished: Grupo De Hilos 1-117
2020-04-04 20:48:46,070 INFO o.a.j.t.JMeterThread: Thread finished: Grupo De Hilos 1-106
2020-04-04 20:48:46,070 INFO o.a.j.t.JMeterThread: Thread finished: Grupo De Hilos 1-105
2020-04-04 20:48:46,070 INFO o.a.j.t.JMeterThread: Thread finished: Grupo De Hilos 1-93
2020-04-04 20:48:46,089 INFO o.a.j.t.JMeterThread: Stopping because end time detected by thread: Grupo De Hilos 1-125
2020-04-04 20:48:46,089 INFO o.a.j.t.JMeterThread: Thread finished: Grupo De Hilos 1-125
2020-04-04 20:48:46,089 INFO o.a.j.t.JMeterThread: Stopping because end time detected by thread: Grupo De Hilos 1-127
2020-04-04 20:48:46,089 INFO o.a.j.t.JMeterThread: Stopping because end time detected by thread: Grupo De Hilos 1-133
2020-04-04 20:48:46,089 INFO o.a.j.t.JMeterThread: Stopping because end time detected by thread: Grupo De Hilos 1-131
2020-04-04 20:48:46,090 INFO o.a.j.t.JMeterThread: Stopping because end time detected by thread: Grupo De Hilos 1-104
2020-04-04 20:48:46,090 INFO o.a.j.t.JMeterThread: Thread finished: Grupo De Hilos 1-133
2020-04-04 20:48:46,090 INFO o.a.j.t.JMeterThread: Thread finished: Grupo De Hilos 1-131
2020-04-04 20:48:46,090 INFO o.a.j.t.JMeterThread: Thread finished: Grupo De Hilos 1-104
2020-04-04 20:48:46,090 INFO o.a.j.t.JMeterThread: Thread finished: Grupo De Hilos 1-127
2020-04-04 20:48:46,090 INFO o.a.j.t.JMeterThread: Stopping because end time detected by thread: Grupo De Hilos 1-119
2020-04-04 20:48:46,090 INFO o.a.j.t.JMeterThread: Stopping because end time detected by thread: Grupo De Hilos 1-147
2020-04-04 20:48:46,090 INFO o.a.j.t.JMeterThread: Stopping because end time detected by thread: Grupo De Hilos 1-132
2020-04-04 20:48:46,091 INFO o.a.j.t.JMeterThread: Thread finished: Grupo De Hilos 1-132
2020-04-04 20:48:46,091 INFO o.a.j.t.JMeterThread: Thread finished: Grupo De Hilos 1-119
2020-04-04 20:48:46,091 INFO o.a.j.t.JMeterThread: Thread finished: Grupo De Hilos 1-147
2020-04-04 20:48:46,092 INFO o.a.j.t.JMeterThread: Stopping because end time detected by thread: Grupo De Hilos 1-134
2020-04-04 20:48:46,092 INFO o.a.j.t.JMeterThread: Stopping because end time detected by thread: Grupo De Hilos 1-110
2020-04-04 20:48:46,092 INFO o.a.j.t.JMeterThread: Stopping because end time detected by thread: Grupo De Hilos 1-138
2020-04-04 20:48:46,092 INFO o.a.j.t.JMeterThread: Thread finished: Grupo De Hilos 1-134
2020-04-04 20:48:46,093 INFO o.a.j.t.JMeterThread: Stopping because end time detected by thread: Grupo De Hilos 1-118
2020-04-04 20:48:46,093 INFO o.a.j.t.JMeterThread: Stopping because end time detected by thread: Grupo De Hilos 1-129
2020-04-04 20:48:46,093 INFO o.a.j.t.JMeterThread: Stopping because end time detected by thread: Grupo De Hilos 1-126
2020-04-04 20:48:46,093 INFO o.a.j.t.JMeterThread: Thread finished: Grupo De Hilos 1-138
2020-04-04 20:48:46,093 INFO o.a.j.t.JMeterThread: Thread finished: Grupo De Hilos 1-129
2020-04-04 20:48:46,093 INFO o.a.j.t.JMeterThread: Thread finished: Grupo De Hilos 1-126
2020-04-04 20:48:46,093 INFO o.a.j.t.JMeterThread: Thread finished: Grupo De Hilos 1-118
2020-04-04 20:48:46,094 INFO o.a.j.t.JMeterThread: Stopping because end time detected by thread: Grupo De Hilos 1-112
2020-04-04 20:48:46,094 INFO o.a.j.t.JMeterThread: Stopping because end time detected by thread: Grupo De Hilos 1-101
2020-04-04 20:48:46,094 INFO o.a.j.t.JMeterThread: Stopping because end time detected by thread: Grupo De Hilos 1-115
2020-04-04 20:48:46,094 INFO o.a.j.t.JMeterThread: Thread finished: Grupo De Hilos 1-101
2020-04-04 20:48:46,094 INFO o.a.j.t.JMeterThread: Stopping because end time detected by thread: Grupo De Hilos 1-111
2020-04-04 20:48:46,094 INFO o.a.j.t.JMeterThread: Stopping because end time detected by thread: Grupo De Hilos 1-130
2020-04-04 20:48:46,094 INFO o.a.j.t.JMeterThread: Thread finished: Grupo De Hilos 1-111
2020-04-04 20:48:46,094 INFO o.a.j.t.JMeterThread: Thread finished: Grupo De Hilos 1-130
2020-04-04 20:48:46,093 INFO o.a.j.t.JMeterThread: Stopping because end time detected by thread: Grupo De Hilos 1-124
2020-04-04 20:48:46,093 INFO o.a.j.t.JMeterThread: Thread finished: Grupo De Hilos 1-110
2020-04-04 20:48:46,094 INFO o.a.j.t.JMeterThread: Thread finished: Grupo De Hilos 1-124
2020-04-04 20:48:46,094 INFO o.a.j.t.JMeterThread: Stopping because end time detected by thread: Grupo De Hilos 1-114
2020-04-04 20:48:46,094 INFO o.a.j.t.JMeterThread: Thread finished: Grupo De Hilos 1-112
2020-04-04 20:48:46,095 INFO o.a.j.t.JMeterThread: Stopping because end time detected by thread: Grupo De Hilos 1-148
2020-04-04 20:48:46,096 INFO o.a.j.t.JMeterThread: Thread finished: Grupo De Hilos 1-114
2020-04-04 20:48:46,096 INFO o.a.j.t.JMeterThread: Thread finished: Grupo De Hilos 1-148
2020-04-04 20:48:46,096 INFO o.a.j.t.JMeterThread: Thread finished: Grupo De Hilos 1-115
2020-04-04 20:48:46,096 INFO o.a.j.t.JMeterThread: Stopping because end time detected by thread: Grupo De Hilos 1-139
2020-04-04 20:48:46,097 INFO o.a.j.t.JMeterThread: Thread finished: Grupo De Hilos 1-139
2020-04-04 20:48:46,098 INFO o.a.j.t.JMeterThread: Stopping because end time detected by thread: Grupo De Hilos 1-149
2020-04-04 20:48:46,098 INFO o.a.j.t.JMeterThread: Stopping because end time detected by thread: Grupo De Hilos 1-146
2020-04-04 20:48:46,098 INFO o.a.j.t.JMeterThread: Thread finished: Grupo De Hilos 1-149
2020-04-04 20:48:46,098 INFO o.a.j.t.JMeterThread: Thread finished: Grupo De Hilos 1-146
2020-04-04 20:48:46,099 INFO o.a.j.e.StandardJMeterEngine: Notifying test listeners of end of test
2020-04-04 20:48:46,102 INFO o.a.j.r.Summariser: summary +  34054 in 00:00:16 = 2117.0/s Avg:    70 Min:    21 Max:   367 Err:     0 (0.00%) Active: 0 Started: 150 Finished: 150
2020-04-04 20:48:46,102 INFO o.a.j.r.Summariser: summary = 461757 in 00:05:00 = 1537.2/s Avg:    87 Min:    13 Max:  3212 Err:     0 (0.00%)
