2020-03-19 10:38:06,788 INFO o.a.j.u.JMeterUtils: Setting Locale to en_US
2020-03-19 10:38:06,822 INFO o.a.j.JMeter: Loading user properties from: user.properties
2020-03-19 10:38:06,823 INFO o.a.j.JMeter: Loading system properties from: system.properties
2020-03-19 10:38:06,824 INFO o.a.j.JMeter: Setting System property: HILOS=300
2020-03-19 10:38:06,824 INFO o.a.j.JMeter: Setting System property: SUBIDA=35
2020-03-19 10:38:06,824 INFO o.a.j.JMeter: Setting System property: DURACION=240
2020-03-19 10:38:06,827 INFO o.a.j.JMeter: Copyright (c) 1998-2019 The Apache Software Foundation
2020-03-19 10:38:06,828 INFO o.a.j.JMeter: Version 5.2.1
2020-03-19 10:38:06,828 INFO o.a.j.JMeter: java.version=1.8.0_201
2020-03-19 10:38:06,828 INFO o.a.j.JMeter: java.vm.name=Java HotSpot(TM) 64-Bit Server VM
2020-03-19 10:38:06,829 INFO o.a.j.JMeter: os.name=Linux
2020-03-19 10:38:06,829 INFO o.a.j.JMeter: os.arch=amd64
2020-03-19 10:38:06,829 INFO o.a.j.JMeter: os.version=4.15.0-88-generic
2020-03-19 10:38:06,830 INFO o.a.j.JMeter: file.encoding=UTF-8
2020-03-19 10:38:06,830 INFO o.a.j.JMeter: java.awt.headless=true
2020-03-19 10:38:06,830 INFO o.a.j.JMeter: Max memory     =732954624
2020-03-19 10:38:06,831 INFO o.a.j.JMeter: Available Processors =4
2020-03-19 10:38:06,839 INFO o.a.j.JMeter: Default Locale=English (United States)
2020-03-19 10:38:06,839 INFO o.a.j.JMeter: JMeter  Locale=English (United States)
2020-03-19 10:38:06,840 INFO o.a.j.JMeter: JMeterHome=/home/pablo/jmeter
2020-03-19 10:38:06,840 INFO o.a.j.JMeter: user.dir  =/home/pablo/jmeter/bin
2020-03-19 10:38:06,840 INFO o.a.j.JMeter: PWD       =/home/pablo/jmeter/bin
2020-03-19 10:38:06,841 INFO o.a.j.JMeter: IP: 127.0.1.1 Name: hylianpablo FullName: hylianpablo
2020-03-19 10:38:06,851 INFO o.a.j.s.FileServer: Default base='/home/pablo/jmeter/bin'
2020-03-19 10:38:06,861 INFO o.a.j.s.FileServer: Set new base='/home/pablo/jmeter/bin'
2020-03-19 10:38:07,182 INFO o.a.j.s.SaveService: Testplan (JMX) version: 2.2. Testlog (JTL) version: 2.2
2020-03-19 10:38:07,202 INFO o.a.j.s.SaveService: Using SaveService properties file encoding UTF-8
2020-03-19 10:38:07,218 INFO o.a.j.s.SaveService: Using SaveService properties version 5.0
2020-03-19 10:38:07,240 INFO o.a.j.s.SaveService: Loading file: Funciona.jmx
2020-03-19 10:38:07,323 INFO o.a.j.p.h.c.CookieManager: Settings: Delete null: true Check: true Allow variable: true Save: false Prefix: COOKIE_
2020-03-19 10:38:07,378 INFO o.a.j.p.h.s.HTTPSamplerBase: Parser for text/html is org.apache.jmeter.protocol.http.parser.LagartoBasedHtmlParser
2020-03-19 10:38:07,378 INFO o.a.j.p.h.s.HTTPSamplerBase: Parser for application/xhtml+xml is org.apache.jmeter.protocol.http.parser.LagartoBasedHtmlParser
2020-03-19 10:38:07,379 INFO o.a.j.p.h.s.HTTPSamplerBase: Parser for application/xml is org.apache.jmeter.protocol.http.parser.LagartoBasedHtmlParser
2020-03-19 10:38:07,379 INFO o.a.j.p.h.s.HTTPSamplerBase: Parser for text/xml is org.apache.jmeter.protocol.http.parser.LagartoBasedHtmlParser
2020-03-19 10:38:07,379 INFO o.a.j.p.h.s.HTTPSamplerBase: Parser for text/vnd.wap.wml is org.apache.jmeter.protocol.http.parser.RegexpHTMLParser
2020-03-19 10:38:07,379 INFO o.a.j.p.h.s.HTTPSamplerBase: Parser for text/css is org.apache.jmeter.protocol.http.parser.CssParser
2020-03-19 10:38:07,483 INFO o.a.j.JMeter: Creating summariser <summary>
2020-03-19 10:38:07,496 INFO o.a.j.e.StandardJMeterEngine: Running the test!
2020-03-19 10:38:07,498 INFO o.a.j.s.SampleEvent: List of sample_variables: []
2020-03-19 10:38:07,498 INFO o.a.j.s.SampleEvent: List of sample_variables: []
2020-03-19 10:38:07,511 INFO o.a.j.e.u.CompoundVariable: Note: Function class names must contain the string: '.functions.'
2020-03-19 10:38:07,512 INFO o.a.j.e.u.CompoundVariable: Note: Function class names must not contain the string: '.gui.'
2020-03-19 10:38:08,387 INFO o.a.j.JMeter: Running test (1584610688387)
2020-03-19 10:38:08,517 INFO o.a.j.e.StandardJMeterEngine: Starting ThreadGroup: 1 : Grupo De Hilos
2020-03-19 10:38:08,518 INFO o.a.j.e.StandardJMeterEngine: Starting 300 threads for group Grupo De Hilos.
2020-03-19 10:38:08,518 INFO o.a.j.e.StandardJMeterEngine: Thread will continue on error
2020-03-19 10:38:08,519 INFO o.a.j.t.ThreadGroup: Starting thread group... number=1 threads=300 ramp-up=35 delayedStart=false
2020-03-19 10:38:08,540 INFO o.a.j.t.JMeterThread: Thread started: Grupo De Hilos 1-1
2020-03-19 10:38:08,601 INFO o.a.j.p.h.s.HTTPHCAbstractImpl: Local host = hylianpablo
2020-03-19 10:38:08,630 INFO o.a.j.p.h.s.HTTPHC4Impl: HTTP request retry count = 0
2020-03-19 10:38:08,636 INFO o.a.j.s.SampleResult: Note: Sample TimeStamps are START times
2020-03-19 10:38:08,637 INFO o.a.j.s.SampleResult: sampleresult.default.encoding is set to ISO-8859-1
2020-03-19 10:38:08,637 INFO o.a.j.s.SampleResult: sampleresult.useNanoTime=true
2020-03-19 10:38:08,637 INFO o.a.j.s.SampleResult: sampleresult.nanoThreadSleep=5000
2020-03-19 10:38:08,643 INFO o.a.j.t.JMeterThread: Thread started: Grupo De Hilos 1-2
2020-03-19 10:38:08,759 INFO o.a.j.t.JMeterThread: Thread started: Grupo De Hilos 1-3
2020-03-19 10:38:08,873 INFO o.a.j.t.JMeterThread: Thread started: Grupo De Hilos 1-4
2020-03-19 10:38:08,994 INFO o.a.j.t.JMeterThread: Thread started: Grupo De Hilos 1-5
2020-03-19 10:38:09,068 INFO o.a.j.t.ThreadGroup: Started thread group number 1
2020-03-19 10:38:09,068 INFO o.a.j.e.StandardJMeterEngine: All thread groups have been started
2020-03-19 10:38:09,110 INFO o.a.j.t.JMeterThread: Thread started: Grupo De Hilos 1-6
2020-03-19 10:38:09,224 INFO o.a.j.t.JMeterThread: Thread started: Grupo De Hilos 1-7
2020-03-19 10:38:09,341 INFO o.a.j.t.JMeterThread: Thread started: Grupo De Hilos 1-8
2020-03-19 10:38:09,457 INFO o.a.j.t.JMeterThread: Thread started: Grupo De Hilos 1-9
2020-03-19 10:38:09,579 INFO o.a.j.t.JMeterThread: Thread started: Grupo De Hilos 1-10
2020-03-19 10:38:09,696 INFO o.a.j.t.JMeterThread: Thread started: Grupo De Hilos 1-11
2020-03-19 10:38:09,813 INFO o.a.j.t.JMeterThread: Thread started: Grupo De Hilos 1-12
2020-03-19 10:38:09,925 INFO o.a.j.t.JMeterThread: Thread started: Grupo De Hilos 1-13
2020-03-19 10:38:10,051 INFO o.a.j.t.JMeterThread: Thread started: Grupo De Hilos 1-14
2020-03-19 10:38:10,163 INFO o.a.j.t.JMeterThread: Thread started: Grupo De Hilos 1-15
2020-03-19 10:38:10,278 INFO o.a.j.t.JMeterThread: Thread started: Grupo De Hilos 1-16
2020-03-19 10:38:10,395 INFO o.a.j.t.JMeterThread: Thread started: Grupo De Hilos 1-17
2020-03-19 10:38:10,517 INFO o.a.j.t.JMeterThread: Thread started: Grupo De Hilos 1-18
2020-03-19 10:38:10,628 INFO o.a.j.t.JMeterThread: Thread started: Grupo De Hilos 1-19
2020-03-19 10:38:10,749 INFO o.a.j.t.JMeterThread: Thread started: Grupo De Hilos 1-20
2020-03-19 10:38:10,861 INFO o.a.j.t.JMeterThread: Thread started: Grupo De Hilos 1-21
2020-03-19 10:38:10,983 INFO o.a.j.t.JMeterThread: Thread started: Grupo De Hilos 1-22
2020-03-19 10:38:11,096 INFO o.a.j.t.JMeterThread: Thread started: Grupo De Hilos 1-23
2020-03-19 10:38:11,211 INFO o.a.j.t.JMeterThread: Thread started: Grupo De Hilos 1-24
2020-03-19 10:38:11,332 INFO o.a.j.t.JMeterThread: Thread started: Grupo De Hilos 1-25
2020-03-19 10:38:11,445 INFO o.a.j.t.JMeterThread: Thread started: Grupo De Hilos 1-26
2020-03-19 10:38:11,563 INFO o.a.j.t.JMeterThread: Thread started: Grupo De Hilos 1-27
2020-03-19 10:38:11,680 INFO o.a.j.t.JMeterThread: Thread started: Grupo De Hilos 1-28
2020-03-19 10:38:11,796 INFO o.a.j.t.JMeterThread: Thread started: Grupo De Hilos 1-29
2020-03-19 10:38:11,914 INFO o.a.j.t.JMeterThread: Thread started: Grupo De Hilos 1-30
2020-03-19 10:38:12,051 INFO o.a.j.t.JMeterThread: Thread started: Grupo De Hilos 1-31
2020-03-19 10:38:12,148 INFO o.a.j.t.JMeterThread: Thread started: Grupo De Hilos 1-32
2020-03-19 10:38:12,278 INFO o.a.j.t.JMeterThread: Thread started: Grupo De Hilos 1-33
2020-03-19 10:38:12,382 INFO o.a.j.t.JMeterThread: Thread started: Grupo De Hilos 1-34
2020-03-19 10:38:12,498 INFO o.a.j.t.JMeterThread: Thread started: Grupo De Hilos 1-35
2020-03-19 10:38:12,616 INFO o.a.j.t.JMeterThread: Thread started: Grupo De Hilos 1-36
2020-03-19 10:38:12,732 INFO o.a.j.t.JMeterThread: Thread started: Grupo De Hilos 1-37
2020-03-19 10:38:12,850 INFO o.a.j.t.JMeterThread: Thread started: Grupo De Hilos 1-38
2020-03-19 10:38:12,969 INFO o.a.j.t.JMeterThread: Thread started: Grupo De Hilos 1-39
2020-03-19 10:38:13,087 INFO o.a.j.t.JMeterThread: Thread started: Grupo De Hilos 1-40
2020-03-19 10:38:13,201 INFO o.a.j.t.JMeterThread: Thread started: Grupo De Hilos 1-41
2020-03-19 10:38:13,321 INFO o.a.j.t.JMeterThread: Thread started: Grupo De Hilos 1-42
2020-03-19 10:38:13,439 INFO o.a.j.t.JMeterThread: Thread started: Grupo De Hilos 1-43
2020-03-19 10:38:13,551 INFO o.a.j.t.JMeterThread: Thread started: Grupo De Hilos 1-44
2020-03-19 10:38:13,671 INFO o.a.j.t.JMeterThread: Thread started: Grupo De Hilos 1-45
2020-03-19 10:38:13,787 INFO o.a.j.t.JMeterThread: Thread started: Grupo De Hilos 1-46
2020-03-19 10:38:13,905 INFO o.a.j.t.JMeterThread: Thread started: Grupo De Hilos 1-47
2020-03-19 10:38:14,021 INFO o.a.j.t.JMeterThread: Thread started: Grupo De Hilos 1-48
2020-03-19 10:38:14,138 INFO o.a.j.t.JMeterThread: Thread started: Grupo De Hilos 1-49
2020-03-19 10:38:14,254 INFO o.a.j.t.JMeterThread: Thread started: Grupo De Hilos 1-50
2020-03-19 10:38:14,371 INFO o.a.j.t.JMeterThread: Thread started: Grupo De Hilos 1-51
2020-03-19 10:38:14,492 INFO o.a.j.t.JMeterThread: Thread started: Grupo De Hilos 1-52
2020-03-19 10:38:14,605 INFO o.a.j.t.JMeterThread: Thread started: Grupo De Hilos 1-53
2020-03-19 10:38:14,721 INFO o.a.j.t.JMeterThread: Thread started: Grupo De Hilos 1-54
2020-03-19 10:38:14,839 INFO o.a.j.t.JMeterThread: Thread started: Grupo De Hilos 1-55
2020-03-19 10:38:14,956 INFO o.a.j.t.JMeterThread: Thread started: Grupo De Hilos 1-56
2020-03-19 10:38:15,074 INFO o.a.j.t.JMeterThread: Thread started: Grupo De Hilos 1-57
2020-03-19 10:38:15,192 INFO o.a.j.t.JMeterThread: Thread started: Grupo De Hilos 1-58
2020-03-19 10:38:15,312 INFO o.a.j.t.JMeterThread: Thread started: Grupo De Hilos 1-59
2020-03-19 10:38:15,426 INFO o.a.j.t.JMeterThread: Thread started: Grupo De Hilos 1-60
2020-03-19 10:38:15,542 INFO o.a.j.t.JMeterThread: Thread started: Grupo De Hilos 1-61
2020-03-19 10:38:15,659 INFO o.a.j.t.JMeterThread: Thread started: Grupo De Hilos 1-62
2020-03-19 10:38:15,774 INFO o.a.j.t.JMeterThread: Thread started: Grupo De Hilos 1-63
2020-03-19 10:38:15,896 INFO o.a.j.t.JMeterThread: Thread started: Grupo De Hilos 1-64
2020-03-19 10:38:16,016 INFO o.a.j.t.JMeterThread: Thread started: Grupo De Hilos 1-65
2020-03-19 10:38:16,133 INFO o.a.j.t.JMeterThread: Thread started: Grupo De Hilos 1-66
2020-03-19 10:38:16,246 INFO o.a.j.t.JMeterThread: Thread started: Grupo De Hilos 1-67
2020-03-19 10:38:16,361 INFO o.a.j.t.JMeterThread: Thread started: Grupo De Hilos 1-68
2020-03-19 10:38:16,477 INFO o.a.j.t.JMeterThread: Thread started: Grupo De Hilos 1-69
2020-03-19 10:38:16,595 INFO o.a.j.t.JMeterThread: Thread started: Grupo De Hilos 1-70
2020-03-19 10:38:16,714 INFO o.a.j.t.JMeterThread: Thread started: Grupo De Hilos 1-71
2020-03-19 10:38:16,831 INFO o.a.j.t.JMeterThread: Thread started: Grupo De Hilos 1-72
2020-03-19 10:38:16,948 INFO o.a.j.t.JMeterThread: Thread started: Grupo De Hilos 1-73
2020-03-19 10:38:17,063 INFO o.a.j.t.JMeterThread: Thread started: Grupo De Hilos 1-74
2020-03-19 10:38:17,181 INFO o.a.j.t.JMeterThread: Thread started: Grupo De Hilos 1-75
2020-03-19 10:38:17,298 INFO o.a.j.t.JMeterThread: Thread started: Grupo De Hilos 1-76
2020-03-19 10:38:17,415 INFO o.a.j.t.JMeterThread: Thread started: Grupo De Hilos 1-77
2020-03-19 10:38:17,529 INFO o.a.j.t.JMeterThread: Thread started: Grupo De Hilos 1-78
2020-03-19 10:38:17,645 INFO o.a.j.t.JMeterThread: Thread started: Grupo De Hilos 1-79
2020-03-19 10:38:17,764 INFO o.a.j.t.JMeterThread: Thread started: Grupo De Hilos 1-80
2020-03-19 10:38:17,883 INFO o.a.j.t.JMeterThread: Thread started: Grupo De Hilos 1-81
2020-03-19 10:38:18,000 INFO o.a.j.t.JMeterThread: Thread started: Grupo De Hilos 1-82
2020-03-19 10:38:18,117 INFO o.a.j.t.JMeterThread: Thread started: Grupo De Hilos 1-83
2020-03-19 10:38:18,234 INFO o.a.j.t.JMeterThread: Thread started: Grupo De Hilos 1-84
2020-03-19 10:38:18,350 INFO o.a.j.t.JMeterThread: Thread started: Grupo De Hilos 1-85
2020-03-19 10:38:18,473 INFO o.a.j.t.JMeterThread: Thread started: Grupo De Hilos 1-86
2020-03-19 10:38:18,589 INFO o.a.j.t.JMeterThread: Thread started: Grupo De Hilos 1-87
2020-03-19 10:38:18,699 INFO o.a.j.t.JMeterThread: Thread started: Grupo De Hilos 1-88
2020-03-19 10:38:18,817 INFO o.a.j.t.JMeterThread: Thread started: Grupo De Hilos 1-89
2020-03-19 10:38:18,934 INFO o.a.j.t.JMeterThread: Thread started: Grupo De Hilos 1-90
2020-03-19 10:38:19,053 INFO o.a.j.t.JMeterThread: Thread started: Grupo De Hilos 1-91
2020-03-19 10:38:19,176 INFO o.a.j.t.JMeterThread: Thread started: Grupo De Hilos 1-92
2020-03-19 10:38:19,288 INFO o.a.j.t.JMeterThread: Thread started: Grupo De Hilos 1-93
2020-03-19 10:38:19,409 INFO o.a.j.t.JMeterThread: Thread started: Grupo De Hilos 1-94
2020-03-19 10:38:19,521 INFO o.a.j.t.JMeterThread: Thread started: Grupo De Hilos 1-95
2020-03-19 10:38:19,636 INFO o.a.j.t.JMeterThread: Thread started: Grupo De Hilos 1-96
2020-03-19 10:38:19,754 INFO o.a.j.t.JMeterThread: Thread started: Grupo De Hilos 1-97
2020-03-19 10:38:19,870 INFO o.a.j.t.JMeterThread: Thread started: Grupo De Hilos 1-98
2020-03-19 10:38:19,986 INFO o.a.j.t.JMeterThread: Thread started: Grupo De Hilos 1-99
2020-03-19 10:38:20,112 INFO o.a.j.t.JMeterThread: Thread started: Grupo De Hilos 1-100
2020-03-19 10:38:20,226 INFO o.a.j.t.JMeterThread: Thread started: Grupo De Hilos 1-101
2020-03-19 10:38:20,337 INFO o.a.j.t.JMeterThread: Thread started: Grupo De Hilos 1-102
2020-03-19 10:38:20,458 INFO o.a.j.t.JMeterThread: Thread started: Grupo De Hilos 1-103
2020-03-19 10:38:20,573 INFO o.a.j.t.JMeterThread: Thread started: Grupo De Hilos 1-104
2020-03-19 10:38:20,693 INFO o.a.j.t.JMeterThread: Thread started: Grupo De Hilos 1-105
2020-03-19 10:38:20,806 INFO o.a.j.t.JMeterThread: Thread started: Grupo De Hilos 1-106
2020-03-19 10:38:20,924 INFO o.a.j.t.JMeterThread: Thread started: Grupo De Hilos 1-107
2020-03-19 10:38:21,040 INFO o.a.j.t.JMeterThread: Thread started: Grupo De Hilos 1-108
2020-03-19 10:38:21,157 INFO o.a.j.t.JMeterThread: Thread started: Grupo De Hilos 1-109
2020-03-19 10:38:21,274 INFO o.a.j.t.JMeterThread: Thread started: Grupo De Hilos 1-110
2020-03-19 10:38:21,390 INFO o.a.j.t.JMeterThread: Thread started: Grupo De Hilos 1-111
2020-03-19 10:38:21,509 INFO o.a.j.t.JMeterThread: Thread started: Grupo De Hilos 1-112
2020-03-19 10:38:21,624 INFO o.a.j.t.JMeterThread: Thread started: Grupo De Hilos 1-113
2020-03-19 10:38:21,745 INFO o.a.j.t.JMeterThread: Thread started: Grupo De Hilos 1-114
2020-03-19 10:38:21,860 INFO o.a.j.t.JMeterThread: Thread started: Grupo De Hilos 1-115
2020-03-19 10:38:21,987 INFO o.a.j.t.JMeterThread: Thread started: Grupo De Hilos 1-116
2020-03-19 10:38:22,102 INFO o.a.j.t.JMeterThread: Thread started: Grupo De Hilos 1-117
2020-03-19 10:38:22,210 INFO o.a.j.t.JMeterThread: Thread started: Grupo De Hilos 1-118
2020-03-19 10:38:22,327 INFO o.a.j.t.JMeterThread: Thread started: Grupo De Hilos 1-119
2020-03-19 10:38:22,443 INFO o.a.j.t.JMeterThread: Thread started: Grupo De Hilos 1-120
2020-03-19 10:38:22,560 INFO o.a.j.t.JMeterThread: Thread started: Grupo De Hilos 1-121
2020-03-19 10:38:22,679 INFO o.a.j.t.JMeterThread: Thread started: Grupo De Hilos 1-122
2020-03-19 10:38:22,794 INFO o.a.j.t.JMeterThread: Thread started: Grupo De Hilos 1-123
2020-03-19 10:38:22,911 INFO o.a.j.t.JMeterThread: Thread started: Grupo De Hilos 1-124
2020-03-19 10:38:23,028 INFO o.a.j.t.JMeterThread: Thread started: Grupo De Hilos 1-125
2020-03-19 10:38:23,145 INFO o.a.j.t.JMeterThread: Thread started: Grupo De Hilos 1-126
2020-03-19 10:38:23,262 INFO o.a.j.t.JMeterThread: Thread started: Grupo De Hilos 1-127
2020-03-19 10:38:23,385 INFO o.a.j.t.JMeterThread: Thread started: Grupo De Hilos 1-128
2020-03-19 10:38:23,496 INFO o.a.j.t.JMeterThread: Thread started: Grupo De Hilos 1-129
2020-03-19 10:38:23,614 INFO o.a.j.t.JMeterThread: Thread started: Grupo De Hilos 1-130
2020-03-19 10:38:23,733 INFO o.a.j.t.JMeterThread: Thread started: Grupo De Hilos 1-131
2020-03-19 10:38:23,848 INFO o.a.j.t.JMeterThread: Thread started: Grupo De Hilos 1-132
2020-03-19 10:38:23,964 INFO o.a.j.t.JMeterThread: Thread started: Grupo De Hilos 1-133
2020-03-19 10:38:24,082 INFO o.a.j.t.JMeterThread: Thread started: Grupo De Hilos 1-134
2020-03-19 10:38:24,199 INFO o.a.j.t.JMeterThread: Thread started: Grupo De Hilos 1-135
2020-03-19 10:38:24,315 INFO o.a.j.t.JMeterThread: Thread started: Grupo De Hilos 1-136
2020-03-19 10:38:24,433 INFO o.a.j.t.JMeterThread: Thread started: Grupo De Hilos 1-137
2020-03-19 10:38:24,549 INFO o.a.j.t.JMeterThread: Thread started: Grupo De Hilos 1-138
2020-03-19 10:38:24,667 INFO o.a.j.t.JMeterThread: Thread started: Grupo De Hilos 1-139
2020-03-19 10:38:24,783 INFO o.a.j.t.JMeterThread: Thread started: Grupo De Hilos 1-140
2020-03-19 10:38:24,901 INFO o.a.j.t.JMeterThread: Thread started: Grupo De Hilos 1-141
2020-03-19 10:38:25,017 INFO o.a.j.t.JMeterThread: Thread started: Grupo De Hilos 1-142
2020-03-19 10:38:25,134 INFO o.a.j.t.JMeterThread: Thread started: Grupo De Hilos 1-143
2020-03-19 10:38:25,253 INFO o.a.j.t.JMeterThread: Thread started: Grupo De Hilos 1-144
2020-03-19 10:38:25,370 INFO o.a.j.t.JMeterThread: Thread started: Grupo De Hilos 1-145
2020-03-19 10:38:25,487 INFO o.a.j.t.JMeterThread: Thread started: Grupo De Hilos 1-146
2020-03-19 10:38:25,603 INFO o.a.j.t.JMeterThread: Thread started: Grupo De Hilos 1-147
2020-03-19 10:38:25,719 INFO o.a.j.t.JMeterThread: Thread started: Grupo De Hilos 1-148
2020-03-19 10:38:25,840 INFO o.a.j.t.JMeterThread: Thread started: Grupo De Hilos 1-149
2020-03-19 10:38:25,955 INFO o.a.j.t.JMeterThread: Thread started: Grupo De Hilos 1-150
2020-03-19 10:38:26,070 INFO o.a.j.t.JMeterThread: Thread started: Grupo De Hilos 1-151
2020-03-19 10:38:26,197 INFO o.a.j.t.JMeterThread: Thread started: Grupo De Hilos 1-152
2020-03-19 10:38:26,305 INFO o.a.j.t.JMeterThread: Thread started: Grupo De Hilos 1-153
2020-03-19 10:38:26,422 INFO o.a.j.t.JMeterThread: Thread started: Grupo De Hilos 1-154
2020-03-19 10:38:26,538 INFO o.a.j.t.JMeterThread: Thread started: Grupo De Hilos 1-155
2020-03-19 10:38:26,659 INFO o.a.j.t.JMeterThread: Thread started: Grupo De Hilos 1-156
2020-03-19 10:38:26,775 INFO o.a.j.t.JMeterThread: Thread started: Grupo De Hilos 1-157
2020-03-19 10:38:26,896 INFO o.a.j.t.JMeterThread: Thread started: Grupo De Hilos 1-158
2020-03-19 10:38:27,013 INFO o.a.j.t.JMeterThread: Thread started: Grupo De Hilos 1-159
2020-03-19 10:38:27,129 INFO o.a.j.t.JMeterThread: Thread started: Grupo De Hilos 1-160
2020-03-19 10:38:27,241 INFO o.a.j.t.JMeterThread: Thread started: Grupo De Hilos 1-161
2020-03-19 10:38:27,360 INFO o.a.j.t.JMeterThread: Thread started: Grupo De Hilos 1-162
2020-03-19 10:38:27,476 INFO o.a.j.t.JMeterThread: Thread started: Grupo De Hilos 1-163
2020-03-19 10:38:27,591 INFO o.a.j.t.JMeterThread: Thread started: Grupo De Hilos 1-164
2020-03-19 10:38:27,708 INFO o.a.j.t.JMeterThread: Thread started: Grupo De Hilos 1-165
2020-03-19 10:38:27,836 INFO o.a.j.t.JMeterThread: Thread started: Grupo De Hilos 1-166
2020-03-19 10:38:27,943 INFO o.a.j.t.JMeterThread: Thread started: Grupo De Hilos 1-167
2020-03-19 10:38:28,059 INFO o.a.j.t.JMeterThread: Thread started: Grupo De Hilos 1-168
2020-03-19 10:38:28,178 INFO o.a.j.t.JMeterThread: Thread started: Grupo De Hilos 1-169
2020-03-19 10:38:28,295 INFO o.a.j.t.JMeterThread: Thread started: Grupo De Hilos 1-170
2020-03-19 10:38:28,411 INFO o.a.j.t.JMeterThread: Thread started: Grupo De Hilos 1-171
2020-03-19 10:38:28,527 INFO o.a.j.t.JMeterThread: Thread started: Grupo De Hilos 1-172
2020-03-19 10:38:28,644 INFO o.a.j.t.JMeterThread: Thread started: Grupo De Hilos 1-173
2020-03-19 10:38:28,763 INFO o.a.j.t.JMeterThread: Thread started: Grupo De Hilos 1-174
2020-03-19 10:38:28,878 INFO o.a.j.t.JMeterThread: Thread started: Grupo De Hilos 1-175
2020-03-19 10:38:28,996 INFO o.a.j.t.JMeterThread: Thread started: Grupo De Hilos 1-176
2020-03-19 10:38:29,128 INFO o.a.j.t.JMeterThread: Thread started: Grupo De Hilos 1-177
2020-03-19 10:38:29,233 INFO o.a.j.t.JMeterThread: Thread started: Grupo De Hilos 1-178
2020-03-19 10:38:29,347 INFO o.a.j.t.JMeterThread: Thread started: Grupo De Hilos 1-179
2020-03-19 10:38:29,465 INFO o.a.j.t.JMeterThread: Thread started: Grupo De Hilos 1-180
2020-03-19 10:38:29,582 INFO o.a.j.t.JMeterThread: Thread started: Grupo De Hilos 1-181
2020-03-19 10:38:29,699 INFO o.a.j.t.JMeterThread: Thread started: Grupo De Hilos 1-182
2020-03-19 10:38:29,815 INFO o.a.j.t.JMeterThread: Thread started: Grupo De Hilos 1-183
2020-03-19 10:38:29,932 INFO o.a.j.t.JMeterThread: Thread started: Grupo De Hilos 1-184
2020-03-19 10:38:30,004 INFO o.a.j.r.Summariser: summary +  44497 in 00:00:22 = 2058.7/s Avg:    43 Min:    18 Max:   468 Err:     0 (0.00%) Active: 184 Started: 184 Finished: 0
2020-03-19 10:38:30,048 INFO o.a.j.t.JMeterThread: Thread started: Grupo De Hilos 1-185
2020-03-19 10:38:30,165 INFO o.a.j.t.JMeterThread: Thread started: Grupo De Hilos 1-186
2020-03-19 10:38:30,283 INFO o.a.j.t.JMeterThread: Thread started: Grupo De Hilos 1-187
2020-03-19 10:38:30,401 INFO o.a.j.t.JMeterThread: Thread started: Grupo De Hilos 1-188
2020-03-19 10:38:30,516 INFO o.a.j.t.JMeterThread: Thread started: Grupo De Hilos 1-189
2020-03-19 10:38:30,638 INFO o.a.j.t.JMeterThread: Thread started: Grupo De Hilos 1-190
2020-03-19 10:38:30,757 INFO o.a.j.t.JMeterThread: Thread started: Grupo De Hilos 1-191
2020-03-19 10:38:30,873 INFO o.a.j.t.JMeterThread: Thread started: Grupo De Hilos 1-192
2020-03-19 10:38:30,987 INFO o.a.j.t.JMeterThread: Thread started: Grupo De Hilos 1-193
2020-03-19 10:38:31,104 INFO o.a.j.t.JMeterThread: Thread started: Grupo De Hilos 1-194
2020-03-19 10:38:31,220 INFO o.a.j.t.JMeterThread: Thread started: Grupo De Hilos 1-195
2020-03-19 10:38:31,336 INFO o.a.j.t.JMeterThread: Thread started: Grupo De Hilos 1-196
2020-03-19 10:38:31,454 INFO o.a.j.t.JMeterThread: Thread started: Grupo De Hilos 1-197
2020-03-19 10:38:31,576 INFO o.a.j.t.JMeterThread: Thread started: Grupo De Hilos 1-198
2020-03-19 10:38:31,688 INFO o.a.j.t.JMeterThread: Thread started: Grupo De Hilos 1-199
2020-03-19 10:38:31,804 INFO o.a.j.t.JMeterThread: Thread started: Grupo De Hilos 1-200
2020-03-19 10:38:31,923 INFO o.a.j.t.JMeterThread: Thread started: Grupo De Hilos 1-201
2020-03-19 10:38:32,047 INFO o.a.j.t.JMeterThread: Thread started: Grupo De Hilos 1-202
2020-03-19 10:38:32,158 INFO o.a.j.t.JMeterThread: Thread started: Grupo De Hilos 1-203
2020-03-19 10:38:32,271 INFO o.a.j.t.JMeterThread: Thread started: Grupo De Hilos 1-204
2020-03-19 10:38:32,390 INFO o.a.j.t.JMeterThread: Thread started: Grupo De Hilos 1-205
2020-03-19 10:38:32,506 INFO o.a.j.t.JMeterThread: Thread started: Grupo De Hilos 1-206
2020-03-19 10:38:32,624 INFO o.a.j.t.JMeterThread: Thread started: Grupo De Hilos 1-207
2020-03-19 10:38:32,741 INFO o.a.j.t.JMeterThread: Thread started: Grupo De Hilos 1-208
2020-03-19 10:38:32,856 INFO o.a.j.t.JMeterThread: Thread started: Grupo De Hilos 1-209
2020-03-19 10:38:32,973 INFO o.a.j.t.JMeterThread: Thread started: Grupo De Hilos 1-210
2020-03-19 10:38:33,094 INFO o.a.j.t.JMeterThread: Thread started: Grupo De Hilos 1-211
2020-03-19 10:38:33,211 INFO o.a.j.t.JMeterThread: Thread started: Grupo De Hilos 1-212
2020-03-19 10:38:33,324 INFO o.a.j.t.JMeterThread: Thread started: Grupo De Hilos 1-213
2020-03-19 10:38:33,444 INFO o.a.j.t.JMeterThread: Thread started: Grupo De Hilos 1-214
2020-03-19 10:38:33,558 INFO o.a.j.t.JMeterThread: Thread started: Grupo De Hilos 1-215
2020-03-19 10:38:33,676 INFO o.a.j.t.JMeterThread: Thread started: Grupo De Hilos 1-216
2020-03-19 10:38:33,792 INFO o.a.j.t.JMeterThread: Thread started: Grupo De Hilos 1-217
2020-03-19 10:38:33,910 INFO o.a.j.t.JMeterThread: Thread started: Grupo De Hilos 1-218
2020-03-19 10:38:34,028 INFO o.a.j.t.JMeterThread: Thread started: Grupo De Hilos 1-219
2020-03-19 10:38:34,144 INFO o.a.j.t.JMeterThread: Thread started: Grupo De Hilos 1-220
2020-03-19 10:38:34,263 INFO o.a.j.t.JMeterThread: Thread started: Grupo De Hilos 1-221
2020-03-19 10:38:34,378 INFO o.a.j.t.JMeterThread: Thread started: Grupo De Hilos 1-222
2020-03-19 10:38:34,494 INFO o.a.j.t.JMeterThread: Thread started: Grupo De Hilos 1-223
2020-03-19 10:38:34,611 INFO o.a.j.t.JMeterThread: Thread started: Grupo De Hilos 1-224
2020-03-19 10:38:34,728 INFO o.a.j.t.JMeterThread: Thread started: Grupo De Hilos 1-225
2020-03-19 10:38:34,845 INFO o.a.j.t.JMeterThread: Thread started: Grupo De Hilos 1-226
2020-03-19 10:38:34,964 INFO o.a.j.t.JMeterThread: Thread started: Grupo De Hilos 1-227
2020-03-19 10:38:35,081 INFO o.a.j.t.JMeterThread: Thread started: Grupo De Hilos 1-228
2020-03-19 10:38:35,196 INFO o.a.j.t.JMeterThread: Thread started: Grupo De Hilos 1-229
2020-03-19 10:38:35,313 INFO o.a.j.t.JMeterThread: Thread started: Grupo De Hilos 1-230
2020-03-19 10:38:35,435 INFO o.a.j.t.JMeterThread: Thread started: Grupo De Hilos 1-231
2020-03-19 10:38:35,552 INFO o.a.j.t.JMeterThread: Thread started: Grupo De Hilos 1-232
2020-03-19 10:38:35,668 INFO o.a.j.t.JMeterThread: Thread started: Grupo De Hilos 1-233
2020-03-19 10:38:35,782 INFO o.a.j.t.JMeterThread: Thread started: Grupo De Hilos 1-234
2020-03-19 10:38:35,899 INFO o.a.j.t.JMeterThread: Thread started: Grupo De Hilos 1-235
2020-03-19 10:38:36,016 INFO o.a.j.t.JMeterThread: Thread started: Grupo De Hilos 1-236
2020-03-19 10:38:36,133 INFO o.a.j.t.JMeterThread: Thread started: Grupo De Hilos 1-237
2020-03-19 10:38:36,249 INFO o.a.j.t.JMeterThread: Thread started: Grupo De Hilos 1-238
2020-03-19 10:38:36,367 INFO o.a.j.t.JMeterThread: Thread started: Grupo De Hilos 1-239
2020-03-19 10:38:36,484 INFO o.a.j.t.JMeterThread: Thread started: Grupo De Hilos 1-240
2020-03-19 10:38:36,601 INFO o.a.j.t.JMeterThread: Thread started: Grupo De Hilos 1-241
2020-03-19 10:38:36,719 INFO o.a.j.t.JMeterThread: Thread started: Grupo De Hilos 1-242
2020-03-19 10:38:36,835 INFO o.a.j.t.JMeterThread: Thread started: Grupo De Hilos 1-243
2020-03-19 10:38:36,952 INFO o.a.j.t.JMeterThread: Thread started: Grupo De Hilos 1-244
2020-03-19 10:38:37,069 INFO o.a.j.t.JMeterThread: Thread started: Grupo De Hilos 1-245
2020-03-19 10:38:37,186 INFO o.a.j.t.JMeterThread: Thread started: Grupo De Hilos 1-246
2020-03-19 10:38:37,303 INFO o.a.j.t.JMeterThread: Thread started: Grupo De Hilos 1-247
2020-03-19 10:38:37,420 INFO o.a.j.t.JMeterThread: Thread started: Grupo De Hilos 1-248
2020-03-19 10:38:37,537 INFO o.a.j.t.JMeterThread: Thread started: Grupo De Hilos 1-249
2020-03-19 10:38:37,654 INFO o.a.j.t.JMeterThread: Thread started: Grupo De Hilos 1-250
2020-03-19 10:38:37,772 INFO o.a.j.t.JMeterThread: Thread started: Grupo De Hilos 1-251
2020-03-19 10:38:37,889 INFO o.a.j.t.JMeterThread: Thread started: Grupo De Hilos 1-252
2020-03-19 10:38:38,006 INFO o.a.j.t.JMeterThread: Thread started: Grupo De Hilos 1-253
2020-03-19 10:38:38,128 INFO o.a.j.t.JMeterThread: Thread started: Grupo De Hilos 1-254
2020-03-19 10:38:38,245 INFO o.a.j.t.JMeterThread: Thread started: Grupo De Hilos 1-255
2020-03-19 10:38:38,365 INFO o.a.j.t.JMeterThread: Thread started: Grupo De Hilos 1-256
2020-03-19 10:38:38,492 INFO o.a.j.t.JMeterThread: Thread started: Grupo De Hilos 1-257
2020-03-19 10:38:38,602 INFO o.a.j.t.JMeterThread: Thread started: Grupo De Hilos 1-258
2020-03-19 10:38:38,715 INFO o.a.j.t.JMeterThread: Thread started: Grupo De Hilos 1-259
2020-03-19 10:38:38,831 INFO o.a.j.t.JMeterThread: Thread started: Grupo De Hilos 1-260
2020-03-19 10:38:38,949 INFO o.a.j.t.JMeterThread: Thread started: Grupo De Hilos 1-261
2020-03-19 10:38:39,057 INFO o.a.j.t.JMeterThread: Thread started: Grupo De Hilos 1-262
2020-03-19 10:38:39,175 INFO o.a.j.t.JMeterThread: Thread started: Grupo De Hilos 1-263
2020-03-19 10:38:39,291 INFO o.a.j.t.JMeterThread: Thread started: Grupo De Hilos 1-264
2020-03-19 10:38:39,408 INFO o.a.j.t.JMeterThread: Thread started: Grupo De Hilos 1-265
2020-03-19 10:38:39,525 INFO o.a.j.t.JMeterThread: Thread started: Grupo De Hilos 1-266
2020-03-19 10:38:39,642 INFO o.a.j.t.JMeterThread: Thread started: Grupo De Hilos 1-267
2020-03-19 10:38:39,759 INFO o.a.j.t.JMeterThread: Thread started: Grupo De Hilos 1-268
2020-03-19 10:38:39,877 INFO o.a.j.t.JMeterThread: Thread started: Grupo De Hilos 1-269
2020-03-19 10:38:39,993 INFO o.a.j.t.JMeterThread: Thread started: Grupo De Hilos 1-270
2020-03-19 10:38:40,110 INFO o.a.j.t.JMeterThread: Thread started: Grupo De Hilos 1-271
2020-03-19 10:38:40,228 INFO o.a.j.t.JMeterThread: Thread started: Grupo De Hilos 1-272
2020-03-19 10:38:40,350 INFO o.a.j.t.JMeterThread: Thread started: Grupo De Hilos 1-273
2020-03-19 10:38:40,467 INFO o.a.j.t.JMeterThread: Thread started: Grupo De Hilos 1-274
2020-03-19 10:38:40,579 INFO o.a.j.t.JMeterThread: Thread started: Grupo De Hilos 1-275
2020-03-19 10:38:40,698 INFO o.a.j.t.JMeterThread: Thread started: Grupo De Hilos 1-276
2020-03-19 10:38:40,815 INFO o.a.j.t.JMeterThread: Thread started: Grupo De Hilos 1-277
2020-03-19 10:38:40,929 INFO o.a.j.t.JMeterThread: Thread started: Grupo De Hilos 1-278
2020-03-19 10:38:41,046 INFO o.a.j.t.JMeterThread: Thread started: Grupo De Hilos 1-279
2020-03-19 10:38:41,164 INFO o.a.j.t.JMeterThread: Thread started: Grupo De Hilos 1-280
2020-03-19 10:38:41,285 INFO o.a.j.t.JMeterThread: Thread started: Grupo De Hilos 1-281
2020-03-19 10:38:41,405 INFO o.a.j.t.JMeterThread: Thread started: Grupo De Hilos 1-282
2020-03-19 10:38:41,515 INFO o.a.j.t.JMeterThread: Thread started: Grupo De Hilos 1-283
2020-03-19 10:38:41,633 INFO o.a.j.t.JMeterThread: Thread started: Grupo De Hilos 1-284
2020-03-19 10:38:41,749 INFO o.a.j.t.JMeterThread: Thread started: Grupo De Hilos 1-285
2020-03-19 10:38:41,867 INFO o.a.j.t.JMeterThread: Thread started: Grupo De Hilos 1-286
2020-03-19 10:38:41,982 INFO o.a.j.t.JMeterThread: Thread started: Grupo De Hilos 1-287
2020-03-19 10:38:42,100 INFO o.a.j.t.JMeterThread: Thread started: Grupo De Hilos 1-288
2020-03-19 10:38:42,215 INFO o.a.j.t.JMeterThread: Thread started: Grupo De Hilos 1-289
2020-03-19 10:38:42,333 INFO o.a.j.t.JMeterThread: Thread started: Grupo De Hilos 1-290
2020-03-19 10:38:42,451 INFO o.a.j.t.JMeterThread: Thread started: Grupo De Hilos 1-291
2020-03-19 10:38:42,567 INFO o.a.j.t.JMeterThread: Thread started: Grupo De Hilos 1-292
2020-03-19 10:38:42,684 INFO o.a.j.t.JMeterThread: Thread started: Grupo De Hilos 1-293
2020-03-19 10:38:42,801 INFO o.a.j.t.JMeterThread: Thread started: Grupo De Hilos 1-294
2020-03-19 10:38:42,917 INFO o.a.j.t.JMeterThread: Thread started: Grupo De Hilos 1-295
2020-03-19 10:38:43,034 INFO o.a.j.t.JMeterThread: Thread started: Grupo De Hilos 1-296
2020-03-19 10:38:43,153 INFO o.a.j.t.JMeterThread: Thread started: Grupo De Hilos 1-297
2020-03-19 10:38:43,269 INFO o.a.j.t.JMeterThread: Thread started: Grupo De Hilos 1-298
2020-03-19 10:38:43,386 INFO o.a.j.t.JMeterThread: Thread started: Grupo De Hilos 1-299
2020-03-19 10:38:43,503 INFO o.a.j.t.JMeterThread: Thread started: Grupo De Hilos 1-300
2020-03-19 10:39:00,010 INFO o.a.j.r.Summariser: summary +  30284 in 00:00:30 = 1009.2/s Avg:   264 Min:    25 Max:  8558 Err:     0 (0.00%) Active: 300 Started: 300 Finished: 0
2020-03-19 10:39:00,011 INFO o.a.j.r.Summariser: summary =  74781 in 00:00:52 = 1448.6/s Avg:   133 Min:    18 Max:  8558 Err:     0 (0.00%)
2020-03-19 10:39:30,065 INFO o.a.j.r.Summariser: summary +  26515 in 00:00:30 =  882.3/s Avg:   341 Min:    26 Max: 20997 Err:     0 (0.00%) Active: 300 Started: 300 Finished: 0
2020-03-19 10:39:30,066 INFO o.a.j.r.Summariser: summary = 101296 in 00:01:22 = 1240.2/s Avg:   187 Min:    18 Max: 20997 Err:     0 (0.00%)
2020-03-19 10:40:00,032 INFO o.a.j.r.Summariser: summary +  25679 in 00:00:30 =  856.9/s Avg:   348 Min:    24 Max:  5432 Err:     0 (0.00%) Active: 300 Started: 300 Finished: 0
2020-03-19 10:40:00,033 INFO o.a.j.r.Summariser: summary = 126975 in 00:01:52 = 1137.3/s Avg:   220 Min:    18 Max: 20997 Err:     0 (0.00%)
2020-03-19 10:40:30,001 INFO o.a.j.r.Summariser: summary +  27414 in 00:00:30 =  914.7/s Avg:   328 Min:    23 Max: 15659 Err:     0 (0.00%) Active: 300 Started: 300 Finished: 0
2020-03-19 10:40:30,002 INFO o.a.j.r.Summariser: summary = 154389 in 00:02:22 = 1090.2/s Avg:   239 Min:    18 Max: 20997 Err:     0 (0.00%)
2020-03-19 10:41:00,020 INFO o.a.j.r.Summariser: summary +  26037 in 00:00:30 =  867.4/s Avg:   344 Min:    24 Max: 11909 Err:     0 (0.00%) Active: 300 Started: 300 Finished: 0
2020-03-19 10:41:00,021 INFO o.a.j.r.Summariser: summary = 180426 in 00:02:52 = 1051.2/s Avg:   254 Min:    18 Max: 20997 Err:     0 (0.00%)
2020-03-19 10:41:30,042 INFO o.a.j.r.Summariser: summary +  25798 in 00:00:30 =  859.3/s Avg:   349 Min:    22 Max: 32696 Err:     0 (0.00%) Active: 300 Started: 300 Finished: 0
2020-03-19 10:41:30,044 INFO o.a.j.r.Summariser: summary = 206224 in 00:03:22 = 1022.7/s Avg:   266 Min:    18 Max: 32696 Err:     0 (0.00%)
2020-03-19 10:42:00,015 INFO o.a.j.r.Summariser: summary +  24770 in 00:00:30 =  826.4/s Avg:   360 Min:    22 Max: 12646 Err:     0 (0.00%) Active: 300 Started: 300 Finished: 0
2020-03-19 10:42:00,016 INFO o.a.j.r.Summariser: summary = 230994 in 00:03:52 =  997.3/s Avg:   276 Min:    18 Max: 32696 Err:     0 (0.00%)
2020-03-19 10:42:08,537 INFO o.a.j.t.JMeterThread: Stopping because end time detected by thread: Grupo De Hilos 1-3
2020-03-19 10:42:08,537 INFO o.a.j.t.JMeterThread: Thread finished: Grupo De Hilos 1-3
2020-03-19 10:42:08,592 INFO o.a.j.t.JMeterThread: Stopping because end time detected by thread: Grupo De Hilos 1-2
2020-03-19 10:42:08,592 INFO o.a.j.t.JMeterThread: Thread finished: Grupo De Hilos 1-2
2020-03-19 10:42:08,592 INFO o.a.j.t.JMeterThread: Stopping because end time detected by thread: Grupo De Hilos 1-10
2020-03-19 10:42:08,592 INFO o.a.j.t.JMeterThread: Thread finished: Grupo De Hilos 1-10
2020-03-19 10:42:08,608 INFO o.a.j.t.JMeterThread: Stopping because end time detected by thread: Grupo De Hilos 1-28
2020-03-19 10:42:08,609 INFO o.a.j.t.JMeterThread: Thread finished: Grupo De Hilos 1-28
2020-03-19 10:42:08,631 INFO o.a.j.t.JMeterThread: Stopping because end time detected by thread: Grupo De Hilos 1-24
2020-03-19 10:42:08,631 INFO o.a.j.t.JMeterThread: Thread finished: Grupo De Hilos 1-24
2020-03-19 10:42:08,631 INFO o.a.j.t.JMeterThread: Stopping because end time detected by thread: Grupo De Hilos 1-37
2020-03-19 10:42:08,632 INFO o.a.j.t.JMeterThread: Thread finished: Grupo De Hilos 1-37
2020-03-19 10:42:08,646 INFO o.a.j.t.JMeterThread: Stopping because end time detected by thread: Grupo De Hilos 1-13
2020-03-19 10:42:08,646 INFO o.a.j.t.JMeterThread: Thread finished: Grupo De Hilos 1-13
2020-03-19 10:42:08,646 INFO o.a.j.t.JMeterThread: Stopping because end time detected by thread: Grupo De Hilos 1-25
2020-03-19 10:42:08,647 INFO o.a.j.t.JMeterThread: Thread finished: Grupo De Hilos 1-25
2020-03-19 10:42:08,647 INFO o.a.j.t.JMeterThread: Stopping because end time detected by thread: Grupo De Hilos 1-31
2020-03-19 10:42:08,647 INFO o.a.j.t.JMeterThread: Thread finished: Grupo De Hilos 1-31
2020-03-19 10:42:08,647 INFO o.a.j.t.JMeterThread: Stopping because end time detected by thread: Grupo De Hilos 1-52
2020-03-19 10:42:08,647 INFO o.a.j.t.JMeterThread: Thread finished: Grupo De Hilos 1-52
2020-03-19 10:42:08,648 INFO o.a.j.t.JMeterThread: Stopping because end time detected by thread: Grupo De Hilos 1-53
2020-03-19 10:42:08,648 INFO o.a.j.t.JMeterThread: Thread finished: Grupo De Hilos 1-53
2020-03-19 10:42:08,648 INFO o.a.j.t.JMeterThread: Stopping because end time detected by thread: Grupo De Hilos 1-46
2020-03-19 10:42:08,648 INFO o.a.j.t.JMeterThread: Thread finished: Grupo De Hilos 1-46
2020-03-19 10:42:08,649 INFO o.a.j.t.JMeterThread: Stopping because end time detected by thread: Grupo De Hilos 1-9
2020-03-19 10:42:08,649 INFO o.a.j.t.JMeterThread: Thread finished: Grupo De Hilos 1-9
2020-03-19 10:42:08,669 INFO o.a.j.t.JMeterThread: Stopping because end time detected by thread: Grupo De Hilos 1-35
2020-03-19 10:42:08,670 INFO o.a.j.t.JMeterThread: Stopping because end time detected by thread: Grupo De Hilos 1-16
2020-03-19 10:42:08,670 INFO o.a.j.t.JMeterThread: Thread finished: Grupo De Hilos 1-16
2020-03-19 10:42:08,670 INFO o.a.j.t.JMeterThread: Thread finished: Grupo De Hilos 1-35
2020-03-19 10:42:08,671 INFO o.a.j.t.JMeterThread: Stopping because end time detected by thread: Grupo De Hilos 1-22
2020-03-19 10:42:08,671 INFO o.a.j.t.JMeterThread: Thread finished: Grupo De Hilos 1-22
2020-03-19 10:42:08,672 INFO o.a.j.t.JMeterThread: Stopping because end time detected by thread: Grupo De Hilos 1-41
2020-03-19 10:42:08,673 INFO o.a.j.t.JMeterThread: Thread finished: Grupo De Hilos 1-41
2020-03-19 10:42:08,674 INFO o.a.j.t.JMeterThread: Stopping because end time detected by thread: Grupo De Hilos 1-15
2020-03-19 10:42:08,674 INFO o.a.j.t.JMeterThread: Thread finished: Grupo De Hilos 1-15
2020-03-19 10:42:08,676 INFO o.a.j.t.JMeterThread: Stopping because end time detected by thread: Grupo De Hilos 1-44
2020-03-19 10:42:08,676 INFO o.a.j.t.JMeterThread: Thread finished: Grupo De Hilos 1-44
2020-03-19 10:42:08,676 INFO o.a.j.t.JMeterThread: Stopping because end time detected by thread: Grupo De Hilos 1-45
2020-03-19 10:42:08,676 INFO o.a.j.t.JMeterThread: Thread finished: Grupo De Hilos 1-45
2020-03-19 10:42:08,677 INFO o.a.j.t.JMeterThread: Stopping because end time detected by thread: Grupo De Hilos 1-63
2020-03-19 10:42:08,677 INFO o.a.j.t.JMeterThread: Thread finished: Grupo De Hilos 1-63
2020-03-19 10:42:08,678 INFO o.a.j.t.JMeterThread: Stopping because end time detected by thread: Grupo De Hilos 1-66
2020-03-19 10:42:08,678 INFO o.a.j.t.JMeterThread: Thread finished: Grupo De Hilos 1-66
2020-03-19 10:42:08,670 INFO o.a.j.t.JMeterThread: Stopping because end time detected by thread: Grupo De Hilos 1-38
2020-03-19 10:42:08,679 INFO o.a.j.t.JMeterThread: Thread finished: Grupo De Hilos 1-38
2020-03-19 10:42:08,690 INFO o.a.j.t.JMeterThread: Stopping because end time detected by thread: Grupo De Hilos 1-59
2020-03-19 10:42:08,690 INFO o.a.j.t.JMeterThread: Thread finished: Grupo De Hilos 1-59
2020-03-19 10:42:08,690 INFO o.a.j.t.JMeterThread: Stopping because end time detected by thread: Grupo De Hilos 1-49
2020-03-19 10:42:08,691 INFO o.a.j.t.JMeterThread: Stopping because end time detected by thread: Grupo De Hilos 1-60
2020-03-19 10:42:08,691 INFO o.a.j.t.JMeterThread: Thread finished: Grupo De Hilos 1-60
2020-03-19 10:42:08,691 INFO o.a.j.t.JMeterThread: Stopping because end time detected by thread: Grupo De Hilos 1-42
2020-03-19 10:42:08,691 INFO o.a.j.t.JMeterThread: Thread finished: Grupo De Hilos 1-42
2020-03-19 10:42:08,691 INFO o.a.j.t.JMeterThread: Thread finished: Grupo De Hilos 1-49
2020-03-19 10:42:08,692 INFO o.a.j.t.JMeterThread: Stopping because end time detected by thread: Grupo De Hilos 1-61
2020-03-19 10:42:08,692 INFO o.a.j.t.JMeterThread: Thread finished: Grupo De Hilos 1-61
2020-03-19 10:42:08,699 INFO o.a.j.t.JMeterThread: Stopping because end time detected by thread: Grupo De Hilos 1-67
2020-03-19 10:42:08,700 INFO o.a.j.t.JMeterThread: Thread finished: Grupo De Hilos 1-67
2020-03-19 10:42:08,700 INFO o.a.j.t.JMeterThread: Stopping because end time detected by thread: Grupo De Hilos 1-75
2020-03-19 10:42:08,700 INFO o.a.j.t.JMeterThread: Thread finished: Grupo De Hilos 1-75
2020-03-19 10:42:08,700 INFO o.a.j.t.JMeterThread: Stopping because end time detected by thread: Grupo De Hilos 1-81
2020-03-19 10:42:08,700 INFO o.a.j.t.JMeterThread: Thread finished: Grupo De Hilos 1-81
2020-03-19 10:42:08,701 INFO o.a.j.t.JMeterThread: Stopping because end time detected by thread: Grupo De Hilos 1-76
2020-03-19 10:42:08,701 INFO o.a.j.t.JMeterThread: Thread finished: Grupo De Hilos 1-76
2020-03-19 10:42:08,701 INFO o.a.j.t.JMeterThread: Stopping because end time detected by thread: Grupo De Hilos 1-80
2020-03-19 10:42:08,701 INFO o.a.j.t.JMeterThread: Thread finished: Grupo De Hilos 1-80
2020-03-19 10:42:08,701 INFO o.a.j.t.JMeterThread: Stopping because end time detected by thread: Grupo De Hilos 1-57
2020-03-19 10:42:08,702 INFO o.a.j.t.JMeterThread: Thread finished: Grupo De Hilos 1-57
2020-03-19 10:42:08,712 INFO o.a.j.t.JMeterThread: Stopping because end time detected by thread: Grupo De Hilos 1-73
2020-03-19 10:42:08,712 INFO o.a.j.t.JMeterThread: Stopping because end time detected by thread: Grupo De Hilos 1-50
2020-03-19 10:42:08,712 INFO o.a.j.t.JMeterThread: Thread finished: Grupo De Hilos 1-50
2020-03-19 10:42:08,712 INFO o.a.j.t.JMeterThread: Thread finished: Grupo De Hilos 1-73
2020-03-19 10:42:08,712 INFO o.a.j.t.JMeterThread: Stopping because end time detected by thread: Grupo De Hilos 1-69
2020-03-19 10:42:08,712 INFO o.a.j.t.JMeterThread: Thread finished: Grupo De Hilos 1-69
2020-03-19 10:42:08,729 INFO o.a.j.t.JMeterThread: Stopping because end time detected by thread: Grupo De Hilos 1-86
2020-03-19 10:42:08,730 INFO o.a.j.t.JMeterThread: Thread finished: Grupo De Hilos 1-86
2020-03-19 10:42:08,731 INFO o.a.j.t.JMeterThread: Stopping because end time detected by thread: Grupo De Hilos 1-1
2020-03-19 10:42:08,731 INFO o.a.j.t.JMeterThread: Stopping because end time detected by thread: Grupo De Hilos 1-89
2020-03-19 10:42:08,731 INFO o.a.j.t.JMeterThread: Thread finished: Grupo De Hilos 1-1
2020-03-19 10:42:08,731 INFO o.a.j.t.JMeterThread: Thread finished: Grupo De Hilos 1-89
2020-03-19 10:42:08,732 INFO o.a.j.t.JMeterThread: Stopping because end time detected by thread: Grupo De Hilos 1-94
2020-03-19 10:42:08,732 INFO o.a.j.t.JMeterThread: Thread finished: Grupo De Hilos 1-94
2020-03-19 10:42:08,734 INFO o.a.j.t.JMeterThread: Stopping because end time detected by thread: Grupo De Hilos 1-70
2020-03-19 10:42:08,735 INFO o.a.j.t.JMeterThread: Thread finished: Grupo De Hilos 1-70
2020-03-19 10:42:08,741 INFO o.a.j.t.JMeterThread: Stopping because end time detected by thread: Grupo De Hilos 1-92
2020-03-19 10:42:08,742 INFO o.a.j.t.JMeterThread: Stopping because end time detected by thread: Grupo De Hilos 1-87
2020-03-19 10:42:08,742 INFO o.a.j.t.JMeterThread: Thread finished: Grupo De Hilos 1-92
2020-03-19 10:42:08,742 INFO o.a.j.t.JMeterThread: Stopping because end time detected by thread: Grupo De Hilos 1-78
2020-03-19 10:42:08,742 INFO o.a.j.t.JMeterThread: Stopping because end time detected by thread: Grupo De Hilos 1-91
2020-03-19 10:42:08,742 INFO o.a.j.t.JMeterThread: Thread finished: Grupo De Hilos 1-91
2020-03-19 10:42:08,742 INFO o.a.j.t.JMeterThread: Thread finished: Grupo De Hilos 1-78
2020-03-19 10:42:08,743 INFO o.a.j.t.JMeterThread: Thread finished: Grupo De Hilos 1-87
2020-03-19 10:42:08,744 INFO o.a.j.t.JMeterThread: Stopping because end time detected by thread: Grupo De Hilos 1-77
2020-03-19 10:42:08,744 INFO o.a.j.t.JMeterThread: Thread finished: Grupo De Hilos 1-77
2020-03-19 10:42:08,747 INFO o.a.j.t.JMeterThread: Stopping because end time detected by thread: Grupo De Hilos 1-99
2020-03-19 10:42:08,747 INFO o.a.j.t.JMeterThread: Stopping because end time detected by thread: Grupo De Hilos 1-101
2020-03-19 10:42:08,747 INFO o.a.j.t.JMeterThread: Thread finished: Grupo De Hilos 1-99
2020-03-19 10:42:08,747 INFO o.a.j.t.JMeterThread: Thread finished: Grupo De Hilos 1-101
2020-03-19 10:42:08,748 INFO o.a.j.t.JMeterThread: Stopping because end time detected by thread: Grupo De Hilos 1-56
2020-03-19 10:42:08,748 INFO o.a.j.t.JMeterThread: Thread finished: Grupo De Hilos 1-56
2020-03-19 10:42:08,748 INFO o.a.j.t.JMeterThread: Stopping because end time detected by thread: Grupo De Hilos 1-20
2020-03-19 10:42:08,749 INFO o.a.j.t.JMeterThread: Thread finished: Grupo De Hilos 1-20
2020-03-19 10:42:08,753 INFO o.a.j.t.JMeterThread: Stopping because end time detected by thread: Grupo De Hilos 1-88
2020-03-19 10:42:08,753 INFO o.a.j.t.JMeterThread: Thread finished: Grupo De Hilos 1-88
2020-03-19 10:42:08,754 INFO o.a.j.t.JMeterThread: Stopping because end time detected by thread: Grupo De Hilos 1-98
2020-03-19 10:42:08,754 INFO o.a.j.t.JMeterThread: Thread finished: Grupo De Hilos 1-98
2020-03-19 10:42:08,754 INFO o.a.j.t.JMeterThread: Stopping because end time detected by thread: Grupo De Hilos 1-95
2020-03-19 10:42:08,755 INFO o.a.j.t.JMeterThread: Thread finished: Grupo De Hilos 1-95
2020-03-19 10:42:08,775 INFO o.a.j.t.JMeterThread: Stopping because end time detected by thread: Grupo De Hilos 1-93
2020-03-19 10:42:08,775 INFO o.a.j.t.JMeterThread: Stopping because end time detected by thread: Grupo De Hilos 1-96
2020-03-19 10:42:08,775 INFO o.a.j.t.JMeterThread: Stopping because end time detected by thread: Grupo De Hilos 1-21
2020-03-19 10:42:08,775 INFO o.a.j.t.JMeterThread: Thread finished: Grupo De Hilos 1-96
2020-03-19 10:42:08,775 INFO o.a.j.t.JMeterThread: Stopping because end time detected by thread: Grupo De Hilos 1-109
2020-03-19 10:42:08,776 INFO o.a.j.t.JMeterThread: Thread finished: Grupo De Hilos 1-109
2020-03-19 10:42:08,776 INFO o.a.j.t.JMeterThread: Stopping because end time detected by thread: Grupo De Hilos 1-5
2020-03-19 10:42:08,776 INFO o.a.j.t.JMeterThread: Thread finished: Grupo De Hilos 1-5
2020-03-19 10:42:08,776 INFO o.a.j.t.JMeterThread: Thread finished: Grupo De Hilos 1-21
2020-03-19 10:42:08,778 INFO o.a.j.t.JMeterThread: Stopping because end time detected by thread: Grupo De Hilos 1-84
2020-03-19 10:42:08,778 INFO o.a.j.t.JMeterThread: Stopping because end time detected by thread: Grupo De Hilos 1-68
2020-03-19 10:42:08,778 INFO o.a.j.t.JMeterThread: Thread finished: Grupo De Hilos 1-84
2020-03-19 10:42:08,778 INFO o.a.j.t.JMeterThread: Stopping because end time detected by thread: Grupo De Hilos 1-113
2020-03-19 10:42:08,778 INFO o.a.j.t.JMeterThread: Thread finished: Grupo De Hilos 1-113
2020-03-19 10:42:08,778 INFO o.a.j.t.JMeterThread: Stopping because end time detected by thread: Grupo De Hilos 1-104
2020-03-19 10:42:08,778 INFO o.a.j.t.JMeterThread: Thread finished: Grupo De Hilos 1-104
2020-03-19 10:42:08,778 INFO o.a.j.t.JMeterThread: Thread finished: Grupo De Hilos 1-93
2020-03-19 10:42:08,778 INFO o.a.j.t.JMeterThread: Thread finished: Grupo De Hilos 1-68
2020-03-19 10:42:08,780 INFO o.a.j.t.JMeterThread: Stopping because end time detected by thread: Grupo De Hilos 1-114
2020-03-19 10:42:08,780 INFO o.a.j.t.JMeterThread: Thread finished: Grupo De Hilos 1-114
2020-03-19 10:42:08,783 INFO o.a.j.t.JMeterThread: Stopping because end time detected by thread: Grupo De Hilos 1-4
2020-03-19 10:42:08,783 INFO o.a.j.t.JMeterThread: Thread finished: Grupo De Hilos 1-4
2020-03-19 10:42:08,783 INFO o.a.j.t.JMeterThread: Stopping because end time detected by thread: Grupo De Hilos 1-110
2020-03-19 10:42:08,783 INFO o.a.j.t.JMeterThread: Thread finished: Grupo De Hilos 1-110
2020-03-19 10:42:08,786 INFO o.a.j.t.JMeterThread: Stopping because end time detected by thread: Grupo De Hilos 1-111
2020-03-19 10:42:08,787 INFO o.a.j.t.JMeterThread: Thread finished: Grupo De Hilos 1-111
2020-03-19 10:42:08,793 INFO o.a.j.t.JMeterThread: Stopping because end time detected by thread: Grupo De Hilos 1-79
2020-03-19 10:42:08,793 INFO o.a.j.t.JMeterThread: Thread finished: Grupo De Hilos 1-79
2020-03-19 10:42:08,794 INFO o.a.j.t.JMeterThread: Stopping because end time detected by thread: Grupo De Hilos 1-118
2020-03-19 10:42:08,794 INFO o.a.j.t.JMeterThread: Thread finished: Grupo De Hilos 1-118
2020-03-19 10:42:08,794 INFO o.a.j.t.JMeterThread: Stopping because end time detected by thread: Grupo De Hilos 1-116
2020-03-19 10:42:08,794 INFO o.a.j.t.JMeterThread: Thread finished: Grupo De Hilos 1-116
2020-03-19 10:42:08,794 INFO o.a.j.t.JMeterThread: Stopping because end time detected by thread: Grupo De Hilos 1-125
2020-03-19 10:42:08,795 INFO o.a.j.t.JMeterThread: Stopping because end time detected by thread: Grupo De Hilos 1-12
2020-03-19 10:42:08,796 INFO o.a.j.t.JMeterThread: Thread finished: Grupo De Hilos 1-12
2020-03-19 10:42:08,795 INFO o.a.j.t.JMeterThread: Thread finished: Grupo De Hilos 1-125
2020-03-19 10:42:08,796 INFO o.a.j.t.JMeterThread: Stopping because end time detected by thread: Grupo De Hilos 1-65
2020-03-19 10:42:08,797 INFO o.a.j.t.JMeterThread: Thread finished: Grupo De Hilos 1-65
2020-03-19 10:42:08,799 INFO o.a.j.t.JMeterThread: Stopping because end time detected by thread: Grupo De Hilos 1-117
2020-03-19 10:42:08,799 INFO o.a.j.t.JMeterThread: Thread finished: Grupo De Hilos 1-117
2020-03-19 10:42:08,799 INFO o.a.j.t.JMeterThread: Stopping because end time detected by thread: Grupo De Hilos 1-107
2020-03-19 10:42:08,800 INFO o.a.j.t.JMeterThread: Thread finished: Grupo De Hilos 1-107
2020-03-19 10:42:08,800 INFO o.a.j.t.JMeterThread: Stopping because end time detected by thread: Grupo De Hilos 1-128
2020-03-19 10:42:08,801 INFO o.a.j.t.JMeterThread: Thread finished: Grupo De Hilos 1-128
2020-03-19 10:42:08,822 INFO o.a.j.t.JMeterThread: Stopping because end time detected by thread: Grupo De Hilos 1-143
2020-03-19 10:42:08,823 INFO o.a.j.t.JMeterThread: Thread finished: Grupo De Hilos 1-143
2020-03-19 10:42:08,823 INFO o.a.j.t.JMeterThread: Stopping because end time detected by thread: Grupo De Hilos 1-126
2020-03-19 10:42:08,823 INFO o.a.j.t.JMeterThread: Stopping because end time detected by thread: Grupo De Hilos 1-144
2020-03-19 10:42:08,823 INFO o.a.j.t.JMeterThread: Thread finished: Grupo De Hilos 1-126
2020-03-19 10:42:08,823 INFO o.a.j.t.JMeterThread: Thread finished: Grupo De Hilos 1-144
2020-03-19 10:42:08,823 INFO o.a.j.t.JMeterThread: Stopping because end time detected by thread: Grupo De Hilos 1-131
2020-03-19 10:42:08,823 INFO o.a.j.t.JMeterThread: Thread finished: Grupo De Hilos 1-131
2020-03-19 10:42:08,824 INFO o.a.j.t.JMeterThread: Stopping because end time detected by thread: Grupo De Hilos 1-147
2020-03-19 10:42:08,824 INFO o.a.j.t.JMeterThread: Stopping because end time detected by thread: Grupo De Hilos 1-106
2020-03-19 10:42:08,824 INFO o.a.j.t.JMeterThread: Thread finished: Grupo De Hilos 1-147
2020-03-19 10:42:08,824 INFO o.a.j.t.JMeterThread: Thread finished: Grupo De Hilos 1-106
2020-03-19 10:42:08,825 INFO o.a.j.t.JMeterThread: Stopping because end time detected by thread: Grupo De Hilos 1-150
2020-03-19 10:42:08,825 INFO o.a.j.t.JMeterThread: Thread finished: Grupo De Hilos 1-150
2020-03-19 10:42:08,825 INFO o.a.j.t.JMeterThread: Stopping because end time detected by thread: Grupo De Hilos 1-152
2020-03-19 10:42:08,825 INFO o.a.j.t.JMeterThread: Thread finished: Grupo De Hilos 1-152
2020-03-19 10:42:08,826 INFO o.a.j.t.JMeterThread: Stopping because end time detected by thread: Grupo De Hilos 1-145
2020-03-19 10:42:08,826 INFO o.a.j.t.JMeterThread: Thread finished: Grupo De Hilos 1-145
2020-03-19 10:42:08,827 INFO o.a.j.t.JMeterThread: Stopping because end time detected by thread: Grupo De Hilos 1-129
2020-03-19 10:42:08,827 INFO o.a.j.t.JMeterThread: Thread finished: Grupo De Hilos 1-129
2020-03-19 10:42:08,831 INFO o.a.j.t.JMeterThread: Stopping because end time detected by thread: Grupo De Hilos 1-51
2020-03-19 10:42:08,831 INFO o.a.j.t.JMeterThread: Thread finished: Grupo De Hilos 1-51
2020-03-19 10:42:08,831 INFO o.a.j.t.JMeterThread: Stopping because end time detected by thread: Grupo De Hilos 1-43
2020-03-19 10:42:08,831 INFO o.a.j.t.JMeterThread: Stopping because end time detected by thread: Grupo De Hilos 1-83
2020-03-19 10:42:08,831 INFO o.a.j.t.JMeterThread: Thread finished: Grupo De Hilos 1-43
2020-03-19 10:42:08,831 INFO o.a.j.t.JMeterThread: Thread finished: Grupo De Hilos 1-83
2020-03-19 10:42:08,832 INFO o.a.j.t.JMeterThread: Stopping because end time detected by thread: Grupo De Hilos 1-55
2020-03-19 10:42:08,832 INFO o.a.j.t.JMeterThread: Thread finished: Grupo De Hilos 1-55
2020-03-19 10:42:08,832 INFO o.a.j.t.JMeterThread: Stopping because end time detected by thread: Grupo De Hilos 1-40
2020-03-19 10:42:08,832 INFO o.a.j.t.JMeterThread: Thread finished: Grupo De Hilos 1-40
2020-03-19 10:42:08,834 INFO o.a.j.t.JMeterThread: Stopping because end time detected by thread: Grupo De Hilos 1-124
2020-03-19 10:42:08,834 INFO o.a.j.t.JMeterThread: Thread finished: Grupo De Hilos 1-124
2020-03-19 10:42:08,834 INFO o.a.j.t.JMeterThread: Stopping because end time detected by thread: Grupo De Hilos 1-121
2020-03-19 10:42:08,835 INFO o.a.j.t.JMeterThread: Thread finished: Grupo De Hilos 1-121
2020-03-19 10:42:08,842 INFO o.a.j.t.JMeterThread: Stopping because end time detected by thread: Grupo De Hilos 1-74
2020-03-19 10:42:08,842 INFO o.a.j.t.JMeterThread: Thread finished: Grupo De Hilos 1-74
2020-03-19 10:42:08,843 INFO o.a.j.t.JMeterThread: Stopping because end time detected by thread: Grupo De Hilos 1-29
2020-03-19 10:42:08,843 INFO o.a.j.t.JMeterThread: Stopping because end time detected by thread: Grupo De Hilos 1-120
2020-03-19 10:42:08,844 INFO o.a.j.t.JMeterThread: Thread finished: Grupo De Hilos 1-29
2020-03-19 10:42:08,844 INFO o.a.j.t.JMeterThread: Stopping because end time detected by thread: Grupo De Hilos 1-159
2020-03-19 10:42:08,844 INFO o.a.j.t.JMeterThread: Thread finished: Grupo De Hilos 1-120
2020-03-19 10:42:08,844 INFO o.a.j.t.JMeterThread: Thread finished: Grupo De Hilos 1-159
2020-03-19 10:42:08,844 INFO o.a.j.t.JMeterThread: Stopping because end time detected by thread: Grupo De Hilos 1-64
2020-03-19 10:42:08,844 INFO o.a.j.t.JMeterThread: Thread finished: Grupo De Hilos 1-64
2020-03-19 10:42:08,844 INFO o.a.j.t.JMeterThread: Stopping because end time detected by thread: Grupo De Hilos 1-112
2020-03-19 10:42:08,844 INFO o.a.j.t.JMeterThread: Thread finished: Grupo De Hilos 1-112
2020-03-19 10:42:08,845 INFO o.a.j.t.JMeterThread: Stopping because end time detected by thread: Grupo De Hilos 1-127
2020-03-19 10:42:08,845 INFO o.a.j.t.JMeterThread: Stopping because end time detected by thread: Grupo De Hilos 1-14
2020-03-19 10:42:08,845 INFO o.a.j.t.JMeterThread: Thread finished: Grupo De Hilos 1-127
2020-03-19 10:42:08,845 INFO o.a.j.t.JMeterThread: Thread finished: Grupo De Hilos 1-14
2020-03-19 10:42:08,846 INFO o.a.j.t.JMeterThread: Stopping because end time detected by thread: Grupo De Hilos 1-158
2020-03-19 10:42:08,846 INFO o.a.j.t.JMeterThread: Thread finished: Grupo De Hilos 1-158
2020-03-19 10:42:08,847 INFO o.a.j.t.JMeterThread: Stopping because end time detected by thread: Grupo De Hilos 1-85
2020-03-19 10:42:08,847 INFO o.a.j.t.JMeterThread: Stopping because end time detected by thread: Grupo De Hilos 1-130
2020-03-19 10:42:08,847 INFO o.a.j.t.JMeterThread: Thread finished: Grupo De Hilos 1-85
2020-03-19 10:42:08,848 INFO o.a.j.t.JMeterThread: Thread finished: Grupo De Hilos 1-130
2020-03-19 10:42:08,850 INFO o.a.j.t.JMeterThread: Stopping because end time detected by thread: Grupo De Hilos 1-149
2020-03-19 10:42:08,850 INFO o.a.j.t.JMeterThread: Thread finished: Grupo De Hilos 1-149
2020-03-19 10:42:08,850 INFO o.a.j.t.JMeterThread: Stopping because end time detected by thread: Grupo De Hilos 1-105
2020-03-19 10:42:08,851 INFO o.a.j.t.JMeterThread: Thread finished: Grupo De Hilos 1-105
2020-03-19 10:42:08,853 INFO o.a.j.t.JMeterThread: Stopping because end time detected by thread: Grupo De Hilos 1-160
2020-03-19 10:42:08,853 INFO o.a.j.t.JMeterThread: Thread finished: Grupo De Hilos 1-160
2020-03-19 10:42:08,854 INFO o.a.j.t.JMeterThread: Stopping because end time detected by thread: Grupo De Hilos 1-142
2020-03-19 10:42:08,854 INFO o.a.j.t.JMeterThread: Thread finished: Grupo De Hilos 1-142
2020-03-19 10:42:08,854 INFO o.a.j.t.JMeterThread: Stopping because end time detected by thread: Grupo De Hilos 1-154
2020-03-19 10:42:08,854 INFO o.a.j.t.JMeterThread: Thread finished: Grupo De Hilos 1-154
2020-03-19 10:42:08,854 INFO o.a.j.t.JMeterThread: Stopping because end time detected by thread: Grupo De Hilos 1-136
2020-03-19 10:42:08,854 INFO o.a.j.t.JMeterThread: Thread finished: Grupo De Hilos 1-136
2020-03-19 10:42:08,879 INFO o.a.j.t.JMeterThread: Stopping because end time detected by thread: Grupo De Hilos 1-90
2020-03-19 10:42:08,880 INFO o.a.j.t.JMeterThread: Thread finished: Grupo De Hilos 1-90
2020-03-19 10:42:08,879 INFO o.a.j.t.JMeterThread: Stopping because end time detected by thread: Grupo De Hilos 1-182
2020-03-19 10:42:08,880 INFO o.a.j.t.JMeterThread: Thread finished: Grupo De Hilos 1-182
2020-03-19 10:42:08,880 INFO o.a.j.t.JMeterThread: Stopping because end time detected by thread: Grupo De Hilos 1-137
2020-03-19 10:42:08,880 INFO o.a.j.t.JMeterThread: Thread finished: Grupo De Hilos 1-137
2020-03-19 10:42:08,881 INFO o.a.j.t.JMeterThread: Stopping because end time detected by thread: Grupo De Hilos 1-187
2020-03-19 10:42:08,881 INFO o.a.j.t.JMeterThread: Stopping because end time detected by thread: Grupo De Hilos 1-6
2020-03-19 10:42:08,882 INFO o.a.j.t.JMeterThread: Thread finished: Grupo De Hilos 1-6
2020-03-19 10:42:08,882 INFO o.a.j.t.JMeterThread: Stopping because end time detected by thread: Grupo De Hilos 1-133
2020-03-19 10:42:08,882 INFO o.a.j.t.JMeterThread: Thread finished: Grupo De Hilos 1-133
2020-03-19 10:42:08,881 INFO o.a.j.t.JMeterThread: Thread finished: Grupo De Hilos 1-187
2020-03-19 10:42:08,883 INFO o.a.j.t.JMeterThread: Stopping because end time detected by thread: Grupo De Hilos 1-186
2020-03-19 10:42:08,883 INFO o.a.j.t.JMeterThread: Thread finished: Grupo De Hilos 1-186
2020-03-19 10:42:08,884 INFO o.a.j.t.JMeterThread: Stopping because end time detected by thread: Grupo De Hilos 1-30
2020-03-19 10:42:08,885 INFO o.a.j.t.JMeterThread: Thread finished: Grupo De Hilos 1-30
2020-03-19 10:42:08,885 INFO o.a.j.t.JMeterThread: Stopping because end time detected by thread: Grupo De Hilos 1-189
2020-03-19 10:42:08,885 INFO o.a.j.t.JMeterThread: Thread finished: Grupo De Hilos 1-189
2020-03-19 10:42:08,885 INFO o.a.j.t.JMeterThread: Stopping because end time detected by thread: Grupo De Hilos 1-151
2020-03-19 10:42:08,886 INFO o.a.j.t.JMeterThread: Stopping because end time detected by thread: Grupo De Hilos 1-100
2020-03-19 10:42:08,886 INFO o.a.j.t.JMeterThread: Thread finished: Grupo De Hilos 1-100
2020-03-19 10:42:08,886 INFO o.a.j.t.JMeterThread: Stopping because end time detected by thread: Grupo De Hilos 1-166
2020-03-19 10:42:08,886 INFO o.a.j.t.JMeterThread: Thread finished: Grupo De Hilos 1-166
2020-03-19 10:42:08,886 INFO o.a.j.t.JMeterThread: Thread finished: Grupo De Hilos 1-151
2020-03-19 10:42:08,887 INFO o.a.j.t.JMeterThread: Stopping because end time detected by thread: Grupo De Hilos 1-7
2020-03-19 10:42:08,887 INFO o.a.j.t.JMeterThread: Stopping because end time detected by thread: Grupo De Hilos 1-54
2020-03-19 10:42:08,887 INFO o.a.j.t.JMeterThread: Thread finished: Grupo De Hilos 1-7
2020-03-19 10:42:08,887 INFO o.a.j.t.JMeterThread: Thread finished: Grupo De Hilos 1-54
2020-03-19 10:42:08,888 INFO o.a.j.t.JMeterThread: Stopping because end time detected by thread: Grupo De Hilos 1-155
2020-03-19 10:42:08,888 INFO o.a.j.t.JMeterThread: Thread finished: Grupo De Hilos 1-155
2020-03-19 10:42:08,905 INFO o.a.j.t.JMeterThread: Stopping because end time detected by thread: Grupo De Hilos 1-184
2020-03-19 10:42:08,906 INFO o.a.j.t.JMeterThread: Thread finished: Grupo De Hilos 1-184
2020-03-19 10:42:08,906 INFO o.a.j.t.JMeterThread: Stopping because end time detected by thread: Grupo De Hilos 1-153
2020-03-19 10:42:08,907 INFO o.a.j.t.JMeterThread: Thread finished: Grupo De Hilos 1-153
2020-03-19 10:42:08,907 INFO o.a.j.t.JMeterThread: Stopping because end time detected by thread: Grupo De Hilos 1-167
2020-03-19 10:42:08,907 INFO o.a.j.t.JMeterThread: Stopping because end time detected by thread: Grupo De Hilos 1-164
2020-03-19 10:42:08,907 INFO o.a.j.t.JMeterThread: Thread finished: Grupo De Hilos 1-167
2020-03-19 10:42:08,907 INFO o.a.j.t.JMeterThread: Stopping because end time detected by thread: Grupo De Hilos 1-156
2020-03-19 10:42:08,907 INFO o.a.j.t.JMeterThread: Thread finished: Grupo De Hilos 1-156
2020-03-19 10:42:08,908 INFO o.a.j.t.JMeterThread: Thread finished: Grupo De Hilos 1-164
2020-03-19 10:42:08,908 INFO o.a.j.t.JMeterThread: Stopping because end time detected by thread: Grupo De Hilos 1-148
2020-03-19 10:42:08,908 INFO o.a.j.t.JMeterThread: Thread finished: Grupo De Hilos 1-148
2020-03-19 10:42:08,908 INFO o.a.j.t.JMeterThread: Stopping because end time detected by thread: Grupo De Hilos 1-190
2020-03-19 10:42:08,908 INFO o.a.j.t.JMeterThread: Thread finished: Grupo De Hilos 1-190
2020-03-19 10:42:08,908 INFO o.a.j.t.JMeterThread: Stopping because end time detected by thread: Grupo De Hilos 1-175
2020-03-19 10:42:08,909 INFO o.a.j.t.JMeterThread: Thread finished: Grupo De Hilos 1-175
2020-03-19 10:42:08,909 INFO o.a.j.t.JMeterThread: Stopping because end time detected by thread: Grupo De Hilos 1-172
2020-03-19 10:42:08,910 INFO o.a.j.t.JMeterThread: Thread finished: Grupo De Hilos 1-172
2020-03-19 10:42:08,910 INFO o.a.j.t.JMeterThread: Stopping because end time detected by thread: Grupo De Hilos 1-199
2020-03-19 10:42:08,910 INFO o.a.j.t.JMeterThread: Thread finished: Grupo De Hilos 1-199
2020-03-19 10:42:08,911 INFO o.a.j.t.JMeterThread: Stopping because end time detected by thread: Grupo De Hilos 1-176
2020-03-19 10:42:08,911 INFO o.a.j.t.JMeterThread: Stopping because end time detected by thread: Grupo De Hilos 1-33
2020-03-19 10:42:08,911 INFO o.a.j.t.JMeterThread: Thread finished: Grupo De Hilos 1-33
2020-03-19 10:42:08,911 INFO o.a.j.t.JMeterThread: Thread finished: Grupo De Hilos 1-176
2020-03-19 10:42:08,912 INFO o.a.j.t.JMeterThread: Stopping because end time detected by thread: Grupo De Hilos 1-82
2020-03-19 10:42:08,912 INFO o.a.j.t.JMeterThread: Thread finished: Grupo De Hilos 1-82
2020-03-19 10:42:08,913 INFO o.a.j.t.JMeterThread: Stopping because end time detected by thread: Grupo De Hilos 1-161
2020-03-19 10:42:08,913 INFO o.a.j.t.JMeterThread: Thread finished: Grupo De Hilos 1-161
2020-03-19 10:42:08,915 INFO o.a.j.t.JMeterThread: Stopping because end time detected by thread: Grupo De Hilos 1-196
2020-03-19 10:42:08,915 INFO o.a.j.t.JMeterThread: Thread finished: Grupo De Hilos 1-196
2020-03-19 10:42:08,915 INFO o.a.j.t.JMeterThread: Stopping because end time detected by thread: Grupo De Hilos 1-192
2020-03-19 10:42:08,916 INFO o.a.j.t.JMeterThread: Thread finished: Grupo De Hilos 1-192
2020-03-19 10:42:08,916 INFO o.a.j.t.JMeterThread: Stopping because end time detected by thread: Grupo De Hilos 1-102
2020-03-19 10:42:08,916 INFO o.a.j.t.JMeterThread: Thread finished: Grupo De Hilos 1-102
2020-03-19 10:42:08,916 INFO o.a.j.t.JMeterThread: Stopping because end time detected by thread: Grupo De Hilos 1-71
2020-03-19 10:42:08,916 INFO o.a.j.t.JMeterThread: Thread finished: Grupo De Hilos 1-71
2020-03-19 10:42:08,916 INFO o.a.j.t.JMeterThread: Stopping because end time detected by thread: Grupo De Hilos 1-185
2020-03-19 10:42:08,916 INFO o.a.j.t.JMeterThread: Thread finished: Grupo De Hilos 1-185
2020-03-19 10:42:08,917 INFO o.a.j.t.JMeterThread: Stopping because end time detected by thread: Grupo De Hilos 1-168
2020-03-19 10:42:08,917 INFO o.a.j.t.JMeterThread: Thread finished: Grupo De Hilos 1-168
2020-03-19 10:42:08,918 INFO o.a.j.t.JMeterThread: Stopping because end time detected by thread: Grupo De Hilos 1-180
2020-03-19 10:42:08,918 INFO o.a.j.t.JMeterThread: Thread finished: Grupo De Hilos 1-180
2020-03-19 10:42:08,959 INFO o.a.j.t.JMeterThread: Stopping because end time detected by thread: Grupo De Hilos 1-27
2020-03-19 10:42:08,959 INFO o.a.j.t.JMeterThread: Stopping because end time detected by thread: Grupo De Hilos 1-171
2020-03-19 10:42:08,960 INFO o.a.j.t.JMeterThread: Thread finished: Grupo De Hilos 1-171
2020-03-19 10:42:08,960 INFO o.a.j.t.JMeterThread: Stopping because end time detected by thread: Grupo De Hilos 1-162
2020-03-19 10:42:08,960 INFO o.a.j.t.JMeterThread: Stopping because end time detected by thread: Grupo De Hilos 1-194
2020-03-19 10:42:08,960 INFO o.a.j.t.JMeterThread: Thread finished: Grupo De Hilos 1-194
2020-03-19 10:42:08,960 INFO o.a.j.t.JMeterThread: Stopping because end time detected by thread: Grupo De Hilos 1-36
2020-03-19 10:42:08,960 INFO o.a.j.t.JMeterThread: Thread finished: Grupo De Hilos 1-36
2020-03-19 10:42:08,959 INFO o.a.j.t.JMeterThread: Stopping because end time detected by thread: Grupo De Hilos 1-188
2020-03-19 10:42:08,960 INFO o.a.j.t.JMeterThread: Stopping because end time detected by thread: Grupo De Hilos 1-140
2020-03-19 10:42:08,961 INFO o.a.j.t.JMeterThread: Thread finished: Grupo De Hilos 1-188
2020-03-19 10:42:08,961 INFO o.a.j.t.JMeterThread: Thread finished: Grupo De Hilos 1-140
2020-03-19 10:42:08,961 INFO o.a.j.t.JMeterThread: Thread finished: Grupo De Hilos 1-162
2020-03-19 10:42:08,961 INFO o.a.j.t.JMeterThread: Stopping because end time detected by thread: Grupo De Hilos 1-8
2020-03-19 10:42:08,961 INFO o.a.j.t.JMeterThread: Thread finished: Grupo De Hilos 1-8
2020-03-19 10:42:08,960 INFO o.a.j.t.JMeterThread: Thread finished: Grupo De Hilos 1-27
2020-03-19 10:42:08,961 INFO o.a.j.t.JMeterThread: Stopping because end time detected by thread: Grupo De Hilos 1-141
2020-03-19 10:42:08,962 INFO o.a.j.t.JMeterThread: Thread finished: Grupo De Hilos 1-141
2020-03-19 10:42:08,962 INFO o.a.j.t.JMeterThread: Stopping because end time detected by thread: Grupo De Hilos 1-18
2020-03-19 10:42:08,962 INFO o.a.j.t.JMeterThread: Thread finished: Grupo De Hilos 1-18
2020-03-19 10:42:08,963 INFO o.a.j.t.JMeterThread: Stopping because end time detected by thread: Grupo De Hilos 1-48
2020-03-19 10:42:08,963 INFO o.a.j.t.JMeterThread: Stopping because end time detected by thread: Grupo De Hilos 1-213
2020-03-19 10:42:08,963 INFO o.a.j.t.JMeterThread: Thread finished: Grupo De Hilos 1-48
2020-03-19 10:42:08,963 INFO o.a.j.t.JMeterThread: Thread finished: Grupo De Hilos 1-213
2020-03-19 10:42:08,963 INFO o.a.j.t.JMeterThread: Stopping because end time detected by thread: Grupo De Hilos 1-122
2020-03-19 10:42:08,963 INFO o.a.j.t.JMeterThread: Stopping because end time detected by thread: Grupo De Hilos 1-179
2020-03-19 10:42:08,963 INFO o.a.j.t.JMeterThread: Thread finished: Grupo De Hilos 1-122
2020-03-19 10:42:08,964 INFO o.a.j.t.JMeterThread: Stopping because end time detected by thread: Grupo De Hilos 1-233
2020-03-19 10:42:08,964 INFO o.a.j.t.JMeterThread: Thread finished: Grupo De Hilos 1-233
2020-03-19 10:42:08,964 INFO o.a.j.t.JMeterThread: Stopping because end time detected by thread: Grupo De Hilos 1-205
2020-03-19 10:42:08,965 INFO o.a.j.t.JMeterThread: Thread finished: Grupo De Hilos 1-205
2020-03-19 10:42:08,965 INFO o.a.j.t.JMeterThread: Stopping because end time detected by thread: Grupo De Hilos 1-58
2020-03-19 10:42:08,965 INFO o.a.j.t.JMeterThread: Thread finished: Grupo De Hilos 1-58
2020-03-19 10:42:08,965 INFO o.a.j.t.JMeterThread: Stopping because end time detected by thread: Grupo De Hilos 1-212
2020-03-19 10:42:08,965 INFO o.a.j.t.JMeterThread: Thread finished: Grupo De Hilos 1-212
2020-03-19 10:42:08,965 INFO o.a.j.t.JMeterThread: Stopping because end time detected by thread: Grupo De Hilos 1-72
2020-03-19 10:42:08,965 INFO o.a.j.t.JMeterThread: Thread finished: Grupo De Hilos 1-72
2020-03-19 10:42:08,966 INFO o.a.j.t.JMeterThread: Stopping because end time detected by thread: Grupo De Hilos 1-123
2020-03-19 10:42:08,966 INFO o.a.j.t.JMeterThread: Thread finished: Grupo De Hilos 1-123
2020-03-19 10:42:08,966 INFO o.a.j.t.JMeterThread: Stopping because end time detected by thread: Grupo De Hilos 1-103
2020-03-19 10:42:08,963 INFO o.a.j.t.JMeterThread: Thread finished: Grupo De Hilos 1-179
2020-03-19 10:42:08,966 INFO o.a.j.t.JMeterThread: Thread finished: Grupo De Hilos 1-103
2020-03-19 10:42:08,966 INFO o.a.j.t.JMeterThread: Stopping because end time detected by thread: Grupo De Hilos 1-183
2020-03-19 10:42:08,967 INFO o.a.j.t.JMeterThread: Thread finished: Grupo De Hilos 1-183
2020-03-19 10:42:08,967 INFO o.a.j.t.JMeterThread: Stopping because end time detected by thread: Grupo De Hilos 1-39
2020-03-19 10:42:08,967 INFO o.a.j.t.JMeterThread: Stopping because end time detected by thread: Grupo De Hilos 1-193
2020-03-19 10:42:08,967 INFO o.a.j.t.JMeterThread: Thread finished: Grupo De Hilos 1-39
2020-03-19 10:42:08,967 INFO o.a.j.t.JMeterThread: Thread finished: Grupo De Hilos 1-193
2020-03-19 10:42:08,967 INFO o.a.j.t.JMeterThread: Stopping because end time detected by thread: Grupo De Hilos 1-170
2020-03-19 10:42:08,967 INFO o.a.j.t.JMeterThread: Thread finished: Grupo De Hilos 1-170
2020-03-19 10:42:08,967 INFO o.a.j.t.JMeterThread: Stopping because end time detected by thread: Grupo De Hilos 1-211
2020-03-19 10:42:08,967 INFO o.a.j.t.JMeterThread: Stopping because end time detected by thread: Grupo De Hilos 1-174
2020-03-19 10:42:08,967 INFO o.a.j.t.JMeterThread: Thread finished: Grupo De Hilos 1-174
2020-03-19 10:42:08,967 INFO o.a.j.t.JMeterThread: Thread finished: Grupo De Hilos 1-211
2020-03-19 10:42:09,001 INFO o.a.j.t.JMeterThread: Stopping because end time detected by thread: Grupo De Hilos 1-200
2020-03-19 10:42:09,001 INFO o.a.j.t.JMeterThread: Thread finished: Grupo De Hilos 1-200
2020-03-19 10:42:09,002 INFO o.a.j.t.JMeterThread: Stopping because end time detected by thread: Grupo De Hilos 1-229
2020-03-19 10:42:09,002 INFO o.a.j.t.JMeterThread: Thread finished: Grupo De Hilos 1-229
2020-03-19 10:42:09,002 INFO o.a.j.t.JMeterThread: Stopping because end time detected by thread: Grupo De Hilos 1-252
2020-03-19 10:42:09,002 INFO o.a.j.t.JMeterThread: Thread finished: Grupo De Hilos 1-252
2020-03-19 10:42:09,002 INFO o.a.j.t.JMeterThread: Stopping because end time detected by thread: Grupo De Hilos 1-242
2020-03-19 10:42:09,002 INFO o.a.j.t.JMeterThread: Thread finished: Grupo De Hilos 1-242
2020-03-19 10:42:09,002 INFO o.a.j.t.JMeterThread: Stopping because end time detected by thread: Grupo De Hilos 1-251
2020-03-19 10:42:09,003 INFO o.a.j.t.JMeterThread: Thread finished: Grupo De Hilos 1-251
2020-03-19 10:42:09,003 INFO o.a.j.t.JMeterThread: Stopping because end time detected by thread: Grupo De Hilos 1-232
2020-03-19 10:42:09,003 INFO o.a.j.t.JMeterThread: Stopping because end time detected by thread: Grupo De Hilos 1-235
2020-03-19 10:42:09,003 INFO o.a.j.t.JMeterThread: Thread finished: Grupo De Hilos 1-232
2020-03-19 10:42:09,003 INFO o.a.j.t.JMeterThread: Thread finished: Grupo De Hilos 1-235
2020-03-19 10:42:09,003 INFO o.a.j.t.JMeterThread: Stopping because end time detected by thread: Grupo De Hilos 1-135
2020-03-19 10:42:09,003 INFO o.a.j.t.JMeterThread: Stopping because end time detected by thread: Grupo De Hilos 1-165
2020-03-19 10:42:09,004 INFO o.a.j.t.JMeterThread: Thread finished: Grupo De Hilos 1-135
2020-03-19 10:42:09,004 INFO o.a.j.t.JMeterThread: Stopping because end time detected by thread: Grupo De Hilos 1-108
2020-03-19 10:42:09,004 INFO o.a.j.t.JMeterThread: Thread finished: Grupo De Hilos 1-108
2020-03-19 10:42:09,003 INFO o.a.j.t.JMeterThread: Stopping because end time detected by thread: Grupo De Hilos 1-198
2020-03-19 10:42:09,004 INFO o.a.j.t.JMeterThread: Thread finished: Grupo De Hilos 1-198
2020-03-19 10:42:09,004 INFO o.a.j.t.JMeterThread: Stopping because end time detected by thread: Grupo De Hilos 1-195
2020-03-19 10:42:09,005 INFO o.a.j.t.JMeterThread: Stopping because end time detected by thread: Grupo De Hilos 1-32
2020-03-19 10:42:09,005 INFO o.a.j.t.JMeterThread: Thread finished: Grupo De Hilos 1-195
2020-03-19 10:42:09,005 INFO o.a.j.t.JMeterThread: Thread finished: Grupo De Hilos 1-32
2020-03-19 10:42:09,005 INFO o.a.j.t.JMeterThread: Stopping because end time detected by thread: Grupo De Hilos 1-210
2020-03-19 10:42:09,005 INFO o.a.j.t.JMeterThread: Thread finished: Grupo De Hilos 1-165
2020-03-19 10:42:09,005 INFO o.a.j.t.JMeterThread: Thread finished: Grupo De Hilos 1-210
2020-03-19 10:42:09,005 INFO o.a.j.t.JMeterThread: Stopping because end time detected by thread: Grupo De Hilos 1-223
2020-03-19 10:42:09,005 INFO o.a.j.t.JMeterThread: Thread finished: Grupo De Hilos 1-223
2020-03-19 10:42:09,006 INFO o.a.j.t.JMeterThread: Stopping because end time detected by thread: Grupo De Hilos 1-254
2020-03-19 10:42:09,005 INFO o.a.j.t.JMeterThread: Stopping because end time detected by thread: Grupo De Hilos 1-241
2020-03-19 10:42:09,006 INFO o.a.j.t.JMeterThread: Thread finished: Grupo De Hilos 1-254
2020-03-19 10:42:09,006 INFO o.a.j.t.JMeterThread: Thread finished: Grupo De Hilos 1-241
2020-03-19 10:42:09,006 INFO o.a.j.t.JMeterThread: Stopping because end time detected by thread: Grupo De Hilos 1-115
2020-03-19 10:42:09,006 INFO o.a.j.t.JMeterThread: Stopping because end time detected by thread: Grupo De Hilos 1-146
2020-03-19 10:42:09,006 INFO o.a.j.t.JMeterThread: Thread finished: Grupo De Hilos 1-115
2020-03-19 10:42:09,006 INFO o.a.j.t.JMeterThread: Thread finished: Grupo De Hilos 1-146
2020-03-19 10:42:09,007 INFO o.a.j.t.JMeterThread: Stopping because end time detected by thread: Grupo De Hilos 1-218
2020-03-19 10:42:09,007 INFO o.a.j.t.JMeterThread: Stopping because end time detected by thread: Grupo De Hilos 1-240
2020-03-19 10:42:09,007 INFO o.a.j.t.JMeterThread: Thread finished: Grupo De Hilos 1-218
2020-03-19 10:42:09,007 INFO o.a.j.t.JMeterThread: Thread finished: Grupo De Hilos 1-240
2020-03-19 10:42:09,007 INFO o.a.j.t.JMeterThread: Stopping because end time detected by thread: Grupo De Hilos 1-197
2020-03-19 10:42:09,007 INFO o.a.j.t.JMeterThread: Thread finished: Grupo De Hilos 1-197
2020-03-19 10:42:09,007 INFO o.a.j.t.JMeterThread: Stopping because end time detected by thread: Grupo De Hilos 1-214
2020-03-19 10:42:09,007 INFO o.a.j.t.JMeterThread: Thread finished: Grupo De Hilos 1-214
2020-03-19 10:42:09,008 INFO o.a.j.t.JMeterThread: Stopping because end time detected by thread: Grupo De Hilos 1-206
2020-03-19 10:42:09,008 INFO o.a.j.t.JMeterThread: Thread finished: Grupo De Hilos 1-206
2020-03-19 10:42:09,008 INFO o.a.j.t.JMeterThread: Stopping because end time detected by thread: Grupo De Hilos 1-138
2020-03-19 10:42:09,009 INFO o.a.j.t.JMeterThread: Thread finished: Grupo De Hilos 1-138
2020-03-19 10:42:09,009 INFO o.a.j.t.JMeterThread: Stopping because end time detected by thread: Grupo De Hilos 1-207
2020-03-19 10:42:09,009 INFO o.a.j.t.JMeterThread: Thread finished: Grupo De Hilos 1-207
2020-03-19 10:42:09,009 INFO o.a.j.t.JMeterThread: Stopping because end time detected by thread: Grupo De Hilos 1-119
2020-03-19 10:42:09,009 INFO o.a.j.t.JMeterThread: Thread finished: Grupo De Hilos 1-119
2020-03-19 10:42:09,009 INFO o.a.j.t.JMeterThread: Stopping because end time detected by thread: Grupo De Hilos 1-19
2020-03-19 10:42:09,009 INFO o.a.j.t.JMeterThread: Thread finished: Grupo De Hilos 1-19
2020-03-19 10:42:09,009 INFO o.a.j.t.JMeterThread: Stopping because end time detected by thread: Grupo De Hilos 1-181
2020-03-19 10:42:09,009 INFO o.a.j.t.JMeterThread: Thread finished: Grupo De Hilos 1-181
2020-03-19 10:42:09,010 INFO o.a.j.t.JMeterThread: Stopping because end time detected by thread: Grupo De Hilos 1-173
2020-03-19 10:42:09,010 INFO o.a.j.t.JMeterThread: Thread finished: Grupo De Hilos 1-173
2020-03-19 10:42:09,010 INFO o.a.j.t.JMeterThread: Stopping because end time detected by thread: Grupo De Hilos 1-236
2020-03-19 10:42:09,010 INFO o.a.j.t.JMeterThread: Stopping because end time detected by thread: Grupo De Hilos 1-238
2020-03-19 10:42:09,010 INFO o.a.j.t.JMeterThread: Thread finished: Grupo De Hilos 1-236
2020-03-19 10:42:09,010 INFO o.a.j.t.JMeterThread: Thread finished: Grupo De Hilos 1-238
2020-03-19 10:42:09,010 INFO o.a.j.t.JMeterThread: Stopping because end time detected by thread: Grupo De Hilos 1-209
2020-03-19 10:42:09,012 INFO o.a.j.t.JMeterThread: Stopping because end time detected by thread: Grupo De Hilos 1-253
2020-03-19 10:42:09,012 INFO o.a.j.t.JMeterThread: Thread finished: Grupo De Hilos 1-209
2020-03-19 10:42:09,012 INFO o.a.j.t.JMeterThread: Thread finished: Grupo De Hilos 1-253
2020-03-19 10:42:09,012 INFO o.a.j.t.JMeterThread: Stopping because end time detected by thread: Grupo De Hilos 1-191
2020-03-19 10:42:09,012 INFO o.a.j.t.JMeterThread: Stopping because end time detected by thread: Grupo De Hilos 1-178
2020-03-19 10:42:09,013 INFO o.a.j.t.JMeterThread: Thread finished: Grupo De Hilos 1-191
2020-03-19 10:42:09,013 INFO o.a.j.t.JMeterThread: Thread finished: Grupo De Hilos 1-178
2020-03-19 10:42:09,012 INFO o.a.j.t.JMeterThread: Stopping because end time detected by thread: Grupo De Hilos 1-157
2020-03-19 10:42:09,011 INFO o.a.j.t.JMeterThread: Stopping because end time detected by thread: Grupo De Hilos 1-97
2020-03-19 10:42:09,013 INFO o.a.j.t.JMeterThread: Stopping because end time detected by thread: Grupo De Hilos 1-26
2020-03-19 10:42:09,013 INFO o.a.j.t.JMeterThread: Thread finished: Grupo De Hilos 1-26
2020-03-19 10:42:09,013 INFO o.a.j.t.JMeterThread: Thread finished: Grupo De Hilos 1-97
2020-03-19 10:42:09,011 INFO o.a.j.t.JMeterThread: Stopping because end time detected by thread: Grupo De Hilos 1-215
2020-03-19 10:42:09,011 INFO o.a.j.t.JMeterThread: Stopping because end time detected by thread: Grupo De Hilos 1-203
2020-03-19 10:42:09,014 INFO o.a.j.t.JMeterThread: Thread finished: Grupo De Hilos 1-215
2020-03-19 10:42:09,014 INFO o.a.j.t.JMeterThread: Thread finished: Grupo De Hilos 1-203
2020-03-19 10:42:09,011 INFO o.a.j.t.JMeterThread: Stopping because end time detected by thread: Grupo De Hilos 1-34
2020-03-19 10:42:09,014 INFO o.a.j.t.JMeterThread: Thread finished: Grupo De Hilos 1-34
2020-03-19 10:42:09,011 INFO o.a.j.t.JMeterThread: Stopping because end time detected by thread: Grupo De Hilos 1-248
2020-03-19 10:42:09,014 INFO o.a.j.t.JMeterThread: Thread finished: Grupo De Hilos 1-248
2020-03-19 10:42:09,011 INFO o.a.j.t.JMeterThread: Stopping because end time detected by thread: Grupo De Hilos 1-237
2020-03-19 10:42:09,014 INFO o.a.j.t.JMeterThread: Thread finished: Grupo De Hilos 1-237
2020-03-19 10:42:09,013 INFO o.a.j.t.JMeterThread: Thread finished: Grupo De Hilos 1-157
2020-03-19 10:42:09,031 INFO o.a.j.t.JMeterThread: Stopping because end time detected by thread: Grupo De Hilos 1-163
2020-03-19 10:42:09,031 INFO o.a.j.t.JMeterThread: Stopping because end time detected by thread: Grupo De Hilos 1-258
2020-03-19 10:42:09,031 INFO o.a.j.t.JMeterThread: Stopping because end time detected by thread: Grupo De Hilos 1-139
2020-03-19 10:42:09,031 INFO o.a.j.t.JMeterThread: Stopping because end time detected by thread: Grupo De Hilos 1-261
2020-03-19 10:42:09,031 INFO o.a.j.t.JMeterThread: Thread finished: Grupo De Hilos 1-139
2020-03-19 10:42:09,031 INFO o.a.j.t.JMeterThread: Stopping because end time detected by thread: Grupo De Hilos 1-222
2020-03-19 10:42:09,032 INFO o.a.j.t.JMeterThread: Thread finished: Grupo De Hilos 1-261
2020-03-19 10:42:09,032 INFO o.a.j.t.JMeterThread: Thread finished: Grupo De Hilos 1-222
2020-03-19 10:42:09,031 INFO o.a.j.t.JMeterThread: Stopping because end time detected by thread: Grupo De Hilos 1-169
2020-03-19 10:42:09,031 INFO o.a.j.t.JMeterThread: Stopping because end time detected by thread: Grupo De Hilos 1-201
2020-03-19 10:42:09,031 INFO o.a.j.t.JMeterThread: Stopping because end time detected by thread: Grupo De Hilos 1-23
2020-03-19 10:42:09,032 INFO o.a.j.t.JMeterThread: Thread finished: Grupo De Hilos 1-201
2020-03-19 10:42:09,032 INFO o.a.j.t.JMeterThread: Thread finished: Grupo De Hilos 1-169
2020-03-19 10:42:09,032 INFO o.a.j.t.JMeterThread: Thread finished: Grupo De Hilos 1-23
2020-03-19 10:42:09,032 INFO o.a.j.t.JMeterThread: Thread finished: Grupo De Hilos 1-163
2020-03-19 10:42:09,031 INFO o.a.j.t.JMeterThread: Thread finished: Grupo De Hilos 1-258
2020-03-19 10:42:09,037 INFO o.a.j.t.JMeterThread: Stopping because end time detected by thread: Grupo De Hilos 1-231
2020-03-19 10:42:09,037 INFO o.a.j.t.JMeterThread: Stopping because end time detected by thread: Grupo De Hilos 1-216
2020-03-19 10:42:09,037 INFO o.a.j.t.JMeterThread: Stopping because end time detected by thread: Grupo De Hilos 1-219
2020-03-19 10:42:09,037 INFO o.a.j.t.JMeterThread: Thread finished: Grupo De Hilos 1-231
2020-03-19 10:42:09,037 INFO o.a.j.t.JMeterThread: Thread finished: Grupo De Hilos 1-219
2020-03-19 10:42:09,038 INFO o.a.j.t.JMeterThread: Stopping because end time detected by thread: Grupo De Hilos 1-247
2020-03-19 10:42:09,038 INFO o.a.j.t.JMeterThread: Thread finished: Grupo De Hilos 1-247
2020-03-19 10:42:09,038 INFO o.a.j.t.JMeterThread: Stopping because end time detected by thread: Grupo De Hilos 1-273
2020-03-19 10:42:09,038 INFO o.a.j.t.JMeterThread: Thread finished: Grupo De Hilos 1-216
2020-03-19 10:42:09,038 INFO o.a.j.t.JMeterThread: Thread finished: Grupo De Hilos 1-273
2020-03-19 10:42:09,038 INFO o.a.j.t.JMeterThread: Stopping because end time detected by thread: Grupo De Hilos 1-271
2020-03-19 10:42:09,038 INFO o.a.j.t.JMeterThread: Thread finished: Grupo De Hilos 1-271
2020-03-19 10:42:09,038 INFO o.a.j.t.JMeterThread: Stopping because end time detected by thread: Grupo De Hilos 1-263
2020-03-19 10:42:09,038 INFO o.a.j.t.JMeterThread: Thread finished: Grupo De Hilos 1-263
2020-03-19 10:42:09,038 INFO o.a.j.t.JMeterThread: Stopping because end time detected by thread: Grupo De Hilos 1-220
2020-03-19 10:42:09,039 INFO o.a.j.t.JMeterThread: Thread finished: Grupo De Hilos 1-220
2020-03-19 10:42:09,039 INFO o.a.j.t.JMeterThread: Stopping because end time detected by thread: Grupo De Hilos 1-244
2020-03-19 10:42:09,039 INFO o.a.j.t.JMeterThread: Thread finished: Grupo De Hilos 1-244
2020-03-19 10:42:09,039 INFO o.a.j.t.JMeterThread: Stopping because end time detected by thread: Grupo De Hilos 1-221
2020-03-19 10:42:09,039 INFO o.a.j.t.JMeterThread: Stopping because end time detected by thread: Grupo De Hilos 1-227
2020-03-19 10:42:09,039 INFO o.a.j.t.JMeterThread: Stopping because end time detected by thread: Grupo De Hilos 1-246
2020-03-19 10:42:09,039 INFO o.a.j.t.JMeterThread: Thread finished: Grupo De Hilos 1-227
2020-03-19 10:42:09,039 INFO o.a.j.t.JMeterThread: Stopping because end time detected by thread: Grupo De Hilos 1-226
2020-03-19 10:42:09,039 INFO o.a.j.t.JMeterThread: Thread finished: Grupo De Hilos 1-226
2020-03-19 10:42:09,040 INFO o.a.j.t.JMeterThread: Stopping because end time detected by thread: Grupo De Hilos 1-217
2020-03-19 10:42:09,039 INFO o.a.j.t.JMeterThread: Thread finished: Grupo De Hilos 1-221
2020-03-19 10:42:09,040 INFO o.a.j.t.JMeterThread: Thread finished: Grupo De Hilos 1-217
2020-03-19 10:42:09,040 INFO o.a.j.t.JMeterThread: Thread finished: Grupo De Hilos 1-246
2020-03-19 10:42:09,040 INFO o.a.j.t.JMeterThread: Stopping because end time detected by thread: Grupo De Hilos 1-208
2020-03-19 10:42:09,040 INFO o.a.j.t.JMeterThread: Thread finished: Grupo De Hilos 1-208
2020-03-19 10:42:09,042 INFO o.a.j.t.JMeterThread: Stopping because end time detected by thread: Grupo De Hilos 1-276
2020-03-19 10:42:09,042 INFO o.a.j.t.JMeterThread: Stopping because end time detected by thread: Grupo De Hilos 1-234
2020-03-19 10:42:09,042 INFO o.a.j.t.JMeterThread: Thread finished: Grupo De Hilos 1-276
2020-03-19 10:42:09,042 INFO o.a.j.t.JMeterThread: Thread finished: Grupo De Hilos 1-234
2020-03-19 10:42:09,052 INFO o.a.j.t.JMeterThread: Stopping because end time detected by thread: Grupo De Hilos 1-250
2020-03-19 10:42:09,052 INFO o.a.j.t.JMeterThread: Stopping because end time detected by thread: Grupo De Hilos 1-279
2020-03-19 10:42:09,052 INFO o.a.j.t.JMeterThread: Thread finished: Grupo De Hilos 1-250
2020-03-19 10:42:09,052 INFO o.a.j.t.JMeterThread: Thread finished: Grupo De Hilos 1-279
2020-03-19 10:42:09,052 INFO o.a.j.t.JMeterThread: Stopping because end time detected by thread: Grupo De Hilos 1-249
2020-03-19 10:42:09,052 INFO o.a.j.t.JMeterThread: Thread finished: Grupo De Hilos 1-249
2020-03-19 10:42:09,052 INFO o.a.j.t.JMeterThread: Stopping because end time detected by thread: Grupo De Hilos 1-266
2020-03-19 10:42:09,053 INFO o.a.j.t.JMeterThread: Thread finished: Grupo De Hilos 1-266
2020-03-19 10:42:09,069 INFO o.a.j.t.JMeterThread: Stopping because end time detected by thread: Grupo De Hilos 1-257
2020-03-19 10:42:09,069 INFO o.a.j.t.JMeterThread: Stopping because end time detected by thread: Grupo De Hilos 1-256
2020-03-19 10:42:09,070 INFO o.a.j.t.JMeterThread: Thread finished: Grupo De Hilos 1-257
2020-03-19 10:42:09,069 INFO o.a.j.t.JMeterThread: Stopping because end time detected by thread: Grupo De Hilos 1-228
2020-03-19 10:42:09,070 INFO o.a.j.t.JMeterThread: Stopping because end time detected by thread: Grupo De Hilos 1-281
2020-03-19 10:42:09,070 INFO o.a.j.t.JMeterThread: Thread finished: Grupo De Hilos 1-281
2020-03-19 10:42:09,070 INFO o.a.j.t.JMeterThread: Stopping because end time detected by thread: Grupo De Hilos 1-280
2020-03-19 10:42:09,070 INFO o.a.j.t.JMeterThread: Thread finished: Grupo De Hilos 1-280
2020-03-19 10:42:09,070 INFO o.a.j.t.JMeterThread: Thread finished: Grupo De Hilos 1-256
2020-03-19 10:42:09,070 INFO o.a.j.t.JMeterThread: Thread finished: Grupo De Hilos 1-228
2020-03-19 10:42:09,073 INFO o.a.j.t.JMeterThread: Stopping because end time detected by thread: Grupo De Hilos 1-255
2020-03-19 10:42:09,073 INFO o.a.j.t.JMeterThread: Stopping because end time detected by thread: Grupo De Hilos 1-264
2020-03-19 10:42:09,073 INFO o.a.j.t.JMeterThread: Thread finished: Grupo De Hilos 1-255
2020-03-19 10:42:09,073 INFO o.a.j.t.JMeterThread: Stopping because end time detected by thread: Grupo De Hilos 1-297
2020-03-19 10:42:09,074 INFO o.a.j.t.JMeterThread: Thread finished: Grupo De Hilos 1-297
2020-03-19 10:42:09,074 INFO o.a.j.t.JMeterThread: Stopping because end time detected by thread: Grupo De Hilos 1-259
2020-03-19 10:42:09,074 INFO o.a.j.t.JMeterThread: Thread finished: Grupo De Hilos 1-259
2020-03-19 10:42:09,074 INFO o.a.j.t.JMeterThread: Stopping because end time detected by thread: Grupo De Hilos 1-288
2020-03-19 10:42:09,074 INFO o.a.j.t.JMeterThread: Thread finished: Grupo De Hilos 1-264
2020-03-19 10:42:09,074 INFO o.a.j.t.JMeterThread: Thread finished: Grupo De Hilos 1-288
2020-03-19 10:42:09,074 INFO o.a.j.t.JMeterThread: Stopping because end time detected by thread: Grupo De Hilos 1-268
2020-03-19 10:42:09,074 INFO o.a.j.t.JMeterThread: Thread finished: Grupo De Hilos 1-268
2020-03-19 10:42:09,075 INFO o.a.j.t.JMeterThread: Stopping because end time detected by thread: Grupo De Hilos 1-298
2020-03-19 10:42:09,075 INFO o.a.j.t.JMeterThread: Thread finished: Grupo De Hilos 1-298
2020-03-19 10:42:09,075 INFO o.a.j.t.JMeterThread: Stopping because end time detected by thread: Grupo De Hilos 1-269
2020-03-19 10:42:09,075 INFO o.a.j.t.JMeterThread: Thread finished: Grupo De Hilos 1-269
2020-03-19 10:42:09,076 INFO o.a.j.t.JMeterThread: Stopping because end time detected by thread: Grupo De Hilos 1-290
2020-03-19 10:42:09,076 INFO o.a.j.t.JMeterThread: Thread finished: Grupo De Hilos 1-290
2020-03-19 10:42:09,081 INFO o.a.j.t.JMeterThread: Stopping because end time detected by thread: Grupo De Hilos 1-287
2020-03-19 10:42:09,081 INFO o.a.j.t.JMeterThread: Thread finished: Grupo De Hilos 1-287
2020-03-19 10:42:09,082 INFO o.a.j.t.JMeterThread: Stopping because end time detected by thread: Grupo De Hilos 1-260
2020-03-19 10:42:09,082 INFO o.a.j.t.JMeterThread: Thread finished: Grupo De Hilos 1-260
2020-03-19 10:42:09,082 INFO o.a.j.t.JMeterThread: Stopping because end time detected by thread: Grupo De Hilos 1-274
2020-03-19 10:42:09,081 INFO o.a.j.t.JMeterThread: Stopping because end time detected by thread: Grupo De Hilos 1-262
2020-03-19 10:42:09,082 INFO o.a.j.t.JMeterThread: Thread finished: Grupo De Hilos 1-274
2020-03-19 10:42:09,082 INFO o.a.j.t.JMeterThread: Thread finished: Grupo De Hilos 1-262
2020-03-19 10:42:09,090 INFO o.a.j.t.JMeterThread: Stopping because end time detected by thread: Grupo De Hilos 1-289
2020-03-19 10:42:09,090 INFO o.a.j.t.JMeterThread: Stopping because end time detected by thread: Grupo De Hilos 1-202
2020-03-19 10:42:09,090 INFO o.a.j.t.JMeterThread: Thread finished: Grupo De Hilos 1-289
2020-03-19 10:42:09,090 INFO o.a.j.t.JMeterThread: Stopping because end time detected by thread: Grupo De Hilos 1-204
2020-03-19 10:42:09,090 INFO o.a.j.t.JMeterThread: Thread finished: Grupo De Hilos 1-204
2020-03-19 10:42:09,090 INFO o.a.j.t.JMeterThread: Stopping because end time detected by thread: Grupo De Hilos 1-282
2020-03-19 10:42:09,090 INFO o.a.j.t.JMeterThread: Stopping because end time detected by thread: Grupo De Hilos 1-283
2020-03-19 10:42:09,091 INFO o.a.j.t.JMeterThread: Thread finished: Grupo De Hilos 1-282
2020-03-19 10:42:09,091 INFO o.a.j.t.JMeterThread: Thread finished: Grupo De Hilos 1-202
2020-03-19 10:42:09,091 INFO o.a.j.t.JMeterThread: Stopping because end time detected by thread: Grupo De Hilos 1-285
2020-03-19 10:42:09,091 INFO o.a.j.t.JMeterThread: Thread finished: Grupo De Hilos 1-285
2020-03-19 10:42:09,091 INFO o.a.j.t.JMeterThread: Thread finished: Grupo De Hilos 1-283
2020-03-19 10:42:09,090 INFO o.a.j.t.JMeterThread: Stopping because end time detected by thread: Grupo De Hilos 1-267
2020-03-19 10:42:09,091 INFO o.a.j.t.JMeterThread: Thread finished: Grupo De Hilos 1-267
2020-03-19 10:42:09,098 INFO o.a.j.t.JMeterThread: Stopping because end time detected by thread: Grupo De Hilos 1-272
2020-03-19 10:42:09,098 INFO o.a.j.t.JMeterThread: Stopping because end time detected by thread: Grupo De Hilos 1-224
2020-03-19 10:42:09,099 INFO o.a.j.t.JMeterThread: Thread finished: Grupo De Hilos 1-224
2020-03-19 10:42:09,099 INFO o.a.j.t.JMeterThread: Thread finished: Grupo De Hilos 1-272
2020-03-19 10:42:09,099 INFO o.a.j.t.JMeterThread: Stopping because end time detected by thread: Grupo De Hilos 1-277
2020-03-19 10:42:09,099 INFO o.a.j.t.JMeterThread: Thread finished: Grupo De Hilos 1-277
2020-03-19 10:42:09,099 INFO o.a.j.t.JMeterThread: Stopping because end time detected by thread: Grupo De Hilos 1-278
2020-03-19 10:42:09,099 INFO o.a.j.t.JMeterThread: Stopping because end time detected by thread: Grupo De Hilos 1-265
2020-03-19 10:42:09,099 INFO o.a.j.t.JMeterThread: Thread finished: Grupo De Hilos 1-278
2020-03-19 10:42:09,099 INFO o.a.j.t.JMeterThread: Thread finished: Grupo De Hilos 1-265
2020-03-19 10:42:09,123 INFO o.a.j.t.JMeterThread: Stopping because end time detected by thread: Grupo De Hilos 1-284
2020-03-19 10:42:09,123 INFO o.a.j.t.JMeterThread: Thread finished: Grupo De Hilos 1-284
2020-03-19 10:42:09,123 INFO o.a.j.t.JMeterThread: Stopping because end time detected by thread: Grupo De Hilos 1-293
2020-03-19 10:42:09,123 INFO o.a.j.t.JMeterThread: Stopping because end time detected by thread: Grupo De Hilos 1-225
2020-03-19 10:42:09,123 INFO o.a.j.t.JMeterThread: Thread finished: Grupo De Hilos 1-225
2020-03-19 10:42:09,123 INFO o.a.j.t.JMeterThread: Thread finished: Grupo De Hilos 1-293
2020-03-19 10:42:09,137 INFO o.a.j.t.JMeterThread: Stopping because end time detected by thread: Grupo De Hilos 1-239
2020-03-19 10:42:09,137 INFO o.a.j.t.JMeterThread: Stopping because end time detected by thread: Grupo De Hilos 1-243
2020-03-19 10:42:09,137 INFO o.a.j.t.JMeterThread: Stopping because end time detected by thread: Grupo De Hilos 1-294
2020-03-19 10:42:09,137 INFO o.a.j.t.JMeterThread: Stopping because end time detected by thread: Grupo De Hilos 1-295
2020-03-19 10:42:09,137 INFO o.a.j.t.JMeterThread: Thread finished: Grupo De Hilos 1-294
2020-03-19 10:42:09,137 INFO o.a.j.t.JMeterThread: Thread finished: Grupo De Hilos 1-295
2020-03-19 10:42:09,137 INFO o.a.j.t.JMeterThread: Stopping because end time detected by thread: Grupo De Hilos 1-286
2020-03-19 10:42:09,137 INFO o.a.j.t.JMeterThread: Thread finished: Grupo De Hilos 1-239
2020-03-19 10:42:09,137 INFO o.a.j.t.JMeterThread: Thread finished: Grupo De Hilos 1-286
2020-03-19 10:42:09,137 INFO o.a.j.t.JMeterThread: Stopping because end time detected by thread: Grupo De Hilos 1-230
2020-03-19 10:42:09,137 INFO o.a.j.t.JMeterThread: Thread finished: Grupo De Hilos 1-230
2020-03-19 10:42:09,137 INFO o.a.j.t.JMeterThread: Stopping because end time detected by thread: Grupo De Hilos 1-299
2020-03-19 10:42:09,138 INFO o.a.j.t.JMeterThread: Thread finished: Grupo De Hilos 1-299
2020-03-19 10:42:09,138 INFO o.a.j.t.JMeterThread: Stopping because end time detected by thread: Grupo De Hilos 1-296
2020-03-19 10:42:09,138 INFO o.a.j.t.JMeterThread: Stopping because end time detected by thread: Grupo De Hilos 1-292
2020-03-19 10:42:09,138 INFO o.a.j.t.JMeterThread: Thread finished: Grupo De Hilos 1-296
2020-03-19 10:42:09,138 INFO o.a.j.t.JMeterThread: Thread finished: Grupo De Hilos 1-292
2020-03-19 10:42:09,138 INFO o.a.j.t.JMeterThread: Stopping because end time detected by thread: Grupo De Hilos 1-245
2020-03-19 10:42:09,138 INFO o.a.j.t.JMeterThread: Thread finished: Grupo De Hilos 1-245
2020-03-19 10:42:09,138 INFO o.a.j.t.JMeterThread: Thread finished: Grupo De Hilos 1-243
2020-03-19 10:42:09,138 INFO o.a.j.t.JMeterThread: Stopping because end time detected by thread: Grupo De Hilos 1-300
2020-03-19 10:42:09,138 INFO o.a.j.t.JMeterThread: Thread finished: Grupo De Hilos 1-300
2020-03-19 10:42:09,138 INFO o.a.j.t.JMeterThread: Stopping because end time detected by thread: Grupo De Hilos 1-275
2020-03-19 10:42:09,138 INFO o.a.j.t.JMeterThread: Thread finished: Grupo De Hilos 1-275
2020-03-19 10:42:09,165 INFO o.a.j.t.JMeterThread: Stopping because end time detected by thread: Grupo De Hilos 1-132
2020-03-19 10:42:09,165 INFO o.a.j.t.JMeterThread: Thread finished: Grupo De Hilos 1-132
2020-03-19 10:42:09,185 INFO o.a.j.t.JMeterThread: Stopping because end time detected by thread: Grupo De Hilos 1-291
2020-03-19 10:42:09,185 INFO o.a.j.t.JMeterThread: Thread finished: Grupo De Hilos 1-291
2020-03-19 10:42:09,257 INFO o.a.j.t.JMeterThread: Stopping because end time detected by thread: Grupo De Hilos 1-134
2020-03-19 10:42:09,257 INFO o.a.j.t.JMeterThread: Thread finished: Grupo De Hilos 1-134
2020-03-19 10:42:09,509 INFO o.a.j.t.JMeterThread: Stopping because end time detected by thread: Grupo De Hilos 1-11
2020-03-19 10:42:09,509 INFO o.a.j.t.JMeterThread: Thread finished: Grupo De Hilos 1-11
2020-03-19 10:42:11,120 INFO o.a.j.t.JMeterThread: Stopping because end time detected by thread: Grupo De Hilos 1-270
2020-03-19 10:42:11,120 INFO o.a.j.t.JMeterThread: Stopping because end time detected by thread: Grupo De Hilos 1-47
2020-03-19 10:42:11,120 INFO o.a.j.t.JMeterThread: Stopping because end time detected by thread: Grupo De Hilos 1-17
2020-03-19 10:42:11,120 INFO o.a.j.t.JMeterThread: Stopping because end time detected by thread: Grupo De Hilos 1-62
2020-03-19 10:42:11,120 INFO o.a.j.t.JMeterThread: Thread finished: Grupo De Hilos 1-270
2020-03-19 10:42:11,120 INFO o.a.j.t.JMeterThread: Thread finished: Grupo De Hilos 1-47
2020-03-19 10:42:11,121 INFO o.a.j.t.JMeterThread: Thread finished: Grupo De Hilos 1-62
2020-03-19 10:42:11,121 INFO o.a.j.t.JMeterThread: Thread finished: Grupo De Hilos 1-17
2020-03-19 10:42:11,121 INFO o.a.j.t.JMeterThread: Stopping because end time detected by thread: Grupo De Hilos 1-177
2020-03-19 10:42:11,121 INFO o.a.j.t.JMeterThread: Thread finished: Grupo De Hilos 1-177
2020-03-19 10:42:11,122 INFO o.a.j.e.StandardJMeterEngine: Notifying test listeners of end of test
2020-03-19 10:42:11,124 INFO o.a.j.r.Summariser: summary +  10104 in 00:00:11 =  909.6/s Avg:   288 Min:    24 Max:  7462 Err:     0 (0.00%) Active: 0 Started: 300 Finished: 300
2020-03-19 10:42:11,125 INFO o.a.j.r.Summariser: summary = 241098 in 00:04:03 =  993.2/s Avg:   277 Min:    18 Max: 32696 Err:     0 (0.00%)
