2020-03-19 10:29:57,793 INFO o.a.j.u.JMeterUtils: Setting Locale to en_US
2020-03-19 10:29:57,833 INFO o.a.j.JMeter: Loading user properties from: user.properties
2020-03-19 10:29:57,834 INFO o.a.j.JMeter: Loading system properties from: system.properties
2020-03-19 10:29:57,835 INFO o.a.j.JMeter: Setting System property: HILOS=75
2020-03-19 10:29:57,836 INFO o.a.j.JMeter: Setting System property: SUBIDA=15
2020-03-19 10:29:57,836 INFO o.a.j.JMeter: Setting System property: DURACION=240
2020-03-19 10:29:57,839 INFO o.a.j.JMeter: Copyright (c) 1998-2019 The Apache Software Foundation
2020-03-19 10:29:57,840 INFO o.a.j.JMeter: Version 5.2.1
2020-03-19 10:29:57,840 INFO o.a.j.JMeter: java.version=1.8.0_201
2020-03-19 10:29:57,840 INFO o.a.j.JMeter: java.vm.name=Java HotSpot(TM) 64-Bit Server VM
2020-03-19 10:29:57,840 INFO o.a.j.JMeter: os.name=Linux
2020-03-19 10:29:57,841 INFO o.a.j.JMeter: os.arch=amd64
2020-03-19 10:29:57,841 INFO o.a.j.JMeter: os.version=4.15.0-88-generic
2020-03-19 10:29:57,841 INFO o.a.j.JMeter: file.encoding=UTF-8
2020-03-19 10:29:57,842 INFO o.a.j.JMeter: java.awt.headless=true
2020-03-19 10:29:57,842 INFO o.a.j.JMeter: Max memory     =732954624
2020-03-19 10:29:57,842 INFO o.a.j.JMeter: Available Processors =4
2020-03-19 10:29:57,852 INFO o.a.j.JMeter: Default Locale=English (United States)
2020-03-19 10:29:57,853 INFO o.a.j.JMeter: JMeter  Locale=English (United States)
2020-03-19 10:29:57,853 INFO o.a.j.JMeter: JMeterHome=/home/pablo/jmeter
2020-03-19 10:29:57,854 INFO o.a.j.JMeter: user.dir  =/home/pablo/jmeter/bin
2020-03-19 10:29:57,854 INFO o.a.j.JMeter: PWD       =/home/pablo/jmeter/bin
2020-03-19 10:29:57,855 INFO o.a.j.JMeter: IP: 127.0.1.1 Name: hylianpablo FullName: hylianpablo
2020-03-19 10:29:57,866 INFO o.a.j.s.FileServer: Default base='/home/pablo/jmeter/bin'
2020-03-19 10:29:57,881 INFO o.a.j.s.FileServer: Set new base='/home/pablo/jmeter/bin'
2020-03-19 10:29:58,241 INFO o.a.j.s.SaveService: Testplan (JMX) version: 2.2. Testlog (JTL) version: 2.2
2020-03-19 10:29:58,267 INFO o.a.j.s.SaveService: Using SaveService properties file encoding UTF-8
2020-03-19 10:29:58,286 INFO o.a.j.s.SaveService: Using SaveService properties version 5.0
2020-03-19 10:29:58,309 INFO o.a.j.s.SaveService: Loading file: Funciona.jmx
2020-03-19 10:29:58,395 INFO o.a.j.p.h.c.CookieManager: Settings: Delete null: true Check: true Allow variable: true Save: false Prefix: COOKIE_
2020-03-19 10:29:58,454 INFO o.a.j.p.h.s.HTTPSamplerBase: Parser for text/html is org.apache.jmeter.protocol.http.parser.LagartoBasedHtmlParser
2020-03-19 10:29:58,455 INFO o.a.j.p.h.s.HTTPSamplerBase: Parser for application/xhtml+xml is org.apache.jmeter.protocol.http.parser.LagartoBasedHtmlParser
2020-03-19 10:29:58,455 INFO o.a.j.p.h.s.HTTPSamplerBase: Parser for application/xml is org.apache.jmeter.protocol.http.parser.LagartoBasedHtmlParser
2020-03-19 10:29:58,455 INFO o.a.j.p.h.s.HTTPSamplerBase: Parser for text/xml is org.apache.jmeter.protocol.http.parser.LagartoBasedHtmlParser
2020-03-19 10:29:58,456 INFO o.a.j.p.h.s.HTTPSamplerBase: Parser for text/vnd.wap.wml is org.apache.jmeter.protocol.http.parser.RegexpHTMLParser
2020-03-19 10:29:58,456 INFO o.a.j.p.h.s.HTTPSamplerBase: Parser for text/css is org.apache.jmeter.protocol.http.parser.CssParser
2020-03-19 10:29:58,569 INFO o.a.j.JMeter: Creating summariser <summary>
2020-03-19 10:29:58,584 INFO o.a.j.e.StandardJMeterEngine: Running the test!
2020-03-19 10:29:58,587 INFO o.a.j.s.SampleEvent: List of sample_variables: []
2020-03-19 10:29:58,587 INFO o.a.j.s.SampleEvent: List of sample_variables: []
2020-03-19 10:29:58,603 INFO o.a.j.e.u.CompoundVariable: Note: Function class names must contain the string: '.functions.'
2020-03-19 10:29:58,603 INFO o.a.j.e.u.CompoundVariable: Note: Function class names must not contain the string: '.gui.'
2020-03-19 10:29:59,547 INFO o.a.j.JMeter: Running test (1584610199547)
2020-03-19 10:29:59,665 INFO o.a.j.e.StandardJMeterEngine: Starting ThreadGroup: 1 : Grupo De Hilos
2020-03-19 10:29:59,666 INFO o.a.j.e.StandardJMeterEngine: Starting 75 threads for group Grupo De Hilos.
2020-03-19 10:29:59,666 INFO o.a.j.e.StandardJMeterEngine: Thread will continue on error
2020-03-19 10:29:59,667 INFO o.a.j.t.ThreadGroup: Starting thread group... number=1 threads=75 ramp-up=15 delayedStart=false
2020-03-19 10:29:59,685 INFO o.a.j.t.JMeterThread: Thread started: Grupo De Hilos 1-1
2020-03-19 10:29:59,777 INFO o.a.j.p.h.s.HTTPHCAbstractImpl: Local host = hylianpablo
2020-03-19 10:29:59,796 INFO o.a.j.p.h.s.HTTPHC4Impl: HTTP request retry count = 0
2020-03-19 10:29:59,802 INFO o.a.j.s.SampleResult: Note: Sample TimeStamps are START times
2020-03-19 10:29:59,802 INFO o.a.j.s.SampleResult: sampleresult.default.encoding is set to ISO-8859-1
2020-03-19 10:29:59,803 INFO o.a.j.s.SampleResult: sampleresult.useNanoTime=true
2020-03-19 10:29:59,803 INFO o.a.j.s.SampleResult: sampleresult.nanoThreadSleep=5000
2020-03-19 10:29:59,856 INFO o.a.j.t.ThreadGroup: Started thread group number 1
2020-03-19 10:29:59,856 INFO o.a.j.e.StandardJMeterEngine: All thread groups have been started
2020-03-19 10:29:59,883 INFO o.a.j.t.JMeterThread: Thread started: Grupo De Hilos 1-2
2020-03-19 10:30:00,081 INFO o.a.j.t.JMeterThread: Thread started: Grupo De Hilos 1-3
2020-03-19 10:30:00,228 INFO o.a.j.r.Summariser: summary +      1 in 00:00:01 =    1.5/s Avg:   233 Min:   233 Max:   233 Err:     0 (0.00%) Active: 3 Started: 3 Finished: 0
2020-03-19 10:30:00,270 INFO o.a.j.t.JMeterThread: Thread started: Grupo De Hilos 1-4
2020-03-19 10:30:00,471 INFO o.a.j.t.JMeterThread: Thread started: Grupo De Hilos 1-5
2020-03-19 10:30:00,671 INFO o.a.j.t.JMeterThread: Thread started: Grupo De Hilos 1-6
2020-03-19 10:30:00,871 INFO o.a.j.t.JMeterThread: Thread started: Grupo De Hilos 1-7
2020-03-19 10:30:01,072 INFO o.a.j.t.JMeterThread: Thread started: Grupo De Hilos 1-8
2020-03-19 10:30:01,272 INFO o.a.j.t.JMeterThread: Thread started: Grupo De Hilos 1-9
2020-03-19 10:30:01,470 INFO o.a.j.t.JMeterThread: Thread started: Grupo De Hilos 1-10
2020-03-19 10:30:01,671 INFO o.a.j.t.JMeterThread: Thread started: Grupo De Hilos 1-11
2020-03-19 10:30:01,870 INFO o.a.j.t.JMeterThread: Thread started: Grupo De Hilos 1-12
2020-03-19 10:30:02,070 INFO o.a.j.t.JMeterThread: Thread started: Grupo De Hilos 1-13
2020-03-19 10:30:02,271 INFO o.a.j.t.JMeterThread: Thread started: Grupo De Hilos 1-14
2020-03-19 10:30:02,469 INFO o.a.j.t.JMeterThread: Thread started: Grupo De Hilos 1-15
2020-03-19 10:30:02,668 INFO o.a.j.t.JMeterThread: Thread started: Grupo De Hilos 1-16
2020-03-19 10:30:02,868 INFO o.a.j.t.JMeterThread: Thread started: Grupo De Hilos 1-17
2020-03-19 10:30:03,069 INFO o.a.j.t.JMeterThread: Thread started: Grupo De Hilos 1-18
2020-03-19 10:30:03,268 INFO o.a.j.t.JMeterThread: Thread started: Grupo De Hilos 1-19
2020-03-19 10:30:03,470 INFO o.a.j.t.JMeterThread: Thread started: Grupo De Hilos 1-20
2020-03-19 10:30:03,670 INFO o.a.j.t.JMeterThread: Thread started: Grupo De Hilos 1-21
2020-03-19 10:30:03,873 INFO o.a.j.t.JMeterThread: Thread started: Grupo De Hilos 1-22
2020-03-19 10:30:04,091 INFO o.a.j.t.JMeterThread: Thread started: Grupo De Hilos 1-23
2020-03-19 10:30:04,290 INFO o.a.j.t.JMeterThread: Thread started: Grupo De Hilos 1-24
2020-03-19 10:30:04,489 INFO o.a.j.t.JMeterThread: Thread started: Grupo De Hilos 1-25
2020-03-19 10:30:04,681 INFO o.a.j.t.JMeterThread: Thread started: Grupo De Hilos 1-26
2020-03-19 10:30:04,880 INFO o.a.j.t.JMeterThread: Thread started: Grupo De Hilos 1-27
2020-03-19 10:30:05,080 INFO o.a.j.t.JMeterThread: Thread started: Grupo De Hilos 1-28
2020-03-19 10:30:05,279 INFO o.a.j.t.JMeterThread: Thread started: Grupo De Hilos 1-29
2020-03-19 10:30:05,480 INFO o.a.j.t.JMeterThread: Thread started: Grupo De Hilos 1-30
2020-03-19 10:30:05,676 INFO o.a.j.t.JMeterThread: Thread started: Grupo De Hilos 1-31
2020-03-19 10:30:05,878 INFO o.a.j.t.JMeterThread: Thread started: Grupo De Hilos 1-32
2020-03-19 10:30:06,079 INFO o.a.j.t.JMeterThread: Thread started: Grupo De Hilos 1-33
2020-03-19 10:30:06,277 INFO o.a.j.t.JMeterThread: Thread started: Grupo De Hilos 1-34
2020-03-19 10:30:06,478 INFO o.a.j.t.JMeterThread: Thread started: Grupo De Hilos 1-35
2020-03-19 10:30:06,676 INFO o.a.j.t.JMeterThread: Thread started: Grupo De Hilos 1-36
2020-03-19 10:30:06,874 INFO o.a.j.t.JMeterThread: Thread started: Grupo De Hilos 1-37
2020-03-19 10:30:07,073 INFO o.a.j.t.JMeterThread: Thread started: Grupo De Hilos 1-38
2020-03-19 10:30:07,274 INFO o.a.j.t.JMeterThread: Thread started: Grupo De Hilos 1-39
2020-03-19 10:30:07,473 INFO o.a.j.t.JMeterThread: Thread started: Grupo De Hilos 1-40
2020-03-19 10:30:07,681 INFO o.a.j.t.JMeterThread: Thread started: Grupo De Hilos 1-41
2020-03-19 10:30:07,869 INFO o.a.j.t.JMeterThread: Thread started: Grupo De Hilos 1-42
2020-03-19 10:30:08,069 INFO o.a.j.t.JMeterThread: Thread started: Grupo De Hilos 1-43
2020-03-19 10:30:08,268 INFO o.a.j.t.JMeterThread: Thread started: Grupo De Hilos 1-44
2020-03-19 10:30:08,469 INFO o.a.j.t.JMeterThread: Thread started: Grupo De Hilos 1-45
2020-03-19 10:30:08,673 INFO o.a.j.t.JMeterThread: Thread started: Grupo De Hilos 1-46
2020-03-19 10:30:08,870 INFO o.a.j.t.JMeterThread: Thread started: Grupo De Hilos 1-47
2020-03-19 10:30:09,070 INFO o.a.j.t.JMeterThread: Thread started: Grupo De Hilos 1-48
2020-03-19 10:30:09,278 INFO o.a.j.t.JMeterThread: Thread started: Grupo De Hilos 1-49
2020-03-19 10:30:09,470 INFO o.a.j.t.JMeterThread: Thread started: Grupo De Hilos 1-50
2020-03-19 10:30:09,670 INFO o.a.j.t.JMeterThread: Thread started: Grupo De Hilos 1-51
2020-03-19 10:30:09,869 INFO o.a.j.t.JMeterThread: Thread started: Grupo De Hilos 1-52
2020-03-19 10:30:10,069 INFO o.a.j.t.JMeterThread: Thread started: Grupo De Hilos 1-53
2020-03-19 10:30:10,269 INFO o.a.j.t.JMeterThread: Thread started: Grupo De Hilos 1-54
2020-03-19 10:30:10,480 INFO o.a.j.t.JMeterThread: Thread started: Grupo De Hilos 1-55
2020-03-19 10:30:10,669 INFO o.a.j.t.JMeterThread: Thread started: Grupo De Hilos 1-56
2020-03-19 10:30:10,871 INFO o.a.j.t.JMeterThread: Thread started: Grupo De Hilos 1-57
2020-03-19 10:30:11,070 INFO o.a.j.t.JMeterThread: Thread started: Grupo De Hilos 1-58
2020-03-19 10:30:11,287 INFO o.a.j.t.JMeterThread: Thread started: Grupo De Hilos 1-59
2020-03-19 10:30:11,478 INFO o.a.j.t.JMeterThread: Thread started: Grupo De Hilos 1-60
2020-03-19 10:30:11,671 INFO o.a.j.t.JMeterThread: Thread started: Grupo De Hilos 1-61
2020-03-19 10:30:11,875 INFO o.a.j.t.JMeterThread: Thread started: Grupo De Hilos 1-62
2020-03-19 10:30:12,072 INFO o.a.j.t.JMeterThread: Thread started: Grupo De Hilos 1-63
2020-03-19 10:30:12,273 INFO o.a.j.t.JMeterThread: Thread started: Grupo De Hilos 1-64
2020-03-19 10:30:12,469 INFO o.a.j.t.JMeterThread: Thread started: Grupo De Hilos 1-65
2020-03-19 10:30:12,669 INFO o.a.j.t.JMeterThread: Thread started: Grupo De Hilos 1-66
2020-03-19 10:30:12,869 INFO o.a.j.t.JMeterThread: Thread started: Grupo De Hilos 1-67
2020-03-19 10:30:13,069 INFO o.a.j.t.JMeterThread: Thread started: Grupo De Hilos 1-68
2020-03-19 10:30:13,268 INFO o.a.j.t.JMeterThread: Thread started: Grupo De Hilos 1-69
2020-03-19 10:30:13,470 INFO o.a.j.t.JMeterThread: Thread started: Grupo De Hilos 1-70
2020-03-19 10:30:13,669 INFO o.a.j.t.JMeterThread: Thread started: Grupo De Hilos 1-71
2020-03-19 10:30:13,876 INFO o.a.j.t.JMeterThread: Thread started: Grupo De Hilos 1-72
2020-03-19 10:30:14,073 INFO o.a.j.t.JMeterThread: Thread started: Grupo De Hilos 1-73
2020-03-19 10:30:14,269 INFO o.a.j.t.JMeterThread: Thread started: Grupo De Hilos 1-74
2020-03-19 10:30:14,468 INFO o.a.j.t.JMeterThread: Thread started: Grupo De Hilos 1-75
2020-03-19 10:30:30,004 INFO o.a.j.r.Summariser: summary +  43744 in 00:00:30 = 1469.1/s Avg:    38 Min:    16 Max:  1631 Err:     0 (0.00%) Active: 75 Started: 75 Finished: 0
2020-03-19 10:30:30,007 INFO o.a.j.r.Summariser: summary =  43745 in 00:00:30 = 1436.3/s Avg:    38 Min:    16 Max:  1631 Err:     0 (0.00%)
2020-03-19 10:31:00,006 INFO o.a.j.r.Summariser: summary +  61389 in 00:00:30 = 2046.2/s Avg:    36 Min:    18 Max:  1424 Err:     0 (0.00%) Active: 75 Started: 75 Finished: 0
2020-03-19 10:31:00,008 INFO o.a.j.r.Summariser: summary = 105134 in 00:01:00 = 1739.0/s Avg:    37 Min:    16 Max:  1631 Err:     0 (0.00%)
2020-03-19 10:31:30,000 INFO o.a.j.r.Summariser: summary +  67259 in 00:00:30 = 2242.3/s Avg:    33 Min:    18 Max:   284 Err:     0 (0.00%) Active: 75 Started: 75 Finished: 0
2020-03-19 10:31:30,001 INFO o.a.j.r.Summariser: summary = 172393 in 00:01:30 = 1905.9/s Avg:    35 Min:    16 Max:  1631 Err:     0 (0.00%)
2020-03-19 10:32:00,001 INFO o.a.j.r.Summariser: summary +  66719 in 00:00:30 = 2224.0/s Avg:    33 Min:    18 Max:   589 Err:     0 (0.00%) Active: 75 Started: 75 Finished: 0
2020-03-19 10:32:00,002 INFO o.a.j.r.Summariser: summary = 239112 in 00:02:00 = 1985.1/s Avg:    35 Min:    16 Max:  1631 Err:     0 (0.00%)
2020-03-19 10:32:30,001 INFO o.a.j.r.Summariser: summary +  68254 in 00:00:30 = 2275.1/s Avg:    32 Min:    18 Max:   132 Err:     0 (0.00%) Active: 75 Started: 75 Finished: 0
2020-03-19 10:32:30,002 INFO o.a.j.r.Summariser: summary = 307366 in 00:02:30 = 2042.9/s Avg:    34 Min:    16 Max:  1631 Err:     0 (0.00%)
2020-03-19 10:33:00,001 INFO o.a.j.r.Summariser: summary +  68077 in 00:00:30 = 2269.2/s Avg:    32 Min:    18 Max:   207 Err:     0 (0.00%) Active: 75 Started: 75 Finished: 0
2020-03-19 10:33:00,002 INFO o.a.j.r.Summariser: summary = 375443 in 00:03:00 = 2080.6/s Avg:    34 Min:    16 Max:  1631 Err:     0 (0.00%)
2020-03-19 10:33:30,005 INFO o.a.j.r.Summariser: summary +  64555 in 00:00:30 = 2151.5/s Avg:    34 Min:    18 Max:   314 Err:     0 (0.00%) Active: 75 Started: 75 Finished: 0
2020-03-19 10:33:30,006 INFO o.a.j.r.Summariser: summary = 439998 in 00:03:30 = 2090.7/s Avg:    34 Min:    16 Max:  1631 Err:     0 (0.00%)
2020-03-19 10:33:59,677 INFO o.a.j.t.JMeterThread: Stopping because end time detected by thread: Grupo De Hilos 1-1
2020-03-19 10:33:59,677 INFO o.a.j.t.JMeterThread: Thread finished: Grupo De Hilos 1-1
2020-03-19 10:33:59,705 INFO o.a.j.t.JMeterThread: Stopping because end time detected by thread: Grupo De Hilos 1-2
2020-03-19 10:33:59,705 INFO o.a.j.t.JMeterThread: Thread finished: Grupo De Hilos 1-2
2020-03-19 10:33:59,709 INFO o.a.j.t.JMeterThread: Stopping because end time detected by thread: Grupo De Hilos 1-5
2020-03-19 10:33:59,709 INFO o.a.j.t.JMeterThread: Thread finished: Grupo De Hilos 1-5
2020-03-19 10:33:59,710 INFO o.a.j.t.JMeterThread: Stopping because end time detected by thread: Grupo De Hilos 1-8
2020-03-19 10:33:59,711 INFO o.a.j.t.JMeterThread: Thread finished: Grupo De Hilos 1-8
2020-03-19 10:33:59,712 INFO o.a.j.t.JMeterThread: Stopping because end time detected by thread: Grupo De Hilos 1-3
2020-03-19 10:33:59,712 INFO o.a.j.t.JMeterThread: Thread finished: Grupo De Hilos 1-3
2020-03-19 10:33:59,713 INFO o.a.j.t.JMeterThread: Stopping because end time detected by thread: Grupo De Hilos 1-6
2020-03-19 10:33:59,713 INFO o.a.j.t.JMeterThread: Thread finished: Grupo De Hilos 1-6
2020-03-19 10:33:59,714 INFO o.a.j.t.JMeterThread: Stopping because end time detected by thread: Grupo De Hilos 1-9
2020-03-19 10:33:59,714 INFO o.a.j.t.JMeterThread: Thread finished: Grupo De Hilos 1-9
2020-03-19 10:33:59,717 INFO o.a.j.t.JMeterThread: Stopping because end time detected by thread: Grupo De Hilos 1-10
2020-03-19 10:33:59,717 INFO o.a.j.t.JMeterThread: Thread finished: Grupo De Hilos 1-10
2020-03-19 10:33:59,717 INFO o.a.j.t.JMeterThread: Stopping because end time detected by thread: Grupo De Hilos 1-4
2020-03-19 10:33:59,718 INFO o.a.j.t.JMeterThread: Thread finished: Grupo De Hilos 1-4
2020-03-19 10:33:59,718 INFO o.a.j.t.JMeterThread: Stopping because end time detected by thread: Grupo De Hilos 1-7
2020-03-19 10:33:59,718 INFO o.a.j.t.JMeterThread: Thread finished: Grupo De Hilos 1-7
2020-03-19 10:33:59,728 INFO o.a.j.t.JMeterThread: Stopping because end time detected by thread: Grupo De Hilos 1-11
2020-03-19 10:33:59,728 INFO o.a.j.t.JMeterThread: Stopping because end time detected by thread: Grupo De Hilos 1-15
2020-03-19 10:33:59,728 INFO o.a.j.t.JMeterThread: Thread finished: Grupo De Hilos 1-11
2020-03-19 10:33:59,728 INFO o.a.j.t.JMeterThread: Thread finished: Grupo De Hilos 1-15
2020-03-19 10:33:59,735 INFO o.a.j.t.JMeterThread: Stopping because end time detected by thread: Grupo De Hilos 1-12
2020-03-19 10:33:59,735 INFO o.a.j.t.JMeterThread: Thread finished: Grupo De Hilos 1-12
2020-03-19 10:33:59,747 INFO o.a.j.t.JMeterThread: Stopping because end time detected by thread: Grupo De Hilos 1-13
2020-03-19 10:33:59,747 INFO o.a.j.t.JMeterThread: Thread finished: Grupo De Hilos 1-13
2020-03-19 10:33:59,747 INFO o.a.j.t.JMeterThread: Stopping because end time detected by thread: Grupo De Hilos 1-19
2020-03-19 10:33:59,748 INFO o.a.j.t.JMeterThread: Thread finished: Grupo De Hilos 1-19
2020-03-19 10:33:59,752 INFO o.a.j.t.JMeterThread: Stopping because end time detected by thread: Grupo De Hilos 1-14
2020-03-19 10:33:59,752 INFO o.a.j.t.JMeterThread: Thread finished: Grupo De Hilos 1-14
2020-03-19 10:33:59,752 INFO o.a.j.t.JMeterThread: Stopping because end time detected by thread: Grupo De Hilos 1-17
2020-03-19 10:33:59,752 INFO o.a.j.t.JMeterThread: Thread finished: Grupo De Hilos 1-17
2020-03-19 10:33:59,753 INFO o.a.j.t.JMeterThread: Stopping because end time detected by thread: Grupo De Hilos 1-18
2020-03-19 10:33:59,753 INFO o.a.j.t.JMeterThread: Stopping because end time detected by thread: Grupo De Hilos 1-23
2020-03-19 10:33:59,753 INFO o.a.j.t.JMeterThread: Thread finished: Grupo De Hilos 1-18
2020-03-19 10:33:59,753 INFO o.a.j.t.JMeterThread: Thread finished: Grupo De Hilos 1-23
2020-03-19 10:33:59,756 INFO o.a.j.t.JMeterThread: Stopping because end time detected by thread: Grupo De Hilos 1-27
2020-03-19 10:33:59,756 INFO o.a.j.t.JMeterThread: Thread finished: Grupo De Hilos 1-27
2020-03-19 10:33:59,758 INFO o.a.j.t.JMeterThread: Stopping because end time detected by thread: Grupo De Hilos 1-21
2020-03-19 10:33:59,758 INFO o.a.j.t.JMeterThread: Stopping because end time detected by thread: Grupo De Hilos 1-31
2020-03-19 10:33:59,758 INFO o.a.j.t.JMeterThread: Stopping because end time detected by thread: Grupo De Hilos 1-16
2020-03-19 10:33:59,758 INFO o.a.j.t.JMeterThread: Thread finished: Grupo De Hilos 1-21
2020-03-19 10:33:59,758 INFO o.a.j.t.JMeterThread: Thread finished: Grupo De Hilos 1-16
2020-03-19 10:33:59,758 INFO o.a.j.t.JMeterThread: Thread finished: Grupo De Hilos 1-31
2020-03-19 10:33:59,759 INFO o.a.j.t.JMeterThread: Stopping because end time detected by thread: Grupo De Hilos 1-25
2020-03-19 10:33:59,760 INFO o.a.j.t.JMeterThread: Thread finished: Grupo De Hilos 1-25
2020-03-19 10:33:59,760 INFO o.a.j.t.JMeterThread: Stopping because end time detected by thread: Grupo De Hilos 1-24
2020-03-19 10:33:59,760 INFO o.a.j.t.JMeterThread: Thread finished: Grupo De Hilos 1-24
2020-03-19 10:33:59,765 INFO o.a.j.t.JMeterThread: Stopping because end time detected by thread: Grupo De Hilos 1-26
2020-03-19 10:33:59,766 INFO o.a.j.t.JMeterThread: Thread finished: Grupo De Hilos 1-26
2020-03-19 10:33:59,766 INFO o.a.j.t.JMeterThread: Stopping because end time detected by thread: Grupo De Hilos 1-32
2020-03-19 10:33:59,766 INFO o.a.j.t.JMeterThread: Thread finished: Grupo De Hilos 1-32
2020-03-19 10:33:59,767 INFO o.a.j.t.JMeterThread: Stopping because end time detected by thread: Grupo De Hilos 1-20
2020-03-19 10:33:59,767 INFO o.a.j.t.JMeterThread: Thread finished: Grupo De Hilos 1-20
2020-03-19 10:33:59,768 INFO o.a.j.t.JMeterThread: Stopping because end time detected by thread: Grupo De Hilos 1-22
2020-03-19 10:33:59,769 INFO o.a.j.t.JMeterThread: Thread finished: Grupo De Hilos 1-22
2020-03-19 10:33:59,770 INFO o.a.j.t.JMeterThread: Stopping because end time detected by thread: Grupo De Hilos 1-29
2020-03-19 10:33:59,770 INFO o.a.j.t.JMeterThread: Thread finished: Grupo De Hilos 1-29
2020-03-19 10:33:59,774 INFO o.a.j.t.JMeterThread: Stopping because end time detected by thread: Grupo De Hilos 1-37
2020-03-19 10:33:59,774 INFO o.a.j.t.JMeterThread: Thread finished: Grupo De Hilos 1-37
2020-03-19 10:33:59,775 INFO o.a.j.t.JMeterThread: Stopping because end time detected by thread: Grupo De Hilos 1-30
2020-03-19 10:33:59,775 INFO o.a.j.t.JMeterThread: Thread finished: Grupo De Hilos 1-30
2020-03-19 10:33:59,775 INFO o.a.j.t.JMeterThread: Stopping because end time detected by thread: Grupo De Hilos 1-28
2020-03-19 10:33:59,776 INFO o.a.j.t.JMeterThread: Thread finished: Grupo De Hilos 1-28
2020-03-19 10:33:59,781 INFO o.a.j.t.JMeterThread: Stopping because end time detected by thread: Grupo De Hilos 1-41
2020-03-19 10:33:59,781 INFO o.a.j.t.JMeterThread: Stopping because end time detected by thread: Grupo De Hilos 1-40
2020-03-19 10:33:59,781 INFO o.a.j.t.JMeterThread: Stopping because end time detected by thread: Grupo De Hilos 1-44
2020-03-19 10:33:59,782 INFO o.a.j.t.JMeterThread: Thread finished: Grupo De Hilos 1-41
2020-03-19 10:33:59,782 INFO o.a.j.t.JMeterThread: Thread finished: Grupo De Hilos 1-44
2020-03-19 10:33:59,782 INFO o.a.j.t.JMeterThread: Thread finished: Grupo De Hilos 1-40
2020-03-19 10:33:59,784 INFO o.a.j.t.JMeterThread: Stopping because end time detected by thread: Grupo De Hilos 1-34
2020-03-19 10:33:59,784 INFO o.a.j.t.JMeterThread: Thread finished: Grupo De Hilos 1-34
2020-03-19 10:33:59,791 INFO o.a.j.t.JMeterThread: Stopping because end time detected by thread: Grupo De Hilos 1-36
2020-03-19 10:33:59,791 INFO o.a.j.t.JMeterThread: Stopping because end time detected by thread: Grupo De Hilos 1-35
2020-03-19 10:33:59,791 INFO o.a.j.t.JMeterThread: Thread finished: Grupo De Hilos 1-36
2020-03-19 10:33:59,791 INFO o.a.j.t.JMeterThread: Thread finished: Grupo De Hilos 1-35
2020-03-19 10:33:59,793 INFO o.a.j.t.JMeterThread: Stopping because end time detected by thread: Grupo De Hilos 1-33
2020-03-19 10:33:59,793 INFO o.a.j.t.JMeterThread: Thread finished: Grupo De Hilos 1-33
2020-03-19 10:33:59,793 INFO o.a.j.t.JMeterThread: Stopping because end time detected by thread: Grupo De Hilos 1-39
2020-03-19 10:33:59,793 INFO o.a.j.t.JMeterThread: Stopping because end time detected by thread: Grupo De Hilos 1-49
2020-03-19 10:33:59,793 INFO o.a.j.t.JMeterThread: Thread finished: Grupo De Hilos 1-39
2020-03-19 10:33:59,794 INFO o.a.j.t.JMeterThread: Thread finished: Grupo De Hilos 1-49
2020-03-19 10:33:59,794 INFO o.a.j.t.JMeterThread: Stopping because end time detected by thread: Grupo De Hilos 1-55
2020-03-19 10:33:59,794 INFO o.a.j.t.JMeterThread: Thread finished: Grupo De Hilos 1-55
2020-03-19 10:33:59,794 INFO o.a.j.t.JMeterThread: Stopping because end time detected by thread: Grupo De Hilos 1-48
2020-03-19 10:33:59,794 INFO o.a.j.t.JMeterThread: Thread finished: Grupo De Hilos 1-48
2020-03-19 10:33:59,795 INFO o.a.j.t.JMeterThread: Stopping because end time detected by thread: Grupo De Hilos 1-45
2020-03-19 10:33:59,795 INFO o.a.j.t.JMeterThread: Stopping because end time detected by thread: Grupo De Hilos 1-38
2020-03-19 10:33:59,795 INFO o.a.j.t.JMeterThread: Stopping because end time detected by thread: Grupo De Hilos 1-47
2020-03-19 10:33:59,795 INFO o.a.j.t.JMeterThread: Thread finished: Grupo De Hilos 1-45
2020-03-19 10:33:59,796 INFO o.a.j.t.JMeterThread: Thread finished: Grupo De Hilos 1-47
2020-03-19 10:33:59,796 INFO o.a.j.t.JMeterThread: Thread finished: Grupo De Hilos 1-38
2020-03-19 10:33:59,796 INFO o.a.j.t.JMeterThread: Stopping because end time detected by thread: Grupo De Hilos 1-51
2020-03-19 10:33:59,796 INFO o.a.j.t.JMeterThread: Thread finished: Grupo De Hilos 1-51
2020-03-19 10:33:59,796 INFO o.a.j.t.JMeterThread: Stopping because end time detected by thread: Grupo De Hilos 1-46
2020-03-19 10:33:59,796 INFO o.a.j.t.JMeterThread: Stopping because end time detected by thread: Grupo De Hilos 1-54
2020-03-19 10:33:59,796 INFO o.a.j.t.JMeterThread: Thread finished: Grupo De Hilos 1-46
2020-03-19 10:33:59,797 INFO o.a.j.t.JMeterThread: Thread finished: Grupo De Hilos 1-54
2020-03-19 10:33:59,797 INFO o.a.j.t.JMeterThread: Stopping because end time detected by thread: Grupo De Hilos 1-42
2020-03-19 10:33:59,797 INFO o.a.j.t.JMeterThread: Thread finished: Grupo De Hilos 1-42
2020-03-19 10:33:59,802 INFO o.a.j.t.JMeterThread: Stopping because end time detected by thread: Grupo De Hilos 1-43
2020-03-19 10:33:59,802 INFO o.a.j.t.JMeterThread: Thread finished: Grupo De Hilos 1-43
2020-03-19 10:33:59,812 INFO o.a.j.t.JMeterThread: Stopping because end time detected by thread: Grupo De Hilos 1-56
2020-03-19 10:33:59,813 INFO o.a.j.t.JMeterThread: Thread finished: Grupo De Hilos 1-56
2020-03-19 10:33:59,813 INFO o.a.j.t.JMeterThread: Stopping because end time detected by thread: Grupo De Hilos 1-53
2020-03-19 10:33:59,814 INFO o.a.j.t.JMeterThread: Thread finished: Grupo De Hilos 1-53
2020-03-19 10:33:59,818 INFO o.a.j.t.JMeterThread: Stopping because end time detected by thread: Grupo De Hilos 1-50
2020-03-19 10:33:59,818 INFO o.a.j.t.JMeterThread: Stopping because end time detected by thread: Grupo De Hilos 1-52
2020-03-19 10:33:59,818 INFO o.a.j.t.JMeterThread: Thread finished: Grupo De Hilos 1-50
2020-03-19 10:33:59,818 INFO o.a.j.t.JMeterThread: Thread finished: Grupo De Hilos 1-52
2020-03-19 10:33:59,822 INFO o.a.j.t.JMeterThread: Stopping because end time detected by thread: Grupo De Hilos 1-58
2020-03-19 10:33:59,822 INFO o.a.j.t.JMeterThread: Stopping because end time detected by thread: Grupo De Hilos 1-57
2020-03-19 10:33:59,822 INFO o.a.j.t.JMeterThread: Thread finished: Grupo De Hilos 1-58
2020-03-19 10:33:59,822 INFO o.a.j.t.JMeterThread: Thread finished: Grupo De Hilos 1-57
2020-03-19 10:33:59,823 INFO o.a.j.t.JMeterThread: Stopping because end time detected by thread: Grupo De Hilos 1-59
2020-03-19 10:33:59,823 INFO o.a.j.t.JMeterThread: Thread finished: Grupo De Hilos 1-59
2020-03-19 10:33:59,830 INFO o.a.j.t.JMeterThread: Stopping because end time detected by thread: Grupo De Hilos 1-60
2020-03-19 10:33:59,831 INFO o.a.j.t.JMeterThread: Thread finished: Grupo De Hilos 1-60
2020-03-19 10:33:59,843 INFO o.a.j.t.JMeterThread: Stopping because end time detected by thread: Grupo De Hilos 1-62
2020-03-19 10:33:59,843 INFO o.a.j.t.JMeterThread: Stopping because end time detected by thread: Grupo De Hilos 1-64
2020-03-19 10:33:59,843 INFO o.a.j.t.JMeterThread: Stopping because end time detected by thread: Grupo De Hilos 1-66
2020-03-19 10:33:59,844 INFO o.a.j.t.JMeterThread: Thread finished: Grupo De Hilos 1-64
2020-03-19 10:33:59,844 INFO o.a.j.t.JMeterThread: Thread finished: Grupo De Hilos 1-62
2020-03-19 10:33:59,844 INFO o.a.j.t.JMeterThread: Thread finished: Grupo De Hilos 1-66
2020-03-19 10:33:59,847 INFO o.a.j.t.JMeterThread: Stopping because end time detected by thread: Grupo De Hilos 1-71
2020-03-19 10:33:59,848 INFO o.a.j.t.JMeterThread: Thread finished: Grupo De Hilos 1-71
2020-03-19 10:33:59,848 INFO o.a.j.t.JMeterThread: Stopping because end time detected by thread: Grupo De Hilos 1-61
2020-03-19 10:33:59,848 INFO o.a.j.t.JMeterThread: Thread finished: Grupo De Hilos 1-61
2020-03-19 10:33:59,848 INFO o.a.j.t.JMeterThread: Stopping because end time detected by thread: Grupo De Hilos 1-67
2020-03-19 10:33:59,848 INFO o.a.j.t.JMeterThread: Stopping because end time detected by thread: Grupo De Hilos 1-63
2020-03-19 10:33:59,849 INFO o.a.j.t.JMeterThread: Thread finished: Grupo De Hilos 1-67
2020-03-19 10:33:59,849 INFO o.a.j.t.JMeterThread: Thread finished: Grupo De Hilos 1-63
2020-03-19 10:33:59,851 INFO o.a.j.t.JMeterThread: Stopping because end time detected by thread: Grupo De Hilos 1-65
2020-03-19 10:33:59,851 INFO o.a.j.t.JMeterThread: Stopping because end time detected by thread: Grupo De Hilos 1-70
2020-03-19 10:33:59,851 INFO o.a.j.t.JMeterThread: Thread finished: Grupo De Hilos 1-65
2020-03-19 10:33:59,851 INFO o.a.j.t.JMeterThread: Thread finished: Grupo De Hilos 1-70
2020-03-19 10:33:59,853 INFO o.a.j.t.JMeterThread: Stopping because end time detected by thread: Grupo De Hilos 1-72
2020-03-19 10:33:59,853 INFO o.a.j.t.JMeterThread: Thread finished: Grupo De Hilos 1-72
2020-03-19 10:33:59,853 INFO o.a.j.t.JMeterThread: Stopping because end time detected by thread: Grupo De Hilos 1-73
2020-03-19 10:33:59,854 INFO o.a.j.t.JMeterThread: Stopping because end time detected by thread: Grupo De Hilos 1-68
2020-03-19 10:33:59,854 INFO o.a.j.t.JMeterThread: Thread finished: Grupo De Hilos 1-73
2020-03-19 10:33:59,854 INFO o.a.j.t.JMeterThread: Thread finished: Grupo De Hilos 1-68
2020-03-19 10:33:59,854 INFO o.a.j.t.JMeterThread: Stopping because end time detected by thread: Grupo De Hilos 1-74
2020-03-19 10:33:59,854 INFO o.a.j.t.JMeterThread: Thread finished: Grupo De Hilos 1-74
2020-03-19 10:33:59,855 INFO o.a.j.t.JMeterThread: Stopping because end time detected by thread: Grupo De Hilos 1-69
2020-03-19 10:33:59,855 INFO o.a.j.t.JMeterThread: Thread finished: Grupo De Hilos 1-69
2020-03-19 10:33:59,874 INFO o.a.j.t.JMeterThread: Stopping because end time detected by thread: Grupo De Hilos 1-75
2020-03-19 10:33:59,874 INFO o.a.j.t.JMeterThread: Thread finished: Grupo De Hilos 1-75
2020-03-19 10:33:59,875 INFO o.a.j.e.StandardJMeterEngine: Notifying test listeners of end of test
2020-03-19 10:33:59,876 INFO o.a.j.r.Summariser: summary +  69804 in 00:00:30 = 2336.8/s Avg:    31 Min:    19 Max:   112 Err:     0 (0.00%) Active: 0 Started: 75 Finished: 75
2020-03-19 10:33:59,877 INFO o.a.j.r.Summariser: summary = 509802 in 00:04:00 = 2121.3/s Avg:    34 Min:    16 Max:  1631 Err:     0 (0.00%)
