2020-03-24 14:24:01,264 INFO o.a.j.u.JMeterUtils: Setting Locale to en_US
2020-03-24 14:24:01,304 INFO o.a.j.JMeter: Loading user properties from: /home/pablo/jmeter/bin/user.properties
2020-03-24 14:24:01,306 INFO o.a.j.JMeter: Loading system properties from: /home/pablo/jmeter/bin/system.properties
2020-03-24 14:24:01,306 INFO o.a.j.JMeter: Setting System property: HILOS=300
2020-03-24 14:24:01,307 INFO o.a.j.JMeter: Setting System property: SUBIDA=120
2020-03-24 14:24:01,307 INFO o.a.j.JMeter: Setting System property: DURACION=360
2020-03-24 14:24:01,307 INFO o.a.j.JMeter: Setting System property: PAGE=/test/imagenp.html
2020-03-24 14:24:01,308 INFO o.a.j.JMeter: Setting System property: FILE=scriptresultsperfmonP300.jtl
2020-03-24 14:24:01,311 INFO o.a.j.JMeter: Copyright (c) 1998-2019 The Apache Software Foundation
2020-03-24 14:24:01,311 INFO o.a.j.JMeter: Version 5.2.1
2020-03-24 14:24:01,312 INFO o.a.j.JMeter: java.version=1.8.0_201
2020-03-24 14:24:01,312 INFO o.a.j.JMeter: java.vm.name=Java HotSpot(TM) 64-Bit Server VM
2020-03-24 14:24:01,312 INFO o.a.j.JMeter: os.name=Linux
2020-03-24 14:24:01,312 INFO o.a.j.JMeter: os.arch=amd64
2020-03-24 14:24:01,313 INFO o.a.j.JMeter: os.version=4.15.0-91-generic
2020-03-24 14:24:01,313 INFO o.a.j.JMeter: file.encoding=UTF-8
2020-03-24 14:24:01,313 INFO o.a.j.JMeter: java.awt.headless=true
2020-03-24 14:24:01,314 INFO o.a.j.JMeter: Max memory     =732954624
2020-03-24 14:24:01,314 INFO o.a.j.JMeter: Available Processors =4
2020-03-24 14:24:01,324 INFO o.a.j.JMeter: Default Locale=English (United States)
2020-03-24 14:24:01,324 INFO o.a.j.JMeter: JMeter  Locale=English (United States)
2020-03-24 14:24:01,325 INFO o.a.j.JMeter: JMeterHome=/home/pablo/jmeter
2020-03-24 14:24:01,325 INFO o.a.j.JMeter: user.dir  =/home/pablo/jmeter/bin/EJECUCIONES
2020-03-24 14:24:01,325 INFO o.a.j.JMeter: PWD       =/home/pablo/jmeter/bin/EJECUCIONES
2020-03-24 14:24:01,326 INFO o.a.j.JMeter: IP: 127.0.1.1 Name: hylianpablo FullName: hylianpablo
2020-03-24 14:24:01,336 INFO o.a.j.s.FileServer: Default base='/home/pablo/jmeter/bin/EJECUCIONES'
2020-03-24 14:24:01,352 INFO o.a.j.s.FileServer: Set new base='/home/pablo/jmeter/bin/EJECUCIONES/..'
2020-03-24 14:24:01,707 INFO o.a.j.s.SaveService: Testplan (JMX) version: 2.2. Testlog (JTL) version: 2.2
2020-03-24 14:24:01,732 INFO o.a.j.s.SaveService: Using SaveService properties file encoding UTF-8
2020-03-24 14:24:01,750 INFO o.a.j.s.SaveService: Using SaveService properties version 5.0
2020-03-24 14:24:01,772 INFO o.a.j.s.SaveService: Loading file: ../Correcto.jmx
2020-03-24 14:24:01,902 INFO o.a.j.p.h.s.HTTPSamplerBase: Parser for text/html is org.apache.jmeter.protocol.http.parser.LagartoBasedHtmlParser
2020-03-24 14:24:01,902 INFO o.a.j.p.h.s.HTTPSamplerBase: Parser for application/xhtml+xml is org.apache.jmeter.protocol.http.parser.LagartoBasedHtmlParser
2020-03-24 14:24:01,903 INFO o.a.j.p.h.s.HTTPSamplerBase: Parser for application/xml is org.apache.jmeter.protocol.http.parser.LagartoBasedHtmlParser
2020-03-24 14:24:01,903 INFO o.a.j.p.h.s.HTTPSamplerBase: Parser for text/xml is org.apache.jmeter.protocol.http.parser.LagartoBasedHtmlParser
2020-03-24 14:24:01,903 INFO o.a.j.p.h.s.HTTPSamplerBase: Parser for text/vnd.wap.wml is org.apache.jmeter.protocol.http.parser.RegexpHTMLParser
2020-03-24 14:24:01,903 INFO o.a.j.p.h.s.HTTPSamplerBase: Parser for text/css is org.apache.jmeter.protocol.http.parser.CssParser
2020-03-24 14:24:01,965 INFO o.a.j.p.h.c.CacheManager: Will only cache the following methods: [GET]
2020-03-24 14:24:02,019 INFO o.a.j.JMeter: Creating summariser <summary>
2020-03-24 14:24:02,037 INFO o.a.j.e.StandardJMeterEngine: Running the test!
2020-03-24 14:24:02,039 INFO o.a.j.s.SampleEvent: List of sample_variables: []
2020-03-24 14:24:02,039 INFO o.a.j.s.SampleEvent: List of sample_variables: []
2020-03-24 14:24:02,054 INFO o.a.j.e.u.CompoundVariable: Note: Function class names must contain the string: '.functions.'
2020-03-24 14:24:02,055 INFO o.a.j.e.u.CompoundVariable: Note: Function class names must not contain the string: '.gui.'
2020-03-24 14:24:03,064 INFO o.a.j.JMeter: Running test (1585056243064)
2020-03-24 14:24:03,141 INFO o.a.j.e.StandardJMeterEngine: Starting ThreadGroup: 1 : Grupo De Hilos
2020-03-24 14:24:03,141 INFO o.a.j.e.StandardJMeterEngine: Starting 300 threads for group Grupo De Hilos.
2020-03-24 14:24:03,141 INFO o.a.j.e.StandardJMeterEngine: Thread will continue on error
2020-03-24 14:24:03,142 INFO o.a.j.t.ThreadGroup: Starting thread group... number=1 threads=300 ramp-up=120 delayedStart=false
2020-03-24 14:24:03,197 INFO o.a.j.t.JMeterThread: Thread started: Grupo De Hilos 1-1
2020-03-24 14:24:03,294 INFO o.a.j.p.h.s.HTTPHCAbstractImpl: Local host = hylianpablo
2020-03-24 14:24:03,324 INFO o.a.j.p.h.s.HTTPHC4Impl: HTTP request retry count = 0
2020-03-24 14:24:03,329 INFO o.a.j.s.SampleResult: Note: Sample TimeStamps are START times
2020-03-24 14:24:03,329 INFO o.a.j.s.SampleResult: sampleresult.default.encoding is set to ISO-8859-1
2020-03-24 14:24:03,329 INFO o.a.j.s.SampleResult: sampleresult.useNanoTime=true
2020-03-24 14:24:03,330 INFO o.a.j.s.SampleResult: sampleresult.nanoThreadSleep=5000
2020-03-24 14:24:03,585 INFO o.a.j.t.JMeterThread: Thread started: Grupo De Hilos 1-2
2020-03-24 14:24:03,718 INFO o.a.j.t.ThreadGroup: Started thread group number 1
2020-03-24 14:24:03,718 INFO o.a.j.e.StandardJMeterEngine: All thread groups have been started
2020-03-24 14:24:03,773 INFO o.a.j.r.Summariser: summary +      1 in 00:00:01 =    1.4/s Avg:   144 Min:   144 Max:   144 Err:     0 (0.00%) Active: 2 Started: 2 Finished: 0
2020-03-24 14:24:03,984 INFO o.a.j.t.JMeterThread: Thread started: Grupo De Hilos 1-3
2020-03-24 14:24:04,346 INFO o.a.j.t.JMeterThread: Thread started: Grupo De Hilos 1-4
2020-03-24 14:24:04,746 INFO o.a.j.t.JMeterThread: Thread started: Grupo De Hilos 1-5
2020-03-24 14:24:05,146 INFO o.a.j.t.JMeterThread: Thread started: Grupo De Hilos 1-6
2020-03-24 14:24:05,544 INFO o.a.j.t.JMeterThread: Thread started: Grupo De Hilos 1-7
2020-03-24 14:24:05,944 INFO o.a.j.t.JMeterThread: Thread started: Grupo De Hilos 1-8
2020-03-24 14:24:06,346 INFO o.a.j.t.JMeterThread: Thread started: Grupo De Hilos 1-9
2020-03-24 14:24:06,745 INFO o.a.j.t.JMeterThread: Thread started: Grupo De Hilos 1-10
2020-03-24 14:24:07,147 INFO o.a.j.t.JMeterThread: Thread started: Grupo De Hilos 1-11
2020-03-24 14:24:07,550 INFO o.a.j.t.JMeterThread: Thread started: Grupo De Hilos 1-12
2020-03-24 14:24:07,945 INFO o.a.j.t.JMeterThread: Thread started: Grupo De Hilos 1-13
2020-03-24 14:24:08,347 INFO o.a.j.t.JMeterThread: Thread started: Grupo De Hilos 1-14
2020-03-24 14:24:08,745 INFO o.a.j.t.JMeterThread: Thread started: Grupo De Hilos 1-15
2020-03-24 14:24:09,145 INFO o.a.j.t.JMeterThread: Thread started: Grupo De Hilos 1-16
2020-03-24 14:24:09,546 INFO o.a.j.t.JMeterThread: Thread started: Grupo De Hilos 1-17
2020-03-24 14:24:09,944 INFO o.a.j.t.JMeterThread: Thread started: Grupo De Hilos 1-18
2020-03-24 14:24:10,343 INFO o.a.j.t.JMeterThread: Thread started: Grupo De Hilos 1-19
2020-03-24 14:24:10,743 INFO o.a.j.t.JMeterThread: Thread started: Grupo De Hilos 1-20
2020-03-24 14:24:11,145 INFO o.a.j.t.JMeterThread: Thread started: Grupo De Hilos 1-21
2020-03-24 14:24:11,543 INFO o.a.j.t.JMeterThread: Thread started: Grupo De Hilos 1-22
2020-03-24 14:24:11,945 INFO o.a.j.t.JMeterThread: Thread started: Grupo De Hilos 1-23
2020-03-24 14:24:12,347 INFO o.a.j.t.JMeterThread: Thread started: Grupo De Hilos 1-24
2020-03-24 14:24:12,747 INFO o.a.j.t.JMeterThread: Thread started: Grupo De Hilos 1-25
2020-03-24 14:24:13,144 INFO o.a.j.t.JMeterThread: Thread started: Grupo De Hilos 1-26
2020-03-24 14:24:13,543 INFO o.a.j.t.JMeterThread: Thread started: Grupo De Hilos 1-27
2020-03-24 14:24:13,944 INFO o.a.j.t.JMeterThread: Thread started: Grupo De Hilos 1-28
2020-03-24 14:24:14,345 INFO o.a.j.t.JMeterThread: Thread started: Grupo De Hilos 1-29
2020-03-24 14:24:14,744 INFO o.a.j.t.JMeterThread: Thread started: Grupo De Hilos 1-30
2020-03-24 14:24:15,144 INFO o.a.j.t.JMeterThread: Thread started: Grupo De Hilos 1-31
2020-03-24 14:24:15,543 INFO o.a.j.t.JMeterThread: Thread started: Grupo De Hilos 1-32
2020-03-24 14:24:15,944 INFO o.a.j.t.JMeterThread: Thread started: Grupo De Hilos 1-33
2020-03-24 14:24:16,344 INFO o.a.j.t.JMeterThread: Thread started: Grupo De Hilos 1-34
2020-03-24 14:24:16,748 INFO o.a.j.t.JMeterThread: Thread started: Grupo De Hilos 1-35
2020-03-24 14:24:17,149 INFO o.a.j.t.JMeterThread: Thread started: Grupo De Hilos 1-36
2020-03-24 14:24:17,546 INFO o.a.j.t.JMeterThread: Thread started: Grupo De Hilos 1-37
2020-03-24 14:24:17,959 INFO o.a.j.t.JMeterThread: Thread started: Grupo De Hilos 1-38
2020-03-24 14:24:18,350 INFO o.a.j.t.JMeterThread: Thread started: Grupo De Hilos 1-39
2020-03-24 14:24:18,752 INFO o.a.j.t.JMeterThread: Thread started: Grupo De Hilos 1-40
2020-03-24 14:24:19,154 INFO o.a.j.t.JMeterThread: Thread started: Grupo De Hilos 1-41
2020-03-24 14:24:19,553 INFO o.a.j.t.JMeterThread: Thread started: Grupo De Hilos 1-42
2020-03-24 14:24:19,951 INFO o.a.j.t.JMeterThread: Thread started: Grupo De Hilos 1-43
2020-03-24 14:24:20,349 INFO o.a.j.t.JMeterThread: Thread started: Grupo De Hilos 1-44
2020-03-24 14:24:20,746 INFO o.a.j.t.JMeterThread: Thread started: Grupo De Hilos 1-45
2020-03-24 14:24:21,146 INFO o.a.j.t.JMeterThread: Thread started: Grupo De Hilos 1-46
2020-03-24 14:24:21,548 INFO o.a.j.t.JMeterThread: Thread started: Grupo De Hilos 1-47
2020-03-24 14:24:21,948 INFO o.a.j.t.JMeterThread: Thread started: Grupo De Hilos 1-48
2020-03-24 14:24:22,345 INFO o.a.j.t.JMeterThread: Thread started: Grupo De Hilos 1-49
2020-03-24 14:24:22,744 INFO o.a.j.t.JMeterThread: Thread started: Grupo De Hilos 1-50
2020-03-24 14:24:23,149 INFO o.a.j.t.JMeterThread: Thread started: Grupo De Hilos 1-51
2020-03-24 14:24:23,544 INFO o.a.j.t.JMeterThread: Thread started: Grupo De Hilos 1-52
2020-03-24 14:24:23,943 INFO o.a.j.t.JMeterThread: Thread started: Grupo De Hilos 1-53
2020-03-24 14:24:24,344 INFO o.a.j.t.JMeterThread: Thread started: Grupo De Hilos 1-54
2020-03-24 14:24:24,743 INFO o.a.j.t.JMeterThread: Thread started: Grupo De Hilos 1-55
2020-03-24 14:24:25,144 INFO o.a.j.t.JMeterThread: Thread started: Grupo De Hilos 1-56
2020-03-24 14:24:25,544 INFO o.a.j.t.JMeterThread: Thread started: Grupo De Hilos 1-57
2020-03-24 14:24:25,950 INFO o.a.j.t.JMeterThread: Thread started: Grupo De Hilos 1-58
2020-03-24 14:24:26,346 INFO o.a.j.t.JMeterThread: Thread started: Grupo De Hilos 1-59
2020-03-24 14:24:26,744 INFO o.a.j.t.JMeterThread: Thread started: Grupo De Hilos 1-60
2020-03-24 14:24:27,150 INFO o.a.j.t.JMeterThread: Thread started: Grupo De Hilos 1-61
2020-03-24 14:24:27,543 INFO o.a.j.t.JMeterThread: Thread started: Grupo De Hilos 1-62
2020-03-24 14:24:27,943 INFO o.a.j.t.JMeterThread: Thread started: Grupo De Hilos 1-63
2020-03-24 14:24:28,345 INFO o.a.j.t.JMeterThread: Thread started: Grupo De Hilos 1-64
2020-03-24 14:24:28,747 INFO o.a.j.t.JMeterThread: Thread started: Grupo De Hilos 1-65
2020-03-24 14:24:29,145 INFO o.a.j.t.JMeterThread: Thread started: Grupo De Hilos 1-66
2020-03-24 14:24:29,542 INFO o.a.j.t.JMeterThread: Thread started: Grupo De Hilos 1-67
2020-03-24 14:24:29,943 INFO o.a.j.t.JMeterThread: Thread started: Grupo De Hilos 1-68
2020-03-24 14:24:30,342 INFO o.a.j.t.JMeterThread: Thread started: Grupo De Hilos 1-69
2020-03-24 14:24:30,382 INFO o.a.j.r.Summariser: summary +     68 in 00:00:27 =    2.6/s Avg:    69 Min:    35 Max:  1058 Err:     0 (0.00%) Active: 69 Started: 69 Finished: 0
2020-03-24 14:24:30,383 INFO o.a.j.r.Summariser: summary =     69 in 00:00:27 =    2.5/s Avg:    71 Min:    35 Max:  1058 Err:     0 (0.00%)
2020-03-24 14:24:30,743 INFO o.a.j.t.JMeterThread: Thread started: Grupo De Hilos 1-70
2020-03-24 14:24:31,144 INFO o.a.j.t.JMeterThread: Thread started: Grupo De Hilos 1-71
2020-03-24 14:24:31,543 INFO o.a.j.t.JMeterThread: Thread started: Grupo De Hilos 1-72
2020-03-24 14:24:31,943 INFO o.a.j.t.JMeterThread: Thread started: Grupo De Hilos 1-73
2020-03-24 14:24:32,349 INFO o.a.j.t.JMeterThread: Thread started: Grupo De Hilos 1-74
2020-03-24 14:24:32,744 INFO o.a.j.t.JMeterThread: Thread started: Grupo De Hilos 1-75
2020-03-24 14:24:33,145 INFO o.a.j.t.JMeterThread: Thread started: Grupo De Hilos 1-76
2020-03-24 14:24:33,545 INFO o.a.j.t.JMeterThread: Thread started: Grupo De Hilos 1-77
2020-03-24 14:24:33,952 INFO o.a.j.t.JMeterThread: Thread started: Grupo De Hilos 1-78
2020-03-24 14:24:34,344 INFO o.a.j.t.JMeterThread: Thread started: Grupo De Hilos 1-79
2020-03-24 14:24:34,749 INFO o.a.j.t.JMeterThread: Thread started: Grupo De Hilos 1-80
2020-03-24 14:24:35,144 INFO o.a.j.t.JMeterThread: Thread started: Grupo De Hilos 1-81
2020-03-24 14:24:35,543 INFO o.a.j.t.JMeterThread: Thread started: Grupo De Hilos 1-82
2020-03-24 14:24:35,943 INFO o.a.j.t.JMeterThread: Thread started: Grupo De Hilos 1-83
2020-03-24 14:24:36,343 INFO o.a.j.t.JMeterThread: Thread started: Grupo De Hilos 1-84
2020-03-24 14:24:36,745 INFO o.a.j.t.JMeterThread: Thread started: Grupo De Hilos 1-85
2020-03-24 14:24:37,144 INFO o.a.j.t.JMeterThread: Thread started: Grupo De Hilos 1-86
2020-03-24 14:24:37,546 INFO o.a.j.t.JMeterThread: Thread started: Grupo De Hilos 1-87
2020-03-24 14:24:37,956 INFO o.a.j.t.JMeterThread: Thread started: Grupo De Hilos 1-88
2020-03-24 14:24:38,344 INFO o.a.j.t.JMeterThread: Thread started: Grupo De Hilos 1-89
2020-03-24 14:24:38,746 INFO o.a.j.t.JMeterThread: Thread started: Grupo De Hilos 1-90
2020-03-24 14:24:39,147 INFO o.a.j.t.JMeterThread: Thread started: Grupo De Hilos 1-91
2020-03-24 14:24:39,547 INFO o.a.j.t.JMeterThread: Thread started: Grupo De Hilos 1-92
2020-03-24 14:24:39,949 INFO o.a.j.t.JMeterThread: Thread started: Grupo De Hilos 1-93
2020-03-24 14:24:40,348 INFO o.a.j.t.JMeterThread: Thread started: Grupo De Hilos 1-94
2020-03-24 14:24:40,744 INFO o.a.j.t.JMeterThread: Thread started: Grupo De Hilos 1-95
2020-03-24 14:24:41,151 INFO o.a.j.t.JMeterThread: Thread started: Grupo De Hilos 1-96
2020-03-24 14:24:41,546 INFO o.a.j.t.JMeterThread: Thread started: Grupo De Hilos 1-97
2020-03-24 14:24:41,946 INFO o.a.j.t.JMeterThread: Thread started: Grupo De Hilos 1-98
2020-03-24 14:24:42,346 INFO o.a.j.t.JMeterThread: Thread started: Grupo De Hilos 1-99
2020-03-24 14:24:42,750 INFO o.a.j.t.JMeterThread: Thread started: Grupo De Hilos 1-100
2020-03-24 14:24:43,145 INFO o.a.j.t.JMeterThread: Thread started: Grupo De Hilos 1-101
2020-03-24 14:24:43,549 INFO o.a.j.t.JMeterThread: Thread started: Grupo De Hilos 1-102
2020-03-24 14:24:43,944 INFO o.a.j.t.JMeterThread: Thread started: Grupo De Hilos 1-103
2020-03-24 14:24:44,348 INFO o.a.j.t.JMeterThread: Thread started: Grupo De Hilos 1-104
2020-03-24 14:24:44,744 INFO o.a.j.t.JMeterThread: Thread started: Grupo De Hilos 1-105
2020-03-24 14:24:45,143 INFO o.a.j.t.JMeterThread: Thread started: Grupo De Hilos 1-106
2020-03-24 14:24:45,544 INFO o.a.j.t.JMeterThread: Thread started: Grupo De Hilos 1-107
2020-03-24 14:24:45,944 INFO o.a.j.t.JMeterThread: Thread started: Grupo De Hilos 1-108
2020-03-24 14:24:46,355 INFO o.a.j.t.JMeterThread: Thread started: Grupo De Hilos 1-109
2020-03-24 14:24:46,742 INFO o.a.j.t.JMeterThread: Thread started: Grupo De Hilos 1-110
2020-03-24 14:24:47,143 INFO o.a.j.t.JMeterThread: Thread started: Grupo De Hilos 1-111
2020-03-24 14:24:47,542 INFO o.a.j.t.JMeterThread: Thread started: Grupo De Hilos 1-112
2020-03-24 14:24:47,944 INFO o.a.j.t.JMeterThread: Thread started: Grupo De Hilos 1-113
2020-03-24 14:24:48,342 INFO o.a.j.t.JMeterThread: Thread started: Grupo De Hilos 1-114
2020-03-24 14:24:48,749 INFO o.a.j.t.JMeterThread: Thread started: Grupo De Hilos 1-115
2020-03-24 14:24:49,144 INFO o.a.j.t.JMeterThread: Thread started: Grupo De Hilos 1-116
2020-03-24 14:24:49,543 INFO o.a.j.t.JMeterThread: Thread started: Grupo De Hilos 1-117
2020-03-24 14:24:49,944 INFO o.a.j.t.JMeterThread: Thread started: Grupo De Hilos 1-118
2020-03-24 14:24:50,343 INFO o.a.j.t.JMeterThread: Thread started: Grupo De Hilos 1-119
2020-03-24 14:24:50,744 INFO o.a.j.t.JMeterThread: Thread started: Grupo De Hilos 1-120
2020-03-24 14:24:51,145 INFO o.a.j.t.JMeterThread: Thread started: Grupo De Hilos 1-121
2020-03-24 14:24:51,552 INFO o.a.j.t.JMeterThread: Thread started: Grupo De Hilos 1-122
2020-03-24 14:24:51,943 INFO o.a.j.t.JMeterThread: Thread started: Grupo De Hilos 1-123
2020-03-24 14:24:52,344 INFO o.a.j.t.JMeterThread: Thread started: Grupo De Hilos 1-124
2020-03-24 14:24:52,744 INFO o.a.j.t.JMeterThread: Thread started: Grupo De Hilos 1-125
2020-03-24 14:24:53,152 INFO o.a.j.t.JMeterThread: Thread started: Grupo De Hilos 1-126
2020-03-24 14:24:53,553 INFO o.a.j.t.JMeterThread: Thread started: Grupo De Hilos 1-127
2020-03-24 14:24:53,945 INFO o.a.j.t.JMeterThread: Thread started: Grupo De Hilos 1-128
2020-03-24 14:24:54,344 INFO o.a.j.t.JMeterThread: Thread started: Grupo De Hilos 1-129
2020-03-24 14:24:54,744 INFO o.a.j.t.JMeterThread: Thread started: Grupo De Hilos 1-130
2020-03-24 14:24:55,145 INFO o.a.j.t.JMeterThread: Thread started: Grupo De Hilos 1-131
2020-03-24 14:24:55,544 INFO o.a.j.t.JMeterThread: Thread started: Grupo De Hilos 1-132
2020-03-24 14:24:55,945 INFO o.a.j.t.JMeterThread: Thread started: Grupo De Hilos 1-133
2020-03-24 14:24:56,344 INFO o.a.j.t.JMeterThread: Thread started: Grupo De Hilos 1-134
2020-03-24 14:24:56,753 INFO o.a.j.t.JMeterThread: Thread started: Grupo De Hilos 1-135
2020-03-24 14:24:57,144 INFO o.a.j.t.JMeterThread: Thread started: Grupo De Hilos 1-136
2020-03-24 14:24:57,546 INFO o.a.j.t.JMeterThread: Thread started: Grupo De Hilos 1-137
2020-03-24 14:24:57,949 INFO o.a.j.t.JMeterThread: Thread started: Grupo De Hilos 1-138
2020-03-24 14:24:58,345 INFO o.a.j.t.JMeterThread: Thread started: Grupo De Hilos 1-139
2020-03-24 14:24:58,743 INFO o.a.j.t.JMeterThread: Thread started: Grupo De Hilos 1-140
2020-03-24 14:24:59,145 INFO o.a.j.t.JMeterThread: Thread started: Grupo De Hilos 1-141
2020-03-24 14:24:59,545 INFO o.a.j.t.JMeterThread: Thread started: Grupo De Hilos 1-142
2020-03-24 14:24:59,944 INFO o.a.j.t.JMeterThread: Thread started: Grupo De Hilos 1-143
2020-03-24 14:25:00,192 INFO o.a.j.r.Summariser: summary +     74 in 00:00:30 =    2.5/s Avg:    44 Min:    35 Max:    83 Err:     0 (0.00%) Active: 143 Started: 143 Finished: 0
2020-03-24 14:25:00,195 INFO o.a.j.r.Summariser: summary =    143 in 00:00:57 =    2.5/s Avg:    57 Min:    35 Max:  1058 Err:     0 (0.00%)
2020-03-24 14:25:00,344 INFO o.a.j.t.JMeterThread: Thread started: Grupo De Hilos 1-144
2020-03-24 14:25:00,745 INFO o.a.j.t.JMeterThread: Thread started: Grupo De Hilos 1-145
2020-03-24 14:25:01,143 INFO o.a.j.t.JMeterThread: Thread started: Grupo De Hilos 1-146
2020-03-24 14:25:01,543 INFO o.a.j.t.JMeterThread: Thread started: Grupo De Hilos 1-147
2020-03-24 14:25:01,948 INFO o.a.j.t.JMeterThread: Thread started: Grupo De Hilos 1-148
2020-03-24 14:25:02,349 INFO o.a.j.t.JMeterThread: Thread started: Grupo De Hilos 1-149
2020-03-24 14:25:02,746 INFO o.a.j.t.JMeterThread: Thread started: Grupo De Hilos 1-150
2020-03-24 14:25:03,145 INFO o.a.j.t.JMeterThread: Thread started: Grupo De Hilos 1-151
2020-03-24 14:25:03,545 INFO o.a.j.t.JMeterThread: Thread started: Grupo De Hilos 1-152
2020-03-24 14:25:03,949 INFO o.a.j.t.JMeterThread: Thread started: Grupo De Hilos 1-153
2020-03-24 14:25:04,346 INFO o.a.j.t.JMeterThread: Thread started: Grupo De Hilos 1-154
2020-03-24 14:25:04,747 INFO o.a.j.t.JMeterThread: Thread started: Grupo De Hilos 1-155
2020-03-24 14:25:05,144 INFO o.a.j.t.JMeterThread: Thread started: Grupo De Hilos 1-156
2020-03-24 14:25:05,549 INFO o.a.j.t.JMeterThread: Thread started: Grupo De Hilos 1-157
2020-03-24 14:25:05,946 INFO o.a.j.t.JMeterThread: Thread started: Grupo De Hilos 1-158
2020-03-24 14:25:06,345 INFO o.a.j.t.JMeterThread: Thread started: Grupo De Hilos 1-159
2020-03-24 14:25:06,749 INFO o.a.j.t.JMeterThread: Thread started: Grupo De Hilos 1-160
2020-03-24 14:25:07,147 INFO o.a.j.t.JMeterThread: Thread started: Grupo De Hilos 1-161
2020-03-24 14:25:07,549 INFO o.a.j.t.JMeterThread: Thread started: Grupo De Hilos 1-162
2020-03-24 14:25:07,948 INFO o.a.j.t.JMeterThread: Thread started: Grupo De Hilos 1-163
2020-03-24 14:25:08,342 INFO o.a.j.t.JMeterThread: Thread started: Grupo De Hilos 1-164
2020-03-24 14:25:08,749 INFO o.a.j.t.JMeterThread: Thread started: Grupo De Hilos 1-165
2020-03-24 14:25:09,148 INFO o.a.j.t.JMeterThread: Thread started: Grupo De Hilos 1-166
2020-03-24 14:25:09,547 INFO o.a.j.t.JMeterThread: Thread started: Grupo De Hilos 1-167
2020-03-24 14:25:09,944 INFO o.a.j.t.JMeterThread: Thread started: Grupo De Hilos 1-168
2020-03-24 14:25:10,343 INFO o.a.j.t.JMeterThread: Thread started: Grupo De Hilos 1-169
2020-03-24 14:25:10,749 INFO o.a.j.t.JMeterThread: Thread started: Grupo De Hilos 1-170
2020-03-24 14:25:11,153 INFO o.a.j.t.JMeterThread: Thread started: Grupo De Hilos 1-171
2020-03-24 14:25:11,548 INFO o.a.j.t.JMeterThread: Thread started: Grupo De Hilos 1-172
2020-03-24 14:25:11,949 INFO o.a.j.t.JMeterThread: Thread started: Grupo De Hilos 1-173
2020-03-24 14:25:12,345 INFO o.a.j.t.JMeterThread: Thread started: Grupo De Hilos 1-174
2020-03-24 14:25:12,743 INFO o.a.j.t.JMeterThread: Thread started: Grupo De Hilos 1-175
2020-03-24 14:25:13,149 INFO o.a.j.t.JMeterThread: Thread started: Grupo De Hilos 1-176
2020-03-24 14:25:13,554 INFO o.a.j.t.JMeterThread: Thread started: Grupo De Hilos 1-177
2020-03-24 14:25:13,949 INFO o.a.j.t.JMeterThread: Thread started: Grupo De Hilos 1-178
2020-03-24 14:25:14,345 INFO o.a.j.t.JMeterThread: Thread started: Grupo De Hilos 1-179
2020-03-24 14:25:14,744 INFO o.a.j.t.JMeterThread: Thread started: Grupo De Hilos 1-180
2020-03-24 14:25:15,146 INFO o.a.j.t.JMeterThread: Thread started: Grupo De Hilos 1-181
2020-03-24 14:25:15,546 INFO o.a.j.t.JMeterThread: Thread started: Grupo De Hilos 1-182
2020-03-24 14:25:15,962 INFO o.a.j.t.JMeterThread: Thread started: Grupo De Hilos 1-183
2020-03-24 14:25:16,371 INFO o.a.j.t.JMeterThread: Thread started: Grupo De Hilos 1-184
2020-03-24 14:25:16,746 INFO o.a.j.t.JMeterThread: Thread started: Grupo De Hilos 1-185
2020-03-24 14:25:17,157 INFO o.a.j.t.JMeterThread: Thread started: Grupo De Hilos 1-186
2020-03-24 14:25:17,549 INFO o.a.j.t.JMeterThread: Thread started: Grupo De Hilos 1-187
2020-03-24 14:25:17,947 INFO o.a.j.t.JMeterThread: Thread started: Grupo De Hilos 1-188
2020-03-24 14:25:18,344 INFO o.a.j.t.JMeterThread: Thread started: Grupo De Hilos 1-189
2020-03-24 14:25:18,745 INFO o.a.j.t.JMeterThread: Thread started: Grupo De Hilos 1-190
2020-03-24 14:25:19,155 INFO o.a.j.t.JMeterThread: Thread started: Grupo De Hilos 1-191
2020-03-24 14:25:19,544 INFO o.a.j.t.JMeterThread: Thread started: Grupo De Hilos 1-192
2020-03-24 14:25:19,946 INFO o.a.j.t.JMeterThread: Thread started: Grupo De Hilos 1-193
2020-03-24 14:25:20,345 INFO o.a.j.t.JMeterThread: Thread started: Grupo De Hilos 1-194
2020-03-24 14:25:20,744 INFO o.a.j.t.JMeterThread: Thread started: Grupo De Hilos 1-195
2020-03-24 14:25:21,149 INFO o.a.j.t.JMeterThread: Thread started: Grupo De Hilos 1-196
2020-03-24 14:25:21,545 INFO o.a.j.t.JMeterThread: Thread started: Grupo De Hilos 1-197
2020-03-24 14:25:21,942 INFO o.a.j.t.JMeterThread: Thread started: Grupo De Hilos 1-198
2020-03-24 14:25:22,344 INFO o.a.j.t.JMeterThread: Thread started: Grupo De Hilos 1-199
2020-03-24 14:25:22,743 INFO o.a.j.t.JMeterThread: Thread started: Grupo De Hilos 1-200
2020-03-24 14:25:23,143 INFO o.a.j.t.JMeterThread: Thread started: Grupo De Hilos 1-201
2020-03-24 14:25:23,544 INFO o.a.j.t.JMeterThread: Thread started: Grupo De Hilos 1-202
2020-03-24 14:25:23,943 INFO o.a.j.t.JMeterThread: Thread started: Grupo De Hilos 1-203
2020-03-24 14:25:24,346 INFO o.a.j.t.JMeterThread: Thread started: Grupo De Hilos 1-204
2020-03-24 14:25:24,753 INFO o.a.j.t.JMeterThread: Thread started: Grupo De Hilos 1-205
2020-03-24 14:25:25,150 INFO o.a.j.t.JMeterThread: Thread started: Grupo De Hilos 1-206
2020-03-24 14:25:25,545 INFO o.a.j.t.JMeterThread: Thread started: Grupo De Hilos 1-207
2020-03-24 14:25:25,945 INFO o.a.j.t.JMeterThread: Thread started: Grupo De Hilos 1-208
2020-03-24 14:25:26,348 INFO o.a.j.t.JMeterThread: Thread started: Grupo De Hilos 1-209
2020-03-24 14:25:26,743 INFO o.a.j.t.JMeterThread: Thread started: Grupo De Hilos 1-210
2020-03-24 14:25:27,144 INFO o.a.j.t.JMeterThread: Thread started: Grupo De Hilos 1-211
2020-03-24 14:25:27,549 INFO o.a.j.t.JMeterThread: Thread started: Grupo De Hilos 1-212
2020-03-24 14:25:27,948 INFO o.a.j.t.JMeterThread: Thread started: Grupo De Hilos 1-213
2020-03-24 14:25:28,348 INFO o.a.j.t.JMeterThread: Thread started: Grupo De Hilos 1-214
2020-03-24 14:25:28,745 INFO o.a.j.t.JMeterThread: Thread started: Grupo De Hilos 1-215
2020-03-24 14:25:29,144 INFO o.a.j.t.JMeterThread: Thread started: Grupo De Hilos 1-216
2020-03-24 14:25:29,545 INFO o.a.j.t.JMeterThread: Thread started: Grupo De Hilos 1-217
2020-03-24 14:25:29,944 INFO o.a.j.t.JMeterThread: Thread started: Grupo De Hilos 1-218
2020-03-24 14:25:30,343 INFO o.a.j.t.JMeterThread: Thread started: Grupo De Hilos 1-219
2020-03-24 14:25:30,743 INFO o.a.j.t.JMeterThread: Thread started: Grupo De Hilos 1-220
2020-03-24 14:25:31,209 INFO o.a.j.t.JMeterThread: Thread started: Grupo De Hilos 1-221
2020-03-24 14:25:31,544 INFO o.a.j.t.JMeterThread: Thread started: Grupo De Hilos 1-222
2020-03-24 14:25:31,944 INFO o.a.j.t.JMeterThread: Thread started: Grupo De Hilos 1-223
2020-03-24 14:25:32,343 INFO o.a.j.t.JMeterThread: Thread started: Grupo De Hilos 1-224
2020-03-24 14:25:32,743 INFO o.a.j.t.JMeterThread: Thread started: Grupo De Hilos 1-225
2020-03-24 14:25:33,143 INFO o.a.j.t.JMeterThread: Thread started: Grupo De Hilos 1-226
2020-03-24 14:25:33,545 INFO o.a.j.t.JMeterThread: Thread started: Grupo De Hilos 1-227
2020-03-24 14:25:33,944 INFO o.a.j.t.JMeterThread: Thread started: Grupo De Hilos 1-228
2020-03-24 14:25:34,358 INFO o.a.j.t.JMeterThread: Thread started: Grupo De Hilos 1-229
2020-03-24 14:25:34,743 INFO o.a.j.t.JMeterThread: Thread started: Grupo De Hilos 1-230
2020-03-24 14:25:35,153 INFO o.a.j.t.JMeterThread: Thread started: Grupo De Hilos 1-231
2020-03-24 14:25:35,543 INFO o.a.j.t.JMeterThread: Thread started: Grupo De Hilos 1-232
2020-03-24 14:25:35,944 INFO o.a.j.t.JMeterThread: Thread started: Grupo De Hilos 1-233
2020-03-24 14:25:36,347 INFO o.a.j.t.JMeterThread: Thread started: Grupo De Hilos 1-234
2020-03-24 14:25:36,749 INFO o.a.j.t.JMeterThread: Thread started: Grupo De Hilos 1-235
2020-03-24 14:25:37,148 INFO o.a.j.t.JMeterThread: Thread started: Grupo De Hilos 1-236
2020-03-24 14:25:37,556 INFO o.a.j.t.JMeterThread: Thread started: Grupo De Hilos 1-237
2020-03-24 14:25:37,945 INFO o.a.j.t.JMeterThread: Thread started: Grupo De Hilos 1-238
2020-03-24 14:25:38,349 INFO o.a.j.t.JMeterThread: Thread started: Grupo De Hilos 1-239
2020-03-24 14:25:38,749 INFO o.a.j.t.JMeterThread: Thread started: Grupo De Hilos 1-240
2020-03-24 14:25:39,145 INFO o.a.j.t.JMeterThread: Thread started: Grupo De Hilos 1-241
2020-03-24 14:25:39,544 INFO o.a.j.t.JMeterThread: Thread started: Grupo De Hilos 1-242
2020-03-24 14:25:39,953 INFO o.a.j.t.JMeterThread: Thread started: Grupo De Hilos 1-243
2020-03-24 14:25:40,349 INFO o.a.j.t.JMeterThread: Thread started: Grupo De Hilos 1-244
2020-03-24 14:25:40,744 INFO o.a.j.t.JMeterThread: Thread started: Grupo De Hilos 1-245
2020-03-24 14:25:41,149 INFO o.a.j.t.JMeterThread: Thread started: Grupo De Hilos 1-246
2020-03-24 14:25:41,544 INFO o.a.j.t.JMeterThread: Thread started: Grupo De Hilos 1-247
2020-03-24 14:25:41,944 INFO o.a.j.t.JMeterThread: Thread started: Grupo De Hilos 1-248
2020-03-24 14:25:42,351 INFO o.a.j.t.JMeterThread: Thread started: Grupo De Hilos 1-249
2020-03-24 14:25:42,765 INFO o.a.j.t.JMeterThread: Thread started: Grupo De Hilos 1-250
2020-03-24 14:25:43,147 INFO o.a.j.t.JMeterThread: Thread started: Grupo De Hilos 1-251
2020-03-24 14:25:43,544 INFO o.a.j.t.JMeterThread: Thread started: Grupo De Hilos 1-252
2020-03-24 14:25:43,945 INFO o.a.j.t.JMeterThread: Thread started: Grupo De Hilos 1-253
2020-03-24 14:25:44,354 INFO o.a.j.t.JMeterThread: Thread started: Grupo De Hilos 1-254
2020-03-24 14:25:44,745 INFO o.a.j.t.JMeterThread: Thread started: Grupo De Hilos 1-255
2020-03-24 14:25:45,149 INFO o.a.j.t.JMeterThread: Thread started: Grupo De Hilos 1-256
2020-03-24 14:25:45,545 INFO o.a.j.t.JMeterThread: Thread started: Grupo De Hilos 1-257
2020-03-24 14:25:45,950 INFO o.a.j.t.JMeterThread: Thread started: Grupo De Hilos 1-258
2020-03-24 14:25:46,350 INFO o.a.j.t.JMeterThread: Thread started: Grupo De Hilos 1-259
2020-03-24 14:25:46,748 INFO o.a.j.t.JMeterThread: Thread started: Grupo De Hilos 1-260
2020-03-24 14:25:47,149 INFO o.a.j.t.JMeterThread: Thread started: Grupo De Hilos 1-261
2020-03-24 14:25:47,543 INFO o.a.j.t.JMeterThread: Thread started: Grupo De Hilos 1-262
2020-03-24 14:25:47,944 INFO o.a.j.t.JMeterThread: Thread started: Grupo De Hilos 1-263
2020-03-24 14:25:48,345 INFO o.a.j.t.JMeterThread: Thread started: Grupo De Hilos 1-264
2020-03-24 14:25:48,752 INFO o.a.j.t.JMeterThread: Thread started: Grupo De Hilos 1-265
2020-03-24 14:25:49,145 INFO o.a.j.t.JMeterThread: Thread started: Grupo De Hilos 1-266
2020-03-24 14:25:49,544 INFO o.a.j.t.JMeterThread: Thread started: Grupo De Hilos 1-267
2020-03-24 14:25:49,943 INFO o.a.j.t.JMeterThread: Thread started: Grupo De Hilos 1-268
2020-03-24 14:25:50,349 INFO o.a.j.t.JMeterThread: Thread started: Grupo De Hilos 1-269
2020-03-24 14:25:50,743 INFO o.a.j.t.JMeterThread: Thread started: Grupo De Hilos 1-270
2020-03-24 14:25:51,142 INFO o.a.j.t.JMeterThread: Thread started: Grupo De Hilos 1-271
2020-03-24 14:25:51,559 INFO o.a.j.t.JMeterThread: Thread started: Grupo De Hilos 1-272
2020-03-24 14:25:51,943 INFO o.a.j.t.JMeterThread: Thread started: Grupo De Hilos 1-273
2020-03-24 14:25:52,342 INFO o.a.j.t.JMeterThread: Thread started: Grupo De Hilos 1-274
2020-03-24 14:25:52,743 INFO o.a.j.t.JMeterThread: Thread started: Grupo De Hilos 1-275
2020-03-24 14:25:53,154 INFO o.a.j.t.JMeterThread: Thread started: Grupo De Hilos 1-276
2020-03-24 14:25:53,545 INFO o.a.j.t.JMeterThread: Thread started: Grupo De Hilos 1-277
2020-03-24 14:25:53,944 INFO o.a.j.t.JMeterThread: Thread started: Grupo De Hilos 1-278
2020-03-24 14:25:54,343 INFO o.a.j.t.JMeterThread: Thread started: Grupo De Hilos 1-279
2020-03-24 14:25:54,743 INFO o.a.j.t.JMeterThread: Thread started: Grupo De Hilos 1-280
2020-03-24 14:25:55,145 INFO o.a.j.t.JMeterThread: Thread started: Grupo De Hilos 1-281
2020-03-24 14:25:55,545 INFO o.a.j.t.JMeterThread: Thread started: Grupo De Hilos 1-282
2020-03-24 14:25:55,945 INFO o.a.j.t.JMeterThread: Thread started: Grupo De Hilos 1-283
2020-03-24 14:25:56,345 INFO o.a.j.t.JMeterThread: Thread started: Grupo De Hilos 1-284
2020-03-24 14:25:56,759 INFO o.a.j.t.JMeterThread: Thread started: Grupo De Hilos 1-285
2020-03-24 14:25:57,147 INFO o.a.j.t.JMeterThread: Thread started: Grupo De Hilos 1-286
2020-03-24 14:25:57,545 INFO o.a.j.t.JMeterThread: Thread started: Grupo De Hilos 1-287
2020-03-24 14:25:57,948 INFO o.a.j.t.JMeterThread: Thread started: Grupo De Hilos 1-288
2020-03-24 14:25:58,353 INFO o.a.j.t.JMeterThread: Thread started: Grupo De Hilos 1-289
2020-03-24 14:25:58,750 INFO o.a.j.t.JMeterThread: Thread started: Grupo De Hilos 1-290
2020-03-24 14:25:59,145 INFO o.a.j.t.JMeterThread: Thread started: Grupo De Hilos 1-291
2020-03-24 14:25:59,549 INFO o.a.j.t.JMeterThread: Thread started: Grupo De Hilos 1-292
2020-03-24 14:25:59,944 INFO o.a.j.t.JMeterThread: Thread started: Grupo De Hilos 1-293
2020-03-24 14:26:00,344 INFO o.a.j.t.JMeterThread: Thread started: Grupo De Hilos 1-294
2020-03-24 14:26:00,745 INFO o.a.j.t.JMeterThread: Thread started: Grupo De Hilos 1-295
2020-03-24 14:26:01,145 INFO o.a.j.t.JMeterThread: Thread started: Grupo De Hilos 1-296
2020-03-24 14:26:01,549 INFO o.a.j.t.JMeterThread: Thread started: Grupo De Hilos 1-297
2020-03-24 14:26:01,945 INFO o.a.j.t.JMeterThread: Thread started: Grupo De Hilos 1-298
2020-03-24 14:26:02,344 INFO o.a.j.t.JMeterThread: Thread started: Grupo De Hilos 1-299
2020-03-24 14:26:02,746 INFO o.a.j.t.JMeterThread: Thread started: Grupo De Hilos 1-300
2020-03-24 14:28:04,030 INFO o.a.j.r.Summariser: summary +      8 in 00:03:04 =    0.0/s Avg: 16198 Min:    35 Max: 129279 Err:     1 (12.50%) Active: 300 Started: 300 Finished: 0
2020-03-24 14:28:04,031 INFO o.a.j.r.Summariser: summary =    151 in 00:04:01 =    0.6/s Avg:   912 Min:    35 Max: 129279 Err:     1 (0.66%)
2020-03-24 14:30:03,196 INFO o.a.j.t.JMeterThread: Stopping because end time detected by thread: Grupo De Hilos 1-4
2020-03-24 14:30:03,196 INFO o.a.j.t.JMeterThread: Thread finished: Grupo De Hilos 1-4
2020-03-24 14:30:03,209 INFO o.a.j.t.JMeterThread: Stopping because end time detected by thread: Grupo De Hilos 1-9
2020-03-24 14:30:03,210 INFO o.a.j.t.JMeterThread: Stopping because end time detected by thread: Grupo De Hilos 1-6
2020-03-24 14:30:03,210 INFO o.a.j.t.JMeterThread: Thread finished: Grupo De Hilos 1-9
2020-03-24 14:30:03,216 INFO o.a.j.t.JMeterThread: Stopping because end time detected by thread: Grupo De Hilos 1-14
2020-03-24 14:30:03,216 INFO o.a.j.t.JMeterThread: Thread finished: Grupo De Hilos 1-14
2020-03-24 14:30:03,220 INFO o.a.j.t.JMeterThread: Thread finished: Grupo De Hilos 1-6
2020-03-24 14:30:03,220 INFO o.a.j.t.JMeterThread: Stopping because end time detected by thread: Grupo De Hilos 1-7
2020-03-24 14:30:03,221 INFO o.a.j.t.JMeterThread: Thread finished: Grupo De Hilos 1-7
2020-03-24 14:30:03,221 INFO o.a.j.t.JMeterThread: Stopping because end time detected by thread: Grupo De Hilos 1-12
2020-03-24 14:30:03,221 INFO o.a.j.t.JMeterThread: Stopping because end time detected by thread: Grupo De Hilos 1-13
2020-03-24 14:30:03,222 INFO o.a.j.t.JMeterThread: Thread finished: Grupo De Hilos 1-12
2020-03-24 14:30:03,222 INFO o.a.j.t.JMeterThread: Thread finished: Grupo De Hilos 1-13
2020-03-24 14:30:03,239 INFO o.a.j.r.Summariser: summary +     21 in 00:01:59 =    0.2/s Avg: 138285 Min: 129310 Max: 300091 Err:    20 (95.24%) Active: 293 Started: 300 Finished: 7
2020-03-24 14:30:03,245 INFO o.a.j.t.JMeterThread: Stopping because end time detected by thread: Grupo De Hilos 1-31
2020-03-24 14:30:03,246 INFO o.a.j.t.JMeterThread: Thread finished: Grupo De Hilos 1-31
2020-03-24 14:30:03,246 INFO o.a.j.t.JMeterThread: Stopping because end time detected by thread: Grupo De Hilos 1-10
2020-03-24 14:30:03,246 INFO o.a.j.t.JMeterThread: Thread finished: Grupo De Hilos 1-10
2020-03-24 14:30:03,250 INFO o.a.j.r.Summariser: summary =    172 in 00:06:00 =    0.5/s Avg: 17684 Min:    35 Max: 300091 Err:    21 (12.21%)
2020-03-24 14:30:03,250 INFO o.a.j.t.JMeterThread: Stopping because end time detected by thread: Grupo De Hilos 1-27
2020-03-24 14:30:03,251 INFO o.a.j.t.JMeterThread: Thread finished: Grupo De Hilos 1-27
2020-03-24 14:30:03,252 INFO o.a.j.t.JMeterThread: Stopping because end time detected by thread: Grupo De Hilos 1-25
2020-03-24 14:30:03,252 INFO o.a.j.t.JMeterThread: Thread finished: Grupo De Hilos 1-25
2020-03-24 14:30:03,254 INFO o.a.j.t.JMeterThread: Stopping because end time detected by thread: Grupo De Hilos 1-37
2020-03-24 14:30:03,254 INFO o.a.j.t.JMeterThread: Thread finished: Grupo De Hilos 1-37
2020-03-24 14:30:03,273 INFO o.a.j.t.JMeterThread: Stopping because end time detected by thread: Grupo De Hilos 1-45
2020-03-24 14:30:03,273 INFO o.a.j.t.JMeterThread: Thread finished: Grupo De Hilos 1-45
2020-03-24 14:30:03,281 INFO o.a.j.t.JMeterThread: Stopping because end time detected by thread: Grupo De Hilos 1-47
2020-03-24 14:30:03,282 INFO o.a.j.t.JMeterThread: Thread finished: Grupo De Hilos 1-47
2020-03-24 14:30:03,301 INFO o.a.j.t.JMeterThread: Stopping because end time detected by thread: Grupo De Hilos 1-55
2020-03-24 14:30:03,301 INFO o.a.j.t.JMeterThread: Stopping because end time detected by thread: Grupo De Hilos 1-61
2020-03-24 14:30:03,302 INFO o.a.j.t.JMeterThread: Stopping because end time detected by thread: Grupo De Hilos 1-42
2020-03-24 14:30:03,302 INFO o.a.j.t.JMeterThread: Thread finished: Grupo De Hilos 1-61
2020-03-24 14:30:03,302 INFO o.a.j.t.JMeterThread: Thread finished: Grupo De Hilos 1-42
2020-03-24 14:30:03,303 INFO o.a.j.t.JMeterThread: Stopping because end time detected by thread: Grupo De Hilos 1-20
2020-03-24 14:30:03,303 INFO o.a.j.t.JMeterThread: Thread finished: Grupo De Hilos 1-20
2020-03-24 14:30:03,301 INFO o.a.j.t.JMeterThread: Stopping because end time detected by thread: Grupo De Hilos 1-51
2020-03-24 14:30:03,303 INFO o.a.j.t.JMeterThread: Thread finished: Grupo De Hilos 1-51
2020-03-24 14:30:03,305 INFO o.a.j.t.JMeterThread: Stopping because end time detected by thread: Grupo De Hilos 1-72
2020-03-24 14:30:03,305 INFO o.a.j.t.JMeterThread: Thread finished: Grupo De Hilos 1-72
2020-03-24 14:30:03,305 INFO o.a.j.t.JMeterThread: Stopping because end time detected by thread: Grupo De Hilos 1-43
2020-03-24 14:30:03,306 INFO o.a.j.t.JMeterThread: Stopping because end time detected by thread: Grupo De Hilos 1-48
2020-03-24 14:30:03,306 INFO o.a.j.t.JMeterThread: Thread finished: Grupo De Hilos 1-48
2020-03-24 14:30:03,306 INFO o.a.j.t.JMeterThread: Stopping because end time detected by thread: Grupo De Hilos 1-16
2020-03-24 14:30:03,307 INFO o.a.j.t.JMeterThread: Stopping because end time detected by thread: Grupo De Hilos 1-75
2020-03-24 14:30:03,307 INFO o.a.j.t.JMeterThread: Thread finished: Grupo De Hilos 1-16
2020-03-24 14:30:03,307 INFO o.a.j.t.JMeterThread: Stopping because end time detected by thread: Grupo De Hilos 1-74
2020-03-24 14:30:03,307 INFO o.a.j.t.JMeterThread: Thread finished: Grupo De Hilos 1-75
2020-03-24 14:30:03,307 INFO o.a.j.t.JMeterThread: Thread finished: Grupo De Hilos 1-74
2020-03-24 14:30:03,318 INFO o.a.j.t.JMeterThread: Thread finished: Grupo De Hilos 1-55
2020-03-24 14:30:03,306 INFO o.a.j.t.JMeterThread: Thread finished: Grupo De Hilos 1-43
2020-03-24 14:30:03,305 INFO o.a.j.t.JMeterThread: Stopping because end time detected by thread: Grupo De Hilos 1-63
2020-03-24 14:30:03,319 INFO o.a.j.t.JMeterThread: Thread finished: Grupo De Hilos 1-63
2020-03-24 14:30:03,328 INFO o.a.j.t.JMeterThread: Stopping because end time detected by thread: Grupo De Hilos 1-73
2020-03-24 14:30:03,328 INFO o.a.j.t.JMeterThread: Thread finished: Grupo De Hilos 1-73
2020-03-24 14:30:03,330 INFO o.a.j.t.JMeterThread: Stopping because end time detected by thread: Grupo De Hilos 1-1
2020-03-24 14:30:03,330 INFO o.a.j.t.JMeterThread: Stopping because end time detected by thread: Grupo De Hilos 1-85
2020-03-24 14:30:03,330 INFO o.a.j.t.JMeterThread: Thread finished: Grupo De Hilos 1-1
2020-03-24 14:30:03,334 INFO o.a.j.t.JMeterThread: Thread finished: Grupo De Hilos 1-85
2020-03-24 14:30:03,336 INFO o.a.j.t.JMeterThread: Stopping because end time detected by thread: Grupo De Hilos 1-83
2020-03-24 14:30:03,336 INFO o.a.j.t.JMeterThread: Stopping because end time detected by thread: Grupo De Hilos 1-70
2020-03-24 14:30:03,336 INFO o.a.j.t.JMeterThread: Thread finished: Grupo De Hilos 1-70
2020-03-24 14:30:03,337 INFO o.a.j.t.JMeterThread: Stopping because end time detected by thread: Grupo De Hilos 1-33
2020-03-24 14:30:03,338 INFO o.a.j.t.JMeterThread: Thread finished: Grupo De Hilos 1-33
2020-03-24 14:30:03,345 INFO o.a.j.t.JMeterThread: Stopping because end time detected by thread: Grupo De Hilos 1-65
2020-03-24 14:30:03,345 INFO o.a.j.t.JMeterThread: Stopping because end time detected by thread: Grupo De Hilos 1-86
2020-03-24 14:30:03,346 INFO o.a.j.t.JMeterThread: Stopping because end time detected by thread: Grupo De Hilos 1-87
2020-03-24 14:30:03,346 INFO o.a.j.t.JMeterThread: Thread finished: Grupo De Hilos 1-65
2020-03-24 14:30:03,346 INFO o.a.j.t.JMeterThread: Thread finished: Grupo De Hilos 1-87
2020-03-24 14:30:03,346 INFO o.a.j.t.JMeterThread: Stopping because end time detected by thread: Grupo De Hilos 1-77
2020-03-24 14:30:03,346 INFO o.a.j.t.JMeterThread: Thread finished: Grupo De Hilos 1-77
2020-03-24 14:30:03,357 INFO o.a.j.t.JMeterThread: Stopping because end time detected by thread: Grupo De Hilos 1-84
2020-03-24 14:30:03,357 INFO o.a.j.t.JMeterThread: Stopping because end time detected by thread: Grupo De Hilos 1-17
2020-03-24 14:30:03,360 INFO o.a.j.t.JMeterThread: Stopping because end time detected by thread: Grupo De Hilos 1-98
2020-03-24 14:30:03,360 INFO o.a.j.t.JMeterThread: Thread finished: Grupo De Hilos 1-98
2020-03-24 14:30:03,361 INFO o.a.j.t.JMeterThread: Stopping because end time detected by thread: Grupo De Hilos 1-34
2020-03-24 14:30:03,362 INFO o.a.j.t.JMeterThread: Thread finished: Grupo De Hilos 1-34
2020-03-24 14:30:03,362 INFO o.a.j.t.JMeterThread: Stopping because end time detected by thread: Grupo De Hilos 1-91
2020-03-24 14:30:03,362 INFO o.a.j.t.JMeterThread: Thread finished: Grupo De Hilos 1-91
2020-03-24 14:30:03,363 INFO o.a.j.t.JMeterThread: Stopping because end time detected by thread: Grupo De Hilos 1-52
2020-03-24 14:30:03,363 INFO o.a.j.t.JMeterThread: Thread finished: Grupo De Hilos 1-52
2020-03-24 14:30:03,363 INFO o.a.j.t.JMeterThread: Stopping because end time detected by thread: Grupo De Hilos 1-5
2020-03-24 14:30:03,363 INFO o.a.j.t.JMeterThread: Thread finished: Grupo De Hilos 1-5
2020-03-24 14:30:03,364 INFO o.a.j.t.JMeterThread: Stopping because end time detected by thread: Grupo De Hilos 1-59
2020-03-24 14:30:03,364 INFO o.a.j.t.JMeterThread: Thread finished: Grupo De Hilos 1-59
2020-03-24 14:30:03,364 INFO o.a.j.t.JMeterThread: Stopping because end time detected by thread: Grupo De Hilos 1-81
2020-03-24 14:30:03,364 INFO o.a.j.t.JMeterThread: Thread finished: Grupo De Hilos 1-81
2020-03-24 14:30:03,365 INFO o.a.j.t.JMeterThread: Stopping because end time detected by thread: Grupo De Hilos 1-97
2020-03-24 14:30:03,365 INFO o.a.j.t.JMeterThread: Thread finished: Grupo De Hilos 1-17
2020-03-24 14:30:03,365 INFO o.a.j.t.JMeterThread: Stopping because end time detected by thread: Grupo De Hilos 1-69
2020-03-24 14:30:03,365 INFO o.a.j.t.JMeterThread: Thread finished: Grupo De Hilos 1-86
2020-03-24 14:30:03,365 INFO o.a.j.t.JMeterThread: Stopping because end time detected by thread: Grupo De Hilos 1-23
2020-03-24 14:30:03,365 INFO o.a.j.t.JMeterThread: Thread finished: Grupo De Hilos 1-69
2020-03-24 14:30:03,365 INFO o.a.j.t.JMeterThread: Thread finished: Grupo De Hilos 1-23
2020-03-24 14:30:03,365 INFO o.a.j.t.JMeterThread: Stopping because end time detected by thread: Grupo De Hilos 1-90
2020-03-24 14:30:03,366 INFO o.a.j.t.JMeterThread: Stopping because end time detected by thread: Grupo De Hilos 1-64
2020-03-24 14:30:03,366 INFO o.a.j.t.JMeterThread: Thread finished: Grupo De Hilos 1-64
2020-03-24 14:30:03,366 INFO o.a.j.t.JMeterThread: Thread finished: Grupo De Hilos 1-90
2020-03-24 14:30:03,366 INFO o.a.j.t.JMeterThread: Thread finished: Grupo De Hilos 1-97
2020-03-24 14:30:03,383 INFO o.a.j.t.JMeterThread: Stopping because end time detected by thread: Grupo De Hilos 1-60
2020-03-24 14:30:03,383 INFO o.a.j.t.JMeterThread: Stopping because end time detected by thread: Grupo De Hilos 1-92
2020-03-24 14:30:03,383 INFO o.a.j.t.JMeterThread: Thread finished: Grupo De Hilos 1-60
2020-03-24 14:30:03,384 INFO o.a.j.t.JMeterThread: Thread finished: Grupo De Hilos 1-84
2020-03-24 14:30:03,385 INFO o.a.j.t.JMeterThread: Thread finished: Grupo De Hilos 1-83
2020-03-24 14:30:03,386 INFO o.a.j.t.JMeterThread: Thread finished: Grupo De Hilos 1-92
2020-03-24 14:30:03,387 INFO o.a.j.t.JMeterThread: Stopping because end time detected by thread: Grupo De Hilos 1-117
2020-03-24 14:30:03,387 INFO o.a.j.t.JMeterThread: Stopping because end time detected by thread: Grupo De Hilos 1-58
2020-03-24 14:30:03,387 INFO o.a.j.t.JMeterThread: Thread finished: Grupo De Hilos 1-117
2020-03-24 14:30:03,387 INFO o.a.j.t.JMeterThread: Thread finished: Grupo De Hilos 1-58
2020-03-24 14:30:03,318 INFO o.a.j.t.JMeterThread: Stopping because end time detected by thread: Grupo De Hilos 1-67
2020-03-24 14:30:03,388 INFO o.a.j.t.JMeterThread: Stopping because end time detected by thread: Grupo De Hilos 1-21
2020-03-24 14:30:03,388 INFO o.a.j.t.JMeterThread: Thread finished: Grupo De Hilos 1-67
2020-03-24 14:30:03,388 INFO o.a.j.t.JMeterThread: Thread finished: Grupo De Hilos 1-21
2020-03-24 14:30:03,318 INFO o.a.j.t.JMeterThread: Stopping because end time detected by thread: Grupo De Hilos 1-38
2020-03-24 14:30:03,388 INFO o.a.j.t.JMeterThread: Thread finished: Grupo De Hilos 1-38
2020-03-24 14:30:03,388 INFO o.a.j.t.JMeterThread: Stopping because end time detected by thread: Grupo De Hilos 1-71
2020-03-24 14:30:03,318 INFO o.a.j.t.JMeterThread: Stopping because end time detected by thread: Grupo De Hilos 1-8
2020-03-24 14:30:03,389 INFO o.a.j.t.JMeterThread: Stopping because end time detected by thread: Grupo De Hilos 1-49
2020-03-24 14:30:03,389 INFO o.a.j.t.JMeterThread: Thread finished: Grupo De Hilos 1-71
2020-03-24 14:30:03,389 INFO o.a.j.t.JMeterThread: Thread finished: Grupo De Hilos 1-8
2020-03-24 14:30:03,318 INFO o.a.j.t.JMeterThread: Stopping because end time detected by thread: Grupo De Hilos 1-79
2020-03-24 14:30:03,389 INFO o.a.j.t.JMeterThread: Thread finished: Grupo De Hilos 1-49
2020-03-24 14:30:03,389 INFO o.a.j.t.JMeterThread: Thread finished: Grupo De Hilos 1-79
2020-03-24 14:30:03,389 INFO o.a.j.t.JMeterThread: Stopping because end time detected by thread: Grupo De Hilos 1-106
2020-03-24 14:30:03,389 INFO o.a.j.t.JMeterThread: Stopping because end time detected by thread: Grupo De Hilos 1-95
2020-03-24 14:30:03,389 INFO o.a.j.t.JMeterThread: Stopping because end time detected by thread: Grupo De Hilos 1-44
2020-03-24 14:30:03,390 INFO o.a.j.t.JMeterThread: Stopping because end time detected by thread: Grupo De Hilos 1-107
2020-03-24 14:30:03,390 INFO o.a.j.t.JMeterThread: Stopping because end time detected by thread: Grupo De Hilos 1-80
2020-03-24 14:30:03,387 INFO o.a.j.t.JMeterThread: Stopping because end time detected by thread: Grupo De Hilos 1-11
2020-03-24 14:30:03,390 INFO o.a.j.t.JMeterThread: Stopping because end time detected by thread: Grupo De Hilos 1-119
2020-03-24 14:30:03,390 INFO o.a.j.t.JMeterThread: Stopping because end time detected by thread: Grupo De Hilos 1-82
2020-03-24 14:30:03,390 INFO o.a.j.t.JMeterThread: Stopping because end time detected by thread: Grupo De Hilos 1-121
2020-03-24 14:30:03,314 INFO o.a.j.t.JMeterThread: Stopping because end time detected by thread: Grupo De Hilos 1-36
2020-03-24 14:30:03,390 INFO o.a.j.t.JMeterThread: Stopping because end time detected by thread: Grupo De Hilos 1-78
2020-03-24 14:30:03,390 INFO o.a.j.t.JMeterThread: Stopping because end time detected by thread: Grupo De Hilos 1-110
2020-03-24 14:30:03,390 INFO o.a.j.t.JMeterThread: Stopping because end time detected by thread: Grupo De Hilos 1-88
2020-03-24 14:30:03,391 INFO o.a.j.t.JMeterThread: Stopping because end time detected by thread: Grupo De Hilos 1-26
2020-03-24 14:30:03,391 INFO o.a.j.t.JMeterThread: Stopping because end time detected by thread: Grupo De Hilos 1-111
2020-03-24 14:30:03,391 INFO o.a.j.t.JMeterThread: Stopping because end time detected by thread: Grupo De Hilos 1-35
2020-03-24 14:30:03,391 INFO o.a.j.t.JMeterThread: Stopping because end time detected by thread: Grupo De Hilos 1-112
2020-03-24 14:30:03,391 INFO o.a.j.t.JMeterThread: Stopping because end time detected by thread: Grupo De Hilos 1-39
2020-03-24 14:30:03,391 INFO o.a.j.t.JMeterThread: Thread finished: Grupo De Hilos 1-106
2020-03-24 14:30:03,391 INFO o.a.j.t.JMeterThread: Stopping because end time detected by thread: Grupo De Hilos 1-29
2020-03-24 14:30:03,391 INFO o.a.j.t.JMeterThread: Stopping because end time detected by thread: Grupo De Hilos 1-41
2020-03-24 14:30:03,392 INFO o.a.j.t.JMeterThread: Thread finished: Grupo De Hilos 1-29
2020-03-24 14:30:03,392 INFO o.a.j.t.JMeterThread: Stopping because end time detected by thread: Grupo De Hilos 1-99
2020-03-24 14:30:03,392 INFO o.a.j.t.JMeterThread: Thread finished: Grupo De Hilos 1-41
2020-03-24 14:30:03,392 INFO o.a.j.t.JMeterThread: Thread finished: Grupo De Hilos 1-78
2020-03-24 14:30:03,392 INFO o.a.j.t.JMeterThread: Stopping because end time detected by thread: Grupo De Hilos 1-114
2020-03-24 14:30:03,393 INFO o.a.j.t.JMeterThread: Thread finished: Grupo De Hilos 1-114
2020-03-24 14:30:03,393 INFO o.a.j.t.JMeterThread: Thread finished: Grupo De Hilos 1-80
2020-03-24 14:30:03,393 INFO o.a.j.t.JMeterThread: Thread finished: Grupo De Hilos 1-26
2020-03-24 14:30:03,393 INFO o.a.j.t.JMeterThread: Stopping because end time detected by thread: Grupo De Hilos 1-109
2020-03-24 14:30:03,394 INFO o.a.j.t.JMeterThread: Stopping because end time detected by thread: Grupo De Hilos 1-15
2020-03-24 14:30:03,394 INFO o.a.j.t.JMeterThread: Thread finished: Grupo De Hilos 1-109
2020-03-24 14:30:03,394 INFO o.a.j.t.JMeterThread: Stopping because end time detected by thread: Grupo De Hilos 1-54
2020-03-24 14:30:03,394 INFO o.a.j.t.JMeterThread: Thread finished: Grupo De Hilos 1-11
2020-03-24 14:30:03,394 INFO o.a.j.t.JMeterThread: Stopping because end time detected by thread: Grupo De Hilos 1-66
2020-03-24 14:30:03,393 INFO o.a.j.t.JMeterThread: Thread finished: Grupo De Hilos 1-95
2020-03-24 14:30:03,394 INFO o.a.j.t.JMeterThread: Thread finished: Grupo De Hilos 1-66
2020-03-24 14:30:03,394 INFO o.a.j.t.JMeterThread: Thread finished: Grupo De Hilos 1-112
2020-03-24 14:30:03,393 INFO o.a.j.t.JMeterThread: Stopping because end time detected by thread: Grupo De Hilos 1-24
2020-03-24 14:30:03,395 INFO o.a.j.t.JMeterThread: Thread finished: Grupo De Hilos 1-44
2020-03-24 14:30:03,395 INFO o.a.j.t.JMeterThread: Stopping because end time detected by thread: Grupo De Hilos 1-3
2020-03-24 14:30:03,395 INFO o.a.j.t.JMeterThread: Thread finished: Grupo De Hilos 1-24
2020-03-24 14:30:03,395 INFO o.a.j.t.JMeterThread: Thread finished: Grupo De Hilos 1-3
2020-03-24 14:30:03,395 INFO o.a.j.t.JMeterThread: Thread finished: Grupo De Hilos 1-119
2020-03-24 14:30:03,395 INFO o.a.j.t.JMeterThread: Thread finished: Grupo De Hilos 1-15
2020-03-24 14:30:03,395 INFO o.a.j.t.JMeterThread: Stopping because end time detected by thread: Grupo De Hilos 1-62
2020-03-24 14:30:03,396 INFO o.a.j.t.JMeterThread: Thread finished: Grupo De Hilos 1-62
2020-03-24 14:30:03,396 INFO o.a.j.t.JMeterThread: Stopping because end time detected by thread: Grupo De Hilos 1-94
2020-03-24 14:30:03,396 INFO o.a.j.t.JMeterThread: Stopping because end time detected by thread: Grupo De Hilos 1-53
2020-03-24 14:30:03,396 INFO o.a.j.t.JMeterThread: Thread finished: Grupo De Hilos 1-94
2020-03-24 14:30:03,392 INFO o.a.j.t.JMeterThread: Stopping because end time detected by thread: Grupo De Hilos 1-115
2020-03-24 14:30:03,396 INFO o.a.j.t.JMeterThread: Thread finished: Grupo De Hilos 1-53
2020-03-24 14:30:03,396 INFO o.a.j.t.JMeterThread: Thread finished: Grupo De Hilos 1-115
2020-03-24 14:30:03,392 INFO o.a.j.t.JMeterThread: Thread finished: Grupo De Hilos 1-39
2020-03-24 14:30:03,397 INFO o.a.j.t.JMeterThread: Thread finished: Grupo De Hilos 1-121
2020-03-24 14:30:03,393 INFO o.a.j.t.JMeterThread: Stopping because end time detected by thread: Grupo De Hilos 1-57
2020-03-24 14:30:03,397 INFO o.a.j.t.JMeterThread: Thread finished: Grupo De Hilos 1-110
2020-03-24 14:30:03,397 INFO o.a.j.t.JMeterThread: Thread finished: Grupo De Hilos 1-57
2020-03-24 14:30:03,397 INFO o.a.j.t.JMeterThread: Thread finished: Grupo De Hilos 1-88
2020-03-24 14:30:03,397 INFO o.a.j.t.JMeterThread: Stopping because end time detected by thread: Grupo De Hilos 1-118
2020-03-24 14:30:03,397 INFO o.a.j.t.JMeterThread: Thread finished: Grupo De Hilos 1-82
2020-03-24 14:30:03,393 INFO o.a.j.t.JMeterThread: Thread finished: Grupo De Hilos 1-99
2020-03-24 14:30:03,398 INFO o.a.j.t.JMeterThread: Thread finished: Grupo De Hilos 1-118
2020-03-24 14:30:03,398 INFO o.a.j.t.JMeterThread: Stopping because end time detected by thread: Grupo De Hilos 1-108
2020-03-24 14:30:03,398 INFO o.a.j.t.JMeterThread: Thread finished: Grupo De Hilos 1-108
2020-03-24 14:30:03,398 INFO o.a.j.t.JMeterThread: Stopping because end time detected by thread: Grupo De Hilos 1-101
2020-03-24 14:30:03,398 INFO o.a.j.t.JMeterThread: Thread finished: Grupo De Hilos 1-101
2020-03-24 14:30:03,399 INFO o.a.j.t.JMeterThread: Stopping because end time detected by thread: Grupo De Hilos 1-123
2020-03-24 14:30:03,399 INFO o.a.j.t.JMeterThread: Stopping because end time detected by thread: Grupo De Hilos 1-89
2020-03-24 14:30:03,399 INFO o.a.j.t.JMeterThread: Thread finished: Grupo De Hilos 1-89
2020-03-24 14:30:03,399 INFO o.a.j.t.JMeterThread: Thread finished: Grupo De Hilos 1-35
2020-03-24 14:30:03,400 INFO o.a.j.t.JMeterThread: Thread finished: Grupo De Hilos 1-36
2020-03-24 14:30:03,400 INFO o.a.j.t.JMeterThread: Stopping because end time detected by thread: Grupo De Hilos 1-100
2020-03-24 14:30:03,400 INFO o.a.j.t.JMeterThread: Thread finished: Grupo De Hilos 1-123
2020-03-24 14:30:03,400 INFO o.a.j.t.JMeterThread: Thread finished: Grupo De Hilos 1-100
2020-03-24 14:30:03,401 INFO o.a.j.t.JMeterThread: Stopping because end time detected by thread: Grupo De Hilos 1-120
2020-03-24 14:30:03,401 INFO o.a.j.t.JMeterThread: Thread finished: Grupo De Hilos 1-120
2020-03-24 14:30:03,401 INFO o.a.j.t.JMeterThread: Stopping because end time detected by thread: Grupo De Hilos 1-105
2020-03-24 14:30:03,401 INFO o.a.j.t.JMeterThread: Thread finished: Grupo De Hilos 1-105
2020-03-24 14:30:03,393 INFO o.a.j.t.JMeterThread: Stopping because end time detected by thread: Grupo De Hilos 1-2
2020-03-24 14:30:03,486 INFO o.a.j.t.JMeterThread: Thread finished: Grupo De Hilos 1-2
2020-03-24 14:30:03,393 INFO o.a.j.t.JMeterThread: Thread finished: Grupo De Hilos 1-107
2020-03-24 14:30:03,493 INFO o.a.j.t.JMeterThread: Stopping because end time detected by thread: Grupo De Hilos 1-104
2020-03-24 14:30:03,494 INFO o.a.j.t.JMeterThread: Stopping because end time detected by thread: Grupo De Hilos 1-158
2020-03-24 14:30:03,494 INFO o.a.j.t.JMeterThread: Thread finished: Grupo De Hilos 1-104
2020-03-24 14:30:03,494 INFO o.a.j.t.JMeterThread: Thread finished: Grupo De Hilos 1-158
2020-03-24 14:30:03,494 INFO o.a.j.t.JMeterThread: Stopping because end time detected by thread: Grupo De Hilos 1-113
2020-03-24 14:30:03,495 INFO o.a.j.t.JMeterThread: Thread finished: Grupo De Hilos 1-113
2020-03-24 14:30:03,427 INFO o.a.j.t.JMeterThread: Stopping because end time detected by thread: Grupo De Hilos 1-103
2020-03-24 14:30:03,402 INFO o.a.j.t.JMeterThread: Stopping because end time detected by thread: Grupo De Hilos 1-68
2020-03-24 14:30:03,510 INFO o.a.j.t.JMeterThread: Thread finished: Grupo De Hilos 1-68
2020-03-24 14:30:03,402 INFO o.a.j.t.JMeterThread: Stopping because end time detected by thread: Grupo De Hilos 1-116
2020-03-24 14:30:03,511 INFO o.a.j.t.JMeterThread: Thread finished: Grupo De Hilos 1-116
2020-03-24 14:30:03,401 INFO o.a.j.t.JMeterThread: Thread finished: Grupo De Hilos 1-111
2020-03-24 14:30:03,401 INFO o.a.j.t.JMeterThread: Stopping because end time detected by thread: Grupo De Hilos 1-96
2020-03-24 14:30:03,512 INFO o.a.j.t.JMeterThread: Thread finished: Grupo De Hilos 1-96
2020-03-24 14:30:03,514 INFO o.a.j.t.JMeterThread: Thread finished: Grupo De Hilos 1-103
2020-03-24 14:30:03,514 INFO o.a.j.t.JMeterThread: Stopping because end time detected by thread: Grupo De Hilos 1-161
2020-03-24 14:30:03,514 INFO o.a.j.t.JMeterThread: Thread finished: Grupo De Hilos 1-161
2020-03-24 14:30:03,515 INFO o.a.j.t.JMeterThread: Stopping because end time detected by thread: Grupo De Hilos 1-172
2020-03-24 14:30:03,515 INFO o.a.j.t.JMeterThread: Stopping because end time detected by thread: Grupo De Hilos 1-178
2020-03-24 14:30:03,515 INFO o.a.j.t.JMeterThread: Thread finished: Grupo De Hilos 1-172
2020-03-24 14:30:03,515 INFO o.a.j.t.JMeterThread: Thread finished: Grupo De Hilos 1-178
2020-03-24 14:30:03,522 INFO o.a.j.t.JMeterThread: Stopping because end time detected by thread: Grupo De Hilos 1-168
2020-03-24 14:30:03,522 INFO o.a.j.t.JMeterThread: Thread finished: Grupo De Hilos 1-168
2020-03-24 14:30:03,523 INFO o.a.j.t.JMeterThread: Stopping because end time detected by thread: Grupo De Hilos 1-124
2020-03-24 14:30:03,523 INFO o.a.j.t.JMeterThread: Thread finished: Grupo De Hilos 1-124
2020-03-24 14:30:03,525 INFO o.a.j.t.JMeterThread: Stopping because end time detected by thread: Grupo De Hilos 1-146
2020-03-24 14:30:03,526 INFO o.a.j.t.JMeterThread: Stopping because end time detected by thread: Grupo De Hilos 1-156
2020-03-24 14:30:03,526 INFO o.a.j.t.JMeterThread: Thread finished: Grupo De Hilos 1-146
2020-03-24 14:30:03,526 INFO o.a.j.t.JMeterThread: Thread finished: Grupo De Hilos 1-156
2020-03-24 14:30:03,526 INFO o.a.j.t.JMeterThread: Stopping because end time detected by thread: Grupo De Hilos 1-141
2020-03-24 14:30:03,527 INFO o.a.j.t.JMeterThread: Thread finished: Grupo De Hilos 1-141
2020-03-24 14:30:03,527 INFO o.a.j.t.JMeterThread: Stopping because end time detected by thread: Grupo De Hilos 1-154
2020-03-24 14:30:03,527 INFO o.a.j.t.JMeterThread: Thread finished: Grupo De Hilos 1-154
2020-03-24 14:30:03,527 INFO o.a.j.t.JMeterThread: Stopping because end time detected by thread: Grupo De Hilos 1-76
2020-03-24 14:30:03,527 INFO o.a.j.t.JMeterThread: Stopping because end time detected by thread: Grupo De Hilos 1-166
2020-03-24 14:30:03,528 INFO o.a.j.t.JMeterThread: Thread finished: Grupo De Hilos 1-166
2020-03-24 14:30:03,528 INFO o.a.j.t.JMeterThread: Thread finished: Grupo De Hilos 1-76
2020-03-24 14:30:03,528 INFO o.a.j.t.JMeterThread: Stopping because end time detected by thread: Grupo De Hilos 1-157
2020-03-24 14:30:03,528 INFO o.a.j.t.JMeterThread: Thread finished: Grupo De Hilos 1-157
2020-03-24 14:30:03,528 INFO o.a.j.t.JMeterThread: Stopping because end time detected by thread: Grupo De Hilos 1-162
2020-03-24 14:30:03,529 INFO o.a.j.t.JMeterThread: Thread finished: Grupo De Hilos 1-162
2020-03-24 14:30:03,529 INFO o.a.j.t.JMeterThread: Stopping because end time detected by thread: Grupo De Hilos 1-139
2020-03-24 14:30:03,529 INFO o.a.j.t.JMeterThread: Thread finished: Grupo De Hilos 1-139
2020-03-24 14:30:03,542 INFO o.a.j.t.JMeterThread: Stopping because end time detected by thread: Grupo De Hilos 1-122
2020-03-24 14:30:03,542 INFO o.a.j.t.JMeterThread: Thread finished: Grupo De Hilos 1-122
2020-03-24 14:30:03,549 INFO o.a.j.t.JMeterThread: Stopping because end time detected by thread: Grupo De Hilos 1-201
2020-03-24 14:30:03,550 INFO o.a.j.t.JMeterThread: Thread finished: Grupo De Hilos 1-201
2020-03-24 14:30:03,569 INFO o.a.j.t.JMeterThread: Stopping because end time detected by thread: Grupo De Hilos 1-102
2020-03-24 14:30:03,570 INFO o.a.j.t.JMeterThread: Thread finished: Grupo De Hilos 1-102
2020-03-24 14:30:03,574 INFO o.a.j.t.JMeterThread: Stopping because end time detected by thread: Grupo De Hilos 1-200
2020-03-24 14:30:03,574 INFO o.a.j.t.JMeterThread: Thread finished: Grupo De Hilos 1-200
2020-03-24 14:30:03,577 INFO o.a.j.t.JMeterThread: Stopping because end time detected by thread: Grupo De Hilos 1-203
2020-03-24 14:30:03,577 INFO o.a.j.t.JMeterThread: Stopping because end time detected by thread: Grupo De Hilos 1-218
2020-03-24 14:30:03,578 INFO o.a.j.t.JMeterThread: Thread finished: Grupo De Hilos 1-203
2020-03-24 14:30:03,578 INFO o.a.j.t.JMeterThread: Thread finished: Grupo De Hilos 1-218
2020-03-24 14:30:03,578 INFO o.a.j.t.JMeterThread: Stopping because end time detected by thread: Grupo De Hilos 1-217
2020-03-24 14:30:03,578 INFO o.a.j.t.JMeterThread: Stopping because end time detected by thread: Grupo De Hilos 1-219
2020-03-24 14:30:03,578 INFO o.a.j.t.JMeterThread: Thread finished: Grupo De Hilos 1-217
2020-03-24 14:30:03,578 INFO o.a.j.t.JMeterThread: Thread finished: Grupo De Hilos 1-219
2020-03-24 14:30:03,579 INFO o.a.j.t.JMeterThread: Stopping because end time detected by thread: Grupo De Hilos 1-206
2020-03-24 14:30:03,579 INFO o.a.j.t.JMeterThread: Thread finished: Grupo De Hilos 1-206
2020-03-24 14:30:03,579 INFO o.a.j.t.JMeterThread: Stopping because end time detected by thread: Grupo De Hilos 1-198
2020-03-24 14:30:03,579 INFO o.a.j.t.JMeterThread: Thread finished: Grupo De Hilos 1-198
2020-03-24 14:30:03,581 INFO o.a.j.t.JMeterThread: Stopping because end time detected by thread: Grupo De Hilos 1-220
2020-03-24 14:30:03,581 INFO o.a.j.t.JMeterThread: Stopping because end time detected by thread: Grupo De Hilos 1-226
2020-03-24 14:30:03,582 INFO o.a.j.t.JMeterThread: Thread finished: Grupo De Hilos 1-220
2020-03-24 14:30:03,582 INFO o.a.j.t.JMeterThread: Thread finished: Grupo De Hilos 1-226
2020-03-24 14:30:03,582 INFO o.a.j.t.JMeterThread: Stopping because end time detected by thread: Grupo De Hilos 1-207
2020-03-24 14:30:03,582 INFO o.a.j.t.JMeterThread: Thread finished: Grupo De Hilos 1-207
2020-03-24 14:30:03,582 INFO o.a.j.t.JMeterThread: Stopping because end time detected by thread: Grupo De Hilos 1-211
2020-03-24 14:30:03,583 INFO o.a.j.t.JMeterThread: Thread finished: Grupo De Hilos 1-211
2020-03-24 14:30:03,583 INFO o.a.j.t.JMeterThread: Stopping because end time detected by thread: Grupo De Hilos 1-229
2020-03-24 14:30:03,583 INFO o.a.j.t.JMeterThread: Thread finished: Grupo De Hilos 1-229
2020-03-24 14:30:03,583 INFO o.a.j.t.JMeterThread: Stopping because end time detected by thread: Grupo De Hilos 1-215
2020-03-24 14:30:03,584 INFO o.a.j.t.JMeterThread: Thread finished: Grupo De Hilos 1-215
2020-03-24 14:30:03,584 INFO o.a.j.t.JMeterThread: Stopping because end time detected by thread: Grupo De Hilos 1-50
2020-03-24 14:30:03,584 INFO o.a.j.t.JMeterThread: Thread finished: Grupo De Hilos 1-50
2020-03-24 14:30:03,584 INFO o.a.j.t.JMeterThread: Stopping because end time detected by thread: Grupo De Hilos 1-32
2020-03-24 14:30:03,584 INFO o.a.j.t.JMeterThread: Thread finished: Grupo De Hilos 1-32
2020-03-24 14:30:03,585 INFO o.a.j.t.JMeterThread: Thread finished: Grupo De Hilos 1-54
2020-03-24 14:30:03,585 INFO o.a.j.t.JMeterThread: Stopping because end time detected by thread: Grupo De Hilos 1-28
2020-03-24 14:30:03,585 INFO o.a.j.t.JMeterThread: Thread finished: Grupo De Hilos 1-28
2020-03-24 14:30:03,586 INFO o.a.j.t.JMeterThread: Stopping because end time detected by thread: Grupo De Hilos 1-93
2020-03-24 14:30:03,587 INFO o.a.j.t.JMeterThread: Thread finished: Grupo De Hilos 1-93
2020-03-24 14:30:03,587 INFO o.a.j.t.JMeterThread: Stopping because end time detected by thread: Grupo De Hilos 1-191
2020-03-24 14:30:03,585 INFO o.a.j.t.JMeterThread: Stopping because end time detected by thread: Grupo De Hilos 1-22
2020-03-24 14:30:03,587 INFO o.a.j.t.JMeterThread: Thread finished: Grupo De Hilos 1-191
2020-03-24 14:30:03,587 INFO o.a.j.t.JMeterThread: Thread finished: Grupo De Hilos 1-22
2020-03-24 14:30:03,586 INFO o.a.j.t.JMeterThread: Stopping because end time detected by thread: Grupo De Hilos 1-169
2020-03-24 14:30:03,587 INFO o.a.j.t.JMeterThread: Thread finished: Grupo De Hilos 1-169
2020-03-24 14:30:03,588 INFO o.a.j.t.JMeterThread: Stopping because end time detected by thread: Grupo De Hilos 1-175
2020-03-24 14:30:03,588 INFO o.a.j.t.JMeterThread: Thread finished: Grupo De Hilos 1-175
2020-03-24 14:30:03,588 INFO o.a.j.t.JMeterThread: Stopping because end time detected by thread: Grupo De Hilos 1-147
2020-03-24 14:30:03,588 INFO o.a.j.t.JMeterThread: Stopping because end time detected by thread: Grupo De Hilos 1-199
2020-03-24 14:30:03,588 INFO o.a.j.t.JMeterThread: Thread finished: Grupo De Hilos 1-147
2020-03-24 14:30:03,588 INFO o.a.j.t.JMeterThread: Thread finished: Grupo De Hilos 1-199
2020-03-24 14:30:03,589 INFO o.a.j.t.JMeterThread: Stopping because end time detected by thread: Grupo De Hilos 1-204
2020-03-24 14:30:03,589 INFO o.a.j.t.JMeterThread: Thread finished: Grupo De Hilos 1-204
2020-03-24 14:30:03,589 INFO o.a.j.t.JMeterThread: Stopping because end time detected by thread: Grupo De Hilos 1-193
2020-03-24 14:30:03,589 INFO o.a.j.t.JMeterThread: Thread finished: Grupo De Hilos 1-193
2020-03-24 14:30:03,589 INFO o.a.j.t.JMeterThread: Stopping because end time detected by thread: Grupo De Hilos 1-132
2020-03-24 14:30:03,590 INFO o.a.j.t.JMeterThread: Stopping because end time detected by thread: Grupo De Hilos 1-151
2020-03-24 14:30:03,590 INFO o.a.j.t.JMeterThread: Thread finished: Grupo De Hilos 1-151
2020-03-24 14:30:03,590 INFO o.a.j.t.JMeterThread: Stopping because end time detected by thread: Grupo De Hilos 1-216
2020-03-24 14:30:03,590 INFO o.a.j.t.JMeterThread: Thread finished: Grupo De Hilos 1-216
2020-03-24 14:30:03,590 INFO o.a.j.t.JMeterThread: Stopping because end time detected by thread: Grupo De Hilos 1-134
2020-03-24 14:30:03,590 INFO o.a.j.t.JMeterThread: Stopping because end time detected by thread: Grupo De Hilos 1-202
2020-03-24 14:30:03,586 INFO o.a.j.t.JMeterThread: Stopping because end time detected by thread: Grupo De Hilos 1-232
2020-03-24 14:30:03,591 INFO o.a.j.t.JMeterThread: Thread finished: Grupo De Hilos 1-232
2020-03-24 14:30:03,591 INFO o.a.j.t.JMeterThread: Stopping because end time detected by thread: Grupo De Hilos 1-189
2020-03-24 14:30:03,586 INFO o.a.j.t.JMeterThread: Stopping because end time detected by thread: Grupo De Hilos 1-174
2020-03-24 14:30:03,591 INFO o.a.j.t.JMeterThread: Thread finished: Grupo De Hilos 1-189
2020-03-24 14:30:03,586 INFO o.a.j.t.JMeterThread: Stopping because end time detected by thread: Grupo De Hilos 1-56
2020-03-24 14:30:03,591 INFO o.a.j.t.JMeterThread: Thread finished: Grupo De Hilos 1-56
2020-03-24 14:30:03,592 INFO o.a.j.t.JMeterThread: Stopping because end time detected by thread: Grupo De Hilos 1-126
2020-03-24 14:30:03,592 INFO o.a.j.t.JMeterThread: Thread finished: Grupo De Hilos 1-126
2020-03-24 14:30:03,592 INFO o.a.j.t.JMeterThread: Stopping because end time detected by thread: Grupo De Hilos 1-130
2020-03-24 14:30:03,592 INFO o.a.j.t.JMeterThread: Stopping because end time detected by thread: Grupo De Hilos 1-163
2020-03-24 14:30:03,593 INFO o.a.j.t.JMeterThread: Stopping because end time detected by thread: Grupo De Hilos 1-127
2020-03-24 14:30:03,593 INFO o.a.j.t.JMeterThread: Thread finished: Grupo De Hilos 1-163
2020-03-24 14:30:03,593 INFO o.a.j.t.JMeterThread: Thread finished: Grupo De Hilos 1-130
2020-03-24 14:30:03,593 INFO o.a.j.t.JMeterThread: Stopping because end time detected by thread: Grupo De Hilos 1-149
2020-03-24 14:30:03,593 INFO o.a.j.t.JMeterThread: Stopping because end time detected by thread: Grupo De Hilos 1-177
2020-03-24 14:30:03,593 INFO o.a.j.t.JMeterThread: Stopping because end time detected by thread: Grupo De Hilos 1-19
2020-03-24 14:30:03,593 INFO o.a.j.t.JMeterThread: Thread finished: Grupo De Hilos 1-177
2020-03-24 14:30:03,593 INFO o.a.j.t.JMeterThread: Thread finished: Grupo De Hilos 1-19
2020-03-24 14:30:03,594 INFO o.a.j.t.JMeterThread: Stopping because end time detected by thread: Grupo De Hilos 1-137
2020-03-24 14:30:03,594 INFO o.a.j.t.JMeterThread: Thread finished: Grupo De Hilos 1-137
2020-03-24 14:30:03,594 INFO o.a.j.t.JMeterThread: Stopping because end time detected by thread: Grupo De Hilos 1-145
2020-03-24 14:30:03,595 INFO o.a.j.t.JMeterThread: Thread finished: Grupo De Hilos 1-145
2020-03-24 14:30:03,595 INFO o.a.j.t.JMeterThread: Stopping because end time detected by thread: Grupo De Hilos 1-136
2020-03-24 14:30:03,595 INFO o.a.j.t.JMeterThread: Thread finished: Grupo De Hilos 1-136
2020-03-24 14:30:03,596 INFO o.a.j.t.JMeterThread: Thread finished: Grupo De Hilos 1-149
2020-03-24 14:30:03,596 INFO o.a.j.t.JMeterThread: Stopping because end time detected by thread: Grupo De Hilos 1-131
2020-03-24 14:30:03,596 INFO o.a.j.t.JMeterThread: Thread finished: Grupo De Hilos 1-131
2020-03-24 14:30:03,596 INFO o.a.j.t.JMeterThread: Stopping because end time detected by thread: Grupo De Hilos 1-128
2020-03-24 14:30:03,597 INFO o.a.j.t.JMeterThread: Thread finished: Grupo De Hilos 1-128
2020-03-24 14:30:03,597 INFO o.a.j.t.JMeterThread: Stopping because end time detected by thread: Grupo De Hilos 1-138
2020-03-24 14:30:03,597 INFO o.a.j.t.JMeterThread: Thread finished: Grupo De Hilos 1-138
2020-03-24 14:30:03,591 INFO o.a.j.t.JMeterThread: Thread finished: Grupo De Hilos 1-174
2020-03-24 14:30:03,591 INFO o.a.j.t.JMeterThread: Thread finished: Grupo De Hilos 1-132
2020-03-24 14:30:03,598 INFO o.a.j.t.JMeterThread: Stopping because end time detected by thread: Grupo De Hilos 1-135
2020-03-24 14:30:03,597 INFO o.a.j.t.JMeterThread: Stopping because end time detected by thread: Grupo De Hilos 1-196
2020-03-24 14:30:03,598 INFO o.a.j.t.JMeterThread: Thread finished: Grupo De Hilos 1-135
2020-03-24 14:30:03,598 INFO o.a.j.t.JMeterThread: Thread finished: Grupo De Hilos 1-196
2020-03-24 14:30:03,598 INFO o.a.j.t.JMeterThread: Stopping because end time detected by thread: Grupo De Hilos 1-209
2020-03-24 14:30:03,598 INFO o.a.j.t.JMeterThread: Thread finished: Grupo De Hilos 1-209
2020-03-24 14:30:03,598 INFO o.a.j.t.JMeterThread: Stopping because end time detected by thread: Grupo De Hilos 1-143
2020-03-24 14:30:03,598 INFO o.a.j.t.JMeterThread: Thread finished: Grupo De Hilos 1-143
2020-03-24 14:30:03,598 INFO o.a.j.t.JMeterThread: Stopping because end time detected by thread: Grupo De Hilos 1-210
2020-03-24 14:30:03,598 INFO o.a.j.t.JMeterThread: Thread finished: Grupo De Hilos 1-210
2020-03-24 14:30:03,599 INFO o.a.j.t.JMeterThread: Stopping because end time detected by thread: Grupo De Hilos 1-18
2020-03-24 14:30:03,599 INFO o.a.j.t.JMeterThread: Thread finished: Grupo De Hilos 1-18
2020-03-24 14:30:03,599 INFO o.a.j.t.JMeterThread: Stopping because end time detected by thread: Grupo De Hilos 1-230
2020-03-24 14:30:03,599 INFO o.a.j.t.JMeterThread: Thread finished: Grupo De Hilos 1-230
2020-03-24 14:30:03,600 INFO o.a.j.t.JMeterThread: Stopping because end time detected by thread: Grupo De Hilos 1-144
2020-03-24 14:30:03,591 INFO o.a.j.t.JMeterThread: Thread finished: Grupo De Hilos 1-202
2020-03-24 14:30:03,590 INFO o.a.j.t.JMeterThread: Thread finished: Grupo De Hilos 1-134
2020-03-24 14:30:03,593 INFO o.a.j.t.JMeterThread: Thread finished: Grupo De Hilos 1-127
2020-03-24 14:30:03,592 INFO o.a.j.t.JMeterThread: Stopping because end time detected by thread: Grupo De Hilos 1-46
2020-03-24 14:30:03,600 INFO o.a.j.t.JMeterThread: Thread finished: Grupo De Hilos 1-46
2020-03-24 14:30:03,600 INFO o.a.j.t.JMeterThread: Stopping because end time detected by thread: Grupo De Hilos 1-235
2020-03-24 14:30:03,600 INFO o.a.j.t.JMeterThread: Thread finished: Grupo De Hilos 1-235
2020-03-24 14:30:03,600 INFO o.a.j.t.JMeterThread: Thread finished: Grupo De Hilos 1-144
2020-03-24 14:30:03,601 INFO o.a.j.t.JMeterThread: Stopping because end time detected by thread: Grupo De Hilos 1-234
2020-03-24 14:30:03,601 INFO o.a.j.t.JMeterThread: Thread finished: Grupo De Hilos 1-234
2020-03-24 14:30:03,601 INFO o.a.j.t.JMeterThread: Stopping because end time detected by thread: Grupo De Hilos 1-212
2020-03-24 14:30:03,602 INFO o.a.j.t.JMeterThread: Thread finished: Grupo De Hilos 1-212
2020-03-24 14:30:03,606 INFO o.a.j.t.JMeterThread: Stopping because end time detected by thread: Grupo De Hilos 1-167
2020-03-24 14:30:03,606 INFO o.a.j.t.JMeterThread: Thread finished: Grupo De Hilos 1-167
2020-03-24 14:30:03,606 INFO o.a.j.t.JMeterThread: Stopping because end time detected by thread: Grupo De Hilos 1-142
2020-03-24 14:30:03,607 INFO o.a.j.t.JMeterThread: Thread finished: Grupo De Hilos 1-142
2020-03-24 14:30:03,607 INFO o.a.j.t.JMeterThread: Stopping because end time detected by thread: Grupo De Hilos 1-236
2020-03-24 14:30:03,607 INFO o.a.j.t.JMeterThread: Thread finished: Grupo De Hilos 1-236
2020-03-24 14:30:03,608 INFO o.a.j.t.JMeterThread: Stopping because end time detected by thread: Grupo De Hilos 1-164
2020-03-24 14:30:03,608 INFO o.a.j.t.JMeterThread: Thread finished: Grupo De Hilos 1-164
2020-03-24 14:30:03,609 INFO o.a.j.t.JMeterThread: Stopping because end time detected by thread: Grupo De Hilos 1-40
2020-03-24 14:30:03,609 INFO o.a.j.t.JMeterThread: Thread finished: Grupo De Hilos 1-40
2020-03-24 14:30:03,610 INFO o.a.j.t.JMeterThread: Stopping because end time detected by thread: Grupo De Hilos 1-30
2020-03-24 14:30:03,610 INFO o.a.j.t.JMeterThread: Stopping because end time detected by thread: Grupo De Hilos 1-224
2020-03-24 14:30:03,610 INFO o.a.j.t.JMeterThread: Stopping because end time detected by thread: Grupo De Hilos 1-241
2020-03-24 14:30:03,610 INFO o.a.j.t.JMeterThread: Thread finished: Grupo De Hilos 1-30
2020-03-24 14:30:03,610 INFO o.a.j.t.JMeterThread: Thread finished: Grupo De Hilos 1-241
2020-03-24 14:30:03,611 INFO o.a.j.t.JMeterThread: Stopping because end time detected by thread: Grupo De Hilos 1-195
2020-03-24 14:30:03,611 INFO o.a.j.t.JMeterThread: Thread finished: Grupo De Hilos 1-195
2020-03-24 14:30:03,611 INFO o.a.j.t.JMeterThread: Stopping because end time detected by thread: Grupo De Hilos 1-197
2020-03-24 14:30:03,611 INFO o.a.j.t.JMeterThread: Thread finished: Grupo De Hilos 1-197
2020-03-24 14:30:03,611 INFO o.a.j.t.JMeterThread: Stopping because end time detected by thread: Grupo De Hilos 1-238
2020-03-24 14:30:03,611 INFO o.a.j.t.JMeterThread: Thread finished: Grupo De Hilos 1-238
2020-03-24 14:30:03,608 INFO o.a.j.t.JMeterThread: Stopping because end time detected by thread: Grupo De Hilos 1-228
2020-03-24 14:30:03,621 INFO o.a.j.t.JMeterThread: Stopping because end time detected by thread: Grupo De Hilos 1-160
2020-03-24 14:30:03,621 INFO o.a.j.t.JMeterThread: Stopping because end time detected by thread: Grupo De Hilos 1-244
2020-03-24 14:30:03,623 INFO o.a.j.t.JMeterThread: Thread finished: Grupo De Hilos 1-244
2020-03-24 14:30:03,621 INFO o.a.j.t.JMeterThread: Stopping because end time detected by thread: Grupo De Hilos 1-176
2020-03-24 14:30:03,624 INFO o.a.j.t.JMeterThread: Thread finished: Grupo De Hilos 1-176
2020-03-24 14:30:03,621 INFO o.a.j.t.JMeterThread: Stopping because end time detected by thread: Grupo De Hilos 1-133
2020-03-24 14:30:03,625 INFO o.a.j.t.JMeterThread: Thread finished: Grupo De Hilos 1-133
2020-03-24 14:30:03,620 INFO o.a.j.t.JMeterThread: Stopping because end time detected by thread: Grupo De Hilos 1-165
2020-03-24 14:30:03,625 INFO o.a.j.t.JMeterThread: Thread finished: Grupo De Hilos 1-165
2020-03-24 14:30:03,620 INFO o.a.j.t.JMeterThread: Stopping because end time detected by thread: Grupo De Hilos 1-205
2020-03-24 14:30:03,626 INFO o.a.j.t.JMeterThread: Thread finished: Grupo De Hilos 1-205
2020-03-24 14:30:03,626 INFO o.a.j.t.JMeterThread: Thread finished: Grupo De Hilos 1-160
2020-03-24 14:30:03,627 INFO o.a.j.t.JMeterThread: Stopping because end time detected by thread: Grupo De Hilos 1-192
2020-03-24 14:30:03,627 INFO o.a.j.t.JMeterThread: Stopping because end time detected by thread: Grupo De Hilos 1-187
2020-03-24 14:30:03,627 INFO o.a.j.t.JMeterThread: Thread finished: Grupo De Hilos 1-192
2020-03-24 14:30:03,628 INFO o.a.j.t.JMeterThread: Stopping because end time detected by thread: Grupo De Hilos 1-179
2020-03-24 14:30:03,628 INFO o.a.j.t.JMeterThread: Thread finished: Grupo De Hilos 1-179
2020-03-24 14:30:03,628 INFO o.a.j.t.JMeterThread: Stopping because end time detected by thread: Grupo De Hilos 1-170
2020-03-24 14:30:03,628 INFO o.a.j.t.JMeterThread: Thread finished: Grupo De Hilos 1-170
2020-03-24 14:30:03,629 INFO o.a.j.t.JMeterThread: Stopping because end time detected by thread: Grupo De Hilos 1-186
2020-03-24 14:30:03,629 INFO o.a.j.t.JMeterThread: Thread finished: Grupo De Hilos 1-186
2020-03-24 14:30:03,619 INFO o.a.j.t.JMeterThread: Stopping because end time detected by thread: Grupo De Hilos 1-243
2020-03-24 14:30:03,629 INFO o.a.j.t.JMeterThread: Thread finished: Grupo De Hilos 1-243
2020-03-24 14:30:03,618 INFO o.a.j.t.JMeterThread: Stopping because end time detected by thread: Grupo De Hilos 1-237
2020-03-24 14:30:03,630 INFO o.a.j.t.JMeterThread: Thread finished: Grupo De Hilos 1-237
2020-03-24 14:30:03,633 INFO o.a.j.t.JMeterThread: Stopping because end time detected by thread: Grupo De Hilos 1-129
2020-03-24 14:30:03,634 INFO o.a.j.t.JMeterThread: Stopping because end time detected by thread: Grupo De Hilos 1-148
2020-03-24 14:30:03,634 INFO o.a.j.t.JMeterThread: Stopping because end time detected by thread: Grupo De Hilos 1-159
2020-03-24 14:30:03,634 INFO o.a.j.t.JMeterThread: Thread finished: Grupo De Hilos 1-159
2020-03-24 14:30:03,634 INFO o.a.j.t.JMeterThread: Thread finished: Grupo De Hilos 1-129
2020-03-24 14:30:03,605 INFO o.a.j.t.JMeterThread: Stopping because end time detected by thread: Grupo De Hilos 1-231
2020-03-24 14:30:03,635 INFO o.a.j.t.JMeterThread: Thread finished: Grupo De Hilos 1-231
2020-03-24 14:30:03,635 INFO o.a.j.t.JMeterThread: Stopping because end time detected by thread: Grupo De Hilos 1-171
2020-03-24 14:30:03,635 INFO o.a.j.t.JMeterThread: Thread finished: Grupo De Hilos 1-171
2020-03-24 14:30:03,637 INFO o.a.j.t.JMeterThread: Stopping because end time detected by thread: Grupo De Hilos 1-150
2020-03-24 14:30:03,638 INFO o.a.j.t.JMeterThread: Thread finished: Grupo De Hilos 1-150
2020-03-24 14:30:03,639 INFO o.a.j.t.JMeterThread: Stopping because end time detected by thread: Grupo De Hilos 1-185
2020-03-24 14:30:03,639 INFO o.a.j.t.JMeterThread: Thread finished: Grupo De Hilos 1-185
2020-03-24 14:30:03,640 INFO o.a.j.t.JMeterThread: Stopping because end time detected by thread: Grupo De Hilos 1-182
2020-03-24 14:30:03,641 INFO o.a.j.t.JMeterThread: Thread finished: Grupo De Hilos 1-182
2020-03-24 14:30:03,642 INFO o.a.j.t.JMeterThread: Stopping because end time detected by thread: Grupo De Hilos 1-181
2020-03-24 14:30:03,643 INFO o.a.j.t.JMeterThread: Thread finished: Grupo De Hilos 1-181
2020-03-24 14:30:03,643 INFO o.a.j.t.JMeterThread: Stopping because end time detected by thread: Grupo De Hilos 1-125
2020-03-24 14:30:03,643 INFO o.a.j.t.JMeterThread: Thread finished: Grupo De Hilos 1-125
2020-03-24 14:30:03,644 INFO o.a.j.t.JMeterThread: Stopping because end time detected by thread: Grupo De Hilos 1-153
2020-03-24 14:30:03,644 INFO o.a.j.t.JMeterThread: Thread finished: Grupo De Hilos 1-153
2020-03-24 14:30:03,645 INFO o.a.j.t.JMeterThread: Stopping because end time detected by thread: Grupo De Hilos 1-155
2020-03-24 14:30:03,645 INFO o.a.j.t.JMeterThread: Thread finished: Grupo De Hilos 1-155
2020-03-24 14:30:03,645 INFO o.a.j.t.JMeterThread: Stopping because end time detected by thread: Grupo De Hilos 1-140
2020-03-24 14:30:03,646 INFO o.a.j.t.JMeterThread: Stopping because end time detected by thread: Grupo De Hilos 1-248
2020-03-24 14:30:03,646 INFO o.a.j.t.JMeterThread: Thread finished: Grupo De Hilos 1-248
2020-03-24 14:30:03,646 INFO o.a.j.t.JMeterThread: Stopping because end time detected by thread: Grupo De Hilos 1-183
2020-03-24 14:30:03,646 INFO o.a.j.t.JMeterThread: Stopping because end time detected by thread: Grupo De Hilos 1-223
2020-03-24 14:30:03,646 INFO o.a.j.t.JMeterThread: Thread finished: Grupo De Hilos 1-223
2020-03-24 14:30:03,646 INFO o.a.j.t.JMeterThread: Stopping because end time detected by thread: Grupo De Hilos 1-180
2020-03-24 14:30:03,646 INFO o.a.j.t.JMeterThread: Thread finished: Grupo De Hilos 1-180
2020-03-24 14:30:03,650 INFO o.a.j.t.JMeterThread: Stopping because end time detected by thread: Grupo De Hilos 1-152
2020-03-24 14:30:03,650 INFO o.a.j.t.JMeterThread: Thread finished: Grupo De Hilos 1-152
2020-03-24 14:30:03,651 INFO o.a.j.t.JMeterThread: Stopping because end time detected by thread: Grupo De Hilos 1-173
2020-03-24 14:30:03,651 INFO o.a.j.t.JMeterThread: Thread finished: Grupo De Hilos 1-173
2020-03-24 14:30:03,623 INFO o.a.j.t.JMeterThread: Thread finished: Grupo De Hilos 1-228
2020-03-24 14:30:03,654 INFO o.a.j.t.JMeterThread: Thread finished: Grupo De Hilos 1-187
2020-03-24 14:30:03,654 INFO o.a.j.t.JMeterThread: Stopping because end time detected by thread: Grupo De Hilos 1-208
2020-03-24 14:30:03,634 INFO o.a.j.t.JMeterThread: Stopping because end time detected by thread: Grupo De Hilos 1-242
2020-03-24 14:30:03,654 INFO o.a.j.t.JMeterThread: Thread finished: Grupo De Hilos 1-148
2020-03-24 14:30:03,654 INFO o.a.j.t.JMeterThread: Thread finished: Grupo De Hilos 1-242
2020-03-24 14:30:03,623 INFO o.a.j.t.JMeterThread: Stopping because end time detected by thread: Grupo De Hilos 1-190
2020-03-24 14:30:03,654 INFO o.a.j.t.JMeterThread: Stopping because end time detected by thread: Grupo De Hilos 1-249
2020-03-24 14:30:03,654 INFO o.a.j.t.JMeterThread: Thread finished: Grupo De Hilos 1-190
2020-03-24 14:30:03,654 INFO o.a.j.t.JMeterThread: Thread finished: Grupo De Hilos 1-249
2020-03-24 14:30:03,623 INFO o.a.j.t.JMeterThread: Stopping because end time detected by thread: Grupo De Hilos 1-184
2020-03-24 14:30:03,622 INFO o.a.j.t.JMeterThread: Stopping because end time detected by thread: Grupo De Hilos 1-188
2020-03-24 14:30:03,655 INFO o.a.j.t.JMeterThread: Thread finished: Grupo De Hilos 1-184
2020-03-24 14:30:03,655 INFO o.a.j.t.JMeterThread: Thread finished: Grupo De Hilos 1-188
2020-03-24 14:30:03,655 INFO o.a.j.t.JMeterThread: Thread finished: Grupo De Hilos 1-224
2020-03-24 14:30:03,655 INFO o.a.j.t.JMeterThread: Stopping because end time detected by thread: Grupo De Hilos 1-227
2020-03-24 14:30:03,655 INFO o.a.j.t.JMeterThread: Thread finished: Grupo De Hilos 1-227
2020-03-24 14:30:03,658 INFO o.a.j.t.JMeterThread: Stopping because end time detected by thread: Grupo De Hilos 1-214
2020-03-24 14:30:03,658 INFO o.a.j.t.JMeterThread: Thread finished: Grupo De Hilos 1-214
2020-03-24 14:30:03,659 INFO o.a.j.t.JMeterThread: Stopping because end time detected by thread: Grupo De Hilos 1-221
2020-03-24 14:30:03,659 INFO o.a.j.t.JMeterThread: Thread finished: Grupo De Hilos 1-221
2020-03-24 14:30:03,659 INFO o.a.j.t.JMeterThread: Stopping because end time detected by thread: Grupo De Hilos 1-246
2020-03-24 14:30:03,659 INFO o.a.j.t.JMeterThread: Stopping because end time detected by thread: Grupo De Hilos 1-254
2020-03-24 14:30:03,659 INFO o.a.j.t.JMeterThread: Thread finished: Grupo De Hilos 1-254
2020-03-24 14:30:03,659 INFO o.a.j.t.JMeterThread: Stopping because end time detected by thread: Grupo De Hilos 1-233
2020-03-24 14:30:03,659 INFO o.a.j.t.JMeterThread: Thread finished: Grupo De Hilos 1-233
2020-03-24 14:30:03,660 INFO o.a.j.t.JMeterThread: Stopping because end time detected by thread: Grupo De Hilos 1-256
2020-03-24 14:30:03,646 INFO o.a.j.t.JMeterThread: Thread finished: Grupo De Hilos 1-183
2020-03-24 14:30:03,660 INFO o.a.j.t.JMeterThread: Thread finished: Grupo De Hilos 1-256
2020-03-24 14:30:03,660 INFO o.a.j.t.JMeterThread: Thread finished: Grupo De Hilos 1-208
2020-03-24 14:30:03,660 INFO o.a.j.t.JMeterThread: Stopping because end time detected by thread: Grupo De Hilos 1-247
2020-03-24 14:30:03,660 INFO o.a.j.t.JMeterThread: Thread finished: Grupo De Hilos 1-247
2020-03-24 14:30:03,646 INFO o.a.j.t.JMeterThread: Thread finished: Grupo De Hilos 1-140
2020-03-24 14:30:03,659 INFO o.a.j.t.JMeterThread: Thread finished: Grupo De Hilos 1-246
2020-03-24 14:30:03,661 INFO o.a.j.t.JMeterThread: Stopping because end time detected by thread: Grupo De Hilos 1-259
2020-03-24 14:30:03,661 INFO o.a.j.t.JMeterThread: Thread finished: Grupo De Hilos 1-259
2020-03-24 14:30:03,661 INFO o.a.j.t.JMeterThread: Stopping because end time detected by thread: Grupo De Hilos 1-250
2020-03-24 14:30:03,661 INFO o.a.j.t.JMeterThread: Thread finished: Grupo De Hilos 1-250
2020-03-24 14:30:03,661 INFO o.a.j.t.JMeterThread: Stopping because end time detected by thread: Grupo De Hilos 1-255
2020-03-24 14:30:03,662 INFO o.a.j.t.JMeterThread: Thread finished: Grupo De Hilos 1-255
2020-03-24 14:30:03,666 INFO o.a.j.t.JMeterThread: Stopping because end time detected by thread: Grupo De Hilos 1-258
2020-03-24 14:30:03,666 INFO o.a.j.t.JMeterThread: Stopping because end time detected by thread: Grupo De Hilos 1-253
2020-03-24 14:30:03,666 INFO o.a.j.t.JMeterThread: Stopping because end time detected by thread: Grupo De Hilos 1-222
2020-03-24 14:30:03,666 INFO o.a.j.t.JMeterThread: Thread finished: Grupo De Hilos 1-258
2020-03-24 14:30:03,666 INFO o.a.j.t.JMeterThread: Thread finished: Grupo De Hilos 1-253
2020-03-24 14:30:03,666 INFO o.a.j.t.JMeterThread: Thread finished: Grupo De Hilos 1-222
2020-03-24 14:30:03,667 INFO o.a.j.t.JMeterThread: Stopping because end time detected by thread: Grupo De Hilos 1-239
2020-03-24 14:30:03,667 INFO o.a.j.t.JMeterThread: Stopping because end time detected by thread: Grupo De Hilos 1-245
2020-03-24 14:30:03,667 INFO o.a.j.t.JMeterThread: Stopping because end time detected by thread: Grupo De Hilos 1-225
2020-03-24 14:30:03,667 INFO o.a.j.t.JMeterThread: Thread finished: Grupo De Hilos 1-239
2020-03-24 14:30:03,667 INFO o.a.j.t.JMeterThread: Stopping because end time detected by thread: Grupo De Hilos 1-251
2020-03-24 14:30:03,667 INFO o.a.j.t.JMeterThread: Thread finished: Grupo De Hilos 1-245
2020-03-24 14:30:03,667 INFO o.a.j.t.JMeterThread: Thread finished: Grupo De Hilos 1-225
2020-03-24 14:30:03,667 INFO o.a.j.t.JMeterThread: Thread finished: Grupo De Hilos 1-251
2020-03-24 14:30:03,668 INFO o.a.j.t.JMeterThread: Stopping because end time detected by thread: Grupo De Hilos 1-194
2020-03-24 14:30:03,668 INFO o.a.j.t.JMeterThread: Stopping because end time detected by thread: Grupo De Hilos 1-263
2020-03-24 14:30:03,668 INFO o.a.j.t.JMeterThread: Thread finished: Grupo De Hilos 1-194
2020-03-24 14:30:03,668 INFO o.a.j.t.JMeterThread: Stopping because end time detected by thread: Grupo De Hilos 1-265
2020-03-24 14:30:03,668 INFO o.a.j.t.JMeterThread: Thread finished: Grupo De Hilos 1-265
2020-03-24 14:30:03,668 INFO o.a.j.t.JMeterThread: Thread finished: Grupo De Hilos 1-263
2020-03-24 14:30:03,668 INFO o.a.j.t.JMeterThread: Stopping because end time detected by thread: Grupo De Hilos 1-268
2020-03-24 14:30:03,668 INFO o.a.j.t.JMeterThread: Stopping because end time detected by thread: Grupo De Hilos 1-240
2020-03-24 14:30:03,668 INFO o.a.j.t.JMeterThread: Stopping because end time detected by thread: Grupo De Hilos 1-266
2020-03-24 14:30:03,668 INFO o.a.j.t.JMeterThread: Stopping because end time detected by thread: Grupo De Hilos 1-260
2020-03-24 14:30:03,668 INFO o.a.j.t.JMeterThread: Thread finished: Grupo De Hilos 1-268
2020-03-24 14:30:03,669 INFO o.a.j.t.JMeterThread: Thread finished: Grupo De Hilos 1-240
2020-03-24 14:30:03,669 INFO o.a.j.t.JMeterThread: Thread finished: Grupo De Hilos 1-266
2020-03-24 14:30:03,669 INFO o.a.j.t.JMeterThread: Thread finished: Grupo De Hilos 1-260
2020-03-24 14:30:03,669 INFO o.a.j.t.JMeterThread: Stopping because end time detected by thread: Grupo De Hilos 1-252
2020-03-24 14:30:03,669 INFO o.a.j.t.JMeterThread: Thread finished: Grupo De Hilos 1-252
2020-03-24 14:30:03,670 INFO o.a.j.t.JMeterThread: Stopping because end time detected by thread: Grupo De Hilos 1-269
2020-03-24 14:30:03,670 INFO o.a.j.t.JMeterThread: Stopping because end time detected by thread: Grupo De Hilos 1-262
2020-03-24 14:30:03,670 INFO o.a.j.t.JMeterThread: Stopping because end time detected by thread: Grupo De Hilos 1-257
2020-03-24 14:30:03,670 INFO o.a.j.t.JMeterThread: Thread finished: Grupo De Hilos 1-269
2020-03-24 14:30:03,670 INFO o.a.j.t.JMeterThread: Thread finished: Grupo De Hilos 1-262
2020-03-24 14:30:03,670 INFO o.a.j.t.JMeterThread: Stopping because end time detected by thread: Grupo De Hilos 1-270
2020-03-24 14:30:03,670 INFO o.a.j.t.JMeterThread: Thread finished: Grupo De Hilos 1-270
2020-03-24 14:30:03,670 INFO o.a.j.t.JMeterThread: Stopping because end time detected by thread: Grupo De Hilos 1-264
2020-03-24 14:30:03,671 INFO o.a.j.t.JMeterThread: Thread finished: Grupo De Hilos 1-264
2020-03-24 14:30:03,671 INFO o.a.j.t.JMeterThread: Thread finished: Grupo De Hilos 1-257
2020-03-24 14:30:03,672 INFO o.a.j.t.JMeterThread: Stopping because end time detected by thread: Grupo De Hilos 1-267
2020-03-24 14:30:03,672 INFO o.a.j.t.JMeterThread: Stopping because end time detected by thread: Grupo De Hilos 1-213
2020-03-24 14:30:03,672 INFO o.a.j.t.JMeterThread: Thread finished: Grupo De Hilos 1-267
2020-03-24 14:30:03,672 INFO o.a.j.t.JMeterThread: Thread finished: Grupo De Hilos 1-213
2020-03-24 14:30:03,674 INFO o.a.j.t.JMeterThread: Stopping because end time detected by thread: Grupo De Hilos 1-272
2020-03-24 14:30:03,674 INFO o.a.j.t.JMeterThread: Thread finished: Grupo De Hilos 1-272
2020-03-24 14:30:03,674 INFO o.a.j.t.JMeterThread: Stopping because end time detected by thread: Grupo De Hilos 1-276
2020-03-24 14:30:03,674 INFO o.a.j.t.JMeterThread: Stopping because end time detected by thread: Grupo De Hilos 1-261
2020-03-24 14:30:03,674 INFO o.a.j.t.JMeterThread: Stopping because end time detected by thread: Grupo De Hilos 1-275
2020-03-24 14:30:03,675 INFO o.a.j.t.JMeterThread: Thread finished: Grupo De Hilos 1-261
2020-03-24 14:30:03,675 INFO o.a.j.t.JMeterThread: Thread finished: Grupo De Hilos 1-276
2020-03-24 14:30:03,675 INFO o.a.j.t.JMeterThread: Thread finished: Grupo De Hilos 1-275
2020-03-24 14:30:03,675 INFO o.a.j.t.JMeterThread: Stopping because end time detected by thread: Grupo De Hilos 1-278
2020-03-24 14:30:03,676 INFO o.a.j.t.JMeterThread: Stopping because end time detected by thread: Grupo De Hilos 1-274
2020-03-24 14:30:03,676 INFO o.a.j.t.JMeterThread: Thread finished: Grupo De Hilos 1-278
2020-03-24 14:30:03,676 INFO o.a.j.t.JMeterThread: Thread finished: Grupo De Hilos 1-274
2020-03-24 14:30:03,676 INFO o.a.j.t.JMeterThread: Stopping because end time detected by thread: Grupo De Hilos 1-277
2020-03-24 14:30:03,676 INFO o.a.j.t.JMeterThread: Thread finished: Grupo De Hilos 1-277
2020-03-24 14:30:03,677 INFO o.a.j.t.JMeterThread: Stopping because end time detected by thread: Grupo De Hilos 1-271
2020-03-24 14:30:03,677 INFO o.a.j.t.JMeterThread: Stopping because end time detected by thread: Grupo De Hilos 1-273
2020-03-24 14:30:03,677 INFO o.a.j.t.JMeterThread: Thread finished: Grupo De Hilos 1-271
2020-03-24 14:30:03,677 INFO o.a.j.t.JMeterThread: Stopping because end time detected by thread: Grupo De Hilos 1-279
2020-03-24 14:30:03,678 INFO o.a.j.t.JMeterThread: Thread finished: Grupo De Hilos 1-279
2020-03-24 14:30:03,679 INFO o.a.j.t.JMeterThread: Thread finished: Grupo De Hilos 1-273
2020-03-24 14:30:15,096 INFO o.a.j.t.JMeterThread: Stopping because end time detected by thread: Grupo De Hilos 1-280
2020-03-24 14:30:15,096 INFO o.a.j.t.JMeterThread: Thread finished: Grupo De Hilos 1-280
2020-03-24 14:30:17,144 INFO o.a.j.t.JMeterThread: Stopping because end time detected by thread: Grupo De Hilos 1-285
2020-03-24 14:30:17,145 INFO o.a.j.t.JMeterThread: Stopping because end time detected by thread: Grupo De Hilos 1-281
2020-03-24 14:30:17,145 INFO o.a.j.t.JMeterThread: Thread finished: Grupo De Hilos 1-285
2020-03-24 14:30:17,145 INFO o.a.j.t.JMeterThread: Thread finished: Grupo De Hilos 1-281
2020-03-24 14:30:17,144 INFO o.a.j.t.JMeterThread: Stopping because end time detected by thread: Grupo De Hilos 1-284
2020-03-24 14:30:17,145 INFO o.a.j.t.JMeterThread: Thread finished: Grupo De Hilos 1-284
2020-03-24 14:30:17,145 INFO o.a.j.t.JMeterThread: Stopping because end time detected by thread: Grupo De Hilos 1-282
2020-03-24 14:30:17,144 INFO o.a.j.t.JMeterThread: Stopping because end time detected by thread: Grupo De Hilos 1-283
2020-03-24 14:30:17,146 INFO o.a.j.t.JMeterThread: Thread finished: Grupo De Hilos 1-282
2020-03-24 14:30:17,146 INFO o.a.j.t.JMeterThread: Thread finished: Grupo De Hilos 1-283
2020-03-24 14:30:19,192 INFO o.a.j.t.JMeterThread: Stopping because end time detected by thread: Grupo De Hilos 1-290
2020-03-24 14:30:19,192 INFO o.a.j.t.JMeterThread: Stopping because end time detected by thread: Grupo De Hilos 1-288
2020-03-24 14:30:19,192 INFO o.a.j.t.JMeterThread: Stopping because end time detected by thread: Grupo De Hilos 1-289
2020-03-24 14:30:19,192 INFO o.a.j.t.JMeterThread: Thread finished: Grupo De Hilos 1-290
2020-03-24 14:30:19,192 INFO o.a.j.t.JMeterThread: Thread finished: Grupo De Hilos 1-288
2020-03-24 14:30:19,192 INFO o.a.j.t.JMeterThread: Stopping because end time detected by thread: Grupo De Hilos 1-287
2020-03-24 14:30:19,192 INFO o.a.j.t.JMeterThread: Stopping because end time detected by thread: Grupo De Hilos 1-286
2020-03-24 14:30:19,193 INFO o.a.j.t.JMeterThread: Thread finished: Grupo De Hilos 1-287
2020-03-24 14:30:19,193 INFO o.a.j.t.JMeterThread: Thread finished: Grupo De Hilos 1-286
2020-03-24 14:30:19,192 INFO o.a.j.t.JMeterThread: Thread finished: Grupo De Hilos 1-289
2020-03-24 14:30:21,240 INFO o.a.j.t.JMeterThread: Stopping because end time detected by thread: Grupo De Hilos 1-295
2020-03-24 14:30:21,240 INFO o.a.j.t.JMeterThread: Stopping because end time detected by thread: Grupo De Hilos 1-293
2020-03-24 14:30:21,240 INFO o.a.j.t.JMeterThread: Thread finished: Grupo De Hilos 1-295
2020-03-24 14:30:21,240 INFO o.a.j.t.JMeterThread: Thread finished: Grupo De Hilos 1-293
2020-03-24 14:30:21,241 INFO o.a.j.t.JMeterThread: Stopping because end time detected by thread: Grupo De Hilos 1-291
2020-03-24 14:30:21,241 INFO o.a.j.t.JMeterThread: Thread finished: Grupo De Hilos 1-291
2020-03-24 14:30:21,242 INFO o.a.j.t.JMeterThread: Stopping because end time detected by thread: Grupo De Hilos 1-294
2020-03-24 14:30:21,242 INFO o.a.j.t.JMeterThread: Stopping because end time detected by thread: Grupo De Hilos 1-292
2020-03-24 14:30:21,242 INFO o.a.j.t.JMeterThread: Thread finished: Grupo De Hilos 1-294
2020-03-24 14:30:21,242 INFO o.a.j.t.JMeterThread: Thread finished: Grupo De Hilos 1-292
2020-03-24 14:30:23,287 INFO o.a.j.t.JMeterThread: Stopping because end time detected by thread: Grupo De Hilos 1-297
2020-03-24 14:30:23,287 INFO o.a.j.t.JMeterThread: Stopping because end time detected by thread: Grupo De Hilos 1-299
2020-03-24 14:30:23,288 INFO o.a.j.t.JMeterThread: Thread finished: Grupo De Hilos 1-297
2020-03-24 14:30:23,288 INFO o.a.j.t.JMeterThread: Thread finished: Grupo De Hilos 1-299
2020-03-24 14:30:23,290 INFO o.a.j.t.JMeterThread: Stopping because end time detected by thread: Grupo De Hilos 1-296
2020-03-24 14:30:23,290 INFO o.a.j.t.JMeterThread: Thread finished: Grupo De Hilos 1-296
2020-03-24 14:30:23,294 INFO o.a.j.t.JMeterThread: Stopping because end time detected by thread: Grupo De Hilos 1-300
2020-03-24 14:30:23,294 INFO o.a.j.t.JMeterThread: Thread finished: Grupo De Hilos 1-300
2020-03-24 14:30:23,294 INFO o.a.j.t.JMeterThread: Stopping because end time detected by thread: Grupo De Hilos 1-298
2020-03-24 14:30:23,294 INFO o.a.j.t.JMeterThread: Thread finished: Grupo De Hilos 1-298
2020-03-24 14:30:23,295 INFO o.a.j.e.StandardJMeterEngine: Notifying test listeners of end of test
2020-03-24 14:30:23,297 INFO o.a.j.r.Summariser: summary +    149 in 00:00:20 =    7.4/s Avg: 254283 Min: 130549 Max: 299697 Err:    21 (14.09%) Active: 0 Started: 300 Finished: 300
2020-03-24 14:30:23,298 INFO o.a.j.r.Summariser: summary =    321 in 00:06:20 =    0.8/s Avg: 127508 Min:    35 Max: 300091 Err:    42 (13.08%)
