2020-05-08 22:03:58,720 INFO o.a.j.u.JMeterUtils: Setting Locale to en_US
2020-05-08 22:03:58,750 INFO o.a.j.JMeter: Loading user properties from: /home/pablo/jmeter/bin/user.properties
2020-05-08 22:03:58,751 INFO o.a.j.JMeter: Loading system properties from: /home/pablo/jmeter/bin/system.properties
2020-05-08 22:03:58,752 INFO o.a.j.JMeter: Setting System property: HILOS=80
2020-05-08 22:03:58,752 INFO o.a.j.JMeter: Setting System property: SUBIDA=20
2020-05-08 22:03:58,752 INFO o.a.j.JMeter: Setting System property: DURACION=620
2020-05-08 22:03:58,753 INFO o.a.j.JMeter: Setting System property: FILE=scriptresultsPerfmon80.jtl
2020-05-08 22:03:58,755 INFO o.a.j.JMeter: Copyright (c) 1998-2019 The Apache Software Foundation
2020-05-08 22:03:58,756 INFO o.a.j.JMeter: Version 5.2.1
2020-05-08 22:03:58,756 INFO o.a.j.JMeter: java.version=1.8.0_201
2020-05-08 22:03:58,756 INFO o.a.j.JMeter: java.vm.name=Java HotSpot(TM) 64-Bit Server VM
2020-05-08 22:03:58,756 INFO o.a.j.JMeter: os.name=Linux
2020-05-08 22:03:58,757 INFO o.a.j.JMeter: os.arch=amd64
2020-05-08 22:03:58,757 INFO o.a.j.JMeter: os.version=4.15.0-99-generic
2020-05-08 22:03:58,757 INFO o.a.j.JMeter: file.encoding=UTF-8
2020-05-08 22:03:58,757 INFO o.a.j.JMeter: java.awt.headless=true
2020-05-08 22:03:58,758 INFO o.a.j.JMeter: Max memory     =732954624
2020-05-08 22:03:58,758 INFO o.a.j.JMeter: Available Processors =4
2020-05-08 22:03:58,765 INFO o.a.j.JMeter: Default Locale=English (United States)
2020-05-08 22:03:58,766 INFO o.a.j.JMeter: JMeter  Locale=English (United States)
2020-05-08 22:03:58,766 INFO o.a.j.JMeter: JMeterHome=/home/pablo/jmeter
2020-05-08 22:03:58,767 INFO o.a.j.JMeter: user.dir  =/home/pablo/jmeter/bin/EJECUCIONES/P3_V3
2020-05-08 22:03:58,767 INFO o.a.j.JMeter: PWD       =/home/pablo/jmeter/bin/EJECUCIONES/P3_V3
2020-05-08 22:03:58,768 INFO o.a.j.JMeter: IP: 127.0.1.1 Name: hylianpablo FullName: hylianpablo
2020-05-08 22:03:58,776 INFO o.a.j.s.FileServer: Default base='/home/pablo/jmeter/bin/EJECUCIONES/P3_V3'
2020-05-08 22:03:58,786 INFO o.a.j.s.FileServer: Set new base='/home/pablo/jmeter/bin/EJECUCIONES/P3_V3/..'
2020-05-08 22:03:59,066 INFO o.a.j.s.SaveService: Testplan (JMX) version: 2.2. Testlog (JTL) version: 2.2
2020-05-08 22:03:59,084 INFO o.a.j.s.SaveService: Using SaveService properties file encoding UTF-8
2020-05-08 22:03:59,100 INFO o.a.j.s.SaveService: Using SaveService properties version 5.0
2020-05-08 22:03:59,121 INFO o.a.j.s.SaveService: Loading file: ../RecordP3_V2.jmx
2020-05-08 22:03:59,196 INFO o.a.j.p.h.c.CookieManager: Settings: Delete null: true Check: true Allow variable: true Save: false Prefix: COOKIE_
2020-05-08 22:03:59,243 INFO o.a.j.p.h.s.HTTPSamplerBase: Parser for text/html is org.apache.jmeter.protocol.http.parser.LagartoBasedHtmlParser
2020-05-08 22:03:59,244 INFO o.a.j.p.h.s.HTTPSamplerBase: Parser for application/xhtml+xml is org.apache.jmeter.protocol.http.parser.LagartoBasedHtmlParser
2020-05-08 22:03:59,244 INFO o.a.j.p.h.s.HTTPSamplerBase: Parser for application/xml is org.apache.jmeter.protocol.http.parser.LagartoBasedHtmlParser
2020-05-08 22:03:59,244 INFO o.a.j.p.h.s.HTTPSamplerBase: Parser for text/xml is org.apache.jmeter.protocol.http.parser.LagartoBasedHtmlParser
2020-05-08 22:03:59,245 INFO o.a.j.p.h.s.HTTPSamplerBase: Parser for text/vnd.wap.wml is org.apache.jmeter.protocol.http.parser.RegexpHTMLParser
2020-05-08 22:03:59,245 INFO o.a.j.p.h.s.HTTPSamplerBase: Parser for text/css is org.apache.jmeter.protocol.http.parser.CssParser
2020-05-08 22:03:59,363 INFO o.a.j.JMeter: Creating summariser <summary>
2020-05-08 22:03:59,379 INFO o.a.j.e.StandardJMeterEngine: Running the test!
2020-05-08 22:03:59,381 INFO o.a.j.s.SampleEvent: List of sample_variables: []
2020-05-08 22:03:59,381 INFO o.a.j.s.SampleEvent: List of sample_variables: []
2020-05-08 22:03:59,393 INFO o.a.j.e.u.CompoundVariable: Note: Function class names must contain the string: '.functions.'
2020-05-08 22:03:59,393 INFO o.a.j.e.u.CompoundVariable: Note: Function class names must not contain the string: '.gui.'
2020-05-08 22:04:00,268 INFO o.a.j.JMeter: Running test (1588968240268)
2020-05-08 22:04:00,383 INFO o.a.j.e.StandardJMeterEngine: Starting ThreadGroup: 1 : Thread Group
2020-05-08 22:04:00,383 INFO o.a.j.e.StandardJMeterEngine: Starting 80 threads for group Thread Group.
2020-05-08 22:04:00,383 INFO o.a.j.e.StandardJMeterEngine: Thread will continue on error
2020-05-08 22:04:00,384 INFO o.a.j.t.ThreadGroup: Starting thread group... number=1 threads=80 ramp-up=20 delayedStart=false
2020-05-08 22:04:00,437 INFO o.a.j.t.JMeterThread: Thread started: Thread Group 1-1
2020-05-08 22:04:00,499 INFO o.a.j.p.h.s.HTTPHCAbstractImpl: Local host = hylianpablo
2020-05-08 22:04:00,516 INFO o.a.j.p.h.s.HTTPHC4Impl: HTTP request retry count = 0
2020-05-08 22:04:00,521 INFO o.a.j.s.SampleResult: Note: Sample TimeStamps are START times
2020-05-08 22:04:00,521 INFO o.a.j.s.SampleResult: sampleresult.default.encoding is set to ISO-8859-1
2020-05-08 22:04:00,522 INFO o.a.j.s.SampleResult: sampleresult.useNanoTime=true
2020-05-08 22:04:00,522 INFO o.a.j.s.SampleResult: sampleresult.nanoThreadSleep=5000
2020-05-08 22:04:00,615 INFO o.a.j.t.ThreadGroup: Started thread group number 1
2020-05-08 22:04:00,615 INFO o.a.j.e.StandardJMeterEngine: All thread groups have been started
2020-05-08 22:04:00,679 INFO o.a.j.t.JMeterThread: Thread started: Thread Group 1-2
2020-05-08 22:04:00,801 INFO o.a.j.r.Summariser: summary +      1 in 00:00:01 =    1.9/s Avg:   108 Min:   108 Max:   108 Err:     0 (0.00%) Active: 2 Started: 2 Finished: 0
2020-05-08 22:04:00,894 INFO o.a.j.t.JMeterThread: Thread started: Thread Group 1-3
2020-05-08 22:04:01,142 INFO o.a.j.t.JMeterThread: Thread started: Thread Group 1-4
2020-05-08 22:04:01,389 INFO o.a.j.t.JMeterThread: Thread started: Thread Group 1-5
2020-05-08 22:04:01,641 INFO o.a.j.t.JMeterThread: Thread started: Thread Group 1-6
2020-05-08 22:04:01,889 INFO o.a.j.t.JMeterThread: Thread started: Thread Group 1-7
2020-05-08 22:04:02,138 INFO o.a.j.t.JMeterThread: Thread started: Thread Group 1-8
2020-05-08 22:04:02,387 INFO o.a.j.t.JMeterThread: Thread started: Thread Group 1-9
2020-05-08 22:04:02,651 INFO o.a.j.t.JMeterThread: Thread started: Thread Group 1-10
2020-05-08 22:04:02,897 INFO o.a.j.t.JMeterThread: Thread started: Thread Group 1-11
2020-05-08 22:04:03,139 INFO o.a.j.t.JMeterThread: Thread started: Thread Group 1-12
2020-05-08 22:04:03,393 INFO o.a.j.t.JMeterThread: Thread started: Thread Group 1-13
2020-05-08 22:04:03,645 INFO o.a.j.t.JMeterThread: Thread started: Thread Group 1-14
2020-05-08 22:04:03,890 INFO o.a.j.t.JMeterThread: Thread started: Thread Group 1-15
2020-05-08 22:04:04,148 INFO o.a.j.t.JMeterThread: Thread started: Thread Group 1-16
2020-05-08 22:04:04,388 INFO o.a.j.t.JMeterThread: Thread started: Thread Group 1-17
2020-05-08 22:04:04,640 INFO o.a.j.t.JMeterThread: Thread started: Thread Group 1-18
2020-05-08 22:04:04,889 INFO o.a.j.t.JMeterThread: Thread started: Thread Group 1-19
2020-05-08 22:04:05,147 INFO o.a.j.t.JMeterThread: Thread started: Thread Group 1-20
2020-05-08 22:04:05,395 INFO o.a.j.t.JMeterThread: Thread started: Thread Group 1-21
2020-05-08 22:04:05,641 INFO o.a.j.t.JMeterThread: Thread started: Thread Group 1-22
2020-05-08 22:04:05,891 INFO o.a.j.t.JMeterThread: Thread started: Thread Group 1-23
2020-05-08 22:04:06,144 INFO o.a.j.t.JMeterThread: Thread started: Thread Group 1-24
2020-05-08 22:04:06,404 INFO o.a.j.t.JMeterThread: Thread started: Thread Group 1-25
2020-05-08 22:04:06,643 INFO o.a.j.t.JMeterThread: Thread started: Thread Group 1-26
2020-05-08 22:04:06,888 INFO o.a.j.t.JMeterThread: Thread started: Thread Group 1-27
2020-05-08 22:04:07,135 INFO o.a.j.t.JMeterThread: Thread started: Thread Group 1-28
2020-05-08 22:04:07,387 INFO o.a.j.t.JMeterThread: Thread started: Thread Group 1-29
2020-05-08 22:04:07,639 INFO o.a.j.t.JMeterThread: Thread started: Thread Group 1-30
2020-05-08 22:04:07,887 INFO o.a.j.t.JMeterThread: Thread started: Thread Group 1-31
2020-05-08 22:04:08,136 INFO o.a.j.t.JMeterThread: Thread started: Thread Group 1-32
2020-05-08 22:04:08,388 INFO o.a.j.t.JMeterThread: Thread started: Thread Group 1-33
2020-05-08 22:04:08,636 INFO o.a.j.t.JMeterThread: Thread started: Thread Group 1-34
2020-05-08 22:04:08,886 INFO o.a.j.t.JMeterThread: Thread started: Thread Group 1-35
2020-05-08 22:04:09,138 INFO o.a.j.t.JMeterThread: Thread started: Thread Group 1-36
2020-05-08 22:04:09,390 INFO o.a.j.t.JMeterThread: Thread started: Thread Group 1-37
2020-05-08 22:04:09,637 INFO o.a.j.t.JMeterThread: Thread started: Thread Group 1-38
2020-05-08 22:04:09,886 INFO o.a.j.t.JMeterThread: Thread started: Thread Group 1-39
2020-05-08 22:04:10,135 INFO o.a.j.t.JMeterThread: Thread started: Thread Group 1-40
2020-05-08 22:04:10,530 INFO o.a.j.t.JMeterThread: Thread started: Thread Group 1-41
2020-05-08 22:04:10,637 INFO o.a.j.t.JMeterThread: Thread started: Thread Group 1-42
2020-05-08 22:04:10,891 INFO o.a.j.t.JMeterThread: Thread started: Thread Group 1-43
2020-05-08 22:04:11,135 INFO o.a.j.t.JMeterThread: Thread started: Thread Group 1-44
2020-05-08 22:04:11,385 INFO o.a.j.t.JMeterThread: Thread started: Thread Group 1-45
2020-05-08 22:04:11,641 INFO o.a.j.t.JMeterThread: Thread started: Thread Group 1-46
2020-05-08 22:04:11,888 INFO o.a.j.t.JMeterThread: Thread started: Thread Group 1-47
2020-05-08 22:04:12,137 INFO o.a.j.t.JMeterThread: Thread started: Thread Group 1-48
2020-05-08 22:04:12,387 INFO o.a.j.t.JMeterThread: Thread started: Thread Group 1-49
2020-05-08 22:04:12,638 INFO o.a.j.t.JMeterThread: Thread started: Thread Group 1-50
2020-05-08 22:04:12,888 INFO o.a.j.t.JMeterThread: Thread started: Thread Group 1-51
2020-05-08 22:04:13,145 INFO o.a.j.t.JMeterThread: Thread started: Thread Group 1-52
2020-05-08 22:04:13,386 INFO o.a.j.t.JMeterThread: Thread started: Thread Group 1-53
2020-05-08 22:04:13,636 INFO o.a.j.t.JMeterThread: Thread started: Thread Group 1-54
2020-05-08 22:04:13,888 INFO o.a.j.t.JMeterThread: Thread started: Thread Group 1-55
2020-05-08 22:04:14,139 INFO o.a.j.t.JMeterThread: Thread started: Thread Group 1-56
2020-05-08 22:04:14,389 INFO o.a.j.t.JMeterThread: Thread started: Thread Group 1-57
2020-05-08 22:04:14,638 INFO o.a.j.t.JMeterThread: Thread started: Thread Group 1-58
2020-05-08 22:04:14,889 INFO o.a.j.t.JMeterThread: Thread started: Thread Group 1-59
2020-05-08 22:04:15,139 INFO o.a.j.t.JMeterThread: Thread started: Thread Group 1-60
2020-05-08 22:04:15,389 INFO o.a.j.t.JMeterThread: Thread started: Thread Group 1-61
2020-05-08 22:04:15,638 INFO o.a.j.t.JMeterThread: Thread started: Thread Group 1-62
2020-05-08 22:04:15,888 INFO o.a.j.t.JMeterThread: Thread started: Thread Group 1-63
2020-05-08 22:04:16,141 INFO o.a.j.t.JMeterThread: Thread started: Thread Group 1-64
2020-05-08 22:04:16,403 INFO o.a.j.t.JMeterThread: Thread started: Thread Group 1-65
2020-05-08 22:04:16,638 INFO o.a.j.t.JMeterThread: Thread started: Thread Group 1-66
2020-05-08 22:04:16,887 INFO o.a.j.t.JMeterThread: Thread started: Thread Group 1-67
2020-05-08 22:04:17,137 INFO o.a.j.t.JMeterThread: Thread started: Thread Group 1-68
2020-05-08 22:04:17,387 INFO o.a.j.t.JMeterThread: Thread started: Thread Group 1-69
2020-05-08 22:04:17,637 INFO o.a.j.t.JMeterThread: Thread started: Thread Group 1-70
2020-05-08 22:04:17,887 INFO o.a.j.t.JMeterThread: Thread started: Thread Group 1-71
2020-05-08 22:04:18,136 INFO o.a.j.t.JMeterThread: Thread started: Thread Group 1-72
2020-05-08 22:04:18,387 INFO o.a.j.t.JMeterThread: Thread started: Thread Group 1-73
2020-05-08 22:04:18,638 INFO o.a.j.t.JMeterThread: Thread started: Thread Group 1-74
2020-05-08 22:04:18,886 INFO o.a.j.t.JMeterThread: Thread started: Thread Group 1-75
2020-05-08 22:04:19,137 INFO o.a.j.t.JMeterThread: Thread started: Thread Group 1-76
2020-05-08 22:04:19,387 INFO o.a.j.t.JMeterThread: Thread started: Thread Group 1-77
2020-05-08 22:04:19,637 INFO o.a.j.t.JMeterThread: Thread started: Thread Group 1-78
2020-05-08 22:04:19,887 INFO o.a.j.t.JMeterThread: Thread started: Thread Group 1-79
2020-05-08 22:04:20,139 INFO o.a.j.t.JMeterThread: Thread started: Thread Group 1-80
2020-05-08 22:04:30,005 INFO o.a.j.r.Summariser: summary +    744 in 00:00:29 =   25.5/s Avg:  1379 Min:    34 Max: 15404 Err:     0 (0.00%) Active: 80 Started: 80 Finished: 0
2020-05-08 22:04:30,007 INFO o.a.j.r.Summariser: summary =    745 in 00:00:30 =   25.1/s Avg:  1378 Min:    34 Max: 15404 Err:     0 (0.00%)
2020-05-08 22:05:00,024 INFO o.a.j.r.Summariser: summary +    846 in 00:00:30 =   28.2/s Avg:  2803 Min:   143 Max: 26437 Err:     0 (0.00%) Active: 80 Started: 80 Finished: 0
2020-05-08 22:05:00,025 INFO o.a.j.r.Summariser: summary =   1591 in 00:01:00 =   26.6/s Avg:  2135 Min:    34 Max: 26437 Err:     0 (0.00%)
2020-05-08 22:05:30,009 INFO o.a.j.r.Summariser: summary +    886 in 00:00:30 =   29.5/s Avg:  2798 Min:   132 Max: 25653 Err:     0 (0.00%) Active: 80 Started: 80 Finished: 0
2020-05-08 22:05:30,010 INFO o.a.j.r.Summariser: summary =   2477 in 00:01:30 =   27.6/s Avg:  2373 Min:    34 Max: 26437 Err:     0 (0.00%)
2020-05-08 22:06:00,054 INFO o.a.j.r.Summariser: summary +    846 in 00:00:30 =   28.2/s Avg:  2792 Min:   127 Max: 23934 Err:     0 (0.00%) Active: 80 Started: 80 Finished: 0
2020-05-08 22:06:00,055 INFO o.a.j.r.Summariser: summary =   3323 in 00:02:00 =   27.7/s Avg:  2479 Min:    34 Max: 26437 Err:     0 (0.00%)
2020-05-08 22:06:30,043 INFO o.a.j.r.Summariser: summary +    871 in 00:00:30 =   29.0/s Avg:  2807 Min:   147 Max: 30040 Err:     0 (0.00%) Active: 80 Started: 80 Finished: 0
2020-05-08 22:06:30,044 INFO o.a.j.r.Summariser: summary =   4194 in 00:02:30 =   28.0/s Avg:  2547 Min:    34 Max: 30040 Err:     0 (0.00%)
2020-05-08 22:07:00,017 INFO o.a.j.r.Summariser: summary +    864 in 00:00:30 =   28.8/s Avg:  2765 Min:   123 Max: 24961 Err:     0 (0.00%) Active: 80 Started: 80 Finished: 0
2020-05-08 22:07:00,017 INFO o.a.j.r.Summariser: summary =   5058 in 00:03:00 =   28.1/s Avg:  2585 Min:    34 Max: 30040 Err:     0 (0.00%)
2020-05-08 22:07:30,062 INFO o.a.j.r.Summariser: summary +    831 in 00:00:30 =   27.7/s Avg:  2844 Min:   167 Max: 27572 Err:     0 (0.00%) Active: 80 Started: 80 Finished: 0
2020-05-08 22:07:30,062 INFO o.a.j.r.Summariser: summary =   5889 in 00:03:30 =   28.1/s Avg:  2621 Min:    34 Max: 30040 Err:     0 (0.00%)
2020-05-08 22:08:00,099 INFO o.a.j.r.Summariser: summary +    917 in 00:00:30 =   30.5/s Avg:  2754 Min:   183 Max: 27774 Err:     0 (0.00%) Active: 80 Started: 80 Finished: 0
2020-05-08 22:08:00,100 INFO o.a.j.r.Summariser: summary =   6806 in 00:04:00 =   28.4/s Avg:  2639 Min:    34 Max: 30040 Err:     0 (0.00%)
2020-05-08 22:08:30,009 INFO o.a.j.r.Summariser: summary +    813 in 00:00:30 =   27.2/s Avg:  2859 Min:   135 Max: 25199 Err:     0 (0.00%) Active: 80 Started: 80 Finished: 0
2020-05-08 22:08:30,010 INFO o.a.j.r.Summariser: summary =   7619 in 00:04:30 =   28.2/s Avg:  2663 Min:    34 Max: 30040 Err:     0 (0.00%)
2020-05-08 22:09:00,047 INFO o.a.j.r.Summariser: summary +    762 in 00:00:30 =   25.4/s Avg:  2978 Min:   158 Max: 26388 Err:     0 (0.00%) Active: 80 Started: 80 Finished: 0
2020-05-08 22:09:00,048 INFO o.a.j.r.Summariser: summary =   8381 in 00:05:00 =   28.0/s Avg:  2691 Min:    34 Max: 30040 Err:     0 (0.00%)
2020-05-08 22:09:30,002 INFO o.a.j.r.Summariser: summary +    756 in 00:00:30 =   25.2/s Avg:  3218 Min:   145 Max: 26822 Err:     0 (0.00%) Active: 80 Started: 80 Finished: 0
2020-05-08 22:09:30,003 INFO o.a.j.r.Summariser: summary =   9137 in 00:05:30 =   27.7/s Avg:  2735 Min:    34 Max: 30040 Err:     0 (0.00%)
2020-05-08 22:10:00,053 INFO o.a.j.r.Summariser: summary +    840 in 00:00:30 =   28.0/s Avg:  3009 Min:   138 Max: 28179 Err:     0 (0.00%) Active: 80 Started: 80 Finished: 0
2020-05-08 22:10:00,054 INFO o.a.j.r.Summariser: summary =   9977 in 00:06:00 =   27.7/s Avg:  2758 Min:    34 Max: 30040 Err:     0 (0.00%)
2020-05-08 22:10:30,003 INFO o.a.j.r.Summariser: summary +    794 in 00:00:30 =   26.5/s Avg:  2916 Min:   146 Max: 26151 Err:     0 (0.00%) Active: 80 Started: 80 Finished: 0
2020-05-08 22:10:30,003 INFO o.a.j.r.Summariser: summary =  10771 in 00:06:30 =   27.6/s Avg:  2770 Min:    34 Max: 30040 Err:     0 (0.00%)
2020-05-08 22:11:00,019 INFO o.a.j.r.Summariser: summary +    884 in 00:00:30 =   29.4/s Avg:  2713 Min:   162 Max: 25783 Err:     0 (0.00%) Active: 80 Started: 80 Finished: 0
2020-05-08 22:11:00,020 INFO o.a.j.r.Summariser: summary =  11655 in 00:07:00 =   27.8/s Avg:  2765 Min:    34 Max: 30040 Err:     0 (0.00%)
2020-05-08 22:11:30,056 INFO o.a.j.r.Summariser: summary +    798 in 00:00:30 =   26.6/s Avg:  3046 Min:   106 Max: 25774 Err:     0 (0.00%) Active: 80 Started: 80 Finished: 0
2020-05-08 22:11:30,057 INFO o.a.j.r.Summariser: summary =  12453 in 00:07:30 =   27.7/s Avg:  2783 Min:    34 Max: 30040 Err:     0 (0.00%)
2020-05-08 22:12:00,134 INFO o.a.j.r.Summariser: summary +    873 in 00:00:30 =   29.0/s Avg:  2693 Min:   142 Max: 32500 Err:     0 (0.00%) Active: 80 Started: 80 Finished: 0
2020-05-08 22:12:00,135 INFO o.a.j.r.Summariser: summary =  13326 in 00:08:00 =   27.8/s Avg:  2777 Min:    34 Max: 32500 Err:     0 (0.00%)
2020-05-08 22:12:30,073 INFO o.a.j.r.Summariser: summary +    839 in 00:00:30 =   28.0/s Avg:  2915 Min:   164 Max: 23299 Err:     0 (0.00%) Active: 80 Started: 80 Finished: 0
2020-05-08 22:12:30,074 INFO o.a.j.r.Summariser: summary =  14165 in 00:08:30 =   27.8/s Avg:  2785 Min:    34 Max: 32500 Err:     0 (0.00%)
2020-05-08 22:13:00,142 INFO o.a.j.r.Summariser: summary +    872 in 00:00:30 =   29.0/s Avg:  2760 Min:   145 Max: 28912 Err:     0 (0.00%) Active: 80 Started: 80 Finished: 0
2020-05-08 22:13:00,144 INFO o.a.j.r.Summariser: summary =  15037 in 00:09:00 =   27.9/s Avg:  2784 Min:    34 Max: 32500 Err:     0 (0.00%)
2020-05-08 22:13:30,017 INFO o.a.j.r.Summariser: summary +    815 in 00:00:30 =   27.3/s Avg:  2873 Min:   162 Max: 28516 Err:     0 (0.00%) Active: 80 Started: 80 Finished: 0
2020-05-08 22:13:30,018 INFO o.a.j.r.Summariser: summary =  15852 in 00:09:30 =   27.8/s Avg:  2789 Min:    34 Max: 32500 Err:     0 (0.00%)
2020-05-08 22:14:00,069 INFO o.a.j.r.Summariser: summary +    779 in 00:00:30 =   25.9/s Avg:  3067 Min:   191 Max: 27196 Err:     0 (0.00%) Active: 80 Started: 80 Finished: 0
2020-05-08 22:14:00,070 INFO o.a.j.r.Summariser: summary =  16631 in 00:10:00 =   27.7/s Avg:  2802 Min:    34 Max: 32500 Err:     0 (0.00%)
2020-05-08 22:14:20,502 INFO o.a.j.t.JMeterThread: Stopping because end time detected by thread: Thread Group 1-15
2020-05-08 22:14:20,503 INFO o.a.j.t.JMeterThread: Thread finished: Thread Group 1-15
2020-05-08 22:14:20,538 INFO o.a.j.t.JMeterThread: Stopping because end time detected by thread: Thread Group 1-9
2020-05-08 22:14:20,538 INFO o.a.j.t.JMeterThread: Thread finished: Thread Group 1-9
2020-05-08 22:14:20,540 INFO o.a.j.t.JMeterThread: Stopping because end time detected by thread: Thread Group 1-14
2020-05-08 22:14:20,541 INFO o.a.j.t.JMeterThread: Thread finished: Thread Group 1-14
2020-05-08 22:14:20,569 INFO o.a.j.t.JMeterThread: Stopping because end time detected by thread: Thread Group 1-55
2020-05-08 22:14:20,569 INFO o.a.j.t.JMeterThread: Thread finished: Thread Group 1-55
2020-05-08 22:14:20,773 INFO o.a.j.t.JMeterThread: Stopping because end time detected by thread: Thread Group 1-68
2020-05-08 22:14:20,774 INFO o.a.j.t.JMeterThread: Thread finished: Thread Group 1-68
2020-05-08 22:14:20,787 INFO o.a.j.t.JMeterThread: Stopping because end time detected by thread: Thread Group 1-43
2020-05-08 22:14:20,787 INFO o.a.j.t.JMeterThread: Thread finished: Thread Group 1-43
2020-05-08 22:14:20,865 INFO o.a.j.t.JMeterThread: Stopping because end time detected by thread: Thread Group 1-51
2020-05-08 22:14:20,865 INFO o.a.j.t.JMeterThread: Thread finished: Thread Group 1-51
2020-05-08 22:14:21,057 INFO o.a.j.t.JMeterThread: Stopping because end time detected by thread: Thread Group 1-44
2020-05-08 22:14:21,057 INFO o.a.j.t.JMeterThread: Thread finished: Thread Group 1-44
2020-05-08 22:14:21,108 INFO o.a.j.t.JMeterThread: Stopping because end time detected by thread: Thread Group 1-60
2020-05-08 22:14:21,108 INFO o.a.j.t.JMeterThread: Thread finished: Thread Group 1-60
2020-05-08 22:14:21,143 INFO o.a.j.t.JMeterThread: Stopping because end time detected by thread: Thread Group 1-30
2020-05-08 22:14:21,144 INFO o.a.j.t.JMeterThread: Thread finished: Thread Group 1-30
2020-05-08 22:14:21,171 INFO o.a.j.t.JMeterThread: Stopping because end time detected by thread: Thread Group 1-58
2020-05-08 22:14:21,172 INFO o.a.j.t.JMeterThread: Thread finished: Thread Group 1-58
2020-05-08 22:14:21,184 INFO o.a.j.t.JMeterThread: Stopping because end time detected by thread: Thread Group 1-8
2020-05-08 22:14:21,185 INFO o.a.j.t.JMeterThread: Thread finished: Thread Group 1-8
2020-05-08 22:14:21,186 INFO o.a.j.t.JMeterThread: Stopping because end time detected by thread: Thread Group 1-62
2020-05-08 22:14:21,187 INFO o.a.j.t.JMeterThread: Thread finished: Thread Group 1-62
2020-05-08 22:14:21,238 INFO o.a.j.t.JMeterThread: Stopping because end time detected by thread: Thread Group 1-77
2020-05-08 22:14:21,239 INFO o.a.j.t.JMeterThread: Thread finished: Thread Group 1-77
2020-05-08 22:14:21,247 INFO o.a.j.t.JMeterThread: Stopping because end time detected by thread: Thread Group 1-49
2020-05-08 22:14:21,247 INFO o.a.j.t.JMeterThread: Thread finished: Thread Group 1-49
2020-05-08 22:14:21,276 INFO o.a.j.t.JMeterThread: Stopping because end time detected by thread: Thread Group 1-27
2020-05-08 22:14:21,276 INFO o.a.j.t.JMeterThread: Thread finished: Thread Group 1-27
2020-05-08 22:14:21,298 INFO o.a.j.t.JMeterThread: Stopping because end time detected by thread: Thread Group 1-37
2020-05-08 22:14:21,298 INFO o.a.j.t.JMeterThread: Thread finished: Thread Group 1-37
2020-05-08 22:14:21,405 INFO o.a.j.t.JMeterThread: Stopping because end time detected by thread: Thread Group 1-29
2020-05-08 22:14:21,406 INFO o.a.j.t.JMeterThread: Thread finished: Thread Group 1-29
2020-05-08 22:14:21,676 INFO o.a.j.t.JMeterThread: Stopping because end time detected by thread: Thread Group 1-69
2020-05-08 22:14:21,676 INFO o.a.j.t.JMeterThread: Thread finished: Thread Group 1-69
2020-05-08 22:14:22,030 INFO o.a.j.t.JMeterThread: Stopping because end time detected by thread: Thread Group 1-17
2020-05-08 22:14:22,031 INFO o.a.j.t.JMeterThread: Thread finished: Thread Group 1-17
2020-05-08 22:14:22,089 INFO o.a.j.t.JMeterThread: Stopping because end time detected by thread: Thread Group 1-59
2020-05-08 22:14:22,089 INFO o.a.j.t.JMeterThread: Thread finished: Thread Group 1-59
2020-05-08 22:14:22,274 INFO o.a.j.t.JMeterThread: Stopping because end time detected by thread: Thread Group 1-39
2020-05-08 22:14:22,274 INFO o.a.j.t.JMeterThread: Thread finished: Thread Group 1-39
2020-05-08 22:14:22,354 INFO o.a.j.t.JMeterThread: Stopping because end time detected by thread: Thread Group 1-78
2020-05-08 22:14:22,354 INFO o.a.j.t.JMeterThread: Thread finished: Thread Group 1-78
2020-05-08 22:14:22,391 INFO o.a.j.t.JMeterThread: Stopping because end time detected by thread: Thread Group 1-66
2020-05-08 22:14:22,391 INFO o.a.j.t.JMeterThread: Thread finished: Thread Group 1-66
2020-05-08 22:14:22,448 INFO o.a.j.t.JMeterThread: Stopping because end time detected by thread: Thread Group 1-20
2020-05-08 22:14:22,448 INFO o.a.j.t.JMeterThread: Thread finished: Thread Group 1-20
2020-05-08 22:14:22,855 INFO o.a.j.t.JMeterThread: Stopping because end time detected by thread: Thread Group 1-40
2020-05-08 22:14:22,855 INFO o.a.j.t.JMeterThread: Thread finished: Thread Group 1-40
2020-05-08 22:14:22,876 INFO o.a.j.t.JMeterThread: Stopping because end time detected by thread: Thread Group 1-21
2020-05-08 22:14:22,877 INFO o.a.j.t.JMeterThread: Thread finished: Thread Group 1-21
2020-05-08 22:14:23,004 INFO o.a.j.t.JMeterThread: Stopping because end time detected by thread: Thread Group 1-12
2020-05-08 22:14:23,004 INFO o.a.j.t.JMeterThread: Thread finished: Thread Group 1-12
2020-05-08 22:14:23,402 INFO o.a.j.t.JMeterThread: Stopping because end time detected by thread: Thread Group 1-23
2020-05-08 22:14:23,402 INFO o.a.j.t.JMeterThread: Thread finished: Thread Group 1-23
2020-05-08 22:14:23,542 INFO o.a.j.t.JMeterThread: Stopping because end time detected by thread: Thread Group 1-34
2020-05-08 22:14:23,542 INFO o.a.j.t.JMeterThread: Thread finished: Thread Group 1-34
2020-05-08 22:14:23,545 INFO o.a.j.t.JMeterThread: Stopping because end time detected by thread: Thread Group 1-48
2020-05-08 22:14:23,546 INFO o.a.j.t.JMeterThread: Thread finished: Thread Group 1-48
2020-05-08 22:14:23,565 INFO o.a.j.t.JMeterThread: Stopping because end time detected by thread: Thread Group 1-75
2020-05-08 22:14:23,565 INFO o.a.j.t.JMeterThread: Thread finished: Thread Group 1-75
2020-05-08 22:14:23,592 INFO o.a.j.t.JMeterThread: Stopping because end time detected by thread: Thread Group 1-42
2020-05-08 22:14:23,592 INFO o.a.j.t.JMeterThread: Thread finished: Thread Group 1-42
2020-05-08 22:14:23,597 INFO o.a.j.t.JMeterThread: Stopping because end time detected by thread: Thread Group 1-28
2020-05-08 22:14:23,598 INFO o.a.j.t.JMeterThread: Thread finished: Thread Group 1-28
2020-05-08 22:14:23,611 INFO o.a.j.t.JMeterThread: Stopping because end time detected by thread: Thread Group 1-47
2020-05-08 22:14:23,611 INFO o.a.j.t.JMeterThread: Thread finished: Thread Group 1-47
2020-05-08 22:14:23,647 INFO o.a.j.t.JMeterThread: Stopping because end time detected by thread: Thread Group 1-26
2020-05-08 22:14:23,648 INFO o.a.j.t.JMeterThread: Thread finished: Thread Group 1-26
2020-05-08 22:14:24,182 INFO o.a.j.t.JMeterThread: Stopping because end time detected by thread: Thread Group 1-3
2020-05-08 22:14:24,182 INFO o.a.j.t.JMeterThread: Thread finished: Thread Group 1-3
2020-05-08 22:14:24,316 INFO o.a.j.t.JMeterThread: Stopping because end time detected by thread: Thread Group 1-36
2020-05-08 22:14:24,317 INFO o.a.j.t.JMeterThread: Thread finished: Thread Group 1-36
2020-05-08 22:14:24,319 INFO o.a.j.t.JMeterThread: Stopping because end time detected by thread: Thread Group 1-7
2020-05-08 22:14:24,320 INFO o.a.j.t.JMeterThread: Thread finished: Thread Group 1-7
2020-05-08 22:14:24,364 INFO o.a.j.t.JMeterThread: Stopping because end time detected by thread: Thread Group 1-73
2020-05-08 22:14:24,365 INFO o.a.j.t.JMeterThread: Thread finished: Thread Group 1-73
2020-05-08 22:14:24,580 INFO o.a.j.t.JMeterThread: Stopping because end time detected by thread: Thread Group 1-74
2020-05-08 22:14:24,580 INFO o.a.j.t.JMeterThread: Thread finished: Thread Group 1-74
2020-05-08 22:14:24,838 INFO o.a.j.t.JMeterThread: Stopping because end time detected by thread: Thread Group 1-54
2020-05-08 22:14:24,839 INFO o.a.j.t.JMeterThread: Thread finished: Thread Group 1-54
2020-05-08 22:14:24,974 INFO o.a.j.t.JMeterThread: Stopping because end time detected by thread: Thread Group 1-41
2020-05-08 22:14:24,975 INFO o.a.j.t.JMeterThread: Thread finished: Thread Group 1-41
2020-05-08 22:14:25,220 INFO o.a.j.t.JMeterThread: Stopping because end time detected by thread: Thread Group 1-25
2020-05-08 22:14:25,221 INFO o.a.j.t.JMeterThread: Thread finished: Thread Group 1-25
2020-05-08 22:14:25,329 INFO o.a.j.t.JMeterThread: Stopping because end time detected by thread: Thread Group 1-22
2020-05-08 22:14:25,329 INFO o.a.j.t.JMeterThread: Thread finished: Thread Group 1-22
2020-05-08 22:14:25,609 INFO o.a.j.t.JMeterThread: Stopping because end time detected by thread: Thread Group 1-65
2020-05-08 22:14:25,610 INFO o.a.j.t.JMeterThread: Thread finished: Thread Group 1-65
2020-05-08 22:14:25,636 INFO o.a.j.t.JMeterThread: Stopping because end time detected by thread: Thread Group 1-6
2020-05-08 22:14:25,637 INFO o.a.j.t.JMeterThread: Thread finished: Thread Group 1-6
2020-05-08 22:14:25,775 INFO o.a.j.t.JMeterThread: Stopping because end time detected by thread: Thread Group 1-56
2020-05-08 22:14:25,775 INFO o.a.j.t.JMeterThread: Thread finished: Thread Group 1-56
2020-05-08 22:14:25,863 INFO o.a.j.t.JMeterThread: Stopping because end time detected by thread: Thread Group 1-31
2020-05-08 22:14:25,864 INFO o.a.j.t.JMeterThread: Thread finished: Thread Group 1-31
2020-05-08 22:14:25,882 INFO o.a.j.t.JMeterThread: Stopping because end time detected by thread: Thread Group 1-35
2020-05-08 22:14:25,882 INFO o.a.j.t.JMeterThread: Thread finished: Thread Group 1-35
2020-05-08 22:14:25,885 INFO o.a.j.t.JMeterThread: Stopping because end time detected by thread: Thread Group 1-32
2020-05-08 22:14:25,885 INFO o.a.j.t.JMeterThread: Thread finished: Thread Group 1-32
2020-05-08 22:14:25,999 INFO o.a.j.t.JMeterThread: Stopping because end time detected by thread: Thread Group 1-71
2020-05-08 22:14:25,999 INFO o.a.j.t.JMeterThread: Thread finished: Thread Group 1-71
2020-05-08 22:14:26,211 INFO o.a.j.t.JMeterThread: Stopping because end time detected by thread: Thread Group 1-70
2020-05-08 22:14:26,212 INFO o.a.j.t.JMeterThread: Thread finished: Thread Group 1-70
2020-05-08 22:14:26,353 INFO o.a.j.t.JMeterThread: Stopping because end time detected by thread: Thread Group 1-2
2020-05-08 22:14:26,353 INFO o.a.j.t.JMeterThread: Thread finished: Thread Group 1-2
2020-05-08 22:14:26,424 INFO o.a.j.t.JMeterThread: Stopping because end time detected by thread: Thread Group 1-53
2020-05-08 22:14:26,424 INFO o.a.j.t.JMeterThread: Thread finished: Thread Group 1-53
2020-05-08 22:14:26,557 INFO o.a.j.t.JMeterThread: Stopping because end time detected by thread: Thread Group 1-11
2020-05-08 22:14:26,557 INFO o.a.j.t.JMeterThread: Thread finished: Thread Group 1-11
2020-05-08 22:14:26,618 INFO o.a.j.t.JMeterThread: Stopping because end time detected by thread: Thread Group 1-79
2020-05-08 22:14:26,618 INFO o.a.j.t.JMeterThread: Thread finished: Thread Group 1-79
2020-05-08 22:14:26,699 INFO o.a.j.t.JMeterThread: Stopping because end time detected by thread: Thread Group 1-4
2020-05-08 22:14:26,700 INFO o.a.j.t.JMeterThread: Thread finished: Thread Group 1-4
2020-05-08 22:14:26,702 INFO o.a.j.t.JMeterThread: Stopping because end time detected by thread: Thread Group 1-13
2020-05-08 22:14:26,703 INFO o.a.j.t.JMeterThread: Thread finished: Thread Group 1-13
2020-05-08 22:14:26,787 INFO o.a.j.t.JMeterThread: Stopping because end time detected by thread: Thread Group 1-45
2020-05-08 22:14:26,788 INFO o.a.j.t.JMeterThread: Thread finished: Thread Group 1-45
2020-05-08 22:14:26,858 INFO o.a.j.t.JMeterThread: Stopping because end time detected by thread: Thread Group 1-33
2020-05-08 22:14:26,859 INFO o.a.j.t.JMeterThread: Thread finished: Thread Group 1-33
2020-05-08 22:14:26,922 INFO o.a.j.t.JMeterThread: Stopping because end time detected by thread: Thread Group 1-52
2020-05-08 22:14:26,923 INFO o.a.j.t.JMeterThread: Thread finished: Thread Group 1-52
2020-05-08 22:14:26,928 INFO o.a.j.t.JMeterThread: Stopping because end time detected by thread: Thread Group 1-80
2020-05-08 22:14:26,929 INFO o.a.j.t.JMeterThread: Thread finished: Thread Group 1-80
2020-05-08 22:14:26,936 INFO o.a.j.t.JMeterThread: Stopping because end time detected by thread: Thread Group 1-38
2020-05-08 22:14:26,936 INFO o.a.j.t.JMeterThread: Thread finished: Thread Group 1-38
2020-05-08 22:14:26,949 INFO o.a.j.t.JMeterThread: Stopping because end time detected by thread: Thread Group 1-50
2020-05-08 22:14:26,949 INFO o.a.j.t.JMeterThread: Thread finished: Thread Group 1-50
2020-05-08 22:14:27,004 INFO o.a.j.t.JMeterThread: Stopping because end time detected by thread: Thread Group 1-18
2020-05-08 22:14:27,004 INFO o.a.j.t.JMeterThread: Thread finished: Thread Group 1-18
2020-05-08 22:14:27,047 INFO o.a.j.t.JMeterThread: Stopping because end time detected by thread: Thread Group 1-5
2020-05-08 22:14:27,047 INFO o.a.j.t.JMeterThread: Thread finished: Thread Group 1-5
2020-05-08 22:14:27,065 INFO o.a.j.t.JMeterThread: Stopping because end time detected by thread: Thread Group 1-61
2020-05-08 22:14:27,065 INFO o.a.j.t.JMeterThread: Thread finished: Thread Group 1-61
2020-05-08 22:14:27,098 INFO o.a.j.t.JMeterThread: Stopping because end time detected by thread: Thread Group 1-76
2020-05-08 22:14:27,098 INFO o.a.j.t.JMeterThread: Thread finished: Thread Group 1-76
2020-05-08 22:14:27,119 INFO o.a.j.t.JMeterThread: Stopping because end time detected by thread: Thread Group 1-19
2020-05-08 22:14:27,120 INFO o.a.j.t.JMeterThread: Thread finished: Thread Group 1-19
2020-05-08 22:14:27,201 INFO o.a.j.t.JMeterThread: Stopping because end time detected by thread: Thread Group 1-63
2020-05-08 22:14:27,201 INFO o.a.j.t.JMeterThread: Thread finished: Thread Group 1-63
2020-05-08 22:14:27,240 INFO o.a.j.t.JMeterThread: Stopping because end time detected by thread: Thread Group 1-64
2020-05-08 22:14:27,240 INFO o.a.j.t.JMeterThread: Thread finished: Thread Group 1-64
2020-05-08 22:14:27,245 INFO o.a.j.t.JMeterThread: Stopping because end time detected by thread: Thread Group 1-57
2020-05-08 22:14:27,245 INFO o.a.j.t.JMeterThread: Thread finished: Thread Group 1-57
2020-05-08 22:14:27,252 INFO o.a.j.t.JMeterThread: Stopping because end time detected by thread: Thread Group 1-10
2020-05-08 22:14:27,252 INFO o.a.j.t.JMeterThread: Thread finished: Thread Group 1-10
2020-05-08 22:14:27,278 INFO o.a.j.t.JMeterThread: Stopping because end time detected by thread: Thread Group 1-24
2020-05-08 22:14:27,278 INFO o.a.j.t.JMeterThread: Thread finished: Thread Group 1-24
2020-05-08 22:14:27,290 INFO o.a.j.t.JMeterThread: Stopping because end time detected by thread: Thread Group 1-72
2020-05-08 22:14:27,290 INFO o.a.j.t.JMeterThread: Thread finished: Thread Group 1-72
2020-05-08 22:14:27,334 INFO o.a.j.t.JMeterThread: Stopping because end time detected by thread: Thread Group 1-46
2020-05-08 22:14:27,334 INFO o.a.j.t.JMeterThread: Thread finished: Thread Group 1-46
2020-05-08 22:14:27,344 INFO o.a.j.t.JMeterThread: Stopping because end time detected by thread: Thread Group 1-1
2020-05-08 22:14:27,345 INFO o.a.j.t.JMeterThread: Thread finished: Thread Group 1-1
2020-05-08 22:14:27,378 INFO o.a.j.t.JMeterThread: Stopping because end time detected by thread: Thread Group 1-67
2020-05-08 22:14:27,378 INFO o.a.j.t.JMeterThread: Thread finished: Thread Group 1-67
2020-05-08 22:14:27,436 INFO o.a.j.t.JMeterThread: Stopping because end time detected by thread: Thread Group 1-16
2020-05-08 22:14:27,436 INFO o.a.j.t.JMeterThread: Thread finished: Thread Group 1-16
2020-05-08 22:14:27,437 INFO o.a.j.e.StandardJMeterEngine: Notifying test listeners of end of test
2020-05-08 22:14:27,439 INFO o.a.j.r.Summariser: summary +    671 in 00:00:27 =   24.5/s Avg:  3753 Min:   132 Max: 30760 Err:     0 (0.00%) Active: 0 Started: 80 Finished: 80
2020-05-08 22:14:27,440 INFO o.a.j.r.Summariser: summary =  17302 in 00:10:27 =   27.6/s Avg:  2839 Min:    34 Max: 32500 Err:     0 (0.00%)
