2020-05-05 20:35:18,465 INFO o.a.j.u.JMeterUtils: Setting Locale to en_US
2020-05-05 20:35:18,497 INFO o.a.j.JMeter: Loading user properties from: /home/pablo/jmeter/bin/user.properties
2020-05-05 20:35:18,498 INFO o.a.j.JMeter: Loading system properties from: /home/pablo/jmeter/bin/system.properties
2020-05-05 20:35:18,499 INFO o.a.j.JMeter: Setting System property: HILOS=80
2020-05-05 20:35:18,499 INFO o.a.j.JMeter: Setting System property: SUBIDA=20
2020-05-05 20:35:18,499 INFO o.a.j.JMeter: Setting System property: DURACION=620
2020-05-05 20:35:18,500 INFO o.a.j.JMeter: Setting System property: FILE=scriptresultsPerfmon80.jtl
2020-05-05 20:35:18,503 INFO o.a.j.JMeter: Copyright (c) 1998-2019 The Apache Software Foundation
2020-05-05 20:35:18,503 INFO o.a.j.JMeter: Version 5.2.1
2020-05-05 20:35:18,503 INFO o.a.j.JMeter: java.version=1.8.0_201
2020-05-05 20:35:18,503 INFO o.a.j.JMeter: java.vm.name=Java HotSpot(TM) 64-Bit Server VM
2020-05-05 20:35:18,504 INFO o.a.j.JMeter: os.name=Linux
2020-05-05 20:35:18,504 INFO o.a.j.JMeter: os.arch=amd64
2020-05-05 20:35:18,504 INFO o.a.j.JMeter: os.version=4.15.0-99-generic
2020-05-05 20:35:18,505 INFO o.a.j.JMeter: file.encoding=UTF-8
2020-05-05 20:35:18,505 INFO o.a.j.JMeter: java.awt.headless=true
2020-05-05 20:35:18,505 INFO o.a.j.JMeter: Max memory     =732954624
2020-05-05 20:35:18,506 INFO o.a.j.JMeter: Available Processors =4
2020-05-05 20:35:18,513 INFO o.a.j.JMeter: Default Locale=English (United States)
2020-05-05 20:35:18,514 INFO o.a.j.JMeter: JMeter  Locale=English (United States)
2020-05-05 20:35:18,514 INFO o.a.j.JMeter: JMeterHome=/home/pablo/jmeter
2020-05-05 20:35:18,514 INFO o.a.j.JMeter: user.dir  =/home/pablo/jmeter/bin/EJECUCIONES/P3_V3
2020-05-05 20:35:18,514 INFO o.a.j.JMeter: PWD       =/home/pablo/jmeter/bin/EJECUCIONES/P3_V3
2020-05-05 20:35:18,515 INFO o.a.j.JMeter: IP: 127.0.1.1 Name: hylianpablo FullName: hylianpablo
2020-05-05 20:35:18,524 INFO o.a.j.s.FileServer: Default base='/home/pablo/jmeter/bin/EJECUCIONES/P3_V3'
2020-05-05 20:35:18,534 INFO o.a.j.s.FileServer: Set new base='/home/pablo/jmeter/bin/EJECUCIONES/P3_V3/..'
2020-05-05 20:35:18,809 INFO o.a.j.s.SaveService: Testplan (JMX) version: 2.2. Testlog (JTL) version: 2.2
2020-05-05 20:35:18,828 INFO o.a.j.s.SaveService: Using SaveService properties file encoding UTF-8
2020-05-05 20:35:18,839 INFO o.a.j.s.SaveService: Using SaveService properties version 5.0
2020-05-05 20:35:18,858 INFO o.a.j.s.SaveService: Loading file: ../RecordP3_V2.jmx
2020-05-05 20:35:18,935 INFO o.a.j.p.h.c.CookieManager: Settings: Delete null: true Check: true Allow variable: true Save: false Prefix: COOKIE_
2020-05-05 20:35:18,983 INFO o.a.j.p.h.s.HTTPSamplerBase: Parser for text/html is org.apache.jmeter.protocol.http.parser.LagartoBasedHtmlParser
2020-05-05 20:35:18,983 INFO o.a.j.p.h.s.HTTPSamplerBase: Parser for application/xhtml+xml is org.apache.jmeter.protocol.http.parser.LagartoBasedHtmlParser
2020-05-05 20:35:18,983 INFO o.a.j.p.h.s.HTTPSamplerBase: Parser for application/xml is org.apache.jmeter.protocol.http.parser.LagartoBasedHtmlParser
2020-05-05 20:35:18,984 INFO o.a.j.p.h.s.HTTPSamplerBase: Parser for text/xml is org.apache.jmeter.protocol.http.parser.LagartoBasedHtmlParser
2020-05-05 20:35:18,984 INFO o.a.j.p.h.s.HTTPSamplerBase: Parser for text/vnd.wap.wml is org.apache.jmeter.protocol.http.parser.RegexpHTMLParser
2020-05-05 20:35:18,984 INFO o.a.j.p.h.s.HTTPSamplerBase: Parser for text/css is org.apache.jmeter.protocol.http.parser.CssParser
2020-05-05 20:35:19,101 INFO o.a.j.JMeter: Creating summariser <summary>
2020-05-05 20:35:19,116 INFO o.a.j.e.StandardJMeterEngine: Running the test!
2020-05-05 20:35:19,118 INFO o.a.j.s.SampleEvent: List of sample_variables: []
2020-05-05 20:35:19,118 INFO o.a.j.s.SampleEvent: List of sample_variables: []
2020-05-05 20:35:19,132 INFO o.a.j.e.u.CompoundVariable: Note: Function class names must contain the string: '.functions.'
2020-05-05 20:35:19,132 INFO o.a.j.e.u.CompoundVariable: Note: Function class names must not contain the string: '.gui.'
2020-05-05 20:35:20,041 INFO o.a.j.JMeter: Running test (1588703720041)
2020-05-05 20:35:20,118 INFO o.a.j.e.StandardJMeterEngine: Starting ThreadGroup: 1 : Thread Group
2020-05-05 20:35:20,119 INFO o.a.j.e.StandardJMeterEngine: Starting 80 threads for group Thread Group.
2020-05-05 20:35:20,119 INFO o.a.j.e.StandardJMeterEngine: Thread will continue on error
2020-05-05 20:35:20,119 INFO o.a.j.t.ThreadGroup: Starting thread group... number=1 threads=80 ramp-up=20 delayedStart=false
2020-05-05 20:35:20,173 INFO o.a.j.t.JMeterThread: Thread started: Thread Group 1-1
2020-05-05 20:35:20,227 INFO o.a.j.p.h.s.HTTPHCAbstractImpl: Local host = hylianpablo
2020-05-05 20:35:20,243 INFO o.a.j.p.h.s.HTTPHC4Impl: HTTP request retry count = 0
2020-05-05 20:35:20,247 INFO o.a.j.s.SampleResult: Note: Sample TimeStamps are START times
2020-05-05 20:35:20,247 INFO o.a.j.s.SampleResult: sampleresult.default.encoding is set to ISO-8859-1
2020-05-05 20:35:20,248 INFO o.a.j.s.SampleResult: sampleresult.useNanoTime=true
2020-05-05 20:35:20,248 INFO o.a.j.s.SampleResult: sampleresult.nanoThreadSleep=5000
2020-05-05 20:35:20,375 INFO o.a.j.t.ThreadGroup: Started thread group number 1
2020-05-05 20:35:20,376 INFO o.a.j.e.StandardJMeterEngine: All thread groups have been started
2020-05-05 20:35:20,414 INFO o.a.j.t.JMeterThread: Thread started: Thread Group 1-2
2020-05-05 20:35:20,627 INFO o.a.j.t.JMeterThread: Thread started: Thread Group 1-3
2020-05-05 20:35:20,877 INFO o.a.j.t.JMeterThread: Thread started: Thread Group 1-4
2020-05-05 20:35:21,125 INFO o.a.j.t.JMeterThread: Thread started: Thread Group 1-5
2020-05-05 20:35:21,377 INFO o.a.j.t.JMeterThread: Thread started: Thread Group 1-6
2020-05-05 20:35:21,624 INFO o.a.j.t.JMeterThread: Thread started: Thread Group 1-7
2020-05-05 20:35:21,876 INFO o.a.j.t.JMeterThread: Thread started: Thread Group 1-8
2020-05-05 20:35:22,126 INFO o.a.j.t.JMeterThread: Thread started: Thread Group 1-9
2020-05-05 20:35:22,377 INFO o.a.j.t.JMeterThread: Thread started: Thread Group 1-10
2020-05-05 20:35:22,626 INFO o.a.j.t.JMeterThread: Thread started: Thread Group 1-11
2020-05-05 20:35:22,882 INFO o.a.j.t.JMeterThread: Thread started: Thread Group 1-12
2020-05-05 20:35:23,133 INFO o.a.j.t.JMeterThread: Thread started: Thread Group 1-13
2020-05-05 20:35:23,378 INFO o.a.j.t.JMeterThread: Thread started: Thread Group 1-14
2020-05-05 20:35:23,627 INFO o.a.j.t.JMeterThread: Thread started: Thread Group 1-15
2020-05-05 20:35:23,884 INFO o.a.j.t.JMeterThread: Thread started: Thread Group 1-16
2020-05-05 20:35:24,127 INFO o.a.j.t.JMeterThread: Thread started: Thread Group 1-17
2020-05-05 20:35:24,386 INFO o.a.j.t.JMeterThread: Thread started: Thread Group 1-18
2020-05-05 20:35:24,633 INFO o.a.j.t.JMeterThread: Thread started: Thread Group 1-19
2020-05-05 20:35:24,873 INFO o.a.j.t.JMeterThread: Thread started: Thread Group 1-20
2020-05-05 20:35:25,123 INFO o.a.j.t.JMeterThread: Thread started: Thread Group 1-21
2020-05-05 20:35:25,373 INFO o.a.j.t.JMeterThread: Thread started: Thread Group 1-22
2020-05-05 20:35:25,622 INFO o.a.j.t.JMeterThread: Thread started: Thread Group 1-23
2020-05-05 20:35:25,875 INFO o.a.j.t.JMeterThread: Thread started: Thread Group 1-24
2020-05-05 20:35:26,127 INFO o.a.j.t.JMeterThread: Thread started: Thread Group 1-25
2020-05-05 20:35:26,373 INFO o.a.j.t.JMeterThread: Thread started: Thread Group 1-26
2020-05-05 20:35:26,636 INFO o.a.j.t.JMeterThread: Thread started: Thread Group 1-27
2020-05-05 20:35:26,873 INFO o.a.j.t.JMeterThread: Thread started: Thread Group 1-28
2020-05-05 20:35:27,127 INFO o.a.j.t.JMeterThread: Thread started: Thread Group 1-29
2020-05-05 20:35:27,371 INFO o.a.j.t.JMeterThread: Thread started: Thread Group 1-30
2020-05-05 20:35:27,622 INFO o.a.j.t.JMeterThread: Thread started: Thread Group 1-31
2020-05-05 20:35:27,874 INFO o.a.j.t.JMeterThread: Thread started: Thread Group 1-32
2020-05-05 20:35:28,125 INFO o.a.j.t.JMeterThread: Thread started: Thread Group 1-33
2020-05-05 20:35:28,372 INFO o.a.j.t.JMeterThread: Thread started: Thread Group 1-34
2020-05-05 20:35:28,623 INFO o.a.j.t.JMeterThread: Thread started: Thread Group 1-35
2020-05-05 20:35:28,872 INFO o.a.j.t.JMeterThread: Thread started: Thread Group 1-36
2020-05-05 20:35:29,125 INFO o.a.j.t.JMeterThread: Thread started: Thread Group 1-37
2020-05-05 20:35:29,373 INFO o.a.j.t.JMeterThread: Thread started: Thread Group 1-38
2020-05-05 20:35:29,622 INFO o.a.j.t.JMeterThread: Thread started: Thread Group 1-39
2020-05-05 20:35:29,877 INFO o.a.j.t.JMeterThread: Thread started: Thread Group 1-40
2020-05-05 20:35:30,113 INFO o.a.j.r.Summariser: summary +    266 in 00:00:10 =   26.4/s Avg:   563 Min:    33 Max:  4180 Err:     0 (0.00%) Active: 40 Started: 40 Finished: 0
2020-05-05 20:35:30,122 INFO o.a.j.t.JMeterThread: Thread started: Thread Group 1-41
2020-05-05 20:35:30,371 INFO o.a.j.t.JMeterThread: Thread started: Thread Group 1-42
2020-05-05 20:35:30,622 INFO o.a.j.t.JMeterThread: Thread started: Thread Group 1-43
2020-05-05 20:35:30,872 INFO o.a.j.t.JMeterThread: Thread started: Thread Group 1-44
2020-05-05 20:35:31,122 INFO o.a.j.t.JMeterThread: Thread started: Thread Group 1-45
2020-05-05 20:35:31,373 INFO o.a.j.t.JMeterThread: Thread started: Thread Group 1-46
2020-05-05 20:35:31,623 INFO o.a.j.t.JMeterThread: Thread started: Thread Group 1-47
2020-05-05 20:35:31,872 INFO o.a.j.t.JMeterThread: Thread started: Thread Group 1-48
2020-05-05 20:35:32,126 INFO o.a.j.t.JMeterThread: Thread started: Thread Group 1-49
2020-05-05 20:35:32,372 INFO o.a.j.t.JMeterThread: Thread started: Thread Group 1-50
2020-05-05 20:35:32,622 INFO o.a.j.t.JMeterThread: Thread started: Thread Group 1-51
2020-05-05 20:35:32,871 INFO o.a.j.t.JMeterThread: Thread started: Thread Group 1-52
2020-05-05 20:35:33,123 INFO o.a.j.t.JMeterThread: Thread started: Thread Group 1-53
2020-05-05 20:35:33,371 INFO o.a.j.t.JMeterThread: Thread started: Thread Group 1-54
2020-05-05 20:35:33,622 INFO o.a.j.t.JMeterThread: Thread started: Thread Group 1-55
2020-05-05 20:35:33,874 INFO o.a.j.t.JMeterThread: Thread started: Thread Group 1-56
2020-05-05 20:35:34,123 INFO o.a.j.t.JMeterThread: Thread started: Thread Group 1-57
2020-05-05 20:35:34,372 INFO o.a.j.t.JMeterThread: Thread started: Thread Group 1-58
2020-05-05 20:35:34,626 INFO o.a.j.t.JMeterThread: Thread started: Thread Group 1-59
2020-05-05 20:35:34,872 INFO o.a.j.t.JMeterThread: Thread started: Thread Group 1-60
2020-05-05 20:35:35,122 INFO o.a.j.t.JMeterThread: Thread started: Thread Group 1-61
2020-05-05 20:35:35,372 INFO o.a.j.t.JMeterThread: Thread started: Thread Group 1-62
2020-05-05 20:35:35,625 INFO o.a.j.t.JMeterThread: Thread started: Thread Group 1-63
2020-05-05 20:35:35,878 INFO o.a.j.t.JMeterThread: Thread started: Thread Group 1-64
2020-05-05 20:35:36,123 INFO o.a.j.t.JMeterThread: Thread started: Thread Group 1-65
2020-05-05 20:35:36,372 INFO o.a.j.t.JMeterThread: Thread started: Thread Group 1-66
2020-05-05 20:35:36,623 INFO o.a.j.t.JMeterThread: Thread started: Thread Group 1-67
2020-05-05 20:35:36,875 INFO o.a.j.t.JMeterThread: Thread started: Thread Group 1-68
2020-05-05 20:35:37,122 INFO o.a.j.t.JMeterThread: Thread started: Thread Group 1-69
2020-05-05 20:35:37,371 INFO o.a.j.t.JMeterThread: Thread started: Thread Group 1-70
2020-05-05 20:35:37,623 INFO o.a.j.t.JMeterThread: Thread started: Thread Group 1-71
2020-05-05 20:35:37,871 INFO o.a.j.t.JMeterThread: Thread started: Thread Group 1-72
2020-05-05 20:35:38,122 INFO o.a.j.t.JMeterThread: Thread started: Thread Group 1-73
2020-05-05 20:35:38,372 INFO o.a.j.t.JMeterThread: Thread started: Thread Group 1-74
2020-05-05 20:35:38,627 INFO o.a.j.t.JMeterThread: Thread started: Thread Group 1-75
2020-05-05 20:35:38,873 INFO o.a.j.t.JMeterThread: Thread started: Thread Group 1-76
2020-05-05 20:35:39,123 INFO o.a.j.t.JMeterThread: Thread started: Thread Group 1-77
2020-05-05 20:35:39,372 INFO o.a.j.t.JMeterThread: Thread started: Thread Group 1-78
2020-05-05 20:35:39,625 INFO o.a.j.t.JMeterThread: Thread started: Thread Group 1-79
2020-05-05 20:35:39,874 INFO o.a.j.t.JMeterThread: Thread started: Thread Group 1-80
2020-05-05 20:36:00,029 INFO o.a.j.r.Summariser: summary +    747 in 00:00:30 =   25.0/s Avg:  2292 Min:   122 Max: 19537 Err:     0 (0.00%) Active: 80 Started: 80 Finished: 0
2020-05-05 20:36:00,030 INFO o.a.j.r.Summariser: summary =   1013 in 00:00:40 =   25.3/s Avg:  1838 Min:    33 Max: 19537 Err:     0 (0.00%)
2020-05-05 20:36:30,030 INFO o.a.j.r.Summariser: summary +    882 in 00:00:30 =   29.4/s Avg:  2742 Min:   144 Max: 23749 Err:     0 (0.00%) Active: 80 Started: 80 Finished: 0
2020-05-05 20:36:30,031 INFO o.a.j.r.Summariser: summary =   1895 in 00:01:10 =   27.1/s Avg:  2259 Min:    33 Max: 23749 Err:     0 (0.00%)
2020-05-05 20:37:00,033 INFO o.a.j.r.Summariser: summary +    785 in 00:00:30 =   26.2/s Avg:  3032 Min:   133 Max: 28299 Err:     0 (0.00%) Active: 80 Started: 80 Finished: 0
2020-05-05 20:37:00,034 INFO o.a.j.r.Summariser: summary =   2680 in 00:01:40 =   26.8/s Avg:  2486 Min:    33 Max: 28299 Err:     0 (0.00%)
2020-05-05 20:37:30,056 INFO o.a.j.r.Summariser: summary +    802 in 00:00:30 =   26.7/s Avg:  2846 Min:   138 Max: 24307 Err:     0 (0.00%) Active: 80 Started: 80 Finished: 0
2020-05-05 20:37:30,057 INFO o.a.j.r.Summariser: summary =   3482 in 00:02:10 =   26.8/s Avg:  2569 Min:    33 Max: 28299 Err:     0 (0.00%)
2020-05-05 20:38:00,016 INFO o.a.j.r.Summariser: summary +    695 in 00:00:30 =   23.2/s Avg:  3633 Min:   112 Max: 36463 Err:     0 (0.00%) Active: 80 Started: 80 Finished: 0
2020-05-05 20:38:00,017 INFO o.a.j.r.Summariser: summary =   4177 in 00:02:40 =   26.1/s Avg:  2746 Min:    33 Max: 36463 Err:     0 (0.00%)
2020-05-05 20:38:30,028 INFO o.a.j.r.Summariser: summary +    858 in 00:00:30 =   28.6/s Avg:  2854 Min:   145 Max: 26141 Err:     0 (0.00%) Active: 80 Started: 80 Finished: 0
2020-05-05 20:38:30,029 INFO o.a.j.r.Summariser: summary =   5035 in 00:03:10 =   26.5/s Avg:  2764 Min:    33 Max: 36463 Err:     0 (0.00%)
2020-05-05 20:39:00,002 INFO o.a.j.r.Summariser: summary +    882 in 00:00:30 =   29.4/s Avg:  2829 Min:   160 Max: 27616 Err:     0 (0.00%) Active: 80 Started: 80 Finished: 0
2020-05-05 20:39:00,003 INFO o.a.j.r.Summariser: summary =   5917 in 00:03:40 =   26.9/s Avg:  2774 Min:    33 Max: 36463 Err:     0 (0.00%)
2020-05-05 20:39:30,006 INFO o.a.j.r.Summariser: summary +    857 in 00:00:30 =   28.6/s Avg:  2706 Min:   154 Max: 24601 Err:     0 (0.00%) Active: 80 Started: 80 Finished: 0
2020-05-05 20:39:30,007 INFO o.a.j.r.Summariser: summary =   6774 in 00:04:10 =   27.1/s Avg:  2765 Min:    33 Max: 36463 Err:     0 (0.00%)
2020-05-05 20:40:00,036 INFO o.a.j.r.Summariser: summary +    878 in 00:00:30 =   29.2/s Avg:  2739 Min:   142 Max: 23558 Err:     0 (0.00%) Active: 80 Started: 80 Finished: 0
2020-05-05 20:40:00,036 INFO o.a.j.r.Summariser: summary =   7652 in 00:04:40 =   27.3/s Avg:  2762 Min:    33 Max: 36463 Err:     0 (0.00%)
2020-05-05 20:40:30,055 INFO o.a.j.r.Summariser: summary +    824 in 00:00:30 =   27.4/s Avg:  2803 Min:   130 Max: 23861 Err:     0 (0.00%) Active: 80 Started: 80 Finished: 0
2020-05-05 20:40:30,056 INFO o.a.j.r.Summariser: summary =   8476 in 00:05:10 =   27.3/s Avg:  2766 Min:    33 Max: 36463 Err:     0 (0.00%)
2020-05-05 20:41:00,011 INFO o.a.j.r.Summariser: summary +    839 in 00:00:30 =   28.0/s Avg:  2752 Min:   160 Max: 26252 Err:     0 (0.00%) Active: 80 Started: 80 Finished: 0
2020-05-05 20:41:00,011 INFO o.a.j.r.Summariser: summary =   9315 in 00:05:40 =   27.4/s Avg:  2765 Min:    33 Max: 36463 Err:     0 (0.00%)
2020-05-05 20:41:30,072 INFO o.a.j.r.Summariser: summary +    900 in 00:00:30 =   29.9/s Avg:  2898 Min:   146 Max: 30237 Err:     0 (0.00%) Active: 80 Started: 80 Finished: 0
2020-05-05 20:41:30,073 INFO o.a.j.r.Summariser: summary =  10215 in 00:06:10 =   27.6/s Avg:  2777 Min:    33 Max: 36463 Err:     0 (0.00%)
2020-05-05 20:42:00,075 INFO o.a.j.r.Summariser: summary +    771 in 00:00:30 =   25.7/s Avg:  3031 Min:   135 Max: 30084 Err:     0 (0.00%) Active: 80 Started: 80 Finished: 0
2020-05-05 20:42:00,075 INFO o.a.j.r.Summariser: summary =  10986 in 00:06:40 =   27.5/s Avg:  2794 Min:    33 Max: 36463 Err:     0 (0.00%)
2020-05-05 20:42:30,014 INFO o.a.j.r.Summariser: summary +    860 in 00:00:30 =   28.7/s Avg:  2793 Min:   176 Max: 23965 Err:     0 (0.00%) Active: 80 Started: 80 Finished: 0
2020-05-05 20:42:30,015 INFO o.a.j.r.Summariser: summary =  11846 in 00:07:10 =   27.6/s Avg:  2794 Min:    33 Max: 36463 Err:     0 (0.00%)
2020-05-05 20:43:00,010 INFO o.a.j.r.Summariser: summary +    856 in 00:00:30 =   28.5/s Avg:  2729 Min:   152 Max: 31633 Err:     0 (0.00%) Active: 80 Started: 80 Finished: 0
2020-05-05 20:43:00,011 INFO o.a.j.r.Summariser: summary =  12702 in 00:07:40 =   27.6/s Avg:  2790 Min:    33 Max: 36463 Err:     0 (0.00%)
2020-05-05 20:43:30,016 INFO o.a.j.r.Summariser: summary +    864 in 00:00:30 =   28.8/s Avg:  2906 Min:    90 Max: 26536 Err:     0 (0.00%) Active: 80 Started: 80 Finished: 0
2020-05-05 20:43:30,016 INFO o.a.j.r.Summariser: summary =  13566 in 00:08:10 =   27.7/s Avg:  2797 Min:    33 Max: 36463 Err:     0 (0.00%)
2020-05-05 20:44:00,093 INFO o.a.j.r.Summariser: summary +    853 in 00:00:30 =   28.4/s Avg:  2616 Min:    95 Max: 28933 Err:     0 (0.00%) Active: 80 Started: 80 Finished: 0
2020-05-05 20:44:00,094 INFO o.a.j.r.Summariser: summary =  14419 in 00:08:40 =   27.7/s Avg:  2787 Min:    33 Max: 36463 Err:     0 (0.00%)
2020-05-05 20:44:30,014 INFO o.a.j.r.Summariser: summary +    840 in 00:00:30 =   28.1/s Avg:  3018 Min:   174 Max: 26325 Err:     0 (0.00%) Active: 80 Started: 80 Finished: 0
2020-05-05 20:44:30,015 INFO o.a.j.r.Summariser: summary =  15259 in 00:09:10 =   27.7/s Avg:  2799 Min:    33 Max: 36463 Err:     0 (0.00%)
2020-05-05 20:45:00,058 INFO o.a.j.r.Summariser: summary +    884 in 00:00:30 =   29.4/s Avg:  2633 Min:   151 Max: 26688 Err:     0 (0.00%) Active: 80 Started: 80 Finished: 0
2020-05-05 20:45:00,059 INFO o.a.j.r.Summariser: summary =  16143 in 00:09:40 =   27.8/s Avg:  2790 Min:    33 Max: 36463 Err:     0 (0.00%)
2020-05-05 20:45:30,044 INFO o.a.j.r.Summariser: summary +    875 in 00:00:30 =   29.2/s Avg:  2821 Min:    92 Max: 28559 Err:     0 (0.00%) Active: 80 Started: 80 Finished: 0
2020-05-05 20:45:30,045 INFO o.a.j.r.Summariser: summary =  17018 in 00:10:10 =   27.9/s Avg:  2792 Min:    33 Max: 36463 Err:     0 (0.00%)
2020-05-05 20:45:40,333 INFO o.a.j.t.JMeterThread: Stopping because end time detected by thread: Thread Group 1-43
2020-05-05 20:45:40,334 INFO o.a.j.t.JMeterThread: Thread finished: Thread Group 1-43
2020-05-05 20:45:40,348 INFO o.a.j.t.JMeterThread: Stopping because end time detected by thread: Thread Group 1-4
2020-05-05 20:45:40,348 INFO o.a.j.t.JMeterThread: Thread finished: Thread Group 1-4
2020-05-05 20:45:40,353 INFO o.a.j.t.JMeterThread: Stopping because end time detected by thread: Thread Group 1-11
2020-05-05 20:45:40,353 INFO o.a.j.t.JMeterThread: Thread finished: Thread Group 1-11
2020-05-05 20:45:40,429 INFO o.a.j.t.JMeterThread: Stopping because end time detected by thread: Thread Group 1-48
2020-05-05 20:45:40,429 INFO o.a.j.t.JMeterThread: Thread finished: Thread Group 1-48
2020-05-05 20:45:40,435 INFO o.a.j.t.JMeterThread: Stopping because end time detected by thread: Thread Group 1-62
2020-05-05 20:45:40,435 INFO o.a.j.t.JMeterThread: Thread finished: Thread Group 1-62
2020-05-05 20:45:40,445 INFO o.a.j.t.JMeterThread: Stopping because end time detected by thread: Thread Group 1-34
2020-05-05 20:45:40,446 INFO o.a.j.t.JMeterThread: Thread finished: Thread Group 1-34
2020-05-05 20:45:40,459 INFO o.a.j.t.JMeterThread: Stopping because end time detected by thread: Thread Group 1-35
2020-05-05 20:45:40,459 INFO o.a.j.t.JMeterThread: Thread finished: Thread Group 1-35
2020-05-05 20:45:40,497 INFO o.a.j.t.JMeterThread: Stopping because end time detected by thread: Thread Group 1-73
2020-05-05 20:45:40,498 INFO o.a.j.t.JMeterThread: Thread finished: Thread Group 1-73
2020-05-05 20:45:40,498 INFO o.a.j.t.JMeterThread: Stopping because end time detected by thread: Thread Group 1-75
2020-05-05 20:45:40,498 INFO o.a.j.t.JMeterThread: Thread finished: Thread Group 1-75
2020-05-05 20:45:40,516 INFO o.a.j.t.JMeterThread: Stopping because end time detected by thread: Thread Group 1-9
2020-05-05 20:45:40,516 INFO o.a.j.t.JMeterThread: Thread finished: Thread Group 1-9
2020-05-05 20:45:40,516 INFO o.a.j.t.JMeterThread: Stopping because end time detected by thread: Thread Group 1-24
2020-05-05 20:45:40,516 INFO o.a.j.t.JMeterThread: Thread finished: Thread Group 1-24
2020-05-05 20:45:40,544 INFO o.a.j.t.JMeterThread: Stopping because end time detected by thread: Thread Group 1-76
2020-05-05 20:45:40,544 INFO o.a.j.t.JMeterThread: Thread finished: Thread Group 1-76
2020-05-05 20:45:40,547 INFO o.a.j.t.JMeterThread: Stopping because end time detected by thread: Thread Group 1-50
2020-05-05 20:45:40,547 INFO o.a.j.t.JMeterThread: Thread finished: Thread Group 1-50
2020-05-05 20:45:40,552 INFO o.a.j.t.JMeterThread: Stopping because end time detected by thread: Thread Group 1-67
2020-05-05 20:45:40,553 INFO o.a.j.t.JMeterThread: Thread finished: Thread Group 1-67
2020-05-05 20:45:40,639 INFO o.a.j.t.JMeterThread: Stopping because end time detected by thread: Thread Group 1-70
2020-05-05 20:45:40,639 INFO o.a.j.t.JMeterThread: Thread finished: Thread Group 1-70
2020-05-05 20:45:40,696 INFO o.a.j.t.JMeterThread: Stopping because end time detected by thread: Thread Group 1-29
2020-05-05 20:45:40,696 INFO o.a.j.t.JMeterThread: Thread finished: Thread Group 1-29
2020-05-05 20:45:40,711 INFO o.a.j.t.JMeterThread: Stopping because end time detected by thread: Thread Group 1-42
2020-05-05 20:45:40,711 INFO o.a.j.t.JMeterThread: Stopping because end time detected by thread: Thread Group 1-45
2020-05-05 20:45:40,711 INFO o.a.j.t.JMeterThread: Thread finished: Thread Group 1-42
2020-05-05 20:45:40,711 INFO o.a.j.t.JMeterThread: Thread finished: Thread Group 1-45
2020-05-05 20:45:40,730 INFO o.a.j.t.JMeterThread: Stopping because end time detected by thread: Thread Group 1-79
2020-05-05 20:45:40,730 INFO o.a.j.t.JMeterThread: Thread finished: Thread Group 1-79
2020-05-05 20:45:40,770 INFO o.a.j.t.JMeterThread: Stopping because end time detected by thread: Thread Group 1-23
2020-05-05 20:45:40,770 INFO o.a.j.t.JMeterThread: Thread finished: Thread Group 1-23
2020-05-05 20:45:40,931 INFO o.a.j.t.JMeterThread: Stopping because end time detected by thread: Thread Group 1-17
2020-05-05 20:45:40,931 INFO o.a.j.t.JMeterThread: Thread finished: Thread Group 1-17
2020-05-05 20:45:40,973 INFO o.a.j.t.JMeterThread: Stopping because end time detected by thread: Thread Group 1-3
2020-05-05 20:45:40,973 INFO o.a.j.t.JMeterThread: Thread finished: Thread Group 1-3
2020-05-05 20:45:40,981 INFO o.a.j.t.JMeterThread: Stopping because end time detected by thread: Thread Group 1-30
2020-05-05 20:45:40,981 INFO o.a.j.t.JMeterThread: Thread finished: Thread Group 1-30
2020-05-05 20:45:40,987 INFO o.a.j.t.JMeterThread: Stopping because end time detected by thread: Thread Group 1-7
2020-05-05 20:45:40,987 INFO o.a.j.t.JMeterThread: Thread finished: Thread Group 1-7
2020-05-05 20:45:40,995 INFO o.a.j.t.JMeterThread: Stopping because end time detected by thread: Thread Group 1-37
2020-05-05 20:45:40,995 INFO o.a.j.t.JMeterThread: Thread finished: Thread Group 1-37
2020-05-05 20:45:41,224 INFO o.a.j.t.JMeterThread: Stopping because end time detected by thread: Thread Group 1-54
2020-05-05 20:45:41,224 INFO o.a.j.t.JMeterThread: Thread finished: Thread Group 1-54
2020-05-05 20:45:41,390 INFO o.a.j.t.JMeterThread: Stopping because end time detected by thread: Thread Group 1-46
2020-05-05 20:45:41,391 INFO o.a.j.t.JMeterThread: Thread finished: Thread Group 1-46
2020-05-05 20:45:41,435 INFO o.a.j.t.JMeterThread: Stopping because end time detected by thread: Thread Group 1-15
2020-05-05 20:45:41,435 INFO o.a.j.t.JMeterThread: Thread finished: Thread Group 1-15
2020-05-05 20:45:41,558 INFO o.a.j.t.JMeterThread: Stopping because end time detected by thread: Thread Group 1-20
2020-05-05 20:45:41,558 INFO o.a.j.t.JMeterThread: Thread finished: Thread Group 1-20
2020-05-05 20:45:42,048 INFO o.a.j.t.JMeterThread: Stopping because end time detected by thread: Thread Group 1-72
2020-05-05 20:45:42,049 INFO o.a.j.t.JMeterThread: Thread finished: Thread Group 1-72
2020-05-05 20:45:42,305 INFO o.a.j.t.JMeterThread: Stopping because end time detected by thread: Thread Group 1-58
2020-05-05 20:45:42,305 INFO o.a.j.t.JMeterThread: Thread finished: Thread Group 1-58
2020-05-05 20:45:42,370 INFO o.a.j.t.JMeterThread: Stopping because end time detected by thread: Thread Group 1-40
2020-05-05 20:45:42,371 INFO o.a.j.t.JMeterThread: Thread finished: Thread Group 1-40
2020-05-05 20:45:42,504 INFO o.a.j.t.JMeterThread: Stopping because end time detected by thread: Thread Group 1-53
2020-05-05 20:45:42,504 INFO o.a.j.t.JMeterThread: Thread finished: Thread Group 1-53
2020-05-05 20:45:42,632 INFO o.a.j.t.JMeterThread: Stopping because end time detected by thread: Thread Group 1-47
2020-05-05 20:45:42,632 INFO o.a.j.t.JMeterThread: Thread finished: Thread Group 1-47
2020-05-05 20:45:42,744 INFO o.a.j.t.JMeterThread: Stopping because end time detected by thread: Thread Group 1-49
2020-05-05 20:45:42,744 INFO o.a.j.t.JMeterThread: Thread finished: Thread Group 1-49
2020-05-05 20:45:42,914 INFO o.a.j.t.JMeterThread: Stopping because end time detected by thread: Thread Group 1-38
2020-05-05 20:45:42,914 INFO o.a.j.t.JMeterThread: Thread finished: Thread Group 1-38
2020-05-05 20:45:43,263 INFO o.a.j.t.JMeterThread: Stopping because end time detected by thread: Thread Group 1-12
2020-05-05 20:45:43,264 INFO o.a.j.t.JMeterThread: Thread finished: Thread Group 1-12
2020-05-05 20:45:43,459 INFO o.a.j.t.JMeterThread: Stopping because end time detected by thread: Thread Group 1-8
2020-05-05 20:45:43,459 INFO o.a.j.t.JMeterThread: Thread finished: Thread Group 1-8
2020-05-05 20:45:43,493 INFO o.a.j.t.JMeterThread: Stopping because end time detected by thread: Thread Group 1-56
2020-05-05 20:45:43,493 INFO o.a.j.t.JMeterThread: Thread finished: Thread Group 1-56
2020-05-05 20:45:43,650 INFO o.a.j.t.JMeterThread: Stopping because end time detected by thread: Thread Group 1-6
2020-05-05 20:45:43,651 INFO o.a.j.t.JMeterThread: Thread finished: Thread Group 1-6
2020-05-05 20:45:43,695 INFO o.a.j.t.JMeterThread: Stopping because end time detected by thread: Thread Group 1-13
2020-05-05 20:45:43,695 INFO o.a.j.t.JMeterThread: Thread finished: Thread Group 1-13
2020-05-05 20:45:43,781 INFO o.a.j.t.JMeterThread: Stopping because end time detected by thread: Thread Group 1-18
2020-05-05 20:45:43,782 INFO o.a.j.t.JMeterThread: Thread finished: Thread Group 1-18
2020-05-05 20:45:43,791 INFO o.a.j.t.JMeterThread: Stopping because end time detected by thread: Thread Group 1-10
2020-05-05 20:45:43,791 INFO o.a.j.t.JMeterThread: Thread finished: Thread Group 1-10
2020-05-05 20:45:44,008 INFO o.a.j.t.JMeterThread: Stopping because end time detected by thread: Thread Group 1-71
2020-05-05 20:45:44,008 INFO o.a.j.t.JMeterThread: Thread finished: Thread Group 1-71
2020-05-05 20:45:44,074 INFO o.a.j.t.JMeterThread: Stopping because end time detected by thread: Thread Group 1-27
2020-05-05 20:45:44,075 INFO o.a.j.t.JMeterThread: Thread finished: Thread Group 1-27
2020-05-05 20:45:44,181 INFO o.a.j.t.JMeterThread: Stopping because end time detected by thread: Thread Group 1-65
2020-05-05 20:45:44,182 INFO o.a.j.t.JMeterThread: Thread finished: Thread Group 1-65
2020-05-05 20:45:44,229 INFO o.a.j.t.JMeterThread: Stopping because end time detected by thread: Thread Group 1-60
2020-05-05 20:45:44,230 INFO o.a.j.t.JMeterThread: Thread finished: Thread Group 1-60
2020-05-05 20:45:44,530 INFO o.a.j.t.JMeterThread: Stopping because end time detected by thread: Thread Group 1-14
2020-05-05 20:45:44,531 INFO o.a.j.t.JMeterThread: Thread finished: Thread Group 1-14
2020-05-05 20:45:44,539 INFO o.a.j.t.JMeterThread: Stopping because end time detected by thread: Thread Group 1-25
2020-05-05 20:45:44,540 INFO o.a.j.t.JMeterThread: Thread finished: Thread Group 1-25
2020-05-05 20:45:44,658 INFO o.a.j.t.JMeterThread: Stopping because end time detected by thread: Thread Group 1-55
2020-05-05 20:45:44,659 INFO o.a.j.t.JMeterThread: Thread finished: Thread Group 1-55
2020-05-05 20:45:44,701 INFO o.a.j.t.JMeterThread: Stopping because end time detected by thread: Thread Group 1-77
2020-05-05 20:45:44,701 INFO o.a.j.t.JMeterThread: Thread finished: Thread Group 1-77
2020-05-05 20:45:44,737 INFO o.a.j.t.JMeterThread: Stopping because end time detected by thread: Thread Group 1-74
2020-05-05 20:45:44,737 INFO o.a.j.t.JMeterThread: Thread finished: Thread Group 1-74
2020-05-05 20:45:44,752 INFO o.a.j.t.JMeterThread: Stopping because end time detected by thread: Thread Group 1-41
2020-05-05 20:45:44,752 INFO o.a.j.t.JMeterThread: Thread finished: Thread Group 1-41
2020-05-05 20:45:44,969 INFO o.a.j.t.JMeterThread: Stopping because end time detected by thread: Thread Group 1-19
2020-05-05 20:45:44,969 INFO o.a.j.t.JMeterThread: Thread finished: Thread Group 1-19
2020-05-05 20:45:45,298 INFO o.a.j.t.JMeterThread: Stopping because end time detected by thread: Thread Group 1-66
2020-05-05 20:45:45,298 INFO o.a.j.t.JMeterThread: Thread finished: Thread Group 1-66
2020-05-05 20:45:45,340 INFO o.a.j.t.JMeterThread: Stopping because end time detected by thread: Thread Group 1-22
2020-05-05 20:45:45,340 INFO o.a.j.t.JMeterThread: Thread finished: Thread Group 1-22
2020-05-05 20:45:45,380 INFO o.a.j.t.JMeterThread: Stopping because end time detected by thread: Thread Group 1-78
2020-05-05 20:45:45,381 INFO o.a.j.t.JMeterThread: Thread finished: Thread Group 1-78
2020-05-05 20:45:45,530 INFO o.a.j.t.JMeterThread: Stopping because end time detected by thread: Thread Group 1-59
2020-05-05 20:45:45,530 INFO o.a.j.t.JMeterThread: Thread finished: Thread Group 1-59
2020-05-05 20:45:45,531 INFO o.a.j.t.JMeterThread: Stopping because end time detected by thread: Thread Group 1-51
2020-05-05 20:45:45,531 INFO o.a.j.t.JMeterThread: Stopping because end time detected by thread: Thread Group 1-2
2020-05-05 20:45:45,531 INFO o.a.j.t.JMeterThread: Thread finished: Thread Group 1-51
2020-05-05 20:45:45,531 INFO o.a.j.t.JMeterThread: Thread finished: Thread Group 1-2
2020-05-05 20:45:45,574 INFO o.a.j.t.JMeterThread: Stopping because end time detected by thread: Thread Group 1-68
2020-05-05 20:45:45,575 INFO o.a.j.t.JMeterThread: Thread finished: Thread Group 1-68
2020-05-05 20:45:45,733 INFO o.a.j.t.JMeterThread: Stopping because end time detected by thread: Thread Group 1-69
2020-05-05 20:45:45,733 INFO o.a.j.t.JMeterThread: Thread finished: Thread Group 1-69
2020-05-05 20:45:45,750 INFO o.a.j.t.JMeterThread: Stopping because end time detected by thread: Thread Group 1-32
2020-05-05 20:45:45,750 INFO o.a.j.t.JMeterThread: Thread finished: Thread Group 1-32
2020-05-05 20:45:45,826 INFO o.a.j.t.JMeterThread: Stopping because end time detected by thread: Thread Group 1-36
2020-05-05 20:45:45,827 INFO o.a.j.t.JMeterThread: Thread finished: Thread Group 1-36
2020-05-05 20:45:45,838 INFO o.a.j.t.JMeterThread: Stopping because end time detected by thread: Thread Group 1-64
2020-05-05 20:45:45,839 INFO o.a.j.t.JMeterThread: Thread finished: Thread Group 1-64
2020-05-05 20:45:46,174 INFO o.a.j.t.JMeterThread: Stopping because end time detected by thread: Thread Group 1-31
2020-05-05 20:45:46,174 INFO o.a.j.t.JMeterThread: Thread finished: Thread Group 1-31
2020-05-05 20:45:46,265 INFO o.a.j.t.JMeterThread: Stopping because end time detected by thread: Thread Group 1-26
2020-05-05 20:45:46,266 INFO o.a.j.t.JMeterThread: Thread finished: Thread Group 1-26
2020-05-05 20:45:46,273 INFO o.a.j.t.JMeterThread: Stopping because end time detected by thread: Thread Group 1-33
2020-05-05 20:45:46,273 INFO o.a.j.t.JMeterThread: Thread finished: Thread Group 1-33
2020-05-05 20:45:46,454 INFO o.a.j.t.JMeterThread: Stopping because end time detected by thread: Thread Group 1-1
2020-05-05 20:45:46,454 INFO o.a.j.t.JMeterThread: Thread finished: Thread Group 1-1
2020-05-05 20:45:46,459 INFO o.a.j.t.JMeterThread: Stopping because end time detected by thread: Thread Group 1-21
2020-05-05 20:45:46,459 INFO o.a.j.t.JMeterThread: Thread finished: Thread Group 1-21
2020-05-05 20:45:46,483 INFO o.a.j.t.JMeterThread: Stopping because end time detected by thread: Thread Group 1-28
2020-05-05 20:45:46,483 INFO o.a.j.t.JMeterThread: Thread finished: Thread Group 1-28
2020-05-05 20:45:46,509 INFO o.a.j.t.JMeterThread: Stopping because end time detected by thread: Thread Group 1-52
2020-05-05 20:45:46,509 INFO o.a.j.t.JMeterThread: Thread finished: Thread Group 1-52
2020-05-05 20:45:46,546 INFO o.a.j.t.JMeterThread: Stopping because end time detected by thread: Thread Group 1-5
2020-05-05 20:45:46,546 INFO o.a.j.t.JMeterThread: Thread finished: Thread Group 1-5
2020-05-05 20:45:46,564 INFO o.a.j.t.JMeterThread: Stopping because end time detected by thread: Thread Group 1-16
2020-05-05 20:45:46,565 INFO o.a.j.t.JMeterThread: Thread finished: Thread Group 1-16
2020-05-05 20:45:46,610 INFO o.a.j.t.JMeterThread: Stopping because end time detected by thread: Thread Group 1-80
2020-05-05 20:45:46,610 INFO o.a.j.t.JMeterThread: Thread finished: Thread Group 1-80
2020-05-05 20:45:46,610 INFO o.a.j.t.JMeterThread: Stopping because end time detected by thread: Thread Group 1-57
2020-05-05 20:45:46,610 INFO o.a.j.t.JMeterThread: Thread finished: Thread Group 1-57
2020-05-05 20:45:46,632 INFO o.a.j.t.JMeterThread: Stopping because end time detected by thread: Thread Group 1-63
2020-05-05 20:45:46,633 INFO o.a.j.t.JMeterThread: Stopping because end time detected by thread: Thread Group 1-39
2020-05-05 20:45:46,633 INFO o.a.j.t.JMeterThread: Thread finished: Thread Group 1-63
2020-05-05 20:45:46,633 INFO o.a.j.t.JMeterThread: Thread finished: Thread Group 1-39
2020-05-05 20:45:46,641 INFO o.a.j.t.JMeterThread: Stopping because end time detected by thread: Thread Group 1-61
2020-05-05 20:45:46,642 INFO o.a.j.t.JMeterThread: Thread finished: Thread Group 1-61
2020-05-05 20:45:46,647 INFO o.a.j.t.JMeterThread: Stopping because end time detected by thread: Thread Group 1-44
2020-05-05 20:45:46,647 INFO o.a.j.t.JMeterThread: Thread finished: Thread Group 1-44
2020-05-05 20:45:46,648 INFO o.a.j.e.StandardJMeterEngine: Notifying test listeners of end of test
2020-05-05 20:45:46,650 INFO o.a.j.r.Summariser: summary +    366 in 00:00:17 =   22.0/s Avg:  4226 Min:   136 Max: 22376 Err:     0 (0.00%) Active: 0 Started: 80 Finished: 80
2020-05-05 20:45:46,651 INFO o.a.j.r.Summariser: summary =  17384 in 00:10:27 =   27.7/s Avg:  2822 Min:    33 Max: 36463 Err:     0 (0.00%)
