2020-05-05 20:45:48,904 INFO o.a.j.u.JMeterUtils: Setting Locale to en_US
2020-05-05 20:45:48,935 INFO o.a.j.JMeter: Loading user properties from: /home/pablo/jmeter/bin/user.properties
2020-05-05 20:45:48,936 INFO o.a.j.JMeter: Loading system properties from: /home/pablo/jmeter/bin/system.properties
2020-05-05 20:45:48,937 INFO o.a.j.JMeter: Setting System property: HILOS=160
2020-05-05 20:45:48,937 INFO o.a.j.JMeter: Setting System property: SUBIDA=25
2020-05-05 20:45:48,938 INFO o.a.j.JMeter: Setting System property: DURACION=625
2020-05-05 20:45:48,938 INFO o.a.j.JMeter: Setting System property: FILE=scriptresultsPerfmon160.jtl
2020-05-05 20:45:48,940 INFO o.a.j.JMeter: Copyright (c) 1998-2019 The Apache Software Foundation
2020-05-05 20:45:48,941 INFO o.a.j.JMeter: Version 5.2.1
2020-05-05 20:45:48,941 INFO o.a.j.JMeter: java.version=1.8.0_201
2020-05-05 20:45:48,941 INFO o.a.j.JMeter: java.vm.name=Java HotSpot(TM) 64-Bit Server VM
2020-05-05 20:45:48,941 INFO o.a.j.JMeter: os.name=Linux
2020-05-05 20:45:48,942 INFO o.a.j.JMeter: os.arch=amd64
2020-05-05 20:45:48,942 INFO o.a.j.JMeter: os.version=4.15.0-99-generic
2020-05-05 20:45:48,942 INFO o.a.j.JMeter: file.encoding=UTF-8
2020-05-05 20:45:48,942 INFO o.a.j.JMeter: java.awt.headless=true
2020-05-05 20:45:48,943 INFO o.a.j.JMeter: Max memory     =732954624
2020-05-05 20:45:48,943 INFO o.a.j.JMeter: Available Processors =4
2020-05-05 20:45:48,950 INFO o.a.j.JMeter: Default Locale=English (United States)
2020-05-05 20:45:48,951 INFO o.a.j.JMeter: JMeter  Locale=English (United States)
2020-05-05 20:45:48,951 INFO o.a.j.JMeter: JMeterHome=/home/pablo/jmeter
2020-05-05 20:45:48,951 INFO o.a.j.JMeter: user.dir  =/home/pablo/jmeter/bin/EJECUCIONES/P3_V3
2020-05-05 20:45:48,952 INFO o.a.j.JMeter: PWD       =/home/pablo/jmeter/bin/EJECUCIONES/P3_V3
2020-05-05 20:45:48,952 INFO o.a.j.JMeter: IP: 127.0.1.1 Name: hylianpablo FullName: hylianpablo
2020-05-05 20:45:48,961 INFO o.a.j.s.FileServer: Default base='/home/pablo/jmeter/bin/EJECUCIONES/P3_V3'
2020-05-05 20:45:48,971 INFO o.a.j.s.FileServer: Set new base='/home/pablo/jmeter/bin/EJECUCIONES/P3_V3/..'
2020-05-05 20:45:49,247 INFO o.a.j.s.SaveService: Testplan (JMX) version: 2.2. Testlog (JTL) version: 2.2
2020-05-05 20:45:49,266 INFO o.a.j.s.SaveService: Using SaveService properties file encoding UTF-8
2020-05-05 20:45:49,281 INFO o.a.j.s.SaveService: Using SaveService properties version 5.0
2020-05-05 20:45:49,302 INFO o.a.j.s.SaveService: Loading file: ../RecordP3_V2.jmx
2020-05-05 20:45:49,376 INFO o.a.j.p.h.c.CookieManager: Settings: Delete null: true Check: true Allow variable: true Save: false Prefix: COOKIE_
2020-05-05 20:45:49,422 INFO o.a.j.p.h.s.HTTPSamplerBase: Parser for text/html is org.apache.jmeter.protocol.http.parser.LagartoBasedHtmlParser
2020-05-05 20:45:49,422 INFO o.a.j.p.h.s.HTTPSamplerBase: Parser for application/xhtml+xml is org.apache.jmeter.protocol.http.parser.LagartoBasedHtmlParser
2020-05-05 20:45:49,422 INFO o.a.j.p.h.s.HTTPSamplerBase: Parser for application/xml is org.apache.jmeter.protocol.http.parser.LagartoBasedHtmlParser
2020-05-05 20:45:49,423 INFO o.a.j.p.h.s.HTTPSamplerBase: Parser for text/xml is org.apache.jmeter.protocol.http.parser.LagartoBasedHtmlParser
2020-05-05 20:45:49,423 INFO o.a.j.p.h.s.HTTPSamplerBase: Parser for text/vnd.wap.wml is org.apache.jmeter.protocol.http.parser.RegexpHTMLParser
2020-05-05 20:45:49,423 INFO o.a.j.p.h.s.HTTPSamplerBase: Parser for text/css is org.apache.jmeter.protocol.http.parser.CssParser
2020-05-05 20:45:49,541 INFO o.a.j.JMeter: Creating summariser <summary>
2020-05-05 20:45:49,557 INFO o.a.j.e.StandardJMeterEngine: Running the test!
2020-05-05 20:45:49,560 INFO o.a.j.s.SampleEvent: List of sample_variables: []
2020-05-05 20:45:49,561 INFO o.a.j.s.SampleEvent: List of sample_variables: []
2020-05-05 20:45:49,573 INFO o.a.j.e.u.CompoundVariable: Note: Function class names must contain the string: '.functions.'
2020-05-05 20:45:49,574 INFO o.a.j.e.u.CompoundVariable: Note: Function class names must not contain the string: '.gui.'
2020-05-05 20:45:50,420 INFO o.a.j.JMeter: Running test (1588704350420)
2020-05-05 20:45:50,501 INFO o.a.j.e.StandardJMeterEngine: Starting ThreadGroup: 1 : Thread Group
2020-05-05 20:45:50,501 INFO o.a.j.e.StandardJMeterEngine: Starting 160 threads for group Thread Group.
2020-05-05 20:45:50,502 INFO o.a.j.e.StandardJMeterEngine: Thread will continue on error
2020-05-05 20:45:50,502 INFO o.a.j.t.ThreadGroup: Starting thread group... number=1 threads=160 ramp-up=25 delayedStart=false
2020-05-05 20:45:50,551 INFO o.a.j.t.JMeterThread: Thread started: Thread Group 1-1
2020-05-05 20:45:50,617 INFO o.a.j.p.h.s.HTTPHCAbstractImpl: Local host = hylianpablo
2020-05-05 20:45:50,635 INFO o.a.j.p.h.s.HTTPHC4Impl: HTTP request retry count = 0
2020-05-05 20:45:50,643 INFO o.a.j.s.SampleResult: Note: Sample TimeStamps are START times
2020-05-05 20:45:50,643 INFO o.a.j.s.SampleResult: sampleresult.default.encoding is set to ISO-8859-1
2020-05-05 20:45:50,643 INFO o.a.j.s.SampleResult: sampleresult.useNanoTime=true
2020-05-05 20:45:50,643 INFO o.a.j.s.SampleResult: sampleresult.nanoThreadSleep=5000
2020-05-05 20:45:50,701 INFO o.a.j.t.JMeterThread: Thread started: Thread Group 1-2
2020-05-05 20:45:50,822 INFO o.a.j.t.JMeterThread: Thread started: Thread Group 1-3
2020-05-05 20:45:50,923 INFO o.a.j.t.ThreadGroup: Started thread group number 1
2020-05-05 20:45:50,924 INFO o.a.j.e.StandardJMeterEngine: All thread groups have been started
2020-05-05 20:45:50,977 INFO o.a.j.t.JMeterThread: Thread started: Thread Group 1-4
2020-05-05 20:45:51,134 INFO o.a.j.t.JMeterThread: Thread started: Thread Group 1-5
2020-05-05 20:45:51,289 INFO o.a.j.t.JMeterThread: Thread started: Thread Group 1-6
2020-05-05 20:45:51,447 INFO o.a.j.t.JMeterThread: Thread started: Thread Group 1-7
2020-05-05 20:45:51,601 INFO o.a.j.t.JMeterThread: Thread started: Thread Group 1-8
2020-05-05 20:45:51,754 INFO o.a.j.t.JMeterThread: Thread started: Thread Group 1-9
2020-05-05 20:45:51,913 INFO o.a.j.t.JMeterThread: Thread started: Thread Group 1-10
2020-05-05 20:45:52,071 INFO o.a.j.t.JMeterThread: Thread started: Thread Group 1-11
2020-05-05 20:45:52,232 INFO o.a.j.t.JMeterThread: Thread started: Thread Group 1-12
2020-05-05 20:45:52,385 INFO o.a.j.t.JMeterThread: Thread started: Thread Group 1-13
2020-05-05 20:45:52,536 INFO o.a.j.t.JMeterThread: Thread started: Thread Group 1-14
2020-05-05 20:45:52,691 INFO o.a.j.t.JMeterThread: Thread started: Thread Group 1-15
2020-05-05 20:45:52,847 INFO o.a.j.t.JMeterThread: Thread started: Thread Group 1-16
2020-05-05 20:45:53,006 INFO o.a.j.t.JMeterThread: Thread started: Thread Group 1-17
2020-05-05 20:45:53,158 INFO o.a.j.t.JMeterThread: Thread started: Thread Group 1-18
2020-05-05 20:45:53,314 INFO o.a.j.t.JMeterThread: Thread started: Thread Group 1-19
2020-05-05 20:45:53,469 INFO o.a.j.t.JMeterThread: Thread started: Thread Group 1-20
2020-05-05 20:45:53,625 INFO o.a.j.t.JMeterThread: Thread started: Thread Group 1-21
2020-05-05 20:45:53,782 INFO o.a.j.t.JMeterThread: Thread started: Thread Group 1-22
2020-05-05 20:45:53,942 INFO o.a.j.t.JMeterThread: Thread started: Thread Group 1-23
2020-05-05 20:45:54,096 INFO o.a.j.t.JMeterThread: Thread started: Thread Group 1-24
2020-05-05 20:45:54,249 INFO o.a.j.t.JMeterThread: Thread started: Thread Group 1-25
2020-05-05 20:45:54,408 INFO o.a.j.t.JMeterThread: Thread started: Thread Group 1-26
2020-05-05 20:45:54,561 INFO o.a.j.t.JMeterThread: Thread started: Thread Group 1-27
2020-05-05 20:45:54,718 INFO o.a.j.t.JMeterThread: Thread started: Thread Group 1-28
2020-05-05 20:45:54,876 INFO o.a.j.t.JMeterThread: Thread started: Thread Group 1-29
2020-05-05 20:45:55,030 INFO o.a.j.t.JMeterThread: Thread started: Thread Group 1-30
2020-05-05 20:45:55,187 INFO o.a.j.t.JMeterThread: Thread started: Thread Group 1-31
2020-05-05 20:45:55,343 INFO o.a.j.t.JMeterThread: Thread started: Thread Group 1-32
2020-05-05 20:45:55,499 INFO o.a.j.t.JMeterThread: Thread started: Thread Group 1-33
2020-05-05 20:45:55,657 INFO o.a.j.t.JMeterThread: Thread started: Thread Group 1-34
2020-05-05 20:45:55,815 INFO o.a.j.t.JMeterThread: Thread started: Thread Group 1-35
2020-05-05 20:45:55,966 INFO o.a.j.t.JMeterThread: Thread started: Thread Group 1-36
2020-05-05 20:45:56,123 INFO o.a.j.t.JMeterThread: Thread started: Thread Group 1-37
2020-05-05 20:45:56,276 INFO o.a.j.t.JMeterThread: Thread started: Thread Group 1-38
2020-05-05 20:45:56,434 INFO o.a.j.t.JMeterThread: Thread started: Thread Group 1-39
2020-05-05 20:45:56,589 INFO o.a.j.t.JMeterThread: Thread started: Thread Group 1-40
2020-05-05 20:45:56,749 INFO o.a.j.t.JMeterThread: Thread started: Thread Group 1-41
2020-05-05 20:45:56,902 INFO o.a.j.t.JMeterThread: Thread started: Thread Group 1-42
2020-05-05 20:45:57,058 INFO o.a.j.t.JMeterThread: Thread started: Thread Group 1-43
2020-05-05 20:45:57,213 INFO o.a.j.t.JMeterThread: Thread started: Thread Group 1-44
2020-05-05 20:45:57,369 INFO o.a.j.t.JMeterThread: Thread started: Thread Group 1-45
2020-05-05 20:45:57,528 INFO o.a.j.t.JMeterThread: Thread started: Thread Group 1-46
2020-05-05 20:45:57,681 INFO o.a.j.t.JMeterThread: Thread started: Thread Group 1-47
2020-05-05 20:45:57,839 INFO o.a.j.t.JMeterThread: Thread started: Thread Group 1-48
2020-05-05 20:45:57,994 INFO o.a.j.t.JMeterThread: Thread started: Thread Group 1-49
2020-05-05 20:45:58,150 INFO o.a.j.t.JMeterThread: Thread started: Thread Group 1-50
2020-05-05 20:45:58,308 INFO o.a.j.t.JMeterThread: Thread started: Thread Group 1-51
2020-05-05 20:45:58,464 INFO o.a.j.t.JMeterThread: Thread started: Thread Group 1-52
2020-05-05 20:45:58,618 INFO o.a.j.t.JMeterThread: Thread started: Thread Group 1-53
2020-05-05 20:45:58,772 INFO o.a.j.t.JMeterThread: Thread started: Thread Group 1-54
2020-05-05 20:45:58,928 INFO o.a.j.t.JMeterThread: Thread started: Thread Group 1-55
2020-05-05 20:45:59,085 INFO o.a.j.t.JMeterThread: Thread started: Thread Group 1-56
2020-05-05 20:45:59,241 INFO o.a.j.t.JMeterThread: Thread started: Thread Group 1-57
2020-05-05 20:45:59,398 INFO o.a.j.t.JMeterThread: Thread started: Thread Group 1-58
2020-05-05 20:45:59,553 INFO o.a.j.t.JMeterThread: Thread started: Thread Group 1-59
2020-05-05 20:45:59,711 INFO o.a.j.t.JMeterThread: Thread started: Thread Group 1-60
2020-05-05 20:45:59,874 INFO o.a.j.t.JMeterThread: Thread started: Thread Group 1-61
2020-05-05 20:46:00,023 INFO o.a.j.r.Summariser: summary +    265 in 00:00:10 =   27.6/s Avg:   584 Min:    35 Max:  6615 Err:     0 (0.00%) Active: 61 Started: 61 Finished: 0
2020-05-05 20:46:00,029 INFO o.a.j.t.JMeterThread: Thread started: Thread Group 1-62
2020-05-05 20:46:00,190 INFO o.a.j.t.JMeterThread: Thread started: Thread Group 1-63
2020-05-05 20:46:00,536 INFO o.a.j.t.JMeterThread: Thread started: Thread Group 1-64
2020-05-05 20:46:00,526 INFO o.a.j.t.JMeterThread: Thread started: Thread Group 1-65
2020-05-05 20:46:00,646 INFO o.a.j.t.JMeterThread: Thread started: Thread Group 1-66
2020-05-05 20:46:00,801 INFO o.a.j.t.JMeterThread: Thread started: Thread Group 1-67
2020-05-05 20:46:00,956 INFO o.a.j.t.JMeterThread: Thread started: Thread Group 1-68
2020-05-05 20:46:01,113 INFO o.a.j.t.JMeterThread: Thread started: Thread Group 1-69
2020-05-05 20:46:01,269 INFO o.a.j.t.JMeterThread: Thread started: Thread Group 1-70
2020-05-05 20:46:01,424 INFO o.a.j.t.JMeterThread: Thread started: Thread Group 1-71
2020-05-05 20:46:01,581 INFO o.a.j.t.JMeterThread: Thread started: Thread Group 1-72
2020-05-05 20:46:01,738 INFO o.a.j.t.JMeterThread: Thread started: Thread Group 1-73
2020-05-05 20:46:01,894 INFO o.a.j.t.JMeterThread: Thread started: Thread Group 1-74
2020-05-05 20:46:02,052 INFO o.a.j.t.JMeterThread: Thread started: Thread Group 1-75
2020-05-05 20:46:02,219 INFO o.a.j.t.JMeterThread: Thread started: Thread Group 1-76
2020-05-05 20:46:02,363 INFO o.a.j.t.JMeterThread: Thread started: Thread Group 1-77
2020-05-05 20:46:02,518 INFO o.a.j.t.JMeterThread: Thread started: Thread Group 1-78
2020-05-05 20:46:02,673 INFO o.a.j.t.JMeterThread: Thread started: Thread Group 1-79
2020-05-05 20:46:02,829 INFO o.a.j.t.JMeterThread: Thread started: Thread Group 1-80
2020-05-05 20:46:02,984 INFO o.a.j.t.JMeterThread: Thread started: Thread Group 1-81
2020-05-05 20:46:03,143 INFO o.a.j.t.JMeterThread: Thread started: Thread Group 1-82
2020-05-05 20:46:03,299 INFO o.a.j.t.JMeterThread: Thread started: Thread Group 1-83
2020-05-05 20:46:03,452 INFO o.a.j.t.JMeterThread: Thread started: Thread Group 1-84
2020-05-05 20:46:03,610 INFO o.a.j.t.JMeterThread: Thread started: Thread Group 1-85
2020-05-05 20:46:03,767 INFO o.a.j.t.JMeterThread: Thread started: Thread Group 1-86
2020-05-05 20:46:03,923 INFO o.a.j.t.JMeterThread: Thread started: Thread Group 1-87
2020-05-05 20:46:04,079 INFO o.a.j.t.JMeterThread: Thread started: Thread Group 1-88
2020-05-05 20:46:04,235 INFO o.a.j.t.JMeterThread: Thread started: Thread Group 1-89
2020-05-05 20:46:04,389 INFO o.a.j.t.JMeterThread: Thread started: Thread Group 1-90
2020-05-05 20:46:04,544 INFO o.a.j.t.JMeterThread: Thread started: Thread Group 1-91
2020-05-05 20:46:04,704 INFO o.a.j.t.JMeterThread: Thread started: Thread Group 1-92
2020-05-05 20:46:04,857 INFO o.a.j.t.JMeterThread: Thread started: Thread Group 1-93
2020-05-05 20:46:05,014 INFO o.a.j.t.JMeterThread: Thread started: Thread Group 1-94
2020-05-05 20:46:05,170 INFO o.a.j.t.JMeterThread: Thread started: Thread Group 1-95
2020-05-05 20:46:05,325 INFO o.a.j.t.JMeterThread: Thread started: Thread Group 1-96
2020-05-05 20:46:05,482 INFO o.a.j.t.JMeterThread: Thread started: Thread Group 1-97
2020-05-05 20:46:05,636 INFO o.a.j.t.JMeterThread: Thread started: Thread Group 1-98
2020-05-05 20:46:05,793 INFO o.a.j.t.JMeterThread: Thread started: Thread Group 1-99
2020-05-05 20:46:06,022 INFO o.a.j.t.JMeterThread: Thread started: Thread Group 1-100
2020-05-05 20:46:06,105 INFO o.a.j.t.JMeterThread: Thread started: Thread Group 1-101
2020-05-05 20:46:06,281 INFO o.a.j.t.JMeterThread: Thread started: Thread Group 1-102
2020-05-05 20:46:06,435 INFO o.a.j.t.JMeterThread: Thread started: Thread Group 1-103
2020-05-05 20:46:06,592 INFO o.a.j.t.JMeterThread: Thread started: Thread Group 1-104
2020-05-05 20:46:06,727 INFO o.a.j.t.JMeterThread: Thread started: Thread Group 1-105
2020-05-05 20:46:06,887 INFO o.a.j.t.JMeterThread: Thread started: Thread Group 1-106
2020-05-05 20:46:07,047 INFO o.a.j.t.JMeterThread: Thread started: Thread Group 1-107
2020-05-05 20:46:07,204 INFO o.a.j.t.JMeterThread: Thread started: Thread Group 1-108
2020-05-05 20:46:07,356 INFO o.a.j.t.JMeterThread: Thread started: Thread Group 1-109
2020-05-05 20:46:07,509 INFO o.a.j.t.JMeterThread: Thread started: Thread Group 1-110
2020-05-05 20:46:07,669 INFO o.a.j.t.JMeterThread: Thread started: Thread Group 1-111
2020-05-05 20:46:07,824 INFO o.a.j.t.JMeterThread: Thread started: Thread Group 1-112
2020-05-05 20:46:07,979 INFO o.a.j.t.JMeterThread: Thread started: Thread Group 1-113
2020-05-05 20:46:08,132 INFO o.a.j.t.JMeterThread: Thread started: Thread Group 1-114
2020-05-05 20:46:08,289 INFO o.a.j.t.JMeterThread: Thread started: Thread Group 1-115
2020-05-05 20:46:08,444 INFO o.a.j.t.JMeterThread: Thread started: Thread Group 1-116
2020-05-05 20:46:08,601 INFO o.a.j.t.JMeterThread: Thread started: Thread Group 1-117
2020-05-05 20:46:08,757 INFO o.a.j.t.JMeterThread: Thread started: Thread Group 1-118
2020-05-05 20:46:08,914 INFO o.a.j.t.JMeterThread: Thread started: Thread Group 1-119
2020-05-05 20:46:09,067 INFO o.a.j.t.JMeterThread: Thread started: Thread Group 1-120
2020-05-05 20:46:09,223 INFO o.a.j.t.JMeterThread: Thread started: Thread Group 1-121
2020-05-05 20:46:09,383 INFO o.a.j.t.JMeterThread: Thread started: Thread Group 1-122
2020-05-05 20:46:09,536 INFO o.a.j.t.JMeterThread: Thread started: Thread Group 1-123
2020-05-05 20:46:09,692 INFO o.a.j.t.JMeterThread: Thread started: Thread Group 1-124
2020-05-05 20:46:09,852 INFO o.a.j.t.JMeterThread: Thread started: Thread Group 1-125
2020-05-05 20:46:10,006 INFO o.a.j.t.JMeterThread: Thread started: Thread Group 1-126
2020-05-05 20:46:10,167 INFO o.a.j.t.JMeterThread: Thread started: Thread Group 1-127
2020-05-05 20:46:10,322 INFO o.a.j.t.JMeterThread: Thread started: Thread Group 1-128
2020-05-05 20:46:10,479 INFO o.a.j.t.JMeterThread: Thread started: Thread Group 1-129
2020-05-05 20:46:10,638 INFO o.a.j.t.JMeterThread: Thread started: Thread Group 1-130
2020-05-05 20:46:10,789 INFO o.a.j.t.JMeterThread: Thread started: Thread Group 1-131
2020-05-05 20:46:10,939 INFO o.a.j.t.JMeterThread: Thread started: Thread Group 1-132
2020-05-05 20:46:11,107 INFO o.a.j.t.JMeterThread: Thread started: Thread Group 1-133
2020-05-05 20:46:11,258 INFO o.a.j.t.JMeterThread: Thread started: Thread Group 1-134
2020-05-05 20:46:11,416 INFO o.a.j.t.JMeterThread: Thread started: Thread Group 1-135
2020-05-05 20:46:11,564 INFO o.a.j.t.JMeterThread: Thread started: Thread Group 1-136
2020-05-05 20:46:11,720 INFO o.a.j.t.JMeterThread: Thread started: Thread Group 1-137
2020-05-05 20:46:11,878 INFO o.a.j.t.JMeterThread: Thread started: Thread Group 1-138
2020-05-05 20:46:12,032 INFO o.a.j.t.JMeterThread: Thread started: Thread Group 1-139
2020-05-05 20:46:12,188 INFO o.a.j.t.JMeterThread: Thread started: Thread Group 1-140
2020-05-05 20:46:12,345 INFO o.a.j.t.JMeterThread: Thread started: Thread Group 1-141
2020-05-05 20:46:12,506 INFO o.a.j.t.JMeterThread: Thread started: Thread Group 1-142
2020-05-05 20:46:12,657 INFO o.a.j.t.JMeterThread: Thread started: Thread Group 1-143
2020-05-05 20:46:12,812 INFO o.a.j.t.JMeterThread: Thread started: Thread Group 1-144
2020-05-05 20:46:12,968 INFO o.a.j.t.JMeterThread: Thread started: Thread Group 1-145
2020-05-05 20:46:13,127 INFO o.a.j.t.JMeterThread: Thread started: Thread Group 1-146
2020-05-05 20:46:13,286 INFO o.a.j.t.JMeterThread: Thread started: Thread Group 1-147
2020-05-05 20:46:13,436 INFO o.a.j.t.JMeterThread: Thread started: Thread Group 1-148
2020-05-05 20:46:13,594 INFO o.a.j.t.JMeterThread: Thread started: Thread Group 1-149
2020-05-05 20:46:13,749 INFO o.a.j.t.JMeterThread: Thread started: Thread Group 1-150
2020-05-05 20:46:13,905 INFO o.a.j.t.JMeterThread: Thread started: Thread Group 1-151
2020-05-05 20:46:14,063 INFO o.a.j.t.JMeterThread: Thread started: Thread Group 1-152
2020-05-05 20:46:14,220 INFO o.a.j.t.JMeterThread: Thread started: Thread Group 1-153
2020-05-05 20:46:14,375 INFO o.a.j.t.JMeterThread: Thread started: Thread Group 1-154
2020-05-05 20:46:14,536 INFO o.a.j.t.JMeterThread: Thread started: Thread Group 1-155
2020-05-05 20:46:14,685 INFO o.a.j.t.JMeterThread: Thread started: Thread Group 1-156
2020-05-05 20:46:14,845 INFO o.a.j.t.JMeterThread: Thread started: Thread Group 1-157
2020-05-05 20:46:14,996 INFO o.a.j.t.JMeterThread: Thread started: Thread Group 1-158
2020-05-05 20:46:15,151 INFO o.a.j.t.JMeterThread: Thread started: Thread Group 1-159
2020-05-05 20:46:15,307 INFO o.a.j.t.JMeterThread: Thread started: Thread Group 1-160
2020-05-05 20:46:30,127 INFO o.a.j.r.Summariser: summary +    667 in 00:00:30 =   22.2/s Avg:  2691 Min:   145 Max: 28744 Err:     0 (0.00%) Active: 160 Started: 160 Finished: 0
2020-05-05 20:46:30,128 INFO o.a.j.r.Summariser: summary =    932 in 00:00:40 =   23.5/s Avg:  2092 Min:    35 Max: 28744 Err:     0 (0.00%)
2020-05-05 20:47:00,092 INFO o.a.j.r.Summariser: summary +    796 in 00:00:30 =   26.6/s Avg:  6441 Min:   139 Max: 42859 Err:     0 (0.00%) Active: 160 Started: 160 Finished: 0
2020-05-05 20:47:00,093 INFO o.a.j.r.Summariser: summary =   1728 in 00:01:10 =   24.8/s Avg:  4095 Min:    35 Max: 42859 Err:     0 (0.00%)
2020-05-05 20:47:30,003 INFO o.a.j.r.Summariser: summary +    964 in 00:00:30 =   32.2/s Avg:  4933 Min:   126 Max: 51040 Err:     0 (0.00%) Active: 160 Started: 160 Finished: 0
2020-05-05 20:47:30,006 INFO o.a.j.r.Summariser: summary =   2692 in 00:01:40 =   27.0/s Avg:  4395 Min:    35 Max: 51040 Err:     0 (0.00%)
2020-05-05 20:48:00,014 INFO o.a.j.r.Summariser: summary +    767 in 00:00:30 =   25.6/s Avg:  6257 Min:   141 Max: 49481 Err:     0 (0.00%) Active: 160 Started: 160 Finished: 0
2020-05-05 20:48:00,014 INFO o.a.j.r.Summariser: summary =   3459 in 00:02:10 =   26.7/s Avg:  4808 Min:    35 Max: 51040 Err:     0 (0.00%)
2020-05-05 20:48:30,068 INFO o.a.j.r.Summariser: summary +    939 in 00:00:30 =   31.2/s Avg:  5191 Min:    98 Max: 48923 Err:     0 (0.00%) Active: 160 Started: 160 Finished: 0
2020-05-05 20:48:30,069 INFO o.a.j.r.Summariser: summary =   4398 in 00:02:40 =   27.5/s Avg:  4890 Min:    35 Max: 51040 Err:     0 (0.00%)
2020-05-05 20:49:00,048 INFO o.a.j.r.Summariser: summary +    776 in 00:00:30 =   25.9/s Avg:  6236 Min:   165 Max: 48014 Err:     0 (0.00%) Active: 160 Started: 160 Finished: 0
2020-05-05 20:49:00,049 INFO o.a.j.r.Summariser: summary =   5174 in 00:03:10 =   27.3/s Avg:  5092 Min:    35 Max: 51040 Err:     0 (0.00%)
2020-05-05 20:49:30,045 INFO o.a.j.r.Summariser: summary +    885 in 00:00:30 =   29.5/s Avg:  5188 Min:   172 Max: 53291 Err:     0 (0.00%) Active: 160 Started: 160 Finished: 0
2020-05-05 20:49:30,046 INFO o.a.j.r.Summariser: summary =   6059 in 00:03:40 =   27.6/s Avg:  5106 Min:    35 Max: 53291 Err:     0 (0.00%)
2020-05-05 20:50:00,012 INFO o.a.j.r.Summariser: summary +    798 in 00:00:30 =   26.6/s Avg:  6033 Min:   110 Max: 49818 Err:     0 (0.00%) Active: 160 Started: 160 Finished: 0
2020-05-05 20:50:00,012 INFO o.a.j.r.Summariser: summary =   6857 in 00:04:10 =   27.5/s Avg:  5214 Min:    35 Max: 53291 Err:     0 (0.00%)
2020-05-05 20:50:30,046 INFO o.a.j.r.Summariser: summary +    851 in 00:00:30 =   28.3/s Avg:  5584 Min:   193 Max: 41786 Err:     0 (0.00%) Active: 160 Started: 160 Finished: 0
2020-05-05 20:50:30,047 INFO o.a.j.r.Summariser: summary =   7708 in 00:04:40 =   27.6/s Avg:  5255 Min:    35 Max: 53291 Err:     0 (0.00%)
2020-05-05 20:51:00,066 INFO o.a.j.r.Summariser: summary +    916 in 00:00:30 =   30.5/s Avg:  5557 Min:   140 Max: 47131 Err:     0 (0.00%) Active: 160 Started: 160 Finished: 0
2020-05-05 20:51:00,067 INFO o.a.j.r.Summariser: summary =   8624 in 00:05:10 =   27.9/s Avg:  5287 Min:    35 Max: 53291 Err:     0 (0.00%)
2020-05-05 20:51:30,065 INFO o.a.j.r.Summariser: summary +    758 in 00:00:30 =   25.3/s Avg:  6082 Min:   122 Max: 55501 Err:     0 (0.00%) Active: 160 Started: 160 Finished: 0
2020-05-05 20:51:30,065 INFO o.a.j.r.Summariser: summary =   9382 in 00:05:40 =   27.6/s Avg:  5351 Min:    35 Max: 55501 Err:     0 (0.00%)
2020-05-05 20:52:00,023 INFO o.a.j.r.Summariser: summary +    754 in 00:00:30 =   25.2/s Avg:  6021 Min:   113 Max: 50737 Err:     0 (0.00%) Active: 160 Started: 160 Finished: 0
2020-05-05 20:52:00,024 INFO o.a.j.r.Summariser: summary =  10136 in 00:06:10 =   27.4/s Avg:  5401 Min:    35 Max: 55501 Err:     0 (0.00%)
2020-05-05 20:52:30,011 INFO o.a.j.r.Summariser: summary +    821 in 00:00:30 =   27.4/s Avg:  6057 Min:   179 Max: 59092 Err:     0 (0.00%) Active: 160 Started: 160 Finished: 0
2020-05-05 20:52:30,011 INFO o.a.j.r.Summariser: summary =  10957 in 00:06:40 =   27.4/s Avg:  5450 Min:    35 Max: 59092 Err:     0 (0.00%)
2020-05-05 20:53:00,003 INFO o.a.j.r.Summariser: summary +    842 in 00:00:30 =   28.1/s Avg:  5763 Min:   147 Max: 47219 Err:     0 (0.00%) Active: 160 Started: 160 Finished: 0
2020-05-05 20:53:00,005 INFO o.a.j.r.Summariser: summary =  11799 in 00:07:10 =   27.5/s Avg:  5472 Min:    35 Max: 59092 Err:     0 (0.00%)
2020-05-05 20:53:30,003 INFO o.a.j.r.Summariser: summary +    762 in 00:00:30 =   25.4/s Avg:  6075 Min:   107 Max: 47733 Err:     0 (0.00%) Active: 160 Started: 160 Finished: 0
2020-05-05 20:53:30,003 INFO o.a.j.r.Summariser: summary =  12561 in 00:07:40 =   27.3/s Avg:  5509 Min:    35 Max: 59092 Err:     0 (0.00%)
2020-05-05 20:54:00,004 INFO o.a.j.r.Summariser: summary +    831 in 00:00:30 =   27.7/s Avg:  5623 Min:   139 Max: 59308 Err:     0 (0.00%) Active: 160 Started: 160 Finished: 0
2020-05-05 20:54:00,005 INFO o.a.j.r.Summariser: summary =  13392 in 00:08:10 =   27.4/s Avg:  5516 Min:    35 Max: 59308 Err:     0 (0.00%)
2020-05-05 20:54:30,021 INFO o.a.j.r.Summariser: summary +    757 in 00:00:30 =   25.2/s Avg:  6013 Min:   103 Max: 60601 Err:     0 (0.00%) Active: 160 Started: 160 Finished: 0
2020-05-05 20:54:30,022 INFO o.a.j.r.Summariser: summary =  14149 in 00:08:40 =   27.2/s Avg:  5542 Min:    35 Max: 60601 Err:     0 (0.00%)
2020-05-05 20:55:00,001 INFO o.a.j.r.Summariser: summary +    811 in 00:00:30 =   27.1/s Avg:  6254 Min:   139 Max: 65553 Err:     0 (0.00%) Active: 160 Started: 160 Finished: 0
2020-05-05 20:55:00,003 INFO o.a.j.r.Summariser: summary =  14960 in 00:09:10 =   27.2/s Avg:  5581 Min:    35 Max: 65553 Err:     0 (0.00%)
2020-05-05 20:55:30,013 INFO o.a.j.r.Summariser: summary +    759 in 00:00:30 =   25.3/s Avg:  5982 Min:   146 Max: 70879 Err:     0 (0.00%) Active: 160 Started: 160 Finished: 0
2020-05-05 20:55:30,014 INFO o.a.j.r.Summariser: summary =  15719 in 00:09:40 =   27.1/s Avg:  5600 Min:    35 Max: 70879 Err:     0 (0.00%)
2020-05-05 20:56:00,005 INFO o.a.j.r.Summariser: summary +    677 in 00:00:30 =   22.6/s Avg:  5931 Min:   131 Max: 73704 Err:     0 (0.00%) Active: 160 Started: 160 Finished: 0
2020-05-05 20:56:00,007 INFO o.a.j.r.Summariser: summary =  16396 in 00:10:10 =   26.9/s Avg:  5614 Min:    35 Max: 73704 Err:     0 (0.00%)
2020-05-05 20:56:15,715 INFO o.a.j.t.JMeterThread: Stopping because end time detected by thread: Thread Group 1-40
2020-05-05 20:56:15,716 INFO o.a.j.t.JMeterThread: Thread finished: Thread Group 1-40
2020-05-05 20:56:15,719 INFO o.a.j.t.JMeterThread: Stopping because end time detected by thread: Thread Group 1-64
2020-05-05 20:56:15,720 INFO o.a.j.t.JMeterThread: Thread finished: Thread Group 1-64
2020-05-05 20:56:15,758 INFO o.a.j.t.JMeterThread: Stopping because end time detected by thread: Thread Group 1-37
2020-05-05 20:56:15,759 INFO o.a.j.t.JMeterThread: Thread finished: Thread Group 1-37
2020-05-05 20:56:15,893 INFO o.a.j.t.JMeterThread: Stopping because end time detected by thread: Thread Group 1-55
2020-05-05 20:56:15,893 INFO o.a.j.t.JMeterThread: Thread finished: Thread Group 1-55
2020-05-05 20:56:15,972 INFO o.a.j.t.JMeterThread: Stopping because end time detected by thread: Thread Group 1-106
2020-05-05 20:56:15,972 INFO o.a.j.t.JMeterThread: Thread finished: Thread Group 1-106
2020-05-05 20:56:15,972 INFO o.a.j.t.JMeterThread: Stopping because end time detected by thread: Thread Group 1-29
2020-05-05 20:56:15,973 INFO o.a.j.t.JMeterThread: Thread finished: Thread Group 1-29
2020-05-05 20:56:16,003 INFO o.a.j.t.JMeterThread: Stopping because end time detected by thread: Thread Group 1-112
2020-05-05 20:56:16,003 INFO o.a.j.t.JMeterThread: Thread finished: Thread Group 1-112
2020-05-05 20:56:16,013 INFO o.a.j.t.JMeterThread: Stopping because end time detected by thread: Thread Group 1-132
2020-05-05 20:56:16,014 INFO o.a.j.t.JMeterThread: Thread finished: Thread Group 1-132
2020-05-05 20:56:16,036 INFO o.a.j.t.JMeterThread: Stopping because end time detected by thread: Thread Group 1-157
2020-05-05 20:56:16,036 INFO o.a.j.t.JMeterThread: Thread finished: Thread Group 1-157
2020-05-05 20:56:16,092 INFO o.a.j.t.JMeterThread: Stopping because end time detected by thread: Thread Group 1-27
2020-05-05 20:56:16,092 INFO o.a.j.t.JMeterThread: Thread finished: Thread Group 1-27
2020-05-05 20:56:16,128 INFO o.a.j.t.JMeterThread: Stopping because end time detected by thread: Thread Group 1-149
2020-05-05 20:56:16,128 INFO o.a.j.t.JMeterThread: Stopping because end time detected by thread: Thread Group 1-88
2020-05-05 20:56:16,128 INFO o.a.j.t.JMeterThread: Thread finished: Thread Group 1-149
2020-05-05 20:56:16,128 INFO o.a.j.t.JMeterThread: Thread finished: Thread Group 1-88
2020-05-05 20:56:16,155 INFO o.a.j.t.JMeterThread: Stopping because end time detected by thread: Thread Group 1-93
2020-05-05 20:56:16,155 INFO o.a.j.t.JMeterThread: Thread finished: Thread Group 1-93
2020-05-05 20:56:16,158 INFO o.a.j.t.JMeterThread: Stopping because end time detected by thread: Thread Group 1-145
2020-05-05 20:56:16,158 INFO o.a.j.t.JMeterThread: Thread finished: Thread Group 1-145
2020-05-05 20:56:16,231 INFO o.a.j.t.JMeterThread: Stopping because end time detected by thread: Thread Group 1-1
2020-05-05 20:56:16,231 INFO o.a.j.t.JMeterThread: Thread finished: Thread Group 1-1
2020-05-05 20:56:16,267 INFO o.a.j.t.JMeterThread: Stopping because end time detected by thread: Thread Group 1-148
2020-05-05 20:56:16,268 INFO o.a.j.t.JMeterThread: Thread finished: Thread Group 1-148
2020-05-05 20:56:16,281 INFO o.a.j.t.JMeterThread: Stopping because end time detected by thread: Thread Group 1-76
2020-05-05 20:56:16,282 INFO o.a.j.t.JMeterThread: Thread finished: Thread Group 1-76
2020-05-05 20:56:16,386 INFO o.a.j.t.JMeterThread: Stopping because end time detected by thread: Thread Group 1-35
2020-05-05 20:56:16,387 INFO o.a.j.t.JMeterThread: Thread finished: Thread Group 1-35
2020-05-05 20:56:16,439 INFO o.a.j.t.JMeterThread: Stopping because end time detected by thread: Thread Group 1-100
2020-05-05 20:56:16,439 INFO o.a.j.t.JMeterThread: Stopping because end time detected by thread: Thread Group 1-57
2020-05-05 20:56:16,439 INFO o.a.j.t.JMeterThread: Thread finished: Thread Group 1-100
2020-05-05 20:56:16,439 INFO o.a.j.t.JMeterThread: Thread finished: Thread Group 1-57
2020-05-05 20:56:16,536 INFO o.a.j.t.JMeterThread: Stopping because end time detected by thread: Thread Group 1-66
2020-05-05 20:56:16,537 INFO o.a.j.t.JMeterThread: Thread finished: Thread Group 1-66
2020-05-05 20:56:16,620 INFO o.a.j.t.JMeterThread: Stopping because end time detected by thread: Thread Group 1-53
2020-05-05 20:56:16,620 INFO o.a.j.t.JMeterThread: Thread finished: Thread Group 1-53
2020-05-05 20:56:16,659 INFO o.a.j.t.JMeterThread: Stopping because end time detected by thread: Thread Group 1-122
2020-05-05 20:56:16,659 INFO o.a.j.t.JMeterThread: Thread finished: Thread Group 1-122
2020-05-05 20:56:16,737 INFO o.a.j.t.JMeterThread: Stopping because end time detected by thread: Thread Group 1-107
2020-05-05 20:56:16,737 INFO o.a.j.t.JMeterThread: Thread finished: Thread Group 1-107
2020-05-05 20:56:16,903 INFO o.a.j.t.JMeterThread: Stopping because end time detected by thread: Thread Group 1-85
2020-05-05 20:56:16,903 INFO o.a.j.t.JMeterThread: Thread finished: Thread Group 1-85
2020-05-05 20:56:16,942 INFO o.a.j.t.JMeterThread: Stopping because end time detected by thread: Thread Group 1-143
2020-05-05 20:56:16,942 INFO o.a.j.t.JMeterThread: Thread finished: Thread Group 1-143
2020-05-05 20:56:16,996 INFO o.a.j.t.JMeterThread: Stopping because end time detected by thread: Thread Group 1-119
2020-05-05 20:56:16,997 INFO o.a.j.t.JMeterThread: Thread finished: Thread Group 1-119
2020-05-05 20:56:17,081 INFO o.a.j.t.JMeterThread: Stopping because end time detected by thread: Thread Group 1-34
2020-05-05 20:56:17,082 INFO o.a.j.t.JMeterThread: Thread finished: Thread Group 1-34
2020-05-05 20:56:17,262 INFO o.a.j.t.JMeterThread: Stopping because end time detected by thread: Thread Group 1-84
2020-05-05 20:56:17,262 INFO o.a.j.t.JMeterThread: Thread finished: Thread Group 1-84
2020-05-05 20:56:17,325 INFO o.a.j.t.JMeterThread: Stopping because end time detected by thread: Thread Group 1-2
2020-05-05 20:56:17,325 INFO o.a.j.t.JMeterThread: Thread finished: Thread Group 1-2
2020-05-05 20:56:17,334 INFO o.a.j.t.JMeterThread: Stopping because end time detected by thread: Thread Group 1-33
2020-05-05 20:56:17,334 INFO o.a.j.t.JMeterThread: Thread finished: Thread Group 1-33
2020-05-05 20:56:17,563 INFO o.a.j.t.JMeterThread: Stopping because end time detected by thread: Thread Group 1-56
2020-05-05 20:56:17,563 INFO o.a.j.t.JMeterThread: Thread finished: Thread Group 1-56
2020-05-05 20:56:17,583 INFO o.a.j.t.JMeterThread: Stopping because end time detected by thread: Thread Group 1-39
2020-05-05 20:56:17,583 INFO o.a.j.t.JMeterThread: Thread finished: Thread Group 1-39
2020-05-05 20:56:17,806 INFO o.a.j.t.JMeterThread: Stopping because end time detected by thread: Thread Group 1-3
2020-05-05 20:56:17,806 INFO o.a.j.t.JMeterThread: Thread finished: Thread Group 1-3
2020-05-05 20:56:17,943 INFO o.a.j.t.JMeterThread: Stopping because end time detected by thread: Thread Group 1-133
2020-05-05 20:56:17,943 INFO o.a.j.t.JMeterThread: Thread finished: Thread Group 1-133
2020-05-05 20:56:18,010 INFO o.a.j.t.JMeterThread: Stopping because end time detected by thread: Thread Group 1-16
2020-05-05 20:56:18,011 INFO o.a.j.t.JMeterThread: Thread finished: Thread Group 1-16
2020-05-05 20:56:18,147 INFO o.a.j.t.JMeterThread: Stopping because end time detected by thread: Thread Group 1-72
2020-05-05 20:56:18,147 INFO o.a.j.t.JMeterThread: Thread finished: Thread Group 1-72
2020-05-05 20:56:18,252 INFO o.a.j.t.JMeterThread: Stopping because end time detected by thread: Thread Group 1-6
2020-05-05 20:56:18,252 INFO o.a.j.t.JMeterThread: Thread finished: Thread Group 1-6
2020-05-05 20:56:18,516 INFO o.a.j.t.JMeterThread: Stopping because end time detected by thread: Thread Group 1-91
2020-05-05 20:56:18,517 INFO o.a.j.t.JMeterThread: Thread finished: Thread Group 1-91
2020-05-05 20:56:18,572 INFO o.a.j.t.JMeterThread: Stopping because end time detected by thread: Thread Group 1-69
2020-05-05 20:56:18,572 INFO o.a.j.t.JMeterThread: Thread finished: Thread Group 1-69
2020-05-05 20:56:18,642 INFO o.a.j.t.JMeterThread: Stopping because end time detected by thread: Thread Group 1-13
2020-05-05 20:56:18,643 INFO o.a.j.t.JMeterThread: Thread finished: Thread Group 1-13
2020-05-05 20:56:18,898 INFO o.a.j.t.JMeterThread: Stopping because end time detected by thread: Thread Group 1-101
2020-05-05 20:56:18,899 INFO o.a.j.t.JMeterThread: Thread finished: Thread Group 1-101
2020-05-05 20:56:18,969 INFO o.a.j.t.JMeterThread: Stopping because end time detected by thread: Thread Group 1-36
2020-05-05 20:56:18,969 INFO o.a.j.t.JMeterThread: Thread finished: Thread Group 1-36
2020-05-05 20:56:19,212 INFO o.a.j.t.JMeterThread: Stopping because end time detected by thread: Thread Group 1-125
2020-05-05 20:56:19,212 INFO o.a.j.t.JMeterThread: Thread finished: Thread Group 1-125
2020-05-05 20:56:19,478 INFO o.a.j.t.JMeterThread: Stopping because end time detected by thread: Thread Group 1-26
2020-05-05 20:56:19,479 INFO o.a.j.t.JMeterThread: Thread finished: Thread Group 1-26
2020-05-05 20:56:19,643 INFO o.a.j.t.JMeterThread: Stopping because end time detected by thread: Thread Group 1-11
2020-05-05 20:56:19,643 INFO o.a.j.t.JMeterThread: Thread finished: Thread Group 1-11
2020-05-05 20:56:19,874 INFO o.a.j.t.JMeterThread: Stopping because end time detected by thread: Thread Group 1-140
2020-05-05 20:56:19,874 INFO o.a.j.t.JMeterThread: Thread finished: Thread Group 1-140
2020-05-05 20:56:19,903 INFO o.a.j.t.JMeterThread: Stopping because end time detected by thread: Thread Group 1-156
2020-05-05 20:56:19,903 INFO o.a.j.t.JMeterThread: Stopping because end time detected by thread: Thread Group 1-75
2020-05-05 20:56:19,903 INFO o.a.j.t.JMeterThread: Thread finished: Thread Group 1-156
2020-05-05 20:56:19,903 INFO o.a.j.t.JMeterThread: Thread finished: Thread Group 1-75
2020-05-05 20:56:19,966 INFO o.a.j.t.JMeterThread: Stopping because end time detected by thread: Thread Group 1-134
2020-05-05 20:56:19,966 INFO o.a.j.t.JMeterThread: Thread finished: Thread Group 1-134
2020-05-05 20:56:20,194 INFO o.a.j.t.JMeterThread: Stopping because end time detected by thread: Thread Group 1-131
2020-05-05 20:56:20,194 INFO o.a.j.t.JMeterThread: Stopping because end time detected by thread: Thread Group 1-160
2020-05-05 20:56:20,194 INFO o.a.j.t.JMeterThread: Thread finished: Thread Group 1-131
2020-05-05 20:56:20,194 INFO o.a.j.t.JMeterThread: Thread finished: Thread Group 1-160
2020-05-05 20:56:20,197 INFO o.a.j.t.JMeterThread: Stopping because end time detected by thread: Thread Group 1-63
2020-05-05 20:56:20,197 INFO o.a.j.t.JMeterThread: Thread finished: Thread Group 1-63
2020-05-05 20:56:20,580 INFO o.a.j.t.JMeterThread: Stopping because end time detected by thread: Thread Group 1-25
2020-05-05 20:56:20,581 INFO o.a.j.t.JMeterThread: Thread finished: Thread Group 1-25
2020-05-05 20:56:20,766 INFO o.a.j.t.JMeterThread: Stopping because end time detected by thread: Thread Group 1-136
2020-05-05 20:56:20,767 INFO o.a.j.t.JMeterThread: Thread finished: Thread Group 1-136
2020-05-05 20:56:20,771 INFO o.a.j.t.JMeterThread: Stopping because end time detected by thread: Thread Group 1-5
2020-05-05 20:56:20,771 INFO o.a.j.t.JMeterThread: Thread finished: Thread Group 1-5
2020-05-05 20:56:21,564 INFO o.a.j.t.JMeterThread: Stopping because end time detected by thread: Thread Group 1-31
2020-05-05 20:56:21,564 INFO o.a.j.t.JMeterThread: Thread finished: Thread Group 1-31
2020-05-05 20:56:22,000 INFO o.a.j.t.JMeterThread: Stopping because end time detected by thread: Thread Group 1-99
2020-05-05 20:56:22,000 INFO o.a.j.t.JMeterThread: Thread finished: Thread Group 1-99
2020-05-05 20:56:22,465 INFO o.a.j.t.JMeterThread: Stopping because end time detected by thread: Thread Group 1-139
2020-05-05 20:56:22,465 INFO o.a.j.t.JMeterThread: Thread finished: Thread Group 1-139
2020-05-05 20:56:22,752 INFO o.a.j.t.JMeterThread: Stopping because end time detected by thread: Thread Group 1-19
2020-05-05 20:56:22,752 INFO o.a.j.t.JMeterThread: Thread finished: Thread Group 1-19
2020-05-05 20:56:22,976 INFO o.a.j.t.JMeterThread: Stopping because end time detected by thread: Thread Group 1-109
2020-05-05 20:56:22,976 INFO o.a.j.t.JMeterThread: Thread finished: Thread Group 1-109
2020-05-05 20:56:22,984 INFO o.a.j.t.JMeterThread: Stopping because end time detected by thread: Thread Group 1-83
2020-05-05 20:56:22,984 INFO o.a.j.t.JMeterThread: Thread finished: Thread Group 1-83
2020-05-05 20:56:23,216 INFO o.a.j.t.JMeterThread: Stopping because end time detected by thread: Thread Group 1-8
2020-05-05 20:56:23,217 INFO o.a.j.t.JMeterThread: Thread finished: Thread Group 1-8
2020-05-05 20:56:23,229 INFO o.a.j.t.JMeterThread: Stopping because end time detected by thread: Thread Group 1-130
2020-05-05 20:56:23,230 INFO o.a.j.t.JMeterThread: Thread finished: Thread Group 1-130
2020-05-05 20:56:23,279 INFO o.a.j.t.JMeterThread: Stopping because end time detected by thread: Thread Group 1-137
2020-05-05 20:56:23,279 INFO o.a.j.t.JMeterThread: Thread finished: Thread Group 1-137
2020-05-05 20:56:23,294 INFO o.a.j.t.JMeterThread: Stopping because end time detected by thread: Thread Group 1-158
2020-05-05 20:56:23,294 INFO o.a.j.t.JMeterThread: Thread finished: Thread Group 1-158
2020-05-05 20:56:23,332 INFO o.a.j.t.JMeterThread: Stopping because end time detected by thread: Thread Group 1-159
2020-05-05 20:56:23,333 INFO o.a.j.t.JMeterThread: Thread finished: Thread Group 1-159
2020-05-05 20:56:23,563 INFO o.a.j.t.JMeterThread: Stopping because end time detected by thread: Thread Group 1-104
2020-05-05 20:56:23,563 INFO o.a.j.t.JMeterThread: Thread finished: Thread Group 1-104
2020-05-05 20:56:23,690 INFO o.a.j.t.JMeterThread: Stopping because end time detected by thread: Thread Group 1-67
2020-05-05 20:56:23,691 INFO o.a.j.t.JMeterThread: Thread finished: Thread Group 1-67
2020-05-05 20:56:23,736 INFO o.a.j.t.JMeterThread: Stopping because end time detected by thread: Thread Group 1-118
2020-05-05 20:56:23,736 INFO o.a.j.t.JMeterThread: Thread finished: Thread Group 1-118
2020-05-05 20:56:23,794 INFO o.a.j.t.JMeterThread: Stopping because end time detected by thread: Thread Group 1-138
2020-05-05 20:56:23,795 INFO o.a.j.t.JMeterThread: Thread finished: Thread Group 1-138
2020-05-05 20:56:23,880 INFO o.a.j.t.JMeterThread: Stopping because end time detected by thread: Thread Group 1-52
2020-05-05 20:56:23,880 INFO o.a.j.t.JMeterThread: Thread finished: Thread Group 1-52
2020-05-05 20:56:23,971 INFO o.a.j.t.JMeterThread: Stopping because end time detected by thread: Thread Group 1-86
2020-05-05 20:56:23,971 INFO o.a.j.t.JMeterThread: Thread finished: Thread Group 1-86
2020-05-05 20:56:24,081 INFO o.a.j.t.JMeterThread: Stopping because end time detected by thread: Thread Group 1-80
2020-05-05 20:56:24,081 INFO o.a.j.t.JMeterThread: Thread finished: Thread Group 1-80
2020-05-05 20:56:24,196 INFO o.a.j.t.JMeterThread: Stopping because end time detected by thread: Thread Group 1-21
2020-05-05 20:56:24,196 INFO o.a.j.t.JMeterThread: Thread finished: Thread Group 1-21
2020-05-05 20:56:24,342 INFO o.a.j.t.JMeterThread: Stopping because end time detected by thread: Thread Group 1-45
2020-05-05 20:56:24,342 INFO o.a.j.t.JMeterThread: Thread finished: Thread Group 1-45
2020-05-05 20:56:24,587 INFO o.a.j.t.JMeterThread: Stopping because end time detected by thread: Thread Group 1-98
2020-05-05 20:56:24,587 INFO o.a.j.t.JMeterThread: Thread finished: Thread Group 1-98
2020-05-05 20:56:24,599 INFO o.a.j.t.JMeterThread: Stopping because end time detected by thread: Thread Group 1-61
2020-05-05 20:56:24,599 INFO o.a.j.t.JMeterThread: Thread finished: Thread Group 1-61
2020-05-05 20:56:24,613 INFO o.a.j.t.JMeterThread: Stopping because end time detected by thread: Thread Group 1-120
2020-05-05 20:56:24,613 INFO o.a.j.t.JMeterThread: Thread finished: Thread Group 1-120
2020-05-05 20:56:24,974 INFO o.a.j.t.JMeterThread: Stopping because end time detected by thread: Thread Group 1-82
2020-05-05 20:56:24,975 INFO o.a.j.t.JMeterThread: Thread finished: Thread Group 1-82
2020-05-05 20:56:25,027 INFO o.a.j.t.JMeterThread: Stopping because end time detected by thread: Thread Group 1-97
2020-05-05 20:56:25,027 INFO o.a.j.t.JMeterThread: Thread finished: Thread Group 1-97
2020-05-05 20:56:25,084 INFO o.a.j.t.JMeterThread: Stopping because end time detected by thread: Thread Group 1-43
2020-05-05 20:56:25,085 INFO o.a.j.t.JMeterThread: Thread finished: Thread Group 1-43
2020-05-05 20:56:25,091 INFO o.a.j.t.JMeterThread: Stopping because end time detected by thread: Thread Group 1-103
2020-05-05 20:56:25,091 INFO o.a.j.t.JMeterThread: Thread finished: Thread Group 1-103
2020-05-05 20:56:25,177 INFO o.a.j.t.JMeterThread: Stopping because end time detected by thread: Thread Group 1-47
2020-05-05 20:56:25,177 INFO o.a.j.t.JMeterThread: Thread finished: Thread Group 1-47
2020-05-05 20:56:25,243 INFO o.a.j.t.JMeterThread: Stopping because end time detected by thread: Thread Group 1-50
2020-05-05 20:56:25,243 INFO o.a.j.t.JMeterThread: Thread finished: Thread Group 1-50
2020-05-05 20:56:25,253 INFO o.a.j.t.JMeterThread: Stopping because end time detected by thread: Thread Group 1-81
2020-05-05 20:56:25,254 INFO o.a.j.t.JMeterThread: Thread finished: Thread Group 1-81
2020-05-05 20:56:25,267 INFO o.a.j.t.JMeterThread: Stopping because end time detected by thread: Thread Group 1-110
2020-05-05 20:56:25,268 INFO o.a.j.t.JMeterThread: Thread finished: Thread Group 1-110
2020-05-05 20:56:25,343 INFO o.a.j.t.JMeterThread: Stopping because end time detected by thread: Thread Group 1-23
2020-05-05 20:56:25,343 INFO o.a.j.t.JMeterThread: Thread finished: Thread Group 1-23
2020-05-05 20:56:25,422 INFO o.a.j.t.JMeterThread: Stopping because end time detected by thread: Thread Group 1-142
2020-05-05 20:56:25,422 INFO o.a.j.t.JMeterThread: Thread finished: Thread Group 1-142
2020-05-05 20:56:25,485 INFO o.a.j.t.JMeterThread: Stopping because end time detected by thread: Thread Group 1-4
2020-05-05 20:56:25,486 INFO o.a.j.t.JMeterThread: Thread finished: Thread Group 1-4
2020-05-05 20:56:25,874 INFO o.a.j.t.JMeterThread: Stopping because end time detected by thread: Thread Group 1-128
2020-05-05 20:56:25,875 INFO o.a.j.t.JMeterThread: Thread finished: Thread Group 1-128
2020-05-05 20:56:26,072 INFO o.a.j.t.JMeterThread: Stopping because end time detected by thread: Thread Group 1-79
2020-05-05 20:56:26,072 INFO o.a.j.t.JMeterThread: Thread finished: Thread Group 1-79
2020-05-05 20:56:26,072 INFO o.a.j.t.JMeterThread: Stopping because end time detected by thread: Thread Group 1-7
2020-05-05 20:56:26,073 INFO o.a.j.t.JMeterThread: Thread finished: Thread Group 1-7
2020-05-05 20:56:26,081 INFO o.a.j.t.JMeterThread: Stopping because end time detected by thread: Thread Group 1-123
2020-05-05 20:56:26,081 INFO o.a.j.t.JMeterThread: Thread finished: Thread Group 1-123
2020-05-05 20:56:26,095 INFO o.a.j.t.JMeterThread: Stopping because end time detected by thread: Thread Group 1-153
2020-05-05 20:56:26,095 INFO o.a.j.t.JMeterThread: Thread finished: Thread Group 1-153
2020-05-05 20:56:26,169 INFO o.a.j.t.JMeterThread: Stopping because end time detected by thread: Thread Group 1-152
2020-05-05 20:56:26,169 INFO o.a.j.t.JMeterThread: Thread finished: Thread Group 1-152
2020-05-05 20:56:26,553 INFO o.a.j.t.JMeterThread: Stopping because end time detected by thread: Thread Group 1-54
2020-05-05 20:56:26,554 INFO o.a.j.t.JMeterThread: Thread finished: Thread Group 1-54
2020-05-05 20:56:26,554 INFO o.a.j.t.JMeterThread: Stopping because end time detected by thread: Thread Group 1-12
2020-05-05 20:56:26,554 INFO o.a.j.t.JMeterThread: Stopping because end time detected by thread: Thread Group 1-18
2020-05-05 20:56:26,554 INFO o.a.j.t.JMeterThread: Thread finished: Thread Group 1-12
2020-05-05 20:56:26,554 INFO o.a.j.t.JMeterThread: Thread finished: Thread Group 1-18
2020-05-05 20:56:26,658 INFO o.a.j.t.JMeterThread: Stopping because end time detected by thread: Thread Group 1-154
2020-05-05 20:56:26,659 INFO o.a.j.t.JMeterThread: Thread finished: Thread Group 1-154
2020-05-05 20:56:26,686 INFO o.a.j.t.JMeterThread: Stopping because end time detected by thread: Thread Group 1-77
2020-05-05 20:56:26,686 INFO o.a.j.t.JMeterThread: Stopping because end time detected by thread: Thread Group 1-155
2020-05-05 20:56:26,686 INFO o.a.j.t.JMeterThread: Thread finished: Thread Group 1-155
2020-05-05 20:56:26,686 INFO o.a.j.t.JMeterThread: Thread finished: Thread Group 1-77
2020-05-05 20:56:26,849 INFO o.a.j.t.JMeterThread: Stopping because end time detected by thread: Thread Group 1-115
2020-05-05 20:56:26,849 INFO o.a.j.t.JMeterThread: Thread finished: Thread Group 1-115
2020-05-05 20:56:26,876 INFO o.a.j.t.JMeterThread: Stopping because end time detected by thread: Thread Group 1-59
2020-05-05 20:56:26,877 INFO o.a.j.t.JMeterThread: Thread finished: Thread Group 1-59
2020-05-05 20:56:26,903 INFO o.a.j.t.JMeterThread: Stopping because end time detected by thread: Thread Group 1-22
2020-05-05 20:56:26,903 INFO o.a.j.t.JMeterThread: Thread finished: Thread Group 1-22
2020-05-05 20:56:27,070 INFO o.a.j.t.JMeterThread: Stopping because end time detected by thread: Thread Group 1-68
2020-05-05 20:56:27,070 INFO o.a.j.t.JMeterThread: Thread finished: Thread Group 1-68
2020-05-05 20:56:27,105 INFO o.a.j.t.JMeterThread: Stopping because end time detected by thread: Thread Group 1-78
2020-05-05 20:56:27,105 INFO o.a.j.t.JMeterThread: Thread finished: Thread Group 1-78
2020-05-05 20:56:27,135 INFO o.a.j.t.JMeterThread: Stopping because end time detected by thread: Thread Group 1-65
2020-05-05 20:56:27,135 INFO o.a.j.t.JMeterThread: Thread finished: Thread Group 1-65
2020-05-05 20:56:27,158 INFO o.a.j.t.JMeterThread: Stopping because end time detected by thread: Thread Group 1-121
2020-05-05 20:56:27,158 INFO o.a.j.t.JMeterThread: Thread finished: Thread Group 1-121
2020-05-05 20:56:27,166 INFO o.a.j.t.JMeterThread: Stopping because end time detected by thread: Thread Group 1-146
2020-05-05 20:56:27,166 INFO o.a.j.t.JMeterThread: Thread finished: Thread Group 1-146
2020-05-05 20:56:27,473 INFO o.a.j.t.JMeterThread: Stopping because end time detected by thread: Thread Group 1-20
2020-05-05 20:56:27,473 INFO o.a.j.t.JMeterThread: Thread finished: Thread Group 1-20
2020-05-05 20:56:27,524 INFO o.a.j.t.JMeterThread: Stopping because end time detected by thread: Thread Group 1-24
2020-05-05 20:56:27,524 INFO o.a.j.t.JMeterThread: Thread finished: Thread Group 1-24
2020-05-05 20:56:27,548 INFO o.a.j.t.JMeterThread: Stopping because end time detected by thread: Thread Group 1-10
2020-05-05 20:56:27,549 INFO o.a.j.t.JMeterThread: Thread finished: Thread Group 1-10
2020-05-05 20:56:27,691 INFO o.a.j.t.JMeterThread: Stopping because end time detected by thread: Thread Group 1-108
2020-05-05 20:56:27,692 INFO o.a.j.t.JMeterThread: Thread finished: Thread Group 1-108
2020-05-05 20:56:27,737 INFO o.a.j.t.JMeterThread: Stopping because end time detected by thread: Thread Group 1-73
2020-05-05 20:56:27,737 INFO o.a.j.t.JMeterThread: Thread finished: Thread Group 1-73
2020-05-05 20:56:27,795 INFO o.a.j.t.JMeterThread: Stopping because end time detected by thread: Thread Group 1-14
2020-05-05 20:56:27,796 INFO o.a.j.t.JMeterThread: Thread finished: Thread Group 1-14
2020-05-05 20:56:27,799 INFO o.a.j.t.JMeterThread: Stopping because end time detected by thread: Thread Group 1-90
2020-05-05 20:56:27,799 INFO o.a.j.t.JMeterThread: Thread finished: Thread Group 1-90
2020-05-05 20:56:27,841 INFO o.a.j.t.JMeterThread: Stopping because end time detected by thread: Thread Group 1-92
2020-05-05 20:56:27,841 INFO o.a.j.t.JMeterThread: Thread finished: Thread Group 1-92
2020-05-05 20:56:27,911 INFO o.a.j.t.JMeterThread: Stopping because end time detected by thread: Thread Group 1-151
2020-05-05 20:56:27,912 INFO o.a.j.t.JMeterThread: Thread finished: Thread Group 1-151
2020-05-05 20:56:27,914 INFO o.a.j.t.JMeterThread: Stopping because end time detected by thread: Thread Group 1-58
2020-05-05 20:56:27,914 INFO o.a.j.t.JMeterThread: Thread finished: Thread Group 1-58
2020-05-05 20:56:27,989 INFO o.a.j.t.JMeterThread: Stopping because end time detected by thread: Thread Group 1-94
2020-05-05 20:56:27,989 INFO o.a.j.t.JMeterThread: Thread finished: Thread Group 1-94
2020-05-05 20:56:28,056 INFO o.a.j.t.JMeterThread: Stopping because end time detected by thread: Thread Group 1-17
2020-05-05 20:56:28,056 INFO o.a.j.t.JMeterThread: Thread finished: Thread Group 1-17
2020-05-05 20:56:28,074 INFO o.a.j.t.JMeterThread: Stopping because end time detected by thread: Thread Group 1-96
2020-05-05 20:56:28,074 INFO o.a.j.t.JMeterThread: Thread finished: Thread Group 1-96
2020-05-05 20:56:28,184 INFO o.a.j.t.JMeterThread: Stopping because end time detected by thread: Thread Group 1-74
2020-05-05 20:56:28,184 INFO o.a.j.t.JMeterThread: Thread finished: Thread Group 1-74
2020-05-05 20:56:28,425 INFO o.a.j.t.JMeterThread: Stopping because end time detected by thread: Thread Group 1-87
2020-05-05 20:56:28,425 INFO o.a.j.t.JMeterThread: Thread finished: Thread Group 1-87
2020-05-05 20:56:28,468 INFO o.a.j.t.JMeterThread: Stopping because end time detected by thread: Thread Group 1-71
2020-05-05 20:56:28,469 INFO o.a.j.t.JMeterThread: Thread finished: Thread Group 1-71
2020-05-05 20:56:28,482 INFO o.a.j.t.JMeterThread: Stopping because end time detected by thread: Thread Group 1-30
2020-05-05 20:56:28,482 INFO o.a.j.t.JMeterThread: Thread finished: Thread Group 1-30
2020-05-05 20:56:28,599 INFO o.a.j.t.JMeterThread: Stopping because end time detected by thread: Thread Group 1-51
2020-05-05 20:56:28,600 INFO o.a.j.t.JMeterThread: Thread finished: Thread Group 1-51
2020-05-05 20:56:28,637 INFO o.a.j.t.JMeterThread: Stopping because end time detected by thread: Thread Group 1-49
2020-05-05 20:56:28,638 INFO o.a.j.t.JMeterThread: Thread finished: Thread Group 1-49
2020-05-05 20:56:28,639 INFO o.a.j.t.JMeterThread: Stopping because end time detected by thread: Thread Group 1-113
2020-05-05 20:56:28,639 INFO o.a.j.t.JMeterThread: Thread finished: Thread Group 1-113
2020-05-05 20:56:28,659 INFO o.a.j.t.JMeterThread: Stopping because end time detected by thread: Thread Group 1-38
2020-05-05 20:56:28,660 INFO o.a.j.t.JMeterThread: Thread finished: Thread Group 1-38
2020-05-05 20:56:28,692 INFO o.a.j.t.JMeterThread: Stopping because end time detected by thread: Thread Group 1-60
2020-05-05 20:56:28,692 INFO o.a.j.t.JMeterThread: Thread finished: Thread Group 1-60
2020-05-05 20:56:28,725 INFO o.a.j.t.JMeterThread: Stopping because end time detected by thread: Thread Group 1-70
2020-05-05 20:56:28,725 INFO o.a.j.t.JMeterThread: Thread finished: Thread Group 1-70
2020-05-05 20:56:28,747 INFO o.a.j.t.JMeterThread: Stopping because end time detected by thread: Thread Group 1-95
2020-05-05 20:56:28,747 INFO o.a.j.t.JMeterThread: Thread finished: Thread Group 1-95
2020-05-05 20:56:28,753 INFO o.a.j.t.JMeterThread: Stopping because end time detected by thread: Thread Group 1-9
2020-05-05 20:56:28,753 INFO o.a.j.t.JMeterThread: Thread finished: Thread Group 1-9
2020-05-05 20:56:28,768 INFO o.a.j.t.JMeterThread: Stopping because end time detected by thread: Thread Group 1-28
2020-05-05 20:56:28,768 INFO o.a.j.t.JMeterThread: Thread finished: Thread Group 1-28
2020-05-05 20:56:28,794 INFO o.a.j.t.JMeterThread: Stopping because end time detected by thread: Thread Group 1-15
2020-05-05 20:56:28,794 INFO o.a.j.t.JMeterThread: Thread finished: Thread Group 1-15
2020-05-05 20:56:28,879 INFO o.a.j.t.JMeterThread: Stopping because end time detected by thread: Thread Group 1-141
2020-05-05 20:56:28,879 INFO o.a.j.t.JMeterThread: Thread finished: Thread Group 1-141
2020-05-05 20:56:29,048 INFO o.a.j.t.JMeterThread: Stopping because end time detected by thread: Thread Group 1-135
2020-05-05 20:56:29,048 INFO o.a.j.t.JMeterThread: Thread finished: Thread Group 1-135
2020-05-05 20:56:29,057 INFO o.a.j.t.JMeterThread: Stopping because end time detected by thread: Thread Group 1-48
2020-05-05 20:56:29,058 INFO o.a.j.t.JMeterThread: Thread finished: Thread Group 1-48
2020-05-05 20:56:29,093 INFO o.a.j.t.JMeterThread: Stopping because end time detected by thread: Thread Group 1-126
2020-05-05 20:56:29,093 INFO o.a.j.t.JMeterThread: Thread finished: Thread Group 1-126
2020-05-05 20:56:29,359 INFO o.a.j.t.JMeterThread: Stopping because end time detected by thread: Thread Group 1-44
2020-05-05 20:56:29,359 INFO o.a.j.t.JMeterThread: Thread finished: Thread Group 1-44
2020-05-05 20:56:29,360 INFO o.a.j.t.JMeterThread: Stopping because end time detected by thread: Thread Group 1-124
2020-05-05 20:56:29,361 INFO o.a.j.t.JMeterThread: Stopping because end time detected by thread: Thread Group 1-42
2020-05-05 20:56:29,359 INFO o.a.j.t.JMeterThread: Stopping because end time detected by thread: Thread Group 1-129
2020-05-05 20:56:29,361 INFO o.a.j.t.JMeterThread: Thread finished: Thread Group 1-124
2020-05-05 20:56:29,361 INFO o.a.j.t.JMeterThread: Thread finished: Thread Group 1-129
2020-05-05 20:56:29,361 INFO o.a.j.t.JMeterThread: Thread finished: Thread Group 1-42
2020-05-05 20:56:29,373 INFO o.a.j.t.JMeterThread: Stopping because end time detected by thread: Thread Group 1-41
2020-05-05 20:56:29,373 INFO o.a.j.t.JMeterThread: Thread finished: Thread Group 1-41
2020-05-05 20:56:29,395 INFO o.a.j.t.JMeterThread: Stopping because end time detected by thread: Thread Group 1-32
2020-05-05 20:56:29,396 INFO o.a.j.t.JMeterThread: Thread finished: Thread Group 1-32
2020-05-05 20:56:29,446 INFO o.a.j.t.JMeterThread: Stopping because end time detected by thread: Thread Group 1-117
2020-05-05 20:56:29,446 INFO o.a.j.t.JMeterThread: Thread finished: Thread Group 1-117
2020-05-05 20:56:29,532 INFO o.a.j.t.JMeterThread: Stopping because end time detected by thread: Thread Group 1-111
2020-05-05 20:56:29,532 INFO o.a.j.t.JMeterThread: Thread finished: Thread Group 1-111
2020-05-05 20:56:29,574 INFO o.a.j.t.JMeterThread: Stopping because end time detected by thread: Thread Group 1-127
2020-05-05 20:56:29,574 INFO o.a.j.t.JMeterThread: Thread finished: Thread Group 1-127
2020-05-05 20:56:29,584 INFO o.a.j.t.JMeterThread: Stopping because end time detected by thread: Thread Group 1-46
2020-05-05 20:56:29,584 INFO o.a.j.t.JMeterThread: Thread finished: Thread Group 1-46
2020-05-05 20:56:29,690 INFO o.a.j.t.JMeterThread: Stopping because end time detected by thread: Thread Group 1-62
2020-05-05 20:56:29,690 INFO o.a.j.t.JMeterThread: Thread finished: Thread Group 1-62
2020-05-05 20:56:29,696 INFO o.a.j.t.JMeterThread: Stopping because end time detected by thread: Thread Group 1-114
2020-05-05 20:56:29,697 INFO o.a.j.t.JMeterThread: Thread finished: Thread Group 1-114
2020-05-05 20:56:29,743 INFO o.a.j.t.JMeterThread: Stopping because end time detected by thread: Thread Group 1-102
2020-05-05 20:56:29,744 INFO o.a.j.t.JMeterThread: Thread finished: Thread Group 1-102
2020-05-05 20:56:29,813 INFO o.a.j.t.JMeterThread: Stopping because end time detected by thread: Thread Group 1-116
2020-05-05 20:56:29,813 INFO o.a.j.t.JMeterThread: Thread finished: Thread Group 1-116
2020-05-05 20:56:29,834 INFO o.a.j.t.JMeterThread: Stopping because end time detected by thread: Thread Group 1-89
2020-05-05 20:56:29,834 INFO o.a.j.t.JMeterThread: Thread finished: Thread Group 1-89
2020-05-05 20:56:29,892 INFO o.a.j.t.JMeterThread: Stopping because end time detected by thread: Thread Group 1-150
2020-05-05 20:56:29,892 INFO o.a.j.t.JMeterThread: Thread finished: Thread Group 1-150
2020-05-05 20:56:30,070 INFO o.a.j.r.Summariser: summary +    607 in 00:00:30 =   20.2/s Avg: 11857 Min:   100 Max: 75866 Err:     0 (0.00%) Active: 3 Started: 160 Finished: 157
2020-05-05 20:56:30,071 INFO o.a.j.r.Summariser: summary =  17003 in 00:10:40 =   26.6/s Avg:  5837 Min:    35 Max: 75866 Err:     0 (0.00%)
2020-05-05 20:56:30,071 INFO o.a.j.t.JMeterThread: Stopping because end time detected by thread: Thread Group 1-105
2020-05-05 20:56:30,071 INFO o.a.j.t.JMeterThread: Thread finished: Thread Group 1-105
2020-05-05 20:56:30,075 INFO o.a.j.t.JMeterThread: Stopping because end time detected by thread: Thread Group 1-144
2020-05-05 20:56:30,076 INFO o.a.j.t.JMeterThread: Thread finished: Thread Group 1-144
2020-05-05 20:56:30,081 INFO o.a.j.t.JMeterThread: Stopping because end time detected by thread: Thread Group 1-147
2020-05-05 20:56:30,081 INFO o.a.j.t.JMeterThread: Thread finished: Thread Group 1-147
2020-05-05 20:56:30,082 INFO o.a.j.e.StandardJMeterEngine: Notifying test listeners of end of test
2020-05-05 20:56:30,084 INFO o.a.j.r.Summariser: summary +      2 in 00:00:00 =  142.9/s Avg: 26024 Min: 24152 Max: 27897 Err:     0 (0.00%) Active: 0 Started: 160 Finished: 160
2020-05-05 20:56:30,084 INFO o.a.j.r.Summariser: summary =  17005 in 00:10:40 =   26.6/s Avg:  5839 Min:    35 Max: 75866 Err:     0 (0.00%)
