2020-05-07 15:52:43,568 INFO o.a.j.u.JMeterUtils: Setting Locale to en_US
2020-05-07 15:52:43,599 INFO o.a.j.JMeter: Loading user properties from: /home/pablo/jmeter/bin/user.properties
2020-05-07 15:52:43,600 INFO o.a.j.JMeter: Loading system properties from: /home/pablo/jmeter/bin/system.properties
2020-05-07 15:52:43,601 INFO o.a.j.JMeter: Setting System property: HILOS=80
2020-05-07 15:52:43,602 INFO o.a.j.JMeter: Setting System property: SUBIDA=20
2020-05-07 15:52:43,602 INFO o.a.j.JMeter: Setting System property: DURACION=620
2020-05-07 15:52:43,602 INFO o.a.j.JMeter: Setting System property: FILE=scriptresultsPerfmon80.jtl
2020-05-07 15:52:43,605 INFO o.a.j.JMeter: Copyright (c) 1998-2019 The Apache Software Foundation
2020-05-07 15:52:43,605 INFO o.a.j.JMeter: Version 5.2.1
2020-05-07 15:52:43,606 INFO o.a.j.JMeter: java.version=1.8.0_201
2020-05-07 15:52:43,606 INFO o.a.j.JMeter: java.vm.name=Java HotSpot(TM) 64-Bit Server VM
2020-05-07 15:52:43,606 INFO o.a.j.JMeter: os.name=Linux
2020-05-07 15:52:43,606 INFO o.a.j.JMeter: os.arch=amd64
2020-05-07 15:52:43,607 INFO o.a.j.JMeter: os.version=4.15.0-99-generic
2020-05-07 15:52:43,607 INFO o.a.j.JMeter: file.encoding=UTF-8
2020-05-07 15:52:43,607 INFO o.a.j.JMeter: java.awt.headless=true
2020-05-07 15:52:43,608 INFO o.a.j.JMeter: Max memory     =732954624
2020-05-07 15:52:43,608 INFO o.a.j.JMeter: Available Processors =4
2020-05-07 15:52:43,615 INFO o.a.j.JMeter: Default Locale=English (United States)
2020-05-07 15:52:43,616 INFO o.a.j.JMeter: JMeter  Locale=English (United States)
2020-05-07 15:52:43,616 INFO o.a.j.JMeter: JMeterHome=/home/pablo/jmeter
2020-05-07 15:52:43,616 INFO o.a.j.JMeter: user.dir  =/home/pablo/jmeter/bin/EJECUCIONES/P3_V3
2020-05-07 15:52:43,617 INFO o.a.j.JMeter: PWD       =/home/pablo/jmeter/bin/EJECUCIONES/P3_V3
2020-05-07 15:52:43,617 INFO o.a.j.JMeter: IP: 127.0.1.1 Name: hylianpablo FullName: hylianpablo
2020-05-07 15:52:43,626 INFO o.a.j.s.FileServer: Default base='/home/pablo/jmeter/bin/EJECUCIONES/P3_V3'
2020-05-07 15:52:43,638 INFO o.a.j.s.FileServer: Set new base='/home/pablo/jmeter/bin/EJECUCIONES/P3_V3/..'
2020-05-07 15:52:43,914 INFO o.a.j.s.SaveService: Testplan (JMX) version: 2.2. Testlog (JTL) version: 2.2
2020-05-07 15:52:43,932 INFO o.a.j.s.SaveService: Using SaveService properties file encoding UTF-8
2020-05-07 15:52:43,946 INFO o.a.j.s.SaveService: Using SaveService properties version 5.0
2020-05-07 15:52:43,966 INFO o.a.j.s.SaveService: Loading file: ../RecordP3_V2.jmx
2020-05-07 15:52:44,040 INFO o.a.j.p.h.c.CookieManager: Settings: Delete null: true Check: true Allow variable: true Save: false Prefix: COOKIE_
2020-05-07 15:52:44,083 INFO o.a.j.p.h.s.HTTPSamplerBase: Parser for text/html is org.apache.jmeter.protocol.http.parser.LagartoBasedHtmlParser
2020-05-07 15:52:44,084 INFO o.a.j.p.h.s.HTTPSamplerBase: Parser for application/xhtml+xml is org.apache.jmeter.protocol.http.parser.LagartoBasedHtmlParser
2020-05-07 15:52:44,084 INFO o.a.j.p.h.s.HTTPSamplerBase: Parser for application/xml is org.apache.jmeter.protocol.http.parser.LagartoBasedHtmlParser
2020-05-07 15:52:44,084 INFO o.a.j.p.h.s.HTTPSamplerBase: Parser for text/xml is org.apache.jmeter.protocol.http.parser.LagartoBasedHtmlParser
2020-05-07 15:52:44,085 INFO o.a.j.p.h.s.HTTPSamplerBase: Parser for text/vnd.wap.wml is org.apache.jmeter.protocol.http.parser.RegexpHTMLParser
2020-05-07 15:52:44,085 INFO o.a.j.p.h.s.HTTPSamplerBase: Parser for text/css is org.apache.jmeter.protocol.http.parser.CssParser
2020-05-07 15:52:44,202 INFO o.a.j.JMeter: Creating summariser <summary>
2020-05-07 15:52:44,215 INFO o.a.j.e.StandardJMeterEngine: Running the test!
2020-05-07 15:52:44,217 INFO o.a.j.s.SampleEvent: List of sample_variables: []
2020-05-07 15:52:44,218 INFO o.a.j.s.SampleEvent: List of sample_variables: []
2020-05-07 15:52:44,233 INFO o.a.j.e.u.CompoundVariable: Note: Function class names must contain the string: '.functions.'
2020-05-07 15:52:44,233 INFO o.a.j.e.u.CompoundVariable: Note: Function class names must not contain the string: '.gui.'
2020-05-07 15:52:45,095 INFO o.a.j.JMeter: Running test (1588859565095)
2020-05-07 15:52:45,190 INFO o.a.j.e.StandardJMeterEngine: Starting ThreadGroup: 1 : Thread Group
2020-05-07 15:52:45,190 INFO o.a.j.e.StandardJMeterEngine: Starting 80 threads for group Thread Group.
2020-05-07 15:52:45,190 INFO o.a.j.e.StandardJMeterEngine: Thread will continue on error
2020-05-07 15:52:45,191 INFO o.a.j.t.ThreadGroup: Starting thread group... number=1 threads=80 ramp-up=20 delayedStart=false
2020-05-07 15:52:45,213 INFO o.a.j.t.JMeterThread: Thread started: Thread Group 1-1
2020-05-07 15:52:45,284 INFO o.a.j.p.h.s.HTTPHCAbstractImpl: Local host = hylianpablo
2020-05-07 15:52:45,302 INFO o.a.j.p.h.s.HTTPHC4Impl: HTTP request retry count = 0
2020-05-07 15:52:45,309 INFO o.a.j.s.SampleResult: Note: Sample TimeStamps are START times
2020-05-07 15:52:45,310 INFO o.a.j.s.SampleResult: sampleresult.default.encoding is set to ISO-8859-1
2020-05-07 15:52:45,310 INFO o.a.j.s.SampleResult: sampleresult.useNanoTime=true
2020-05-07 15:52:45,310 INFO o.a.j.s.SampleResult: sampleresult.nanoThreadSleep=5000
2020-05-07 15:52:45,425 INFO o.a.j.t.ThreadGroup: Started thread group number 1
2020-05-07 15:52:45,425 INFO o.a.j.e.StandardJMeterEngine: All thread groups have been started
2020-05-07 15:52:45,449 INFO o.a.j.t.JMeterThread: Thread started: Thread Group 1-2
2020-05-07 15:52:45,697 INFO o.a.j.t.JMeterThread: Thread started: Thread Group 1-3
2020-05-07 15:52:45,947 INFO o.a.j.t.JMeterThread: Thread started: Thread Group 1-4
2020-05-07 15:52:46,196 INFO o.a.j.t.JMeterThread: Thread started: Thread Group 1-5
2020-05-07 15:52:46,455 INFO o.a.j.t.JMeterThread: Thread started: Thread Group 1-6
2020-05-07 15:52:46,701 INFO o.a.j.t.JMeterThread: Thread started: Thread Group 1-7
2020-05-07 15:52:46,951 INFO o.a.j.t.JMeterThread: Thread started: Thread Group 1-8
2020-05-07 15:52:47,197 INFO o.a.j.t.JMeterThread: Thread started: Thread Group 1-9
2020-05-07 15:52:47,445 INFO o.a.j.t.JMeterThread: Thread started: Thread Group 1-10
2020-05-07 15:52:47,696 INFO o.a.j.t.JMeterThread: Thread started: Thread Group 1-11
2020-05-07 15:52:47,953 INFO o.a.j.t.JMeterThread: Thread started: Thread Group 1-12
2020-05-07 15:52:48,200 INFO o.a.j.t.JMeterThread: Thread started: Thread Group 1-13
2020-05-07 15:52:48,449 INFO o.a.j.t.JMeterThread: Thread started: Thread Group 1-14
2020-05-07 15:52:48,700 INFO o.a.j.t.JMeterThread: Thread started: Thread Group 1-15
2020-05-07 15:52:48,951 INFO o.a.j.t.JMeterThread: Thread started: Thread Group 1-16
2020-05-07 15:52:49,200 INFO o.a.j.t.JMeterThread: Thread started: Thread Group 1-17
2020-05-07 15:52:49,448 INFO o.a.j.t.JMeterThread: Thread started: Thread Group 1-18
2020-05-07 15:52:49,696 INFO o.a.j.t.JMeterThread: Thread started: Thread Group 1-19
2020-05-07 15:52:49,946 INFO o.a.j.t.JMeterThread: Thread started: Thread Group 1-20
2020-05-07 15:52:50,196 INFO o.a.j.t.JMeterThread: Thread started: Thread Group 1-21
2020-05-07 15:52:50,448 INFO o.a.j.t.JMeterThread: Thread started: Thread Group 1-22
2020-05-07 15:52:50,699 INFO o.a.j.t.JMeterThread: Thread started: Thread Group 1-23
2020-05-07 15:52:50,944 INFO o.a.j.t.JMeterThread: Thread started: Thread Group 1-24
2020-05-07 15:52:51,194 INFO o.a.j.t.JMeterThread: Thread started: Thread Group 1-25
2020-05-07 15:52:51,443 INFO o.a.j.t.JMeterThread: Thread started: Thread Group 1-26
2020-05-07 15:52:51,693 INFO o.a.j.t.JMeterThread: Thread started: Thread Group 1-27
2020-05-07 15:52:51,947 INFO o.a.j.t.JMeterThread: Thread started: Thread Group 1-28
2020-05-07 15:52:52,195 INFO o.a.j.t.JMeterThread: Thread started: Thread Group 1-29
2020-05-07 15:52:52,449 INFO o.a.j.t.JMeterThread: Thread started: Thread Group 1-30
2020-05-07 15:52:52,695 INFO o.a.j.t.JMeterThread: Thread started: Thread Group 1-31
2020-05-07 15:52:52,944 INFO o.a.j.t.JMeterThread: Thread started: Thread Group 1-32
2020-05-07 15:52:53,195 INFO o.a.j.t.JMeterThread: Thread started: Thread Group 1-33
2020-05-07 15:52:53,457 INFO o.a.j.t.JMeterThread: Thread started: Thread Group 1-34
2020-05-07 15:52:53,698 INFO o.a.j.t.JMeterThread: Thread started: Thread Group 1-35
2020-05-07 15:52:53,953 INFO o.a.j.t.JMeterThread: Thread started: Thread Group 1-36
2020-05-07 15:52:54,199 INFO o.a.j.t.JMeterThread: Thread started: Thread Group 1-37
2020-05-07 15:52:54,448 INFO o.a.j.t.JMeterThread: Thread started: Thread Group 1-38
2020-05-07 15:52:54,698 INFO o.a.j.t.JMeterThread: Thread started: Thread Group 1-39
2020-05-07 15:52:54,943 INFO o.a.j.t.JMeterThread: Thread started: Thread Group 1-40
2020-05-07 15:52:55,193 INFO o.a.j.t.JMeterThread: Thread started: Thread Group 1-41
2020-05-07 15:52:55,444 INFO o.a.j.t.JMeterThread: Thread started: Thread Group 1-42
2020-05-07 15:52:55,696 INFO o.a.j.t.JMeterThread: Thread started: Thread Group 1-43
2020-05-07 15:52:55,943 INFO o.a.j.t.JMeterThread: Thread started: Thread Group 1-44
2020-05-07 15:52:56,192 INFO o.a.j.t.JMeterThread: Thread started: Thread Group 1-45
2020-05-07 15:52:56,442 INFO o.a.j.t.JMeterThread: Thread started: Thread Group 1-46
2020-05-07 15:52:56,693 INFO o.a.j.t.JMeterThread: Thread started: Thread Group 1-47
2020-05-07 15:52:56,943 INFO o.a.j.t.JMeterThread: Thread started: Thread Group 1-48
2020-05-07 15:52:57,193 INFO o.a.j.t.JMeterThread: Thread started: Thread Group 1-49
2020-05-07 15:52:57,445 INFO o.a.j.t.JMeterThread: Thread started: Thread Group 1-50
2020-05-07 15:52:57,694 INFO o.a.j.t.JMeterThread: Thread started: Thread Group 1-51
2020-05-07 15:52:57,944 INFO o.a.j.t.JMeterThread: Thread started: Thread Group 1-52
2020-05-07 15:52:58,195 INFO o.a.j.t.JMeterThread: Thread started: Thread Group 1-53
2020-05-07 15:52:58,445 INFO o.a.j.t.JMeterThread: Thread started: Thread Group 1-54
2020-05-07 15:52:58,694 INFO o.a.j.t.JMeterThread: Thread started: Thread Group 1-55
2020-05-07 15:52:58,944 INFO o.a.j.t.JMeterThread: Thread started: Thread Group 1-56
2020-05-07 15:52:59,194 INFO o.a.j.t.JMeterThread: Thread started: Thread Group 1-57
2020-05-07 15:52:59,445 INFO o.a.j.t.JMeterThread: Thread started: Thread Group 1-58
2020-05-07 15:52:59,695 INFO o.a.j.t.JMeterThread: Thread started: Thread Group 1-59
2020-05-07 15:52:59,952 INFO o.a.j.t.JMeterThread: Thread started: Thread Group 1-60
2020-05-07 15:53:00,037 INFO o.a.j.r.Summariser: summary +    369 in 00:00:15 =   24.7/s Avg:   773 Min:    32 Max:  7649 Err:     0 (0.00%) Active: 60 Started: 60 Finished: 0
2020-05-07 15:53:00,197 INFO o.a.j.t.JMeterThread: Thread started: Thread Group 1-61
2020-05-07 15:53:00,446 INFO o.a.j.t.JMeterThread: Thread started: Thread Group 1-62
2020-05-07 15:53:00,696 INFO o.a.j.t.JMeterThread: Thread started: Thread Group 1-63
2020-05-07 15:53:00,948 INFO o.a.j.t.JMeterThread: Thread started: Thread Group 1-64
2020-05-07 15:53:01,195 INFO o.a.j.t.JMeterThread: Thread started: Thread Group 1-65
2020-05-07 15:53:01,444 INFO o.a.j.t.JMeterThread: Thread started: Thread Group 1-66
2020-05-07 15:53:01,694 INFO o.a.j.t.JMeterThread: Thread started: Thread Group 1-67
2020-05-07 15:53:01,946 INFO o.a.j.t.JMeterThread: Thread started: Thread Group 1-68
2020-05-07 15:53:02,285 INFO o.a.j.t.JMeterThread: Thread started: Thread Group 1-69
2020-05-07 15:53:02,445 INFO o.a.j.t.JMeterThread: Thread started: Thread Group 1-70
2020-05-07 15:53:02,695 INFO o.a.j.t.JMeterThread: Thread started: Thread Group 1-71
2020-05-07 15:53:02,945 INFO o.a.j.t.JMeterThread: Thread started: Thread Group 1-72
2020-05-07 15:53:03,195 INFO o.a.j.t.JMeterThread: Thread started: Thread Group 1-73
2020-05-07 15:53:03,444 INFO o.a.j.t.JMeterThread: Thread started: Thread Group 1-74
2020-05-07 15:53:03,693 INFO o.a.j.t.JMeterThread: Thread started: Thread Group 1-75
2020-05-07 15:53:03,944 INFO o.a.j.t.JMeterThread: Thread started: Thread Group 1-76
2020-05-07 15:53:04,194 INFO o.a.j.t.JMeterThread: Thread started: Thread Group 1-77
2020-05-07 15:53:04,444 INFO o.a.j.t.JMeterThread: Thread started: Thread Group 1-78
2020-05-07 15:53:04,699 INFO o.a.j.t.JMeterThread: Thread started: Thread Group 1-79
2020-05-07 15:53:04,945 INFO o.a.j.t.JMeterThread: Thread started: Thread Group 1-80
2020-05-07 15:53:30,018 INFO o.a.j.r.Summariser: summary +    720 in 00:00:30 =   24.0/s Avg:  2704 Min:   171 Max: 25592 Err:     0 (0.00%) Active: 80 Started: 80 Finished: 0
2020-05-07 15:53:30,019 INFO o.a.j.r.Summariser: summary =   1089 in 00:00:45 =   24.2/s Avg:  2050 Min:    32 Max: 25592 Err:     0 (0.00%)
2020-05-07 15:54:00,038 INFO o.a.j.r.Summariser: summary +    810 in 00:00:30 =   27.0/s Avg:  2951 Min:   192 Max: 25365 Err:     0 (0.00%) Active: 80 Started: 80 Finished: 0
2020-05-07 15:54:00,039 INFO o.a.j.r.Summariser: summary =   1899 in 00:01:15 =   25.3/s Avg:  2434 Min:    32 Max: 25592 Err:     0 (0.00%)
2020-05-07 15:54:30,041 INFO o.a.j.r.Summariser: summary +    781 in 00:00:30 =   26.0/s Avg:  3129 Min:   121 Max: 28882 Err:     0 (0.00%) Active: 80 Started: 80 Finished: 0
2020-05-07 15:54:30,042 INFO o.a.j.r.Summariser: summary =   2680 in 00:01:45 =   25.5/s Avg:  2637 Min:    32 Max: 28882 Err:     0 (0.00%)
2020-05-07 15:55:00,034 INFO o.a.j.r.Summariser: summary +    857 in 00:00:30 =   28.6/s Avg:  2900 Min:   137 Max: 26738 Err:     0 (0.00%) Active: 80 Started: 80 Finished: 0
2020-05-07 15:55:00,035 INFO o.a.j.r.Summariser: summary =   3537 in 00:02:15 =   26.2/s Avg:  2700 Min:    32 Max: 28882 Err:     0 (0.00%)
2020-05-07 15:55:30,122 INFO o.a.j.r.Summariser: summary +    805 in 00:00:30 =   26.8/s Avg:  2891 Min:   122 Max: 23623 Err:     0 (0.00%) Active: 80 Started: 80 Finished: 0
2020-05-07 15:55:30,122 INFO o.a.j.r.Summariser: summary =   4342 in 00:02:45 =   26.3/s Avg:  2736 Min:    32 Max: 28882 Err:     0 (0.00%)
2020-05-07 15:56:00,029 INFO o.a.j.r.Summariser: summary +    821 in 00:00:30 =   27.5/s Avg:  2913 Min:   130 Max: 29989 Err:     0 (0.00%) Active: 80 Started: 80 Finished: 0
2020-05-07 15:56:00,030 INFO o.a.j.r.Summariser: summary =   5163 in 00:03:15 =   26.5/s Avg:  2764 Min:    32 Max: 29989 Err:     0 (0.00%)
2020-05-07 15:56:30,012 INFO o.a.j.r.Summariser: summary +    813 in 00:00:30 =   27.1/s Avg:  2905 Min:   130 Max: 28200 Err:     0 (0.00%) Active: 80 Started: 80 Finished: 0
2020-05-07 15:56:30,013 INFO o.a.j.r.Summariser: summary =   5976 in 00:03:45 =   26.6/s Avg:  2783 Min:    32 Max: 29989 Err:     0 (0.00%)
2020-05-07 15:57:00,085 INFO o.a.j.r.Summariser: summary +    834 in 00:00:30 =   27.7/s Avg:  2803 Min:    93 Max: 27756 Err:     0 (0.00%) Active: 80 Started: 80 Finished: 0
2020-05-07 15:57:00,085 INFO o.a.j.r.Summariser: summary =   6810 in 00:04:15 =   26.7/s Avg:  2786 Min:    32 Max: 29989 Err:     0 (0.00%)
2020-05-07 15:57:30,186 INFO o.a.j.r.Summariser: summary +    880 in 00:00:30 =   29.2/s Avg:  2866 Min:   143 Max: 26045 Err:     0 (0.00%) Active: 80 Started: 80 Finished: 0
2020-05-07 15:57:30,186 INFO o.a.j.r.Summariser: summary =   7690 in 00:04:45 =   27.0/s Avg:  2795 Min:    32 Max: 29989 Err:     0 (0.00%)
2020-05-07 15:58:00,050 INFO o.a.j.r.Summariser: summary +    809 in 00:00:30 =   27.1/s Avg:  2896 Min:   113 Max: 24442 Err:     0 (0.00%) Active: 80 Started: 80 Finished: 0
2020-05-07 15:58:00,051 INFO o.a.j.r.Summariser: summary =   8499 in 00:05:15 =   27.0/s Avg:  2804 Min:    32 Max: 29989 Err:     0 (0.00%)
2020-05-07 15:58:30,026 INFO o.a.j.r.Summariser: summary +    834 in 00:00:30 =   27.8/s Avg:  2814 Min:   145 Max: 24585 Err:     0 (0.00%) Active: 80 Started: 80 Finished: 0
2020-05-07 15:58:30,027 INFO o.a.j.r.Summariser: summary =   9333 in 00:05:45 =   27.1/s Avg:  2805 Min:    32 Max: 29989 Err:     0 (0.00%)
2020-05-07 15:59:00,018 INFO o.a.j.r.Summariser: summary +    834 in 00:00:30 =   27.8/s Avg:  2846 Min:   128 Max: 26409 Err:     0 (0.00%) Active: 80 Started: 80 Finished: 0
2020-05-07 15:59:00,019 INFO o.a.j.r.Summariser: summary =  10167 in 00:06:15 =   27.1/s Avg:  2809 Min:    32 Max: 29989 Err:     0 (0.00%)
2020-05-07 15:59:30,030 INFO o.a.j.r.Summariser: summary +    872 in 00:00:30 =   29.1/s Avg:  2857 Min:   172 Max: 24606 Err:     0 (0.00%) Active: 80 Started: 80 Finished: 0
2020-05-07 15:59:30,031 INFO o.a.j.r.Summariser: summary =  11039 in 00:06:45 =   27.3/s Avg:  2812 Min:    32 Max: 29989 Err:     0 (0.00%)
2020-05-07 16:00:00,034 INFO o.a.j.r.Summariser: summary +    853 in 00:00:30 =   28.4/s Avg:  2871 Min:   127 Max: 24431 Err:     0 (0.00%) Active: 80 Started: 80 Finished: 0
2020-05-07 16:00:00,035 INFO o.a.j.r.Summariser: summary =  11892 in 00:07:15 =   27.3/s Avg:  2817 Min:    32 Max: 29989 Err:     0 (0.00%)
2020-05-07 16:00:30,024 INFO o.a.j.r.Summariser: summary +    830 in 00:00:30 =   27.7/s Avg:  2903 Min:   114 Max: 24908 Err:     0 (0.00%) Active: 80 Started: 80 Finished: 0
2020-05-07 16:00:30,024 INFO o.a.j.r.Summariser: summary =  12722 in 00:07:45 =   27.4/s Avg:  2822 Min:    32 Max: 29989 Err:     0 (0.00%)
2020-05-07 16:01:00,007 INFO o.a.j.r.Summariser: summary +    788 in 00:00:30 =   26.3/s Avg:  2840 Min:   146 Max: 25142 Err:     0 (0.00%) Active: 80 Started: 80 Finished: 0
2020-05-07 16:01:00,008 INFO o.a.j.r.Summariser: summary =  13510 in 00:08:15 =   27.3/s Avg:  2823 Min:    32 Max: 29989 Err:     0 (0.00%)
2020-05-07 16:01:30,010 INFO o.a.j.r.Summariser: summary +    822 in 00:00:30 =   27.4/s Avg:  3123 Min:    91 Max: 31390 Err:     0 (0.00%) Active: 80 Started: 80 Finished: 0
2020-05-07 16:01:30,011 INFO o.a.j.r.Summariser: summary =  14332 in 00:08:45 =   27.3/s Avg:  2840 Min:    32 Max: 31390 Err:     0 (0.00%)
2020-05-07 16:02:00,024 INFO o.a.j.r.Summariser: summary +    751 in 00:00:30 =   25.0/s Avg:  3004 Min:   161 Max: 26767 Err:     0 (0.00%) Active: 80 Started: 80 Finished: 0
2020-05-07 16:02:00,025 INFO o.a.j.r.Summariser: summary =  15083 in 00:09:15 =   27.2/s Avg:  2849 Min:    32 Max: 31390 Err:     0 (0.00%)
2020-05-07 16:02:30,054 INFO o.a.j.r.Summariser: summary +    740 in 00:00:30 =   24.6/s Avg:  3314 Min:   116 Max: 26910 Err:     0 (0.00%) Active: 80 Started: 80 Finished: 0
2020-05-07 16:02:30,055 INFO o.a.j.r.Summariser: summary =  15823 in 00:09:45 =   27.0/s Avg:  2870 Min:    32 Max: 31390 Err:     0 (0.00%)
2020-05-07 16:03:00,011 INFO o.a.j.r.Summariser: summary +    860 in 00:00:30 =   28.7/s Avg:  2847 Min:   158 Max: 26599 Err:     0 (0.00%) Active: 80 Started: 80 Finished: 0
2020-05-07 16:03:00,012 INFO o.a.j.r.Summariser: summary =  16683 in 00:10:15 =   27.1/s Avg:  2869 Min:    32 Max: 31390 Err:     0 (0.00%)
2020-05-07 16:03:05,260 INFO o.a.j.t.JMeterThread: Stopping because end time detected by thread: Thread Group 1-2
2020-05-07 16:03:05,260 INFO o.a.j.t.JMeterThread: Thread finished: Thread Group 1-2
2020-05-07 16:03:05,313 INFO o.a.j.t.JMeterThread: Stopping because end time detected by thread: Thread Group 1-13
2020-05-07 16:03:05,313 INFO o.a.j.t.JMeterThread: Thread finished: Thread Group 1-13
2020-05-07 16:03:05,342 INFO o.a.j.t.JMeterThread: Stopping because end time detected by thread: Thread Group 1-5
2020-05-07 16:03:05,342 INFO o.a.j.t.JMeterThread: Thread finished: Thread Group 1-5
2020-05-07 16:03:05,348 INFO o.a.j.t.JMeterThread: Stopping because end time detected by thread: Thread Group 1-23
2020-05-07 16:03:05,348 INFO o.a.j.t.JMeterThread: Thread finished: Thread Group 1-23
2020-05-07 16:03:05,468 INFO o.a.j.t.JMeterThread: Stopping because end time detected by thread: Thread Group 1-40
2020-05-07 16:03:05,468 INFO o.a.j.t.JMeterThread: Thread finished: Thread Group 1-40
2020-05-07 16:03:05,472 INFO o.a.j.t.JMeterThread: Stopping because end time detected by thread: Thread Group 1-26
2020-05-07 16:03:05,472 INFO o.a.j.t.JMeterThread: Thread finished: Thread Group 1-26
2020-05-07 16:03:05,489 INFO o.a.j.t.JMeterThread: Stopping because end time detected by thread: Thread Group 1-75
2020-05-07 16:03:05,490 INFO o.a.j.t.JMeterThread: Thread finished: Thread Group 1-75
2020-05-07 16:03:05,537 INFO o.a.j.t.JMeterThread: Stopping because end time detected by thread: Thread Group 1-28
2020-05-07 16:03:05,538 INFO o.a.j.t.JMeterThread: Thread finished: Thread Group 1-28
2020-05-07 16:03:05,554 INFO o.a.j.t.JMeterThread: Stopping because end time detected by thread: Thread Group 1-32
2020-05-07 16:03:05,554 INFO o.a.j.t.JMeterThread: Thread finished: Thread Group 1-32
2020-05-07 16:03:05,632 INFO o.a.j.t.JMeterThread: Stopping because end time detected by thread: Thread Group 1-57
2020-05-07 16:03:05,632 INFO o.a.j.t.JMeterThread: Thread finished: Thread Group 1-57
2020-05-07 16:03:05,704 INFO o.a.j.t.JMeterThread: Stopping because end time detected by thread: Thread Group 1-68
2020-05-07 16:03:05,705 INFO o.a.j.t.JMeterThread: Thread finished: Thread Group 1-68
2020-05-07 16:03:05,726 INFO o.a.j.t.JMeterThread: Stopping because end time detected by thread: Thread Group 1-36
2020-05-07 16:03:05,726 INFO o.a.j.t.JMeterThread: Thread finished: Thread Group 1-36
2020-05-07 16:03:05,749 INFO o.a.j.t.JMeterThread: Stopping because end time detected by thread: Thread Group 1-45
2020-05-07 16:03:05,750 INFO o.a.j.t.JMeterThread: Thread finished: Thread Group 1-45
2020-05-07 16:03:05,836 INFO o.a.j.t.JMeterThread: Stopping because end time detected by thread: Thread Group 1-21
2020-05-07 16:03:05,836 INFO o.a.j.t.JMeterThread: Thread finished: Thread Group 1-21
2020-05-07 16:03:05,919 INFO o.a.j.t.JMeterThread: Stopping because end time detected by thread: Thread Group 1-54
2020-05-07 16:03:05,919 INFO o.a.j.t.JMeterThread: Thread finished: Thread Group 1-54
2020-05-07 16:03:05,976 INFO o.a.j.t.JMeterThread: Stopping because end time detected by thread: Thread Group 1-20
2020-05-07 16:03:05,976 INFO o.a.j.t.JMeterThread: Thread finished: Thread Group 1-20
2020-05-07 16:03:05,979 INFO o.a.j.t.JMeterThread: Stopping because end time detected by thread: Thread Group 1-12
2020-05-07 16:03:05,979 INFO o.a.j.t.JMeterThread: Thread finished: Thread Group 1-12
2020-05-07 16:03:06,006 INFO o.a.j.t.JMeterThread: Stopping because end time detected by thread: Thread Group 1-72
2020-05-07 16:03:06,007 INFO o.a.j.t.JMeterThread: Thread finished: Thread Group 1-72
2020-05-07 16:03:06,076 INFO o.a.j.t.JMeterThread: Stopping because end time detected by thread: Thread Group 1-25
2020-05-07 16:03:06,076 INFO o.a.j.t.JMeterThread: Thread finished: Thread Group 1-25
2020-05-07 16:03:06,092 INFO o.a.j.t.JMeterThread: Stopping because end time detected by thread: Thread Group 1-53
2020-05-07 16:03:06,092 INFO o.a.j.t.JMeterThread: Thread finished: Thread Group 1-53
2020-05-07 16:03:06,118 INFO o.a.j.t.JMeterThread: Stopping because end time detected by thread: Thread Group 1-27
2020-05-07 16:03:06,118 INFO o.a.j.t.JMeterThread: Thread finished: Thread Group 1-27
2020-05-07 16:03:06,129 INFO o.a.j.t.JMeterThread: Stopping because end time detected by thread: Thread Group 1-42
2020-05-07 16:03:06,129 INFO o.a.j.t.JMeterThread: Thread finished: Thread Group 1-42
2020-05-07 16:03:06,130 INFO o.a.j.t.JMeterThread: Stopping because end time detected by thread: Thread Group 1-50
2020-05-07 16:03:06,130 INFO o.a.j.t.JMeterThread: Thread finished: Thread Group 1-50
2020-05-07 16:03:06,510 INFO o.a.j.t.JMeterThread: Stopping because end time detected by thread: Thread Group 1-80
2020-05-07 16:03:06,511 INFO o.a.j.t.JMeterThread: Thread finished: Thread Group 1-80
2020-05-07 16:03:06,587 INFO o.a.j.t.JMeterThread: Stopping because end time detected by thread: Thread Group 1-22
2020-05-07 16:03:06,588 INFO o.a.j.t.JMeterThread: Thread finished: Thread Group 1-22
2020-05-07 16:03:07,068 INFO o.a.j.t.JMeterThread: Stopping because end time detected by thread: Thread Group 1-31
2020-05-07 16:03:07,068 INFO o.a.j.t.JMeterThread: Thread finished: Thread Group 1-31
2020-05-07 16:03:07,137 INFO o.a.j.t.JMeterThread: Stopping because end time detected by thread: Thread Group 1-10
2020-05-07 16:03:07,138 INFO o.a.j.t.JMeterThread: Thread finished: Thread Group 1-10
2020-05-07 16:03:07,139 INFO o.a.j.t.JMeterThread: Stopping because end time detected by thread: Thread Group 1-9
2020-05-07 16:03:07,139 INFO o.a.j.t.JMeterThread: Thread finished: Thread Group 1-9
2020-05-07 16:03:07,258 INFO o.a.j.t.JMeterThread: Stopping because end time detected by thread: Thread Group 1-33
2020-05-07 16:03:07,258 INFO o.a.j.t.JMeterThread: Thread finished: Thread Group 1-33
2020-05-07 16:03:07,275 INFO o.a.j.t.JMeterThread: Stopping because end time detected by thread: Thread Group 1-46
2020-05-07 16:03:07,276 INFO o.a.j.t.JMeterThread: Thread finished: Thread Group 1-46
2020-05-07 16:03:07,280 INFO o.a.j.t.JMeterThread: Stopping because end time detected by thread: Thread Group 1-56
2020-05-07 16:03:07,280 INFO o.a.j.t.JMeterThread: Thread finished: Thread Group 1-56
2020-05-07 16:03:07,384 INFO o.a.j.t.JMeterThread: Stopping because end time detected by thread: Thread Group 1-44
2020-05-07 16:03:07,385 INFO o.a.j.t.JMeterThread: Thread finished: Thread Group 1-44
2020-05-07 16:03:07,457 INFO o.a.j.t.JMeterThread: Stopping because end time detected by thread: Thread Group 1-11
2020-05-07 16:03:07,457 INFO o.a.j.t.JMeterThread: Thread finished: Thread Group 1-11
2020-05-07 16:03:07,566 INFO o.a.j.t.JMeterThread: Stopping because end time detected by thread: Thread Group 1-66
2020-05-07 16:03:07,567 INFO o.a.j.t.JMeterThread: Thread finished: Thread Group 1-66
2020-05-07 16:03:07,806 INFO o.a.j.t.JMeterThread: Stopping because end time detected by thread: Thread Group 1-64
2020-05-07 16:03:07,806 INFO o.a.j.t.JMeterThread: Thread finished: Thread Group 1-64
2020-05-07 16:03:07,848 INFO o.a.j.t.JMeterThread: Stopping because end time detected by thread: Thread Group 1-78
2020-05-07 16:03:07,848 INFO o.a.j.t.JMeterThread: Thread finished: Thread Group 1-78
2020-05-07 16:03:07,885 INFO o.a.j.t.JMeterThread: Stopping because end time detected by thread: Thread Group 1-65
2020-05-07 16:03:07,885 INFO o.a.j.t.JMeterThread: Thread finished: Thread Group 1-65
2020-05-07 16:03:07,978 INFO o.a.j.t.JMeterThread: Stopping because end time detected by thread: Thread Group 1-39
2020-05-07 16:03:07,978 INFO o.a.j.t.JMeterThread: Thread finished: Thread Group 1-39
2020-05-07 16:03:08,197 INFO o.a.j.t.JMeterThread: Stopping because end time detected by thread: Thread Group 1-52
2020-05-07 16:03:08,197 INFO o.a.j.t.JMeterThread: Thread finished: Thread Group 1-52
2020-05-07 16:03:08,427 INFO o.a.j.t.JMeterThread: Stopping because end time detected by thread: Thread Group 1-24
2020-05-07 16:03:08,428 INFO o.a.j.t.JMeterThread: Thread finished: Thread Group 1-24
2020-05-07 16:03:08,437 INFO o.a.j.t.JMeterThread: Stopping because end time detected by thread: Thread Group 1-6
2020-05-07 16:03:08,437 INFO o.a.j.t.JMeterThread: Thread finished: Thread Group 1-6
2020-05-07 16:03:08,470 INFO o.a.j.t.JMeterThread: Stopping because end time detected by thread: Thread Group 1-37
2020-05-07 16:03:08,470 INFO o.a.j.t.JMeterThread: Thread finished: Thread Group 1-37
2020-05-07 16:03:08,497 INFO o.a.j.t.JMeterThread: Stopping because end time detected by thread: Thread Group 1-1
2020-05-07 16:03:08,497 INFO o.a.j.t.JMeterThread: Thread finished: Thread Group 1-1
2020-05-07 16:03:08,636 INFO o.a.j.t.JMeterThread: Stopping because end time detected by thread: Thread Group 1-35
2020-05-07 16:03:08,637 INFO o.a.j.t.JMeterThread: Thread finished: Thread Group 1-35
2020-05-07 16:03:08,739 INFO o.a.j.t.JMeterThread: Stopping because end time detected by thread: Thread Group 1-34
2020-05-07 16:03:08,739 INFO o.a.j.t.JMeterThread: Thread finished: Thread Group 1-34
2020-05-07 16:03:08,908 INFO o.a.j.t.JMeterThread: Stopping because end time detected by thread: Thread Group 1-38
2020-05-07 16:03:08,908 INFO o.a.j.t.JMeterThread: Thread finished: Thread Group 1-38
2020-05-07 16:03:09,179 INFO o.a.j.t.JMeterThread: Stopping because end time detected by thread: Thread Group 1-3
2020-05-07 16:03:09,179 INFO o.a.j.t.JMeterThread: Thread finished: Thread Group 1-3
2020-05-07 16:03:09,347 INFO o.a.j.t.JMeterThread: Stopping because end time detected by thread: Thread Group 1-55
2020-05-07 16:03:09,347 INFO o.a.j.t.JMeterThread: Thread finished: Thread Group 1-55
2020-05-07 16:03:09,366 INFO o.a.j.t.JMeterThread: Stopping because end time detected by thread: Thread Group 1-15
2020-05-07 16:03:09,366 INFO o.a.j.t.JMeterThread: Thread finished: Thread Group 1-15
2020-05-07 16:03:09,415 INFO o.a.j.t.JMeterThread: Stopping because end time detected by thread: Thread Group 1-62
2020-05-07 16:03:09,415 INFO o.a.j.t.JMeterThread: Thread finished: Thread Group 1-62
2020-05-07 16:03:09,466 INFO o.a.j.t.JMeterThread: Stopping because end time detected by thread: Thread Group 1-79
2020-05-07 16:03:09,466 INFO o.a.j.t.JMeterThread: Thread finished: Thread Group 1-79
2020-05-07 16:03:09,472 INFO o.a.j.t.JMeterThread: Stopping because end time detected by thread: Thread Group 1-77
2020-05-07 16:03:09,472 INFO o.a.j.t.JMeterThread: Thread finished: Thread Group 1-77
2020-05-07 16:03:09,508 INFO o.a.j.t.JMeterThread: Stopping because end time detected by thread: Thread Group 1-8
2020-05-07 16:03:09,509 INFO o.a.j.t.JMeterThread: Thread finished: Thread Group 1-8
2020-05-07 16:03:09,527 INFO o.a.j.t.JMeterThread: Stopping because end time detected by thread: Thread Group 1-59
2020-05-07 16:03:09,527 INFO o.a.j.t.JMeterThread: Thread finished: Thread Group 1-59
2020-05-07 16:03:09,653 INFO o.a.j.t.JMeterThread: Stopping because end time detected by thread: Thread Group 1-67
2020-05-07 16:03:09,653 INFO o.a.j.t.JMeterThread: Thread finished: Thread Group 1-67
2020-05-07 16:03:09,682 INFO o.a.j.t.JMeterThread: Stopping because end time detected by thread: Thread Group 1-60
2020-05-07 16:03:09,683 INFO o.a.j.t.JMeterThread: Thread finished: Thread Group 1-60
2020-05-07 16:03:09,689 INFO o.a.j.t.JMeterThread: Stopping because end time detected by thread: Thread Group 1-29
2020-05-07 16:03:09,690 INFO o.a.j.t.JMeterThread: Thread finished: Thread Group 1-29
2020-05-07 16:03:09,697 INFO o.a.j.t.JMeterThread: Stopping because end time detected by thread: Thread Group 1-14
2020-05-07 16:03:09,697 INFO o.a.j.t.JMeterThread: Thread finished: Thread Group 1-14
2020-05-07 16:03:09,707 INFO o.a.j.t.JMeterThread: Stopping because end time detected by thread: Thread Group 1-49
2020-05-07 16:03:09,707 INFO o.a.j.t.JMeterThread: Thread finished: Thread Group 1-49
2020-05-07 16:03:09,841 INFO o.a.j.t.JMeterThread: Stopping because end time detected by thread: Thread Group 1-76
2020-05-07 16:03:09,841 INFO o.a.j.t.JMeterThread: Thread finished: Thread Group 1-76
2020-05-07 16:03:10,009 INFO o.a.j.t.JMeterThread: Stopping because end time detected by thread: Thread Group 1-70
2020-05-07 16:03:10,010 INFO o.a.j.t.JMeterThread: Thread finished: Thread Group 1-70
2020-05-07 16:03:10,097 INFO o.a.j.t.JMeterThread: Stopping because end time detected by thread: Thread Group 1-58
2020-05-07 16:03:10,097 INFO o.a.j.t.JMeterThread: Thread finished: Thread Group 1-58
2020-05-07 16:03:10,209 INFO o.a.j.t.JMeterThread: Stopping because end time detected by thread: Thread Group 1-61
2020-05-07 16:03:10,209 INFO o.a.j.t.JMeterThread: Thread finished: Thread Group 1-61
2020-05-07 16:03:10,248 INFO o.a.j.t.JMeterThread: Stopping because end time detected by thread: Thread Group 1-63
2020-05-07 16:03:10,249 INFO o.a.j.t.JMeterThread: Thread finished: Thread Group 1-63
2020-05-07 16:03:10,332 INFO o.a.j.t.JMeterThread: Stopping because end time detected by thread: Thread Group 1-30
2020-05-07 16:03:10,333 INFO o.a.j.t.JMeterThread: Thread finished: Thread Group 1-30
2020-05-07 16:03:10,789 INFO o.a.j.t.JMeterThread: Stopping because end time detected by thread: Thread Group 1-17
2020-05-07 16:03:10,790 INFO o.a.j.t.JMeterThread: Thread finished: Thread Group 1-17
2020-05-07 16:03:10,822 INFO o.a.j.t.JMeterThread: Stopping because end time detected by thread: Thread Group 1-18
2020-05-07 16:03:10,822 INFO o.a.j.t.JMeterThread: Thread finished: Thread Group 1-18
2020-05-07 16:03:10,842 INFO o.a.j.t.JMeterThread: Stopping because end time detected by thread: Thread Group 1-43
2020-05-07 16:03:10,842 INFO o.a.j.t.JMeterThread: Thread finished: Thread Group 1-43
2020-05-07 16:03:10,955 INFO o.a.j.t.JMeterThread: Stopping because end time detected by thread: Thread Group 1-4
2020-05-07 16:03:10,956 INFO o.a.j.t.JMeterThread: Thread finished: Thread Group 1-4
2020-05-07 16:03:10,976 INFO o.a.j.t.JMeterThread: Stopping because end time detected by thread: Thread Group 1-19
2020-05-07 16:03:10,976 INFO o.a.j.t.JMeterThread: Thread finished: Thread Group 1-19
2020-05-07 16:03:11,123 INFO o.a.j.t.JMeterThread: Stopping because end time detected by thread: Thread Group 1-47
2020-05-07 16:03:11,123 INFO o.a.j.t.JMeterThread: Thread finished: Thread Group 1-47
2020-05-07 16:03:11,166 INFO o.a.j.t.JMeterThread: Stopping because end time detected by thread: Thread Group 1-16
2020-05-07 16:03:11,166 INFO o.a.j.t.JMeterThread: Thread finished: Thread Group 1-16
2020-05-07 16:03:11,176 INFO o.a.j.t.JMeterThread: Stopping because end time detected by thread: Thread Group 1-48
2020-05-07 16:03:11,176 INFO o.a.j.t.JMeterThread: Thread finished: Thread Group 1-48
2020-05-07 16:03:11,178 INFO o.a.j.t.JMeterThread: Stopping because end time detected by thread: Thread Group 1-51
2020-05-07 16:03:11,178 INFO o.a.j.t.JMeterThread: Thread finished: Thread Group 1-51
2020-05-07 16:03:11,215 INFO o.a.j.t.JMeterThread: Stopping because end time detected by thread: Thread Group 1-41
2020-05-07 16:03:11,215 INFO o.a.j.t.JMeterThread: Thread finished: Thread Group 1-41
2020-05-07 16:03:11,232 INFO o.a.j.t.JMeterThread: Stopping because end time detected by thread: Thread Group 1-69
2020-05-07 16:03:11,232 INFO o.a.j.t.JMeterThread: Thread finished: Thread Group 1-69
2020-05-07 16:03:11,281 INFO o.a.j.t.JMeterThread: Stopping because end time detected by thread: Thread Group 1-71
2020-05-07 16:03:11,281 INFO o.a.j.t.JMeterThread: Thread finished: Thread Group 1-71
2020-05-07 16:03:11,377 INFO o.a.j.t.JMeterThread: Stopping because end time detected by thread: Thread Group 1-73
2020-05-07 16:03:11,377 INFO o.a.j.t.JMeterThread: Thread finished: Thread Group 1-73
2020-05-07 16:03:11,398 INFO o.a.j.t.JMeterThread: Stopping because end time detected by thread: Thread Group 1-74
2020-05-07 16:03:11,398 INFO o.a.j.t.JMeterThread: Thread finished: Thread Group 1-74
2020-05-07 16:03:11,400 INFO o.a.j.t.JMeterThread: Stopping because end time detected by thread: Thread Group 1-7
2020-05-07 16:03:11,400 INFO o.a.j.t.JMeterThread: Thread finished: Thread Group 1-7
2020-05-07 16:03:11,401 INFO o.a.j.e.StandardJMeterEngine: Notifying test listeners of end of test
2020-05-07 16:03:11,403 INFO o.a.j.r.Summariser: summary +    220 in 00:00:11 =   19.3/s Avg:  5346 Min:   206 Max: 22757 Err:     0 (0.00%) Active: 0 Started: 80 Finished: 80
2020-05-07 16:03:11,404 INFO o.a.j.r.Summariser: summary =  16903 in 00:10:26 =   27.0/s Avg:  2901 Min:    32 Max: 31390 Err:     0 (0.00%)
