2020-04-01 20:51:59,059 INFO o.a.j.u.JMeterUtils: Setting Locale to en_US
2020-04-01 20:51:59,088 INFO o.a.j.JMeter: Loading user properties from: /home/pablo/jmeter/bin/user.properties
2020-04-01 20:51:59,089 INFO o.a.j.JMeter: Loading system properties from: /home/pablo/jmeter/bin/system.properties
2020-04-01 20:51:59,089 INFO o.a.j.JMeter: Setting System property: HILOS=75
2020-04-01 20:51:59,090 INFO o.a.j.JMeter: Setting System property: SUBIDA=30
2020-04-01 20:51:59,090 INFO o.a.j.JMeter: Setting System property: DURACION=270
2020-04-01 20:51:59,090 INFO o.a.j.JMeter: Setting System property: PAGE=/test/imageng.html
2020-04-01 20:51:59,091 INFO o.a.j.JMeter: Setting System property: FILE=scriptresultsperfmonG75.jtl
2020-04-01 20:51:59,093 INFO o.a.j.JMeter: Copyright (c) 1998-2019 The Apache Software Foundation
2020-04-01 20:51:59,094 INFO o.a.j.JMeter: Version 5.2.1
2020-04-01 20:51:59,094 INFO o.a.j.JMeter: java.version=1.8.0_201
2020-04-01 20:51:59,094 INFO o.a.j.JMeter: java.vm.name=Java HotSpot(TM) 64-Bit Server VM
2020-04-01 20:51:59,094 INFO o.a.j.JMeter: os.name=Linux
2020-04-01 20:51:59,095 INFO o.a.j.JMeter: os.arch=amd64
2020-04-01 20:51:59,095 INFO o.a.j.JMeter: os.version=4.15.0-91-generic
2020-04-01 20:51:59,095 INFO o.a.j.JMeter: file.encoding=UTF-8
2020-04-01 20:51:59,095 INFO o.a.j.JMeter: java.awt.headless=true
2020-04-01 20:51:59,096 INFO o.a.j.JMeter: Max memory     =732954624
2020-04-01 20:51:59,096 INFO o.a.j.JMeter: Available Processors =4
2020-04-01 20:51:59,103 INFO o.a.j.JMeter: Default Locale=English (United States)
2020-04-01 20:51:59,104 INFO o.a.j.JMeter: JMeter  Locale=English (United States)
2020-04-01 20:51:59,104 INFO o.a.j.JMeter: JMeterHome=/home/pablo/jmeter
2020-04-01 20:51:59,104 INFO o.a.j.JMeter: user.dir  =/home/pablo/jmeter/bin/EJECUCIONES/P1
2020-04-01 20:51:59,105 INFO o.a.j.JMeter: PWD       =/home/pablo/jmeter/bin/EJECUCIONES/P1
2020-04-01 20:51:59,105 INFO o.a.j.JMeter: IP: 127.0.1.1 Name: hylianpablo FullName: hylianpablo
2020-04-01 20:51:59,114 INFO o.a.j.s.FileServer: Default base='/home/pablo/jmeter/bin/EJECUCIONES/P1'
2020-04-01 20:51:59,124 INFO o.a.j.s.FileServer: Set new base='/home/pablo/jmeter/bin/EJECUCIONES/P1/../..'
2020-04-01 20:51:59,392 INFO o.a.j.s.SaveService: Testplan (JMX) version: 2.2. Testlog (JTL) version: 2.2
2020-04-01 20:51:59,411 INFO o.a.j.s.SaveService: Using SaveService properties file encoding UTF-8
2020-04-01 20:51:59,423 INFO o.a.j.s.SaveService: Using SaveService properties version 5.0
2020-04-01 20:51:59,441 INFO o.a.j.s.SaveService: Loading file: ../../Correcto.jmx
2020-04-01 20:51:59,605 INFO o.a.j.p.h.s.HTTPSamplerBase: Parser for text/html is org.apache.jmeter.protocol.http.parser.LagartoBasedHtmlParser
2020-04-01 20:51:59,605 INFO o.a.j.p.h.s.HTTPSamplerBase: Parser for application/xhtml+xml is org.apache.jmeter.protocol.http.parser.LagartoBasedHtmlParser
2020-04-01 20:51:59,605 INFO o.a.j.p.h.s.HTTPSamplerBase: Parser for application/xml is org.apache.jmeter.protocol.http.parser.LagartoBasedHtmlParser
2020-04-01 20:51:59,606 INFO o.a.j.p.h.s.HTTPSamplerBase: Parser for text/xml is org.apache.jmeter.protocol.http.parser.LagartoBasedHtmlParser
2020-04-01 20:51:59,606 INFO o.a.j.p.h.s.HTTPSamplerBase: Parser for text/vnd.wap.wml is org.apache.jmeter.protocol.http.parser.RegexpHTMLParser
2020-04-01 20:51:59,606 INFO o.a.j.p.h.s.HTTPSamplerBase: Parser for text/css is org.apache.jmeter.protocol.http.parser.CssParser
2020-04-01 20:51:59,631 INFO o.a.j.JMeter: Creating summariser <summary>
2020-04-01 20:51:59,644 INFO o.a.j.e.StandardJMeterEngine: Running the test!
2020-04-01 20:51:59,646 INFO o.a.j.s.SampleEvent: List of sample_variables: []
2020-04-01 20:51:59,647 INFO o.a.j.s.SampleEvent: List of sample_variables: []
2020-04-01 20:51:59,660 INFO o.a.j.e.u.CompoundVariable: Note: Function class names must contain the string: '.functions.'
2020-04-01 20:51:59,661 INFO o.a.j.e.u.CompoundVariable: Note: Function class names must not contain the string: '.gui.'
2020-04-01 20:52:00,462 INFO o.a.j.JMeter: Running test (1585767120462)
2020-04-01 20:52:00,545 INFO o.a.j.e.StandardJMeterEngine: Starting ThreadGroup: 1 : Grupo De Hilos
2020-04-01 20:52:00,546 INFO o.a.j.e.StandardJMeterEngine: Starting 75 threads for group Grupo De Hilos.
2020-04-01 20:52:00,546 INFO o.a.j.e.StandardJMeterEngine: Thread will continue on error
2020-04-01 20:52:00,547 INFO o.a.j.t.ThreadGroup: Starting thread group... number=1 threads=75 ramp-up=30 delayedStart=false
2020-04-01 20:52:00,557 INFO o.a.j.s.SampleResult: Note: Sample TimeStamps are START times
2020-04-01 20:52:00,558 INFO o.a.j.s.SampleResult: sampleresult.default.encoding is set to ISO-8859-1
2020-04-01 20:52:00,559 INFO o.a.j.s.SampleResult: sampleresult.useNanoTime=true
2020-04-01 20:52:00,559 INFO o.a.j.s.SampleResult: sampleresult.nanoThreadSleep=5000
2020-04-01 20:52:00,564 INFO o.a.j.t.JMeterThread: Thread started: Grupo De Hilos 1-1
2020-04-01 20:52:00,619 INFO o.a.j.p.h.s.HTTPHCAbstractImpl: Local host = hylianpablo
2020-04-01 20:52:00,662 INFO o.a.j.p.h.s.HTTPHC4Impl: HTTP request retry count = 0
2020-04-01 20:52:00,673 INFO o.a.j.t.ThreadGroup: Started thread group number 1
2020-04-01 20:52:00,674 INFO o.a.j.e.StandardJMeterEngine: All thread groups have been started
2020-04-01 20:52:00,925 INFO o.a.j.r.Summariser: summary +      1 in 00:00:00 =    2.2/s Avg:   106 Min:   106 Max:   106 Err:     0 (0.00%) Active: 1 Started: 1 Finished: 0
2020-04-01 20:52:00,952 INFO o.a.j.t.JMeterThread: Thread started: Grupo De Hilos 1-2
2020-04-01 20:52:01,351 INFO o.a.j.t.JMeterThread: Thread started: Grupo De Hilos 1-3
2020-04-01 20:52:01,750 INFO o.a.j.t.JMeterThread: Thread started: Grupo De Hilos 1-4
2020-04-01 20:52:02,155 INFO o.a.j.t.JMeterThread: Thread started: Grupo De Hilos 1-5
2020-04-01 20:52:02,558 INFO o.a.j.t.JMeterThread: Thread started: Grupo De Hilos 1-6
2020-04-01 20:52:02,955 INFO o.a.j.t.JMeterThread: Thread started: Grupo De Hilos 1-7
2020-04-01 20:52:03,352 INFO o.a.j.t.JMeterThread: Thread started: Grupo De Hilos 1-8
2020-04-01 20:52:03,751 INFO o.a.j.t.JMeterThread: Thread started: Grupo De Hilos 1-9
2020-04-01 20:52:04,150 INFO o.a.j.t.JMeterThread: Thread started: Grupo De Hilos 1-10
2020-04-01 20:52:04,549 INFO o.a.j.t.JMeterThread: Thread started: Grupo De Hilos 1-11
2020-04-01 20:52:04,948 INFO o.a.j.t.JMeterThread: Thread started: Grupo De Hilos 1-12
2020-04-01 20:52:05,352 INFO o.a.j.t.JMeterThread: Thread started: Grupo De Hilos 1-13
2020-04-01 20:52:05,754 INFO o.a.j.t.JMeterThread: Thread started: Grupo De Hilos 1-14
2020-04-01 20:52:06,154 INFO o.a.j.t.JMeterThread: Thread started: Grupo De Hilos 1-15
2020-04-01 20:52:06,552 INFO o.a.j.t.JMeterThread: Thread started: Grupo De Hilos 1-16
2020-04-01 20:52:06,949 INFO o.a.j.t.JMeterThread: Thread started: Grupo De Hilos 1-17
2020-04-01 20:52:07,349 INFO o.a.j.t.JMeterThread: Thread started: Grupo De Hilos 1-18
2020-04-01 20:52:07,750 INFO o.a.j.t.JMeterThread: Thread started: Grupo De Hilos 1-19
2020-04-01 20:52:08,149 INFO o.a.j.t.JMeterThread: Thread started: Grupo De Hilos 1-20
2020-04-01 20:52:08,548 INFO o.a.j.t.JMeterThread: Thread started: Grupo De Hilos 1-21
2020-04-01 20:52:08,948 INFO o.a.j.t.JMeterThread: Thread started: Grupo De Hilos 1-22
2020-04-01 20:52:09,349 INFO o.a.j.t.JMeterThread: Thread started: Grupo De Hilos 1-23
2020-04-01 20:52:09,750 INFO o.a.j.t.JMeterThread: Thread started: Grupo De Hilos 1-24
2020-04-01 20:52:10,153 INFO o.a.j.t.JMeterThread: Thread started: Grupo De Hilos 1-25
2020-04-01 20:52:10,550 INFO o.a.j.t.JMeterThread: Thread started: Grupo De Hilos 1-26
2020-04-01 20:52:10,951 INFO o.a.j.t.JMeterThread: Thread started: Grupo De Hilos 1-27
2020-04-01 20:52:11,349 INFO o.a.j.t.JMeterThread: Thread started: Grupo De Hilos 1-28
2020-04-01 20:52:11,775 INFO o.a.j.t.JMeterThread: Thread started: Grupo De Hilos 1-29
2020-04-01 20:52:12,149 INFO o.a.j.t.JMeterThread: Thread started: Grupo De Hilos 1-30
2020-04-01 20:52:12,549 INFO o.a.j.t.JMeterThread: Thread started: Grupo De Hilos 1-31
2020-04-01 20:52:12,951 INFO o.a.j.t.JMeterThread: Thread started: Grupo De Hilos 1-32
2020-04-01 20:52:13,349 INFO o.a.j.t.JMeterThread: Thread started: Grupo De Hilos 1-33
2020-04-01 20:52:13,748 INFO o.a.j.t.JMeterThread: Thread started: Grupo De Hilos 1-34
2020-04-01 20:52:14,149 INFO o.a.j.t.JMeterThread: Thread started: Grupo De Hilos 1-35
2020-04-01 20:52:14,548 INFO o.a.j.t.JMeterThread: Thread started: Grupo De Hilos 1-36
2020-04-01 20:52:14,948 INFO o.a.j.t.JMeterThread: Thread started: Grupo De Hilos 1-37
2020-04-01 20:52:15,348 INFO o.a.j.t.JMeterThread: Thread started: Grupo De Hilos 1-38
2020-04-01 20:52:15,748 INFO o.a.j.t.JMeterThread: Thread started: Grupo De Hilos 1-39
2020-04-01 20:52:16,148 INFO o.a.j.t.JMeterThread: Thread started: Grupo De Hilos 1-40
2020-04-01 20:52:16,548 INFO o.a.j.t.JMeterThread: Thread started: Grupo De Hilos 1-41
2020-04-01 20:52:16,949 INFO o.a.j.t.JMeterThread: Thread started: Grupo De Hilos 1-42
2020-04-01 20:52:17,350 INFO o.a.j.t.JMeterThread: Thread started: Grupo De Hilos 1-43
2020-04-01 20:52:17,749 INFO o.a.j.t.JMeterThread: Thread started: Grupo De Hilos 1-44
2020-04-01 20:52:18,148 INFO o.a.j.t.JMeterThread: Thread started: Grupo De Hilos 1-45
2020-04-01 20:52:18,547 INFO o.a.j.t.JMeterThread: Thread started: Grupo De Hilos 1-46
2020-04-01 20:52:18,948 INFO o.a.j.t.JMeterThread: Thread started: Grupo De Hilos 1-47
2020-04-01 20:52:19,349 INFO o.a.j.t.JMeterThread: Thread started: Grupo De Hilos 1-48
2020-04-01 20:52:19,749 INFO o.a.j.t.JMeterThread: Thread started: Grupo De Hilos 1-49
2020-04-01 20:52:20,148 INFO o.a.j.t.JMeterThread: Thread started: Grupo De Hilos 1-50
2020-04-01 20:52:20,549 INFO o.a.j.t.JMeterThread: Thread started: Grupo De Hilos 1-51
2020-04-01 20:52:20,949 INFO o.a.j.t.JMeterThread: Thread started: Grupo De Hilos 1-52
2020-04-01 20:52:21,349 INFO o.a.j.t.JMeterThread: Thread started: Grupo De Hilos 1-53
2020-04-01 20:52:21,754 INFO o.a.j.t.JMeterThread: Thread started: Grupo De Hilos 1-54
2020-04-01 20:52:22,151 INFO o.a.j.t.JMeterThread: Thread started: Grupo De Hilos 1-55
2020-04-01 20:52:22,548 INFO o.a.j.t.JMeterThread: Thread started: Grupo De Hilos 1-56
2020-04-01 20:52:22,948 INFO o.a.j.t.JMeterThread: Thread started: Grupo De Hilos 1-57
2020-04-01 20:52:23,349 INFO o.a.j.t.JMeterThread: Thread started: Grupo De Hilos 1-58
2020-04-01 20:52:23,749 INFO o.a.j.t.JMeterThread: Thread started: Grupo De Hilos 1-59
2020-04-01 20:52:24,149 INFO o.a.j.t.JMeterThread: Thread started: Grupo De Hilos 1-60
2020-04-01 20:52:24,552 INFO o.a.j.t.JMeterThread: Thread started: Grupo De Hilos 1-61
2020-04-01 20:52:24,950 INFO o.a.j.t.JMeterThread: Thread started: Grupo De Hilos 1-62
2020-04-01 20:52:25,349 INFO o.a.j.t.JMeterThread: Thread started: Grupo De Hilos 1-63
2020-04-01 20:52:25,752 INFO o.a.j.t.JMeterThread: Thread started: Grupo De Hilos 1-64
2020-04-01 20:52:26,149 INFO o.a.j.t.JMeterThread: Thread started: Grupo De Hilos 1-65
2020-04-01 20:52:26,549 INFO o.a.j.t.JMeterThread: Thread started: Grupo De Hilos 1-66
2020-04-01 20:52:26,949 INFO o.a.j.t.JMeterThread: Thread started: Grupo De Hilos 1-67
2020-04-01 20:52:27,349 INFO o.a.j.t.JMeterThread: Thread started: Grupo De Hilos 1-68
2020-04-01 20:52:27,748 INFO o.a.j.t.JMeterThread: Thread started: Grupo De Hilos 1-69
2020-04-01 20:52:28,149 INFO o.a.j.t.JMeterThread: Thread started: Grupo De Hilos 1-70
2020-04-01 20:52:28,549 INFO o.a.j.t.JMeterThread: Thread started: Grupo De Hilos 1-71
2020-04-01 20:52:28,949 INFO o.a.j.t.JMeterThread: Thread started: Grupo De Hilos 1-72
2020-04-01 20:52:29,347 INFO o.a.j.t.JMeterThread: Thread started: Grupo De Hilos 1-73
2020-04-01 20:52:29,748 INFO o.a.j.t.JMeterThread: Thread started: Grupo De Hilos 1-74
2020-04-01 20:52:30,004 INFO o.a.j.r.Summariser: summary +  36176 in 00:00:29 = 1244.0/s Avg:    30 Min:    13 Max:   197 Err:     0 (0.00%) Active: 74 Started: 74 Finished: 0
2020-04-01 20:52:30,005 INFO o.a.j.r.Summariser: summary =  36177 in 00:00:30 = 1224.6/s Avg:    30 Min:    13 Max:   197 Err:     0 (0.00%)
2020-04-01 20:52:30,147 INFO o.a.j.t.JMeterThread: Thread started: Grupo De Hilos 1-75
2020-04-01 20:53:00,004 INFO o.a.j.r.Summariser: summary +  59563 in 00:00:30 = 1985.4/s Avg:    37 Min:    16 Max:   278 Err:     0 (0.00%) Active: 75 Started: 75 Finished: 0
2020-04-01 20:53:00,006 INFO o.a.j.r.Summariser: summary =  95740 in 00:01:00 = 1608.0/s Avg:    34 Min:    13 Max:   278 Err:     0 (0.00%)
2020-04-01 20:53:30,003 INFO o.a.j.r.Summariser: summary +  61439 in 00:00:30 = 2048.0/s Avg:    36 Min:    16 Max:   222 Err:     0 (0.00%) Active: 75 Started: 75 Finished: 0
2020-04-01 20:53:30,004 INFO o.a.j.r.Summariser: summary = 157179 in 00:01:30 = 1755.4/s Avg:    35 Min:    13 Max:   278 Err:     0 (0.00%)
2020-04-01 20:54:00,001 INFO o.a.j.r.Summariser: summary +  60626 in 00:00:30 = 2021.0/s Avg:    36 Min:    18 Max:   215 Err:     0 (0.00%) Active: 75 Started: 75 Finished: 0
2020-04-01 20:54:00,002 INFO o.a.j.r.Summariser: summary = 217805 in 00:02:00 = 1822.1/s Avg:    35 Min:    13 Max:   278 Err:     0 (0.00%)
2020-04-01 20:54:30,000 INFO o.a.j.r.Summariser: summary +  59058 in 00:00:30 = 1968.6/s Avg:    37 Min:    17 Max:  1097 Err:     0 (0.00%) Active: 75 Started: 75 Finished: 0
2020-04-01 20:54:30,001 INFO o.a.j.r.Summariser: summary = 276863 in 00:02:30 = 1851.5/s Avg:    36 Min:    13 Max:  1097 Err:     0 (0.00%)
2020-04-01 20:55:00,005 INFO o.a.j.r.Summariser: summary +  57329 in 00:00:30 = 1910.8/s Avg:    39 Min:    17 Max:   321 Err:     0 (0.00%) Active: 75 Started: 75 Finished: 0
2020-04-01 20:55:00,006 INFO o.a.j.r.Summariser: summary = 334192 in 00:03:00 = 1861.4/s Avg:    36 Min:    13 Max:  1097 Err:     0 (0.00%)
2020-04-01 20:55:30,001 INFO o.a.j.r.Summariser: summary +  57991 in 00:00:30 = 1933.2/s Avg:    38 Min:    18 Max:   244 Err:     0 (0.00%) Active: 75 Started: 75 Finished: 0
2020-04-01 20:55:30,002 INFO o.a.j.r.Summariser: summary = 392183 in 00:03:30 = 1871.7/s Avg:    37 Min:    13 Max:  1097 Err:     0 (0.00%)
2020-04-01 20:56:00,000 INFO o.a.j.r.Summariser: summary +  61544 in 00:00:30 = 2051.5/s Avg:    36 Min:    19 Max:   236 Err:     0 (0.00%) Active: 75 Started: 75 Finished: 0
2020-04-01 20:56:00,002 INFO o.a.j.r.Summariser: summary = 453727 in 00:04:00 = 1894.2/s Avg:    36 Min:    13 Max:  1097 Err:     0 (0.00%)
2020-04-01 20:56:30,003 INFO o.a.j.r.Summariser: summary +  63675 in 00:00:30 = 2122.4/s Avg:    35 Min:    18 Max:   527 Err:     0 (0.00%) Active: 75 Started: 75 Finished: 0
2020-04-01 20:56:30,003 INFO o.a.j.r.Summariser: summary = 517402 in 00:04:30 = 1919.6/s Avg:    36 Min:    13 Max:  1097 Err:     0 (0.00%)
2020-04-01 20:56:30,567 INFO o.a.j.t.JMeterThread: Stopping because end time detected by thread: Grupo De Hilos 1-5
2020-04-01 20:56:30,569 INFO o.a.j.t.JMeterThread: Thread finished: Grupo De Hilos 1-5
2020-04-01 20:56:30,571 INFO o.a.j.t.JMeterThread: Stopping because end time detected by thread: Grupo De Hilos 1-6
2020-04-01 20:56:30,571 INFO o.a.j.t.JMeterThread: Thread finished: Grupo De Hilos 1-6
2020-04-01 20:56:30,572 INFO o.a.j.t.JMeterThread: Stopping because end time detected by thread: Grupo De Hilos 1-3
2020-04-01 20:56:30,573 INFO o.a.j.t.JMeterThread: Thread finished: Grupo De Hilos 1-3
2020-04-01 20:56:30,575 INFO o.a.j.t.JMeterThread: Stopping because end time detected by thread: Grupo De Hilos 1-1
2020-04-01 20:56:30,575 INFO o.a.j.t.JMeterThread: Thread finished: Grupo De Hilos 1-1
2020-04-01 20:56:30,575 INFO o.a.j.t.JMeterThread: Stopping because end time detected by thread: Grupo De Hilos 1-2
2020-04-01 20:56:30,576 INFO o.a.j.t.JMeterThread: Thread finished: Grupo De Hilos 1-2
2020-04-01 20:56:30,591 INFO o.a.j.t.JMeterThread: Stopping because end time detected by thread: Grupo De Hilos 1-4
2020-04-01 20:56:30,591 INFO o.a.j.t.JMeterThread: Thread finished: Grupo De Hilos 1-4
2020-04-01 20:56:30,595 INFO o.a.j.t.JMeterThread: Stopping because end time detected by thread: Grupo De Hilos 1-8
2020-04-01 20:56:30,595 INFO o.a.j.t.JMeterThread: Thread finished: Grupo De Hilos 1-8
2020-04-01 20:56:30,600 INFO o.a.j.t.JMeterThread: Stopping because end time detected by thread: Grupo De Hilos 1-16
2020-04-01 20:56:30,600 INFO o.a.j.t.JMeterThread: Stopping because end time detected by thread: Grupo De Hilos 1-10
2020-04-01 20:56:30,600 INFO o.a.j.t.JMeterThread: Thread finished: Grupo De Hilos 1-16
2020-04-01 20:56:30,600 INFO o.a.j.t.JMeterThread: Thread finished: Grupo De Hilos 1-10
2020-04-01 20:56:30,600 INFO o.a.j.t.JMeterThread: Stopping because end time detected by thread: Grupo De Hilos 1-15
2020-04-01 20:56:30,601 INFO o.a.j.t.JMeterThread: Thread finished: Grupo De Hilos 1-15
2020-04-01 20:56:30,603 INFO o.a.j.t.JMeterThread: Stopping because end time detected by thread: Grupo De Hilos 1-11
2020-04-01 20:56:30,603 INFO o.a.j.t.JMeterThread: Stopping because end time detected by thread: Grupo De Hilos 1-17
2020-04-01 20:56:30,604 INFO o.a.j.t.JMeterThread: Thread finished: Grupo De Hilos 1-17
2020-04-01 20:56:30,604 INFO o.a.j.t.JMeterThread: Stopping because end time detected by thread: Grupo De Hilos 1-9
2020-04-01 20:56:30,604 INFO o.a.j.t.JMeterThread: Thread finished: Grupo De Hilos 1-9
2020-04-01 20:56:30,604 INFO o.a.j.t.JMeterThread: Thread finished: Grupo De Hilos 1-11
2020-04-01 20:56:30,604 INFO o.a.j.t.JMeterThread: Stopping because end time detected by thread: Grupo De Hilos 1-14
2020-04-01 20:56:30,605 INFO o.a.j.t.JMeterThread: Thread finished: Grupo De Hilos 1-14
2020-04-01 20:56:30,606 INFO o.a.j.t.JMeterThread: Stopping because end time detected by thread: Grupo De Hilos 1-7
2020-04-01 20:56:30,606 INFO o.a.j.t.JMeterThread: Thread finished: Grupo De Hilos 1-7
2020-04-01 20:56:30,607 INFO o.a.j.t.JMeterThread: Stopping because end time detected by thread: Grupo De Hilos 1-12
2020-04-01 20:56:30,607 INFO o.a.j.t.JMeterThread: Thread finished: Grupo De Hilos 1-12
2020-04-01 20:56:30,608 INFO o.a.j.t.JMeterThread: Stopping because end time detected by thread: Grupo De Hilos 1-13
2020-04-01 20:56:30,608 INFO o.a.j.t.JMeterThread: Thread finished: Grupo De Hilos 1-13
2020-04-01 20:56:30,610 INFO o.a.j.t.JMeterThread: Stopping because end time detected by thread: Grupo De Hilos 1-23
2020-04-01 20:56:30,610 INFO o.a.j.t.JMeterThread: Thread finished: Grupo De Hilos 1-23
2020-04-01 20:56:30,610 INFO o.a.j.t.JMeterThread: Stopping because end time detected by thread: Grupo De Hilos 1-19
2020-04-01 20:56:30,610 INFO o.a.j.t.JMeterThread: Thread finished: Grupo De Hilos 1-19
2020-04-01 20:56:30,621 INFO o.a.j.t.JMeterThread: Stopping because end time detected by thread: Grupo De Hilos 1-26
2020-04-01 20:56:30,621 INFO o.a.j.t.JMeterThread: Stopping because end time detected by thread: Grupo De Hilos 1-28
2020-04-01 20:56:30,621 INFO o.a.j.t.JMeterThread: Stopping because end time detected by thread: Grupo De Hilos 1-24
2020-04-01 20:56:30,621 INFO o.a.j.t.JMeterThread: Thread finished: Grupo De Hilos 1-26
2020-04-01 20:56:30,621 INFO o.a.j.t.JMeterThread: Thread finished: Grupo De Hilos 1-24
2020-04-01 20:56:30,621 INFO o.a.j.t.JMeterThread: Stopping because end time detected by thread: Grupo De Hilos 1-18
2020-04-01 20:56:30,622 INFO o.a.j.t.JMeterThread: Thread finished: Grupo De Hilos 1-18
2020-04-01 20:56:30,622 INFO o.a.j.t.JMeterThread: Stopping because end time detected by thread: Grupo De Hilos 1-22
2020-04-01 20:56:30,622 INFO o.a.j.t.JMeterThread: Thread finished: Grupo De Hilos 1-22
2020-04-01 20:56:30,621 INFO o.a.j.t.JMeterThread: Thread finished: Grupo De Hilos 1-28
2020-04-01 20:56:30,625 INFO o.a.j.t.JMeterThread: Stopping because end time detected by thread: Grupo De Hilos 1-25
2020-04-01 20:56:30,625 INFO o.a.j.t.JMeterThread: Thread finished: Grupo De Hilos 1-25
2020-04-01 20:56:30,623 INFO o.a.j.t.JMeterThread: Stopping because end time detected by thread: Grupo De Hilos 1-27
2020-04-01 20:56:30,626 INFO o.a.j.t.JMeterThread: Thread finished: Grupo De Hilos 1-27
2020-04-01 20:56:30,633 INFO o.a.j.t.JMeterThread: Stopping because end time detected by thread: Grupo De Hilos 1-38
2020-04-01 20:56:30,634 INFO o.a.j.t.JMeterThread: Thread finished: Grupo De Hilos 1-38
2020-04-01 20:56:30,634 INFO o.a.j.t.JMeterThread: Stopping because end time detected by thread: Grupo De Hilos 1-37
2020-04-01 20:56:30,634 INFO o.a.j.t.JMeterThread: Stopping because end time detected by thread: Grupo De Hilos 1-34
2020-04-01 20:56:30,634 INFO o.a.j.t.JMeterThread: Thread finished: Grupo De Hilos 1-34
2020-04-01 20:56:30,635 INFO o.a.j.t.JMeterThread: Stopping because end time detected by thread: Grupo De Hilos 1-42
2020-04-01 20:56:30,635 INFO o.a.j.t.JMeterThread: Thread finished: Grupo De Hilos 1-37
2020-04-01 20:56:30,635 INFO o.a.j.t.JMeterThread: Thread finished: Grupo De Hilos 1-42
2020-04-01 20:56:30,635 INFO o.a.j.t.JMeterThread: Stopping because end time detected by thread: Grupo De Hilos 1-29
2020-04-01 20:56:30,635 INFO o.a.j.t.JMeterThread: Thread finished: Grupo De Hilos 1-29
2020-04-01 20:56:30,635 INFO o.a.j.t.JMeterThread: Stopping because end time detected by thread: Grupo De Hilos 1-31
2020-04-01 20:56:30,635 INFO o.a.j.t.JMeterThread: Thread finished: Grupo De Hilos 1-31
2020-04-01 20:56:30,635 INFO o.a.j.t.JMeterThread: Stopping because end time detected by thread: Grupo De Hilos 1-44
2020-04-01 20:56:30,635 INFO o.a.j.t.JMeterThread: Stopping because end time detected by thread: Grupo De Hilos 1-41
2020-04-01 20:56:30,636 INFO o.a.j.t.JMeterThread: Thread finished: Grupo De Hilos 1-44
2020-04-01 20:56:30,636 INFO o.a.j.t.JMeterThread: Thread finished: Grupo De Hilos 1-41
2020-04-01 20:56:30,636 INFO o.a.j.t.JMeterThread: Stopping because end time detected by thread: Grupo De Hilos 1-36
2020-04-01 20:56:30,636 INFO o.a.j.t.JMeterThread: Thread finished: Grupo De Hilos 1-36
2020-04-01 20:56:30,637 INFO o.a.j.t.JMeterThread: Stopping because end time detected by thread: Grupo De Hilos 1-39
2020-04-01 20:56:30,637 INFO o.a.j.t.JMeterThread: Stopping because end time detected by thread: Grupo De Hilos 1-43
2020-04-01 20:56:30,637 INFO o.a.j.t.JMeterThread: Thread finished: Grupo De Hilos 1-39
2020-04-01 20:56:30,637 INFO o.a.j.t.JMeterThread: Thread finished: Grupo De Hilos 1-43
2020-04-01 20:56:30,638 INFO o.a.j.t.JMeterThread: Stopping because end time detected by thread: Grupo De Hilos 1-30
2020-04-01 20:56:30,638 INFO o.a.j.t.JMeterThread: Stopping because end time detected by thread: Grupo De Hilos 1-20
2020-04-01 20:56:30,638 INFO o.a.j.t.JMeterThread: Thread finished: Grupo De Hilos 1-30
2020-04-01 20:56:30,639 INFO o.a.j.t.JMeterThread: Thread finished: Grupo De Hilos 1-20
2020-04-01 20:56:30,641 INFO o.a.j.t.JMeterThread: Stopping because end time detected by thread: Grupo De Hilos 1-32
2020-04-01 20:56:30,641 INFO o.a.j.t.JMeterThread: Stopping because end time detected by thread: Grupo De Hilos 1-35
2020-04-01 20:56:30,641 INFO o.a.j.t.JMeterThread: Thread finished: Grupo De Hilos 1-32
2020-04-01 20:56:30,642 INFO o.a.j.t.JMeterThread: Thread finished: Grupo De Hilos 1-35
2020-04-01 20:56:30,642 INFO o.a.j.t.JMeterThread: Stopping because end time detected by thread: Grupo De Hilos 1-48
2020-04-01 20:56:30,642 INFO o.a.j.t.JMeterThread: Thread finished: Grupo De Hilos 1-48
2020-04-01 20:56:30,645 INFO o.a.j.t.JMeterThread: Stopping because end time detected by thread: Grupo De Hilos 1-21
2020-04-01 20:56:30,645 INFO o.a.j.t.JMeterThread: Thread finished: Grupo De Hilos 1-21
2020-04-01 20:56:30,649 INFO o.a.j.t.JMeterThread: Stopping because end time detected by thread: Grupo De Hilos 1-49
2020-04-01 20:56:30,649 INFO o.a.j.t.JMeterThread: Thread finished: Grupo De Hilos 1-49
2020-04-01 20:56:30,649 INFO o.a.j.t.JMeterThread: Stopping because end time detected by thread: Grupo De Hilos 1-46
2020-04-01 20:56:30,649 INFO o.a.j.t.JMeterThread: Thread finished: Grupo De Hilos 1-46
2020-04-01 20:56:30,650 INFO o.a.j.t.JMeterThread: Stopping because end time detected by thread: Grupo De Hilos 1-54
2020-04-01 20:56:30,650 INFO o.a.j.t.JMeterThread: Thread finished: Grupo De Hilos 1-54
2020-04-01 20:56:30,649 INFO o.a.j.t.JMeterThread: Stopping because end time detected by thread: Grupo De Hilos 1-33
2020-04-01 20:56:30,650 INFO o.a.j.t.JMeterThread: Thread finished: Grupo De Hilos 1-33
2020-04-01 20:56:30,650 INFO o.a.j.t.JMeterThread: Stopping because end time detected by thread: Grupo De Hilos 1-40
2020-04-01 20:56:30,650 INFO o.a.j.t.JMeterThread: Thread finished: Grupo De Hilos 1-40
2020-04-01 20:56:30,654 INFO o.a.j.t.JMeterThread: Stopping because end time detected by thread: Grupo De Hilos 1-52
2020-04-01 20:56:30,654 INFO o.a.j.t.JMeterThread: Stopping because end time detected by thread: Grupo De Hilos 1-47
2020-04-01 20:56:30,654 INFO o.a.j.t.JMeterThread: Stopping because end time detected by thread: Grupo De Hilos 1-57
2020-04-01 20:56:30,655 INFO o.a.j.t.JMeterThread: Thread finished: Grupo De Hilos 1-52
2020-04-01 20:56:30,655 INFO o.a.j.t.JMeterThread: Thread finished: Grupo De Hilos 1-57
2020-04-01 20:56:30,655 INFO o.a.j.t.JMeterThread: Stopping because end time detected by thread: Grupo De Hilos 1-45
2020-04-01 20:56:30,655 INFO o.a.j.t.JMeterThread: Thread finished: Grupo De Hilos 1-47
2020-04-01 20:56:30,655 INFO o.a.j.t.JMeterThread: Thread finished: Grupo De Hilos 1-45
2020-04-01 20:56:30,662 INFO o.a.j.t.JMeterThread: Stopping because end time detected by thread: Grupo De Hilos 1-62
2020-04-01 20:56:30,662 INFO o.a.j.t.JMeterThread: Stopping because end time detected by thread: Grupo De Hilos 1-51
2020-04-01 20:56:30,662 INFO o.a.j.t.JMeterThread: Stopping because end time detected by thread: Grupo De Hilos 1-53
2020-04-01 20:56:30,662 INFO o.a.j.t.JMeterThread: Thread finished: Grupo De Hilos 1-62
2020-04-01 20:56:30,662 INFO o.a.j.t.JMeterThread: Thread finished: Grupo De Hilos 1-53
2020-04-01 20:56:30,662 INFO o.a.j.t.JMeterThread: Thread finished: Grupo De Hilos 1-51
2020-04-01 20:56:30,666 INFO o.a.j.t.JMeterThread: Stopping because end time detected by thread: Grupo De Hilos 1-50
2020-04-01 20:56:30,666 INFO o.a.j.t.JMeterThread: Stopping because end time detected by thread: Grupo De Hilos 1-66
2020-04-01 20:56:30,666 INFO o.a.j.t.JMeterThread: Thread finished: Grupo De Hilos 1-50
2020-04-01 20:56:30,666 INFO o.a.j.t.JMeterThread: Stopping because end time detected by thread: Grupo De Hilos 1-65
2020-04-01 20:56:30,666 INFO o.a.j.t.JMeterThread: Stopping because end time detected by thread: Grupo De Hilos 1-56
2020-04-01 20:56:30,666 INFO o.a.j.t.JMeterThread: Thread finished: Grupo De Hilos 1-56
2020-04-01 20:56:30,666 INFO o.a.j.t.JMeterThread: Thread finished: Grupo De Hilos 1-65
2020-04-01 20:56:30,666 INFO o.a.j.t.JMeterThread: Thread finished: Grupo De Hilos 1-66
2020-04-01 20:56:30,667 INFO o.a.j.t.JMeterThread: Stopping because end time detected by thread: Grupo De Hilos 1-60
2020-04-01 20:56:30,667 INFO o.a.j.t.JMeterThread: Thread finished: Grupo De Hilos 1-60
2020-04-01 20:56:30,669 INFO o.a.j.t.JMeterThread: Stopping because end time detected by thread: Grupo De Hilos 1-67
2020-04-01 20:56:30,669 INFO o.a.j.t.JMeterThread: Thread finished: Grupo De Hilos 1-67
2020-04-01 20:56:30,674 INFO o.a.j.t.JMeterThread: Stopping because end time detected by thread: Grupo De Hilos 1-73
2020-04-01 20:56:30,674 INFO o.a.j.t.JMeterThread: Stopping because end time detected by thread: Grupo De Hilos 1-68
2020-04-01 20:56:30,674 INFO o.a.j.t.JMeterThread: Thread finished: Grupo De Hilos 1-73
2020-04-01 20:56:30,674 INFO o.a.j.t.JMeterThread: Thread finished: Grupo De Hilos 1-68
2020-04-01 20:56:30,685 INFO o.a.j.t.JMeterThread: Stopping because end time detected by thread: Grupo De Hilos 1-58
2020-04-01 20:56:30,685 INFO o.a.j.t.JMeterThread: Stopping because end time detected by thread: Grupo De Hilos 1-59
2020-04-01 20:56:30,685 INFO o.a.j.t.JMeterThread: Stopping because end time detected by thread: Grupo De Hilos 1-75
2020-04-01 20:56:30,685 INFO o.a.j.t.JMeterThread: Thread finished: Grupo De Hilos 1-58
2020-04-01 20:56:30,686 INFO o.a.j.t.JMeterThread: Stopping because end time detected by thread: Grupo De Hilos 1-61
2020-04-01 20:56:30,686 INFO o.a.j.t.JMeterThread: Stopping because end time detected by thread: Grupo De Hilos 1-64
2020-04-01 20:56:30,686 INFO o.a.j.t.JMeterThread: Thread finished: Grupo De Hilos 1-61
2020-04-01 20:56:30,686 INFO o.a.j.t.JMeterThread: Thread finished: Grupo De Hilos 1-64
2020-04-01 20:56:30,685 INFO o.a.j.t.JMeterThread: Stopping because end time detected by thread: Grupo De Hilos 1-63
2020-04-01 20:56:30,686 INFO o.a.j.t.JMeterThread: Thread finished: Grupo De Hilos 1-63
2020-04-01 20:56:30,686 INFO o.a.j.t.JMeterThread: Thread finished: Grupo De Hilos 1-59
2020-04-01 20:56:30,687 INFO o.a.j.t.JMeterThread: Thread finished: Grupo De Hilos 1-75
2020-04-01 20:56:30,695 INFO o.a.j.t.JMeterThread: Stopping because end time detected by thread: Grupo De Hilos 1-70
2020-04-01 20:56:30,695 INFO o.a.j.t.JMeterThread: Thread finished: Grupo De Hilos 1-70
2020-04-01 20:56:30,695 INFO o.a.j.t.JMeterThread: Stopping because end time detected by thread: Grupo De Hilos 1-55
2020-04-01 20:56:30,695 INFO o.a.j.t.JMeterThread: Stopping because end time detected by thread: Grupo De Hilos 1-69
2020-04-01 20:56:30,696 INFO o.a.j.t.JMeterThread: Thread finished: Grupo De Hilos 1-55
2020-04-01 20:56:30,696 INFO o.a.j.t.JMeterThread: Thread finished: Grupo De Hilos 1-69
2020-04-01 20:56:30,695 INFO o.a.j.t.JMeterThread: Stopping because end time detected by thread: Grupo De Hilos 1-71
2020-04-01 20:56:30,695 INFO o.a.j.t.JMeterThread: Stopping because end time detected by thread: Grupo De Hilos 1-72
2020-04-01 20:56:30,695 INFO o.a.j.t.JMeterThread: Stopping because end time detected by thread: Grupo De Hilos 1-74
2020-04-01 20:56:30,696 INFO o.a.j.t.JMeterThread: Thread finished: Grupo De Hilos 1-71
2020-04-01 20:56:30,696 INFO o.a.j.t.JMeterThread: Thread finished: Grupo De Hilos 1-74
2020-04-01 20:56:30,697 INFO o.a.j.t.JMeterThread: Thread finished: Grupo De Hilos 1-72
2020-04-01 20:56:30,697 INFO o.a.j.e.StandardJMeterEngine: Notifying test listeners of end of test
2020-04-01 20:56:30,699 INFO o.a.j.r.Summariser: summary +   1415 in 00:00:01 = 2030.1/s Avg:    34 Min:    21 Max:   106 Err:     0 (0.00%) Active: 0 Started: 75 Finished: 75
2020-04-01 20:56:30,700 INFO o.a.j.r.Summariser: summary = 518817 in 00:04:30 = 1919.9/s Avg:    36 Min:    13 Max:  1097 Err:     0 (0.00%)
