2020-04-01 20:56:32,918 INFO o.a.j.u.JMeterUtils: Setting Locale to en_US
2020-04-01 20:56:32,947 INFO o.a.j.JMeter: Loading user properties from: /home/pablo/jmeter/bin/user.properties
2020-04-01 20:56:32,947 INFO o.a.j.JMeter: Loading system properties from: /home/pablo/jmeter/bin/system.properties
2020-04-01 20:56:32,948 INFO o.a.j.JMeter: Setting System property: HILOS=150
2020-04-01 20:56:32,949 INFO o.a.j.JMeter: Setting System property: SUBIDA=60
2020-04-01 20:56:32,949 INFO o.a.j.JMeter: Setting System property: DURACION=300
2020-04-01 20:56:32,949 INFO o.a.j.JMeter: Setting System property: PAGE=/test/imageng.html
2020-04-01 20:56:32,949 INFO o.a.j.JMeter: Setting System property: FILE=scriptresultsperfmonG150.jtl
2020-04-01 20:56:32,952 INFO o.a.j.JMeter: Copyright (c) 1998-2019 The Apache Software Foundation
2020-04-01 20:56:32,952 INFO o.a.j.JMeter: Version 5.2.1
2020-04-01 20:56:32,952 INFO o.a.j.JMeter: java.version=1.8.0_201
2020-04-01 20:56:32,953 INFO o.a.j.JMeter: java.vm.name=Java HotSpot(TM) 64-Bit Server VM
2020-04-01 20:56:32,953 INFO o.a.j.JMeter: os.name=Linux
2020-04-01 20:56:32,953 INFO o.a.j.JMeter: os.arch=amd64
2020-04-01 20:56:32,954 INFO o.a.j.JMeter: os.version=4.15.0-91-generic
2020-04-01 20:56:32,954 INFO o.a.j.JMeter: file.encoding=UTF-8
2020-04-01 20:56:32,954 INFO o.a.j.JMeter: java.awt.headless=true
2020-04-01 20:56:32,954 INFO o.a.j.JMeter: Max memory     =732954624
2020-04-01 20:56:32,955 INFO o.a.j.JMeter: Available Processors =4
2020-04-01 20:56:32,962 INFO o.a.j.JMeter: Default Locale=English (United States)
2020-04-01 20:56:32,962 INFO o.a.j.JMeter: JMeter  Locale=English (United States)
2020-04-01 20:56:32,963 INFO o.a.j.JMeter: JMeterHome=/home/pablo/jmeter
2020-04-01 20:56:32,963 INFO o.a.j.JMeter: user.dir  =/home/pablo/jmeter/bin/EJECUCIONES/P1
2020-04-01 20:56:32,963 INFO o.a.j.JMeter: PWD       =/home/pablo/jmeter/bin/EJECUCIONES/P1
2020-04-01 20:56:32,964 INFO o.a.j.JMeter: IP: 127.0.1.1 Name: hylianpablo FullName: hylianpablo
2020-04-01 20:56:32,973 INFO o.a.j.s.FileServer: Default base='/home/pablo/jmeter/bin/EJECUCIONES/P1'
2020-04-01 20:56:32,982 INFO o.a.j.s.FileServer: Set new base='/home/pablo/jmeter/bin/EJECUCIONES/P1/../..'
2020-04-01 20:56:33,251 INFO o.a.j.s.SaveService: Testplan (JMX) version: 2.2. Testlog (JTL) version: 2.2
2020-04-01 20:56:33,271 INFO o.a.j.s.SaveService: Using SaveService properties file encoding UTF-8
2020-04-01 20:56:33,283 INFO o.a.j.s.SaveService: Using SaveService properties version 5.0
2020-04-01 20:56:33,300 INFO o.a.j.s.SaveService: Loading file: ../../Correcto.jmx
2020-04-01 20:56:33,458 INFO o.a.j.p.h.s.HTTPSamplerBase: Parser for text/html is org.apache.jmeter.protocol.http.parser.LagartoBasedHtmlParser
2020-04-01 20:56:33,458 INFO o.a.j.p.h.s.HTTPSamplerBase: Parser for application/xhtml+xml is org.apache.jmeter.protocol.http.parser.LagartoBasedHtmlParser
2020-04-01 20:56:33,458 INFO o.a.j.p.h.s.HTTPSamplerBase: Parser for application/xml is org.apache.jmeter.protocol.http.parser.LagartoBasedHtmlParser
2020-04-01 20:56:33,459 INFO o.a.j.p.h.s.HTTPSamplerBase: Parser for text/xml is org.apache.jmeter.protocol.http.parser.LagartoBasedHtmlParser
2020-04-01 20:56:33,459 INFO o.a.j.p.h.s.HTTPSamplerBase: Parser for text/vnd.wap.wml is org.apache.jmeter.protocol.http.parser.RegexpHTMLParser
2020-04-01 20:56:33,459 INFO o.a.j.p.h.s.HTTPSamplerBase: Parser for text/css is org.apache.jmeter.protocol.http.parser.CssParser
2020-04-01 20:56:33,489 INFO o.a.j.JMeter: Creating summariser <summary>
2020-04-01 20:56:33,508 INFO o.a.j.e.StandardJMeterEngine: Running the test!
2020-04-01 20:56:33,511 INFO o.a.j.s.SampleEvent: List of sample_variables: []
2020-04-01 20:56:33,512 INFO o.a.j.s.SampleEvent: List of sample_variables: []
2020-04-01 20:56:33,526 INFO o.a.j.e.u.CompoundVariable: Note: Function class names must contain the string: '.functions.'
2020-04-01 20:56:33,526 INFO o.a.j.e.u.CompoundVariable: Note: Function class names must not contain the string: '.gui.'
2020-04-01 20:56:34,354 INFO o.a.j.JMeter: Running test (1585767394354)
2020-04-01 20:56:34,433 INFO o.a.j.e.StandardJMeterEngine: Starting ThreadGroup: 1 : Grupo De Hilos
2020-04-01 20:56:34,433 INFO o.a.j.e.StandardJMeterEngine: Starting 150 threads for group Grupo De Hilos.
2020-04-01 20:56:34,433 INFO o.a.j.e.StandardJMeterEngine: Thread will continue on error
2020-04-01 20:56:34,434 INFO o.a.j.t.ThreadGroup: Starting thread group... number=1 threads=150 ramp-up=60 delayedStart=false
2020-04-01 20:56:34,474 INFO o.a.j.t.JMeterThread: Thread started: Grupo De Hilos 1-1
2020-04-01 20:56:34,531 INFO o.a.j.p.h.s.HTTPHCAbstractImpl: Local host = hylianpablo
2020-04-01 20:56:34,547 INFO o.a.j.p.h.s.HTTPHC4Impl: HTTP request retry count = 0
2020-04-01 20:56:34,551 INFO o.a.j.s.SampleResult: Note: Sample TimeStamps are START times
2020-04-01 20:56:34,552 INFO o.a.j.s.SampleResult: sampleresult.default.encoding is set to ISO-8859-1
2020-04-01 20:56:34,552 INFO o.a.j.s.SampleResult: sampleresult.useNanoTime=true
2020-04-01 20:56:34,552 INFO o.a.j.s.SampleResult: sampleresult.nanoThreadSleep=5000
2020-04-01 20:56:34,682 INFO o.a.j.t.ThreadGroup: Started thread group number 1
2020-04-01 20:56:34,682 INFO o.a.j.e.StandardJMeterEngine: All thread groups have been started
2020-04-01 20:56:34,841 INFO o.a.j.r.Summariser: summary +      1 in 00:00:00 =    2.1/s Avg:    99 Min:    99 Max:    99 Err:     0 (0.00%) Active: 1 Started: 1 Finished: 0
2020-04-01 20:56:34,863 INFO o.a.j.t.JMeterThread: Thread started: Grupo De Hilos 1-2
2020-04-01 20:56:35,262 INFO o.a.j.t.JMeterThread: Thread started: Grupo De Hilos 1-3
2020-04-01 20:56:35,661 INFO o.a.j.t.JMeterThread: Thread started: Grupo De Hilos 1-4
2020-04-01 20:56:36,037 INFO o.a.j.t.JMeterThread: Thread started: Grupo De Hilos 1-5
2020-04-01 20:56:36,438 INFO o.a.j.t.JMeterThread: Thread started: Grupo De Hilos 1-6
2020-04-01 20:56:36,836 INFO o.a.j.t.JMeterThread: Thread started: Grupo De Hilos 1-7
2020-04-01 20:56:37,237 INFO o.a.j.t.JMeterThread: Thread started: Grupo De Hilos 1-8
2020-04-01 20:56:37,635 INFO o.a.j.t.JMeterThread: Thread started: Grupo De Hilos 1-9
2020-04-01 20:56:38,036 INFO o.a.j.t.JMeterThread: Thread started: Grupo De Hilos 1-10
2020-04-01 20:56:38,440 INFO o.a.j.t.JMeterThread: Thread started: Grupo De Hilos 1-11
2020-04-01 20:56:38,838 INFO o.a.j.t.JMeterThread: Thread started: Grupo De Hilos 1-12
2020-04-01 20:56:39,243 INFO o.a.j.t.JMeterThread: Thread started: Grupo De Hilos 1-13
2020-04-01 20:56:39,639 INFO o.a.j.t.JMeterThread: Thread started: Grupo De Hilos 1-14
2020-04-01 20:56:40,039 INFO o.a.j.t.JMeterThread: Thread started: Grupo De Hilos 1-15
2020-04-01 20:56:40,436 INFO o.a.j.t.JMeterThread: Thread started: Grupo De Hilos 1-16
2020-04-01 20:56:40,839 INFO o.a.j.t.JMeterThread: Thread started: Grupo De Hilos 1-17
2020-04-01 20:56:41,236 INFO o.a.j.t.JMeterThread: Thread started: Grupo De Hilos 1-18
2020-04-01 20:56:41,642 INFO o.a.j.t.JMeterThread: Thread started: Grupo De Hilos 1-19
2020-04-01 20:56:42,041 INFO o.a.j.t.JMeterThread: Thread started: Grupo De Hilos 1-20
2020-04-01 20:56:42,436 INFO o.a.j.t.JMeterThread: Thread started: Grupo De Hilos 1-21
2020-04-01 20:56:42,837 INFO o.a.j.t.JMeterThread: Thread started: Grupo De Hilos 1-22
2020-04-01 20:56:43,237 INFO o.a.j.t.JMeterThread: Thread started: Grupo De Hilos 1-23
2020-04-01 20:56:43,636 INFO o.a.j.t.JMeterThread: Thread started: Grupo De Hilos 1-24
2020-04-01 20:56:44,037 INFO o.a.j.t.JMeterThread: Thread started: Grupo De Hilos 1-25
2020-04-01 20:56:44,436 INFO o.a.j.t.JMeterThread: Thread started: Grupo De Hilos 1-26
2020-04-01 20:56:44,836 INFO o.a.j.t.JMeterThread: Thread started: Grupo De Hilos 1-27
2020-04-01 20:56:45,235 INFO o.a.j.t.JMeterThread: Thread started: Grupo De Hilos 1-28
2020-04-01 20:56:45,635 INFO o.a.j.t.JMeterThread: Thread started: Grupo De Hilos 1-29
2020-04-01 20:56:46,035 INFO o.a.j.t.JMeterThread: Thread started: Grupo De Hilos 1-30
2020-04-01 20:56:46,437 INFO o.a.j.t.JMeterThread: Thread started: Grupo De Hilos 1-31
2020-04-01 20:56:46,835 INFO o.a.j.t.JMeterThread: Thread started: Grupo De Hilos 1-32
2020-04-01 20:56:47,244 INFO o.a.j.t.JMeterThread: Thread started: Grupo De Hilos 1-33
2020-04-01 20:56:47,638 INFO o.a.j.t.JMeterThread: Thread started: Grupo De Hilos 1-34
2020-04-01 20:56:48,036 INFO o.a.j.t.JMeterThread: Thread started: Grupo De Hilos 1-35
2020-04-01 20:56:48,435 INFO o.a.j.t.JMeterThread: Thread started: Grupo De Hilos 1-36
2020-04-01 20:56:48,835 INFO o.a.j.t.JMeterThread: Thread started: Grupo De Hilos 1-37
2020-04-01 20:56:49,245 INFO o.a.j.t.JMeterThread: Thread started: Grupo De Hilos 1-38
2020-04-01 20:56:49,637 INFO o.a.j.t.JMeterThread: Thread started: Grupo De Hilos 1-39
2020-04-01 20:56:50,036 INFO o.a.j.t.JMeterThread: Thread started: Grupo De Hilos 1-40
2020-04-01 20:56:50,435 INFO o.a.j.t.JMeterThread: Thread started: Grupo De Hilos 1-41
2020-04-01 20:56:50,836 INFO o.a.j.t.JMeterThread: Thread started: Grupo De Hilos 1-42
2020-04-01 20:56:51,235 INFO o.a.j.t.JMeterThread: Thread started: Grupo De Hilos 1-43
2020-04-01 20:56:51,635 INFO o.a.j.t.JMeterThread: Thread started: Grupo De Hilos 1-44
2020-04-01 20:56:52,035 INFO o.a.j.t.JMeterThread: Thread started: Grupo De Hilos 1-45
2020-04-01 20:56:52,435 INFO o.a.j.t.JMeterThread: Thread started: Grupo De Hilos 1-46
2020-04-01 20:56:52,839 INFO o.a.j.t.JMeterThread: Thread started: Grupo De Hilos 1-47
2020-04-01 20:56:53,236 INFO o.a.j.t.JMeterThread: Thread started: Grupo De Hilos 1-48
2020-04-01 20:56:53,635 INFO o.a.j.t.JMeterThread: Thread started: Grupo De Hilos 1-49
2020-04-01 20:56:54,037 INFO o.a.j.t.JMeterThread: Thread started: Grupo De Hilos 1-50
2020-04-01 20:56:54,437 INFO o.a.j.t.JMeterThread: Thread started: Grupo De Hilos 1-51
2020-04-01 20:56:54,835 INFO o.a.j.t.JMeterThread: Thread started: Grupo De Hilos 1-52
2020-04-01 20:56:55,240 INFO o.a.j.t.JMeterThread: Thread started: Grupo De Hilos 1-53
2020-04-01 20:56:55,637 INFO o.a.j.t.JMeterThread: Thread started: Grupo De Hilos 1-54
2020-04-01 20:56:56,035 INFO o.a.j.t.JMeterThread: Thread started: Grupo De Hilos 1-55
2020-04-01 20:56:56,436 INFO o.a.j.t.JMeterThread: Thread started: Grupo De Hilos 1-56
2020-04-01 20:56:56,836 INFO o.a.j.t.JMeterThread: Thread started: Grupo De Hilos 1-57
2020-04-01 20:56:57,237 INFO o.a.j.t.JMeterThread: Thread started: Grupo De Hilos 1-58
2020-04-01 20:56:57,638 INFO o.a.j.t.JMeterThread: Thread started: Grupo De Hilos 1-59
2020-04-01 20:56:58,035 INFO o.a.j.t.JMeterThread: Thread started: Grupo De Hilos 1-60
2020-04-01 20:56:58,447 INFO o.a.j.t.JMeterThread: Thread started: Grupo De Hilos 1-61
2020-04-01 20:56:58,836 INFO o.a.j.t.JMeterThread: Thread started: Grupo De Hilos 1-62
2020-04-01 20:56:59,236 INFO o.a.j.t.JMeterThread: Thread started: Grupo De Hilos 1-63
2020-04-01 20:56:59,635 INFO o.a.j.t.JMeterThread: Thread started: Grupo De Hilos 1-64
2020-04-01 20:57:00,002 INFO o.a.j.r.Summariser: summary +  27834 in 00:00:25 = 1106.3/s Avg:    29 Min:    14 Max:   179 Err:     0 (0.00%) Active: 64 Started: 64 Finished: 0
2020-04-01 20:57:00,003 INFO o.a.j.r.Summariser: summary =  27835 in 00:00:26 = 1085.4/s Avg:    29 Min:    14 Max:   179 Err:     0 (0.00%)
2020-04-01 20:57:00,035 INFO o.a.j.t.JMeterThread: Thread started: Grupo De Hilos 1-65
2020-04-01 20:57:00,436 INFO o.a.j.t.JMeterThread: Thread started: Grupo De Hilos 1-66
2020-04-01 20:57:00,836 INFO o.a.j.t.JMeterThread: Thread started: Grupo De Hilos 1-67
2020-04-01 20:57:01,235 INFO o.a.j.t.JMeterThread: Thread started: Grupo De Hilos 1-68
2020-04-01 20:57:01,637 INFO o.a.j.t.JMeterThread: Thread started: Grupo De Hilos 1-69
2020-04-01 20:57:02,035 INFO o.a.j.t.JMeterThread: Thread started: Grupo De Hilos 1-70
2020-04-01 20:57:02,436 INFO o.a.j.t.JMeterThread: Thread started: Grupo De Hilos 1-71
2020-04-01 20:57:02,835 INFO o.a.j.t.JMeterThread: Thread started: Grupo De Hilos 1-72
2020-04-01 20:57:03,234 INFO o.a.j.t.JMeterThread: Thread started: Grupo De Hilos 1-73
2020-04-01 20:57:03,635 INFO o.a.j.t.JMeterThread: Thread started: Grupo De Hilos 1-74
2020-04-01 20:57:04,034 INFO o.a.j.t.JMeterThread: Thread started: Grupo De Hilos 1-75
2020-04-01 20:57:04,435 INFO o.a.j.t.JMeterThread: Thread started: Grupo De Hilos 1-76
2020-04-01 20:57:04,834 INFO o.a.j.t.JMeterThread: Thread started: Grupo De Hilos 1-77
2020-04-01 20:57:05,235 INFO o.a.j.t.JMeterThread: Thread started: Grupo De Hilos 1-78
2020-04-01 20:57:05,634 INFO o.a.j.t.JMeterThread: Thread started: Grupo De Hilos 1-79
2020-04-01 20:57:06,035 INFO o.a.j.t.JMeterThread: Thread started: Grupo De Hilos 1-80
2020-04-01 20:57:06,447 INFO o.a.j.t.JMeterThread: Thread started: Grupo De Hilos 1-81
2020-04-01 20:57:06,846 INFO o.a.j.t.JMeterThread: Thread started: Grupo De Hilos 1-82
2020-04-01 20:57:07,237 INFO o.a.j.t.JMeterThread: Thread started: Grupo De Hilos 1-83
2020-04-01 20:57:07,635 INFO o.a.j.t.JMeterThread: Thread started: Grupo De Hilos 1-84
2020-04-01 20:57:08,036 INFO o.a.j.t.JMeterThread: Thread started: Grupo De Hilos 1-85
2020-04-01 20:57:08,438 INFO o.a.j.t.JMeterThread: Thread started: Grupo De Hilos 1-86
2020-04-01 20:57:08,836 INFO o.a.j.t.JMeterThread: Thread started: Grupo De Hilos 1-87
2020-04-01 20:57:09,238 INFO o.a.j.t.JMeterThread: Thread started: Grupo De Hilos 1-88
2020-04-01 20:57:09,637 INFO o.a.j.t.JMeterThread: Thread started: Grupo De Hilos 1-89
2020-04-01 20:57:10,036 INFO o.a.j.t.JMeterThread: Thread started: Grupo De Hilos 1-90
2020-04-01 20:57:10,435 INFO o.a.j.t.JMeterThread: Thread started: Grupo De Hilos 1-91
2020-04-01 20:57:10,836 INFO o.a.j.t.JMeterThread: Thread started: Grupo De Hilos 1-92
2020-04-01 20:57:11,239 INFO o.a.j.t.JMeterThread: Thread started: Grupo De Hilos 1-93
2020-04-01 20:57:11,639 INFO o.a.j.t.JMeterThread: Thread started: Grupo De Hilos 1-94
2020-04-01 20:57:12,037 INFO o.a.j.t.JMeterThread: Thread started: Grupo De Hilos 1-95
2020-04-01 20:57:12,437 INFO o.a.j.t.JMeterThread: Thread started: Grupo De Hilos 1-96
2020-04-01 20:57:12,836 INFO o.a.j.t.JMeterThread: Thread started: Grupo De Hilos 1-97
2020-04-01 20:57:13,239 INFO o.a.j.t.JMeterThread: Thread started: Grupo De Hilos 1-98
2020-04-01 20:57:13,641 INFO o.a.j.t.JMeterThread: Thread started: Grupo De Hilos 1-99
2020-04-01 20:57:14,037 INFO o.a.j.t.JMeterThread: Thread started: Grupo De Hilos 1-100
2020-04-01 20:57:14,436 INFO o.a.j.t.JMeterThread: Thread started: Grupo De Hilos 1-101
2020-04-01 20:57:14,835 INFO o.a.j.t.JMeterThread: Thread started: Grupo De Hilos 1-102
2020-04-01 20:57:15,235 INFO o.a.j.t.JMeterThread: Thread started: Grupo De Hilos 1-103
2020-04-01 20:57:15,637 INFO o.a.j.t.JMeterThread: Thread started: Grupo De Hilos 1-104
2020-04-01 20:57:16,036 INFO o.a.j.t.JMeterThread: Thread started: Grupo De Hilos 1-105
2020-04-01 20:57:16,435 INFO o.a.j.t.JMeterThread: Thread started: Grupo De Hilos 1-106
2020-04-01 20:57:16,836 INFO o.a.j.t.JMeterThread: Thread started: Grupo De Hilos 1-107
2020-04-01 20:57:17,236 INFO o.a.j.t.JMeterThread: Thread started: Grupo De Hilos 1-108
2020-04-01 20:57:17,636 INFO o.a.j.t.JMeterThread: Thread started: Grupo De Hilos 1-109
2020-04-01 20:57:18,035 INFO o.a.j.t.JMeterThread: Thread started: Grupo De Hilos 1-110
2020-04-01 20:57:18,435 INFO o.a.j.t.JMeterThread: Thread started: Grupo De Hilos 1-111
2020-04-01 20:57:18,835 INFO o.a.j.t.JMeterThread: Thread started: Grupo De Hilos 1-112
2020-04-01 20:57:19,235 INFO o.a.j.t.JMeterThread: Thread started: Grupo De Hilos 1-113
2020-04-01 20:57:19,636 INFO o.a.j.t.JMeterThread: Thread started: Grupo De Hilos 1-114
2020-04-01 20:57:20,036 INFO o.a.j.t.JMeterThread: Thread started: Grupo De Hilos 1-115
2020-04-01 20:57:20,437 INFO o.a.j.t.JMeterThread: Thread started: Grupo De Hilos 1-116
2020-04-01 20:57:20,847 INFO o.a.j.t.JMeterThread: Thread started: Grupo De Hilos 1-117
2020-04-01 20:57:21,236 INFO o.a.j.t.JMeterThread: Thread started: Grupo De Hilos 1-118
2020-04-01 20:57:21,635 INFO o.a.j.t.JMeterThread: Thread started: Grupo De Hilos 1-119
2020-04-01 20:57:22,043 INFO o.a.j.t.JMeterThread: Thread started: Grupo De Hilos 1-120
2020-04-01 20:57:22,446 INFO o.a.j.t.JMeterThread: Thread started: Grupo De Hilos 1-121
2020-04-01 20:57:22,835 INFO o.a.j.t.JMeterThread: Thread started: Grupo De Hilos 1-122
2020-04-01 20:57:23,235 INFO o.a.j.t.JMeterThread: Thread started: Grupo De Hilos 1-123
2020-04-01 20:57:23,635 INFO o.a.j.t.JMeterThread: Thread started: Grupo De Hilos 1-124
2020-04-01 20:57:24,034 INFO o.a.j.t.JMeterThread: Thread started: Grupo De Hilos 1-125
2020-04-01 20:57:24,435 INFO o.a.j.t.JMeterThread: Thread started: Grupo De Hilos 1-126
2020-04-01 20:57:24,834 INFO o.a.j.t.JMeterThread: Thread started: Grupo De Hilos 1-127
2020-04-01 20:57:25,235 INFO o.a.j.t.JMeterThread: Thread started: Grupo De Hilos 1-128
2020-04-01 20:57:25,635 INFO o.a.j.t.JMeterThread: Thread started: Grupo De Hilos 1-129
2020-04-01 20:57:26,036 INFO o.a.j.t.JMeterThread: Thread started: Grupo De Hilos 1-130
2020-04-01 20:57:26,436 INFO o.a.j.t.JMeterThread: Thread started: Grupo De Hilos 1-131
2020-04-01 20:57:26,839 INFO o.a.j.t.JMeterThread: Thread started: Grupo De Hilos 1-132
2020-04-01 20:57:27,235 INFO o.a.j.t.JMeterThread: Thread started: Grupo De Hilos 1-133
2020-04-01 20:57:27,635 INFO o.a.j.t.JMeterThread: Thread started: Grupo De Hilos 1-134
2020-04-01 20:57:28,035 INFO o.a.j.t.JMeterThread: Thread started: Grupo De Hilos 1-135
2020-04-01 20:57:28,438 INFO o.a.j.t.JMeterThread: Thread started: Grupo De Hilos 1-136
2020-04-01 20:57:28,836 INFO o.a.j.t.JMeterThread: Thread started: Grupo De Hilos 1-137
2020-04-01 20:57:29,236 INFO o.a.j.t.JMeterThread: Thread started: Grupo De Hilos 1-138
2020-04-01 20:57:29,635 INFO o.a.j.t.JMeterThread: Thread started: Grupo De Hilos 1-139
2020-04-01 20:57:30,001 INFO o.a.j.r.Summariser: summary +  56768 in 00:00:30 = 1892.3/s Avg:    53 Min:    18 Max:  1210 Err:     0 (0.00%) Active: 139 Started: 139 Finished: 0
2020-04-01 20:57:30,002 INFO o.a.j.r.Summariser: summary =  84603 in 00:00:56 = 1520.4/s Avg:    45 Min:    14 Max:  1210 Err:     0 (0.00%)
2020-04-01 20:57:30,036 INFO o.a.j.t.JMeterThread: Thread started: Grupo De Hilos 1-140
2020-04-01 20:57:30,435 INFO o.a.j.t.JMeterThread: Thread started: Grupo De Hilos 1-141
2020-04-01 20:57:30,837 INFO o.a.j.t.JMeterThread: Thread started: Grupo De Hilos 1-142
2020-04-01 20:57:31,236 INFO o.a.j.t.JMeterThread: Thread started: Grupo De Hilos 1-143
2020-04-01 20:57:31,639 INFO o.a.j.t.JMeterThread: Thread started: Grupo De Hilos 1-144
2020-04-01 20:57:32,039 INFO o.a.j.t.JMeterThread: Thread started: Grupo De Hilos 1-145
2020-04-01 20:57:32,436 INFO o.a.j.t.JMeterThread: Thread started: Grupo De Hilos 1-146
2020-04-01 20:57:32,836 INFO o.a.j.t.JMeterThread: Thread started: Grupo De Hilos 1-147
2020-04-01 20:57:33,236 INFO o.a.j.t.JMeterThread: Thread started: Grupo De Hilos 1-148
2020-04-01 20:57:33,637 INFO o.a.j.t.JMeterThread: Thread started: Grupo De Hilos 1-149
2020-04-01 20:57:34,038 INFO o.a.j.t.JMeterThread: Thread started: Grupo De Hilos 1-150
2020-04-01 20:58:00,001 INFO o.a.j.r.Summariser: summary +  50199 in 00:00:30 = 1673.3/s Avg:    89 Min:    24 Max:  1175 Err:     0 (0.00%) Active: 150 Started: 150 Finished: 0
2020-04-01 20:58:00,003 INFO o.a.j.r.Summariser: summary = 134802 in 00:01:26 = 1573.9/s Avg:    61 Min:    14 Max:  1210 Err:     0 (0.00%)
2020-04-01 20:58:30,004 INFO o.a.j.r.Summariser: summary +  47467 in 00:00:30 = 1582.1/s Avg:    94 Min:    26 Max:  1242 Err:     0 (0.00%) Active: 150 Started: 150 Finished: 0
2020-04-01 20:58:30,005 INFO o.a.j.r.Summariser: summary = 182269 in 00:01:56 = 1576.1/s Avg:    70 Min:    14 Max:  1242 Err:     0 (0.00%)
2020-04-01 20:59:00,001 INFO o.a.j.r.Summariser: summary +  49236 in 00:00:30 = 1641.4/s Avg:    91 Min:    29 Max:   533 Err:     0 (0.00%) Active: 150 Started: 150 Finished: 0
2020-04-01 20:59:00,002 INFO o.a.j.r.Summariser: summary = 231505 in 00:02:26 = 1589.5/s Avg:    74 Min:    14 Max:  1242 Err:     0 (0.00%)
2020-04-01 20:59:30,002 INFO o.a.j.r.Summariser: summary +  48841 in 00:00:30 = 1628.0/s Avg:    92 Min:    28 Max:   337 Err:     0 (0.00%) Active: 150 Started: 150 Finished: 0
2020-04-01 20:59:30,002 INFO o.a.j.r.Summariser: summary = 280346 in 00:02:56 = 1596.1/s Avg:    77 Min:    14 Max:  1242 Err:     0 (0.00%)
2020-04-01 21:00:00,004 INFO o.a.j.r.Summariser: summary +  48299 in 00:00:30 = 1609.9/s Avg:    93 Min:    29 Max:   393 Err:     0 (0.00%) Active: 150 Started: 150 Finished: 0
2020-04-01 21:00:00,007 INFO o.a.j.r.Summariser: summary = 328645 in 00:03:26 = 1598.1/s Avg:    80 Min:    14 Max:  1242 Err:     0 (0.00%)
2020-04-01 21:00:30,020 INFO o.a.j.r.Summariser: summary +  47969 in 00:00:30 = 1598.2/s Avg:    93 Min:    29 Max:  1232 Err:     0 (0.00%) Active: 150 Started: 150 Finished: 0
2020-04-01 21:00:30,021 INFO o.a.j.r.Summariser: summary = 376614 in 00:03:56 = 1598.1/s Avg:    81 Min:    14 Max:  1242 Err:     0 (0.00%)
2020-04-01 21:01:00,010 INFO o.a.j.r.Summariser: summary +  50855 in 00:00:30 = 1695.7/s Avg:    88 Min:    26 Max:  1270 Err:     0 (0.00%) Active: 150 Started: 150 Finished: 0
2020-04-01 21:01:00,011 INFO o.a.j.r.Summariser: summary = 427469 in 00:04:26 = 1609.1/s Avg:    82 Min:    14 Max:  1270 Err:     0 (0.00%)
2020-04-01 21:01:30,012 INFO o.a.j.r.Summariser: summary +  50169 in 00:00:30 = 1672.2/s Avg:    89 Min:    27 Max:  1178 Err:     0 (0.00%) Active: 150 Started: 150 Finished: 0
2020-04-01 21:01:30,013 INFO o.a.j.r.Summariser: summary = 477638 in 00:04:56 = 1615.5/s Avg:    83 Min:    14 Max:  1270 Err:     0 (0.00%)
2020-04-01 21:01:34,466 INFO o.a.j.t.JMeterThread: Stopping because end time detected by thread: Grupo De Hilos 1-4
2020-04-01 21:01:34,467 INFO o.a.j.t.JMeterThread: Thread finished: Grupo De Hilos 1-4
2020-04-01 21:01:34,490 INFO o.a.j.t.JMeterThread: Stopping because end time detected by thread: Grupo De Hilos 1-8
2020-04-01 21:01:34,490 INFO o.a.j.t.JMeterThread: Thread finished: Grupo De Hilos 1-8
2020-04-01 21:01:34,501 INFO o.a.j.t.JMeterThread: Stopping because end time detected by thread: Grupo De Hilos 1-16
2020-04-01 21:01:34,502 INFO o.a.j.t.JMeterThread: Thread finished: Grupo De Hilos 1-16
2020-04-01 21:01:34,502 INFO o.a.j.t.JMeterThread: Stopping because end time detected by thread: Grupo De Hilos 1-13
2020-04-01 21:01:34,502 INFO o.a.j.t.JMeterThread: Thread finished: Grupo De Hilos 1-13
2020-04-01 21:01:34,525 INFO o.a.j.t.JMeterThread: Stopping because end time detected by thread: Grupo De Hilos 1-10
2020-04-01 21:01:34,525 INFO o.a.j.t.JMeterThread: Thread finished: Grupo De Hilos 1-10
2020-04-01 21:01:34,525 INFO o.a.j.t.JMeterThread: Stopping because end time detected by thread: Grupo De Hilos 1-14
2020-04-01 21:01:34,525 INFO o.a.j.t.JMeterThread: Stopping because end time detected by thread: Grupo De Hilos 1-7
2020-04-01 21:01:34,525 INFO o.a.j.t.JMeterThread: Thread finished: Grupo De Hilos 1-14
2020-04-01 21:01:34,525 INFO o.a.j.t.JMeterThread: Thread finished: Grupo De Hilos 1-7
2020-04-01 21:01:34,526 INFO o.a.j.t.JMeterThread: Stopping because end time detected by thread: Grupo De Hilos 1-1
2020-04-01 21:01:34,526 INFO o.a.j.t.JMeterThread: Thread finished: Grupo De Hilos 1-1
2020-04-01 21:01:34,526 INFO o.a.j.t.JMeterThread: Stopping because end time detected by thread: Grupo De Hilos 1-32
2020-04-01 21:01:34,526 INFO o.a.j.t.JMeterThread: Thread finished: Grupo De Hilos 1-32
2020-04-01 21:01:34,527 INFO o.a.j.t.JMeterThread: Stopping because end time detected by thread: Grupo De Hilos 1-2
2020-04-01 21:01:34,527 INFO o.a.j.t.JMeterThread: Thread finished: Grupo De Hilos 1-2
2020-04-01 21:01:34,527 INFO o.a.j.t.JMeterThread: Stopping because end time detected by thread: Grupo De Hilos 1-6
2020-04-01 21:01:34,527 INFO o.a.j.t.JMeterThread: Stopping because end time detected by thread: Grupo De Hilos 1-36
2020-04-01 21:01:34,527 INFO o.a.j.t.JMeterThread: Thread finished: Grupo De Hilos 1-6
2020-04-01 21:01:34,528 INFO o.a.j.t.JMeterThread: Thread finished: Grupo De Hilos 1-36
2020-04-01 21:01:34,528 INFO o.a.j.t.JMeterThread: Stopping because end time detected by thread: Grupo De Hilos 1-21
2020-04-01 21:01:34,528 INFO o.a.j.t.JMeterThread: Thread finished: Grupo De Hilos 1-21
2020-04-01 21:01:34,539 INFO o.a.j.t.JMeterThread: Stopping because end time detected by thread: Grupo De Hilos 1-42
2020-04-01 21:01:34,539 INFO o.a.j.t.JMeterThread: Stopping because end time detected by thread: Grupo De Hilos 1-19
2020-04-01 21:01:34,539 INFO o.a.j.t.JMeterThread: Thread finished: Grupo De Hilos 1-42
2020-04-01 21:01:34,539 INFO o.a.j.t.JMeterThread: Thread finished: Grupo De Hilos 1-19
2020-04-01 21:01:34,540 INFO o.a.j.t.JMeterThread: Stopping because end time detected by thread: Grupo De Hilos 1-18
2020-04-01 21:01:34,540 INFO o.a.j.t.JMeterThread: Thread finished: Grupo De Hilos 1-18
2020-04-01 21:01:34,541 INFO o.a.j.t.JMeterThread: Stopping because end time detected by thread: Grupo De Hilos 1-17
2020-04-01 21:01:34,541 INFO o.a.j.t.JMeterThread: Thread finished: Grupo De Hilos 1-17
2020-04-01 21:01:34,543 INFO o.a.j.t.JMeterThread: Stopping because end time detected by thread: Grupo De Hilos 1-37
2020-04-01 21:01:34,543 INFO o.a.j.t.JMeterThread: Thread finished: Grupo De Hilos 1-37
2020-04-01 21:01:34,544 INFO o.a.j.t.JMeterThread: Stopping because end time detected by thread: Grupo De Hilos 1-33
2020-04-01 21:01:34,544 INFO o.a.j.t.JMeterThread: Thread finished: Grupo De Hilos 1-33
2020-04-01 21:01:34,544 INFO o.a.j.t.JMeterThread: Stopping because end time detected by thread: Grupo De Hilos 1-46
2020-04-01 21:01:34,544 INFO o.a.j.t.JMeterThread: Thread finished: Grupo De Hilos 1-46
2020-04-01 21:01:34,544 INFO o.a.j.t.JMeterThread: Stopping because end time detected by thread: Grupo De Hilos 1-22
2020-04-01 21:01:34,545 INFO o.a.j.t.JMeterThread: Thread finished: Grupo De Hilos 1-22
2020-04-01 21:01:34,545 INFO o.a.j.t.JMeterThread: Stopping because end time detected by thread: Grupo De Hilos 1-15
2020-04-01 21:01:34,545 INFO o.a.j.t.JMeterThread: Thread finished: Grupo De Hilos 1-15
2020-04-01 21:01:34,545 INFO o.a.j.t.JMeterThread: Stopping because end time detected by thread: Grupo De Hilos 1-38
2020-04-01 21:01:34,546 INFO o.a.j.t.JMeterThread: Thread finished: Grupo De Hilos 1-38
2020-04-01 21:01:34,546 INFO o.a.j.t.JMeterThread: Stopping because end time detected by thread: Grupo De Hilos 1-12
2020-04-01 21:01:34,546 INFO o.a.j.t.JMeterThread: Thread finished: Grupo De Hilos 1-12
2020-04-01 21:01:34,546 INFO o.a.j.t.JMeterThread: Stopping because end time detected by thread: Grupo De Hilos 1-27
2020-04-01 21:01:34,547 INFO o.a.j.t.JMeterThread: Thread finished: Grupo De Hilos 1-27
2020-04-01 21:01:34,547 INFO o.a.j.t.JMeterThread: Stopping because end time detected by thread: Grupo De Hilos 1-26
2020-04-01 21:01:34,547 INFO o.a.j.t.JMeterThread: Stopping because end time detected by thread: Grupo De Hilos 1-31
2020-04-01 21:01:34,547 INFO o.a.j.t.JMeterThread: Thread finished: Grupo De Hilos 1-26
2020-04-01 21:01:34,547 INFO o.a.j.t.JMeterThread: Thread finished: Grupo De Hilos 1-31
2020-04-01 21:01:34,548 INFO o.a.j.t.JMeterThread: Stopping because end time detected by thread: Grupo De Hilos 1-20
2020-04-01 21:01:34,548 INFO o.a.j.t.JMeterThread: Stopping because end time detected by thread: Grupo De Hilos 1-23
2020-04-01 21:01:34,549 INFO o.a.j.t.JMeterThread: Thread finished: Grupo De Hilos 1-23
2020-04-01 21:01:34,546 INFO o.a.j.t.JMeterThread: Stopping because end time detected by thread: Grupo De Hilos 1-5
2020-04-01 21:01:34,549 INFO o.a.j.t.JMeterThread: Thread finished: Grupo De Hilos 1-5
2020-04-01 21:01:34,548 INFO o.a.j.t.JMeterThread: Thread finished: Grupo De Hilos 1-20
2020-04-01 21:01:34,551 INFO o.a.j.t.JMeterThread: Stopping because end time detected by thread: Grupo De Hilos 1-25
2020-04-01 21:01:34,552 INFO o.a.j.t.JMeterThread: Thread finished: Grupo De Hilos 1-25
2020-04-01 21:01:34,552 INFO o.a.j.t.JMeterThread: Stopping because end time detected by thread: Grupo De Hilos 1-53
2020-04-01 21:01:34,552 INFO o.a.j.t.JMeterThread: Thread finished: Grupo De Hilos 1-53
2020-04-01 21:01:34,553 INFO o.a.j.t.JMeterThread: Stopping because end time detected by thread: Grupo De Hilos 1-28
2020-04-01 21:01:34,553 INFO o.a.j.t.JMeterThread: Thread finished: Grupo De Hilos 1-28
2020-04-01 21:01:34,554 INFO o.a.j.t.JMeterThread: Stopping because end time detected by thread: Grupo De Hilos 1-24
2020-04-01 21:01:34,554 INFO o.a.j.t.JMeterThread: Thread finished: Grupo De Hilos 1-24
2020-04-01 21:01:34,564 INFO o.a.j.t.JMeterThread: Stopping because end time detected by thread: Grupo De Hilos 1-35
2020-04-01 21:01:34,565 INFO o.a.j.t.JMeterThread: Thread finished: Grupo De Hilos 1-35
2020-04-01 21:01:34,584 INFO o.a.j.t.JMeterThread: Stopping because end time detected by thread: Grupo De Hilos 1-55
2020-04-01 21:01:34,585 INFO o.a.j.t.JMeterThread: Stopping because end time detected by thread: Grupo De Hilos 1-9
2020-04-01 21:01:34,585 INFO o.a.j.t.JMeterThread: Thread finished: Grupo De Hilos 1-55
2020-04-01 21:01:34,585 INFO o.a.j.t.JMeterThread: Stopping because end time detected by thread: Grupo De Hilos 1-39
2020-04-01 21:01:34,585 INFO o.a.j.t.JMeterThread: Thread finished: Grupo De Hilos 1-9
2020-04-01 21:01:34,585 INFO o.a.j.t.JMeterThread: Stopping because end time detected by thread: Grupo De Hilos 1-69
2020-04-01 21:01:34,585 INFO o.a.j.t.JMeterThread: Thread finished: Grupo De Hilos 1-69
2020-04-01 21:01:34,585 INFO o.a.j.t.JMeterThread: Stopping because end time detected by thread: Grupo De Hilos 1-29
2020-04-01 21:01:34,585 INFO o.a.j.t.JMeterThread: Stopping because end time detected by thread: Grupo De Hilos 1-34
2020-04-01 21:01:34,586 INFO o.a.j.t.JMeterThread: Stopping because end time detected by thread: Grupo De Hilos 1-68
2020-04-01 21:01:34,586 INFO o.a.j.t.JMeterThread: Thread finished: Grupo De Hilos 1-29
2020-04-01 21:01:34,586 INFO o.a.j.t.JMeterThread: Thread finished: Grupo De Hilos 1-39
2020-04-01 21:01:34,586 INFO o.a.j.t.JMeterThread: Stopping because end time detected by thread: Grupo De Hilos 1-30
2020-04-01 21:01:34,586 INFO o.a.j.t.JMeterThread: Thread finished: Grupo De Hilos 1-30
2020-04-01 21:01:34,586 INFO o.a.j.t.JMeterThread: Thread finished: Grupo De Hilos 1-68
2020-04-01 21:01:34,587 INFO o.a.j.t.JMeterThread: Stopping because end time detected by thread: Grupo De Hilos 1-43
2020-04-01 21:01:34,587 INFO o.a.j.t.JMeterThread: Thread finished: Grupo De Hilos 1-43
2020-04-01 21:01:34,586 INFO o.a.j.t.JMeterThread: Thread finished: Grupo De Hilos 1-34
2020-04-01 21:01:34,587 INFO o.a.j.t.JMeterThread: Stopping because end time detected by thread: Grupo De Hilos 1-66
2020-04-01 21:01:34,588 INFO o.a.j.t.JMeterThread: Thread finished: Grupo De Hilos 1-66
2020-04-01 21:01:34,588 INFO o.a.j.t.JMeterThread: Stopping because end time detected by thread: Grupo De Hilos 1-50
2020-04-01 21:01:34,588 INFO o.a.j.t.JMeterThread: Stopping because end time detected by thread: Grupo De Hilos 1-82
2020-04-01 21:01:34,588 INFO o.a.j.t.JMeterThread: Thread finished: Grupo De Hilos 1-50
2020-04-01 21:01:34,588 INFO o.a.j.t.JMeterThread: Thread finished: Grupo De Hilos 1-82
2020-04-01 21:01:34,589 INFO o.a.j.t.JMeterThread: Stopping because end time detected by thread: Grupo De Hilos 1-81
2020-04-01 21:01:34,589 INFO o.a.j.t.JMeterThread: Stopping because end time detected by thread: Grupo De Hilos 1-45
2020-04-01 21:01:34,589 INFO o.a.j.t.JMeterThread: Thread finished: Grupo De Hilos 1-81
2020-04-01 21:01:34,589 INFO o.a.j.t.JMeterThread: Thread finished: Grupo De Hilos 1-45
2020-04-01 21:01:34,589 INFO o.a.j.t.JMeterThread: Stopping because end time detected by thread: Grupo De Hilos 1-41
2020-04-01 21:01:34,590 INFO o.a.j.t.JMeterThread: Thread finished: Grupo De Hilos 1-41
2020-04-01 21:01:34,590 INFO o.a.j.t.JMeterThread: Stopping because end time detected by thread: Grupo De Hilos 1-47
2020-04-01 21:01:34,590 INFO o.a.j.t.JMeterThread: Thread finished: Grupo De Hilos 1-47
2020-04-01 21:01:34,611 INFO o.a.j.t.JMeterThread: Stopping because end time detected by thread: Grupo De Hilos 1-60
2020-04-01 21:01:34,611 INFO o.a.j.t.JMeterThread: Stopping because end time detected by thread: Grupo De Hilos 1-71
2020-04-01 21:01:34,611 INFO o.a.j.t.JMeterThread: Thread finished: Grupo De Hilos 1-60
2020-04-01 21:01:34,612 INFO o.a.j.t.JMeterThread: Stopping because end time detected by thread: Grupo De Hilos 1-51
2020-04-01 21:01:34,612 INFO o.a.j.t.JMeterThread: Thread finished: Grupo De Hilos 1-71
2020-04-01 21:01:34,612 INFO o.a.j.t.JMeterThread: Thread finished: Grupo De Hilos 1-51
2020-04-01 21:01:34,612 INFO o.a.j.t.JMeterThread: Stopping because end time detected by thread: Grupo De Hilos 1-64
2020-04-01 21:01:34,612 INFO o.a.j.t.JMeterThread: Stopping because end time detected by thread: Grupo De Hilos 1-97
2020-04-01 21:01:34,612 INFO o.a.j.t.JMeterThread: Thread finished: Grupo De Hilos 1-64
2020-04-01 21:01:34,613 INFO o.a.j.t.JMeterThread: Thread finished: Grupo De Hilos 1-97
2020-04-01 21:01:34,611 INFO o.a.j.t.JMeterThread: Stopping because end time detected by thread: Grupo De Hilos 1-44
2020-04-01 21:01:34,613 INFO o.a.j.t.JMeterThread: Stopping because end time detected by thread: Grupo De Hilos 1-48
2020-04-01 21:01:34,613 INFO o.a.j.t.JMeterThread: Thread finished: Grupo De Hilos 1-44
2020-04-01 21:01:34,613 INFO o.a.j.t.JMeterThread: Thread finished: Grupo De Hilos 1-48
2020-04-01 21:01:34,612 INFO o.a.j.t.JMeterThread: Stopping because end time detected by thread: Grupo De Hilos 1-70
2020-04-01 21:01:34,614 INFO o.a.j.t.JMeterThread: Thread finished: Grupo De Hilos 1-70
2020-04-01 21:01:34,614 INFO o.a.j.t.JMeterThread: Stopping because end time detected by thread: Grupo De Hilos 1-91
2020-04-01 21:01:34,614 INFO o.a.j.t.JMeterThread: Thread finished: Grupo De Hilos 1-91
2020-04-01 21:01:34,617 INFO o.a.j.t.JMeterThread: Stopping because end time detected by thread: Grupo De Hilos 1-54
2020-04-01 21:01:34,617 INFO o.a.j.t.JMeterThread: Stopping because end time detected by thread: Grupo De Hilos 1-58
2020-04-01 21:01:34,618 INFO o.a.j.t.JMeterThread: Thread finished: Grupo De Hilos 1-54
2020-04-01 21:01:34,618 INFO o.a.j.t.JMeterThread: Thread finished: Grupo De Hilos 1-58
2020-04-01 21:01:34,618 INFO o.a.j.t.JMeterThread: Stopping because end time detected by thread: Grupo De Hilos 1-3
2020-04-01 21:01:34,618 INFO o.a.j.t.JMeterThread: Thread finished: Grupo De Hilos 1-3
2020-04-01 21:01:34,618 INFO o.a.j.t.JMeterThread: Stopping because end time detected by thread: Grupo De Hilos 1-83
2020-04-01 21:01:34,618 INFO o.a.j.t.JMeterThread: Thread finished: Grupo De Hilos 1-83
2020-04-01 21:01:34,619 INFO o.a.j.t.JMeterThread: Stopping because end time detected by thread: Grupo De Hilos 1-78
2020-04-01 21:01:34,619 INFO o.a.j.t.JMeterThread: Thread finished: Grupo De Hilos 1-78
2020-04-01 21:01:34,617 INFO o.a.j.t.JMeterThread: Stopping because end time detected by thread: Grupo De Hilos 1-96
2020-04-01 21:01:34,619 INFO o.a.j.t.JMeterThread: Stopping because end time detected by thread: Grupo De Hilos 1-65
2020-04-01 21:01:34,619 INFO o.a.j.t.JMeterThread: Thread finished: Grupo De Hilos 1-65
2020-04-01 21:01:34,619 INFO o.a.j.t.JMeterThread: Thread finished: Grupo De Hilos 1-96
2020-04-01 21:01:34,618 INFO o.a.j.t.JMeterThread: Stopping because end time detected by thread: Grupo De Hilos 1-93
2020-04-01 21:01:34,620 INFO o.a.j.t.JMeterThread: Thread finished: Grupo De Hilos 1-93
2020-04-01 21:01:34,620 INFO o.a.j.t.JMeterThread: Stopping because end time detected by thread: Grupo De Hilos 1-40
2020-04-01 21:01:34,620 INFO o.a.j.t.JMeterThread: Thread finished: Grupo De Hilos 1-40
2020-04-01 21:01:34,621 INFO o.a.j.t.JMeterThread: Stopping because end time detected by thread: Grupo De Hilos 1-49
2020-04-01 21:01:34,621 INFO o.a.j.t.JMeterThread: Thread finished: Grupo De Hilos 1-49
2020-04-01 21:01:34,621 INFO o.a.j.t.JMeterThread: Stopping because end time detected by thread: Grupo De Hilos 1-89
2020-04-01 21:01:34,621 INFO o.a.j.t.JMeterThread: Thread finished: Grupo De Hilos 1-89
2020-04-01 21:01:34,621 INFO o.a.j.t.JMeterThread: Stopping because end time detected by thread: Grupo De Hilos 1-86
2020-04-01 21:01:34,622 INFO o.a.j.t.JMeterThread: Stopping because end time detected by thread: Grupo De Hilos 1-77
2020-04-01 21:01:34,622 INFO o.a.j.t.JMeterThread: Thread finished: Grupo De Hilos 1-86
2020-04-01 21:01:34,622 INFO o.a.j.t.JMeterThread: Thread finished: Grupo De Hilos 1-77
2020-04-01 21:01:34,622 INFO o.a.j.t.JMeterThread: Stopping because end time detected by thread: Grupo De Hilos 1-67
2020-04-01 21:01:34,622 INFO o.a.j.t.JMeterThread: Thread finished: Grupo De Hilos 1-67
2020-04-01 21:01:34,622 INFO o.a.j.t.JMeterThread: Stopping because end time detected by thread: Grupo De Hilos 1-63
2020-04-01 21:01:34,623 INFO o.a.j.t.JMeterThread: Stopping because end time detected by thread: Grupo De Hilos 1-80
2020-04-01 21:01:34,623 INFO o.a.j.t.JMeterThread: Stopping because end time detected by thread: Grupo De Hilos 1-73
2020-04-01 21:01:34,623 INFO o.a.j.t.JMeterThread: Thread finished: Grupo De Hilos 1-80
2020-04-01 21:01:34,623 INFO o.a.j.t.JMeterThread: Thread finished: Grupo De Hilos 1-63
2020-04-01 21:01:34,623 INFO o.a.j.t.JMeterThread: Stopping because end time detected by thread: Grupo De Hilos 1-52
2020-04-01 21:01:34,624 INFO o.a.j.t.JMeterThread: Thread finished: Grupo De Hilos 1-73
2020-04-01 21:01:34,624 INFO o.a.j.t.JMeterThread: Thread finished: Grupo De Hilos 1-52
2020-04-01 21:01:34,624 INFO o.a.j.t.JMeterThread: Stopping because end time detected by thread: Grupo De Hilos 1-79
2020-04-01 21:01:34,624 INFO o.a.j.t.JMeterThread: Thread finished: Grupo De Hilos 1-79
2020-04-01 21:01:34,629 INFO o.a.j.t.JMeterThread: Stopping because end time detected by thread: Grupo De Hilos 1-106
2020-04-01 21:01:34,629 INFO o.a.j.t.JMeterThread: Stopping because end time detected by thread: Grupo De Hilos 1-62
2020-04-01 21:01:34,629 INFO o.a.j.t.JMeterThread: Thread finished: Grupo De Hilos 1-106
2020-04-01 21:01:34,629 INFO o.a.j.t.JMeterThread: Stopping because end time detected by thread: Grupo De Hilos 1-95
2020-04-01 21:01:34,629 INFO o.a.j.t.JMeterThread: Thread finished: Grupo De Hilos 1-62
2020-04-01 21:01:34,629 INFO o.a.j.t.JMeterThread: Stopping because end time detected by thread: Grupo De Hilos 1-90
2020-04-01 21:01:34,630 INFO o.a.j.t.JMeterThread: Thread finished: Grupo De Hilos 1-90
2020-04-01 21:01:34,629 INFO o.a.j.t.JMeterThread: Thread finished: Grupo De Hilos 1-95
2020-04-01 21:01:34,636 INFO o.a.j.t.JMeterThread: Stopping because end time detected by thread: Grupo De Hilos 1-94
2020-04-01 21:01:34,636 INFO o.a.j.t.JMeterThread: Stopping because end time detected by thread: Grupo De Hilos 1-57
2020-04-01 21:01:34,636 INFO o.a.j.t.JMeterThread: Stopping because end time detected by thread: Grupo De Hilos 1-104
2020-04-01 21:01:34,636 INFO o.a.j.t.JMeterThread: Thread finished: Grupo De Hilos 1-94
2020-04-01 21:01:34,636 INFO o.a.j.t.JMeterThread: Thread finished: Grupo De Hilos 1-104
2020-04-01 21:01:34,636 INFO o.a.j.t.JMeterThread: Thread finished: Grupo De Hilos 1-57
2020-04-01 21:01:34,636 INFO o.a.j.t.JMeterThread: Stopping because end time detected by thread: Grupo De Hilos 1-84
2020-04-01 21:01:34,636 INFO o.a.j.t.JMeterThread: Stopping because end time detected by thread: Grupo De Hilos 1-88
2020-04-01 21:01:34,637 INFO o.a.j.t.JMeterThread: Thread finished: Grupo De Hilos 1-84
2020-04-01 21:01:34,637 INFO o.a.j.t.JMeterThread: Stopping because end time detected by thread: Grupo De Hilos 1-114
2020-04-01 21:01:34,637 INFO o.a.j.t.JMeterThread: Stopping because end time detected by thread: Grupo De Hilos 1-11
2020-04-01 21:01:34,637 INFO o.a.j.t.JMeterThread: Thread finished: Grupo De Hilos 1-11
2020-04-01 21:01:34,638 INFO o.a.j.t.JMeterThread: Stopping because end time detected by thread: Grupo De Hilos 1-59
2020-04-01 21:01:34,638 INFO o.a.j.t.JMeterThread: Stopping because end time detected by thread: Grupo De Hilos 1-108
2020-04-01 21:01:34,638 INFO o.a.j.t.JMeterThread: Stopping because end time detected by thread: Grupo De Hilos 1-72
2020-04-01 21:01:34,638 INFO o.a.j.t.JMeterThread: Thread finished: Grupo De Hilos 1-59
2020-04-01 21:01:34,638 INFO o.a.j.t.JMeterThread: Stopping because end time detected by thread: Grupo De Hilos 1-75
2020-04-01 21:01:34,638 INFO o.a.j.t.JMeterThread: Thread finished: Grupo De Hilos 1-108
2020-04-01 21:01:34,638 INFO o.a.j.t.JMeterThread: Thread finished: Grupo De Hilos 1-75
2020-04-01 21:01:34,639 INFO o.a.j.t.JMeterThread: Thread finished: Grupo De Hilos 1-114
2020-04-01 21:01:34,639 INFO o.a.j.t.JMeterThread: Stopping because end time detected by thread: Grupo De Hilos 1-111
2020-04-01 21:01:34,638 INFO o.a.j.t.JMeterThread: Thread finished: Grupo De Hilos 1-88
2020-04-01 21:01:34,639 INFO o.a.j.t.JMeterThread: Thread finished: Grupo De Hilos 1-72
2020-04-01 21:01:34,639 INFO o.a.j.t.JMeterThread: Stopping because end time detected by thread: Grupo De Hilos 1-56
2020-04-01 21:01:34,639 INFO o.a.j.t.JMeterThread: Thread finished: Grupo De Hilos 1-56
2020-04-01 21:01:34,639 INFO o.a.j.t.JMeterThread: Stopping because end time detected by thread: Grupo De Hilos 1-101
2020-04-01 21:01:34,639 INFO o.a.j.t.JMeterThread: Thread finished: Grupo De Hilos 1-101
2020-04-01 21:01:34,640 INFO o.a.j.t.JMeterThread: Thread finished: Grupo De Hilos 1-111
2020-04-01 21:01:34,640 INFO o.a.j.t.JMeterThread: Stopping because end time detected by thread: Grupo De Hilos 1-74
2020-04-01 21:01:34,640 INFO o.a.j.t.JMeterThread: Thread finished: Grupo De Hilos 1-74
2020-04-01 21:01:34,655 INFO o.a.j.t.JMeterThread: Stopping because end time detected by thread: Grupo De Hilos 1-85
2020-04-01 21:01:34,655 INFO o.a.j.t.JMeterThread: Stopping because end time detected by thread: Grupo De Hilos 1-99
2020-04-01 21:01:34,655 INFO o.a.j.t.JMeterThread: Thread finished: Grupo De Hilos 1-85
2020-04-01 21:01:34,655 INFO o.a.j.t.JMeterThread: Thread finished: Grupo De Hilos 1-99
2020-04-01 21:01:34,656 INFO o.a.j.t.JMeterThread: Stopping because end time detected by thread: Grupo De Hilos 1-98
2020-04-01 21:01:34,656 INFO o.a.j.t.JMeterThread: Thread finished: Grupo De Hilos 1-98
2020-04-01 21:01:34,661 INFO o.a.j.t.JMeterThread: Stopping because end time detected by thread: Grupo De Hilos 1-87
2020-04-01 21:01:34,661 INFO o.a.j.t.JMeterThread: Stopping because end time detected by thread: Grupo De Hilos 1-112
2020-04-01 21:01:34,661 INFO o.a.j.t.JMeterThread: Thread finished: Grupo De Hilos 1-87
2020-04-01 21:01:34,661 INFO o.a.j.t.JMeterThread: Stopping because end time detected by thread: Grupo De Hilos 1-128
2020-04-01 21:01:34,661 INFO o.a.j.t.JMeterThread: Thread finished: Grupo De Hilos 1-128
2020-04-01 21:01:34,662 INFO o.a.j.t.JMeterThread: Stopping because end time detected by thread: Grupo De Hilos 1-133
2020-04-01 21:01:34,662 INFO o.a.j.t.JMeterThread: Thread finished: Grupo De Hilos 1-133
2020-04-01 21:01:34,662 INFO o.a.j.t.JMeterThread: Stopping because end time detected by thread: Grupo De Hilos 1-121
2020-04-01 21:01:34,662 INFO o.a.j.t.JMeterThread: Stopping because end time detected by thread: Grupo De Hilos 1-113
2020-04-01 21:01:34,662 INFO o.a.j.t.JMeterThread: Thread finished: Grupo De Hilos 1-121
2020-04-01 21:01:34,662 INFO o.a.j.t.JMeterThread: Thread finished: Grupo De Hilos 1-113
2020-04-01 21:01:34,662 INFO o.a.j.t.JMeterThread: Stopping because end time detected by thread: Grupo De Hilos 1-105
2020-04-01 21:01:34,662 INFO o.a.j.t.JMeterThread: Stopping because end time detected by thread: Grupo De Hilos 1-118
2020-04-01 21:01:34,662 INFO o.a.j.t.JMeterThread: Thread finished: Grupo De Hilos 1-105
2020-04-01 21:01:34,663 INFO o.a.j.t.JMeterThread: Stopping because end time detected by thread: Grupo De Hilos 1-124
2020-04-01 21:01:34,663 INFO o.a.j.t.JMeterThread: Thread finished: Grupo De Hilos 1-118
2020-04-01 21:01:34,663 INFO o.a.j.t.JMeterThread: Stopping because end time detected by thread: Grupo De Hilos 1-127
2020-04-01 21:01:34,663 INFO o.a.j.t.JMeterThread: Thread finished: Grupo De Hilos 1-124
2020-04-01 21:01:34,663 INFO o.a.j.t.JMeterThread: Stopping because end time detected by thread: Grupo De Hilos 1-103
2020-04-01 21:01:34,663 INFO o.a.j.t.JMeterThread: Thread finished: Grupo De Hilos 1-127
2020-04-01 21:01:34,663 INFO o.a.j.t.JMeterThread: Thread finished: Grupo De Hilos 1-103
2020-04-01 21:01:34,663 INFO o.a.j.t.JMeterThread: Stopping because end time detected by thread: Grupo De Hilos 1-110
2020-04-01 21:01:34,661 INFO o.a.j.t.JMeterThread: Stopping because end time detected by thread: Grupo De Hilos 1-129
2020-04-01 21:01:34,663 INFO o.a.j.t.JMeterThread: Thread finished: Grupo De Hilos 1-110
2020-04-01 21:01:34,663 INFO o.a.j.t.JMeterThread: Thread finished: Grupo De Hilos 1-129
2020-04-01 21:01:34,663 INFO o.a.j.t.JMeterThread: Stopping because end time detected by thread: Grupo De Hilos 1-107
2020-04-01 21:01:34,661 INFO o.a.j.t.JMeterThread: Stopping because end time detected by thread: Grupo De Hilos 1-102
2020-04-01 21:01:34,664 INFO o.a.j.t.JMeterThread: Thread finished: Grupo De Hilos 1-107
2020-04-01 21:01:34,664 INFO o.a.j.t.JMeterThread: Thread finished: Grupo De Hilos 1-112
2020-04-01 21:01:34,664 INFO o.a.j.t.JMeterThread: Thread finished: Grupo De Hilos 1-102
2020-04-01 21:01:34,662 INFO o.a.j.t.JMeterThread: Stopping because end time detected by thread: Grupo De Hilos 1-92
2020-04-01 21:01:34,664 INFO o.a.j.t.JMeterThread: Thread finished: Grupo De Hilos 1-92
2020-04-01 21:01:34,683 INFO o.a.j.t.JMeterThread: Stopping because end time detected by thread: Grupo De Hilos 1-61
2020-04-01 21:01:34,683 INFO o.a.j.t.JMeterThread: Thread finished: Grupo De Hilos 1-61
2020-04-01 21:01:34,683 INFO o.a.j.t.JMeterThread: Stopping because end time detected by thread: Grupo De Hilos 1-130
2020-04-01 21:01:34,683 INFO o.a.j.t.JMeterThread: Stopping because end time detected by thread: Grupo De Hilos 1-100
2020-04-01 21:01:34,684 INFO o.a.j.t.JMeterThread: Thread finished: Grupo De Hilos 1-130
2020-04-01 21:01:34,684 INFO o.a.j.t.JMeterThread: Thread finished: Grupo De Hilos 1-100
2020-04-01 21:01:34,683 INFO o.a.j.t.JMeterThread: Stopping because end time detected by thread: Grupo De Hilos 1-76
2020-04-01 21:01:34,684 INFO o.a.j.t.JMeterThread: Stopping because end time detected by thread: Grupo De Hilos 1-139
2020-04-01 21:01:34,684 INFO o.a.j.t.JMeterThread: Thread finished: Grupo De Hilos 1-76
2020-04-01 21:01:34,684 INFO o.a.j.t.JMeterThread: Thread finished: Grupo De Hilos 1-139
2020-04-01 21:01:34,684 INFO o.a.j.t.JMeterThread: Stopping because end time detected by thread: Grupo De Hilos 1-137
2020-04-01 21:01:34,684 INFO o.a.j.t.JMeterThread: Stopping because end time detected by thread: Grupo De Hilos 1-119
2020-04-01 21:01:34,684 INFO o.a.j.t.JMeterThread: Thread finished: Grupo De Hilos 1-119
2020-04-01 21:01:34,684 INFO o.a.j.t.JMeterThread: Thread finished: Grupo De Hilos 1-137
2020-04-01 21:01:34,685 INFO o.a.j.t.JMeterThread: Stopping because end time detected by thread: Grupo De Hilos 1-109
2020-04-01 21:01:34,685 INFO o.a.j.t.JMeterThread: Stopping because end time detected by thread: Grupo De Hilos 1-117
2020-04-01 21:01:34,685 INFO o.a.j.t.JMeterThread: Thread finished: Grupo De Hilos 1-117
2020-04-01 21:01:34,685 INFO o.a.j.t.JMeterThread: Stopping because end time detected by thread: Grupo De Hilos 1-146
2020-04-01 21:01:34,685 INFO o.a.j.t.JMeterThread: Stopping because end time detected by thread: Grupo De Hilos 1-115
2020-04-01 21:01:34,686 INFO o.a.j.t.JMeterThread: Thread finished: Grupo De Hilos 1-115
2020-04-01 21:01:34,686 INFO o.a.j.t.JMeterThread: Thread finished: Grupo De Hilos 1-109
2020-04-01 21:01:34,683 INFO o.a.j.t.JMeterThread: Stopping because end time detected by thread: Grupo De Hilos 1-120
2020-04-01 21:01:34,686 INFO o.a.j.t.JMeterThread: Stopping because end time detected by thread: Grupo De Hilos 1-145
2020-04-01 21:01:34,686 INFO o.a.j.t.JMeterThread: Stopping because end time detected by thread: Grupo De Hilos 1-148
2020-04-01 21:01:34,686 INFO o.a.j.t.JMeterThread: Thread finished: Grupo De Hilos 1-145
2020-04-01 21:01:34,683 INFO o.a.j.t.JMeterThread: Stopping because end time detected by thread: Grupo De Hilos 1-135
2020-04-01 21:01:34,687 INFO o.a.j.t.JMeterThread: Thread finished: Grupo De Hilos 1-148
2020-04-01 21:01:34,687 INFO o.a.j.t.JMeterThread: Thread finished: Grupo De Hilos 1-135
2020-04-01 21:01:34,687 INFO o.a.j.t.JMeterThread: Stopping because end time detected by thread: Grupo De Hilos 1-143
2020-04-01 21:01:34,687 INFO o.a.j.t.JMeterThread: Stopping because end time detected by thread: Grupo De Hilos 1-132
2020-04-01 21:01:34,687 INFO o.a.j.t.JMeterThread: Thread finished: Grupo De Hilos 1-143
2020-04-01 21:01:34,688 INFO o.a.j.t.JMeterThread: Thread finished: Grupo De Hilos 1-132
2020-04-01 21:01:34,688 INFO o.a.j.t.JMeterThread: Stopping because end time detected by thread: Grupo De Hilos 1-116
2020-04-01 21:01:34,688 INFO o.a.j.t.JMeterThread: Thread finished: Grupo De Hilos 1-116
2020-04-01 21:01:34,687 INFO o.a.j.t.JMeterThread: Thread finished: Grupo De Hilos 1-146
2020-04-01 21:01:34,688 INFO o.a.j.t.JMeterThread: Stopping because end time detected by thread: Grupo De Hilos 1-142
2020-04-01 21:01:34,687 INFO o.a.j.t.JMeterThread: Stopping because end time detected by thread: Grupo De Hilos 1-140
2020-04-01 21:01:34,689 INFO o.a.j.t.JMeterThread: Thread finished: Grupo De Hilos 1-142
2020-04-01 21:01:34,689 INFO o.a.j.t.JMeterThread: Thread finished: Grupo De Hilos 1-140
2020-04-01 21:01:34,687 INFO o.a.j.t.JMeterThread: Stopping because end time detected by thread: Grupo De Hilos 1-149
2020-04-01 21:01:34,689 INFO o.a.j.t.JMeterThread: Thread finished: Grupo De Hilos 1-120
2020-04-01 21:01:34,689 INFO o.a.j.t.JMeterThread: Thread finished: Grupo De Hilos 1-149
2020-04-01 21:01:34,697 INFO o.a.j.t.JMeterThread: Stopping because end time detected by thread: Grupo De Hilos 1-141
2020-04-01 21:01:34,697 INFO o.a.j.t.JMeterThread: Stopping because end time detected by thread: Grupo De Hilos 1-144
2020-04-01 21:01:34,697 INFO o.a.j.t.JMeterThread: Thread finished: Grupo De Hilos 1-141
2020-04-01 21:01:34,697 INFO o.a.j.t.JMeterThread: Thread finished: Grupo De Hilos 1-144
2020-04-01 21:01:34,699 INFO o.a.j.t.JMeterThread: Stopping because end time detected by thread: Grupo De Hilos 1-123
2020-04-01 21:01:34,699 INFO o.a.j.t.JMeterThread: Stopping because end time detected by thread: Grupo De Hilos 1-125
2020-04-01 21:01:34,699 INFO o.a.j.t.JMeterThread: Stopping because end time detected by thread: Grupo De Hilos 1-150
2020-04-01 21:01:34,699 INFO o.a.j.t.JMeterThread: Stopping because end time detected by thread: Grupo De Hilos 1-138
2020-04-01 21:01:34,699 INFO o.a.j.t.JMeterThread: Thread finished: Grupo De Hilos 1-123
2020-04-01 21:01:34,699 INFO o.a.j.t.JMeterThread: Thread finished: Grupo De Hilos 1-125
2020-04-01 21:01:34,699 INFO o.a.j.t.JMeterThread: Thread finished: Grupo De Hilos 1-138
2020-04-01 21:01:34,700 INFO o.a.j.t.JMeterThread: Thread finished: Grupo De Hilos 1-150
2020-04-01 21:01:34,706 INFO o.a.j.t.JMeterThread: Stopping because end time detected by thread: Grupo De Hilos 1-126
2020-04-01 21:01:34,707 INFO o.a.j.t.JMeterThread: Thread finished: Grupo De Hilos 1-126
2020-04-01 21:01:34,729 INFO o.a.j.t.JMeterThread: Stopping because end time detected by thread: Grupo De Hilos 1-134
2020-04-01 21:01:34,730 INFO o.a.j.t.JMeterThread: Thread finished: Grupo De Hilos 1-134
2020-04-01 21:01:34,730 INFO o.a.j.t.JMeterThread: Stopping because end time detected by thread: Grupo De Hilos 1-147
2020-04-01 21:01:34,731 INFO o.a.j.t.JMeterThread: Thread finished: Grupo De Hilos 1-147
2020-04-01 21:01:34,745 INFO o.a.j.t.JMeterThread: Stopping because end time detected by thread: Grupo De Hilos 1-131
2020-04-01 21:01:34,745 INFO o.a.j.t.JMeterThread: Thread finished: Grupo De Hilos 1-131
2020-04-01 21:01:34,762 INFO o.a.j.t.JMeterThread: Stopping because end time detected by thread: Grupo De Hilos 1-136
2020-04-01 21:01:34,763 INFO o.a.j.t.JMeterThread: Stopping because end time detected by thread: Grupo De Hilos 1-122
2020-04-01 21:01:34,763 INFO o.a.j.t.JMeterThread: Thread finished: Grupo De Hilos 1-136
2020-04-01 21:01:34,763 INFO o.a.j.t.JMeterThread: Thread finished: Grupo De Hilos 1-122
2020-04-01 21:01:34,763 INFO o.a.j.e.StandardJMeterEngine: Notifying test listeners of end of test
2020-04-01 21:01:34,765 INFO o.a.j.r.Summariser: summary +   7532 in 00:00:05 = 1584.7/s Avg:    92 Min:    37 Max:   327 Err:     0 (0.00%) Active: 0 Started: 150 Finished: 150
2020-04-01 21:01:34,766 INFO o.a.j.r.Summariser: summary = 485170 in 00:05:00 = 1615.0/s Avg:    83 Min:    14 Max:  1270 Err:     0 (0.00%)
