2020-04-01 20:34:43,323 INFO o.a.j.u.JMeterUtils: Setting Locale to en_US
2020-04-01 20:34:43,351 INFO o.a.j.JMeter: Loading user properties from: /home/pablo/jmeter/bin/user.properties
2020-04-01 20:34:43,352 INFO o.a.j.JMeter: Loading system properties from: /home/pablo/jmeter/bin/system.properties
2020-04-01 20:34:43,353 INFO o.a.j.JMeter: Setting System property: HILOS=75
2020-04-01 20:34:43,353 INFO o.a.j.JMeter: Setting System property: SUBIDA=30
2020-04-01 20:34:43,354 INFO o.a.j.JMeter: Setting System property: DURACION=270
2020-04-01 20:34:43,354 INFO o.a.j.JMeter: Setting System property: PAGE=/test/imagenp.html
2020-04-01 20:34:43,354 INFO o.a.j.JMeter: Setting System property: FILE=scriptresultsperfmonP75.jtl
2020-04-01 20:34:43,357 INFO o.a.j.JMeter: Copyright (c) 1998-2019 The Apache Software Foundation
2020-04-01 20:34:43,357 INFO o.a.j.JMeter: Version 5.2.1
2020-04-01 20:34:43,357 INFO o.a.j.JMeter: java.version=1.8.0_201
2020-04-01 20:34:43,358 INFO o.a.j.JMeter: java.vm.name=Java HotSpot(TM) 64-Bit Server VM
2020-04-01 20:34:43,358 INFO o.a.j.JMeter: os.name=Linux
2020-04-01 20:34:43,358 INFO o.a.j.JMeter: os.arch=amd64
2020-04-01 20:34:43,358 INFO o.a.j.JMeter: os.version=4.15.0-91-generic
2020-04-01 20:34:43,359 INFO o.a.j.JMeter: file.encoding=UTF-8
2020-04-01 20:34:43,359 INFO o.a.j.JMeter: java.awt.headless=true
2020-04-01 20:34:43,359 INFO o.a.j.JMeter: Max memory     =732954624
2020-04-01 20:34:43,360 INFO o.a.j.JMeter: Available Processors =4
2020-04-01 20:34:43,367 INFO o.a.j.JMeter: Default Locale=English (United States)
2020-04-01 20:34:43,368 INFO o.a.j.JMeter: JMeter  Locale=English (United States)
2020-04-01 20:34:43,368 INFO o.a.j.JMeter: JMeterHome=/home/pablo/jmeter
2020-04-01 20:34:43,368 INFO o.a.j.JMeter: user.dir  =/home/pablo/jmeter/bin/EJECUCIONES/P1
2020-04-01 20:34:43,368 INFO o.a.j.JMeter: PWD       =/home/pablo/jmeter/bin/EJECUCIONES/P1
2020-04-01 20:34:43,369 INFO o.a.j.JMeter: IP: 127.0.1.1 Name: hylianpablo FullName: hylianpablo
2020-04-01 20:34:43,378 INFO o.a.j.s.FileServer: Default base='/home/pablo/jmeter/bin/EJECUCIONES/P1'
2020-04-01 20:34:43,387 INFO o.a.j.s.FileServer: Set new base='/home/pablo/jmeter/bin/EJECUCIONES/P1/../..'
2020-04-01 20:34:43,657 INFO o.a.j.s.SaveService: Testplan (JMX) version: 2.2. Testlog (JTL) version: 2.2
2020-04-01 20:34:43,675 INFO o.a.j.s.SaveService: Using SaveService properties file encoding UTF-8
2020-04-01 20:34:43,690 INFO o.a.j.s.SaveService: Using SaveService properties version 5.0
2020-04-01 20:34:43,710 INFO o.a.j.s.SaveService: Loading file: ../../Correcto.jmx
2020-04-01 20:34:43,871 INFO o.a.j.p.h.s.HTTPSamplerBase: Parser for text/html is org.apache.jmeter.protocol.http.parser.LagartoBasedHtmlParser
2020-04-01 20:34:43,872 INFO o.a.j.p.h.s.HTTPSamplerBase: Parser for application/xhtml+xml is org.apache.jmeter.protocol.http.parser.LagartoBasedHtmlParser
2020-04-01 20:34:43,872 INFO o.a.j.p.h.s.HTTPSamplerBase: Parser for application/xml is org.apache.jmeter.protocol.http.parser.LagartoBasedHtmlParser
2020-04-01 20:34:43,872 INFO o.a.j.p.h.s.HTTPSamplerBase: Parser for text/xml is org.apache.jmeter.protocol.http.parser.LagartoBasedHtmlParser
2020-04-01 20:34:43,872 INFO o.a.j.p.h.s.HTTPSamplerBase: Parser for text/vnd.wap.wml is org.apache.jmeter.protocol.http.parser.RegexpHTMLParser
2020-04-01 20:34:43,873 INFO o.a.j.p.h.s.HTTPSamplerBase: Parser for text/css is org.apache.jmeter.protocol.http.parser.CssParser
2020-04-01 20:34:43,897 INFO o.a.j.JMeter: Creating summariser <summary>
2020-04-01 20:34:43,910 INFO o.a.j.e.StandardJMeterEngine: Running the test!
2020-04-01 20:34:43,912 INFO o.a.j.s.SampleEvent: List of sample_variables: []
2020-04-01 20:34:43,912 INFO o.a.j.s.SampleEvent: List of sample_variables: []
2020-04-01 20:34:43,923 INFO o.a.j.e.u.CompoundVariable: Note: Function class names must contain the string: '.functions.'
2020-04-01 20:34:43,923 INFO o.a.j.e.u.CompoundVariable: Note: Function class names must not contain the string: '.gui.'
2020-04-01 20:34:44,806 INFO o.a.j.JMeter: Running test (1585766084806)
2020-04-01 20:34:44,884 INFO o.a.j.e.StandardJMeterEngine: Starting ThreadGroup: 1 : Grupo De Hilos
2020-04-01 20:34:44,885 INFO o.a.j.e.StandardJMeterEngine: Starting 75 threads for group Grupo De Hilos.
2020-04-01 20:34:44,885 INFO o.a.j.e.StandardJMeterEngine: Thread will continue on error
2020-04-01 20:34:44,886 INFO o.a.j.t.ThreadGroup: Starting thread group... number=1 threads=75 ramp-up=30 delayedStart=false
2020-04-01 20:34:44,938 INFO o.a.j.t.JMeterThread: Thread started: Grupo De Hilos 1-1
2020-04-01 20:34:44,994 INFO o.a.j.p.h.s.HTTPHCAbstractImpl: Local host = hylianpablo
2020-04-01 20:34:45,012 INFO o.a.j.p.h.s.HTTPHC4Impl: HTTP request retry count = 0
2020-04-01 20:34:45,016 INFO o.a.j.s.SampleResult: Note: Sample TimeStamps are START times
2020-04-01 20:34:45,017 INFO o.a.j.s.SampleResult: sampleresult.default.encoding is set to ISO-8859-1
2020-04-01 20:34:45,017 INFO o.a.j.s.SampleResult: sampleresult.useNanoTime=true
2020-04-01 20:34:45,017 INFO o.a.j.s.SampleResult: sampleresult.nanoThreadSleep=5000
2020-04-01 20:34:45,030 INFO o.a.j.t.ThreadGroup: Started thread group number 1
2020-04-01 20:34:45,030 INFO o.a.j.e.StandardJMeterEngine: All thread groups have been started
2020-04-01 20:34:45,327 INFO o.a.j.t.JMeterThread: Thread started: Grupo De Hilos 1-2
2020-04-01 20:34:45,727 INFO o.a.j.t.JMeterThread: Thread started: Grupo De Hilos 1-3
2020-04-01 20:34:46,125 INFO o.a.j.t.JMeterThread: Thread started: Grupo De Hilos 1-4
2020-04-01 20:34:46,491 INFO o.a.j.t.JMeterThread: Thread started: Grupo De Hilos 1-5
2020-04-01 20:34:46,891 INFO o.a.j.t.JMeterThread: Thread started: Grupo De Hilos 1-6
2020-04-01 20:34:47,289 INFO o.a.j.t.JMeterThread: Thread started: Grupo De Hilos 1-7
2020-04-01 20:34:47,691 INFO o.a.j.t.JMeterThread: Thread started: Grupo De Hilos 1-8
2020-04-01 20:34:48,088 INFO o.a.j.t.JMeterThread: Thread started: Grupo De Hilos 1-9
2020-04-01 20:34:48,489 INFO o.a.j.t.JMeterThread: Thread started: Grupo De Hilos 1-10
2020-04-01 20:34:48,888 INFO o.a.j.t.JMeterThread: Thread started: Grupo De Hilos 1-11
2020-04-01 20:34:49,288 INFO o.a.j.t.JMeterThread: Thread started: Grupo De Hilos 1-12
2020-04-01 20:34:49,691 INFO o.a.j.t.JMeterThread: Thread started: Grupo De Hilos 1-13
2020-04-01 20:34:50,098 INFO o.a.j.t.JMeterThread: Thread started: Grupo De Hilos 1-14
2020-04-01 20:34:50,502 INFO o.a.j.t.JMeterThread: Thread started: Grupo De Hilos 1-15
2020-04-01 20:34:50,892 INFO o.a.j.t.JMeterThread: Thread started: Grupo De Hilos 1-16
2020-04-01 20:34:51,290 INFO o.a.j.t.JMeterThread: Thread started: Grupo De Hilos 1-17
2020-04-01 20:34:51,690 INFO o.a.j.t.JMeterThread: Thread started: Grupo De Hilos 1-18
2020-04-01 20:34:52,093 INFO o.a.j.t.JMeterThread: Thread started: Grupo De Hilos 1-19
2020-04-01 20:34:52,488 INFO o.a.j.t.JMeterThread: Thread started: Grupo De Hilos 1-20
2020-04-01 20:34:52,889 INFO o.a.j.t.JMeterThread: Thread started: Grupo De Hilos 1-21
2020-04-01 20:34:53,290 INFO o.a.j.t.JMeterThread: Thread started: Grupo De Hilos 1-22
2020-04-01 20:34:53,690 INFO o.a.j.t.JMeterThread: Thread started: Grupo De Hilos 1-23
2020-04-01 20:34:54,087 INFO o.a.j.t.JMeterThread: Thread started: Grupo De Hilos 1-24
2020-04-01 20:34:54,488 INFO o.a.j.t.JMeterThread: Thread started: Grupo De Hilos 1-25
2020-04-01 20:34:54,888 INFO o.a.j.t.JMeterThread: Thread started: Grupo De Hilos 1-26
2020-04-01 20:34:55,290 INFO o.a.j.t.JMeterThread: Thread started: Grupo De Hilos 1-27
2020-04-01 20:34:55,694 INFO o.a.j.t.JMeterThread: Thread started: Grupo De Hilos 1-28
2020-04-01 20:34:56,088 INFO o.a.j.t.JMeterThread: Thread started: Grupo De Hilos 1-29
2020-04-01 20:34:56,487 INFO o.a.j.t.JMeterThread: Thread started: Grupo De Hilos 1-30
2020-04-01 20:34:56,888 INFO o.a.j.t.JMeterThread: Thread started: Grupo De Hilos 1-31
2020-04-01 20:34:57,288 INFO o.a.j.t.JMeterThread: Thread started: Grupo De Hilos 1-32
2020-04-01 20:34:57,688 INFO o.a.j.t.JMeterThread: Thread started: Grupo De Hilos 1-33
2020-04-01 20:34:58,088 INFO o.a.j.t.JMeterThread: Thread started: Grupo De Hilos 1-34
2020-04-01 20:34:58,488 INFO o.a.j.t.JMeterThread: Thread started: Grupo De Hilos 1-35
2020-04-01 20:34:58,887 INFO o.a.j.t.JMeterThread: Thread started: Grupo De Hilos 1-36
2020-04-01 20:34:59,289 INFO o.a.j.t.JMeterThread: Thread started: Grupo De Hilos 1-37
2020-04-01 20:34:59,690 INFO o.a.j.t.JMeterThread: Thread started: Grupo De Hilos 1-38
2020-04-01 20:35:00,004 INFO o.a.j.r.Summariser: summary +  10515 in 00:00:15 =  692.0/s Avg:    27 Min:    14 Max:   261 Err:     0 (0.00%) Active: 38 Started: 38 Finished: 0
2020-04-01 20:35:00,088 INFO o.a.j.t.JMeterThread: Thread started: Grupo De Hilos 1-39
2020-04-01 20:35:00,487 INFO o.a.j.t.JMeterThread: Thread started: Grupo De Hilos 1-40
2020-04-01 20:35:00,892 INFO o.a.j.t.JMeterThread: Thread started: Grupo De Hilos 1-41
2020-04-01 20:35:01,287 INFO o.a.j.t.JMeterThread: Thread started: Grupo De Hilos 1-42
2020-04-01 20:35:01,687 INFO o.a.j.t.JMeterThread: Thread started: Grupo De Hilos 1-43
2020-04-01 20:35:02,088 INFO o.a.j.t.JMeterThread: Thread started: Grupo De Hilos 1-44
2020-04-01 20:35:02,488 INFO o.a.j.t.JMeterThread: Thread started: Grupo De Hilos 1-45
2020-04-01 20:35:02,888 INFO o.a.j.t.JMeterThread: Thread started: Grupo De Hilos 1-46
2020-04-01 20:35:03,289 INFO o.a.j.t.JMeterThread: Thread started: Grupo De Hilos 1-47
2020-04-01 20:35:03,687 INFO o.a.j.t.JMeterThread: Thread started: Grupo De Hilos 1-48
2020-04-01 20:35:04,087 INFO o.a.j.t.JMeterThread: Thread started: Grupo De Hilos 1-49
2020-04-01 20:35:04,487 INFO o.a.j.t.JMeterThread: Thread started: Grupo De Hilos 1-50
2020-04-01 20:35:04,888 INFO o.a.j.t.JMeterThread: Thread started: Grupo De Hilos 1-51
2020-04-01 20:35:05,288 INFO o.a.j.t.JMeterThread: Thread started: Grupo De Hilos 1-52
2020-04-01 20:35:05,687 INFO o.a.j.t.JMeterThread: Thread started: Grupo De Hilos 1-53
2020-04-01 20:35:06,087 INFO o.a.j.t.JMeterThread: Thread started: Grupo De Hilos 1-54
2020-04-01 20:35:06,488 INFO o.a.j.t.JMeterThread: Thread started: Grupo De Hilos 1-55
2020-04-01 20:35:06,888 INFO o.a.j.t.JMeterThread: Thread started: Grupo De Hilos 1-56
2020-04-01 20:35:07,286 INFO o.a.j.t.JMeterThread: Thread started: Grupo De Hilos 1-57
2020-04-01 20:35:07,687 INFO o.a.j.t.JMeterThread: Thread started: Grupo De Hilos 1-58
2020-04-01 20:35:08,087 INFO o.a.j.t.JMeterThread: Thread started: Grupo De Hilos 1-59
2020-04-01 20:35:08,491 INFO o.a.j.t.JMeterThread: Thread started: Grupo De Hilos 1-60
2020-04-01 20:35:08,887 INFO o.a.j.t.JMeterThread: Thread started: Grupo De Hilos 1-61
2020-04-01 20:35:09,288 INFO o.a.j.t.JMeterThread: Thread started: Grupo De Hilos 1-62
2020-04-01 20:35:09,692 INFO o.a.j.t.JMeterThread: Thread started: Grupo De Hilos 1-63
2020-04-01 20:35:10,088 INFO o.a.j.t.JMeterThread: Thread started: Grupo De Hilos 1-64
2020-04-01 20:35:10,487 INFO o.a.j.t.JMeterThread: Thread started: Grupo De Hilos 1-65
2020-04-01 20:35:10,892 INFO o.a.j.t.JMeterThread: Thread started: Grupo De Hilos 1-66
2020-04-01 20:35:11,288 INFO o.a.j.t.JMeterThread: Thread started: Grupo De Hilos 1-67
2020-04-01 20:35:11,687 INFO o.a.j.t.JMeterThread: Thread started: Grupo De Hilos 1-68
2020-04-01 20:35:12,087 INFO o.a.j.t.JMeterThread: Thread started: Grupo De Hilos 1-69
2020-04-01 20:35:12,488 INFO o.a.j.t.JMeterThread: Thread started: Grupo De Hilos 1-70
2020-04-01 20:35:12,887 INFO o.a.j.t.JMeterThread: Thread started: Grupo De Hilos 1-71
2020-04-01 20:35:13,287 INFO o.a.j.t.JMeterThread: Thread started: Grupo De Hilos 1-72
2020-04-01 20:35:13,687 INFO o.a.j.t.JMeterThread: Thread started: Grupo De Hilos 1-73
2020-04-01 20:35:14,087 INFO o.a.j.t.JMeterThread: Thread started: Grupo De Hilos 1-74
2020-04-01 20:35:14,496 INFO o.a.j.t.JMeterThread: Thread started: Grupo De Hilos 1-75
2020-04-01 20:35:30,011 INFO o.a.j.r.Summariser: summary +  44766 in 00:00:30 = 1491.9/s Avg:    43 Min:    15 Max:  1716 Err:     0 (0.00%) Active: 75 Started: 75 Finished: 0
2020-04-01 20:35:30,012 INFO o.a.j.r.Summariser: summary =  55281 in 00:00:45 = 1222.9/s Avg:    40 Min:    14 Max:  1716 Err:     0 (0.00%)
2020-04-01 20:36:00,004 INFO o.a.j.r.Summariser: summary +  52268 in 00:00:30 = 1742.8/s Avg:    42 Min:    16 Max:   788 Err:     0 (0.00%) Active: 75 Started: 75 Finished: 0
2020-04-01 20:36:00,005 INFO o.a.j.r.Summariser: summary = 107549 in 00:01:15 = 1430.3/s Avg:    41 Min:    14 Max:  1716 Err:     0 (0.00%)
2020-04-01 20:36:30,001 INFO o.a.j.r.Summariser: summary +  50064 in 00:00:30 = 1668.8/s Avg:    44 Min:    16 Max:  1373 Err:     0 (0.00%) Active: 75 Started: 75 Finished: 0
2020-04-01 20:36:30,002 INFO o.a.j.r.Summariser: summary = 157613 in 00:01:45 = 1498.3/s Avg:    42 Min:    14 Max:  1716 Err:     0 (0.00%)
2020-04-01 20:37:00,015 INFO o.a.j.r.Summariser: summary +  50632 in 00:00:30 = 1686.9/s Avg:    44 Min:    16 Max:  1422 Err:     0 (0.00%) Active: 75 Started: 75 Finished: 0
2020-04-01 20:37:00,015 INFO o.a.j.r.Summariser: summary = 208245 in 00:02:15 = 1540.2/s Avg:    43 Min:    14 Max:  1716 Err:     0 (0.00%)
2020-04-01 20:37:30,036 INFO o.a.j.r.Summariser: summary +  50211 in 00:00:30 = 1672.5/s Avg:    44 Min:    16 Max:   354 Err:     0 (0.00%) Active: 75 Started: 75 Finished: 0
2020-04-01 20:37:30,037 INFO o.a.j.r.Summariser: summary = 258456 in 00:02:45 = 1564.2/s Avg:    43 Min:    14 Max:  1716 Err:     0 (0.00%)
2020-04-01 20:38:00,005 INFO o.a.j.r.Summariser: summary +  52985 in 00:00:30 = 1768.0/s Avg:    42 Min:    17 Max:   624 Err:     0 (0.00%) Active: 75 Started: 75 Finished: 0
2020-04-01 20:38:00,007 INFO o.a.j.r.Summariser: summary = 311441 in 00:03:15 = 1595.5/s Avg:    43 Min:    14 Max:  1716 Err:     0 (0.00%)
2020-04-01 20:38:30,011 INFO o.a.j.r.Summariser: summary +  53390 in 00:00:30 = 1779.4/s Avg:    41 Min:    17 Max:   213 Err:     0 (0.00%) Active: 75 Started: 75 Finished: 0
2020-04-01 20:38:30,012 INFO o.a.j.r.Summariser: summary = 364831 in 00:03:45 = 1620.0/s Avg:    43 Min:    14 Max:  1716 Err:     0 (0.00%)
2020-04-01 20:39:00,004 INFO o.a.j.r.Summariser: summary +  53185 in 00:00:30 = 1773.2/s Avg:    42 Min:    13 Max:  1078 Err:     0 (0.00%) Active: 75 Started: 75 Finished: 0
2020-04-01 20:39:00,005 INFO o.a.j.r.Summariser: summary = 418016 in 00:04:15 = 1638.0/s Avg:    42 Min:    13 Max:  1716 Err:     0 (0.00%)
2020-04-01 20:39:14,902 INFO o.a.j.t.JMeterThread: Stopping because end time detected by thread: Grupo De Hilos 1-1
2020-04-01 20:39:14,902 INFO o.a.j.t.JMeterThread: Stopping because end time detected by thread: Grupo De Hilos 1-2
2020-04-01 20:39:14,903 INFO o.a.j.t.JMeterThread: Thread finished: Grupo De Hilos 1-2
2020-04-01 20:39:14,903 INFO o.a.j.t.JMeterThread: Thread finished: Grupo De Hilos 1-1
2020-04-01 20:39:14,903 INFO o.a.j.t.JMeterThread: Stopping because end time detected by thread: Grupo De Hilos 1-3
2020-04-01 20:39:14,903 INFO o.a.j.t.JMeterThread: Thread finished: Grupo De Hilos 1-3
2020-04-01 20:39:14,908 INFO o.a.j.t.JMeterThread: Stopping because end time detected by thread: Grupo De Hilos 1-4
2020-04-01 20:39:14,908 INFO o.a.j.t.JMeterThread: Thread finished: Grupo De Hilos 1-4
2020-04-01 20:39:14,945 INFO o.a.j.t.JMeterThread: Stopping because end time detected by thread: Grupo De Hilos 1-5
2020-04-01 20:39:14,945 INFO o.a.j.t.JMeterThread: Thread finished: Grupo De Hilos 1-5
2020-04-01 20:39:14,946 INFO o.a.j.t.JMeterThread: Stopping because end time detected by thread: Grupo De Hilos 1-8
2020-04-01 20:39:14,946 INFO o.a.j.t.JMeterThread: Thread finished: Grupo De Hilos 1-8
2020-04-01 20:39:14,948 INFO o.a.j.t.JMeterThread: Stopping because end time detected by thread: Grupo De Hilos 1-10
2020-04-01 20:39:14,948 INFO o.a.j.t.JMeterThread: Thread finished: Grupo De Hilos 1-10
2020-04-01 20:39:14,948 INFO o.a.j.t.JMeterThread: Stopping because end time detected by thread: Grupo De Hilos 1-6
2020-04-01 20:39:14,948 INFO o.a.j.t.JMeterThread: Thread finished: Grupo De Hilos 1-6
2020-04-01 20:39:14,949 INFO o.a.j.t.JMeterThread: Stopping because end time detected by thread: Grupo De Hilos 1-7
2020-04-01 20:39:14,949 INFO o.a.j.t.JMeterThread: Stopping because end time detected by thread: Grupo De Hilos 1-9
2020-04-01 20:39:14,949 INFO o.a.j.t.JMeterThread: Thread finished: Grupo De Hilos 1-7
2020-04-01 20:39:14,950 INFO o.a.j.t.JMeterThread: Thread finished: Grupo De Hilos 1-9
2020-04-01 20:39:14,957 INFO o.a.j.t.JMeterThread: Stopping because end time detected by thread: Grupo De Hilos 1-12
2020-04-01 20:39:14,958 INFO o.a.j.t.JMeterThread: Thread finished: Grupo De Hilos 1-12
2020-04-01 20:39:14,958 INFO o.a.j.t.JMeterThread: Stopping because end time detected by thread: Grupo De Hilos 1-16
2020-04-01 20:39:14,958 INFO o.a.j.t.JMeterThread: Thread finished: Grupo De Hilos 1-16
2020-04-01 20:39:14,979 INFO o.a.j.t.JMeterThread: Stopping because end time detected by thread: Grupo De Hilos 1-20
2020-04-01 20:39:14,980 INFO o.a.j.t.JMeterThread: Thread finished: Grupo De Hilos 1-20
2020-04-01 20:39:14,979 INFO o.a.j.t.JMeterThread: Stopping because end time detected by thread: Grupo De Hilos 1-13
2020-04-01 20:39:14,981 INFO o.a.j.t.JMeterThread: Stopping because end time detected by thread: Grupo De Hilos 1-11
2020-04-01 20:39:14,981 INFO o.a.j.t.JMeterThread: Thread finished: Grupo De Hilos 1-11
2020-04-01 20:39:14,981 INFO o.a.j.t.JMeterThread: Thread finished: Grupo De Hilos 1-13
2020-04-01 20:39:14,981 INFO o.a.j.t.JMeterThread: Stopping because end time detected by thread: Grupo De Hilos 1-25
2020-04-01 20:39:14,982 INFO o.a.j.t.JMeterThread: Thread finished: Grupo De Hilos 1-25
2020-04-01 20:39:14,984 INFO o.a.j.t.JMeterThread: Stopping because end time detected by thread: Grupo De Hilos 1-14
2020-04-01 20:39:14,984 INFO o.a.j.t.JMeterThread: Thread finished: Grupo De Hilos 1-14
2020-04-01 20:39:14,984 INFO o.a.j.t.JMeterThread: Stopping because end time detected by thread: Grupo De Hilos 1-28
2020-04-01 20:39:14,984 INFO o.a.j.t.JMeterThread: Stopping because end time detected by thread: Grupo De Hilos 1-31
2020-04-01 20:39:14,984 INFO o.a.j.t.JMeterThread: Thread finished: Grupo De Hilos 1-31
2020-04-01 20:39:14,985 INFO o.a.j.t.JMeterThread: Thread finished: Grupo De Hilos 1-28
2020-04-01 20:39:14,985 INFO o.a.j.t.JMeterThread: Stopping because end time detected by thread: Grupo De Hilos 1-22
2020-04-01 20:39:14,985 INFO o.a.j.t.JMeterThread: Thread finished: Grupo De Hilos 1-22
2020-04-01 20:39:14,986 INFO o.a.j.t.JMeterThread: Stopping because end time detected by thread: Grupo De Hilos 1-21
2020-04-01 20:39:14,986 INFO o.a.j.t.JMeterThread: Thread finished: Grupo De Hilos 1-21
2020-04-01 20:39:14,986 INFO o.a.j.t.JMeterThread: Stopping because end time detected by thread: Grupo De Hilos 1-36
2020-04-01 20:39:14,986 INFO o.a.j.t.JMeterThread: Thread finished: Grupo De Hilos 1-36
2020-04-01 20:39:14,987 INFO o.a.j.t.JMeterThread: Stopping because end time detected by thread: Grupo De Hilos 1-23
2020-04-01 20:39:14,987 INFO o.a.j.t.JMeterThread: Stopping because end time detected by thread: Grupo De Hilos 1-32
2020-04-01 20:39:14,987 INFO o.a.j.t.JMeterThread: Thread finished: Grupo De Hilos 1-23
2020-04-01 20:39:14,987 INFO o.a.j.t.JMeterThread: Thread finished: Grupo De Hilos 1-32
2020-04-01 20:39:14,985 INFO o.a.j.t.JMeterThread: Stopping because end time detected by thread: Grupo De Hilos 1-30
2020-04-01 20:39:14,987 INFO o.a.j.t.JMeterThread: Thread finished: Grupo De Hilos 1-30
2020-04-01 20:39:14,988 INFO o.a.j.t.JMeterThread: Stopping because end time detected by thread: Grupo De Hilos 1-40
2020-04-01 20:39:14,988 INFO o.a.j.t.JMeterThread: Thread finished: Grupo De Hilos 1-40
2020-04-01 20:39:14,990 INFO o.a.j.t.JMeterThread: Stopping because end time detected by thread: Grupo De Hilos 1-15
2020-04-01 20:39:14,990 INFO o.a.j.t.JMeterThread: Thread finished: Grupo De Hilos 1-15
2020-04-01 20:39:14,991 INFO o.a.j.t.JMeterThread: Stopping because end time detected by thread: Grupo De Hilos 1-17
2020-04-01 20:39:14,990 INFO o.a.j.t.JMeterThread: Stopping because end time detected by thread: Grupo De Hilos 1-18
2020-04-01 20:39:14,991 INFO o.a.j.t.JMeterThread: Thread finished: Grupo De Hilos 1-17
2020-04-01 20:39:14,991 INFO o.a.j.t.JMeterThread: Thread finished: Grupo De Hilos 1-18
2020-04-01 20:39:14,993 INFO o.a.j.t.JMeterThread: Stopping because end time detected by thread: Grupo De Hilos 1-38
2020-04-01 20:39:14,993 INFO o.a.j.t.JMeterThread: Stopping because end time detected by thread: Grupo De Hilos 1-29
2020-04-01 20:39:14,993 INFO o.a.j.t.JMeterThread: Stopping because end time detected by thread: Grupo De Hilos 1-19
2020-04-01 20:39:14,993 INFO o.a.j.t.JMeterThread: Thread finished: Grupo De Hilos 1-38
2020-04-01 20:39:14,993 INFO o.a.j.t.JMeterThread: Thread finished: Grupo De Hilos 1-29
2020-04-01 20:39:14,993 INFO o.a.j.t.JMeterThread: Thread finished: Grupo De Hilos 1-19
2020-04-01 20:39:14,993 INFO o.a.j.t.JMeterThread: Stopping because end time detected by thread: Grupo De Hilos 1-26
2020-04-01 20:39:14,994 INFO o.a.j.t.JMeterThread: Thread finished: Grupo De Hilos 1-26
2020-04-01 20:39:14,997 INFO o.a.j.t.JMeterThread: Stopping because end time detected by thread: Grupo De Hilos 1-43
2020-04-01 20:39:14,998 INFO o.a.j.t.JMeterThread: Thread finished: Grupo De Hilos 1-43
2020-04-01 20:39:15,000 INFO o.a.j.t.JMeterThread: Stopping because end time detected by thread: Grupo De Hilos 1-37
2020-04-01 20:39:15,000 INFO o.a.j.t.JMeterThread: Thread finished: Grupo De Hilos 1-37
2020-04-01 20:39:15,020 INFO o.a.j.t.JMeterThread: Stopping because end time detected by thread: Grupo De Hilos 1-33
2020-04-01 20:39:15,020 INFO o.a.j.t.JMeterThread: Thread finished: Grupo De Hilos 1-33
2020-04-01 20:39:15,021 INFO o.a.j.t.JMeterThread: Stopping because end time detected by thread: Grupo De Hilos 1-34
2020-04-01 20:39:15,021 INFO o.a.j.t.JMeterThread: Thread finished: Grupo De Hilos 1-34
2020-04-01 20:39:15,026 INFO o.a.j.t.JMeterThread: Stopping because end time detected by thread: Grupo De Hilos 1-39
2020-04-01 20:39:15,026 INFO o.a.j.t.JMeterThread: Stopping because end time detected by thread: Grupo De Hilos 1-53
2020-04-01 20:39:15,026 INFO o.a.j.t.JMeterThread: Stopping because end time detected by thread: Grupo De Hilos 1-24
2020-04-01 20:39:15,026 INFO o.a.j.t.JMeterThread: Thread finished: Grupo De Hilos 1-39
2020-04-01 20:39:15,026 INFO o.a.j.t.JMeterThread: Thread finished: Grupo De Hilos 1-53
2020-04-01 20:39:15,026 INFO o.a.j.t.JMeterThread: Thread finished: Grupo De Hilos 1-24
2020-04-01 20:39:15,030 INFO o.a.j.t.JMeterThread: Stopping because end time detected by thread: Grupo De Hilos 1-35
2020-04-01 20:39:15,030 INFO o.a.j.t.JMeterThread: Stopping because end time detected by thread: Grupo De Hilos 1-59
2020-04-01 20:39:15,030 INFO o.a.j.t.JMeterThread: Thread finished: Grupo De Hilos 1-35
2020-04-01 20:39:15,030 INFO o.a.j.t.JMeterThread: Stopping because end time detected by thread: Grupo De Hilos 1-56
2020-04-01 20:39:15,030 INFO o.a.j.t.JMeterThread: Stopping because end time detected by thread: Grupo De Hilos 1-74
2020-04-01 20:39:15,030 INFO o.a.j.t.JMeterThread: Stopping because end time detected by thread: Grupo De Hilos 1-55
2020-04-01 20:39:15,030 INFO o.a.j.t.JMeterThread: Thread finished: Grupo De Hilos 1-56
2020-04-01 20:39:15,030 INFO o.a.j.t.JMeterThread: Stopping because end time detected by thread: Grupo De Hilos 1-62
2020-04-01 20:39:15,031 INFO o.a.j.t.JMeterThread: Thread finished: Grupo De Hilos 1-55
2020-04-01 20:39:15,031 INFO o.a.j.t.JMeterThread: Stopping because end time detected by thread: Grupo De Hilos 1-61
2020-04-01 20:39:15,030 INFO o.a.j.t.JMeterThread: Thread finished: Grupo De Hilos 1-59
2020-04-01 20:39:15,031 INFO o.a.j.t.JMeterThread: Thread finished: Grupo De Hilos 1-74
2020-04-01 20:39:15,031 INFO o.a.j.t.JMeterThread: Thread finished: Grupo De Hilos 1-61
2020-04-01 20:39:15,031 INFO o.a.j.t.JMeterThread: Thread finished: Grupo De Hilos 1-62
2020-04-01 20:39:15,030 INFO o.a.j.t.JMeterThread: Stopping because end time detected by thread: Grupo De Hilos 1-68
2020-04-01 20:39:15,032 INFO o.a.j.t.JMeterThread: Thread finished: Grupo De Hilos 1-68
2020-04-01 20:39:15,032 INFO o.a.j.t.JMeterThread: Stopping because end time detected by thread: Grupo De Hilos 1-52
2020-04-01 20:39:15,032 INFO o.a.j.t.JMeterThread: Stopping because end time detected by thread: Grupo De Hilos 1-48
2020-04-01 20:39:15,032 INFO o.a.j.t.JMeterThread: Stopping because end time detected by thread: Grupo De Hilos 1-41
2020-04-01 20:39:15,032 INFO o.a.j.t.JMeterThread: Thread finished: Grupo De Hilos 1-52
2020-04-01 20:39:15,032 INFO o.a.j.t.JMeterThread: Thread finished: Grupo De Hilos 1-48
2020-04-01 20:39:15,032 INFO o.a.j.t.JMeterThread: Thread finished: Grupo De Hilos 1-41
2020-04-01 20:39:15,033 INFO o.a.j.t.JMeterThread: Stopping because end time detected by thread: Grupo De Hilos 1-51
2020-04-01 20:39:15,033 INFO o.a.j.t.JMeterThread: Thread finished: Grupo De Hilos 1-51
2020-04-01 20:39:15,033 INFO o.a.j.t.JMeterThread: Stopping because end time detected by thread: Grupo De Hilos 1-54
2020-04-01 20:39:15,033 INFO o.a.j.t.JMeterThread: Stopping because end time detected by thread: Grupo De Hilos 1-63
2020-04-01 20:39:15,034 INFO o.a.j.t.JMeterThread: Thread finished: Grupo De Hilos 1-54
2020-04-01 20:39:15,034 INFO o.a.j.t.JMeterThread: Thread finished: Grupo De Hilos 1-63
2020-04-01 20:39:15,033 INFO o.a.j.t.JMeterThread: Stopping because end time detected by thread: Grupo De Hilos 1-27
2020-04-01 20:39:15,034 INFO o.a.j.t.JMeterThread: Stopping because end time detected by thread: Grupo De Hilos 1-72
2020-04-01 20:39:15,034 INFO o.a.j.t.JMeterThread: Stopping because end time detected by thread: Grupo De Hilos 1-42
2020-04-01 20:39:15,034 INFO o.a.j.t.JMeterThread: Thread finished: Grupo De Hilos 1-72
2020-04-01 20:39:15,035 INFO o.a.j.t.JMeterThread: Stopping because end time detected by thread: Grupo De Hilos 1-73
2020-04-01 20:39:15,035 INFO o.a.j.t.JMeterThread: Thread finished: Grupo De Hilos 1-42
2020-04-01 20:39:15,035 INFO o.a.j.t.JMeterThread: Thread finished: Grupo De Hilos 1-73
2020-04-01 20:39:15,035 INFO o.a.j.t.JMeterThread: Stopping because end time detected by thread: Grupo De Hilos 1-45
2020-04-01 20:39:15,035 INFO o.a.j.t.JMeterThread: Thread finished: Grupo De Hilos 1-27
2020-04-01 20:39:15,036 INFO o.a.j.t.JMeterThread: Thread finished: Grupo De Hilos 1-45
2020-04-01 20:39:15,043 INFO o.a.j.t.JMeterThread: Stopping because end time detected by thread: Grupo De Hilos 1-64
2020-04-01 20:39:15,043 INFO o.a.j.t.JMeterThread: Stopping because end time detected by thread: Grupo De Hilos 1-46
2020-04-01 20:39:15,043 INFO o.a.j.t.JMeterThread: Stopping because end time detected by thread: Grupo De Hilos 1-44
2020-04-01 20:39:15,043 INFO o.a.j.t.JMeterThread: Stopping because end time detected by thread: Grupo De Hilos 1-70
2020-04-01 20:39:15,043 INFO o.a.j.t.JMeterThread: Stopping because end time detected by thread: Grupo De Hilos 1-69
2020-04-01 20:39:15,043 INFO o.a.j.t.JMeterThread: Thread finished: Grupo De Hilos 1-44
2020-04-01 20:39:15,043 INFO o.a.j.t.JMeterThread: Thread finished: Grupo De Hilos 1-46
2020-04-01 20:39:15,043 INFO o.a.j.t.JMeterThread: Thread finished: Grupo De Hilos 1-69
2020-04-01 20:39:15,043 INFO o.a.j.t.JMeterThread: Thread finished: Grupo De Hilos 1-70
2020-04-01 20:39:15,043 INFO o.a.j.t.JMeterThread: Thread finished: Grupo De Hilos 1-64
2020-04-01 20:39:15,048 INFO o.a.j.t.JMeterThread: Stopping because end time detected by thread: Grupo De Hilos 1-66
2020-04-01 20:39:15,048 INFO o.a.j.t.JMeterThread: Stopping because end time detected by thread: Grupo De Hilos 1-58
2020-04-01 20:39:15,048 INFO o.a.j.t.JMeterThread: Stopping because end time detected by thread: Grupo De Hilos 1-49
2020-04-01 20:39:15,048 INFO o.a.j.t.JMeterThread: Thread finished: Grupo De Hilos 1-66
2020-04-01 20:39:15,048 INFO o.a.j.t.JMeterThread: Stopping because end time detected by thread: Grupo De Hilos 1-67
2020-04-01 20:39:15,048 INFO o.a.j.t.JMeterThread: Thread finished: Grupo De Hilos 1-58
2020-04-01 20:39:15,048 INFO o.a.j.t.JMeterThread: Thread finished: Grupo De Hilos 1-67
2020-04-01 20:39:15,048 INFO o.a.j.t.JMeterThread: Stopping because end time detected by thread: Grupo De Hilos 1-47
2020-04-01 20:39:15,048 INFO o.a.j.t.JMeterThread: Stopping because end time detected by thread: Grupo De Hilos 1-57
2020-04-01 20:39:15,048 INFO o.a.j.t.JMeterThread: Thread finished: Grupo De Hilos 1-47
2020-04-01 20:39:15,049 INFO o.a.j.t.JMeterThread: Thread finished: Grupo De Hilos 1-57
2020-04-01 20:39:15,049 INFO o.a.j.t.JMeterThread: Stopping because end time detected by thread: Grupo De Hilos 1-60
2020-04-01 20:39:15,049 INFO o.a.j.t.JMeterThread: Thread finished: Grupo De Hilos 1-49
2020-04-01 20:39:15,049 INFO o.a.j.t.JMeterThread: Thread finished: Grupo De Hilos 1-60
2020-04-01 20:39:15,048 INFO o.a.j.t.JMeterThread: Stopping because end time detected by thread: Grupo De Hilos 1-50
2020-04-01 20:39:15,049 INFO o.a.j.t.JMeterThread: Stopping because end time detected by thread: Grupo De Hilos 1-75
2020-04-01 20:39:15,049 INFO o.a.j.t.JMeterThread: Thread finished: Grupo De Hilos 1-75
2020-04-01 20:39:15,049 INFO o.a.j.t.JMeterThread: Thread finished: Grupo De Hilos 1-50
2020-04-01 20:39:15,050 INFO o.a.j.t.JMeterThread: Stopping because end time detected by thread: Grupo De Hilos 1-65
2020-04-01 20:39:15,050 INFO o.a.j.t.JMeterThread: Thread finished: Grupo De Hilos 1-65
2020-04-01 20:39:15,071 INFO o.a.j.t.JMeterThread: Stopping because end time detected by thread: Grupo De Hilos 1-71
2020-04-01 20:39:15,072 INFO o.a.j.t.JMeterThread: Thread finished: Grupo De Hilos 1-71
2020-04-01 20:39:15,073 INFO o.a.j.e.StandardJMeterEngine: Notifying test listeners of end of test
2020-04-01 20:39:15,075 INFO o.a.j.r.Summariser: summary +  26505 in 00:00:15 = 1758.7/s Avg:    42 Min:    17 Max:   241 Err:     0 (0.00%) Active: 0 Started: 75 Finished: 75
2020-04-01 20:39:15,076 INFO o.a.j.r.Summariser: summary = 444521 in 00:04:30 = 1644.7/s Avg:    42 Min:    13 Max:  1716 Err:     0 (0.00%)
