2020-05-15 15:26:39,470 INFO o.a.j.u.JMeterUtils: Setting Locale to en_US
2020-05-15 15:26:39,512 INFO o.a.j.JMeter: Loading user properties from: /home/pablo/jmeter/bin/user.properties
2020-05-15 15:26:39,513 INFO o.a.j.JMeter: Loading system properties from: /home/pablo/jmeter/bin/system.properties
2020-05-15 15:26:39,514 INFO o.a.j.JMeter: Setting System property: HILOS=40
2020-05-15 15:26:39,515 INFO o.a.j.JMeter: Setting System property: SUBIDA=15
2020-05-15 15:26:39,515 INFO o.a.j.JMeter: Setting System property: DURACION=615
2020-05-15 15:26:39,515 INFO o.a.j.JMeter: Setting System property: FILE=scriptresultsPerfmon40.jtl
2020-05-15 15:26:39,518 INFO o.a.j.JMeter: Copyright (c) 1998-2019 The Apache Software Foundation
2020-05-15 15:26:39,519 INFO o.a.j.JMeter: Version 5.2.1
2020-05-15 15:26:39,519 INFO o.a.j.JMeter: java.version=1.8.0_201
2020-05-15 15:26:39,519 INFO o.a.j.JMeter: java.vm.name=Java HotSpot(TM) 64-Bit Server VM
2020-05-15 15:26:39,520 INFO o.a.j.JMeter: os.name=Linux
2020-05-15 15:26:39,520 INFO o.a.j.JMeter: os.arch=amd64
2020-05-15 15:26:39,520 INFO o.a.j.JMeter: os.version=4.15.0-99-generic
2020-05-15 15:26:39,520 INFO o.a.j.JMeter: file.encoding=UTF-8
2020-05-15 15:26:39,521 INFO o.a.j.JMeter: java.awt.headless=true
2020-05-15 15:26:39,521 INFO o.a.j.JMeter: Max memory     =732954624
2020-05-15 15:26:39,522 INFO o.a.j.JMeter: Available Processors =4
2020-05-15 15:26:39,531 INFO o.a.j.JMeter: Default Locale=English (United States)
2020-05-15 15:26:39,531 INFO o.a.j.JMeter: JMeter  Locale=English (United States)
2020-05-15 15:26:39,532 INFO o.a.j.JMeter: JMeterHome=/home/pablo/jmeter
2020-05-15 15:26:39,532 INFO o.a.j.JMeter: user.dir  =/home/pablo/jmeter/bin/EJECUCIONES/P3_V3
2020-05-15 15:26:39,532 INFO o.a.j.JMeter: PWD       =/home/pablo/jmeter/bin/EJECUCIONES/P3_V3
2020-05-15 15:26:39,533 INFO o.a.j.JMeter: IP: 127.0.1.1 Name: hylianpablo FullName: hylianpablo
2020-05-15 15:26:39,545 INFO o.a.j.s.FileServer: Default base='/home/pablo/jmeter/bin/EJECUCIONES/P3_V3'
2020-05-15 15:26:39,561 INFO o.a.j.s.FileServer: Set new base='/home/pablo/jmeter/bin/EJECUCIONES/P3_V3/..'
2020-05-15 15:26:39,923 INFO o.a.j.s.SaveService: Testplan (JMX) version: 2.2. Testlog (JTL) version: 2.2
2020-05-15 15:26:39,945 INFO o.a.j.s.SaveService: Using SaveService properties file encoding UTF-8
2020-05-15 15:26:39,963 INFO o.a.j.s.SaveService: Using SaveService properties version 5.0
2020-05-15 15:26:39,987 INFO o.a.j.s.SaveService: Loading file: ../RecordP3_V2.jmx
2020-05-15 15:26:40,088 INFO o.a.j.p.h.c.CookieManager: Settings: Delete null: true Check: true Allow variable: true Save: false Prefix: COOKIE_
2020-05-15 15:26:40,154 INFO o.a.j.p.h.s.HTTPSamplerBase: Parser for text/html is org.apache.jmeter.protocol.http.parser.LagartoBasedHtmlParser
2020-05-15 15:26:40,154 INFO o.a.j.p.h.s.HTTPSamplerBase: Parser for application/xhtml+xml is org.apache.jmeter.protocol.http.parser.LagartoBasedHtmlParser
2020-05-15 15:26:40,155 INFO o.a.j.p.h.s.HTTPSamplerBase: Parser for application/xml is org.apache.jmeter.protocol.http.parser.LagartoBasedHtmlParser
2020-05-15 15:26:40,155 INFO o.a.j.p.h.s.HTTPSamplerBase: Parser for text/xml is org.apache.jmeter.protocol.http.parser.LagartoBasedHtmlParser
2020-05-15 15:26:40,155 INFO o.a.j.p.h.s.HTTPSamplerBase: Parser for text/vnd.wap.wml is org.apache.jmeter.protocol.http.parser.RegexpHTMLParser
2020-05-15 15:26:40,156 INFO o.a.j.p.h.s.HTTPSamplerBase: Parser for text/css is org.apache.jmeter.protocol.http.parser.CssParser
2020-05-15 15:26:40,312 INFO o.a.j.JMeter: Creating summariser <summary>
2020-05-15 15:26:40,335 INFO o.a.j.e.StandardJMeterEngine: Running the test!
2020-05-15 15:26:40,337 INFO o.a.j.s.SampleEvent: List of sample_variables: []
2020-05-15 15:26:40,338 INFO o.a.j.s.SampleEvent: List of sample_variables: []
2020-05-15 15:26:40,354 INFO o.a.j.e.u.CompoundVariable: Note: Function class names must contain the string: '.functions.'
2020-05-15 15:26:40,355 INFO o.a.j.e.u.CompoundVariable: Note: Function class names must not contain the string: '.gui.'
2020-05-15 15:26:41,483 INFO o.a.j.JMeter: Running test (1589549201483)
2020-05-15 15:26:41,584 INFO o.a.j.e.StandardJMeterEngine: Starting ThreadGroup: 1 : Thread Group
2020-05-15 15:26:41,584 INFO o.a.j.e.StandardJMeterEngine: Starting 40 threads for group Thread Group.
2020-05-15 15:26:41,584 INFO o.a.j.e.StandardJMeterEngine: Thread will continue on error
2020-05-15 15:26:41,585 INFO o.a.j.t.ThreadGroup: Starting thread group... number=1 threads=40 ramp-up=15 delayedStart=false
2020-05-15 15:26:41,659 INFO o.a.j.t.JMeterThread: Thread started: Thread Group 1-1
2020-05-15 15:26:41,792 INFO o.a.j.t.ThreadGroup: Started thread group number 1
2020-05-15 15:26:41,792 INFO o.a.j.e.StandardJMeterEngine: All thread groups have been started
2020-05-15 15:26:41,991 INFO o.a.j.t.JMeterThread: Thread started: Thread Group 1-2
2020-05-15 15:26:42,369 INFO o.a.j.t.JMeterThread: Thread started: Thread Group 1-3
2020-05-15 15:26:42,732 INFO o.a.j.t.JMeterThread: Thread started: Thread Group 1-4
2020-05-15 15:26:42,963 INFO o.a.j.s.SampleResult: Note: Sample TimeStamps are START times
2020-05-15 15:26:42,964 INFO o.a.j.s.SampleResult: sampleresult.default.encoding is set to ISO-8859-1
2020-05-15 15:26:42,964 INFO o.a.j.s.SampleResult: sampleresult.useNanoTime=true
2020-05-15 15:26:42,965 INFO o.a.j.s.SampleResult: sampleresult.nanoThreadSleep=5000
2020-05-15 15:26:43,129 INFO o.a.j.t.JMeterThread: Thread started: Thread Group 1-5
2020-05-15 15:26:43,490 INFO o.a.j.t.JMeterThread: Thread started: Thread Group 1-6
2020-05-15 15:26:43,860 INFO o.a.j.t.JMeterThread: Thread started: Thread Group 1-7
2020-05-15 15:26:44,228 INFO o.a.j.t.JMeterThread: Thread started: Thread Group 1-8
2020-05-15 15:26:44,598 INFO o.a.j.t.JMeterThread: Thread started: Thread Group 1-9
2020-05-15 15:26:44,971 INFO o.a.j.t.JMeterThread: Thread started: Thread Group 1-10
2020-05-15 15:26:45,356 INFO o.a.j.t.JMeterThread: Thread started: Thread Group 1-11
2020-05-15 15:26:45,724 INFO o.a.j.t.JMeterThread: Thread started: Thread Group 1-12
2020-05-15 15:26:45,758 INFO o.a.j.p.h.s.HTTPHCAbstractImpl: Local host = hylianpablo
2020-05-15 15:26:45,774 INFO o.a.j.p.h.s.HTTPHC4Impl: HTTP request retry count = 0
2020-05-15 15:26:46,104 INFO o.a.j.t.JMeterThread: Thread started: Thread Group 1-13
2020-05-15 15:26:46,473 INFO o.a.j.t.JMeterThread: Thread started: Thread Group 1-14
2020-05-15 15:26:46,842 INFO o.a.j.t.JMeterThread: Thread started: Thread Group 1-15
2020-05-15 15:26:47,219 INFO o.a.j.t.JMeterThread: Thread started: Thread Group 1-16
2020-05-15 15:26:47,592 INFO o.a.j.t.JMeterThread: Thread started: Thread Group 1-17
2020-05-15 15:26:47,964 INFO o.a.j.t.JMeterThread: Thread started: Thread Group 1-18
2020-05-15 15:26:48,341 INFO o.a.j.t.JMeterThread: Thread started: Thread Group 1-19
2020-05-15 15:26:48,715 INFO o.a.j.t.JMeterThread: Thread started: Thread Group 1-20
2020-05-15 15:26:49,089 INFO o.a.j.t.JMeterThread: Thread started: Thread Group 1-21
2020-05-15 15:26:49,464 INFO o.a.j.t.JMeterThread: Thread started: Thread Group 1-22
2020-05-15 15:26:49,841 INFO o.a.j.t.JMeterThread: Thread started: Thread Group 1-23
2020-05-15 15:26:50,216 INFO o.a.j.t.JMeterThread: Thread started: Thread Group 1-24
2020-05-15 15:26:50,593 INFO o.a.j.t.JMeterThread: Thread started: Thread Group 1-25
2020-05-15 15:26:50,966 INFO o.a.j.t.JMeterThread: Thread started: Thread Group 1-26
2020-05-15 15:26:51,339 INFO o.a.j.t.JMeterThread: Thread started: Thread Group 1-27
2020-05-15 15:26:51,713 INFO o.a.j.t.JMeterThread: Thread started: Thread Group 1-28
2020-05-15 15:26:52,088 INFO o.a.j.t.JMeterThread: Thread started: Thread Group 1-29
2020-05-15 15:26:52,463 INFO o.a.j.t.JMeterThread: Thread started: Thread Group 1-30
2020-05-15 15:26:52,839 INFO o.a.j.t.JMeterThread: Thread started: Thread Group 1-31
2020-05-15 15:26:53,214 INFO o.a.j.t.JMeterThread: Thread started: Thread Group 1-32
2020-05-15 15:26:53,590 INFO o.a.j.t.JMeterThread: Thread started: Thread Group 1-33
2020-05-15 15:26:53,964 INFO o.a.j.t.JMeterThread: Thread started: Thread Group 1-34
2020-05-15 15:26:54,338 INFO o.a.j.t.JMeterThread: Thread started: Thread Group 1-35
2020-05-15 15:26:54,714 INFO o.a.j.t.JMeterThread: Thread started: Thread Group 1-36
2020-05-15 15:26:55,089 INFO o.a.j.t.JMeterThread: Thread started: Thread Group 1-37
2020-05-15 15:26:55,463 INFO o.a.j.t.JMeterThread: Thread started: Thread Group 1-38
2020-05-15 15:26:55,837 INFO o.a.j.t.JMeterThread: Thread started: Thread Group 1-39
2020-05-15 15:26:56,218 INFO o.a.j.t.JMeterThread: Thread started: Thread Group 1-40
2020-05-15 15:27:00,260 INFO o.a.j.r.Summariser: summary +     89 in 00:00:19 =    4.7/s Avg:   135 Min:    41 Max:  1074 Err:     0 (0.00%) Active: 40 Started: 40 Finished: 0
2020-05-15 15:27:30,136 INFO o.a.j.r.Summariser: summary +    284 in 00:00:30 =    9.5/s Avg:   205 Min:    40 Max:  1360 Err:     0 (0.00%) Active: 40 Started: 40 Finished: 0
2020-05-15 15:27:30,138 INFO o.a.j.r.Summariser: summary =    373 in 00:00:49 =    7.7/s Avg:   189 Min:    40 Max:  1360 Err:     0 (0.00%)
2020-05-15 15:28:00,072 INFO o.a.j.r.Summariser: summary +    284 in 00:00:30 =    9.5/s Avg:   256 Min:    36 Max:  2227 Err:     0 (0.00%) Active: 40 Started: 40 Finished: 0
2020-05-15 15:28:00,073 INFO o.a.j.r.Summariser: summary =    657 in 00:01:19 =    8.4/s Avg:   218 Min:    36 Max:  2227 Err:     0 (0.00%)
2020-05-15 15:28:30,201 INFO o.a.j.r.Summariser: summary +    289 in 00:00:30 =    9.6/s Avg:   133 Min:    34 Max:  1033 Err:     0 (0.00%) Active: 40 Started: 40 Finished: 0
2020-05-15 15:28:30,202 INFO o.a.j.r.Summariser: summary =    946 in 00:01:49 =    8.7/s Avg:   192 Min:    34 Max:  2227 Err:     0 (0.00%)
2020-05-15 15:29:00,174 INFO o.a.j.r.Summariser: summary +    282 in 00:00:30 =    9.4/s Avg:   259 Min:    34 Max:  1411 Err:     0 (0.00%) Active: 40 Started: 40 Finished: 0
2020-05-15 15:29:00,175 INFO o.a.j.r.Summariser: summary =   1228 in 00:02:19 =    8.9/s Avg:   207 Min:    34 Max:  2227 Err:     0 (0.00%)
2020-05-15 15:29:30,109 INFO o.a.j.r.Summariser: summary +    289 in 00:00:30 =    9.7/s Avg:   133 Min:    35 Max:  1121 Err:     0 (0.00%) Active: 40 Started: 40 Finished: 0
2020-05-15 15:29:30,110 INFO o.a.j.r.Summariser: summary =   1517 in 00:02:49 =    9.0/s Avg:   193 Min:    34 Max:  2227 Err:     0 (0.00%)
2020-05-15 15:30:00,020 INFO o.a.j.r.Summariser: summary +    290 in 00:00:30 =    9.7/s Avg:   159 Min:    35 Max:  1208 Err:     0 (0.00%) Active: 40 Started: 40 Finished: 0
2020-05-15 15:30:00,021 INFO o.a.j.r.Summariser: summary =   1807 in 00:03:19 =    9.1/s Avg:   188 Min:    34 Max:  2227 Err:     0 (0.00%)
2020-05-15 15:30:30,008 INFO o.a.j.r.Summariser: summary +    268 in 00:00:30 =    8.9/s Avg:   464 Min:    36 Max:  3168 Err:     0 (0.00%) Active: 40 Started: 40 Finished: 0
2020-05-15 15:30:30,009 INFO o.a.j.r.Summariser: summary =   2075 in 00:03:49 =    9.1/s Avg:   223 Min:    34 Max:  3168 Err:     0 (0.00%)
2020-05-15 15:31:00,007 INFO o.a.j.r.Summariser: summary +    291 in 00:00:30 =    9.7/s Avg:   151 Min:    34 Max:  1434 Err:     0 (0.00%) Active: 40 Started: 40 Finished: 0
2020-05-15 15:31:00,007 INFO o.a.j.r.Summariser: summary =   2366 in 00:04:19 =    9.2/s Avg:   214 Min:    34 Max:  3168 Err:     0 (0.00%)
2020-05-15 15:31:32,590 INFO o.a.j.r.Summariser: summary +    206 in 00:00:33 =    6.3/s Avg:   296 Min:    37 Max:  7193 Err:     0 (0.00%) Active: 40 Started: 40 Finished: 0
2020-05-15 15:31:32,591 INFO o.a.j.r.Summariser: summary =   2572 in 00:04:51 =    8.8/s Avg:   221 Min:    34 Max:  7193 Err:     0 (0.00%)
2020-05-15 15:32:00,051 INFO o.a.j.r.Summariser: summary +    227 in 00:00:27 =    8.3/s Avg:  2509 Min:    38 Max: 16300 Err:     0 (0.00%) Active: 40 Started: 40 Finished: 0
2020-05-15 15:32:00,052 INFO o.a.j.r.Summariser: summary =   2799 in 00:05:19 =    8.8/s Avg:   407 Min:    34 Max: 16300 Err:     0 (0.00%)
2020-05-15 15:32:30,045 INFO o.a.j.r.Summariser: summary +    289 in 00:00:30 =    9.6/s Avg:   248 Min:    36 Max:  1801 Err:     0 (0.00%) Active: 40 Started: 40 Finished: 0
2020-05-15 15:32:30,046 INFO o.a.j.r.Summariser: summary =   3088 in 00:05:49 =    8.9/s Avg:   392 Min:    34 Max: 16300 Err:     0 (0.00%)
2020-05-15 15:33:00,173 INFO o.a.j.r.Summariser: summary +    283 in 00:00:30 =    9.4/s Avg:   233 Min:    38 Max:  1186 Err:     0 (0.00%) Active: 40 Started: 40 Finished: 0
2020-05-15 15:33:00,174 INFO o.a.j.r.Summariser: summary =   3371 in 00:06:19 =    8.9/s Avg:   378 Min:    34 Max: 16300 Err:     0 (0.00%)
2020-05-15 15:33:30,053 INFO o.a.j.r.Summariser: summary +    290 in 00:00:30 =    9.7/s Avg:   128 Min:    35 Max:  1070 Err:     0 (0.00%) Active: 40 Started: 40 Finished: 0
2020-05-15 15:33:30,054 INFO o.a.j.r.Summariser: summary =   3661 in 00:06:49 =    9.0/s Avg:   359 Min:    34 Max: 16300 Err:     0 (0.00%)
2020-05-15 15:34:00,270 INFO o.a.j.r.Summariser: summary +    281 in 00:00:30 =    9.3/s Avg:   293 Min:    33 Max:  2523 Err:     0 (0.00%) Active: 40 Started: 40 Finished: 0
2020-05-15 15:34:00,271 INFO o.a.j.r.Summariser: summary =   3942 in 00:07:19 =    9.0/s Avg:   354 Min:    33 Max: 16300 Err:     0 (0.00%)
2020-05-15 15:34:30,070 INFO o.a.j.r.Summariser: summary +    279 in 00:00:30 =    9.4/s Avg:   286 Min:    40 Max:  1452 Err:     0 (0.00%) Active: 40 Started: 40 Finished: 0
2020-05-15 15:34:30,071 INFO o.a.j.r.Summariser: summary =   4221 in 00:07:49 =    9.0/s Avg:   349 Min:    33 Max: 16300 Err:     0 (0.00%)
2020-05-15 15:35:00,007 INFO o.a.j.r.Summariser: summary +    290 in 00:00:30 =    9.7/s Avg:   139 Min:    31 Max:  1670 Err:     0 (0.00%) Active: 40 Started: 40 Finished: 0
2020-05-15 15:35:00,010 INFO o.a.j.r.Summariser: summary =   4511 in 00:08:19 =    9.0/s Avg:   336 Min:    31 Max: 16300 Err:     0 (0.00%)
2020-05-15 15:35:30,023 INFO o.a.j.r.Summariser: summary +    285 in 00:00:30 =    9.5/s Avg:   228 Min:    37 Max:  1197 Err:     0 (0.00%) Active: 40 Started: 40 Finished: 0
2020-05-15 15:35:30,024 INFO o.a.j.r.Summariser: summary =   4796 in 00:08:49 =    9.1/s Avg:   329 Min:    31 Max: 16300 Err:     0 (0.00%)
2020-05-15 15:36:00,176 INFO o.a.j.r.Summariser: summary +    284 in 00:00:30 =    9.4/s Avg:   202 Min:    38 Max:  1175 Err:     0 (0.00%) Active: 40 Started: 40 Finished: 0
2020-05-15 15:36:00,177 INFO o.a.j.r.Summariser: summary =   5080 in 00:09:19 =    9.1/s Avg:   322 Min:    31 Max: 16300 Err:     0 (0.00%)
2020-05-15 15:36:30,011 INFO o.a.j.r.Summariser: summary +    291 in 00:00:30 =    9.8/s Avg:   129 Min:    35 Max:  1434 Err:     0 (0.00%) Active: 40 Started: 40 Finished: 0
2020-05-15 15:36:30,011 INFO o.a.j.r.Summariser: summary =   5371 in 00:09:49 =    9.1/s Avg:   312 Min:    31 Max: 16300 Err:     0 (0.00%)
2020-05-15 15:36:52,672 INFO o.a.j.t.JMeterThread: Thread finished: Thread Group 1-4
2020-05-15 15:36:52,769 INFO o.a.j.t.JMeterThread: Thread finished: Thread Group 1-19
2020-05-15 15:36:52,791 INFO o.a.j.t.JMeterThread: Thread finished: Thread Group 1-40
2020-05-15 15:36:52,959 INFO o.a.j.t.JMeterThread: Thread finished: Thread Group 1-27
2020-05-15 15:36:53,049 INFO o.a.j.t.JMeterThread: Thread finished: Thread Group 1-28
2020-05-15 15:36:53,217 INFO o.a.j.t.JMeterThread: Thread finished: Thread Group 1-17
2020-05-15 15:36:53,292 INFO o.a.j.t.JMeterThread: Thread finished: Thread Group 1-7
2020-05-15 15:36:53,299 INFO o.a.j.t.JMeterThread: Thread finished: Thread Group 1-14
2020-05-15 15:36:53,416 INFO o.a.j.t.JMeterThread: Thread finished: Thread Group 1-15
2020-05-15 15:36:53,424 INFO o.a.j.t.JMeterThread: Thread finished: Thread Group 1-26
2020-05-15 15:36:53,576 INFO o.a.j.t.JMeterThread: Thread finished: Thread Group 1-6
2020-05-15 15:36:53,996 INFO o.a.j.t.JMeterThread: Thread finished: Thread Group 1-20
2020-05-15 15:36:54,045 INFO o.a.j.t.JMeterThread: Thread finished: Thread Group 1-31
2020-05-15 15:36:54,045 INFO o.a.j.t.JMeterThread: Thread finished: Thread Group 1-29
2020-05-15 15:36:54,423 INFO o.a.j.t.JMeterThread: Thread finished: Thread Group 1-8
2020-05-15 15:36:54,522 INFO o.a.j.t.JMeterThread: Thread finished: Thread Group 1-9
2020-05-15 15:36:54,614 INFO o.a.j.t.JMeterThread: Thread finished: Thread Group 1-18
2020-05-15 15:36:54,634 INFO o.a.j.t.JMeterThread: Thread finished: Thread Group 1-24
2020-05-15 15:36:55,029 INFO o.a.j.t.JMeterThread: Thread finished: Thread Group 1-30
2020-05-15 15:36:55,038 INFO o.a.j.t.JMeterThread: Thread finished: Thread Group 1-2
2020-05-15 15:36:55,110 INFO o.a.j.t.JMeterThread: Thread finished: Thread Group 1-13
2020-05-15 15:36:55,343 INFO o.a.j.t.JMeterThread: Thread finished: Thread Group 1-10
2020-05-15 15:36:55,492 INFO o.a.j.t.JMeterThread: Thread finished: Thread Group 1-33
2020-05-15 15:36:55,580 INFO o.a.j.t.JMeterThread: Thread finished: Thread Group 1-1
2020-05-15 15:36:55,608 INFO o.a.j.t.JMeterThread: Thread finished: Thread Group 1-34
2020-05-15 15:36:55,643 INFO o.a.j.t.JMeterThread: Thread finished: Thread Group 1-5
2020-05-15 15:36:55,654 INFO o.a.j.t.JMeterThread: Thread finished: Thread Group 1-11
2020-05-15 15:36:55,673 INFO o.a.j.t.JMeterThread: Thread finished: Thread Group 1-23
2020-05-15 15:36:55,748 INFO o.a.j.t.JMeterThread: Thread finished: Thread Group 1-32
2020-05-15 15:36:56,022 INFO o.a.j.t.JMeterThread: Thread finished: Thread Group 1-12
2020-05-15 15:36:56,232 INFO o.a.j.t.JMeterThread: Thread finished: Thread Group 1-16
2020-05-15 15:36:56,319 INFO o.a.j.t.JMeterThread: Thread finished: Thread Group 1-35
2020-05-15 15:36:56,319 INFO o.a.j.t.JMeterThread: Thread finished: Thread Group 1-39
2020-05-15 15:36:56,364 INFO o.a.j.t.JMeterThread: Thread finished: Thread Group 1-25
2020-05-15 15:36:56,433 INFO o.a.j.t.JMeterThread: Thread finished: Thread Group 1-21
2020-05-15 15:36:56,433 INFO o.a.j.t.JMeterThread: Thread finished: Thread Group 1-3
2020-05-15 15:36:56,618 INFO o.a.j.t.JMeterThread: Thread finished: Thread Group 1-36
2020-05-15 15:36:56,785 INFO o.a.j.t.JMeterThread: Stopping because end time detected by thread: Thread Group 1-22
2020-05-15 15:36:56,785 INFO o.a.j.t.JMeterThread: Thread finished: Thread Group 1-22
2020-05-15 15:36:57,250 INFO o.a.j.t.JMeterThread: Stopping because end time detected by thread: Thread Group 1-37
2020-05-15 15:36:57,250 INFO o.a.j.t.JMeterThread: Thread finished: Thread Group 1-37
2020-05-15 15:36:57,509 INFO o.a.j.t.JMeterThread: Stopping because end time detected by thread: Thread Group 1-38
2020-05-15 15:36:57,510 INFO o.a.j.t.JMeterThread: Thread finished: Thread Group 1-38
2020-05-15 15:36:57,511 INFO o.a.j.e.StandardJMeterEngine: Notifying test listeners of end of test
2020-05-15 15:36:57,514 INFO o.a.j.r.Summariser: summary +    249 in 00:00:28 =    9.1/s Avg:   308 Min:    42 Max:  1261 Err:     0 (0.00%) Active: 0 Started: 40 Finished: 40
2020-05-15 15:36:57,515 INFO o.a.j.r.Summariser: summary =   5620 in 00:10:16 =    9.1/s Avg:   312 Min:    31 Max: 16300 Err:     0 (0.00%)
