2020-05-15 15:36:59,938 INFO o.a.j.u.JMeterUtils: Setting Locale to en_US
2020-05-15 15:36:59,972 INFO o.a.j.JMeter: Loading user properties from: /home/pablo/jmeter/bin/user.properties
2020-05-15 15:36:59,973 INFO o.a.j.JMeter: Loading system properties from: /home/pablo/jmeter/bin/system.properties
2020-05-15 15:36:59,974 INFO o.a.j.JMeter: Setting System property: HILOS=80
2020-05-15 15:36:59,974 INFO o.a.j.JMeter: Setting System property: SUBIDA=20
2020-05-15 15:36:59,974 INFO o.a.j.JMeter: Setting System property: DURACION=620
2020-05-15 15:36:59,975 INFO o.a.j.JMeter: Setting System property: FILE=scriptresultsPerfmon80.jtl
2020-05-15 15:36:59,978 INFO o.a.j.JMeter: Copyright (c) 1998-2019 The Apache Software Foundation
2020-05-15 15:36:59,978 INFO o.a.j.JMeter: Version 5.2.1
2020-05-15 15:36:59,979 INFO o.a.j.JMeter: java.version=1.8.0_201
2020-05-15 15:36:59,979 INFO o.a.j.JMeter: java.vm.name=Java HotSpot(TM) 64-Bit Server VM
2020-05-15 15:36:59,979 INFO o.a.j.JMeter: os.name=Linux
2020-05-15 15:36:59,979 INFO o.a.j.JMeter: os.arch=amd64
2020-05-15 15:36:59,980 INFO o.a.j.JMeter: os.version=4.15.0-99-generic
2020-05-15 15:36:59,980 INFO o.a.j.JMeter: file.encoding=UTF-8
2020-05-15 15:36:59,980 INFO o.a.j.JMeter: java.awt.headless=true
2020-05-15 15:36:59,981 INFO o.a.j.JMeter: Max memory     =732954624
2020-05-15 15:36:59,981 INFO o.a.j.JMeter: Available Processors =4
2020-05-15 15:36:59,989 INFO o.a.j.JMeter: Default Locale=English (United States)
2020-05-15 15:36:59,990 INFO o.a.j.JMeter: JMeter  Locale=English (United States)
2020-05-15 15:36:59,990 INFO o.a.j.JMeter: JMeterHome=/home/pablo/jmeter
2020-05-15 15:36:59,990 INFO o.a.j.JMeter: user.dir  =/home/pablo/jmeter/bin/EJECUCIONES/P3_V3
2020-05-15 15:36:59,991 INFO o.a.j.JMeter: PWD       =/home/pablo/jmeter/bin/EJECUCIONES/P3_V3
2020-05-15 15:36:59,992 INFO o.a.j.JMeter: IP: 127.0.1.1 Name: hylianpablo FullName: hylianpablo
2020-05-15 15:37:00,002 INFO o.a.j.s.FileServer: Default base='/home/pablo/jmeter/bin/EJECUCIONES/P3_V3'
2020-05-15 15:37:00,012 INFO o.a.j.s.FileServer: Set new base='/home/pablo/jmeter/bin/EJECUCIONES/P3_V3/..'
2020-05-15 15:37:00,338 INFO o.a.j.s.SaveService: Testplan (JMX) version: 2.2. Testlog (JTL) version: 2.2
2020-05-15 15:37:00,357 INFO o.a.j.s.SaveService: Using SaveService properties file encoding UTF-8
2020-05-15 15:37:00,374 INFO o.a.j.s.SaveService: Using SaveService properties version 5.0
2020-05-15 15:37:00,395 INFO o.a.j.s.SaveService: Loading file: ../RecordP3_V2.jmx
2020-05-15 15:37:00,479 INFO o.a.j.p.h.c.CookieManager: Settings: Delete null: true Check: true Allow variable: true Save: false Prefix: COOKIE_
2020-05-15 15:37:00,532 INFO o.a.j.p.h.s.HTTPSamplerBase: Parser for text/html is org.apache.jmeter.protocol.http.parser.LagartoBasedHtmlParser
2020-05-15 15:37:00,533 INFO o.a.j.p.h.s.HTTPSamplerBase: Parser for application/xhtml+xml is org.apache.jmeter.protocol.http.parser.LagartoBasedHtmlParser
2020-05-15 15:37:00,533 INFO o.a.j.p.h.s.HTTPSamplerBase: Parser for application/xml is org.apache.jmeter.protocol.http.parser.LagartoBasedHtmlParser
2020-05-15 15:37:00,533 INFO o.a.j.p.h.s.HTTPSamplerBase: Parser for text/xml is org.apache.jmeter.protocol.http.parser.LagartoBasedHtmlParser
2020-05-15 15:37:00,533 INFO o.a.j.p.h.s.HTTPSamplerBase: Parser for text/vnd.wap.wml is org.apache.jmeter.protocol.http.parser.RegexpHTMLParser
2020-05-15 15:37:00,534 INFO o.a.j.p.h.s.HTTPSamplerBase: Parser for text/css is org.apache.jmeter.protocol.http.parser.CssParser
2020-05-15 15:37:00,667 INFO o.a.j.JMeter: Creating summariser <summary>
2020-05-15 15:37:00,683 INFO o.a.j.e.StandardJMeterEngine: Running the test!
2020-05-15 15:37:00,686 INFO o.a.j.s.SampleEvent: List of sample_variables: []
2020-05-15 15:37:00,687 INFO o.a.j.s.SampleEvent: List of sample_variables: []
2020-05-15 15:37:00,704 INFO o.a.j.e.u.CompoundVariable: Note: Function class names must contain the string: '.functions.'
2020-05-15 15:37:00,704 INFO o.a.j.e.u.CompoundVariable: Note: Function class names must not contain the string: '.gui.'
2020-05-15 15:37:01,637 INFO o.a.j.JMeter: Running test (1589549821637)
2020-05-15 15:37:01,772 INFO o.a.j.e.StandardJMeterEngine: Starting ThreadGroup: 1 : Thread Group
2020-05-15 15:37:01,773 INFO o.a.j.e.StandardJMeterEngine: Starting 80 threads for group Thread Group.
2020-05-15 15:37:01,773 INFO o.a.j.e.StandardJMeterEngine: Thread will continue on error
2020-05-15 15:37:01,774 INFO o.a.j.t.ThreadGroup: Starting thread group... number=1 threads=80 ramp-up=20 delayedStart=false
2020-05-15 15:37:01,819 INFO o.a.j.t.JMeterThread: Thread started: Thread Group 1-1
2020-05-15 15:37:01,906 INFO o.a.j.s.SampleResult: Note: Sample TimeStamps are START times
2020-05-15 15:37:01,908 INFO o.a.j.s.SampleResult: sampleresult.default.encoding is set to ISO-8859-1
2020-05-15 15:37:01,908 INFO o.a.j.s.SampleResult: sampleresult.useNanoTime=true
2020-05-15 15:37:01,908 INFO o.a.j.s.SampleResult: sampleresult.nanoThreadSleep=5000
2020-05-15 15:37:01,976 INFO o.a.j.t.ThreadGroup: Started thread group number 1
2020-05-15 15:37:01,976 INFO o.a.j.e.StandardJMeterEngine: All thread groups have been started
2020-05-15 15:37:02,034 INFO o.a.j.t.JMeterThread: Thread started: Thread Group 1-2
2020-05-15 15:37:02,283 INFO o.a.j.t.JMeterThread: Thread started: Thread Group 1-3
2020-05-15 15:37:02,529 INFO o.a.j.t.JMeterThread: Thread started: Thread Group 1-4
2020-05-15 15:37:02,782 INFO o.a.j.t.JMeterThread: Thread started: Thread Group 1-5
2020-05-15 15:37:03,032 INFO o.a.j.t.JMeterThread: Thread started: Thread Group 1-6
2020-05-15 15:37:03,279 INFO o.a.j.t.JMeterThread: Thread started: Thread Group 1-7
2020-05-15 15:37:03,529 INFO o.a.j.t.JMeterThread: Thread started: Thread Group 1-8
2020-05-15 15:37:03,780 INFO o.a.j.t.JMeterThread: Thread started: Thread Group 1-9
2020-05-15 15:37:04,029 INFO o.a.j.t.JMeterThread: Thread started: Thread Group 1-10
2020-05-15 15:37:04,279 INFO o.a.j.t.JMeterThread: Thread started: Thread Group 1-11
2020-05-15 15:37:04,529 INFO o.a.j.t.JMeterThread: Thread started: Thread Group 1-12
2020-05-15 15:37:04,784 INFO o.a.j.t.JMeterThread: Thread started: Thread Group 1-13
2020-05-15 15:37:05,031 INFO o.a.j.t.JMeterThread: Thread started: Thread Group 1-14
2020-05-15 15:37:05,282 INFO o.a.j.t.JMeterThread: Thread started: Thread Group 1-15
2020-05-15 15:37:05,529 INFO o.a.j.t.JMeterThread: Thread started: Thread Group 1-16
2020-05-15 15:37:05,782 INFO o.a.j.t.JMeterThread: Thread started: Thread Group 1-17
2020-05-15 15:37:05,877 INFO o.a.j.p.h.s.HTTPHCAbstractImpl: Local host = hylianpablo
2020-05-15 15:37:05,892 INFO o.a.j.p.h.s.HTTPHC4Impl: HTTP request retry count = 0
2020-05-15 15:37:06,031 INFO o.a.j.t.JMeterThread: Thread started: Thread Group 1-18
2020-05-15 15:37:06,282 INFO o.a.j.t.JMeterThread: Thread started: Thread Group 1-19
2020-05-15 15:37:06,529 INFO o.a.j.t.JMeterThread: Thread started: Thread Group 1-20
2020-05-15 15:37:06,779 INFO o.a.j.t.JMeterThread: Thread started: Thread Group 1-21
2020-05-15 15:37:07,029 INFO o.a.j.t.JMeterThread: Thread started: Thread Group 1-22
2020-05-15 15:37:07,278 INFO o.a.j.t.JMeterThread: Thread started: Thread Group 1-23
2020-05-15 15:37:07,527 INFO o.a.j.t.JMeterThread: Thread started: Thread Group 1-24
2020-05-15 15:37:07,784 INFO o.a.j.t.JMeterThread: Thread started: Thread Group 1-25
2020-05-15 15:37:08,028 INFO o.a.j.t.JMeterThread: Thread started: Thread Group 1-26
2020-05-15 15:37:08,277 INFO o.a.j.t.JMeterThread: Thread started: Thread Group 1-27
2020-05-15 15:37:08,526 INFO o.a.j.t.JMeterThread: Thread started: Thread Group 1-28
2020-05-15 15:37:08,776 INFO o.a.j.t.JMeterThread: Thread started: Thread Group 1-29
2020-05-15 15:37:09,025 INFO o.a.j.t.JMeterThread: Thread started: Thread Group 1-30
2020-05-15 15:37:09,276 INFO o.a.j.t.JMeterThread: Thread started: Thread Group 1-31
2020-05-15 15:37:09,529 INFO o.a.j.t.JMeterThread: Thread started: Thread Group 1-32
2020-05-15 15:37:09,779 INFO o.a.j.t.JMeterThread: Thread started: Thread Group 1-33
2020-05-15 15:37:10,025 INFO o.a.j.t.JMeterThread: Thread started: Thread Group 1-34
2020-05-15 15:37:10,277 INFO o.a.j.t.JMeterThread: Thread started: Thread Group 1-35
2020-05-15 15:37:10,533 INFO o.a.j.t.JMeterThread: Thread started: Thread Group 1-36
2020-05-15 15:37:10,778 INFO o.a.j.t.JMeterThread: Thread started: Thread Group 1-37
2020-05-15 15:37:11,028 INFO o.a.j.t.JMeterThread: Thread started: Thread Group 1-38
2020-05-15 15:37:11,276 INFO o.a.j.t.JMeterThread: Thread started: Thread Group 1-39
2020-05-15 15:37:11,530 INFO o.a.j.t.JMeterThread: Thread started: Thread Group 1-40
2020-05-15 15:37:11,778 INFO o.a.j.t.JMeterThread: Thread started: Thread Group 1-41
2020-05-15 15:37:12,027 INFO o.a.j.t.JMeterThread: Thread started: Thread Group 1-42
2020-05-15 15:37:12,277 INFO o.a.j.t.JMeterThread: Thread started: Thread Group 1-43
2020-05-15 15:37:12,527 INFO o.a.j.t.JMeterThread: Thread started: Thread Group 1-44
2020-05-15 15:37:12,777 INFO o.a.j.t.JMeterThread: Thread started: Thread Group 1-45
2020-05-15 15:37:13,026 INFO o.a.j.t.JMeterThread: Thread started: Thread Group 1-46
2020-05-15 15:37:13,276 INFO o.a.j.t.JMeterThread: Thread started: Thread Group 1-47
2020-05-15 15:37:13,526 INFO o.a.j.t.JMeterThread: Thread started: Thread Group 1-48
2020-05-15 15:37:13,776 INFO o.a.j.t.JMeterThread: Thread started: Thread Group 1-49
2020-05-15 15:37:14,027 INFO o.a.j.t.JMeterThread: Thread started: Thread Group 1-50
2020-05-15 15:37:14,278 INFO o.a.j.t.JMeterThread: Thread started: Thread Group 1-51
2020-05-15 15:37:14,525 INFO o.a.j.t.JMeterThread: Thread started: Thread Group 1-52
2020-05-15 15:37:14,776 INFO o.a.j.t.JMeterThread: Thread started: Thread Group 1-53
2020-05-15 15:37:15,025 INFO o.a.j.t.JMeterThread: Thread started: Thread Group 1-54
2020-05-15 15:37:15,276 INFO o.a.j.t.JMeterThread: Thread started: Thread Group 1-55
2020-05-15 15:37:15,529 INFO o.a.j.t.JMeterThread: Thread started: Thread Group 1-56
2020-05-15 15:37:15,777 INFO o.a.j.t.JMeterThread: Thread started: Thread Group 1-57
2020-05-15 15:37:16,028 INFO o.a.j.t.JMeterThread: Thread started: Thread Group 1-58
2020-05-15 15:37:16,276 INFO o.a.j.t.JMeterThread: Thread started: Thread Group 1-59
2020-05-15 15:37:16,527 INFO o.a.j.t.JMeterThread: Thread started: Thread Group 1-60
2020-05-15 15:37:16,777 INFO o.a.j.t.JMeterThread: Thread started: Thread Group 1-61
2020-05-15 15:37:17,027 INFO o.a.j.t.JMeterThread: Thread started: Thread Group 1-62
2020-05-15 15:37:17,275 INFO o.a.j.t.JMeterThread: Thread started: Thread Group 1-63
2020-05-15 15:37:17,526 INFO o.a.j.t.JMeterThread: Thread started: Thread Group 1-64
2020-05-15 15:37:17,775 INFO o.a.j.t.JMeterThread: Thread started: Thread Group 1-65
2020-05-15 15:37:18,026 INFO o.a.j.t.JMeterThread: Thread started: Thread Group 1-66
2020-05-15 15:37:18,276 INFO o.a.j.t.JMeterThread: Thread started: Thread Group 1-67
2020-05-15 15:37:18,526 INFO o.a.j.t.JMeterThread: Thread started: Thread Group 1-68
2020-05-15 15:37:18,776 INFO o.a.j.t.JMeterThread: Thread started: Thread Group 1-69
2020-05-15 15:37:19,026 INFO o.a.j.t.JMeterThread: Thread started: Thread Group 1-70
2020-05-15 15:37:19,276 INFO o.a.j.t.JMeterThread: Thread started: Thread Group 1-71
2020-05-15 15:37:19,526 INFO o.a.j.t.JMeterThread: Thread started: Thread Group 1-72
2020-05-15 15:37:19,776 INFO o.a.j.t.JMeterThread: Thread started: Thread Group 1-73
2020-05-15 15:37:20,026 INFO o.a.j.t.JMeterThread: Thread started: Thread Group 1-74
2020-05-15 15:37:20,278 INFO o.a.j.t.JMeterThread: Thread started: Thread Group 1-75
2020-05-15 15:37:20,525 INFO o.a.j.t.JMeterThread: Thread started: Thread Group 1-76
2020-05-15 15:37:20,775 INFO o.a.j.t.JMeterThread: Thread started: Thread Group 1-77
2020-05-15 15:37:21,026 INFO o.a.j.t.JMeterThread: Thread started: Thread Group 1-78
2020-05-15 15:37:21,275 INFO o.a.j.t.JMeterThread: Thread started: Thread Group 1-79
2020-05-15 15:37:21,528 INFO o.a.j.t.JMeterThread: Thread started: Thread Group 1-80
2020-05-15 15:37:30,035 INFO o.a.j.r.Summariser: summary +    299 in 00:00:28 =   10.5/s Avg:   296 Min:    39 Max:  2040 Err:     0 (0.00%) Active: 80 Started: 80 Finished: 0
2020-05-15 15:38:00,034 INFO o.a.j.r.Summariser: summary +    345 in 00:00:30 =   11.5/s Avg:  2995 Min:    37 Max: 19599 Err:     0 (0.00%) Active: 80 Started: 80 Finished: 0
2020-05-15 15:38:00,035 INFO o.a.j.r.Summariser: summary =    644 in 00:00:58 =   11.0/s Avg:  1742 Min:    37 Max: 19599 Err:     0 (0.00%)
2020-05-15 15:38:30,065 INFO o.a.j.r.Summariser: summary +    524 in 00:00:30 =   17.4/s Avg:   219 Min:    38 Max:  5220 Err:     0 (0.00%) Active: 80 Started: 80 Finished: 0
2020-05-15 15:38:30,066 INFO o.a.j.r.Summariser: summary =   1168 in 00:01:28 =   13.2/s Avg:  1059 Min:    37 Max: 19599 Err:     0 (0.00%)
2020-05-15 15:39:00,033 INFO o.a.j.r.Summariser: summary +    480 in 00:00:30 =   16.0/s Avg:  1450 Min:    38 Max: 10985 Err:     0 (0.00%) Active: 80 Started: 80 Finished: 0
2020-05-15 15:39:00,034 INFO o.a.j.r.Summariser: summary =   1648 in 00:01:58 =   13.9/s Avg:  1173 Min:    37 Max: 19599 Err:     0 (0.00%)
2020-05-15 15:39:30,042 INFO o.a.j.r.Summariser: summary +    519 in 00:00:30 =   17.3/s Avg:   221 Min:    37 Max:  1744 Err:     0 (0.00%) Active: 80 Started: 80 Finished: 0
2020-05-15 15:39:30,043 INFO o.a.j.r.Summariser: summary =   2167 in 00:02:28 =   14.6/s Avg:   945 Min:    37 Max: 19599 Err:     0 (0.00%)
2020-05-15 15:40:00,002 INFO o.a.j.r.Summariser: summary +    489 in 00:00:30 =   16.3/s Avg:  1240 Min:    38 Max: 12513 Err:     0 (0.00%) Active: 80 Started: 80 Finished: 0
2020-05-15 15:40:00,003 INFO o.a.j.r.Summariser: summary =   2656 in 00:02:58 =   14.9/s Avg:   999 Min:    37 Max: 19599 Err:     0 (0.00%)
2020-05-15 15:40:30,061 INFO o.a.j.r.Summariser: summary +    500 in 00:00:30 =   16.6/s Avg:   520 Min:    35 Max:  6107 Err:     0 (0.00%) Active: 80 Started: 80 Finished: 0
2020-05-15 15:40:30,062 INFO o.a.j.r.Summariser: summary =   3156 in 00:03:28 =   15.1/s Avg:   923 Min:    35 Max: 19599 Err:     0 (0.00%)
2020-05-15 15:41:00,005 INFO o.a.j.r.Summariser: summary +    549 in 00:00:30 =   18.3/s Avg:   670 Min:    34 Max:  9748 Err:     0 (0.00%) Active: 80 Started: 80 Finished: 0
2020-05-15 15:41:00,006 INFO o.a.j.r.Summariser: summary =   3705 in 00:03:58 =   15.5/s Avg:   886 Min:    34 Max: 19599 Err:     0 (0.00%)
2020-05-15 15:41:30,045 INFO o.a.j.r.Summariser: summary +    498 in 00:00:30 =   16.6/s Avg:   741 Min:    38 Max:  7036 Err:     0 (0.00%) Active: 80 Started: 80 Finished: 0
2020-05-15 15:41:30,046 INFO o.a.j.r.Summariser: summary =   4203 in 00:04:28 =   15.7/s Avg:   869 Min:    34 Max: 19599 Err:     0 (0.00%)
2020-05-15 15:42:00,175 INFO o.a.j.r.Summariser: summary +    562 in 00:00:30 =   18.7/s Avg:   322 Min:    36 Max:  3675 Err:     0 (0.00%) Active: 80 Started: 80 Finished: 0
2020-05-15 15:42:00,176 INFO o.a.j.r.Summariser: summary =   4765 in 00:04:59 =   16.0/s Avg:   804 Min:    34 Max: 19599 Err:     0 (0.00%)
2020-05-15 15:42:30,048 INFO o.a.j.r.Summariser: summary +    458 in 00:00:30 =   15.3/s Avg:  1219 Min:    37 Max: 11778 Err:     0 (0.00%) Active: 80 Started: 80 Finished: 0
2020-05-15 15:42:30,049 INFO o.a.j.r.Summariser: summary =   5223 in 00:05:28 =   15.9/s Avg:   840 Min:    34 Max: 19599 Err:     0 (0.00%)
2020-05-15 15:43:00,028 INFO o.a.j.r.Summariser: summary +    558 in 00:00:30 =   18.6/s Avg:   346 Min:    36 Max:  3422 Err:     0 (0.00%) Active: 80 Started: 80 Finished: 0
2020-05-15 15:43:00,029 INFO o.a.j.r.Summariser: summary =   5781 in 00:05:58 =   16.1/s Avg:   793 Min:    34 Max: 19599 Err:     0 (0.00%)
2020-05-15 15:43:30,218 INFO o.a.j.r.Summariser: summary +    512 in 00:00:30 =   17.0/s Avg:   665 Min:    37 Max:  8304 Err:     0 (0.00%) Active: 80 Started: 80 Finished: 0
2020-05-15 15:43:30,219 INFO o.a.j.r.Summariser: summary =   6293 in 00:06:29 =   16.2/s Avg:   782 Min:    34 Max: 19599 Err:     0 (0.00%)
2020-05-15 15:44:00,009 INFO o.a.j.r.Summariser: summary +    524 in 00:00:30 =   17.6/s Avg:   520 Min:    32 Max:  5942 Err:     0 (0.00%) Active: 80 Started: 80 Finished: 0
2020-05-15 15:44:00,009 INFO o.a.j.r.Summariser: summary =   6817 in 00:06:58 =   16.3/s Avg:   762 Min:    32 Max: 19599 Err:     0 (0.00%)
2020-05-15 15:44:30,010 INFO o.a.j.r.Summariser: summary +    562 in 00:00:30 =   18.7/s Avg:   324 Min:    38 Max:  2010 Err:     0 (0.00%) Active: 80 Started: 80 Finished: 0
2020-05-15 15:44:30,011 INFO o.a.j.r.Summariser: summary =   7379 in 00:07:28 =   16.5/s Avg:   729 Min:    32 Max: 19599 Err:     0 (0.00%)
2020-05-15 15:45:00,045 INFO o.a.j.r.Summariser: summary +    498 in 00:00:30 =   16.6/s Avg:   847 Min:    87 Max:  9599 Err:     0 (0.00%) Active: 80 Started: 80 Finished: 0
2020-05-15 15:45:00,046 INFO o.a.j.r.Summariser: summary =   7877 in 00:07:58 =   16.5/s Avg:   736 Min:    32 Max: 19599 Err:     0 (0.00%)
2020-05-15 15:45:30,056 INFO o.a.j.r.Summariser: summary +    559 in 00:00:30 =   18.6/s Avg:   241 Min:    36 Max:  1947 Err:     0 (0.00%) Active: 80 Started: 80 Finished: 0
2020-05-15 15:45:30,057 INFO o.a.j.r.Summariser: summary =   8436 in 00:08:28 =   16.6/s Avg:   703 Min:    32 Max: 19599 Err:     0 (0.00%)
2020-05-15 15:46:00,069 INFO o.a.j.r.Summariser: summary +    506 in 00:00:30 =   16.9/s Avg:   728 Min:    41 Max:  5897 Err:     0 (0.00%) Active: 80 Started: 80 Finished: 0
2020-05-15 15:46:00,069 INFO o.a.j.r.Summariser: summary =   8942 in 00:08:58 =   16.6/s Avg:   705 Min:    32 Max: 19599 Err:     0 (0.00%)
2020-05-15 15:46:30,126 INFO o.a.j.r.Summariser: summary +    531 in 00:00:30 =   17.7/s Avg:   344 Min:    36 Max:  5504 Err:     0 (0.00%) Active: 80 Started: 80 Finished: 0
2020-05-15 15:46:30,126 INFO o.a.j.r.Summariser: summary =   9473 in 00:09:28 =   16.7/s Avg:   685 Min:    32 Max: 19599 Err:     0 (0.00%)
2020-05-15 15:47:00,064 INFO o.a.j.r.Summariser: summary +    483 in 00:00:30 =   16.1/s Avg:  1168 Min:    35 Max: 13086 Err:     0 (0.00%) Active: 80 Started: 80 Finished: 0
2020-05-15 15:47:00,065 INFO o.a.j.r.Summariser: summary =   9956 in 00:09:58 =   16.6/s Avg:   708 Min:    32 Max: 19599 Err:     0 (0.00%)
2020-05-15 15:47:17,884 INFO o.a.j.t.JMeterThread: Thread finished: Thread Group 1-19
2020-05-15 15:47:17,897 INFO o.a.j.t.JMeterThread: Thread finished: Thread Group 1-12
2020-05-15 15:47:17,937 INFO o.a.j.t.JMeterThread: Thread finished: Thread Group 1-11
2020-05-15 15:47:17,971 INFO o.a.j.t.JMeterThread: Thread finished: Thread Group 1-63
2020-05-15 15:47:18,003 INFO o.a.j.t.JMeterThread: Thread finished: Thread Group 1-30
2020-05-15 15:47:18,016 INFO o.a.j.t.JMeterThread: Thread finished: Thread Group 1-35
2020-05-15 15:47:18,016 INFO o.a.j.t.JMeterThread: Thread finished: Thread Group 1-29
2020-05-15 15:47:18,169 INFO o.a.j.t.JMeterThread: Thread finished: Thread Group 1-75
2020-05-15 15:47:18,194 INFO o.a.j.t.JMeterThread: Thread finished: Thread Group 1-74
2020-05-15 15:47:18,218 INFO o.a.j.t.JMeterThread: Thread finished: Thread Group 1-54
2020-05-15 15:47:18,221 INFO o.a.j.t.JMeterThread: Thread finished: Thread Group 1-33
2020-05-15 15:47:18,337 INFO o.a.j.t.JMeterThread: Thread finished: Thread Group 1-37
2020-05-15 15:47:18,341 INFO o.a.j.t.JMeterThread: Thread finished: Thread Group 1-51
2020-05-15 15:47:18,341 INFO o.a.j.t.JMeterThread: Thread finished: Thread Group 1-20
2020-05-15 15:47:18,405 INFO o.a.j.t.JMeterThread: Thread finished: Thread Group 1-1
2020-05-15 15:47:18,456 INFO o.a.j.t.JMeterThread: Thread finished: Thread Group 1-38
2020-05-15 15:47:18,553 INFO o.a.j.t.JMeterThread: Thread finished: Thread Group 1-34
2020-05-15 15:47:18,566 INFO o.a.j.t.JMeterThread: Thread finished: Thread Group 1-58
2020-05-15 15:47:18,610 INFO o.a.j.t.JMeterThread: Thread finished: Thread Group 1-55
2020-05-15 15:47:18,632 INFO o.a.j.t.JMeterThread: Thread finished: Thread Group 1-9
2020-05-15 15:47:18,674 INFO o.a.j.t.JMeterThread: Thread finished: Thread Group 1-69
2020-05-15 15:47:18,707 INFO o.a.j.t.JMeterThread: Thread finished: Thread Group 1-61
2020-05-15 15:47:18,715 INFO o.a.j.t.JMeterThread: Thread finished: Thread Group 1-14
2020-05-15 15:47:18,742 INFO o.a.j.t.JMeterThread: Thread finished: Thread Group 1-67
2020-05-15 15:47:18,820 INFO o.a.j.t.JMeterThread: Thread finished: Thread Group 1-7
2020-05-15 15:47:18,887 INFO o.a.j.t.JMeterThread: Thread finished: Thread Group 1-72
2020-05-15 15:47:18,911 INFO o.a.j.t.JMeterThread: Thread finished: Thread Group 1-68
2020-05-15 15:47:19,009 INFO o.a.j.t.JMeterThread: Thread finished: Thread Group 1-3
2020-05-15 15:47:19,052 INFO o.a.j.t.JMeterThread: Thread finished: Thread Group 1-71
2020-05-15 15:47:19,077 INFO o.a.j.t.JMeterThread: Thread finished: Thread Group 1-70
2020-05-15 15:47:19,145 INFO o.a.j.t.JMeterThread: Thread finished: Thread Group 1-41
2020-05-15 15:47:19,220 INFO o.a.j.t.JMeterThread: Thread finished: Thread Group 1-66
2020-05-15 15:47:19,248 INFO o.a.j.t.JMeterThread: Thread finished: Thread Group 1-5
2020-05-15 15:47:19,301 INFO o.a.j.t.JMeterThread: Thread finished: Thread Group 1-80
2020-05-15 15:47:19,369 INFO o.a.j.t.JMeterThread: Thread finished: Thread Group 1-46
2020-05-15 15:47:19,396 INFO o.a.j.t.JMeterThread: Thread finished: Thread Group 1-78
2020-05-15 15:47:19,612 INFO o.a.j.t.JMeterThread: Thread finished: Thread Group 1-22
2020-05-15 15:47:19,621 INFO o.a.j.t.JMeterThread: Thread finished: Thread Group 1-28
2020-05-15 15:47:19,693 INFO o.a.j.t.JMeterThread: Thread finished: Thread Group 1-16
2020-05-15 15:47:19,724 INFO o.a.j.t.JMeterThread: Thread finished: Thread Group 1-52
2020-05-15 15:47:20,013 INFO o.a.j.t.JMeterThread: Thread finished: Thread Group 1-50
2020-05-15 15:47:20,083 INFO o.a.j.t.JMeterThread: Thread finished: Thread Group 1-32
2020-05-15 15:47:20,222 INFO o.a.j.t.JMeterThread: Thread finished: Thread Group 1-8
2020-05-15 15:47:20,222 INFO o.a.j.t.JMeterThread: Thread finished: Thread Group 1-43
2020-05-15 15:47:20,387 INFO o.a.j.t.JMeterThread: Thread finished: Thread Group 1-25
2020-05-15 15:47:20,435 INFO o.a.j.t.JMeterThread: Thread finished: Thread Group 1-65
2020-05-15 15:47:20,860 INFO o.a.j.t.JMeterThread: Thread finished: Thread Group 1-18
2020-05-15 15:47:20,942 INFO o.a.j.t.JMeterThread: Thread finished: Thread Group 1-2
2020-05-15 15:47:20,961 INFO o.a.j.t.JMeterThread: Thread finished: Thread Group 1-49
2020-05-15 15:47:20,994 INFO o.a.j.t.JMeterThread: Thread finished: Thread Group 1-36
2020-05-15 15:47:21,101 INFO o.a.j.t.JMeterThread: Thread finished: Thread Group 1-31
2020-05-15 15:47:21,119 INFO o.a.j.t.JMeterThread: Thread finished: Thread Group 1-23
2020-05-15 15:47:21,122 INFO o.a.j.t.JMeterThread: Thread finished: Thread Group 1-26
2020-05-15 15:47:21,186 INFO o.a.j.t.JMeterThread: Thread finished: Thread Group 1-64
2020-05-15 15:47:21,209 INFO o.a.j.t.JMeterThread: Thread finished: Thread Group 1-27
2020-05-15 15:47:21,209 INFO o.a.j.t.JMeterThread: Thread finished: Thread Group 1-39
2020-05-15 15:47:21,230 INFO o.a.j.t.JMeterThread: Thread finished: Thread Group 1-48
2020-05-15 15:47:21,259 INFO o.a.j.t.JMeterThread: Thread finished: Thread Group 1-10
2020-05-15 15:47:21,263 INFO o.a.j.t.JMeterThread: Thread finished: Thread Group 1-13
2020-05-15 15:47:21,346 INFO o.a.j.t.JMeterThread: Thread finished: Thread Group 1-53
2020-05-15 15:47:21,346 INFO o.a.j.t.JMeterThread: Thread finished: Thread Group 1-79
2020-05-15 15:47:21,425 INFO o.a.j.t.JMeterThread: Thread finished: Thread Group 1-57
2020-05-15 15:47:21,626 INFO o.a.j.t.JMeterThread: Thread finished: Thread Group 1-44
2020-05-15 15:47:21,727 INFO o.a.j.t.JMeterThread: Thread finished: Thread Group 1-47
2020-05-15 15:47:21,883 INFO o.a.j.t.JMeterThread: Thread finished: Thread Group 1-45
2020-05-15 15:47:21,918 INFO o.a.j.t.JMeterThread: Stopping because end time detected by thread: Thread Group 1-40
2020-05-15 15:47:21,918 INFO o.a.j.t.JMeterThread: Thread finished: Thread Group 1-40
2020-05-15 15:47:22,060 INFO o.a.j.t.JMeterThread: Stopping because end time detected by thread: Thread Group 1-4
2020-05-15 15:47:22,060 INFO o.a.j.t.JMeterThread: Thread finished: Thread Group 1-4
2020-05-15 15:47:22,229 INFO o.a.j.t.JMeterThread: Stopping because end time detected by thread: Thread Group 1-42
2020-05-15 15:47:22,229 INFO o.a.j.t.JMeterThread: Thread finished: Thread Group 1-42
2020-05-15 15:47:22,389 INFO o.a.j.t.JMeterThread: Stopping because end time detected by thread: Thread Group 1-21
2020-05-15 15:47:22,389 INFO o.a.j.t.JMeterThread: Thread finished: Thread Group 1-21
2020-05-15 15:47:22,418 INFO o.a.j.t.JMeterThread: Stopping because end time detected by thread: Thread Group 1-62
2020-05-15 15:47:22,419 INFO o.a.j.t.JMeterThread: Thread finished: Thread Group 1-62
2020-05-15 15:47:22,635 INFO o.a.j.t.JMeterThread: Stopping because end time detected by thread: Thread Group 1-59
2020-05-15 15:47:22,636 INFO o.a.j.t.JMeterThread: Thread finished: Thread Group 1-59
2020-05-15 15:47:22,985 INFO o.a.j.t.JMeterThread: Stopping because end time detected by thread: Thread Group 1-77
2020-05-15 15:47:22,986 INFO o.a.j.t.JMeterThread: Thread finished: Thread Group 1-77
2020-05-15 15:47:23,001 INFO o.a.j.t.JMeterThread: Stopping because end time detected by thread: Thread Group 1-60
2020-05-15 15:47:23,001 INFO o.a.j.t.JMeterThread: Thread finished: Thread Group 1-60
2020-05-15 15:47:23,028 INFO o.a.j.t.JMeterThread: Stopping because end time detected by thread: Thread Group 1-15
2020-05-15 15:47:23,028 INFO o.a.j.t.JMeterThread: Thread finished: Thread Group 1-15
2020-05-15 15:47:23,037 INFO o.a.j.t.JMeterThread: Stopping because end time detected by thread: Thread Group 1-76
2020-05-15 15:47:23,038 INFO o.a.j.t.JMeterThread: Thread finished: Thread Group 1-76
2020-05-15 15:47:23,083 INFO o.a.j.t.JMeterThread: Stopping because end time detected by thread: Thread Group 1-17
2020-05-15 15:47:23,083 INFO o.a.j.t.JMeterThread: Stopping because end time detected by thread: Thread Group 1-56
2020-05-15 15:47:23,083 INFO o.a.j.t.JMeterThread: Thread finished: Thread Group 1-17
2020-05-15 15:47:23,083 INFO o.a.j.t.JMeterThread: Thread finished: Thread Group 1-56
2020-05-15 15:47:23,580 INFO o.a.j.t.JMeterThread: Stopping because end time detected by thread: Thread Group 1-73
2020-05-15 15:47:23,580 INFO o.a.j.t.JMeterThread: Thread finished: Thread Group 1-73
2020-05-15 15:47:23,649 INFO o.a.j.t.JMeterThread: Stopping because end time detected by thread: Thread Group 1-24
2020-05-15 15:47:23,649 INFO o.a.j.t.JMeterThread: Thread finished: Thread Group 1-24
2020-05-15 15:47:23,767 INFO o.a.j.t.JMeterThread: Stopping because end time detected by thread: Thread Group 1-6
2020-05-15 15:47:23,767 INFO o.a.j.t.JMeterThread: Thread finished: Thread Group 1-6
2020-05-15 15:47:23,768 INFO o.a.j.e.StandardJMeterEngine: Notifying test listeners of end of test
2020-05-15 15:47:23,771 INFO o.a.j.r.Summariser: summary +    416 in 00:00:24 =   17.5/s Avg:   316 Min:    37 Max:  2975 Err:     0 (0.00%) Active: 0 Started: 80 Finished: 80
2020-05-15 15:47:23,772 INFO o.a.j.r.Summariser: summary =  10372 in 00:10:22 =   16.7/s Avg:   692 Min:    32 Max: 19599 Err:     0 (0.00%)
