2020-05-15 16:10:55,853 INFO o.a.j.u.JMeterUtils: Setting Locale to en_US
2020-05-15 16:10:55,887 INFO o.a.j.JMeter: Loading user properties from: /home/pablo/jmeter/bin/user.properties
2020-05-15 16:10:55,888 INFO o.a.j.JMeter: Loading system properties from: /home/pablo/jmeter/bin/system.properties
2020-05-15 16:10:55,889 INFO o.a.j.JMeter: Setting System property: HILOS=160
2020-05-15 16:10:55,889 INFO o.a.j.JMeter: Setting System property: SUBIDA=25
2020-05-15 16:10:55,889 INFO o.a.j.JMeter: Setting System property: DURACION=625
2020-05-15 16:10:55,890 INFO o.a.j.JMeter: Setting System property: FILE=scriptresultsPerfmon160.jtl
2020-05-15 16:10:55,893 INFO o.a.j.JMeter: Copyright (c) 1998-2019 The Apache Software Foundation
2020-05-15 16:10:55,893 INFO o.a.j.JMeter: Version 5.2.1
2020-05-15 16:10:55,893 INFO o.a.j.JMeter: java.version=1.8.0_201
2020-05-15 16:10:55,894 INFO o.a.j.JMeter: java.vm.name=Java HotSpot(TM) 64-Bit Server VM
2020-05-15 16:10:55,894 INFO o.a.j.JMeter: os.name=Linux
2020-05-15 16:10:55,894 INFO o.a.j.JMeter: os.arch=amd64
2020-05-15 16:10:55,894 INFO o.a.j.JMeter: os.version=4.15.0-99-generic
2020-05-15 16:10:55,895 INFO o.a.j.JMeter: file.encoding=UTF-8
2020-05-15 16:10:55,895 INFO o.a.j.JMeter: java.awt.headless=true
2020-05-15 16:10:55,895 INFO o.a.j.JMeter: Max memory     =732954624
2020-05-15 16:10:55,896 INFO o.a.j.JMeter: Available Processors =4
2020-05-15 16:10:55,904 INFO o.a.j.JMeter: Default Locale=English (United States)
2020-05-15 16:10:55,905 INFO o.a.j.JMeter: JMeter  Locale=English (United States)
2020-05-15 16:10:55,905 INFO o.a.j.JMeter: JMeterHome=/home/pablo/jmeter
2020-05-15 16:10:55,905 INFO o.a.j.JMeter: user.dir  =/home/pablo/jmeter/bin/EJECUCIONES/P3_V3
2020-05-15 16:10:55,906 INFO o.a.j.JMeter: PWD       =/home/pablo/jmeter/bin/EJECUCIONES/P3_V3
2020-05-15 16:10:55,906 INFO o.a.j.JMeter: IP: 127.0.1.1 Name: hylianpablo FullName: hylianpablo
2020-05-15 16:10:55,917 INFO o.a.j.s.FileServer: Default base='/home/pablo/jmeter/bin/EJECUCIONES/P3_V3'
2020-05-15 16:10:55,927 INFO o.a.j.s.FileServer: Set new base='/home/pablo/jmeter/bin/EJECUCIONES/P3_V3/..'
2020-05-15 16:10:56,238 INFO o.a.j.s.SaveService: Testplan (JMX) version: 2.2. Testlog (JTL) version: 2.2
2020-05-15 16:10:56,258 INFO o.a.j.s.SaveService: Using SaveService properties file encoding UTF-8
2020-05-15 16:10:56,271 INFO o.a.j.s.SaveService: Using SaveService properties version 5.0
2020-05-15 16:10:56,291 INFO o.a.j.s.SaveService: Loading file: ../RecordP3_V2.jmx
2020-05-15 16:10:56,375 INFO o.a.j.p.h.c.CookieManager: Settings: Delete null: true Check: true Allow variable: true Save: false Prefix: COOKIE_
2020-05-15 16:10:56,429 INFO o.a.j.p.h.s.HTTPSamplerBase: Parser for text/html is org.apache.jmeter.protocol.http.parser.LagartoBasedHtmlParser
2020-05-15 16:10:56,430 INFO o.a.j.p.h.s.HTTPSamplerBase: Parser for application/xhtml+xml is org.apache.jmeter.protocol.http.parser.LagartoBasedHtmlParser
2020-05-15 16:10:56,430 INFO o.a.j.p.h.s.HTTPSamplerBase: Parser for application/xml is org.apache.jmeter.protocol.http.parser.LagartoBasedHtmlParser
2020-05-15 16:10:56,430 INFO o.a.j.p.h.s.HTTPSamplerBase: Parser for text/xml is org.apache.jmeter.protocol.http.parser.LagartoBasedHtmlParser
2020-05-15 16:10:56,430 INFO o.a.j.p.h.s.HTTPSamplerBase: Parser for text/vnd.wap.wml is org.apache.jmeter.protocol.http.parser.RegexpHTMLParser
2020-05-15 16:10:56,431 INFO o.a.j.p.h.s.HTTPSamplerBase: Parser for text/css is org.apache.jmeter.protocol.http.parser.CssParser
2020-05-15 16:10:56,565 INFO o.a.j.JMeter: Creating summariser <summary>
2020-05-15 16:10:56,582 INFO o.a.j.e.StandardJMeterEngine: Running the test!
2020-05-15 16:10:56,585 INFO o.a.j.s.SampleEvent: List of sample_variables: []
2020-05-15 16:10:56,585 INFO o.a.j.s.SampleEvent: List of sample_variables: []
2020-05-15 16:10:56,599 INFO o.a.j.e.u.CompoundVariable: Note: Function class names must contain the string: '.functions.'
2020-05-15 16:10:56,600 INFO o.a.j.e.u.CompoundVariable: Note: Function class names must not contain the string: '.gui.'
2020-05-15 16:10:57,579 INFO o.a.j.JMeter: Running test (1589551857579)
2020-05-15 16:10:57,692 INFO o.a.j.e.StandardJMeterEngine: Starting ThreadGroup: 1 : Thread Group
2020-05-15 16:10:57,693 INFO o.a.j.e.StandardJMeterEngine: Starting 160 threads for group Thread Group.
2020-05-15 16:10:57,693 INFO o.a.j.e.StandardJMeterEngine: Thread will continue on error
2020-05-15 16:10:57,694 INFO o.a.j.t.ThreadGroup: Starting thread group... number=1 threads=160 ramp-up=25 delayedStart=false
2020-05-15 16:10:57,751 INFO o.a.j.t.JMeterThread: Thread started: Thread Group 1-1
2020-05-15 16:10:57,860 INFO o.a.j.t.JMeterThread: Thread started: Thread Group 1-2
2020-05-15 16:10:58,016 INFO o.a.j.t.JMeterThread: Thread started: Thread Group 1-3
2020-05-15 16:10:58,049 INFO o.a.j.t.ThreadGroup: Started thread group number 1
2020-05-15 16:10:58,050 INFO o.a.j.e.StandardJMeterEngine: All thread groups have been started
2020-05-15 16:10:58,168 INFO o.a.j.t.JMeterThread: Thread started: Thread Group 1-4
2020-05-15 16:10:58,323 INFO o.a.j.t.JMeterThread: Thread started: Thread Group 1-5
2020-05-15 16:10:58,481 INFO o.a.j.t.JMeterThread: Thread started: Thread Group 1-6
2020-05-15 16:10:58,635 INFO o.a.j.t.JMeterThread: Thread started: Thread Group 1-7
2020-05-15 16:10:58,792 INFO o.a.j.t.JMeterThread: Thread started: Thread Group 1-8
2020-05-15 16:10:58,947 INFO o.a.j.t.JMeterThread: Thread started: Thread Group 1-9
2020-05-15 16:10:59,058 INFO o.a.j.s.SampleResult: Note: Sample TimeStamps are START times
2020-05-15 16:10:59,059 INFO o.a.j.s.SampleResult: sampleresult.default.encoding is set to ISO-8859-1
2020-05-15 16:10:59,060 INFO o.a.j.s.SampleResult: sampleresult.useNanoTime=true
2020-05-15 16:10:59,060 INFO o.a.j.s.SampleResult: sampleresult.nanoThreadSleep=5000
2020-05-15 16:10:59,106 INFO o.a.j.t.JMeterThread: Thread started: Thread Group 1-10
2020-05-15 16:10:59,263 INFO o.a.j.t.JMeterThread: Thread started: Thread Group 1-11
2020-05-15 16:10:59,420 INFO o.a.j.t.JMeterThread: Thread started: Thread Group 1-12
2020-05-15 16:10:59,570 INFO o.a.j.t.JMeterThread: Thread started: Thread Group 1-13
2020-05-15 16:10:59,732 INFO o.a.j.t.JMeterThread: Thread started: Thread Group 1-14
2020-05-15 16:10:59,890 INFO o.a.j.t.JMeterThread: Thread started: Thread Group 1-15
2020-05-15 16:11:00,041 INFO o.a.j.t.JMeterThread: Thread started: Thread Group 1-16
2020-05-15 16:11:00,195 INFO o.a.j.t.JMeterThread: Thread started: Thread Group 1-17
2020-05-15 16:11:00,353 INFO o.a.j.t.JMeterThread: Thread started: Thread Group 1-18
2020-05-15 16:11:00,506 INFO o.a.j.t.JMeterThread: Thread started: Thread Group 1-19
2020-05-15 16:11:00,660 INFO o.a.j.t.JMeterThread: Thread started: Thread Group 1-20
2020-05-15 16:11:00,828 INFO o.a.j.t.JMeterThread: Thread started: Thread Group 1-21
2020-05-15 16:11:00,974 INFO o.a.j.t.JMeterThread: Thread started: Thread Group 1-22
2020-05-15 16:11:01,131 INFO o.a.j.t.JMeterThread: Thread started: Thread Group 1-23
2020-05-15 16:11:01,287 INFO o.a.j.t.JMeterThread: Thread started: Thread Group 1-24
2020-05-15 16:11:01,444 INFO o.a.j.t.JMeterThread: Thread started: Thread Group 1-25
2020-05-15 16:11:01,602 INFO o.a.j.t.JMeterThread: Thread started: Thread Group 1-26
2020-05-15 16:11:01,754 INFO o.a.j.t.JMeterThread: Thread started: Thread Group 1-27
2020-05-15 16:11:01,808 INFO o.a.j.p.h.s.HTTPHCAbstractImpl: Local host = hylianpablo
2020-05-15 16:11:01,821 INFO o.a.j.p.h.s.HTTPHC4Impl: HTTP request retry count = 0
2020-05-15 16:11:01,911 INFO o.a.j.t.JMeterThread: Thread started: Thread Group 1-28
2020-05-15 16:11:02,066 INFO o.a.j.t.JMeterThread: Thread started: Thread Group 1-29
2020-05-15 16:11:02,165 INFO o.a.j.r.Summariser: summary +      1 in 00:00:05 =    0.2/s Avg:   164 Min:   164 Max:   164 Err:     0 (0.00%) Active: 29 Started: 29 Finished: 0
2020-05-15 16:11:02,223 INFO o.a.j.t.JMeterThread: Thread started: Thread Group 1-30
2020-05-15 16:11:02,376 INFO o.a.j.t.JMeterThread: Thread started: Thread Group 1-31
2020-05-15 16:11:02,533 INFO o.a.j.t.JMeterThread: Thread started: Thread Group 1-32
2020-05-15 16:11:02,692 INFO o.a.j.t.JMeterThread: Thread started: Thread Group 1-33
2020-05-15 16:11:02,844 INFO o.a.j.t.JMeterThread: Thread started: Thread Group 1-34
2020-05-15 16:11:03,001 INFO o.a.j.t.JMeterThread: Thread started: Thread Group 1-35
2020-05-15 16:11:03,157 INFO o.a.j.t.JMeterThread: Thread started: Thread Group 1-36
2020-05-15 16:11:03,311 INFO o.a.j.t.JMeterThread: Thread started: Thread Group 1-37
2020-05-15 16:11:03,468 INFO o.a.j.t.JMeterThread: Thread started: Thread Group 1-38
2020-05-15 16:11:03,623 INFO o.a.j.t.JMeterThread: Thread started: Thread Group 1-39
2020-05-15 16:11:03,780 INFO o.a.j.t.JMeterThread: Thread started: Thread Group 1-40
2020-05-15 16:11:03,936 INFO o.a.j.t.JMeterThread: Thread started: Thread Group 1-41
2020-05-15 16:11:04,092 INFO o.a.j.t.JMeterThread: Thread started: Thread Group 1-42
2020-05-15 16:11:04,248 INFO o.a.j.t.JMeterThread: Thread started: Thread Group 1-43
2020-05-15 16:11:04,405 INFO o.a.j.t.JMeterThread: Thread started: Thread Group 1-44
2020-05-15 16:11:04,560 INFO o.a.j.t.JMeterThread: Thread started: Thread Group 1-45
2020-05-15 16:11:04,716 INFO o.a.j.t.JMeterThread: Thread started: Thread Group 1-46
2020-05-15 16:11:04,875 INFO o.a.j.t.JMeterThread: Thread started: Thread Group 1-47
2020-05-15 16:11:05,028 INFO o.a.j.t.JMeterThread: Thread started: Thread Group 1-48
2020-05-15 16:11:05,184 INFO o.a.j.t.JMeterThread: Thread started: Thread Group 1-49
2020-05-15 16:11:05,340 INFO o.a.j.t.JMeterThread: Thread started: Thread Group 1-50
2020-05-15 16:11:05,497 INFO o.a.j.t.JMeterThread: Thread started: Thread Group 1-51
2020-05-15 16:11:05,653 INFO o.a.j.t.JMeterThread: Thread started: Thread Group 1-52
2020-05-15 16:11:05,807 INFO o.a.j.t.JMeterThread: Thread started: Thread Group 1-53
2020-05-15 16:11:05,963 INFO o.a.j.t.JMeterThread: Thread started: Thread Group 1-54
2020-05-15 16:11:06,124 INFO o.a.j.t.JMeterThread: Thread started: Thread Group 1-55
2020-05-15 16:11:06,280 INFO o.a.j.t.JMeterThread: Thread started: Thread Group 1-56
2020-05-15 16:11:06,435 INFO o.a.j.t.JMeterThread: Thread started: Thread Group 1-57
2020-05-15 16:11:06,589 INFO o.a.j.t.JMeterThread: Thread started: Thread Group 1-58
2020-05-15 16:11:06,745 INFO o.a.j.t.JMeterThread: Thread started: Thread Group 1-59
2020-05-15 16:11:06,902 INFO o.a.j.t.JMeterThread: Thread started: Thread Group 1-60
2020-05-15 16:11:07,056 INFO o.a.j.t.JMeterThread: Thread started: Thread Group 1-61
2020-05-15 16:11:07,212 INFO o.a.j.t.JMeterThread: Thread started: Thread Group 1-62
2020-05-15 16:11:07,367 INFO o.a.j.t.JMeterThread: Thread started: Thread Group 1-63
2020-05-15 16:11:07,524 INFO o.a.j.t.JMeterThread: Thread started: Thread Group 1-64
2020-05-15 16:11:07,680 INFO o.a.j.t.JMeterThread: Thread started: Thread Group 1-65
2020-05-15 16:11:07,837 INFO o.a.j.t.JMeterThread: Thread started: Thread Group 1-66
2020-05-15 16:11:07,992 INFO o.a.j.t.JMeterThread: Thread started: Thread Group 1-67
2020-05-15 16:11:08,148 INFO o.a.j.t.JMeterThread: Thread started: Thread Group 1-68
2020-05-15 16:11:08,304 INFO o.a.j.t.JMeterThread: Thread started: Thread Group 1-69
2020-05-15 16:11:08,464 INFO o.a.j.t.JMeterThread: Thread started: Thread Group 1-70
2020-05-15 16:11:08,616 INFO o.a.j.t.JMeterThread: Thread started: Thread Group 1-71
2020-05-15 16:11:08,772 INFO o.a.j.t.JMeterThread: Thread started: Thread Group 1-72
2020-05-15 16:11:08,928 INFO o.a.j.t.JMeterThread: Thread started: Thread Group 1-73
2020-05-15 16:11:09,084 INFO o.a.j.t.JMeterThread: Thread started: Thread Group 1-74
2020-05-15 16:11:09,245 INFO o.a.j.t.JMeterThread: Thread started: Thread Group 1-75
2020-05-15 16:11:09,396 INFO o.a.j.t.JMeterThread: Thread started: Thread Group 1-76
2020-05-15 16:11:09,552 INFO o.a.j.t.JMeterThread: Thread started: Thread Group 1-77
2020-05-15 16:11:09,708 INFO o.a.j.t.JMeterThread: Thread started: Thread Group 1-78
2020-05-15 16:11:09,864 INFO o.a.j.t.JMeterThread: Thread started: Thread Group 1-79
2020-05-15 16:11:10,019 INFO o.a.j.t.JMeterThread: Thread started: Thread Group 1-80
2020-05-15 16:11:10,178 INFO o.a.j.t.JMeterThread: Thread started: Thread Group 1-81
2020-05-15 16:11:10,337 INFO o.a.j.t.JMeterThread: Thread started: Thread Group 1-82
2020-05-15 16:11:10,487 INFO o.a.j.t.JMeterThread: Thread started: Thread Group 1-83
2020-05-15 16:11:10,643 INFO o.a.j.t.JMeterThread: Thread started: Thread Group 1-84
2020-05-15 16:11:10,801 INFO o.a.j.t.JMeterThread: Thread started: Thread Group 1-85
2020-05-15 16:11:10,962 INFO o.a.j.t.JMeterThread: Thread started: Thread Group 1-86
2020-05-15 16:11:11,112 INFO o.a.j.t.JMeterThread: Thread started: Thread Group 1-87
2020-05-15 16:11:11,271 INFO o.a.j.t.JMeterThread: Thread started: Thread Group 1-88
2020-05-15 16:11:11,424 INFO o.a.j.t.JMeterThread: Thread started: Thread Group 1-89
2020-05-15 16:11:11,581 INFO o.a.j.t.JMeterThread: Thread started: Thread Group 1-90
2020-05-15 16:11:11,736 INFO o.a.j.t.JMeterThread: Thread started: Thread Group 1-91
2020-05-15 16:11:11,895 INFO o.a.j.t.JMeterThread: Thread started: Thread Group 1-92
2020-05-15 16:11:12,048 INFO o.a.j.t.JMeterThread: Thread started: Thread Group 1-93
2020-05-15 16:11:12,204 INFO o.a.j.t.JMeterThread: Thread started: Thread Group 1-94
2020-05-15 16:11:12,359 INFO o.a.j.t.JMeterThread: Thread started: Thread Group 1-95
2020-05-15 16:11:12,516 INFO o.a.j.t.JMeterThread: Thread started: Thread Group 1-96
2020-05-15 16:11:12,671 INFO o.a.j.t.JMeterThread: Thread started: Thread Group 1-97
2020-05-15 16:11:12,829 INFO o.a.j.t.JMeterThread: Thread started: Thread Group 1-98
2020-05-15 16:11:12,986 INFO o.a.j.t.JMeterThread: Thread started: Thread Group 1-99
2020-05-15 16:11:13,142 INFO o.a.j.t.JMeterThread: Thread started: Thread Group 1-100
2020-05-15 16:11:13,296 INFO o.a.j.t.JMeterThread: Thread started: Thread Group 1-101
2020-05-15 16:11:13,453 INFO o.a.j.t.JMeterThread: Thread started: Thread Group 1-102
2020-05-15 16:11:13,612 INFO o.a.j.t.JMeterThread: Thread started: Thread Group 1-103
2020-05-15 16:11:13,765 INFO o.a.j.t.JMeterThread: Thread started: Thread Group 1-104
2020-05-15 16:11:13,919 INFO o.a.j.t.JMeterThread: Thread started: Thread Group 1-105
2020-05-15 16:11:14,079 INFO o.a.j.t.JMeterThread: Thread started: Thread Group 1-106
2020-05-15 16:11:14,232 INFO o.a.j.t.JMeterThread: Thread started: Thread Group 1-107
2020-05-15 16:11:14,389 INFO o.a.j.t.JMeterThread: Thread started: Thread Group 1-108
2020-05-15 16:11:14,544 INFO o.a.j.t.JMeterThread: Thread started: Thread Group 1-109
2020-05-15 16:11:14,699 INFO o.a.j.t.JMeterThread: Thread started: Thread Group 1-110
2020-05-15 16:11:14,858 INFO o.a.j.t.JMeterThread: Thread started: Thread Group 1-111
2020-05-15 16:11:15,011 INFO o.a.j.t.JMeterThread: Thread started: Thread Group 1-112
2020-05-15 16:11:15,170 INFO o.a.j.t.JMeterThread: Thread started: Thread Group 1-113
2020-05-15 16:11:15,323 INFO o.a.j.t.JMeterThread: Thread started: Thread Group 1-114
2020-05-15 16:11:15,479 INFO o.a.j.t.JMeterThread: Thread started: Thread Group 1-115
2020-05-15 16:11:15,646 INFO o.a.j.t.JMeterThread: Thread started: Thread Group 1-116
2020-05-15 16:11:15,793 INFO o.a.j.t.JMeterThread: Thread started: Thread Group 1-117
2020-05-15 16:11:15,965 INFO o.a.j.t.JMeterThread: Thread started: Thread Group 1-118
2020-05-15 16:11:16,121 INFO o.a.j.t.JMeterThread: Thread started: Thread Group 1-119
2020-05-15 16:11:16,259 INFO o.a.j.t.JMeterThread: Thread started: Thread Group 1-120
2020-05-15 16:11:16,418 INFO o.a.j.t.JMeterThread: Thread started: Thread Group 1-121
2020-05-15 16:11:16,574 INFO o.a.j.t.JMeterThread: Thread started: Thread Group 1-122
2020-05-15 16:11:16,728 INFO o.a.j.t.JMeterThread: Thread started: Thread Group 1-123
2020-05-15 16:11:16,884 INFO o.a.j.t.JMeterThread: Thread started: Thread Group 1-124
2020-05-15 16:11:17,039 INFO o.a.j.t.JMeterThread: Thread started: Thread Group 1-125
2020-05-15 16:11:17,197 INFO o.a.j.t.JMeterThread: Thread started: Thread Group 1-126
2020-05-15 16:11:17,352 INFO o.a.j.t.JMeterThread: Thread started: Thread Group 1-127
2020-05-15 16:11:17,773 INFO o.a.j.t.JMeterThread: Thread started: Thread Group 1-129
2020-05-15 16:11:17,780 INFO o.a.j.t.JMeterThread: Thread started: Thread Group 1-128
2020-05-15 16:11:17,822 INFO o.a.j.t.JMeterThread: Thread started: Thread Group 1-130
2020-05-15 16:11:17,975 INFO o.a.j.t.JMeterThread: Thread started: Thread Group 1-131
2020-05-15 16:11:18,133 INFO o.a.j.t.JMeterThread: Thread started: Thread Group 1-132
2020-05-15 16:11:18,287 INFO o.a.j.t.JMeterThread: Thread started: Thread Group 1-133
2020-05-15 16:11:18,443 INFO o.a.j.t.JMeterThread: Thread started: Thread Group 1-134
2020-05-15 16:11:18,601 INFO o.a.j.t.JMeterThread: Thread started: Thread Group 1-135
2020-05-15 16:11:18,756 INFO o.a.j.t.JMeterThread: Thread started: Thread Group 1-136
2020-05-15 16:11:18,914 INFO o.a.j.t.JMeterThread: Thread started: Thread Group 1-137
2020-05-15 16:11:19,067 INFO o.a.j.t.JMeterThread: Thread started: Thread Group 1-138
2020-05-15 16:11:19,223 INFO o.a.j.t.JMeterThread: Thread started: Thread Group 1-139
2020-05-15 16:11:19,382 INFO o.a.j.t.JMeterThread: Thread started: Thread Group 1-140
2020-05-15 16:11:19,535 INFO o.a.j.t.JMeterThread: Thread started: Thread Group 1-141
2020-05-15 16:11:19,695 INFO o.a.j.t.JMeterThread: Thread started: Thread Group 1-142
2020-05-15 16:11:19,847 INFO o.a.j.t.JMeterThread: Thread started: Thread Group 1-143
2020-05-15 16:11:20,003 INFO o.a.j.t.JMeterThread: Thread started: Thread Group 1-144
2020-05-15 16:11:20,160 INFO o.a.j.t.JMeterThread: Thread started: Thread Group 1-145
2020-05-15 16:11:20,315 INFO o.a.j.t.JMeterThread: Thread started: Thread Group 1-146
2020-05-15 16:11:20,472 INFO o.a.j.t.JMeterThread: Thread started: Thread Group 1-147
2020-05-15 16:11:20,627 INFO o.a.j.t.JMeterThread: Thread started: Thread Group 1-148
2020-05-15 16:11:20,783 INFO o.a.j.t.JMeterThread: Thread started: Thread Group 1-149
2020-05-15 16:11:20,941 INFO o.a.j.t.JMeterThread: Thread started: Thread Group 1-150
2020-05-15 16:11:21,096 INFO o.a.j.t.JMeterThread: Thread started: Thread Group 1-151
2020-05-15 16:11:21,252 INFO o.a.j.t.JMeterThread: Thread started: Thread Group 1-152
2020-05-15 16:11:21,408 INFO o.a.j.t.JMeterThread: Thread started: Thread Group 1-153
2020-05-15 16:11:21,567 INFO o.a.j.t.JMeterThread: Thread started: Thread Group 1-154
2020-05-15 16:11:21,720 INFO o.a.j.t.JMeterThread: Thread started: Thread Group 1-155
2020-05-15 16:11:21,876 INFO o.a.j.t.JMeterThread: Thread started: Thread Group 1-156
2020-05-15 16:11:22,031 INFO o.a.j.t.JMeterThread: Thread started: Thread Group 1-157
2020-05-15 16:11:22,189 INFO o.a.j.t.JMeterThread: Thread started: Thread Group 1-158
2020-05-15 16:11:22,346 INFO o.a.j.t.JMeterThread: Thread started: Thread Group 1-159
2020-05-15 16:11:22,499 INFO o.a.j.t.JMeterThread: Thread started: Thread Group 1-160
2020-05-15 16:11:30,097 INFO o.a.j.r.Summariser: summary +    463 in 00:00:28 =   16.6/s Avg:   862 Min:    39 Max:  9073 Err:     0 (0.00%) Active: 160 Started: 160 Finished: 0
2020-05-15 16:11:30,098 INFO o.a.j.r.Summariser: summary =    464 in 00:00:33 =   14.3/s Avg:   861 Min:    39 Max:  9073 Err:     0 (0.00%)
2020-05-15 16:12:00,011 INFO o.a.j.r.Summariser: summary +    278 in 00:00:30 =    9.3/s Avg:  9534 Min:   679 Max: 39962 Err:     0 (0.00%) Active: 160 Started: 160 Finished: 0
2020-05-15 16:12:00,012 INFO o.a.j.r.Summariser: summary =    742 in 00:01:02 =   11.9/s Avg:  4110 Min:    39 Max: 39962 Err:     0 (0.00%)
2020-05-15 16:12:30,025 INFO o.a.j.r.Summariser: summary +    737 in 00:00:30 =   24.6/s Avg:  4532 Min:   264 Max: 39328 Err:     0 (0.00%) Active: 160 Started: 160 Finished: 0
2020-05-15 16:12:30,025 INFO o.a.j.r.Summariser: summary =   1479 in 00:01:32 =   16.0/s Avg:  4321 Min:    39 Max: 39962 Err:     0 (0.00%)
2020-05-15 16:13:00,001 INFO o.a.j.r.Summariser: summary +    935 in 00:00:30 =   31.2/s Avg:   978 Min:   127 Max: 17546 Err:     0 (0.00%) Active: 160 Started: 160 Finished: 0
2020-05-15 16:13:00,002 INFO o.a.j.r.Summariser: summary =   2414 in 00:02:02 =   19.7/s Avg:  3026 Min:    39 Max: 39962 Err:     0 (0.00%)
2020-05-15 16:13:30,047 INFO o.a.j.r.Summariser: summary +    449 in 00:00:30 =   14.9/s Avg:  7389 Min:   183 Max: 30663 Err:     0 (0.00%) Active: 160 Started: 160 Finished: 0
2020-05-15 16:13:30,048 INFO o.a.j.r.Summariser: summary =   2863 in 00:02:32 =   18.8/s Avg:  3710 Min:    39 Max: 39962 Err:     0 (0.00%)
2020-05-15 16:14:00,016 INFO o.a.j.r.Summariser: summary +    739 in 00:00:30 =   24.7/s Avg:  2326 Min:   118 Max: 20176 Err:     0 (0.00%) Active: 160 Started: 160 Finished: 0
2020-05-15 16:14:00,017 INFO o.a.j.r.Summariser: summary =   3602 in 00:03:02 =   19.7/s Avg:  3426 Min:    39 Max: 39962 Err:     0 (0.00%)
2020-05-15 16:14:30,071 INFO o.a.j.r.Summariser: summary +    814 in 00:00:30 =   27.1/s Avg:  1751 Min:   259 Max: 20222 Err:     0 (0.00%) Active: 160 Started: 160 Finished: 0
2020-05-15 16:14:30,072 INFO o.a.j.r.Summariser: summary =   4416 in 00:03:32 =   20.8/s Avg:  3117 Min:    39 Max: 39962 Err:     0 (0.00%)
2020-05-15 16:15:00,003 INFO o.a.j.r.Summariser: summary +    701 in 00:00:30 =   23.4/s Avg:  2950 Min:   236 Max: 21562 Err:     0 (0.00%) Active: 160 Started: 160 Finished: 0
2020-05-15 16:15:00,004 INFO o.a.j.r.Summariser: summary =   5117 in 00:04:02 =   21.1/s Avg:  3094 Min:    39 Max: 39962 Err:     0 (0.00%)
2020-05-15 16:15:30,011 INFO o.a.j.r.Summariser: summary +    757 in 00:00:30 =   25.2/s Avg:  2398 Min:   208 Max: 21584 Err:     0 (0.00%) Active: 160 Started: 160 Finished: 0
2020-05-15 16:15:30,011 INFO o.a.j.r.Summariser: summary =   5874 in 00:04:32 =   21.6/s Avg:  3005 Min:    39 Max: 39962 Err:     0 (0.00%)
2020-05-15 16:16:00,021 INFO o.a.j.r.Summariser: summary +    749 in 00:00:30 =   25.0/s Avg:  2152 Min:   239 Max: 23759 Err:     0 (0.00%) Active: 160 Started: 160 Finished: 0
2020-05-15 16:16:00,021 INFO o.a.j.r.Summariser: summary =   6623 in 00:05:02 =   21.9/s Avg:  2908 Min:    39 Max: 39962 Err:     0 (0.00%)
2020-05-15 16:16:30,082 INFO o.a.j.r.Summariser: summary +    710 in 00:00:30 =   23.6/s Avg:  2790 Min:   365 Max: 26795 Err:     0 (0.00%) Active: 160 Started: 160 Finished: 0
2020-05-15 16:16:30,083 INFO o.a.j.r.Summariser: summary =   7333 in 00:05:33 =   22.1/s Avg:  2897 Min:    39 Max: 39962 Err:     0 (0.00%)
2020-05-15 16:17:00,056 INFO o.a.j.r.Summariser: summary +    760 in 00:00:30 =   25.4/s Avg:  2355 Min:   200 Max: 20090 Err:     0 (0.00%) Active: 160 Started: 160 Finished: 0
2020-05-15 16:17:00,057 INFO o.a.j.r.Summariser: summary =   8093 in 00:06:02 =   22.3/s Avg:  2846 Min:    39 Max: 39962 Err:     0 (0.00%)
2020-05-15 16:17:30,027 INFO o.a.j.r.Summariser: summary +    750 in 00:00:30 =   25.0/s Avg:  2253 Min:   166 Max: 20627 Err:     0 (0.00%) Active: 160 Started: 160 Finished: 0
2020-05-15 16:17:30,028 INFO o.a.j.r.Summariser: summary =   8843 in 00:06:32 =   22.5/s Avg:  2796 Min:    39 Max: 39962 Err:     0 (0.00%)
2020-05-15 16:18:00,017 INFO o.a.j.r.Summariser: summary +    716 in 00:00:30 =   23.9/s Avg:  2747 Min:   232 Max: 19160 Err:     0 (0.00%) Active: 160 Started: 160 Finished: 0
2020-05-15 16:18:00,017 INFO o.a.j.r.Summariser: summary =   9559 in 00:07:02 =   22.6/s Avg:  2792 Min:    39 Max: 39962 Err:     0 (0.00%)
2020-05-15 16:18:30,002 INFO o.a.j.r.Summariser: summary +    710 in 00:00:30 =   23.7/s Avg:  2843 Min:   185 Max: 26135 Err:     0 (0.00%) Active: 160 Started: 160 Finished: 0
2020-05-15 16:18:30,003 INFO o.a.j.r.Summariser: summary =  10269 in 00:07:32 =   22.7/s Avg:  2796 Min:    39 Max: 39962 Err:     0 (0.00%)
2020-05-15 16:19:00,073 INFO o.a.j.r.Summariser: summary +    572 in 00:00:30 =   19.0/s Avg:  2508 Min:   188 Max: 27030 Err:     0 (0.00%) Active: 160 Started: 160 Finished: 0
2020-05-15 16:19:00,073 INFO o.a.j.r.Summariser: summary =  10841 in 00:08:02 =   22.5/s Avg:  2780 Min:    39 Max: 39962 Err:     0 (0.00%)
2020-05-15 16:19:30,151 INFO o.a.j.r.Summariser: summary +    721 in 00:00:30 =   24.0/s Avg:  4320 Min:   304 Max: 36046 Err:     0 (0.00%) Active: 160 Started: 160 Finished: 0
2020-05-15 16:19:30,152 INFO o.a.j.r.Summariser: summary =  11562 in 00:08:33 =   22.6/s Avg:  2876 Min:    39 Max: 39962 Err:     0 (0.00%)
2020-05-15 16:20:00,013 INFO o.a.j.r.Summariser: summary +    842 in 00:00:30 =   28.2/s Avg:  1721 Min:   239 Max: 18216 Err:     0 (0.00%) Active: 160 Started: 160 Finished: 0
2020-05-15 16:20:00,014 INFO o.a.j.r.Summariser: summary =  12404 in 00:09:02 =   22.9/s Avg:  2798 Min:    39 Max: 39962 Err:     0 (0.00%)
2020-05-15 16:20:30,086 INFO o.a.j.r.Summariser: summary +    603 in 00:00:30 =   20.1/s Avg:  2857 Min:   190 Max: 25033 Err:     0 (0.00%) Active: 160 Started: 160 Finished: 0
2020-05-15 16:20:30,086 INFO o.a.j.r.Summariser: summary =  13007 in 00:09:33 =   22.7/s Avg:  2801 Min:    39 Max: 39962 Err:     0 (0.00%)
2020-05-15 16:21:00,009 INFO o.a.j.r.Summariser: summary +    876 in 00:00:30 =   29.3/s Avg:  2108 Min:   179 Max: 29946 Err:     0 (0.00%) Active: 160 Started: 160 Finished: 0
2020-05-15 16:21:00,010 INFO o.a.j.r.Summariser: summary =  13883 in 00:10:02 =   23.0/s Avg:  2757 Min:    39 Max: 39962 Err:     0 (0.00%)
2020-05-15 16:21:18,709 INFO o.a.j.t.JMeterThread: Thread finished: Thread Group 1-1
2020-05-15 16:21:18,887 INFO o.a.j.t.JMeterThread: Thread finished: Thread Group 1-68
2020-05-15 16:21:18,943 INFO o.a.j.t.JMeterThread: Thread finished: Thread Group 1-97
2020-05-15 16:21:18,970 INFO o.a.j.t.JMeterThread: Thread finished: Thread Group 1-98
2020-05-15 16:21:18,970 INFO o.a.j.t.JMeterThread: Thread finished: Thread Group 1-83
2020-05-15 16:21:18,972 INFO o.a.j.t.JMeterThread: Thread finished: Thread Group 1-115
2020-05-15 16:21:19,049 INFO o.a.j.t.JMeterThread: Thread finished: Thread Group 1-10
2020-05-15 16:21:19,076 INFO o.a.j.t.JMeterThread: Thread finished: Thread Group 1-102
2020-05-15 16:21:19,095 INFO o.a.j.t.JMeterThread: Thread finished: Thread Group 1-59
2020-05-15 16:21:19,095 INFO o.a.j.t.JMeterThread: Thread finished: Thread Group 1-138
2020-05-15 16:21:19,214 INFO o.a.j.t.JMeterThread: Thread finished: Thread Group 1-142
2020-05-15 16:21:19,214 INFO o.a.j.t.JMeterThread: Thread finished: Thread Group 1-36
2020-05-15 16:21:19,303 INFO o.a.j.t.JMeterThread: Thread finished: Thread Group 1-29
2020-05-15 16:21:19,427 INFO o.a.j.t.JMeterThread: Thread finished: Thread Group 1-4
2020-05-15 16:21:19,467 INFO o.a.j.t.JMeterThread: Thread finished: Thread Group 1-3
2020-05-15 16:21:19,476 INFO o.a.j.t.JMeterThread: Thread finished: Thread Group 1-50
2020-05-15 16:21:19,477 INFO o.a.j.t.JMeterThread: Thread finished: Thread Group 1-129
2020-05-15 16:21:19,512 INFO o.a.j.t.JMeterThread: Thread finished: Thread Group 1-64
2020-05-15 16:21:19,639 INFO o.a.j.t.JMeterThread: Thread finished: Thread Group 1-53
2020-05-15 16:21:19,761 INFO o.a.j.t.JMeterThread: Thread finished: Thread Group 1-25
2020-05-15 16:21:19,807 INFO o.a.j.t.JMeterThread: Thread finished: Thread Group 1-47
2020-05-15 16:21:19,855 INFO o.a.j.t.JMeterThread: Thread finished: Thread Group 1-140
2020-05-15 16:21:19,919 INFO o.a.j.t.JMeterThread: Thread finished: Thread Group 1-6
2020-05-15 16:21:19,980 INFO o.a.j.t.JMeterThread: Thread finished: Thread Group 1-40
2020-05-15 16:21:20,023 INFO o.a.j.t.JMeterThread: Thread finished: Thread Group 1-103
2020-05-15 16:21:20,156 INFO o.a.j.t.JMeterThread: Thread finished: Thread Group 1-111
2020-05-15 16:21:20,192 INFO o.a.j.t.JMeterThread: Thread finished: Thread Group 1-79
2020-05-15 16:21:20,336 INFO o.a.j.t.JMeterThread: Thread finished: Thread Group 1-71
2020-05-15 16:21:20,345 INFO o.a.j.t.JMeterThread: Thread finished: Thread Group 1-106
2020-05-15 16:21:20,351 INFO o.a.j.t.JMeterThread: Thread finished: Thread Group 1-57
2020-05-15 16:21:20,532 INFO o.a.j.t.JMeterThread: Thread finished: Thread Group 1-95
2020-05-15 16:21:20,569 INFO o.a.j.t.JMeterThread: Thread finished: Thread Group 1-152
2020-05-15 16:21:20,572 INFO o.a.j.t.JMeterThread: Thread finished: Thread Group 1-116
2020-05-15 16:21:20,572 INFO o.a.j.t.JMeterThread: Thread finished: Thread Group 1-82
2020-05-15 16:21:20,632 INFO o.a.j.t.JMeterThread: Thread finished: Thread Group 1-119
2020-05-15 16:21:20,635 INFO o.a.j.t.JMeterThread: Thread finished: Thread Group 1-33
2020-05-15 16:21:20,643 INFO o.a.j.t.JMeterThread: Thread finished: Thread Group 1-20
2020-05-15 16:21:20,643 INFO o.a.j.t.JMeterThread: Thread finished: Thread Group 1-24
2020-05-15 16:21:20,658 INFO o.a.j.t.JMeterThread: Thread finished: Thread Group 1-126
2020-05-15 16:21:20,661 INFO o.a.j.t.JMeterThread: Thread finished: Thread Group 1-13
2020-05-15 16:21:20,676 INFO o.a.j.t.JMeterThread: Thread finished: Thread Group 1-144
2020-05-15 16:21:20,684 INFO o.a.j.t.JMeterThread: Thread finished: Thread Group 1-89
2020-05-15 16:21:20,684 INFO o.a.j.t.JMeterThread: Thread finished: Thread Group 1-52
2020-05-15 16:21:20,686 INFO o.a.j.t.JMeterThread: Thread finished: Thread Group 1-122
2020-05-15 16:21:20,743 INFO o.a.j.t.JMeterThread: Thread finished: Thread Group 1-112
2020-05-15 16:21:20,813 INFO o.a.j.t.JMeterThread: Thread finished: Thread Group 1-8
2020-05-15 16:21:20,858 INFO o.a.j.t.JMeterThread: Thread finished: Thread Group 1-15
2020-05-15 16:21:20,901 INFO o.a.j.t.JMeterThread: Thread finished: Thread Group 1-153
2020-05-15 16:21:20,907 INFO o.a.j.t.JMeterThread: Thread finished: Thread Group 1-11
2020-05-15 16:21:20,907 INFO o.a.j.t.JMeterThread: Thread finished: Thread Group 1-44
2020-05-15 16:21:20,924 INFO o.a.j.t.JMeterThread: Thread finished: Thread Group 1-145
2020-05-15 16:21:20,932 INFO o.a.j.t.JMeterThread: Thread finished: Thread Group 1-58
2020-05-15 16:21:20,950 INFO o.a.j.t.JMeterThread: Thread finished: Thread Group 1-46
2020-05-15 16:21:20,991 INFO o.a.j.t.JMeterThread: Thread finished: Thread Group 1-159
2020-05-15 16:21:21,007 INFO o.a.j.t.JMeterThread: Thread finished: Thread Group 1-139
2020-05-15 16:21:21,018 INFO o.a.j.t.JMeterThread: Thread finished: Thread Group 1-72
2020-05-15 16:21:21,125 INFO o.a.j.t.JMeterThread: Thread finished: Thread Group 1-35
2020-05-15 16:21:21,125 INFO o.a.j.t.JMeterThread: Thread finished: Thread Group 1-16
2020-05-15 16:21:21,213 INFO o.a.j.t.JMeterThread: Thread finished: Thread Group 1-41
2020-05-15 16:21:21,221 INFO o.a.j.t.JMeterThread: Thread finished: Thread Group 1-109
2020-05-15 16:21:21,234 INFO o.a.j.t.JMeterThread: Thread finished: Thread Group 1-38
2020-05-15 16:21:21,273 INFO o.a.j.t.JMeterThread: Thread finished: Thread Group 1-9
2020-05-15 16:21:21,305 INFO o.a.j.t.JMeterThread: Thread finished: Thread Group 1-136
2020-05-15 16:21:21,373 INFO o.a.j.t.JMeterThread: Thread finished: Thread Group 1-92
2020-05-15 16:21:21,387 INFO o.a.j.t.JMeterThread: Thread finished: Thread Group 1-117
2020-05-15 16:21:21,513 INFO o.a.j.t.JMeterThread: Thread finished: Thread Group 1-67
2020-05-15 16:21:21,617 INFO o.a.j.t.JMeterThread: Thread finished: Thread Group 1-133
2020-05-15 16:21:21,868 INFO o.a.j.t.JMeterThread: Thread finished: Thread Group 1-27
2020-05-15 16:21:21,892 INFO o.a.j.t.JMeterThread: Thread finished: Thread Group 1-7
2020-05-15 16:21:21,900 INFO o.a.j.t.JMeterThread: Thread finished: Thread Group 1-21
2020-05-15 16:21:21,913 INFO o.a.j.t.JMeterThread: Thread finished: Thread Group 1-12
2020-05-15 16:21:21,932 INFO o.a.j.t.JMeterThread: Thread finished: Thread Group 1-150
2020-05-15 16:21:21,987 INFO o.a.j.t.JMeterThread: Thread finished: Thread Group 1-104
2020-05-15 16:21:22,013 INFO o.a.j.t.JMeterThread: Thread finished: Thread Group 1-62
2020-05-15 16:21:22,013 INFO o.a.j.t.JMeterThread: Thread finished: Thread Group 1-80
2020-05-15 16:21:22,028 INFO o.a.j.t.JMeterThread: Thread finished: Thread Group 1-93
2020-05-15 16:21:22,122 INFO o.a.j.t.JMeterThread: Thread finished: Thread Group 1-154
2020-05-15 16:21:22,141 INFO o.a.j.t.JMeterThread: Thread finished: Thread Group 1-105
2020-05-15 16:21:22,144 INFO o.a.j.t.JMeterThread: Thread finished: Thread Group 1-141
2020-05-15 16:21:22,189 INFO o.a.j.t.JMeterThread: Thread finished: Thread Group 1-30
2020-05-15 16:21:22,371 INFO o.a.j.t.JMeterThread: Thread finished: Thread Group 1-34
2020-05-15 16:21:22,393 INFO o.a.j.t.JMeterThread: Thread finished: Thread Group 1-151
2020-05-15 16:21:22,430 INFO o.a.j.t.JMeterThread: Thread finished: Thread Group 1-85
2020-05-15 16:21:22,462 INFO o.a.j.t.JMeterThread: Thread finished: Thread Group 1-130
2020-05-15 16:21:22,496 INFO o.a.j.t.JMeterThread: Thread finished: Thread Group 1-18
2020-05-15 16:21:22,515 INFO o.a.j.t.JMeterThread: Thread finished: Thread Group 1-65
2020-05-15 16:21:22,517 INFO o.a.j.t.JMeterThread: Thread finished: Thread Group 1-113
2020-05-15 16:21:22,555 INFO o.a.j.t.JMeterThread: Thread finished: Thread Group 1-135
2020-05-15 16:21:22,564 INFO o.a.j.t.JMeterThread: Thread finished: Thread Group 1-37
2020-05-15 16:21:22,565 INFO o.a.j.t.JMeterThread: Thread finished: Thread Group 1-157
2020-05-15 16:21:22,677 INFO o.a.j.t.JMeterThread: Thread finished: Thread Group 1-2
2020-05-15 16:21:22,708 INFO o.a.j.t.JMeterThread: Thread finished: Thread Group 1-75
2020-05-15 16:21:22,765 INFO o.a.j.t.JMeterThread: Thread finished: Thread Group 1-19
2020-05-15 16:21:22,766 INFO o.a.j.t.JMeterThread: Thread finished: Thread Group 1-23
2020-05-15 16:21:22,775 INFO o.a.j.t.JMeterThread: Thread finished: Thread Group 1-137
2020-05-15 16:21:22,835 INFO o.a.j.t.JMeterThread: Thread finished: Thread Group 1-143
2020-05-15 16:21:22,865 INFO o.a.j.t.JMeterThread: Thread finished: Thread Group 1-128
2020-05-15 16:21:22,936 INFO o.a.j.t.JMeterThread: Stopping because end time detected by thread: Thread Group 1-60
2020-05-15 16:21:22,936 INFO o.a.j.t.JMeterThread: Thread finished: Thread Group 1-60
2020-05-15 16:21:22,974 INFO o.a.j.t.JMeterThread: Stopping because end time detected by thread: Thread Group 1-91
2020-05-15 16:21:22,975 INFO o.a.j.t.JMeterThread: Thread finished: Thread Group 1-91
2020-05-15 16:21:22,991 INFO o.a.j.t.JMeterThread: Stopping because end time detected by thread: Thread Group 1-63
2020-05-15 16:21:22,991 INFO o.a.j.t.JMeterThread: Thread finished: Thread Group 1-63
2020-05-15 16:21:23,063 INFO o.a.j.t.JMeterThread: Stopping because end time detected by thread: Thread Group 1-73
2020-05-15 16:21:23,064 INFO o.a.j.t.JMeterThread: Thread finished: Thread Group 1-73
2020-05-15 16:21:23,070 INFO o.a.j.t.JMeterThread: Stopping because end time detected by thread: Thread Group 1-110
2020-05-15 16:21:23,070 INFO o.a.j.t.JMeterThread: Thread finished: Thread Group 1-110
2020-05-15 16:21:23,072 INFO o.a.j.t.JMeterThread: Stopping because end time detected by thread: Thread Group 1-66
2020-05-15 16:21:23,073 INFO o.a.j.t.JMeterThread: Thread finished: Thread Group 1-66
2020-05-15 16:21:23,078 INFO o.a.j.t.JMeterThread: Stopping because end time detected by thread: Thread Group 1-134
2020-05-15 16:21:23,078 INFO o.a.j.t.JMeterThread: Thread finished: Thread Group 1-134
2020-05-15 16:21:23,133 INFO o.a.j.t.JMeterThread: Stopping because end time detected by thread: Thread Group 1-125
2020-05-15 16:21:23,134 INFO o.a.j.t.JMeterThread: Thread finished: Thread Group 1-125
2020-05-15 16:21:23,276 INFO o.a.j.t.JMeterThread: Stopping because end time detected by thread: Thread Group 1-31
2020-05-15 16:21:23,277 INFO o.a.j.t.JMeterThread: Thread finished: Thread Group 1-31
2020-05-15 16:21:23,319 INFO o.a.j.t.JMeterThread: Stopping because end time detected by thread: Thread Group 1-88
2020-05-15 16:21:23,319 INFO o.a.j.t.JMeterThread: Thread finished: Thread Group 1-88
2020-05-15 16:21:23,319 INFO o.a.j.t.JMeterThread: Stopping because end time detected by thread: Thread Group 1-61
2020-05-15 16:21:23,319 INFO o.a.j.t.JMeterThread: Thread finished: Thread Group 1-61
2020-05-15 16:21:23,329 INFO o.a.j.t.JMeterThread: Stopping because end time detected by thread: Thread Group 1-74
2020-05-15 16:21:23,329 INFO o.a.j.t.JMeterThread: Thread finished: Thread Group 1-74
2020-05-15 16:21:23,391 INFO o.a.j.t.JMeterThread: Stopping because end time detected by thread: Thread Group 1-147
2020-05-15 16:21:23,391 INFO o.a.j.t.JMeterThread: Thread finished: Thread Group 1-147
2020-05-15 16:21:23,460 INFO o.a.j.t.JMeterThread: Stopping because end time detected by thread: Thread Group 1-81
2020-05-15 16:21:23,460 INFO o.a.j.t.JMeterThread: Stopping because end time detected by thread: Thread Group 1-148
2020-05-15 16:21:23,461 INFO o.a.j.t.JMeterThread: Thread finished: Thread Group 1-81
2020-05-15 16:21:23,461 INFO o.a.j.t.JMeterThread: Thread finished: Thread Group 1-148
2020-05-15 16:21:23,557 INFO o.a.j.t.JMeterThread: Stopping because end time detected by thread: Thread Group 1-14
2020-05-15 16:21:23,558 INFO o.a.j.t.JMeterThread: Thread finished: Thread Group 1-14
2020-05-15 16:21:23,768 INFO o.a.j.t.JMeterThread: Stopping because end time detected by thread: Thread Group 1-56
2020-05-15 16:21:23,768 INFO o.a.j.t.JMeterThread: Thread finished: Thread Group 1-56
2020-05-15 16:21:24,079 INFO o.a.j.t.JMeterThread: Stopping because end time detected by thread: Thread Group 1-101
2020-05-15 16:21:24,079 INFO o.a.j.t.JMeterThread: Thread finished: Thread Group 1-101
2020-05-15 16:21:24,378 INFO o.a.j.t.JMeterThread: Stopping because end time detected by thread: Thread Group 1-121
2020-05-15 16:21:24,378 INFO o.a.j.t.JMeterThread: Thread finished: Thread Group 1-121
2020-05-15 16:21:24,558 INFO o.a.j.t.JMeterThread: Stopping because end time detected by thread: Thread Group 1-149
2020-05-15 16:21:24,558 INFO o.a.j.t.JMeterThread: Thread finished: Thread Group 1-149
2020-05-15 16:21:24,606 INFO o.a.j.t.JMeterThread: Stopping because end time detected by thread: Thread Group 1-70
2020-05-15 16:21:24,606 INFO o.a.j.t.JMeterThread: Thread finished: Thread Group 1-70
2020-05-15 16:21:24,699 INFO o.a.j.t.JMeterThread: Stopping because end time detected by thread: Thread Group 1-96
2020-05-15 16:21:24,699 INFO o.a.j.t.JMeterThread: Thread finished: Thread Group 1-96
2020-05-15 16:21:24,821 INFO o.a.j.t.JMeterThread: Stopping because end time detected by thread: Thread Group 1-84
2020-05-15 16:21:24,821 INFO o.a.j.t.JMeterThread: Thread finished: Thread Group 1-84
2020-05-15 16:21:25,086 INFO o.a.j.t.JMeterThread: Stopping because end time detected by thread: Thread Group 1-77
2020-05-15 16:21:25,086 INFO o.a.j.t.JMeterThread: Thread finished: Thread Group 1-77
2020-05-15 16:21:25,522 INFO o.a.j.t.JMeterThread: Stopping because end time detected by thread: Thread Group 1-54
2020-05-15 16:21:25,522 INFO o.a.j.t.JMeterThread: Thread finished: Thread Group 1-54
2020-05-15 16:21:25,643 INFO o.a.j.t.JMeterThread: Stopping because end time detected by thread: Thread Group 1-108
2020-05-15 16:21:25,643 INFO o.a.j.t.JMeterThread: Thread finished: Thread Group 1-108
2020-05-15 16:21:25,942 INFO o.a.j.t.JMeterThread: Stopping because end time detected by thread: Thread Group 1-69
2020-05-15 16:21:25,942 INFO o.a.j.t.JMeterThread: Thread finished: Thread Group 1-69
2020-05-15 16:21:26,090 INFO o.a.j.t.JMeterThread: Stopping because end time detected by thread: Thread Group 1-120
2020-05-15 16:21:26,091 INFO o.a.j.t.JMeterThread: Thread finished: Thread Group 1-120
2020-05-15 16:21:26,213 INFO o.a.j.t.JMeterThread: Stopping because end time detected by thread: Thread Group 1-99
2020-05-15 16:21:26,213 INFO o.a.j.t.JMeterThread: Thread finished: Thread Group 1-99
2020-05-15 16:21:26,543 INFO o.a.j.t.JMeterThread: Stopping because end time detected by thread: Thread Group 1-100
2020-05-15 16:21:26,543 INFO o.a.j.t.JMeterThread: Thread finished: Thread Group 1-100
2020-05-15 16:21:26,572 INFO o.a.j.t.JMeterThread: Stopping because end time detected by thread: Thread Group 1-45
2020-05-15 16:21:26,573 INFO o.a.j.t.JMeterThread: Thread finished: Thread Group 1-45
2020-05-15 16:21:26,584 INFO o.a.j.t.JMeterThread: Stopping because end time detected by thread: Thread Group 1-22
2020-05-15 16:21:26,585 INFO o.a.j.t.JMeterThread: Thread finished: Thread Group 1-22
2020-05-15 16:21:26,954 INFO o.a.j.t.JMeterThread: Stopping because end time detected by thread: Thread Group 1-107
2020-05-15 16:21:26,954 INFO o.a.j.t.JMeterThread: Thread finished: Thread Group 1-107
2020-05-15 16:21:26,963 INFO o.a.j.t.JMeterThread: Stopping because end time detected by thread: Thread Group 1-78
2020-05-15 16:21:26,963 INFO o.a.j.t.JMeterThread: Thread finished: Thread Group 1-78
2020-05-15 16:21:27,138 INFO o.a.j.t.JMeterThread: Stopping because end time detected by thread: Thread Group 1-94
2020-05-15 16:21:27,138 INFO o.a.j.t.JMeterThread: Thread finished: Thread Group 1-94
2020-05-15 16:21:27,282 INFO o.a.j.t.JMeterThread: Stopping because end time detected by thread: Thread Group 1-17
2020-05-15 16:21:27,282 INFO o.a.j.t.JMeterThread: Thread finished: Thread Group 1-17
2020-05-15 16:21:27,318 INFO o.a.j.t.JMeterThread: Stopping because end time detected by thread: Thread Group 1-114
2020-05-15 16:21:27,319 INFO o.a.j.t.JMeterThread: Thread finished: Thread Group 1-114
2020-05-15 16:21:27,337 INFO o.a.j.t.JMeterThread: Stopping because end time detected by thread: Thread Group 1-5
2020-05-15 16:21:27,337 INFO o.a.j.t.JMeterThread: Thread finished: Thread Group 1-5
2020-05-15 16:21:27,386 INFO o.a.j.t.JMeterThread: Stopping because end time detected by thread: Thread Group 1-42
2020-05-15 16:21:27,386 INFO o.a.j.t.JMeterThread: Thread finished: Thread Group 1-42
2020-05-15 16:21:27,481 INFO o.a.j.t.JMeterThread: Stopping because end time detected by thread: Thread Group 1-76
2020-05-15 16:21:27,482 INFO o.a.j.t.JMeterThread: Thread finished: Thread Group 1-76
2020-05-15 16:21:27,601 INFO o.a.j.t.JMeterThread: Stopping because end time detected by thread: Thread Group 1-39
2020-05-15 16:21:27,601 INFO o.a.j.t.JMeterThread: Thread finished: Thread Group 1-39
2020-05-15 16:21:27,703 INFO o.a.j.t.JMeterThread: Stopping because end time detected by thread: Thread Group 1-155
2020-05-15 16:21:27,704 INFO o.a.j.t.JMeterThread: Thread finished: Thread Group 1-155
2020-05-15 16:21:27,861 INFO o.a.j.t.JMeterThread: Stopping because end time detected by thread: Thread Group 1-87
2020-05-15 16:21:27,862 INFO o.a.j.t.JMeterThread: Thread finished: Thread Group 1-87
2020-05-15 16:21:27,905 INFO o.a.j.t.JMeterThread: Stopping because end time detected by thread: Thread Group 1-118
2020-05-15 16:21:27,905 INFO o.a.j.t.JMeterThread: Thread finished: Thread Group 1-118
2020-05-15 16:21:27,983 INFO o.a.j.t.JMeterThread: Stopping because end time detected by thread: Thread Group 1-146
2020-05-15 16:21:27,983 INFO o.a.j.t.JMeterThread: Thread finished: Thread Group 1-146
2020-05-15 16:21:28,001 INFO o.a.j.t.JMeterThread: Stopping because end time detected by thread: Thread Group 1-86
2020-05-15 16:21:28,001 INFO o.a.j.t.JMeterThread: Thread finished: Thread Group 1-86
2020-05-15 16:21:28,018 INFO o.a.j.t.JMeterThread: Stopping because end time detected by thread: Thread Group 1-127
2020-05-15 16:21:28,018 INFO o.a.j.t.JMeterThread: Thread finished: Thread Group 1-127
2020-05-15 16:21:28,128 INFO o.a.j.t.JMeterThread: Stopping because end time detected by thread: Thread Group 1-26
2020-05-15 16:21:28,128 INFO o.a.j.t.JMeterThread: Thread finished: Thread Group 1-26
2020-05-15 16:21:28,131 INFO o.a.j.t.JMeterThread: Stopping because end time detected by thread: Thread Group 1-160
2020-05-15 16:21:28,131 INFO o.a.j.t.JMeterThread: Thread finished: Thread Group 1-160
2020-05-15 16:21:28,180 INFO o.a.j.t.JMeterThread: Stopping because end time detected by thread: Thread Group 1-28
2020-05-15 16:21:28,181 INFO o.a.j.t.JMeterThread: Thread finished: Thread Group 1-28
2020-05-15 16:21:28,191 INFO o.a.j.t.JMeterThread: Stopping because end time detected by thread: Thread Group 1-43
2020-05-15 16:21:28,191 INFO o.a.j.t.JMeterThread: Thread finished: Thread Group 1-43
2020-05-15 16:21:28,201 INFO o.a.j.t.JMeterThread: Stopping because end time detected by thread: Thread Group 1-49
2020-05-15 16:21:28,202 INFO o.a.j.t.JMeterThread: Thread finished: Thread Group 1-49
2020-05-15 16:21:28,208 INFO o.a.j.t.JMeterThread: Stopping because end time detected by thread: Thread Group 1-156
2020-05-15 16:21:28,208 INFO o.a.j.t.JMeterThread: Thread finished: Thread Group 1-156
2020-05-15 16:21:28,260 INFO o.a.j.t.JMeterThread: Stopping because end time detected by thread: Thread Group 1-90
2020-05-15 16:21:28,261 INFO o.a.j.t.JMeterThread: Thread finished: Thread Group 1-90
2020-05-15 16:21:28,514 INFO o.a.j.t.JMeterThread: Stopping because end time detected by thread: Thread Group 1-124
2020-05-15 16:21:28,515 INFO o.a.j.t.JMeterThread: Thread finished: Thread Group 1-124
2020-05-15 16:21:28,532 INFO o.a.j.t.JMeterThread: Stopping because end time detected by thread: Thread Group 1-158
2020-05-15 16:21:28,532 INFO o.a.j.t.JMeterThread: Thread finished: Thread Group 1-158
2020-05-15 16:21:28,544 INFO o.a.j.t.JMeterThread: Stopping because end time detected by thread: Thread Group 1-48
2020-05-15 16:21:28,544 INFO o.a.j.t.JMeterThread: Thread finished: Thread Group 1-48
2020-05-15 16:21:28,646 INFO o.a.j.t.JMeterThread: Stopping because end time detected by thread: Thread Group 1-132
2020-05-15 16:21:28,646 INFO o.a.j.t.JMeterThread: Thread finished: Thread Group 1-132
2020-05-15 16:21:28,720 INFO o.a.j.t.JMeterThread: Stopping because end time detected by thread: Thread Group 1-51
2020-05-15 16:21:28,720 INFO o.a.j.t.JMeterThread: Thread finished: Thread Group 1-51
2020-05-15 16:21:28,828 INFO o.a.j.t.JMeterThread: Stopping because end time detected by thread: Thread Group 1-55
2020-05-15 16:21:28,829 INFO o.a.j.t.JMeterThread: Thread finished: Thread Group 1-55
2020-05-15 16:21:28,876 INFO o.a.j.t.JMeterThread: Stopping because end time detected by thread: Thread Group 1-32
2020-05-15 16:21:28,877 INFO o.a.j.t.JMeterThread: Thread finished: Thread Group 1-32
2020-05-15 16:21:28,951 INFO o.a.j.t.JMeterThread: Stopping because end time detected by thread: Thread Group 1-123
2020-05-15 16:21:28,951 INFO o.a.j.t.JMeterThread: Thread finished: Thread Group 1-123
2020-05-15 16:21:28,971 INFO o.a.j.t.JMeterThread: Stopping because end time detected by thread: Thread Group 1-131
2020-05-15 16:21:28,972 INFO o.a.j.t.JMeterThread: Thread finished: Thread Group 1-131
2020-05-15 16:21:28,972 INFO o.a.j.e.StandardJMeterEngine: Notifying test listeners of end of test
2020-05-15 16:21:28,975 INFO o.a.j.r.Summariser: summary +    743 in 00:00:29 =   25.7/s Avg:  1686 Min:   252 Max: 13988 Err:     0 (0.00%) Active: 0 Started: 160 Finished: 160
2020-05-15 16:21:28,976 INFO o.a.j.r.Summariser: summary =  14626 in 00:10:31 =   23.2/s Avg:  2703 Min:    39 Max: 39962 Err:     0 (0.00%)
