2020-03-24 11:34:19,155 INFO o.a.j.u.JMeterUtils: Setting Locale to en_US
2020-03-24 11:34:19,187 INFO o.a.j.JMeter: Loading user properties from: /home/pablo/jmeter/bin/user.properties
2020-03-24 11:34:19,188 INFO o.a.j.JMeter: Loading system properties from: /home/pablo/jmeter/bin/system.properties
2020-03-24 11:34:19,189 INFO o.a.j.JMeter: Setting System property: HILOS=300
2020-03-24 11:34:19,189 INFO o.a.j.JMeter: Setting System property: SUBIDA=120
2020-03-24 11:34:19,190 INFO o.a.j.JMeter: Setting System property: DURACION=360
2020-03-24 11:34:19,190 INFO o.a.j.JMeter: Setting System property: PAGE=/test/imagenp.html
2020-03-24 11:34:19,190 INFO o.a.j.JMeter: Setting System property: FILE=scriptresultsperfmonP300.jtl
2020-03-24 11:34:19,193 INFO o.a.j.JMeter: Copyright (c) 1998-2019 The Apache Software Foundation
2020-03-24 11:34:19,194 INFO o.a.j.JMeter: Version 5.2.1
2020-03-24 11:34:19,194 INFO o.a.j.JMeter: java.version=1.8.0_201
2020-03-24 11:34:19,194 INFO o.a.j.JMeter: java.vm.name=Java HotSpot(TM) 64-Bit Server VM
2020-03-24 11:34:19,194 INFO o.a.j.JMeter: os.name=Linux
2020-03-24 11:34:19,195 INFO o.a.j.JMeter: os.arch=amd64
2020-03-24 11:34:19,195 INFO o.a.j.JMeter: os.version=4.15.0-91-generic
2020-03-24 11:34:19,195 INFO o.a.j.JMeter: file.encoding=UTF-8
2020-03-24 11:34:19,195 INFO o.a.j.JMeter: java.awt.headless=true
2020-03-24 11:34:19,196 INFO o.a.j.JMeter: Max memory     =732954624
2020-03-24 11:34:19,196 INFO o.a.j.JMeter: Available Processors =4
2020-03-24 11:34:19,205 INFO o.a.j.JMeter: Default Locale=English (United States)
2020-03-24 11:34:19,206 INFO o.a.j.JMeter: JMeter  Locale=English (United States)
2020-03-24 11:34:19,206 INFO o.a.j.JMeter: JMeterHome=/home/pablo/jmeter
2020-03-24 11:34:19,206 INFO o.a.j.JMeter: user.dir  =/home/pablo/jmeter/bin/EJECUCIONES
2020-03-24 11:34:19,207 INFO o.a.j.JMeter: PWD       =/home/pablo/jmeter/bin/EJECUCIONES
2020-03-24 11:34:19,207 INFO o.a.j.JMeter: IP: 127.0.1.1 Name: hylianpablo FullName: hylianpablo
2020-03-24 11:34:19,217 INFO o.a.j.s.FileServer: Default base='/home/pablo/jmeter/bin/EJECUCIONES'
2020-03-24 11:34:19,229 INFO o.a.j.s.FileServer: Set new base='/home/pablo/jmeter/bin/EJECUCIONES/..'
2020-03-24 11:34:19,540 INFO o.a.j.s.SaveService: Testplan (JMX) version: 2.2. Testlog (JTL) version: 2.2
2020-03-24 11:34:19,560 INFO o.a.j.s.SaveService: Using SaveService properties file encoding UTF-8
2020-03-24 11:34:19,577 INFO o.a.j.s.SaveService: Using SaveService properties version 5.0
2020-03-24 11:34:19,598 INFO o.a.j.s.SaveService: Loading file: ../Correcto.jmx
2020-03-24 11:34:19,724 INFO o.a.j.p.h.s.HTTPSamplerBase: Parser for text/html is org.apache.jmeter.protocol.http.parser.LagartoBasedHtmlParser
2020-03-24 11:34:19,725 INFO o.a.j.p.h.s.HTTPSamplerBase: Parser for application/xhtml+xml is org.apache.jmeter.protocol.http.parser.LagartoBasedHtmlParser
2020-03-24 11:34:19,725 INFO o.a.j.p.h.s.HTTPSamplerBase: Parser for application/xml is org.apache.jmeter.protocol.http.parser.LagartoBasedHtmlParser
2020-03-24 11:34:19,725 INFO o.a.j.p.h.s.HTTPSamplerBase: Parser for text/xml is org.apache.jmeter.protocol.http.parser.LagartoBasedHtmlParser
2020-03-24 11:34:19,725 INFO o.a.j.p.h.s.HTTPSamplerBase: Parser for text/vnd.wap.wml is org.apache.jmeter.protocol.http.parser.RegexpHTMLParser
2020-03-24 11:34:19,726 INFO o.a.j.p.h.s.HTTPSamplerBase: Parser for text/css is org.apache.jmeter.protocol.http.parser.CssParser
2020-03-24 11:34:19,789 INFO o.a.j.p.h.c.CacheManager: Will only cache the following methods: [GET]
2020-03-24 11:34:19,829 INFO o.a.j.JMeter: Creating summariser <summary>
2020-03-24 11:34:19,841 INFO o.a.j.e.StandardJMeterEngine: Running the test!
2020-03-24 11:34:19,844 INFO o.a.j.s.SampleEvent: List of sample_variables: []
2020-03-24 11:34:19,844 INFO o.a.j.s.SampleEvent: List of sample_variables: []
2020-03-24 11:34:19,862 INFO o.a.j.e.u.CompoundVariable: Note: Function class names must contain the string: '.functions.'
2020-03-24 11:34:19,863 INFO o.a.j.e.u.CompoundVariable: Note: Function class names must not contain the string: '.gui.'
2020-03-24 11:34:20,851 INFO o.a.j.JMeter: Running test (1585046060851)
2020-03-24 11:34:20,939 INFO o.a.j.e.StandardJMeterEngine: Starting ThreadGroup: 1 : Grupo De Hilos
2020-03-24 11:34:20,940 INFO o.a.j.e.StandardJMeterEngine: Starting 300 threads for group Grupo De Hilos.
2020-03-24 11:34:20,940 INFO o.a.j.e.StandardJMeterEngine: Thread will continue on error
2020-03-24 11:34:20,941 INFO o.a.j.t.ThreadGroup: Starting thread group... number=1 threads=300 ramp-up=120 delayedStart=false
2020-03-24 11:34:20,959 INFO o.a.j.t.JMeterThread: Thread started: Grupo De Hilos 1-1
2020-03-24 11:34:21,041 INFO o.a.j.p.h.s.HTTPHCAbstractImpl: Local host = hylianpablo
2020-03-24 11:34:21,062 INFO o.a.j.p.h.s.HTTPHC4Impl: HTTP request retry count = 0
2020-03-24 11:34:21,067 INFO o.a.j.s.SampleResult: Note: Sample TimeStamps are START times
2020-03-24 11:34:21,067 INFO o.a.j.s.SampleResult: sampleresult.default.encoding is set to ISO-8859-1
2020-03-24 11:34:21,068 INFO o.a.j.s.SampleResult: sampleresult.useNanoTime=true
2020-03-24 11:34:21,068 INFO o.a.j.s.SampleResult: sampleresult.nanoThreadSleep=5000
2020-03-24 11:34:21,347 INFO o.a.j.t.JMeterThread: Thread started: Grupo De Hilos 1-2
2020-03-24 11:34:21,481 INFO o.a.j.t.ThreadGroup: Started thread group number 1
2020-03-24 11:34:21,481 INFO o.a.j.e.StandardJMeterEngine: All thread groups have been started
2020-03-24 11:34:21,745 INFO o.a.j.t.JMeterThread: Thread started: Grupo De Hilos 1-3
2020-03-24 11:34:22,145 INFO o.a.j.t.JMeterThread: Thread started: Grupo De Hilos 1-4
2020-03-24 11:34:22,545 INFO o.a.j.t.JMeterThread: Thread started: Grupo De Hilos 1-5
2020-03-24 11:34:22,945 INFO o.a.j.t.JMeterThread: Thread started: Grupo De Hilos 1-6
2020-03-24 11:34:23,343 INFO o.a.j.t.JMeterThread: Thread started: Grupo De Hilos 1-7
2020-03-24 11:34:23,744 INFO o.a.j.t.JMeterThread: Thread started: Grupo De Hilos 1-8
2020-03-24 11:34:24,143 INFO o.a.j.t.JMeterThread: Thread started: Grupo De Hilos 1-9
2020-03-24 11:34:24,544 INFO o.a.j.t.JMeterThread: Thread started: Grupo De Hilos 1-10
2020-03-24 11:34:24,948 INFO o.a.j.t.JMeterThread: Thread started: Grupo De Hilos 1-11
2020-03-24 11:34:25,349 INFO o.a.j.t.JMeterThread: Thread started: Grupo De Hilos 1-12
2020-03-24 11:34:25,746 INFO o.a.j.t.JMeterThread: Thread started: Grupo De Hilos 1-13
2020-03-24 11:34:26,145 INFO o.a.j.t.JMeterThread: Thread started: Grupo De Hilos 1-14
2020-03-24 11:34:26,548 INFO o.a.j.t.JMeterThread: Thread started: Grupo De Hilos 1-15
2020-03-24 11:34:26,949 INFO o.a.j.t.JMeterThread: Thread started: Grupo De Hilos 1-16
2020-03-24 11:34:27,344 INFO o.a.j.t.JMeterThread: Thread started: Grupo De Hilos 1-17
2020-03-24 11:34:27,745 INFO o.a.j.t.JMeterThread: Thread started: Grupo De Hilos 1-18
2020-03-24 11:34:28,144 INFO o.a.j.t.JMeterThread: Thread started: Grupo De Hilos 1-19
2020-03-24 11:34:28,542 INFO o.a.j.t.JMeterThread: Thread started: Grupo De Hilos 1-20
2020-03-24 11:34:28,942 INFO o.a.j.t.JMeterThread: Thread started: Grupo De Hilos 1-21
2020-03-24 11:34:29,343 INFO o.a.j.t.JMeterThread: Thread started: Grupo De Hilos 1-22
2020-03-24 11:34:29,743 INFO o.a.j.t.JMeterThread: Thread started: Grupo De Hilos 1-23
2020-03-24 11:34:30,143 INFO o.a.j.t.JMeterThread: Thread started: Grupo De Hilos 1-24
2020-03-24 11:34:30,196 INFO o.a.j.r.Summariser: summary +     24 in 00:00:09 =    2.6/s Avg:    54 Min:    39 Max:   156 Err:     0 (0.00%) Active: 24 Started: 24 Finished: 0
2020-03-24 11:34:30,542 INFO o.a.j.t.JMeterThread: Thread started: Grupo De Hilos 1-25
2020-03-24 11:34:30,946 INFO o.a.j.t.JMeterThread: Thread started: Grupo De Hilos 1-26
2020-03-24 11:34:31,342 INFO o.a.j.t.JMeterThread: Thread started: Grupo De Hilos 1-27
2020-03-24 11:34:31,743 INFO o.a.j.t.JMeterThread: Thread started: Grupo De Hilos 1-28
2020-03-24 11:34:32,145 INFO o.a.j.t.JMeterThread: Thread started: Grupo De Hilos 1-29
2020-03-24 11:34:32,544 INFO o.a.j.t.JMeterThread: Thread started: Grupo De Hilos 1-30
2020-03-24 11:34:32,944 INFO o.a.j.t.JMeterThread: Thread started: Grupo De Hilos 1-31
2020-03-24 11:34:33,349 INFO o.a.j.t.JMeterThread: Thread started: Grupo De Hilos 1-32
2020-03-24 11:34:33,748 INFO o.a.j.t.JMeterThread: Thread started: Grupo De Hilos 1-33
2020-03-24 11:34:34,149 INFO o.a.j.t.JMeterThread: Thread started: Grupo De Hilos 1-34
2020-03-24 11:34:34,545 INFO o.a.j.t.JMeterThread: Thread started: Grupo De Hilos 1-35
2020-03-24 11:34:34,942 INFO o.a.j.t.JMeterThread: Thread started: Grupo De Hilos 1-36
2020-03-24 11:34:35,344 INFO o.a.j.t.JMeterThread: Thread started: Grupo De Hilos 1-37
2020-03-24 11:34:35,742 INFO o.a.j.t.JMeterThread: Thread started: Grupo De Hilos 1-38
2020-03-24 11:34:36,142 INFO o.a.j.t.JMeterThread: Thread started: Grupo De Hilos 1-39
2020-03-24 11:34:36,546 INFO o.a.j.t.JMeterThread: Thread started: Grupo De Hilos 1-40
2020-03-24 11:34:36,942 INFO o.a.j.t.JMeterThread: Thread started: Grupo De Hilos 1-41
2020-03-24 11:34:37,345 INFO o.a.j.t.JMeterThread: Thread started: Grupo De Hilos 1-42
2020-03-24 11:34:37,742 INFO o.a.j.t.JMeterThread: Thread started: Grupo De Hilos 1-43
2020-03-24 11:34:38,142 INFO o.a.j.t.JMeterThread: Thread started: Grupo De Hilos 1-44
2020-03-24 11:34:38,549 INFO o.a.j.t.JMeterThread: Thread started: Grupo De Hilos 1-45
2020-03-24 11:34:38,943 INFO o.a.j.t.JMeterThread: Thread started: Grupo De Hilos 1-46
2020-03-24 11:34:39,342 INFO o.a.j.t.JMeterThread: Thread started: Grupo De Hilos 1-47
2020-03-24 11:34:39,742 INFO o.a.j.t.JMeterThread: Thread started: Grupo De Hilos 1-48
2020-03-24 11:34:40,142 INFO o.a.j.t.JMeterThread: Thread started: Grupo De Hilos 1-49
2020-03-24 11:34:40,542 INFO o.a.j.t.JMeterThread: Thread started: Grupo De Hilos 1-50
2020-03-24 11:34:40,944 INFO o.a.j.t.JMeterThread: Thread started: Grupo De Hilos 1-51
2020-03-24 11:34:41,347 INFO o.a.j.t.JMeterThread: Thread started: Grupo De Hilos 1-52
2020-03-24 11:34:41,743 INFO o.a.j.t.JMeterThread: Thread started: Grupo De Hilos 1-53
2020-03-24 11:34:42,143 INFO o.a.j.t.JMeterThread: Thread started: Grupo De Hilos 1-54
2020-03-24 11:34:42,543 INFO o.a.j.t.JMeterThread: Thread started: Grupo De Hilos 1-55
2020-03-24 11:34:42,942 INFO o.a.j.t.JMeterThread: Thread started: Grupo De Hilos 1-56
2020-03-24 11:34:43,343 INFO o.a.j.t.JMeterThread: Thread started: Grupo De Hilos 1-57
2020-03-24 11:34:43,744 INFO o.a.j.t.JMeterThread: Thread started: Grupo De Hilos 1-58
2020-03-24 11:34:44,149 INFO o.a.j.t.JMeterThread: Thread started: Grupo De Hilos 1-59
2020-03-24 11:34:44,543 INFO o.a.j.t.JMeterThread: Thread started: Grupo De Hilos 1-60
2020-03-24 11:34:44,942 INFO o.a.j.t.JMeterThread: Thread started: Grupo De Hilos 1-61
2020-03-24 11:34:45,342 INFO o.a.j.t.JMeterThread: Thread started: Grupo De Hilos 1-62
2020-03-24 11:34:45,748 INFO o.a.j.t.JMeterThread: Thread started: Grupo De Hilos 1-63
2020-03-24 11:34:46,144 INFO o.a.j.t.JMeterThread: Thread started: Grupo De Hilos 1-64
2020-03-24 11:34:46,542 INFO o.a.j.t.JMeterThread: Thread started: Grupo De Hilos 1-65
2020-03-24 11:34:46,942 INFO o.a.j.t.JMeterThread: Thread started: Grupo De Hilos 1-66
2020-03-24 11:34:47,361 INFO o.a.j.t.JMeterThread: Thread started: Grupo De Hilos 1-67
2020-03-24 11:34:47,749 INFO o.a.j.t.JMeterThread: Thread started: Grupo De Hilos 1-68
2020-03-24 11:34:48,149 INFO o.a.j.t.JMeterThread: Thread started: Grupo De Hilos 1-69
2020-03-24 11:34:48,544 INFO o.a.j.t.JMeterThread: Thread started: Grupo De Hilos 1-70
2020-03-24 11:34:48,942 INFO o.a.j.t.JMeterThread: Thread started: Grupo De Hilos 1-71
2020-03-24 11:34:49,346 INFO o.a.j.t.JMeterThread: Thread started: Grupo De Hilos 1-72
2020-03-24 11:34:49,745 INFO o.a.j.t.JMeterThread: Thread started: Grupo De Hilos 1-73
2020-03-24 11:34:50,143 INFO o.a.j.t.JMeterThread: Thread started: Grupo De Hilos 1-74
2020-03-24 11:34:50,544 INFO o.a.j.t.JMeterThread: Thread started: Grupo De Hilos 1-75
2020-03-24 11:34:50,947 INFO o.a.j.t.JMeterThread: Thread started: Grupo De Hilos 1-76
2020-03-24 11:34:51,353 INFO o.a.j.t.JMeterThread: Thread started: Grupo De Hilos 1-77
2020-03-24 11:34:51,745 INFO o.a.j.t.JMeterThread: Thread started: Grupo De Hilos 1-78
2020-03-24 11:34:52,142 INFO o.a.j.t.JMeterThread: Thread started: Grupo De Hilos 1-79
2020-03-24 11:34:52,545 INFO o.a.j.t.JMeterThread: Thread started: Grupo De Hilos 1-80
2020-03-24 11:34:52,945 INFO o.a.j.t.JMeterThread: Thread started: Grupo De Hilos 1-81
2020-03-24 11:34:53,357 INFO o.a.j.t.JMeterThread: Thread started: Grupo De Hilos 1-82
2020-03-24 11:34:53,742 INFO o.a.j.t.JMeterThread: Thread started: Grupo De Hilos 1-83
2020-03-24 11:34:54,145 INFO o.a.j.t.JMeterThread: Thread started: Grupo De Hilos 1-84
2020-03-24 11:34:54,542 INFO o.a.j.t.JMeterThread: Thread started: Grupo De Hilos 1-85
2020-03-24 11:34:54,943 INFO o.a.j.t.JMeterThread: Thread started: Grupo De Hilos 1-86
2020-03-24 11:34:55,342 INFO o.a.j.t.JMeterThread: Thread started: Grupo De Hilos 1-87
2020-03-24 11:34:55,742 INFO o.a.j.t.JMeterThread: Thread started: Grupo De Hilos 1-88
2020-03-24 11:34:56,141 INFO o.a.j.t.JMeterThread: Thread started: Grupo De Hilos 1-89
2020-03-24 11:34:56,544 INFO o.a.j.t.JMeterThread: Thread started: Grupo De Hilos 1-90
2020-03-24 11:34:56,943 INFO o.a.j.t.JMeterThread: Thread started: Grupo De Hilos 1-91
2020-03-24 11:34:57,353 INFO o.a.j.t.JMeterThread: Thread started: Grupo De Hilos 1-92
2020-03-24 11:34:57,745 INFO o.a.j.t.JMeterThread: Thread started: Grupo De Hilos 1-93
2020-03-24 11:34:58,144 INFO o.a.j.t.JMeterThread: Thread started: Grupo De Hilos 1-94
2020-03-24 11:34:58,543 INFO o.a.j.t.JMeterThread: Thread started: Grupo De Hilos 1-95
2020-03-24 11:34:58,945 INFO o.a.j.t.JMeterThread: Thread started: Grupo De Hilos 1-96
2020-03-24 11:34:59,342 INFO o.a.j.t.JMeterThread: Thread started: Grupo De Hilos 1-97
2020-03-24 11:34:59,741 INFO o.a.j.t.JMeterThread: Thread started: Grupo De Hilos 1-98
2020-03-24 11:35:00,144 INFO o.a.j.t.JMeterThread: Thread started: Grupo De Hilos 1-99
2020-03-24 11:35:00,194 INFO o.a.j.r.Summariser: summary +     75 in 00:00:30 =    2.5/s Avg:    45 Min:    37 Max:    71 Err:     0 (0.00%) Active: 99 Started: 99 Finished: 0
2020-03-24 11:35:00,211 INFO o.a.j.r.Summariser: summary =     99 in 00:00:39 =    2.5/s Avg:    47 Min:    37 Max:   156 Err:     0 (0.00%)
2020-03-24 11:35:00,548 INFO o.a.j.t.JMeterThread: Thread started: Grupo De Hilos 1-100
2020-03-24 11:35:00,955 INFO o.a.j.t.JMeterThread: Thread started: Grupo De Hilos 1-101
2020-03-24 11:35:01,343 INFO o.a.j.t.JMeterThread: Thread started: Grupo De Hilos 1-102
2020-03-24 11:35:01,743 INFO o.a.j.t.JMeterThread: Thread started: Grupo De Hilos 1-103
2020-03-24 11:35:02,146 INFO o.a.j.t.JMeterThread: Thread started: Grupo De Hilos 1-104
2020-03-24 11:35:02,548 INFO o.a.j.t.JMeterThread: Thread started: Grupo De Hilos 1-105
2020-03-24 11:35:02,942 INFO o.a.j.t.JMeterThread: Thread started: Grupo De Hilos 1-106
2020-03-24 11:35:03,352 INFO o.a.j.t.JMeterThread: Thread started: Grupo De Hilos 1-107
2020-03-24 11:35:03,754 INFO o.a.j.t.JMeterThread: Thread started: Grupo De Hilos 1-108
2020-03-24 11:35:04,142 INFO o.a.j.t.JMeterThread: Thread started: Grupo De Hilos 1-109
2020-03-24 11:35:04,543 INFO o.a.j.t.JMeterThread: Thread started: Grupo De Hilos 1-110
2020-03-24 11:35:04,943 INFO o.a.j.t.JMeterThread: Thread started: Grupo De Hilos 1-111
2020-03-24 11:35:05,343 INFO o.a.j.t.JMeterThread: Thread started: Grupo De Hilos 1-112
2020-03-24 11:35:05,745 INFO o.a.j.t.JMeterThread: Thread started: Grupo De Hilos 1-113
2020-03-24 11:35:06,143 INFO o.a.j.t.JMeterThread: Thread started: Grupo De Hilos 1-114
2020-03-24 11:35:06,545 INFO o.a.j.t.JMeterThread: Thread started: Grupo De Hilos 1-115
2020-03-24 11:35:06,943 INFO o.a.j.t.JMeterThread: Thread started: Grupo De Hilos 1-116
2020-03-24 11:35:07,345 INFO o.a.j.t.JMeterThread: Thread started: Grupo De Hilos 1-117
2020-03-24 11:35:07,743 INFO o.a.j.t.JMeterThread: Thread started: Grupo De Hilos 1-118
2020-03-24 11:35:08,151 INFO o.a.j.t.JMeterThread: Thread started: Grupo De Hilos 1-119
2020-03-24 11:35:08,552 INFO o.a.j.t.JMeterThread: Thread started: Grupo De Hilos 1-120
2020-03-24 11:35:08,950 INFO o.a.j.t.JMeterThread: Thread started: Grupo De Hilos 1-121
2020-03-24 11:35:09,356 INFO o.a.j.t.JMeterThread: Thread started: Grupo De Hilos 1-122
2020-03-24 11:35:09,751 INFO o.a.j.t.JMeterThread: Thread started: Grupo De Hilos 1-123
2020-03-24 11:35:10,142 INFO o.a.j.t.JMeterThread: Thread started: Grupo De Hilos 1-124
2020-03-24 11:35:10,549 INFO o.a.j.t.JMeterThread: Thread started: Grupo De Hilos 1-125
2020-03-24 11:35:10,949 INFO o.a.j.t.JMeterThread: Thread started: Grupo De Hilos 1-126
2020-03-24 11:35:11,345 INFO o.a.j.t.JMeterThread: Thread started: Grupo De Hilos 1-127
2020-03-24 11:35:11,742 INFO o.a.j.t.JMeterThread: Thread started: Grupo De Hilos 1-128
2020-03-24 11:35:12,143 INFO o.a.j.t.JMeterThread: Thread started: Grupo De Hilos 1-129
2020-03-24 11:35:12,545 INFO o.a.j.t.JMeterThread: Thread started: Grupo De Hilos 1-130
2020-03-24 11:35:12,945 INFO o.a.j.t.JMeterThread: Thread started: Grupo De Hilos 1-131
2020-03-24 11:35:13,342 INFO o.a.j.t.JMeterThread: Thread started: Grupo De Hilos 1-132
2020-03-24 11:35:13,742 INFO o.a.j.t.JMeterThread: Thread started: Grupo De Hilos 1-133
2020-03-24 11:35:14,147 INFO o.a.j.t.JMeterThread: Thread started: Grupo De Hilos 1-134
2020-03-24 11:35:14,544 INFO o.a.j.t.JMeterThread: Thread started: Grupo De Hilos 1-135
2020-03-24 11:35:14,943 INFO o.a.j.t.JMeterThread: Thread started: Grupo De Hilos 1-136
2020-03-24 11:35:15,345 INFO o.a.j.t.JMeterThread: Thread started: Grupo De Hilos 1-137
2020-03-24 11:35:15,743 INFO o.a.j.t.JMeterThread: Thread started: Grupo De Hilos 1-138
2020-03-24 11:35:16,145 INFO o.a.j.t.JMeterThread: Thread started: Grupo De Hilos 1-139
2020-03-24 11:35:16,544 INFO o.a.j.t.JMeterThread: Thread started: Grupo De Hilos 1-140
2020-03-24 11:35:16,942 INFO o.a.j.t.JMeterThread: Thread started: Grupo De Hilos 1-141
2020-03-24 11:35:17,343 INFO o.a.j.t.JMeterThread: Thread started: Grupo De Hilos 1-142
2020-03-24 11:35:17,743 INFO o.a.j.t.JMeterThread: Thread started: Grupo De Hilos 1-143
2020-03-24 11:35:18,142 INFO o.a.j.t.JMeterThread: Thread started: Grupo De Hilos 1-144
2020-03-24 11:35:18,542 INFO o.a.j.t.JMeterThread: Thread started: Grupo De Hilos 1-145
2020-03-24 11:35:18,943 INFO o.a.j.t.JMeterThread: Thread started: Grupo De Hilos 1-146
2020-03-24 11:35:19,343 INFO o.a.j.t.JMeterThread: Thread started: Grupo De Hilos 1-147
2020-03-24 11:35:19,743 INFO o.a.j.t.JMeterThread: Thread started: Grupo De Hilos 1-148
2020-03-24 11:35:20,142 INFO o.a.j.t.JMeterThread: Thread started: Grupo De Hilos 1-149
2020-03-24 11:35:20,549 INFO o.a.j.t.JMeterThread: Thread started: Grupo De Hilos 1-150
2020-03-24 11:35:20,943 INFO o.a.j.t.JMeterThread: Thread started: Grupo De Hilos 1-151
2020-03-24 11:35:21,343 INFO o.a.j.t.JMeterThread: Thread started: Grupo De Hilos 1-152
2020-03-24 11:35:21,745 INFO o.a.j.t.JMeterThread: Thread started: Grupo De Hilos 1-153
2020-03-24 11:35:22,144 INFO o.a.j.t.JMeterThread: Thread started: Grupo De Hilos 1-154
2020-03-24 11:35:22,549 INFO o.a.j.t.JMeterThread: Thread started: Grupo De Hilos 1-155
2020-03-24 11:35:22,955 INFO o.a.j.t.JMeterThread: Thread started: Grupo De Hilos 1-156
2020-03-24 11:35:23,348 INFO o.a.j.t.JMeterThread: Thread started: Grupo De Hilos 1-157
2020-03-24 11:35:23,749 INFO o.a.j.t.JMeterThread: Thread started: Grupo De Hilos 1-158
2020-03-24 11:35:24,144 INFO o.a.j.t.JMeterThread: Thread started: Grupo De Hilos 1-159
2020-03-24 11:35:24,542 INFO o.a.j.t.JMeterThread: Thread started: Grupo De Hilos 1-160
2020-03-24 11:35:24,945 INFO o.a.j.t.JMeterThread: Thread started: Grupo De Hilos 1-161
2020-03-24 11:35:25,347 INFO o.a.j.t.JMeterThread: Thread started: Grupo De Hilos 1-162
2020-03-24 11:35:25,744 INFO o.a.j.t.JMeterThread: Thread started: Grupo De Hilos 1-163
2020-03-24 11:35:26,153 INFO o.a.j.t.JMeterThread: Thread started: Grupo De Hilos 1-164
2020-03-24 11:35:26,542 INFO o.a.j.t.JMeterThread: Thread started: Grupo De Hilos 1-165
2020-03-24 11:35:26,949 INFO o.a.j.t.JMeterThread: Thread started: Grupo De Hilos 1-166
2020-03-24 11:35:27,345 INFO o.a.j.t.JMeterThread: Thread started: Grupo De Hilos 1-167
2020-03-24 11:35:27,746 INFO o.a.j.t.JMeterThread: Thread started: Grupo De Hilos 1-168
2020-03-24 11:35:28,142 INFO o.a.j.t.JMeterThread: Thread started: Grupo De Hilos 1-169
2020-03-24 11:35:28,544 INFO o.a.j.t.JMeterThread: Thread started: Grupo De Hilos 1-170
2020-03-24 11:35:28,953 INFO o.a.j.t.JMeterThread: Thread started: Grupo De Hilos 1-171
2020-03-24 11:35:29,349 INFO o.a.j.t.JMeterThread: Thread started: Grupo De Hilos 1-172
2020-03-24 11:35:29,752 INFO o.a.j.t.JMeterThread: Thread started: Grupo De Hilos 1-173
2020-03-24 11:35:30,143 INFO o.a.j.t.JMeterThread: Thread started: Grupo De Hilos 1-174
2020-03-24 11:35:30,544 INFO o.a.j.t.JMeterThread: Thread started: Grupo De Hilos 1-175
2020-03-24 11:35:30,942 INFO o.a.j.t.JMeterThread: Thread started: Grupo De Hilos 1-176
2020-03-24 11:35:31,345 INFO o.a.j.t.JMeterThread: Thread started: Grupo De Hilos 1-177
2020-03-24 11:35:31,743 INFO o.a.j.t.JMeterThread: Thread started: Grupo De Hilos 1-178
2020-03-24 11:35:32,142 INFO o.a.j.t.JMeterThread: Thread started: Grupo De Hilos 1-179
2020-03-24 11:35:32,542 INFO o.a.j.t.JMeterThread: Thread started: Grupo De Hilos 1-180
2020-03-24 11:35:32,949 INFO o.a.j.t.JMeterThread: Thread started: Grupo De Hilos 1-181
2020-03-24 11:35:33,345 INFO o.a.j.t.JMeterThread: Thread started: Grupo De Hilos 1-182
2020-03-24 11:35:33,742 INFO o.a.j.t.JMeterThread: Thread started: Grupo De Hilos 1-183
2020-03-24 11:35:34,142 INFO o.a.j.t.JMeterThread: Thread started: Grupo De Hilos 1-184
2020-03-24 11:35:34,542 INFO o.a.j.t.JMeterThread: Thread started: Grupo De Hilos 1-185
2020-03-24 11:35:34,942 INFO o.a.j.t.JMeterThread: Thread started: Grupo De Hilos 1-186
2020-03-24 11:35:35,342 INFO o.a.j.t.JMeterThread: Thread started: Grupo De Hilos 1-187
2020-03-24 11:35:35,750 INFO o.a.j.t.JMeterThread: Thread started: Grupo De Hilos 1-188
2020-03-24 11:35:36,146 INFO o.a.j.t.JMeterThread: Thread started: Grupo De Hilos 1-189
2020-03-24 11:35:36,544 INFO o.a.j.t.JMeterThread: Thread started: Grupo De Hilos 1-190
2020-03-24 11:35:36,945 INFO o.a.j.t.JMeterThread: Thread started: Grupo De Hilos 1-191
2020-03-24 11:35:37,346 INFO o.a.j.t.JMeterThread: Thread started: Grupo De Hilos 1-192
2020-03-24 11:35:37,745 INFO o.a.j.t.JMeterThread: Thread started: Grupo De Hilos 1-193
2020-03-24 11:35:38,145 INFO o.a.j.t.JMeterThread: Thread started: Grupo De Hilos 1-194
2020-03-24 11:35:38,549 INFO o.a.j.t.JMeterThread: Thread started: Grupo De Hilos 1-195
2020-03-24 11:35:38,943 INFO o.a.j.t.JMeterThread: Thread started: Grupo De Hilos 1-196
2020-03-24 11:35:39,344 INFO o.a.j.t.JMeterThread: Thread started: Grupo De Hilos 1-197
2020-03-24 11:35:39,745 INFO o.a.j.t.JMeterThread: Thread started: Grupo De Hilos 1-198
2020-03-24 11:35:40,142 INFO o.a.j.t.JMeterThread: Thread started: Grupo De Hilos 1-199
2020-03-24 11:35:40,545 INFO o.a.j.t.JMeterThread: Thread started: Grupo De Hilos 1-200
2020-03-24 11:35:40,942 INFO o.a.j.t.JMeterThread: Thread started: Grupo De Hilos 1-201
2020-03-24 11:35:41,341 INFO o.a.j.t.JMeterThread: Thread started: Grupo De Hilos 1-202
2020-03-24 11:35:41,742 INFO o.a.j.t.JMeterThread: Thread started: Grupo De Hilos 1-203
2020-03-24 11:35:42,149 INFO o.a.j.t.JMeterThread: Thread started: Grupo De Hilos 1-204
2020-03-24 11:35:42,545 INFO o.a.j.t.JMeterThread: Thread started: Grupo De Hilos 1-205
2020-03-24 11:35:42,941 INFO o.a.j.t.JMeterThread: Thread started: Grupo De Hilos 1-206
2020-03-24 11:35:43,349 INFO o.a.j.t.JMeterThread: Thread started: Grupo De Hilos 1-207
2020-03-24 11:35:43,742 INFO o.a.j.t.JMeterThread: Thread started: Grupo De Hilos 1-208
2020-03-24 11:35:44,141 INFO o.a.j.t.JMeterThread: Thread started: Grupo De Hilos 1-209
2020-03-24 11:35:44,545 INFO o.a.j.t.JMeterThread: Thread started: Grupo De Hilos 1-210
2020-03-24 11:35:44,944 INFO o.a.j.t.JMeterThread: Thread started: Grupo De Hilos 1-211
2020-03-24 11:35:45,343 INFO o.a.j.t.JMeterThread: Thread started: Grupo De Hilos 1-212
2020-03-24 11:35:45,752 INFO o.a.j.t.JMeterThread: Thread started: Grupo De Hilos 1-213
2020-03-24 11:35:46,145 INFO o.a.j.t.JMeterThread: Thread started: Grupo De Hilos 1-214
2020-03-24 11:35:46,542 INFO o.a.j.t.JMeterThread: Thread started: Grupo De Hilos 1-215
2020-03-24 11:35:46,941 INFO o.a.j.t.JMeterThread: Thread started: Grupo De Hilos 1-216
2020-03-24 11:35:47,345 INFO o.a.j.t.JMeterThread: Thread started: Grupo De Hilos 1-217
2020-03-24 11:35:47,741 INFO o.a.j.t.JMeterThread: Thread started: Grupo De Hilos 1-218
2020-03-24 11:35:48,141 INFO o.a.j.t.JMeterThread: Thread started: Grupo De Hilos 1-219
2020-03-24 11:35:48,543 INFO o.a.j.t.JMeterThread: Thread started: Grupo De Hilos 1-220
2020-03-24 11:35:48,941 INFO o.a.j.t.JMeterThread: Thread started: Grupo De Hilos 1-221
2020-03-24 11:35:49,341 INFO o.a.j.t.JMeterThread: Thread started: Grupo De Hilos 1-222
2020-03-24 11:35:49,742 INFO o.a.j.t.JMeterThread: Thread started: Grupo De Hilos 1-223
2020-03-24 11:35:50,143 INFO o.a.j.t.JMeterThread: Thread started: Grupo De Hilos 1-224
2020-03-24 11:35:50,542 INFO o.a.j.t.JMeterThread: Thread started: Grupo De Hilos 1-225
2020-03-24 11:35:50,943 INFO o.a.j.t.JMeterThread: Thread started: Grupo De Hilos 1-226
2020-03-24 11:35:51,349 INFO o.a.j.t.JMeterThread: Thread started: Grupo De Hilos 1-227
2020-03-24 11:35:51,745 INFO o.a.j.t.JMeterThread: Thread started: Grupo De Hilos 1-228
2020-03-24 11:35:52,144 INFO o.a.j.t.JMeterThread: Thread started: Grupo De Hilos 1-229
2020-03-24 11:35:52,545 INFO o.a.j.t.JMeterThread: Thread started: Grupo De Hilos 1-230
2020-03-24 11:35:52,949 INFO o.a.j.t.JMeterThread: Thread started: Grupo De Hilos 1-231
2020-03-24 11:35:53,345 INFO o.a.j.t.JMeterThread: Thread started: Grupo De Hilos 1-232
2020-03-24 11:35:53,745 INFO o.a.j.t.JMeterThread: Thread started: Grupo De Hilos 1-233
2020-03-24 11:35:54,144 INFO o.a.j.t.JMeterThread: Thread started: Grupo De Hilos 1-234
2020-03-24 11:35:54,545 INFO o.a.j.t.JMeterThread: Thread started: Grupo De Hilos 1-235
2020-03-24 11:35:54,942 INFO o.a.j.t.JMeterThread: Thread started: Grupo De Hilos 1-236
2020-03-24 11:35:55,349 INFO o.a.j.t.JMeterThread: Thread started: Grupo De Hilos 1-237
2020-03-24 11:35:55,745 INFO o.a.j.t.JMeterThread: Thread started: Grupo De Hilos 1-238
2020-03-24 11:35:56,142 INFO o.a.j.t.JMeterThread: Thread started: Grupo De Hilos 1-239
2020-03-24 11:35:56,549 INFO o.a.j.t.JMeterThread: Thread started: Grupo De Hilos 1-240
2020-03-24 11:35:56,942 INFO o.a.j.t.JMeterThread: Thread started: Grupo De Hilos 1-241
2020-03-24 11:35:57,346 INFO o.a.j.t.JMeterThread: Thread started: Grupo De Hilos 1-242
2020-03-24 11:35:57,743 INFO o.a.j.t.JMeterThread: Thread started: Grupo De Hilos 1-243
2020-03-24 11:35:58,142 INFO o.a.j.t.JMeterThread: Thread started: Grupo De Hilos 1-244
2020-03-24 11:35:58,542 INFO o.a.j.t.JMeterThread: Thread started: Grupo De Hilos 1-245
2020-03-24 11:35:58,945 INFO o.a.j.t.JMeterThread: Thread started: Grupo De Hilos 1-246
2020-03-24 11:35:59,345 INFO o.a.j.t.JMeterThread: Thread started: Grupo De Hilos 1-247
2020-03-24 11:35:59,745 INFO o.a.j.t.JMeterThread: Thread started: Grupo De Hilos 1-248
2020-03-24 11:36:00,149 INFO o.a.j.t.JMeterThread: Thread started: Grupo De Hilos 1-249
2020-03-24 11:36:00,545 INFO o.a.j.t.JMeterThread: Thread started: Grupo De Hilos 1-250
2020-03-24 11:36:00,944 INFO o.a.j.t.JMeterThread: Thread started: Grupo De Hilos 1-251
2020-03-24 11:36:01,346 INFO o.a.j.t.JMeterThread: Thread started: Grupo De Hilos 1-252
2020-03-24 11:36:01,756 INFO o.a.j.t.JMeterThread: Thread started: Grupo De Hilos 1-253
2020-03-24 11:36:02,153 INFO o.a.j.t.JMeterThread: Thread started: Grupo De Hilos 1-254
2020-03-24 11:36:02,545 INFO o.a.j.t.JMeterThread: Thread started: Grupo De Hilos 1-255
2020-03-24 11:36:02,943 INFO o.a.j.t.JMeterThread: Thread started: Grupo De Hilos 1-256
2020-03-24 11:36:03,345 INFO o.a.j.t.JMeterThread: Thread started: Grupo De Hilos 1-257
2020-03-24 11:36:03,742 INFO o.a.j.t.JMeterThread: Thread started: Grupo De Hilos 1-258
2020-03-24 11:36:04,149 INFO o.a.j.t.JMeterThread: Thread started: Grupo De Hilos 1-259
2020-03-24 11:36:04,543 INFO o.a.j.t.JMeterThread: Thread started: Grupo De Hilos 1-260
2020-03-24 11:36:04,943 INFO o.a.j.t.JMeterThread: Thread started: Grupo De Hilos 1-261
2020-03-24 11:36:05,344 INFO o.a.j.t.JMeterThread: Thread started: Grupo De Hilos 1-262
2020-03-24 11:36:05,742 INFO o.a.j.t.JMeterThread: Thread started: Grupo De Hilos 1-263
2020-03-24 11:36:06,145 INFO o.a.j.t.JMeterThread: Thread started: Grupo De Hilos 1-264
2020-03-24 11:36:06,542 INFO o.a.j.t.JMeterThread: Thread started: Grupo De Hilos 1-265
2020-03-24 11:36:06,948 INFO o.a.j.t.JMeterThread: Thread started: Grupo De Hilos 1-266
2020-03-24 11:36:07,344 INFO o.a.j.t.JMeterThread: Thread started: Grupo De Hilos 1-267
2020-03-24 11:36:07,743 INFO o.a.j.t.JMeterThread: Thread started: Grupo De Hilos 1-268
2020-03-24 11:36:08,148 INFO o.a.j.t.JMeterThread: Thread started: Grupo De Hilos 1-269
2020-03-24 11:36:08,544 INFO o.a.j.t.JMeterThread: Thread started: Grupo De Hilos 1-270
2020-03-24 11:36:08,943 INFO o.a.j.t.JMeterThread: Thread started: Grupo De Hilos 1-271
2020-03-24 11:36:09,345 INFO o.a.j.t.JMeterThread: Thread started: Grupo De Hilos 1-272
2020-03-24 11:36:09,743 INFO o.a.j.t.JMeterThread: Thread started: Grupo De Hilos 1-273
2020-03-24 11:36:10,143 INFO o.a.j.t.JMeterThread: Thread started: Grupo De Hilos 1-274
2020-03-24 11:36:10,543 INFO o.a.j.t.JMeterThread: Thread started: Grupo De Hilos 1-275
2020-03-24 11:36:10,943 INFO o.a.j.t.JMeterThread: Thread started: Grupo De Hilos 1-276
2020-03-24 11:36:11,342 INFO o.a.j.t.JMeterThread: Thread started: Grupo De Hilos 1-277
2020-03-24 11:36:11,752 INFO o.a.j.t.JMeterThread: Thread started: Grupo De Hilos 1-278
2020-03-24 11:36:12,143 INFO o.a.j.t.JMeterThread: Thread started: Grupo De Hilos 1-279
2020-03-24 11:36:12,542 INFO o.a.j.t.JMeterThread: Thread started: Grupo De Hilos 1-280
2020-03-24 11:36:12,942 INFO o.a.j.t.JMeterThread: Thread started: Grupo De Hilos 1-281
2020-03-24 11:36:13,345 INFO o.a.j.t.JMeterThread: Thread started: Grupo De Hilos 1-282
2020-03-24 11:36:13,742 INFO o.a.j.t.JMeterThread: Thread started: Grupo De Hilos 1-283
2020-03-24 11:36:14,143 INFO o.a.j.t.JMeterThread: Thread started: Grupo De Hilos 1-284
2020-03-24 11:36:14,543 INFO o.a.j.t.JMeterThread: Thread started: Grupo De Hilos 1-285
2020-03-24 11:36:14,943 INFO o.a.j.t.JMeterThread: Thread started: Grupo De Hilos 1-286
2020-03-24 11:36:15,343 INFO o.a.j.t.JMeterThread: Thread started: Grupo De Hilos 1-287
2020-03-24 11:36:15,743 INFO o.a.j.t.JMeterThread: Thread started: Grupo De Hilos 1-288
2020-03-24 11:36:16,142 INFO o.a.j.t.JMeterThread: Thread started: Grupo De Hilos 1-289
2020-03-24 11:36:16,545 INFO o.a.j.t.JMeterThread: Thread started: Grupo De Hilos 1-290
2020-03-24 11:36:16,949 INFO o.a.j.t.JMeterThread: Thread started: Grupo De Hilos 1-291
2020-03-24 11:36:17,344 INFO o.a.j.t.JMeterThread: Thread started: Grupo De Hilos 1-292
2020-03-24 11:36:17,743 INFO o.a.j.t.JMeterThread: Thread started: Grupo De Hilos 1-293
2020-03-24 11:36:18,148 INFO o.a.j.t.JMeterThread: Thread started: Grupo De Hilos 1-294
2020-03-24 11:36:18,542 INFO o.a.j.t.JMeterThread: Thread started: Grupo De Hilos 1-295
2020-03-24 11:36:18,949 INFO o.a.j.t.JMeterThread: Thread started: Grupo De Hilos 1-296
2020-03-24 11:36:19,351 INFO o.a.j.t.JMeterThread: Thread started: Grupo De Hilos 1-297
2020-03-24 11:36:19,788 INFO o.a.j.t.JMeterThread: Thread started: Grupo De Hilos 1-298
2020-03-24 11:36:20,194 INFO o.a.j.t.JMeterThread: Thread started: Grupo De Hilos 1-299
2020-03-24 11:36:20,584 INFO o.a.j.t.JMeterThread: Thread started: Grupo De Hilos 1-300
2020-03-24 11:38:31,342 INFO o.a.j.r.Summariser: summary +     71 in 00:03:31 =    0.3/s Avg: 36680 Min:    36 Max: 130956 Err:    20 (28.17%) Active: 300 Started: 300 Finished: 0
2020-03-24 11:38:31,344 INFO o.a.j.r.Summariser: summary =    170 in 00:04:10 =    0.7/s Avg: 15347 Min:    36 Max: 130956 Err:    20 (11.76%)
2020-03-24 11:40:20,965 INFO o.a.j.t.JMeterThread: Stopping because end time detected by thread: Grupo De Hilos 1-2
2020-03-24 11:40:20,965 INFO o.a.j.t.JMeterThread: Thread finished: Grupo De Hilos 1-2
2020-03-24 11:40:20,993 INFO o.a.j.t.JMeterThread: Stopping because end time detected by thread: Grupo De Hilos 1-7
2020-03-24 11:40:20,993 INFO o.a.j.t.JMeterThread: Thread finished: Grupo De Hilos 1-7
2020-03-24 11:40:20,997 INFO o.a.j.t.JMeterThread: Stopping because end time detected by thread: Grupo De Hilos 1-1
2020-03-24 11:40:20,997 INFO o.a.j.t.JMeterThread: Thread finished: Grupo De Hilos 1-1
2020-03-24 11:40:20,998 INFO o.a.j.t.JMeterThread: Stopping because end time detected by thread: Grupo De Hilos 1-5
2020-03-24 11:40:20,998 INFO o.a.j.t.JMeterThread: Thread finished: Grupo De Hilos 1-5
2020-03-24 11:40:21,004 INFO o.a.j.t.JMeterThread: Stopping because end time detected by thread: Grupo De Hilos 1-9
2020-03-24 11:40:21,005 INFO o.a.j.t.JMeterThread: Thread finished: Grupo De Hilos 1-9
2020-03-24 11:40:21,010 INFO o.a.j.t.JMeterThread: Stopping because end time detected by thread: Grupo De Hilos 1-15
2020-03-24 11:40:21,010 INFO o.a.j.t.JMeterThread: Thread finished: Grupo De Hilos 1-15
2020-03-24 11:40:21,025 INFO o.a.j.t.JMeterThread: Stopping because end time detected by thread: Grupo De Hilos 1-18
2020-03-24 11:40:21,025 INFO o.a.j.t.JMeterThread: Thread finished: Grupo De Hilos 1-18
2020-03-24 11:40:21,036 INFO o.a.j.t.JMeterThread: Stopping because end time detected by thread: Grupo De Hilos 1-29
2020-03-24 11:40:21,036 INFO o.a.j.t.JMeterThread: Thread finished: Grupo De Hilos 1-29
2020-03-24 11:40:21,041 INFO o.a.j.t.JMeterThread: Stopping because end time detected by thread: Grupo De Hilos 1-11
2020-03-24 11:40:21,041 INFO o.a.j.t.JMeterThread: Thread finished: Grupo De Hilos 1-11
2020-03-24 11:40:21,053 INFO o.a.j.t.JMeterThread: Stopping because end time detected by thread: Grupo De Hilos 1-31
2020-03-24 11:40:21,053 INFO o.a.j.t.JMeterThread: Thread finished: Grupo De Hilos 1-31
2020-03-24 11:40:21,053 INFO o.a.j.t.JMeterThread: Stopping because end time detected by thread: Grupo De Hilos 1-42
2020-03-24 11:40:21,054 INFO o.a.j.t.JMeterThread: Thread finished: Grupo De Hilos 1-42
2020-03-24 11:40:21,057 INFO o.a.j.t.JMeterThread: Stopping because end time detected by thread: Grupo De Hilos 1-35
2020-03-24 11:40:21,057 INFO o.a.j.t.JMeterThread: Thread finished: Grupo De Hilos 1-35
2020-03-24 11:40:21,057 INFO o.a.j.t.JMeterThread: Stopping because end time detected by thread: Grupo De Hilos 1-36
2020-03-24 11:40:21,058 INFO o.a.j.t.JMeterThread: Thread finished: Grupo De Hilos 1-36
2020-03-24 11:40:21,061 INFO o.a.j.t.JMeterThread: Stopping because end time detected by thread: Grupo De Hilos 1-13
2020-03-24 11:40:21,061 INFO o.a.j.t.JMeterThread: Thread finished: Grupo De Hilos 1-13
2020-03-24 11:40:21,065 INFO o.a.j.t.JMeterThread: Stopping because end time detected by thread: Grupo De Hilos 1-34
2020-03-24 11:40:21,065 INFO o.a.j.t.JMeterThread: Stopping because end time detected by thread: Grupo De Hilos 1-22
2020-03-24 11:40:21,065 INFO o.a.j.t.JMeterThread: Stopping because end time detected by thread: Grupo De Hilos 1-49
2020-03-24 11:40:21,065 INFO o.a.j.t.JMeterThread: Thread finished: Grupo De Hilos 1-34
2020-03-24 11:40:21,065 INFO o.a.j.t.JMeterThread: Thread finished: Grupo De Hilos 1-49
2020-03-24 11:40:21,069 INFO o.a.j.t.JMeterThread: Stopping because end time detected by thread: Grupo De Hilos 1-24
2020-03-24 11:40:21,069 INFO o.a.j.t.JMeterThread: Stopping because end time detected by thread: Grupo De Hilos 1-39
2020-03-24 11:40:21,073 INFO o.a.j.t.JMeterThread: Thread finished: Grupo De Hilos 1-39
2020-03-24 11:40:21,073 INFO o.a.j.t.JMeterThread: Thread finished: Grupo De Hilos 1-24
2020-03-24 11:40:21,075 INFO o.a.j.t.JMeterThread: Stopping because end time detected by thread: Grupo De Hilos 1-64
2020-03-24 11:40:21,075 INFO o.a.j.t.JMeterThread: Stopping because end time detected by thread: Grupo De Hilos 1-41
2020-03-24 11:40:21,075 INFO o.a.j.t.JMeterThread: Thread finished: Grupo De Hilos 1-22
2020-03-24 11:40:21,075 INFO o.a.j.t.JMeterThread: Stopping because end time detected by thread: Grupo De Hilos 1-55
2020-03-24 11:40:21,075 INFO o.a.j.t.JMeterThread: Stopping because end time detected by thread: Grupo De Hilos 1-52
2020-03-24 11:40:21,075 INFO o.a.j.t.JMeterThread: Thread finished: Grupo De Hilos 1-41
2020-03-24 11:40:21,075 INFO o.a.j.t.JMeterThread: Thread finished: Grupo De Hilos 1-52
2020-03-24 11:40:21,076 INFO o.a.j.t.JMeterThread: Thread finished: Grupo De Hilos 1-55
2020-03-24 11:40:21,087 INFO o.a.j.t.JMeterThread: Stopping because end time detected by thread: Grupo De Hilos 1-54
2020-03-24 11:40:21,087 INFO o.a.j.t.JMeterThread: Thread finished: Grupo De Hilos 1-54
2020-03-24 11:40:21,088 INFO o.a.j.t.JMeterThread: Stopping because end time detected by thread: Grupo De Hilos 1-63
2020-03-24 11:40:21,088 INFO o.a.j.t.JMeterThread: Thread finished: Grupo De Hilos 1-63
2020-03-24 11:40:21,076 INFO o.a.j.t.JMeterThread: Thread finished: Grupo De Hilos 1-64
2020-03-24 11:40:21,097 INFO o.a.j.t.JMeterThread: Stopping because end time detected by thread: Grupo De Hilos 1-45
2020-03-24 11:40:21,097 INFO o.a.j.t.JMeterThread: Thread finished: Grupo De Hilos 1-45
2020-03-24 11:40:21,105 INFO o.a.j.t.JMeterThread: Stopping because end time detected by thread: Grupo De Hilos 1-44
2020-03-24 11:40:21,105 INFO o.a.j.t.JMeterThread: Stopping because end time detected by thread: Grupo De Hilos 1-33
2020-03-24 11:40:21,105 INFO o.a.j.t.JMeterThread: Thread finished: Grupo De Hilos 1-44
2020-03-24 11:40:21,105 INFO o.a.j.t.JMeterThread: Thread finished: Grupo De Hilos 1-33
2020-03-24 11:40:21,106 INFO o.a.j.t.JMeterThread: Stopping because end time detected by thread: Grupo De Hilos 1-59
2020-03-24 11:40:21,106 INFO o.a.j.t.JMeterThread: Thread finished: Grupo De Hilos 1-59
2020-03-24 11:40:21,106 INFO o.a.j.t.JMeterThread: Stopping because end time detected by thread: Grupo De Hilos 1-48
2020-03-24 11:40:21,108 INFO o.a.j.t.JMeterThread: Stopping because end time detected by thread: Grupo De Hilos 1-37
2020-03-24 11:40:21,109 INFO o.a.j.t.JMeterThread: Thread finished: Grupo De Hilos 1-37
2020-03-24 11:40:21,109 INFO o.a.j.t.JMeterThread: Stopping because end time detected by thread: Grupo De Hilos 1-71
2020-03-24 11:40:21,109 INFO o.a.j.t.JMeterThread: Thread finished: Grupo De Hilos 1-71
2020-03-24 11:40:21,110 INFO o.a.j.t.JMeterThread: Thread finished: Grupo De Hilos 1-48
2020-03-24 11:40:21,110 INFO o.a.j.t.JMeterThread: Stopping because end time detected by thread: Grupo De Hilos 1-72
2020-03-24 11:40:21,110 INFO o.a.j.t.JMeterThread: Thread finished: Grupo De Hilos 1-72
2020-03-24 11:40:21,111 INFO o.a.j.t.JMeterThread: Stopping because end time detected by thread: Grupo De Hilos 1-56
2020-03-24 11:40:21,111 INFO o.a.j.t.JMeterThread: Stopping because end time detected by thread: Grupo De Hilos 1-27
2020-03-24 11:40:21,111 INFO o.a.j.t.JMeterThread: Thread finished: Grupo De Hilos 1-56
2020-03-24 11:40:21,111 INFO o.a.j.t.JMeterThread: Thread finished: Grupo De Hilos 1-27
2020-03-24 11:40:21,113 INFO o.a.j.t.JMeterThread: Stopping because end time detected by thread: Grupo De Hilos 1-73
2020-03-24 11:40:21,113 INFO o.a.j.t.JMeterThread: Thread finished: Grupo De Hilos 1-73
2020-03-24 11:40:21,117 INFO o.a.j.t.JMeterThread: Stopping because end time detected by thread: Grupo De Hilos 1-60
2020-03-24 11:40:21,117 INFO o.a.j.t.JMeterThread: Thread finished: Grupo De Hilos 1-60
2020-03-24 11:40:21,118 INFO o.a.j.t.JMeterThread: Stopping because end time detected by thread: Grupo De Hilos 1-82
2020-03-24 11:40:21,118 INFO o.a.j.t.JMeterThread: Thread finished: Grupo De Hilos 1-82
2020-03-24 11:40:21,121 INFO o.a.j.t.JMeterThread: Stopping because end time detected by thread: Grupo De Hilos 1-58
2020-03-24 11:40:21,121 INFO o.a.j.t.JMeterThread: Stopping because end time detected by thread: Grupo De Hilos 1-62
2020-03-24 11:40:21,121 INFO o.a.j.t.JMeterThread: Stopping because end time detected by thread: Grupo De Hilos 1-47
2020-03-24 11:40:21,129 INFO o.a.j.t.JMeterThread: Stopping because end time detected by thread: Grupo De Hilos 1-21
2020-03-24 11:40:21,129 INFO o.a.j.t.JMeterThread: Stopping because end time detected by thread: Grupo De Hilos 1-19
2020-03-24 11:40:21,129 INFO o.a.j.t.JMeterThread: Thread finished: Grupo De Hilos 1-19
2020-03-24 11:40:21,129 INFO o.a.j.t.JMeterThread: Stopping because end time detected by thread: Grupo De Hilos 1-87
2020-03-24 11:40:21,130 INFO o.a.j.t.JMeterThread: Thread finished: Grupo De Hilos 1-87
2020-03-24 11:40:21,130 INFO o.a.j.t.JMeterThread: Stopping because end time detected by thread: Grupo De Hilos 1-69
2020-03-24 11:40:21,138 INFO o.a.j.t.JMeterThread: Stopping because end time detected by thread: Grupo De Hilos 1-99
2020-03-24 11:40:21,138 INFO o.a.j.t.JMeterThread: Thread finished: Grupo De Hilos 1-99
2020-03-24 11:40:21,141 INFO o.a.j.t.JMeterThread: Stopping because end time detected by thread: Grupo De Hilos 1-86
2020-03-24 11:40:21,141 INFO o.a.j.t.JMeterThread: Stopping because end time detected by thread: Grupo De Hilos 1-84
2020-03-24 11:40:21,141 INFO o.a.j.t.JMeterThread: Stopping because end time detected by thread: Grupo De Hilos 1-16
2020-03-24 11:40:21,141 INFO o.a.j.t.JMeterThread: Thread finished: Grupo De Hilos 1-84
2020-03-24 11:40:21,145 INFO o.a.j.t.JMeterThread: Thread finished: Grupo De Hilos 1-86
2020-03-24 11:40:21,149 INFO o.a.j.t.JMeterThread: Stopping because end time detected by thread: Grupo De Hilos 1-94
2020-03-24 11:40:21,149 INFO o.a.j.t.JMeterThread: Thread finished: Grupo De Hilos 1-94
2020-03-24 11:40:21,155 INFO o.a.j.t.JMeterThread: Thread finished: Grupo De Hilos 1-69
2020-03-24 11:40:21,156 INFO o.a.j.t.JMeterThread: Stopping because end time detected by thread: Grupo De Hilos 1-78
2020-03-24 11:40:21,156 INFO o.a.j.t.JMeterThread: Stopping because end time detected by thread: Grupo De Hilos 1-25
2020-03-24 11:40:21,156 INFO o.a.j.t.JMeterThread: Thread finished: Grupo De Hilos 1-78
2020-03-24 11:40:21,156 INFO o.a.j.t.JMeterThread: Thread finished: Grupo De Hilos 1-25
2020-03-24 11:40:21,161 INFO o.a.j.t.JMeterThread: Stopping because end time detected by thread: Grupo De Hilos 1-68
2020-03-24 11:40:21,161 INFO o.a.j.t.JMeterThread: Stopping because end time detected by thread: Grupo De Hilos 1-65
2020-03-24 11:40:21,161 INFO o.a.j.t.JMeterThread: Thread finished: Grupo De Hilos 1-68
2020-03-24 11:40:21,161 INFO o.a.j.t.JMeterThread: Thread finished: Grupo De Hilos 1-65
2020-03-24 11:40:21,161 INFO o.a.j.t.JMeterThread: Stopping because end time detected by thread: Grupo De Hilos 1-66
2020-03-24 11:40:21,162 INFO o.a.j.t.JMeterThread: Thread finished: Grupo De Hilos 1-66
2020-03-24 11:40:21,162 INFO o.a.j.t.JMeterThread: Thread finished: Grupo De Hilos 1-16
2020-03-24 11:40:21,161 INFO o.a.j.t.JMeterThread: Stopping because end time detected by thread: Grupo De Hilos 1-28
2020-03-24 11:40:21,162 INFO o.a.j.t.JMeterThread: Thread finished: Grupo De Hilos 1-28
2020-03-24 11:40:21,162 INFO o.a.j.t.JMeterThread: Stopping because end time detected by thread: Grupo De Hilos 1-92
2020-03-24 11:40:21,163 INFO o.a.j.t.JMeterThread: Thread finished: Grupo De Hilos 1-92
2020-03-24 11:40:21,164 INFO o.a.j.t.JMeterThread: Stopping because end time detected by thread: Grupo De Hilos 1-67
2020-03-24 11:40:21,165 INFO o.a.j.t.JMeterThread: Thread finished: Grupo De Hilos 1-67
2020-03-24 11:40:21,165 INFO o.a.j.t.JMeterThread: Stopping because end time detected by thread: Grupo De Hilos 1-77
2020-03-24 11:40:21,177 INFO o.a.j.t.JMeterThread: Stopping because end time detected by thread: Grupo De Hilos 1-83
2020-03-24 11:40:21,177 INFO o.a.j.t.JMeterThread: Thread finished: Grupo De Hilos 1-83
2020-03-24 11:40:21,177 INFO o.a.j.t.JMeterThread: Stopping because end time detected by thread: Grupo De Hilos 1-105
2020-03-24 11:40:21,178 INFO o.a.j.t.JMeterThread: Thread finished: Grupo De Hilos 1-105
2020-03-24 11:40:21,181 INFO o.a.j.t.JMeterThread: Stopping because end time detected by thread: Grupo De Hilos 1-85
2020-03-24 11:40:21,181 INFO o.a.j.t.JMeterThread: Thread finished: Grupo De Hilos 1-85
2020-03-24 11:40:21,181 INFO o.a.j.t.JMeterThread: Stopping because end time detected by thread: Grupo De Hilos 1-103
2020-03-24 11:40:21,182 INFO o.a.j.t.JMeterThread: Thread finished: Grupo De Hilos 1-103
2020-03-24 11:40:21,182 INFO o.a.j.t.JMeterThread: Stopping because end time detected by thread: Grupo De Hilos 1-100
2020-03-24 11:40:21,182 INFO o.a.j.t.JMeterThread: Thread finished: Grupo De Hilos 1-100
2020-03-24 11:40:21,182 INFO o.a.j.t.JMeterThread: Stopping because end time detected by thread: Grupo De Hilos 1-79
2020-03-24 11:40:21,182 INFO o.a.j.t.JMeterThread: Thread finished: Grupo De Hilos 1-79
2020-03-24 11:40:21,183 INFO o.a.j.t.JMeterThread: Stopping because end time detected by thread: Grupo De Hilos 1-46
2020-03-24 11:40:21,183 INFO o.a.j.t.JMeterThread: Stopping because end time detected by thread: Grupo De Hilos 1-32
2020-03-24 11:40:21,183 INFO o.a.j.t.JMeterThread: Thread finished: Grupo De Hilos 1-32
2020-03-24 11:40:21,183 INFO o.a.j.t.JMeterThread: Stopping because end time detected by thread: Grupo De Hilos 1-91
2020-03-24 11:40:21,183 INFO o.a.j.t.JMeterThread: Thread finished: Grupo De Hilos 1-91
2020-03-24 11:40:21,189 INFO o.a.j.t.JMeterThread: Stopping because end time detected by thread: Grupo De Hilos 1-40
2020-03-24 11:40:21,189 INFO o.a.j.t.JMeterThread: Stopping because end time detected by thread: Grupo De Hilos 1-53
2020-03-24 11:40:21,189 INFO o.a.j.t.JMeterThread: Thread finished: Grupo De Hilos 1-40
2020-03-24 11:40:21,190 INFO o.a.j.t.JMeterThread: Stopping because end time detected by thread: Grupo De Hilos 1-4
2020-03-24 11:40:21,190 INFO o.a.j.t.JMeterThread: Thread finished: Grupo De Hilos 1-4
2020-03-24 11:40:21,181 INFO o.a.j.t.JMeterThread: Stopping because end time detected by thread: Grupo De Hilos 1-93
2020-03-24 11:40:21,193 INFO o.a.j.t.JMeterThread: Stopping because end time detected by thread: Grupo De Hilos 1-116
2020-03-24 11:40:21,193 INFO o.a.j.t.JMeterThread: Thread finished: Grupo De Hilos 1-53
2020-03-24 11:40:21,193 INFO o.a.j.t.JMeterThread: Stopping because end time detected by thread: Grupo De Hilos 1-70
2020-03-24 11:40:21,193 INFO o.a.j.t.JMeterThread: Thread finished: Grupo De Hilos 1-70
2020-03-24 11:40:21,193 INFO o.a.j.t.JMeterThread: Stopping because end time detected by thread: Grupo De Hilos 1-3
2020-03-24 11:40:21,193 INFO o.a.j.t.JMeterThread: Thread finished: Grupo De Hilos 1-93
2020-03-24 11:40:21,194 INFO o.a.j.t.JMeterThread: Thread finished: Grupo De Hilos 1-3
2020-03-24 11:40:21,197 INFO o.a.j.t.JMeterThread: Stopping because end time detected by thread: Grupo De Hilos 1-30
2020-03-24 11:40:21,197 INFO o.a.j.t.JMeterThread: Thread finished: Grupo De Hilos 1-30
2020-03-24 11:40:21,197 INFO o.a.j.t.JMeterThread: Stopping because end time detected by thread: Grupo De Hilos 1-6
2020-03-24 11:40:21,198 INFO o.a.j.t.JMeterThread: Stopping because end time detected by thread: Grupo De Hilos 1-112
2020-03-24 11:40:21,198 INFO o.a.j.t.JMeterThread: Thread finished: Grupo De Hilos 1-112
2020-03-24 11:40:21,198 INFO o.a.j.t.JMeterThread: Stopping because end time detected by thread: Grupo De Hilos 1-17
2020-03-24 11:40:21,225 INFO o.a.j.t.JMeterThread: Stopping because end time detected by thread: Grupo De Hilos 1-133
2020-03-24 11:40:21,225 INFO o.a.j.t.JMeterThread: Thread finished: Grupo De Hilos 1-116
2020-03-24 11:40:21,228 INFO o.a.j.t.JMeterThread: Stopping because end time detected by thread: Grupo De Hilos 1-144
2020-03-24 11:40:21,228 INFO o.a.j.t.JMeterThread: Thread finished: Grupo De Hilos 1-144
2020-03-24 11:40:21,225 INFO o.a.j.t.JMeterThread: Thread finished: Grupo De Hilos 1-6
2020-03-24 11:40:21,213 INFO o.a.j.t.JMeterThread: Stopping because end time detected by thread: Grupo De Hilos 1-125
2020-03-24 11:40:21,225 INFO o.a.j.t.JMeterThread: Thread finished: Grupo De Hilos 1-17
2020-03-24 11:40:21,229 INFO o.a.j.t.JMeterThread: Thread finished: Grupo De Hilos 1-125
2020-03-24 11:40:21,226 INFO o.a.j.t.JMeterThread: Thread finished: Grupo De Hilos 1-77
2020-03-24 11:40:21,216 INFO o.a.j.t.JMeterThread: Stopping because end time detected by thread: Grupo De Hilos 1-132
2020-03-24 11:40:21,226 INFO o.a.j.t.JMeterThread: Stopping because end time detected by thread: Grupo De Hilos 1-118
2020-03-24 11:40:21,229 INFO o.a.j.t.JMeterThread: Thread finished: Grupo De Hilos 1-132
2020-03-24 11:40:21,229 INFO o.a.j.t.JMeterThread: Thread finished: Grupo De Hilos 1-118
2020-03-24 11:40:21,221 INFO o.a.j.t.JMeterThread: Stopping because end time detected by thread: Grupo De Hilos 1-128
2020-03-24 11:40:21,230 INFO o.a.j.t.JMeterThread: Thread finished: Grupo De Hilos 1-128
2020-03-24 11:40:21,205 INFO o.a.j.t.JMeterThread: Stopping because end time detected by thread: Grupo De Hilos 1-74
2020-03-24 11:40:21,231 INFO o.a.j.t.JMeterThread: Thread finished: Grupo De Hilos 1-74
2020-03-24 11:40:21,205 INFO o.a.j.t.JMeterThread: Stopping because end time detected by thread: Grupo De Hilos 1-51
2020-03-24 11:40:21,231 INFO o.a.j.t.JMeterThread: Thread finished: Grupo De Hilos 1-51
2020-03-24 11:40:21,205 INFO o.a.j.t.JMeterThread: Stopping because end time detected by thread: Grupo De Hilos 1-88
2020-03-24 11:40:21,232 INFO o.a.j.t.JMeterThread: Stopping because end time detected by thread: Grupo De Hilos 1-150
2020-03-24 11:40:21,232 INFO o.a.j.t.JMeterThread: Thread finished: Grupo De Hilos 1-150
2020-03-24 11:40:21,232 INFO o.a.j.t.JMeterThread: Thread finished: Grupo De Hilos 1-88
2020-03-24 11:40:21,232 INFO o.a.j.t.JMeterThread: Stopping because end time detected by thread: Grupo De Hilos 1-111
2020-03-24 11:40:21,232 INFO o.a.j.t.JMeterThread: Thread finished: Grupo De Hilos 1-111
2020-03-24 11:40:21,232 INFO o.a.j.t.JMeterThread: Thread finished: Grupo De Hilos 1-133
2020-03-24 11:40:21,232 INFO o.a.j.t.JMeterThread: Stopping because end time detected by thread: Grupo De Hilos 1-50
2020-03-24 11:40:21,233 INFO o.a.j.t.JMeterThread: Thread finished: Grupo De Hilos 1-50
2020-03-24 11:40:21,233 INFO o.a.j.t.JMeterThread: Stopping because end time detected by thread: Grupo De Hilos 1-127
2020-03-24 11:40:21,205 INFO o.a.j.t.JMeterThread: Stopping because end time detected by thread: Grupo De Hilos 1-80
2020-03-24 11:40:21,205 INFO o.a.j.t.JMeterThread: Stopping because end time detected by thread: Grupo De Hilos 1-96
2020-03-24 11:40:21,233 INFO o.a.j.t.JMeterThread: Thread finished: Grupo De Hilos 1-127
2020-03-24 11:40:21,233 INFO o.a.j.t.JMeterThread: Thread finished: Grupo De Hilos 1-96
2020-03-24 11:40:21,205 INFO o.a.j.t.JMeterThread: Stopping because end time detected by thread: Grupo De Hilos 1-90
2020-03-24 11:40:21,234 INFO o.a.j.t.JMeterThread: Stopping because end time detected by thread: Grupo De Hilos 1-149
2020-03-24 11:40:21,205 INFO o.a.j.t.JMeterThread: Stopping because end time detected by thread: Grupo De Hilos 1-12
2020-03-24 11:40:21,234 INFO o.a.j.t.JMeterThread: Thread finished: Grupo De Hilos 1-149
2020-03-24 11:40:21,234 INFO o.a.j.t.JMeterThread: Thread finished: Grupo De Hilos 1-12
2020-03-24 11:40:21,234 INFO o.a.j.t.JMeterThread: Thread finished: Grupo De Hilos 1-90
2020-03-24 11:40:21,235 INFO o.a.j.t.JMeterThread: Thread finished: Grupo De Hilos 1-80
2020-03-24 11:40:21,205 INFO o.a.j.t.JMeterThread: Stopping because end time detected by thread: Grupo De Hilos 1-14
2020-03-24 11:40:21,236 INFO o.a.j.t.JMeterThread: Thread finished: Grupo De Hilos 1-14
2020-03-24 11:40:21,237 INFO o.a.j.t.JMeterThread: Stopping because end time detected by thread: Grupo De Hilos 1-38
2020-03-24 11:40:21,237 INFO o.a.j.t.JMeterThread: Stopping because end time detected by thread: Grupo De Hilos 1-20
2020-03-24 11:40:21,237 INFO o.a.j.t.JMeterThread: Stopping because end time detected by thread: Grupo De Hilos 1-139
2020-03-24 11:40:21,237 INFO o.a.j.t.JMeterThread: Stopping because end time detected by thread: Grupo De Hilos 1-97
2020-03-24 11:40:21,201 INFO o.a.j.t.JMeterThread: Stopping because end time detected by thread: Grupo De Hilos 1-61
2020-03-24 11:40:21,237 INFO o.a.j.t.JMeterThread: Stopping because end time detected by thread: Grupo De Hilos 1-124
2020-03-24 11:40:21,237 INFO o.a.j.t.JMeterThread: Stopping because end time detected by thread: Grupo De Hilos 1-8
2020-03-24 11:40:21,237 INFO o.a.j.t.JMeterThread: Stopping because end time detected by thread: Grupo De Hilos 1-75
2020-03-24 11:40:21,237 INFO o.a.j.t.JMeterThread: Stopping because end time detected by thread: Grupo De Hilos 1-89
2020-03-24 11:40:21,237 INFO o.a.j.t.JMeterThread: Stopping because end time detected by thread: Grupo De Hilos 1-121
2020-03-24 11:40:21,237 INFO o.a.j.t.JMeterThread: Stopping because end time detected by thread: Grupo De Hilos 1-76
2020-03-24 11:40:21,237 INFO o.a.j.t.JMeterThread: Thread finished: Grupo De Hilos 1-121
2020-03-24 11:40:21,237 INFO o.a.j.t.JMeterThread: Thread finished: Grupo De Hilos 1-76
2020-03-24 11:40:21,238 INFO o.a.j.t.JMeterThread: Stopping because end time detected by thread: Grupo De Hilos 1-122
2020-03-24 11:40:21,238 INFO o.a.j.t.JMeterThread: Stopping because end time detected by thread: Grupo De Hilos 1-120
2020-03-24 11:40:21,238 INFO o.a.j.t.JMeterThread: Thread finished: Grupo De Hilos 1-75
2020-03-24 11:40:21,238 INFO o.a.j.t.JMeterThread: Thread finished: Grupo De Hilos 1-120
2020-03-24 11:40:21,238 INFO o.a.j.t.JMeterThread: Stopping because end time detected by thread: Grupo De Hilos 1-102
2020-03-24 11:40:21,238 INFO o.a.j.t.JMeterThread: Thread finished: Grupo De Hilos 1-8
2020-03-24 11:40:21,239 INFO o.a.j.t.JMeterThread: Thread finished: Grupo De Hilos 1-102
2020-03-24 11:40:21,239 INFO o.a.j.t.JMeterThread: Stopping because end time detected by thread: Grupo De Hilos 1-23
2020-03-24 11:40:21,239 INFO o.a.j.t.JMeterThread: Thread finished: Grupo De Hilos 1-124
2020-03-24 11:40:21,239 INFO o.a.j.t.JMeterThread: Thread finished: Grupo De Hilos 1-23
2020-03-24 11:40:21,239 INFO o.a.j.t.JMeterThread: Thread finished: Grupo De Hilos 1-122
2020-03-24 11:40:21,239 INFO o.a.j.t.JMeterThread: Thread finished: Grupo De Hilos 1-61
2020-03-24 11:40:21,240 INFO o.a.j.t.JMeterThread: Thread finished: Grupo De Hilos 1-97
2020-03-24 11:40:21,240 INFO o.a.j.t.JMeterThread: Thread finished: Grupo De Hilos 1-38
2020-03-24 11:40:21,240 INFO o.a.j.t.JMeterThread: Thread finished: Grupo De Hilos 1-20
2020-03-24 11:40:21,240 INFO o.a.j.t.JMeterThread: Stopping because end time detected by thread: Grupo De Hilos 1-106
2020-03-24 11:40:21,241 INFO o.a.j.t.JMeterThread: Stopping because end time detected by thread: Grupo De Hilos 1-43
2020-03-24 11:40:21,198 INFO o.a.j.t.JMeterThread: Stopping because end time detected by thread: Grupo De Hilos 1-57
2020-03-24 11:40:21,241 INFO o.a.j.t.JMeterThread: Thread finished: Grupo De Hilos 1-139
2020-03-24 11:40:21,239 INFO o.a.j.t.JMeterThread: Stopping because end time detected by thread: Grupo De Hilos 1-95
2020-03-24 11:40:21,241 INFO o.a.j.t.JMeterThread: Thread finished: Grupo De Hilos 1-106
2020-03-24 11:40:21,241 INFO o.a.j.t.JMeterThread: Thread finished: Grupo De Hilos 1-95
2020-03-24 11:40:21,242 INFO o.a.j.t.JMeterThread: Stopping because end time detected by thread: Grupo De Hilos 1-146
2020-03-24 11:40:21,205 INFO o.a.j.t.JMeterThread: Stopping because end time detected by thread: Grupo De Hilos 1-109
2020-03-24 11:40:21,242 INFO o.a.j.t.JMeterThread: Stopping because end time detected by thread: Grupo De Hilos 1-10
2020-03-24 11:40:21,242 INFO o.a.j.t.JMeterThread: Thread finished: Grupo De Hilos 1-146
2020-03-24 11:40:21,242 INFO o.a.j.t.JMeterThread: Thread finished: Grupo De Hilos 1-10
2020-03-24 11:40:21,209 INFO o.a.j.t.JMeterThread: Stopping because end time detected by thread: Grupo De Hilos 1-123
2020-03-24 11:40:21,242 INFO o.a.j.t.JMeterThread: Thread finished: Grupo De Hilos 1-123
2020-03-24 11:40:21,237 INFO o.a.j.t.JMeterThread: Stopping because end time detected by thread: Grupo De Hilos 1-110
2020-03-24 11:40:21,242 INFO o.a.j.t.JMeterThread: Thread finished: Grupo De Hilos 1-110
2020-03-24 11:40:21,243 INFO o.a.j.t.JMeterThread: Stopping because end time detected by thread: Grupo De Hilos 1-157
2020-03-24 11:40:21,243 INFO o.a.j.t.JMeterThread: Thread finished: Grupo De Hilos 1-89
2020-03-24 11:40:21,243 INFO o.a.j.t.JMeterThread: Thread finished: Grupo De Hilos 1-157
2020-03-24 11:40:21,242 INFO o.a.j.t.JMeterThread: Thread finished: Grupo De Hilos 1-109
2020-03-24 11:40:21,241 INFO o.a.j.t.JMeterThread: Thread finished: Grupo De Hilos 1-43
2020-03-24 11:40:21,241 INFO o.a.j.t.JMeterThread: Thread finished: Grupo De Hilos 1-57
2020-03-24 11:40:21,244 INFO o.a.j.t.JMeterThread: Stopping because end time detected by thread: Grupo De Hilos 1-148
2020-03-24 11:40:21,244 INFO o.a.j.t.JMeterThread: Thread finished: Grupo De Hilos 1-148
2020-03-24 11:40:21,226 INFO o.a.j.t.JMeterThread: Thread finished: Grupo De Hilos 1-46
2020-03-24 11:40:21,251 INFO o.a.j.t.JMeterThread: Stopping because end time detected by thread: Grupo De Hilos 1-143
2020-03-24 11:40:21,251 INFO o.a.j.t.JMeterThread: Thread finished: Grupo De Hilos 1-143
2020-03-24 11:40:21,252 INFO o.a.j.t.JMeterThread: Stopping because end time detected by thread: Grupo De Hilos 1-137
2020-03-24 11:40:21,252 INFO o.a.j.t.JMeterThread: Thread finished: Grupo De Hilos 1-137
2020-03-24 11:40:21,289 INFO o.a.j.t.JMeterThread: Stopping because end time detected by thread: Grupo De Hilos 1-115
2020-03-24 11:40:21,289 INFO o.a.j.t.JMeterThread: Thread finished: Grupo De Hilos 1-115
2020-03-24 11:40:21,293 INFO o.a.j.t.JMeterThread: Stopping because end time detected by thread: Grupo De Hilos 1-152
2020-03-24 11:40:21,293 INFO o.a.j.t.JMeterThread: Thread finished: Grupo De Hilos 1-152
2020-03-24 11:40:21,297 INFO o.a.j.t.JMeterThread: Stopping because end time detected by thread: Grupo De Hilos 1-134
2020-03-24 11:40:21,297 INFO o.a.j.t.JMeterThread: Thread finished: Grupo De Hilos 1-134
2020-03-24 11:40:21,298 INFO o.a.j.t.JMeterThread: Stopping because end time detected by thread: Grupo De Hilos 1-153
2020-03-24 11:40:21,298 INFO o.a.j.t.JMeterThread: Thread finished: Grupo De Hilos 1-153
2020-03-24 11:40:21,298 INFO o.a.j.t.JMeterThread: Stopping because end time detected by thread: Grupo De Hilos 1-140
2020-03-24 11:40:21,298 INFO o.a.j.t.JMeterThread: Thread finished: Grupo De Hilos 1-140
2020-03-24 11:40:21,301 INFO o.a.j.t.JMeterThread: Stopping because end time detected by thread: Grupo De Hilos 1-182
2020-03-24 11:40:21,301 INFO o.a.j.t.JMeterThread: Thread finished: Grupo De Hilos 1-182
2020-03-24 11:40:21,305 INFO o.a.j.t.JMeterThread: Stopping because end time detected by thread: Grupo De Hilos 1-178
2020-03-24 11:40:21,305 INFO o.a.j.t.JMeterThread: Thread finished: Grupo De Hilos 1-178
2020-03-24 11:40:21,309 INFO o.a.j.t.JMeterThread: Stopping because end time detected by thread: Grupo De Hilos 1-167
2020-03-24 11:40:21,310 INFO o.a.j.t.JMeterThread: Thread finished: Grupo De Hilos 1-167
2020-03-24 11:40:21,313 INFO o.a.j.t.JMeterThread: Stopping because end time detected by thread: Grupo De Hilos 1-193
2020-03-24 11:40:21,313 INFO o.a.j.t.JMeterThread: Thread finished: Grupo De Hilos 1-193
2020-03-24 11:40:21,313 INFO o.a.j.t.JMeterThread: Stopping because end time detected by thread: Grupo De Hilos 1-184
2020-03-24 11:40:21,314 INFO o.a.j.t.JMeterThread: Thread finished: Grupo De Hilos 1-184
2020-03-24 11:40:21,317 INFO o.a.j.t.JMeterThread: Stopping because end time detected by thread: Grupo De Hilos 1-180
2020-03-24 11:40:21,317 INFO o.a.j.t.JMeterThread: Stopping because end time detected by thread: Grupo De Hilos 1-197
2020-03-24 11:40:21,317 INFO o.a.j.t.JMeterThread: Stopping because end time detected by thread: Grupo De Hilos 1-186
2020-03-24 11:40:21,317 INFO o.a.j.t.JMeterThread: Thread finished: Grupo De Hilos 1-197
2020-03-24 11:40:21,317 INFO o.a.j.t.JMeterThread: Thread finished: Grupo De Hilos 1-186
2020-03-24 11:40:21,317 INFO o.a.j.t.JMeterThread: Thread finished: Grupo De Hilos 1-180
2020-03-24 11:40:21,318 INFO o.a.j.t.JMeterThread: Stopping because end time detected by thread: Grupo De Hilos 1-156
2020-03-24 11:40:21,318 INFO o.a.j.t.JMeterThread: Thread finished: Grupo De Hilos 1-156
2020-03-24 11:40:21,318 INFO o.a.j.t.JMeterThread: Stopping because end time detected by thread: Grupo De Hilos 1-191
2020-03-24 11:40:21,318 INFO o.a.j.t.JMeterThread: Thread finished: Grupo De Hilos 1-191
2020-03-24 11:40:21,318 INFO o.a.j.t.JMeterThread: Stopping because end time detected by thread: Grupo De Hilos 1-194
2020-03-24 11:40:21,319 INFO o.a.j.t.JMeterThread: Thread finished: Grupo De Hilos 1-194
2020-03-24 11:40:21,319 INFO o.a.j.t.JMeterThread: Stopping because end time detected by thread: Grupo De Hilos 1-196
2020-03-24 11:40:21,319 INFO o.a.j.t.JMeterThread: Thread finished: Grupo De Hilos 1-196
2020-03-24 11:40:21,320 INFO o.a.j.t.JMeterThread: Stopping because end time detected by thread: Grupo De Hilos 1-195
2020-03-24 11:40:21,320 INFO o.a.j.t.JMeterThread: Thread finished: Grupo De Hilos 1-195
2020-03-24 11:40:21,320 INFO o.a.j.t.JMeterThread: Stopping because end time detected by thread: Grupo De Hilos 1-200
2020-03-24 11:40:21,320 INFO o.a.j.t.JMeterThread: Thread finished: Grupo De Hilos 1-200
2020-03-24 11:40:21,323 INFO o.a.j.t.JMeterThread: Stopping because end time detected by thread: Grupo De Hilos 1-210
2020-03-24 11:40:21,323 INFO o.a.j.t.JMeterThread: Thread finished: Grupo De Hilos 1-210
2020-03-24 11:40:21,323 INFO o.a.j.t.JMeterThread: Stopping because end time detected by thread: Grupo De Hilos 1-199
2020-03-24 11:40:21,323 INFO o.a.j.t.JMeterThread: Thread finished: Grupo De Hilos 1-199
2020-03-24 11:40:21,324 INFO o.a.j.t.JMeterThread: Stopping because end time detected by thread: Grupo De Hilos 1-208
2020-03-24 11:40:21,324 INFO o.a.j.t.JMeterThread: Thread finished: Grupo De Hilos 1-208
2020-03-24 11:40:21,324 INFO o.a.j.t.JMeterThread: Stopping because end time detected by thread: Grupo De Hilos 1-202
2020-03-24 11:40:21,324 INFO o.a.j.t.JMeterThread: Thread finished: Grupo De Hilos 1-202
2020-03-24 11:40:21,329 INFO o.a.j.t.JMeterThread: Stopping because end time detected by thread: Grupo De Hilos 1-206
2020-03-24 11:40:21,329 INFO o.a.j.t.JMeterThread: Thread finished: Grupo De Hilos 1-206
2020-03-24 11:40:21,329 INFO o.a.j.t.JMeterThread: Stopping because end time detected by thread: Grupo De Hilos 1-211
2020-03-24 11:40:21,330 INFO o.a.j.t.JMeterThread: Thread finished: Grupo De Hilos 1-211
2020-03-24 11:40:21,330 INFO o.a.j.t.JMeterThread: Stopping because end time detected by thread: Grupo De Hilos 1-198
2020-03-24 11:40:21,330 INFO o.a.j.t.JMeterThread: Thread finished: Grupo De Hilos 1-198
2020-03-24 11:40:21,331 INFO o.a.j.t.JMeterThread: Stopping because end time detected by thread: Grupo De Hilos 1-81
2020-03-24 11:40:21,331 INFO o.a.j.t.JMeterThread: Stopping because end time detected by thread: Grupo De Hilos 1-130
2020-03-24 11:40:21,331 INFO o.a.j.t.JMeterThread: Stopping because end time detected by thread: Grupo De Hilos 1-117
2020-03-24 11:40:21,331 INFO o.a.j.t.JMeterThread: Thread finished: Grupo De Hilos 1-130
2020-03-24 11:40:21,331 INFO o.a.j.t.JMeterThread: Thread finished: Grupo De Hilos 1-117
2020-03-24 11:40:21,331 INFO o.a.j.t.JMeterThread: Stopping because end time detected by thread: Grupo De Hilos 1-26
2020-03-24 11:40:21,332 INFO o.a.j.t.JMeterThread: Stopping because end time detected by thread: Grupo De Hilos 1-98
2020-03-24 11:40:21,332 INFO o.a.j.t.JMeterThread: Thread finished: Grupo De Hilos 1-26
2020-03-24 11:40:21,332 INFO o.a.j.t.JMeterThread: Thread finished: Grupo De Hilos 1-98
2020-03-24 11:40:21,332 INFO o.a.j.t.JMeterThread: Stopping because end time detected by thread: Grupo De Hilos 1-119
2020-03-24 11:40:21,333 INFO o.a.j.t.JMeterThread: Stopping because end time detected by thread: Grupo De Hilos 1-108
2020-03-24 11:40:21,333 INFO o.a.j.t.JMeterThread: Stopping because end time detected by thread: Grupo De Hilos 1-136
2020-03-24 11:40:21,333 INFO o.a.j.t.JMeterThread: Thread finished: Grupo De Hilos 1-136
2020-03-24 11:40:21,334 INFO o.a.j.t.JMeterThread: Stopping because end time detected by thread: Grupo De Hilos 1-126
2020-03-24 11:40:21,334 INFO o.a.j.t.JMeterThread: Thread finished: Grupo De Hilos 1-126
2020-03-24 11:40:21,334 INFO o.a.j.t.JMeterThread: Stopping because end time detected by thread: Grupo De Hilos 1-138
2020-03-24 11:40:21,334 INFO o.a.j.t.JMeterThread: Stopping because end time detected by thread: Grupo De Hilos 1-173
2020-03-24 11:40:21,334 INFO o.a.j.t.JMeterThread: Thread finished: Grupo De Hilos 1-138
2020-03-24 11:40:21,335 INFO o.a.j.t.JMeterThread: Thread finished: Grupo De Hilos 1-173
2020-03-24 11:40:21,332 INFO o.a.j.t.JMeterThread: Stopping because end time detected by thread: Grupo De Hilos 1-113
2020-03-24 11:40:21,335 INFO o.a.j.t.JMeterThread: Thread finished: Grupo De Hilos 1-108
2020-03-24 11:40:21,336 INFO o.a.j.t.JMeterThread: Stopping because end time detected by thread: Grupo De Hilos 1-169
2020-03-24 11:40:21,336 INFO o.a.j.t.JMeterThread: Thread finished: Grupo De Hilos 1-169
2020-03-24 11:40:21,337 INFO o.a.j.t.JMeterThread: Stopping because end time detected by thread: Grupo De Hilos 1-172
2020-03-24 11:40:21,338 INFO o.a.j.t.JMeterThread: Thread finished: Grupo De Hilos 1-172
2020-03-24 11:40:21,339 INFO o.a.j.t.JMeterThread: Stopping because end time detected by thread: Grupo De Hilos 1-170
2020-03-24 11:40:21,339 INFO o.a.j.t.JMeterThread: Thread finished: Grupo De Hilos 1-170
2020-03-24 11:40:21,341 INFO o.a.j.t.JMeterThread: Stopping because end time detected by thread: Grupo De Hilos 1-175
2020-03-24 11:40:21,341 INFO o.a.j.t.JMeterThread: Thread finished: Grupo De Hilos 1-175
2020-03-24 11:40:21,345 INFO o.a.j.t.JMeterThread: Stopping because end time detected by thread: Grupo De Hilos 1-174
2020-03-24 11:40:21,345 INFO o.a.j.t.JMeterThread: Thread finished: Grupo De Hilos 1-174
2020-03-24 11:40:21,346 INFO o.a.j.t.JMeterThread: Thread finished: Grupo De Hilos 1-21
2020-03-24 11:40:21,346 INFO o.a.j.t.JMeterThread: Stopping because end time detected by thread: Grupo De Hilos 1-168
2020-03-24 11:40:21,347 INFO o.a.j.t.JMeterThread: Thread finished: Grupo De Hilos 1-168
2020-03-24 11:40:21,347 INFO o.a.j.t.JMeterThread: Thread finished: Grupo De Hilos 1-47
2020-03-24 11:40:21,347 INFO o.a.j.t.JMeterThread: Thread finished: Grupo De Hilos 1-62
2020-03-24 11:40:21,348 INFO o.a.j.t.JMeterThread: Thread finished: Grupo De Hilos 1-58
2020-03-24 11:40:21,353 INFO o.a.j.t.JMeterThread: Stopping because end time detected by thread: Grupo De Hilos 1-225
2020-03-24 11:40:21,353 INFO o.a.j.t.JMeterThread: Thread finished: Grupo De Hilos 1-225
2020-03-24 11:40:21,354 INFO o.a.j.t.JMeterThread: Stopping because end time detected by thread: Grupo De Hilos 1-228
2020-03-24 11:40:21,354 INFO o.a.j.t.JMeterThread: Thread finished: Grupo De Hilos 1-228
2020-03-24 11:40:21,361 INFO o.a.j.t.JMeterThread: Stopping because end time detected by thread: Grupo De Hilos 1-242
2020-03-24 11:40:21,361 INFO o.a.j.t.JMeterThread: Thread finished: Grupo De Hilos 1-242
2020-03-24 11:40:21,361 INFO o.a.j.t.JMeterThread: Stopping because end time detected by thread: Grupo De Hilos 1-231
2020-03-24 11:40:21,362 INFO o.a.j.t.JMeterThread: Stopping because end time detected by thread: Grupo De Hilos 1-224
2020-03-24 11:40:21,362 INFO o.a.j.t.JMeterThread: Thread finished: Grupo De Hilos 1-231
2020-03-24 11:40:21,362 INFO o.a.j.t.JMeterThread: Thread finished: Grupo De Hilos 1-224
2020-03-24 11:40:21,362 INFO o.a.j.t.JMeterThread: Stopping because end time detected by thread: Grupo De Hilos 1-214
2020-03-24 11:40:21,362 INFO o.a.j.t.JMeterThread: Thread finished: Grupo De Hilos 1-214
2020-03-24 11:40:21,362 INFO o.a.j.t.JMeterThread: Stopping because end time detected by thread: Grupo De Hilos 1-240
2020-03-24 11:40:21,362 INFO o.a.j.t.JMeterThread: Stopping because end time detected by thread: Grupo De Hilos 1-230
2020-03-24 11:40:21,362 INFO o.a.j.t.JMeterThread: Thread finished: Grupo De Hilos 1-240
2020-03-24 11:40:21,363 INFO o.a.j.t.JMeterThread: Thread finished: Grupo De Hilos 1-230
2020-03-24 11:40:21,363 INFO o.a.j.t.JMeterThread: Stopping because end time detected by thread: Grupo De Hilos 1-239
2020-03-24 11:40:21,363 INFO o.a.j.t.JMeterThread: Stopping because end time detected by thread: Grupo De Hilos 1-233
2020-03-24 11:40:21,363 INFO o.a.j.t.JMeterThread: Thread finished: Grupo De Hilos 1-239
2020-03-24 11:40:21,363 INFO o.a.j.t.JMeterThread: Thread finished: Grupo De Hilos 1-233
2020-03-24 11:40:21,363 INFO o.a.j.t.JMeterThread: Stopping because end time detected by thread: Grupo De Hilos 1-177
2020-03-24 11:40:21,364 INFO o.a.j.t.JMeterThread: Stopping because end time detected by thread: Grupo De Hilos 1-229
2020-03-24 11:40:21,364 INFO o.a.j.t.JMeterThread: Thread finished: Grupo De Hilos 1-177
2020-03-24 11:40:21,364 INFO o.a.j.t.JMeterThread: Thread finished: Grupo De Hilos 1-229
2020-03-24 11:40:21,364 INFO o.a.j.t.JMeterThread: Stopping because end time detected by thread: Grupo De Hilos 1-218
2020-03-24 11:40:21,364 INFO o.a.j.t.JMeterThread: Thread finished: Grupo De Hilos 1-218
2020-03-24 11:40:21,364 INFO o.a.j.t.JMeterThread: Stopping because end time detected by thread: Grupo De Hilos 1-104
2020-03-24 11:40:21,364 INFO o.a.j.t.JMeterThread: Stopping because end time detected by thread: Grupo De Hilos 1-223
2020-03-24 11:40:21,364 INFO o.a.j.t.JMeterThread: Thread finished: Grupo De Hilos 1-223
2020-03-24 11:40:21,364 INFO o.a.j.t.JMeterThread: Thread finished: Grupo De Hilos 1-104
2020-03-24 11:40:21,364 INFO o.a.j.t.JMeterThread: Stopping because end time detected by thread: Grupo De Hilos 1-207
2020-03-24 11:40:21,365 INFO o.a.j.t.JMeterThread: Stopping because end time detected by thread: Grupo De Hilos 1-216
2020-03-24 11:40:21,365 INFO o.a.j.t.JMeterThread: Thread finished: Grupo De Hilos 1-207
2020-03-24 11:40:21,365 INFO o.a.j.t.JMeterThread: Thread finished: Grupo De Hilos 1-216
2020-03-24 11:40:21,365 INFO o.a.j.t.JMeterThread: Stopping because end time detected by thread: Grupo De Hilos 1-232
2020-03-24 11:40:21,365 INFO o.a.j.t.JMeterThread: Thread finished: Grupo De Hilos 1-232
2020-03-24 11:40:21,365 INFO o.a.j.t.JMeterThread: Stopping because end time detected by thread: Grupo De Hilos 1-145
2020-03-24 11:40:21,365 INFO o.a.j.t.JMeterThread: Stopping because end time detected by thread: Grupo De Hilos 1-213
2020-03-24 11:40:21,365 INFO o.a.j.t.JMeterThread: Thread finished: Grupo De Hilos 1-213
2020-03-24 11:40:21,365 INFO o.a.j.t.JMeterThread: Stopping because end time detected by thread: Grupo De Hilos 1-212
2020-03-24 11:40:21,365 INFO o.a.j.t.JMeterThread: Stopping because end time detected by thread: Grupo De Hilos 1-176
2020-03-24 11:40:21,365 INFO o.a.j.t.JMeterThread: Thread finished: Grupo De Hilos 1-212
2020-03-24 11:40:21,365 INFO o.a.j.t.JMeterThread: Thread finished: Grupo De Hilos 1-176
2020-03-24 11:40:21,366 INFO o.a.j.t.JMeterThread: Stopping because end time detected by thread: Grupo De Hilos 1-203
2020-03-24 11:40:21,366 INFO o.a.j.t.JMeterThread: Thread finished: Grupo De Hilos 1-203
2020-03-24 11:40:21,366 INFO o.a.j.t.JMeterThread: Stopping because end time detected by thread: Grupo De Hilos 1-179
2020-03-24 11:40:21,366 INFO o.a.j.t.JMeterThread: Thread finished: Grupo De Hilos 1-179
2020-03-24 11:40:21,366 INFO o.a.j.t.JMeterThread: Stopping because end time detected by thread: Grupo De Hilos 1-219
2020-03-24 11:40:21,366 INFO o.a.j.t.JMeterThread: Thread finished: Grupo De Hilos 1-219
2020-03-24 11:40:21,366 INFO o.a.j.t.JMeterThread: Stopping because end time detected by thread: Grupo De Hilos 1-141
2020-03-24 11:40:21,367 INFO o.a.j.t.JMeterThread: Thread finished: Grupo De Hilos 1-141
2020-03-24 11:40:21,367 INFO o.a.j.t.JMeterThread: Stopping because end time detected by thread: Grupo De Hilos 1-222
2020-03-24 11:40:21,367 INFO o.a.j.t.JMeterThread: Thread finished: Grupo De Hilos 1-222
2020-03-24 11:40:21,367 INFO o.a.j.t.JMeterThread: Stopping because end time detected by thread: Grupo De Hilos 1-165
2020-03-24 11:40:21,367 INFO o.a.j.t.JMeterThread: Thread finished: Grupo De Hilos 1-165
2020-03-24 11:40:21,367 INFO o.a.j.t.JMeterThread: Stopping because end time detected by thread: Grupo De Hilos 1-226
2020-03-24 11:40:21,367 INFO o.a.j.t.JMeterThread: Thread finished: Grupo De Hilos 1-226
2020-03-24 11:40:21,367 INFO o.a.j.t.JMeterThread: Stopping because end time detected by thread: Grupo De Hilos 1-107
2020-03-24 11:40:21,368 INFO o.a.j.t.JMeterThread: Stopping because end time detected by thread: Grupo De Hilos 1-205
2020-03-24 11:40:21,368 INFO o.a.j.t.JMeterThread: Thread finished: Grupo De Hilos 1-205
2020-03-24 11:40:21,368 INFO o.a.j.t.JMeterThread: Stopping because end time detected by thread: Grupo De Hilos 1-190
2020-03-24 11:40:21,368 INFO o.a.j.t.JMeterThread: Thread finished: Grupo De Hilos 1-190
2020-03-24 11:40:21,369 INFO o.a.j.t.JMeterThread: Stopping because end time detected by thread: Grupo De Hilos 1-236
2020-03-24 11:40:21,369 INFO o.a.j.t.JMeterThread: Stopping because end time detected by thread: Grupo De Hilos 1-215
2020-03-24 11:40:21,369 INFO o.a.j.t.JMeterThread: Thread finished: Grupo De Hilos 1-236
2020-03-24 11:40:21,369 INFO o.a.j.t.JMeterThread: Stopping because end time detected by thread: Grupo De Hilos 1-220
2020-03-24 11:40:21,369 INFO o.a.j.t.JMeterThread: Thread finished: Grupo De Hilos 1-215
2020-03-24 11:40:21,369 INFO o.a.j.t.JMeterThread: Stopping because end time detected by thread: Grupo De Hilos 1-183
2020-03-24 11:40:21,369 INFO o.a.j.t.JMeterThread: Thread finished: Grupo De Hilos 1-183
2020-03-24 11:40:21,370 INFO o.a.j.t.JMeterThread: Stopping because end time detected by thread: Grupo De Hilos 1-181
2020-03-24 11:40:21,370 INFO o.a.j.t.JMeterThread: Stopping because end time detected by thread: Grupo De Hilos 1-154
2020-03-24 11:40:21,370 INFO o.a.j.t.JMeterThread: Thread finished: Grupo De Hilos 1-181
2020-03-24 11:40:21,370 INFO o.a.j.t.JMeterThread: Thread finished: Grupo De Hilos 1-154
2020-03-24 11:40:21,370 INFO o.a.j.t.JMeterThread: Stopping because end time detected by thread: Grupo De Hilos 1-142
2020-03-24 11:40:21,371 INFO o.a.j.t.JMeterThread: Stopping because end time detected by thread: Grupo De Hilos 1-131
2020-03-24 11:40:21,371 INFO o.a.j.t.JMeterThread: Thread finished: Grupo De Hilos 1-131
2020-03-24 11:40:21,371 INFO o.a.j.t.JMeterThread: Stopping because end time detected by thread: Grupo De Hilos 1-234
2020-03-24 11:40:21,372 INFO o.a.j.t.JMeterThread: Thread finished: Grupo De Hilos 1-234
2020-03-24 11:40:21,372 INFO o.a.j.t.JMeterThread: Stopping because end time detected by thread: Grupo De Hilos 1-163
2020-03-24 11:40:21,372 INFO o.a.j.t.JMeterThread: Thread finished: Grupo De Hilos 1-163
2020-03-24 11:40:21,373 INFO o.a.j.t.JMeterThread: Thread finished: Grupo De Hilos 1-220
2020-03-24 11:40:21,373 INFO o.a.j.t.JMeterThread: Stopping because end time detected by thread: Grupo De Hilos 1-101
2020-03-24 11:40:21,373 INFO o.a.j.t.JMeterThread: Stopping because end time detected by thread: Grupo De Hilos 1-185
2020-03-24 11:40:21,373 INFO o.a.j.t.JMeterThread: Thread finished: Grupo De Hilos 1-101
2020-03-24 11:40:21,373 INFO o.a.j.t.JMeterThread: Thread finished: Grupo De Hilos 1-185
2020-03-24 11:40:21,373 INFO o.a.j.t.JMeterThread: Stopping because end time detected by thread: Grupo De Hilos 1-135
2020-03-24 11:40:21,374 INFO o.a.j.t.JMeterThread: Stopping because end time detected by thread: Grupo De Hilos 1-129
2020-03-24 11:40:21,374 INFO o.a.j.t.JMeterThread: Thread finished: Grupo De Hilos 1-129
2020-03-24 11:40:21,374 INFO o.a.j.t.JMeterThread: Stopping because end time detected by thread: Grupo De Hilos 1-188
2020-03-24 11:40:21,374 INFO o.a.j.t.JMeterThread: Thread finished: Grupo De Hilos 1-188
2020-03-24 11:40:21,377 INFO o.a.j.t.JMeterThread: Stopping because end time detected by thread: Grupo De Hilos 1-244
2020-03-24 11:40:21,377 INFO o.a.j.t.JMeterThread: Stopping because end time detected by thread: Grupo De Hilos 1-221
2020-03-24 11:40:21,377 INFO o.a.j.t.JMeterThread: Thread finished: Grupo De Hilos 1-244
2020-03-24 11:40:21,377 INFO o.a.j.t.JMeterThread: Thread finished: Grupo De Hilos 1-221
2020-03-24 11:40:21,378 INFO o.a.j.t.JMeterThread: Stopping because end time detected by thread: Grupo De Hilos 1-243
2020-03-24 11:40:21,378 INFO o.a.j.t.JMeterThread: Stopping because end time detected by thread: Grupo De Hilos 1-248
2020-03-24 11:40:21,378 INFO o.a.j.t.JMeterThread: Thread finished: Grupo De Hilos 1-243
2020-03-24 11:40:21,378 INFO o.a.j.t.JMeterThread: Thread finished: Grupo De Hilos 1-248
2020-03-24 11:40:21,377 INFO o.a.j.t.JMeterThread: Stopping because end time detected by thread: Grupo De Hilos 1-162
2020-03-24 11:40:21,378 INFO o.a.j.t.JMeterThread: Thread finished: Grupo De Hilos 1-162
2020-03-24 11:40:21,378 INFO o.a.j.t.JMeterThread: Stopping because end time detected by thread: Grupo De Hilos 1-114
2020-03-24 11:40:21,378 INFO o.a.j.t.JMeterThread: Thread finished: Grupo De Hilos 1-114
2020-03-24 11:40:21,379 INFO o.a.j.t.JMeterThread: Stopping because end time detected by thread: Grupo De Hilos 1-161
2020-03-24 11:40:21,379 INFO o.a.j.t.JMeterThread: Thread finished: Grupo De Hilos 1-161
2020-03-24 11:40:21,379 INFO o.a.j.t.JMeterThread: Stopping because end time detected by thread: Grupo De Hilos 1-158
2020-03-24 11:40:21,379 INFO o.a.j.t.JMeterThread: Thread finished: Grupo De Hilos 1-158
2020-03-24 11:40:21,252 INFO o.a.j.t.JMeterThread: Stopping because end time detected by thread: Grupo De Hilos 1-147
2020-03-24 11:40:21,381 INFO o.a.j.t.JMeterThread: Stopping because end time detected by thread: Grupo De Hilos 1-238
2020-03-24 11:40:21,381 INFO o.a.j.t.JMeterThread: Stopping because end time detected by thread: Grupo De Hilos 1-217
2020-03-24 11:40:21,381 INFO o.a.j.t.JMeterThread: Thread finished: Grupo De Hilos 1-238
2020-03-24 11:40:21,381 INFO o.a.j.t.JMeterThread: Stopping because end time detected by thread: Grupo De Hilos 1-159
2020-03-24 11:40:21,381 INFO o.a.j.t.JMeterThread: Thread finished: Grupo De Hilos 1-159
2020-03-24 11:40:21,381 INFO o.a.j.t.JMeterThread: Stopping because end time detected by thread: Grupo De Hilos 1-227
2020-03-24 11:40:21,381 INFO o.a.j.t.JMeterThread: Stopping because end time detected by thread: Grupo De Hilos 1-250
2020-03-24 11:40:21,382 INFO o.a.j.t.JMeterThread: Thread finished: Grupo De Hilos 1-227
2020-03-24 11:40:21,382 INFO o.a.j.t.JMeterThread: Thread finished: Grupo De Hilos 1-250
2020-03-24 11:40:21,382 INFO o.a.j.t.JMeterThread: Thread finished: Grupo De Hilos 1-217
2020-03-24 11:40:21,382 INFO o.a.j.t.JMeterThread: Stopping because end time detected by thread: Grupo De Hilos 1-247
2020-03-24 11:40:21,382 INFO o.a.j.t.JMeterThread: Thread finished: Grupo De Hilos 1-247
2020-03-24 11:40:21,382 INFO o.a.j.t.JMeterThread: Stopping because end time detected by thread: Grupo De Hilos 1-255
2020-03-24 11:40:21,382 INFO o.a.j.t.JMeterThread: Thread finished: Grupo De Hilos 1-255
2020-03-24 11:40:21,382 INFO o.a.j.t.JMeterThread: Stopping because end time detected by thread: Grupo De Hilos 1-251
2020-03-24 11:40:21,381 INFO o.a.j.t.JMeterThread: Thread finished: Grupo De Hilos 1-147
2020-03-24 11:40:21,383 INFO o.a.j.t.JMeterThread: Thread finished: Grupo De Hilos 1-251
2020-03-24 11:40:21,383 INFO o.a.j.t.JMeterThread: Stopping because end time detected by thread: Grupo De Hilos 1-209
2020-03-24 11:40:21,383 INFO o.a.j.t.JMeterThread: Thread finished: Grupo De Hilos 1-209
2020-03-24 11:40:21,384 INFO o.a.j.t.JMeterThread: Stopping because end time detected by thread: Grupo De Hilos 1-258
2020-03-24 11:40:21,384 INFO o.a.j.t.JMeterThread: Thread finished: Grupo De Hilos 1-258
2020-03-24 11:40:21,384 INFO o.a.j.t.JMeterThread: Stopping because end time detected by thread: Grupo De Hilos 1-257
2020-03-24 11:40:21,384 INFO o.a.j.t.JMeterThread: Thread finished: Grupo De Hilos 1-257
2020-03-24 11:40:21,385 INFO o.a.j.t.JMeterThread: Stopping because end time detected by thread: Grupo De Hilos 1-259
2020-03-24 11:40:21,384 INFO o.a.j.t.JMeterThread: Stopping because end time detected by thread: Grupo De Hilos 1-204
2020-03-24 11:40:21,385 INFO o.a.j.t.JMeterThread: Thread finished: Grupo De Hilos 1-259
2020-03-24 11:40:21,385 INFO o.a.j.t.JMeterThread: Thread finished: Grupo De Hilos 1-204
2020-03-24 11:40:21,385 INFO o.a.j.t.JMeterThread: Stopping because end time detected by thread: Grupo De Hilos 1-245
2020-03-24 11:40:21,385 INFO o.a.j.t.JMeterThread: Stopping because end time detected by thread: Grupo De Hilos 1-241
2020-03-24 11:40:21,385 INFO o.a.j.t.JMeterThread: Thread finished: Grupo De Hilos 1-245
2020-03-24 11:40:21,385 INFO o.a.j.t.JMeterThread: Thread finished: Grupo De Hilos 1-241
2020-03-24 11:40:21,386 INFO o.a.j.t.JMeterThread: Stopping because end time detected by thread: Grupo De Hilos 1-253
2020-03-24 11:40:21,386 INFO o.a.j.t.JMeterThread: Thread finished: Grupo De Hilos 1-253
2020-03-24 11:40:21,389 INFO o.a.j.t.JMeterThread: Stopping because end time detected by thread: Grupo De Hilos 1-260
2020-03-24 11:40:21,389 INFO o.a.j.t.JMeterThread: Stopping because end time detected by thread: Grupo De Hilos 1-155
2020-03-24 11:40:21,389 INFO o.a.j.t.JMeterThread: Thread finished: Grupo De Hilos 1-260
2020-03-24 11:40:21,389 INFO o.a.j.t.JMeterThread: Thread finished: Grupo De Hilos 1-155
2020-03-24 11:40:21,389 INFO o.a.j.t.JMeterThread: Stopping because end time detected by thread: Grupo De Hilos 1-261
2020-03-24 11:40:21,390 INFO o.a.j.t.JMeterThread: Stopping because end time detected by thread: Grupo De Hilos 1-262
2020-03-24 11:40:21,390 INFO o.a.j.t.JMeterThread: Thread finished: Grupo De Hilos 1-262
2020-03-24 11:40:21,390 INFO o.a.j.t.JMeterThread: Stopping because end time detected by thread: Grupo De Hilos 1-235
2020-03-24 11:40:21,391 INFO o.a.j.t.JMeterThread: Thread finished: Grupo De Hilos 1-235
2020-03-24 11:40:21,391 INFO o.a.j.t.JMeterThread: Thread finished: Grupo De Hilos 1-142
2020-03-24 11:40:21,392 INFO o.a.j.t.JMeterThread: Thread finished: Grupo De Hilos 1-119
2020-03-24 11:40:21,392 INFO o.a.j.t.JMeterThread: Stopping because end time detected by thread: Grupo De Hilos 1-189
2020-03-24 11:40:21,392 INFO o.a.j.t.JMeterThread: Thread finished: Grupo De Hilos 1-189
2020-03-24 11:40:21,392 INFO o.a.j.t.JMeterThread: Thread finished: Grupo De Hilos 1-145
2020-03-24 11:40:21,392 INFO o.a.j.t.JMeterThread: Stopping because end time detected by thread: Grupo De Hilos 1-164
2020-03-24 11:40:21,393 INFO o.a.j.t.JMeterThread: Thread finished: Grupo De Hilos 1-164
2020-03-24 11:40:21,393 INFO o.a.j.t.JMeterThread: Stopping because end time detected by thread: Grupo De Hilos 1-151
2020-03-24 11:40:21,393 INFO o.a.j.t.JMeterThread: Thread finished: Grupo De Hilos 1-151
2020-03-24 11:40:21,393 INFO o.a.j.t.JMeterThread: Thread finished: Grupo De Hilos 1-261
2020-03-24 11:40:21,393 INFO o.a.j.t.JMeterThread: Thread finished: Grupo De Hilos 1-113
2020-03-24 11:40:21,393 INFO o.a.j.t.JMeterThread: Stopping because end time detected by thread: Grupo De Hilos 1-160
2020-03-24 11:40:21,394 INFO o.a.j.t.JMeterThread: Thread finished: Grupo De Hilos 1-160
2020-03-24 11:40:21,394 INFO o.a.j.t.JMeterThread: Thread finished: Grupo De Hilos 1-81
2020-03-24 11:40:21,394 INFO o.a.j.t.JMeterThread: Thread finished: Grupo De Hilos 1-107
2020-03-24 11:40:21,395 INFO o.a.j.t.JMeterThread: Thread finished: Grupo De Hilos 1-135
2020-03-24 11:40:21,401 INFO o.a.j.t.JMeterThread: Stopping because end time detected by thread: Grupo De Hilos 1-192
2020-03-24 11:40:21,402 INFO o.a.j.t.JMeterThread: Stopping because end time detected by thread: Grupo De Hilos 1-187
2020-03-24 11:40:21,402 INFO o.a.j.t.JMeterThread: Thread finished: Grupo De Hilos 1-192
2020-03-24 11:40:21,402 INFO o.a.j.t.JMeterThread: Thread finished: Grupo De Hilos 1-187
2020-03-24 11:40:21,402 INFO o.a.j.t.JMeterThread: Stopping because end time detected by thread: Grupo De Hilos 1-171
2020-03-24 11:40:21,403 INFO o.a.j.t.JMeterThread: Stopping because end time detected by thread: Grupo De Hilos 1-267
2020-03-24 11:40:21,403 INFO o.a.j.t.JMeterThread: Thread finished: Grupo De Hilos 1-171
2020-03-24 11:40:21,403 INFO o.a.j.t.JMeterThread: Thread finished: Grupo De Hilos 1-267
2020-03-24 11:40:21,404 INFO o.a.j.t.JMeterThread: Stopping because end time detected by thread: Grupo De Hilos 1-268
2020-03-24 11:40:21,404 INFO o.a.j.t.JMeterThread: Thread finished: Grupo De Hilos 1-268
2020-03-24 11:40:21,405 INFO o.a.j.t.JMeterThread: Stopping because end time detected by thread: Grupo De Hilos 1-269
2020-03-24 11:40:21,405 INFO o.a.j.t.JMeterThread: Thread finished: Grupo De Hilos 1-269
2020-03-24 11:40:21,405 INFO o.a.j.t.JMeterThread: Stopping because end time detected by thread: Grupo De Hilos 1-166
2020-03-24 11:40:21,405 INFO o.a.j.t.JMeterThread: Thread finished: Grupo De Hilos 1-166
2020-03-24 11:40:21,406 INFO o.a.j.t.JMeterThread: Stopping because end time detected by thread: Grupo De Hilos 1-201
2020-03-24 11:40:21,406 INFO o.a.j.t.JMeterThread: Thread finished: Grupo De Hilos 1-201
2020-03-24 11:40:21,407 INFO o.a.j.t.JMeterThread: Stopping because end time detected by thread: Grupo De Hilos 1-254
2020-03-24 11:40:21,407 INFO o.a.j.t.JMeterThread: Thread finished: Grupo De Hilos 1-254
2020-03-24 11:40:21,407 INFO o.a.j.t.JMeterThread: Stopping because end time detected by thread: Grupo De Hilos 1-256
2020-03-24 11:40:21,407 INFO o.a.j.t.JMeterThread: Thread finished: Grupo De Hilos 1-256
2020-03-24 11:40:21,407 INFO o.a.j.t.JMeterThread: Stopping because end time detected by thread: Grupo De Hilos 1-263
2020-03-24 11:40:21,408 INFO o.a.j.t.JMeterThread: Thread finished: Grupo De Hilos 1-263
2020-03-24 11:40:21,409 INFO o.a.j.t.JMeterThread: Stopping because end time detected by thread: Grupo De Hilos 1-237
2020-03-24 11:40:21,409 INFO o.a.j.t.JMeterThread: Thread finished: Grupo De Hilos 1-237
2020-03-24 11:40:21,418 INFO o.a.j.t.JMeterThread: Stopping because end time detected by thread: Grupo De Hilos 1-274
2020-03-24 11:40:21,418 INFO o.a.j.t.JMeterThread: Thread finished: Grupo De Hilos 1-274
2020-03-24 11:40:21,420 INFO o.a.j.t.JMeterThread: Stopping because end time detected by thread: Grupo De Hilos 1-276
2020-03-24 11:40:21,420 INFO o.a.j.t.JMeterThread: Thread finished: Grupo De Hilos 1-276
2020-03-24 11:40:21,422 INFO o.a.j.t.JMeterThread: Stopping because end time detected by thread: Grupo De Hilos 1-271
2020-03-24 11:40:21,422 INFO o.a.j.t.JMeterThread: Stopping because end time detected by thread: Grupo De Hilos 1-270
2020-03-24 11:40:21,422 INFO o.a.j.t.JMeterThread: Thread finished: Grupo De Hilos 1-271
2020-03-24 11:40:21,423 INFO o.a.j.t.JMeterThread: Thread finished: Grupo De Hilos 1-270
2020-03-24 11:40:21,424 INFO o.a.j.t.JMeterThread: Stopping because end time detected by thread: Grupo De Hilos 1-264
2020-03-24 11:40:21,424 INFO o.a.j.t.JMeterThread: Thread finished: Grupo De Hilos 1-264
2020-03-24 11:40:21,424 INFO o.a.j.t.JMeterThread: Stopping because end time detected by thread: Grupo De Hilos 1-266
2020-03-24 11:40:21,424 INFO o.a.j.t.JMeterThread: Thread finished: Grupo De Hilos 1-266
2020-03-24 11:40:21,425 INFO o.a.j.t.JMeterThread: Stopping because end time detected by thread: Grupo De Hilos 1-278
2020-03-24 11:40:21,425 INFO o.a.j.t.JMeterThread: Thread finished: Grupo De Hilos 1-278
2020-03-24 11:40:21,426 INFO o.a.j.t.JMeterThread: Stopping because end time detected by thread: Grupo De Hilos 1-265
2020-03-24 11:40:21,426 INFO o.a.j.t.JMeterThread: Thread finished: Grupo De Hilos 1-265
2020-03-24 11:40:21,426 INFO o.a.j.t.JMeterThread: Stopping because end time detected by thread: Grupo De Hilos 1-246
2020-03-24 11:40:21,426 INFO o.a.j.t.JMeterThread: Thread finished: Grupo De Hilos 1-246
2020-03-24 11:40:21,427 INFO o.a.j.t.JMeterThread: Stopping because end time detected by thread: Grupo De Hilos 1-252
2020-03-24 11:40:21,427 INFO o.a.j.t.JMeterThread: Stopping because end time detected by thread: Grupo De Hilos 1-272
2020-03-24 11:40:21,427 INFO o.a.j.t.JMeterThread: Thread finished: Grupo De Hilos 1-272
2020-03-24 11:40:21,427 INFO o.a.j.t.JMeterThread: Thread finished: Grupo De Hilos 1-252
2020-03-24 11:40:21,428 INFO o.a.j.t.JMeterThread: Stopping because end time detected by thread: Grupo De Hilos 1-249
2020-03-24 11:40:21,428 INFO o.a.j.t.JMeterThread: Thread finished: Grupo De Hilos 1-249
2020-03-24 11:40:21,429 INFO o.a.j.t.JMeterThread: Stopping because end time detected by thread: Grupo De Hilos 1-275
2020-03-24 11:40:21,429 INFO o.a.j.t.JMeterThread: Stopping because end time detected by thread: Grupo De Hilos 1-273
2020-03-24 11:40:21,430 INFO o.a.j.t.JMeterThread: Thread finished: Grupo De Hilos 1-275
2020-03-24 11:40:21,430 INFO o.a.j.t.JMeterThread: Thread finished: Grupo De Hilos 1-273
2020-03-24 11:40:21,429 INFO o.a.j.t.JMeterThread: Stopping because end time detected by thread: Grupo De Hilos 1-277
2020-03-24 11:40:21,430 INFO o.a.j.t.JMeterThread: Thread finished: Grupo De Hilos 1-277
2020-03-24 11:40:21,432 INFO o.a.j.t.JMeterThread: Stopping because end time detected by thread: Grupo De Hilos 1-279
2020-03-24 11:40:21,432 INFO o.a.j.t.JMeterThread: Thread finished: Grupo De Hilos 1-279
2020-03-24 11:40:34,031 INFO o.a.j.t.JMeterThread: Stopping because end time detected by thread: Grupo De Hilos 1-282
2020-03-24 11:40:34,032 INFO o.a.j.r.Summariser: summary +    131 in 00:02:03 =    1.1/s Avg: 272516 Min: 130564 Max: 300070 Err:     2 (1.53%) Active: 21 Started: 300 Finished: 279
2020-03-24 11:40:34,032 INFO o.a.j.t.JMeterThread: Thread finished: Grupo De Hilos 1-282
2020-03-24 11:40:34,032 INFO o.a.j.t.JMeterThread: Stopping because end time detected by thread: Grupo De Hilos 1-280
2020-03-24 11:40:34,031 INFO o.a.j.t.JMeterThread: Stopping because end time detected by thread: Grupo De Hilos 1-281
2020-03-24 11:40:34,032 INFO o.a.j.t.JMeterThread: Thread finished: Grupo De Hilos 1-280
2020-03-24 11:40:34,033 INFO o.a.j.t.JMeterThread: Thread finished: Grupo De Hilos 1-281
2020-03-24 11:40:34,033 INFO o.a.j.r.Summariser: summary =    301 in 00:06:13 =    0.8/s Avg: 127271 Min:    36 Max: 300070 Err:    22 (7.31%)
2020-03-24 11:40:34,033 INFO o.a.j.t.JMeterThread: Stopping because end time detected by thread: Grupo De Hilos 1-283
2020-03-24 11:40:34,033 INFO o.a.j.t.JMeterThread: Thread finished: Grupo De Hilos 1-283
2020-03-24 11:40:36,079 INFO o.a.j.t.JMeterThread: Stopping because end time detected by thread: Grupo De Hilos 1-284
2020-03-24 11:40:36,079 INFO o.a.j.t.JMeterThread: Stopping because end time detected by thread: Grupo De Hilos 1-287
2020-03-24 11:40:36,079 INFO o.a.j.t.JMeterThread: Stopping because end time detected by thread: Grupo De Hilos 1-285
2020-03-24 11:40:36,079 INFO o.a.j.t.JMeterThread: Thread finished: Grupo De Hilos 1-287
2020-03-24 11:40:36,079 INFO o.a.j.t.JMeterThread: Thread finished: Grupo De Hilos 1-284
2020-03-24 11:40:36,079 INFO o.a.j.t.JMeterThread: Thread finished: Grupo De Hilos 1-285
2020-03-24 11:40:36,080 INFO o.a.j.t.JMeterThread: Stopping because end time detected by thread: Grupo De Hilos 1-288
2020-03-24 11:40:36,080 INFO o.a.j.t.JMeterThread: Thread finished: Grupo De Hilos 1-288
2020-03-24 11:40:36,080 INFO o.a.j.t.JMeterThread: Stopping because end time detected by thread: Grupo De Hilos 1-286
2020-03-24 11:40:36,080 INFO o.a.j.t.JMeterThread: Thread finished: Grupo De Hilos 1-286
2020-03-24 11:40:38,127 INFO o.a.j.t.JMeterThread: Stopping because end time detected by thread: Grupo De Hilos 1-290
2020-03-24 11:40:38,128 INFO o.a.j.t.JMeterThread: Stopping because end time detected by thread: Grupo De Hilos 1-293
2020-03-24 11:40:38,128 INFO o.a.j.t.JMeterThread: Stopping because end time detected by thread: Grupo De Hilos 1-291
2020-03-24 11:40:38,128 INFO o.a.j.t.JMeterThread: Thread finished: Grupo De Hilos 1-290
2020-03-24 11:40:38,128 INFO o.a.j.t.JMeterThread: Thread finished: Grupo De Hilos 1-293
2020-03-24 11:40:38,128 INFO o.a.j.t.JMeterThread: Thread finished: Grupo De Hilos 1-291
2020-03-24 11:40:38,128 INFO o.a.j.t.JMeterThread: Stopping because end time detected by thread: Grupo De Hilos 1-289
2020-03-24 11:40:38,129 INFO o.a.j.t.JMeterThread: Thread finished: Grupo De Hilos 1-289
2020-03-24 11:40:38,129 INFO o.a.j.t.JMeterThread: Stopping because end time detected by thread: Grupo De Hilos 1-292
2020-03-24 11:40:38,130 INFO o.a.j.t.JMeterThread: Thread finished: Grupo De Hilos 1-292
2020-03-24 11:40:40,175 INFO o.a.j.t.JMeterThread: Stopping because end time detected by thread: Grupo De Hilos 1-298
2020-03-24 11:40:40,175 INFO o.a.j.t.JMeterThread: Stopping because end time detected by thread: Grupo De Hilos 1-295
2020-03-24 11:40:40,175 INFO o.a.j.t.JMeterThread: Stopping because end time detected by thread: Grupo De Hilos 1-294
2020-03-24 11:40:40,175 INFO o.a.j.t.JMeterThread: Thread finished: Grupo De Hilos 1-295
2020-03-24 11:40:40,176 INFO o.a.j.t.JMeterThread: Thread finished: Grupo De Hilos 1-294
2020-03-24 11:40:40,176 INFO o.a.j.t.JMeterThread: Thread finished: Grupo De Hilos 1-298
2020-03-24 11:40:40,176 INFO o.a.j.t.JMeterThread: Stopping because end time detected by thread: Grupo De Hilos 1-296
2020-03-24 11:40:40,176 INFO o.a.j.t.JMeterThread: Thread finished: Grupo De Hilos 1-296
2020-03-24 11:40:40,177 INFO o.a.j.t.JMeterThread: Stopping because end time detected by thread: Grupo De Hilos 1-297
2020-03-24 11:40:40,177 INFO o.a.j.t.JMeterThread: Thread finished: Grupo De Hilos 1-297
2020-03-24 11:40:42,224 INFO o.a.j.t.JMeterThread: Stopping because end time detected by thread: Grupo De Hilos 1-300
2020-03-24 11:40:42,224 INFO o.a.j.t.JMeterThread: Stopping because end time detected by thread: Grupo De Hilos 1-299
2020-03-24 11:40:42,224 INFO o.a.j.t.JMeterThread: Thread finished: Grupo De Hilos 1-300
2020-03-24 11:40:42,224 INFO o.a.j.t.JMeterThread: Thread finished: Grupo De Hilos 1-299
2020-03-24 11:40:42,224 INFO o.a.j.e.StandardJMeterEngine: Notifying test listeners of end of test
2020-03-24 11:40:42,228 INFO o.a.j.r.Summariser: summary +     20 in 00:00:08 =    2.4/s Avg: 131027 Min: 130472 Max: 131072 Err:    20 (100.00%) Active: 0 Started: 300 Finished: 300
2020-03-24 11:40:42,228 INFO o.a.j.r.Summariser: summary =    321 in 00:06:21 =    0.8/s Avg: 127505 Min:    36 Max: 300070 Err:    42 (13.08%)
