2020-04-03 21:22:41,106 INFO o.a.j.u.JMeterUtils: Setting Locale to en_US
2020-04-03 21:22:41,138 INFO o.a.j.JMeter: Loading user properties from: /home/pablo/jmeter/bin/user.properties
2020-04-03 21:22:41,139 INFO o.a.j.JMeter: Loading system properties from: /home/pablo/jmeter/bin/system.properties
2020-04-03 21:22:41,140 INFO o.a.j.JMeter: Setting System property: HILOS1=20
2020-04-03 21:22:41,140 INFO o.a.j.JMeter: Setting System property: DELAY1=0
2020-04-03 21:22:41,140 INFO o.a.j.JMeter: Setting System property: SUBIDA1=10
2020-04-03 21:22:41,141 INFO o.a.j.JMeter: Setting System property: DURACION1=150
2020-04-03 21:22:41,141 INFO o.a.j.JMeter: Setting System property: HILOS2=20
2020-04-03 21:22:41,141 INFO o.a.j.JMeter: Setting System property: DELAY2=10
2020-04-03 21:22:41,142 INFO o.a.j.JMeter: Setting System property: SUBIDA2=10
2020-04-03 21:22:41,142 INFO o.a.j.JMeter: Setting System property: DURACION2=140
2020-04-03 21:22:41,142 INFO o.a.j.JMeter: Setting System property: HILOS3=20
2020-04-03 21:22:41,142 INFO o.a.j.JMeter: Setting System property: DELAY3=20
2020-04-03 21:22:41,142 INFO o.a.j.JMeter: Setting System property: SUBIDA3=10
2020-04-03 21:22:41,143 INFO o.a.j.JMeter: Setting System property: DURACION3=120
2020-04-03 21:22:41,143 INFO o.a.j.JMeter: Setting System property: FILE=scriptresultsperfmonDin60.jtl
2020-04-03 21:22:41,146 INFO o.a.j.JMeter: Copyright (c) 1998-2019 The Apache Software Foundation
2020-04-03 21:22:41,146 INFO o.a.j.JMeter: Version 5.2.1
2020-04-03 21:22:41,147 INFO o.a.j.JMeter: java.version=1.8.0_201
2020-04-03 21:22:41,147 INFO o.a.j.JMeter: java.vm.name=Java HotSpot(TM) 64-Bit Server VM
2020-04-03 21:22:41,147 INFO o.a.j.JMeter: os.name=Linux
2020-04-03 21:22:41,147 INFO o.a.j.JMeter: os.arch=amd64
2020-04-03 21:22:41,148 INFO o.a.j.JMeter: os.version=4.15.0-91-generic
2020-04-03 21:22:41,148 INFO o.a.j.JMeter: file.encoding=UTF-8
2020-04-03 21:22:41,148 INFO o.a.j.JMeter: java.awt.headless=true
2020-04-03 21:22:41,148 INFO o.a.j.JMeter: Max memory     =732954624
2020-04-03 21:22:41,149 INFO o.a.j.JMeter: Available Processors =4
2020-04-03 21:22:41,156 INFO o.a.j.JMeter: Default Locale=English (United States)
2020-04-03 21:22:41,157 INFO o.a.j.JMeter: JMeter  Locale=English (United States)
2020-04-03 21:22:41,157 INFO o.a.j.JMeter: JMeterHome=/home/pablo/jmeter
2020-04-03 21:22:41,157 INFO o.a.j.JMeter: user.dir  =/home/pablo/jmeter/bin/EJECUCIONES/P2
2020-04-03 21:22:41,158 INFO o.a.j.JMeter: PWD       =/home/pablo/jmeter/bin/EJECUCIONES/P2
2020-04-03 21:22:41,158 INFO o.a.j.JMeter: IP: 127.0.1.1 Name: hylianpablo FullName: hylianpablo
2020-04-03 21:22:41,167 INFO o.a.j.s.FileServer: Default base='/home/pablo/jmeter/bin/EJECUCIONES/P2'
2020-04-03 21:22:41,176 INFO o.a.j.s.FileServer: Set new base='/home/pablo/jmeter/bin/EJECUCIONES/P2/../..'
2020-04-03 21:22:41,455 INFO o.a.j.s.SaveService: Testplan (JMX) version: 2.2. Testlog (JTL) version: 2.2
2020-04-03 21:22:41,473 INFO o.a.j.s.SaveService: Using SaveService properties file encoding UTF-8
2020-04-03 21:22:41,485 INFO o.a.j.s.SaveService: Using SaveService properties version 5.0
2020-04-03 21:22:41,503 INFO o.a.j.s.SaveService: Loading file: ../../Dinamica.jmx
2020-04-03 21:22:41,670 INFO o.a.j.p.h.s.HTTPSamplerBase: Parser for text/html is org.apache.jmeter.protocol.http.parser.LagartoBasedHtmlParser
2020-04-03 21:22:41,670 INFO o.a.j.p.h.s.HTTPSamplerBase: Parser for application/xhtml+xml is org.apache.jmeter.protocol.http.parser.LagartoBasedHtmlParser
2020-04-03 21:22:41,670 INFO o.a.j.p.h.s.HTTPSamplerBase: Parser for application/xml is org.apache.jmeter.protocol.http.parser.LagartoBasedHtmlParser
2020-04-03 21:22:41,671 INFO o.a.j.p.h.s.HTTPSamplerBase: Parser for text/xml is org.apache.jmeter.protocol.http.parser.LagartoBasedHtmlParser
2020-04-03 21:22:41,671 INFO o.a.j.p.h.s.HTTPSamplerBase: Parser for text/vnd.wap.wml is org.apache.jmeter.protocol.http.parser.RegexpHTMLParser
2020-04-03 21:22:41,671 INFO o.a.j.p.h.s.HTTPSamplerBase: Parser for text/css is org.apache.jmeter.protocol.http.parser.CssParser
2020-04-03 21:22:41,696 INFO o.a.j.JMeter: Creating summariser <summary>
2020-04-03 21:22:41,710 INFO o.a.j.e.StandardJMeterEngine: Running the test!
2020-04-03 21:22:41,711 INFO o.a.j.s.SampleEvent: List of sample_variables: []
2020-04-03 21:22:41,712 INFO o.a.j.s.SampleEvent: List of sample_variables: []
2020-04-03 21:22:41,725 INFO o.a.j.e.u.CompoundVariable: Note: Function class names must contain the string: '.functions.'
2020-04-03 21:22:41,725 INFO o.a.j.e.u.CompoundVariable: Note: Function class names must not contain the string: '.gui.'
2020-04-03 21:22:42,552 INFO o.a.j.JMeter: Running test (1585941762551)
2020-04-03 21:22:42,662 INFO o.a.j.e.StandardJMeterEngine: Starting ThreadGroup: 1 : jp@gc - Ultimate Thread Group
2020-04-03 21:22:42,663 INFO o.a.j.e.StandardJMeterEngine: Starting 60 threads for group jp@gc - Ultimate Thread Group.
2020-04-03 21:22:42,664 INFO o.a.j.e.StandardJMeterEngine: Thread will continue on error
2020-04-03 21:22:42,664 INFO k.a.j.t.AbstractSimpleThreadGroup: Starting thread group number 1 threads 60
2020-04-03 21:22:42,735 INFO k.a.j.t.AbstractSimpleThreadGroup: Started thread group number 1
2020-04-03 21:22:42,735 INFO o.a.j.e.StandardJMeterEngine: All thread groups have been started
2020-04-03 21:22:43,165 INFO o.a.j.t.JMeterThread: Thread started: jp@gc - Ultimate Thread Group 1-20
2020-04-03 21:22:43,209 INFO o.a.j.p.h.s.HTTPHCAbstractImpl: Local host = hylianpablo
2020-04-03 21:22:43,224 INFO o.a.j.p.h.s.HTTPHC4Impl: HTTP request retry count = 0
2020-04-03 21:22:43,228 INFO o.a.j.s.SampleResult: Note: Sample TimeStamps are START times
2020-04-03 21:22:43,229 INFO o.a.j.s.SampleResult: sampleresult.default.encoding is set to ISO-8859-1
2020-04-03 21:22:43,229 INFO o.a.j.s.SampleResult: sampleresult.useNanoTime=true
2020-04-03 21:22:43,229 INFO o.a.j.s.SampleResult: sampleresult.nanoThreadSleep=5000
2020-04-03 21:22:43,665 INFO o.a.j.t.JMeterThread: Thread started: jp@gc - Ultimate Thread Group 1-19
2020-04-03 21:22:44,164 INFO o.a.j.t.JMeterThread: Thread started: jp@gc - Ultimate Thread Group 1-18
2020-04-03 21:22:44,441 INFO o.a.j.u.JsseSSLManager: Using default SSL protocol: TLS
2020-04-03 21:22:44,442 INFO o.a.j.u.JsseSSLManager: SSL session context: per-thread
2020-04-03 21:22:44,664 INFO o.a.j.t.JMeterThread: Thread started: jp@gc - Ultimate Thread Group 1-17
2020-04-03 21:22:45,165 INFO o.a.j.t.JMeterThread: Thread started: jp@gc - Ultimate Thread Group 1-16
2020-04-03 21:22:45,664 INFO o.a.j.t.JMeterThread: Thread started: jp@gc - Ultimate Thread Group 1-15
2020-04-03 21:22:46,165 INFO o.a.j.t.JMeterThread: Thread started: jp@gc - Ultimate Thread Group 1-14
2020-04-03 21:22:46,664 INFO o.a.j.t.JMeterThread: Thread started: jp@gc - Ultimate Thread Group 1-13
2020-04-03 21:22:47,164 INFO o.a.j.t.JMeterThread: Thread started: jp@gc - Ultimate Thread Group 1-12
2020-04-03 21:22:47,664 INFO o.a.j.t.JMeterThread: Thread started: jp@gc - Ultimate Thread Group 1-11
2020-04-03 21:22:48,165 INFO o.a.j.t.JMeterThread: Thread started: jp@gc - Ultimate Thread Group 1-10
2020-04-03 21:22:48,664 INFO o.a.j.t.JMeterThread: Thread started: jp@gc - Ultimate Thread Group 1-9
2020-04-03 21:22:49,164 INFO o.a.j.t.JMeterThread: Thread started: jp@gc - Ultimate Thread Group 1-8
2020-04-03 21:22:49,665 INFO o.a.j.t.JMeterThread: Thread started: jp@gc - Ultimate Thread Group 1-7
2020-04-03 21:22:50,164 INFO o.a.j.t.JMeterThread: Thread started: jp@gc - Ultimate Thread Group 1-6
2020-04-03 21:22:50,665 INFO o.a.j.t.JMeterThread: Thread started: jp@gc - Ultimate Thread Group 1-5
2020-04-03 21:22:51,164 INFO o.a.j.t.JMeterThread: Thread started: jp@gc - Ultimate Thread Group 1-4
2020-04-03 21:22:51,665 INFO o.a.j.t.JMeterThread: Thread started: jp@gc - Ultimate Thread Group 1-3
2020-04-03 21:22:52,164 INFO o.a.j.t.JMeterThread: Thread started: jp@gc - Ultimate Thread Group 1-2
2020-04-03 21:22:52,664 INFO o.a.j.t.JMeterThread: Thread started: jp@gc - Ultimate Thread Group 1-1
2020-04-03 21:22:53,165 INFO o.a.j.t.JMeterThread: Thread started: jp@gc - Ultimate Thread Group 1-40
2020-04-03 21:22:53,664 INFO o.a.j.t.JMeterThread: Thread started: jp@gc - Ultimate Thread Group 1-39
2020-04-03 21:22:54,165 INFO o.a.j.t.JMeterThread: Thread started: jp@gc - Ultimate Thread Group 1-38
2020-04-03 21:22:54,665 INFO o.a.j.t.JMeterThread: Thread started: jp@gc - Ultimate Thread Group 1-37
2020-04-03 21:22:55,165 INFO o.a.j.t.JMeterThread: Thread started: jp@gc - Ultimate Thread Group 1-36
2020-04-03 21:22:55,664 INFO o.a.j.t.JMeterThread: Thread started: jp@gc - Ultimate Thread Group 1-35
2020-04-03 21:22:56,165 INFO o.a.j.t.JMeterThread: Thread started: jp@gc - Ultimate Thread Group 1-34
2020-04-03 21:22:56,665 INFO o.a.j.t.JMeterThread: Thread started: jp@gc - Ultimate Thread Group 1-33
2020-04-03 21:22:57,164 INFO o.a.j.t.JMeterThread: Thread started: jp@gc - Ultimate Thread Group 1-32
2020-04-03 21:22:57,665 INFO o.a.j.t.JMeterThread: Thread started: jp@gc - Ultimate Thread Group 1-31
2020-04-03 21:22:58,164 INFO o.a.j.t.JMeterThread: Thread started: jp@gc - Ultimate Thread Group 1-30
2020-04-03 21:22:58,664 INFO o.a.j.t.JMeterThread: Thread started: jp@gc - Ultimate Thread Group 1-29
2020-04-03 21:22:59,164 INFO o.a.j.t.JMeterThread: Thread started: jp@gc - Ultimate Thread Group 1-28
2020-04-03 21:22:59,665 INFO o.a.j.t.JMeterThread: Thread started: jp@gc - Ultimate Thread Group 1-27
2020-04-03 21:23:00,165 INFO o.a.j.t.JMeterThread: Thread started: jp@gc - Ultimate Thread Group 1-26
2020-04-03 21:23:00,284 INFO o.a.j.r.Summariser: summary +     24 in 00:00:18 =    1.4/s Avg:  5666 Min:   968 Max: 10557 Err:     0 (0.00%) Active: 35 Started: 35 Finished: 0
2020-04-03 21:23:00,664 INFO o.a.j.t.JMeterThread: Thread started: jp@gc - Ultimate Thread Group 1-25
2020-04-03 21:23:01,165 INFO o.a.j.t.JMeterThread: Thread started: jp@gc - Ultimate Thread Group 1-24
2020-04-03 21:23:01,665 INFO o.a.j.t.JMeterThread: Thread started: jp@gc - Ultimate Thread Group 1-23
2020-04-03 21:23:02,164 INFO o.a.j.t.JMeterThread: Thread started: jp@gc - Ultimate Thread Group 1-22
2020-04-03 21:23:02,664 INFO o.a.j.t.JMeterThread: Thread started: jp@gc - Ultimate Thread Group 1-21
2020-04-03 21:23:03,164 INFO o.a.j.t.JMeterThread: Thread started: jp@gc - Ultimate Thread Group 1-60
2020-04-03 21:23:03,664 INFO o.a.j.t.JMeterThread: Thread started: jp@gc - Ultimate Thread Group 1-59
2020-04-03 21:23:04,165 INFO o.a.j.t.JMeterThread: Thread started: jp@gc - Ultimate Thread Group 1-58
2020-04-03 21:23:04,665 INFO o.a.j.t.JMeterThread: Thread started: jp@gc - Ultimate Thread Group 1-57
2020-04-03 21:23:05,165 INFO o.a.j.t.JMeterThread: Thread started: jp@gc - Ultimate Thread Group 1-56
2020-04-03 21:23:05,664 INFO o.a.j.t.JMeterThread: Thread started: jp@gc - Ultimate Thread Group 1-55
2020-04-03 21:23:06,165 INFO o.a.j.t.JMeterThread: Thread started: jp@gc - Ultimate Thread Group 1-54
2020-04-03 21:23:06,665 INFO o.a.j.t.JMeterThread: Thread started: jp@gc - Ultimate Thread Group 1-53
2020-04-03 21:23:07,164 INFO o.a.j.t.JMeterThread: Thread started: jp@gc - Ultimate Thread Group 1-52
2020-04-03 21:23:07,665 INFO o.a.j.t.JMeterThread: Thread started: jp@gc - Ultimate Thread Group 1-51
2020-04-03 21:23:08,164 INFO o.a.j.t.JMeterThread: Thread started: jp@gc - Ultimate Thread Group 1-50
2020-04-03 21:23:08,665 INFO o.a.j.t.JMeterThread: Thread started: jp@gc - Ultimate Thread Group 1-49
2020-04-03 21:23:09,164 INFO o.a.j.t.JMeterThread: Thread started: jp@gc - Ultimate Thread Group 1-48
2020-04-03 21:23:09,665 INFO o.a.j.t.JMeterThread: Thread started: jp@gc - Ultimate Thread Group 1-47
2020-04-03 21:23:10,164 INFO o.a.j.t.JMeterThread: Thread started: jp@gc - Ultimate Thread Group 1-46
2020-04-03 21:23:10,664 INFO o.a.j.t.JMeterThread: Thread started: jp@gc - Ultimate Thread Group 1-45
2020-04-03 21:23:11,165 INFO o.a.j.t.JMeterThread: Thread started: jp@gc - Ultimate Thread Group 1-44
2020-04-03 21:23:11,665 INFO o.a.j.t.JMeterThread: Thread started: jp@gc - Ultimate Thread Group 1-43
2020-04-03 21:23:12,164 INFO o.a.j.t.JMeterThread: Thread started: jp@gc - Ultimate Thread Group 1-42
2020-04-03 21:23:12,664 INFO o.a.j.t.JMeterThread: Thread started: jp@gc - Ultimate Thread Group 1-41
2020-04-03 21:23:30,201 INFO o.a.j.r.Summariser: summary +     54 in 00:00:30 =    1.8/s Avg: 19466 Min: 10546 Max: 24755 Err:     0 (0.00%) Active: 60 Started: 60 Finished: 0
2020-04-03 21:23:30,203 INFO o.a.j.r.Summariser: summary =     78 in 00:00:48 =    1.6/s Avg: 15220 Min:   968 Max: 24755 Err:     0 (0.00%)
2020-04-03 21:24:00,280 INFO o.a.j.r.Summariser: summary +     72 in 00:00:30 =    2.4/s Avg: 25226 Min: 23982 Max: 26268 Err:     0 (0.00%) Active: 60 Started: 60 Finished: 0
2020-04-03 21:24:00,281 INFO o.a.j.r.Summariser: summary =    150 in 00:01:18 =    1.9/s Avg: 20023 Min:   968 Max: 26268 Err:     0 (0.00%)
2020-04-03 21:24:30,663 INFO o.a.j.r.Summariser: summary +     73 in 00:00:30 =    2.4/s Avg: 25519 Min: 24465 Max: 27039 Err:     0 (0.00%) Active: 60 Started: 60 Finished: 0
2020-04-03 21:24:30,664 INFO o.a.j.r.Summariser: summary =    223 in 00:01:48 =    2.1/s Avg: 21822 Min:   968 Max: 27039 Err:     0 (0.00%)
2020-04-03 21:25:00,243 INFO o.a.j.r.Summariser: summary +     66 in 00:00:30 =    2.2/s Avg: 25431 Min: 24639 Max: 26519 Err:     0 (0.00%) Active: 60 Started: 60 Finished: 0
2020-04-03 21:25:00,244 INFO o.a.j.r.Summariser: summary =    289 in 00:02:18 =    2.1/s Avg: 22646 Min:   968 Max: 27039 Err:     0 (0.00%)
2020-04-03 21:25:13,304 INFO o.a.j.t.JMeterThread: Stopping because end time detected by thread: jp@gc - Ultimate Thread Group 1-50
2020-04-03 21:25:13,304 INFO o.a.j.t.JMeterThread: Thread finished: jp@gc - Ultimate Thread Group 1-50
2020-04-03 21:25:13,641 INFO o.a.j.t.JMeterThread: Stopping because end time detected by thread: jp@gc - Ultimate Thread Group 1-49
2020-04-03 21:25:13,641 INFO o.a.j.t.JMeterThread: Thread finished: jp@gc - Ultimate Thread Group 1-49
2020-04-03 21:25:14,713 INFO o.a.j.t.JMeterThread: Stopping because end time detected by thread: jp@gc - Ultimate Thread Group 1-47
2020-04-03 21:25:14,713 INFO o.a.j.t.JMeterThread: Thread finished: jp@gc - Ultimate Thread Group 1-47
2020-04-03 21:25:16,969 INFO o.a.j.t.JMeterThread: Stopping because end time detected by thread: jp@gc - Ultimate Thread Group 1-48
2020-04-03 21:25:16,969 INFO o.a.j.t.JMeterThread: Thread finished: jp@gc - Ultimate Thread Group 1-48
2020-04-03 21:25:17,161 INFO o.a.j.t.JMeterThread: Stopping because end time detected by thread: jp@gc - Ultimate Thread Group 1-43
2020-04-03 21:25:17,162 INFO o.a.j.t.JMeterThread: Thread finished: jp@gc - Ultimate Thread Group 1-43
2020-04-03 21:25:17,400 INFO o.a.j.t.JMeterThread: Stopping because end time detected by thread: jp@gc - Ultimate Thread Group 1-44
2020-04-03 21:25:17,401 INFO o.a.j.t.JMeterThread: Thread finished: jp@gc - Ultimate Thread Group 1-44
2020-04-03 21:25:18,067 INFO o.a.j.t.JMeterThread: Stopping because end time detected by thread: jp@gc - Ultimate Thread Group 1-45
2020-04-03 21:25:18,067 INFO o.a.j.t.JMeterThread: Thread finished: jp@gc - Ultimate Thread Group 1-45
2020-04-03 21:25:18,166 INFO o.a.j.t.JMeterThread: Stopping because end time detected by thread: jp@gc - Ultimate Thread Group 1-42
2020-04-03 21:25:18,167 INFO o.a.j.t.JMeterThread: Thread finished: jp@gc - Ultimate Thread Group 1-42
2020-04-03 21:25:18,474 INFO o.a.j.t.JMeterThread: Stopping because end time detected by thread: jp@gc - Ultimate Thread Group 1-46
2020-04-03 21:25:18,474 INFO o.a.j.t.JMeterThread: Thread finished: jp@gc - Ultimate Thread Group 1-46
2020-04-03 21:25:20,388 INFO o.a.j.t.JMeterThread: Stopping because end time detected by thread: jp@gc - Ultimate Thread Group 1-41
2020-04-03 21:25:20,389 INFO o.a.j.t.JMeterThread: Thread finished: jp@gc - Ultimate Thread Group 1-41
2020-04-03 21:25:23,799 INFO o.a.j.t.JMeterThread: Stopping because end time detected by thread: jp@gc - Ultimate Thread Group 1-32
2020-04-03 21:25:23,800 INFO o.a.j.t.JMeterThread: Thread finished: jp@gc - Ultimate Thread Group 1-32
2020-04-03 21:25:24,309 INFO o.a.j.t.JMeterThread: Stopping because end time detected by thread: jp@gc - Ultimate Thread Group 1-30
2020-04-03 21:25:24,310 INFO o.a.j.t.JMeterThread: Thread finished: jp@gc - Ultimate Thread Group 1-30
2020-04-03 21:25:25,462 INFO o.a.j.t.JMeterThread: Stopping because end time detected by thread: jp@gc - Ultimate Thread Group 1-15
2020-04-03 21:25:25,462 INFO o.a.j.t.JMeterThread: Thread finished: jp@gc - Ultimate Thread Group 1-15
2020-04-03 21:25:25,878 INFO o.a.j.t.JMeterThread: Stopping because end time detected by thread: jp@gc - Ultimate Thread Group 1-29
2020-04-03 21:25:25,878 INFO o.a.j.t.JMeterThread: Thread finished: jp@gc - Ultimate Thread Group 1-29
2020-04-03 21:25:25,989 INFO o.a.j.t.JMeterThread: Stopping because end time detected by thread: jp@gc - Ultimate Thread Group 1-28
2020-04-03 21:25:25,990 INFO o.a.j.t.JMeterThread: Thread finished: jp@gc - Ultimate Thread Group 1-28
2020-04-03 21:25:26,025 INFO o.a.j.t.JMeterThread: Stopping because end time detected by thread: jp@gc - Ultimate Thread Group 1-18
2020-04-03 21:25:26,026 INFO o.a.j.t.JMeterThread: Thread finished: jp@gc - Ultimate Thread Group 1-18
2020-04-03 21:25:26,748 INFO o.a.j.t.JMeterThread: Stopping because end time detected by thread: jp@gc - Ultimate Thread Group 1-7
2020-04-03 21:25:26,749 INFO o.a.j.t.JMeterThread: Thread finished: jp@gc - Ultimate Thread Group 1-7
2020-04-03 21:25:27,122 INFO o.a.j.t.JMeterThread: Stopping because end time detected by thread: jp@gc - Ultimate Thread Group 1-26
2020-04-03 21:25:27,122 INFO o.a.j.t.JMeterThread: Thread finished: jp@gc - Ultimate Thread Group 1-26
2020-04-03 21:25:27,390 INFO o.a.j.t.JMeterThread: Stopping because end time detected by thread: jp@gc - Ultimate Thread Group 1-27
2020-04-03 21:25:27,391 INFO o.a.j.t.JMeterThread: Thread finished: jp@gc - Ultimate Thread Group 1-27
2020-04-03 21:25:27,464 INFO o.a.j.t.JMeterThread: Stopping because end time detected by thread: jp@gc - Ultimate Thread Group 1-8
2020-04-03 21:25:27,465 INFO o.a.j.t.JMeterThread: Thread finished: jp@gc - Ultimate Thread Group 1-8
2020-04-03 21:25:27,597 INFO o.a.j.t.JMeterThread: Stopping because end time detected by thread: jp@gc - Ultimate Thread Group 1-6
2020-04-03 21:25:27,598 INFO o.a.j.t.JMeterThread: Thread finished: jp@gc - Ultimate Thread Group 1-6
2020-04-03 21:25:27,892 INFO o.a.j.t.JMeterThread: Stopping because end time detected by thread: jp@gc - Ultimate Thread Group 1-25
2020-04-03 21:25:27,893 INFO o.a.j.t.JMeterThread: Thread finished: jp@gc - Ultimate Thread Group 1-25
2020-04-03 21:25:28,015 INFO o.a.j.t.JMeterThread: Stopping because end time detected by thread: jp@gc - Ultimate Thread Group 1-24
2020-04-03 21:25:28,016 INFO o.a.j.t.JMeterThread: Thread finished: jp@gc - Ultimate Thread Group 1-24
2020-04-03 21:25:28,270 INFO o.a.j.t.JMeterThread: Stopping because end time detected by thread: jp@gc - Ultimate Thread Group 1-14
2020-04-03 21:25:28,271 INFO o.a.j.t.JMeterThread: Thread finished: jp@gc - Ultimate Thread Group 1-14
2020-04-03 21:25:28,658 INFO o.a.j.t.JMeterThread: Stopping because end time detected by thread: jp@gc - Ultimate Thread Group 1-59
2020-04-03 21:25:28,659 INFO o.a.j.t.JMeterThread: Thread finished: jp@gc - Ultimate Thread Group 1-59
2020-04-03 21:25:28,687 INFO o.a.j.t.JMeterThread: Stopping because end time detected by thread: jp@gc - Ultimate Thread Group 1-22
2020-04-03 21:25:28,688 INFO o.a.j.t.JMeterThread: Thread finished: jp@gc - Ultimate Thread Group 1-22
2020-04-03 21:25:28,910 INFO o.a.j.t.JMeterThread: Stopping because end time detected by thread: jp@gc - Ultimate Thread Group 1-4
2020-04-03 21:25:28,911 INFO o.a.j.t.JMeterThread: Thread finished: jp@gc - Ultimate Thread Group 1-4
2020-04-03 21:25:29,021 INFO o.a.j.t.JMeterThread: Stopping because end time detected by thread: jp@gc - Ultimate Thread Group 1-3
2020-04-03 21:25:29,021 INFO o.a.j.t.JMeterThread: Thread finished: jp@gc - Ultimate Thread Group 1-3
2020-04-03 21:25:29,176 INFO o.a.j.t.JMeterThread: Stopping because end time detected by thread: jp@gc - Ultimate Thread Group 1-23
2020-04-03 21:25:29,177 INFO o.a.j.t.JMeterThread: Thread finished: jp@gc - Ultimate Thread Group 1-23
2020-04-03 21:25:29,321 INFO o.a.j.t.JMeterThread: Stopping because end time detected by thread: jp@gc - Ultimate Thread Group 1-20
2020-04-03 21:25:29,321 INFO o.a.j.t.JMeterThread: Thread finished: jp@gc - Ultimate Thread Group 1-20
2020-04-03 21:25:29,478 INFO o.a.j.t.JMeterThread: Stopping because end time detected by thread: jp@gc - Ultimate Thread Group 1-21
2020-04-03 21:25:29,479 INFO o.a.j.t.JMeterThread: Thread finished: jp@gc - Ultimate Thread Group 1-21
2020-04-03 21:25:29,531 INFO o.a.j.t.JMeterThread: Stopping because end time detected by thread: jp@gc - Ultimate Thread Group 1-5
2020-04-03 21:25:29,532 INFO o.a.j.t.JMeterThread: Thread finished: jp@gc - Ultimate Thread Group 1-5
2020-04-03 21:25:29,744 INFO o.a.j.t.JMeterThread: Stopping because end time detected by thread: jp@gc - Ultimate Thread Group 1-57
2020-04-03 21:25:29,744 INFO o.a.j.t.JMeterThread: Thread finished: jp@gc - Ultimate Thread Group 1-57
2020-04-03 21:25:29,853 INFO o.a.j.t.JMeterThread: Stopping because end time detected by thread: jp@gc - Ultimate Thread Group 1-58
2020-04-03 21:25:29,853 INFO o.a.j.t.JMeterThread: Thread finished: jp@gc - Ultimate Thread Group 1-58
2020-04-03 21:25:29,866 INFO o.a.j.t.JMeterThread: Stopping because end time detected by thread: jp@gc - Ultimate Thread Group 1-2
2020-04-03 21:25:29,866 INFO o.a.j.t.JMeterThread: Thread finished: jp@gc - Ultimate Thread Group 1-2
2020-04-03 21:25:30,006 INFO o.a.j.r.Summariser: summary +     85 in 00:00:30 =    2.9/s Avg: 24242 Min: 20348 Max: 26758 Err:     0 (0.00%) Active: 25 Started: 60 Finished: 35
2020-04-03 21:25:30,007 INFO o.a.j.r.Summariser: summary =    374 in 00:02:47 =    2.2/s Avg: 23009 Min:   968 Max: 27039 Err:     0 (0.00%)
2020-04-03 21:25:30,007 INFO o.a.j.t.JMeterThread: Stopping because end time detected by thread: jp@gc - Ultimate Thread Group 1-13
2020-04-03 21:25:30,008 INFO o.a.j.t.JMeterThread: Thread finished: jp@gc - Ultimate Thread Group 1-13
2020-04-03 21:25:30,182 INFO o.a.j.t.JMeterThread: Stopping because end time detected by thread: jp@gc - Ultimate Thread Group 1-60
2020-04-03 21:25:30,183 INFO o.a.j.t.JMeterThread: Thread finished: jp@gc - Ultimate Thread Group 1-60
2020-04-03 21:25:30,374 INFO o.a.j.t.JMeterThread: Stopping because end time detected by thread: jp@gc - Ultimate Thread Group 1-56
2020-04-03 21:25:30,375 INFO o.a.j.t.JMeterThread: Thread finished: jp@gc - Ultimate Thread Group 1-56
2020-04-03 21:25:30,446 INFO o.a.j.t.JMeterThread: Stopping because end time detected by thread: jp@gc - Ultimate Thread Group 1-54
2020-04-03 21:25:30,447 INFO o.a.j.t.JMeterThread: Thread finished: jp@gc - Ultimate Thread Group 1-54
2020-04-03 21:25:30,605 INFO o.a.j.t.JMeterThread: Stopping because end time detected by thread: jp@gc - Ultimate Thread Group 1-51
2020-04-03 21:25:30,605 INFO o.a.j.t.JMeterThread: Stopping because end time detected by thread: jp@gc - Ultimate Thread Group 1-12
2020-04-03 21:25:30,606 INFO o.a.j.t.JMeterThread: Thread finished: jp@gc - Ultimate Thread Group 1-51
2020-04-03 21:25:30,606 INFO o.a.j.t.JMeterThread: Thread finished: jp@gc - Ultimate Thread Group 1-12
2020-04-03 21:25:30,620 INFO o.a.j.t.JMeterThread: Stopping because end time detected by thread: jp@gc - Ultimate Thread Group 1-1
2020-04-03 21:25:30,620 INFO o.a.j.t.JMeterThread: Thread finished: jp@gc - Ultimate Thread Group 1-1
2020-04-03 21:25:30,809 INFO o.a.j.t.JMeterThread: Stopping because end time detected by thread: jp@gc - Ultimate Thread Group 1-55
2020-04-03 21:25:30,809 INFO o.a.j.t.JMeterThread: Thread finished: jp@gc - Ultimate Thread Group 1-55
2020-04-03 21:25:30,857 INFO o.a.j.t.JMeterThread: Stopping because end time detected by thread: jp@gc - Ultimate Thread Group 1-53
2020-04-03 21:25:30,858 INFO o.a.j.t.JMeterThread: Thread finished: jp@gc - Ultimate Thread Group 1-53
2020-04-03 21:25:30,878 INFO o.a.j.t.JMeterThread: Stopping because end time detected by thread: jp@gc - Ultimate Thread Group 1-52
2020-04-03 21:25:30,878 INFO o.a.j.t.JMeterThread: Thread finished: jp@gc - Ultimate Thread Group 1-52
2020-04-03 21:25:31,106 INFO o.a.j.t.JMeterThread: Stopping because end time detected by thread: jp@gc - Ultimate Thread Group 1-39
2020-04-03 21:25:31,106 INFO o.a.j.t.JMeterThread: Thread finished: jp@gc - Ultimate Thread Group 1-39
2020-04-03 21:25:31,328 INFO o.a.j.t.JMeterThread: Stopping because end time detected by thread: jp@gc - Ultimate Thread Group 1-40
2020-04-03 21:25:31,328 INFO o.a.j.t.JMeterThread: Thread finished: jp@gc - Ultimate Thread Group 1-40
2020-04-03 21:25:31,436 INFO o.a.j.t.JMeterThread: Stopping because end time detected by thread: jp@gc - Ultimate Thread Group 1-19
2020-04-03 21:25:31,436 INFO o.a.j.t.JMeterThread: Thread finished: jp@gc - Ultimate Thread Group 1-19
2020-04-03 21:25:31,728 INFO o.a.j.t.JMeterThread: Stopping because end time detected by thread: jp@gc - Ultimate Thread Group 1-38
2020-04-03 21:25:31,729 INFO o.a.j.t.JMeterThread: Thread finished: jp@gc - Ultimate Thread Group 1-38
2020-04-03 21:25:31,763 INFO o.a.j.t.JMeterThread: Stopping because end time detected by thread: jp@gc - Ultimate Thread Group 1-17
2020-04-03 21:25:31,763 INFO o.a.j.t.JMeterThread: Thread finished: jp@gc - Ultimate Thread Group 1-17
2020-04-03 21:25:32,042 INFO o.a.j.t.JMeterThread: Stopping because end time detected by thread: jp@gc - Ultimate Thread Group 1-36
2020-04-03 21:25:32,043 INFO o.a.j.t.JMeterThread: Thread finished: jp@gc - Ultimate Thread Group 1-36
2020-04-03 21:25:32,447 INFO o.a.j.t.JMeterThread: Stopping because end time detected by thread: jp@gc - Ultimate Thread Group 1-37
2020-04-03 21:25:32,448 INFO o.a.j.t.JMeterThread: Thread finished: jp@gc - Ultimate Thread Group 1-37
2020-04-03 21:25:32,528 INFO o.a.j.t.JMeterThread: Stopping because end time detected by thread: jp@gc - Ultimate Thread Group 1-11
2020-04-03 21:25:32,528 INFO o.a.j.t.JMeterThread: Thread finished: jp@gc - Ultimate Thread Group 1-11
2020-04-03 21:25:32,574 INFO o.a.j.t.JMeterThread: Stopping because end time detected by thread: jp@gc - Ultimate Thread Group 1-10
2020-04-03 21:25:32,574 INFO o.a.j.t.JMeterThread: Thread finished: jp@gc - Ultimate Thread Group 1-10
2020-04-03 21:25:32,590 INFO o.a.j.t.JMeterThread: Stopping because end time detected by thread: jp@gc - Ultimate Thread Group 1-9
2020-04-03 21:25:32,590 INFO o.a.j.t.JMeterThread: Thread finished: jp@gc - Ultimate Thread Group 1-9
2020-04-03 21:25:32,590 INFO o.a.j.t.JMeterThread: Stopping because end time detected by thread: jp@gc - Ultimate Thread Group 1-33
2020-04-03 21:25:32,591 INFO o.a.j.t.JMeterThread: Thread finished: jp@gc - Ultimate Thread Group 1-33
2020-04-03 21:25:32,617 INFO o.a.j.t.JMeterThread: Stopping because end time detected by thread: jp@gc - Ultimate Thread Group 1-34
2020-04-03 21:25:32,617 INFO o.a.j.t.JMeterThread: Thread finished: jp@gc - Ultimate Thread Group 1-34
2020-04-03 21:25:32,624 INFO o.a.j.t.JMeterThread: Stopping because end time detected by thread: jp@gc - Ultimate Thread Group 1-35
2020-04-03 21:25:32,625 INFO o.a.j.t.JMeterThread: Thread finished: jp@gc - Ultimate Thread Group 1-35
2020-04-03 21:25:32,680 INFO o.a.j.t.JMeterThread: Stopping because end time detected by thread: jp@gc - Ultimate Thread Group 1-31
2020-04-03 21:25:32,680 INFO o.a.j.t.JMeterThread: Thread finished: jp@gc - Ultimate Thread Group 1-31
2020-04-03 21:25:32,683 INFO o.a.j.t.JMeterThread: Stopping because end time detected by thread: jp@gc - Ultimate Thread Group 1-16
2020-04-03 21:25:32,684 INFO o.a.j.t.JMeterThread: Thread finished: jp@gc - Ultimate Thread Group 1-16
2020-04-03 21:25:32,684 INFO o.a.j.e.StandardJMeterEngine: Notifying test listeners of end of test
2020-04-03 21:25:32,686 INFO o.a.j.r.Summariser: summary +     24 in 00:00:03 =    9.0/s Avg: 15389 Min: 10175 Max: 20517 Err:     0 (0.00%) Active: 0 Started: 60 Finished: 60
2020-04-03 21:25:32,687 INFO o.a.j.r.Summariser: summary =    398 in 00:02:50 =    2.3/s Avg: 22549 Min:   968 Max: 27039 Err:     0 (0.00%)
