2020-04-03 21:29:07,825 INFO o.a.j.u.JMeterUtils: Setting Locale to en_US
2020-04-03 21:29:07,856 INFO o.a.j.JMeter: Loading user properties from: /home/pablo/jmeter/bin/user.properties
2020-04-03 21:29:07,857 INFO o.a.j.JMeter: Loading system properties from: /home/pablo/jmeter/bin/system.properties
2020-04-03 21:29:07,858 INFO o.a.j.JMeter: Setting System property: HILOS1=80
2020-04-03 21:29:07,858 INFO o.a.j.JMeter: Setting System property: DELAY1=0
2020-04-03 21:29:07,859 INFO o.a.j.JMeter: Setting System property: SUBIDA1=34
2020-04-03 21:29:07,859 INFO o.a.j.JMeter: Setting System property: DURACION1=220
2020-04-03 21:29:07,859 INFO o.a.j.JMeter: Setting System property: HILOS2=80
2020-04-03 21:29:07,860 INFO o.a.j.JMeter: Setting System property: DELAY2=20
2020-04-03 21:29:07,860 INFO o.a.j.JMeter: Setting System property: SUBIDA2=33
2020-04-03 21:29:07,860 INFO o.a.j.JMeter: Setting System property: DURACION2=200
2020-04-03 21:29:07,860 INFO o.a.j.JMeter: Setting System property: HILOS3=80
2020-04-03 21:29:07,860 INFO o.a.j.JMeter: Setting System property: DELAY3=40
2020-04-03 21:29:07,861 INFO o.a.j.JMeter: Setting System property: SUBIDA3=33
2020-04-03 21:29:07,861 INFO o.a.j.JMeter: Setting System property: DURACION3=180
2020-04-03 21:29:07,861 INFO o.a.j.JMeter: Setting System property: FILE=scriptresultsperfmonDin240.jtl
2020-04-03 21:29:07,864 INFO o.a.j.JMeter: Copyright (c) 1998-2019 The Apache Software Foundation
2020-04-03 21:29:07,864 INFO o.a.j.JMeter: Version 5.2.1
2020-04-03 21:29:07,865 INFO o.a.j.JMeter: java.version=1.8.0_201
2020-04-03 21:29:07,865 INFO o.a.j.JMeter: java.vm.name=Java HotSpot(TM) 64-Bit Server VM
2020-04-03 21:29:07,865 INFO o.a.j.JMeter: os.name=Linux
2020-04-03 21:29:07,865 INFO o.a.j.JMeter: os.arch=amd64
2020-04-03 21:29:07,866 INFO o.a.j.JMeter: os.version=4.15.0-91-generic
2020-04-03 21:29:07,866 INFO o.a.j.JMeter: file.encoding=UTF-8
2020-04-03 21:29:07,866 INFO o.a.j.JMeter: java.awt.headless=true
2020-04-03 21:29:07,867 INFO o.a.j.JMeter: Max memory     =732954624
2020-04-03 21:29:07,867 INFO o.a.j.JMeter: Available Processors =4
2020-04-03 21:29:07,874 INFO o.a.j.JMeter: Default Locale=English (United States)
2020-04-03 21:29:07,874 INFO o.a.j.JMeter: JMeter  Locale=English (United States)
2020-04-03 21:29:07,875 INFO o.a.j.JMeter: JMeterHome=/home/pablo/jmeter
2020-04-03 21:29:07,875 INFO o.a.j.JMeter: user.dir  =/home/pablo/jmeter/bin/EJECUCIONES/P2
2020-04-03 21:29:07,875 INFO o.a.j.JMeter: PWD       =/home/pablo/jmeter/bin/EJECUCIONES/P2
2020-04-03 21:29:07,876 INFO o.a.j.JMeter: IP: 127.0.1.1 Name: hylianpablo FullName: hylianpablo
2020-04-03 21:29:07,884 INFO o.a.j.s.FileServer: Default base='/home/pablo/jmeter/bin/EJECUCIONES/P2'
2020-04-03 21:29:07,894 INFO o.a.j.s.FileServer: Set new base='/home/pablo/jmeter/bin/EJECUCIONES/P2/../..'
2020-04-03 21:29:08,181 INFO o.a.j.s.SaveService: Testplan (JMX) version: 2.2. Testlog (JTL) version: 2.2
2020-04-03 21:29:08,199 INFO o.a.j.s.SaveService: Using SaveService properties file encoding UTF-8
2020-04-03 21:29:08,211 INFO o.a.j.s.SaveService: Using SaveService properties version 5.0
2020-04-03 21:29:08,228 INFO o.a.j.s.SaveService: Loading file: ../../Dinamica.jmx
2020-04-03 21:29:08,394 INFO o.a.j.p.h.s.HTTPSamplerBase: Parser for text/html is org.apache.jmeter.protocol.http.parser.LagartoBasedHtmlParser
2020-04-03 21:29:08,394 INFO o.a.j.p.h.s.HTTPSamplerBase: Parser for application/xhtml+xml is org.apache.jmeter.protocol.http.parser.LagartoBasedHtmlParser
2020-04-03 21:29:08,394 INFO o.a.j.p.h.s.HTTPSamplerBase: Parser for application/xml is org.apache.jmeter.protocol.http.parser.LagartoBasedHtmlParser
2020-04-03 21:29:08,394 INFO o.a.j.p.h.s.HTTPSamplerBase: Parser for text/xml is org.apache.jmeter.protocol.http.parser.LagartoBasedHtmlParser
2020-04-03 21:29:08,395 INFO o.a.j.p.h.s.HTTPSamplerBase: Parser for text/vnd.wap.wml is org.apache.jmeter.protocol.http.parser.RegexpHTMLParser
2020-04-03 21:29:08,395 INFO o.a.j.p.h.s.HTTPSamplerBase: Parser for text/css is org.apache.jmeter.protocol.http.parser.CssParser
2020-04-03 21:29:08,420 INFO o.a.j.JMeter: Creating summariser <summary>
2020-04-03 21:29:08,433 INFO o.a.j.e.StandardJMeterEngine: Running the test!
2020-04-03 21:29:08,434 INFO o.a.j.s.SampleEvent: List of sample_variables: []
2020-04-03 21:29:08,435 INFO o.a.j.s.SampleEvent: List of sample_variables: []
2020-04-03 21:29:08,447 INFO o.a.j.e.u.CompoundVariable: Note: Function class names must contain the string: '.functions.'
2020-04-03 21:29:08,447 INFO o.a.j.e.u.CompoundVariable: Note: Function class names must not contain the string: '.gui.'
2020-04-03 21:29:09,261 INFO o.a.j.JMeter: Running test (1585942149261)
2020-04-03 21:29:09,407 INFO o.a.j.e.StandardJMeterEngine: Starting ThreadGroup: 1 : jp@gc - Ultimate Thread Group
2020-04-03 21:29:09,408 INFO o.a.j.e.StandardJMeterEngine: Starting 240 threads for group jp@gc - Ultimate Thread Group.
2020-04-03 21:29:09,408 INFO o.a.j.e.StandardJMeterEngine: Thread will continue on error
2020-04-03 21:29:09,409 INFO k.a.j.t.AbstractSimpleThreadGroup: Starting thread group number 1 threads 240
2020-04-03 21:29:09,637 INFO k.a.j.t.AbstractSimpleThreadGroup: Started thread group number 1
2020-04-03 21:29:09,637 INFO o.a.j.e.StandardJMeterEngine: All thread groups have been started
2020-04-03 21:29:09,835 INFO o.a.j.t.JMeterThread: Thread started: jp@gc - Ultimate Thread Group 1-80
2020-04-03 21:29:09,882 INFO o.a.j.p.h.s.HTTPHCAbstractImpl: Local host = hylianpablo
2020-04-03 21:29:09,896 INFO o.a.j.p.h.s.HTTPHC4Impl: HTTP request retry count = 0
2020-04-03 21:29:09,901 INFO o.a.j.s.SampleResult: Note: Sample TimeStamps are START times
2020-04-03 21:29:09,901 INFO o.a.j.s.SampleResult: sampleresult.default.encoding is set to ISO-8859-1
2020-04-03 21:29:09,902 INFO o.a.j.s.SampleResult: sampleresult.useNanoTime=true
2020-04-03 21:29:09,902 INFO o.a.j.s.SampleResult: sampleresult.nanoThreadSleep=5000
2020-04-03 21:29:10,259 INFO o.a.j.t.JMeterThread: Thread started: jp@gc - Ultimate Thread Group 1-79
2020-04-03 21:29:10,685 INFO o.a.j.t.JMeterThread: Thread started: jp@gc - Ultimate Thread Group 1-78
2020-04-03 21:29:11,109 INFO o.a.j.t.JMeterThread: Thread started: jp@gc - Ultimate Thread Group 1-77
2020-04-03 21:29:11,291 INFO o.a.j.u.JsseSSLManager: Using default SSL protocol: TLS
2020-04-03 21:29:11,291 INFO o.a.j.u.JsseSSLManager: SSL session context: per-thread
2020-04-03 21:29:11,534 INFO o.a.j.t.JMeterThread: Thread started: jp@gc - Ultimate Thread Group 1-76
2020-04-03 21:29:11,959 INFO o.a.j.t.JMeterThread: Thread started: jp@gc - Ultimate Thread Group 1-75
2020-04-03 21:29:12,384 INFO o.a.j.t.JMeterThread: Thread started: jp@gc - Ultimate Thread Group 1-74
2020-04-03 21:29:12,810 INFO o.a.j.t.JMeterThread: Thread started: jp@gc - Ultimate Thread Group 1-73
2020-04-03 21:29:13,234 INFO o.a.j.t.JMeterThread: Thread started: jp@gc - Ultimate Thread Group 1-72
2020-04-03 21:29:13,659 INFO o.a.j.t.JMeterThread: Thread started: jp@gc - Ultimate Thread Group 1-71
2020-04-03 21:29:14,084 INFO o.a.j.t.JMeterThread: Thread started: jp@gc - Ultimate Thread Group 1-70
2020-04-03 21:29:14,510 INFO o.a.j.t.JMeterThread: Thread started: jp@gc - Ultimate Thread Group 1-69
2020-04-03 21:29:14,935 INFO o.a.j.t.JMeterThread: Thread started: jp@gc - Ultimate Thread Group 1-68
2020-04-03 21:29:15,360 INFO o.a.j.t.JMeterThread: Thread started: jp@gc - Ultimate Thread Group 1-67
2020-04-03 21:29:15,784 INFO o.a.j.t.JMeterThread: Thread started: jp@gc - Ultimate Thread Group 1-66
2020-04-03 21:29:16,210 INFO o.a.j.t.JMeterThread: Thread started: jp@gc - Ultimate Thread Group 1-65
2020-04-03 21:29:16,634 INFO o.a.j.t.JMeterThread: Thread started: jp@gc - Ultimate Thread Group 1-64
2020-04-03 21:29:17,060 INFO o.a.j.t.JMeterThread: Thread started: jp@gc - Ultimate Thread Group 1-63
2020-04-03 21:29:17,485 INFO o.a.j.t.JMeterThread: Thread started: jp@gc - Ultimate Thread Group 1-62
2020-04-03 21:29:17,909 INFO o.a.j.t.JMeterThread: Thread started: jp@gc - Ultimate Thread Group 1-61
2020-04-03 21:29:18,334 INFO o.a.j.t.JMeterThread: Thread started: jp@gc - Ultimate Thread Group 1-60
2020-04-03 21:29:18,760 INFO o.a.j.t.JMeterThread: Thread started: jp@gc - Ultimate Thread Group 1-59
2020-04-03 21:29:19,185 INFO o.a.j.t.JMeterThread: Thread started: jp@gc - Ultimate Thread Group 1-58
2020-04-03 21:29:19,610 INFO o.a.j.t.JMeterThread: Thread started: jp@gc - Ultimate Thread Group 1-57
2020-04-03 21:29:20,035 INFO o.a.j.t.JMeterThread: Thread started: jp@gc - Ultimate Thread Group 1-56
2020-04-03 21:29:20,460 INFO o.a.j.t.JMeterThread: Thread started: jp@gc - Ultimate Thread Group 1-55
2020-04-03 21:29:20,884 INFO o.a.j.t.JMeterThread: Thread started: jp@gc - Ultimate Thread Group 1-54
2020-04-03 21:29:21,309 INFO o.a.j.t.JMeterThread: Thread started: jp@gc - Ultimate Thread Group 1-53
2020-04-03 21:29:21,734 INFO o.a.j.t.JMeterThread: Thread started: jp@gc - Ultimate Thread Group 1-52
2020-04-03 21:29:22,159 INFO o.a.j.t.JMeterThread: Thread started: jp@gc - Ultimate Thread Group 1-51
2020-04-03 21:29:22,584 INFO o.a.j.t.JMeterThread: Thread started: jp@gc - Ultimate Thread Group 1-50
2020-04-03 21:29:23,010 INFO o.a.j.t.JMeterThread: Thread started: jp@gc - Ultimate Thread Group 1-49
2020-04-03 21:29:23,435 INFO o.a.j.t.JMeterThread: Thread started: jp@gc - Ultimate Thread Group 1-48
2020-04-03 21:29:23,860 INFO o.a.j.t.JMeterThread: Thread started: jp@gc - Ultimate Thread Group 1-47
2020-04-03 21:29:24,285 INFO o.a.j.t.JMeterThread: Thread started: jp@gc - Ultimate Thread Group 1-46
2020-04-03 21:29:24,710 INFO o.a.j.t.JMeterThread: Thread started: jp@gc - Ultimate Thread Group 1-45
2020-04-03 21:29:25,135 INFO o.a.j.t.JMeterThread: Thread started: jp@gc - Ultimate Thread Group 1-44
2020-04-03 21:29:25,560 INFO o.a.j.t.JMeterThread: Thread started: jp@gc - Ultimate Thread Group 1-43
2020-04-03 21:29:25,985 INFO o.a.j.t.JMeterThread: Thread started: jp@gc - Ultimate Thread Group 1-42
2020-04-03 21:29:26,409 INFO o.a.j.t.JMeterThread: Thread started: jp@gc - Ultimate Thread Group 1-41
2020-04-03 21:29:26,835 INFO o.a.j.t.JMeterThread: Thread started: jp@gc - Ultimate Thread Group 1-40
2020-04-03 21:29:27,260 INFO o.a.j.t.JMeterThread: Thread started: jp@gc - Ultimate Thread Group 1-39
2020-04-03 21:29:27,685 INFO o.a.j.t.JMeterThread: Thread started: jp@gc - Ultimate Thread Group 1-38
2020-04-03 21:29:28,110 INFO o.a.j.t.JMeterThread: Thread started: jp@gc - Ultimate Thread Group 1-37
2020-04-03 21:29:28,534 INFO o.a.j.t.JMeterThread: Thread started: jp@gc - Ultimate Thread Group 1-36
2020-04-03 21:29:28,960 INFO o.a.j.t.JMeterThread: Thread started: jp@gc - Ultimate Thread Group 1-35
2020-04-03 21:29:29,384 INFO o.a.j.t.JMeterThread: Thread started: jp@gc - Ultimate Thread Group 1-34
2020-04-03 21:29:29,810 INFO o.a.j.t.JMeterThread: Thread started: jp@gc - Ultimate Thread Group 1-33
2020-04-03 21:29:29,821 INFO o.a.j.t.JMeterThread: Thread started: jp@gc - Ultimate Thread Group 1-160
2020-04-03 21:29:30,234 INFO o.a.j.t.JMeterThread: Thread started: jp@gc - Ultimate Thread Group 1-159
2020-04-03 21:29:30,235 INFO o.a.j.t.JMeterThread: Thread started: jp@gc - Ultimate Thread Group 1-32
2020-04-03 21:29:30,647 INFO o.a.j.t.JMeterThread: Thread started: jp@gc - Ultimate Thread Group 1-158
2020-04-03 21:29:30,660 INFO o.a.j.t.JMeterThread: Thread started: jp@gc - Ultimate Thread Group 1-31
2020-04-03 21:29:30,945 INFO o.a.j.r.Summariser: summary +     27 in 00:00:22 =    1.2/s Avg:  7058 Min:  1039 Max: 13879 Err:     0 (0.00%) Active: 53 Started: 53 Finished: 0
2020-04-03 21:29:31,060 INFO o.a.j.t.JMeterThread: Thread started: jp@gc - Ultimate Thread Group 1-157
2020-04-03 21:29:31,085 INFO o.a.j.t.JMeterThread: Thread started: jp@gc - Ultimate Thread Group 1-30
2020-04-03 21:29:31,471 INFO o.a.j.t.JMeterThread: Thread started: jp@gc - Ultimate Thread Group 1-156
2020-04-03 21:29:31,510 INFO o.a.j.t.JMeterThread: Thread started: jp@gc - Ultimate Thread Group 1-29
2020-04-03 21:29:31,885 INFO o.a.j.t.JMeterThread: Thread started: jp@gc - Ultimate Thread Group 1-155
2020-04-03 21:29:31,934 INFO o.a.j.t.JMeterThread: Thread started: jp@gc - Ultimate Thread Group 1-28
2020-04-03 21:29:32,297 INFO o.a.j.t.JMeterThread: Thread started: jp@gc - Ultimate Thread Group 1-154
2020-04-03 21:29:32,360 INFO o.a.j.t.JMeterThread: Thread started: jp@gc - Ultimate Thread Group 1-27
2020-04-03 21:29:32,709 INFO o.a.j.t.JMeterThread: Thread started: jp@gc - Ultimate Thread Group 1-153
2020-04-03 21:29:32,784 INFO o.a.j.t.JMeterThread: Thread started: jp@gc - Ultimate Thread Group 1-26
2020-04-03 21:29:33,121 INFO o.a.j.t.JMeterThread: Thread started: jp@gc - Ultimate Thread Group 1-152
2020-04-03 21:29:33,209 INFO o.a.j.t.JMeterThread: Thread started: jp@gc - Ultimate Thread Group 1-25
2020-04-03 21:29:33,534 INFO o.a.j.t.JMeterThread: Thread started: jp@gc - Ultimate Thread Group 1-151
2020-04-03 21:29:33,635 INFO o.a.j.t.JMeterThread: Thread started: jp@gc - Ultimate Thread Group 1-24
2020-04-03 21:29:33,947 INFO o.a.j.t.JMeterThread: Thread started: jp@gc - Ultimate Thread Group 1-150
2020-04-03 21:29:34,059 INFO o.a.j.t.JMeterThread: Thread started: jp@gc - Ultimate Thread Group 1-23
2020-04-03 21:29:34,360 INFO o.a.j.t.JMeterThread: Thread started: jp@gc - Ultimate Thread Group 1-149
2020-04-03 21:29:34,484 INFO o.a.j.t.JMeterThread: Thread started: jp@gc - Ultimate Thread Group 1-22
2020-04-03 21:29:34,772 INFO o.a.j.t.JMeterThread: Thread started: jp@gc - Ultimate Thread Group 1-148
2020-04-03 21:29:34,910 INFO o.a.j.t.JMeterThread: Thread started: jp@gc - Ultimate Thread Group 1-21
2020-04-03 21:29:35,185 INFO o.a.j.t.JMeterThread: Thread started: jp@gc - Ultimate Thread Group 1-147
2020-04-03 21:29:35,334 INFO o.a.j.t.JMeterThread: Thread started: jp@gc - Ultimate Thread Group 1-20
2020-04-03 21:29:35,596 INFO o.a.j.t.JMeterThread: Thread started: jp@gc - Ultimate Thread Group 1-146
2020-04-03 21:29:35,759 INFO o.a.j.t.JMeterThread: Thread started: jp@gc - Ultimate Thread Group 1-19
2020-04-03 21:29:36,009 INFO o.a.j.t.JMeterThread: Thread started: jp@gc - Ultimate Thread Group 1-145
2020-04-03 21:29:36,184 INFO o.a.j.t.JMeterThread: Thread started: jp@gc - Ultimate Thread Group 1-18
2020-04-03 21:29:36,421 INFO o.a.j.t.JMeterThread: Thread started: jp@gc - Ultimate Thread Group 1-144
2020-04-03 21:29:36,609 INFO o.a.j.t.JMeterThread: Thread started: jp@gc - Ultimate Thread Group 1-17
2020-04-03 21:29:36,835 INFO o.a.j.t.JMeterThread: Thread started: jp@gc - Ultimate Thread Group 1-143
2020-04-03 21:29:37,034 INFO o.a.j.t.JMeterThread: Thread started: jp@gc - Ultimate Thread Group 1-16
2020-04-03 21:29:37,247 INFO o.a.j.t.JMeterThread: Thread started: jp@gc - Ultimate Thread Group 1-142
2020-04-03 21:29:37,459 INFO o.a.j.t.JMeterThread: Thread started: jp@gc - Ultimate Thread Group 1-15
2020-04-03 21:29:37,659 INFO o.a.j.t.JMeterThread: Thread started: jp@gc - Ultimate Thread Group 1-141
2020-04-03 21:29:37,884 INFO o.a.j.t.JMeterThread: Thread started: jp@gc - Ultimate Thread Group 1-14
2020-04-03 21:29:38,072 INFO o.a.j.t.JMeterThread: Thread started: jp@gc - Ultimate Thread Group 1-140
2020-04-03 21:29:38,309 INFO o.a.j.t.JMeterThread: Thread started: jp@gc - Ultimate Thread Group 1-13
2020-04-03 21:29:38,485 INFO o.a.j.t.JMeterThread: Thread started: jp@gc - Ultimate Thread Group 1-139
2020-04-03 21:29:38,735 INFO o.a.j.t.JMeterThread: Thread started: jp@gc - Ultimate Thread Group 1-12
2020-04-03 21:29:38,897 INFO o.a.j.t.JMeterThread: Thread started: jp@gc - Ultimate Thread Group 1-138
2020-04-03 21:29:39,160 INFO o.a.j.t.JMeterThread: Thread started: jp@gc - Ultimate Thread Group 1-11
2020-04-03 21:29:39,310 INFO o.a.j.t.JMeterThread: Thread started: jp@gc - Ultimate Thread Group 1-137
2020-04-03 21:29:39,584 INFO o.a.j.t.JMeterThread: Thread started: jp@gc - Ultimate Thread Group 1-10
2020-04-03 21:29:39,722 INFO o.a.j.t.JMeterThread: Thread started: jp@gc - Ultimate Thread Group 1-136
2020-04-03 21:29:40,010 INFO o.a.j.t.JMeterThread: Thread started: jp@gc - Ultimate Thread Group 1-9
2020-04-03 21:29:40,135 INFO o.a.j.t.JMeterThread: Thread started: jp@gc - Ultimate Thread Group 1-135
2020-04-03 21:29:40,435 INFO o.a.j.t.JMeterThread: Thread started: jp@gc - Ultimate Thread Group 1-8
2020-04-03 21:29:40,547 INFO o.a.j.t.JMeterThread: Thread started: jp@gc - Ultimate Thread Group 1-134
2020-04-03 21:29:40,859 INFO o.a.j.t.JMeterThread: Thread started: jp@gc - Ultimate Thread Group 1-7
2020-04-03 21:29:40,959 INFO o.a.j.t.JMeterThread: Thread started: jp@gc - Ultimate Thread Group 1-133
2020-04-03 21:29:41,284 INFO o.a.j.t.JMeterThread: Thread started: jp@gc - Ultimate Thread Group 1-6
2020-04-03 21:29:41,371 INFO o.a.j.t.JMeterThread: Thread started: jp@gc - Ultimate Thread Group 1-132
2020-04-03 21:29:41,710 INFO o.a.j.t.JMeterThread: Thread started: jp@gc - Ultimate Thread Group 1-5
2020-04-03 21:29:41,784 INFO o.a.j.t.JMeterThread: Thread started: jp@gc - Ultimate Thread Group 1-131
2020-04-03 21:29:42,135 INFO o.a.j.t.JMeterThread: Thread started: jp@gc - Ultimate Thread Group 1-4
2020-04-03 21:29:42,197 INFO o.a.j.t.JMeterThread: Thread started: jp@gc - Ultimate Thread Group 1-130
2020-04-03 21:29:42,560 INFO o.a.j.t.JMeterThread: Thread started: jp@gc - Ultimate Thread Group 1-3
2020-04-03 21:29:42,610 INFO o.a.j.t.JMeterThread: Thread started: jp@gc - Ultimate Thread Group 1-129
2020-04-03 21:29:42,985 INFO o.a.j.t.JMeterThread: Thread started: jp@gc - Ultimate Thread Group 1-2
2020-04-03 21:29:43,022 INFO o.a.j.t.JMeterThread: Thread started: jp@gc - Ultimate Thread Group 1-128
2020-04-03 21:29:43,410 INFO o.a.j.t.JMeterThread: Thread started: jp@gc - Ultimate Thread Group 1-1
2020-04-03 21:29:43,435 INFO o.a.j.t.JMeterThread: Thread started: jp@gc - Ultimate Thread Group 1-127
2020-04-03 21:29:43,846 INFO o.a.j.t.JMeterThread: Thread started: jp@gc - Ultimate Thread Group 1-126
2020-04-03 21:29:44,260 INFO o.a.j.t.JMeterThread: Thread started: jp@gc - Ultimate Thread Group 1-125
2020-04-03 21:29:44,672 INFO o.a.j.t.JMeterThread: Thread started: jp@gc - Ultimate Thread Group 1-124
2020-04-03 21:29:45,084 INFO o.a.j.t.JMeterThread: Thread started: jp@gc - Ultimate Thread Group 1-123
2020-04-03 21:29:45,496 INFO o.a.j.t.JMeterThread: Thread started: jp@gc - Ultimate Thread Group 1-122
2020-04-03 21:29:45,910 INFO o.a.j.t.JMeterThread: Thread started: jp@gc - Ultimate Thread Group 1-121
2020-04-03 21:29:46,322 INFO o.a.j.t.JMeterThread: Thread started: jp@gc - Ultimate Thread Group 1-120
2020-04-03 21:29:46,734 INFO o.a.j.t.JMeterThread: Thread started: jp@gc - Ultimate Thread Group 1-119
2020-04-03 21:29:47,147 INFO o.a.j.t.JMeterThread: Thread started: jp@gc - Ultimate Thread Group 1-118
2020-04-03 21:29:47,559 INFO o.a.j.t.JMeterThread: Thread started: jp@gc - Ultimate Thread Group 1-117
2020-04-03 21:29:47,971 INFO o.a.j.t.JMeterThread: Thread started: jp@gc - Ultimate Thread Group 1-116
2020-04-03 21:29:48,384 INFO o.a.j.t.JMeterThread: Thread started: jp@gc - Ultimate Thread Group 1-115
2020-04-03 21:29:48,797 INFO o.a.j.t.JMeterThread: Thread started: jp@gc - Ultimate Thread Group 1-114
2020-04-03 21:29:49,210 INFO o.a.j.t.JMeterThread: Thread started: jp@gc - Ultimate Thread Group 1-113
2020-04-03 21:29:49,622 INFO o.a.j.t.JMeterThread: Thread started: jp@gc - Ultimate Thread Group 1-112
2020-04-03 21:29:49,821 INFO o.a.j.t.JMeterThread: Thread started: jp@gc - Ultimate Thread Group 1-240
2020-04-03 21:29:50,034 INFO o.a.j.t.JMeterThread: Thread started: jp@gc - Ultimate Thread Group 1-111
2020-04-03 21:29:50,234 INFO o.a.j.t.JMeterThread: Thread started: jp@gc - Ultimate Thread Group 1-239
2020-04-03 21:29:50,447 INFO o.a.j.t.JMeterThread: Thread started: jp@gc - Ultimate Thread Group 1-110
2020-04-03 21:29:50,646 INFO o.a.j.t.JMeterThread: Thread started: jp@gc - Ultimate Thread Group 1-238
2020-04-03 21:29:50,859 INFO o.a.j.t.JMeterThread: Thread started: jp@gc - Ultimate Thread Group 1-109
2020-04-03 21:29:51,059 INFO o.a.j.t.JMeterThread: Thread started: jp@gc - Ultimate Thread Group 1-237
2020-04-03 21:29:51,272 INFO o.a.j.t.JMeterThread: Thread started: jp@gc - Ultimate Thread Group 1-108
2020-04-03 21:29:51,471 INFO o.a.j.t.JMeterThread: Thread started: jp@gc - Ultimate Thread Group 1-236
2020-04-03 21:29:51,684 INFO o.a.j.t.JMeterThread: Thread started: jp@gc - Ultimate Thread Group 1-107
2020-04-03 21:29:51,885 INFO o.a.j.t.JMeterThread: Thread started: jp@gc - Ultimate Thread Group 1-235
2020-04-03 21:29:52,096 INFO o.a.j.t.JMeterThread: Thread started: jp@gc - Ultimate Thread Group 1-106
2020-04-03 21:29:52,296 INFO o.a.j.t.JMeterThread: Thread started: jp@gc - Ultimate Thread Group 1-234
2020-04-03 21:29:52,509 INFO o.a.j.t.JMeterThread: Thread started: jp@gc - Ultimate Thread Group 1-105
2020-04-03 21:29:52,710 INFO o.a.j.t.JMeterThread: Thread started: jp@gc - Ultimate Thread Group 1-233
2020-04-03 21:29:52,922 INFO o.a.j.t.JMeterThread: Thread started: jp@gc - Ultimate Thread Group 1-104
2020-04-03 21:29:53,122 INFO o.a.j.t.JMeterThread: Thread started: jp@gc - Ultimate Thread Group 1-232
2020-04-03 21:29:53,335 INFO o.a.j.t.JMeterThread: Thread started: jp@gc - Ultimate Thread Group 1-103
2020-04-03 21:29:53,535 INFO o.a.j.t.JMeterThread: Thread started: jp@gc - Ultimate Thread Group 1-231
2020-04-03 21:29:53,747 INFO o.a.j.t.JMeterThread: Thread started: jp@gc - Ultimate Thread Group 1-102
2020-04-03 21:29:53,947 INFO o.a.j.t.JMeterThread: Thread started: jp@gc - Ultimate Thread Group 1-230
2020-04-03 21:29:54,159 INFO o.a.j.t.JMeterThread: Thread started: jp@gc - Ultimate Thread Group 1-101
2020-04-03 21:29:54,360 INFO o.a.j.t.JMeterThread: Thread started: jp@gc - Ultimate Thread Group 1-229
2020-04-03 21:29:54,572 INFO o.a.j.t.JMeterThread: Thread started: jp@gc - Ultimate Thread Group 1-100
2020-04-03 21:29:54,772 INFO o.a.j.t.JMeterThread: Thread started: jp@gc - Ultimate Thread Group 1-228
2020-04-03 21:29:54,984 INFO o.a.j.t.JMeterThread: Thread started: jp@gc - Ultimate Thread Group 1-99
2020-04-03 21:29:55,184 INFO o.a.j.t.JMeterThread: Thread started: jp@gc - Ultimate Thread Group 1-227
2020-04-03 21:29:55,396 INFO o.a.j.t.JMeterThread: Thread started: jp@gc - Ultimate Thread Group 1-98
2020-04-03 21:29:55,596 INFO o.a.j.t.JMeterThread: Thread started: jp@gc - Ultimate Thread Group 1-226
2020-04-03 21:29:55,810 INFO o.a.j.t.JMeterThread: Thread started: jp@gc - Ultimate Thread Group 1-97
2020-04-03 21:29:56,010 INFO o.a.j.t.JMeterThread: Thread started: jp@gc - Ultimate Thread Group 1-225
2020-04-03 21:29:56,222 INFO o.a.j.t.JMeterThread: Thread started: jp@gc - Ultimate Thread Group 1-96
2020-04-03 21:29:56,422 INFO o.a.j.t.JMeterThread: Thread started: jp@gc - Ultimate Thread Group 1-224
2020-04-03 21:29:56,634 INFO o.a.j.t.JMeterThread: Thread started: jp@gc - Ultimate Thread Group 1-95
2020-04-03 21:29:56,834 INFO o.a.j.t.JMeterThread: Thread started: jp@gc - Ultimate Thread Group 1-223
2020-04-03 21:29:57,046 INFO o.a.j.t.JMeterThread: Thread started: jp@gc - Ultimate Thread Group 1-94
2020-04-03 21:29:57,246 INFO o.a.j.t.JMeterThread: Thread started: jp@gc - Ultimate Thread Group 1-222
2020-04-03 21:29:57,459 INFO o.a.j.t.JMeterThread: Thread started: jp@gc - Ultimate Thread Group 1-93
2020-04-03 21:29:57,659 INFO o.a.j.t.JMeterThread: Thread started: jp@gc - Ultimate Thread Group 1-221
2020-04-03 21:29:57,872 INFO o.a.j.t.JMeterThread: Thread started: jp@gc - Ultimate Thread Group 1-92
2020-04-03 21:29:58,071 INFO o.a.j.t.JMeterThread: Thread started: jp@gc - Ultimate Thread Group 1-220
2020-04-03 21:29:58,285 INFO o.a.j.t.JMeterThread: Thread started: jp@gc - Ultimate Thread Group 1-91
2020-04-03 21:29:58,484 INFO o.a.j.t.JMeterThread: Thread started: jp@gc - Ultimate Thread Group 1-219
2020-04-03 21:29:58,697 INFO o.a.j.t.JMeterThread: Thread started: jp@gc - Ultimate Thread Group 1-90
2020-04-03 21:29:58,897 INFO o.a.j.t.JMeterThread: Thread started: jp@gc - Ultimate Thread Group 1-218
2020-04-03 21:29:59,109 INFO o.a.j.t.JMeterThread: Thread started: jp@gc - Ultimate Thread Group 1-89
2020-04-03 21:29:59,310 INFO o.a.j.t.JMeterThread: Thread started: jp@gc - Ultimate Thread Group 1-217
2020-04-03 21:29:59,522 INFO o.a.j.t.JMeterThread: Thread started: jp@gc - Ultimate Thread Group 1-88
2020-04-03 21:29:59,722 INFO o.a.j.t.JMeterThread: Thread started: jp@gc - Ultimate Thread Group 1-216
2020-04-03 21:29:59,935 INFO o.a.j.t.JMeterThread: Thread started: jp@gc - Ultimate Thread Group 1-87
2020-04-03 21:30:00,134 INFO o.a.j.t.JMeterThread: Thread started: jp@gc - Ultimate Thread Group 1-215
2020-04-03 21:30:00,347 INFO o.a.j.t.JMeterThread: Thread started: jp@gc - Ultimate Thread Group 1-86
2020-04-03 21:30:00,547 INFO o.a.j.t.JMeterThread: Thread started: jp@gc - Ultimate Thread Group 1-214
2020-04-03 21:30:00,711 INFO o.a.j.r.Summariser: summary +     26 in 00:00:30 =    0.9/s Avg: 25210 Min: 14694 Max: 36422 Err:     0 (0.00%) Active: 182 Started: 182 Finished: 0
2020-04-03 21:30:00,712 INFO o.a.j.r.Summariser: summary =     53 in 00:00:51 =    1.0/s Avg: 15963 Min:  1039 Max: 36422 Err:     0 (0.00%)
2020-04-03 21:30:00,759 INFO o.a.j.t.JMeterThread: Thread started: jp@gc - Ultimate Thread Group 1-85
2020-04-03 21:30:00,960 INFO o.a.j.t.JMeterThread: Thread started: jp@gc - Ultimate Thread Group 1-213
2020-04-03 21:30:01,172 INFO o.a.j.t.JMeterThread: Thread started: jp@gc - Ultimate Thread Group 1-84
2020-04-03 21:30:01,372 INFO o.a.j.t.JMeterThread: Thread started: jp@gc - Ultimate Thread Group 1-212
2020-04-03 21:30:01,584 INFO o.a.j.t.JMeterThread: Thread started: jp@gc - Ultimate Thread Group 1-83
2020-04-03 21:30:01,784 INFO o.a.j.t.JMeterThread: Thread started: jp@gc - Ultimate Thread Group 1-211
2020-04-03 21:30:01,997 INFO o.a.j.t.JMeterThread: Thread started: jp@gc - Ultimate Thread Group 1-82
2020-04-03 21:30:02,196 INFO o.a.j.t.JMeterThread: Thread started: jp@gc - Ultimate Thread Group 1-210
2020-04-03 21:30:02,410 INFO o.a.j.t.JMeterThread: Thread started: jp@gc - Ultimate Thread Group 1-81
2020-04-03 21:30:02,610 INFO o.a.j.t.JMeterThread: Thread started: jp@gc - Ultimate Thread Group 1-209
2020-04-03 21:30:03,022 INFO o.a.j.t.JMeterThread: Thread started: jp@gc - Ultimate Thread Group 1-208
2020-04-03 21:30:03,435 INFO o.a.j.t.JMeterThread: Thread started: jp@gc - Ultimate Thread Group 1-207
2020-04-03 21:30:03,846 INFO o.a.j.t.JMeterThread: Thread started: jp@gc - Ultimate Thread Group 1-206
2020-04-03 21:30:04,260 INFO o.a.j.t.JMeterThread: Thread started: jp@gc - Ultimate Thread Group 1-205
2020-04-03 21:30:04,671 INFO o.a.j.t.JMeterThread: Thread started: jp@gc - Ultimate Thread Group 1-204
2020-04-03 21:30:05,084 INFO o.a.j.t.JMeterThread: Thread started: jp@gc - Ultimate Thread Group 1-203
2020-04-03 21:30:05,496 INFO o.a.j.t.JMeterThread: Thread started: jp@gc - Ultimate Thread Group 1-202
2020-04-03 21:30:05,910 INFO o.a.j.t.JMeterThread: Thread started: jp@gc - Ultimate Thread Group 1-201
2020-04-03 21:30:06,322 INFO o.a.j.t.JMeterThread: Thread started: jp@gc - Ultimate Thread Group 1-200
2020-04-03 21:30:06,734 INFO o.a.j.t.JMeterThread: Thread started: jp@gc - Ultimate Thread Group 1-199
2020-04-03 21:30:07,146 INFO o.a.j.t.JMeterThread: Thread started: jp@gc - Ultimate Thread Group 1-198
2020-04-03 21:30:07,559 INFO o.a.j.t.JMeterThread: Thread started: jp@gc - Ultimate Thread Group 1-197
2020-04-03 21:30:07,972 INFO o.a.j.t.JMeterThread: Thread started: jp@gc - Ultimate Thread Group 1-196
2020-04-03 21:30:08,385 INFO o.a.j.t.JMeterThread: Thread started: jp@gc - Ultimate Thread Group 1-195
2020-04-03 21:30:08,796 INFO o.a.j.t.JMeterThread: Thread started: jp@gc - Ultimate Thread Group 1-194
2020-04-03 21:30:09,209 INFO o.a.j.t.JMeterThread: Thread started: jp@gc - Ultimate Thread Group 1-193
2020-04-03 21:30:09,621 INFO o.a.j.t.JMeterThread: Thread started: jp@gc - Ultimate Thread Group 1-192
2020-04-03 21:30:10,035 INFO o.a.j.t.JMeterThread: Thread started: jp@gc - Ultimate Thread Group 1-191
2020-04-03 21:30:10,447 INFO o.a.j.t.JMeterThread: Thread started: jp@gc - Ultimate Thread Group 1-190
2020-04-03 21:30:10,859 INFO o.a.j.t.JMeterThread: Thread started: jp@gc - Ultimate Thread Group 1-189
2020-04-03 21:30:11,272 INFO o.a.j.t.JMeterThread: Thread started: jp@gc - Ultimate Thread Group 1-188
2020-04-03 21:30:11,684 INFO o.a.j.t.JMeterThread: Thread started: jp@gc - Ultimate Thread Group 1-187
2020-04-03 21:30:12,096 INFO o.a.j.t.JMeterThread: Thread started: jp@gc - Ultimate Thread Group 1-186
2020-04-03 21:30:12,509 INFO o.a.j.t.JMeterThread: Thread started: jp@gc - Ultimate Thread Group 1-185
2020-04-03 21:30:12,922 INFO o.a.j.t.JMeterThread: Thread started: jp@gc - Ultimate Thread Group 1-184
2020-04-03 21:30:13,335 INFO o.a.j.t.JMeterThread: Thread started: jp@gc - Ultimate Thread Group 1-183
2020-04-03 21:30:13,746 INFO o.a.j.t.JMeterThread: Thread started: jp@gc - Ultimate Thread Group 1-182
2020-04-03 21:30:14,159 INFO o.a.j.t.JMeterThread: Thread started: jp@gc - Ultimate Thread Group 1-181
2020-04-03 21:30:14,571 INFO o.a.j.t.JMeterThread: Thread started: jp@gc - Ultimate Thread Group 1-180
2020-04-03 21:30:14,985 INFO o.a.j.t.JMeterThread: Thread started: jp@gc - Ultimate Thread Group 1-179
2020-04-03 21:30:15,397 INFO o.a.j.t.JMeterThread: Thread started: jp@gc - Ultimate Thread Group 1-178
2020-04-03 21:30:15,810 INFO o.a.j.t.JMeterThread: Thread started: jp@gc - Ultimate Thread Group 1-177
2020-04-03 21:30:16,222 INFO o.a.j.t.JMeterThread: Thread started: jp@gc - Ultimate Thread Group 1-176
2020-04-03 21:30:16,635 INFO o.a.j.t.JMeterThread: Thread started: jp@gc - Ultimate Thread Group 1-175
2020-04-03 21:30:17,047 INFO o.a.j.t.JMeterThread: Thread started: jp@gc - Ultimate Thread Group 1-174
2020-04-03 21:30:17,460 INFO o.a.j.t.JMeterThread: Thread started: jp@gc - Ultimate Thread Group 1-173
2020-04-03 21:30:17,871 INFO o.a.j.t.JMeterThread: Thread started: jp@gc - Ultimate Thread Group 1-172
2020-04-03 21:30:18,284 INFO o.a.j.t.JMeterThread: Thread started: jp@gc - Ultimate Thread Group 1-171
2020-04-03 21:30:18,697 INFO o.a.j.t.JMeterThread: Thread started: jp@gc - Ultimate Thread Group 1-170
2020-04-03 21:30:19,110 INFO o.a.j.t.JMeterThread: Thread started: jp@gc - Ultimate Thread Group 1-169
2020-04-03 21:30:19,521 INFO o.a.j.t.JMeterThread: Thread started: jp@gc - Ultimate Thread Group 1-168
2020-04-03 21:30:19,935 INFO o.a.j.t.JMeterThread: Thread started: jp@gc - Ultimate Thread Group 1-167
2020-04-03 21:30:20,347 INFO o.a.j.t.JMeterThread: Thread started: jp@gc - Ultimate Thread Group 1-166
2020-04-03 21:30:20,760 INFO o.a.j.t.JMeterThread: Thread started: jp@gc - Ultimate Thread Group 1-165
2020-04-03 21:30:21,172 INFO o.a.j.t.JMeterThread: Thread started: jp@gc - Ultimate Thread Group 1-164
2020-04-03 21:30:21,585 INFO o.a.j.t.JMeterThread: Thread started: jp@gc - Ultimate Thread Group 1-163
2020-04-03 21:30:21,996 INFO o.a.j.t.JMeterThread: Thread started: jp@gc - Ultimate Thread Group 1-162
2020-04-03 21:30:22,410 INFO o.a.j.t.JMeterThread: Thread started: jp@gc - Ultimate Thread Group 1-161
2020-04-03 21:30:30,402 INFO o.a.j.r.Summariser: summary +     45 in 00:00:30 =    1.5/s Avg: 49241 Min: 37568 Max: 56764 Err:     0 (0.00%) Active: 240 Started: 240 Finished: 0
2020-04-03 21:30:30,403 INFO o.a.j.r.Summariser: summary =     98 in 00:01:21 =    1.2/s Avg: 31244 Min:  1039 Max: 56764 Err:     0 (0.00%)
2020-04-03 21:31:00,797 INFO o.a.j.r.Summariser: summary +    100 in 00:00:30 =    3.3/s Avg: 62208 Min: 56808 Max: 67543 Err:     0 (0.00%) Active: 240 Started: 240 Finished: 0
2020-04-03 21:31:00,798 INFO o.a.j.r.Summariser: summary =    198 in 00:01:52 =    1.8/s Avg: 46882 Min:  1039 Max: 67543 Err:     0 (0.00%)
2020-04-03 21:31:30,082 INFO o.a.j.r.Summariser: summary +     39 in 00:00:29 =    1.3/s Avg: 79575 Min: 66959 Max: 89532 Err:     0 (0.00%) Active: 240 Started: 240 Finished: 0
2020-04-03 21:31:30,083 INFO o.a.j.r.Summariser: summary =    237 in 00:02:21 =    1.7/s Avg: 52262 Min:  1039 Max: 89532 Err:     0 (0.00%)
2020-04-03 21:32:00,397 INFO o.a.j.r.Summariser: summary +     98 in 00:00:30 =    3.2/s Avg: 92116 Min: 87061 Max: 95935 Err:     0 (0.00%) Active: 240 Started: 240 Finished: 0
2020-04-03 21:32:00,398 INFO o.a.j.r.Summariser: summary =    335 in 00:02:51 =    2.0/s Avg: 63921 Min:  1039 Max: 95935 Err:     0 (0.00%)
2020-04-03 21:32:30,492 INFO o.a.j.r.Summariser: summary +     46 in 00:00:30 =    1.5/s Avg: 96907 Min: 88959 Max: 107021 Err:     0 (0.00%) Active: 240 Started: 240 Finished: 0
2020-04-03 21:32:30,493 INFO o.a.j.r.Summariser: summary =    381 in 00:03:21 =    1.9/s Avg: 67904 Min:  1039 Max: 107021 Err:     0 (0.00%)
2020-04-03 21:33:00,379 INFO o.a.j.r.Summariser: summary +     89 in 00:00:30 =    3.0/s Avg: 107163 Min: 91348 Max: 114554 Err:     0 (0.00%) Active: 240 Started: 240 Finished: 0
2020-04-03 21:33:00,380 INFO o.a.j.r.Summariser: summary =    470 in 00:03:51 =    2.0/s Avg: 75338 Min:  1039 Max: 114554 Err:     0 (0.00%)
2020-04-03 21:33:23,129 INFO o.a.j.t.JMeterThread: Stopping because end time detected by thread: jp@gc - Ultimate Thread Group 1-186
2020-04-03 21:33:23,130 INFO o.a.j.t.JMeterThread: Thread finished: jp@gc - Ultimate Thread Group 1-186
2020-04-03 21:33:24,035 INFO o.a.j.t.JMeterThread: Stopping because end time detected by thread: jp@gc - Ultimate Thread Group 1-187
2020-04-03 21:33:24,035 INFO o.a.j.t.JMeterThread: Thread finished: jp@gc - Ultimate Thread Group 1-187
2020-04-03 21:33:25,858 INFO o.a.j.t.JMeterThread: Stopping because end time detected by thread: jp@gc - Ultimate Thread Group 1-189
2020-04-03 21:33:25,859 INFO o.a.j.t.JMeterThread: Thread finished: jp@gc - Ultimate Thread Group 1-189
2020-04-03 21:33:26,101 INFO o.a.j.t.JMeterThread: Stopping because end time detected by thread: jp@gc - Ultimate Thread Group 1-40
2020-04-03 21:33:26,101 INFO o.a.j.t.JMeterThread: Thread finished: jp@gc - Ultimate Thread Group 1-40
2020-04-03 21:33:27,798 INFO o.a.j.t.JMeterThread: Stopping because end time detected by thread: jp@gc - Ultimate Thread Group 1-185
2020-04-03 21:33:27,799 INFO o.a.j.t.JMeterThread: Thread finished: jp@gc - Ultimate Thread Group 1-185
2020-04-03 21:33:27,813 INFO o.a.j.t.JMeterThread: Stopping because end time detected by thread: jp@gc - Ultimate Thread Group 1-193
2020-04-03 21:33:27,813 INFO o.a.j.t.JMeterThread: Thread finished: jp@gc - Ultimate Thread Group 1-193
2020-04-03 21:33:27,864 INFO o.a.j.t.JMeterThread: Stopping because end time detected by thread: jp@gc - Ultimate Thread Group 1-65
2020-04-03 21:33:27,865 INFO o.a.j.t.JMeterThread: Thread finished: jp@gc - Ultimate Thread Group 1-65
2020-04-03 21:33:30,347 INFO o.a.j.r.Summariser: summary +     50 in 00:00:30 =    1.7/s Avg: 94375 Min: 90249 Max: 105658 Err:     0 (0.00%) Active: 233 Started: 240 Finished: 7
2020-04-03 21:33:30,348 INFO o.a.j.r.Summariser: summary =    520 in 00:04:21 =    2.0/s Avg: 77168 Min:  1039 Max: 114554 Err:     0 (0.00%)
2020-04-03 21:33:30,348 INFO o.a.j.t.JMeterThread: Stopping because end time detected by thread: jp@gc - Ultimate Thread Group 1-180
2020-04-03 21:33:30,348 INFO o.a.j.t.JMeterThread: Thread finished: jp@gc - Ultimate Thread Group 1-180
2020-04-03 21:33:30,423 INFO o.a.j.t.JMeterThread: Stopping because end time detected by thread: jp@gc - Ultimate Thread Group 1-191
2020-04-03 21:33:30,423 INFO o.a.j.t.JMeterThread: Thread finished: jp@gc - Ultimate Thread Group 1-191
2020-04-03 21:33:30,520 INFO o.a.j.t.JMeterThread: Stopping because end time detected by thread: jp@gc - Ultimate Thread Group 1-177
2020-04-03 21:33:30,520 INFO o.a.j.t.JMeterThread: Thread finished: jp@gc - Ultimate Thread Group 1-177
2020-04-03 21:33:30,737 INFO o.a.j.t.JMeterThread: Stopping because end time detected by thread: jp@gc - Ultimate Thread Group 1-179
2020-04-03 21:33:30,737 INFO o.a.j.t.JMeterThread: Thread finished: jp@gc - Ultimate Thread Group 1-179
2020-04-03 21:33:30,929 INFO o.a.j.t.JMeterThread: Stopping because end time detected by thread: jp@gc - Ultimate Thread Group 1-181
2020-04-03 21:33:30,929 INFO o.a.j.t.JMeterThread: Thread finished: jp@gc - Ultimate Thread Group 1-181
2020-04-03 21:33:30,938 INFO o.a.j.t.JMeterThread: Stopping because end time detected by thread: jp@gc - Ultimate Thread Group 1-178
2020-04-03 21:33:30,938 INFO o.a.j.t.JMeterThread: Thread finished: jp@gc - Ultimate Thread Group 1-178
2020-04-03 21:33:31,138 INFO o.a.j.t.JMeterThread: Stopping because end time detected by thread: jp@gc - Ultimate Thread Group 1-188
2020-04-03 21:33:31,138 INFO o.a.j.t.JMeterThread: Thread finished: jp@gc - Ultimate Thread Group 1-188
2020-04-03 21:33:32,759 INFO o.a.j.t.JMeterThread: Stopping because end time detected by thread: jp@gc - Ultimate Thread Group 1-184
2020-04-03 21:33:32,759 INFO o.a.j.t.JMeterThread: Thread finished: jp@gc - Ultimate Thread Group 1-184
2020-04-03 21:33:33,221 INFO o.a.j.t.JMeterThread: Stopping because end time detected by thread: jp@gc - Ultimate Thread Group 1-39
2020-04-03 21:33:33,221 INFO o.a.j.t.JMeterThread: Thread finished: jp@gc - Ultimate Thread Group 1-39
2020-04-03 21:33:33,268 INFO o.a.j.t.JMeterThread: Stopping because end time detected by thread: jp@gc - Ultimate Thread Group 1-176
2020-04-03 21:33:33,268 INFO o.a.j.t.JMeterThread: Thread finished: jp@gc - Ultimate Thread Group 1-176
2020-04-03 21:33:33,623 INFO o.a.j.t.JMeterThread: Stopping because end time detected by thread: jp@gc - Ultimate Thread Group 1-183
2020-04-03 21:33:33,623 INFO o.a.j.t.JMeterThread: Thread finished: jp@gc - Ultimate Thread Group 1-183
2020-04-03 21:33:33,711 INFO o.a.j.t.JMeterThread: Stopping because end time detected by thread: jp@gc - Ultimate Thread Group 1-38
2020-04-03 21:33:33,712 INFO o.a.j.t.JMeterThread: Thread finished: jp@gc - Ultimate Thread Group 1-38
2020-04-03 21:33:33,877 INFO o.a.j.t.JMeterThread: Stopping because end time detected by thread: jp@gc - Ultimate Thread Group 1-175
2020-04-03 21:33:33,877 INFO o.a.j.t.JMeterThread: Thread finished: jp@gc - Ultimate Thread Group 1-175
2020-04-03 21:33:35,776 INFO o.a.j.t.JMeterThread: Stopping because end time detected by thread: jp@gc - Ultimate Thread Group 1-182
2020-04-03 21:33:35,776 INFO o.a.j.t.JMeterThread: Thread finished: jp@gc - Ultimate Thread Group 1-182
2020-04-03 21:33:35,949 INFO o.a.j.t.JMeterThread: Stopping because end time detected by thread: jp@gc - Ultimate Thread Group 1-173
2020-04-03 21:33:35,949 INFO o.a.j.t.JMeterThread: Thread finished: jp@gc - Ultimate Thread Group 1-173
2020-04-03 21:33:36,593 INFO o.a.j.t.JMeterThread: Stopping because end time detected by thread: jp@gc - Ultimate Thread Group 1-37
2020-04-03 21:33:36,593 INFO o.a.j.t.JMeterThread: Thread finished: jp@gc - Ultimate Thread Group 1-37
2020-04-03 21:33:37,303 INFO o.a.j.t.JMeterThread: Stopping because end time detected by thread: jp@gc - Ultimate Thread Group 1-74
2020-04-03 21:33:37,304 INFO o.a.j.t.JMeterThread: Thread finished: jp@gc - Ultimate Thread Group 1-74
2020-04-03 21:33:37,520 INFO o.a.j.t.JMeterThread: Stopping because end time detected by thread: jp@gc - Ultimate Thread Group 1-35
2020-04-03 21:33:37,521 INFO o.a.j.t.JMeterThread: Thread finished: jp@gc - Ultimate Thread Group 1-35
2020-04-03 21:33:38,256 INFO o.a.j.t.JMeterThread: Stopping because end time detected by thread: jp@gc - Ultimate Thread Group 1-170
2020-04-03 21:33:38,257 INFO o.a.j.t.JMeterThread: Thread finished: jp@gc - Ultimate Thread Group 1-170
2020-04-03 21:33:38,630 INFO o.a.j.t.JMeterThread: Stopping because end time detected by thread: jp@gc - Ultimate Thread Group 1-171
2020-04-03 21:33:38,631 INFO o.a.j.t.JMeterThread: Thread finished: jp@gc - Ultimate Thread Group 1-171
2020-04-03 21:33:38,877 INFO o.a.j.t.JMeterThread: Stopping because end time detected by thread: jp@gc - Ultimate Thread Group 1-167
2020-04-03 21:33:38,878 INFO o.a.j.t.JMeterThread: Thread finished: jp@gc - Ultimate Thread Group 1-167
2020-04-03 21:33:39,359 INFO o.a.j.t.JMeterThread: Stopping because end time detected by thread: jp@gc - Ultimate Thread Group 1-34
2020-04-03 21:33:39,359 INFO o.a.j.t.JMeterThread: Thread finished: jp@gc - Ultimate Thread Group 1-34
2020-04-03 21:33:39,390 INFO o.a.j.t.JMeterThread: Stopping because end time detected by thread: jp@gc - Ultimate Thread Group 1-64
2020-04-03 21:33:39,391 INFO o.a.j.t.JMeterThread: Thread finished: jp@gc - Ultimate Thread Group 1-64
2020-04-03 21:33:39,655 INFO o.a.j.t.JMeterThread: Stopping because end time detected by thread: jp@gc - Ultimate Thread Group 1-172
2020-04-03 21:33:39,656 INFO o.a.j.t.JMeterThread: Thread finished: jp@gc - Ultimate Thread Group 1-172
2020-04-03 21:33:40,393 INFO o.a.j.t.JMeterThread: Stopping because end time detected by thread: jp@gc - Ultimate Thread Group 1-33
2020-04-03 21:33:40,393 INFO o.a.j.t.JMeterThread: Thread finished: jp@gc - Ultimate Thread Group 1-33
2020-04-03 21:33:40,494 INFO o.a.j.t.JMeterThread: Stopping because end time detected by thread: jp@gc - Ultimate Thread Group 1-160
2020-04-03 21:33:40,495 INFO o.a.j.t.JMeterThread: Thread finished: jp@gc - Ultimate Thread Group 1-160
2020-04-03 21:33:42,138 INFO o.a.j.t.JMeterThread: Stopping because end time detected by thread: jp@gc - Ultimate Thread Group 1-166
2020-04-03 21:33:42,139 INFO o.a.j.t.JMeterThread: Thread finished: jp@gc - Ultimate Thread Group 1-166
2020-04-03 21:33:42,275 INFO o.a.j.t.JMeterThread: Stopping because end time detected by thread: jp@gc - Ultimate Thread Group 1-169
2020-04-03 21:33:42,275 INFO o.a.j.t.JMeterThread: Thread finished: jp@gc - Ultimate Thread Group 1-169
2020-04-03 21:33:42,434 INFO o.a.j.t.JMeterThread: Stopping because end time detected by thread: jp@gc - Ultimate Thread Group 1-174
2020-04-03 21:33:42,435 INFO o.a.j.t.JMeterThread: Thread finished: jp@gc - Ultimate Thread Group 1-174
2020-04-03 21:33:42,958 INFO o.a.j.t.JMeterThread: Stopping because end time detected by thread: jp@gc - Ultimate Thread Group 1-36
2020-04-03 21:33:42,959 INFO o.a.j.t.JMeterThread: Thread finished: jp@gc - Ultimate Thread Group 1-36
2020-04-03 21:33:43,677 INFO o.a.j.t.JMeterThread: Stopping because end time detected by thread: jp@gc - Ultimate Thread Group 1-164
2020-04-03 21:33:43,678 INFO o.a.j.t.JMeterThread: Thread finished: jp@gc - Ultimate Thread Group 1-164
2020-04-03 21:33:43,818 INFO o.a.j.t.JMeterThread: Stopping because end time detected by thread: jp@gc - Ultimate Thread Group 1-168
2020-04-03 21:33:43,818 INFO o.a.j.t.JMeterThread: Thread finished: jp@gc - Ultimate Thread Group 1-168
2020-04-03 21:33:44,212 INFO o.a.j.t.JMeterThread: Stopping because end time detected by thread: jp@gc - Ultimate Thread Group 1-162
2020-04-03 21:33:44,212 INFO o.a.j.t.JMeterThread: Thread finished: jp@gc - Ultimate Thread Group 1-162
2020-04-03 21:33:45,824 INFO o.a.j.t.JMeterThread: Stopping because end time detected by thread: jp@gc - Ultimate Thread Group 1-165
2020-04-03 21:33:45,824 INFO o.a.j.t.JMeterThread: Thread finished: jp@gc - Ultimate Thread Group 1-165
2020-04-03 21:33:45,902 INFO o.a.j.t.JMeterThread: Stopping because end time detected by thread: jp@gc - Ultimate Thread Group 1-158
2020-04-03 21:33:45,903 INFO o.a.j.t.JMeterThread: Thread finished: jp@gc - Ultimate Thread Group 1-158
2020-04-03 21:33:46,770 INFO o.a.j.t.JMeterThread: Stopping because end time detected by thread: jp@gc - Ultimate Thread Group 1-163
2020-04-03 21:33:46,770 INFO o.a.j.t.JMeterThread: Thread finished: jp@gc - Ultimate Thread Group 1-163
2020-04-03 21:33:47,094 INFO o.a.j.t.JMeterThread: Stopping because end time detected by thread: jp@gc - Ultimate Thread Group 1-78
2020-04-03 21:33:47,095 INFO o.a.j.t.JMeterThread: Thread finished: jp@gc - Ultimate Thread Group 1-78
2020-04-03 21:33:47,131 INFO o.a.j.t.JMeterThread: Stopping because end time detected by thread: jp@gc - Ultimate Thread Group 1-157
2020-04-03 21:33:47,132 INFO o.a.j.t.JMeterThread: Thread finished: jp@gc - Ultimate Thread Group 1-157
2020-04-03 21:33:47,229 INFO o.a.j.t.JMeterThread: Stopping because end time detected by thread: jp@gc - Ultimate Thread Group 1-159
2020-04-03 21:33:47,230 INFO o.a.j.t.JMeterThread: Thread finished: jp@gc - Ultimate Thread Group 1-159
2020-04-03 21:33:47,391 INFO o.a.j.t.JMeterThread: Stopping because end time detected by thread: jp@gc - Ultimate Thread Group 1-30
2020-04-03 21:33:47,391 INFO o.a.j.t.JMeterThread: Thread finished: jp@gc - Ultimate Thread Group 1-30
2020-04-03 21:33:47,736 INFO o.a.j.t.JMeterThread: Stopping because end time detected by thread: jp@gc - Ultimate Thread Group 1-154
2020-04-03 21:33:47,736 INFO o.a.j.t.JMeterThread: Thread finished: jp@gc - Ultimate Thread Group 1-154
2020-04-03 21:33:48,645 INFO o.a.j.t.JMeterThread: Stopping because end time detected by thread: jp@gc - Ultimate Thread Group 1-161
2020-04-03 21:33:48,646 INFO o.a.j.t.JMeterThread: Thread finished: jp@gc - Ultimate Thread Group 1-161
2020-04-03 21:33:49,704 INFO o.a.j.t.JMeterThread: Stopping because end time detected by thread: jp@gc - Ultimate Thread Group 1-26
2020-04-03 21:33:49,705 INFO o.a.j.t.JMeterThread: Thread finished: jp@gc - Ultimate Thread Group 1-26
2020-04-03 21:33:49,916 INFO o.a.j.t.JMeterThread: Stopping because end time detected by thread: jp@gc - Ultimate Thread Group 1-153
2020-04-03 21:33:49,916 INFO o.a.j.t.JMeterThread: Thread finished: jp@gc - Ultimate Thread Group 1-153
2020-04-03 21:33:49,945 INFO o.a.j.t.JMeterThread: Stopping because end time detected by thread: jp@gc - Ultimate Thread Group 1-63
2020-04-03 21:33:49,946 INFO o.a.j.t.JMeterThread: Thread finished: jp@gc - Ultimate Thread Group 1-63
2020-04-03 21:33:50,111 INFO o.a.j.t.JMeterThread: Stopping because end time detected by thread: jp@gc - Ultimate Thread Group 1-156
2020-04-03 21:33:50,111 INFO o.a.j.t.JMeterThread: Thread finished: jp@gc - Ultimate Thread Group 1-156
2020-04-03 21:33:50,442 INFO o.a.j.t.JMeterThread: Stopping because end time detected by thread: jp@gc - Ultimate Thread Group 1-32
2020-04-03 21:33:50,442 INFO o.a.j.t.JMeterThread: Thread finished: jp@gc - Ultimate Thread Group 1-32
2020-04-03 21:33:50,602 INFO o.a.j.t.JMeterThread: Stopping because end time detected by thread: jp@gc - Ultimate Thread Group 1-62
2020-04-03 21:33:50,602 INFO o.a.j.t.JMeterThread: Thread finished: jp@gc - Ultimate Thread Group 1-62
2020-04-03 21:33:50,949 INFO o.a.j.t.JMeterThread: Stopping because end time detected by thread: jp@gc - Ultimate Thread Group 1-27
2020-04-03 21:33:50,949 INFO o.a.j.t.JMeterThread: Thread finished: jp@gc - Ultimate Thread Group 1-27
2020-04-03 21:33:51,149 INFO o.a.j.t.JMeterThread: Stopping because end time detected by thread: jp@gc - Ultimate Thread Group 1-150
2020-04-03 21:33:51,150 INFO o.a.j.t.JMeterThread: Thread finished: jp@gc - Ultimate Thread Group 1-150
2020-04-03 21:33:51,711 INFO o.a.j.t.JMeterThread: Stopping because end time detected by thread: jp@gc - Ultimate Thread Group 1-31
2020-04-03 21:33:51,711 INFO o.a.j.t.JMeterThread: Thread finished: jp@gc - Ultimate Thread Group 1-31
2020-04-03 21:33:51,810 INFO o.a.j.t.JMeterThread: Stopping because end time detected by thread: jp@gc - Ultimate Thread Group 1-23
2020-04-03 21:33:51,811 INFO o.a.j.t.JMeterThread: Thread finished: jp@gc - Ultimate Thread Group 1-23
2020-04-03 21:33:51,898 INFO o.a.j.t.JMeterThread: Stopping because end time detected by thread: jp@gc - Ultimate Thread Group 1-29
2020-04-03 21:33:51,899 INFO o.a.j.t.JMeterThread: Thread finished: jp@gc - Ultimate Thread Group 1-29
2020-04-03 21:33:51,923 INFO o.a.j.t.JMeterThread: Stopping because end time detected by thread: jp@gc - Ultimate Thread Group 1-155
2020-04-03 21:33:51,923 INFO o.a.j.t.JMeterThread: Thread finished: jp@gc - Ultimate Thread Group 1-155
2020-04-03 21:33:52,000 INFO o.a.j.t.JMeterThread: Stopping because end time detected by thread: jp@gc - Ultimate Thread Group 1-25
2020-04-03 21:33:52,000 INFO o.a.j.t.JMeterThread: Thread finished: jp@gc - Ultimate Thread Group 1-25
2020-04-03 21:33:52,106 INFO o.a.j.t.JMeterThread: Stopping because end time detected by thread: jp@gc - Ultimate Thread Group 1-148
2020-04-03 21:33:52,107 INFO o.a.j.t.JMeterThread: Thread finished: jp@gc - Ultimate Thread Group 1-148
2020-04-03 21:33:52,388 INFO o.a.j.t.JMeterThread: Stopping because end time detected by thread: jp@gc - Ultimate Thread Group 1-149
2020-04-03 21:33:52,388 INFO o.a.j.t.JMeterThread: Thread finished: jp@gc - Ultimate Thread Group 1-149
2020-04-03 21:33:52,944 INFO o.a.j.t.JMeterThread: Stopping because end time detected by thread: jp@gc - Ultimate Thread Group 1-22
2020-04-03 21:33:52,945 INFO o.a.j.t.JMeterThread: Thread finished: jp@gc - Ultimate Thread Group 1-22
2020-04-03 21:33:53,094 INFO o.a.j.t.JMeterThread: Stopping because end time detected by thread: jp@gc - Ultimate Thread Group 1-151
2020-04-03 21:33:53,094 INFO o.a.j.t.JMeterThread: Thread finished: jp@gc - Ultimate Thread Group 1-151
2020-04-03 21:33:54,040 INFO o.a.j.t.JMeterThread: Stopping because end time detected by thread: jp@gc - Ultimate Thread Group 1-147
2020-04-03 21:33:54,040 INFO o.a.j.t.JMeterThread: Thread finished: jp@gc - Ultimate Thread Group 1-147
2020-04-03 21:33:54,054 INFO o.a.j.t.JMeterThread: Stopping because end time detected by thread: jp@gc - Ultimate Thread Group 1-73
2020-04-03 21:33:54,054 INFO o.a.j.t.JMeterThread: Thread finished: jp@gc - Ultimate Thread Group 1-73
2020-04-03 21:33:54,598 INFO o.a.j.t.JMeterThread: Stopping because end time detected by thread: jp@gc - Ultimate Thread Group 1-28
2020-04-03 21:33:54,598 INFO o.a.j.t.JMeterThread: Thread finished: jp@gc - Ultimate Thread Group 1-28
2020-04-03 21:33:54,687 INFO o.a.j.t.JMeterThread: Stopping because end time detected by thread: jp@gc - Ultimate Thread Group 1-60
2020-04-03 21:33:54,687 INFO o.a.j.t.JMeterThread: Thread finished: jp@gc - Ultimate Thread Group 1-60
2020-04-03 21:33:54,812 INFO o.a.j.t.JMeterThread: Stopping because end time detected by thread: jp@gc - Ultimate Thread Group 1-152
2020-04-03 21:33:54,812 INFO o.a.j.t.JMeterThread: Thread finished: jp@gc - Ultimate Thread Group 1-152
2020-04-03 21:33:54,856 INFO o.a.j.t.JMeterThread: Stopping because end time detected by thread: jp@gc - Ultimate Thread Group 1-18
2020-04-03 21:33:54,857 INFO o.a.j.t.JMeterThread: Thread finished: jp@gc - Ultimate Thread Group 1-18
2020-04-03 21:33:55,059 INFO o.a.j.t.JMeterThread: Stopping because end time detected by thread: jp@gc - Ultimate Thread Group 1-61
2020-04-03 21:33:55,059 INFO o.a.j.t.JMeterThread: Thread finished: jp@gc - Ultimate Thread Group 1-61
2020-04-03 21:33:55,286 INFO o.a.j.t.JMeterThread: Stopping because end time detected by thread: jp@gc - Ultimate Thread Group 1-24
2020-04-03 21:33:55,287 INFO o.a.j.t.JMeterThread: Thread finished: jp@gc - Ultimate Thread Group 1-24
2020-04-03 21:33:55,351 INFO o.a.j.t.JMeterThread: Stopping because end time detected by thread: jp@gc - Ultimate Thread Group 1-19
2020-04-03 21:33:55,352 INFO o.a.j.t.JMeterThread: Thread finished: jp@gc - Ultimate Thread Group 1-19
2020-04-03 21:33:55,677 INFO o.a.j.t.JMeterThread: Stopping because end time detected by thread: jp@gc - Ultimate Thread Group 1-20
2020-04-03 21:33:55,677 INFO o.a.j.t.JMeterThread: Thread finished: jp@gc - Ultimate Thread Group 1-20
2020-04-03 21:33:56,159 INFO o.a.j.t.JMeterThread: Stopping because end time detected by thread: jp@gc - Ultimate Thread Group 1-146
2020-04-03 21:33:56,159 INFO o.a.j.t.JMeterThread: Thread finished: jp@gc - Ultimate Thread Group 1-146
2020-04-03 21:33:56,581 INFO o.a.j.t.JMeterThread: Stopping because end time detected by thread: jp@gc - Ultimate Thread Group 1-21
2020-04-03 21:33:56,581 INFO o.a.j.t.JMeterThread: Thread finished: jp@gc - Ultimate Thread Group 1-21
2020-04-03 21:33:56,933 INFO o.a.j.t.JMeterThread: Stopping because end time detected by thread: jp@gc - Ultimate Thread Group 1-142
2020-04-03 21:33:56,934 INFO o.a.j.t.JMeterThread: Thread finished: jp@gc - Ultimate Thread Group 1-142
2020-04-03 21:33:57,091 INFO o.a.j.t.JMeterThread: Stopping because end time detected by thread: jp@gc - Ultimate Thread Group 1-13
2020-04-03 21:33:57,091 INFO o.a.j.t.JMeterThread: Thread finished: jp@gc - Ultimate Thread Group 1-13
2020-04-03 21:33:57,274 INFO o.a.j.t.JMeterThread: Stopping because end time detected by thread: jp@gc - Ultimate Thread Group 1-17
2020-04-03 21:33:57,274 INFO o.a.j.t.JMeterThread: Thread finished: jp@gc - Ultimate Thread Group 1-17
2020-04-03 21:33:57,502 INFO o.a.j.t.JMeterThread: Stopping because end time detected by thread: jp@gc - Ultimate Thread Group 1-145
2020-04-03 21:33:57,503 INFO o.a.j.t.JMeterThread: Thread finished: jp@gc - Ultimate Thread Group 1-145
2020-04-03 21:33:57,747 INFO o.a.j.t.JMeterThread: Stopping because end time detected by thread: jp@gc - Ultimate Thread Group 1-144
2020-04-03 21:33:57,748 INFO o.a.j.t.JMeterThread: Thread finished: jp@gc - Ultimate Thread Group 1-144
2020-04-03 21:33:57,997 INFO o.a.j.t.JMeterThread: Stopping because end time detected by thread: jp@gc - Ultimate Thread Group 1-14
2020-04-03 21:33:57,997 INFO o.a.j.t.JMeterThread: Thread finished: jp@gc - Ultimate Thread Group 1-14
2020-04-03 21:33:58,823 INFO o.a.j.t.JMeterThread: Stopping because end time detected by thread: jp@gc - Ultimate Thread Group 1-59
2020-04-03 21:33:58,823 INFO o.a.j.t.JMeterThread: Thread finished: jp@gc - Ultimate Thread Group 1-59
2020-04-03 21:33:59,729 INFO o.a.j.t.JMeterThread: Stopping because end time detected by thread: jp@gc - Ultimate Thread Group 1-72
2020-04-03 21:33:59,730 INFO o.a.j.t.JMeterThread: Thread finished: jp@gc - Ultimate Thread Group 1-72
2020-04-03 21:34:00,038 INFO o.a.j.r.Summariser: summary +     79 in 00:00:30 =    2.7/s Avg: 109693 Min: 102182 Max: 115096 Err:     0 (0.00%) Active: 154 Started: 240 Finished: 86
2020-04-03 21:34:00,038 INFO o.a.j.r.Summariser: summary =    599 in 00:04:51 =    2.1/s Avg: 81458 Min:  1039 Max: 115096 Err:     0 (0.00%)
2020-04-03 21:34:00,038 INFO o.a.j.t.JMeterThread: Stopping because end time detected by thread: jp@gc - Ultimate Thread Group 1-15
2020-04-03 21:34:00,038 INFO o.a.j.t.JMeterThread: Thread finished: jp@gc - Ultimate Thread Group 1-15
2020-04-03 21:34:00,348 INFO o.a.j.t.JMeterThread: Stopping because end time detected by thread: jp@gc - Ultimate Thread Group 1-9
2020-04-03 21:34:00,348 INFO o.a.j.t.JMeterThread: Thread finished: jp@gc - Ultimate Thread Group 1-9
2020-04-03 21:34:01,018 INFO o.a.j.t.JMeterThread: Stopping because end time detected by thread: jp@gc - Ultimate Thread Group 1-143
2020-04-03 21:34:01,018 INFO o.a.j.t.JMeterThread: Thread finished: jp@gc - Ultimate Thread Group 1-143
2020-04-03 21:34:01,022 INFO o.a.j.t.JMeterThread: Stopping because end time detected by thread: jp@gc - Ultimate Thread Group 1-141
2020-04-03 21:34:01,023 INFO o.a.j.t.JMeterThread: Thread finished: jp@gc - Ultimate Thread Group 1-141
2020-04-03 21:34:01,408 INFO o.a.j.t.JMeterThread: Stopping because end time detected by thread: jp@gc - Ultimate Thread Group 1-16
2020-04-03 21:34:01,408 INFO o.a.j.t.JMeterThread: Thread finished: jp@gc - Ultimate Thread Group 1-16
2020-04-03 21:34:02,022 INFO o.a.j.t.JMeterThread: Stopping because end time detected by thread: jp@gc - Ultimate Thread Group 1-57
2020-04-03 21:34:02,023 INFO o.a.j.t.JMeterThread: Thread finished: jp@gc - Ultimate Thread Group 1-57
2020-04-03 21:34:02,058 INFO o.a.j.t.JMeterThread: Stopping because end time detected by thread: jp@gc - Ultimate Thread Group 1-136
2020-04-03 21:34:02,058 INFO o.a.j.t.JMeterThread: Thread finished: jp@gc - Ultimate Thread Group 1-136
2020-04-03 21:34:02,263 INFO o.a.j.t.JMeterThread: Stopping because end time detected by thread: jp@gc - Ultimate Thread Group 1-140
2020-04-03 21:34:02,264 INFO o.a.j.t.JMeterThread: Thread finished: jp@gc - Ultimate Thread Group 1-140
2020-04-03 21:34:02,534 INFO o.a.j.t.JMeterThread: Stopping because end time detected by thread: jp@gc - Ultimate Thread Group 1-8
2020-04-03 21:34:02,535 INFO o.a.j.t.JMeterThread: Thread finished: jp@gc - Ultimate Thread Group 1-8
2020-04-03 21:34:02,703 INFO o.a.j.t.JMeterThread: Stopping because end time detected by thread: jp@gc - Ultimate Thread Group 1-138
2020-04-03 21:34:02,704 INFO o.a.j.t.JMeterThread: Thread finished: jp@gc - Ultimate Thread Group 1-138
2020-04-03 21:34:02,831 INFO o.a.j.t.JMeterThread: Stopping because end time detected by thread: jp@gc - Ultimate Thread Group 1-6
2020-04-03 21:34:02,832 INFO o.a.j.t.JMeterThread: Thread finished: jp@gc - Ultimate Thread Group 1-6
2020-04-03 21:34:03,370 INFO o.a.j.t.JMeterThread: Stopping because end time detected by thread: jp@gc - Ultimate Thread Group 1-135
2020-04-03 21:34:03,370 INFO o.a.j.t.JMeterThread: Thread finished: jp@gc - Ultimate Thread Group 1-135
2020-04-03 21:34:03,391 INFO o.a.j.t.JMeterThread: Stopping because end time detected by thread: jp@gc - Ultimate Thread Group 1-11
2020-04-03 21:34:03,391 INFO o.a.j.t.JMeterThread: Thread finished: jp@gc - Ultimate Thread Group 1-11
2020-04-03 21:34:03,398 INFO o.a.j.t.JMeterThread: Stopping because end time detected by thread: jp@gc - Ultimate Thread Group 1-137
2020-04-03 21:34:03,398 INFO o.a.j.t.JMeterThread: Thread finished: jp@gc - Ultimate Thread Group 1-137
2020-04-03 21:34:03,795 INFO o.a.j.t.JMeterThread: Stopping because end time detected by thread: jp@gc - Ultimate Thread Group 1-134
2020-04-03 21:34:03,795 INFO o.a.j.t.JMeterThread: Thread finished: jp@gc - Ultimate Thread Group 1-134
2020-04-03 21:34:03,812 INFO o.a.j.t.JMeterThread: Stopping because end time detected by thread: jp@gc - Ultimate Thread Group 1-10
2020-04-03 21:34:03,812 INFO o.a.j.t.JMeterThread: Thread finished: jp@gc - Ultimate Thread Group 1-10
2020-04-03 21:34:04,194 INFO o.a.j.t.JMeterThread: Stopping because end time detected by thread: jp@gc - Ultimate Thread Group 1-3
2020-04-03 21:34:04,194 INFO o.a.j.t.JMeterThread: Thread finished: jp@gc - Ultimate Thread Group 1-3
2020-04-03 21:34:04,212 INFO o.a.j.t.JMeterThread: Stopping because end time detected by thread: jp@gc - Ultimate Thread Group 1-126
2020-04-03 21:34:04,212 INFO o.a.j.t.JMeterThread: Thread finished: jp@gc - Ultimate Thread Group 1-126
2020-04-03 21:34:04,280 INFO o.a.j.t.JMeterThread: Stopping because end time detected by thread: jp@gc - Ultimate Thread Group 1-130
2020-04-03 21:34:04,280 INFO o.a.j.t.JMeterThread: Thread finished: jp@gc - Ultimate Thread Group 1-130
2020-04-03 21:34:04,573 INFO o.a.j.t.JMeterThread: Stopping because end time detected by thread: jp@gc - Ultimate Thread Group 1-5
2020-04-03 21:34:04,573 INFO o.a.j.t.JMeterThread: Thread finished: jp@gc - Ultimate Thread Group 1-5
2020-04-03 21:34:04,626 INFO o.a.j.t.JMeterThread: Stopping because end time detected by thread: jp@gc - Ultimate Thread Group 1-139
2020-04-03 21:34:04,626 INFO o.a.j.t.JMeterThread: Thread finished: jp@gc - Ultimate Thread Group 1-139
2020-04-03 21:34:04,651 INFO o.a.j.t.JMeterThread: Stopping because end time detected by thread: jp@gc - Ultimate Thread Group 1-131
2020-04-03 21:34:04,652 INFO o.a.j.t.JMeterThread: Thread finished: jp@gc - Ultimate Thread Group 1-131
2020-04-03 21:34:05,153 INFO o.a.j.t.JMeterThread: Stopping because end time detected by thread: jp@gc - Ultimate Thread Group 1-132
2020-04-03 21:34:05,153 INFO o.a.j.t.JMeterThread: Thread finished: jp@gc - Ultimate Thread Group 1-132
2020-04-03 21:34:05,332 INFO o.a.j.t.JMeterThread: Stopping because end time detected by thread: jp@gc - Ultimate Thread Group 1-12
2020-04-03 21:34:05,333 INFO o.a.j.t.JMeterThread: Thread finished: jp@gc - Ultimate Thread Group 1-12
2020-04-03 21:34:05,378 INFO o.a.j.t.JMeterThread: Stopping because end time detected by thread: jp@gc - Ultimate Thread Group 1-129
2020-04-03 21:34:05,378 INFO o.a.j.t.JMeterThread: Thread finished: jp@gc - Ultimate Thread Group 1-129
2020-04-03 21:34:05,638 INFO o.a.j.t.JMeterThread: Stopping because end time detected by thread: jp@gc - Ultimate Thread Group 1-2
2020-04-03 21:34:05,638 INFO o.a.j.t.JMeterThread: Thread finished: jp@gc - Ultimate Thread Group 1-2
2020-04-03 21:34:05,837 INFO o.a.j.t.JMeterThread: Stopping because end time detected by thread: jp@gc - Ultimate Thread Group 1-4
2020-04-03 21:34:05,837 INFO o.a.j.t.JMeterThread: Thread finished: jp@gc - Ultimate Thread Group 1-4
2020-04-03 21:34:06,196 INFO o.a.j.t.JMeterThread: Stopping because end time detected by thread: jp@gc - Ultimate Thread Group 1-133
2020-04-03 21:34:06,196 INFO o.a.j.t.JMeterThread: Thread finished: jp@gc - Ultimate Thread Group 1-133
2020-04-03 21:34:06,347 INFO o.a.j.t.JMeterThread: Stopping because end time detected by thread: jp@gc - Ultimate Thread Group 1-77
2020-04-03 21:34:06,348 INFO o.a.j.t.JMeterThread: Thread finished: jp@gc - Ultimate Thread Group 1-77
2020-04-03 21:34:06,570 INFO o.a.j.t.JMeterThread: Stopping because end time detected by thread: jp@gc - Ultimate Thread Group 1-55
2020-04-03 21:34:06,570 INFO o.a.j.t.JMeterThread: Thread finished: jp@gc - Ultimate Thread Group 1-55
2020-04-03 21:34:06,771 INFO o.a.j.t.JMeterThread: Stopping because end time detected by thread: jp@gc - Ultimate Thread Group 1-7
2020-04-03 21:34:06,771 INFO o.a.j.t.JMeterThread: Thread finished: jp@gc - Ultimate Thread Group 1-7
2020-04-03 21:34:06,857 INFO o.a.j.t.JMeterThread: Stopping because end time detected by thread: jp@gc - Ultimate Thread Group 1-56
2020-04-03 21:34:06,857 INFO o.a.j.t.JMeterThread: Thread finished: jp@gc - Ultimate Thread Group 1-56
2020-04-03 21:34:07,032 INFO o.a.j.t.JMeterThread: Stopping because end time detected by thread: jp@gc - Ultimate Thread Group 1-127
2020-04-03 21:34:07,032 INFO o.a.j.t.JMeterThread: Thread finished: jp@gc - Ultimate Thread Group 1-127
2020-04-03 21:34:07,267 INFO o.a.j.t.JMeterThread: Stopping because end time detected by thread: jp@gc - Ultimate Thread Group 1-1
2020-04-03 21:34:07,267 INFO o.a.j.t.JMeterThread: Thread finished: jp@gc - Ultimate Thread Group 1-1
2020-04-03 21:34:07,658 INFO o.a.j.t.JMeterThread: Stopping because end time detected by thread: jp@gc - Ultimate Thread Group 1-124
2020-04-03 21:34:07,659 INFO o.a.j.t.JMeterThread: Thread finished: jp@gc - Ultimate Thread Group 1-124
2020-04-03 21:34:08,061 INFO o.a.j.t.JMeterThread: Stopping because end time detected by thread: jp@gc - Ultimate Thread Group 1-128
2020-04-03 21:34:08,061 INFO o.a.j.t.JMeterThread: Thread finished: jp@gc - Ultimate Thread Group 1-128
2020-04-03 21:34:08,087 INFO o.a.j.t.JMeterThread: Stopping because end time detected by thread: jp@gc - Ultimate Thread Group 1-58
2020-04-03 21:34:08,087 INFO o.a.j.t.JMeterThread: Thread finished: jp@gc - Ultimate Thread Group 1-58
2020-04-03 21:34:08,368 INFO o.a.j.t.JMeterThread: Stopping because end time detected by thread: jp@gc - Ultimate Thread Group 1-125
2020-04-03 21:34:08,369 INFO o.a.j.t.JMeterThread: Thread finished: jp@gc - Ultimate Thread Group 1-125
2020-04-03 21:34:08,518 INFO o.a.j.t.JMeterThread: Stopping because end time detected by thread: jp@gc - Ultimate Thread Group 1-123
2020-04-03 21:34:08,518 INFO o.a.j.t.JMeterThread: Thread finished: jp@gc - Ultimate Thread Group 1-123
2020-04-03 21:34:09,770 INFO o.a.j.t.JMeterThread: Stopping because end time detected by thread: jp@gc - Ultimate Thread Group 1-117
2020-04-03 21:34:09,771 INFO o.a.j.t.JMeterThread: Thread finished: jp@gc - Ultimate Thread Group 1-117
2020-04-03 21:34:09,942 INFO o.a.j.t.JMeterThread: Stopping because end time detected by thread: jp@gc - Ultimate Thread Group 1-71
2020-04-03 21:34:09,943 INFO o.a.j.t.JMeterThread: Thread finished: jp@gc - Ultimate Thread Group 1-71
2020-04-03 21:34:10,342 INFO o.a.j.t.JMeterThread: Stopping because end time detected by thread: jp@gc - Ultimate Thread Group 1-122
2020-04-03 21:34:10,343 INFO o.a.j.t.JMeterThread: Thread finished: jp@gc - Ultimate Thread Group 1-122
2020-04-03 21:34:11,032 INFO o.a.j.t.JMeterThread: Stopping because end time detected by thread: jp@gc - Ultimate Thread Group 1-121
2020-04-03 21:34:11,033 INFO o.a.j.t.JMeterThread: Thread finished: jp@gc - Ultimate Thread Group 1-121
2020-04-03 21:34:11,241 INFO o.a.j.t.JMeterThread: Stopping because end time detected by thread: jp@gc - Ultimate Thread Group 1-120
2020-04-03 21:34:11,242 INFO o.a.j.t.JMeterThread: Thread finished: jp@gc - Ultimate Thread Group 1-120
2020-04-03 21:34:11,304 INFO o.a.j.t.JMeterThread: Stopping because end time detected by thread: jp@gc - Ultimate Thread Group 1-118
2020-04-03 21:34:11,304 INFO o.a.j.t.JMeterThread: Thread finished: jp@gc - Ultimate Thread Group 1-118
2020-04-03 21:34:11,393 INFO o.a.j.t.JMeterThread: Stopping because end time detected by thread: jp@gc - Ultimate Thread Group 1-52
2020-04-03 21:34:11,393 INFO o.a.j.t.JMeterThread: Thread finished: jp@gc - Ultimate Thread Group 1-52
2020-04-03 21:34:11,710 INFO o.a.j.t.JMeterThread: Stopping because end time detected by thread: jp@gc - Ultimate Thread Group 1-114
2020-04-03 21:34:11,710 INFO o.a.j.t.JMeterThread: Thread finished: jp@gc - Ultimate Thread Group 1-114
2020-04-03 21:34:11,921 INFO o.a.j.t.JMeterThread: Stopping because end time detected by thread: jp@gc - Ultimate Thread Group 1-119
2020-04-03 21:34:11,921 INFO o.a.j.t.JMeterThread: Thread finished: jp@gc - Ultimate Thread Group 1-119
2020-04-03 21:34:12,217 INFO o.a.j.t.JMeterThread: Stopping because end time detected by thread: jp@gc - Ultimate Thread Group 1-54
2020-04-03 21:34:12,217 INFO o.a.j.t.JMeterThread: Thread finished: jp@gc - Ultimate Thread Group 1-54
2020-04-03 21:34:12,445 INFO o.a.j.t.JMeterThread: Stopping because end time detected by thread: jp@gc - Ultimate Thread Group 1-239
2020-04-03 21:34:12,445 INFO o.a.j.t.JMeterThread: Thread finished: jp@gc - Ultimate Thread Group 1-239
2020-04-03 21:34:12,691 INFO o.a.j.t.JMeterThread: Stopping because end time detected by thread: jp@gc - Ultimate Thread Group 1-113
2020-04-03 21:34:12,691 INFO o.a.j.t.JMeterThread: Thread finished: jp@gc - Ultimate Thread Group 1-113
2020-04-03 21:34:13,647 INFO o.a.j.t.JMeterThread: Stopping because end time detected by thread: jp@gc - Ultimate Thread Group 1-237
2020-04-03 21:34:13,647 INFO o.a.j.t.JMeterThread: Thread finished: jp@gc - Ultimate Thread Group 1-237
2020-04-03 21:34:13,846 INFO o.a.j.t.JMeterThread: Stopping because end time detected by thread: jp@gc - Ultimate Thread Group 1-53
2020-04-03 21:34:13,846 INFO o.a.j.t.JMeterThread: Thread finished: jp@gc - Ultimate Thread Group 1-53
2020-04-03 21:34:14,529 INFO o.a.j.t.JMeterThread: Stopping because end time detected by thread: jp@gc - Ultimate Thread Group 1-236
2020-04-03 21:34:14,529 INFO o.a.j.t.JMeterThread: Thread finished: jp@gc - Ultimate Thread Group 1-236
2020-04-03 21:34:14,748 INFO o.a.j.t.JMeterThread: Stopping because end time detected by thread: jp@gc - Ultimate Thread Group 1-70
2020-04-03 21:34:14,748 INFO o.a.j.t.JMeterThread: Thread finished: jp@gc - Ultimate Thread Group 1-70
2020-04-03 21:34:15,039 INFO o.a.j.t.JMeterThread: Stopping because end time detected by thread: jp@gc - Ultimate Thread Group 1-112
2020-04-03 21:34:15,040 INFO o.a.j.t.JMeterThread: Thread finished: jp@gc - Ultimate Thread Group 1-112
2020-04-03 21:34:15,214 INFO o.a.j.t.JMeterThread: Stopping because end time detected by thread: jp@gc - Ultimate Thread Group 1-51
2020-04-03 21:34:15,214 INFO o.a.j.t.JMeterThread: Thread finished: jp@gc - Ultimate Thread Group 1-51
2020-04-03 21:34:15,464 INFO o.a.j.t.JMeterThread: Stopping because end time detected by thread: jp@gc - Ultimate Thread Group 1-116
2020-04-03 21:34:15,464 INFO o.a.j.t.JMeterThread: Thread finished: jp@gc - Ultimate Thread Group 1-116
2020-04-03 21:34:15,584 INFO o.a.j.t.JMeterThread: Stopping because end time detected by thread: jp@gc - Ultimate Thread Group 1-109
2020-04-03 21:34:15,584 INFO o.a.j.t.JMeterThread: Thread finished: jp@gc - Ultimate Thread Group 1-109
2020-04-03 21:34:15,934 INFO o.a.j.t.JMeterThread: Stopping because end time detected by thread: jp@gc - Ultimate Thread Group 1-238
2020-04-03 21:34:15,934 INFO o.a.j.t.JMeterThread: Thread finished: jp@gc - Ultimate Thread Group 1-238
2020-04-03 21:34:17,232 INFO o.a.j.t.JMeterThread: Stopping because end time detected by thread: jp@gc - Ultimate Thread Group 1-102
2020-04-03 21:34:17,233 INFO o.a.j.t.JMeterThread: Thread finished: jp@gc - Ultimate Thread Group 1-102
2020-04-03 21:34:17,573 INFO o.a.j.t.JMeterThread: Stopping because end time detected by thread: jp@gc - Ultimate Thread Group 1-103
2020-04-03 21:34:17,573 INFO o.a.j.t.JMeterThread: Thread finished: jp@gc - Ultimate Thread Group 1-103
2020-04-03 21:34:18,144 INFO o.a.j.t.JMeterThread: Stopping because end time detected by thread: jp@gc - Ultimate Thread Group 1-240
2020-04-03 21:34:18,144 INFO o.a.j.t.JMeterThread: Thread finished: jp@gc - Ultimate Thread Group 1-240
2020-04-03 21:34:18,470 INFO o.a.j.t.JMeterThread: Stopping because end time detected by thread: jp@gc - Ultimate Thread Group 1-108
2020-04-03 21:34:18,470 INFO o.a.j.t.JMeterThread: Thread finished: jp@gc - Ultimate Thread Group 1-108
2020-04-03 21:34:19,252 INFO o.a.j.t.JMeterThread: Stopping because end time detected by thread: jp@gc - Ultimate Thread Group 1-106
2020-04-03 21:34:19,252 INFO o.a.j.t.JMeterThread: Thread finished: jp@gc - Ultimate Thread Group 1-106
2020-04-03 21:34:21,174 INFO o.a.j.t.JMeterThread: Stopping because end time detected by thread: jp@gc - Ultimate Thread Group 1-234
2020-04-03 21:34:21,174 INFO o.a.j.t.JMeterThread: Thread finished: jp@gc - Ultimate Thread Group 1-234
2020-04-03 21:34:22,121 INFO o.a.j.t.JMeterThread: Stopping because end time detected by thread: jp@gc - Ultimate Thread Group 1-104
2020-04-03 21:34:22,121 INFO o.a.j.t.JMeterThread: Stopping because end time detected by thread: jp@gc - Ultimate Thread Group 1-115
2020-04-03 21:34:22,122 INFO o.a.j.t.JMeterThread: Thread finished: jp@gc - Ultimate Thread Group 1-104
2020-04-03 21:34:22,122 INFO o.a.j.t.JMeterThread: Thread finished: jp@gc - Ultimate Thread Group 1-115
2020-04-03 21:34:22,162 INFO o.a.j.t.JMeterThread: Stopping because end time detected by thread: jp@gc - Ultimate Thread Group 1-110
2020-04-03 21:34:22,163 INFO o.a.j.t.JMeterThread: Thread finished: jp@gc - Ultimate Thread Group 1-110
2020-04-03 21:34:22,927 INFO o.a.j.t.JMeterThread: Stopping because end time detected by thread: jp@gc - Ultimate Thread Group 1-80
2020-04-03 21:34:22,928 INFO o.a.j.t.JMeterThread: Thread finished: jp@gc - Ultimate Thread Group 1-80
2020-04-03 21:34:23,946 INFO o.a.j.t.JMeterThread: Stopping because end time detected by thread: jp@gc - Ultimate Thread Group 1-235
2020-04-03 21:34:23,946 INFO o.a.j.t.JMeterThread: Thread finished: jp@gc - Ultimate Thread Group 1-235
2020-04-03 21:34:24,026 INFO o.a.j.t.JMeterThread: Stopping because end time detected by thread: jp@gc - Ultimate Thread Group 1-107
2020-04-03 21:34:24,027 INFO o.a.j.t.JMeterThread: Thread finished: jp@gc - Ultimate Thread Group 1-107
2020-04-03 21:34:24,096 INFO o.a.j.t.JMeterThread: Stopping because end time detected by thread: jp@gc - Ultimate Thread Group 1-105
2020-04-03 21:34:24,097 INFO o.a.j.t.JMeterThread: Thread finished: jp@gc - Ultimate Thread Group 1-105
2020-04-03 21:34:24,128 INFO o.a.j.t.JMeterThread: Stopping because end time detected by thread: jp@gc - Ultimate Thread Group 1-231
2020-04-03 21:34:24,129 INFO o.a.j.t.JMeterThread: Thread finished: jp@gc - Ultimate Thread Group 1-231
2020-04-03 21:34:24,161 INFO o.a.j.t.JMeterThread: Stopping because end time detected by thread: jp@gc - Ultimate Thread Group 1-226
2020-04-03 21:34:24,161 INFO o.a.j.t.JMeterThread: Thread finished: jp@gc - Ultimate Thread Group 1-226
2020-04-03 21:34:24,364 INFO o.a.j.t.JMeterThread: Stopping because end time detected by thread: jp@gc - Ultimate Thread Group 1-111
2020-04-03 21:34:24,364 INFO o.a.j.t.JMeterThread: Thread finished: jp@gc - Ultimate Thread Group 1-111
2020-04-03 21:34:24,548 INFO o.a.j.t.JMeterThread: Stopping because end time detected by thread: jp@gc - Ultimate Thread Group 1-101
2020-04-03 21:34:24,549 INFO o.a.j.t.JMeterThread: Thread finished: jp@gc - Ultimate Thread Group 1-101
2020-04-03 21:34:24,711 INFO o.a.j.t.JMeterThread: Stopping because end time detected by thread: jp@gc - Ultimate Thread Group 1-98
2020-04-03 21:34:24,711 INFO o.a.j.t.JMeterThread: Thread finished: jp@gc - Ultimate Thread Group 1-98
2020-04-03 21:34:24,865 INFO o.a.j.t.JMeterThread: Stopping because end time detected by thread: jp@gc - Ultimate Thread Group 1-227
2020-04-03 21:34:24,865 INFO o.a.j.t.JMeterThread: Thread finished: jp@gc - Ultimate Thread Group 1-227
2020-04-03 21:34:24,984 INFO o.a.j.t.JMeterThread: Stopping because end time detected by thread: jp@gc - Ultimate Thread Group 1-233
2020-04-03 21:34:24,984 INFO o.a.j.t.JMeterThread: Thread finished: jp@gc - Ultimate Thread Group 1-233
2020-04-03 21:34:25,675 INFO o.a.j.t.JMeterThread: Stopping because end time detected by thread: jp@gc - Ultimate Thread Group 1-232
2020-04-03 21:34:25,675 INFO o.a.j.t.JMeterThread: Thread finished: jp@gc - Ultimate Thread Group 1-232
2020-04-03 21:34:26,044 INFO o.a.j.t.JMeterThread: Stopping because end time detected by thread: jp@gc - Ultimate Thread Group 1-229
2020-04-03 21:34:26,044 INFO o.a.j.t.JMeterThread: Thread finished: jp@gc - Ultimate Thread Group 1-229
2020-04-03 21:34:26,188 INFO o.a.j.t.JMeterThread: Stopping because end time detected by thread: jp@gc - Ultimate Thread Group 1-230
2020-04-03 21:34:26,189 INFO o.a.j.t.JMeterThread: Thread finished: jp@gc - Ultimate Thread Group 1-230
2020-04-03 21:34:26,262 INFO o.a.j.t.JMeterThread: Stopping because end time detected by thread: jp@gc - Ultimate Thread Group 1-228
2020-04-03 21:34:26,262 INFO o.a.j.t.JMeterThread: Thread finished: jp@gc - Ultimate Thread Group 1-228
2020-04-03 21:34:26,651 INFO o.a.j.t.JMeterThread: Stopping because end time detected by thread: jp@gc - Ultimate Thread Group 1-99
2020-04-03 21:34:26,651 INFO o.a.j.t.JMeterThread: Thread finished: jp@gc - Ultimate Thread Group 1-99
2020-04-03 21:34:26,833 INFO o.a.j.t.JMeterThread: Stopping because end time detected by thread: jp@gc - Ultimate Thread Group 1-50
2020-04-03 21:34:26,834 INFO o.a.j.t.JMeterThread: Thread finished: jp@gc - Ultimate Thread Group 1-50
2020-04-03 21:34:26,992 INFO o.a.j.t.JMeterThread: Stopping because end time detected by thread: jp@gc - Ultimate Thread Group 1-96
2020-04-03 21:34:26,992 INFO o.a.j.t.JMeterThread: Thread finished: jp@gc - Ultimate Thread Group 1-96
2020-04-03 21:34:27,181 INFO o.a.j.t.JMeterThread: Stopping because end time detected by thread: jp@gc - Ultimate Thread Group 1-225
2020-04-03 21:34:27,181 INFO o.a.j.t.JMeterThread: Thread finished: jp@gc - Ultimate Thread Group 1-225
2020-04-03 21:34:27,368 INFO o.a.j.t.JMeterThread: Stopping because end time detected by thread: jp@gc - Ultimate Thread Group 1-220
2020-04-03 21:34:27,368 INFO o.a.j.t.JMeterThread: Thread finished: jp@gc - Ultimate Thread Group 1-220
2020-04-03 21:34:27,400 INFO o.a.j.t.JMeterThread: Stopping because end time detected by thread: jp@gc - Ultimate Thread Group 1-100
2020-04-03 21:34:27,400 INFO o.a.j.t.JMeterThread: Thread finished: jp@gc - Ultimate Thread Group 1-100
2020-04-03 21:34:27,785 INFO o.a.j.t.JMeterThread: Stopping because end time detected by thread: jp@gc - Ultimate Thread Group 1-97
2020-04-03 21:34:27,785 INFO o.a.j.t.JMeterThread: Thread finished: jp@gc - Ultimate Thread Group 1-97
2020-04-03 21:34:28,035 INFO o.a.j.t.JMeterThread: Stopping because end time detected by thread: jp@gc - Ultimate Thread Group 1-95
2020-04-03 21:34:28,035 INFO o.a.j.t.JMeterThread: Stopping because end time detected by thread: jp@gc - Ultimate Thread Group 1-92
2020-04-03 21:34:28,035 INFO o.a.j.t.JMeterThread: Thread finished: jp@gc - Ultimate Thread Group 1-95
2020-04-03 21:34:28,035 INFO o.a.j.t.JMeterThread: Thread finished: jp@gc - Ultimate Thread Group 1-92
2020-04-03 21:34:28,202 INFO o.a.j.t.JMeterThread: Stopping because end time detected by thread: jp@gc - Ultimate Thread Group 1-222
2020-04-03 21:34:28,203 INFO o.a.j.t.JMeterThread: Thread finished: jp@gc - Ultimate Thread Group 1-222
2020-04-03 21:34:28,458 INFO o.a.j.t.JMeterThread: Stopping because end time detected by thread: jp@gc - Ultimate Thread Group 1-224
2020-04-03 21:34:28,459 INFO o.a.j.t.JMeterThread: Thread finished: jp@gc - Ultimate Thread Group 1-224
2020-04-03 21:34:28,644 INFO o.a.j.t.JMeterThread: Stopping because end time detected by thread: jp@gc - Ultimate Thread Group 1-223
2020-04-03 21:34:28,644 INFO o.a.j.t.JMeterThread: Thread finished: jp@gc - Ultimate Thread Group 1-223
2020-04-03 21:34:28,704 INFO o.a.j.t.JMeterThread: Stopping because end time detected by thread: jp@gc - Ultimate Thread Group 1-49
2020-04-03 21:34:28,704 INFO o.a.j.t.JMeterThread: Thread finished: jp@gc - Ultimate Thread Group 1-49
2020-04-03 21:34:29,126 INFO o.a.j.t.JMeterThread: Stopping because end time detected by thread: jp@gc - Ultimate Thread Group 1-221
2020-04-03 21:34:29,126 INFO o.a.j.t.JMeterThread: Thread finished: jp@gc - Ultimate Thread Group 1-221
2020-04-03 21:34:29,264 INFO o.a.j.t.JMeterThread: Stopping because end time detected by thread: jp@gc - Ultimate Thread Group 1-79
2020-04-03 21:34:29,264 INFO o.a.j.t.JMeterThread: Stopping because end time detected by thread: jp@gc - Ultimate Thread Group 1-88
2020-04-03 21:34:29,264 INFO o.a.j.t.JMeterThread: Thread finished: jp@gc - Ultimate Thread Group 1-79
2020-04-03 21:34:29,264 INFO o.a.j.t.JMeterThread: Thread finished: jp@gc - Ultimate Thread Group 1-88
2020-04-03 21:34:30,055 INFO o.a.j.r.Summariser: summary +    100 in 00:00:30 =    3.3/s Avg: 93922 Min: 87968 Max: 109857 Err:     0 (0.00%) Active: 54 Started: 240 Finished: 186
2020-04-03 21:34:30,055 INFO o.a.j.r.Summariser: summary =    699 in 00:05:21 =    2.2/s Avg: 83241 Min:  1039 Max: 115096 Err:     0 (0.00%)
2020-04-03 21:34:30,056 INFO o.a.j.t.JMeterThread: Stopping because end time detected by thread: jp@gc - Ultimate Thread Group 1-90
2020-04-03 21:34:30,056 INFO o.a.j.t.JMeterThread: Thread finished: jp@gc - Ultimate Thread Group 1-90
2020-04-03 21:34:30,174 INFO o.a.j.t.JMeterThread: Stopping because end time detected by thread: jp@gc - Ultimate Thread Group 1-69
2020-04-03 21:34:30,174 INFO o.a.j.t.JMeterThread: Thread finished: jp@gc - Ultimate Thread Group 1-69
2020-04-03 21:34:30,221 INFO o.a.j.t.JMeterThread: Stopping because end time detected by thread: jp@gc - Ultimate Thread Group 1-94
2020-04-03 21:34:30,221 INFO o.a.j.t.JMeterThread: Thread finished: jp@gc - Ultimate Thread Group 1-94
2020-04-03 21:34:30,256 INFO o.a.j.t.JMeterThread: Stopping because end time detected by thread: jp@gc - Ultimate Thread Group 1-47
2020-04-03 21:34:30,256 INFO o.a.j.t.JMeterThread: Thread finished: jp@gc - Ultimate Thread Group 1-47
2020-04-03 21:34:30,274 INFO o.a.j.t.JMeterThread: Stopping because end time detected by thread: jp@gc - Ultimate Thread Group 1-93
2020-04-03 21:34:30,275 INFO o.a.j.t.JMeterThread: Thread finished: jp@gc - Ultimate Thread Group 1-93
2020-04-03 21:34:30,406 INFO o.a.j.t.JMeterThread: Stopping because end time detected by thread: jp@gc - Ultimate Thread Group 1-217
2020-04-03 21:34:30,406 INFO o.a.j.t.JMeterThread: Thread finished: jp@gc - Ultimate Thread Group 1-217
2020-04-03 21:34:30,740 INFO o.a.j.t.JMeterThread: Stopping because end time detected by thread: jp@gc - Ultimate Thread Group 1-91
2020-04-03 21:34:30,740 INFO o.a.j.t.JMeterThread: Thread finished: jp@gc - Ultimate Thread Group 1-91
2020-04-03 21:34:30,812 INFO o.a.j.t.JMeterThread: Stopping because end time detected by thread: jp@gc - Ultimate Thread Group 1-219
2020-04-03 21:34:30,812 INFO o.a.j.t.JMeterThread: Thread finished: jp@gc - Ultimate Thread Group 1-219
2020-04-03 21:34:30,947 INFO o.a.j.t.JMeterThread: Stopping because end time detected by thread: jp@gc - Ultimate Thread Group 1-87
2020-04-03 21:34:30,948 INFO o.a.j.t.JMeterThread: Thread finished: jp@gc - Ultimate Thread Group 1-87
2020-04-03 21:34:31,020 INFO o.a.j.t.JMeterThread: Stopping because end time detected by thread: jp@gc - Ultimate Thread Group 1-84
2020-04-03 21:34:31,020 INFO o.a.j.t.JMeterThread: Thread finished: jp@gc - Ultimate Thread Group 1-84
2020-04-03 21:34:31,056 INFO o.a.j.t.JMeterThread: Stopping because end time detected by thread: jp@gc - Ultimate Thread Group 1-212
2020-04-03 21:34:31,057 INFO o.a.j.t.JMeterThread: Thread finished: jp@gc - Ultimate Thread Group 1-212
2020-04-03 21:34:31,138 INFO o.a.j.t.JMeterThread: Stopping because end time detected by thread: jp@gc - Ultimate Thread Group 1-48
2020-04-03 21:34:31,139 INFO o.a.j.t.JMeterThread: Stopping because end time detected by thread: jp@gc - Ultimate Thread Group 1-216
2020-04-03 21:34:31,139 INFO o.a.j.t.JMeterThread: Thread finished: jp@gc - Ultimate Thread Group 1-48
2020-04-03 21:34:31,139 INFO o.a.j.t.JMeterThread: Thread finished: jp@gc - Ultimate Thread Group 1-216
2020-04-03 21:34:31,320 INFO o.a.j.t.JMeterThread: Stopping because end time detected by thread: jp@gc - Ultimate Thread Group 1-89
2020-04-03 21:34:31,320 INFO o.a.j.t.JMeterThread: Thread finished: jp@gc - Ultimate Thread Group 1-89
2020-04-03 21:34:31,329 INFO o.a.j.t.JMeterThread: Stopping because end time detected by thread: jp@gc - Ultimate Thread Group 1-82
2020-04-03 21:34:31,329 INFO o.a.j.t.JMeterThread: Thread finished: jp@gc - Ultimate Thread Group 1-82
2020-04-03 21:34:31,367 INFO o.a.j.t.JMeterThread: Stopping because end time detected by thread: jp@gc - Ultimate Thread Group 1-213
2020-04-03 21:34:31,367 INFO o.a.j.t.JMeterThread: Thread finished: jp@gc - Ultimate Thread Group 1-213
2020-04-03 21:34:31,522 INFO o.a.j.t.JMeterThread: Stopping because end time detected by thread: jp@gc - Ultimate Thread Group 1-218
2020-04-03 21:34:31,522 INFO o.a.j.t.JMeterThread: Thread finished: jp@gc - Ultimate Thread Group 1-218
2020-04-03 21:34:31,570 INFO o.a.j.t.JMeterThread: Stopping because end time detected by thread: jp@gc - Ultimate Thread Group 1-86
2020-04-03 21:34:31,570 INFO o.a.j.t.JMeterThread: Thread finished: jp@gc - Ultimate Thread Group 1-86
2020-04-03 21:34:31,742 INFO o.a.j.t.JMeterThread: Stopping because end time detected by thread: jp@gc - Ultimate Thread Group 1-85
2020-04-03 21:34:31,742 INFO o.a.j.t.JMeterThread: Thread finished: jp@gc - Ultimate Thread Group 1-85
2020-04-03 21:34:31,773 INFO o.a.j.t.JMeterThread: Stopping because end time detected by thread: jp@gc - Ultimate Thread Group 1-215
2020-04-03 21:34:31,773 INFO o.a.j.t.JMeterThread: Thread finished: jp@gc - Ultimate Thread Group 1-215
2020-04-03 21:34:31,776 INFO o.a.j.t.JMeterThread: Stopping because end time detected by thread: jp@gc - Ultimate Thread Group 1-214
2020-04-03 21:34:31,777 INFO o.a.j.t.JMeterThread: Thread finished: jp@gc - Ultimate Thread Group 1-214
2020-04-03 21:34:31,793 INFO o.a.j.t.JMeterThread: Stopping because end time detected by thread: jp@gc - Ultimate Thread Group 1-45
2020-04-03 21:34:31,794 INFO o.a.j.t.JMeterThread: Thread finished: jp@gc - Ultimate Thread Group 1-45
2020-04-03 21:34:31,818 INFO o.a.j.t.JMeterThread: Stopping because end time detected by thread: jp@gc - Ultimate Thread Group 1-210
2020-04-03 21:34:31,818 INFO o.a.j.t.JMeterThread: Stopping because end time detected by thread: jp@gc - Ultimate Thread Group 1-81
2020-04-03 21:34:31,818 INFO o.a.j.t.JMeterThread: Thread finished: jp@gc - Ultimate Thread Group 1-210
2020-04-03 21:34:31,819 INFO o.a.j.t.JMeterThread: Thread finished: jp@gc - Ultimate Thread Group 1-81
2020-04-03 21:34:31,939 INFO o.a.j.t.JMeterThread: Stopping because end time detected by thread: jp@gc - Ultimate Thread Group 1-67
2020-04-03 21:34:31,940 INFO o.a.j.t.JMeterThread: Thread finished: jp@gc - Ultimate Thread Group 1-67
2020-04-03 21:34:31,970 INFO o.a.j.t.JMeterThread: Stopping because end time detected by thread: jp@gc - Ultimate Thread Group 1-43
2020-04-03 21:34:31,971 INFO o.a.j.t.JMeterThread: Thread finished: jp@gc - Ultimate Thread Group 1-43
2020-04-03 21:34:32,067 INFO o.a.j.t.JMeterThread: Stopping because end time detected by thread: jp@gc - Ultimate Thread Group 1-83
2020-04-03 21:34:32,067 INFO o.a.j.t.JMeterThread: Thread finished: jp@gc - Ultimate Thread Group 1-83
2020-04-03 21:34:32,080 INFO o.a.j.t.JMeterThread: Stopping because end time detected by thread: jp@gc - Ultimate Thread Group 1-46
2020-04-03 21:34:32,080 INFO o.a.j.t.JMeterThread: Thread finished: jp@gc - Ultimate Thread Group 1-46
2020-04-03 21:34:32,093 INFO o.a.j.t.JMeterThread: Stopping because end time detected by thread: jp@gc - Ultimate Thread Group 1-208
2020-04-03 21:34:32,093 INFO o.a.j.t.JMeterThread: Thread finished: jp@gc - Ultimate Thread Group 1-208
2020-04-03 21:34:32,157 INFO o.a.j.t.JMeterThread: Stopping because end time detected by thread: jp@gc - Ultimate Thread Group 1-203
2020-04-03 21:34:32,157 INFO o.a.j.t.JMeterThread: Thread finished: jp@gc - Ultimate Thread Group 1-203
2020-04-03 21:34:32,249 INFO o.a.j.t.JMeterThread: Stopping because end time detected by thread: jp@gc - Ultimate Thread Group 1-200
2020-04-03 21:34:32,250 INFO o.a.j.t.JMeterThread: Thread finished: jp@gc - Ultimate Thread Group 1-200
2020-04-03 21:34:32,387 INFO o.a.j.t.JMeterThread: Stopping because end time detected by thread: jp@gc - Ultimate Thread Group 1-211
2020-04-03 21:34:32,387 INFO o.a.j.t.JMeterThread: Thread finished: jp@gc - Ultimate Thread Group 1-211
2020-04-03 21:34:32,422 INFO o.a.j.t.JMeterThread: Stopping because end time detected by thread: jp@gc - Ultimate Thread Group 1-207
2020-04-03 21:34:32,422 INFO o.a.j.t.JMeterThread: Thread finished: jp@gc - Ultimate Thread Group 1-207
2020-04-03 21:34:32,426 INFO o.a.j.t.JMeterThread: Stopping because end time detected by thread: jp@gc - Ultimate Thread Group 1-206
2020-04-03 21:34:32,426 INFO o.a.j.t.JMeterThread: Thread finished: jp@gc - Ultimate Thread Group 1-206
2020-04-03 21:34:32,440 INFO o.a.j.t.JMeterThread: Stopping because end time detected by thread: jp@gc - Ultimate Thread Group 1-209
2020-04-03 21:34:32,440 INFO o.a.j.t.JMeterThread: Thread finished: jp@gc - Ultimate Thread Group 1-209
2020-04-03 21:34:32,499 INFO o.a.j.t.JMeterThread: Stopping because end time detected by thread: jp@gc - Ultimate Thread Group 1-76
2020-04-03 21:34:32,500 INFO o.a.j.t.JMeterThread: Thread finished: jp@gc - Ultimate Thread Group 1-76
2020-04-03 21:34:32,508 INFO o.a.j.t.JMeterThread: Stopping because end time detected by thread: jp@gc - Ultimate Thread Group 1-201
2020-04-03 21:34:32,508 INFO o.a.j.t.JMeterThread: Thread finished: jp@gc - Ultimate Thread Group 1-201
2020-04-03 21:34:32,632 INFO o.a.j.t.JMeterThread: Stopping because end time detected by thread: jp@gc - Ultimate Thread Group 1-192
2020-04-03 21:34:32,633 INFO o.a.j.t.JMeterThread: Thread finished: jp@gc - Ultimate Thread Group 1-192
2020-04-03 21:34:32,673 INFO o.a.j.t.JMeterThread: Stopping because end time detected by thread: jp@gc - Ultimate Thread Group 1-205
2020-04-03 21:34:32,673 INFO o.a.j.t.JMeterThread: Thread finished: jp@gc - Ultimate Thread Group 1-205
2020-04-03 21:34:32,733 INFO o.a.j.t.JMeterThread: Stopping because end time detected by thread: jp@gc - Ultimate Thread Group 1-197
2020-04-03 21:34:32,733 INFO o.a.j.t.JMeterThread: Thread finished: jp@gc - Ultimate Thread Group 1-197
2020-04-03 21:34:32,753 INFO o.a.j.t.JMeterThread: Stopping because end time detected by thread: jp@gc - Ultimate Thread Group 1-44
2020-04-03 21:34:32,753 INFO o.a.j.t.JMeterThread: Thread finished: jp@gc - Ultimate Thread Group 1-44
2020-04-03 21:34:32,762 INFO o.a.j.t.JMeterThread: Stopping because end time detected by thread: jp@gc - Ultimate Thread Group 1-68
2020-04-03 21:34:32,763 INFO o.a.j.t.JMeterThread: Thread finished: jp@gc - Ultimate Thread Group 1-68
2020-04-03 21:34:32,766 INFO o.a.j.t.JMeterThread: Stopping because end time detected by thread: jp@gc - Ultimate Thread Group 1-202
2020-04-03 21:34:32,766 INFO o.a.j.t.JMeterThread: Thread finished: jp@gc - Ultimate Thread Group 1-202
2020-04-03 21:34:32,781 INFO o.a.j.t.JMeterThread: Stopping because end time detected by thread: jp@gc - Ultimate Thread Group 1-198
2020-04-03 21:34:32,781 INFO o.a.j.t.JMeterThread: Thread finished: jp@gc - Ultimate Thread Group 1-198
2020-04-03 21:34:32,793 INFO o.a.j.t.JMeterThread: Stopping because end time detected by thread: jp@gc - Ultimate Thread Group 1-196
2020-04-03 21:34:32,794 INFO o.a.j.t.JMeterThread: Thread finished: jp@gc - Ultimate Thread Group 1-196
2020-04-03 21:34:32,808 INFO o.a.j.t.JMeterThread: Stopping because end time detected by thread: jp@gc - Ultimate Thread Group 1-204
2020-04-03 21:34:32,808 INFO o.a.j.t.JMeterThread: Thread finished: jp@gc - Ultimate Thread Group 1-204
2020-04-03 21:34:32,829 INFO o.a.j.t.JMeterThread: Stopping because end time detected by thread: jp@gc - Ultimate Thread Group 1-41
2020-04-03 21:34:32,829 INFO o.a.j.t.JMeterThread: Thread finished: jp@gc - Ultimate Thread Group 1-41
2020-04-03 21:34:32,829 INFO o.a.j.t.JMeterThread: Stopping because end time detected by thread: jp@gc - Ultimate Thread Group 1-42
2020-04-03 21:34:32,829 INFO o.a.j.t.JMeterThread: Thread finished: jp@gc - Ultimate Thread Group 1-42
2020-04-03 21:34:32,852 INFO o.a.j.t.JMeterThread: Stopping because end time detected by thread: jp@gc - Ultimate Thread Group 1-195
2020-04-03 21:34:32,852 INFO o.a.j.t.JMeterThread: Thread finished: jp@gc - Ultimate Thread Group 1-195
2020-04-03 21:34:32,861 INFO o.a.j.t.JMeterThread: Stopping because end time detected by thread: jp@gc - Ultimate Thread Group 1-75
2020-04-03 21:34:32,861 INFO o.a.j.t.JMeterThread: Thread finished: jp@gc - Ultimate Thread Group 1-75
2020-04-03 21:34:32,872 INFO o.a.j.t.JMeterThread: Stopping because end time detected by thread: jp@gc - Ultimate Thread Group 1-190
2020-04-03 21:34:32,872 INFO o.a.j.t.JMeterThread: Thread finished: jp@gc - Ultimate Thread Group 1-190
2020-04-03 21:34:32,912 INFO o.a.j.t.JMeterThread: Stopping because end time detected by thread: jp@gc - Ultimate Thread Group 1-66
2020-04-03 21:34:32,912 INFO o.a.j.t.JMeterThread: Thread finished: jp@gc - Ultimate Thread Group 1-66
2020-04-03 21:34:32,919 INFO o.a.j.t.JMeterThread: Stopping because end time detected by thread: jp@gc - Ultimate Thread Group 1-199
2020-04-03 21:34:32,919 INFO o.a.j.t.JMeterThread: Thread finished: jp@gc - Ultimate Thread Group 1-199
2020-04-03 21:34:32,919 INFO o.a.j.t.JMeterThread: Stopping because end time detected by thread: jp@gc - Ultimate Thread Group 1-194
2020-04-03 21:34:32,919 INFO o.a.j.t.JMeterThread: Thread finished: jp@gc - Ultimate Thread Group 1-194
2020-04-03 21:34:32,919 INFO o.a.j.e.StandardJMeterEngine: Notifying test listeners of end of test
2020-04-03 21:34:32,922 INFO o.a.j.r.Summariser: summary +     53 in 00:00:03 =   18.5/s Avg: 85485 Min: 72192 Max: 93367 Err:     0 (0.00%) Active: 0 Started: 240 Finished: 240
2020-04-03 21:34:32,923 INFO o.a.j.r.Summariser: summary =    752 in 00:05:24 =    2.3/s Avg: 83399 Min:  1039 Max: 115096 Err:     0 (0.00%)
