2020-04-03 21:20:05,851 INFO o.a.j.u.JMeterUtils: Setting Locale to en_US
2020-04-03 21:20:05,880 INFO o.a.j.JMeter: Loading user properties from: /home/pablo/jmeter/bin/user.properties
2020-04-03 21:20:05,881 INFO o.a.j.JMeter: Loading system properties from: /home/pablo/jmeter/bin/system.properties
2020-04-03 21:20:05,882 INFO o.a.j.JMeter: Setting System property: HILOS1=10
2020-04-03 21:20:05,882 INFO o.a.j.JMeter: Setting System property: DELAY1=0
2020-04-03 21:20:05,882 INFO o.a.j.JMeter: Setting System property: SUBIDA1=7
2020-04-03 21:20:05,883 INFO o.a.j.JMeter: Setting System property: DURACION1=140
2020-04-03 21:20:05,883 INFO o.a.j.JMeter: Setting System property: HILOS2=10
2020-04-03 21:20:05,883 INFO o.a.j.JMeter: Setting System property: DELAY2=10
2020-04-03 21:20:05,883 INFO o.a.j.JMeter: Setting System property: SUBIDA2=6
2020-04-03 21:20:05,884 INFO o.a.j.JMeter: Setting System property: DURACION2=130
2020-04-03 21:20:05,884 INFO o.a.j.JMeter: Setting System property: HILOS3=10
2020-04-03 21:20:05,884 INFO o.a.j.JMeter: Setting System property: DELAY3=20
2020-04-03 21:20:05,884 INFO o.a.j.JMeter: Setting System property: SUBIDA3=6
2020-04-03 21:20:05,885 INFO o.a.j.JMeter: Setting System property: DURACION3=120
2020-04-03 21:20:05,885 INFO o.a.j.JMeter: Setting System property: FILE=scriptresultsperfmonDin30.jtl
2020-04-03 21:20:05,887 INFO o.a.j.JMeter: Copyright (c) 1998-2019 The Apache Software Foundation
2020-04-03 21:20:05,888 INFO o.a.j.JMeter: Version 5.2.1
2020-04-03 21:20:05,888 INFO o.a.j.JMeter: java.version=1.8.0_201
2020-04-03 21:20:05,888 INFO o.a.j.JMeter: java.vm.name=Java HotSpot(TM) 64-Bit Server VM
2020-04-03 21:20:05,888 INFO o.a.j.JMeter: os.name=Linux
2020-04-03 21:20:05,889 INFO o.a.j.JMeter: os.arch=amd64
2020-04-03 21:20:05,889 INFO o.a.j.JMeter: os.version=4.15.0-91-generic
2020-04-03 21:20:05,889 INFO o.a.j.JMeter: file.encoding=UTF-8
2020-04-03 21:20:05,889 INFO o.a.j.JMeter: java.awt.headless=true
2020-04-03 21:20:05,890 INFO o.a.j.JMeter: Max memory     =732954624
2020-04-03 21:20:05,890 INFO o.a.j.JMeter: Available Processors =4
2020-04-03 21:20:05,897 INFO o.a.j.JMeter: Default Locale=English (United States)
2020-04-03 21:20:05,898 INFO o.a.j.JMeter: JMeter  Locale=English (United States)
2020-04-03 21:20:05,898 INFO o.a.j.JMeter: JMeterHome=/home/pablo/jmeter
2020-04-03 21:20:05,899 INFO o.a.j.JMeter: user.dir  =/home/pablo/jmeter/bin/EJECUCIONES/P2
2020-04-03 21:20:05,899 INFO o.a.j.JMeter: PWD       =/home/pablo/jmeter/bin/EJECUCIONES/P2
2020-04-03 21:20:05,900 INFO o.a.j.JMeter: IP: 127.0.1.1 Name: hylianpablo FullName: hylianpablo
2020-04-03 21:20:05,908 INFO o.a.j.s.FileServer: Default base='/home/pablo/jmeter/bin/EJECUCIONES/P2'
2020-04-03 21:20:05,918 INFO o.a.j.s.FileServer: Set new base='/home/pablo/jmeter/bin/EJECUCIONES/P2/../..'
2020-04-03 21:20:06,185 INFO o.a.j.s.SaveService: Testplan (JMX) version: 2.2. Testlog (JTL) version: 2.2
2020-04-03 21:20:06,202 INFO o.a.j.s.SaveService: Using SaveService properties file encoding UTF-8
2020-04-03 21:20:06,214 INFO o.a.j.s.SaveService: Using SaveService properties version 5.0
2020-04-03 21:20:06,230 INFO o.a.j.s.SaveService: Loading file: ../../Dinamica.jmx
2020-04-03 21:20:06,389 INFO o.a.j.p.h.s.HTTPSamplerBase: Parser for text/html is org.apache.jmeter.protocol.http.parser.LagartoBasedHtmlParser
2020-04-03 21:20:06,390 INFO o.a.j.p.h.s.HTTPSamplerBase: Parser for application/xhtml+xml is org.apache.jmeter.protocol.http.parser.LagartoBasedHtmlParser
2020-04-03 21:20:06,390 INFO o.a.j.p.h.s.HTTPSamplerBase: Parser for application/xml is org.apache.jmeter.protocol.http.parser.LagartoBasedHtmlParser
2020-04-03 21:20:06,390 INFO o.a.j.p.h.s.HTTPSamplerBase: Parser for text/xml is org.apache.jmeter.protocol.http.parser.LagartoBasedHtmlParser
2020-04-03 21:20:06,391 INFO o.a.j.p.h.s.HTTPSamplerBase: Parser for text/vnd.wap.wml is org.apache.jmeter.protocol.http.parser.RegexpHTMLParser
2020-04-03 21:20:06,391 INFO o.a.j.p.h.s.HTTPSamplerBase: Parser for text/css is org.apache.jmeter.protocol.http.parser.CssParser
2020-04-03 21:20:06,420 INFO o.a.j.JMeter: Creating summariser <summary>
2020-04-03 21:20:06,438 INFO o.a.j.e.StandardJMeterEngine: Running the test!
2020-04-03 21:20:06,441 INFO o.a.j.s.SampleEvent: List of sample_variables: []
2020-04-03 21:20:06,442 INFO o.a.j.s.SampleEvent: List of sample_variables: []
2020-04-03 21:20:06,455 INFO o.a.j.e.u.CompoundVariable: Note: Function class names must contain the string: '.functions.'
2020-04-03 21:20:06,456 INFO o.a.j.e.u.CompoundVariable: Note: Function class names must not contain the string: '.gui.'
2020-04-03 21:20:07,303 INFO o.a.j.JMeter: Running test (1585941607303)
2020-04-03 21:20:07,407 INFO o.a.j.e.StandardJMeterEngine: Starting ThreadGroup: 1 : jp@gc - Ultimate Thread Group
2020-04-03 21:20:07,408 INFO o.a.j.e.StandardJMeterEngine: Starting 30 threads for group jp@gc - Ultimate Thread Group.
2020-04-03 21:20:07,409 INFO o.a.j.e.StandardJMeterEngine: Thread will continue on error
2020-04-03 21:20:07,409 INFO k.a.j.t.AbstractSimpleThreadGroup: Starting thread group number 1 threads 30
2020-04-03 21:20:07,461 INFO k.a.j.t.AbstractSimpleThreadGroup: Started thread group number 1
2020-04-03 21:20:07,461 INFO o.a.j.e.StandardJMeterEngine: All thread groups have been started
2020-04-03 21:20:08,110 INFO o.a.j.t.JMeterThread: Thread started: jp@gc - Ultimate Thread Group 1-10
2020-04-03 21:20:08,154 INFO o.a.j.p.h.s.HTTPHCAbstractImpl: Local host = hylianpablo
2020-04-03 21:20:08,168 INFO o.a.j.p.h.s.HTTPHC4Impl: HTTP request retry count = 0
2020-04-03 21:20:08,173 INFO o.a.j.s.SampleResult: Note: Sample TimeStamps are START times
2020-04-03 21:20:08,173 INFO o.a.j.s.SampleResult: sampleresult.default.encoding is set to ISO-8859-1
2020-04-03 21:20:08,174 INFO o.a.j.s.SampleResult: sampleresult.useNanoTime=true
2020-04-03 21:20:08,174 INFO o.a.j.s.SampleResult: sampleresult.nanoThreadSleep=5000
2020-04-03 21:20:08,810 INFO o.a.j.t.JMeterThread: Thread started: jp@gc - Ultimate Thread Group 1-9
2020-04-03 21:20:09,330 INFO o.a.j.u.JsseSSLManager: Using default SSL protocol: TLS
2020-04-03 21:20:09,330 INFO o.a.j.u.JsseSSLManager: SSL session context: per-thread
2020-04-03 21:20:09,510 INFO o.a.j.t.JMeterThread: Thread started: jp@gc - Ultimate Thread Group 1-8
2020-04-03 21:20:10,210 INFO o.a.j.t.JMeterThread: Thread started: jp@gc - Ultimate Thread Group 1-7
2020-04-03 21:20:10,910 INFO o.a.j.t.JMeterThread: Thread started: jp@gc - Ultimate Thread Group 1-6
2020-04-03 21:20:11,610 INFO o.a.j.t.JMeterThread: Thread started: jp@gc - Ultimate Thread Group 1-5
2020-04-03 21:20:12,310 INFO o.a.j.t.JMeterThread: Thread started: jp@gc - Ultimate Thread Group 1-4
2020-04-03 21:20:13,010 INFO o.a.j.t.JMeterThread: Thread started: jp@gc - Ultimate Thread Group 1-3
2020-04-03 21:20:13,710 INFO o.a.j.t.JMeterThread: Thread started: jp@gc - Ultimate Thread Group 1-2
2020-04-03 21:20:14,409 INFO o.a.j.t.JMeterThread: Thread started: jp@gc - Ultimate Thread Group 1-1
2020-04-03 21:20:18,009 INFO o.a.j.t.JMeterThread: Thread started: jp@gc - Ultimate Thread Group 1-20
2020-04-03 21:20:18,610 INFO o.a.j.t.JMeterThread: Thread started: jp@gc - Ultimate Thread Group 1-19
2020-04-03 21:20:19,210 INFO o.a.j.t.JMeterThread: Thread started: jp@gc - Ultimate Thread Group 1-18
2020-04-03 21:20:19,809 INFO o.a.j.t.JMeterThread: Thread started: jp@gc - Ultimate Thread Group 1-17
2020-04-03 21:20:20,410 INFO o.a.j.t.JMeterThread: Thread started: jp@gc - Ultimate Thread Group 1-16
2020-04-03 21:20:21,010 INFO o.a.j.t.JMeterThread: Thread started: jp@gc - Ultimate Thread Group 1-15
2020-04-03 21:20:21,610 INFO o.a.j.t.JMeterThread: Thread started: jp@gc - Ultimate Thread Group 1-14
2020-04-03 21:20:22,209 INFO o.a.j.t.JMeterThread: Thread started: jp@gc - Ultimate Thread Group 1-13
2020-04-03 21:20:22,810 INFO o.a.j.t.JMeterThread: Thread started: jp@gc - Ultimate Thread Group 1-12
2020-04-03 21:20:23,410 INFO o.a.j.t.JMeterThread: Thread started: jp@gc - Ultimate Thread Group 1-11
2020-04-03 21:20:28,010 INFO o.a.j.t.JMeterThread: Thread started: jp@gc - Ultimate Thread Group 1-30
2020-04-03 21:20:28,610 INFO o.a.j.t.JMeterThread: Thread started: jp@gc - Ultimate Thread Group 1-29
2020-04-03 21:20:29,210 INFO o.a.j.t.JMeterThread: Thread started: jp@gc - Ultimate Thread Group 1-28
2020-04-03 21:20:29,809 INFO o.a.j.t.JMeterThread: Thread started: jp@gc - Ultimate Thread Group 1-27
2020-04-03 21:20:30,410 INFO o.a.j.t.JMeterThread: Thread started: jp@gc - Ultimate Thread Group 1-26
2020-04-03 21:20:30,581 INFO o.a.j.r.Summariser: summary +     40 in 00:00:23 =    1.7/s Avg:  4951 Min:   999 Max:  8965 Err:     0 (0.00%) Active: 25 Started: 25 Finished: 0
2020-04-03 21:20:31,010 INFO o.a.j.t.JMeterThread: Thread started: jp@gc - Ultimate Thread Group 1-25
2020-04-03 21:20:31,610 INFO o.a.j.t.JMeterThread: Thread started: jp@gc - Ultimate Thread Group 1-24
2020-04-03 21:20:32,210 INFO o.a.j.t.JMeterThread: Thread started: jp@gc - Ultimate Thread Group 1-23
2020-04-03 21:20:32,810 INFO o.a.j.t.JMeterThread: Thread started: jp@gc - Ultimate Thread Group 1-22
2020-04-03 21:20:33,410 INFO o.a.j.t.JMeterThread: Thread started: jp@gc - Ultimate Thread Group 1-21
2020-04-03 21:21:00,753 INFO o.a.j.r.Summariser: summary +     68 in 00:00:30 =    2.3/s Avg: 12109 Min:  8952 Max: 14322 Err:     0 (0.00%) Active: 30 Started: 30 Finished: 0
2020-04-03 21:21:00,755 INFO o.a.j.r.Summariser: summary =    108 in 00:00:53 =    2.0/s Avg:  9458 Min:   999 Max: 14322 Err:     0 (0.00%)
2020-04-03 21:21:30,119 INFO o.a.j.r.Summariser: summary +     66 in 00:00:29 =    2.2/s Avg: 12691 Min: 11930 Max: 13517 Err:     0 (0.00%) Active: 30 Started: 30 Finished: 0
2020-04-03 21:21:30,121 INFO o.a.j.r.Summariser: summary =    174 in 00:01:23 =    2.1/s Avg: 10684 Min:   999 Max: 14322 Err:     0 (0.00%)
2020-04-03 21:22:00,153 INFO o.a.j.r.Summariser: summary +     74 in 00:00:30 =    2.5/s Avg: 12739 Min: 12090 Max: 14076 Err:     0 (0.00%) Active: 30 Started: 30 Finished: 0
2020-04-03 21:22:00,154 INFO o.a.j.r.Summariser: summary =    248 in 00:01:53 =    2.2/s Avg: 11297 Min:   999 Max: 14322 Err:     0 (0.00%)
2020-04-03 21:22:30,187 INFO o.a.j.r.Summariser: summary +     70 in 00:00:30 =    2.3/s Avg: 12763 Min: 12094 Max: 13894 Err:     0 (0.00%) Active: 30 Started: 30 Finished: 0
2020-04-03 21:22:30,188 INFO o.a.j.r.Summariser: summary =    318 in 00:02:23 =    2.2/s Avg: 11620 Min:   999 Max: 14322 Err:     0 (0.00%)
2020-04-03 21:22:33,865 INFO o.a.j.t.JMeterThread: Stopping because end time detected by thread: jp@gc - Ultimate Thread Group 1-17
2020-04-03 21:22:33,866 INFO o.a.j.t.JMeterThread: Thread finished: jp@gc - Ultimate Thread Group 1-17
2020-04-03 21:22:34,529 INFO o.a.j.t.JMeterThread: Stopping because end time detected by thread: jp@gc - Ultimate Thread Group 1-16
2020-04-03 21:22:34,530 INFO o.a.j.t.JMeterThread: Thread finished: jp@gc - Ultimate Thread Group 1-16
2020-04-03 21:22:34,716 INFO o.a.j.t.JMeterThread: Stopping because end time detected by thread: jp@gc - Ultimate Thread Group 1-30
2020-04-03 21:22:34,717 INFO o.a.j.t.JMeterThread: Thread finished: jp@gc - Ultimate Thread Group 1-30
2020-04-03 21:22:34,797 INFO o.a.j.t.JMeterThread: Stopping because end time detected by thread: jp@gc - Ultimate Thread Group 1-18
2020-04-03 21:22:34,797 INFO o.a.j.t.JMeterThread: Thread finished: jp@gc - Ultimate Thread Group 1-18
2020-04-03 21:22:35,095 INFO o.a.j.t.JMeterThread: Stopping because end time detected by thread: jp@gc - Ultimate Thread Group 1-26
2020-04-03 21:22:35,096 INFO o.a.j.t.JMeterThread: Thread finished: jp@gc - Ultimate Thread Group 1-26
2020-04-03 21:22:35,618 INFO o.a.j.t.JMeterThread: Stopping because end time detected by thread: jp@gc - Ultimate Thread Group 1-4
2020-04-03 21:22:35,619 INFO o.a.j.t.JMeterThread: Thread finished: jp@gc - Ultimate Thread Group 1-4
2020-04-03 21:22:35,722 INFO o.a.j.t.JMeterThread: Stopping because end time detected by thread: jp@gc - Ultimate Thread Group 1-29
2020-04-03 21:22:35,722 INFO o.a.j.t.JMeterThread: Thread finished: jp@gc - Ultimate Thread Group 1-29
2020-04-03 21:22:35,725 INFO o.a.j.t.JMeterThread: Stopping because end time detected by thread: jp@gc - Ultimate Thread Group 1-7
2020-04-03 21:22:35,725 INFO o.a.j.t.JMeterThread: Thread finished: jp@gc - Ultimate Thread Group 1-7
2020-04-03 21:22:35,742 INFO o.a.j.t.JMeterThread: Stopping because end time detected by thread: jp@gc - Ultimate Thread Group 1-15
2020-04-03 21:22:35,742 INFO o.a.j.t.JMeterThread: Thread finished: jp@gc - Ultimate Thread Group 1-15
2020-04-03 21:22:35,922 INFO o.a.j.t.JMeterThread: Stopping because end time detected by thread: jp@gc - Ultimate Thread Group 1-28
2020-04-03 21:22:35,923 INFO o.a.j.t.JMeterThread: Thread finished: jp@gc - Ultimate Thread Group 1-28
2020-04-03 21:22:36,534 INFO o.a.j.t.JMeterThread: Stopping because end time detected by thread: jp@gc - Ultimate Thread Group 1-27
2020-04-03 21:22:36,535 INFO o.a.j.t.JMeterThread: Thread finished: jp@gc - Ultimate Thread Group 1-27
2020-04-03 21:22:36,679 INFO o.a.j.t.JMeterThread: Stopping because end time detected by thread: jp@gc - Ultimate Thread Group 1-3
2020-04-03 21:22:36,680 INFO o.a.j.t.JMeterThread: Thread finished: jp@gc - Ultimate Thread Group 1-3
2020-04-03 21:22:36,698 INFO o.a.j.t.JMeterThread: Stopping because end time detected by thread: jp@gc - Ultimate Thread Group 1-24
2020-04-03 21:22:36,699 INFO o.a.j.t.JMeterThread: Thread finished: jp@gc - Ultimate Thread Group 1-24
2020-04-03 21:22:36,730 INFO o.a.j.t.JMeterThread: Stopping because end time detected by thread: jp@gc - Ultimate Thread Group 1-25
2020-04-03 21:22:36,730 INFO o.a.j.t.JMeterThread: Thread finished: jp@gc - Ultimate Thread Group 1-25
2020-04-03 21:22:36,758 INFO o.a.j.t.JMeterThread: Stopping because end time detected by thread: jp@gc - Ultimate Thread Group 1-14
2020-04-03 21:22:36,758 INFO o.a.j.t.JMeterThread: Thread finished: jp@gc - Ultimate Thread Group 1-14
2020-04-03 21:22:37,216 INFO o.a.j.t.JMeterThread: Stopping because end time detected by thread: jp@gc - Ultimate Thread Group 1-12
2020-04-03 21:22:37,216 INFO o.a.j.t.JMeterThread: Thread finished: jp@gc - Ultimate Thread Group 1-12
2020-04-03 21:22:37,318 INFO o.a.j.t.JMeterThread: Stopping because end time detected by thread: jp@gc - Ultimate Thread Group 1-8
2020-04-03 21:22:37,318 INFO o.a.j.t.JMeterThread: Thread finished: jp@gc - Ultimate Thread Group 1-8
2020-04-03 21:22:37,318 INFO o.a.j.t.JMeterThread: Stopping because end time detected by thread: jp@gc - Ultimate Thread Group 1-11
2020-04-03 21:22:37,318 INFO o.a.j.t.JMeterThread: Thread finished: jp@gc - Ultimate Thread Group 1-11
2020-04-03 21:22:37,411 INFO o.a.j.t.JMeterThread: Stopping because end time detected by thread: jp@gc - Ultimate Thread Group 1-10
2020-04-03 21:22:37,411 INFO o.a.j.t.JMeterThread: Thread finished: jp@gc - Ultimate Thread Group 1-10
2020-04-03 21:22:37,587 INFO o.a.j.t.JMeterThread: Stopping because end time detected by thread: jp@gc - Ultimate Thread Group 1-6
2020-04-03 21:22:37,588 INFO o.a.j.t.JMeterThread: Thread finished: jp@gc - Ultimate Thread Group 1-6
2020-04-03 21:22:38,019 INFO o.a.j.t.JMeterThread: Stopping because end time detected by thread: jp@gc - Ultimate Thread Group 1-22
2020-04-03 21:22:38,019 INFO o.a.j.t.JMeterThread: Thread finished: jp@gc - Ultimate Thread Group 1-22
2020-04-03 21:22:38,125 INFO o.a.j.t.JMeterThread: Stopping because end time detected by thread: jp@gc - Ultimate Thread Group 1-23
2020-04-03 21:22:38,125 INFO o.a.j.t.JMeterThread: Thread finished: jp@gc - Ultimate Thread Group 1-23
2020-04-03 21:22:38,268 INFO o.a.j.t.JMeterThread: Stopping because end time detected by thread: jp@gc - Ultimate Thread Group 1-21
2020-04-03 21:22:38,268 INFO o.a.j.t.JMeterThread: Thread finished: jp@gc - Ultimate Thread Group 1-21
2020-04-03 21:22:38,436 INFO o.a.j.t.JMeterThread: Stopping because end time detected by thread: jp@gc - Ultimate Thread Group 1-2
2020-04-03 21:22:38,437 INFO o.a.j.t.JMeterThread: Thread finished: jp@gc - Ultimate Thread Group 1-2
2020-04-03 21:22:38,457 INFO o.a.j.t.JMeterThread: Stopping because end time detected by thread: jp@gc - Ultimate Thread Group 1-20
2020-04-03 21:22:38,457 INFO o.a.j.t.JMeterThread: Thread finished: jp@gc - Ultimate Thread Group 1-20
2020-04-03 21:22:38,539 INFO o.a.j.t.JMeterThread: Stopping because end time detected by thread: jp@gc - Ultimate Thread Group 1-13
2020-04-03 21:22:38,540 INFO o.a.j.t.JMeterThread: Thread finished: jp@gc - Ultimate Thread Group 1-13
2020-04-03 21:22:38,683 INFO o.a.j.t.JMeterThread: Stopping because end time detected by thread: jp@gc - Ultimate Thread Group 1-1
2020-04-03 21:22:38,684 INFO o.a.j.t.JMeterThread: Thread finished: jp@gc - Ultimate Thread Group 1-1
2020-04-03 21:22:38,707 INFO o.a.j.t.JMeterThread: Stopping because end time detected by thread: jp@gc - Ultimate Thread Group 1-5
2020-04-03 21:22:38,707 INFO o.a.j.t.JMeterThread: Thread finished: jp@gc - Ultimate Thread Group 1-5
2020-04-03 21:22:38,862 INFO o.a.j.t.JMeterThread: Stopping because end time detected by thread: jp@gc - Ultimate Thread Group 1-19
2020-04-03 21:22:38,862 INFO o.a.j.t.JMeterThread: Thread finished: jp@gc - Ultimate Thread Group 1-19
2020-04-03 21:22:38,878 INFO o.a.j.t.JMeterThread: Stopping because end time detected by thread: jp@gc - Ultimate Thread Group 1-9
2020-04-03 21:22:38,878 INFO o.a.j.t.JMeterThread: Thread finished: jp@gc - Ultimate Thread Group 1-9
2020-04-03 21:22:38,880 INFO o.a.j.e.StandardJMeterEngine: Notifying test listeners of end of test
2020-04-03 21:22:38,883 INFO o.a.j.r.Summariser: summary +     35 in 00:00:09 =    4.0/s Avg: 10974 Min:  5005 Max: 13299 Err:     0 (0.00%) Active: 0 Started: 30 Finished: 30
2020-04-03 21:22:38,883 INFO o.a.j.r.Summariser: summary =    353 in 00:02:32 =    2.3/s Avg: 11556 Min:   999 Max: 14322 Err:     0 (0.00%)
