2020-03-24 14:30:25,741 INFO o.a.j.u.JMeterUtils: Setting Locale to en_US
2020-03-24 14:30:25,776 INFO o.a.j.JMeter: Loading user properties from: /home/pablo/jmeter/bin/user.properties
2020-03-24 14:30:25,777 INFO o.a.j.JMeter: Loading system properties from: /home/pablo/jmeter/bin/system.properties
2020-03-24 14:30:25,778 INFO o.a.j.JMeter: Setting System property: HILOS=300
2020-03-24 14:30:25,779 INFO o.a.j.JMeter: Setting System property: SUBIDA=120
2020-03-24 14:30:25,779 INFO o.a.j.JMeter: Setting System property: DURACION=360
2020-03-24 14:30:25,779 INFO o.a.j.JMeter: Setting System property: PAGE=/test/imageng.html
2020-03-24 14:30:25,779 INFO o.a.j.JMeter: Setting System property: FILE=scriptresultsperfmonG300.jtl
2020-03-24 14:30:25,783 INFO o.a.j.JMeter: Copyright (c) 1998-2019 The Apache Software Foundation
2020-03-24 14:30:25,783 INFO o.a.j.JMeter: Version 5.2.1
2020-03-24 14:30:25,784 INFO o.a.j.JMeter: java.version=1.8.0_201
2020-03-24 14:30:25,784 INFO o.a.j.JMeter: java.vm.name=Java HotSpot(TM) 64-Bit Server VM
2020-03-24 14:30:25,784 INFO o.a.j.JMeter: os.name=Linux
2020-03-24 14:30:25,784 INFO o.a.j.JMeter: os.arch=amd64
2020-03-24 14:30:25,785 INFO o.a.j.JMeter: os.version=4.15.0-91-generic
2020-03-24 14:30:25,785 INFO o.a.j.JMeter: file.encoding=UTF-8
2020-03-24 14:30:25,785 INFO o.a.j.JMeter: java.awt.headless=true
2020-03-24 14:30:25,786 INFO o.a.j.JMeter: Max memory     =732954624
2020-03-24 14:30:25,786 INFO o.a.j.JMeter: Available Processors =4
2020-03-24 14:30:25,794 INFO o.a.j.JMeter: Default Locale=English (United States)
2020-03-24 14:30:25,795 INFO o.a.j.JMeter: JMeter  Locale=English (United States)
2020-03-24 14:30:25,795 INFO o.a.j.JMeter: JMeterHome=/home/pablo/jmeter
2020-03-24 14:30:25,796 INFO o.a.j.JMeter: user.dir  =/home/pablo/jmeter/bin/EJECUCIONES
2020-03-24 14:30:25,796 INFO o.a.j.JMeter: PWD       =/home/pablo/jmeter/bin/EJECUCIONES
2020-03-24 14:30:25,797 INFO o.a.j.JMeter: IP: 127.0.1.1 Name: hylianpablo FullName: hylianpablo
2020-03-24 14:30:25,807 INFO o.a.j.s.FileServer: Default base='/home/pablo/jmeter/bin/EJECUCIONES'
2020-03-24 14:30:25,818 INFO o.a.j.s.FileServer: Set new base='/home/pablo/jmeter/bin/EJECUCIONES/..'
2020-03-24 14:30:26,127 INFO o.a.j.s.SaveService: Testplan (JMX) version: 2.2. Testlog (JTL) version: 2.2
2020-03-24 14:30:26,147 INFO o.a.j.s.SaveService: Using SaveService properties file encoding UTF-8
2020-03-24 14:30:26,161 INFO o.a.j.s.SaveService: Using SaveService properties version 5.0
2020-03-24 14:30:26,181 INFO o.a.j.s.SaveService: Loading file: ../Correcto.jmx
2020-03-24 14:30:26,313 INFO o.a.j.p.h.s.HTTPSamplerBase: Parser for text/html is org.apache.jmeter.protocol.http.parser.LagartoBasedHtmlParser
2020-03-24 14:30:26,313 INFO o.a.j.p.h.s.HTTPSamplerBase: Parser for application/xhtml+xml is org.apache.jmeter.protocol.http.parser.LagartoBasedHtmlParser
2020-03-24 14:30:26,315 INFO o.a.j.p.h.s.HTTPSamplerBase: Parser for application/xml is org.apache.jmeter.protocol.http.parser.LagartoBasedHtmlParser
2020-03-24 14:30:26,315 INFO o.a.j.p.h.s.HTTPSamplerBase: Parser for text/xml is org.apache.jmeter.protocol.http.parser.LagartoBasedHtmlParser
2020-03-24 14:30:26,315 INFO o.a.j.p.h.s.HTTPSamplerBase: Parser for text/vnd.wap.wml is org.apache.jmeter.protocol.http.parser.RegexpHTMLParser
2020-03-24 14:30:26,316 INFO o.a.j.p.h.s.HTTPSamplerBase: Parser for text/css is org.apache.jmeter.protocol.http.parser.CssParser
2020-03-24 14:30:26,376 INFO o.a.j.p.h.c.CacheManager: Will only cache the following methods: [GET]
2020-03-24 14:30:26,422 INFO o.a.j.JMeter: Creating summariser <summary>
2020-03-24 14:30:26,439 INFO o.a.j.e.StandardJMeterEngine: Running the test!
2020-03-24 14:30:26,441 INFO o.a.j.s.SampleEvent: List of sample_variables: []
2020-03-24 14:30:26,441 INFO o.a.j.s.SampleEvent: List of sample_variables: []
2020-03-24 14:30:26,457 INFO o.a.j.e.u.CompoundVariable: Note: Function class names must contain the string: '.functions.'
2020-03-24 14:30:26,457 INFO o.a.j.e.u.CompoundVariable: Note: Function class names must not contain the string: '.gui.'
2020-03-24 14:30:27,354 INFO o.a.j.JMeter: Running test (1585056627354)
2020-03-24 14:30:27,461 INFO o.a.j.e.StandardJMeterEngine: Starting ThreadGroup: 1 : Grupo De Hilos
2020-03-24 14:30:27,462 INFO o.a.j.e.StandardJMeterEngine: Starting 300 threads for group Grupo De Hilos.
2020-03-24 14:30:27,462 INFO o.a.j.e.StandardJMeterEngine: Thread will continue on error
2020-03-24 14:30:27,463 INFO o.a.j.t.ThreadGroup: Starting thread group... number=1 threads=300 ramp-up=120 delayedStart=false
2020-03-24 14:30:27,504 INFO o.a.j.t.JMeterThread: Thread started: Grupo De Hilos 1-1
2020-03-24 14:30:27,563 INFO o.a.j.p.h.s.HTTPHCAbstractImpl: Local host = hylianpablo
2020-03-24 14:30:27,582 INFO o.a.j.p.h.s.HTTPHC4Impl: HTTP request retry count = 0
2020-03-24 14:30:27,587 INFO o.a.j.s.SampleResult: Note: Sample TimeStamps are START times
2020-03-24 14:30:27,587 INFO o.a.j.s.SampleResult: sampleresult.default.encoding is set to ISO-8859-1
2020-03-24 14:30:27,588 INFO o.a.j.s.SampleResult: sampleresult.useNanoTime=true
2020-03-24 14:30:27,589 INFO o.a.j.s.SampleResult: sampleresult.nanoThreadSleep=5000
2020-03-24 14:30:27,892 INFO o.a.j.t.JMeterThread: Thread started: Grupo De Hilos 1-2
2020-03-24 14:30:27,996 INFO o.a.j.t.ThreadGroup: Started thread group number 1
2020-03-24 14:30:27,996 INFO o.a.j.e.StandardJMeterEngine: All thread groups have been started
2020-03-24 14:30:28,291 INFO o.a.j.t.JMeterThread: Thread started: Grupo De Hilos 1-3
2020-03-24 14:30:28,666 INFO o.a.j.t.JMeterThread: Thread started: Grupo De Hilos 1-4
2020-03-24 14:30:29,070 INFO o.a.j.t.JMeterThread: Thread started: Grupo De Hilos 1-5
2020-03-24 14:30:29,468 INFO o.a.j.t.JMeterThread: Thread started: Grupo De Hilos 1-6
2020-03-24 14:30:29,866 INFO o.a.j.t.JMeterThread: Thread started: Grupo De Hilos 1-7
2020-03-24 14:30:30,267 INFO o.a.j.t.JMeterThread: Thread started: Grupo De Hilos 1-8
2020-03-24 14:30:30,321 INFO o.a.j.r.Summariser: summary +      8 in 00:00:03 =    2.7/s Avg:    65 Min:    39 Max:   158 Err:     0 (0.00%) Active: 8 Started: 8 Finished: 0
2020-03-24 14:30:30,667 INFO o.a.j.t.JMeterThread: Thread started: Grupo De Hilos 1-9
2020-03-24 14:30:31,068 INFO o.a.j.t.JMeterThread: Thread started: Grupo De Hilos 1-10
2020-03-24 14:30:31,467 INFO o.a.j.t.JMeterThread: Thread started: Grupo De Hilos 1-11
2020-03-24 14:30:31,869 INFO o.a.j.t.JMeterThread: Thread started: Grupo De Hilos 1-12
2020-03-24 14:30:32,266 INFO o.a.j.t.JMeterThread: Thread started: Grupo De Hilos 1-13
2020-03-24 14:30:32,668 INFO o.a.j.t.JMeterThread: Thread started: Grupo De Hilos 1-14
2020-03-24 14:30:33,066 INFO o.a.j.t.JMeterThread: Thread started: Grupo De Hilos 1-15
2020-03-24 14:30:33,466 INFO o.a.j.t.JMeterThread: Thread started: Grupo De Hilos 1-16
2020-03-24 14:30:33,869 INFO o.a.j.t.JMeterThread: Thread started: Grupo De Hilos 1-17
2020-03-24 14:30:34,265 INFO o.a.j.t.JMeterThread: Thread started: Grupo De Hilos 1-18
2020-03-24 14:30:34,666 INFO o.a.j.t.JMeterThread: Thread started: Grupo De Hilos 1-19
2020-03-24 14:30:35,069 INFO o.a.j.t.JMeterThread: Thread started: Grupo De Hilos 1-20
2020-03-24 14:30:35,465 INFO o.a.j.t.JMeterThread: Thread started: Grupo De Hilos 1-21
2020-03-24 14:30:35,864 INFO o.a.j.t.JMeterThread: Thread started: Grupo De Hilos 1-22
2020-03-24 14:30:36,264 INFO o.a.j.t.JMeterThread: Thread started: Grupo De Hilos 1-23
2020-03-24 14:30:36,669 INFO o.a.j.t.JMeterThread: Thread started: Grupo De Hilos 1-24
2020-03-24 14:30:37,066 INFO o.a.j.t.JMeterThread: Thread started: Grupo De Hilos 1-25
2020-03-24 14:30:37,465 INFO o.a.j.t.JMeterThread: Thread started: Grupo De Hilos 1-26
2020-03-24 14:30:37,864 INFO o.a.j.t.JMeterThread: Thread started: Grupo De Hilos 1-27
2020-03-24 14:30:38,264 INFO o.a.j.t.JMeterThread: Thread started: Grupo De Hilos 1-28
2020-03-24 14:30:38,664 INFO o.a.j.t.JMeterThread: Thread started: Grupo De Hilos 1-29
2020-03-24 14:30:39,068 INFO o.a.j.t.JMeterThread: Thread started: Grupo De Hilos 1-30
2020-03-24 14:30:39,464 INFO o.a.j.t.JMeterThread: Thread started: Grupo De Hilos 1-31
2020-03-24 14:30:39,866 INFO o.a.j.t.JMeterThread: Thread started: Grupo De Hilos 1-32
2020-03-24 14:30:40,265 INFO o.a.j.t.JMeterThread: Thread started: Grupo De Hilos 1-33
2020-03-24 14:30:40,664 INFO o.a.j.t.JMeterThread: Thread started: Grupo De Hilos 1-34
2020-03-24 14:30:41,065 INFO o.a.j.t.JMeterThread: Thread started: Grupo De Hilos 1-35
2020-03-24 14:30:41,465 INFO o.a.j.t.JMeterThread: Thread started: Grupo De Hilos 1-36
2020-03-24 14:30:41,864 INFO o.a.j.t.JMeterThread: Thread started: Grupo De Hilos 1-37
2020-03-24 14:30:42,264 INFO o.a.j.t.JMeterThread: Thread started: Grupo De Hilos 1-38
2020-03-24 14:30:42,667 INFO o.a.j.t.JMeterThread: Thread started: Grupo De Hilos 1-39
2020-03-24 14:30:43,065 INFO o.a.j.t.JMeterThread: Thread started: Grupo De Hilos 1-40
2020-03-24 14:30:43,465 INFO o.a.j.t.JMeterThread: Thread started: Grupo De Hilos 1-41
2020-03-24 14:30:43,864 INFO o.a.j.t.JMeterThread: Thread started: Grupo De Hilos 1-42
2020-03-24 14:30:44,265 INFO o.a.j.t.JMeterThread: Thread started: Grupo De Hilos 1-43
2020-03-24 14:30:44,664 INFO o.a.j.t.JMeterThread: Thread started: Grupo De Hilos 1-44
2020-03-24 14:30:45,070 INFO o.a.j.t.JMeterThread: Thread started: Grupo De Hilos 1-45
2020-03-24 14:30:45,465 INFO o.a.j.t.JMeterThread: Thread started: Grupo De Hilos 1-46
2020-03-24 14:30:45,867 INFO o.a.j.t.JMeterThread: Thread started: Grupo De Hilos 1-47
2020-03-24 14:30:46,267 INFO o.a.j.t.JMeterThread: Thread started: Grupo De Hilos 1-48
2020-03-24 14:30:46,670 INFO o.a.j.t.JMeterThread: Thread started: Grupo De Hilos 1-49
2020-03-24 14:30:47,069 INFO o.a.j.t.JMeterThread: Thread started: Grupo De Hilos 1-50
2020-03-24 14:30:47,467 INFO o.a.j.t.JMeterThread: Thread started: Grupo De Hilos 1-51
2020-03-24 14:30:47,873 INFO o.a.j.t.JMeterThread: Thread started: Grupo De Hilos 1-52
2020-03-24 14:30:48,266 INFO o.a.j.t.JMeterThread: Thread started: Grupo De Hilos 1-53
2020-03-24 14:30:48,665 INFO o.a.j.t.JMeterThread: Thread started: Grupo De Hilos 1-54
2020-03-24 14:30:49,069 INFO o.a.j.t.JMeterThread: Thread started: Grupo De Hilos 1-55
2020-03-24 14:30:49,466 INFO o.a.j.t.JMeterThread: Thread started: Grupo De Hilos 1-56
2020-03-24 14:30:49,864 INFO o.a.j.t.JMeterThread: Thread started: Grupo De Hilos 1-57
2020-03-24 14:30:50,266 INFO o.a.j.t.JMeterThread: Thread started: Grupo De Hilos 1-58
2020-03-24 14:30:50,666 INFO o.a.j.t.JMeterThread: Thread started: Grupo De Hilos 1-59
2020-03-24 14:30:51,066 INFO o.a.j.t.JMeterThread: Thread started: Grupo De Hilos 1-60
2020-03-24 14:30:51,465 INFO o.a.j.t.JMeterThread: Thread started: Grupo De Hilos 1-61
2020-03-24 14:30:51,873 INFO o.a.j.t.JMeterThread: Thread started: Grupo De Hilos 1-62
2020-03-24 14:30:52,264 INFO o.a.j.t.JMeterThread: Thread started: Grupo De Hilos 1-63
2020-03-24 14:30:52,672 INFO o.a.j.t.JMeterThread: Thread started: Grupo De Hilos 1-64
2020-03-24 14:30:53,073 INFO o.a.j.t.JMeterThread: Thread started: Grupo De Hilos 1-65
2020-03-24 14:30:53,471 INFO o.a.j.t.JMeterThread: Thread started: Grupo De Hilos 1-66
2020-03-24 14:30:53,870 INFO o.a.j.t.JMeterThread: Thread started: Grupo De Hilos 1-67
2020-03-24 14:30:54,271 INFO o.a.j.t.JMeterThread: Thread started: Grupo De Hilos 1-68
2020-03-24 14:30:54,669 INFO o.a.j.t.JMeterThread: Thread started: Grupo De Hilos 1-69
2020-03-24 14:30:55,065 INFO o.a.j.t.JMeterThread: Thread started: Grupo De Hilos 1-70
2020-03-24 14:30:55,464 INFO o.a.j.t.JMeterThread: Thread started: Grupo De Hilos 1-71
2020-03-24 14:30:55,865 INFO o.a.j.t.JMeterThread: Thread started: Grupo De Hilos 1-72
2020-03-24 14:30:56,265 INFO o.a.j.t.JMeterThread: Thread started: Grupo De Hilos 1-73
2020-03-24 14:30:56,667 INFO o.a.j.t.JMeterThread: Thread started: Grupo De Hilos 1-74
2020-03-24 14:30:57,066 INFO o.a.j.t.JMeterThread: Thread started: Grupo De Hilos 1-75
2020-03-24 14:30:57,465 INFO o.a.j.t.JMeterThread: Thread started: Grupo De Hilos 1-76
2020-03-24 14:30:57,864 INFO o.a.j.t.JMeterThread: Thread started: Grupo De Hilos 1-77
2020-03-24 14:30:58,265 INFO o.a.j.t.JMeterThread: Thread started: Grupo De Hilos 1-78
2020-03-24 14:30:58,665 INFO o.a.j.t.JMeterThread: Thread started: Grupo De Hilos 1-79
2020-03-24 14:30:59,069 INFO o.a.j.t.JMeterThread: Thread started: Grupo De Hilos 1-80
2020-03-24 14:30:59,467 INFO o.a.j.t.JMeterThread: Thread started: Grupo De Hilos 1-81
2020-03-24 14:30:59,871 INFO o.a.j.t.JMeterThread: Thread started: Grupo De Hilos 1-82
2020-03-24 14:31:00,268 INFO o.a.j.t.JMeterThread: Thread started: Grupo De Hilos 1-83
2020-03-24 14:31:00,352 INFO o.a.j.r.Summariser: summary +     75 in 00:00:30 =    2.5/s Avg:    47 Min:    36 Max:   180 Err:     0 (0.00%) Active: 83 Started: 83 Finished: 0
2020-03-24 14:31:00,353 INFO o.a.j.r.Summariser: summary =     83 in 00:00:33 =    2.5/s Avg:    49 Min:    36 Max:   180 Err:     0 (0.00%)
2020-03-24 14:31:00,680 INFO o.a.j.t.JMeterThread: Thread started: Grupo De Hilos 1-84
2020-03-24 14:31:01,069 INFO o.a.j.t.JMeterThread: Thread started: Grupo De Hilos 1-85
2020-03-24 14:31:01,464 INFO o.a.j.t.JMeterThread: Thread started: Grupo De Hilos 1-86
2020-03-24 14:31:01,867 INFO o.a.j.t.JMeterThread: Thread started: Grupo De Hilos 1-87
2020-03-24 14:31:02,269 INFO o.a.j.t.JMeterThread: Thread started: Grupo De Hilos 1-88
2020-03-24 14:31:02,670 INFO o.a.j.t.JMeterThread: Thread started: Grupo De Hilos 1-89
2020-03-24 14:31:03,073 INFO o.a.j.t.JMeterThread: Thread started: Grupo De Hilos 1-90
2020-03-24 14:31:03,463 INFO o.a.j.t.JMeterThread: Thread started: Grupo De Hilos 1-91
2020-03-24 14:31:03,865 INFO o.a.j.t.JMeterThread: Thread started: Grupo De Hilos 1-92
2020-03-24 14:31:04,264 INFO o.a.j.t.JMeterThread: Thread started: Grupo De Hilos 1-93
2020-03-24 14:31:04,664 INFO o.a.j.t.JMeterThread: Thread started: Grupo De Hilos 1-94
2020-03-24 14:31:05,065 INFO o.a.j.t.JMeterThread: Thread started: Grupo De Hilos 1-95
2020-03-24 14:31:05,467 INFO o.a.j.t.JMeterThread: Thread started: Grupo De Hilos 1-96
2020-03-24 14:31:05,872 INFO o.a.j.t.JMeterThread: Thread started: Grupo De Hilos 1-97
2020-03-24 14:31:06,269 INFO o.a.j.t.JMeterThread: Thread started: Grupo De Hilos 1-98
2020-03-24 14:31:06,673 INFO o.a.j.t.JMeterThread: Thread started: Grupo De Hilos 1-99
2020-03-24 14:31:07,073 INFO o.a.j.t.JMeterThread: Thread started: Grupo De Hilos 1-100
2020-03-24 14:31:07,466 INFO o.a.j.t.JMeterThread: Thread started: Grupo De Hilos 1-101
2020-03-24 14:31:07,868 INFO o.a.j.t.JMeterThread: Thread started: Grupo De Hilos 1-102
2020-03-24 14:31:08,265 INFO o.a.j.t.JMeterThread: Thread started: Grupo De Hilos 1-103
2020-03-24 14:31:08,665 INFO o.a.j.t.JMeterThread: Thread started: Grupo De Hilos 1-104
2020-03-24 14:31:09,065 INFO o.a.j.t.JMeterThread: Thread started: Grupo De Hilos 1-105
2020-03-24 14:31:09,470 INFO o.a.j.t.JMeterThread: Thread started: Grupo De Hilos 1-106
2020-03-24 14:31:09,868 INFO o.a.j.t.JMeterThread: Thread started: Grupo De Hilos 1-107
2020-03-24 14:31:10,265 INFO o.a.j.t.JMeterThread: Thread started: Grupo De Hilos 1-108
2020-03-24 14:31:10,665 INFO o.a.j.t.JMeterThread: Thread started: Grupo De Hilos 1-109
2020-03-24 14:31:11,065 INFO o.a.j.t.JMeterThread: Thread started: Grupo De Hilos 1-110
2020-03-24 14:31:11,464 INFO o.a.j.t.JMeterThread: Thread started: Grupo De Hilos 1-111
2020-03-24 14:31:11,865 INFO o.a.j.t.JMeterThread: Thread started: Grupo De Hilos 1-112
2020-03-24 14:31:12,270 INFO o.a.j.t.JMeterThread: Thread started: Grupo De Hilos 1-113
2020-03-24 14:31:12,665 INFO o.a.j.t.JMeterThread: Thread started: Grupo De Hilos 1-114
2020-03-24 14:31:13,064 INFO o.a.j.t.JMeterThread: Thread started: Grupo De Hilos 1-115
2020-03-24 14:31:13,465 INFO o.a.j.t.JMeterThread: Thread started: Grupo De Hilos 1-116
2020-03-24 14:31:13,864 INFO o.a.j.t.JMeterThread: Thread started: Grupo De Hilos 1-117
2020-03-24 14:31:14,264 INFO o.a.j.t.JMeterThread: Thread started: Grupo De Hilos 1-118
2020-03-24 14:31:14,666 INFO o.a.j.t.JMeterThread: Thread started: Grupo De Hilos 1-119
2020-03-24 14:31:15,069 INFO o.a.j.t.JMeterThread: Thread started: Grupo De Hilos 1-120
2020-03-24 14:31:15,477 INFO o.a.j.t.JMeterThread: Thread started: Grupo De Hilos 1-121
2020-03-24 14:31:15,864 INFO o.a.j.t.JMeterThread: Thread started: Grupo De Hilos 1-122
2020-03-24 14:31:16,264 INFO o.a.j.t.JMeterThread: Thread started: Grupo De Hilos 1-123
2020-03-24 14:31:16,686 INFO o.a.j.t.JMeterThread: Thread started: Grupo De Hilos 1-124
2020-03-24 14:31:17,078 INFO o.a.j.t.JMeterThread: Thread started: Grupo De Hilos 1-125
2020-03-24 14:31:17,470 INFO o.a.j.t.JMeterThread: Thread started: Grupo De Hilos 1-126
2020-03-24 14:31:17,865 INFO o.a.j.t.JMeterThread: Thread started: Grupo De Hilos 1-127
2020-03-24 14:31:18,273 INFO o.a.j.t.JMeterThread: Thread started: Grupo De Hilos 1-128
2020-03-24 14:31:18,672 INFO o.a.j.t.JMeterThread: Thread started: Grupo De Hilos 1-129
2020-03-24 14:31:19,069 INFO o.a.j.t.JMeterThread: Thread started: Grupo De Hilos 1-130
2020-03-24 14:31:19,464 INFO o.a.j.t.JMeterThread: Thread started: Grupo De Hilos 1-131
2020-03-24 14:31:19,864 INFO o.a.j.t.JMeterThread: Thread started: Grupo De Hilos 1-132
2020-03-24 14:31:20,265 INFO o.a.j.t.JMeterThread: Thread started: Grupo De Hilos 1-133
2020-03-24 14:31:20,665 INFO o.a.j.t.JMeterThread: Thread started: Grupo De Hilos 1-134
2020-03-24 14:31:21,066 INFO o.a.j.t.JMeterThread: Thread started: Grupo De Hilos 1-135
2020-03-24 14:31:21,470 INFO o.a.j.t.JMeterThread: Thread started: Grupo De Hilos 1-136
2020-03-24 14:31:21,870 INFO o.a.j.t.JMeterThread: Thread started: Grupo De Hilos 1-137
2020-03-24 14:31:22,265 INFO o.a.j.t.JMeterThread: Thread started: Grupo De Hilos 1-138
2020-03-24 14:31:22,665 INFO o.a.j.t.JMeterThread: Thread started: Grupo De Hilos 1-139
2020-03-24 14:31:23,070 INFO o.a.j.t.JMeterThread: Thread started: Grupo De Hilos 1-140
2020-03-24 14:31:23,473 INFO o.a.j.t.JMeterThread: Thread started: Grupo De Hilos 1-141
2020-03-24 14:31:23,865 INFO o.a.j.t.JMeterThread: Thread started: Grupo De Hilos 1-142
2020-03-24 14:31:24,265 INFO o.a.j.t.JMeterThread: Thread started: Grupo De Hilos 1-143
2020-03-24 14:31:24,666 INFO o.a.j.t.JMeterThread: Thread started: Grupo De Hilos 1-144
2020-03-24 14:31:25,065 INFO o.a.j.t.JMeterThread: Thread started: Grupo De Hilos 1-145
2020-03-24 14:31:25,465 INFO o.a.j.t.JMeterThread: Thread started: Grupo De Hilos 1-146
2020-03-24 14:31:25,865 INFO o.a.j.t.JMeterThread: Thread started: Grupo De Hilos 1-147
2020-03-24 14:31:26,265 INFO o.a.j.t.JMeterThread: Thread started: Grupo De Hilos 1-148
2020-03-24 14:31:26,668 INFO o.a.j.t.JMeterThread: Thread started: Grupo De Hilos 1-149
2020-03-24 14:31:27,067 INFO o.a.j.t.JMeterThread: Thread started: Grupo De Hilos 1-150
2020-03-24 14:31:27,475 INFO o.a.j.t.JMeterThread: Thread started: Grupo De Hilos 1-151
2020-03-24 14:31:27,872 INFO o.a.j.t.JMeterThread: Thread started: Grupo De Hilos 1-152
2020-03-24 14:31:28,265 INFO o.a.j.t.JMeterThread: Thread started: Grupo De Hilos 1-153
2020-03-24 14:31:28,665 INFO o.a.j.t.JMeterThread: Thread started: Grupo De Hilos 1-154
2020-03-24 14:31:29,065 INFO o.a.j.t.JMeterThread: Thread started: Grupo De Hilos 1-155
2020-03-24 14:31:29,465 INFO o.a.j.t.JMeterThread: Thread started: Grupo De Hilos 1-156
2020-03-24 14:31:29,865 INFO o.a.j.t.JMeterThread: Thread started: Grupo De Hilos 1-157
2020-03-24 14:31:30,265 INFO o.a.j.t.JMeterThread: Thread started: Grupo De Hilos 1-158
2020-03-24 14:31:30,664 INFO o.a.j.t.JMeterThread: Thread started: Grupo De Hilos 1-159
2020-03-24 14:31:31,064 INFO o.a.j.t.JMeterThread: Thread started: Grupo De Hilos 1-160
2020-03-24 14:31:31,464 INFO o.a.j.t.JMeterThread: Thread started: Grupo De Hilos 1-161
2020-03-24 14:31:31,865 INFO o.a.j.t.JMeterThread: Thread started: Grupo De Hilos 1-162
2020-03-24 14:31:32,264 INFO o.a.j.t.JMeterThread: Thread started: Grupo De Hilos 1-163
2020-03-24 14:31:32,664 INFO o.a.j.t.JMeterThread: Thread started: Grupo De Hilos 1-164
2020-03-24 14:31:33,065 INFO o.a.j.t.JMeterThread: Thread started: Grupo De Hilos 1-165
2020-03-24 14:31:33,466 INFO o.a.j.t.JMeterThread: Thread started: Grupo De Hilos 1-166
2020-03-24 14:31:33,865 INFO o.a.j.t.JMeterThread: Thread started: Grupo De Hilos 1-167
2020-03-24 14:31:34,265 INFO o.a.j.t.JMeterThread: Thread started: Grupo De Hilos 1-168
2020-03-24 14:31:34,671 INFO o.a.j.t.JMeterThread: Thread started: Grupo De Hilos 1-169
2020-03-24 14:31:35,069 INFO o.a.j.t.JMeterThread: Thread started: Grupo De Hilos 1-170
2020-03-24 14:31:35,465 INFO o.a.j.t.JMeterThread: Thread started: Grupo De Hilos 1-171
2020-03-24 14:31:35,865 INFO o.a.j.t.JMeterThread: Thread started: Grupo De Hilos 1-172
2020-03-24 14:31:36,265 INFO o.a.j.t.JMeterThread: Thread started: Grupo De Hilos 1-173
2020-03-24 14:31:36,669 INFO o.a.j.t.JMeterThread: Thread started: Grupo De Hilos 1-174
2020-03-24 14:31:37,074 INFO o.a.j.t.JMeterThread: Thread started: Grupo De Hilos 1-175
2020-03-24 14:31:37,465 INFO o.a.j.t.JMeterThread: Thread started: Grupo De Hilos 1-176
2020-03-24 14:31:37,865 INFO o.a.j.t.JMeterThread: Thread started: Grupo De Hilos 1-177
2020-03-24 14:31:38,266 INFO o.a.j.t.JMeterThread: Thread started: Grupo De Hilos 1-178
2020-03-24 14:31:38,666 INFO o.a.j.t.JMeterThread: Thread started: Grupo De Hilos 1-179
2020-03-24 14:31:39,064 INFO o.a.j.t.JMeterThread: Thread started: Grupo De Hilos 1-180
2020-03-24 14:31:39,464 INFO o.a.j.t.JMeterThread: Thread started: Grupo De Hilos 1-181
2020-03-24 14:31:39,865 INFO o.a.j.t.JMeterThread: Thread started: Grupo De Hilos 1-182
2020-03-24 14:31:40,265 INFO o.a.j.t.JMeterThread: Thread started: Grupo De Hilos 1-183
2020-03-24 14:31:40,665 INFO o.a.j.t.JMeterThread: Thread started: Grupo De Hilos 1-184
2020-03-24 14:31:41,073 INFO o.a.j.t.JMeterThread: Thread started: Grupo De Hilos 1-185
2020-03-24 14:31:41,465 INFO o.a.j.t.JMeterThread: Thread started: Grupo De Hilos 1-186
2020-03-24 14:31:41,865 INFO o.a.j.t.JMeterThread: Thread started: Grupo De Hilos 1-187
2020-03-24 14:31:42,267 INFO o.a.j.t.JMeterThread: Thread started: Grupo De Hilos 1-188
2020-03-24 14:31:42,668 INFO o.a.j.t.JMeterThread: Thread started: Grupo De Hilos 1-189
2020-03-24 14:31:43,064 INFO o.a.j.t.JMeterThread: Thread started: Grupo De Hilos 1-190
2020-03-24 14:31:43,465 INFO o.a.j.t.JMeterThread: Thread started: Grupo De Hilos 1-191
2020-03-24 14:31:43,866 INFO o.a.j.t.JMeterThread: Thread started: Grupo De Hilos 1-192
2020-03-24 14:31:44,265 INFO o.a.j.t.JMeterThread: Thread started: Grupo De Hilos 1-193
2020-03-24 14:31:44,665 INFO o.a.j.t.JMeterThread: Thread started: Grupo De Hilos 1-194
2020-03-24 14:31:45,065 INFO o.a.j.t.JMeterThread: Thread started: Grupo De Hilos 1-195
2020-03-24 14:31:45,466 INFO o.a.j.t.JMeterThread: Thread started: Grupo De Hilos 1-196
2020-03-24 14:31:45,865 INFO o.a.j.t.JMeterThread: Thread started: Grupo De Hilos 1-197
2020-03-24 14:31:46,264 INFO o.a.j.t.JMeterThread: Thread started: Grupo De Hilos 1-198
2020-03-24 14:31:46,664 INFO o.a.j.t.JMeterThread: Thread started: Grupo De Hilos 1-199
2020-03-24 14:31:47,065 INFO o.a.j.t.JMeterThread: Thread started: Grupo De Hilos 1-200
2020-03-24 14:31:47,465 INFO o.a.j.t.JMeterThread: Thread started: Grupo De Hilos 1-201
2020-03-24 14:31:47,866 INFO o.a.j.t.JMeterThread: Thread started: Grupo De Hilos 1-202
2020-03-24 14:31:48,269 INFO o.a.j.t.JMeterThread: Thread started: Grupo De Hilos 1-203
2020-03-24 14:31:48,666 INFO o.a.j.t.JMeterThread: Thread started: Grupo De Hilos 1-204
2020-03-24 14:31:49,066 INFO o.a.j.t.JMeterThread: Thread started: Grupo De Hilos 1-205
2020-03-24 14:31:49,467 INFO o.a.j.t.JMeterThread: Thread started: Grupo De Hilos 1-206
2020-03-24 14:31:49,874 INFO o.a.j.t.JMeterThread: Thread started: Grupo De Hilos 1-207
2020-03-24 14:31:50,281 INFO o.a.j.t.JMeterThread: Thread started: Grupo De Hilos 1-208
2020-03-24 14:31:50,677 INFO o.a.j.t.JMeterThread: Thread started: Grupo De Hilos 1-209
2020-03-24 14:31:51,073 INFO o.a.j.t.JMeterThread: Thread started: Grupo De Hilos 1-210
2020-03-24 14:31:51,465 INFO o.a.j.t.JMeterThread: Thread started: Grupo De Hilos 1-211
2020-03-24 14:31:51,869 INFO o.a.j.t.JMeterThread: Thread started: Grupo De Hilos 1-212
2020-03-24 14:31:52,273 INFO o.a.j.t.JMeterThread: Thread started: Grupo De Hilos 1-213
2020-03-24 14:31:52,668 INFO o.a.j.t.JMeterThread: Thread started: Grupo De Hilos 1-214
2020-03-24 14:31:53,069 INFO o.a.j.t.JMeterThread: Thread started: Grupo De Hilos 1-215
2020-03-24 14:31:53,473 INFO o.a.j.t.JMeterThread: Thread started: Grupo De Hilos 1-216
2020-03-24 14:31:53,866 INFO o.a.j.t.JMeterThread: Thread started: Grupo De Hilos 1-217
2020-03-24 14:31:54,265 INFO o.a.j.t.JMeterThread: Thread started: Grupo De Hilos 1-218
2020-03-24 14:31:54,665 INFO o.a.j.t.JMeterThread: Thread started: Grupo De Hilos 1-219
2020-03-24 14:31:55,065 INFO o.a.j.t.JMeterThread: Thread started: Grupo De Hilos 1-220
2020-03-24 14:31:55,470 INFO o.a.j.t.JMeterThread: Thread started: Grupo De Hilos 1-221
2020-03-24 14:31:55,864 INFO o.a.j.t.JMeterThread: Thread started: Grupo De Hilos 1-222
2020-03-24 14:31:56,264 INFO o.a.j.t.JMeterThread: Thread started: Grupo De Hilos 1-223
2020-03-24 14:31:56,664 INFO o.a.j.t.JMeterThread: Thread started: Grupo De Hilos 1-224
2020-03-24 14:31:57,069 INFO o.a.j.t.JMeterThread: Thread started: Grupo De Hilos 1-225
2020-03-24 14:31:57,473 INFO o.a.j.t.JMeterThread: Thread started: Grupo De Hilos 1-226
2020-03-24 14:31:57,865 INFO o.a.j.t.JMeterThread: Thread started: Grupo De Hilos 1-227
2020-03-24 14:31:58,265 INFO o.a.j.t.JMeterThread: Thread started: Grupo De Hilos 1-228
2020-03-24 14:31:58,665 INFO o.a.j.t.JMeterThread: Thread started: Grupo De Hilos 1-229
2020-03-24 14:31:59,065 INFO o.a.j.t.JMeterThread: Thread started: Grupo De Hilos 1-230
2020-03-24 14:31:59,465 INFO o.a.j.t.JMeterThread: Thread started: Grupo De Hilos 1-231
2020-03-24 14:31:59,864 INFO o.a.j.t.JMeterThread: Thread started: Grupo De Hilos 1-232
2020-03-24 14:32:00,265 INFO o.a.j.t.JMeterThread: Thread started: Grupo De Hilos 1-233
2020-03-24 14:32:00,673 INFO o.a.j.t.JMeterThread: Thread started: Grupo De Hilos 1-234
2020-03-24 14:32:01,065 INFO o.a.j.t.JMeterThread: Thread started: Grupo De Hilos 1-235
2020-03-24 14:32:01,466 INFO o.a.j.t.JMeterThread: Thread started: Grupo De Hilos 1-236
2020-03-24 14:32:01,864 INFO o.a.j.t.JMeterThread: Thread started: Grupo De Hilos 1-237
2020-03-24 14:32:02,272 INFO o.a.j.t.JMeterThread: Thread started: Grupo De Hilos 1-238
2020-03-24 14:32:02,669 INFO o.a.j.t.JMeterThread: Thread started: Grupo De Hilos 1-239
2020-03-24 14:32:03,066 INFO o.a.j.t.JMeterThread: Thread started: Grupo De Hilos 1-240
2020-03-24 14:32:03,468 INFO o.a.j.t.JMeterThread: Thread started: Grupo De Hilos 1-241
2020-03-24 14:32:03,863 INFO o.a.j.t.JMeterThread: Thread started: Grupo De Hilos 1-242
2020-03-24 14:32:04,264 INFO o.a.j.t.JMeterThread: Thread started: Grupo De Hilos 1-243
2020-03-24 14:32:04,689 INFO o.a.j.t.JMeterThread: Thread started: Grupo De Hilos 1-244
2020-03-24 14:32:05,069 INFO o.a.j.t.JMeterThread: Thread started: Grupo De Hilos 1-245
2020-03-24 14:32:05,468 INFO o.a.j.t.JMeterThread: Thread started: Grupo De Hilos 1-246
2020-03-24 14:32:05,879 INFO o.a.j.t.JMeterThread: Thread started: Grupo De Hilos 1-247
2020-03-24 14:32:06,269 INFO o.a.j.t.JMeterThread: Thread started: Grupo De Hilos 1-248
2020-03-24 14:32:06,664 INFO o.a.j.t.JMeterThread: Thread started: Grupo De Hilos 1-249
2020-03-24 14:32:07,065 INFO o.a.j.t.JMeterThread: Thread started: Grupo De Hilos 1-250
2020-03-24 14:32:07,472 INFO o.a.j.t.JMeterThread: Thread started: Grupo De Hilos 1-251
2020-03-24 14:32:07,872 INFO o.a.j.t.JMeterThread: Thread started: Grupo De Hilos 1-252
2020-03-24 14:32:08,270 INFO o.a.j.t.JMeterThread: Thread started: Grupo De Hilos 1-253
2020-03-24 14:32:08,678 INFO o.a.j.t.JMeterThread: Thread started: Grupo De Hilos 1-254
2020-03-24 14:32:09,081 INFO o.a.j.t.JMeterThread: Thread started: Grupo De Hilos 1-255
2020-03-24 14:32:09,470 INFO o.a.j.t.JMeterThread: Thread started: Grupo De Hilos 1-256
2020-03-24 14:32:09,865 INFO o.a.j.t.JMeterThread: Thread started: Grupo De Hilos 1-257
2020-03-24 14:32:10,266 INFO o.a.j.t.JMeterThread: Thread started: Grupo De Hilos 1-258
2020-03-24 14:32:10,665 INFO o.a.j.t.JMeterThread: Thread started: Grupo De Hilos 1-259
2020-03-24 14:32:11,069 INFO o.a.j.t.JMeterThread: Thread started: Grupo De Hilos 1-260
2020-03-24 14:32:11,474 INFO o.a.j.t.JMeterThread: Thread started: Grupo De Hilos 1-261
2020-03-24 14:32:11,866 INFO o.a.j.t.JMeterThread: Thread started: Grupo De Hilos 1-262
2020-03-24 14:32:12,264 INFO o.a.j.t.JMeterThread: Thread started: Grupo De Hilos 1-263
2020-03-24 14:32:12,665 INFO o.a.j.t.JMeterThread: Thread started: Grupo De Hilos 1-264
2020-03-24 14:32:13,069 INFO o.a.j.t.JMeterThread: Thread started: Grupo De Hilos 1-265
2020-03-24 14:32:13,465 INFO o.a.j.t.JMeterThread: Thread started: Grupo De Hilos 1-266
2020-03-24 14:32:13,868 INFO o.a.j.t.JMeterThread: Thread started: Grupo De Hilos 1-267
2020-03-24 14:32:14,265 INFO o.a.j.t.JMeterThread: Thread started: Grupo De Hilos 1-268
2020-03-24 14:32:14,665 INFO o.a.j.t.JMeterThread: Thread started: Grupo De Hilos 1-269
2020-03-24 14:32:15,069 INFO o.a.j.t.JMeterThread: Thread started: Grupo De Hilos 1-270
2020-03-24 14:32:15,466 INFO o.a.j.t.JMeterThread: Thread started: Grupo De Hilos 1-271
2020-03-24 14:32:15,865 INFO o.a.j.t.JMeterThread: Thread started: Grupo De Hilos 1-272
2020-03-24 14:32:16,265 INFO o.a.j.t.JMeterThread: Thread started: Grupo De Hilos 1-273
2020-03-24 14:32:16,673 INFO o.a.j.t.JMeterThread: Thread started: Grupo De Hilos 1-274
2020-03-24 14:32:17,065 INFO o.a.j.t.JMeterThread: Thread started: Grupo De Hilos 1-275
2020-03-24 14:32:17,465 INFO o.a.j.t.JMeterThread: Thread started: Grupo De Hilos 1-276
2020-03-24 14:32:17,864 INFO o.a.j.t.JMeterThread: Thread started: Grupo De Hilos 1-277
2020-03-24 14:32:18,269 INFO o.a.j.t.JMeterThread: Thread started: Grupo De Hilos 1-278
2020-03-24 14:32:18,677 INFO o.a.j.t.JMeterThread: Thread started: Grupo De Hilos 1-279
2020-03-24 14:32:19,064 INFO o.a.j.t.JMeterThread: Thread started: Grupo De Hilos 1-280
2020-03-24 14:32:19,467 INFO o.a.j.t.JMeterThread: Thread started: Grupo De Hilos 1-281
2020-03-24 14:32:19,863 INFO o.a.j.t.JMeterThread: Thread started: Grupo De Hilos 1-282
2020-03-24 14:32:20,269 INFO o.a.j.t.JMeterThread: Thread started: Grupo De Hilos 1-283
2020-03-24 14:32:20,665 INFO o.a.j.t.JMeterThread: Thread started: Grupo De Hilos 1-284
2020-03-24 14:32:21,069 INFO o.a.j.t.JMeterThread: Thread started: Grupo De Hilos 1-285
2020-03-24 14:32:21,474 INFO o.a.j.t.JMeterThread: Thread started: Grupo De Hilos 1-286
2020-03-24 14:32:21,867 INFO o.a.j.t.JMeterThread: Thread started: Grupo De Hilos 1-287
2020-03-24 14:32:22,269 INFO o.a.j.t.JMeterThread: Thread started: Grupo De Hilos 1-288
2020-03-24 14:32:22,668 INFO o.a.j.t.JMeterThread: Thread started: Grupo De Hilos 1-289
2020-03-24 14:32:23,068 INFO o.a.j.t.JMeterThread: Thread started: Grupo De Hilos 1-290
2020-03-24 14:32:23,465 INFO o.a.j.t.JMeterThread: Thread started: Grupo De Hilos 1-291
2020-03-24 14:32:23,865 INFO o.a.j.t.JMeterThread: Thread started: Grupo De Hilos 1-292
2020-03-24 14:32:24,267 INFO o.a.j.t.JMeterThread: Thread started: Grupo De Hilos 1-293
2020-03-24 14:32:24,664 INFO o.a.j.t.JMeterThread: Thread started: Grupo De Hilos 1-294
2020-03-24 14:32:25,073 INFO o.a.j.t.JMeterThread: Thread started: Grupo De Hilos 1-295
2020-03-24 14:32:25,465 INFO o.a.j.t.JMeterThread: Thread started: Grupo De Hilos 1-296
2020-03-24 14:32:25,865 INFO o.a.j.t.JMeterThread: Thread started: Grupo De Hilos 1-297
2020-03-24 14:32:26,265 INFO o.a.j.t.JMeterThread: Thread started: Grupo De Hilos 1-298
2020-03-24 14:32:26,665 INFO o.a.j.t.JMeterThread: Thread started: Grupo De Hilos 1-299
2020-03-24 14:32:27,067 INFO o.a.j.t.JMeterThread: Thread started: Grupo De Hilos 1-300
2020-03-24 14:34:31,106 INFO o.a.j.r.Summariser: summary +     71 in 00:03:31 =    0.3/s Avg:  7346 Min:    35 Max: 129982 Err:     4 (5.63%) Active: 300 Started: 300 Finished: 0
2020-03-24 14:34:31,122 INFO o.a.j.r.Summariser: summary =    154 in 00:04:04 =    0.6/s Avg:  3413 Min:    35 Max: 129982 Err:     4 (2.60%)
2020-03-24 14:36:27,521 INFO o.a.j.t.JMeterThread: Stopping because end time detected by thread: Grupo De Hilos 1-1
2020-03-24 14:36:27,522 INFO o.a.j.t.JMeterThread: Thread finished: Grupo De Hilos 1-1
2020-03-24 14:36:27,549 INFO o.a.j.t.JMeterThread: Stopping because end time detected by thread: Grupo De Hilos 1-12
2020-03-24 14:36:27,550 INFO o.a.j.t.JMeterThread: Thread finished: Grupo De Hilos 1-12
2020-03-24 14:36:27,562 INFO o.a.j.t.JMeterThread: Stopping because end time detected by thread: Grupo De Hilos 1-19
2020-03-24 14:36:27,562 INFO o.a.j.t.JMeterThread: Stopping because end time detected by thread: Grupo De Hilos 1-20
2020-03-24 14:36:27,562 INFO o.a.j.t.JMeterThread: Thread finished: Grupo De Hilos 1-19
2020-03-24 14:36:27,562 INFO o.a.j.t.JMeterThread: Stopping because end time detected by thread: Grupo De Hilos 1-13
2020-03-24 14:36:27,562 INFO o.a.j.t.JMeterThread: Thread finished: Grupo De Hilos 1-20
2020-03-24 14:36:27,562 INFO o.a.j.t.JMeterThread: Stopping because end time detected by thread: Grupo De Hilos 1-26
2020-03-24 14:36:27,563 INFO o.a.j.t.JMeterThread: Thread finished: Grupo De Hilos 1-13
2020-03-24 14:36:27,563 INFO o.a.j.t.JMeterThread: Thread finished: Grupo De Hilos 1-26
2020-03-24 14:36:27,563 INFO o.a.j.t.JMeterThread: Stopping because end time detected by thread: Grupo De Hilos 1-29
2020-03-24 14:36:27,564 INFO o.a.j.t.JMeterThread: Thread finished: Grupo De Hilos 1-29
2020-03-24 14:36:27,564 INFO o.a.j.t.JMeterThread: Stopping because end time detected by thread: Grupo De Hilos 1-8
2020-03-24 14:36:27,564 INFO o.a.j.t.JMeterThread: Stopping because end time detected by thread: Grupo De Hilos 1-15
2020-03-24 14:36:27,564 INFO o.a.j.t.JMeterThread: Stopping because end time detected by thread: Grupo De Hilos 1-25
2020-03-24 14:36:27,564 INFO o.a.j.t.JMeterThread: Thread finished: Grupo De Hilos 1-8
2020-03-24 14:36:27,601 INFO o.a.j.t.JMeterThread: Stopping because end time detected by thread: Grupo De Hilos 1-50
2020-03-24 14:36:27,602 INFO o.a.j.t.JMeterThread: Thread finished: Grupo De Hilos 1-50
2020-03-24 14:36:27,590 INFO o.a.j.t.JMeterThread: Stopping because end time detected by thread: Grupo De Hilos 1-52
2020-03-24 14:36:27,590 INFO o.a.j.t.JMeterThread: Stopping because end time detected by thread: Grupo De Hilos 1-3
2020-03-24 14:36:27,585 INFO o.a.j.t.JMeterThread: Stopping because end time detected by thread: Grupo De Hilos 1-33
2020-03-24 14:36:27,582 INFO o.a.j.t.JMeterThread: Stopping because end time detected by thread: Grupo De Hilos 1-44
2020-03-24 14:36:27,578 INFO o.a.j.t.JMeterThread: Stopping because end time detected by thread: Grupo De Hilos 1-16
2020-03-24 14:36:27,564 INFO o.a.j.t.JMeterThread: Thread finished: Grupo De Hilos 1-25
2020-03-24 14:36:27,562 INFO o.a.j.t.JMeterThread: Stopping because end time detected by thread: Grupo De Hilos 1-11
2020-03-24 14:36:27,679 INFO o.a.j.t.JMeterThread: Stopping because end time detected by thread: Grupo De Hilos 1-70
2020-03-24 14:36:27,679 INFO o.a.j.t.JMeterThread: Thread finished: Grupo De Hilos 1-11
2020-03-24 14:36:27,679 INFO o.a.j.t.JMeterThread: Stopping because end time detected by thread: Grupo De Hilos 1-48
2020-03-24 14:36:27,679 INFO o.a.j.t.JMeterThread: Thread finished: Grupo De Hilos 1-48
2020-03-24 14:36:27,680 INFO o.a.j.t.JMeterThread: Stopping because end time detected by thread: Grupo De Hilos 1-43
2020-03-24 14:36:27,680 INFO o.a.j.t.JMeterThread: Thread finished: Grupo De Hilos 1-43
2020-03-24 14:36:27,565 INFO o.a.j.t.JMeterThread: Stopping because end time detected by thread: Grupo De Hilos 1-32
2020-03-24 14:36:27,565 INFO o.a.j.t.JMeterThread: Stopping because end time detected by thread: Grupo De Hilos 1-4
2020-03-24 14:36:27,682 INFO o.a.j.t.JMeterThread: Thread finished: Grupo De Hilos 1-4
2020-03-24 14:36:27,682 INFO o.a.j.t.JMeterThread: Thread finished: Grupo De Hilos 1-32
2020-03-24 14:36:27,682 INFO o.a.j.t.JMeterThread: Stopping because end time detected by thread: Grupo De Hilos 1-95
2020-03-24 14:36:27,564 INFO o.a.j.t.JMeterThread: Stopping because end time detected by thread: Grupo De Hilos 1-34
2020-03-24 14:36:27,565 INFO o.a.j.t.JMeterThread: Stopping because end time detected by thread: Grupo De Hilos 1-30
2020-03-24 14:36:27,565 INFO o.a.j.t.JMeterThread: Stopping because end time detected by thread: Grupo De Hilos 1-6
2020-03-24 14:36:27,565 INFO o.a.j.t.JMeterThread: Stopping because end time detected by thread: Grupo De Hilos 1-17
2020-03-24 14:36:27,683 INFO o.a.j.t.JMeterThread: Thread finished: Grupo De Hilos 1-6
2020-03-24 14:36:27,683 INFO o.a.j.t.JMeterThread: Thread finished: Grupo De Hilos 1-30
2020-03-24 14:36:27,683 INFO o.a.j.t.JMeterThread: Thread finished: Grupo De Hilos 1-17
2020-03-24 14:36:27,564 INFO o.a.j.t.JMeterThread: Stopping because end time detected by thread: Grupo De Hilos 1-7
2020-03-24 14:36:27,683 INFO o.a.j.t.JMeterThread: Thread finished: Grupo De Hilos 1-7
2020-03-24 14:36:27,683 INFO o.a.j.t.JMeterThread: Thread finished: Grupo De Hilos 1-34
2020-03-24 14:36:27,564 INFO o.a.j.t.JMeterThread: Stopping because end time detected by thread: Grupo De Hilos 1-22
2020-03-24 14:36:27,684 INFO o.a.j.t.JMeterThread: Stopping because end time detected by thread: Grupo De Hilos 1-73
2020-03-24 14:36:27,684 INFO o.a.j.t.JMeterThread: Thread finished: Grupo De Hilos 1-22
2020-03-24 14:36:27,684 INFO o.a.j.t.JMeterThread: Thread finished: Grupo De Hilos 1-73
2020-03-24 14:36:27,679 INFO o.a.j.t.JMeterThread: Thread finished: Grupo De Hilos 1-70
2020-03-24 14:36:27,679 INFO o.a.j.t.JMeterThread: Stopping because end time detected by thread: Grupo De Hilos 1-71
2020-03-24 14:36:27,679 INFO o.a.j.t.JMeterThread: Stopping because end time detected by thread: Grupo De Hilos 1-42
2020-03-24 14:36:27,685 INFO o.a.j.t.JMeterThread: Thread finished: Grupo De Hilos 1-42
2020-03-24 14:36:27,678 INFO o.a.j.t.JMeterThread: Stopping because end time detected by thread: Grupo De Hilos 1-82
2020-03-24 14:36:27,678 INFO o.a.j.t.JMeterThread: Stopping because end time detected by thread: Grupo De Hilos 1-67
2020-03-24 14:36:27,683 INFO o.a.j.t.JMeterThread: Thread finished: Grupo De Hilos 1-95
2020-03-24 14:36:27,685 INFO o.a.j.t.JMeterThread: Thread finished: Grupo De Hilos 1-82
2020-03-24 14:36:27,685 INFO o.a.j.t.JMeterThread: Thread finished: Grupo De Hilos 1-67
2020-03-24 14:36:27,686 INFO o.a.j.t.JMeterThread: Stopping because end time detected by thread: Grupo De Hilos 1-77
2020-03-24 14:36:27,686 INFO o.a.j.t.JMeterThread: Stopping because end time detected by thread: Grupo De Hilos 1-55
2020-03-24 14:36:27,686 INFO o.a.j.t.JMeterThread: Stopping because end time detected by thread: Grupo De Hilos 1-66
2020-03-24 14:36:27,686 INFO o.a.j.t.JMeterThread: Thread finished: Grupo De Hilos 1-55
2020-03-24 14:36:27,686 INFO o.a.j.t.JMeterThread: Thread finished: Grupo De Hilos 1-66
2020-03-24 14:36:27,686 INFO o.a.j.t.JMeterThread: Stopping because end time detected by thread: Grupo De Hilos 1-39
2020-03-24 14:36:27,686 INFO o.a.j.t.JMeterThread: Stopping because end time detected by thread: Grupo De Hilos 1-58
2020-03-24 14:36:27,687 INFO o.a.j.t.JMeterThread: Thread finished: Grupo De Hilos 1-39
2020-03-24 14:36:27,687 INFO o.a.j.t.JMeterThread: Thread finished: Grupo De Hilos 1-58
2020-03-24 14:36:27,687 INFO o.a.j.t.JMeterThread: Thread finished: Grupo De Hilos 1-71
2020-03-24 14:36:27,687 INFO o.a.j.t.JMeterThread: Stopping because end time detected by thread: Grupo De Hilos 1-75
2020-03-24 14:36:27,687 INFO o.a.j.t.JMeterThread: Stopping because end time detected by thread: Grupo De Hilos 1-10
2020-03-24 14:36:27,687 INFO o.a.j.t.JMeterThread: Thread finished: Grupo De Hilos 1-77
2020-03-24 14:36:27,687 INFO o.a.j.t.JMeterThread: Thread finished: Grupo De Hilos 1-10
2020-03-24 14:36:27,688 INFO o.a.j.t.JMeterThread: Thread finished: Grupo De Hilos 1-75
2020-03-24 14:36:27,679 INFO o.a.j.t.JMeterThread: Stopping because end time detected by thread: Grupo De Hilos 1-79
2020-03-24 14:36:27,690 INFO o.a.j.t.JMeterThread: Stopping because end time detected by thread: Grupo De Hilos 1-49
2020-03-24 14:36:27,690 INFO o.a.j.t.JMeterThread: Stopping because end time detected by thread: Grupo De Hilos 1-62
2020-03-24 14:36:27,690 INFO o.a.j.t.JMeterThread: Thread finished: Grupo De Hilos 1-49
2020-03-24 14:36:27,690 INFO o.a.j.t.JMeterThread: Thread finished: Grupo De Hilos 1-62
2020-03-24 14:36:27,690 INFO o.a.j.t.JMeterThread: Thread finished: Grupo De Hilos 1-79
2020-03-24 14:36:27,690 INFO o.a.j.t.JMeterThread: Stopping because end time detected by thread: Grupo De Hilos 1-61
2020-03-24 14:36:27,601 INFO o.a.j.t.JMeterThread: Stopping because end time detected by thread: Grupo De Hilos 1-57
2020-03-24 14:36:27,690 INFO o.a.j.t.JMeterThread: Stopping because end time detected by thread: Grupo De Hilos 1-59
2020-03-24 14:36:27,691 INFO o.a.j.t.JMeterThread: Thread finished: Grupo De Hilos 1-61
2020-03-24 14:36:27,691 INFO o.a.j.t.JMeterThread: Thread finished: Grupo De Hilos 1-57
2020-03-24 14:36:27,687 INFO o.a.j.t.JMeterThread: Stopping because end time detected by thread: Grupo De Hilos 1-76
2020-03-24 14:36:27,687 INFO o.a.j.t.JMeterThread: Stopping because end time detected by thread: Grupo De Hilos 1-51
2020-03-24 14:36:27,691 INFO o.a.j.t.JMeterThread: Thread finished: Grupo De Hilos 1-51
2020-03-24 14:36:27,687 INFO o.a.j.t.JMeterThread: Stopping because end time detected by thread: Grupo De Hilos 1-63
2020-03-24 14:36:27,691 INFO o.a.j.t.JMeterThread: Stopping because end time detected by thread: Grupo De Hilos 1-69
2020-03-24 14:36:27,691 INFO o.a.j.t.JMeterThread: Thread finished: Grupo De Hilos 1-63
2020-03-24 14:36:27,692 INFO o.a.j.t.JMeterThread: Thread finished: Grupo De Hilos 1-69
2020-03-24 14:36:27,691 INFO o.a.j.t.JMeterThread: Thread finished: Grupo De Hilos 1-59
2020-03-24 14:36:27,692 INFO o.a.j.t.JMeterThread: Stopping because end time detected by thread: Grupo De Hilos 1-93
2020-03-24 14:36:27,692 INFO o.a.j.t.JMeterThread: Stopping because end time detected by thread: Grupo De Hilos 1-46
2020-03-24 14:36:27,692 INFO o.a.j.t.JMeterThread: Stopping because end time detected by thread: Grupo De Hilos 1-85
2020-03-24 14:36:27,693 INFO o.a.j.t.JMeterThread: Thread finished: Grupo De Hilos 1-93
2020-03-24 14:36:27,693 INFO o.a.j.t.JMeterThread: Stopping because end time detected by thread: Grupo De Hilos 1-31
2020-03-24 14:36:27,693 INFO o.a.j.t.JMeterThread: Thread finished: Grupo De Hilos 1-31
2020-03-24 14:36:27,693 INFO o.a.j.t.JMeterThread: Stopping because end time detected by thread: Grupo De Hilos 1-88
2020-03-24 14:36:27,693 INFO o.a.j.t.JMeterThread: Thread finished: Grupo De Hilos 1-88
2020-03-24 14:36:27,693 INFO o.a.j.t.JMeterThread: Thread finished: Grupo De Hilos 1-85
2020-03-24 14:36:27,693 INFO o.a.j.t.JMeterThread: Thread finished: Grupo De Hilos 1-46
2020-03-24 14:36:27,694 INFO o.a.j.t.JMeterThread: Stopping because end time detected by thread: Grupo De Hilos 1-102
2020-03-24 14:36:27,694 INFO o.a.j.t.JMeterThread: Thread finished: Grupo De Hilos 1-102
2020-03-24 14:36:27,694 INFO o.a.j.t.JMeterThread: Stopping because end time detected by thread: Grupo De Hilos 1-2
2020-03-24 14:36:27,694 INFO o.a.j.t.JMeterThread: Thread finished: Grupo De Hilos 1-2
2020-03-24 14:36:27,695 INFO o.a.j.t.JMeterThread: Stopping because end time detected by thread: Grupo De Hilos 1-21
2020-03-24 14:36:27,695 INFO o.a.j.t.JMeterThread: Thread finished: Grupo De Hilos 1-21
2020-03-24 14:36:27,695 INFO o.a.j.t.JMeterThread: Thread finished: Grupo De Hilos 1-16
2020-03-24 14:36:27,696 INFO o.a.j.t.JMeterThread: Stopping because end time detected by thread: Grupo De Hilos 1-45
2020-03-24 14:36:27,696 INFO o.a.j.t.JMeterThread: Thread finished: Grupo De Hilos 1-45
2020-03-24 14:36:27,696 INFO o.a.j.t.JMeterThread: Stopping because end time detected by thread: Grupo De Hilos 1-64
2020-03-24 14:36:27,696 INFO o.a.j.t.JMeterThread: Thread finished: Grupo De Hilos 1-64
2020-03-24 14:36:27,697 INFO o.a.j.t.JMeterThread: Stopping because end time detected by thread: Grupo De Hilos 1-14
2020-03-24 14:36:27,697 INFO o.a.j.t.JMeterThread: Thread finished: Grupo De Hilos 1-14
2020-03-24 14:36:27,698 INFO o.a.j.t.JMeterThread: Stopping because end time detected by thread: Grupo De Hilos 1-96
2020-03-24 14:36:27,698 INFO o.a.j.t.JMeterThread: Thread finished: Grupo De Hilos 1-96
2020-03-24 14:36:27,699 INFO o.a.j.t.JMeterThread: Stopping because end time detected by thread: Grupo De Hilos 1-107
2020-03-24 14:36:27,700 INFO o.a.j.t.JMeterThread: Thread finished: Grupo De Hilos 1-107
2020-03-24 14:36:27,701 INFO o.a.j.t.JMeterThread: Stopping because end time detected by thread: Grupo De Hilos 1-117
2020-03-24 14:36:27,701 INFO o.a.j.t.JMeterThread: Thread finished: Grupo De Hilos 1-117
2020-03-24 14:36:27,705 INFO o.a.j.t.JMeterThread: Stopping because end time detected by thread: Grupo De Hilos 1-83
2020-03-24 14:36:27,705 INFO o.a.j.t.JMeterThread: Thread finished: Grupo De Hilos 1-83
2020-03-24 14:36:27,706 INFO o.a.j.t.JMeterThread: Stopping because end time detected by thread: Grupo De Hilos 1-35
2020-03-24 14:36:27,707 INFO o.a.j.t.JMeterThread: Stopping because end time detected by thread: Grupo De Hilos 1-115
2020-03-24 14:36:27,707 INFO o.a.j.t.JMeterThread: Thread finished: Grupo De Hilos 1-76
2020-03-24 14:36:27,707 INFO o.a.j.t.JMeterThread: Thread finished: Grupo De Hilos 1-35
2020-03-24 14:36:27,707 INFO o.a.j.t.JMeterThread: Thread finished: Grupo De Hilos 1-115
2020-03-24 14:36:27,707 INFO o.a.j.t.JMeterThread: Stopping because end time detected by thread: Grupo De Hilos 1-100
2020-03-24 14:36:27,708 INFO o.a.j.t.JMeterThread: Thread finished: Grupo De Hilos 1-100
2020-03-24 14:36:27,708 INFO o.a.j.t.JMeterThread: Stopping because end time detected by thread: Grupo De Hilos 1-5
2020-03-24 14:36:27,708 INFO o.a.j.t.JMeterThread: Stopping because end time detected by thread: Grupo De Hilos 1-18
2020-03-24 14:36:27,708 INFO o.a.j.t.JMeterThread: Thread finished: Grupo De Hilos 1-5
2020-03-24 14:36:27,708 INFO o.a.j.t.JMeterThread: Thread finished: Grupo De Hilos 1-18
2020-03-24 14:36:27,708 INFO o.a.j.t.JMeterThread: Stopping because end time detected by thread: Grupo De Hilos 1-111
2020-03-24 14:36:27,708 INFO o.a.j.t.JMeterThread: Thread finished: Grupo De Hilos 1-111
2020-03-24 14:36:27,708 INFO o.a.j.t.JMeterThread: Stopping because end time detected by thread: Grupo De Hilos 1-24
2020-03-24 14:36:27,709 INFO o.a.j.t.JMeterThread: Thread finished: Grupo De Hilos 1-24
2020-03-24 14:36:27,710 INFO o.a.j.t.JMeterThread: Stopping because end time detected by thread: Grupo De Hilos 1-119
2020-03-24 14:36:27,711 INFO o.a.j.t.JMeterThread: Thread finished: Grupo De Hilos 1-119
2020-03-24 14:36:27,711 INFO o.a.j.t.JMeterThread: Stopping because end time detected by thread: Grupo De Hilos 1-112
2020-03-24 14:36:27,711 INFO o.a.j.t.JMeterThread: Thread finished: Grupo De Hilos 1-112
2020-03-24 14:36:27,712 INFO o.a.j.t.JMeterThread: Stopping because end time detected by thread: Grupo De Hilos 1-23
2020-03-24 14:36:27,712 INFO o.a.j.t.JMeterThread: Thread finished: Grupo De Hilos 1-23
2020-03-24 14:36:27,713 INFO o.a.j.t.JMeterThread: Thread finished: Grupo De Hilos 1-44
2020-03-24 14:36:27,713 INFO o.a.j.t.JMeterThread: Stopping because end time detected by thread: Grupo De Hilos 1-120
2020-03-24 14:36:27,714 INFO o.a.j.t.JMeterThread: Thread finished: Grupo De Hilos 1-33
2020-03-24 14:36:27,714 INFO o.a.j.t.JMeterThread: Stopping because end time detected by thread: Grupo De Hilos 1-38
2020-03-24 14:36:27,714 INFO o.a.j.t.JMeterThread: Thread finished: Grupo De Hilos 1-38
2020-03-24 14:36:27,718 INFO o.a.j.t.JMeterThread: Stopping because end time detected by thread: Grupo De Hilos 1-74
2020-03-24 14:36:27,718 INFO o.a.j.t.JMeterThread: Stopping because end time detected by thread: Grupo De Hilos 1-125
2020-03-24 14:36:27,718 INFO o.a.j.t.JMeterThread: Thread finished: Grupo De Hilos 1-125
2020-03-24 14:36:27,718 INFO o.a.j.t.JMeterThread: Thread finished: Grupo De Hilos 1-120
2020-03-24 14:36:27,719 INFO o.a.j.t.JMeterThread: Stopping because end time detected by thread: Grupo De Hilos 1-78
2020-03-24 14:36:27,719 INFO o.a.j.t.JMeterThread: Thread finished: Grupo De Hilos 1-78
2020-03-24 14:36:27,720 INFO o.a.j.t.JMeterThread: Thread finished: Grupo De Hilos 1-15
2020-03-24 14:36:27,721 INFO o.a.j.t.JMeterThread: Stopping because end time detected by thread: Grupo De Hilos 1-41
2020-03-24 14:36:27,718 INFO o.a.j.t.JMeterThread: Thread finished: Grupo De Hilos 1-74
2020-03-24 14:36:27,730 INFO o.a.j.t.JMeterThread: Stopping because end time detected by thread: Grupo De Hilos 1-65
2020-03-24 14:36:27,730 INFO o.a.j.t.JMeterThread: Thread finished: Grupo De Hilos 1-65
2020-03-24 14:36:27,731 INFO o.a.j.t.JMeterThread: Stopping because end time detected by thread: Grupo De Hilos 1-40
2020-03-24 14:36:27,731 INFO o.a.j.t.JMeterThread: Thread finished: Grupo De Hilos 1-40
2020-03-24 14:36:27,740 INFO o.a.j.t.JMeterThread: Thread finished: Grupo De Hilos 1-41
2020-03-24 14:36:27,766 INFO o.a.j.t.JMeterThread: Stopping because end time detected by thread: Grupo De Hilos 1-60
2020-03-24 14:36:27,766 INFO o.a.j.t.JMeterThread: Stopping because end time detected by thread: Grupo De Hilos 1-90
2020-03-24 14:36:27,766 INFO o.a.j.t.JMeterThread: Thread finished: Grupo De Hilos 1-60
2020-03-24 14:36:27,766 INFO o.a.j.t.JMeterThread: Thread finished: Grupo De Hilos 1-90
2020-03-24 14:36:27,767 INFO o.a.j.t.JMeterThread: Stopping because end time detected by thread: Grupo De Hilos 1-140
2020-03-24 14:36:27,767 INFO o.a.j.t.JMeterThread: Stopping because end time detected by thread: Grupo De Hilos 1-36
2020-03-24 14:36:27,767 INFO o.a.j.t.JMeterThread: Thread finished: Grupo De Hilos 1-140
2020-03-24 14:36:27,767 INFO o.a.j.t.JMeterThread: Thread finished: Grupo De Hilos 1-36
2020-03-24 14:36:27,767 INFO o.a.j.t.JMeterThread: Stopping because end time detected by thread: Grupo De Hilos 1-54
2020-03-24 14:36:27,768 INFO o.a.j.t.JMeterThread: Thread finished: Grupo De Hilos 1-54
2020-03-24 14:36:27,768 INFO o.a.j.t.JMeterThread: Stopping because end time detected by thread: Grupo De Hilos 1-150
2020-03-24 14:36:27,768 INFO o.a.j.t.JMeterThread: Thread finished: Grupo De Hilos 1-150
2020-03-24 14:36:27,768 INFO o.a.j.t.JMeterThread: Stopping because end time detected by thread: Grupo De Hilos 1-136
2020-03-24 14:36:27,769 INFO o.a.j.t.JMeterThread: Thread finished: Grupo De Hilos 1-136
2020-03-24 14:36:27,769 INFO o.a.j.t.JMeterThread: Stopping because end time detected by thread: Grupo De Hilos 1-80
2020-03-24 14:36:27,769 INFO o.a.j.t.JMeterThread: Thread finished: Grupo De Hilos 1-80
2020-03-24 14:36:27,769 INFO o.a.j.t.JMeterThread: Stopping because end time detected by thread: Grupo De Hilos 1-9
2020-03-24 14:36:27,770 INFO o.a.j.t.JMeterThread: Thread finished: Grupo De Hilos 1-9
2020-03-24 14:36:27,770 INFO o.a.j.t.JMeterThread: Stopping because end time detected by thread: Grupo De Hilos 1-56
2020-03-24 14:36:27,770 INFO o.a.j.t.JMeterThread: Thread finished: Grupo De Hilos 1-56
2020-03-24 14:36:27,770 INFO o.a.j.t.JMeterThread: Stopping because end time detected by thread: Grupo De Hilos 1-142
2020-03-24 14:36:27,771 INFO o.a.j.t.JMeterThread: Thread finished: Grupo De Hilos 1-142
2020-03-24 14:36:27,771 INFO o.a.j.t.JMeterThread: Stopping because end time detected by thread: Grupo De Hilos 1-28
2020-03-24 14:36:27,771 INFO o.a.j.t.JMeterThread: Thread finished: Grupo De Hilos 1-28
2020-03-24 14:36:27,771 INFO o.a.j.t.JMeterThread: Stopping because end time detected by thread: Grupo De Hilos 1-47
2020-03-24 14:36:27,772 INFO o.a.j.t.JMeterThread: Thread finished: Grupo De Hilos 1-47
2020-03-24 14:36:27,772 INFO o.a.j.t.JMeterThread: Stopping because end time detected by thread: Grupo De Hilos 1-103
2020-03-24 14:36:27,772 INFO o.a.j.t.JMeterThread: Thread finished: Grupo De Hilos 1-103
2020-03-24 14:36:27,772 INFO o.a.j.t.JMeterThread: Stopping because end time detected by thread: Grupo De Hilos 1-27
2020-03-24 14:36:27,772 INFO o.a.j.t.JMeterThread: Thread finished: Grupo De Hilos 1-27
2020-03-24 14:36:27,773 INFO o.a.j.t.JMeterThread: Stopping because end time detected by thread: Grupo De Hilos 1-87
2020-03-24 14:36:27,773 INFO o.a.j.t.JMeterThread: Thread finished: Grupo De Hilos 1-87
2020-03-24 14:36:27,773 INFO o.a.j.t.JMeterThread: Stopping because end time detected by thread: Grupo De Hilos 1-97
2020-03-24 14:36:27,774 INFO o.a.j.t.JMeterThread: Thread finished: Grupo De Hilos 1-97
2020-03-24 14:36:27,773 INFO o.a.j.t.JMeterThread: Stopping because end time detected by thread: Grupo De Hilos 1-147
2020-03-24 14:36:27,774 INFO o.a.j.t.JMeterThread: Thread finished: Grupo De Hilos 1-147
2020-03-24 14:36:27,775 INFO o.a.j.t.JMeterThread: Stopping because end time detected by thread: Grupo De Hilos 1-132
2020-03-24 14:36:27,775 INFO o.a.j.t.JMeterThread: Thread finished: Grupo De Hilos 1-132
2020-03-24 14:36:27,779 INFO o.a.j.t.JMeterThread: Stopping because end time detected by thread: Grupo De Hilos 1-159
2020-03-24 14:36:27,779 INFO o.a.j.t.JMeterThread: Thread finished: Grupo De Hilos 1-159
2020-03-24 14:36:27,787 INFO o.a.j.t.JMeterThread: Stopping because end time detected by thread: Grupo De Hilos 1-153
2020-03-24 14:36:27,787 INFO o.a.j.t.JMeterThread: Thread finished: Grupo De Hilos 1-153
2020-03-24 14:36:27,787 INFO o.a.j.t.JMeterThread: Stopping because end time detected by thread: Grupo De Hilos 1-146
2020-03-24 14:36:27,788 INFO o.a.j.t.JMeterThread: Thread finished: Grupo De Hilos 1-146
2020-03-24 14:36:27,788 INFO o.a.j.t.JMeterThread: Stopping because end time detected by thread: Grupo De Hilos 1-133
2020-03-24 14:36:27,789 INFO o.a.j.t.JMeterThread: Thread finished: Grupo De Hilos 1-133
2020-03-24 14:36:27,790 INFO o.a.j.t.JMeterThread: Stopping because end time detected by thread: Grupo De Hilos 1-137
2020-03-24 14:36:27,790 INFO o.a.j.t.JMeterThread: Stopping because end time detected by thread: Grupo De Hilos 1-148
2020-03-24 14:36:27,790 INFO o.a.j.t.JMeterThread: Thread finished: Grupo De Hilos 1-137
2020-03-24 14:36:27,790 INFO o.a.j.t.JMeterThread: Thread finished: Grupo De Hilos 1-148
2020-03-24 14:36:27,791 INFO o.a.j.t.JMeterThread: Stopping because end time detected by thread: Grupo De Hilos 1-161
2020-03-24 14:36:27,792 INFO o.a.j.t.JMeterThread: Thread finished: Grupo De Hilos 1-161
2020-03-24 14:36:27,792 INFO o.a.j.t.JMeterThread: Stopping because end time detected by thread: Grupo De Hilos 1-166
2020-03-24 14:36:27,792 INFO o.a.j.t.JMeterThread: Stopping because end time detected by thread: Grupo De Hilos 1-162
2020-03-24 14:36:27,793 INFO o.a.j.t.JMeterThread: Thread finished: Grupo De Hilos 1-162
2020-03-24 14:36:27,793 INFO o.a.j.t.JMeterThread: Stopping because end time detected by thread: Grupo De Hilos 1-114
2020-03-24 14:36:27,793 INFO o.a.j.t.JMeterThread: Thread finished: Grupo De Hilos 1-114
2020-03-24 14:36:27,793 INFO o.a.j.t.JMeterThread: Stopping because end time detected by thread: Grupo De Hilos 1-144
2020-03-24 14:36:27,793 INFO o.a.j.t.JMeterThread: Thread finished: Grupo De Hilos 1-144
2020-03-24 14:36:27,793 INFO o.a.j.t.JMeterThread: Stopping because end time detected by thread: Grupo De Hilos 1-128
2020-03-24 14:36:27,794 INFO o.a.j.t.JMeterThread: Stopping because end time detected by thread: Grupo De Hilos 1-130
2020-03-24 14:36:27,794 INFO o.a.j.t.JMeterThread: Stopping because end time detected by thread: Grupo De Hilos 1-154
2020-03-24 14:36:27,794 INFO o.a.j.t.JMeterThread: Thread finished: Grupo De Hilos 1-130
2020-03-24 14:36:27,794 INFO o.a.j.t.JMeterThread: Thread finished: Grupo De Hilos 1-154
2020-03-24 14:36:27,794 INFO o.a.j.t.JMeterThread: Stopping because end time detected by thread: Grupo De Hilos 1-141
2020-03-24 14:36:27,794 INFO o.a.j.t.JMeterThread: Stopping because end time detected by thread: Grupo De Hilos 1-165
2020-03-24 14:36:27,795 INFO o.a.j.t.JMeterThread: Thread finished: Grupo De Hilos 1-165
2020-03-24 14:36:27,795 INFO o.a.j.t.JMeterThread: Stopping because end time detected by thread: Grupo De Hilos 1-157
2020-03-24 14:36:27,795 INFO o.a.j.t.JMeterThread: Thread finished: Grupo De Hilos 1-157
2020-03-24 14:36:27,795 INFO o.a.j.t.JMeterThread: Stopping because end time detected by thread: Grupo De Hilos 1-158
2020-03-24 14:36:27,796 INFO o.a.j.t.JMeterThread: Thread finished: Grupo De Hilos 1-158
2020-03-24 14:36:27,796 INFO o.a.j.t.JMeterThread: Stopping because end time detected by thread: Grupo De Hilos 1-138
2020-03-24 14:36:27,796 INFO o.a.j.t.JMeterThread: Thread finished: Grupo De Hilos 1-138
2020-03-24 14:36:27,796 INFO o.a.j.t.JMeterThread: Stopping because end time detected by thread: Grupo De Hilos 1-126
2020-03-24 14:36:27,796 INFO o.a.j.t.JMeterThread: Stopping because end time detected by thread: Grupo De Hilos 1-151
2020-03-24 14:36:27,796 INFO o.a.j.t.JMeterThread: Thread finished: Grupo De Hilos 1-126
2020-03-24 14:36:27,797 INFO o.a.j.t.JMeterThread: Thread finished: Grupo De Hilos 1-151
2020-03-24 14:36:27,792 INFO o.a.j.t.JMeterThread: Stopping because end time detected by thread: Grupo De Hilos 1-173
2020-03-24 14:36:27,797 INFO o.a.j.t.JMeterThread: Thread finished: Grupo De Hilos 1-173
2020-03-24 14:36:27,795 INFO o.a.j.t.JMeterThread: Thread finished: Grupo De Hilos 1-128
2020-03-24 14:36:27,795 INFO o.a.j.t.JMeterThread: Thread finished: Grupo De Hilos 1-141
2020-03-24 14:36:27,794 INFO o.a.j.t.JMeterThread: Stopping because end time detected by thread: Grupo De Hilos 1-169
2020-03-24 14:36:27,797 INFO o.a.j.t.JMeterThread: Stopping because end time detected by thread: Grupo De Hilos 1-113
2020-03-24 14:36:27,798 INFO o.a.j.t.JMeterThread: Thread finished: Grupo De Hilos 1-169
2020-03-24 14:36:27,798 INFO o.a.j.t.JMeterThread: Thread finished: Grupo De Hilos 1-113
2020-03-24 14:36:27,792 INFO o.a.j.t.JMeterThread: Thread finished: Grupo De Hilos 1-166
2020-03-24 14:36:27,798 INFO o.a.j.t.JMeterThread: Stopping because end time detected by thread: Grupo De Hilos 1-129
2020-03-24 14:36:27,798 INFO o.a.j.t.JMeterThread: Stopping because end time detected by thread: Grupo De Hilos 1-118
2020-03-24 14:36:27,798 INFO o.a.j.t.JMeterThread: Thread finished: Grupo De Hilos 1-129
2020-03-24 14:36:27,799 INFO o.a.j.t.JMeterThread: Thread finished: Grupo De Hilos 1-118
2020-03-24 14:36:27,799 INFO o.a.j.t.JMeterThread: Stopping because end time detected by thread: Grupo De Hilos 1-99
2020-03-24 14:36:27,799 INFO o.a.j.t.JMeterThread: Stopping because end time detected by thread: Grupo De Hilos 1-131
2020-03-24 14:36:27,799 INFO o.a.j.t.JMeterThread: Thread finished: Grupo De Hilos 1-99
2020-03-24 14:36:27,799 INFO o.a.j.t.JMeterThread: Thread finished: Grupo De Hilos 1-131
2020-03-24 14:36:27,799 INFO o.a.j.t.JMeterThread: Stopping because end time detected by thread: Grupo De Hilos 1-143
2020-03-24 14:36:27,800 INFO o.a.j.t.JMeterThread: Thread finished: Grupo De Hilos 1-143
2020-03-24 14:36:27,800 INFO o.a.j.t.JMeterThread: Stopping because end time detected by thread: Grupo De Hilos 1-108
2020-03-24 14:36:27,803 INFO o.a.j.t.JMeterThread: Stopping because end time detected by thread: Grupo De Hilos 1-104
2020-03-24 14:36:27,803 INFO o.a.j.t.JMeterThread: Thread finished: Grupo De Hilos 1-104
2020-03-24 14:36:27,803 INFO o.a.j.t.JMeterThread: Stopping because end time detected by thread: Grupo De Hilos 1-84
2020-03-24 14:36:27,803 INFO o.a.j.t.JMeterThread: Stopping because end time detected by thread: Grupo De Hilos 1-145
2020-03-24 14:36:27,803 INFO o.a.j.t.JMeterThread: Stopping because end time detected by thread: Grupo De Hilos 1-123
2020-03-24 14:36:27,804 INFO o.a.j.t.JMeterThread: Thread finished: Grupo De Hilos 1-123
2020-03-24 14:36:27,802 INFO o.a.j.t.JMeterThread: Stopping because end time detected by thread: Grupo De Hilos 1-68
2020-03-24 14:36:27,814 INFO o.a.j.t.JMeterThread: Thread finished: Grupo De Hilos 1-68
2020-03-24 14:36:27,802 INFO o.a.j.t.JMeterThread: Stopping because end time detected by thread: Grupo De Hilos 1-135
2020-03-24 14:36:27,814 INFO o.a.j.t.JMeterThread: Thread finished: Grupo De Hilos 1-135
2020-03-24 14:36:27,802 INFO o.a.j.t.JMeterThread: Stopping because end time detected by thread: Grupo De Hilos 1-94
2020-03-24 14:36:27,815 INFO o.a.j.t.JMeterThread: Thread finished: Grupo De Hilos 1-94
2020-03-24 14:36:27,802 INFO o.a.j.t.JMeterThread: Stopping because end time detected by thread: Grupo De Hilos 1-91
2020-03-24 14:36:27,800 INFO o.a.j.t.JMeterThread: Stopping because end time detected by thread: Grupo De Hilos 1-122
2020-03-24 14:36:27,818 INFO o.a.j.t.JMeterThread: Thread finished: Grupo De Hilos 1-122
2020-03-24 14:36:27,818 INFO o.a.j.t.JMeterThread: Stopping because end time detected by thread: Grupo De Hilos 1-181
2020-03-24 14:36:27,818 INFO o.a.j.t.JMeterThread: Thread finished: Grupo De Hilos 1-181
2020-03-24 14:36:27,821 INFO o.a.j.t.JMeterThread: Stopping because end time detected by thread: Grupo De Hilos 1-184
2020-03-24 14:36:27,822 INFO o.a.j.t.JMeterThread: Thread finished: Grupo De Hilos 1-184
2020-03-24 14:36:27,822 INFO o.a.j.t.JMeterThread: Stopping because end time detected by thread: Grupo De Hilos 1-188
2020-03-24 14:36:27,822 INFO o.a.j.t.JMeterThread: Thread finished: Grupo De Hilos 1-188
2020-03-24 14:36:27,823 INFO o.a.j.t.JMeterThread: Stopping because end time detected by thread: Grupo De Hilos 1-190
2020-03-24 14:36:27,823 INFO o.a.j.t.JMeterThread: Thread finished: Grupo De Hilos 1-190
2020-03-24 14:36:27,823 INFO o.a.j.t.JMeterThread: Stopping because end time detected by thread: Grupo De Hilos 1-171
2020-03-24 14:36:27,823 INFO o.a.j.t.JMeterThread: Thread finished: Grupo De Hilos 1-171
2020-03-24 14:36:27,824 INFO o.a.j.t.JMeterThread: Stopping because end time detected by thread: Grupo De Hilos 1-187
2020-03-24 14:36:27,824 INFO o.a.j.t.JMeterThread: Thread finished: Grupo De Hilos 1-187
2020-03-24 14:36:27,831 INFO o.a.j.t.JMeterThread: Stopping because end time detected by thread: Grupo De Hilos 1-179
2020-03-24 14:36:27,831 INFO o.a.j.t.JMeterThread: Thread finished: Grupo De Hilos 1-179
2020-03-24 14:36:27,837 INFO o.a.j.t.JMeterThread: Thread finished: Grupo De Hilos 1-52
2020-03-24 14:36:27,838 INFO o.a.j.t.JMeterThread: Stopping because end time detected by thread: Grupo De Hilos 1-81
2020-03-24 14:36:27,838 INFO o.a.j.t.JMeterThread: Thread finished: Grupo De Hilos 1-3
2020-03-24 14:36:27,792 INFO o.a.j.t.JMeterThread: Stopping because end time detected by thread: Grupo De Hilos 1-160
2020-03-24 14:36:27,838 INFO o.a.j.t.JMeterThread: Thread finished: Grupo De Hilos 1-160
2020-03-24 14:36:27,718 INFO o.a.j.t.JMeterThread: Stopping because end time detected by thread: Grupo De Hilos 1-98
2020-03-24 14:36:27,840 INFO o.a.j.t.JMeterThread: Thread finished: Grupo De Hilos 1-98
2020-03-24 14:36:27,841 INFO o.a.j.t.JMeterThread: Stopping because end time detected by thread: Grupo De Hilos 1-205
2020-03-24 14:36:27,842 INFO o.a.j.t.JMeterThread: Thread finished: Grupo De Hilos 1-205
2020-03-24 14:36:27,842 INFO o.a.j.t.JMeterThread: Thread finished: Grupo De Hilos 1-108
2020-03-24 14:36:27,708 INFO o.a.j.t.JMeterThread: Stopping because end time detected by thread: Grupo De Hilos 1-121
2020-03-24 14:36:27,843 INFO o.a.j.t.JMeterThread: Thread finished: Grupo De Hilos 1-121
2020-03-24 14:36:27,843 INFO o.a.j.t.JMeterThread: Stopping because end time detected by thread: Grupo De Hilos 1-207
2020-03-24 14:36:27,843 INFO o.a.j.t.JMeterThread: Thread finished: Grupo De Hilos 1-207
2020-03-24 14:36:27,802 INFO o.a.j.t.JMeterThread: Stopping because end time detected by thread: Grupo De Hilos 1-110
2020-03-24 14:36:27,802 INFO o.a.j.t.JMeterThread: Stopping because end time detected by thread: Grupo De Hilos 1-106
2020-03-24 14:36:27,846 INFO o.a.j.t.JMeterThread: Thread finished: Grupo De Hilos 1-106
2020-03-24 14:36:27,802 INFO o.a.j.t.JMeterThread: Stopping because end time detected by thread: Grupo De Hilos 1-37
2020-03-24 14:36:27,801 INFO o.a.j.t.JMeterThread: Stopping because end time detected by thread: Grupo De Hilos 1-92
2020-03-24 14:36:27,801 INFO o.a.j.t.JMeterThread: Stopping because end time detected by thread: Grupo De Hilos 1-105
2020-03-24 14:36:27,801 INFO o.a.j.t.JMeterThread: Stopping because end time detected by thread: Grupo De Hilos 1-101
2020-03-24 14:36:27,801 INFO o.a.j.t.JMeterThread: Stopping because end time detected by thread: Grupo De Hilos 1-139
2020-03-24 14:36:27,801 INFO o.a.j.t.JMeterThread: Stopping because end time detected by thread: Grupo De Hilos 1-116
2020-03-24 14:36:27,800 INFO o.a.j.t.JMeterThread: Stopping because end time detected by thread: Grupo De Hilos 1-89
2020-03-24 14:36:27,800 INFO o.a.j.t.JMeterThread: Stopping because end time detected by thread: Grupo De Hilos 1-134
2020-03-24 14:36:27,800 INFO o.a.j.t.JMeterThread: Stopping because end time detected by thread: Grupo De Hilos 1-124
2020-03-24 14:36:27,800 INFO o.a.j.t.JMeterThread: Stopping because end time detected by thread: Grupo De Hilos 1-109
2020-03-24 14:36:27,847 INFO o.a.j.t.JMeterThread: Stopping because end time detected by thread: Grupo De Hilos 1-212
2020-03-24 14:36:27,847 INFO o.a.j.t.JMeterThread: Thread finished: Grupo De Hilos 1-212
2020-03-24 14:36:27,847 INFO o.a.j.t.JMeterThread: Stopping because end time detected by thread: Grupo De Hilos 1-197
2020-03-24 14:36:27,848 INFO o.a.j.t.JMeterThread: Thread finished: Grupo De Hilos 1-197
2020-03-24 14:36:27,848 INFO o.a.j.t.JMeterThread: Stopping because end time detected by thread: Grupo De Hilos 1-192
2020-03-24 14:36:27,848 INFO o.a.j.t.JMeterThread: Thread finished: Grupo De Hilos 1-192
2020-03-24 14:36:27,853 INFO o.a.j.t.JMeterThread: Stopping because end time detected by thread: Grupo De Hilos 1-217
2020-03-24 14:36:27,853 INFO o.a.j.t.JMeterThread: Thread finished: Grupo De Hilos 1-217
2020-03-24 14:36:27,853 INFO o.a.j.t.JMeterThread: Stopping because end time detected by thread: Grupo De Hilos 1-72
2020-03-24 14:36:27,854 INFO o.a.j.t.JMeterThread: Stopping because end time detected by thread: Grupo De Hilos 1-149
2020-03-24 14:36:27,854 INFO o.a.j.t.JMeterThread: Stopping because end time detected by thread: Grupo De Hilos 1-178
2020-03-24 14:36:27,854 INFO o.a.j.t.JMeterThread: Thread finished: Grupo De Hilos 1-178
2020-03-24 14:36:27,854 INFO o.a.j.t.JMeterThread: Stopping because end time detected by thread: Grupo De Hilos 1-86
2020-03-24 14:36:27,854 INFO o.a.j.t.JMeterThread: Thread finished: Grupo De Hilos 1-86
2020-03-24 14:36:27,855 INFO o.a.j.t.JMeterThread: Stopping because end time detected by thread: Grupo De Hilos 1-53
2020-03-24 14:36:27,855 INFO o.a.j.t.JMeterThread: Stopping because end time detected by thread: Grupo De Hilos 1-127
2020-03-24 14:36:27,855 INFO o.a.j.t.JMeterThread: Stopping because end time detected by thread: Grupo De Hilos 1-183
2020-03-24 14:36:27,855 INFO o.a.j.t.JMeterThread: Thread finished: Grupo De Hilos 1-183
2020-03-24 14:36:27,855 INFO o.a.j.t.JMeterThread: Stopping because end time detected by thread: Grupo De Hilos 1-215
2020-03-24 14:36:27,856 INFO o.a.j.t.JMeterThread: Thread finished: Grupo De Hilos 1-215
2020-03-24 14:36:27,856 INFO o.a.j.t.JMeterThread: Stopping because end time detected by thread: Grupo De Hilos 1-196
2020-03-24 14:36:27,856 INFO o.a.j.t.JMeterThread: Stopping because end time detected by thread: Grupo De Hilos 1-218
2020-03-24 14:36:27,856 INFO o.a.j.t.JMeterThread: Thread finished: Grupo De Hilos 1-196
2020-03-24 14:36:27,856 INFO o.a.j.t.JMeterThread: Thread finished: Grupo De Hilos 1-218
2020-03-24 14:36:27,857 INFO o.a.j.t.JMeterThread: Stopping because end time detected by thread: Grupo De Hilos 1-210
2020-03-24 14:36:27,857 INFO o.a.j.t.JMeterThread: Thread finished: Grupo De Hilos 1-210
2020-03-24 14:36:27,857 INFO o.a.j.t.JMeterThread: Stopping because end time detected by thread: Grupo De Hilos 1-163
2020-03-24 14:36:27,858 INFO o.a.j.t.JMeterThread: Thread finished: Grupo De Hilos 1-163
2020-03-24 14:36:27,858 INFO o.a.j.t.JMeterThread: Stopping because end time detected by thread: Grupo De Hilos 1-189
2020-03-24 14:36:27,858 INFO o.a.j.t.JMeterThread: Thread finished: Grupo De Hilos 1-189
2020-03-24 14:36:27,858 INFO o.a.j.t.JMeterThread: Stopping because end time detected by thread: Grupo De Hilos 1-209
2020-03-24 14:36:27,858 INFO o.a.j.t.JMeterThread: Thread finished: Grupo De Hilos 1-209
2020-03-24 14:36:27,858 INFO o.a.j.t.JMeterThread: Stopping because end time detected by thread: Grupo De Hilos 1-214
2020-03-24 14:36:27,858 INFO o.a.j.t.JMeterThread: Thread finished: Grupo De Hilos 1-214
2020-03-24 14:36:27,837 INFO o.a.j.t.JMeterThread: Stopping because end time detected by thread: Grupo De Hilos 1-208
2020-03-24 14:36:27,858 INFO o.a.j.t.JMeterThread: Thread finished: Grupo De Hilos 1-208
2020-03-24 14:36:27,858 INFO o.a.j.t.JMeterThread: Stopping because end time detected by thread: Grupo De Hilos 1-202
2020-03-24 14:36:27,803 INFO o.a.j.t.JMeterThread: Stopping because end time detected by thread: Grupo De Hilos 1-176
2020-03-24 14:36:27,858 INFO o.a.j.t.JMeterThread: Thread finished: Grupo De Hilos 1-202
2020-03-24 14:36:27,854 INFO o.a.j.t.JMeterThread: Thread finished: Grupo De Hilos 1-149
2020-03-24 14:36:27,858 INFO o.a.j.t.JMeterThread: Stopping because end time detected by thread: Grupo De Hilos 1-172
2020-03-24 14:36:27,859 INFO o.a.j.t.JMeterThread: Thread finished: Grupo De Hilos 1-172
2020-03-24 14:36:27,859 INFO o.a.j.t.JMeterThread: Thread finished: Grupo De Hilos 1-176
2020-03-24 14:36:27,859 INFO o.a.j.t.JMeterThread: Stopping because end time detected by thread: Grupo De Hilos 1-152
2020-03-24 14:36:27,859 INFO o.a.j.t.JMeterThread: Stopping because end time detected by thread: Grupo De Hilos 1-219
2020-03-24 14:36:27,859 INFO o.a.j.t.JMeterThread: Thread finished: Grupo De Hilos 1-152
2020-03-24 14:36:27,859 INFO o.a.j.t.JMeterThread: Thread finished: Grupo De Hilos 1-219
2020-03-24 14:36:27,861 INFO o.a.j.t.JMeterThread: Stopping because end time detected by thread: Grupo De Hilos 1-182
2020-03-24 14:36:27,862 INFO o.a.j.t.JMeterThread: Thread finished: Grupo De Hilos 1-182
2020-03-24 14:36:27,862 INFO o.a.j.t.JMeterThread: Stopping because end time detected by thread: Grupo De Hilos 1-227
2020-03-24 14:36:27,862 INFO o.a.j.t.JMeterThread: Thread finished: Grupo De Hilos 1-227
2020-03-24 14:36:27,863 INFO o.a.j.t.JMeterThread: Stopping because end time detected by thread: Grupo De Hilos 1-193
2020-03-24 14:36:27,863 INFO o.a.j.t.JMeterThread: Thread finished: Grupo De Hilos 1-193
2020-03-24 14:36:27,863 INFO o.a.j.t.JMeterThread: Stopping because end time detected by thread: Grupo De Hilos 1-186
2020-03-24 14:36:27,864 INFO o.a.j.t.JMeterThread: Thread finished: Grupo De Hilos 1-186
2020-03-24 14:36:27,864 INFO o.a.j.t.JMeterThread: Stopping because end time detected by thread: Grupo De Hilos 1-231
2020-03-24 14:36:27,864 INFO o.a.j.t.JMeterThread: Thread finished: Grupo De Hilos 1-231
2020-03-24 14:36:27,864 INFO o.a.j.t.JMeterThread: Thread finished: Grupo De Hilos 1-145
2020-03-24 14:36:27,865 INFO o.a.j.t.JMeterThread: Stopping because end time detected by thread: Grupo De Hilos 1-232
2020-03-24 14:36:27,865 INFO o.a.j.t.JMeterThread: Thread finished: Grupo De Hilos 1-232
2020-03-24 14:36:27,865 INFO o.a.j.t.JMeterThread: Thread finished: Grupo De Hilos 1-81
2020-03-24 14:36:27,865 INFO o.a.j.t.JMeterThread: Thread finished: Grupo De Hilos 1-84
2020-03-24 14:36:27,865 INFO o.a.j.t.JMeterThread: Stopping because end time detected by thread: Grupo De Hilos 1-211
2020-03-24 14:36:27,866 INFO o.a.j.t.JMeterThread: Thread finished: Grupo De Hilos 1-211
2020-03-24 14:36:27,866 INFO o.a.j.t.JMeterThread: Stopping because end time detected by thread: Grupo De Hilos 1-167
2020-03-24 14:36:27,866 INFO o.a.j.t.JMeterThread: Thread finished: Grupo De Hilos 1-167
2020-03-24 14:36:27,867 INFO o.a.j.t.JMeterThread: Stopping because end time detected by thread: Grupo De Hilos 1-235
2020-03-24 14:36:27,867 INFO o.a.j.t.JMeterThread: Stopping because end time detected by thread: Grupo De Hilos 1-220
2020-03-24 14:36:27,867 INFO o.a.j.t.JMeterThread: Thread finished: Grupo De Hilos 1-235
2020-03-24 14:36:27,867 INFO o.a.j.t.JMeterThread: Thread finished: Grupo De Hilos 1-220
2020-03-24 14:36:27,867 INFO o.a.j.t.JMeterThread: Stopping because end time detected by thread: Grupo De Hilos 1-225
2020-03-24 14:36:27,867 INFO o.a.j.t.JMeterThread: Thread finished: Grupo De Hilos 1-225
2020-03-24 14:36:27,868 INFO o.a.j.t.JMeterThread: Stopping because end time detected by thread: Grupo De Hilos 1-175
2020-03-24 14:36:27,868 INFO o.a.j.t.JMeterThread: Thread finished: Grupo De Hilos 1-175
2020-03-24 14:36:27,874 INFO o.a.j.t.JMeterThread: Thread finished: Grupo De Hilos 1-139
2020-03-24 14:36:27,875 INFO o.a.j.t.JMeterThread: Stopping because end time detected by thread: Grupo De Hilos 1-240
2020-03-24 14:36:27,875 INFO o.a.j.t.JMeterThread: Thread finished: Grupo De Hilos 1-240
2020-03-24 14:36:27,875 INFO o.a.j.t.JMeterThread: Thread finished: Grupo De Hilos 1-110
2020-03-24 14:36:27,875 INFO o.a.j.t.JMeterThread: Stopping because end time detected by thread: Grupo De Hilos 1-174
2020-03-24 14:36:27,875 INFO o.a.j.t.JMeterThread: Thread finished: Grupo De Hilos 1-174
2020-03-24 14:36:27,877 INFO o.a.j.t.JMeterThread: Stopping because end time detected by thread: Grupo De Hilos 1-238
2020-03-24 14:36:27,878 INFO o.a.j.t.JMeterThread: Thread finished: Grupo De Hilos 1-238
2020-03-24 14:36:27,882 INFO o.a.j.t.JMeterThread: Stopping because end time detected by thread: Grupo De Hilos 1-245
2020-03-24 14:36:27,882 INFO o.a.j.t.JMeterThread: Thread finished: Grupo De Hilos 1-245
2020-03-24 14:36:27,882 INFO o.a.j.t.JMeterThread: Stopping because end time detected by thread: Grupo De Hilos 1-198
2020-03-24 14:36:27,882 INFO o.a.j.t.JMeterThread: Thread finished: Grupo De Hilos 1-198
2020-03-24 14:36:27,883 INFO o.a.j.t.JMeterThread: Stopping because end time detected by thread: Grupo De Hilos 1-191
2020-03-24 14:36:27,883 INFO o.a.j.t.JMeterThread: Thread finished: Grupo De Hilos 1-191
2020-03-24 14:36:27,892 INFO o.a.j.t.JMeterThread: Stopping because end time detected by thread: Grupo De Hilos 1-226
2020-03-24 14:36:27,892 INFO o.a.j.t.JMeterThread: Thread finished: Grupo De Hilos 1-226
2020-03-24 14:36:27,893 INFO o.a.j.t.JMeterThread: Stopping because end time detected by thread: Grupo De Hilos 1-204
2020-03-24 14:36:27,893 INFO o.a.j.t.JMeterThread: Thread finished: Grupo De Hilos 1-204
2020-03-24 14:36:27,893 INFO o.a.j.t.JMeterThread: Stopping because end time detected by thread: Grupo De Hilos 1-200
2020-03-24 14:36:27,894 INFO o.a.j.t.JMeterThread: Thread finished: Grupo De Hilos 1-200
2020-03-24 14:36:27,894 INFO o.a.j.t.JMeterThread: Stopping because end time detected by thread: Grupo De Hilos 1-229
2020-03-24 14:36:27,894 INFO o.a.j.t.JMeterThread: Thread finished: Grupo De Hilos 1-229
2020-03-24 14:36:27,894 INFO o.a.j.t.JMeterThread: Stopping because end time detected by thread: Grupo De Hilos 1-222
2020-03-24 14:36:27,894 INFO o.a.j.t.JMeterThread: Thread finished: Grupo De Hilos 1-222
2020-03-24 14:36:27,894 INFO o.a.j.t.JMeterThread: Stopping because end time detected by thread: Grupo De Hilos 1-239
2020-03-24 14:36:27,894 INFO o.a.j.t.JMeterThread: Thread finished: Grupo De Hilos 1-239
2020-03-24 14:36:27,894 INFO o.a.j.t.JMeterThread: Stopping because end time detected by thread: Grupo De Hilos 1-203
2020-03-24 14:36:27,894 INFO o.a.j.t.JMeterThread: Stopping because end time detected by thread: Grupo De Hilos 1-221
2020-03-24 14:36:27,895 INFO o.a.j.t.JMeterThread: Thread finished: Grupo De Hilos 1-203
2020-03-24 14:36:27,895 INFO o.a.j.t.JMeterThread: Thread finished: Grupo De Hilos 1-221
2020-03-24 14:36:27,895 INFO o.a.j.t.JMeterThread: Stopping because end time detected by thread: Grupo De Hilos 1-236
2020-03-24 14:36:27,895 INFO o.a.j.t.JMeterThread: Stopping because end time detected by thread: Grupo De Hilos 1-224
2020-03-24 14:36:27,895 INFO o.a.j.t.JMeterThread: Thread finished: Grupo De Hilos 1-236
2020-03-24 14:36:27,895 INFO o.a.j.t.JMeterThread: Stopping because end time detected by thread: Grupo De Hilos 1-199
2020-03-24 14:36:27,895 INFO o.a.j.t.JMeterThread: Thread finished: Grupo De Hilos 1-199
2020-03-24 14:36:27,895 INFO o.a.j.t.JMeterThread: Stopping because end time detected by thread: Grupo De Hilos 1-237
2020-03-24 14:36:27,896 INFO o.a.j.t.JMeterThread: Stopping because end time detected by thread: Grupo De Hilos 1-206
2020-03-24 14:36:27,896 INFO o.a.j.t.JMeterThread: Thread finished: Grupo De Hilos 1-237
2020-03-24 14:36:27,896 INFO o.a.j.t.JMeterThread: Thread finished: Grupo De Hilos 1-206
2020-03-24 14:36:27,896 INFO o.a.j.t.JMeterThread: Stopping because end time detected by thread: Grupo De Hilos 1-223
2020-03-24 14:36:27,896 INFO o.a.j.t.JMeterThread: Thread finished: Grupo De Hilos 1-223
2020-03-24 14:36:27,896 INFO o.a.j.t.JMeterThread: Stopping because end time detected by thread: Grupo De Hilos 1-216
2020-03-24 14:36:27,896 INFO o.a.j.t.JMeterThread: Thread finished: Grupo De Hilos 1-216
2020-03-24 14:36:27,897 INFO o.a.j.t.JMeterThread: Thread finished: Grupo De Hilos 1-224
2020-03-24 14:36:27,898 INFO o.a.j.t.JMeterThread: Stopping because end time detected by thread: Grupo De Hilos 1-185
2020-03-24 14:36:27,898 INFO o.a.j.t.JMeterThread: Thread finished: Grupo De Hilos 1-185
2020-03-24 14:36:27,902 INFO o.a.j.t.JMeterThread: Stopping because end time detected by thread: Grupo De Hilos 1-249
2020-03-24 14:36:27,902 INFO o.a.j.t.JMeterThread: Thread finished: Grupo De Hilos 1-249
2020-03-24 14:36:27,909 INFO o.a.j.t.JMeterThread: Stopping because end time detected by thread: Grupo De Hilos 1-241
2020-03-24 14:36:27,910 INFO o.a.j.t.JMeterThread: Stopping because end time detected by thread: Grupo De Hilos 1-243
2020-03-24 14:36:27,910 INFO o.a.j.t.JMeterThread: Thread finished: Grupo De Hilos 1-241
2020-03-24 14:36:27,910 INFO o.a.j.t.JMeterThread: Thread finished: Grupo De Hilos 1-243
2020-03-24 14:36:27,910 INFO o.a.j.t.JMeterThread: Stopping because end time detected by thread: Grupo De Hilos 1-234
2020-03-24 14:36:27,911 INFO o.a.j.t.JMeterThread: Thread finished: Grupo De Hilos 1-234
2020-03-24 14:36:27,911 INFO o.a.j.t.JMeterThread: Stopping because end time detected by thread: Grupo De Hilos 1-254
2020-03-24 14:36:27,911 INFO o.a.j.t.JMeterThread: Thread finished: Grupo De Hilos 1-254
2020-03-24 14:36:27,911 INFO o.a.j.t.JMeterThread: Stopping because end time detected by thread: Grupo De Hilos 1-242
2020-03-24 14:36:27,911 INFO o.a.j.t.JMeterThread: Thread finished: Grupo De Hilos 1-242
2020-03-24 14:36:27,911 INFO o.a.j.t.JMeterThread: Stopping because end time detected by thread: Grupo De Hilos 1-233
2020-03-24 14:36:27,911 INFO o.a.j.t.JMeterThread: Thread finished: Grupo De Hilos 1-233
2020-03-24 14:36:27,912 INFO o.a.j.t.JMeterThread: Stopping because end time detected by thread: Grupo De Hilos 1-230
2020-03-24 14:36:27,912 INFO o.a.j.t.JMeterThread: Thread finished: Grupo De Hilos 1-230
2020-03-24 14:36:27,913 INFO o.a.j.t.JMeterThread: Stopping because end time detected by thread: Grupo De Hilos 1-252
2020-03-24 14:36:27,914 INFO o.a.j.t.JMeterThread: Thread finished: Grupo De Hilos 1-252
2020-03-24 14:36:27,914 INFO o.a.j.t.JMeterThread: Thread finished: Grupo De Hilos 1-91
2020-03-24 14:36:27,915 INFO o.a.j.t.JMeterThread: Thread finished: Grupo De Hilos 1-109
2020-03-24 14:36:27,915 INFO o.a.j.t.JMeterThread: Thread finished: Grupo De Hilos 1-101
2020-03-24 14:36:27,915 INFO o.a.j.t.JMeterThread: Thread finished: Grupo De Hilos 1-37
2020-03-24 14:36:27,916 INFO o.a.j.t.JMeterThread: Stopping because end time detected by thread: Grupo De Hilos 1-155
2020-03-24 14:36:27,916 INFO o.a.j.t.JMeterThread: Thread finished: Grupo De Hilos 1-155
2020-03-24 14:36:27,916 INFO o.a.j.t.JMeterThread: Thread finished: Grupo De Hilos 1-134
2020-03-24 14:36:27,916 INFO o.a.j.t.JMeterThread: Thread finished: Grupo De Hilos 1-127
2020-03-24 14:36:27,916 INFO o.a.j.t.JMeterThread: Stopping because end time detected by thread: Grupo De Hilos 1-248
2020-03-24 14:36:27,917 INFO o.a.j.t.JMeterThread: Thread finished: Grupo De Hilos 1-248
2020-03-24 14:36:27,918 INFO o.a.j.t.JMeterThread: Stopping because end time detected by thread: Grupo De Hilos 1-247
2020-03-24 14:36:27,918 INFO o.a.j.t.JMeterThread: Thread finished: Grupo De Hilos 1-247
2020-03-24 14:36:27,918 INFO o.a.j.t.JMeterThread: Stopping because end time detected by thread: Grupo De Hilos 1-213
2020-03-24 14:36:27,918 INFO o.a.j.t.JMeterThread: Thread finished: Grupo De Hilos 1-213
2020-03-24 14:36:27,918 INFO o.a.j.t.JMeterThread: Stopping because end time detected by thread: Grupo De Hilos 1-228
2020-03-24 14:36:27,919 INFO o.a.j.t.JMeterThread: Thread finished: Grupo De Hilos 1-228
2020-03-24 14:36:27,926 INFO o.a.j.t.JMeterThread: Thread finished: Grupo De Hilos 1-89
2020-03-24 14:36:27,930 INFO o.a.j.t.JMeterThread: Stopping because end time detected by thread: Grupo De Hilos 1-177
2020-03-24 14:36:27,930 INFO o.a.j.t.JMeterThread: Thread finished: Grupo De Hilos 1-177
2020-03-24 14:36:27,930 INFO o.a.j.t.JMeterThread: Thread finished: Grupo De Hilos 1-105
2020-03-24 14:36:27,931 INFO o.a.j.t.JMeterThread: Stopping because end time detected by thread: Grupo De Hilos 1-170
2020-03-24 14:36:27,931 INFO o.a.j.t.JMeterThread: Thread finished: Grupo De Hilos 1-124
2020-03-24 14:36:27,931 INFO o.a.j.t.JMeterThread: Thread finished: Grupo De Hilos 1-92
2020-03-24 14:36:27,931 INFO o.a.j.t.JMeterThread: Stopping because end time detected by thread: Grupo De Hilos 1-164
2020-03-24 14:36:27,931 INFO o.a.j.t.JMeterThread: Thread finished: Grupo De Hilos 1-164
2020-03-24 14:36:27,931 INFO o.a.j.t.JMeterThread: Thread finished: Grupo De Hilos 1-170
2020-03-24 14:36:27,932 INFO o.a.j.t.JMeterThread: Thread finished: Grupo De Hilos 1-72
2020-03-24 14:36:27,933 INFO o.a.j.t.JMeterThread: Stopping because end time detected by thread: Grupo De Hilos 1-264
2020-03-24 14:36:27,933 INFO o.a.j.t.JMeterThread: Thread finished: Grupo De Hilos 1-264
2020-03-24 14:36:27,933 INFO o.a.j.t.JMeterThread: Stopping because end time detected by thread: Grupo De Hilos 1-194
2020-03-24 14:36:27,933 INFO o.a.j.t.JMeterThread: Thread finished: Grupo De Hilos 1-194
2020-03-24 14:36:27,933 INFO o.a.j.t.JMeterThread: Stopping because end time detected by thread: Grupo De Hilos 1-263
2020-03-24 14:36:27,933 INFO o.a.j.t.JMeterThread: Thread finished: Grupo De Hilos 1-263
2020-03-24 14:36:27,934 INFO o.a.j.t.JMeterThread: Stopping because end time detected by thread: Grupo De Hilos 1-265
2020-03-24 14:36:27,934 INFO o.a.j.t.JMeterThread: Thread finished: Grupo De Hilos 1-265
2020-03-24 14:36:27,934 INFO o.a.j.t.JMeterThread: Stopping because end time detected by thread: Grupo De Hilos 1-257
2020-03-24 14:36:27,934 INFO o.a.j.t.JMeterThread: Thread finished: Grupo De Hilos 1-257
2020-03-24 14:36:27,935 INFO o.a.j.t.JMeterThread: Stopping because end time detected by thread: Grupo De Hilos 1-256
2020-03-24 14:36:27,935 INFO o.a.j.t.JMeterThread: Thread finished: Grupo De Hilos 1-256
2020-03-24 14:36:27,935 INFO o.a.j.t.JMeterThread: Stopping because end time detected by thread: Grupo De Hilos 1-255
2020-03-24 14:36:27,935 INFO o.a.j.t.JMeterThread: Thread finished: Grupo De Hilos 1-255
2020-03-24 14:36:27,936 INFO o.a.j.t.JMeterThread: Stopping because end time detected by thread: Grupo De Hilos 1-168
2020-03-24 14:36:27,936 INFO o.a.j.t.JMeterThread: Thread finished: Grupo De Hilos 1-168
2020-03-24 14:36:27,937 INFO o.a.j.t.JMeterThread: Stopping because end time detected by thread: Grupo De Hilos 1-267
2020-03-24 14:36:27,937 INFO o.a.j.t.JMeterThread: Thread finished: Grupo De Hilos 1-267
2020-03-24 14:36:27,938 INFO o.a.j.t.JMeterThread: Stopping because end time detected by thread: Grupo De Hilos 1-268
2020-03-24 14:36:27,938 INFO o.a.j.t.JMeterThread: Thread finished: Grupo De Hilos 1-268
2020-03-24 14:36:27,938 INFO o.a.j.t.JMeterThread: Stopping because end time detected by thread: Grupo De Hilos 1-269
2020-03-24 14:36:27,939 INFO o.a.j.t.JMeterThread: Thread finished: Grupo De Hilos 1-269
2020-03-24 14:36:27,939 INFO o.a.j.t.JMeterThread: Stopping because end time detected by thread: Grupo De Hilos 1-266
2020-03-24 14:36:27,941 INFO o.a.j.t.JMeterThread: Thread finished: Grupo De Hilos 1-266
2020-03-24 14:36:27,941 INFO o.a.j.t.JMeterThread: Stopping because end time detected by thread: Grupo De Hilos 1-260
2020-03-24 14:36:27,942 INFO o.a.j.t.JMeterThread: Thread finished: Grupo De Hilos 1-260
2020-03-24 14:36:27,941 INFO o.a.j.t.JMeterThread: Stopping because end time detected by thread: Grupo De Hilos 1-271
2020-03-24 14:36:27,940 INFO o.a.j.t.JMeterThread: Stopping because end time detected by thread: Grupo De Hilos 1-259
2020-03-24 14:36:27,939 INFO o.a.j.t.JMeterThread: Stopping because end time detected by thread: Grupo De Hilos 1-180
2020-03-24 14:36:27,942 INFO o.a.j.t.JMeterThread: Thread finished: Grupo De Hilos 1-259
2020-03-24 14:36:27,942 INFO o.a.j.t.JMeterThread: Thread finished: Grupo De Hilos 1-180
2020-03-24 14:36:27,943 INFO o.a.j.t.JMeterThread: Thread finished: Grupo De Hilos 1-271
2020-03-24 14:36:27,939 INFO o.a.j.t.JMeterThread: Stopping because end time detected by thread: Grupo De Hilos 1-201
2020-03-24 14:36:27,943 INFO o.a.j.t.JMeterThread: Thread finished: Grupo De Hilos 1-201
2020-03-24 14:36:27,943 INFO o.a.j.t.JMeterThread: Stopping because end time detected by thread: Grupo De Hilos 1-272
2020-03-24 14:36:27,943 INFO o.a.j.t.JMeterThread: Thread finished: Grupo De Hilos 1-272
2020-03-24 14:36:27,943 INFO o.a.j.t.JMeterThread: Stopping because end time detected by thread: Grupo De Hilos 1-273
2020-03-24 14:36:27,943 INFO o.a.j.t.JMeterThread: Thread finished: Grupo De Hilos 1-273
2020-03-24 14:36:27,946 INFO o.a.j.t.JMeterThread: Stopping because end time detected by thread: Grupo De Hilos 1-251
2020-03-24 14:36:27,946 INFO o.a.j.t.JMeterThread: Stopping because end time detected by thread: Grupo De Hilos 1-275
2020-03-24 14:36:27,946 INFO o.a.j.t.JMeterThread: Thread finished: Grupo De Hilos 1-251
2020-03-24 14:36:27,946 INFO o.a.j.t.JMeterThread: Thread finished: Grupo De Hilos 1-275
2020-03-24 14:36:27,946 INFO o.a.j.t.JMeterThread: Stopping because end time detected by thread: Grupo De Hilos 1-274
2020-03-24 14:36:27,947 INFO o.a.j.t.JMeterThread: Thread finished: Grupo De Hilos 1-274
2020-03-24 14:36:27,947 INFO o.a.j.t.JMeterThread: Stopping because end time detected by thread: Grupo De Hilos 1-278
2020-03-24 14:36:27,947 INFO o.a.j.t.JMeterThread: Thread finished: Grupo De Hilos 1-278
2020-03-24 14:36:27,948 INFO o.a.j.t.JMeterThread: Stopping because end time detected by thread: Grupo De Hilos 1-253
2020-03-24 14:36:27,948 INFO o.a.j.t.JMeterThread: Stopping because end time detected by thread: Grupo De Hilos 1-250
2020-03-24 14:36:27,948 INFO o.a.j.t.JMeterThread: Thread finished: Grupo De Hilos 1-253
2020-03-24 14:36:27,948 INFO o.a.j.t.JMeterThread: Thread finished: Grupo De Hilos 1-250
2020-03-24 14:36:27,949 INFO o.a.j.t.JMeterThread: Stopping because end time detected by thread: Grupo De Hilos 1-279
2020-03-24 14:36:27,949 INFO o.a.j.t.JMeterThread: Thread finished: Grupo De Hilos 1-279
2020-03-24 14:36:27,950 INFO o.a.j.t.JMeterThread: Stopping because end time detected by thread: Grupo De Hilos 1-277
2020-03-24 14:36:27,950 INFO o.a.j.t.JMeterThread: Stopping because end time detected by thread: Grupo De Hilos 1-195
2020-03-24 14:36:27,950 INFO o.a.j.t.JMeterThread: Stopping because end time detected by thread: Grupo De Hilos 1-258
2020-03-24 14:36:27,950 INFO o.a.j.t.JMeterThread: Thread finished: Grupo De Hilos 1-277
2020-03-24 14:36:27,950 INFO o.a.j.t.JMeterThread: Thread finished: Grupo De Hilos 1-195
2020-03-24 14:36:27,951 INFO o.a.j.t.JMeterThread: Thread finished: Grupo De Hilos 1-258
2020-03-24 14:36:27,951 INFO o.a.j.t.JMeterThread: Stopping because end time detected by thread: Grupo De Hilos 1-246
2020-03-24 14:36:27,951 INFO o.a.j.t.JMeterThread: Thread finished: Grupo De Hilos 1-246
2020-03-24 14:36:27,952 INFO o.a.j.t.JMeterThread: Stopping because end time detected by thread: Grupo De Hilos 1-261
2020-03-24 14:36:27,952 INFO o.a.j.t.JMeterThread: Stopping because end time detected by thread: Grupo De Hilos 1-270
2020-03-24 14:36:27,952 INFO o.a.j.t.JMeterThread: Thread finished: Grupo De Hilos 1-261
2020-03-24 14:36:27,952 INFO o.a.j.t.JMeterThread: Thread finished: Grupo De Hilos 1-270
2020-03-24 14:36:27,953 INFO o.a.j.t.JMeterThread: Stopping because end time detected by thread: Grupo De Hilos 1-262
2020-03-24 14:36:27,953 INFO o.a.j.t.JMeterThread: Thread finished: Grupo De Hilos 1-262
2020-03-24 14:36:27,954 INFO o.a.j.t.JMeterThread: Stopping because end time detected by thread: Grupo De Hilos 1-156
2020-03-24 14:36:27,954 INFO o.a.j.t.JMeterThread: Thread finished: Grupo De Hilos 1-156
2020-03-24 14:36:27,954 INFO o.a.j.t.JMeterThread: Thread finished: Grupo De Hilos 1-116
2020-03-24 14:36:27,956 INFO o.a.j.t.JMeterThread: Stopping because end time detected by thread: Grupo De Hilos 1-244
2020-03-24 14:36:27,956 INFO o.a.j.t.JMeterThread: Thread finished: Grupo De Hilos 1-244
2020-03-24 14:36:27,957 INFO o.a.j.t.JMeterThread: Stopping because end time detected by thread: Grupo De Hilos 1-276
2020-03-24 14:36:27,958 INFO o.a.j.t.JMeterThread: Thread finished: Grupo De Hilos 1-276
2020-03-24 14:36:27,958 INFO o.a.j.t.JMeterThread: Thread finished: Grupo De Hilos 1-53
2020-03-24 14:36:40,120 INFO o.a.j.t.JMeterThread: Stopping because end time detected by thread: Grupo De Hilos 1-282
2020-03-24 14:36:40,120 INFO o.a.j.t.JMeterThread: Stopping because end time detected by thread: Grupo De Hilos 1-281
2020-03-24 14:36:40,121 INFO o.a.j.t.JMeterThread: Thread finished: Grupo De Hilos 1-282
2020-03-24 14:36:40,120 INFO o.a.j.t.JMeterThread: Stopping because end time detected by thread: Grupo De Hilos 1-280
2020-03-24 14:36:40,121 INFO o.a.j.t.JMeterThread: Thread finished: Grupo De Hilos 1-281
2020-03-24 14:36:40,121 INFO o.a.j.t.JMeterThread: Thread finished: Grupo De Hilos 1-280
2020-03-24 14:36:42,168 INFO o.a.j.t.JMeterThread: Stopping because end time detected by thread: Grupo De Hilos 1-287
2020-03-24 14:36:42,168 INFO o.a.j.t.JMeterThread: Stopping because end time detected by thread: Grupo De Hilos 1-285
2020-03-24 14:36:42,168 INFO o.a.j.t.JMeterThread: Thread finished: Grupo De Hilos 1-287
2020-03-24 14:36:42,168 INFO o.a.j.t.JMeterThread: Thread finished: Grupo De Hilos 1-285
2020-03-24 14:36:42,169 INFO o.a.j.t.JMeterThread: Stopping because end time detected by thread: Grupo De Hilos 1-283
2020-03-24 14:36:42,169 INFO o.a.j.t.JMeterThread: Thread finished: Grupo De Hilos 1-283
2020-03-24 14:36:42,169 INFO o.a.j.t.JMeterThread: Stopping because end time detected by thread: Grupo De Hilos 1-284
2020-03-24 14:36:42,169 INFO o.a.j.t.JMeterThread: Stopping because end time detected by thread: Grupo De Hilos 1-286
2020-03-24 14:36:42,169 INFO o.a.j.t.JMeterThread: Thread finished: Grupo De Hilos 1-284
2020-03-24 14:36:42,170 INFO o.a.j.t.JMeterThread: Thread finished: Grupo De Hilos 1-286
2020-03-24 14:36:44,216 INFO o.a.j.t.JMeterThread: Stopping because end time detected by thread: Grupo De Hilos 1-290
2020-03-24 14:36:44,216 INFO o.a.j.t.JMeterThread: Stopping because end time detected by thread: Grupo De Hilos 1-289
2020-03-24 14:36:44,217 INFO o.a.j.t.JMeterThread: Thread finished: Grupo De Hilos 1-290
2020-03-24 14:36:44,217 INFO o.a.j.t.JMeterThread: Stopping because end time detected by thread: Grupo De Hilos 1-291
2020-03-24 14:36:44,217 INFO o.a.j.t.JMeterThread: Stopping because end time detected by thread: Grupo De Hilos 1-288
2020-03-24 14:36:44,218 INFO o.a.j.t.JMeterThread: Thread finished: Grupo De Hilos 1-289
2020-03-24 14:36:44,217 INFO o.a.j.t.JMeterThread: Stopping because end time detected by thread: Grupo De Hilos 1-292
2020-03-24 14:36:44,218 INFO o.a.j.t.JMeterThread: Thread finished: Grupo De Hilos 1-291
2020-03-24 14:36:44,218 INFO o.a.j.t.JMeterThread: Thread finished: Grupo De Hilos 1-288
2020-03-24 14:36:44,218 INFO o.a.j.t.JMeterThread: Thread finished: Grupo De Hilos 1-292
2020-03-24 14:36:46,264 INFO o.a.j.t.JMeterThread: Stopping because end time detected by thread: Grupo De Hilos 1-295
2020-03-24 14:36:46,264 INFO o.a.j.t.JMeterThread: Stopping because end time detected by thread: Grupo De Hilos 1-293
2020-03-24 14:36:46,264 INFO o.a.j.t.JMeterThread: Thread finished: Grupo De Hilos 1-295
2020-03-24 14:36:46,264 INFO o.a.j.t.JMeterThread: Thread finished: Grupo De Hilos 1-293
2020-03-24 14:36:46,265 INFO o.a.j.t.JMeterThread: Stopping because end time detected by thread: Grupo De Hilos 1-296
2020-03-24 14:36:46,264 INFO o.a.j.t.JMeterThread: Stopping because end time detected by thread: Grupo De Hilos 1-297
2020-03-24 14:36:46,265 INFO o.a.j.t.JMeterThread: Thread finished: Grupo De Hilos 1-296
2020-03-24 14:36:46,265 INFO o.a.j.t.JMeterThread: Thread finished: Grupo De Hilos 1-297
2020-03-24 14:36:46,265 INFO o.a.j.t.JMeterThread: Stopping because end time detected by thread: Grupo De Hilos 1-294
2020-03-24 14:36:46,266 INFO o.a.j.t.JMeterThread: Thread finished: Grupo De Hilos 1-294
2020-03-24 14:36:48,313 INFO o.a.j.t.JMeterThread: Stopping because end time detected by thread: Grupo De Hilos 1-298
2020-03-24 14:36:48,313 INFO o.a.j.t.JMeterThread: Stopping because end time detected by thread: Grupo De Hilos 1-300
2020-03-24 14:36:48,313 INFO o.a.j.t.JMeterThread: Stopping because end time detected by thread: Grupo De Hilos 1-299
2020-03-24 14:36:48,313 INFO o.a.j.t.JMeterThread: Thread finished: Grupo De Hilos 1-298
2020-03-24 14:36:48,313 INFO o.a.j.t.JMeterThread: Thread finished: Grupo De Hilos 1-300
2020-03-24 14:36:48,313 INFO o.a.j.t.JMeterThread: Thread finished: Grupo De Hilos 1-299
2020-03-24 14:36:48,314 INFO o.a.j.e.StandardJMeterEngine: Notifying test listeners of end of test
2020-03-24 14:36:48,316 INFO o.a.j.r.Summariser: summary +    167 in 00:02:17 =    1.2/s Avg: 241937 Min: 129234 Max: 300109 Err:    38 (22.75%) Active: 0 Started: 300 Finished: 300
2020-03-24 14:36:48,317 INFO o.a.j.r.Summariser: summary =    321 in 00:06:21 =    0.8/s Avg: 127505 Min:    35 Max: 300109 Err:    42 (13.08%)
