2020-03-23 15:03:06,104 INFO o.a.j.u.JMeterUtils: Setting Locale to en_US
2020-03-23 15:03:06,133 INFO o.a.j.JMeter: Loading user properties from: /home/pablo/jmeter/bin/user.properties
2020-03-23 15:03:06,134 INFO o.a.j.JMeter: Loading system properties from: /home/pablo/jmeter/bin/system.properties
2020-03-23 15:03:06,135 INFO o.a.j.JMeter: Setting System property: HILOS=150
2020-03-23 15:03:06,135 INFO o.a.j.JMeter: Setting System property: SUBIDA=60
2020-03-23 15:03:06,136 INFO o.a.j.JMeter: Setting System property: DURACION=300
2020-03-23 15:03:06,136 INFO o.a.j.JMeter: Setting System property: PAGE=/test/imagenp.html
2020-03-23 15:03:06,136 INFO o.a.j.JMeter: Setting System property: FILE=scriptresultsperfmonP150.jtl
2020-03-23 15:03:06,139 INFO o.a.j.JMeter: Copyright (c) 1998-2019 The Apache Software Foundation
2020-03-23 15:03:06,139 INFO o.a.j.JMeter: Version 5.2.1
2020-03-23 15:03:06,139 INFO o.a.j.JMeter: java.version=1.8.0_201
2020-03-23 15:03:06,140 INFO o.a.j.JMeter: java.vm.name=Java HotSpot(TM) 64-Bit Server VM
2020-03-23 15:03:06,140 INFO o.a.j.JMeter: os.name=Linux
2020-03-23 15:03:06,140 INFO o.a.j.JMeter: os.arch=amd64
2020-03-23 15:03:06,140 INFO o.a.j.JMeter: os.version=4.15.0-91-generic
2020-03-23 15:03:06,141 INFO o.a.j.JMeter: file.encoding=UTF-8
2020-03-23 15:03:06,141 INFO o.a.j.JMeter: java.awt.headless=true
2020-03-23 15:03:06,141 INFO o.a.j.JMeter: Max memory     =732954624
2020-03-23 15:03:06,142 INFO o.a.j.JMeter: Available Processors =4
2020-03-23 15:03:06,149 INFO o.a.j.JMeter: Default Locale=English (United States)
2020-03-23 15:03:06,150 INFO o.a.j.JMeter: JMeter  Locale=English (United States)
2020-03-23 15:03:06,150 INFO o.a.j.JMeter: JMeterHome=/home/pablo/jmeter
2020-03-23 15:03:06,150 INFO o.a.j.JMeter: user.dir  =/home/pablo/jmeter/bin/EJECUCIONES
2020-03-23 15:03:06,151 INFO o.a.j.JMeter: PWD       =/home/pablo/jmeter/bin/EJECUCIONES
2020-03-23 15:03:06,151 INFO o.a.j.JMeter: IP: 127.0.1.1 Name: hylianpablo FullName: hylianpablo
2020-03-23 15:03:06,160 INFO o.a.j.s.FileServer: Default base='/home/pablo/jmeter/bin/EJECUCIONES'
2020-03-23 15:03:06,170 INFO o.a.j.s.FileServer: Set new base='/home/pablo/jmeter/bin/EJECUCIONES/..'
2020-03-23 15:03:06,442 INFO o.a.j.s.SaveService: Testplan (JMX) version: 2.2. Testlog (JTL) version: 2.2
2020-03-23 15:03:06,460 INFO o.a.j.s.SaveService: Using SaveService properties file encoding UTF-8
2020-03-23 15:03:06,472 INFO o.a.j.s.SaveService: Using SaveService properties version 5.0
2020-03-23 15:03:06,490 INFO o.a.j.s.SaveService: Loading file: ../Correcto.jmx
2020-03-23 15:03:06,605 INFO o.a.j.p.h.s.HTTPSamplerBase: Parser for text/html is org.apache.jmeter.protocol.http.parser.LagartoBasedHtmlParser
2020-03-23 15:03:06,605 INFO o.a.j.p.h.s.HTTPSamplerBase: Parser for application/xhtml+xml is org.apache.jmeter.protocol.http.parser.LagartoBasedHtmlParser
2020-03-23 15:03:06,605 INFO o.a.j.p.h.s.HTTPSamplerBase: Parser for application/xml is org.apache.jmeter.protocol.http.parser.LagartoBasedHtmlParser
2020-03-23 15:03:06,606 INFO o.a.j.p.h.s.HTTPSamplerBase: Parser for text/xml is org.apache.jmeter.protocol.http.parser.LagartoBasedHtmlParser
2020-03-23 15:03:06,606 INFO o.a.j.p.h.s.HTTPSamplerBase: Parser for text/vnd.wap.wml is org.apache.jmeter.protocol.http.parser.RegexpHTMLParser
2020-03-23 15:03:06,606 INFO o.a.j.p.h.s.HTTPSamplerBase: Parser for text/css is org.apache.jmeter.protocol.http.parser.CssParser
2020-03-23 15:03:06,659 INFO o.a.j.p.h.c.CacheManager: Will only cache the following methods: [GET]
2020-03-23 15:03:06,705 INFO o.a.j.JMeter: Creating summariser <summary>
2020-03-23 15:03:06,721 INFO o.a.j.e.StandardJMeterEngine: Running the test!
2020-03-23 15:03:06,724 INFO o.a.j.s.SampleEvent: List of sample_variables: []
2020-03-23 15:03:06,725 INFO o.a.j.s.SampleEvent: List of sample_variables: []
2020-03-23 15:03:06,743 INFO o.a.j.e.u.CompoundVariable: Note: Function class names must contain the string: '.functions.'
2020-03-23 15:03:06,743 INFO o.a.j.e.u.CompoundVariable: Note: Function class names must not contain the string: '.gui.'
2020-03-23 15:03:07,595 INFO o.a.j.JMeter: Running test (1584972187595)
2020-03-23 15:03:07,679 INFO o.a.j.e.StandardJMeterEngine: Starting ThreadGroup: 1 : Grupo De Hilos
2020-03-23 15:03:07,680 INFO o.a.j.e.StandardJMeterEngine: Starting 150 threads for group Grupo De Hilos.
2020-03-23 15:03:07,680 INFO o.a.j.e.StandardJMeterEngine: Thread will continue on error
2020-03-23 15:03:07,680 INFO o.a.j.t.ThreadGroup: Starting thread group... number=1 threads=150 ramp-up=60 delayedStart=false
2020-03-23 15:03:07,701 INFO o.a.j.t.JMeterThread: Thread started: Grupo De Hilos 1-1
2020-03-23 15:03:07,757 INFO o.a.j.p.h.s.HTTPHCAbstractImpl: Local host = hylianpablo
2020-03-23 15:03:07,776 INFO o.a.j.p.h.s.HTTPHC4Impl: HTTP request retry count = 0
2020-03-23 15:03:07,781 INFO o.a.j.s.SampleResult: Note: Sample TimeStamps are START times
2020-03-23 15:03:07,781 INFO o.a.j.s.SampleResult: sampleresult.default.encoding is set to ISO-8859-1
2020-03-23 15:03:07,781 INFO o.a.j.s.SampleResult: sampleresult.useNanoTime=true
2020-03-23 15:03:07,782 INFO o.a.j.s.SampleResult: sampleresult.nanoThreadSleep=5000
2020-03-23 15:03:07,957 INFO o.a.j.t.ThreadGroup: Started thread group number 1
2020-03-23 15:03:07,957 INFO o.a.j.e.StandardJMeterEngine: All thread groups have been started
2020-03-23 15:03:08,091 INFO o.a.j.t.JMeterThread: Thread started: Grupo De Hilos 1-2
2020-03-23 15:03:08,484 INFO o.a.j.t.JMeterThread: Thread started: Grupo De Hilos 1-3
2020-03-23 15:03:08,889 INFO o.a.j.t.JMeterThread: Thread started: Grupo De Hilos 1-4
2020-03-23 15:03:09,283 INFO o.a.j.t.JMeterThread: Thread started: Grupo De Hilos 1-5
2020-03-23 15:03:09,685 INFO o.a.j.t.JMeterThread: Thread started: Grupo De Hilos 1-6
2020-03-23 15:03:10,083 INFO o.a.j.t.JMeterThread: Thread started: Grupo De Hilos 1-7
2020-03-23 15:03:10,488 INFO o.a.j.t.JMeterThread: Thread started: Grupo De Hilos 1-8
2020-03-23 15:03:10,889 INFO o.a.j.t.JMeterThread: Thread started: Grupo De Hilos 1-9
2020-03-23 15:03:11,288 INFO o.a.j.t.JMeterThread: Thread started: Grupo De Hilos 1-10
2020-03-23 15:03:11,693 INFO o.a.j.t.JMeterThread: Thread started: Grupo De Hilos 1-11
2020-03-23 15:03:12,086 INFO o.a.j.t.JMeterThread: Thread started: Grupo De Hilos 1-12
2020-03-23 15:03:12,489 INFO o.a.j.t.JMeterThread: Thread started: Grupo De Hilos 1-13
2020-03-23 15:03:12,891 INFO o.a.j.t.JMeterThread: Thread started: Grupo De Hilos 1-14
2020-03-23 15:03:13,285 INFO o.a.j.t.JMeterThread: Thread started: Grupo De Hilos 1-15
2020-03-23 15:03:13,684 INFO o.a.j.t.JMeterThread: Thread started: Grupo De Hilos 1-16
2020-03-23 15:03:14,083 INFO o.a.j.t.JMeterThread: Thread started: Grupo De Hilos 1-17
2020-03-23 15:03:14,486 INFO o.a.j.t.JMeterThread: Thread started: Grupo De Hilos 1-18
2020-03-23 15:03:14,884 INFO o.a.j.t.JMeterThread: Thread started: Grupo De Hilos 1-19
2020-03-23 15:03:15,283 INFO o.a.j.t.JMeterThread: Thread started: Grupo De Hilos 1-20
2020-03-23 15:03:15,683 INFO o.a.j.t.JMeterThread: Thread started: Grupo De Hilos 1-21
2020-03-23 15:03:16,083 INFO o.a.j.t.JMeterThread: Thread started: Grupo De Hilos 1-22
2020-03-23 15:03:16,484 INFO o.a.j.t.JMeterThread: Thread started: Grupo De Hilos 1-23
2020-03-23 15:03:16,884 INFO o.a.j.t.JMeterThread: Thread started: Grupo De Hilos 1-24
2020-03-23 15:03:17,291 INFO o.a.j.t.JMeterThread: Thread started: Grupo De Hilos 1-25
2020-03-23 15:03:17,682 INFO o.a.j.t.JMeterThread: Thread started: Grupo De Hilos 1-26
2020-03-23 15:03:18,088 INFO o.a.j.t.JMeterThread: Thread started: Grupo De Hilos 1-27
2020-03-23 15:03:18,483 INFO o.a.j.t.JMeterThread: Thread started: Grupo De Hilos 1-28
2020-03-23 15:03:18,884 INFO o.a.j.t.JMeterThread: Thread started: Grupo De Hilos 1-29
2020-03-23 15:03:19,341 INFO o.a.j.t.JMeterThread: Thread started: Grupo De Hilos 1-30
2020-03-23 15:03:19,685 INFO o.a.j.t.JMeterThread: Thread started: Grupo De Hilos 1-31
2020-03-23 15:03:20,088 INFO o.a.j.t.JMeterThread: Thread started: Grupo De Hilos 1-32
2020-03-23 15:03:20,484 INFO o.a.j.t.JMeterThread: Thread started: Grupo De Hilos 1-33
2020-03-23 15:03:20,883 INFO o.a.j.t.JMeterThread: Thread started: Grupo De Hilos 1-34
2020-03-23 15:03:21,284 INFO o.a.j.t.JMeterThread: Thread started: Grupo De Hilos 1-35
2020-03-23 15:03:21,683 INFO o.a.j.t.JMeterThread: Thread started: Grupo De Hilos 1-36
2020-03-23 15:03:22,082 INFO o.a.j.t.JMeterThread: Thread started: Grupo De Hilos 1-37
2020-03-23 15:03:22,483 INFO o.a.j.t.JMeterThread: Thread started: Grupo De Hilos 1-38
2020-03-23 15:03:22,883 INFO o.a.j.t.JMeterThread: Thread started: Grupo De Hilos 1-39
2020-03-23 15:03:23,284 INFO o.a.j.t.JMeterThread: Thread started: Grupo De Hilos 1-40
2020-03-23 15:03:23,683 INFO o.a.j.t.JMeterThread: Thread started: Grupo De Hilos 1-41
2020-03-23 15:03:24,100 INFO o.a.j.t.JMeterThread: Thread started: Grupo De Hilos 1-42
2020-03-23 15:03:24,483 INFO o.a.j.t.JMeterThread: Thread started: Grupo De Hilos 1-43
2020-03-23 15:03:24,885 INFO o.a.j.t.JMeterThread: Thread started: Grupo De Hilos 1-44
2020-03-23 15:03:25,283 INFO o.a.j.t.JMeterThread: Thread started: Grupo De Hilos 1-45
2020-03-23 15:03:25,691 INFO o.a.j.t.JMeterThread: Thread started: Grupo De Hilos 1-46
2020-03-23 15:03:26,083 INFO o.a.j.t.JMeterThread: Thread started: Grupo De Hilos 1-47
2020-03-23 15:03:26,482 INFO o.a.j.t.JMeterThread: Thread started: Grupo De Hilos 1-48
2020-03-23 15:03:26,884 INFO o.a.j.t.JMeterThread: Thread started: Grupo De Hilos 1-49
2020-03-23 15:03:27,285 INFO o.a.j.t.JMeterThread: Thread started: Grupo De Hilos 1-50
2020-03-23 15:03:27,684 INFO o.a.j.t.JMeterThread: Thread started: Grupo De Hilos 1-51
2020-03-23 15:03:28,082 INFO o.a.j.t.JMeterThread: Thread started: Grupo De Hilos 1-52
2020-03-23 15:03:28,482 INFO o.a.j.t.JMeterThread: Thread started: Grupo De Hilos 1-53
2020-03-23 15:03:28,884 INFO o.a.j.t.JMeterThread: Thread started: Grupo De Hilos 1-54
2020-03-23 15:03:29,288 INFO o.a.j.t.JMeterThread: Thread started: Grupo De Hilos 1-55
2020-03-23 15:03:29,682 INFO o.a.j.t.JMeterThread: Thread started: Grupo De Hilos 1-56
2020-03-23 15:03:30,082 INFO o.a.j.t.JMeterThread: Thread started: Grupo De Hilos 1-57
2020-03-23 15:03:30,131 INFO o.a.j.r.Summariser: summary +     57 in 00:00:23 =    2.5/s Avg:    44 Min:    35 Max:   118 Err:     0 (0.00%) Active: 57 Started: 57 Finished: 0
2020-03-23 15:03:30,482 INFO o.a.j.t.JMeterThread: Thread started: Grupo De Hilos 1-58
2020-03-23 15:03:30,884 INFO o.a.j.t.JMeterThread: Thread started: Grupo De Hilos 1-59
2020-03-23 15:03:31,284 INFO o.a.j.t.JMeterThread: Thread started: Grupo De Hilos 1-60
2020-03-23 15:03:31,683 INFO o.a.j.t.JMeterThread: Thread started: Grupo De Hilos 1-61
2020-03-23 15:03:32,083 INFO o.a.j.t.JMeterThread: Thread started: Grupo De Hilos 1-62
2020-03-23 15:03:32,483 INFO o.a.j.t.JMeterThread: Thread started: Grupo De Hilos 1-63
2020-03-23 15:03:32,885 INFO o.a.j.t.JMeterThread: Thread started: Grupo De Hilos 1-64
2020-03-23 15:03:33,283 INFO o.a.j.t.JMeterThread: Thread started: Grupo De Hilos 1-65
2020-03-23 15:03:33,683 INFO o.a.j.t.JMeterThread: Thread started: Grupo De Hilos 1-66
2020-03-23 15:03:34,086 INFO o.a.j.t.JMeterThread: Thread started: Grupo De Hilos 1-67
2020-03-23 15:03:34,483 INFO o.a.j.t.JMeterThread: Thread started: Grupo De Hilos 1-68
2020-03-23 15:03:34,883 INFO o.a.j.t.JMeterThread: Thread started: Grupo De Hilos 1-69
2020-03-23 15:03:35,284 INFO o.a.j.t.JMeterThread: Thread started: Grupo De Hilos 1-70
2020-03-23 15:03:35,688 INFO o.a.j.t.JMeterThread: Thread started: Grupo De Hilos 1-71
2020-03-23 15:03:36,082 INFO o.a.j.t.JMeterThread: Thread started: Grupo De Hilos 1-72
2020-03-23 15:03:36,484 INFO o.a.j.t.JMeterThread: Thread started: Grupo De Hilos 1-73
2020-03-23 15:03:36,883 INFO o.a.j.t.JMeterThread: Thread started: Grupo De Hilos 1-74
2020-03-23 15:03:37,288 INFO o.a.j.t.JMeterThread: Thread started: Grupo De Hilos 1-75
2020-03-23 15:03:37,682 INFO o.a.j.t.JMeterThread: Thread started: Grupo De Hilos 1-76
2020-03-23 15:03:38,089 INFO o.a.j.t.JMeterThread: Thread started: Grupo De Hilos 1-77
2020-03-23 15:03:38,483 INFO o.a.j.t.JMeterThread: Thread started: Grupo De Hilos 1-78
2020-03-23 15:03:38,885 INFO o.a.j.t.JMeterThread: Thread started: Grupo De Hilos 1-79
2020-03-23 15:03:39,283 INFO o.a.j.t.JMeterThread: Thread started: Grupo De Hilos 1-80
2020-03-23 15:03:39,682 INFO o.a.j.t.JMeterThread: Thread started: Grupo De Hilos 1-81
2020-03-23 15:03:40,083 INFO o.a.j.t.JMeterThread: Thread started: Grupo De Hilos 1-82
2020-03-23 15:03:40,484 INFO o.a.j.t.JMeterThread: Thread started: Grupo De Hilos 1-83
2020-03-23 15:03:40,883 INFO o.a.j.t.JMeterThread: Thread started: Grupo De Hilos 1-84
2020-03-23 15:03:41,284 INFO o.a.j.t.JMeterThread: Thread started: Grupo De Hilos 1-85
2020-03-23 15:03:41,692 INFO o.a.j.t.JMeterThread: Thread started: Grupo De Hilos 1-86
2020-03-23 15:03:42,083 INFO o.a.j.t.JMeterThread: Thread started: Grupo De Hilos 1-87
2020-03-23 15:03:42,483 INFO o.a.j.t.JMeterThread: Thread started: Grupo De Hilos 1-88
2020-03-23 15:03:42,896 INFO o.a.j.t.JMeterThread: Thread started: Grupo De Hilos 1-89
2020-03-23 15:03:43,285 INFO o.a.j.t.JMeterThread: Thread started: Grupo De Hilos 1-90
2020-03-23 15:03:43,683 INFO o.a.j.t.JMeterThread: Thread started: Grupo De Hilos 1-91
2020-03-23 15:03:44,103 INFO o.a.j.t.JMeterThread: Thread started: Grupo De Hilos 1-92
2020-03-23 15:03:44,482 INFO o.a.j.t.JMeterThread: Thread started: Grupo De Hilos 1-93
2020-03-23 15:03:44,882 INFO o.a.j.t.JMeterThread: Thread started: Grupo De Hilos 1-94
2020-03-23 15:03:45,282 INFO o.a.j.t.JMeterThread: Thread started: Grupo De Hilos 1-95
2020-03-23 15:03:45,682 INFO o.a.j.t.JMeterThread: Thread started: Grupo De Hilos 1-96
2020-03-23 15:03:46,091 INFO o.a.j.t.JMeterThread: Thread started: Grupo De Hilos 1-97
2020-03-23 15:03:46,488 INFO o.a.j.t.JMeterThread: Thread started: Grupo De Hilos 1-98
2020-03-23 15:03:46,883 INFO o.a.j.t.JMeterThread: Thread started: Grupo De Hilos 1-99
2020-03-23 15:03:47,282 INFO o.a.j.t.JMeterThread: Thread started: Grupo De Hilos 1-100
2020-03-23 15:03:47,682 INFO o.a.j.t.JMeterThread: Thread started: Grupo De Hilos 1-101
2020-03-23 15:03:48,088 INFO o.a.j.t.JMeterThread: Thread started: Grupo De Hilos 1-102
2020-03-23 15:03:48,482 INFO o.a.j.t.JMeterThread: Thread started: Grupo De Hilos 1-103
2020-03-23 15:03:48,882 INFO o.a.j.t.JMeterThread: Thread started: Grupo De Hilos 1-104
2020-03-23 15:03:49,284 INFO o.a.j.t.JMeterThread: Thread started: Grupo De Hilos 1-105
2020-03-23 15:03:49,700 INFO o.a.j.t.JMeterThread: Thread started: Grupo De Hilos 1-106
2020-03-23 15:03:50,083 INFO o.a.j.t.JMeterThread: Thread started: Grupo De Hilos 1-107
2020-03-23 15:03:50,484 INFO o.a.j.t.JMeterThread: Thread started: Grupo De Hilos 1-108
2020-03-23 15:03:50,884 INFO o.a.j.t.JMeterThread: Thread started: Grupo De Hilos 1-109
2020-03-23 15:03:51,283 INFO o.a.j.t.JMeterThread: Thread started: Grupo De Hilos 1-110
2020-03-23 15:03:51,688 INFO o.a.j.t.JMeterThread: Thread started: Grupo De Hilos 1-111
2020-03-23 15:03:52,090 INFO o.a.j.t.JMeterThread: Thread started: Grupo De Hilos 1-112
2020-03-23 15:03:52,492 INFO o.a.j.t.JMeterThread: Thread started: Grupo De Hilos 1-113
2020-03-23 15:03:52,882 INFO o.a.j.t.JMeterThread: Thread started: Grupo De Hilos 1-114
2020-03-23 15:03:53,282 INFO o.a.j.t.JMeterThread: Thread started: Grupo De Hilos 1-115
2020-03-23 15:03:53,681 INFO o.a.j.t.JMeterThread: Thread started: Grupo De Hilos 1-116
2020-03-23 15:03:54,092 INFO o.a.j.t.JMeterThread: Thread started: Grupo De Hilos 1-117
2020-03-23 15:03:54,491 INFO o.a.j.t.JMeterThread: Thread started: Grupo De Hilos 1-118
2020-03-23 15:03:54,888 INFO o.a.j.t.JMeterThread: Thread started: Grupo De Hilos 1-119
2020-03-23 15:03:55,282 INFO o.a.j.t.JMeterThread: Thread started: Grupo De Hilos 1-120
2020-03-23 15:03:55,684 INFO o.a.j.t.JMeterThread: Thread started: Grupo De Hilos 1-121
2020-03-23 15:03:56,082 INFO o.a.j.t.JMeterThread: Thread started: Grupo De Hilos 1-122
2020-03-23 15:03:56,484 INFO o.a.j.t.JMeterThread: Thread started: Grupo De Hilos 1-123
2020-03-23 15:03:56,881 INFO o.a.j.t.JMeterThread: Thread started: Grupo De Hilos 1-124
2020-03-23 15:03:57,287 INFO o.a.j.t.JMeterThread: Thread started: Grupo De Hilos 1-125
2020-03-23 15:03:57,683 INFO o.a.j.t.JMeterThread: Thread started: Grupo De Hilos 1-126
2020-03-23 15:03:58,086 INFO o.a.j.t.JMeterThread: Thread started: Grupo De Hilos 1-127
2020-03-23 15:03:58,488 INFO o.a.j.t.JMeterThread: Thread started: Grupo De Hilos 1-128
2020-03-23 15:03:58,886 INFO o.a.j.t.JMeterThread: Thread started: Grupo De Hilos 1-129
2020-03-23 15:03:59,288 INFO o.a.j.t.JMeterThread: Thread started: Grupo De Hilos 1-130
2020-03-23 15:03:59,685 INFO o.a.j.t.JMeterThread: Thread started: Grupo De Hilos 1-131
2020-03-23 15:04:00,085 INFO o.a.j.t.JMeterThread: Thread started: Grupo De Hilos 1-132
2020-03-23 15:04:00,129 INFO o.a.j.r.Summariser: summary +     75 in 00:00:30 =    2.5/s Avg:    45 Min:    36 Max:    88 Err:     0 (0.00%) Active: 132 Started: 132 Finished: 0
2020-03-23 15:04:00,133 INFO o.a.j.r.Summariser: summary =    132 in 00:00:53 =    2.5/s Avg:    45 Min:    35 Max:   118 Err:     0 (0.00%)
2020-03-23 15:04:00,488 INFO o.a.j.t.JMeterThread: Thread started: Grupo De Hilos 1-133
2020-03-23 15:04:00,883 INFO o.a.j.t.JMeterThread: Thread started: Grupo De Hilos 1-134
2020-03-23 15:04:01,286 INFO o.a.j.t.JMeterThread: Thread started: Grupo De Hilos 1-135
2020-03-23 15:04:01,682 INFO o.a.j.t.JMeterThread: Thread started: Grupo De Hilos 1-136
2020-03-23 15:04:02,088 INFO o.a.j.t.JMeterThread: Thread started: Grupo De Hilos 1-137
2020-03-23 15:04:02,492 INFO o.a.j.t.JMeterThread: Thread started: Grupo De Hilos 1-138
2020-03-23 15:04:02,884 INFO o.a.j.t.JMeterThread: Thread started: Grupo De Hilos 1-139
2020-03-23 15:04:03,292 INFO o.a.j.t.JMeterThread: Thread started: Grupo De Hilos 1-140
2020-03-23 15:04:03,682 INFO o.a.j.t.JMeterThread: Thread started: Grupo De Hilos 1-141
2020-03-23 15:04:04,082 INFO o.a.j.t.JMeterThread: Thread started: Grupo De Hilos 1-142
2020-03-23 15:04:04,488 INFO o.a.j.t.JMeterThread: Thread started: Grupo De Hilos 1-143
2020-03-23 15:04:04,882 INFO o.a.j.t.JMeterThread: Thread started: Grupo De Hilos 1-144
2020-03-23 15:04:05,284 INFO o.a.j.t.JMeterThread: Thread started: Grupo De Hilos 1-145
2020-03-23 15:04:05,684 INFO o.a.j.t.JMeterThread: Thread started: Grupo De Hilos 1-146
2020-03-23 15:04:06,083 INFO o.a.j.t.JMeterThread: Thread started: Grupo De Hilos 1-147
2020-03-23 15:04:06,482 INFO o.a.j.t.JMeterThread: Thread started: Grupo De Hilos 1-148
2020-03-23 15:04:06,884 INFO o.a.j.t.JMeterThread: Thread started: Grupo De Hilos 1-149
2020-03-23 15:04:07,284 INFO o.a.j.t.JMeterThread: Thread started: Grupo De Hilos 1-150
2020-03-23 15:08:07,684 INFO o.a.j.t.JMeterThread: Stopping because end time detected by thread: Grupo De Hilos 1-1
2020-03-23 15:08:07,685 INFO o.a.j.t.JMeterThread: Thread finished: Grupo De Hilos 1-1
2020-03-23 15:08:07,720 INFO o.a.j.t.JMeterThread: Stopping because end time detected by thread: Grupo De Hilos 1-4
2020-03-23 15:08:07,720 INFO o.a.j.t.JMeterThread: Thread finished: Grupo De Hilos 1-4
2020-03-23 15:08:07,728 INFO o.a.j.t.JMeterThread: Stopping because end time detected by thread: Grupo De Hilos 1-2
2020-03-23 15:08:07,728 INFO o.a.j.t.JMeterThread: Thread finished: Grupo De Hilos 1-2
2020-03-23 15:08:07,736 INFO o.a.j.t.JMeterThread: Stopping because end time detected by thread: Grupo De Hilos 1-6
2020-03-23 15:08:07,736 INFO o.a.j.t.JMeterThread: Thread finished: Grupo De Hilos 1-6
2020-03-23 15:08:07,744 INFO o.a.j.t.JMeterThread: Stopping because end time detected by thread: Grupo De Hilos 1-3
2020-03-23 15:08:07,744 INFO o.a.j.t.JMeterThread: Thread finished: Grupo De Hilos 1-3
2020-03-23 15:08:07,745 INFO o.a.j.t.JMeterThread: Stopping because end time detected by thread: Grupo De Hilos 1-20
2020-03-23 15:08:07,746 INFO o.a.j.t.JMeterThread: Thread finished: Grupo De Hilos 1-20
2020-03-23 15:08:07,756 INFO o.a.j.t.JMeterThread: Stopping because end time detected by thread: Grupo De Hilos 1-24
2020-03-23 15:08:07,757 INFO o.a.j.t.JMeterThread: Thread finished: Grupo De Hilos 1-24
2020-03-23 15:08:07,768 INFO o.a.j.t.JMeterThread: Stopping because end time detected by thread: Grupo De Hilos 1-25
2020-03-23 15:08:07,768 INFO o.a.j.t.JMeterThread: Thread finished: Grupo De Hilos 1-25
2020-03-23 15:08:07,769 INFO o.a.j.t.JMeterThread: Stopping because end time detected by thread: Grupo De Hilos 1-36
2020-03-23 15:08:07,769 INFO o.a.j.t.JMeterThread: Thread finished: Grupo De Hilos 1-36
2020-03-23 15:08:07,772 INFO o.a.j.t.JMeterThread: Stopping because end time detected by thread: Grupo De Hilos 1-21
2020-03-23 15:08:07,772 INFO o.a.j.t.JMeterThread: Stopping because end time detected by thread: Grupo De Hilos 1-32
2020-03-23 15:08:07,772 INFO o.a.j.t.JMeterThread: Thread finished: Grupo De Hilos 1-32
2020-03-23 15:08:07,772 INFO o.a.j.t.JMeterThread: Thread finished: Grupo De Hilos 1-21
2020-03-23 15:08:07,774 INFO o.a.j.t.JMeterThread: Stopping because end time detected by thread: Grupo De Hilos 1-19
2020-03-23 15:08:07,774 INFO o.a.j.t.JMeterThread: Thread finished: Grupo De Hilos 1-19
2020-03-23 15:08:07,775 INFO o.a.j.t.JMeterThread: Stopping because end time detected by thread: Grupo De Hilos 1-5
2020-03-23 15:08:07,775 INFO o.a.j.t.JMeterThread: Thread finished: Grupo De Hilos 1-5
2020-03-23 15:08:07,776 INFO o.a.j.t.JMeterThread: Stopping because end time detected by thread: Grupo De Hilos 1-41
2020-03-23 15:08:07,785 INFO o.a.j.t.JMeterThread: Thread finished: Grupo De Hilos 1-41
2020-03-23 15:08:07,784 INFO o.a.j.t.JMeterThread: Stopping because end time detected by thread: Grupo De Hilos 1-18
2020-03-23 15:08:07,785 INFO o.a.j.t.JMeterThread: Thread finished: Grupo De Hilos 1-18
2020-03-23 15:08:07,784 INFO o.a.j.t.JMeterThread: Stopping because end time detected by thread: Grupo De Hilos 1-44
2020-03-23 15:08:07,786 INFO o.a.j.t.JMeterThread: Thread finished: Grupo De Hilos 1-44
2020-03-23 15:08:07,786 INFO o.a.j.t.JMeterThread: Stopping because end time detected by thread: Grupo De Hilos 1-11
2020-03-23 15:08:07,786 INFO o.a.j.t.JMeterThread: Thread finished: Grupo De Hilos 1-11
2020-03-23 15:08:07,787 INFO o.a.j.t.JMeterThread: Stopping because end time detected by thread: Grupo De Hilos 1-9
2020-03-23 15:08:07,787 INFO o.a.j.t.JMeterThread: Thread finished: Grupo De Hilos 1-9
2020-03-23 15:08:07,788 INFO o.a.j.t.JMeterThread: Stopping because end time detected by thread: Grupo De Hilos 1-45
2020-03-23 15:08:07,788 INFO o.a.j.t.JMeterThread: Stopping because end time detected by thread: Grupo De Hilos 1-37
2020-03-23 15:08:07,789 INFO o.a.j.t.JMeterThread: Thread finished: Grupo De Hilos 1-45
2020-03-23 15:08:07,789 INFO o.a.j.t.JMeterThread: Thread finished: Grupo De Hilos 1-37
2020-03-23 15:08:07,792 INFO o.a.j.t.JMeterThread: Stopping because end time detected by thread: Grupo De Hilos 1-28
2020-03-23 15:08:07,793 INFO o.a.j.t.JMeterThread: Thread finished: Grupo De Hilos 1-28
2020-03-23 15:08:07,800 INFO o.a.j.t.JMeterThread: Stopping because end time detected by thread: Grupo De Hilos 1-50
2020-03-23 15:08:07,800 INFO o.a.j.t.JMeterThread: Stopping because end time detected by thread: Grupo De Hilos 1-29
2020-03-23 15:08:07,801 INFO o.a.j.t.JMeterThread: Thread finished: Grupo De Hilos 1-50
2020-03-23 15:08:07,801 INFO o.a.j.t.JMeterThread: Thread finished: Grupo De Hilos 1-29
2020-03-23 15:08:07,801 INFO o.a.j.t.JMeterThread: Stopping because end time detected by thread: Grupo De Hilos 1-48
2020-03-23 15:08:07,801 INFO o.a.j.t.JMeterThread: Thread finished: Grupo De Hilos 1-48
2020-03-23 15:08:07,804 INFO o.a.j.t.JMeterThread: Stopping because end time detected by thread: Grupo De Hilos 1-23
2020-03-23 15:08:07,804 INFO o.a.j.t.JMeterThread: Thread finished: Grupo De Hilos 1-23
2020-03-23 15:08:07,812 INFO o.a.j.t.JMeterThread: Stopping because end time detected by thread: Grupo De Hilos 1-66
2020-03-23 15:08:07,812 INFO o.a.j.t.JMeterThread: Stopping because end time detected by thread: Grupo De Hilos 1-8
2020-03-23 15:08:07,813 INFO o.a.j.t.JMeterThread: Thread finished: Grupo De Hilos 1-66
2020-03-23 15:08:07,813 INFO o.a.j.t.JMeterThread: Thread finished: Grupo De Hilos 1-8
2020-03-23 15:08:07,816 INFO o.a.j.t.JMeterThread: Stopping because end time detected by thread: Grupo De Hilos 1-35
2020-03-23 15:08:07,816 INFO o.a.j.t.JMeterThread: Stopping because end time detected by thread: Grupo De Hilos 1-42
2020-03-23 15:08:07,816 INFO o.a.j.t.JMeterThread: Thread finished: Grupo De Hilos 1-35
2020-03-23 15:08:07,816 INFO o.a.j.t.JMeterThread: Thread finished: Grupo De Hilos 1-42
2020-03-23 15:08:07,817 INFO o.a.j.t.JMeterThread: Stopping because end time detected by thread: Grupo De Hilos 1-51
2020-03-23 15:08:07,817 INFO o.a.j.t.JMeterThread: Thread finished: Grupo De Hilos 1-51
2020-03-23 15:08:07,824 INFO o.a.j.t.JMeterThread: Stopping because end time detected by thread: Grupo De Hilos 1-73
2020-03-23 15:08:07,824 INFO o.a.j.t.JMeterThread: Thread finished: Grupo De Hilos 1-73
2020-03-23 15:08:07,825 INFO o.a.j.t.JMeterThread: Stopping because end time detected by thread: Grupo De Hilos 1-72
2020-03-23 15:08:07,825 INFO o.a.j.t.JMeterThread: Thread finished: Grupo De Hilos 1-72
2020-03-23 15:08:07,824 INFO o.a.j.t.JMeterThread: Stopping because end time detected by thread: Grupo De Hilos 1-60
2020-03-23 15:08:07,828 INFO o.a.j.t.JMeterThread: Stopping because end time detected by thread: Grupo De Hilos 1-27
2020-03-23 15:08:07,828 INFO o.a.j.t.JMeterThread: Thread finished: Grupo De Hilos 1-27
2020-03-23 15:08:07,829 INFO o.a.j.t.JMeterThread: Thread finished: Grupo De Hilos 1-60
2020-03-23 15:08:07,832 INFO o.a.j.t.JMeterThread: Stopping because end time detected by thread: Grupo De Hilos 1-49
2020-03-23 15:08:07,832 INFO o.a.j.t.JMeterThread: Stopping because end time detected by thread: Grupo De Hilos 1-7
2020-03-23 15:08:07,832 INFO o.a.j.t.JMeterThread: Stopping because end time detected by thread: Grupo De Hilos 1-17
2020-03-23 15:08:07,832 INFO o.a.j.t.JMeterThread: Thread finished: Grupo De Hilos 1-7
2020-03-23 15:08:07,832 INFO o.a.j.t.JMeterThread: Stopping because end time detected by thread: Grupo De Hilos 1-40
2020-03-23 15:08:07,833 INFO o.a.j.t.JMeterThread: Thread finished: Grupo De Hilos 1-17
2020-03-23 15:08:07,833 INFO o.a.j.t.JMeterThread: Stopping because end time detected by thread: Grupo De Hilos 1-61
2020-03-23 15:08:07,833 INFO o.a.j.t.JMeterThread: Thread finished: Grupo De Hilos 1-61
2020-03-23 15:08:07,834 INFO o.a.j.t.JMeterThread: Thread finished: Grupo De Hilos 1-49
2020-03-23 15:08:07,833 INFO o.a.j.t.JMeterThread: Thread finished: Grupo De Hilos 1-40
2020-03-23 15:08:07,840 INFO o.a.j.t.JMeterThread: Stopping because end time detected by thread: Grupo De Hilos 1-67
2020-03-23 15:08:07,841 INFO o.a.j.t.JMeterThread: Thread finished: Grupo De Hilos 1-67
2020-03-23 15:08:07,840 INFO o.a.j.t.JMeterThread: Stopping because end time detected by thread: Grupo De Hilos 1-22
2020-03-23 15:08:07,841 INFO o.a.j.t.JMeterThread: Thread finished: Grupo De Hilos 1-22
2020-03-23 15:08:07,840 INFO o.a.j.t.JMeterThread: Stopping because end time detected by thread: Grupo De Hilos 1-34
2020-03-23 15:08:07,841 INFO o.a.j.t.JMeterThread: Thread finished: Grupo De Hilos 1-34
2020-03-23 15:08:07,844 INFO o.a.j.t.JMeterThread: Stopping because end time detected by thread: Grupo De Hilos 1-85
2020-03-23 15:08:07,844 INFO o.a.j.t.JMeterThread: Stopping because end time detected by thread: Grupo De Hilos 1-54
2020-03-23 15:08:07,844 INFO o.a.j.t.JMeterThread: Thread finished: Grupo De Hilos 1-85
2020-03-23 15:08:07,844 INFO o.a.j.t.JMeterThread: Thread finished: Grupo De Hilos 1-54
2020-03-23 15:08:07,848 INFO o.a.j.t.JMeterThread: Stopping because end time detected by thread: Grupo De Hilos 1-83
2020-03-23 15:08:07,848 INFO o.a.j.t.JMeterThread: Stopping because end time detected by thread: Grupo De Hilos 1-88
2020-03-23 15:08:07,849 INFO o.a.j.t.JMeterThread: Stopping because end time detected by thread: Grupo De Hilos 1-38
2020-03-23 15:08:07,849 INFO o.a.j.t.JMeterThread: Thread finished: Grupo De Hilos 1-38
2020-03-23 15:08:07,849 INFO o.a.j.t.JMeterThread: Stopping because end time detected by thread: Grupo De Hilos 1-53
2020-03-23 15:08:07,849 INFO o.a.j.t.JMeterThread: Thread finished: Grupo De Hilos 1-53
2020-03-23 15:08:07,849 INFO o.a.j.t.JMeterThread: Stopping because end time detected by thread: Grupo De Hilos 1-90
2020-03-23 15:08:07,849 INFO o.a.j.t.JMeterThread: Thread finished: Grupo De Hilos 1-90
2020-03-23 15:08:07,849 INFO o.a.j.t.JMeterThread: Stopping because end time detected by thread: Grupo De Hilos 1-82
2020-03-23 15:08:07,850 INFO o.a.j.t.JMeterThread: Thread finished: Grupo De Hilos 1-82
2020-03-23 15:08:07,856 INFO o.a.j.t.JMeterThread: Thread finished: Grupo De Hilos 1-88
2020-03-23 15:08:07,856 INFO o.a.j.t.JMeterThread: Stopping because end time detected by thread: Grupo De Hilos 1-30
2020-03-23 15:08:07,856 INFO o.a.j.t.JMeterThread: Stopping because end time detected by thread: Grupo De Hilos 1-59
2020-03-23 15:08:07,849 INFO o.a.j.t.JMeterThread: Thread finished: Grupo De Hilos 1-83
2020-03-23 15:08:07,860 INFO o.a.j.t.JMeterThread: Stopping because end time detected by thread: Grupo De Hilos 1-10
2020-03-23 15:08:07,864 INFO o.a.j.t.JMeterThread: Thread finished: Grupo De Hilos 1-10
2020-03-23 15:08:07,865 INFO o.a.j.t.JMeterThread: Stopping because end time detected by thread: Grupo De Hilos 1-100
2020-03-23 15:08:07,857 INFO o.a.j.t.JMeterThread: Stopping because end time detected by thread: Grupo De Hilos 1-55
2020-03-23 15:08:07,865 INFO o.a.j.t.JMeterThread: Thread finished: Grupo De Hilos 1-100
2020-03-23 15:08:07,865 INFO o.a.j.t.JMeterThread: Thread finished: Grupo De Hilos 1-55
2020-03-23 15:08:07,857 INFO o.a.j.t.JMeterThread: Stopping because end time detected by thread: Grupo De Hilos 1-87
2020-03-23 15:08:07,866 INFO o.a.j.t.JMeterThread: Thread finished: Grupo De Hilos 1-87
2020-03-23 15:08:07,866 INFO o.a.j.t.JMeterThread: Thread finished: Grupo De Hilos 1-30
2020-03-23 15:08:07,866 INFO o.a.j.t.JMeterThread: Thread finished: Grupo De Hilos 1-59
2020-03-23 15:08:07,867 INFO o.a.j.t.JMeterThread: Stopping because end time detected by thread: Grupo De Hilos 1-101
2020-03-23 15:08:07,867 INFO o.a.j.t.JMeterThread: Thread finished: Grupo De Hilos 1-101
2020-03-23 15:08:07,868 INFO o.a.j.t.JMeterThread: Stopping because end time detected by thread: Grupo De Hilos 1-39
2020-03-23 15:08:07,868 INFO o.a.j.t.JMeterThread: Stopping because end time detected by thread: Grupo De Hilos 1-13
2020-03-23 15:08:07,868 INFO o.a.j.t.JMeterThread: Stopping because end time detected by thread: Grupo De Hilos 1-62
2020-03-23 15:08:07,869 INFO o.a.j.t.JMeterThread: Thread finished: Grupo De Hilos 1-13
2020-03-23 15:08:07,869 INFO o.a.j.t.JMeterThread: Thread finished: Grupo De Hilos 1-62
2020-03-23 15:08:07,869 INFO o.a.j.t.JMeterThread: Stopping because end time detected by thread: Grupo De Hilos 1-15
2020-03-23 15:08:07,869 INFO o.a.j.t.JMeterThread: Thread finished: Grupo De Hilos 1-15
2020-03-23 15:08:07,869 INFO o.a.j.t.JMeterThread: Stopping because end time detected by thread: Grupo De Hilos 1-64
2020-03-23 15:08:07,869 INFO o.a.j.t.JMeterThread: Thread finished: Grupo De Hilos 1-64
2020-03-23 15:08:07,872 INFO o.a.j.t.JMeterThread: Stopping because end time detected by thread: Grupo De Hilos 1-77
2020-03-23 15:08:07,872 INFO o.a.j.t.JMeterThread: Thread finished: Grupo De Hilos 1-77
2020-03-23 15:08:07,872 INFO o.a.j.t.JMeterThread: Thread finished: Grupo De Hilos 1-39
2020-03-23 15:08:07,872 INFO o.a.j.t.JMeterThread: Stopping because end time detected by thread: Grupo De Hilos 1-63
2020-03-23 15:08:07,873 INFO o.a.j.t.JMeterThread: Thread finished: Grupo De Hilos 1-63
2020-03-23 15:08:07,873 INFO o.a.j.t.JMeterThread: Stopping because end time detected by thread: Grupo De Hilos 1-43
2020-03-23 15:08:07,873 INFO o.a.j.t.JMeterThread: Thread finished: Grupo De Hilos 1-43
2020-03-23 15:08:07,877 INFO o.a.j.t.JMeterThread: Stopping because end time detected by thread: Grupo De Hilos 1-108
2020-03-23 15:08:07,877 INFO o.a.j.t.JMeterThread: Thread finished: Grupo De Hilos 1-108
2020-03-23 15:08:07,878 INFO o.a.j.t.JMeterThread: Stopping because end time detected by thread: Grupo De Hilos 1-76
2020-03-23 15:08:07,878 INFO o.a.j.t.JMeterThread: Thread finished: Grupo De Hilos 1-76
2020-03-23 15:08:07,869 INFO o.a.j.t.JMeterThread: Stopping because end time detected by thread: Grupo De Hilos 1-16
2020-03-23 15:08:07,880 INFO o.a.j.t.JMeterThread: Stopping because end time detected by thread: Grupo De Hilos 1-68
2020-03-23 15:08:07,880 INFO o.a.j.t.JMeterThread: Thread finished: Grupo De Hilos 1-16
2020-03-23 15:08:07,880 INFO o.a.j.t.JMeterThread: Stopping because end time detected by thread: Grupo De Hilos 1-26
2020-03-23 15:08:07,880 INFO o.a.j.t.JMeterThread: Thread finished: Grupo De Hilos 1-68
2020-03-23 15:08:07,881 INFO o.a.j.t.JMeterThread: Thread finished: Grupo De Hilos 1-26
2020-03-23 15:08:07,881 INFO o.a.j.t.JMeterThread: Stopping because end time detected by thread: Grupo De Hilos 1-57
2020-03-23 15:08:07,881 INFO o.a.j.t.JMeterThread: Stopping because end time detected by thread: Grupo De Hilos 1-89
2020-03-23 15:08:07,881 INFO o.a.j.t.JMeterThread: Thread finished: Grupo De Hilos 1-57
2020-03-23 15:08:07,881 INFO o.a.j.t.JMeterThread: Thread finished: Grupo De Hilos 1-89
2020-03-23 15:08:07,881 INFO o.a.j.t.JMeterThread: Stopping because end time detected by thread: Grupo De Hilos 1-52
2020-03-23 15:08:07,881 INFO o.a.j.t.JMeterThread: Thread finished: Grupo De Hilos 1-52
2020-03-23 15:08:07,881 INFO o.a.j.t.JMeterThread: Stopping because end time detected by thread: Grupo De Hilos 1-91
2020-03-23 15:08:07,881 INFO o.a.j.t.JMeterThread: Thread finished: Grupo De Hilos 1-91
2020-03-23 15:08:07,885 INFO o.a.j.t.JMeterThread: Stopping because end time detected by thread: Grupo De Hilos 1-107
2020-03-23 15:08:07,885 INFO o.a.j.t.JMeterThread: Thread finished: Grupo De Hilos 1-107
2020-03-23 15:08:07,885 INFO o.a.j.t.JMeterThread: Stopping because end time detected by thread: Grupo De Hilos 1-102
2020-03-23 15:08:07,886 INFO o.a.j.t.JMeterThread: Thread finished: Grupo De Hilos 1-102
2020-03-23 15:08:07,888 INFO o.a.j.t.JMeterThread: Stopping because end time detected by thread: Grupo De Hilos 1-75
2020-03-23 15:08:07,888 INFO o.a.j.t.JMeterThread: Thread finished: Grupo De Hilos 1-75
2020-03-23 15:08:07,892 INFO o.a.j.t.JMeterThread: Stopping because end time detected by thread: Grupo De Hilos 1-115
2020-03-23 15:08:07,892 INFO o.a.j.t.JMeterThread: Thread finished: Grupo De Hilos 1-115
2020-03-23 15:08:07,893 INFO o.a.j.t.JMeterThread: Stopping because end time detected by thread: Grupo De Hilos 1-112
2020-03-23 15:08:07,893 INFO o.a.j.t.JMeterThread: Thread finished: Grupo De Hilos 1-112
2020-03-23 15:08:07,893 INFO o.a.j.t.JMeterThread: Stopping because end time detected by thread: Grupo De Hilos 1-104
2020-03-23 15:08:07,894 INFO o.a.j.t.JMeterThread: Thread finished: Grupo De Hilos 1-104
2020-03-23 15:08:07,896 INFO o.a.j.t.JMeterThread: Stopping because end time detected by thread: Grupo De Hilos 1-116
2020-03-23 15:08:07,896 INFO o.a.j.t.JMeterThread: Thread finished: Grupo De Hilos 1-116
2020-03-23 15:08:07,900 INFO o.a.j.t.JMeterThread: Stopping because end time detected by thread: Grupo De Hilos 1-118
2020-03-23 15:08:07,900 INFO o.a.j.t.JMeterThread: Stopping because end time detected by thread: Grupo De Hilos 1-80
2020-03-23 15:08:07,900 INFO o.a.j.t.JMeterThread: Stopping because end time detected by thread: Grupo De Hilos 1-81
2020-03-23 15:08:07,900 INFO o.a.j.t.JMeterThread: Thread finished: Grupo De Hilos 1-80
2020-03-23 15:08:07,901 INFO o.a.j.t.JMeterThread: Thread finished: Grupo De Hilos 1-81
2020-03-23 15:08:07,901 INFO o.a.j.t.JMeterThread: Thread finished: Grupo De Hilos 1-118
2020-03-23 15:08:07,901 INFO o.a.j.t.JMeterThread: Stopping because end time detected by thread: Grupo De Hilos 1-92
2020-03-23 15:08:07,901 INFO o.a.j.t.JMeterThread: Thread finished: Grupo De Hilos 1-92
2020-03-23 15:08:07,902 INFO o.a.j.t.JMeterThread: Stopping because end time detected by thread: Grupo De Hilos 1-47
2020-03-23 15:08:07,902 INFO o.a.j.t.JMeterThread: Thread finished: Grupo De Hilos 1-47
2020-03-23 15:08:07,903 INFO o.a.j.t.JMeterThread: Stopping because end time detected by thread: Grupo De Hilos 1-86
2020-03-23 15:08:07,903 INFO o.a.j.t.JMeterThread: Thread finished: Grupo De Hilos 1-86
2020-03-23 15:08:07,903 INFO o.a.j.t.JMeterThread: Stopping because end time detected by thread: Grupo De Hilos 1-31
2020-03-23 15:08:07,903 INFO o.a.j.t.JMeterThread: Thread finished: Grupo De Hilos 1-31
2020-03-23 15:08:07,904 INFO o.a.j.t.JMeterThread: Stopping because end time detected by thread: Grupo De Hilos 1-33
2020-03-23 15:08:07,904 INFO o.a.j.t.JMeterThread: Thread finished: Grupo De Hilos 1-33
2020-03-23 15:08:07,904 INFO o.a.j.t.JMeterThread: Stopping because end time detected by thread: Grupo De Hilos 1-65
2020-03-23 15:08:07,904 INFO o.a.j.t.JMeterThread: Thread finished: Grupo De Hilos 1-65
2020-03-23 15:08:07,905 INFO o.a.j.t.JMeterThread: Stopping because end time detected by thread: Grupo De Hilos 1-74
2020-03-23 15:08:07,905 INFO o.a.j.t.JMeterThread: Thread finished: Grupo De Hilos 1-74
2020-03-23 15:08:07,905 INFO o.a.j.t.JMeterThread: Stopping because end time detected by thread: Grupo De Hilos 1-69
2020-03-23 15:08:07,906 INFO o.a.j.t.JMeterThread: Thread finished: Grupo De Hilos 1-69
2020-03-23 15:08:07,906 INFO o.a.j.t.JMeterThread: Stopping because end time detected by thread: Grupo De Hilos 1-106
2020-03-23 15:08:07,906 INFO o.a.j.t.JMeterThread: Thread finished: Grupo De Hilos 1-106
2020-03-23 15:08:07,906 INFO o.a.j.t.JMeterThread: Stopping because end time detected by thread: Grupo De Hilos 1-79
2020-03-23 15:08:07,907 INFO o.a.j.t.JMeterThread: Thread finished: Grupo De Hilos 1-79
2020-03-23 15:08:07,907 INFO o.a.j.t.JMeterThread: Stopping because end time detected by thread: Grupo De Hilos 1-12
2020-03-23 15:08:07,907 INFO o.a.j.t.JMeterThread: Thread finished: Grupo De Hilos 1-12
2020-03-23 15:08:07,908 INFO o.a.j.t.JMeterThread: Stopping because end time detected by thread: Grupo De Hilos 1-70
2020-03-23 15:08:07,908 INFO o.a.j.t.JMeterThread: Stopping because end time detected by thread: Grupo De Hilos 1-71
2020-03-23 15:08:07,908 INFO o.a.j.t.JMeterThread: Stopping because end time detected by thread: Grupo De Hilos 1-46
2020-03-23 15:08:07,908 INFO o.a.j.t.JMeterThread: Thread finished: Grupo De Hilos 1-70
2020-03-23 15:08:07,908 INFO o.a.j.t.JMeterThread: Thread finished: Grupo De Hilos 1-71
2020-03-23 15:08:07,908 INFO o.a.j.t.JMeterThread: Thread finished: Grupo De Hilos 1-46
2020-03-23 15:08:07,908 INFO o.a.j.t.JMeterThread: Stopping because end time detected by thread: Grupo De Hilos 1-97
2020-03-23 15:08:07,908 INFO o.a.j.t.JMeterThread: Thread finished: Grupo De Hilos 1-97
2020-03-23 15:08:07,909 INFO o.a.j.t.JMeterThread: Stopping because end time detected by thread: Grupo De Hilos 1-113
2020-03-23 15:08:07,909 INFO o.a.j.t.JMeterThread: Thread finished: Grupo De Hilos 1-113
2020-03-23 15:08:07,911 INFO o.a.j.t.JMeterThread: Stopping because end time detected by thread: Grupo De Hilos 1-120
2020-03-23 15:08:07,911 INFO o.a.j.t.JMeterThread: Thread finished: Grupo De Hilos 1-120
2020-03-23 15:08:07,912 INFO o.a.j.t.JMeterThread: Stopping because end time detected by thread: Grupo De Hilos 1-126
2020-03-23 15:08:07,912 INFO o.a.j.t.JMeterThread: Thread finished: Grupo De Hilos 1-126
2020-03-23 15:08:07,912 INFO o.a.j.t.JMeterThread: Stopping because end time detected by thread: Grupo De Hilos 1-117
2020-03-23 15:08:07,912 INFO o.a.j.t.JMeterThread: Thread finished: Grupo De Hilos 1-117
2020-03-23 15:08:07,916 INFO o.a.j.t.JMeterThread: Stopping because end time detected by thread: Grupo De Hilos 1-119
2020-03-23 15:08:07,916 INFO o.a.j.t.JMeterThread: Stopping because end time detected by thread: Grupo De Hilos 1-109
2020-03-23 15:08:07,916 INFO o.a.j.t.JMeterThread: Thread finished: Grupo De Hilos 1-119
2020-03-23 15:08:07,917 INFO o.a.j.t.JMeterThread: Thread finished: Grupo De Hilos 1-109
2020-03-23 15:08:07,917 INFO o.a.j.t.JMeterThread: Stopping because end time detected by thread: Grupo De Hilos 1-110
2020-03-23 15:08:07,917 INFO o.a.j.t.JMeterThread: Thread finished: Grupo De Hilos 1-110
2020-03-23 15:08:07,918 INFO o.a.j.t.JMeterThread: Stopping because end time detected by thread: Grupo De Hilos 1-122
2020-03-23 15:08:07,918 INFO o.a.j.t.JMeterThread: Thread finished: Grupo De Hilos 1-122
2020-03-23 15:08:07,918 INFO o.a.j.t.JMeterThread: Stopping because end time detected by thread: Grupo De Hilos 1-105
2020-03-23 15:08:07,918 INFO o.a.j.t.JMeterThread: Thread finished: Grupo De Hilos 1-105
2020-03-23 15:08:07,919 INFO o.a.j.t.JMeterThread: Stopping because end time detected by thread: Grupo De Hilos 1-123
2020-03-23 15:08:07,919 INFO o.a.j.t.JMeterThread: Thread finished: Grupo De Hilos 1-123
2020-03-23 15:08:07,920 INFO o.a.j.t.JMeterThread: Stopping because end time detected by thread: Grupo De Hilos 1-130
2020-03-23 15:08:07,920 INFO o.a.j.t.JMeterThread: Thread finished: Grupo De Hilos 1-130
2020-03-23 15:08:07,920 INFO o.a.j.t.JMeterThread: Stopping because end time detected by thread: Grupo De Hilos 1-56
2020-03-23 15:08:07,921 INFO o.a.j.t.JMeterThread: Thread finished: Grupo De Hilos 1-56
2020-03-23 15:08:07,924 INFO o.a.j.t.JMeterThread: Stopping because end time detected by thread: Grupo De Hilos 1-127
2020-03-23 15:08:07,924 INFO o.a.j.t.JMeterThread: Thread finished: Grupo De Hilos 1-127
2020-03-23 15:08:07,928 INFO o.a.j.t.JMeterThread: Stopping because end time detected by thread: Grupo De Hilos 1-133
2020-03-23 15:08:07,928 INFO o.a.j.t.JMeterThread: Stopping because end time detected by thread: Grupo De Hilos 1-98
2020-03-23 15:08:07,928 INFO o.a.j.t.JMeterThread: Thread finished: Grupo De Hilos 1-98
2020-03-23 15:08:07,929 INFO o.a.j.t.JMeterThread: Stopping because end time detected by thread: Grupo De Hilos 1-58
2020-03-23 15:08:07,929 INFO o.a.j.t.JMeterThread: Thread finished: Grupo De Hilos 1-58
2020-03-23 15:08:07,932 INFO o.a.j.t.JMeterThread: Stopping because end time detected by thread: Grupo De Hilos 1-84
2020-03-23 15:08:07,932 INFO o.a.j.t.JMeterThread: Stopping because end time detected by thread: Grupo De Hilos 1-131
2020-03-23 15:08:07,932 INFO o.a.j.t.JMeterThread: Stopping because end time detected by thread: Grupo De Hilos 1-124
2020-03-23 15:08:07,932 INFO o.a.j.t.JMeterThread: Thread finished: Grupo De Hilos 1-84
2020-03-23 15:08:07,932 INFO o.a.j.t.JMeterThread: Thread finished: Grupo De Hilos 1-124
2020-03-23 15:08:07,933 INFO o.a.j.t.JMeterThread: Thread finished: Grupo De Hilos 1-131
2020-03-23 15:08:07,934 INFO o.a.j.t.JMeterThread: Thread finished: Grupo De Hilos 1-133
2020-03-23 15:08:07,935 INFO o.a.j.t.JMeterThread: Stopping because end time detected by thread: Grupo De Hilos 1-134
2020-03-23 15:08:07,935 INFO o.a.j.t.JMeterThread: Thread finished: Grupo De Hilos 1-134
2020-03-23 15:08:07,937 INFO o.a.j.t.JMeterThread: Stopping because end time detected by thread: Grupo De Hilos 1-78
2020-03-23 15:08:07,937 INFO o.a.j.t.JMeterThread: Thread finished: Grupo De Hilos 1-78
2020-03-23 15:08:07,937 INFO o.a.j.t.JMeterThread: Stopping because end time detected by thread: Grupo De Hilos 1-135
2020-03-23 15:08:07,938 INFO o.a.j.t.JMeterThread: Thread finished: Grupo De Hilos 1-135
2020-03-23 15:08:07,938 INFO o.a.j.t.JMeterThread: Stopping because end time detected by thread: Grupo De Hilos 1-96
2020-03-23 15:08:07,938 INFO o.a.j.t.JMeterThread: Thread finished: Grupo De Hilos 1-96
2020-03-23 15:08:07,938 INFO o.a.j.t.JMeterThread: Stopping because end time detected by thread: Grupo De Hilos 1-128
2020-03-23 15:08:07,939 INFO o.a.j.t.JMeterThread: Thread finished: Grupo De Hilos 1-128
2020-03-23 15:08:07,940 INFO o.a.j.t.JMeterThread: Stopping because end time detected by thread: Grupo De Hilos 1-137
2020-03-23 15:08:07,940 INFO o.a.j.t.JMeterThread: Thread finished: Grupo De Hilos 1-137
2020-03-23 15:08:07,943 INFO o.a.j.t.JMeterThread: Stopping because end time detected by thread: Grupo De Hilos 1-139
2020-03-23 15:08:07,943 INFO o.a.j.t.JMeterThread: Thread finished: Grupo De Hilos 1-139
2020-03-23 15:08:07,943 INFO o.a.j.t.JMeterThread: Stopping because end time detected by thread: Grupo De Hilos 1-138
2020-03-23 15:08:07,944 INFO o.a.j.t.JMeterThread: Thread finished: Grupo De Hilos 1-138
2020-03-23 15:08:07,946 INFO o.a.j.t.JMeterThread: Stopping because end time detected by thread: Grupo De Hilos 1-140
2020-03-23 15:08:07,946 INFO o.a.j.t.JMeterThread: Thread finished: Grupo De Hilos 1-140
2020-03-23 15:08:07,946 INFO o.a.j.t.JMeterThread: Stopping because end time detected by thread: Grupo De Hilos 1-129
2020-03-23 15:08:07,946 INFO o.a.j.t.JMeterThread: Thread finished: Grupo De Hilos 1-129
2020-03-23 15:08:07,946 INFO o.a.j.t.JMeterThread: Stopping because end time detected by thread: Grupo De Hilos 1-141
2020-03-23 15:08:07,947 INFO o.a.j.t.JMeterThread: Thread finished: Grupo De Hilos 1-141
2020-03-23 15:08:07,947 INFO o.a.j.t.JMeterThread: Stopping because end time detected by thread: Grupo De Hilos 1-95
2020-03-23 15:08:07,947 INFO o.a.j.t.JMeterThread: Thread finished: Grupo De Hilos 1-95
2020-03-23 15:08:07,948 INFO o.a.j.t.JMeterThread: Stopping because end time detected by thread: Grupo De Hilos 1-146
2020-03-23 15:08:07,948 INFO o.a.j.t.JMeterThread: Thread finished: Grupo De Hilos 1-146
2020-03-23 15:08:07,949 INFO o.a.j.t.JMeterThread: Stopping because end time detected by thread: Grupo De Hilos 1-125
2020-03-23 15:08:07,949 INFO o.a.j.t.JMeterThread: Thread finished: Grupo De Hilos 1-125
2020-03-23 15:08:07,949 INFO o.a.j.t.JMeterThread: Stopping because end time detected by thread: Grupo De Hilos 1-143
2020-03-23 15:08:07,949 INFO o.a.j.t.JMeterThread: Thread finished: Grupo De Hilos 1-143
2020-03-23 15:08:07,950 INFO o.a.j.t.JMeterThread: Stopping because end time detected by thread: Grupo De Hilos 1-142
2020-03-23 15:08:07,950 INFO o.a.j.t.JMeterThread: Thread finished: Grupo De Hilos 1-142
2020-03-23 15:08:07,950 INFO o.a.j.t.JMeterThread: Stopping because end time detected by thread: Grupo De Hilos 1-132
2020-03-23 15:08:07,950 INFO o.a.j.t.JMeterThread: Stopping because end time detected by thread: Grupo De Hilos 1-14
2020-03-23 15:08:07,950 INFO o.a.j.t.JMeterThread: Stopping because end time detected by thread: Grupo De Hilos 1-94
2020-03-23 15:08:07,950 INFO o.a.j.t.JMeterThread: Thread finished: Grupo De Hilos 1-132
2020-03-23 15:08:07,950 INFO o.a.j.t.JMeterThread: Thread finished: Grupo De Hilos 1-94
2020-03-23 15:08:07,950 INFO o.a.j.t.JMeterThread: Thread finished: Grupo De Hilos 1-14
2020-03-23 15:08:07,951 INFO o.a.j.t.JMeterThread: Stopping because end time detected by thread: Grupo De Hilos 1-111
2020-03-23 15:08:07,951 INFO o.a.j.t.JMeterThread: Thread finished: Grupo De Hilos 1-111
2020-03-23 15:08:07,951 INFO o.a.j.t.JMeterThread: Stopping because end time detected by thread: Grupo De Hilos 1-99
2020-03-23 15:08:07,951 INFO o.a.j.t.JMeterThread: Thread finished: Grupo De Hilos 1-99
2020-03-23 15:08:07,952 INFO o.a.j.t.JMeterThread: Stopping because end time detected by thread: Grupo De Hilos 1-148
2020-03-23 15:08:07,952 INFO o.a.j.t.JMeterThread: Stopping because end time detected by thread: Grupo De Hilos 1-121
2020-03-23 15:08:07,951 INFO o.a.j.t.JMeterThread: Stopping because end time detected by thread: Grupo De Hilos 1-147
2020-03-23 15:08:07,951 INFO o.a.j.t.JMeterThread: Stopping because end time detected by thread: Grupo De Hilos 1-93
2020-03-23 15:08:07,951 INFO o.a.j.t.JMeterThread: Stopping because end time detected by thread: Grupo De Hilos 1-145
2020-03-23 15:08:07,952 INFO o.a.j.t.JMeterThread: Thread finished: Grupo De Hilos 1-147
2020-03-23 15:08:07,952 INFO o.a.j.t.JMeterThread: Thread finished: Grupo De Hilos 1-93
2020-03-23 15:08:07,952 INFO o.a.j.t.JMeterThread: Thread finished: Grupo De Hilos 1-145
2020-03-23 15:08:07,952 INFO o.a.j.t.JMeterThread: Thread finished: Grupo De Hilos 1-148
2020-03-23 15:08:07,952 INFO o.a.j.t.JMeterThread: Stopping because end time detected by thread: Grupo De Hilos 1-103
2020-03-23 15:08:07,953 INFO o.a.j.t.JMeterThread: Thread finished: Grupo De Hilos 1-121
2020-03-23 15:08:07,953 INFO o.a.j.t.JMeterThread: Thread finished: Grupo De Hilos 1-103
2020-03-23 15:08:07,953 INFO o.a.j.t.JMeterThread: Stopping because end time detected by thread: Grupo De Hilos 1-149
2020-03-23 15:08:07,953 INFO o.a.j.t.JMeterThread: Stopping because end time detected by thread: Grupo De Hilos 1-144
2020-03-23 15:08:07,953 INFO o.a.j.t.JMeterThread: Stopping because end time detected by thread: Grupo De Hilos 1-136
2020-03-23 15:08:07,953 INFO o.a.j.t.JMeterThread: Stopping because end time detected by thread: Grupo De Hilos 1-114
2020-03-23 15:08:07,953 INFO o.a.j.t.JMeterThread: Thread finished: Grupo De Hilos 1-136
2020-03-23 15:08:07,953 INFO o.a.j.t.JMeterThread: Thread finished: Grupo De Hilos 1-149
2020-03-23 15:08:07,953 INFO o.a.j.t.JMeterThread: Thread finished: Grupo De Hilos 1-144
2020-03-23 15:08:07,953 INFO o.a.j.t.JMeterThread: Thread finished: Grupo De Hilos 1-114
2020-03-23 15:08:07,956 INFO o.a.j.t.JMeterThread: Stopping because end time detected by thread: Grupo De Hilos 1-150
2020-03-23 15:08:07,956 INFO o.a.j.t.JMeterThread: Thread finished: Grupo De Hilos 1-150
2020-03-23 15:08:07,957 INFO o.a.j.e.StandardJMeterEngine: Notifying test listeners of end of test
2020-03-23 15:08:07,959 INFO o.a.j.r.Summariser: summary +     18 in 00:04:08 =    0.1/s Avg:    44 Min:    36 Max:    58 Err:     0 (0.00%) Active: 0 Started: 150 Finished: 150
2020-03-23 15:08:07,960 INFO o.a.j.r.Summariser: summary =    150 in 00:05:00 =    0.5/s Avg:    44 Min:    35 Max:   118 Err:     0 (0.00%)
