2020-05-02 18:25:47,658 INFO o.a.j.u.JMeterUtils: Setting Locale to en_US
2020-05-02 18:25:47,695 INFO o.a.j.JMeter: Loading user properties from: /home/pablo/jmeter/bin/user.properties
2020-05-02 18:25:47,696 INFO o.a.j.JMeter: Loading system properties from: /home/pablo/jmeter/bin/system.properties
2020-05-02 18:25:47,697 INFO o.a.j.JMeter: Setting System property: HILOS=80
2020-05-02 18:25:47,697 INFO o.a.j.JMeter: Setting System property: SUBIDA=20
2020-05-02 18:25:47,697 INFO o.a.j.JMeter: Setting System property: DURACION=620
2020-05-02 18:25:47,698 INFO o.a.j.JMeter: Setting System property: FILE=scriptresultsPerfmon80.jtl
2020-05-02 18:25:47,701 INFO o.a.j.JMeter: Copyright (c) 1998-2019 The Apache Software Foundation
2020-05-02 18:25:47,702 INFO o.a.j.JMeter: Version 5.2.1
2020-05-02 18:25:47,702 INFO o.a.j.JMeter: java.version=1.8.0_201
2020-05-02 18:25:47,702 INFO o.a.j.JMeter: java.vm.name=Java HotSpot(TM) 64-Bit Server VM
2020-05-02 18:25:47,702 INFO o.a.j.JMeter: os.name=Linux
2020-05-02 18:25:47,703 INFO o.a.j.JMeter: os.arch=amd64
2020-05-02 18:25:47,703 INFO o.a.j.JMeter: os.version=4.15.0-99-generic
2020-05-02 18:25:47,703 INFO o.a.j.JMeter: file.encoding=UTF-8
2020-05-02 18:25:47,703 INFO o.a.j.JMeter: java.awt.headless=true
2020-05-02 18:25:47,704 INFO o.a.j.JMeter: Max memory     =732954624
2020-05-02 18:25:47,704 INFO o.a.j.JMeter: Available Processors =4
2020-05-02 18:25:47,712 INFO o.a.j.JMeter: Default Locale=English (United States)
2020-05-02 18:25:47,713 INFO o.a.j.JMeter: JMeter  Locale=English (United States)
2020-05-02 18:25:47,713 INFO o.a.j.JMeter: JMeterHome=/home/pablo/jmeter
2020-05-02 18:25:47,713 INFO o.a.j.JMeter: user.dir  =/home/pablo/jmeter/bin/EJECUCIONES/P3_V2
2020-05-02 18:25:47,714 INFO o.a.j.JMeter: PWD       =/home/pablo/jmeter/bin/EJECUCIONES/P3_V2
2020-05-02 18:25:47,714 INFO o.a.j.JMeter: IP: 127.0.1.1 Name: hylianpablo FullName: hylianpablo
2020-05-02 18:25:47,724 INFO o.a.j.s.FileServer: Default base='/home/pablo/jmeter/bin/EJECUCIONES/P3_V2'
2020-05-02 18:25:47,735 INFO o.a.j.s.FileServer: Set new base='/home/pablo/jmeter/bin/EJECUCIONES/P3_V2/..'
2020-05-02 18:25:48,057 INFO o.a.j.s.SaveService: Testplan (JMX) version: 2.2. Testlog (JTL) version: 2.2
2020-05-02 18:25:48,077 INFO o.a.j.s.SaveService: Using SaveService properties file encoding UTF-8
2020-05-02 18:25:48,090 INFO o.a.j.s.SaveService: Using SaveService properties version 5.0
2020-05-02 18:25:48,111 INFO o.a.j.s.SaveService: Loading file: ../RecordP3_V2.jmx
2020-05-02 18:25:48,196 INFO o.a.j.p.h.c.CookieManager: Settings: Delete null: true Check: true Allow variable: true Save: false Prefix: COOKIE_
2020-05-02 18:25:48,254 INFO o.a.j.p.h.s.HTTPSamplerBase: Parser for text/html is org.apache.jmeter.protocol.http.parser.LagartoBasedHtmlParser
2020-05-02 18:25:48,254 INFO o.a.j.p.h.s.HTTPSamplerBase: Parser for application/xhtml+xml is org.apache.jmeter.protocol.http.parser.LagartoBasedHtmlParser
2020-05-02 18:25:48,254 INFO o.a.j.p.h.s.HTTPSamplerBase: Parser for application/xml is org.apache.jmeter.protocol.http.parser.LagartoBasedHtmlParser
2020-05-02 18:25:48,255 INFO o.a.j.p.h.s.HTTPSamplerBase: Parser for text/xml is org.apache.jmeter.protocol.http.parser.LagartoBasedHtmlParser
2020-05-02 18:25:48,255 INFO o.a.j.p.h.s.HTTPSamplerBase: Parser for text/vnd.wap.wml is org.apache.jmeter.protocol.http.parser.RegexpHTMLParser
2020-05-02 18:25:48,255 INFO o.a.j.p.h.s.HTTPSamplerBase: Parser for text/css is org.apache.jmeter.protocol.http.parser.CssParser
2020-05-02 18:25:48,647 INFO o.a.j.e.KeyToolUtils: keytool found at 'keytool'
2020-05-02 18:25:48,649 INFO o.a.j.p.h.p.ProxyControl: HTTP(S) Test Script Recorder SSL Proxy will use keys that support embedded 3rd party resources in file /home/pablo/jmeter/bin/proxyserver.jks
2020-05-02 18:25:48,742 INFO o.a.j.JMeter: Creating summariser <summary>
2020-05-02 18:25:48,756 INFO o.a.j.e.StandardJMeterEngine: Running the test!
2020-05-02 18:25:48,758 INFO o.a.j.s.SampleEvent: List of sample_variables: []
2020-05-02 18:25:48,758 INFO o.a.j.s.SampleEvent: List of sample_variables: []
2020-05-02 18:25:48,772 INFO o.a.j.e.u.CompoundVariable: Note: Function class names must contain the string: '.functions.'
2020-05-02 18:25:48,772 INFO o.a.j.e.u.CompoundVariable: Note: Function class names must not contain the string: '.gui.'
2020-05-02 18:25:49,764 INFO o.a.j.JMeter: Running test (1588436749763)
2020-05-02 18:25:49,846 INFO o.a.j.e.StandardJMeterEngine: Starting ThreadGroup: 1 : Thread Group
2020-05-02 18:25:49,855 INFO o.a.j.e.StandardJMeterEngine: Starting 80 threads for group Thread Group.
2020-05-02 18:25:49,855 INFO o.a.j.e.StandardJMeterEngine: Thread will continue on error
2020-05-02 18:25:49,856 INFO o.a.j.t.ThreadGroup: Starting thread group... number=1 threads=80 ramp-up=20 delayedStart=false
2020-05-02 18:25:49,883 INFO o.a.j.s.SampleResult: Note: Sample TimeStamps are START times
2020-05-02 18:25:49,884 INFO o.a.j.s.SampleResult: sampleresult.default.encoding is set to ISO-8859-1
2020-05-02 18:25:49,884 INFO o.a.j.s.SampleResult: sampleresult.useNanoTime=true
2020-05-02 18:25:49,885 INFO o.a.j.s.SampleResult: sampleresult.nanoThreadSleep=5000
2020-05-02 18:25:49,890 INFO o.a.j.t.JMeterThread: Thread started: Thread Group 1-1
2020-05-02 18:25:49,967 INFO o.a.j.p.h.s.HTTPHCAbstractImpl: Local host = hylianpablo
2020-05-02 18:25:50,009 INFO o.a.j.p.h.s.HTTPHC4Impl: HTTP request retry count = 0
2020-05-02 18:25:50,131 INFO o.a.j.t.JMeterThread: Thread started: Thread Group 1-2
2020-05-02 18:25:50,160 INFO o.a.j.t.ThreadGroup: Started thread group number 1
2020-05-02 18:25:50,161 INFO o.a.j.e.StandardJMeterEngine: All thread groups have been started
2020-05-02 18:25:50,375 INFO o.a.j.t.JMeterThread: Thread started: Thread Group 1-3
2020-05-02 18:25:50,630 INFO o.a.j.t.JMeterThread: Thread started: Thread Group 1-4
2020-05-02 18:25:50,890 INFO o.a.j.t.JMeterThread: Thread started: Thread Group 1-5
2020-05-02 18:25:51,123 INFO o.a.j.t.JMeterThread: Thread started: Thread Group 1-6
2020-05-02 18:25:51,371 INFO o.a.j.t.JMeterThread: Thread started: Thread Group 1-7
2020-05-02 18:25:51,620 INFO o.a.j.t.JMeterThread: Thread started: Thread Group 1-8
2020-05-02 18:25:51,867 INFO o.a.j.t.JMeterThread: Thread started: Thread Group 1-9
2020-05-02 18:25:52,119 INFO o.a.j.t.JMeterThread: Thread started: Thread Group 1-10
2020-05-02 18:25:52,368 INFO o.a.j.t.JMeterThread: Thread started: Thread Group 1-11
2020-05-02 18:25:52,612 INFO o.a.j.t.JMeterThread: Thread started: Thread Group 1-12
2020-05-02 18:25:52,868 INFO o.a.j.t.JMeterThread: Thread started: Thread Group 1-13
2020-05-02 18:25:53,117 INFO o.a.j.t.JMeterThread: Thread started: Thread Group 1-14
2020-05-02 18:25:53,415 INFO o.a.j.t.JMeterThread: Thread started: Thread Group 1-15
2020-05-02 18:25:53,641 INFO o.a.j.t.JMeterThread: Thread started: Thread Group 1-16
2020-05-02 18:25:53,889 INFO o.a.j.t.JMeterThread: Thread started: Thread Group 1-17
2020-05-02 18:25:54,133 INFO o.a.j.t.JMeterThread: Thread started: Thread Group 1-18
2020-05-02 18:25:54,380 INFO o.a.j.t.JMeterThread: Thread started: Thread Group 1-19
2020-05-02 18:25:54,627 INFO o.a.j.t.JMeterThread: Thread started: Thread Group 1-20
2020-05-02 18:25:54,875 INFO o.a.j.t.JMeterThread: Thread started: Thread Group 1-21
2020-05-02 18:25:55,122 INFO o.a.j.t.JMeterThread: Thread started: Thread Group 1-22
2020-05-02 18:25:55,371 INFO o.a.j.t.JMeterThread: Thread started: Thread Group 1-23
2020-05-02 18:25:55,638 INFO o.a.j.t.JMeterThread: Thread started: Thread Group 1-24
2020-05-02 18:25:55,888 INFO o.a.j.t.JMeterThread: Thread started: Thread Group 1-25
2020-05-02 18:25:56,132 INFO o.a.j.t.JMeterThread: Thread started: Thread Group 1-26
2020-05-02 18:25:56,380 INFO o.a.j.t.JMeterThread: Thread started: Thread Group 1-27
2020-05-02 18:25:56,631 INFO o.a.j.t.JMeterThread: Thread started: Thread Group 1-28
2020-05-02 18:25:56,880 INFO o.a.j.t.JMeterThread: Thread started: Thread Group 1-29
2020-05-02 18:25:57,130 INFO o.a.j.t.JMeterThread: Thread started: Thread Group 1-30
2020-05-02 18:25:57,377 INFO o.a.j.t.JMeterThread: Thread started: Thread Group 1-31
2020-05-02 18:25:57,624 INFO o.a.j.t.JMeterThread: Thread started: Thread Group 1-32
2020-05-02 18:25:57,869 INFO o.a.j.t.JMeterThread: Thread started: Thread Group 1-33
2020-05-02 18:25:58,128 INFO o.a.j.t.JMeterThread: Thread started: Thread Group 1-34
2020-05-02 18:25:58,367 INFO o.a.j.t.JMeterThread: Thread started: Thread Group 1-35
2020-05-02 18:25:58,615 INFO o.a.j.t.JMeterThread: Thread started: Thread Group 1-36
2020-05-02 18:25:58,871 INFO o.a.j.t.JMeterThread: Thread started: Thread Group 1-37
2020-05-02 18:25:59,113 INFO o.a.j.t.JMeterThread: Thread started: Thread Group 1-38
2020-05-02 18:25:59,361 INFO o.a.j.t.JMeterThread: Thread started: Thread Group 1-39
2020-05-02 18:25:59,613 INFO o.a.j.t.JMeterThread: Thread started: Thread Group 1-40
2020-05-02 18:25:59,860 INFO o.a.j.t.JMeterThread: Thread started: Thread Group 1-41
2020-05-02 18:26:00,022 INFO o.a.j.r.Summariser: summary +   1259 in 00:00:10 =  122.8/s Avg:   155 Min:    19 Max:  1997 Err:     0 (0.00%) Active: 41 Started: 41 Finished: 0
2020-05-02 18:26:00,112 INFO o.a.j.t.JMeterThread: Thread started: Thread Group 1-42
2020-05-02 18:26:00,364 INFO o.a.j.t.JMeterThread: Thread started: Thread Group 1-43
2020-05-02 18:26:00,610 INFO o.a.j.t.JMeterThread: Thread started: Thread Group 1-44
2020-05-02 18:26:00,862 INFO o.a.j.t.JMeterThread: Thread started: Thread Group 1-45
2020-05-02 18:26:01,111 INFO o.a.j.t.JMeterThread: Thread started: Thread Group 1-46
2020-05-02 18:26:01,360 INFO o.a.j.t.JMeterThread: Thread started: Thread Group 1-47
2020-05-02 18:26:01,614 INFO o.a.j.t.JMeterThread: Thread started: Thread Group 1-48
2020-05-02 18:26:01,862 INFO o.a.j.t.JMeterThread: Thread started: Thread Group 1-49
2020-05-02 18:26:02,111 INFO o.a.j.t.JMeterThread: Thread started: Thread Group 1-50
2020-05-02 18:26:02,360 INFO o.a.j.t.JMeterThread: Thread started: Thread Group 1-51
2020-05-02 18:26:02,617 INFO o.a.j.t.JMeterThread: Thread started: Thread Group 1-52
2020-05-02 18:26:02,862 INFO o.a.j.t.JMeterThread: Thread started: Thread Group 1-53
2020-05-02 18:26:03,120 INFO o.a.j.t.JMeterThread: Thread started: Thread Group 1-54
2020-05-02 18:26:03,366 INFO o.a.j.t.JMeterThread: Thread started: Thread Group 1-55
2020-05-02 18:26:03,611 INFO o.a.j.t.JMeterThread: Thread started: Thread Group 1-56
2020-05-02 18:26:03,860 INFO o.a.j.t.JMeterThread: Thread started: Thread Group 1-57
2020-05-02 18:26:04,110 INFO o.a.j.t.JMeterThread: Thread started: Thread Group 1-58
2020-05-02 18:26:04,359 INFO o.a.j.t.JMeterThread: Thread started: Thread Group 1-59
2020-05-02 18:26:04,611 INFO o.a.j.t.JMeterThread: Thread started: Thread Group 1-60
2020-05-02 18:26:04,869 INFO o.a.j.t.JMeterThread: Thread started: Thread Group 1-61
2020-05-02 18:26:05,116 INFO o.a.j.t.JMeterThread: Thread started: Thread Group 1-62
2020-05-02 18:26:05,358 INFO o.a.j.t.JMeterThread: Thread started: Thread Group 1-63
2020-05-02 18:26:05,609 INFO o.a.j.t.JMeterThread: Thread started: Thread Group 1-64
2020-05-02 18:26:05,860 INFO o.a.j.t.JMeterThread: Thread started: Thread Group 1-65
2020-05-02 18:26:06,111 INFO o.a.j.t.JMeterThread: Thread started: Thread Group 1-66
2020-05-02 18:26:06,363 INFO o.a.j.t.JMeterThread: Thread started: Thread Group 1-67
2020-05-02 18:26:06,615 INFO o.a.j.t.JMeterThread: Thread started: Thread Group 1-68
2020-05-02 18:26:06,865 INFO o.a.j.t.JMeterThread: Thread started: Thread Group 1-69
2020-05-02 18:26:07,111 INFO o.a.j.t.JMeterThread: Thread started: Thread Group 1-70
2020-05-02 18:26:07,363 INFO o.a.j.t.JMeterThread: Thread started: Thread Group 1-71
2020-05-02 18:26:07,611 INFO o.a.j.t.JMeterThread: Thread started: Thread Group 1-72
2020-05-02 18:26:07,861 INFO o.a.j.t.JMeterThread: Thread started: Thread Group 1-73
2020-05-02 18:26:08,108 INFO o.a.j.t.JMeterThread: Thread started: Thread Group 1-74
2020-05-02 18:26:08,360 INFO o.a.j.t.JMeterThread: Thread started: Thread Group 1-75
2020-05-02 18:26:08,611 INFO o.a.j.t.JMeterThread: Thread started: Thread Group 1-76
2020-05-02 18:26:08,963 INFO o.a.j.t.JMeterThread: Thread started: Thread Group 1-77
2020-05-02 18:26:09,118 INFO o.a.j.t.JMeterThread: Thread started: Thread Group 1-78
2020-05-02 18:26:09,360 INFO o.a.j.t.JMeterThread: Thread started: Thread Group 1-79
2020-05-02 18:26:09,616 INFO o.a.j.t.JMeterThread: Thread started: Thread Group 1-80
2020-05-02 18:26:30,006 INFO o.a.j.r.Summariser: summary +   4731 in 00:00:30 =  157.8/s Avg:   446 Min:    19 Max:  3207 Err:     0 (0.00%) Active: 80 Started: 80 Finished: 0
2020-05-02 18:26:30,007 INFO o.a.j.r.Summariser: summary =   5990 in 00:00:40 =  148.8/s Avg:   385 Min:    19 Max:  3207 Err:     0 (0.00%)
2020-05-02 18:27:00,006 INFO o.a.j.r.Summariser: summary +   5045 in 00:00:30 =  168.2/s Avg:   481 Min:    18 Max:  3491 Err:     0 (0.00%) Active: 80 Started: 80 Finished: 0
2020-05-02 18:27:00,007 INFO o.a.j.r.Summariser: summary =  11035 in 00:01:10 =  157.1/s Avg:   429 Min:    18 Max:  3491 Err:     0 (0.00%)
2020-05-02 18:27:30,062 INFO o.a.j.r.Summariser: summary +   4615 in 00:00:30 =  153.5/s Avg:   520 Min:    18 Max:  5765 Err:     0 (0.00%) Active: 80 Started: 80 Finished: 0
2020-05-02 18:27:30,063 INFO o.a.j.r.Summariser: summary =  15650 in 00:01:40 =  156.0/s Avg:   456 Min:    18 Max:  5765 Err:     0 (0.00%)
2020-05-02 18:28:00,062 INFO o.a.j.r.Summariser: summary +   5079 in 00:00:30 =  169.3/s Avg:   474 Min:    19 Max:  3951 Err:     0 (0.00%) Active: 80 Started: 80 Finished: 0
2020-05-02 18:28:00,063 INFO o.a.j.r.Summariser: summary =  20729 in 00:02:10 =  159.1/s Avg:   460 Min:    18 Max:  5765 Err:     0 (0.00%)
2020-05-02 18:28:30,001 INFO o.a.j.r.Summariser: summary +   4860 in 00:00:30 =  162.3/s Avg:   502 Min:    19 Max:  4063 Err:     0 (0.00%) Active: 80 Started: 80 Finished: 0
2020-05-02 18:28:30,002 INFO o.a.j.r.Summariser: summary =  25589 in 00:02:40 =  159.7/s Avg:   468 Min:    18 Max:  5765 Err:     0 (0.00%)
2020-05-02 18:29:00,009 INFO o.a.j.r.Summariser: summary +   4750 in 00:00:30 =  158.3/s Avg:   498 Min:    18 Max:  3456 Err:     0 (0.00%) Active: 80 Started: 80 Finished: 0
2020-05-02 18:29:00,009 INFO o.a.j.r.Summariser: summary =  30339 in 00:03:10 =  159.5/s Avg:   473 Min:    18 Max:  5765 Err:     0 (0.00%)
2020-05-02 18:29:30,026 INFO o.a.j.r.Summariser: summary +   4579 in 00:00:30 =  152.5/s Avg:   516 Min:    19 Max:  3524 Err:     0 (0.00%) Active: 80 Started: 80 Finished: 0
2020-05-02 18:29:30,027 INFO o.a.j.r.Summariser: summary =  34918 in 00:03:40 =  158.5/s Avg:   478 Min:    18 Max:  5765 Err:     0 (0.00%)
2020-05-02 18:30:00,033 INFO o.a.j.r.Summariser: summary +   4971 in 00:00:30 =  165.7/s Avg:   485 Min:    20 Max:  3193 Err:     0 (0.00%) Active: 80 Started: 80 Finished: 0
2020-05-02 18:30:00,034 INFO o.a.j.r.Summariser: summary =  39889 in 00:04:10 =  159.4/s Avg:   479 Min:    18 Max:  5765 Err:     0 (0.00%)
2020-05-02 18:30:30,004 INFO o.a.j.r.Summariser: summary +   4780 in 00:00:30 =  159.5/s Avg:   508 Min:    20 Max:  3302 Err:     0 (0.00%) Active: 80 Started: 80 Finished: 0
2020-05-02 18:30:30,005 INFO o.a.j.r.Summariser: summary =  44669 in 00:04:40 =  159.4/s Avg:   482 Min:    18 Max:  5765 Err:     0 (0.00%)
2020-05-02 18:31:00,040 INFO o.a.j.r.Summariser: summary +   4855 in 00:00:30 =  161.6/s Avg:   478 Min:    18 Max:  3485 Err:     0 (0.00%) Active: 80 Started: 80 Finished: 0
2020-05-02 18:31:00,041 INFO o.a.j.r.Summariser: summary =  49524 in 00:05:10 =  159.6/s Avg:   482 Min:    18 Max:  5765 Err:     0 (0.00%)
2020-05-02 18:31:30,001 INFO o.a.j.r.Summariser: summary +   4979 in 00:00:30 =  166.2/s Avg:   489 Min:    19 Max:  3492 Err:     0 (0.00%) Active: 80 Started: 80 Finished: 0
2020-05-02 18:31:30,002 INFO o.a.j.r.Summariser: summary =  54503 in 00:05:40 =  160.2/s Avg:   483 Min:    18 Max:  5765 Err:     0 (0.00%)
2020-05-02 18:32:00,296 INFO o.a.j.r.Summariser: summary +   4723 in 00:00:30 =  155.9/s Avg:   498 Min:    18 Max:  3732 Err:     0 (0.00%) Active: 80 Started: 80 Finished: 0
2020-05-02 18:32:00,297 INFO o.a.j.r.Summariser: summary =  59226 in 00:06:11 =  159.8/s Avg:   484 Min:    18 Max:  5765 Err:     0 (0.00%)
2020-05-02 18:32:30,029 INFO o.a.j.r.Summariser: summary +   4292 in 00:00:30 =  144.4/s Avg:   566 Min:    20 Max:  4125 Err:     0 (0.00%) Active: 80 Started: 80 Finished: 0
2020-05-02 18:32:30,030 INFO o.a.j.r.Summariser: summary =  63518 in 00:06:40 =  158.7/s Avg:   489 Min:    18 Max:  5765 Err:     0 (0.00%)
2020-05-02 18:33:00,043 INFO o.a.j.r.Summariser: summary +   4487 in 00:00:30 =  149.5/s Avg:   540 Min:    20 Max:  5214 Err:     0 (0.00%) Active: 80 Started: 80 Finished: 0
2020-05-02 18:33:00,044 INFO o.a.j.r.Summariser: summary =  68005 in 00:07:10 =  158.0/s Avg:   493 Min:    18 Max:  5765 Err:     0 (0.00%)
2020-05-02 18:33:30,005 INFO o.a.j.r.Summariser: summary +   4570 in 00:00:30 =  152.5/s Avg:   518 Min:    18 Max:  4088 Err:     0 (0.00%) Active: 80 Started: 80 Finished: 0
2020-05-02 18:33:30,006 INFO o.a.j.r.Summariser: summary =  72575 in 00:07:40 =  157.7/s Avg:   494 Min:    18 Max:  5765 Err:     0 (0.00%)
2020-05-02 18:34:00,001 INFO o.a.j.r.Summariser: summary +   4953 in 00:00:30 =  165.1/s Avg:   487 Min:    18 Max:  3569 Err:     0 (0.00%) Active: 80 Started: 80 Finished: 0
2020-05-02 18:34:00,001 INFO o.a.j.r.Summariser: summary =  77528 in 00:08:10 =  158.1/s Avg:   494 Min:    18 Max:  5765 Err:     0 (0.00%)
2020-05-02 18:34:30,016 INFO o.a.j.r.Summariser: summary +   4857 in 00:00:30 =  161.8/s Avg:   489 Min:    18 Max:  3239 Err:     0 (0.00%) Active: 80 Started: 80 Finished: 0
2020-05-02 18:34:30,017 INFO o.a.j.r.Summariser: summary =  82385 in 00:08:40 =  158.4/s Avg:   493 Min:    18 Max:  5765 Err:     0 (0.00%)
2020-05-02 18:35:00,007 INFO o.a.j.r.Summariser: summary +   4969 in 00:00:30 =  165.7/s Avg:   485 Min:    18 Max:  3522 Err:     0 (0.00%) Active: 80 Started: 80 Finished: 0
2020-05-02 18:35:00,008 INFO o.a.j.r.Summariser: summary =  87354 in 00:09:10 =  158.8/s Avg:   493 Min:    18 Max:  5765 Err:     0 (0.00%)
2020-05-02 18:35:30,018 INFO o.a.j.r.Summariser: summary +   4690 in 00:00:30 =  156.3/s Avg:   509 Min:    19 Max:  3681 Err:     0 (0.00%) Active: 80 Started: 80 Finished: 0
2020-05-02 18:35:30,018 INFO o.a.j.r.Summariser: summary =  92044 in 00:09:40 =  158.6/s Avg:   494 Min:    18 Max:  5765 Err:     0 (0.00%)
2020-05-02 18:36:00,037 INFO o.a.j.r.Summariser: summary +   4771 in 00:00:30 =  158.9/s Avg:   504 Min:    20 Max:  3067 Err:     0 (0.00%) Active: 80 Started: 80 Finished: 0
2020-05-02 18:36:00,039 INFO o.a.j.r.Summariser: summary =  96815 in 00:10:10 =  158.6/s Avg:   494 Min:    18 Max:  5765 Err:     0 (0.00%)
2020-05-02 18:36:09,974 INFO o.a.j.t.JMeterThread: Stopping because end time detected by thread: Thread Group 1-10
2020-05-02 18:36:09,974 INFO o.a.j.t.JMeterThread: Thread finished: Thread Group 1-10
2020-05-02 18:36:10,009 INFO o.a.j.t.JMeterThread: Stopping because end time detected by thread: Thread Group 1-23
2020-05-02 18:36:10,009 INFO o.a.j.t.JMeterThread: Thread finished: Thread Group 1-23
2020-05-02 18:36:10,052 INFO o.a.j.t.JMeterThread: Stopping because end time detected by thread: Thread Group 1-33
2020-05-02 18:36:10,052 INFO o.a.j.t.JMeterThread: Thread finished: Thread Group 1-33
2020-05-02 18:36:10,070 INFO o.a.j.t.JMeterThread: Stopping because end time detected by thread: Thread Group 1-21
2020-05-02 18:36:10,070 INFO o.a.j.t.JMeterThread: Thread finished: Thread Group 1-21
2020-05-02 18:36:10,075 INFO o.a.j.t.JMeterThread: Stopping because end time detected by thread: Thread Group 1-14
2020-05-02 18:36:10,076 INFO o.a.j.t.JMeterThread: Thread finished: Thread Group 1-14
2020-05-02 18:36:10,076 INFO o.a.j.t.JMeterThread: Stopping because end time detected by thread: Thread Group 1-25
2020-05-02 18:36:10,076 INFO o.a.j.t.JMeterThread: Thread finished: Thread Group 1-25
2020-05-02 18:36:10,080 INFO o.a.j.t.JMeterThread: Stopping because end time detected by thread: Thread Group 1-52
2020-05-02 18:36:10,080 INFO o.a.j.t.JMeterThread: Thread finished: Thread Group 1-52
2020-05-02 18:36:10,086 INFO o.a.j.t.JMeterThread: Stopping because end time detected by thread: Thread Group 1-11
2020-05-02 18:36:10,087 INFO o.a.j.t.JMeterThread: Thread finished: Thread Group 1-11
2020-05-02 18:36:10,088 INFO o.a.j.t.JMeterThread: Stopping because end time detected by thread: Thread Group 1-24
2020-05-02 18:36:10,088 INFO o.a.j.t.JMeterThread: Thread finished: Thread Group 1-24
2020-05-02 18:36:10,088 INFO o.a.j.t.JMeterThread: Stopping because end time detected by thread: Thread Group 1-17
2020-05-02 18:36:10,089 INFO o.a.j.t.JMeterThread: Thread finished: Thread Group 1-17
2020-05-02 18:36:10,105 INFO o.a.j.t.JMeterThread: Stopping because end time detected by thread: Thread Group 1-26
2020-05-02 18:36:10,105 INFO o.a.j.t.JMeterThread: Thread finished: Thread Group 1-26
2020-05-02 18:36:10,108 INFO o.a.j.t.JMeterThread: Stopping because end time detected by thread: Thread Group 1-54
2020-05-02 18:36:10,109 INFO o.a.j.t.JMeterThread: Thread finished: Thread Group 1-54
2020-05-02 18:36:10,117 INFO o.a.j.t.JMeterThread: Stopping because end time detected by thread: Thread Group 1-35
2020-05-02 18:36:10,117 INFO o.a.j.t.JMeterThread: Thread finished: Thread Group 1-35
2020-05-02 18:36:10,129 INFO o.a.j.t.JMeterThread: Stopping because end time detected by thread: Thread Group 1-48
2020-05-02 18:36:10,130 INFO o.a.j.t.JMeterThread: Thread finished: Thread Group 1-48
2020-05-02 18:36:10,157 INFO o.a.j.t.JMeterThread: Stopping because end time detected by thread: Thread Group 1-45
2020-05-02 18:36:10,158 INFO o.a.j.t.JMeterThread: Thread finished: Thread Group 1-45
2020-05-02 18:36:10,198 INFO o.a.j.t.JMeterThread: Stopping because end time detected by thread: Thread Group 1-29
2020-05-02 18:36:10,199 INFO o.a.j.t.JMeterThread: Thread finished: Thread Group 1-29
2020-05-02 18:36:10,201 INFO o.a.j.t.JMeterThread: Stopping because end time detected by thread: Thread Group 1-47
2020-05-02 18:36:10,202 INFO o.a.j.t.JMeterThread: Thread finished: Thread Group 1-47
2020-05-02 18:36:10,222 INFO o.a.j.t.JMeterThread: Stopping because end time detected by thread: Thread Group 1-28
2020-05-02 18:36:10,222 INFO o.a.j.t.JMeterThread: Thread finished: Thread Group 1-28
2020-05-02 18:36:10,302 INFO o.a.j.t.JMeterThread: Stopping because end time detected by thread: Thread Group 1-65
2020-05-02 18:36:10,302 INFO o.a.j.t.JMeterThread: Thread finished: Thread Group 1-65
2020-05-02 18:36:10,302 INFO o.a.j.t.JMeterThread: Stopping because end time detected by thread: Thread Group 1-71
2020-05-02 18:36:10,303 INFO o.a.j.t.JMeterThread: Thread finished: Thread Group 1-71
2020-05-02 18:36:10,430 INFO o.a.j.t.JMeterThread: Stopping because end time detected by thread: Thread Group 1-9
2020-05-02 18:36:10,430 INFO o.a.j.t.JMeterThread: Thread finished: Thread Group 1-9
2020-05-02 18:36:10,485 INFO o.a.j.t.JMeterThread: Stopping because end time detected by thread: Thread Group 1-12
2020-05-02 18:36:10,485 INFO o.a.j.t.JMeterThread: Thread finished: Thread Group 1-12
2020-05-02 18:36:10,492 INFO o.a.j.t.JMeterThread: Stopping because end time detected by thread: Thread Group 1-76
2020-05-02 18:36:10,492 INFO o.a.j.t.JMeterThread: Thread finished: Thread Group 1-76
2020-05-02 18:36:10,581 INFO o.a.j.t.JMeterThread: Stopping because end time detected by thread: Thread Group 1-42
2020-05-02 18:36:10,582 INFO o.a.j.t.JMeterThread: Thread finished: Thread Group 1-42
2020-05-02 18:36:10,686 INFO o.a.j.t.JMeterThread: Stopping because end time detected by thread: Thread Group 1-38
2020-05-02 18:36:10,687 INFO o.a.j.t.JMeterThread: Thread finished: Thread Group 1-38
2020-05-02 18:36:10,706 INFO o.a.j.t.JMeterThread: Stopping because end time detected by thread: Thread Group 1-70
2020-05-02 18:36:10,707 INFO o.a.j.t.JMeterThread: Thread finished: Thread Group 1-70
2020-05-02 18:36:10,731 INFO o.a.j.t.JMeterThread: Stopping because end time detected by thread: Thread Group 1-22
2020-05-02 18:36:10,732 INFO o.a.j.t.JMeterThread: Thread finished: Thread Group 1-22
2020-05-02 18:36:10,756 INFO o.a.j.t.JMeterThread: Stopping because end time detected by thread: Thread Group 1-8
2020-05-02 18:36:10,756 INFO o.a.j.t.JMeterThread: Thread finished: Thread Group 1-8
2020-05-02 18:36:10,767 INFO o.a.j.t.JMeterThread: Stopping because end time detected by thread: Thread Group 1-77
2020-05-02 18:36:10,767 INFO o.a.j.t.JMeterThread: Thread finished: Thread Group 1-77
2020-05-02 18:36:10,770 INFO o.a.j.t.JMeterThread: Stopping because end time detected by thread: Thread Group 1-59
2020-05-02 18:36:10,771 INFO o.a.j.t.JMeterThread: Thread finished: Thread Group 1-59
2020-05-02 18:36:10,785 INFO o.a.j.t.JMeterThread: Stopping because end time detected by thread: Thread Group 1-50
2020-05-02 18:36:10,785 INFO o.a.j.t.JMeterThread: Thread finished: Thread Group 1-50
2020-05-02 18:36:10,797 INFO o.a.j.t.JMeterThread: Stopping because end time detected by thread: Thread Group 1-3
2020-05-02 18:36:10,797 INFO o.a.j.t.JMeterThread: Thread finished: Thread Group 1-3
2020-05-02 18:36:10,820 INFO o.a.j.t.JMeterThread: Stopping because end time detected by thread: Thread Group 1-73
2020-05-02 18:36:10,820 INFO o.a.j.t.JMeterThread: Thread finished: Thread Group 1-73
2020-05-02 18:36:10,822 INFO o.a.j.t.JMeterThread: Stopping because end time detected by thread: Thread Group 1-49
2020-05-02 18:36:10,823 INFO o.a.j.t.JMeterThread: Thread finished: Thread Group 1-49
2020-05-02 18:36:10,843 INFO o.a.j.t.JMeterThread: Stopping because end time detected by thread: Thread Group 1-72
2020-05-02 18:36:10,844 INFO o.a.j.t.JMeterThread: Thread finished: Thread Group 1-72
2020-05-02 18:36:10,878 INFO o.a.j.t.JMeterThread: Stopping because end time detected by thread: Thread Group 1-20
2020-05-02 18:36:10,879 INFO o.a.j.t.JMeterThread: Thread finished: Thread Group 1-20
2020-05-02 18:36:10,885 INFO o.a.j.t.JMeterThread: Stopping because end time detected by thread: Thread Group 1-39
2020-05-02 18:36:10,885 INFO o.a.j.t.JMeterThread: Thread finished: Thread Group 1-39
2020-05-02 18:36:10,891 INFO o.a.j.t.JMeterThread: Stopping because end time detected by thread: Thread Group 1-30
2020-05-02 18:36:10,892 INFO o.a.j.t.JMeterThread: Thread finished: Thread Group 1-30
2020-05-02 18:36:10,990 INFO o.a.j.t.JMeterThread: Stopping because end time detected by thread: Thread Group 1-64
2020-05-02 18:36:10,991 INFO o.a.j.t.JMeterThread: Stopping because end time detected by thread: Thread Group 1-69
2020-05-02 18:36:10,992 INFO o.a.j.t.JMeterThread: Thread finished: Thread Group 1-64
2020-05-02 18:36:10,992 INFO o.a.j.t.JMeterThread: Thread finished: Thread Group 1-69
2020-05-02 18:36:10,996 INFO o.a.j.t.JMeterThread: Stopping because end time detected by thread: Thread Group 1-27
2020-05-02 18:36:10,997 INFO o.a.j.t.JMeterThread: Thread finished: Thread Group 1-27
2020-05-02 18:36:11,004 INFO o.a.j.t.JMeterThread: Stopping because end time detected by thread: Thread Group 1-37
2020-05-02 18:36:11,004 INFO o.a.j.t.JMeterThread: Thread finished: Thread Group 1-37
2020-05-02 18:36:11,005 INFO o.a.j.t.JMeterThread: Stopping because end time detected by thread: Thread Group 1-40
2020-05-02 18:36:11,007 INFO o.a.j.t.JMeterThread: Stopping because end time detected by thread: Thread Group 1-56
2020-05-02 18:36:11,007 INFO o.a.j.t.JMeterThread: Thread finished: Thread Group 1-40
2020-05-02 18:36:11,007 INFO o.a.j.t.JMeterThread: Thread finished: Thread Group 1-56
2020-05-02 18:36:11,009 INFO o.a.j.t.JMeterThread: Stopping because end time detected by thread: Thread Group 1-41
2020-05-02 18:36:11,009 INFO o.a.j.t.JMeterThread: Thread finished: Thread Group 1-41
2020-05-02 18:36:11,008 INFO o.a.j.t.JMeterThread: Stopping because end time detected by thread: Thread Group 1-66
2020-05-02 18:36:11,013 INFO o.a.j.t.JMeterThread: Thread finished: Thread Group 1-66
2020-05-02 18:36:11,014 INFO o.a.j.t.JMeterThread: Stopping because end time detected by thread: Thread Group 1-55
2020-05-02 18:36:11,014 INFO o.a.j.t.JMeterThread: Thread finished: Thread Group 1-55
2020-05-02 18:36:11,015 INFO o.a.j.t.JMeterThread: Stopping because end time detected by thread: Thread Group 1-19
2020-05-02 18:36:11,015 INFO o.a.j.t.JMeterThread: Stopping because end time detected by thread: Thread Group 1-68
2020-05-02 18:36:11,015 INFO o.a.j.t.JMeterThread: Thread finished: Thread Group 1-19
2020-05-02 18:36:11,015 INFO o.a.j.t.JMeterThread: Thread finished: Thread Group 1-68
2020-05-02 18:36:11,016 INFO o.a.j.t.JMeterThread: Stopping because end time detected by thread: Thread Group 1-2
2020-05-02 18:36:11,016 INFO o.a.j.t.JMeterThread: Thread finished: Thread Group 1-2
2020-05-02 18:36:11,019 INFO o.a.j.t.JMeterThread: Stopping because end time detected by thread: Thread Group 1-36
2020-05-02 18:36:11,019 INFO o.a.j.t.JMeterThread: Thread finished: Thread Group 1-36
2020-05-02 18:36:11,043 INFO o.a.j.t.JMeterThread: Stopping because end time detected by thread: Thread Group 1-4
2020-05-02 18:36:11,043 INFO o.a.j.t.JMeterThread: Thread finished: Thread Group 1-4
2020-05-02 18:36:11,047 INFO o.a.j.t.JMeterThread: Stopping because end time detected by thread: Thread Group 1-18
2020-05-02 18:36:11,048 INFO o.a.j.t.JMeterThread: Thread finished: Thread Group 1-18
2020-05-02 18:36:11,048 INFO o.a.j.t.JMeterThread: Stopping because end time detected by thread: Thread Group 1-57
2020-05-02 18:36:11,048 INFO o.a.j.t.JMeterThread: Thread finished: Thread Group 1-57
2020-05-02 18:36:11,050 INFO o.a.j.t.JMeterThread: Stopping because end time detected by thread: Thread Group 1-13
2020-05-02 18:36:11,050 INFO o.a.j.t.JMeterThread: Thread finished: Thread Group 1-13
2020-05-02 18:36:11,052 INFO o.a.j.t.JMeterThread: Stopping because end time detected by thread: Thread Group 1-6
2020-05-02 18:36:11,053 INFO o.a.j.t.JMeterThread: Thread finished: Thread Group 1-6
2020-05-02 18:36:11,054 INFO o.a.j.t.JMeterThread: Stopping because end time detected by thread: Thread Group 1-60
2020-05-02 18:36:11,054 INFO o.a.j.t.JMeterThread: Thread finished: Thread Group 1-60
2020-05-02 18:36:11,055 INFO o.a.j.t.JMeterThread: Stopping because end time detected by thread: Thread Group 1-43
2020-05-02 18:36:11,055 INFO o.a.j.t.JMeterThread: Thread finished: Thread Group 1-43
2020-05-02 18:36:11,058 INFO o.a.j.t.JMeterThread: Stopping because end time detected by thread: Thread Group 1-51
2020-05-02 18:36:11,059 INFO o.a.j.t.JMeterThread: Thread finished: Thread Group 1-51
2020-05-02 18:36:11,064 INFO o.a.j.t.JMeterThread: Stopping because end time detected by thread: Thread Group 1-32
2020-05-02 18:36:11,087 INFO o.a.j.t.JMeterThread: Thread finished: Thread Group 1-32
2020-05-02 18:36:11,087 INFO o.a.j.t.JMeterThread: Stopping because end time detected by thread: Thread Group 1-80
2020-05-02 18:36:11,087 INFO o.a.j.t.JMeterThread: Stopping because end time detected by thread: Thread Group 1-79
2020-05-02 18:36:11,086 INFO o.a.j.t.JMeterThread: Stopping because end time detected by thread: Thread Group 1-31
2020-05-02 18:36:11,089 INFO o.a.j.t.JMeterThread: Thread finished: Thread Group 1-31
2020-05-02 18:36:11,089 INFO o.a.j.t.JMeterThread: Stopping because end time detected by thread: Thread Group 1-53
2020-05-02 18:36:11,089 INFO o.a.j.t.JMeterThread: Thread finished: Thread Group 1-53
2020-05-02 18:36:11,084 INFO o.a.j.t.JMeterThread: Stopping because end time detected by thread: Thread Group 1-58
2020-05-02 18:36:11,083 INFO o.a.j.t.JMeterThread: Stopping because end time detected by thread: Thread Group 1-46
2020-05-02 18:36:11,090 INFO o.a.j.t.JMeterThread: Thread finished: Thread Group 1-58
2020-05-02 18:36:11,083 INFO o.a.j.t.JMeterThread: Stopping because end time detected by thread: Thread Group 1-7
2020-05-02 18:36:11,079 INFO o.a.j.t.JMeterThread: Stopping because end time detected by thread: Thread Group 1-62
2020-05-02 18:36:11,090 INFO o.a.j.t.JMeterThread: Thread finished: Thread Group 1-46
2020-05-02 18:36:11,078 INFO o.a.j.t.JMeterThread: Stopping because end time detected by thread: Thread Group 1-67
2020-05-02 18:36:11,090 INFO o.a.j.t.JMeterThread: Thread finished: Thread Group 1-67
2020-05-02 18:36:11,076 INFO o.a.j.t.JMeterThread: Stopping because end time detected by thread: Thread Group 1-1
2020-05-02 18:36:11,074 INFO o.a.j.t.JMeterThread: Stopping because end time detected by thread: Thread Group 1-61
2020-05-02 18:36:11,091 INFO o.a.j.t.JMeterThread: Thread finished: Thread Group 1-61
2020-05-02 18:36:11,091 INFO o.a.j.t.JMeterThread: Thread finished: Thread Group 1-1
2020-05-02 18:36:11,073 INFO o.a.j.t.JMeterThread: Stopping because end time detected by thread: Thread Group 1-5
2020-05-02 18:36:11,092 INFO o.a.j.t.JMeterThread: Thread finished: Thread Group 1-5
2020-05-02 18:36:11,072 INFO o.a.j.t.JMeterThread: Stopping because end time detected by thread: Thread Group 1-15
2020-05-02 18:36:11,071 INFO o.a.j.t.JMeterThread: Stopping because end time detected by thread: Thread Group 1-44
2020-05-02 18:36:11,071 INFO o.a.j.t.JMeterThread: Stopping because end time detected by thread: Thread Group 1-75
2020-05-02 18:36:11,071 INFO o.a.j.t.JMeterThread: Stopping because end time detected by thread: Thread Group 1-63
2020-05-02 18:36:11,095 INFO o.a.j.t.JMeterThread: Thread finished: Thread Group 1-75
2020-05-02 18:36:11,095 INFO o.a.j.t.JMeterThread: Thread finished: Thread Group 1-63
2020-05-02 18:36:11,070 INFO o.a.j.t.JMeterThread: Stopping because end time detected by thread: Thread Group 1-34
2020-05-02 18:36:11,019 INFO o.a.j.t.JMeterThread: Stopping because end time detected by thread: Thread Group 1-16
2020-05-02 18:36:11,067 INFO o.a.j.t.JMeterThread: Stopping because end time detected by thread: Thread Group 1-78
2020-05-02 18:36:11,095 INFO o.a.j.t.JMeterThread: Thread finished: Thread Group 1-34
2020-05-02 18:36:11,096 INFO o.a.j.t.JMeterThread: Thread finished: Thread Group 1-44
2020-05-02 18:36:11,096 INFO o.a.j.t.JMeterThread: Thread finished: Thread Group 1-78
2020-05-02 18:36:11,066 INFO o.a.j.t.JMeterThread: Stopping because end time detected by thread: Thread Group 1-74
2020-05-02 18:36:11,095 INFO o.a.j.t.JMeterThread: Thread finished: Thread Group 1-15
2020-05-02 18:36:11,096 INFO o.a.j.t.JMeterThread: Thread finished: Thread Group 1-16
2020-05-02 18:36:11,089 INFO o.a.j.t.JMeterThread: Thread finished: Thread Group 1-79
2020-05-02 18:36:11,089 INFO o.a.j.t.JMeterThread: Thread finished: Thread Group 1-80
2020-05-02 18:36:11,097 INFO o.a.j.t.JMeterThread: Thread finished: Thread Group 1-7
2020-05-02 18:36:11,097 INFO o.a.j.t.JMeterThread: Thread finished: Thread Group 1-62
2020-05-02 18:36:11,097 INFO o.a.j.t.JMeterThread: Thread finished: Thread Group 1-74
2020-05-02 18:36:11,098 INFO o.a.j.e.StandardJMeterEngine: Notifying test listeners of end of test
2020-05-02 18:36:11,099 INFO o.a.j.r.Summariser: summary +   1772 in 00:00:11 =  160.2/s Avg:   519 Min:    20 Max:  3565 Err:     0 (0.00%) Active: 0 Started: 80 Finished: 80
2020-05-02 18:36:11,100 INFO o.a.j.r.Summariser: summary =  98587 in 00:10:21 =  158.7/s Avg:   495 Min:    18 Max:  5765 Err:     0 (0.00%)
