2020-05-02 18:15:27,500 INFO o.a.j.u.JMeterUtils: Setting Locale to en_US
2020-05-02 18:15:27,543 INFO o.a.j.JMeter: Loading user properties from: /home/pablo/jmeter/bin/user.properties
2020-05-02 18:15:27,545 INFO o.a.j.JMeter: Loading system properties from: /home/pablo/jmeter/bin/system.properties
2020-05-02 18:15:27,545 INFO o.a.j.JMeter: Setting System property: HILOS=40
2020-05-02 18:15:27,546 INFO o.a.j.JMeter: Setting System property: SUBIDA=15
2020-05-02 18:15:27,546 INFO o.a.j.JMeter: Setting System property: DURACION=615
2020-05-02 18:15:27,546 INFO o.a.j.JMeter: Setting System property: FILE=scriptresultsPerfmon40.jtl
2020-05-02 18:15:27,549 INFO o.a.j.JMeter: Copyright (c) 1998-2019 The Apache Software Foundation
2020-05-02 18:15:27,550 INFO o.a.j.JMeter: Version 5.2.1
2020-05-02 18:15:27,550 INFO o.a.j.JMeter: java.version=1.8.0_201
2020-05-02 18:15:27,550 INFO o.a.j.JMeter: java.vm.name=Java HotSpot(TM) 64-Bit Server VM
2020-05-02 18:15:27,550 INFO o.a.j.JMeter: os.name=Linux
2020-05-02 18:15:27,551 INFO o.a.j.JMeter: os.arch=amd64
2020-05-02 18:15:27,551 INFO o.a.j.JMeter: os.version=4.15.0-99-generic
2020-05-02 18:15:27,551 INFO o.a.j.JMeter: file.encoding=UTF-8
2020-05-02 18:15:27,551 INFO o.a.j.JMeter: java.awt.headless=true
2020-05-02 18:15:27,552 INFO o.a.j.JMeter: Max memory     =732954624
2020-05-02 18:15:27,552 INFO o.a.j.JMeter: Available Processors =4
2020-05-02 18:15:27,563 INFO o.a.j.JMeter: Default Locale=English (United States)
2020-05-02 18:15:27,564 INFO o.a.j.JMeter: JMeter  Locale=English (United States)
2020-05-02 18:15:27,564 INFO o.a.j.JMeter: JMeterHome=/home/pablo/jmeter
2020-05-02 18:15:27,564 INFO o.a.j.JMeter: user.dir  =/home/pablo/jmeter/bin/EJECUCIONES/P3_V2
2020-05-02 18:15:27,565 INFO o.a.j.JMeter: PWD       =/home/pablo/jmeter/bin/EJECUCIONES/P3_V2
2020-05-02 18:15:27,565 INFO o.a.j.JMeter: IP: 127.0.1.1 Name: hylianpablo FullName: hylianpablo
2020-05-02 18:15:27,576 INFO o.a.j.s.FileServer: Default base='/home/pablo/jmeter/bin/EJECUCIONES/P3_V2'
2020-05-02 18:15:27,595 INFO o.a.j.s.FileServer: Set new base='/home/pablo/jmeter/bin/EJECUCIONES/P3_V2/..'
2020-05-02 18:15:27,946 INFO o.a.j.s.SaveService: Testplan (JMX) version: 2.2. Testlog (JTL) version: 2.2
2020-05-02 18:15:27,971 INFO o.a.j.s.SaveService: Using SaveService properties file encoding UTF-8
2020-05-02 18:15:27,987 INFO o.a.j.s.SaveService: Using SaveService properties version 5.0
2020-05-02 18:15:28,008 INFO o.a.j.s.SaveService: Loading file: ../RecordP3_V2.jmx
2020-05-02 18:15:28,096 INFO o.a.j.p.h.c.CookieManager: Settings: Delete null: true Check: true Allow variable: true Save: false Prefix: COOKIE_
2020-05-02 18:15:28,157 INFO o.a.j.p.h.s.HTTPSamplerBase: Parser for text/html is org.apache.jmeter.protocol.http.parser.LagartoBasedHtmlParser
2020-05-02 18:15:28,158 INFO o.a.j.p.h.s.HTTPSamplerBase: Parser for application/xhtml+xml is org.apache.jmeter.protocol.http.parser.LagartoBasedHtmlParser
2020-05-02 18:15:28,158 INFO o.a.j.p.h.s.HTTPSamplerBase: Parser for application/xml is org.apache.jmeter.protocol.http.parser.LagartoBasedHtmlParser
2020-05-02 18:15:28,158 INFO o.a.j.p.h.s.HTTPSamplerBase: Parser for text/xml is org.apache.jmeter.protocol.http.parser.LagartoBasedHtmlParser
2020-05-02 18:15:28,158 INFO o.a.j.p.h.s.HTTPSamplerBase: Parser for text/vnd.wap.wml is org.apache.jmeter.protocol.http.parser.RegexpHTMLParser
2020-05-02 18:15:28,159 INFO o.a.j.p.h.s.HTTPSamplerBase: Parser for text/css is org.apache.jmeter.protocol.http.parser.CssParser
2020-05-02 18:15:28,575 INFO o.a.j.e.KeyToolUtils: keytool found at 'keytool'
2020-05-02 18:15:28,577 INFO o.a.j.p.h.p.ProxyControl: HTTP(S) Test Script Recorder SSL Proxy will use keys that support embedded 3rd party resources in file /home/pablo/jmeter/bin/proxyserver.jks
2020-05-02 18:15:28,677 INFO o.a.j.JMeter: Creating summariser <summary>
2020-05-02 18:15:28,694 INFO o.a.j.e.StandardJMeterEngine: Running the test!
2020-05-02 18:15:28,697 INFO o.a.j.s.SampleEvent: List of sample_variables: []
2020-05-02 18:15:28,697 INFO o.a.j.s.SampleEvent: List of sample_variables: []
2020-05-02 18:15:28,711 INFO o.a.j.e.u.CompoundVariable: Note: Function class names must contain the string: '.functions.'
2020-05-02 18:15:28,712 INFO o.a.j.e.u.CompoundVariable: Note: Function class names must not contain the string: '.gui.'
2020-05-02 18:15:29,768 INFO o.a.j.JMeter: Running test (1588436129768)
2020-05-02 18:15:29,859 INFO o.a.j.e.StandardJMeterEngine: Starting ThreadGroup: 1 : Thread Group
2020-05-02 18:15:29,867 INFO o.a.j.e.StandardJMeterEngine: Starting 40 threads for group Thread Group.
2020-05-02 18:15:29,867 INFO o.a.j.e.StandardJMeterEngine: Thread will continue on error
2020-05-02 18:15:29,868 INFO o.a.j.t.ThreadGroup: Starting thread group... number=1 threads=40 ramp-up=15 delayedStart=false
2020-05-02 18:15:29,907 INFO o.a.j.s.SampleResult: Note: Sample TimeStamps are START times
2020-05-02 18:15:29,908 INFO o.a.j.s.SampleResult: sampleresult.default.encoding is set to ISO-8859-1
2020-05-02 18:15:29,910 INFO o.a.j.s.SampleResult: sampleresult.useNanoTime=true
2020-05-02 18:15:29,910 INFO o.a.j.s.SampleResult: sampleresult.nanoThreadSleep=5000
2020-05-02 18:15:29,925 INFO o.a.j.t.JMeterThread: Thread started: Thread Group 1-1
2020-05-02 18:15:30,053 INFO o.a.j.p.h.s.HTTPHCAbstractImpl: Local host = hylianpablo
2020-05-02 18:15:30,069 INFO o.a.j.t.ThreadGroup: Started thread group number 1
2020-05-02 18:15:30,069 INFO o.a.j.e.StandardJMeterEngine: All thread groups have been started
2020-05-02 18:15:30,074 INFO o.a.j.p.h.s.HTTPHC4Impl: HTTP request retry count = 0
2020-05-02 18:15:30,278 INFO o.a.j.t.JMeterThread: Thread started: Thread Group 1-2
2020-05-02 18:15:30,365 INFO o.a.j.r.Summariser: summary +      1 in 00:00:01 =    1.7/s Avg:    72 Min:    72 Max:    72 Err:     0 (0.00%) Active: 2 Started: 2 Finished: 0
2020-05-02 18:15:30,644 INFO o.a.j.t.JMeterThread: Thread started: Thread Group 1-3
2020-05-02 18:15:31,008 INFO o.a.j.t.JMeterThread: Thread started: Thread Group 1-4
2020-05-02 18:15:31,380 INFO o.a.j.t.JMeterThread: Thread started: Thread Group 1-5
2020-05-02 18:15:31,751 INFO o.a.j.t.JMeterThread: Thread started: Thread Group 1-6
2020-05-02 18:15:32,126 INFO o.a.j.t.JMeterThread: Thread started: Thread Group 1-7
2020-05-02 18:15:32,500 INFO o.a.j.t.JMeterThread: Thread started: Thread Group 1-8
2020-05-02 18:15:32,883 INFO o.a.j.t.JMeterThread: Thread started: Thread Group 1-9
2020-05-02 18:15:33,265 INFO o.a.j.t.JMeterThread: Thread started: Thread Group 1-10
2020-05-02 18:15:33,627 INFO o.a.j.t.JMeterThread: Thread started: Thread Group 1-11
2020-05-02 18:15:34,008 INFO o.a.j.t.JMeterThread: Thread started: Thread Group 1-12
2020-05-02 18:15:34,380 INFO o.a.j.t.JMeterThread: Thread started: Thread Group 1-13
2020-05-02 18:15:34,759 INFO o.a.j.t.JMeterThread: Thread started: Thread Group 1-14
2020-05-02 18:15:35,128 INFO o.a.j.t.JMeterThread: Thread started: Thread Group 1-15
2020-05-02 18:15:35,500 INFO o.a.j.t.JMeterThread: Thread started: Thread Group 1-16
2020-05-02 18:15:35,877 INFO o.a.j.t.JMeterThread: Thread started: Thread Group 1-17
2020-05-02 18:15:36,253 INFO o.a.j.t.JMeterThread: Thread started: Thread Group 1-18
2020-05-02 18:15:36,631 INFO o.a.j.t.JMeterThread: Thread started: Thread Group 1-19
2020-05-02 18:15:36,998 INFO o.a.j.t.JMeterThread: Thread started: Thread Group 1-20
2020-05-02 18:15:37,373 INFO o.a.j.t.JMeterThread: Thread started: Thread Group 1-21
2020-05-02 18:15:37,748 INFO o.a.j.t.JMeterThread: Thread started: Thread Group 1-22
2020-05-02 18:15:38,128 INFO o.a.j.t.JMeterThread: Thread started: Thread Group 1-23
2020-05-02 18:15:38,499 INFO o.a.j.t.JMeterThread: Thread started: Thread Group 1-24
2020-05-02 18:15:38,881 INFO o.a.j.t.JMeterThread: Thread started: Thread Group 1-25
2020-05-02 18:15:39,251 INFO o.a.j.t.JMeterThread: Thread started: Thread Group 1-26
2020-05-02 18:15:39,767 INFO o.a.j.t.JMeterThread: Thread started: Thread Group 1-27
2020-05-02 18:15:40,006 INFO o.a.j.t.JMeterThread: Thread started: Thread Group 1-28
2020-05-02 18:15:40,374 INFO o.a.j.t.JMeterThread: Thread started: Thread Group 1-29
2020-05-02 18:15:40,746 INFO o.a.j.t.JMeterThread: Thread started: Thread Group 1-30
2020-05-02 18:15:41,121 INFO o.a.j.t.JMeterThread: Thread started: Thread Group 1-31
2020-05-02 18:15:41,498 INFO o.a.j.t.JMeterThread: Thread started: Thread Group 1-32
2020-05-02 18:15:41,883 INFO o.a.j.t.JMeterThread: Thread started: Thread Group 1-33
2020-05-02 18:15:42,255 INFO o.a.j.t.JMeterThread: Thread started: Thread Group 1-34
2020-05-02 18:15:42,623 INFO o.a.j.t.JMeterThread: Thread started: Thread Group 1-35
2020-05-02 18:15:43,004 INFO o.a.j.t.JMeterThread: Thread started: Thread Group 1-36
2020-05-02 18:15:43,376 INFO o.a.j.t.JMeterThread: Thread started: Thread Group 1-37
2020-05-02 18:15:43,753 INFO o.a.j.t.JMeterThread: Thread started: Thread Group 1-38
2020-05-02 18:15:44,123 INFO o.a.j.t.JMeterThread: Thread started: Thread Group 1-39
2020-05-02 18:15:44,498 INFO o.a.j.t.JMeterThread: Thread started: Thread Group 1-40
2020-05-02 18:16:00,124 INFO o.a.j.r.Summariser: summary +   2886 in 00:00:30 =   97.0/s Avg:   301 Min:    19 Max:  2868 Err:     0 (0.00%) Active: 40 Started: 40 Finished: 0
2020-05-02 18:16:00,126 INFO o.a.j.r.Summariser: summary =   2887 in 00:00:30 =   95.1/s Avg:   301 Min:    19 Max:  2868 Err:     0 (0.00%)
2020-05-02 18:16:30,404 INFO o.a.j.r.Summariser: summary +   2556 in 00:00:30 =   84.4/s Avg:   476 Min:    21 Max:  3382 Err:     0 (0.00%) Active: 40 Started: 40 Finished: 0
2020-05-02 18:16:30,405 INFO o.a.j.r.Summariser: summary =   5443 in 00:01:01 =   89.8/s Avg:   383 Min:    19 Max:  3382 Err:     0 (0.00%)
2020-05-02 18:17:00,032 INFO o.a.j.r.Summariser: summary +   3844 in 00:00:30 =  129.7/s Avg:   313 Min:    19 Max:  3178 Err:     0 (0.00%) Active: 40 Started: 40 Finished: 0
2020-05-02 18:17:00,033 INFO o.a.j.r.Summariser: summary =   9287 in 00:01:30 =  102.9/s Avg:   354 Min:    19 Max:  3382 Err:     0 (0.00%)
2020-05-02 18:17:30,008 INFO o.a.j.r.Summariser: summary +   4875 in 00:00:30 =  162.6/s Avg:   244 Min:    17 Max:  1775 Err:     0 (0.00%) Active: 40 Started: 40 Finished: 0
2020-05-02 18:17:30,009 INFO o.a.j.r.Summariser: summary =  14162 in 00:02:00 =  117.8/s Avg:   316 Min:    17 Max:  3382 Err:     0 (0.00%)
2020-05-02 18:18:00,006 INFO o.a.j.r.Summariser: summary +   3137 in 00:00:30 =  104.6/s Avg:   385 Min:    19 Max: 11261 Err:     0 (0.00%) Active: 40 Started: 40 Finished: 0
2020-05-02 18:18:00,007 INFO o.a.j.r.Summariser: summary =  17299 in 00:02:30 =  115.1/s Avg:   329 Min:    17 Max: 11261 Err:     0 (0.00%)
2020-05-02 18:18:30,001 INFO o.a.j.r.Summariser: summary +   5073 in 00:00:30 =  169.1/s Avg:   232 Min:    18 Max:  1552 Err:     0 (0.00%) Active: 40 Started: 40 Finished: 0
2020-05-02 18:18:30,007 INFO o.a.j.r.Summariser: summary =  22372 in 00:03:00 =  124.1/s Avg:   307 Min:    17 Max: 11261 Err:     0 (0.00%)
2020-05-02 18:19:00,012 INFO o.a.j.r.Summariser: summary +   4130 in 00:00:30 =  137.6/s Avg:   273 Min:    18 Max:  2256 Err:     0 (0.00%) Active: 40 Started: 40 Finished: 0
2020-05-02 18:19:00,013 INFO o.a.j.r.Summariser: summary =  26502 in 00:03:30 =  126.1/s Avg:   302 Min:    17 Max: 11261 Err:     0 (0.00%)
2020-05-02 18:19:30,005 INFO o.a.j.r.Summariser: summary +   4651 in 00:00:30 =  155.1/s Avg:   275 Min:    18 Max: 70914 Err:     0 (0.00%) Active: 40 Started: 40 Finished: 0
2020-05-02 18:19:30,006 INFO o.a.j.r.Summariser: summary =  31153 in 00:04:00 =  129.7/s Avg:   298 Min:    17 Max: 70914 Err:     0 (0.00%)
2020-05-02 18:20:00,006 INFO o.a.j.r.Summariser: summary +   2685 in 00:00:30 =   89.5/s Avg:   448 Min:    19 Max:  4804 Err:     0 (0.00%) Active: 40 Started: 40 Finished: 0
2020-05-02 18:20:00,007 INFO o.a.j.r.Summariser: summary =  33838 in 00:04:30 =  125.2/s Avg:   310 Min:    17 Max: 70914 Err:     0 (0.00%)
2020-05-02 18:20:30,010 INFO o.a.j.r.Summariser: summary +   4809 in 00:00:30 =  160.3/s Avg:   246 Min:    17 Max:  1729 Err:     0 (0.00%) Active: 40 Started: 40 Finished: 0
2020-05-02 18:20:30,012 INFO o.a.j.r.Summariser: summary =  38647 in 00:05:00 =  128.7/s Avg:   302 Min:    17 Max: 70914 Err:     0 (0.00%)
2020-05-02 18:21:00,008 INFO o.a.j.r.Summariser: summary +   5093 in 00:00:30 =  169.8/s Avg:   235 Min:    18 Max:  1484 Err:     0 (0.00%) Active: 40 Started: 40 Finished: 0
2020-05-02 18:21:00,009 INFO o.a.j.r.Summariser: summary =  43740 in 00:05:30 =  132.4/s Avg:   294 Min:    17 Max: 70914 Err:     0 (0.00%)
2020-05-02 18:21:30,049 INFO o.a.j.r.Summariser: summary +   3678 in 00:00:30 =  122.4/s Avg:   328 Min:    18 Max:  3037 Err:     0 (0.00%) Active: 40 Started: 40 Finished: 0
2020-05-02 18:21:30,049 INFO o.a.j.r.Summariser: summary =  47418 in 00:06:00 =  131.6/s Avg:   297 Min:    17 Max: 70914 Err:     0 (0.00%)
2020-05-02 18:22:00,021 INFO o.a.j.r.Summariser: summary +   4183 in 00:00:30 =  139.6/s Avg:   281 Min:    20 Max:  2309 Err:     0 (0.00%) Active: 40 Started: 40 Finished: 0
2020-05-02 18:22:00,022 INFO o.a.j.r.Summariser: summary =  51601 in 00:06:30 =  132.2/s Avg:   295 Min:    17 Max: 70914 Err:     0 (0.00%)
2020-05-02 18:22:30,005 INFO o.a.j.r.Summariser: summary +   3938 in 00:00:30 =  131.3/s Avg:   305 Min:    19 Max:  3994 Err:     0 (0.00%) Active: 40 Started: 40 Finished: 0
2020-05-02 18:22:30,007 INFO o.a.j.r.Summariser: summary =  55539 in 00:07:00 =  132.2/s Avg:   296 Min:    17 Max: 70914 Err:     0 (0.00%)
2020-05-02 18:23:00,037 INFO o.a.j.r.Summariser: summary +   4160 in 00:00:30 =  138.5/s Avg:   289 Min:    18 Max:  2017 Err:     0 (0.00%) Active: 40 Started: 40 Finished: 0
2020-05-02 18:23:00,038 INFO o.a.j.r.Summariser: summary =  59699 in 00:07:30 =  132.6/s Avg:   295 Min:    17 Max: 70914 Err:     0 (0.00%)
2020-05-02 18:23:30,001 INFO o.a.j.r.Summariser: summary +   4742 in 00:00:30 =  158.3/s Avg:   248 Min:    18 Max:  2587 Err:     0 (0.00%) Active: 40 Started: 40 Finished: 0
2020-05-02 18:23:30,002 INFO o.a.j.r.Summariser: summary =  64441 in 00:08:00 =  134.2/s Avg:   292 Min:    17 Max: 70914 Err:     0 (0.00%)
2020-05-02 18:24:00,003 INFO o.a.j.r.Summariser: summary +   4205 in 00:00:30 =  140.2/s Avg:   291 Min:    19 Max:  3530 Err:     0 (0.00%) Active: 40 Started: 40 Finished: 0
2020-05-02 18:24:00,004 INFO o.a.j.r.Summariser: summary =  68646 in 00:08:30 =  134.5/s Avg:   292 Min:    17 Max: 70914 Err:     0 (0.00%)
2020-05-02 18:24:30,014 INFO o.a.j.r.Summariser: summary +   4793 in 00:00:30 =  159.7/s Avg:   247 Min:    17 Max:  1560 Err:     0 (0.00%) Active: 40 Started: 40 Finished: 0
2020-05-02 18:24:30,015 INFO o.a.j.r.Summariser: summary =  73439 in 00:09:00 =  135.9/s Avg:   289 Min:    17 Max: 70914 Err:     0 (0.00%)
2020-05-02 18:25:00,019 INFO o.a.j.r.Summariser: summary +   5101 in 00:00:30 =  170.0/s Avg:   232 Min:    18 Max:  1588 Err:     0 (0.00%) Active: 40 Started: 40 Finished: 0
2020-05-02 18:25:00,020 INFO o.a.j.r.Summariser: summary =  78540 in 00:09:30 =  137.7/s Avg:   285 Min:    17 Max: 70914 Err:     0 (0.00%)
2020-05-02 18:25:30,073 INFO o.a.j.r.Summariser: summary +   4792 in 00:00:30 =  159.4/s Avg:   251 Min:    18 Max:  2434 Err:     0 (0.00%) Active: 40 Started: 40 Finished: 0
2020-05-02 18:25:30,074 INFO o.a.j.r.Summariser: summary =  83332 in 00:10:00 =  138.8/s Avg:   283 Min:    17 Max: 70914 Err:     0 (0.00%)
2020-05-02 18:25:45,046 INFO o.a.j.t.JMeterThread: Stopping because end time detected by thread: Thread Group 1-24
2020-05-02 18:25:45,046 INFO o.a.j.t.JMeterThread: Thread finished: Thread Group 1-24
2020-05-02 18:25:45,045 INFO o.a.j.t.JMeterThread: Stopping because end time detected by thread: Thread Group 1-27
2020-05-02 18:25:45,048 INFO o.a.j.t.JMeterThread: Stopping because end time detected by thread: Thread Group 1-33
2020-05-02 18:25:45,048 INFO o.a.j.t.JMeterThread: Thread finished: Thread Group 1-27
2020-05-02 18:25:45,048 INFO o.a.j.t.JMeterThread: Thread finished: Thread Group 1-33
2020-05-02 18:25:45,053 INFO o.a.j.t.JMeterThread: Stopping because end time detected by thread: Thread Group 1-7
2020-05-02 18:25:45,053 INFO o.a.j.t.JMeterThread: Thread finished: Thread Group 1-7
2020-05-02 18:25:45,053 INFO o.a.j.t.JMeterThread: Stopping because end time detected by thread: Thread Group 1-31
2020-05-02 18:25:45,053 INFO o.a.j.t.JMeterThread: Thread finished: Thread Group 1-31
2020-05-02 18:25:45,063 INFO o.a.j.t.JMeterThread: Stopping because end time detected by thread: Thread Group 1-35
2020-05-02 18:25:45,065 INFO o.a.j.t.JMeterThread: Thread finished: Thread Group 1-35
2020-05-02 18:25:45,065 INFO o.a.j.t.JMeterThread: Stopping because end time detected by thread: Thread Group 1-38
2020-05-02 18:25:45,065 INFO o.a.j.t.JMeterThread: Thread finished: Thread Group 1-38
2020-05-02 18:25:45,060 INFO o.a.j.t.JMeterThread: Stopping because end time detected by thread: Thread Group 1-11
2020-05-02 18:25:45,067 INFO o.a.j.t.JMeterThread: Thread finished: Thread Group 1-11
2020-05-02 18:25:45,067 INFO o.a.j.t.JMeterThread: Stopping because end time detected by thread: Thread Group 1-37
2020-05-02 18:25:45,069 INFO o.a.j.t.JMeterThread: Stopping because end time detected by thread: Thread Group 1-8
2020-05-02 18:25:45,067 INFO o.a.j.t.JMeterThread: Thread finished: Thread Group 1-37
2020-05-02 18:25:45,085 INFO o.a.j.t.JMeterThread: Stopping because end time detected by thread: Thread Group 1-9
2020-05-02 18:25:45,084 INFO o.a.j.t.JMeterThread: Stopping because end time detected by thread: Thread Group 1-40
2020-05-02 18:25:45,086 INFO o.a.j.t.JMeterThread: Thread finished: Thread Group 1-40
2020-05-02 18:25:45,083 INFO o.a.j.t.JMeterThread: Stopping because end time detected by thread: Thread Group 1-3
2020-05-02 18:25:45,082 INFO o.a.j.t.JMeterThread: Stopping because end time detected by thread: Thread Group 1-34
2020-05-02 18:25:45,087 INFO o.a.j.t.JMeterThread: Thread finished: Thread Group 1-34
2020-05-02 18:25:45,082 INFO o.a.j.t.JMeterThread: Stopping because end time detected by thread: Thread Group 1-6
2020-05-02 18:25:45,081 INFO o.a.j.t.JMeterThread: Stopping because end time detected by thread: Thread Group 1-21
2020-05-02 18:25:45,081 INFO o.a.j.t.JMeterThread: Stopping because end time detected by thread: Thread Group 1-23
2020-05-02 18:25:45,079 INFO o.a.j.t.JMeterThread: Stopping because end time detected by thread: Thread Group 1-36
2020-05-02 18:25:45,090 INFO o.a.j.t.JMeterThread: Thread finished: Thread Group 1-36
2020-05-02 18:25:45,090 INFO o.a.j.t.JMeterThread: Thread finished: Thread Group 1-23
2020-05-02 18:25:45,090 INFO o.a.j.t.JMeterThread: Thread finished: Thread Group 1-21
2020-05-02 18:25:45,078 INFO o.a.j.t.JMeterThread: Stopping because end time detected by thread: Thread Group 1-28
2020-05-02 18:25:45,091 INFO o.a.j.t.JMeterThread: Thread finished: Thread Group 1-28
2020-05-02 18:25:45,078 INFO o.a.j.t.JMeterThread: Stopping because end time detected by thread: Thread Group 1-15
2020-05-02 18:25:45,076 INFO o.a.j.t.JMeterThread: Stopping because end time detected by thread: Thread Group 1-18
2020-05-02 18:25:45,077 INFO o.a.j.t.JMeterThread: Stopping because end time detected by thread: Thread Group 1-22
2020-05-02 18:25:45,096 INFO o.a.j.t.JMeterThread: Thread finished: Thread Group 1-15
2020-05-02 18:25:45,077 INFO o.a.j.t.JMeterThread: Stopping because end time detected by thread: Thread Group 1-13
2020-05-02 18:25:45,097 INFO o.a.j.t.JMeterThread: Thread finished: Thread Group 1-18
2020-05-02 18:25:45,097 INFO o.a.j.t.JMeterThread: Thread finished: Thread Group 1-13
2020-05-02 18:25:45,076 INFO o.a.j.t.JMeterThread: Stopping because end time detected by thread: Thread Group 1-2
2020-05-02 18:25:45,076 INFO o.a.j.t.JMeterThread: Stopping because end time detected by thread: Thread Group 1-4
2020-05-02 18:25:45,071 INFO o.a.j.t.JMeterThread: Stopping because end time detected by thread: Thread Group 1-10
2020-05-02 18:25:45,071 INFO o.a.j.t.JMeterThread: Stopping because end time detected by thread: Thread Group 1-14
2020-05-02 18:25:45,098 INFO o.a.j.t.JMeterThread: Thread finished: Thread Group 1-4
2020-05-02 18:25:45,098 INFO o.a.j.t.JMeterThread: Thread finished: Thread Group 1-14
2020-05-02 18:25:45,097 INFO o.a.j.t.JMeterThread: Thread finished: Thread Group 1-22
2020-05-02 18:25:45,102 INFO o.a.j.t.JMeterThread: Thread finished: Thread Group 1-6
2020-05-02 18:25:45,103 INFO o.a.j.t.JMeterThread: Stopping because end time detected by thread: Thread Group 1-17
2020-05-02 18:25:45,103 INFO o.a.j.t.JMeterThread: Thread finished: Thread Group 1-17
2020-05-02 18:25:45,103 INFO o.a.j.t.JMeterThread: Thread finished: Thread Group 1-3
2020-05-02 18:25:45,085 INFO o.a.j.t.JMeterThread: Thread finished: Thread Group 1-9
2020-05-02 18:25:45,085 INFO o.a.j.t.JMeterThread: Thread finished: Thread Group 1-8
2020-05-02 18:25:45,105 INFO o.a.j.t.JMeterThread: Stopping because end time detected by thread: Thread Group 1-12
2020-05-02 18:25:45,103 INFO o.a.j.t.JMeterThread: Stopping because end time detected by thread: Thread Group 1-1
2020-05-02 18:25:45,106 INFO o.a.j.t.JMeterThread: Thread finished: Thread Group 1-12
2020-05-02 18:25:45,107 INFO o.a.j.t.JMeterThread: Thread finished: Thread Group 1-10
2020-05-02 18:25:45,106 INFO o.a.j.t.JMeterThread: Thread finished: Thread Group 1-1
2020-05-02 18:25:45,108 INFO o.a.j.t.JMeterThread: Thread finished: Thread Group 1-2
2020-05-02 18:25:45,110 INFO o.a.j.t.JMeterThread: Stopping because end time detected by thread: Thread Group 1-19
2020-05-02 18:25:45,111 INFO o.a.j.t.JMeterThread: Thread finished: Thread Group 1-19
2020-05-02 18:25:45,111 INFO o.a.j.t.JMeterThread: Stopping because end time detected by thread: Thread Group 1-32
2020-05-02 18:25:45,111 INFO o.a.j.t.JMeterThread: Thread finished: Thread Group 1-32
2020-05-02 18:25:45,112 INFO o.a.j.t.JMeterThread: Stopping because end time detected by thread: Thread Group 1-20
2020-05-02 18:25:45,112 INFO o.a.j.t.JMeterThread: Thread finished: Thread Group 1-20
2020-05-02 18:25:45,120 INFO o.a.j.t.JMeterThread: Stopping because end time detected by thread: Thread Group 1-16
2020-05-02 18:25:45,121 INFO o.a.j.t.JMeterThread: Thread finished: Thread Group 1-16
2020-05-02 18:25:45,120 INFO o.a.j.t.JMeterThread: Stopping because end time detected by thread: Thread Group 1-5
2020-05-02 18:25:45,121 INFO o.a.j.t.JMeterThread: Thread finished: Thread Group 1-5
2020-05-02 18:25:45,121 INFO o.a.j.t.JMeterThread: Stopping because end time detected by thread: Thread Group 1-25
2020-05-02 18:25:45,122 INFO o.a.j.t.JMeterThread: Thread finished: Thread Group 1-25
2020-05-02 18:25:45,162 INFO o.a.j.t.JMeterThread: Stopping because end time detected by thread: Thread Group 1-30
2020-05-02 18:25:45,162 INFO o.a.j.t.JMeterThread: Stopping because end time detected by thread: Thread Group 1-29
2020-05-02 18:25:45,162 INFO o.a.j.t.JMeterThread: Stopping because end time detected by thread: Thread Group 1-39
2020-05-02 18:25:45,163 INFO o.a.j.t.JMeterThread: Thread finished: Thread Group 1-29
2020-05-02 18:25:45,163 INFO o.a.j.t.JMeterThread: Thread finished: Thread Group 1-39
2020-05-02 18:25:45,162 INFO o.a.j.t.JMeterThread: Stopping because end time detected by thread: Thread Group 1-26
2020-05-02 18:25:45,163 INFO o.a.j.t.JMeterThread: Thread finished: Thread Group 1-30
2020-05-02 18:25:45,163 INFO o.a.j.t.JMeterThread: Thread finished: Thread Group 1-26
2020-05-02 18:25:45,164 INFO o.a.j.e.StandardJMeterEngine: Notifying test listeners of end of test
2020-05-02 18:25:45,166 INFO o.a.j.r.Summariser: summary +   2509 in 00:00:15 =  166.2/s Avg:   248 Min:    18 Max:  1534 Err:     0 (0.00%) Active: 0 Started: 40 Finished: 40
2020-05-02 18:25:45,167 INFO o.a.j.r.Summariser: summary =  85841 in 00:10:15 =  139.5/s Avg:   282 Min:    17 Max: 70914 Err:     0 (0.00%)
