2020-05-02 18:36:13,600 INFO o.a.j.u.JMeterUtils: Setting Locale to en_US
2020-05-02 18:36:13,631 INFO o.a.j.JMeter: Loading user properties from: /home/pablo/jmeter/bin/user.properties
2020-05-02 18:36:13,632 INFO o.a.j.JMeter: Loading system properties from: /home/pablo/jmeter/bin/system.properties
2020-05-02 18:36:13,633 INFO o.a.j.JMeter: Setting System property: HILOS=160
2020-05-02 18:36:13,633 INFO o.a.j.JMeter: Setting System property: SUBIDA=25
2020-05-02 18:36:13,634 INFO o.a.j.JMeter: Setting System property: DURACION=625
2020-05-02 18:36:13,634 INFO o.a.j.JMeter: Setting System property: FILE=scriptresultsPerfmon160.jtl
2020-05-02 18:36:13,637 INFO o.a.j.JMeter: Copyright (c) 1998-2019 The Apache Software Foundation
2020-05-02 18:36:13,637 INFO o.a.j.JMeter: Version 5.2.1
2020-05-02 18:36:13,638 INFO o.a.j.JMeter: java.version=1.8.0_201
2020-05-02 18:36:13,638 INFO o.a.j.JMeter: java.vm.name=Java HotSpot(TM) 64-Bit Server VM
2020-05-02 18:36:13,638 INFO o.a.j.JMeter: os.name=Linux
2020-05-02 18:36:13,638 INFO o.a.j.JMeter: os.arch=amd64
2020-05-02 18:36:13,638 INFO o.a.j.JMeter: os.version=4.15.0-99-generic
2020-05-02 18:36:13,639 INFO o.a.j.JMeter: file.encoding=UTF-8
2020-05-02 18:36:13,639 INFO o.a.j.JMeter: java.awt.headless=true
2020-05-02 18:36:13,639 INFO o.a.j.JMeter: Max memory     =732954624
2020-05-02 18:36:13,640 INFO o.a.j.JMeter: Available Processors =4
2020-05-02 18:36:13,648 INFO o.a.j.JMeter: Default Locale=English (United States)
2020-05-02 18:36:13,648 INFO o.a.j.JMeter: JMeter  Locale=English (United States)
2020-05-02 18:36:13,649 INFO o.a.j.JMeter: JMeterHome=/home/pablo/jmeter
2020-05-02 18:36:13,649 INFO o.a.j.JMeter: user.dir  =/home/pablo/jmeter/bin/EJECUCIONES/P3_V2
2020-05-02 18:36:13,649 INFO o.a.j.JMeter: PWD       =/home/pablo/jmeter/bin/EJECUCIONES/P3_V2
2020-05-02 18:36:13,650 INFO o.a.j.JMeter: IP: 127.0.1.1 Name: hylianpablo FullName: hylianpablo
2020-05-02 18:36:13,660 INFO o.a.j.s.FileServer: Default base='/home/pablo/jmeter/bin/EJECUCIONES/P3_V2'
2020-05-02 18:36:13,670 INFO o.a.j.s.FileServer: Set new base='/home/pablo/jmeter/bin/EJECUCIONES/P3_V2/..'
2020-05-02 18:36:13,982 INFO o.a.j.s.SaveService: Testplan (JMX) version: 2.2. Testlog (JTL) version: 2.2
2020-05-02 18:36:14,002 INFO o.a.j.s.SaveService: Using SaveService properties file encoding UTF-8
2020-05-02 18:36:14,015 INFO o.a.j.s.SaveService: Using SaveService properties version 5.0
2020-05-02 18:36:14,034 INFO o.a.j.s.SaveService: Loading file: ../RecordP3_V2.jmx
2020-05-02 18:36:14,119 INFO o.a.j.p.h.c.CookieManager: Settings: Delete null: true Check: true Allow variable: true Save: false Prefix: COOKIE_
2020-05-02 18:36:14,176 INFO o.a.j.p.h.s.HTTPSamplerBase: Parser for text/html is org.apache.jmeter.protocol.http.parser.LagartoBasedHtmlParser
2020-05-02 18:36:14,176 INFO o.a.j.p.h.s.HTTPSamplerBase: Parser for application/xhtml+xml is org.apache.jmeter.protocol.http.parser.LagartoBasedHtmlParser
2020-05-02 18:36:14,177 INFO o.a.j.p.h.s.HTTPSamplerBase: Parser for application/xml is org.apache.jmeter.protocol.http.parser.LagartoBasedHtmlParser
2020-05-02 18:36:14,177 INFO o.a.j.p.h.s.HTTPSamplerBase: Parser for text/xml is org.apache.jmeter.protocol.http.parser.LagartoBasedHtmlParser
2020-05-02 18:36:14,177 INFO o.a.j.p.h.s.HTTPSamplerBase: Parser for text/vnd.wap.wml is org.apache.jmeter.protocol.http.parser.RegexpHTMLParser
2020-05-02 18:36:14,178 INFO o.a.j.p.h.s.HTTPSamplerBase: Parser for text/css is org.apache.jmeter.protocol.http.parser.CssParser
2020-05-02 18:36:14,577 INFO o.a.j.e.KeyToolUtils: keytool found at 'keytool'
2020-05-02 18:36:14,578 INFO o.a.j.p.h.p.ProxyControl: HTTP(S) Test Script Recorder SSL Proxy will use keys that support embedded 3rd party resources in file /home/pablo/jmeter/bin/proxyserver.jks
2020-05-02 18:36:14,672 INFO o.a.j.JMeter: Creating summariser <summary>
2020-05-02 18:36:14,684 INFO o.a.j.e.StandardJMeterEngine: Running the test!
2020-05-02 18:36:14,686 INFO o.a.j.s.SampleEvent: List of sample_variables: []
2020-05-02 18:36:14,687 INFO o.a.j.s.SampleEvent: List of sample_variables: []
2020-05-02 18:36:14,700 INFO o.a.j.e.u.CompoundVariable: Note: Function class names must contain the string: '.functions.'
2020-05-02 18:36:14,700 INFO o.a.j.e.u.CompoundVariable: Note: Function class names must not contain the string: '.gui.'
2020-05-02 18:36:15,652 INFO o.a.j.JMeter: Running test (1588437375652)
2020-05-02 18:36:15,762 INFO o.a.j.e.StandardJMeterEngine: Starting ThreadGroup: 1 : Thread Group
2020-05-02 18:36:15,772 INFO o.a.j.e.StandardJMeterEngine: Starting 160 threads for group Thread Group.
2020-05-02 18:36:15,772 INFO o.a.j.e.StandardJMeterEngine: Thread will continue on error
2020-05-02 18:36:15,773 INFO o.a.j.t.ThreadGroup: Starting thread group... number=1 threads=160 ramp-up=25 delayedStart=false
2020-05-02 18:36:15,797 INFO o.a.j.s.SampleResult: Note: Sample TimeStamps are START times
2020-05-02 18:36:15,799 INFO o.a.j.s.SampleResult: sampleresult.default.encoding is set to ISO-8859-1
2020-05-02 18:36:15,799 INFO o.a.j.s.SampleResult: sampleresult.useNanoTime=true
2020-05-02 18:36:15,799 INFO o.a.j.s.SampleResult: sampleresult.nanoThreadSleep=5000
2020-05-02 18:36:15,803 INFO o.a.j.t.JMeterThread: Thread started: Thread Group 1-1
2020-05-02 18:36:15,871 INFO o.a.j.p.h.s.HTTPHCAbstractImpl: Local host = hylianpablo
2020-05-02 18:36:15,888 INFO o.a.j.p.h.s.HTTPHC4Impl: HTTP request retry count = 0
2020-05-02 18:36:15,949 INFO o.a.j.t.JMeterThread: Thread started: Thread Group 1-2
2020-05-02 18:36:16,102 INFO o.a.j.t.JMeterThread: Thread started: Thread Group 1-3
2020-05-02 18:36:16,250 INFO o.a.j.t.JMeterThread: Thread started: Thread Group 1-4
2020-05-02 18:36:16,385 INFO o.a.j.t.ThreadGroup: Started thread group number 1
2020-05-02 18:36:16,386 INFO o.a.j.e.StandardJMeterEngine: All thread groups have been started
2020-05-02 18:36:16,421 INFO o.a.j.t.JMeterThread: Thread started: Thread Group 1-5
2020-05-02 18:36:16,571 INFO o.a.j.t.JMeterThread: Thread started: Thread Group 1-6
2020-05-02 18:36:16,721 INFO o.a.j.t.JMeterThread: Thread started: Thread Group 1-7
2020-05-02 18:36:16,881 INFO o.a.j.t.JMeterThread: Thread started: Thread Group 1-8
2020-05-02 18:36:17,030 INFO o.a.j.t.JMeterThread: Thread started: Thread Group 1-9
2020-05-02 18:36:17,187 INFO o.a.j.t.JMeterThread: Thread started: Thread Group 1-10
2020-05-02 18:36:17,349 INFO o.a.j.t.JMeterThread: Thread started: Thread Group 1-11
2020-05-02 18:36:17,507 INFO o.a.j.t.JMeterThread: Thread started: Thread Group 1-12
2020-05-02 18:36:17,656 INFO o.a.j.t.JMeterThread: Thread started: Thread Group 1-13
2020-05-02 18:36:17,821 INFO o.a.j.t.JMeterThread: Thread started: Thread Group 1-14
2020-05-02 18:36:17,970 INFO o.a.j.t.JMeterThread: Thread started: Thread Group 1-15
2020-05-02 18:36:18,125 INFO o.a.j.t.JMeterThread: Thread started: Thread Group 1-16
2020-05-02 18:36:18,274 INFO o.a.j.t.JMeterThread: Thread started: Thread Group 1-17
2020-05-02 18:36:18,433 INFO o.a.j.t.JMeterThread: Thread started: Thread Group 1-18
2020-05-02 18:36:18,589 INFO o.a.j.t.JMeterThread: Thread started: Thread Group 1-19
2020-05-02 18:36:18,742 INFO o.a.j.t.JMeterThread: Thread started: Thread Group 1-20
2020-05-02 18:36:18,901 INFO o.a.j.t.JMeterThread: Thread started: Thread Group 1-21
2020-05-02 18:36:19,063 INFO o.a.j.t.JMeterThread: Thread started: Thread Group 1-22
2020-05-02 18:36:19,219 INFO o.a.j.t.JMeterThread: Thread started: Thread Group 1-23
2020-05-02 18:36:19,369 INFO o.a.j.t.JMeterThread: Thread started: Thread Group 1-24
2020-05-02 18:36:19,523 INFO o.a.j.t.JMeterThread: Thread started: Thread Group 1-25
2020-05-02 18:36:19,679 INFO o.a.j.t.JMeterThread: Thread started: Thread Group 1-26
2020-05-02 18:36:19,836 INFO o.a.j.t.JMeterThread: Thread started: Thread Group 1-27
2020-05-02 18:36:19,992 INFO o.a.j.t.JMeterThread: Thread started: Thread Group 1-28
2020-05-02 18:36:20,146 INFO o.a.j.t.JMeterThread: Thread started: Thread Group 1-29
2020-05-02 18:36:20,302 INFO o.a.j.t.JMeterThread: Thread started: Thread Group 1-30
2020-05-02 18:36:20,462 INFO o.a.j.t.JMeterThread: Thread started: Thread Group 1-31
2020-05-02 18:36:20,737 INFO o.a.j.t.JMeterThread: Thread started: Thread Group 1-32
2020-05-02 18:36:20,808 INFO o.a.j.t.JMeterThread: Thread started: Thread Group 1-33
2020-05-02 18:36:20,956 INFO o.a.j.t.JMeterThread: Thread started: Thread Group 1-34
2020-05-02 18:36:21,112 INFO o.a.j.t.JMeterThread: Thread started: Thread Group 1-35
2020-05-02 18:36:21,261 INFO o.a.j.t.JMeterThread: Thread started: Thread Group 1-36
2020-05-02 18:36:21,413 INFO o.a.j.t.JMeterThread: Thread started: Thread Group 1-37
2020-05-02 18:36:21,572 INFO o.a.j.t.JMeterThread: Thread started: Thread Group 1-38
2020-05-02 18:36:21,720 INFO o.a.j.t.JMeterThread: Thread started: Thread Group 1-39
2020-05-02 18:36:21,877 INFO o.a.j.t.JMeterThread: Thread started: Thread Group 1-40
2020-05-02 18:36:22,032 INFO o.a.j.t.JMeterThread: Thread started: Thread Group 1-41
2020-05-02 18:36:22,183 INFO o.a.j.t.JMeterThread: Thread started: Thread Group 1-42
2020-05-02 18:36:22,338 INFO o.a.j.t.JMeterThread: Thread started: Thread Group 1-43
2020-05-02 18:36:22,491 INFO o.a.j.t.JMeterThread: Thread started: Thread Group 1-44
2020-05-02 18:36:22,742 INFO o.a.j.t.JMeterThread: Thread started: Thread Group 1-45
2020-05-02 18:36:22,799 INFO o.a.j.t.JMeterThread: Thread started: Thread Group 1-46
2020-05-02 18:36:22,954 INFO o.a.j.t.JMeterThread: Thread started: Thread Group 1-47
2020-05-02 18:36:23,112 INFO o.a.j.t.JMeterThread: Thread started: Thread Group 1-48
2020-05-02 18:36:23,268 INFO o.a.j.t.JMeterThread: Thread started: Thread Group 1-49
2020-05-02 18:36:23,431 INFO o.a.j.t.JMeterThread: Thread started: Thread Group 1-50
2020-05-02 18:36:23,585 INFO o.a.j.t.JMeterThread: Thread started: Thread Group 1-51
2020-05-02 18:36:23,735 INFO o.a.j.t.JMeterThread: Thread started: Thread Group 1-52
2020-05-02 18:36:23,891 INFO o.a.j.t.JMeterThread: Thread started: Thread Group 1-53
2020-05-02 18:36:24,045 INFO o.a.j.t.JMeterThread: Thread started: Thread Group 1-54
2020-05-02 18:36:24,201 INFO o.a.j.t.JMeterThread: Thread started: Thread Group 1-55
2020-05-02 18:36:24,363 INFO o.a.j.t.JMeterThread: Thread started: Thread Group 1-56
2020-05-02 18:36:24,512 INFO o.a.j.t.JMeterThread: Thread started: Thread Group 1-57
2020-05-02 18:36:24,677 INFO o.a.j.t.JMeterThread: Thread started: Thread Group 1-58
2020-05-02 18:36:24,833 INFO o.a.j.t.JMeterThread: Thread started: Thread Group 1-59
2020-05-02 18:36:24,984 INFO o.a.j.t.JMeterThread: Thread started: Thread Group 1-60
2020-05-02 18:36:25,149 INFO o.a.j.t.JMeterThread: Thread started: Thread Group 1-61
2020-05-02 18:36:25,297 INFO o.a.j.t.JMeterThread: Thread started: Thread Group 1-62
2020-05-02 18:36:25,452 INFO o.a.j.t.JMeterThread: Thread started: Thread Group 1-63
2020-05-02 18:36:25,611 INFO o.a.j.t.JMeterThread: Thread started: Thread Group 1-64
2020-05-02 18:36:25,762 INFO o.a.j.t.JMeterThread: Thread started: Thread Group 1-65
2020-05-02 18:36:25,917 INFO o.a.j.t.JMeterThread: Thread started: Thread Group 1-66
2020-05-02 18:36:26,073 INFO o.a.j.t.JMeterThread: Thread started: Thread Group 1-67
2020-05-02 18:36:26,230 INFO o.a.j.t.JMeterThread: Thread started: Thread Group 1-68
2020-05-02 18:36:26,492 INFO o.a.j.t.JMeterThread: Thread started: Thread Group 1-69
2020-05-02 18:36:26,547 INFO o.a.j.t.JMeterThread: Thread started: Thread Group 1-70
2020-05-02 18:36:26,700 INFO o.a.j.t.JMeterThread: Thread started: Thread Group 1-71
2020-05-02 18:36:26,855 INFO o.a.j.t.JMeterThread: Thread started: Thread Group 1-72
2020-05-02 18:36:27,049 INFO o.a.j.t.JMeterThread: Thread started: Thread Group 1-73
2020-05-02 18:36:27,194 INFO o.a.j.t.JMeterThread: Thread started: Thread Group 1-74
2020-05-02 18:36:27,328 INFO o.a.j.t.JMeterThread: Thread started: Thread Group 1-75
2020-05-02 18:36:27,480 INFO o.a.j.t.JMeterThread: Thread started: Thread Group 1-76
2020-05-02 18:36:27,635 INFO o.a.j.t.JMeterThread: Thread started: Thread Group 1-77
2020-05-02 18:36:27,789 INFO o.a.j.t.JMeterThread: Thread started: Thread Group 1-78
2020-05-02 18:36:27,948 INFO o.a.j.t.JMeterThread: Thread started: Thread Group 1-79
2020-05-02 18:36:28,127 INFO o.a.j.t.JMeterThread: Thread started: Thread Group 1-80
2020-05-02 18:36:28,258 INFO o.a.j.t.JMeterThread: Thread started: Thread Group 1-81
2020-05-02 18:36:28,417 INFO o.a.j.t.JMeterThread: Thread started: Thread Group 1-82
2020-05-02 18:36:28,577 INFO o.a.j.t.JMeterThread: Thread started: Thread Group 1-83
2020-05-02 18:36:28,730 INFO o.a.j.t.JMeterThread: Thread started: Thread Group 1-84
2020-05-02 18:36:28,887 INFO o.a.j.t.JMeterThread: Thread started: Thread Group 1-85
2020-05-02 18:36:29,040 INFO o.a.j.t.JMeterThread: Thread started: Thread Group 1-86
2020-05-02 18:36:29,196 INFO o.a.j.t.JMeterThread: Thread started: Thread Group 1-87
2020-05-02 18:36:29,351 INFO o.a.j.t.JMeterThread: Thread started: Thread Group 1-88
2020-05-02 18:36:29,506 INFO o.a.j.t.JMeterThread: Thread started: Thread Group 1-89
2020-05-02 18:36:29,700 INFO o.a.j.t.JMeterThread: Thread started: Thread Group 1-90
2020-05-02 18:36:29,818 INFO o.a.j.t.JMeterThread: Thread started: Thread Group 1-91
2020-05-02 18:36:29,985 INFO o.a.j.t.JMeterThread: Thread started: Thread Group 1-92
2020-05-02 18:36:30,006 INFO o.a.j.r.Summariser: summary +   1638 in 00:00:14 =  114.1/s Avg:   352 Min:    19 Max:  2783 Err:     0 (0.00%) Active: 92 Started: 92 Finished: 0
2020-05-02 18:36:30,131 INFO o.a.j.t.JMeterThread: Thread started: Thread Group 1-93
2020-05-02 18:36:30,291 INFO o.a.j.t.JMeterThread: Thread started: Thread Group 1-94
2020-05-02 18:36:30,444 INFO o.a.j.t.JMeterThread: Thread started: Thread Group 1-95
2020-05-02 18:36:30,597 INFO o.a.j.t.JMeterThread: Thread started: Thread Group 1-96
2020-05-02 18:36:30,752 INFO o.a.j.t.JMeterThread: Thread started: Thread Group 1-97
2020-05-02 18:36:30,911 INFO o.a.j.t.JMeterThread: Thread started: Thread Group 1-98
2020-05-02 18:36:31,063 INFO o.a.j.t.JMeterThread: Thread started: Thread Group 1-99
2020-05-02 18:36:31,220 INFO o.a.j.t.JMeterThread: Thread started: Thread Group 1-100
2020-05-02 18:36:31,379 INFO o.a.j.t.JMeterThread: Thread started: Thread Group 1-101
2020-05-02 18:36:31,565 INFO o.a.j.t.JMeterThread: Thread started: Thread Group 1-102
2020-05-02 18:36:31,718 INFO o.a.j.t.JMeterThread: Thread started: Thread Group 1-103
2020-05-02 18:36:31,874 INFO o.a.j.t.JMeterThread: Thread started: Thread Group 1-104
2020-05-02 18:36:32,009 INFO o.a.j.t.JMeterThread: Thread started: Thread Group 1-105
2020-05-02 18:36:32,157 INFO o.a.j.t.JMeterThread: Thread started: Thread Group 1-106
2020-05-02 18:36:32,320 INFO o.a.j.t.JMeterThread: Thread started: Thread Group 1-107
2020-05-02 18:36:32,475 INFO o.a.j.t.JMeterThread: Thread started: Thread Group 1-108
2020-05-02 18:36:32,625 INFO o.a.j.t.JMeterThread: Thread started: Thread Group 1-109
2020-05-02 18:36:32,783 INFO o.a.j.t.JMeterThread: Thread started: Thread Group 1-110
2020-05-02 18:36:32,939 INFO o.a.j.t.JMeterThread: Thread started: Thread Group 1-111
2020-05-02 18:36:33,102 INFO o.a.j.t.JMeterThread: Thread started: Thread Group 1-112
2020-05-02 18:36:33,251 INFO o.a.j.t.JMeterThread: Thread started: Thread Group 1-113
2020-05-02 18:36:33,408 INFO o.a.j.t.JMeterThread: Thread started: Thread Group 1-114
2020-05-02 18:36:33,562 INFO o.a.j.t.JMeterThread: Thread started: Thread Group 1-115
2020-05-02 18:36:33,715 INFO o.a.j.t.JMeterThread: Thread started: Thread Group 1-116
2020-05-02 18:36:33,876 INFO o.a.j.t.JMeterThread: Thread started: Thread Group 1-117
2020-05-02 18:36:34,028 INFO o.a.j.t.JMeterThread: Thread started: Thread Group 1-118
2020-05-02 18:36:34,182 INFO o.a.j.t.JMeterThread: Thread started: Thread Group 1-119
2020-05-02 18:36:34,338 INFO o.a.j.t.JMeterThread: Thread started: Thread Group 1-120
2020-05-02 18:36:34,496 INFO o.a.j.t.JMeterThread: Thread started: Thread Group 1-121
2020-05-02 18:36:34,804 INFO o.a.j.t.JMeterThread: Thread started: Thread Group 1-122
2020-05-02 18:36:34,810 INFO o.a.j.t.JMeterThread: Thread started: Thread Group 1-123
2020-05-02 18:36:34,967 INFO o.a.j.t.JMeterThread: Thread started: Thread Group 1-124
2020-05-02 18:36:35,123 INFO o.a.j.t.JMeterThread: Thread started: Thread Group 1-125
2020-05-02 18:36:35,277 INFO o.a.j.t.JMeterThread: Thread started: Thread Group 1-126
2020-05-02 18:36:35,443 INFO o.a.j.t.JMeterThread: Thread started: Thread Group 1-127
2020-05-02 18:36:35,600 INFO o.a.j.t.JMeterThread: Thread started: Thread Group 1-128
2020-05-02 18:36:35,744 INFO o.a.j.t.JMeterThread: Thread started: Thread Group 1-129
2020-05-02 18:36:35,902 INFO o.a.j.t.JMeterThread: Thread started: Thread Group 1-130
2020-05-02 18:36:36,056 INFO o.a.j.t.JMeterThread: Thread started: Thread Group 1-131
2020-05-02 18:36:36,211 INFO o.a.j.t.JMeterThread: Thread started: Thread Group 1-132
2020-05-02 18:36:36,367 INFO o.a.j.t.JMeterThread: Thread started: Thread Group 1-133
2020-05-02 18:36:36,523 INFO o.a.j.t.JMeterThread: Thread started: Thread Group 1-134
2020-05-02 18:36:36,680 INFO o.a.j.t.JMeterThread: Thread started: Thread Group 1-135
2020-05-02 18:36:36,837 INFO o.a.j.t.JMeterThread: Thread started: Thread Group 1-136
2020-05-02 18:36:36,996 INFO o.a.j.t.JMeterThread: Thread started: Thread Group 1-137
2020-05-02 18:36:37,147 INFO o.a.j.t.JMeterThread: Thread started: Thread Group 1-138
2020-05-02 18:36:37,305 INFO o.a.j.t.JMeterThread: Thread started: Thread Group 1-139
2020-05-02 18:36:37,462 INFO o.a.j.t.JMeterThread: Thread started: Thread Group 1-140
2020-05-02 18:36:37,621 INFO o.a.j.t.JMeterThread: Thread started: Thread Group 1-141
2020-05-02 18:36:37,772 INFO o.a.j.t.JMeterThread: Thread started: Thread Group 1-142
2020-05-02 18:36:37,953 INFO o.a.j.t.JMeterThread: Thread started: Thread Group 1-143
2020-05-02 18:36:38,089 INFO o.a.j.t.JMeterThread: Thread started: Thread Group 1-144
2020-05-02 18:36:38,246 INFO o.a.j.t.JMeterThread: Thread started: Thread Group 1-145
2020-05-02 18:36:38,408 INFO o.a.j.t.JMeterThread: Thread started: Thread Group 1-146
2020-05-02 18:36:38,562 INFO o.a.j.t.JMeterThread: Thread started: Thread Group 1-147
2020-05-02 18:36:38,708 INFO o.a.j.t.JMeterThread: Thread started: Thread Group 1-148
2020-05-02 18:36:38,863 INFO o.a.j.t.JMeterThread: Thread started: Thread Group 1-149
2020-05-02 18:36:39,020 INFO o.a.j.t.JMeterThread: Thread started: Thread Group 1-150
2020-05-02 18:36:39,175 INFO o.a.j.t.JMeterThread: Thread started: Thread Group 1-151
2020-05-02 18:36:39,331 INFO o.a.j.t.JMeterThread: Thread started: Thread Group 1-152
2020-05-02 18:36:39,487 INFO o.a.j.t.JMeterThread: Thread started: Thread Group 1-153
2020-05-02 18:36:39,643 INFO o.a.j.t.JMeterThread: Thread started: Thread Group 1-154
2020-05-02 18:36:39,799 INFO o.a.j.t.JMeterThread: Thread started: Thread Group 1-155
2020-05-02 18:36:39,956 INFO o.a.j.t.JMeterThread: Thread started: Thread Group 1-156
2020-05-02 18:36:40,266 INFO o.a.j.t.JMeterThread: Thread started: Thread Group 1-157
2020-05-02 18:36:40,268 INFO o.a.j.t.JMeterThread: Thread started: Thread Group 1-158
2020-05-02 18:36:40,427 INFO o.a.j.t.JMeterThread: Thread started: Thread Group 1-159
2020-05-02 18:36:40,581 INFO o.a.j.t.JMeterThread: Thread started: Thread Group 1-160
2020-05-02 18:37:00,008 INFO o.a.j.r.Summariser: summary +   3920 in 00:00:30 =  130.7/s Avg:  1107 Min:    21 Max: 11380 Err:     0 (0.00%) Active: 160 Started: 160 Finished: 0
2020-05-02 18:37:00,010 INFO o.a.j.r.Summariser: summary =   5558 in 00:00:44 =  125.3/s Avg:   884 Min:    19 Max: 11380 Err:     0 (0.00%)
2020-05-02 18:37:30,033 INFO o.a.j.r.Summariser: summary +   3643 in 00:00:30 =  121.3/s Avg:  1265 Min:    20 Max: 10178 Err:     0 (0.00%) Active: 160 Started: 160 Finished: 0
2020-05-02 18:37:30,033 INFO o.a.j.r.Summariser: summary =   9201 in 00:01:14 =  123.7/s Avg:  1035 Min:    19 Max: 11380 Err:     0 (0.00%)
2020-05-02 18:38:00,103 INFO o.a.j.r.Summariser: summary +   4521 in 00:00:30 =  150.3/s Avg:  1109 Min:    24 Max:  6729 Err:     0 (0.00%) Active: 160 Started: 160 Finished: 0
2020-05-02 18:38:00,104 INFO o.a.j.r.Summariser: summary =  13722 in 00:01:44 =  131.4/s Avg:  1059 Min:    19 Max: 11380 Err:     0 (0.00%)
2020-05-02 18:38:30,026 INFO o.a.j.r.Summariser: summary +   4492 in 00:00:30 =  150.1/s Avg:  1051 Min:    21 Max:  6855 Err:     0 (0.00%) Active: 160 Started: 160 Finished: 0
2020-05-02 18:38:30,027 INFO o.a.j.r.Summariser: summary =  18214 in 00:02:14 =  135.5/s Avg:  1057 Min:    19 Max: 11380 Err:     0 (0.00%)
2020-05-02 18:39:00,023 INFO o.a.j.r.Summariser: summary +   4601 in 00:00:30 =  153.4/s Avg:  1012 Min:    22 Max:  6217 Err:     0 (0.00%) Active: 160 Started: 160 Finished: 0
2020-05-02 18:39:00,024 INFO o.a.j.r.Summariser: summary =  22815 in 00:02:44 =  138.8/s Avg:  1048 Min:    19 Max: 11380 Err:     0 (0.00%)
2020-05-02 18:39:30,518 INFO o.a.j.r.Summariser: summary +   2842 in 00:00:30 =   93.2/s Avg:  1230 Min:    18 Max: 12328 Err:     0 (0.00%) Active: 160 Started: 160 Finished: 0
2020-05-02 18:39:30,519 INFO o.a.j.r.Summariser: summary =  25657 in 00:03:15 =  131.7/s Avg:  1068 Min:    18 Max: 12328 Err:     0 (0.00%)
2020-05-02 18:40:00,015 INFO o.a.j.r.Summariser: summary +   4343 in 00:00:29 =  147.2/s Avg:  1430 Min:    19 Max: 20597 Err:     0 (0.00%) Active: 160 Started: 160 Finished: 0
2020-05-02 18:40:00,017 INFO o.a.j.r.Summariser: summary =  30000 in 00:03:44 =  133.7/s Avg:  1121 Min:    18 Max: 20597 Err:     0 (0.00%)
2020-05-02 18:40:30,003 INFO o.a.j.r.Summariser: summary +   4715 in 00:00:30 =  157.2/s Avg:  1023 Min:    23 Max:  6814 Err:     0 (0.00%) Active: 160 Started: 160 Finished: 0
2020-05-02 18:40:30,004 INFO o.a.j.r.Summariser: summary =  34715 in 00:04:14 =  136.5/s Avg:  1107 Min:    18 Max: 20597 Err:     0 (0.00%)
2020-05-02 18:41:00,036 INFO o.a.j.r.Summariser: summary +   4495 in 00:00:30 =  149.7/s Avg:  1031 Min:    21 Max:  6760 Err:     0 (0.00%) Active: 160 Started: 160 Finished: 0
2020-05-02 18:41:00,037 INFO o.a.j.r.Summariser: summary =  39210 in 00:04:44 =  137.9/s Avg:  1099 Min:    18 Max: 20597 Err:     0 (0.00%)
2020-05-02 18:41:30,220 INFO o.a.j.r.Summariser: summary +   3588 in 00:00:30 =  118.9/s Avg:  1317 Min:    25 Max:  9874 Err:     0 (0.00%) Active: 160 Started: 160 Finished: 0
2020-05-02 18:41:30,221 INFO o.a.j.r.Summariser: summary =  42798 in 00:05:15 =  136.1/s Avg:  1117 Min:    18 Max: 20597 Err:     0 (0.00%)
2020-05-02 18:42:00,010 INFO o.a.j.r.Summariser: summary +   4527 in 00:00:30 =  152.0/s Avg:  1078 Min:    24 Max: 10459 Err:     0 (0.00%) Active: 160 Started: 160 Finished: 0
2020-05-02 18:42:00,011 INFO o.a.j.r.Summariser: summary =  47325 in 00:05:44 =  137.4/s Avg:  1113 Min:    18 Max: 20597 Err:     0 (0.00%)
2020-05-02 18:42:30,005 INFO o.a.j.r.Summariser: summary +   4287 in 00:00:30 =  142.9/s Avg:  1132 Min:    24 Max:  8051 Err:     0 (0.00%) Active: 160 Started: 160 Finished: 0
2020-05-02 18:42:30,005 INFO o.a.j.r.Summariser: summary =  51612 in 00:06:14 =  137.9/s Avg:  1115 Min:    18 Max: 20597 Err:     0 (0.00%)
2020-05-02 18:43:00,005 INFO o.a.j.r.Summariser: summary +   4610 in 00:00:30 =  153.7/s Avg:  1019 Min:    23 Max:  7162 Err:     0 (0.00%) Active: 160 Started: 160 Finished: 0
2020-05-02 18:43:00,007 INFO o.a.j.r.Summariser: summary =  56222 in 00:06:44 =  139.0/s Avg:  1107 Min:    18 Max: 20597 Err:     0 (0.00%)
2020-05-02 18:43:30,002 INFO o.a.j.r.Summariser: summary +   4944 in 00:00:30 =  164.8/s Avg:  1022 Min:    22 Max:  6564 Err:     0 (0.00%) Active: 160 Started: 160 Finished: 0
2020-05-02 18:43:30,003 INFO o.a.j.r.Summariser: summary =  61166 in 00:07:14 =  140.8/s Avg:  1100 Min:    18 Max: 20597 Err:     0 (0.00%)
2020-05-02 18:44:00,002 INFO o.a.j.r.Summariser: summary +   4542 in 00:00:30 =  151.4/s Avg:  1032 Min:    20 Max:  6364 Err:     0 (0.00%) Active: 160 Started: 160 Finished: 0
2020-05-02 18:44:00,003 INFO o.a.j.r.Summariser: summary =  65708 in 00:07:44 =  141.5/s Avg:  1095 Min:    18 Max: 20597 Err:     0 (0.00%)
2020-05-02 18:44:30,030 INFO o.a.j.r.Summariser: summary +   4835 in 00:00:30 =  161.0/s Avg:  1010 Min:    21 Max:  7354 Err:     0 (0.00%) Active: 160 Started: 160 Finished: 0
2020-05-02 18:44:30,031 INFO o.a.j.r.Summariser: summary =  70543 in 00:08:14 =  142.7/s Avg:  1089 Min:    18 Max: 20597 Err:     0 (0.00%)
2020-05-02 18:45:00,011 INFO o.a.j.r.Summariser: summary +   4583 in 00:00:30 =  152.9/s Avg:  1006 Min:    19 Max:  6259 Err:     0 (0.00%) Active: 160 Started: 160 Finished: 0
2020-05-02 18:45:00,011 INFO o.a.j.r.Summariser: summary =  75126 in 00:08:44 =  143.3/s Avg:  1084 Min:    18 Max: 20597 Err:     0 (0.00%)
2020-05-02 18:45:30,139 INFO o.a.j.r.Summariser: summary +   4847 in 00:00:30 =  160.9/s Avg:  1003 Min:    21 Max:  6821 Err:     0 (0.00%) Active: 160 Started: 160 Finished: 0
2020-05-02 18:45:30,140 INFO o.a.j.r.Summariser: summary =  79973 in 00:09:14 =  144.2/s Avg:  1079 Min:    18 Max: 20597 Err:     0 (0.00%)
2020-05-02 18:46:00,001 INFO o.a.j.r.Summariser: summary +   4828 in 00:00:30 =  161.7/s Avg:  1013 Min:    21 Max:  6865 Err:     0 (0.00%) Active: 160 Started: 160 Finished: 0
2020-05-02 18:46:00,002 INFO o.a.j.r.Summariser: summary =  84801 in 00:09:44 =  145.1/s Avg:  1076 Min:    18 Max: 20597 Err:     0 (0.00%)
2020-05-02 18:46:30,001 INFO o.a.j.r.Summariser: summary +   4456 in 00:00:30 =  148.5/s Avg:  1060 Min:    23 Max:  6390 Err:     0 (0.00%) Active: 160 Started: 160 Finished: 0
2020-05-02 18:46:30,002 INFO o.a.j.r.Summariser: summary =  89257 in 00:10:14 =  145.3/s Avg:  1075 Min:    18 Max: 20597 Err:     0 (0.00%)
2020-05-02 18:46:40,918 INFO o.a.j.t.JMeterThread: Stopping because end time detected by thread: Thread Group 1-9
2020-05-02 18:46:40,918 INFO o.a.j.t.JMeterThread: Thread finished: Thread Group 1-9
2020-05-02 18:46:41,008 INFO o.a.j.t.JMeterThread: Stopping because end time detected by thread: Thread Group 1-45
2020-05-02 18:46:41,009 INFO o.a.j.t.JMeterThread: Thread finished: Thread Group 1-45
2020-05-02 18:46:41,017 INFO o.a.j.t.JMeterThread: Stopping because end time detected by thread: Thread Group 1-28
2020-05-02 18:46:41,018 INFO o.a.j.t.JMeterThread: Thread finished: Thread Group 1-28
2020-05-02 18:46:41,039 INFO o.a.j.t.JMeterThread: Stopping because end time detected by thread: Thread Group 1-24
2020-05-02 18:46:41,040 INFO o.a.j.t.JMeterThread: Thread finished: Thread Group 1-24
2020-05-02 18:46:41,051 INFO o.a.j.t.JMeterThread: Stopping because end time detected by thread: Thread Group 1-49
2020-05-02 18:46:41,051 INFO o.a.j.t.JMeterThread: Thread finished: Thread Group 1-49
2020-05-02 18:46:41,060 INFO o.a.j.t.JMeterThread: Stopping because end time detected by thread: Thread Group 1-4
2020-05-02 18:46:41,060 INFO o.a.j.t.JMeterThread: Thread finished: Thread Group 1-4
2020-05-02 18:46:41,075 INFO o.a.j.t.JMeterThread: Stopping because end time detected by thread: Thread Group 1-63
2020-05-02 18:46:41,076 INFO o.a.j.t.JMeterThread: Thread finished: Thread Group 1-63
2020-05-02 18:46:41,084 INFO o.a.j.t.JMeterThread: Stopping because end time detected by thread: Thread Group 1-38
2020-05-02 18:46:41,084 INFO o.a.j.t.JMeterThread: Thread finished: Thread Group 1-38
2020-05-02 18:46:41,088 INFO o.a.j.t.JMeterThread: Stopping because end time detected by thread: Thread Group 1-30
2020-05-02 18:46:41,088 INFO o.a.j.t.JMeterThread: Stopping because end time detected by thread: Thread Group 1-68
2020-05-02 18:46:41,089 INFO o.a.j.t.JMeterThread: Thread finished: Thread Group 1-30
2020-05-02 18:46:41,089 INFO o.a.j.t.JMeterThread: Thread finished: Thread Group 1-68
2020-05-02 18:46:41,097 INFO o.a.j.t.JMeterThread: Stopping because end time detected by thread: Thread Group 1-20
2020-05-02 18:46:41,098 INFO o.a.j.t.JMeterThread: Thread finished: Thread Group 1-20
2020-05-02 18:46:41,100 INFO o.a.j.t.JMeterThread: Stopping because end time detected by thread: Thread Group 1-64
2020-05-02 18:46:41,100 INFO o.a.j.t.JMeterThread: Stopping because end time detected by thread: Thread Group 1-5
2020-05-02 18:46:41,100 INFO o.a.j.t.JMeterThread: Stopping because end time detected by thread: Thread Group 1-11
2020-05-02 18:46:41,100 INFO o.a.j.t.JMeterThread: Thread finished: Thread Group 1-64
2020-05-02 18:46:41,101 INFO o.a.j.t.JMeterThread: Thread finished: Thread Group 1-11
2020-05-02 18:46:41,103 INFO o.a.j.t.JMeterThread: Thread finished: Thread Group 1-5
2020-05-02 18:46:41,126 INFO o.a.j.t.JMeterThread: Stopping because end time detected by thread: Thread Group 1-65
2020-05-02 18:46:41,127 INFO o.a.j.t.JMeterThread: Thread finished: Thread Group 1-65
2020-05-02 18:46:41,151 INFO o.a.j.t.JMeterThread: Stopping because end time detected by thread: Thread Group 1-18
2020-05-02 18:46:41,151 INFO o.a.j.t.JMeterThread: Thread finished: Thread Group 1-18
2020-05-02 18:46:41,175 INFO o.a.j.t.JMeterThread: Stopping because end time detected by thread: Thread Group 1-55
2020-05-02 18:46:41,176 INFO o.a.j.t.JMeterThread: Thread finished: Thread Group 1-55
2020-05-02 18:46:41,195 INFO o.a.j.t.JMeterThread: Stopping because end time detected by thread: Thread Group 1-22
2020-05-02 18:46:41,196 INFO o.a.j.t.JMeterThread: Thread finished: Thread Group 1-22
2020-05-02 18:46:41,207 INFO o.a.j.t.JMeterThread: Stopping because end time detected by thread: Thread Group 1-101
2020-05-02 18:46:41,207 INFO o.a.j.t.JMeterThread: Thread finished: Thread Group 1-101
2020-05-02 18:46:41,213 INFO o.a.j.t.JMeterThread: Stopping because end time detected by thread: Thread Group 1-76
2020-05-02 18:46:41,213 INFO o.a.j.t.JMeterThread: Stopping because end time detected by thread: Thread Group 1-87
2020-05-02 18:46:41,213 INFO o.a.j.t.JMeterThread: Thread finished: Thread Group 1-76
2020-05-02 18:46:41,214 INFO o.a.j.t.JMeterThread: Thread finished: Thread Group 1-87
2020-05-02 18:46:41,260 INFO o.a.j.t.JMeterThread: Stopping because end time detected by thread: Thread Group 1-105
2020-05-02 18:46:41,260 INFO o.a.j.t.JMeterThread: Thread finished: Thread Group 1-105
2020-05-02 18:46:41,260 INFO o.a.j.t.JMeterThread: Stopping because end time detected by thread: Thread Group 1-99
2020-05-02 18:46:41,260 INFO o.a.j.t.JMeterThread: Thread finished: Thread Group 1-99
2020-05-02 18:46:41,266 INFO o.a.j.t.JMeterThread: Stopping because end time detected by thread: Thread Group 1-40
2020-05-02 18:46:41,266 INFO o.a.j.t.JMeterThread: Thread finished: Thread Group 1-40
2020-05-02 18:46:41,295 INFO o.a.j.t.JMeterThread: Stopping because end time detected by thread: Thread Group 1-29
2020-05-02 18:46:41,295 INFO o.a.j.t.JMeterThread: Thread finished: Thread Group 1-29
2020-05-02 18:46:41,308 INFO o.a.j.t.JMeterThread: Stopping because end time detected by thread: Thread Group 1-8
2020-05-02 18:46:41,309 INFO o.a.j.t.JMeterThread: Thread finished: Thread Group 1-8
2020-05-02 18:46:41,310 INFO o.a.j.t.JMeterThread: Stopping because end time detected by thread: Thread Group 1-70
2020-05-02 18:46:41,310 INFO o.a.j.t.JMeterThread: Stopping because end time detected by thread: Thread Group 1-31
2020-05-02 18:46:41,310 INFO o.a.j.t.JMeterThread: Thread finished: Thread Group 1-70
2020-05-02 18:46:41,310 INFO o.a.j.t.JMeterThread: Thread finished: Thread Group 1-31
2020-05-02 18:46:41,312 INFO o.a.j.t.JMeterThread: Stopping because end time detected by thread: Thread Group 1-107
2020-05-02 18:46:41,312 INFO o.a.j.t.JMeterThread: Stopping because end time detected by thread: Thread Group 1-122
2020-05-02 18:46:41,313 INFO o.a.j.t.JMeterThread: Thread finished: Thread Group 1-107
2020-05-02 18:46:41,314 INFO o.a.j.t.JMeterThread: Thread finished: Thread Group 1-122
2020-05-02 18:46:41,328 INFO o.a.j.t.JMeterThread: Stopping because end time detected by thread: Thread Group 1-110
2020-05-02 18:46:41,328 INFO o.a.j.t.JMeterThread: Thread finished: Thread Group 1-110
2020-05-02 18:46:41,334 INFO o.a.j.t.JMeterThread: Stopping because end time detected by thread: Thread Group 1-89
2020-05-02 18:46:41,334 INFO o.a.j.t.JMeterThread: Thread finished: Thread Group 1-89
2020-05-02 18:46:41,344 INFO o.a.j.t.JMeterThread: Stopping because end time detected by thread: Thread Group 1-100
2020-05-02 18:46:41,344 INFO o.a.j.t.JMeterThread: Stopping because end time detected by thread: Thread Group 1-121
2020-05-02 18:46:41,344 INFO o.a.j.t.JMeterThread: Stopping because end time detected by thread: Thread Group 1-127
2020-05-02 18:46:41,345 INFO o.a.j.t.JMeterThread: Thread finished: Thread Group 1-121
2020-05-02 18:46:41,345 INFO o.a.j.t.JMeterThread: Thread finished: Thread Group 1-127
2020-05-02 18:46:41,345 INFO o.a.j.t.JMeterThread: Thread finished: Thread Group 1-100
2020-05-02 18:46:41,351 INFO o.a.j.t.JMeterThread: Stopping because end time detected by thread: Thread Group 1-73
2020-05-02 18:46:41,351 INFO o.a.j.t.JMeterThread: Thread finished: Thread Group 1-73
2020-05-02 18:46:41,355 INFO o.a.j.t.JMeterThread: Stopping because end time detected by thread: Thread Group 1-7
2020-05-02 18:46:41,355 INFO o.a.j.t.JMeterThread: Thread finished: Thread Group 1-7
2020-05-02 18:46:41,357 INFO o.a.j.t.JMeterThread: Stopping because end time detected by thread: Thread Group 1-130
2020-05-02 18:46:41,357 INFO o.a.j.t.JMeterThread: Thread finished: Thread Group 1-130
2020-05-02 18:46:41,372 INFO o.a.j.t.JMeterThread: Stopping because end time detected by thread: Thread Group 1-75
2020-05-02 18:46:41,373 INFO o.a.j.t.JMeterThread: Thread finished: Thread Group 1-75
2020-05-02 18:46:41,374 INFO o.a.j.t.JMeterThread: Stopping because end time detected by thread: Thread Group 1-106
2020-05-02 18:46:41,374 INFO o.a.j.t.JMeterThread: Thread finished: Thread Group 1-106
2020-05-02 18:46:41,375 INFO o.a.j.t.JMeterThread: Stopping because end time detected by thread: Thread Group 1-97
2020-05-02 18:46:41,376 INFO o.a.j.t.JMeterThread: Thread finished: Thread Group 1-97
2020-05-02 18:46:41,381 INFO o.a.j.t.JMeterThread: Stopping because end time detected by thread: Thread Group 1-157
2020-05-02 18:46:41,381 INFO o.a.j.t.JMeterThread: Thread finished: Thread Group 1-157
2020-05-02 18:46:41,385 INFO o.a.j.t.JMeterThread: Stopping because end time detected by thread: Thread Group 1-13
2020-05-02 18:46:41,385 INFO o.a.j.t.JMeterThread: Thread finished: Thread Group 1-13
2020-05-02 18:46:41,392 INFO o.a.j.t.JMeterThread: Stopping because end time detected by thread: Thread Group 1-118
2020-05-02 18:46:41,392 INFO o.a.j.t.JMeterThread: Thread finished: Thread Group 1-118
2020-05-02 18:46:41,393 INFO o.a.j.t.JMeterThread: Stopping because end time detected by thread: Thread Group 1-80
2020-05-02 18:46:41,393 INFO o.a.j.t.JMeterThread: Thread finished: Thread Group 1-80
2020-05-02 18:46:41,394 INFO o.a.j.t.JMeterThread: Stopping because end time detected by thread: Thread Group 1-128
2020-05-02 18:46:41,394 INFO o.a.j.t.JMeterThread: Thread finished: Thread Group 1-128
2020-05-02 18:46:41,401 INFO o.a.j.t.JMeterThread: Stopping because end time detected by thread: Thread Group 1-146
2020-05-02 18:46:41,401 INFO o.a.j.t.JMeterThread: Thread finished: Thread Group 1-146
2020-05-02 18:46:41,402 INFO o.a.j.t.JMeterThread: Stopping because end time detected by thread: Thread Group 1-125
2020-05-02 18:46:41,402 INFO o.a.j.t.JMeterThread: Thread finished: Thread Group 1-125
2020-05-02 18:46:41,404 INFO o.a.j.t.JMeterThread: Stopping because end time detected by thread: Thread Group 1-134
2020-05-02 18:46:41,404 INFO o.a.j.t.JMeterThread: Thread finished: Thread Group 1-134
2020-05-02 18:46:41,404 INFO o.a.j.t.JMeterThread: Stopping because end time detected by thread: Thread Group 1-12
2020-05-02 18:46:41,405 INFO o.a.j.t.JMeterThread: Thread finished: Thread Group 1-12
2020-05-02 18:46:41,408 INFO o.a.j.t.JMeterThread: Stopping because end time detected by thread: Thread Group 1-108
2020-05-02 18:46:41,409 INFO o.a.j.t.JMeterThread: Thread finished: Thread Group 1-108
2020-05-02 18:46:41,412 INFO o.a.j.t.JMeterThread: Stopping because end time detected by thread: Thread Group 1-160
2020-05-02 18:46:41,412 INFO o.a.j.t.JMeterThread: Stopping because end time detected by thread: Thread Group 1-17
2020-05-02 18:46:41,413 INFO o.a.j.t.JMeterThread: Thread finished: Thread Group 1-160
2020-05-02 18:46:41,413 INFO o.a.j.t.JMeterThread: Thread finished: Thread Group 1-17
2020-05-02 18:46:41,414 INFO o.a.j.t.JMeterThread: Stopping because end time detected by thread: Thread Group 1-102
2020-05-02 18:46:41,414 INFO o.a.j.t.JMeterThread: Thread finished: Thread Group 1-102
2020-05-02 18:46:41,416 INFO o.a.j.t.JMeterThread: Stopping because end time detected by thread: Thread Group 1-155
2020-05-02 18:46:41,416 INFO o.a.j.t.JMeterThread: Thread finished: Thread Group 1-155
2020-05-02 18:46:41,417 INFO o.a.j.t.JMeterThread: Stopping because end time detected by thread: Thread Group 1-15
2020-05-02 18:46:41,417 INFO o.a.j.t.JMeterThread: Thread finished: Thread Group 1-15
2020-05-02 18:46:41,419 INFO o.a.j.t.JMeterThread: Stopping because end time detected by thread: Thread Group 1-66
2020-05-02 18:46:41,420 INFO o.a.j.t.JMeterThread: Thread finished: Thread Group 1-66
2020-05-02 18:46:41,421 INFO o.a.j.t.JMeterThread: Stopping because end time detected by thread: Thread Group 1-112
2020-05-02 18:46:41,421 INFO o.a.j.t.JMeterThread: Thread finished: Thread Group 1-112
2020-05-02 18:46:41,429 INFO o.a.j.t.JMeterThread: Stopping because end time detected by thread: Thread Group 1-158
2020-05-02 18:46:41,429 INFO o.a.j.t.JMeterThread: Thread finished: Thread Group 1-158
2020-05-02 18:46:41,435 INFO o.a.j.t.JMeterThread: Stopping because end time detected by thread: Thread Group 1-159
2020-05-02 18:46:41,435 INFO o.a.j.t.JMeterThread: Thread finished: Thread Group 1-159
2020-05-02 18:46:41,438 INFO o.a.j.t.JMeterThread: Stopping because end time detected by thread: Thread Group 1-149
2020-05-02 18:46:41,438 INFO o.a.j.t.JMeterThread: Thread finished: Thread Group 1-149
2020-05-02 18:46:41,450 INFO o.a.j.t.JMeterThread: Stopping because end time detected by thread: Thread Group 1-141
2020-05-02 18:46:41,450 INFO o.a.j.t.JMeterThread: Thread finished: Thread Group 1-141
2020-05-02 18:46:41,469 INFO o.a.j.t.JMeterThread: Stopping because end time detected by thread: Thread Group 1-84
2020-05-02 18:46:41,470 INFO o.a.j.t.JMeterThread: Thread finished: Thread Group 1-84
2020-05-02 18:46:41,483 INFO o.a.j.t.JMeterThread: Stopping because end time detected by thread: Thread Group 1-123
2020-05-02 18:46:41,483 INFO o.a.j.t.JMeterThread: Thread finished: Thread Group 1-123
2020-05-02 18:46:41,485 INFO o.a.j.t.JMeterThread: Stopping because end time detected by thread: Thread Group 1-81
2020-05-02 18:46:41,486 INFO o.a.j.t.JMeterThread: Thread finished: Thread Group 1-81
2020-05-02 18:46:41,487 INFO o.a.j.t.JMeterThread: Stopping because end time detected by thread: Thread Group 1-2
2020-05-02 18:46:41,487 INFO o.a.j.t.JMeterThread: Thread finished: Thread Group 1-2
2020-05-02 18:46:41,506 INFO o.a.j.t.JMeterThread: Stopping because end time detected by thread: Thread Group 1-136
2020-05-02 18:46:41,506 INFO o.a.j.t.JMeterThread: Thread finished: Thread Group 1-136
2020-05-02 18:46:41,509 INFO o.a.j.t.JMeterThread: Stopping because end time detected by thread: Thread Group 1-36
2020-05-02 18:46:41,509 INFO o.a.j.t.JMeterThread: Thread finished: Thread Group 1-36
2020-05-02 18:46:41,511 INFO o.a.j.t.JMeterThread: Stopping because end time detected by thread: Thread Group 1-37
2020-05-02 18:46:41,512 INFO o.a.j.t.JMeterThread: Thread finished: Thread Group 1-37
2020-05-02 18:46:41,513 INFO o.a.j.t.JMeterThread: Stopping because end time detected by thread: Thread Group 1-62
2020-05-02 18:46:41,514 INFO o.a.j.t.JMeterThread: Thread finished: Thread Group 1-62
2020-05-02 18:46:41,539 INFO o.a.j.t.JMeterThread: Stopping because end time detected by thread: Thread Group 1-120
2020-05-02 18:46:41,540 INFO o.a.j.t.JMeterThread: Thread finished: Thread Group 1-120
2020-05-02 18:46:41,543 INFO o.a.j.t.JMeterThread: Stopping because end time detected by thread: Thread Group 1-119
2020-05-02 18:46:41,543 INFO o.a.j.t.JMeterThread: Thread finished: Thread Group 1-119
2020-05-02 18:46:41,575 INFO o.a.j.t.JMeterThread: Stopping because end time detected by thread: Thread Group 1-69
2020-05-02 18:46:41,575 INFO o.a.j.t.JMeterThread: Thread finished: Thread Group 1-69
2020-05-02 18:46:41,577 INFO o.a.j.t.JMeterThread: Stopping because end time detected by thread: Thread Group 1-94
2020-05-02 18:46:41,577 INFO o.a.j.t.JMeterThread: Thread finished: Thread Group 1-94
2020-05-02 18:46:41,589 INFO o.a.j.t.JMeterThread: Stopping because end time detected by thread: Thread Group 1-140
2020-05-02 18:46:41,590 INFO o.a.j.t.JMeterThread: Thread finished: Thread Group 1-140
2020-05-02 18:46:41,595 INFO o.a.j.t.JMeterThread: Stopping because end time detected by thread: Thread Group 1-132
2020-05-02 18:46:41,595 INFO o.a.j.t.JMeterThread: Stopping because end time detected by thread: Thread Group 1-147
2020-05-02 18:46:41,595 INFO o.a.j.t.JMeterThread: Thread finished: Thread Group 1-132
2020-05-02 18:46:41,596 INFO o.a.j.t.JMeterThread: Stopping because end time detected by thread: Thread Group 1-148
2020-05-02 18:46:41,596 INFO o.a.j.t.JMeterThread: Thread finished: Thread Group 1-148
2020-05-02 18:46:41,596 INFO o.a.j.t.JMeterThread: Thread finished: Thread Group 1-147
2020-05-02 18:46:41,600 INFO o.a.j.t.JMeterThread: Stopping because end time detected by thread: Thread Group 1-142
2020-05-02 18:46:41,601 INFO o.a.j.t.JMeterThread: Thread finished: Thread Group 1-142
2020-05-02 18:46:41,613 INFO o.a.j.t.JMeterThread: Stopping because end time detected by thread: Thread Group 1-35
2020-05-02 18:46:41,613 INFO o.a.j.t.JMeterThread: Thread finished: Thread Group 1-35
2020-05-02 18:46:41,618 INFO o.a.j.t.JMeterThread: Stopping because end time detected by thread: Thread Group 1-85
2020-05-02 18:46:41,618 INFO o.a.j.t.JMeterThread: Stopping because end time detected by thread: Thread Group 1-14
2020-05-02 18:46:41,618 INFO o.a.j.t.JMeterThread: Thread finished: Thread Group 1-85
2020-05-02 18:46:41,619 INFO o.a.j.t.JMeterThread: Thread finished: Thread Group 1-14
2020-05-02 18:46:41,621 INFO o.a.j.t.JMeterThread: Stopping because end time detected by thread: Thread Group 1-61
2020-05-02 18:46:41,621 INFO o.a.j.t.JMeterThread: Thread finished: Thread Group 1-61
2020-05-02 18:46:41,672 INFO o.a.j.t.JMeterThread: Stopping because end time detected by thread: Thread Group 1-54
2020-05-02 18:46:41,672 INFO o.a.j.t.JMeterThread: Thread finished: Thread Group 1-54
2020-05-02 18:46:41,680 INFO o.a.j.t.JMeterThread: Stopping because end time detected by thread: Thread Group 1-58
2020-05-02 18:46:41,680 INFO o.a.j.t.JMeterThread: Thread finished: Thread Group 1-58
2020-05-02 18:46:41,687 INFO o.a.j.t.JMeterThread: Stopping because end time detected by thread: Thread Group 1-113
2020-05-02 18:46:41,688 INFO o.a.j.t.JMeterThread: Thread finished: Thread Group 1-113
2020-05-02 18:46:41,689 INFO o.a.j.t.JMeterThread: Stopping because end time detected by thread: Thread Group 1-60
2020-05-02 18:46:41,689 INFO o.a.j.t.JMeterThread: Thread finished: Thread Group 1-60
2020-05-02 18:46:41,691 INFO o.a.j.t.JMeterThread: Stopping because end time detected by thread: Thread Group 1-21
2020-05-02 18:46:41,692 INFO o.a.j.t.JMeterThread: Thread finished: Thread Group 1-21
2020-05-02 18:46:41,692 INFO o.a.j.t.JMeterThread: Stopping because end time detected by thread: Thread Group 1-44
2020-05-02 18:46:41,693 INFO o.a.j.t.JMeterThread: Thread finished: Thread Group 1-44
2020-05-02 18:46:41,694 INFO o.a.j.t.JMeterThread: Stopping because end time detected by thread: Thread Group 1-138
2020-05-02 18:46:41,695 INFO o.a.j.t.JMeterThread: Thread finished: Thread Group 1-138
2020-05-02 18:46:41,696 INFO o.a.j.t.JMeterThread: Stopping because end time detected by thread: Thread Group 1-154
2020-05-02 18:46:41,696 INFO o.a.j.t.JMeterThread: Thread finished: Thread Group 1-154
2020-05-02 18:46:41,697 INFO o.a.j.t.JMeterThread: Stopping because end time detected by thread: Thread Group 1-47
2020-05-02 18:46:41,697 INFO o.a.j.t.JMeterThread: Thread finished: Thread Group 1-47
2020-05-02 18:46:41,712 INFO o.a.j.t.JMeterThread: Stopping because end time detected by thread: Thread Group 1-56
2020-05-02 18:46:41,713 INFO o.a.j.t.JMeterThread: Thread finished: Thread Group 1-56
2020-05-02 18:46:41,716 INFO o.a.j.t.JMeterThread: Stopping because end time detected by thread: Thread Group 1-156
2020-05-02 18:46:41,717 INFO o.a.j.t.JMeterThread: Thread finished: Thread Group 1-156
2020-05-02 18:46:41,720 INFO o.a.j.t.JMeterThread: Stopping because end time detected by thread: Thread Group 1-103
2020-05-02 18:46:41,720 INFO o.a.j.t.JMeterThread: Thread finished: Thread Group 1-103
2020-05-02 18:46:41,727 INFO o.a.j.t.JMeterThread: Stopping because end time detected by thread: Thread Group 1-51
2020-05-02 18:46:41,727 INFO o.a.j.t.JMeterThread: Stopping because end time detected by thread: Thread Group 1-95
2020-05-02 18:46:41,727 INFO o.a.j.t.JMeterThread: Thread finished: Thread Group 1-51
2020-05-02 18:46:41,727 INFO o.a.j.t.JMeterThread: Thread finished: Thread Group 1-95
2020-05-02 18:46:41,730 INFO o.a.j.t.JMeterThread: Stopping because end time detected by thread: Thread Group 1-145
2020-05-02 18:46:41,730 INFO o.a.j.t.JMeterThread: Thread finished: Thread Group 1-145
2020-05-02 18:46:41,732 INFO o.a.j.t.JMeterThread: Stopping because end time detected by thread: Thread Group 1-135
2020-05-02 18:46:41,732 INFO o.a.j.t.JMeterThread: Thread finished: Thread Group 1-135
2020-05-02 18:46:41,734 INFO o.a.j.t.JMeterThread: Stopping because end time detected by thread: Thread Group 1-82
2020-05-02 18:46:41,734 INFO o.a.j.t.JMeterThread: Thread finished: Thread Group 1-82
2020-05-02 18:46:41,738 INFO o.a.j.t.JMeterThread: Stopping because end time detected by thread: Thread Group 1-34
2020-05-02 18:46:41,739 INFO o.a.j.t.JMeterThread: Thread finished: Thread Group 1-34
2020-05-02 18:46:41,745 INFO o.a.j.t.JMeterThread: Stopping because end time detected by thread: Thread Group 1-143
2020-05-02 18:46:41,745 INFO o.a.j.t.JMeterThread: Stopping because end time detected by thread: Thread Group 1-33
2020-05-02 18:46:41,746 INFO o.a.j.t.JMeterThread: Thread finished: Thread Group 1-143
2020-05-02 18:46:41,746 INFO o.a.j.t.JMeterThread: Thread finished: Thread Group 1-33
2020-05-02 18:46:41,751 INFO o.a.j.t.JMeterThread: Stopping because end time detected by thread: Thread Group 1-53
2020-05-02 18:46:41,753 INFO o.a.j.t.JMeterThread: Stopping because end time detected by thread: Thread Group 1-139
2020-05-02 18:46:41,754 INFO o.a.j.t.JMeterThread: Thread finished: Thread Group 1-139
2020-05-02 18:46:41,754 INFO o.a.j.t.JMeterThread: Thread finished: Thread Group 1-53
2020-05-02 18:46:41,754 INFO o.a.j.t.JMeterThread: Stopping because end time detected by thread: Thread Group 1-86
2020-05-02 18:46:41,754 INFO o.a.j.t.JMeterThread: Thread finished: Thread Group 1-86
2020-05-02 18:46:41,755 INFO o.a.j.t.JMeterThread: Stopping because end time detected by thread: Thread Group 1-104
2020-05-02 18:46:41,755 INFO o.a.j.t.JMeterThread: Thread finished: Thread Group 1-104
2020-05-02 18:46:41,756 INFO o.a.j.t.JMeterThread: Stopping because end time detected by thread: Thread Group 1-57
2020-05-02 18:46:41,757 INFO o.a.j.t.JMeterThread: Thread finished: Thread Group 1-57
2020-05-02 18:46:41,762 INFO o.a.j.t.JMeterThread: Stopping because end time detected by thread: Thread Group 1-150
2020-05-02 18:46:41,763 INFO o.a.j.t.JMeterThread: Thread finished: Thread Group 1-150
2020-05-02 18:46:41,773 INFO o.a.j.t.JMeterThread: Stopping because end time detected by thread: Thread Group 1-109
2020-05-02 18:46:41,773 INFO o.a.j.t.JMeterThread: Thread finished: Thread Group 1-109
2020-05-02 18:46:41,773 INFO o.a.j.t.JMeterThread: Stopping because end time detected by thread: Thread Group 1-10
2020-05-02 18:46:41,774 INFO o.a.j.t.JMeterThread: Thread finished: Thread Group 1-10
2020-05-02 18:46:41,777 INFO o.a.j.t.JMeterThread: Stopping because end time detected by thread: Thread Group 1-26
2020-05-02 18:46:41,777 INFO o.a.j.t.JMeterThread: Thread finished: Thread Group 1-26
2020-05-02 18:46:41,778 INFO o.a.j.t.JMeterThread: Stopping because end time detected by thread: Thread Group 1-78
2020-05-02 18:46:41,779 INFO o.a.j.t.JMeterThread: Thread finished: Thread Group 1-78
2020-05-02 18:46:41,779 INFO o.a.j.t.JMeterThread: Stopping because end time detected by thread: Thread Group 1-126
2020-05-02 18:46:41,779 INFO o.a.j.t.JMeterThread: Thread finished: Thread Group 1-126
2020-05-02 18:46:41,782 INFO o.a.j.t.JMeterThread: Stopping because end time detected by thread: Thread Group 1-41
2020-05-02 18:46:41,782 INFO o.a.j.t.JMeterThread: Thread finished: Thread Group 1-41
2020-05-02 18:46:41,789 INFO o.a.j.t.JMeterThread: Stopping because end time detected by thread: Thread Group 1-42
2020-05-02 18:46:41,790 INFO o.a.j.t.JMeterThread: Thread finished: Thread Group 1-42
2020-05-02 18:46:41,790 INFO o.a.j.t.JMeterThread: Stopping because end time detected by thread: Thread Group 1-72
2020-05-02 18:46:41,790 INFO o.a.j.t.JMeterThread: Thread finished: Thread Group 1-72
2020-05-02 18:46:41,794 INFO o.a.j.t.JMeterThread: Stopping because end time detected by thread: Thread Group 1-46
2020-05-02 18:46:41,794 INFO o.a.j.t.JMeterThread: Thread finished: Thread Group 1-46
2020-05-02 18:46:41,797 INFO o.a.j.t.JMeterThread: Stopping because end time detected by thread: Thread Group 1-79
2020-05-02 18:46:41,797 INFO o.a.j.t.JMeterThread: Thread finished: Thread Group 1-79
2020-05-02 18:46:41,806 INFO o.a.j.t.JMeterThread: Stopping because end time detected by thread: Thread Group 1-124
2020-05-02 18:46:41,806 INFO o.a.j.t.JMeterThread: Thread finished: Thread Group 1-124
2020-05-02 18:46:41,814 INFO o.a.j.t.JMeterThread: Stopping because end time detected by thread: Thread Group 1-6
2020-05-02 18:46:41,814 INFO o.a.j.t.JMeterThread: Thread finished: Thread Group 1-6
2020-05-02 18:46:41,818 INFO o.a.j.t.JMeterThread: Stopping because end time detected by thread: Thread Group 1-3
2020-05-02 18:46:41,818 INFO o.a.j.t.JMeterThread: Thread finished: Thread Group 1-3
2020-05-02 18:46:41,818 INFO o.a.j.t.JMeterThread: Stopping because end time detected by thread: Thread Group 1-90
2020-05-02 18:46:41,819 INFO o.a.j.t.JMeterThread: Thread finished: Thread Group 1-90
2020-05-02 18:46:41,821 INFO o.a.j.t.JMeterThread: Stopping because end time detected by thread: Thread Group 1-52
2020-05-02 18:46:41,821 INFO o.a.j.t.JMeterThread: Thread finished: Thread Group 1-52
2020-05-02 18:46:41,822 INFO o.a.j.t.JMeterThread: Stopping because end time detected by thread: Thread Group 1-144
2020-05-02 18:46:41,823 INFO o.a.j.t.JMeterThread: Thread finished: Thread Group 1-144
2020-05-02 18:46:41,875 INFO o.a.j.t.JMeterThread: Stopping because end time detected by thread: Thread Group 1-153
2020-05-02 18:46:41,875 INFO o.a.j.t.JMeterThread: Thread finished: Thread Group 1-153
2020-05-02 18:46:41,883 INFO o.a.j.t.JMeterThread: Stopping because end time detected by thread: Thread Group 1-1
2020-05-02 18:46:41,884 INFO o.a.j.t.JMeterThread: Thread finished: Thread Group 1-1
2020-05-02 18:46:41,886 INFO o.a.j.t.JMeterThread: Stopping because end time detected by thread: Thread Group 1-131
2020-05-02 18:46:41,886 INFO o.a.j.t.JMeterThread: Thread finished: Thread Group 1-131
2020-05-02 18:46:41,886 INFO o.a.j.t.JMeterThread: Stopping because end time detected by thread: Thread Group 1-151
2020-05-02 18:46:41,887 INFO o.a.j.t.JMeterThread: Thread finished: Thread Group 1-151
2020-05-02 18:46:41,887 INFO o.a.j.t.JMeterThread: Stopping because end time detected by thread: Thread Group 1-27
2020-05-02 18:46:41,887 INFO o.a.j.t.JMeterThread: Thread finished: Thread Group 1-27
2020-05-02 18:46:41,899 INFO o.a.j.t.JMeterThread: Stopping because end time detected by thread: Thread Group 1-32
2020-05-02 18:46:41,899 INFO o.a.j.t.JMeterThread: Thread finished: Thread Group 1-32
2020-05-02 18:46:41,900 INFO o.a.j.t.JMeterThread: Stopping because end time detected by thread: Thread Group 1-114
2020-05-02 18:46:41,900 INFO o.a.j.t.JMeterThread: Thread finished: Thread Group 1-114
2020-05-02 18:46:41,901 INFO o.a.j.t.JMeterThread: Stopping because end time detected by thread: Thread Group 1-74
2020-05-02 18:46:41,902 INFO o.a.j.t.JMeterThread: Thread finished: Thread Group 1-74
2020-05-02 18:46:41,905 INFO o.a.j.t.JMeterThread: Stopping because end time detected by thread: Thread Group 1-50
2020-05-02 18:46:41,906 INFO o.a.j.t.JMeterThread: Thread finished: Thread Group 1-50
2020-05-02 18:46:41,926 INFO o.a.j.t.JMeterThread: Stopping because end time detected by thread: Thread Group 1-16
2020-05-02 18:46:41,926 INFO o.a.j.t.JMeterThread: Stopping because end time detected by thread: Thread Group 1-59
2020-05-02 18:46:41,926 INFO o.a.j.t.JMeterThread: Thread finished: Thread Group 1-16
2020-05-02 18:46:41,927 INFO o.a.j.t.JMeterThread: Thread finished: Thread Group 1-59
2020-05-02 18:46:41,928 INFO o.a.j.t.JMeterThread: Stopping because end time detected by thread: Thread Group 1-98
2020-05-02 18:46:41,928 INFO o.a.j.t.JMeterThread: Thread finished: Thread Group 1-98
2020-05-02 18:46:41,940 INFO o.a.j.t.JMeterThread: Stopping because end time detected by thread: Thread Group 1-83
2020-05-02 18:46:41,941 INFO o.a.j.t.JMeterThread: Thread finished: Thread Group 1-83
2020-05-02 18:46:41,942 INFO o.a.j.t.JMeterThread: Stopping because end time detected by thread: Thread Group 1-117
2020-05-02 18:46:41,942 INFO o.a.j.t.JMeterThread: Thread finished: Thread Group 1-117
2020-05-02 18:46:41,946 INFO o.a.j.t.JMeterThread: Stopping because end time detected by thread: Thread Group 1-71
2020-05-02 18:46:41,946 INFO o.a.j.t.JMeterThread: Thread finished: Thread Group 1-71
2020-05-02 18:46:41,948 INFO o.a.j.t.JMeterThread: Stopping because end time detected by thread: Thread Group 1-129
2020-05-02 18:46:41,948 INFO o.a.j.t.JMeterThread: Thread finished: Thread Group 1-129
2020-05-02 18:46:41,954 INFO o.a.j.t.JMeterThread: Stopping because end time detected by thread: Thread Group 1-43
2020-05-02 18:46:41,954 INFO o.a.j.t.JMeterThread: Thread finished: Thread Group 1-43
2020-05-02 18:46:41,956 INFO o.a.j.t.JMeterThread: Stopping because end time detected by thread: Thread Group 1-25
2020-05-02 18:46:41,957 INFO o.a.j.t.JMeterThread: Thread finished: Thread Group 1-25
2020-05-02 18:46:41,958 INFO o.a.j.t.JMeterThread: Stopping because end time detected by thread: Thread Group 1-96
2020-05-02 18:46:41,958 INFO o.a.j.t.JMeterThread: Thread finished: Thread Group 1-96
2020-05-02 18:46:41,958 INFO o.a.j.t.JMeterThread: Stopping because end time detected by thread: Thread Group 1-39
2020-05-02 18:46:41,958 INFO o.a.j.t.JMeterThread: Thread finished: Thread Group 1-39
2020-05-02 18:46:41,972 INFO o.a.j.t.JMeterThread: Stopping because end time detected by thread: Thread Group 1-48
2020-05-02 18:46:41,977 INFO o.a.j.t.JMeterThread: Stopping because end time detected by thread: Thread Group 1-91
2020-05-02 18:46:41,977 INFO o.a.j.t.JMeterThread: Thread finished: Thread Group 1-91
2020-05-02 18:46:41,978 INFO o.a.j.t.JMeterThread: Stopping because end time detected by thread: Thread Group 1-92
2020-05-02 18:46:41,978 INFO o.a.j.t.JMeterThread: Thread finished: Thread Group 1-92
2020-05-02 18:46:41,978 INFO o.a.j.t.JMeterThread: Stopping because end time detected by thread: Thread Group 1-19
2020-05-02 18:46:41,980 INFO o.a.j.t.JMeterThread: Thread finished: Thread Group 1-19
2020-05-02 18:46:41,980 INFO o.a.j.t.JMeterThread: Thread finished: Thread Group 1-48
2020-05-02 18:46:41,982 INFO o.a.j.t.JMeterThread: Stopping because end time detected by thread: Thread Group 1-77
2020-05-02 18:46:41,989 INFO o.a.j.t.JMeterThread: Stopping because end time detected by thread: Thread Group 1-67
2020-05-02 18:46:41,989 INFO o.a.j.t.JMeterThread: Thread finished: Thread Group 1-77
2020-05-02 18:46:41,989 INFO o.a.j.t.JMeterThread: Stopping because end time detected by thread: Thread Group 1-137
2020-05-02 18:46:41,989 INFO o.a.j.t.JMeterThread: Thread finished: Thread Group 1-137
2020-05-02 18:46:41,988 INFO o.a.j.t.JMeterThread: Stopping because end time detected by thread: Thread Group 1-88
2020-05-02 18:46:41,991 INFO o.a.j.t.JMeterThread: Thread finished: Thread Group 1-88
2020-05-02 18:46:41,991 INFO o.a.j.t.JMeterThread: Stopping because end time detected by thread: Thread Group 1-23
2020-05-02 18:46:41,991 INFO o.a.j.t.JMeterThread: Stopping because end time detected by thread: Thread Group 1-133
2020-05-02 18:46:41,991 INFO o.a.j.t.JMeterThread: Thread finished: Thread Group 1-23
2020-05-02 18:46:41,991 INFO o.a.j.t.JMeterThread: Thread finished: Thread Group 1-133
2020-05-02 18:46:41,988 INFO o.a.j.t.JMeterThread: Stopping because end time detected by thread: Thread Group 1-111
2020-05-02 18:46:41,986 INFO o.a.j.t.JMeterThread: Stopping because end time detected by thread: Thread Group 1-116
2020-05-02 18:46:41,997 INFO o.a.j.t.JMeterThread: Stopping because end time detected by thread: Thread Group 1-115
2020-05-02 18:46:41,993 INFO o.a.j.t.JMeterThread: Stopping because end time detected by thread: Thread Group 1-152
2020-05-02 18:46:41,993 INFO o.a.j.t.JMeterThread: Thread finished: Thread Group 1-111
2020-05-02 18:46:41,989 INFO o.a.j.t.JMeterThread: Thread finished: Thread Group 1-67
2020-05-02 18:46:41,997 INFO o.a.j.t.JMeterThread: Thread finished: Thread Group 1-152
2020-05-02 18:46:41,997 INFO o.a.j.t.JMeterThread: Thread finished: Thread Group 1-115
2020-05-02 18:46:41,997 INFO o.a.j.t.JMeterThread: Thread finished: Thread Group 1-116
2020-05-02 18:46:42,002 INFO o.a.j.t.JMeterThread: Stopping because end time detected by thread: Thread Group 1-93
2020-05-02 18:46:42,002 INFO o.a.j.t.JMeterThread: Thread finished: Thread Group 1-93
2020-05-02 18:46:42,003 INFO o.a.j.e.StandardJMeterEngine: Notifying test listeners of end of test
2020-05-02 18:46:42,004 INFO o.a.j.r.Summariser: summary +   1915 in 00:00:12 =  159.5/s Avg:  1102 Min:    21 Max:  6095 Err:     0 (0.00%) Active: 0 Started: 160 Finished: 160
2020-05-02 18:46:42,005 INFO o.a.j.r.Summariser: summary =  91172 in 00:10:26 =  145.6/s Avg:  1075 Min:    18 Max: 20597 Err:     0 (0.00%)
