2020-05-09 17:28:01,877 INFO o.a.j.u.JMeterUtils: Setting Locale to en_US
2020-05-09 17:28:01,917 INFO o.a.j.JMeter: Loading user properties from: /home/pablo/jmeter/bin/user.properties
2020-05-09 17:28:01,918 INFO o.a.j.JMeter: Loading system properties from: /home/pablo/jmeter/bin/system.properties
2020-05-09 17:28:01,919 INFO o.a.j.JMeter: Setting System property: HILOS=160
2020-05-09 17:28:01,919 INFO o.a.j.JMeter: Setting System property: SUBIDA=25
2020-05-09 17:28:01,919 INFO o.a.j.JMeter: Setting System property: DURACION=625
2020-05-09 17:28:01,920 INFO o.a.j.JMeter: Setting System property: FILE=scriptresultsPerfmon160.jtl
2020-05-09 17:28:01,922 INFO o.a.j.JMeter: Copyright (c) 1998-2019 The Apache Software Foundation
2020-05-09 17:28:01,923 INFO o.a.j.JMeter: Version 5.2.1
2020-05-09 17:28:01,923 INFO o.a.j.JMeter: java.version=1.8.0_201
2020-05-09 17:28:01,923 INFO o.a.j.JMeter: java.vm.name=Java HotSpot(TM) 64-Bit Server VM
2020-05-09 17:28:01,923 INFO o.a.j.JMeter: os.name=Linux
2020-05-09 17:28:01,924 INFO o.a.j.JMeter: os.arch=amd64
2020-05-09 17:28:01,924 INFO o.a.j.JMeter: os.version=4.15.0-99-generic
2020-05-09 17:28:01,924 INFO o.a.j.JMeter: file.encoding=UTF-8
2020-05-09 17:28:01,924 INFO o.a.j.JMeter: java.awt.headless=true
2020-05-09 17:28:01,925 INFO o.a.j.JMeter: Max memory     =732954624
2020-05-09 17:28:01,925 INFO o.a.j.JMeter: Available Processors =4
2020-05-09 17:28:01,934 INFO o.a.j.JMeter: Default Locale=English (United States)
2020-05-09 17:28:01,934 INFO o.a.j.JMeter: JMeter  Locale=English (United States)
2020-05-09 17:28:01,935 INFO o.a.j.JMeter: JMeterHome=/home/pablo/jmeter
2020-05-09 17:28:01,935 INFO o.a.j.JMeter: user.dir  =/home/pablo/jmeter/bin/EJECUCIONES/P3_V3
2020-05-09 17:28:01,935 INFO o.a.j.JMeter: PWD       =/home/pablo/jmeter/bin/EJECUCIONES/P3_V3
2020-05-09 17:28:01,936 INFO o.a.j.JMeter: IP: 127.0.1.1 Name: hylianpablo FullName: hylianpablo
2020-05-09 17:28:01,947 INFO o.a.j.s.FileServer: Default base='/home/pablo/jmeter/bin/EJECUCIONES/P3_V3'
2020-05-09 17:28:01,962 INFO o.a.j.s.FileServer: Set new base='/home/pablo/jmeter/bin/EJECUCIONES/P3_V3/..'
2020-05-09 17:28:02,290 INFO o.a.j.s.SaveService: Testplan (JMX) version: 2.2. Testlog (JTL) version: 2.2
2020-05-09 17:28:02,316 INFO o.a.j.s.SaveService: Using SaveService properties file encoding UTF-8
2020-05-09 17:28:02,331 INFO o.a.j.s.SaveService: Using SaveService properties version 5.0
2020-05-09 17:28:02,351 INFO o.a.j.s.SaveService: Loading file: ../RecordP3_V2.jmx
2020-05-09 17:28:02,433 INFO o.a.j.p.h.c.CookieManager: Settings: Delete null: true Check: true Allow variable: true Save: false Prefix: COOKIE_
2020-05-09 17:28:02,484 INFO o.a.j.p.h.s.HTTPSamplerBase: Parser for text/html is org.apache.jmeter.protocol.http.parser.LagartoBasedHtmlParser
2020-05-09 17:28:02,484 INFO o.a.j.p.h.s.HTTPSamplerBase: Parser for application/xhtml+xml is org.apache.jmeter.protocol.http.parser.LagartoBasedHtmlParser
2020-05-09 17:28:02,484 INFO o.a.j.p.h.s.HTTPSamplerBase: Parser for application/xml is org.apache.jmeter.protocol.http.parser.LagartoBasedHtmlParser
2020-05-09 17:28:02,485 INFO o.a.j.p.h.s.HTTPSamplerBase: Parser for text/xml is org.apache.jmeter.protocol.http.parser.LagartoBasedHtmlParser
2020-05-09 17:28:02,485 INFO o.a.j.p.h.s.HTTPSamplerBase: Parser for text/vnd.wap.wml is org.apache.jmeter.protocol.http.parser.RegexpHTMLParser
2020-05-09 17:28:02,485 INFO o.a.j.p.h.s.HTTPSamplerBase: Parser for text/css is org.apache.jmeter.protocol.http.parser.CssParser
2020-05-09 17:28:02,606 INFO o.a.j.JMeter: Creating summariser <summary>
2020-05-09 17:28:02,621 INFO o.a.j.e.StandardJMeterEngine: Running the test!
2020-05-09 17:28:02,623 INFO o.a.j.s.SampleEvent: List of sample_variables: []
2020-05-09 17:28:02,624 INFO o.a.j.s.SampleEvent: List of sample_variables: []
2020-05-09 17:28:02,639 INFO o.a.j.e.u.CompoundVariable: Note: Function class names must contain the string: '.functions.'
2020-05-09 17:28:02,640 INFO o.a.j.e.u.CompoundVariable: Note: Function class names must not contain the string: '.gui.'
2020-05-09 17:28:03,636 INFO o.a.j.JMeter: Running test (1589038083635)
2020-05-09 17:28:03,746 INFO o.a.j.e.StandardJMeterEngine: Starting ThreadGroup: 1 : Thread Group
2020-05-09 17:28:03,747 INFO o.a.j.e.StandardJMeterEngine: Starting 160 threads for group Thread Group.
2020-05-09 17:28:03,747 INFO o.a.j.e.StandardJMeterEngine: Thread will continue on error
2020-05-09 17:28:03,748 INFO o.a.j.t.ThreadGroup: Starting thread group... number=1 threads=160 ramp-up=25 delayedStart=false
2020-05-09 17:28:03,772 INFO o.a.j.t.JMeterThread: Thread started: Thread Group 1-1
2020-05-09 17:28:03,879 INFO o.a.j.p.h.s.HTTPHCAbstractImpl: Local host = hylianpablo
2020-05-09 17:28:03,897 INFO o.a.j.p.h.s.HTTPHC4Impl: HTTP request retry count = 0
2020-05-09 17:28:03,902 INFO o.a.j.s.SampleResult: Note: Sample TimeStamps are START times
2020-05-09 17:28:03,902 INFO o.a.j.s.SampleResult: sampleresult.default.encoding is set to ISO-8859-1
2020-05-09 17:28:03,902 INFO o.a.j.s.SampleResult: sampleresult.useNanoTime=true
2020-05-09 17:28:03,903 INFO o.a.j.s.SampleResult: sampleresult.nanoThreadSleep=5000
2020-05-09 17:28:03,913 INFO o.a.j.t.JMeterThread: Thread started: Thread Group 1-2
2020-05-09 17:28:04,069 INFO o.a.j.t.JMeterThread: Thread started: Thread Group 1-3
2020-05-09 17:28:04,223 INFO o.a.j.t.JMeterThread: Thread started: Thread Group 1-4
2020-05-09 17:28:04,266 INFO o.a.j.t.ThreadGroup: Started thread group number 1
2020-05-09 17:28:04,267 INFO o.a.j.e.StandardJMeterEngine: All thread groups have been started
2020-05-09 17:28:04,362 INFO o.a.j.r.Summariser: summary +      1 in 00:00:01 =    1.4/s Avg:   186 Min:   186 Max:   186 Err:     0 (0.00%) Active: 4 Started: 4 Finished: 0
2020-05-09 17:28:04,381 INFO o.a.j.t.JMeterThread: Thread started: Thread Group 1-5
2020-05-09 17:28:04,535 INFO o.a.j.t.JMeterThread: Thread started: Thread Group 1-6
2020-05-09 17:28:04,691 INFO o.a.j.t.JMeterThread: Thread started: Thread Group 1-7
2020-05-09 17:28:04,846 INFO o.a.j.t.JMeterThread: Thread started: Thread Group 1-8
2020-05-09 17:28:05,001 INFO o.a.j.t.JMeterThread: Thread started: Thread Group 1-9
2020-05-09 17:28:05,167 INFO o.a.j.t.JMeterThread: Thread started: Thread Group 1-10
2020-05-09 17:28:05,316 INFO o.a.j.t.JMeterThread: Thread started: Thread Group 1-11
2020-05-09 17:28:05,476 INFO o.a.j.t.JMeterThread: Thread started: Thread Group 1-12
2020-05-09 17:28:05,628 INFO o.a.j.t.JMeterThread: Thread started: Thread Group 1-13
2020-05-09 17:28:05,786 INFO o.a.j.t.JMeterThread: Thread started: Thread Group 1-14
2020-05-09 17:28:05,937 INFO o.a.j.t.JMeterThread: Thread started: Thread Group 1-15
2020-05-09 17:28:06,095 INFO o.a.j.t.JMeterThread: Thread started: Thread Group 1-16
2020-05-09 17:28:06,258 INFO o.a.j.t.JMeterThread: Thread started: Thread Group 1-17
2020-05-09 17:28:06,406 INFO o.a.j.t.JMeterThread: Thread started: Thread Group 1-18
2020-05-09 17:28:06,566 INFO o.a.j.t.JMeterThread: Thread started: Thread Group 1-19
2020-05-09 17:28:06,717 INFO o.a.j.t.JMeterThread: Thread started: Thread Group 1-20
2020-05-09 17:28:06,874 INFO o.a.j.t.JMeterThread: Thread started: Thread Group 1-21
2020-05-09 17:28:07,036 INFO o.a.j.t.JMeterThread: Thread started: Thread Group 1-22
2020-05-09 17:28:07,185 INFO o.a.j.t.JMeterThread: Thread started: Thread Group 1-23
2020-05-09 17:28:07,346 INFO o.a.j.t.JMeterThread: Thread started: Thread Group 1-24
2020-05-09 17:28:07,498 INFO o.a.j.t.JMeterThread: Thread started: Thread Group 1-25
2020-05-09 17:28:07,653 INFO o.a.j.t.JMeterThread: Thread started: Thread Group 1-26
2020-05-09 17:28:07,809 INFO o.a.j.t.JMeterThread: Thread started: Thread Group 1-27
2020-05-09 17:28:07,962 INFO o.a.j.t.JMeterThread: Thread started: Thread Group 1-28
2020-05-09 17:28:08,120 INFO o.a.j.t.JMeterThread: Thread started: Thread Group 1-29
2020-05-09 17:28:08,302 INFO o.a.j.t.JMeterThread: Thread started: Thread Group 1-30
2020-05-09 17:28:08,430 INFO o.a.j.t.JMeterThread: Thread started: Thread Group 1-31
2020-05-09 17:28:08,586 INFO o.a.j.t.JMeterThread: Thread started: Thread Group 1-32
2020-05-09 17:28:08,742 INFO o.a.j.t.JMeterThread: Thread started: Thread Group 1-33
2020-05-09 17:28:08,898 INFO o.a.j.t.JMeterThread: Thread started: Thread Group 1-34
2020-05-09 17:28:09,058 INFO o.a.j.t.JMeterThread: Thread started: Thread Group 1-35
2020-05-09 17:28:09,213 INFO o.a.j.t.JMeterThread: Thread started: Thread Group 1-36
2020-05-09 17:28:09,370 INFO o.a.j.t.JMeterThread: Thread started: Thread Group 1-37
2020-05-09 17:28:09,522 INFO o.a.j.t.JMeterThread: Thread started: Thread Group 1-38
2020-05-09 17:28:09,679 INFO o.a.j.t.JMeterThread: Thread started: Thread Group 1-39
2020-05-09 17:28:09,836 INFO o.a.j.t.JMeterThread: Thread started: Thread Group 1-40
2020-05-09 17:28:09,992 INFO o.a.j.t.JMeterThread: Thread started: Thread Group 1-41
2020-05-09 17:28:10,157 INFO o.a.j.t.JMeterThread: Thread started: Thread Group 1-42
2020-05-09 17:28:10,311 INFO o.a.j.t.JMeterThread: Thread started: Thread Group 1-43
2020-05-09 17:28:10,466 INFO o.a.j.t.JMeterThread: Thread started: Thread Group 1-44
2020-05-09 17:28:10,616 INFO o.a.j.t.JMeterThread: Thread started: Thread Group 1-45
2020-05-09 17:28:10,773 INFO o.a.j.t.JMeterThread: Thread started: Thread Group 1-46
2020-05-09 17:28:10,927 INFO o.a.j.t.JMeterThread: Thread started: Thread Group 1-47
2020-05-09 17:28:11,085 INFO o.a.j.t.JMeterThread: Thread started: Thread Group 1-48
2020-05-09 17:28:11,253 INFO o.a.j.t.JMeterThread: Thread started: Thread Group 1-49
2020-05-09 17:28:11,397 INFO o.a.j.t.JMeterThread: Thread started: Thread Group 1-50
2020-05-09 17:28:11,553 INFO o.a.j.t.JMeterThread: Thread started: Thread Group 1-51
2020-05-09 17:28:11,708 INFO o.a.j.t.JMeterThread: Thread started: Thread Group 1-52
2020-05-09 17:28:11,862 INFO o.a.j.t.JMeterThread: Thread started: Thread Group 1-53
2020-05-09 17:28:12,020 INFO o.a.j.t.JMeterThread: Thread started: Thread Group 1-54
2020-05-09 17:28:12,176 INFO o.a.j.t.JMeterThread: Thread started: Thread Group 1-55
2020-05-09 17:28:12,333 INFO o.a.j.t.JMeterThread: Thread started: Thread Group 1-56
2020-05-09 17:28:12,496 INFO o.a.j.t.JMeterThread: Thread started: Thread Group 1-57
2020-05-09 17:28:12,659 INFO o.a.j.t.JMeterThread: Thread started: Thread Group 1-58
2020-05-09 17:28:12,814 INFO o.a.j.t.JMeterThread: Thread started: Thread Group 1-59
2020-05-09 17:28:12,969 INFO o.a.j.t.JMeterThread: Thread started: Thread Group 1-60
2020-05-09 17:28:13,116 INFO o.a.j.t.JMeterThread: Thread started: Thread Group 1-61
2020-05-09 17:28:13,270 INFO o.a.j.t.JMeterThread: Thread started: Thread Group 1-62
2020-05-09 17:28:13,457 INFO o.a.j.t.JMeterThread: Thread started: Thread Group 1-63
2020-05-09 17:28:13,608 INFO o.a.j.t.JMeterThread: Thread started: Thread Group 1-64
2020-05-09 17:28:13,762 INFO o.a.j.t.JMeterThread: Thread started: Thread Group 1-65
2020-05-09 17:28:14,069 INFO o.a.j.t.JMeterThread: Thread started: Thread Group 1-67
2020-05-09 17:28:14,061 INFO o.a.j.t.JMeterThread: Thread started: Thread Group 1-66
2020-05-09 17:28:14,217 INFO o.a.j.t.JMeterThread: Thread started: Thread Group 1-68
2020-05-09 17:28:14,370 INFO o.a.j.t.JMeterThread: Thread started: Thread Group 1-69
2020-05-09 17:28:14,525 INFO o.a.j.t.JMeterThread: Thread started: Thread Group 1-70
2020-05-09 17:28:14,680 INFO o.a.j.t.JMeterThread: Thread started: Thread Group 1-71
2020-05-09 17:28:14,834 INFO o.a.j.t.JMeterThread: Thread started: Thread Group 1-72
2020-05-09 17:28:14,989 INFO o.a.j.t.JMeterThread: Thread started: Thread Group 1-73
2020-05-09 17:28:15,141 INFO o.a.j.t.JMeterThread: Thread started: Thread Group 1-74
2020-05-09 17:28:15,295 INFO o.a.j.t.JMeterThread: Thread started: Thread Group 1-75
2020-05-09 17:28:15,451 INFO o.a.j.t.JMeterThread: Thread started: Thread Group 1-76
2020-05-09 17:28:15,610 INFO o.a.j.t.JMeterThread: Thread started: Thread Group 1-77
2020-05-09 17:28:15,769 INFO o.a.j.t.JMeterThread: Thread started: Thread Group 1-78
2020-05-09 17:28:15,929 INFO o.a.j.t.JMeterThread: Thread started: Thread Group 1-79
2020-05-09 17:28:16,077 INFO o.a.j.t.JMeterThread: Thread started: Thread Group 1-80
2020-05-09 17:28:16,231 INFO o.a.j.t.JMeterThread: Thread started: Thread Group 1-81
2020-05-09 17:28:16,387 INFO o.a.j.t.JMeterThread: Thread started: Thread Group 1-82
2020-05-09 17:28:16,543 INFO o.a.j.t.JMeterThread: Thread started: Thread Group 1-83
2020-05-09 17:28:16,699 INFO o.a.j.t.JMeterThread: Thread started: Thread Group 1-84
2020-05-09 17:28:16,857 INFO o.a.j.t.JMeterThread: Thread started: Thread Group 1-85
2020-05-09 17:28:17,012 INFO o.a.j.t.JMeterThread: Thread started: Thread Group 1-86
2020-05-09 17:28:17,168 INFO o.a.j.t.JMeterThread: Thread started: Thread Group 1-87
2020-05-09 17:28:17,323 INFO o.a.j.t.JMeterThread: Thread started: Thread Group 1-88
2020-05-09 17:28:17,479 INFO o.a.j.t.JMeterThread: Thread started: Thread Group 1-89
2020-05-09 17:28:17,635 INFO o.a.j.t.JMeterThread: Thread started: Thread Group 1-90
2020-05-09 17:28:17,791 INFO o.a.j.t.JMeterThread: Thread started: Thread Group 1-91
2020-05-09 17:28:17,947 INFO o.a.j.t.JMeterThread: Thread started: Thread Group 1-92
2020-05-09 17:28:18,104 INFO o.a.j.t.JMeterThread: Thread started: Thread Group 1-93
2020-05-09 17:28:18,262 INFO o.a.j.t.JMeterThread: Thread started: Thread Group 1-94
2020-05-09 17:28:18,416 INFO o.a.j.t.JMeterThread: Thread started: Thread Group 1-95
2020-05-09 17:28:18,580 INFO o.a.j.t.JMeterThread: Thread started: Thread Group 1-96
2020-05-09 17:28:18,732 INFO o.a.j.t.JMeterThread: Thread started: Thread Group 1-97
2020-05-09 17:28:18,889 INFO o.a.j.t.JMeterThread: Thread started: Thread Group 1-98
2020-05-09 17:28:19,043 INFO o.a.j.t.JMeterThread: Thread started: Thread Group 1-99
2020-05-09 17:28:19,195 INFO o.a.j.t.JMeterThread: Thread started: Thread Group 1-100
2020-05-09 17:28:19,377 INFO o.a.j.t.JMeterThread: Thread started: Thread Group 1-101
2020-05-09 17:28:19,529 INFO o.a.j.t.JMeterThread: Thread started: Thread Group 1-102
2020-05-09 17:28:19,688 INFO o.a.j.t.JMeterThread: Thread started: Thread Group 1-103
2020-05-09 17:28:19,821 INFO o.a.j.t.JMeterThread: Thread started: Thread Group 1-104
2020-05-09 17:28:20,104 INFO o.a.j.t.JMeterThread: Thread started: Thread Group 1-105
2020-05-09 17:28:20,135 INFO o.a.j.t.JMeterThread: Thread started: Thread Group 1-106
2020-05-09 17:28:20,288 INFO o.a.j.t.JMeterThread: Thread started: Thread Group 1-107
2020-05-09 17:28:20,443 INFO o.a.j.t.JMeterThread: Thread started: Thread Group 1-108
2020-05-09 17:28:20,610 INFO o.a.j.t.JMeterThread: Thread started: Thread Group 1-109
2020-05-09 17:28:20,762 INFO o.a.j.t.JMeterThread: Thread started: Thread Group 1-110
2020-05-09 17:28:20,918 INFO o.a.j.t.JMeterThread: Thread started: Thread Group 1-111
2020-05-09 17:28:21,067 INFO o.a.j.t.JMeterThread: Thread started: Thread Group 1-112
2020-05-09 17:28:21,222 INFO o.a.j.t.JMeterThread: Thread started: Thread Group 1-113
2020-05-09 17:28:21,378 INFO o.a.j.t.JMeterThread: Thread started: Thread Group 1-114
2020-05-09 17:28:21,534 INFO o.a.j.t.JMeterThread: Thread started: Thread Group 1-115
2020-05-09 17:28:21,691 INFO o.a.j.t.JMeterThread: Thread started: Thread Group 1-116
2020-05-09 17:28:21,847 INFO o.a.j.t.JMeterThread: Thread started: Thread Group 1-117
2020-05-09 17:28:22,007 INFO o.a.j.t.JMeterThread: Thread started: Thread Group 1-118
2020-05-09 17:28:22,173 INFO o.a.j.t.JMeterThread: Thread started: Thread Group 1-119
2020-05-09 17:28:22,329 INFO o.a.j.t.JMeterThread: Thread started: Thread Group 1-120
2020-05-09 17:28:22,476 INFO o.a.j.t.JMeterThread: Thread started: Thread Group 1-121
2020-05-09 17:28:22,628 INFO o.a.j.t.JMeterThread: Thread started: Thread Group 1-122
2020-05-09 17:28:22,784 INFO o.a.j.t.JMeterThread: Thread started: Thread Group 1-123
2020-05-09 17:28:22,942 INFO o.a.j.t.JMeterThread: Thread started: Thread Group 1-124
2020-05-09 17:28:23,099 INFO o.a.j.t.JMeterThread: Thread started: Thread Group 1-125
2020-05-09 17:28:23,253 INFO o.a.j.t.JMeterThread: Thread started: Thread Group 1-126
2020-05-09 17:28:23,415 INFO o.a.j.t.JMeterThread: Thread started: Thread Group 1-127
2020-05-09 17:28:23,564 INFO o.a.j.t.JMeterThread: Thread started: Thread Group 1-128
2020-05-09 17:28:23,719 INFO o.a.j.t.JMeterThread: Thread started: Thread Group 1-129
2020-05-09 17:28:23,874 INFO o.a.j.t.JMeterThread: Thread started: Thread Group 1-130
2020-05-09 17:28:24,031 INFO o.a.j.t.JMeterThread: Thread started: Thread Group 1-131
2020-05-09 17:28:24,187 INFO o.a.j.t.JMeterThread: Thread started: Thread Group 1-132
2020-05-09 17:28:24,344 INFO o.a.j.t.JMeterThread: Thread started: Thread Group 1-133
2020-05-09 17:28:24,506 INFO o.a.j.t.JMeterThread: Thread started: Thread Group 1-134
2020-05-09 17:28:24,662 INFO o.a.j.t.JMeterThread: Thread started: Thread Group 1-135
2020-05-09 17:28:24,817 INFO o.a.j.t.JMeterThread: Thread started: Thread Group 1-136
2020-05-09 17:28:24,969 INFO o.a.j.t.JMeterThread: Thread started: Thread Group 1-137
2020-05-09 17:28:25,126 INFO o.a.j.t.JMeterThread: Thread started: Thread Group 1-138
2020-05-09 17:28:25,277 INFO o.a.j.t.JMeterThread: Thread started: Thread Group 1-139
2020-05-09 17:28:25,440 INFO o.a.j.t.JMeterThread: Thread started: Thread Group 1-140
2020-05-09 17:28:25,594 INFO o.a.j.t.JMeterThread: Thread started: Thread Group 1-141
2020-05-09 17:28:25,752 INFO o.a.j.t.JMeterThread: Thread started: Thread Group 1-142
2020-05-09 17:28:25,905 INFO o.a.j.t.JMeterThread: Thread started: Thread Group 1-143
2020-05-09 17:28:26,060 INFO o.a.j.t.JMeterThread: Thread started: Thread Group 1-144
2020-05-09 17:28:26,219 INFO o.a.j.t.JMeterThread: Thread started: Thread Group 1-145
2020-05-09 17:28:26,372 INFO o.a.j.t.JMeterThread: Thread started: Thread Group 1-146
2020-05-09 17:28:26,527 INFO o.a.j.t.JMeterThread: Thread started: Thread Group 1-147
2020-05-09 17:28:26,682 INFO o.a.j.t.JMeterThread: Thread started: Thread Group 1-148
2020-05-09 17:28:26,839 INFO o.a.j.t.JMeterThread: Thread started: Thread Group 1-149
2020-05-09 17:28:27,068 INFO o.a.j.t.JMeterThread: Thread started: Thread Group 1-150
2020-05-09 17:28:27,149 INFO o.a.j.t.JMeterThread: Thread started: Thread Group 1-151
2020-05-09 17:28:27,306 INFO o.a.j.t.JMeterThread: Thread started: Thread Group 1-152
2020-05-09 17:28:27,463 INFO o.a.j.t.JMeterThread: Thread started: Thread Group 1-153
2020-05-09 17:28:27,618 INFO o.a.j.t.JMeterThread: Thread started: Thread Group 1-154
2020-05-09 17:28:27,774 INFO o.a.j.t.JMeterThread: Thread started: Thread Group 1-155
2020-05-09 17:28:27,931 INFO o.a.j.t.JMeterThread: Thread started: Thread Group 1-156
2020-05-09 17:28:28,087 INFO o.a.j.t.JMeterThread: Thread started: Thread Group 1-157
2020-05-09 17:28:28,242 INFO o.a.j.t.JMeterThread: Thread started: Thread Group 1-158
2020-05-09 17:28:28,398 INFO o.a.j.t.JMeterThread: Thread started: Thread Group 1-159
2020-05-09 17:28:28,559 INFO o.a.j.t.JMeterThread: Thread started: Thread Group 1-160
2020-05-09 17:28:30,029 INFO o.a.j.r.Summariser: summary +    705 in 00:00:26 =   27.5/s Avg:  1250 Min:    34 Max: 18901 Err:     0 (0.00%) Active: 160 Started: 160 Finished: 0
2020-05-09 17:28:30,030 INFO o.a.j.r.Summariser: summary =    706 in 00:00:26 =   26.7/s Avg:  1249 Min:    34 Max: 18901 Err:     0 (0.00%)
2020-05-09 17:29:00,097 INFO o.a.j.r.Summariser: summary +    475 in 00:00:30 =   15.8/s Avg:  7313 Min:   256 Max: 39807 Err:     0 (0.00%) Active: 160 Started: 160 Finished: 0
2020-05-09 17:29:00,098 INFO o.a.j.r.Summariser: summary =   1181 in 00:00:56 =   20.9/s Avg:  3688 Min:    34 Max: 39807 Err:     0 (0.00%)
2020-05-09 17:29:30,011 INFO o.a.j.r.Summariser: summary +    743 in 00:00:30 =   24.8/s Avg:  6483 Min:   204 Max: 56365 Err:     0 (0.00%) Active: 160 Started: 160 Finished: 0
2020-05-09 17:29:30,012 INFO o.a.j.r.Summariser: summary =   1924 in 00:01:26 =   22.3/s Avg:  4767 Min:    34 Max: 56365 Err:     0 (0.00%)
2020-05-09 17:30:00,008 INFO o.a.j.r.Summariser: summary +    634 in 00:00:30 =   21.1/s Avg:  7180 Min:   284 Max: 65966 Err:     0 (0.00%) Active: 160 Started: 160 Finished: 0
2020-05-09 17:30:00,009 INFO o.a.j.r.Summariser: summary =   2558 in 00:01:56 =   22.0/s Avg:  5365 Min:    34 Max: 65966 Err:     0 (0.00%)
2020-05-09 17:30:30,005 INFO o.a.j.r.Summariser: summary +    543 in 00:00:30 =   18.1/s Avg:  8442 Min:   258 Max: 66396 Err:     0 (0.00%) Active: 160 Started: 160 Finished: 0
2020-05-09 17:30:30,005 INFO o.a.j.r.Summariser: summary =   3101 in 00:02:26 =   21.2/s Avg:  5904 Min:    34 Max: 66396 Err:     0 (0.00%)
2020-05-09 17:31:00,064 INFO o.a.j.r.Summariser: summary +    730 in 00:00:30 =   24.3/s Avg:  7413 Min:   150 Max: 84284 Err:     0 (0.00%) Active: 160 Started: 160 Finished: 0
2020-05-09 17:31:00,065 INFO o.a.j.r.Summariser: summary =   3831 in 00:02:56 =   21.7/s Avg:  6191 Min:    34 Max: 84284 Err:     0 (0.00%)
2020-05-09 17:31:30,062 INFO o.a.j.r.Summariser: summary +    678 in 00:00:30 =   22.6/s Avg:  6853 Min:   256 Max: 63637 Err:     0 (0.00%) Active: 160 Started: 160 Finished: 0
2020-05-09 17:31:30,063 INFO o.a.j.r.Summariser: summary =   4509 in 00:03:26 =   21.8/s Avg:  6291 Min:    34 Max: 84284 Err:     0 (0.00%)
2020-05-09 17:32:00,190 INFO o.a.j.r.Summariser: summary +    770 in 00:00:30 =   25.6/s Avg:  6709 Min:   232 Max: 72117 Err:     0 (0.00%) Active: 160 Started: 160 Finished: 0
2020-05-09 17:32:00,191 INFO o.a.j.r.Summariser: summary =   5279 in 00:03:57 =   22.3/s Avg:  6352 Min:    34 Max: 84284 Err:     0 (0.00%)
2020-05-09 17:32:30,072 INFO o.a.j.r.Summariser: summary +    683 in 00:00:30 =   22.9/s Avg:  6820 Min:   268 Max: 61152 Err:     0 (0.00%) Active: 160 Started: 160 Finished: 0
2020-05-09 17:32:30,073 INFO o.a.j.r.Summariser: summary =   5962 in 00:04:26 =   22.4/s Avg:  6406 Min:    34 Max: 84284 Err:     0 (0.00%)
2020-05-09 17:33:00,058 INFO o.a.j.r.Summariser: summary +    701 in 00:00:30 =   23.4/s Avg:  6793 Min:   211 Max: 54905 Err:     0 (0.00%) Active: 160 Started: 160 Finished: 0
2020-05-09 17:33:00,059 INFO o.a.j.r.Summariser: summary =   6663 in 00:04:56 =   22.5/s Avg:  6446 Min:    34 Max: 84284 Err:     0 (0.00%)
2020-05-09 17:33:30,015 INFO o.a.j.r.Summariser: summary +    787 in 00:00:30 =   26.3/s Avg:  6110 Min:   248 Max: 55965 Err:     0 (0.00%) Active: 160 Started: 160 Finished: 0
2020-05-09 17:33:30,015 INFO o.a.j.r.Summariser: summary =   7450 in 00:05:26 =   22.8/s Avg:  6411 Min:    34 Max: 84284 Err:     0 (0.00%)
2020-05-09 17:34:00,160 INFO o.a.j.r.Summariser: summary +    730 in 00:00:30 =   24.2/s Avg:  6386 Min:   253 Max: 57482 Err:     0 (0.00%) Active: 160 Started: 160 Finished: 0
2020-05-09 17:34:00,161 INFO o.a.j.r.Summariser: summary =   8180 in 00:05:57 =   22.9/s Avg:  6409 Min:    34 Max: 84284 Err:     0 (0.00%)
2020-05-09 17:34:30,008 INFO o.a.j.r.Summariser: summary +    666 in 00:00:30 =   22.3/s Avg:  7312 Min:   187 Max: 67355 Err:     0 (0.00%) Active: 160 Started: 160 Finished: 0
2020-05-09 17:34:30,009 INFO o.a.j.r.Summariser: summary =   8846 in 00:06:26 =   22.9/s Avg:  6477 Min:    34 Max: 84284 Err:     0 (0.00%)
2020-05-09 17:35:00,002 INFO o.a.j.r.Summariser: summary +    819 in 00:00:30 =   27.3/s Avg:  5880 Min:   206 Max: 61505 Err:     0 (0.00%) Active: 160 Started: 160 Finished: 0
2020-05-09 17:35:00,003 INFO o.a.j.r.Summariser: summary =   9665 in 00:06:56 =   23.2/s Avg:  6426 Min:    34 Max: 84284 Err:     0 (0.00%)
2020-05-09 17:35:30,032 INFO o.a.j.r.Summariser: summary +    684 in 00:00:30 =   22.8/s Avg:  7006 Min:   246 Max: 61969 Err:     0 (0.00%) Active: 160 Started: 160 Finished: 0
2020-05-09 17:35:30,033 INFO o.a.j.r.Summariser: summary =  10349 in 00:07:26 =   23.2/s Avg:  6464 Min:    34 Max: 84284 Err:     0 (0.00%)
2020-05-09 17:36:00,013 INFO o.a.j.r.Summariser: summary +    779 in 00:00:30 =   26.0/s Avg:  6465 Min:   272 Max: 63497 Err:     0 (0.00%) Active: 160 Started: 160 Finished: 0
2020-05-09 17:36:00,014 INFO o.a.j.r.Summariser: summary =  11128 in 00:07:56 =   23.4/s Avg:  6464 Min:    34 Max: 84284 Err:     0 (0.00%)
2020-05-09 17:36:30,017 INFO o.a.j.r.Summariser: summary +    725 in 00:00:30 =   24.2/s Avg:  6445 Min:   257 Max: 59903 Err:     0 (0.00%) Active: 160 Started: 160 Finished: 0
2020-05-09 17:36:30,017 INFO o.a.j.r.Summariser: summary =  11853 in 00:08:26 =   23.4/s Avg:  6463 Min:    34 Max: 84284 Err:     0 (0.00%)
2020-05-09 17:37:00,080 INFO o.a.j.r.Summariser: summary +    767 in 00:00:30 =   25.5/s Avg:  6331 Min:   247 Max: 55677 Err:     0 (0.00%) Active: 160 Started: 160 Finished: 0
2020-05-09 17:37:00,081 INFO o.a.j.r.Summariser: summary =  12620 in 00:08:56 =   23.5/s Avg:  6455 Min:    34 Max: 84284 Err:     0 (0.00%)
2020-05-09 17:37:30,097 INFO o.a.j.r.Summariser: summary +    738 in 00:00:30 =   24.6/s Avg:  6350 Min:   235 Max: 74746 Err:     0 (0.00%) Active: 160 Started: 160 Finished: 0
2020-05-09 17:37:30,098 INFO o.a.j.r.Summariser: summary =  13358 in 00:09:26 =   23.6/s Avg:  6449 Min:    34 Max: 84284 Err:     0 (0.00%)
2020-05-09 17:38:00,007 INFO o.a.j.r.Summariser: summary +    761 in 00:00:30 =   25.4/s Avg:  6629 Min:   229 Max: 63766 Err:     0 (0.00%) Active: 160 Started: 160 Finished: 0
2020-05-09 17:38:00,008 INFO o.a.j.r.Summariser: summary =  14119 in 00:09:56 =   23.7/s Avg:  6459 Min:    34 Max: 84284 Err:     0 (0.00%)
2020-05-09 17:38:28,824 INFO o.a.j.t.JMeterThread: Stopping because end time detected by thread: Thread Group 1-1
2020-05-09 17:38:28,825 INFO o.a.j.t.JMeterThread: Thread finished: Thread Group 1-1
2020-05-09 17:38:28,885 INFO o.a.j.t.JMeterThread: Stopping because end time detected by thread: Thread Group 1-23
2020-05-09 17:38:28,885 INFO o.a.j.t.JMeterThread: Thread finished: Thread Group 1-23
2020-05-09 17:38:29,055 INFO o.a.j.t.JMeterThread: Stopping because end time detected by thread: Thread Group 1-68
2020-05-09 17:38:29,056 INFO o.a.j.t.JMeterThread: Thread finished: Thread Group 1-68
2020-05-09 17:38:29,132 INFO o.a.j.t.JMeterThread: Stopping because end time detected by thread: Thread Group 1-84
2020-05-09 17:38:29,132 INFO o.a.j.t.JMeterThread: Thread finished: Thread Group 1-84
2020-05-09 17:38:29,276 INFO o.a.j.t.JMeterThread: Stopping because end time detected by thread: Thread Group 1-58
2020-05-09 17:38:29,276 INFO o.a.j.t.JMeterThread: Thread finished: Thread Group 1-58
2020-05-09 17:38:29,403 INFO o.a.j.t.JMeterThread: Stopping because end time detected by thread: Thread Group 1-107
2020-05-09 17:38:29,403 INFO o.a.j.t.JMeterThread: Thread finished: Thread Group 1-107
2020-05-09 17:38:29,435 INFO o.a.j.t.JMeterThread: Stopping because end time detected by thread: Thread Group 1-123
2020-05-09 17:38:29,435 INFO o.a.j.t.JMeterThread: Thread finished: Thread Group 1-123
2020-05-09 17:38:29,459 INFO o.a.j.t.JMeterThread: Stopping because end time detected by thread: Thread Group 1-42
2020-05-09 17:38:29,460 INFO o.a.j.t.JMeterThread: Thread finished: Thread Group 1-42
2020-05-09 17:38:29,512 INFO o.a.j.t.JMeterThread: Stopping because end time detected by thread: Thread Group 1-54
2020-05-09 17:38:29,512 INFO o.a.j.t.JMeterThread: Thread finished: Thread Group 1-54
2020-05-09 17:38:29,585 INFO o.a.j.t.JMeterThread: Stopping because end time detected by thread: Thread Group 1-128
2020-05-09 17:38:29,585 INFO o.a.j.t.JMeterThread: Thread finished: Thread Group 1-128
2020-05-09 17:38:29,603 INFO o.a.j.t.JMeterThread: Stopping because end time detected by thread: Thread Group 1-125
2020-05-09 17:38:29,603 INFO o.a.j.t.JMeterThread: Thread finished: Thread Group 1-125
2020-05-09 17:38:29,700 INFO o.a.j.t.JMeterThread: Stopping because end time detected by thread: Thread Group 1-24
2020-05-09 17:38:29,701 INFO o.a.j.t.JMeterThread: Thread finished: Thread Group 1-24
2020-05-09 17:38:29,739 INFO o.a.j.t.JMeterThread: Stopping because end time detected by thread: Thread Group 1-30
2020-05-09 17:38:29,740 INFO o.a.j.t.JMeterThread: Thread finished: Thread Group 1-30
2020-05-09 17:38:29,780 INFO o.a.j.t.JMeterThread: Stopping because end time detected by thread: Thread Group 1-74
2020-05-09 17:38:29,780 INFO o.a.j.t.JMeterThread: Thread finished: Thread Group 1-74
2020-05-09 17:38:29,824 INFO o.a.j.t.JMeterThread: Stopping because end time detected by thread: Thread Group 1-20
2020-05-09 17:38:29,824 INFO o.a.j.t.JMeterThread: Thread finished: Thread Group 1-20
2020-05-09 17:38:29,850 INFO o.a.j.t.JMeterThread: Stopping because end time detected by thread: Thread Group 1-132
2020-05-09 17:38:29,850 INFO o.a.j.t.JMeterThread: Thread finished: Thread Group 1-132
2020-05-09 17:38:29,964 INFO o.a.j.t.JMeterThread: Stopping because end time detected by thread: Thread Group 1-12
2020-05-09 17:38:29,964 INFO o.a.j.t.JMeterThread: Thread finished: Thread Group 1-12
2020-05-09 17:38:30,013 INFO o.a.j.t.JMeterThread: Stopping because end time detected by thread: Thread Group 1-11
2020-05-09 17:38:30,014 INFO o.a.j.r.Summariser: summary +    747 in 00:00:30 =   24.9/s Avg:  6268 Min:   246 Max: 59322 Err:     0 (0.00%) Active: 143 Started: 160 Finished: 17
2020-05-09 17:38:30,014 INFO o.a.j.t.JMeterThread: Thread finished: Thread Group 1-11
2020-05-09 17:38:30,014 INFO o.a.j.r.Summariser: summary =  14866 in 00:10:26 =   23.7/s Avg:  6449 Min:    34 Max: 84284 Err:     0 (0.00%)
2020-05-09 17:38:30,015 INFO o.a.j.t.JMeterThread: Stopping because end time detected by thread: Thread Group 1-45
2020-05-09 17:38:30,015 INFO o.a.j.t.JMeterThread: Thread finished: Thread Group 1-45
2020-05-09 17:38:30,069 INFO o.a.j.t.JMeterThread: Stopping because end time detected by thread: Thread Group 1-114
2020-05-09 17:38:30,069 INFO o.a.j.t.JMeterThread: Thread finished: Thread Group 1-114
2020-05-09 17:38:30,127 INFO o.a.j.t.JMeterThread: Stopping because end time detected by thread: Thread Group 1-112
2020-05-09 17:38:30,128 INFO o.a.j.t.JMeterThread: Thread finished: Thread Group 1-112
2020-05-09 17:38:30,395 INFO o.a.j.t.JMeterThread: Stopping because end time detected by thread: Thread Group 1-40
2020-05-09 17:38:30,395 INFO o.a.j.t.JMeterThread: Thread finished: Thread Group 1-40
2020-05-09 17:38:30,510 INFO o.a.j.t.JMeterThread: Stopping because end time detected by thread: Thread Group 1-98
2020-05-09 17:38:30,511 INFO o.a.j.t.JMeterThread: Thread finished: Thread Group 1-98
2020-05-09 17:38:30,525 INFO o.a.j.t.JMeterThread: Stopping because end time detected by thread: Thread Group 1-105
2020-05-09 17:38:30,525 INFO o.a.j.t.JMeterThread: Thread finished: Thread Group 1-105
2020-05-09 17:38:30,538 INFO o.a.j.t.JMeterThread: Stopping because end time detected by thread: Thread Group 1-113
2020-05-09 17:38:30,539 INFO o.a.j.t.JMeterThread: Thread finished: Thread Group 1-113
2020-05-09 17:38:30,696 INFO o.a.j.t.JMeterThread: Stopping because end time detected by thread: Thread Group 1-136
2020-05-09 17:38:30,697 INFO o.a.j.t.JMeterThread: Thread finished: Thread Group 1-136
2020-05-09 17:38:30,789 INFO o.a.j.t.JMeterThread: Stopping because end time detected by thread: Thread Group 1-99
2020-05-09 17:38:30,789 INFO o.a.j.t.JMeterThread: Thread finished: Thread Group 1-99
2020-05-09 17:38:30,934 INFO o.a.j.t.JMeterThread: Stopping because end time detected by thread: Thread Group 1-91
2020-05-09 17:38:30,934 INFO o.a.j.t.JMeterThread: Thread finished: Thread Group 1-91
2020-05-09 17:38:30,947 INFO o.a.j.t.JMeterThread: Stopping because end time detected by thread: Thread Group 1-76
2020-05-09 17:38:30,947 INFO o.a.j.t.JMeterThread: Thread finished: Thread Group 1-76
2020-05-09 17:38:30,955 INFO o.a.j.t.JMeterThread: Stopping because end time detected by thread: Thread Group 1-32
2020-05-09 17:38:30,956 INFO o.a.j.t.JMeterThread: Thread finished: Thread Group 1-32
2020-05-09 17:38:30,957 INFO o.a.j.t.JMeterThread: Stopping because end time detected by thread: Thread Group 1-147
2020-05-09 17:38:30,957 INFO o.a.j.t.JMeterThread: Thread finished: Thread Group 1-147
2020-05-09 17:38:31,192 INFO o.a.j.t.JMeterThread: Stopping because end time detected by thread: Thread Group 1-133
2020-05-09 17:38:31,192 INFO o.a.j.t.JMeterThread: Thread finished: Thread Group 1-133
2020-05-09 17:38:31,245 INFO o.a.j.t.JMeterThread: Stopping because end time detected by thread: Thread Group 1-80
2020-05-09 17:38:31,245 INFO o.a.j.t.JMeterThread: Thread finished: Thread Group 1-80
2020-05-09 17:38:31,286 INFO o.a.j.t.JMeterThread: Stopping because end time detected by thread: Thread Group 1-158
2020-05-09 17:38:31,286 INFO o.a.j.t.JMeterThread: Thread finished: Thread Group 1-158
2020-05-09 17:38:31,379 INFO o.a.j.t.JMeterThread: Stopping because end time detected by thread: Thread Group 1-31
2020-05-09 17:38:31,380 INFO o.a.j.t.JMeterThread: Thread finished: Thread Group 1-31
2020-05-09 17:38:31,533 INFO o.a.j.t.JMeterThread: Stopping because end time detected by thread: Thread Group 1-150
2020-05-09 17:38:31,534 INFO o.a.j.t.JMeterThread: Thread finished: Thread Group 1-150
2020-05-09 17:38:31,667 INFO o.a.j.t.JMeterThread: Stopping because end time detected by thread: Thread Group 1-66
2020-05-09 17:38:31,668 INFO o.a.j.t.JMeterThread: Thread finished: Thread Group 1-66
2020-05-09 17:38:31,880 INFO o.a.j.t.JMeterThread: Stopping because end time detected by thread: Thread Group 1-21
2020-05-09 17:38:31,880 INFO o.a.j.t.JMeterThread: Thread finished: Thread Group 1-21
2020-05-09 17:38:32,054 INFO o.a.j.t.JMeterThread: Stopping because end time detected by thread: Thread Group 1-47
2020-05-09 17:38:32,055 INFO o.a.j.t.JMeterThread: Thread finished: Thread Group 1-47
2020-05-09 17:38:32,299 INFO o.a.j.t.JMeterThread: Stopping because end time detected by thread: Thread Group 1-160
2020-05-09 17:38:32,299 INFO o.a.j.t.JMeterThread: Thread finished: Thread Group 1-160
2020-05-09 17:38:32,326 INFO o.a.j.t.JMeterThread: Stopping because end time detected by thread: Thread Group 1-53
2020-05-09 17:38:32,326 INFO o.a.j.t.JMeterThread: Thread finished: Thread Group 1-53
2020-05-09 17:38:32,367 INFO o.a.j.t.JMeterThread: Stopping because end time detected by thread: Thread Group 1-33
2020-05-09 17:38:32,368 INFO o.a.j.t.JMeterThread: Thread finished: Thread Group 1-33
2020-05-09 17:38:32,384 INFO o.a.j.t.JMeterThread: Stopping because end time detected by thread: Thread Group 1-17
2020-05-09 17:38:32,385 INFO o.a.j.t.JMeterThread: Thread finished: Thread Group 1-17
2020-05-09 17:38:32,746 INFO o.a.j.t.JMeterThread: Stopping because end time detected by thread: Thread Group 1-141
2020-05-09 17:38:32,746 INFO o.a.j.t.JMeterThread: Thread finished: Thread Group 1-141
2020-05-09 17:38:33,036 INFO o.a.j.t.JMeterThread: Stopping because end time detected by thread: Thread Group 1-75
2020-05-09 17:38:33,036 INFO o.a.j.t.JMeterThread: Thread finished: Thread Group 1-75
2020-05-09 17:38:33,214 INFO o.a.j.t.JMeterThread: Stopping because end time detected by thread: Thread Group 1-14
2020-05-09 17:38:33,214 INFO o.a.j.t.JMeterThread: Thread finished: Thread Group 1-14
2020-05-09 17:38:33,307 INFO o.a.j.t.JMeterThread: Stopping because end time detected by thread: Thread Group 1-43
2020-05-09 17:38:33,307 INFO o.a.j.t.JMeterThread: Thread finished: Thread Group 1-43
2020-05-09 17:38:33,517 INFO o.a.j.t.JMeterThread: Stopping because end time detected by thread: Thread Group 1-89
2020-05-09 17:38:33,517 INFO o.a.j.t.JMeterThread: Thread finished: Thread Group 1-89
2020-05-09 17:38:33,595 INFO o.a.j.t.JMeterThread: Stopping because end time detected by thread: Thread Group 1-88
2020-05-09 17:38:33,595 INFO o.a.j.t.JMeterThread: Thread finished: Thread Group 1-88
2020-05-09 17:38:33,784 INFO o.a.j.t.JMeterThread: Stopping because end time detected by thread: Thread Group 1-122
2020-05-09 17:38:33,784 INFO o.a.j.t.JMeterThread: Thread finished: Thread Group 1-122
2020-05-09 17:38:33,956 INFO o.a.j.t.JMeterThread: Stopping because end time detected by thread: Thread Group 1-143
2020-05-09 17:38:33,956 INFO o.a.j.t.JMeterThread: Thread finished: Thread Group 1-143
2020-05-09 17:38:34,023 INFO o.a.j.t.JMeterThread: Stopping because end time detected by thread: Thread Group 1-142
2020-05-09 17:38:34,024 INFO o.a.j.t.JMeterThread: Thread finished: Thread Group 1-142
2020-05-09 17:38:34,084 INFO o.a.j.t.JMeterThread: Stopping because end time detected by thread: Thread Group 1-145
2020-05-09 17:38:34,084 INFO o.a.j.t.JMeterThread: Thread finished: Thread Group 1-145
2020-05-09 17:38:34,102 INFO o.a.j.t.JMeterThread: Stopping because end time detected by thread: Thread Group 1-140
2020-05-09 17:38:34,102 INFO o.a.j.t.JMeterThread: Thread finished: Thread Group 1-140
2020-05-09 17:38:34,386 INFO o.a.j.t.JMeterThread: Stopping because end time detected by thread: Thread Group 1-96
2020-05-09 17:38:34,387 INFO o.a.j.t.JMeterThread: Thread finished: Thread Group 1-96
2020-05-09 17:38:34,741 INFO o.a.j.t.JMeterThread: Stopping because end time detected by thread: Thread Group 1-127
2020-05-09 17:38:34,742 INFO o.a.j.t.JMeterThread: Thread finished: Thread Group 1-127
2020-05-09 17:38:34,759 INFO o.a.j.t.JMeterThread: Stopping because end time detected by thread: Thread Group 1-111
2020-05-09 17:38:34,760 INFO o.a.j.t.JMeterThread: Thread finished: Thread Group 1-111
2020-05-09 17:38:35,281 INFO o.a.j.t.JMeterThread: Stopping because end time detected by thread: Thread Group 1-8
2020-05-09 17:38:35,281 INFO o.a.j.t.JMeterThread: Thread finished: Thread Group 1-8
2020-05-09 17:38:35,850 INFO o.a.j.t.JMeterThread: Stopping because end time detected by thread: Thread Group 1-51
2020-05-09 17:38:35,850 INFO o.a.j.t.JMeterThread: Thread finished: Thread Group 1-51
2020-05-09 17:38:35,891 INFO o.a.j.t.JMeterThread: Stopping because end time detected by thread: Thread Group 1-102
2020-05-09 17:38:35,891 INFO o.a.j.t.JMeterThread: Thread finished: Thread Group 1-102
2020-05-09 17:38:35,908 INFO o.a.j.t.JMeterThread: Stopping because end time detected by thread: Thread Group 1-38
2020-05-09 17:38:35,909 INFO o.a.j.t.JMeterThread: Thread finished: Thread Group 1-38
2020-05-09 17:38:36,117 INFO o.a.j.t.JMeterThread: Stopping because end time detected by thread: Thread Group 1-22
2020-05-09 17:38:36,117 INFO o.a.j.t.JMeterThread: Thread finished: Thread Group 1-22
2020-05-09 17:38:36,146 INFO o.a.j.t.JMeterThread: Stopping because end time detected by thread: Thread Group 1-55
2020-05-09 17:38:36,146 INFO o.a.j.t.JMeterThread: Thread finished: Thread Group 1-55
2020-05-09 17:38:36,199 INFO o.a.j.t.JMeterThread: Stopping because end time detected by thread: Thread Group 1-152
2020-05-09 17:38:36,200 INFO o.a.j.t.JMeterThread: Thread finished: Thread Group 1-152
2020-05-09 17:38:36,203 INFO o.a.j.t.JMeterThread: Stopping because end time detected by thread: Thread Group 1-79
2020-05-09 17:38:36,203 INFO o.a.j.t.JMeterThread: Thread finished: Thread Group 1-79
2020-05-09 17:38:36,344 INFO o.a.j.t.JMeterThread: Stopping because end time detected by thread: Thread Group 1-144
2020-05-09 17:38:36,344 INFO o.a.j.t.JMeterThread: Thread finished: Thread Group 1-144
2020-05-09 17:38:36,445 INFO o.a.j.t.JMeterThread: Stopping because end time detected by thread: Thread Group 1-117
2020-05-09 17:38:36,446 INFO o.a.j.t.JMeterThread: Thread finished: Thread Group 1-117
2020-05-09 17:38:36,787 INFO o.a.j.t.JMeterThread: Stopping because end time detected by thread: Thread Group 1-50
2020-05-09 17:38:36,788 INFO o.a.j.t.JMeterThread: Thread finished: Thread Group 1-50
2020-05-09 17:38:36,895 INFO o.a.j.t.JMeterThread: Stopping because end time detected by thread: Thread Group 1-25
2020-05-09 17:38:36,895 INFO o.a.j.t.JMeterThread: Thread finished: Thread Group 1-25
2020-05-09 17:38:36,960 INFO o.a.j.t.JMeterThread: Stopping because end time detected by thread: Thread Group 1-39
2020-05-09 17:38:36,960 INFO o.a.j.t.JMeterThread: Thread finished: Thread Group 1-39
2020-05-09 17:38:36,986 INFO o.a.j.t.JMeterThread: Stopping because end time detected by thread: Thread Group 1-138
2020-05-09 17:38:36,987 INFO o.a.j.t.JMeterThread: Thread finished: Thread Group 1-138
2020-05-09 17:38:37,016 INFO o.a.j.t.JMeterThread: Stopping because end time detected by thread: Thread Group 1-126
2020-05-09 17:38:37,016 INFO o.a.j.t.JMeterThread: Thread finished: Thread Group 1-126
2020-05-09 17:38:37,048 INFO o.a.j.t.JMeterThread: Stopping because end time detected by thread: Thread Group 1-2
2020-05-09 17:38:37,048 INFO o.a.j.t.JMeterThread: Thread finished: Thread Group 1-2
2020-05-09 17:38:37,063 INFO o.a.j.t.JMeterThread: Stopping because end time detected by thread: Thread Group 1-73
2020-05-09 17:38:37,063 INFO o.a.j.t.JMeterThread: Thread finished: Thread Group 1-73
2020-05-09 17:38:37,279 INFO o.a.j.t.JMeterThread: Stopping because end time detected by thread: Thread Group 1-139
2020-05-09 17:38:37,279 INFO o.a.j.t.JMeterThread: Thread finished: Thread Group 1-139
2020-05-09 17:38:37,517 INFO o.a.j.t.JMeterThread: Stopping because end time detected by thread: Thread Group 1-48
2020-05-09 17:38:37,517 INFO o.a.j.t.JMeterThread: Thread finished: Thread Group 1-48
2020-05-09 17:38:37,628 INFO o.a.j.t.JMeterThread: Stopping because end time detected by thread: Thread Group 1-6
2020-05-09 17:38:37,628 INFO o.a.j.t.JMeterThread: Thread finished: Thread Group 1-6
2020-05-09 17:38:37,684 INFO o.a.j.t.JMeterThread: Stopping because end time detected by thread: Thread Group 1-41
2020-05-09 17:38:37,684 INFO o.a.j.t.JMeterThread: Thread finished: Thread Group 1-41
2020-05-09 17:38:37,703 INFO o.a.j.t.JMeterThread: Stopping because end time detected by thread: Thread Group 1-146
2020-05-09 17:38:37,704 INFO o.a.j.t.JMeterThread: Thread finished: Thread Group 1-146
2020-05-09 17:38:37,724 INFO o.a.j.t.JMeterThread: Stopping because end time detected by thread: Thread Group 1-77
2020-05-09 17:38:37,724 INFO o.a.j.t.JMeterThread: Thread finished: Thread Group 1-77
2020-05-09 17:38:37,812 INFO o.a.j.t.JMeterThread: Stopping because end time detected by thread: Thread Group 1-104
2020-05-09 17:38:37,812 INFO o.a.j.t.JMeterThread: Thread finished: Thread Group 1-104
2020-05-09 17:38:37,974 INFO o.a.j.t.JMeterThread: Stopping because end time detected by thread: Thread Group 1-115
2020-05-09 17:38:37,974 INFO o.a.j.t.JMeterThread: Thread finished: Thread Group 1-115
2020-05-09 17:38:38,399 INFO o.a.j.t.JMeterThread: Stopping because end time detected by thread: Thread Group 1-116
2020-05-09 17:38:38,400 INFO o.a.j.t.JMeterThread: Thread finished: Thread Group 1-116
2020-05-09 17:38:38,571 INFO o.a.j.t.JMeterThread: Stopping because end time detected by thread: Thread Group 1-121
2020-05-09 17:38:38,571 INFO o.a.j.t.JMeterThread: Thread finished: Thread Group 1-121
2020-05-09 17:38:38,755 INFO o.a.j.t.JMeterThread: Stopping because end time detected by thread: Thread Group 1-156
2020-05-09 17:38:38,755 INFO o.a.j.t.JMeterThread: Thread finished: Thread Group 1-156
2020-05-09 17:38:38,762 INFO o.a.j.t.JMeterThread: Stopping because end time detected by thread: Thread Group 1-86
2020-05-09 17:38:38,763 INFO o.a.j.t.JMeterThread: Thread finished: Thread Group 1-86
2020-05-09 17:38:38,790 INFO o.a.j.t.JMeterThread: Stopping because end time detected by thread: Thread Group 1-61
2020-05-09 17:38:38,791 INFO o.a.j.t.JMeterThread: Thread finished: Thread Group 1-61
2020-05-09 17:38:38,838 INFO o.a.j.t.JMeterThread: Stopping because end time detected by thread: Thread Group 1-81
2020-05-09 17:38:38,838 INFO o.a.j.t.JMeterThread: Thread finished: Thread Group 1-81
2020-05-09 17:38:39,144 INFO o.a.j.t.JMeterThread: Stopping because end time detected by thread: Thread Group 1-63
2020-05-09 17:38:39,145 INFO o.a.j.t.JMeterThread: Thread finished: Thread Group 1-63
2020-05-09 17:38:39,231 INFO o.a.j.t.JMeterThread: Stopping because end time detected by thread: Thread Group 1-26
2020-05-09 17:38:39,231 INFO o.a.j.t.JMeterThread: Thread finished: Thread Group 1-26
2020-05-09 17:38:39,323 INFO o.a.j.t.JMeterThread: Stopping because end time detected by thread: Thread Group 1-64
2020-05-09 17:38:39,323 INFO o.a.j.t.JMeterThread: Thread finished: Thread Group 1-64
2020-05-09 17:38:39,357 INFO o.a.j.t.JMeterThread: Stopping because end time detected by thread: Thread Group 1-49
2020-05-09 17:38:39,357 INFO o.a.j.t.JMeterThread: Thread finished: Thread Group 1-49
2020-05-09 17:38:39,565 INFO o.a.j.t.JMeterThread: Stopping because end time detected by thread: Thread Group 1-130
2020-05-09 17:38:39,566 INFO o.a.j.t.JMeterThread: Thread finished: Thread Group 1-130
2020-05-09 17:38:39,683 INFO o.a.j.t.JMeterThread: Stopping because end time detected by thread: Thread Group 1-59
2020-05-09 17:38:39,683 INFO o.a.j.t.JMeterThread: Thread finished: Thread Group 1-59
2020-05-09 17:38:39,731 INFO o.a.j.t.JMeterThread: Stopping because end time detected by thread: Thread Group 1-65
2020-05-09 17:38:39,731 INFO o.a.j.t.JMeterThread: Thread finished: Thread Group 1-65
2020-05-09 17:38:39,755 INFO o.a.j.t.JMeterThread: Stopping because end time detected by thread: Thread Group 1-109
2020-05-09 17:38:39,756 INFO o.a.j.t.JMeterThread: Thread finished: Thread Group 1-109
2020-05-09 17:38:39,890 INFO o.a.j.t.JMeterThread: Stopping because end time detected by thread: Thread Group 1-119
2020-05-09 17:38:39,890 INFO o.a.j.t.JMeterThread: Thread finished: Thread Group 1-119
2020-05-09 17:38:39,936 INFO o.a.j.t.JMeterThread: Stopping because end time detected by thread: Thread Group 1-83
2020-05-09 17:38:39,937 INFO o.a.j.t.JMeterThread: Thread finished: Thread Group 1-83
2020-05-09 17:38:40,126 INFO o.a.j.t.JMeterThread: Stopping because end time detected by thread: Thread Group 1-103
2020-05-09 17:38:40,126 INFO o.a.j.t.JMeterThread: Thread finished: Thread Group 1-103
2020-05-09 17:38:40,379 INFO o.a.j.t.JMeterThread: Stopping because end time detected by thread: Thread Group 1-10
2020-05-09 17:38:40,380 INFO o.a.j.t.JMeterThread: Thread finished: Thread Group 1-10
2020-05-09 17:38:40,381 INFO o.a.j.t.JMeterThread: Stopping because end time detected by thread: Thread Group 1-36
2020-05-09 17:38:40,381 INFO o.a.j.t.JMeterThread: Thread finished: Thread Group 1-36
2020-05-09 17:38:40,383 INFO o.a.j.t.JMeterThread: Stopping because end time detected by thread: Thread Group 1-29
2020-05-09 17:38:40,383 INFO o.a.j.t.JMeterThread: Thread finished: Thread Group 1-29
2020-05-09 17:38:40,384 INFO o.a.j.t.JMeterThread: Stopping because end time detected by thread: Thread Group 1-101
2020-05-09 17:38:40,384 INFO o.a.j.t.JMeterThread: Thread finished: Thread Group 1-101
2020-05-09 17:38:40,535 INFO o.a.j.t.JMeterThread: Stopping because end time detected by thread: Thread Group 1-110
2020-05-09 17:38:40,535 INFO o.a.j.t.JMeterThread: Thread finished: Thread Group 1-110
2020-05-09 17:38:40,706 INFO o.a.j.t.JMeterThread: Stopping because end time detected by thread: Thread Group 1-3
2020-05-09 17:38:40,706 INFO o.a.j.t.JMeterThread: Thread finished: Thread Group 1-3
2020-05-09 17:38:40,908 INFO o.a.j.t.JMeterThread: Stopping because end time detected by thread: Thread Group 1-28
2020-05-09 17:38:40,908 INFO o.a.j.t.JMeterThread: Thread finished: Thread Group 1-28
2020-05-09 17:38:40,949 INFO o.a.j.t.JMeterThread: Stopping because end time detected by thread: Thread Group 1-120
2020-05-09 17:38:40,949 INFO o.a.j.t.JMeterThread: Thread finished: Thread Group 1-120
2020-05-09 17:38:41,079 INFO o.a.j.t.JMeterThread: Stopping because end time detected by thread: Thread Group 1-78
2020-05-09 17:38:41,080 INFO o.a.j.t.JMeterThread: Thread finished: Thread Group 1-78
2020-05-09 17:38:41,193 INFO o.a.j.t.JMeterThread: Stopping because end time detected by thread: Thread Group 1-87
2020-05-09 17:38:41,193 INFO o.a.j.t.JMeterThread: Thread finished: Thread Group 1-87
2020-05-09 17:38:41,332 INFO o.a.j.t.JMeterThread: Stopping because end time detected by thread: Thread Group 1-67
2020-05-09 17:38:41,333 INFO o.a.j.t.JMeterThread: Thread finished: Thread Group 1-67
2020-05-09 17:38:41,399 INFO o.a.j.t.JMeterThread: Stopping because end time detected by thread: Thread Group 1-15
2020-05-09 17:38:41,399 INFO o.a.j.t.JMeterThread: Thread finished: Thread Group 1-15
2020-05-09 17:38:41,445 INFO o.a.j.t.JMeterThread: Stopping because end time detected by thread: Thread Group 1-134
2020-05-09 17:38:41,445 INFO o.a.j.t.JMeterThread: Thread finished: Thread Group 1-134
2020-05-09 17:38:41,506 INFO o.a.j.t.JMeterThread: Stopping because end time detected by thread: Thread Group 1-155
2020-05-09 17:38:41,507 INFO o.a.j.t.JMeterThread: Thread finished: Thread Group 1-155
2020-05-09 17:38:41,660 INFO o.a.j.t.JMeterThread: Stopping because end time detected by thread: Thread Group 1-34
2020-05-09 17:38:41,661 INFO o.a.j.t.JMeterThread: Thread finished: Thread Group 1-34
2020-05-09 17:38:41,670 INFO o.a.j.t.JMeterThread: Stopping because end time detected by thread: Thread Group 1-159
2020-05-09 17:38:41,670 INFO o.a.j.t.JMeterThread: Thread finished: Thread Group 1-159
2020-05-09 17:38:41,710 INFO o.a.j.t.JMeterThread: Stopping because end time detected by thread: Thread Group 1-157
2020-05-09 17:38:41,711 INFO o.a.j.t.JMeterThread: Thread finished: Thread Group 1-157
2020-05-09 17:38:41,781 INFO o.a.j.t.JMeterThread: Stopping because end time detected by thread: Thread Group 1-4
2020-05-09 17:38:41,781 INFO o.a.j.t.JMeterThread: Thread finished: Thread Group 1-4
2020-05-09 17:38:41,896 INFO o.a.j.t.JMeterThread: Stopping because end time detected by thread: Thread Group 1-137
2020-05-09 17:38:41,896 INFO o.a.j.t.JMeterThread: Thread finished: Thread Group 1-137
2020-05-09 17:38:41,926 INFO o.a.j.t.JMeterThread: Stopping because end time detected by thread: Thread Group 1-19
2020-05-09 17:38:41,926 INFO o.a.j.t.JMeterThread: Thread finished: Thread Group 1-19
2020-05-09 17:38:41,964 INFO o.a.j.t.JMeterThread: Stopping because end time detected by thread: Thread Group 1-118
2020-05-09 17:38:41,964 INFO o.a.j.t.JMeterThread: Thread finished: Thread Group 1-118
2020-05-09 17:38:41,981 INFO o.a.j.t.JMeterThread: Stopping because end time detected by thread: Thread Group 1-131
2020-05-09 17:38:41,981 INFO o.a.j.t.JMeterThread: Thread finished: Thread Group 1-131
2020-05-09 17:38:42,149 INFO o.a.j.t.JMeterThread: Stopping because end time detected by thread: Thread Group 1-60
2020-05-09 17:38:42,149 INFO o.a.j.t.JMeterThread: Thread finished: Thread Group 1-60
2020-05-09 17:38:42,205 INFO o.a.j.t.JMeterThread: Stopping because end time detected by thread: Thread Group 1-108
2020-05-09 17:38:42,205 INFO o.a.j.t.JMeterThread: Thread finished: Thread Group 1-108
2020-05-09 17:38:42,320 INFO o.a.j.t.JMeterThread: Stopping because end time detected by thread: Thread Group 1-27
2020-05-09 17:38:42,321 INFO o.a.j.t.JMeterThread: Thread finished: Thread Group 1-27
2020-05-09 17:38:42,345 INFO o.a.j.t.JMeterThread: Stopping because end time detected by thread: Thread Group 1-148
2020-05-09 17:38:42,345 INFO o.a.j.t.JMeterThread: Thread finished: Thread Group 1-148
2020-05-09 17:38:42,362 INFO o.a.j.t.JMeterThread: Stopping because end time detected by thread: Thread Group 1-71
2020-05-09 17:38:42,362 INFO o.a.j.t.JMeterThread: Thread finished: Thread Group 1-71
2020-05-09 17:38:42,377 INFO o.a.j.t.JMeterThread: Stopping because end time detected by thread: Thread Group 1-52
2020-05-09 17:38:42,378 INFO o.a.j.t.JMeterThread: Thread finished: Thread Group 1-52
2020-05-09 17:38:42,395 INFO o.a.j.t.JMeterThread: Stopping because end time detected by thread: Thread Group 1-37
2020-05-09 17:38:42,395 INFO o.a.j.t.JMeterThread: Thread finished: Thread Group 1-37
2020-05-09 17:38:42,478 INFO o.a.j.t.JMeterThread: Stopping because end time detected by thread: Thread Group 1-7
2020-05-09 17:38:42,478 INFO o.a.j.t.JMeterThread: Thread finished: Thread Group 1-7
2020-05-09 17:38:42,760 INFO o.a.j.t.JMeterThread: Stopping because end time detected by thread: Thread Group 1-70
2020-05-09 17:38:42,760 INFO o.a.j.t.JMeterThread: Thread finished: Thread Group 1-70
2020-05-09 17:38:42,923 INFO o.a.j.t.JMeterThread: Stopping because end time detected by thread: Thread Group 1-35
2020-05-09 17:38:42,923 INFO o.a.j.t.JMeterThread: Thread finished: Thread Group 1-35
2020-05-09 17:38:43,008 INFO o.a.j.t.JMeterThread: Stopping because end time detected by thread: Thread Group 1-153
2020-05-09 17:38:43,008 INFO o.a.j.t.JMeterThread: Thread finished: Thread Group 1-153
2020-05-09 17:38:43,102 INFO o.a.j.t.JMeterThread: Stopping because end time detected by thread: Thread Group 1-149
2020-05-09 17:38:43,102 INFO o.a.j.t.JMeterThread: Thread finished: Thread Group 1-149
2020-05-09 17:38:43,105 INFO o.a.j.t.JMeterThread: Stopping because end time detected by thread: Thread Group 1-92
2020-05-09 17:38:43,105 INFO o.a.j.t.JMeterThread: Thread finished: Thread Group 1-92
2020-05-09 17:38:43,179 INFO o.a.j.t.JMeterThread: Stopping because end time detected by thread: Thread Group 1-72
2020-05-09 17:38:43,179 INFO o.a.j.t.JMeterThread: Thread finished: Thread Group 1-72
2020-05-09 17:38:43,182 INFO o.a.j.t.JMeterThread: Stopping because end time detected by thread: Thread Group 1-151
2020-05-09 17:38:43,182 INFO o.a.j.t.JMeterThread: Thread finished: Thread Group 1-151
2020-05-09 17:38:43,201 INFO o.a.j.t.JMeterThread: Stopping because end time detected by thread: Thread Group 1-5
2020-05-09 17:38:43,202 INFO o.a.j.t.JMeterThread: Thread finished: Thread Group 1-5
2020-05-09 17:38:43,221 INFO o.a.j.t.JMeterThread: Stopping because end time detected by thread: Thread Group 1-44
2020-05-09 17:38:43,221 INFO o.a.j.t.JMeterThread: Thread finished: Thread Group 1-44
2020-05-09 17:38:43,248 INFO o.a.j.t.JMeterThread: Stopping because end time detected by thread: Thread Group 1-16
2020-05-09 17:38:43,249 INFO o.a.j.t.JMeterThread: Thread finished: Thread Group 1-16
2020-05-09 17:38:43,270 INFO o.a.j.t.JMeterThread: Stopping because end time detected by thread: Thread Group 1-82
2020-05-09 17:38:43,270 INFO o.a.j.t.JMeterThread: Thread finished: Thread Group 1-82
2020-05-09 17:38:43,288 INFO o.a.j.t.JMeterThread: Stopping because end time detected by thread: Thread Group 1-95
2020-05-09 17:38:43,289 INFO o.a.j.t.JMeterThread: Thread finished: Thread Group 1-95
2020-05-09 17:38:43,298 INFO o.a.j.t.JMeterThread: Stopping because end time detected by thread: Thread Group 1-135
2020-05-09 17:38:43,298 INFO o.a.j.t.JMeterThread: Thread finished: Thread Group 1-135
2020-05-09 17:38:43,414 INFO o.a.j.t.JMeterThread: Stopping because end time detected by thread: Thread Group 1-56
2020-05-09 17:38:43,414 INFO o.a.j.t.JMeterThread: Thread finished: Thread Group 1-56
2020-05-09 17:38:43,433 INFO o.a.j.t.JMeterThread: Stopping because end time detected by thread: Thread Group 1-124
2020-05-09 17:38:43,433 INFO o.a.j.t.JMeterThread: Thread finished: Thread Group 1-124
2020-05-09 17:38:43,482 INFO o.a.j.t.JMeterThread: Stopping because end time detected by thread: Thread Group 1-100
2020-05-09 17:38:43,482 INFO o.a.j.t.JMeterThread: Thread finished: Thread Group 1-100
2020-05-09 17:38:43,486 INFO o.a.j.t.JMeterThread: Stopping because end time detected by thread: Thread Group 1-69
2020-05-09 17:38:43,486 INFO o.a.j.t.JMeterThread: Thread finished: Thread Group 1-69
2020-05-09 17:38:43,551 INFO o.a.j.t.JMeterThread: Stopping because end time detected by thread: Thread Group 1-90
2020-05-09 17:38:43,552 INFO o.a.j.t.JMeterThread: Thread finished: Thread Group 1-90
2020-05-09 17:38:43,565 INFO o.a.j.t.JMeterThread: Stopping because end time detected by thread: Thread Group 1-13
2020-05-09 17:38:43,565 INFO o.a.j.t.JMeterThread: Thread finished: Thread Group 1-13
2020-05-09 17:38:43,565 INFO o.a.j.t.JMeterThread: Stopping because end time detected by thread: Thread Group 1-62
2020-05-09 17:38:43,566 INFO o.a.j.t.JMeterThread: Thread finished: Thread Group 1-62
2020-05-09 17:38:43,625 INFO o.a.j.t.JMeterThread: Stopping because end time detected by thread: Thread Group 1-93
2020-05-09 17:38:43,625 INFO o.a.j.t.JMeterThread: Thread finished: Thread Group 1-93
2020-05-09 17:38:43,645 INFO o.a.j.t.JMeterThread: Stopping because end time detected by thread: Thread Group 1-85
2020-05-09 17:38:43,645 INFO o.a.j.t.JMeterThread: Thread finished: Thread Group 1-85
2020-05-09 17:38:43,689 INFO o.a.j.t.JMeterThread: Stopping because end time detected by thread: Thread Group 1-106
2020-05-09 17:38:43,689 INFO o.a.j.t.JMeterThread: Thread finished: Thread Group 1-106
2020-05-09 17:38:43,763 INFO o.a.j.t.JMeterThread: Stopping because end time detected by thread: Thread Group 1-18
2020-05-09 17:38:43,763 INFO o.a.j.t.JMeterThread: Thread finished: Thread Group 1-18
2020-05-09 17:38:43,766 INFO o.a.j.t.JMeterThread: Stopping because end time detected by thread: Thread Group 1-154
2020-05-09 17:38:43,766 INFO o.a.j.t.JMeterThread: Thread finished: Thread Group 1-154
2020-05-09 17:38:43,959 INFO o.a.j.t.JMeterThread: Stopping because end time detected by thread: Thread Group 1-94
2020-05-09 17:38:43,959 INFO o.a.j.t.JMeterThread: Thread finished: Thread Group 1-94
2020-05-09 17:38:43,968 INFO o.a.j.t.JMeterThread: Stopping because end time detected by thread: Thread Group 1-46
2020-05-09 17:38:43,968 INFO o.a.j.t.JMeterThread: Thread finished: Thread Group 1-46
2020-05-09 17:38:44,000 INFO o.a.j.t.JMeterThread: Stopping because end time detected by thread: Thread Group 1-97
2020-05-09 17:38:44,001 INFO o.a.j.t.JMeterThread: Thread finished: Thread Group 1-97
2020-05-09 17:38:44,027 INFO o.a.j.t.JMeterThread: Stopping because end time detected by thread: Thread Group 1-129
2020-05-09 17:38:44,027 INFO o.a.j.t.JMeterThread: Thread finished: Thread Group 1-129
2020-05-09 17:38:44,170 INFO o.a.j.t.JMeterThread: Stopping because end time detected by thread: Thread Group 1-9
2020-05-09 17:38:44,170 INFO o.a.j.t.JMeterThread: Thread finished: Thread Group 1-9
2020-05-09 17:38:44,175 INFO o.a.j.t.JMeterThread: Stopping because end time detected by thread: Thread Group 1-57
2020-05-09 17:38:44,176 INFO o.a.j.t.JMeterThread: Thread finished: Thread Group 1-57
2020-05-09 17:38:44,176 INFO o.a.j.e.StandardJMeterEngine: Notifying test listeners of end of test
2020-05-09 17:38:44,181 INFO o.a.j.r.Summariser: summary +    142 in 00:00:14 =   10.0/s Avg: 24570 Min:  1516 Max: 50939 Err:     0 (0.00%) Active: 0 Started: 160 Finished: 160
2020-05-09 17:38:44,182 INFO o.a.j.r.Summariser: summary =  15008 in 00:10:41 =   23.4/s Avg:  6621 Min:    34 Max: 84284 Err:     0 (0.00%)
