2020-05-14 23:21:35,605 INFO o.a.j.u.JMeterUtils: Setting Locale to en_US
2020-05-14 23:21:35,637 INFO o.a.j.JMeter: Loading user properties from: /home/pablo/jmeter/bin/user.properties
2020-05-14 23:21:35,637 INFO o.a.j.JMeter: Loading system properties from: /home/pablo/jmeter/bin/system.properties
2020-05-14 23:21:35,641 INFO o.a.j.JMeter: Copyright (c) 1998-2019 The Apache Software Foundation
2020-05-14 23:21:35,641 INFO o.a.j.JMeter: Version 5.2.1
2020-05-14 23:21:35,642 INFO o.a.j.JMeter: java.version=1.8.0_201
2020-05-14 23:21:35,642 INFO o.a.j.JMeter: java.vm.name=Java HotSpot(TM) 64-Bit Server VM
2020-05-14 23:21:35,642 INFO o.a.j.JMeter: os.name=Linux
2020-05-14 23:21:35,642 INFO o.a.j.JMeter: os.arch=amd64
2020-05-14 23:21:35,643 INFO o.a.j.JMeter: os.version=4.15.0-99-generic
2020-05-14 23:21:35,643 INFO o.a.j.JMeter: file.encoding=UTF-8
2020-05-14 23:21:35,643 INFO o.a.j.JMeter: java.awt.headless=null
2020-05-14 23:21:35,644 INFO o.a.j.JMeter: Max memory     =732954624
2020-05-14 23:21:35,644 INFO o.a.j.JMeter: Available Processors =4
2020-05-14 23:21:35,652 INFO o.a.j.JMeter: Default Locale=English (United States)
2020-05-14 23:21:35,653 INFO o.a.j.JMeter: JMeter  Locale=English (United States)
2020-05-14 23:21:35,653 INFO o.a.j.JMeter: JMeterHome=/home/pablo/jmeter
2020-05-14 23:21:35,653 INFO o.a.j.JMeter: user.dir  =/home/pablo/jmeter/bin/EJECUCIONES/P3_V3
2020-05-14 23:21:35,654 INFO o.a.j.JMeter: PWD       =/home/pablo/jmeter/bin/EJECUCIONES/P3_V3
2020-05-14 23:21:35,655 INFO o.a.j.JMeter: IP: 127.0.1.1 Name: hylianpablo FullName: hylianpablo
2020-05-14 23:21:36,127 INFO o.a.j.g.a.LookAndFeelCommand: Installing Darcula LAF
2020-05-14 23:21:36,232 INFO o.a.j.g.a.LookAndFeelCommand: Using look and feel: com.bulenkov.darcula.DarculaLaf [Darcula]
2020-05-14 23:21:36,233 INFO o.a.j.JMeter: Setting LAF to: com.bulenkov.darcula.DarculaLaf
2020-05-14 23:21:36,374 INFO o.a.j.JMeter: Loaded icon properties from org/apache/jmeter/images/icon.properties
2020-05-14 23:21:38,275 INFO o.j.r.JARSourceHTTP: Found cached repo
2020-05-14 23:21:38,789 INFO o.j.r.PluginManager: Plugins Status: [jpgc-graphs-basic=2.0, jpgc-graphs-additional=2.0, jpgc-functions=2.1, jpgc-casutg=2.9, jpgc-dummy=0.4, jpgc-ffw=2.0, jpgc-fifo=0.2, jpgc-perfmon=2.1, jpgc-plugins-manager=1.3, jpgc-tst=2.5, jmeter-core=5.2.1, jmeter-ftp=5.2.1, jmeter-http=5.2.1, jmeter-jdbc=5.2.1, jmeter-jms=5.2.1, jmeter-junit=5.2.1, jmeter-java=5.2.1, jmeter-ldap=5.2.1, jmeter-mail=5.2.1, jmeter-mongodb=5.2.1, jmeter-native=5.2.1, jmeter-tcp=5.2.1, jmeter-components=5.2.1, jpgc-standard=2.0]
2020-05-14 23:21:38,799 INFO o.j.r.PluginManagerMenuItem: Plugins Manager has upgrades: [jpgc-plugins-manager]
2020-05-14 23:21:42,686 INFO o.a.j.p.h.s.HTTPSamplerBase: Parser for text/html is org.apache.jmeter.protocol.http.parser.LagartoBasedHtmlParser
2020-05-14 23:21:42,688 INFO o.a.j.p.h.s.HTTPSamplerBase: Parser for application/xhtml+xml is org.apache.jmeter.protocol.http.parser.LagartoBasedHtmlParser
2020-05-14 23:21:42,688 INFO o.a.j.p.h.s.HTTPSamplerBase: Parser for application/xml is org.apache.jmeter.protocol.http.parser.LagartoBasedHtmlParser
2020-05-14 23:21:42,688 INFO o.a.j.p.h.s.HTTPSamplerBase: Parser for text/xml is org.apache.jmeter.protocol.http.parser.LagartoBasedHtmlParser
2020-05-14 23:21:42,689 INFO o.a.j.p.h.s.HTTPSamplerBase: Parser for text/vnd.wap.wml is org.apache.jmeter.protocol.http.parser.RegexpHTMLParser
2020-05-14 23:21:42,689 INFO o.a.j.p.h.s.HTTPSamplerBase: Parser for text/css is org.apache.jmeter.protocol.http.parser.CssParser
2020-05-14 23:21:43,254 INFO o.a.j.e.KeyToolUtils: keytool found at 'keytool'
2020-05-14 23:21:43,256 INFO o.a.j.p.h.p.ProxyControl: HTTP(S) Test Script Recorder SSL Proxy will use keys that support embedded 3rd party resources in file /home/pablo/jmeter/bin/proxyserver.jks
2020-05-14 23:21:43,521 INFO o.a.j.s.FileServer: Default base='/home/pablo/jmeter/bin/EJECUCIONES/P3_V3'
2020-05-14 23:21:44,119 INFO o.a.j.s.SampleResult: Note: Sample TimeStamps are START times
2020-05-14 23:21:44,120 INFO o.a.j.s.SampleResult: sampleresult.default.encoding is set to ISO-8859-1
2020-05-14 23:21:44,120 INFO o.a.j.s.SampleResult: sampleresult.useNanoTime=true
2020-05-14 23:21:44,121 INFO o.a.j.s.SampleResult: sampleresult.nanoThreadSleep=5000
2020-05-14 23:23:24,769 INFO o.a.j.g.a.Load: Loading file: /home/pablo/jmeter/bin/EJECUCIONES/RecordP3_V2.jmx
2020-05-14 23:23:24,770 INFO o.a.j.s.FileServer: Set new base='/home/pablo/jmeter/bin/EJECUCIONES'
2020-05-14 23:23:25,090 INFO o.a.j.s.SaveService: Testplan (JMX) version: 2.2. Testlog (JTL) version: 2.2
2020-05-14 23:23:25,096 INFO o.a.j.s.SaveService: Using SaveService properties file encoding UTF-8
2020-05-14 23:23:25,101 INFO o.a.j.s.SaveService: Using SaveService properties version 5.0
2020-05-14 23:23:25,110 INFO o.a.j.s.SaveService: Loading file: /home/pablo/jmeter/bin/EJECUCIONES/RecordP3_V2.jmx
2020-05-14 23:23:25,445 INFO o.a.j.p.h.c.CookieManager: Settings: Delete null: true Check: true Allow variable: true Save: false Prefix: COOKIE_
2020-05-14 23:23:25,720 INFO o.a.j.s.FileServer: Set new base='/home/pablo/jmeter/bin/EJECUCIONES'
2020-05-14 23:23:41,045 INFO o.a.j.s.SampleEvent: List of sample_variables: []
