2020-05-14 22:56:48,162 INFO o.a.j.u.JMeterUtils: Setting Locale to en_US
2020-05-14 22:56:48,196 INFO o.a.j.JMeter: Loading user properties from: /home/pablo/jmeter/bin/user.properties
2020-05-14 22:56:48,198 INFO o.a.j.JMeter: Loading system properties from: /home/pablo/jmeter/bin/system.properties
2020-05-14 22:56:48,199 INFO o.a.j.JMeter: Setting System property: HILOS=80
2020-05-14 22:56:48,200 INFO o.a.j.JMeter: Setting System property: SUBIDA=20
2020-05-14 22:56:48,200 INFO o.a.j.JMeter: Setting System property: DURACION=620
2020-05-14 22:56:48,200 INFO o.a.j.JMeter: Setting System property: FILE=scriptresultsPerfmon80.jtl
2020-05-14 22:56:48,204 INFO o.a.j.JMeter: Copyright (c) 1998-2019 The Apache Software Foundation
2020-05-14 22:56:48,204 INFO o.a.j.JMeter: Version 5.2.1
2020-05-14 22:56:48,204 INFO o.a.j.JMeter: java.version=1.8.0_201
2020-05-14 22:56:48,205 INFO o.a.j.JMeter: java.vm.name=Java HotSpot(TM) 64-Bit Server VM
2020-05-14 22:56:48,205 INFO o.a.j.JMeter: os.name=Linux
2020-05-14 22:56:48,205 INFO o.a.j.JMeter: os.arch=amd64
2020-05-14 22:56:48,205 INFO o.a.j.JMeter: os.version=4.15.0-99-generic
2020-05-14 22:56:48,206 INFO o.a.j.JMeter: file.encoding=UTF-8
2020-05-14 22:56:48,206 INFO o.a.j.JMeter: java.awt.headless=true
2020-05-14 22:56:48,206 INFO o.a.j.JMeter: Max memory     =732954624
2020-05-14 22:56:48,207 INFO o.a.j.JMeter: Available Processors =4
2020-05-14 22:56:48,215 INFO o.a.j.JMeter: Default Locale=English (United States)
2020-05-14 22:56:48,216 INFO o.a.j.JMeter: JMeter  Locale=English (United States)
2020-05-14 22:56:48,216 INFO o.a.j.JMeter: JMeterHome=/home/pablo/jmeter
2020-05-14 22:56:48,216 INFO o.a.j.JMeter: user.dir  =/home/pablo/jmeter/bin/EJECUCIONES/P3_V3
2020-05-14 22:56:48,217 INFO o.a.j.JMeter: PWD       =/home/pablo/jmeter/bin/EJECUCIONES/P3_V3
2020-05-14 22:56:48,217 INFO o.a.j.JMeter: IP: 127.0.1.1 Name: hylianpablo FullName: hylianpablo
2020-05-14 22:56:48,227 INFO o.a.j.s.FileServer: Default base='/home/pablo/jmeter/bin/EJECUCIONES/P3_V3'
2020-05-14 22:56:48,239 INFO o.a.j.s.FileServer: Set new base='/home/pablo/jmeter/bin/EJECUCIONES/P3_V3/..'
2020-05-14 22:56:48,561 INFO o.a.j.s.SaveService: Testplan (JMX) version: 2.2. Testlog (JTL) version: 2.2
2020-05-14 22:56:48,581 INFO o.a.j.s.SaveService: Using SaveService properties file encoding UTF-8
2020-05-14 22:56:48,594 INFO o.a.j.s.SaveService: Using SaveService properties version 5.0
2020-05-14 22:56:48,615 INFO o.a.j.s.SaveService: Loading file: ../RecordP3_V2.jmx
2020-05-14 22:56:48,701 INFO o.a.j.p.h.c.CookieManager: Settings: Delete null: true Check: true Allow variable: true Save: false Prefix: COOKIE_
2020-05-14 22:56:48,752 INFO o.a.j.p.h.s.HTTPSamplerBase: Parser for text/html is org.apache.jmeter.protocol.http.parser.LagartoBasedHtmlParser
2020-05-14 22:56:48,752 INFO o.a.j.p.h.s.HTTPSamplerBase: Parser for application/xhtml+xml is org.apache.jmeter.protocol.http.parser.LagartoBasedHtmlParser
2020-05-14 22:56:48,752 INFO o.a.j.p.h.s.HTTPSamplerBase: Parser for application/xml is org.apache.jmeter.protocol.http.parser.LagartoBasedHtmlParser
2020-05-14 22:56:48,753 INFO o.a.j.p.h.s.HTTPSamplerBase: Parser for text/xml is org.apache.jmeter.protocol.http.parser.LagartoBasedHtmlParser
2020-05-14 22:56:48,753 INFO o.a.j.p.h.s.HTTPSamplerBase: Parser for text/vnd.wap.wml is org.apache.jmeter.protocol.http.parser.RegexpHTMLParser
2020-05-14 22:56:48,753 INFO o.a.j.p.h.s.HTTPSamplerBase: Parser for text/css is org.apache.jmeter.protocol.http.parser.CssParser
2020-05-14 22:56:48,886 INFO o.a.j.JMeter: Creating summariser <summary>
2020-05-14 22:56:48,903 INFO o.a.j.e.StandardJMeterEngine: Running the test!
2020-05-14 22:56:48,907 INFO o.a.j.s.SampleEvent: List of sample_variables: []
2020-05-14 22:56:48,907 INFO o.a.j.s.SampleEvent: List of sample_variables: []
2020-05-14 22:56:48,924 INFO o.a.j.e.u.CompoundVariable: Note: Function class names must contain the string: '.functions.'
2020-05-14 22:56:48,924 INFO o.a.j.e.u.CompoundVariable: Note: Function class names must not contain the string: '.gui.'
2020-05-14 22:56:49,882 INFO o.a.j.JMeter: Running test (1589489809882)
2020-05-14 22:56:49,966 INFO o.a.j.e.StandardJMeterEngine: Starting ThreadGroup: 1 : Thread Group
2020-05-14 22:56:49,967 INFO o.a.j.e.StandardJMeterEngine: Starting 80 threads for group Thread Group.
2020-05-14 22:56:49,967 INFO o.a.j.e.StandardJMeterEngine: Thread will continue on error
2020-05-14 22:56:49,968 INFO o.a.j.t.ThreadGroup: Starting thread group... number=1 threads=80 ramp-up=20 delayedStart=false
2020-05-14 22:56:50,025 INFO o.a.j.t.JMeterThread: Thread started: Thread Group 1-1
2020-05-14 22:56:50,171 INFO o.a.j.t.ThreadGroup: Started thread group number 1
2020-05-14 22:56:50,171 INFO o.a.j.e.StandardJMeterEngine: All thread groups have been started
2020-05-14 22:56:50,231 INFO o.a.j.t.JMeterThread: Thread started: Thread Group 1-2
2020-05-14 22:56:50,476 INFO o.a.j.t.JMeterThread: Thread started: Thread Group 1-3
2020-05-14 22:56:50,725 INFO o.a.j.t.JMeterThread: Thread started: Thread Group 1-4
2020-05-14 22:56:50,975 INFO o.a.j.t.JMeterThread: Thread started: Thread Group 1-5
2020-05-14 22:56:51,228 INFO o.a.j.t.JMeterThread: Thread started: Thread Group 1-6
2020-05-14 22:56:51,364 INFO o.a.j.s.SampleResult: Note: Sample TimeStamps are START times
2020-05-14 22:56:51,365 INFO o.a.j.s.SampleResult: sampleresult.default.encoding is set to ISO-8859-1
2020-05-14 22:56:51,365 INFO o.a.j.s.SampleResult: sampleresult.useNanoTime=true
2020-05-14 22:56:51,366 INFO o.a.j.s.SampleResult: sampleresult.nanoThreadSleep=5000
2020-05-14 22:56:51,476 INFO o.a.j.t.JMeterThread: Thread started: Thread Group 1-7
2020-05-14 22:56:51,725 INFO o.a.j.t.JMeterThread: Thread started: Thread Group 1-8
2020-05-14 22:56:51,976 INFO o.a.j.t.JMeterThread: Thread started: Thread Group 1-9
2020-05-14 22:56:52,226 INFO o.a.j.t.JMeterThread: Thread started: Thread Group 1-10
2020-05-14 22:56:52,479 INFO o.a.j.t.JMeterThread: Thread started: Thread Group 1-11
2020-05-14 22:56:52,724 INFO o.a.j.t.JMeterThread: Thread started: Thread Group 1-12
2020-05-14 22:56:52,980 INFO o.a.j.t.JMeterThread: Thread started: Thread Group 1-13
2020-05-14 22:56:53,229 INFO o.a.j.t.JMeterThread: Thread started: Thread Group 1-14
2020-05-14 22:56:53,479 INFO o.a.j.t.JMeterThread: Thread started: Thread Group 1-15
2020-05-14 22:56:53,724 INFO o.a.j.t.JMeterThread: Thread started: Thread Group 1-16
2020-05-14 22:56:53,972 INFO o.a.j.t.JMeterThread: Thread started: Thread Group 1-17
2020-05-14 22:56:54,084 INFO o.a.j.p.h.s.HTTPHCAbstractImpl: Local host = hylianpablo
2020-05-14 22:56:54,099 INFO o.a.j.p.h.s.HTTPHC4Impl: HTTP request retry count = 0
2020-05-14 22:56:54,225 INFO o.a.j.t.JMeterThread: Thread started: Thread Group 1-18
2020-05-14 22:56:54,475 INFO o.a.j.t.JMeterThread: Thread started: Thread Group 1-19
2020-05-14 22:56:54,723 INFO o.a.j.t.JMeterThread: Thread started: Thread Group 1-20
2020-05-14 22:56:54,972 INFO o.a.j.t.JMeterThread: Thread started: Thread Group 1-21
2020-05-14 22:56:55,221 INFO o.a.j.t.JMeterThread: Thread started: Thread Group 1-22
2020-05-14 22:56:55,471 INFO o.a.j.t.JMeterThread: Thread started: Thread Group 1-23
2020-05-14 22:56:55,722 INFO o.a.j.t.JMeterThread: Thread started: Thread Group 1-24
2020-05-14 22:56:55,979 INFO o.a.j.t.JMeterThread: Thread started: Thread Group 1-25
2020-05-14 22:56:56,222 INFO o.a.j.t.JMeterThread: Thread started: Thread Group 1-26
2020-05-14 22:56:56,472 INFO o.a.j.t.JMeterThread: Thread started: Thread Group 1-27
2020-05-14 22:56:56,722 INFO o.a.j.t.JMeterThread: Thread started: Thread Group 1-28
2020-05-14 22:56:56,970 INFO o.a.j.t.JMeterThread: Thread started: Thread Group 1-29
2020-05-14 22:56:57,219 INFO o.a.j.t.JMeterThread: Thread started: Thread Group 1-30
2020-05-14 22:56:57,469 INFO o.a.j.t.JMeterThread: Thread started: Thread Group 1-31
2020-05-14 22:56:57,721 INFO o.a.j.t.JMeterThread: Thread started: Thread Group 1-32
2020-05-14 22:56:57,972 INFO o.a.j.t.JMeterThread: Thread started: Thread Group 1-33
2020-05-14 22:56:58,223 INFO o.a.j.t.JMeterThread: Thread started: Thread Group 1-34
2020-05-14 22:56:58,472 INFO o.a.j.t.JMeterThread: Thread started: Thread Group 1-35
2020-05-14 22:56:58,720 INFO o.a.j.t.JMeterThread: Thread started: Thread Group 1-36
2020-05-14 22:56:58,971 INFO o.a.j.t.JMeterThread: Thread started: Thread Group 1-37
2020-05-14 22:56:59,222 INFO o.a.j.t.JMeterThread: Thread started: Thread Group 1-38
2020-05-14 22:56:59,471 INFO o.a.j.t.JMeterThread: Thread started: Thread Group 1-39
2020-05-14 22:56:59,721 INFO o.a.j.t.JMeterThread: Thread started: Thread Group 1-40
2020-05-14 22:56:59,970 INFO o.a.j.t.JMeterThread: Thread started: Thread Group 1-41
2020-05-14 22:57:00,037 INFO o.a.j.r.Summariser: summary +     33 in 00:00:10 =    3.3/s Avg:    87 Min:    50 Max:   168 Err:     0 (0.00%) Active: 41 Started: 41 Finished: 0
2020-05-14 22:57:00,225 INFO o.a.j.t.JMeterThread: Thread started: Thread Group 1-42
2020-05-14 22:57:00,471 INFO o.a.j.t.JMeterThread: Thread started: Thread Group 1-43
2020-05-14 22:57:00,721 INFO o.a.j.t.JMeterThread: Thread started: Thread Group 1-44
2020-05-14 22:57:00,972 INFO o.a.j.t.JMeterThread: Thread started: Thread Group 1-45
2020-05-14 22:57:01,220 INFO o.a.j.t.JMeterThread: Thread started: Thread Group 1-46
2020-05-14 22:57:01,470 INFO o.a.j.t.JMeterThread: Thread started: Thread Group 1-47
2020-05-14 22:57:01,721 INFO o.a.j.t.JMeterThread: Thread started: Thread Group 1-48
2020-05-14 22:57:01,969 INFO o.a.j.t.JMeterThread: Thread started: Thread Group 1-49
2020-05-14 22:57:02,219 INFO o.a.j.t.JMeterThread: Thread started: Thread Group 1-50
2020-05-14 22:57:02,469 INFO o.a.j.t.JMeterThread: Thread started: Thread Group 1-51
2020-05-14 22:57:02,725 INFO o.a.j.t.JMeterThread: Thread started: Thread Group 1-52
2020-05-14 22:57:02,970 INFO o.a.j.t.JMeterThread: Thread started: Thread Group 1-53
2020-05-14 22:57:03,221 INFO o.a.j.t.JMeterThread: Thread started: Thread Group 1-54
2020-05-14 22:57:03,471 INFO o.a.j.t.JMeterThread: Thread started: Thread Group 1-55
2020-05-14 22:57:03,721 INFO o.a.j.t.JMeterThread: Thread started: Thread Group 1-56
2020-05-14 22:57:03,970 INFO o.a.j.t.JMeterThread: Thread started: Thread Group 1-57
2020-05-14 22:57:04,220 INFO o.a.j.t.JMeterThread: Thread started: Thread Group 1-58
2020-05-14 22:57:04,470 INFO o.a.j.t.JMeterThread: Thread started: Thread Group 1-59
2020-05-14 22:57:04,721 INFO o.a.j.t.JMeterThread: Thread started: Thread Group 1-60
2020-05-14 22:57:04,972 INFO o.a.j.t.JMeterThread: Thread started: Thread Group 1-61
2020-05-14 22:57:05,220 INFO o.a.j.t.JMeterThread: Thread started: Thread Group 1-62
2020-05-14 22:57:05,470 INFO o.a.j.t.JMeterThread: Thread started: Thread Group 1-63
2020-05-14 22:57:05,722 INFO o.a.j.t.JMeterThread: Thread started: Thread Group 1-64
2020-05-14 22:57:05,971 INFO o.a.j.t.JMeterThread: Thread started: Thread Group 1-65
2020-05-14 22:57:06,223 INFO o.a.j.t.JMeterThread: Thread started: Thread Group 1-66
2020-05-14 22:57:06,470 INFO o.a.j.t.JMeterThread: Thread started: Thread Group 1-67
2020-05-14 22:57:06,722 INFO o.a.j.t.JMeterThread: Thread started: Thread Group 1-68
2020-05-14 22:57:06,973 INFO o.a.j.t.JMeterThread: Thread started: Thread Group 1-69
2020-05-14 22:57:07,221 INFO o.a.j.t.JMeterThread: Thread started: Thread Group 1-70
2020-05-14 22:57:07,470 INFO o.a.j.t.JMeterThread: Thread started: Thread Group 1-71
2020-05-14 22:57:07,721 INFO o.a.j.t.JMeterThread: Thread started: Thread Group 1-72
2020-05-14 22:57:07,970 INFO o.a.j.t.JMeterThread: Thread started: Thread Group 1-73
2020-05-14 22:57:08,220 INFO o.a.j.t.JMeterThread: Thread started: Thread Group 1-74
2020-05-14 22:57:08,473 INFO o.a.j.t.JMeterThread: Thread started: Thread Group 1-75
2020-05-14 22:57:08,723 INFO o.a.j.t.JMeterThread: Thread started: Thread Group 1-76
2020-05-14 22:57:08,970 INFO o.a.j.t.JMeterThread: Thread started: Thread Group 1-77
2020-05-14 22:57:09,226 INFO o.a.j.t.JMeterThread: Thread started: Thread Group 1-78
2020-05-14 22:57:09,471 INFO o.a.j.t.JMeterThread: Thread started: Thread Group 1-79
2020-05-14 22:57:09,720 INFO o.a.j.t.JMeterThread: Thread started: Thread Group 1-80
2020-05-14 22:57:30,024 INFO o.a.j.r.Summariser: summary +    388 in 00:00:30 =   12.9/s Avg:   644 Min:    42 Max:  7869 Err:     0 (0.00%) Active: 80 Started: 80 Finished: 0
2020-05-14 22:57:30,025 INFO o.a.j.r.Summariser: summary =    421 in 00:00:40 =   10.5/s Avg:   601 Min:    42 Max:  7869 Err:     0 (0.00%)
2020-05-14 22:58:00,100 INFO o.a.j.r.Summariser: summary +    538 in 00:00:30 =   17.9/s Avg:  1082 Min:    34 Max: 16055 Err:     0 (0.00%) Active: 80 Started: 80 Finished: 0
2020-05-14 22:58:00,101 INFO o.a.j.r.Summariser: summary =    959 in 00:01:10 =   13.7/s Avg:   871 Min:    34 Max: 16055 Err:     0 (0.00%)
2020-05-14 22:58:30,003 INFO o.a.j.r.Summariser: summary +    386 in 00:00:30 =   12.9/s Avg:  1474 Min:    41 Max: 12232 Err:     0 (0.00%) Active: 80 Started: 80 Finished: 0
2020-05-14 22:58:30,003 INFO o.a.j.r.Summariser: summary =   1345 in 00:01:40 =   13.4/s Avg:  1044 Min:    34 Max: 16055 Err:     0 (0.00%)
2020-05-14 22:59:00,063 INFO o.a.j.r.Summariser: summary +    544 in 00:00:30 =   18.1/s Avg:   870 Min:    36 Max: 13408 Err:     0 (0.00%) Active: 80 Started: 80 Finished: 0
2020-05-14 22:59:00,064 INFO o.a.j.r.Summariser: summary =   1889 in 00:02:10 =   14.5/s Avg:   994 Min:    34 Max: 16055 Err:     0 (0.00%)
2020-05-14 22:59:30,072 INFO o.a.j.r.Summariser: summary +    414 in 00:00:30 =   13.8/s Avg:  1516 Min:    41 Max:  8548 Err:     0 (0.00%) Active: 80 Started: 80 Finished: 0
2020-05-14 22:59:30,073 INFO o.a.j.r.Summariser: summary =   2303 in 00:02:40 =   14.4/s Avg:  1088 Min:    34 Max: 16055 Err:     0 (0.00%)
2020-05-14 23:00:00,121 INFO o.a.j.r.Summariser: summary +    576 in 00:00:30 =   19.2/s Avg:   363 Min:    36 Max:  7135 Err:     0 (0.00%) Active: 80 Started: 80 Finished: 0
2020-05-14 23:00:00,121 INFO o.a.j.r.Summariser: summary =   2879 in 00:03:10 =   15.1/s Avg:   943 Min:    34 Max: 16055 Err:     0 (0.00%)
2020-05-14 23:00:30,037 INFO o.a.j.r.Summariser: summary +    432 in 00:00:30 =   14.4/s Avg:  1571 Min:    41 Max: 15074 Err:     0 (0.00%) Active: 80 Started: 80 Finished: 0
2020-05-14 23:00:30,038 INFO o.a.j.r.Summariser: summary =   3311 in 00:03:40 =   15.0/s Avg:  1025 Min:    34 Max: 16055 Err:     0 (0.00%)
2020-05-14 23:01:00,055 INFO o.a.j.r.Summariser: summary +    545 in 00:00:30 =   18.2/s Avg:   309 Min:    34 Max:  3635 Err:     0 (0.00%) Active: 80 Started: 80 Finished: 0
2020-05-14 23:01:00,055 INFO o.a.j.r.Summariser: summary =   3856 in 00:04:10 =   15.4/s Avg:   923 Min:    34 Max: 16055 Err:     0 (0.00%)
2020-05-14 23:01:30,055 INFO o.a.j.r.Summariser: summary +    357 in 00:00:30 =   11.9/s Avg:  2890 Min:    90 Max: 18713 Err:     0 (0.00%) Active: 80 Started: 80 Finished: 0
2020-05-14 23:01:30,056 INFO o.a.j.r.Summariser: summary =   4213 in 00:04:40 =   15.0/s Avg:  1090 Min:    34 Max: 18713 Err:     0 (0.00%)
2020-05-14 23:02:00,062 INFO o.a.j.r.Summariser: summary +    540 in 00:00:30 =   18.0/s Avg:   285 Min:    37 Max:  4141 Err:     0 (0.00%) Active: 80 Started: 80 Finished: 0
2020-05-14 23:02:00,063 INFO o.a.j.r.Summariser: summary =   4753 in 00:05:10 =   15.3/s Avg:   999 Min:    34 Max: 18713 Err:     0 (0.00%)
2020-05-14 23:02:30,043 INFO o.a.j.r.Summariser: summary +    347 in 00:00:30 =   11.6/s Avg:  3004 Min:   149 Max: 18817 Err:     0 (0.00%) Active: 80 Started: 80 Finished: 0
2020-05-14 23:02:30,044 INFO o.a.j.r.Summariser: summary =   5100 in 00:05:40 =   15.0/s Avg:  1135 Min:    34 Max: 18817 Err:     0 (0.00%)
2020-05-14 23:03:00,251 INFO o.a.j.r.Summariser: summary +    562 in 00:00:30 =   18.6/s Avg:   261 Min:    37 Max:  2894 Err:     0 (0.00%) Active: 80 Started: 80 Finished: 0
2020-05-14 23:03:00,251 INFO o.a.j.r.Summariser: summary =   5662 in 00:06:10 =   15.3/s Avg:  1048 Min:    34 Max: 18817 Err:     0 (0.00%)
2020-05-14 23:03:30,012 INFO o.a.j.r.Summariser: summary +    510 in 00:00:30 =   17.1/s Avg:   818 Min:    36 Max:  4410 Err:     0 (0.00%) Active: 80 Started: 80 Finished: 0
2020-05-14 23:03:30,012 INFO o.a.j.r.Summariser: summary =   6172 in 00:06:40 =   15.4/s Avg:  1029 Min:    34 Max: 18817 Err:     0 (0.00%)
2020-05-14 23:04:00,091 INFO o.a.j.r.Summariser: summary +    516 in 00:00:30 =   17.2/s Avg:   430 Min:    37 Max:  4981 Err:     0 (0.00%) Active: 80 Started: 80 Finished: 0
2020-05-14 23:04:00,092 INFO o.a.j.r.Summariser: summary =   6688 in 00:07:10 =   15.5/s Avg:   983 Min:    34 Max: 18817 Err:     0 (0.00%)
2020-05-14 23:04:30,003 INFO o.a.j.r.Summariser: summary +    491 in 00:00:30 =   16.4/s Avg:  1082 Min:    39 Max: 11523 Err:     0 (0.00%) Active: 80 Started: 80 Finished: 0
2020-05-14 23:04:30,004 INFO o.a.j.r.Summariser: summary =   7179 in 00:07:40 =   15.6/s Avg:   990 Min:    34 Max: 18817 Err:     0 (0.00%)
2020-05-14 23:05:00,061 INFO o.a.j.r.Summariser: summary +    508 in 00:00:30 =   16.9/s Avg:   676 Min:    38 Max:  4827 Err:     0 (0.00%) Active: 80 Started: 80 Finished: 0
2020-05-14 23:05:00,061 INFO o.a.j.r.Summariser: summary =   7687 in 00:08:10 =   15.7/s Avg:   969 Min:    34 Max: 18817 Err:     0 (0.00%)
2020-05-14 23:05:30,023 INFO o.a.j.r.Summariser: summary +    523 in 00:00:30 =   17.5/s Avg:   660 Min:    39 Max:  5603 Err:     0 (0.00%) Active: 80 Started: 80 Finished: 0
2020-05-14 23:05:30,024 INFO o.a.j.r.Summariser: summary =   8210 in 00:08:40 =   15.8/s Avg:   949 Min:    34 Max: 18817 Err:     0 (0.00%)
2020-05-14 23:06:00,055 INFO o.a.j.r.Summariser: summary +    427 in 00:00:30 =   14.2/s Avg:  1600 Min:    50 Max:  9194 Err:     0 (0.00%) Active: 80 Started: 80 Finished: 0
2020-05-14 23:06:00,056 INFO o.a.j.r.Summariser: summary =   8637 in 00:09:10 =   15.7/s Avg:   981 Min:    34 Max: 18817 Err:     0 (0.00%)
2020-05-14 23:06:30,034 INFO o.a.j.r.Summariser: summary +    534 in 00:00:30 =   17.8/s Avg:   529 Min:    35 Max:  5476 Err:     0 (0.00%) Active: 80 Started: 80 Finished: 0
2020-05-14 23:06:30,035 INFO o.a.j.r.Summariser: summary =   9171 in 00:09:40 =   15.8/s Avg:   955 Min:    34 Max: 18817 Err:     0 (0.00%)
2020-05-14 23:07:00,129 INFO o.a.j.r.Summariser: summary +    356 in 00:00:30 =   11.8/s Avg:  1438 Min:    40 Max: 16331 Err:     0 (0.00%) Active: 80 Started: 80 Finished: 0
2020-05-14 23:07:00,130 INFO o.a.j.r.Summariser: summary =   9527 in 00:10:10 =   15.6/s Avg:   973 Min:    34 Max: 18817 Err:     0 (0.00%)
2020-05-14 23:07:06,076 INFO o.a.j.t.JMeterThread: Thread finished: Thread Group 1-3
2020-05-14 23:07:06,159 INFO o.a.j.t.JMeterThread: Thread finished: Thread Group 1-57
2020-05-14 23:07:06,159 INFO o.a.j.t.JMeterThread: Thread finished: Thread Group 1-28
2020-05-14 23:07:06,189 INFO o.a.j.t.JMeterThread: Thread finished: Thread Group 1-9
2020-05-14 23:07:06,200 INFO o.a.j.t.JMeterThread: Thread finished: Thread Group 1-13
2020-05-14 23:07:06,219 INFO o.a.j.t.JMeterThread: Thread finished: Thread Group 1-41
2020-05-14 23:07:06,231 INFO o.a.j.t.JMeterThread: Thread finished: Thread Group 1-46
2020-05-14 23:07:06,313 INFO o.a.j.t.JMeterThread: Thread finished: Thread Group 1-64
2020-05-14 23:07:06,457 INFO o.a.j.t.JMeterThread: Thread finished: Thread Group 1-69
2020-05-14 23:07:06,467 INFO o.a.j.t.JMeterThread: Thread finished: Thread Group 1-75
2020-05-14 23:07:06,583 INFO o.a.j.t.JMeterThread: Thread finished: Thread Group 1-19
2020-05-14 23:07:06,611 INFO o.a.j.t.JMeterThread: Thread finished: Thread Group 1-22
2020-05-14 23:07:06,640 INFO o.a.j.t.JMeterThread: Thread finished: Thread Group 1-4
2020-05-14 23:07:06,970 INFO o.a.j.t.JMeterThread: Thread finished: Thread Group 1-20
2020-05-14 23:07:07,334 INFO o.a.j.t.JMeterThread: Thread finished: Thread Group 1-6
2020-05-14 23:07:07,347 INFO o.a.j.t.JMeterThread: Thread finished: Thread Group 1-12
2020-05-14 23:07:07,363 INFO o.a.j.t.JMeterThread: Thread finished: Thread Group 1-80
2020-05-14 23:07:07,448 INFO o.a.j.t.JMeterThread: Thread finished: Thread Group 1-23
2020-05-14 23:07:07,484 INFO o.a.j.t.JMeterThread: Thread finished: Thread Group 1-72
2020-05-14 23:07:07,517 INFO o.a.j.t.JMeterThread: Thread finished: Thread Group 1-78
2020-05-14 23:07:07,637 INFO o.a.j.t.JMeterThread: Thread finished: Thread Group 1-76
2020-05-14 23:07:07,762 INFO o.a.j.t.JMeterThread: Thread finished: Thread Group 1-15
2020-05-14 23:07:07,797 INFO o.a.j.t.JMeterThread: Thread finished: Thread Group 1-54
2020-05-14 23:07:08,055 INFO o.a.j.t.JMeterThread: Thread finished: Thread Group 1-29
2020-05-14 23:07:08,179 INFO o.a.j.t.JMeterThread: Thread finished: Thread Group 1-58
2020-05-14 23:07:08,193 INFO o.a.j.t.JMeterThread: Thread finished: Thread Group 1-71
2020-05-14 23:07:08,203 INFO o.a.j.t.JMeterThread: Thread finished: Thread Group 1-47
2020-05-14 23:07:08,399 INFO o.a.j.t.JMeterThread: Thread finished: Thread Group 1-44
2020-05-14 23:07:08,420 INFO o.a.j.t.JMeterThread: Thread finished: Thread Group 1-17
2020-05-14 23:07:08,526 INFO o.a.j.t.JMeterThread: Thread finished: Thread Group 1-52
2020-05-14 23:07:08,536 INFO o.a.j.t.JMeterThread: Thread finished: Thread Group 1-56
2020-05-14 23:07:08,589 INFO o.a.j.t.JMeterThread: Thread finished: Thread Group 1-55
2020-05-14 23:07:08,591 INFO o.a.j.t.JMeterThread: Thread finished: Thread Group 1-39
2020-05-14 23:07:08,599 INFO o.a.j.t.JMeterThread: Thread finished: Thread Group 1-27
2020-05-14 23:07:08,619 INFO o.a.j.t.JMeterThread: Thread finished: Thread Group 1-60
2020-05-14 23:07:08,647 INFO o.a.j.t.JMeterThread: Thread finished: Thread Group 1-38
2020-05-14 23:07:08,825 INFO o.a.j.t.JMeterThread: Thread finished: Thread Group 1-42
2020-05-14 23:07:08,898 INFO o.a.j.t.JMeterThread: Thread finished: Thread Group 1-49
2020-05-14 23:07:08,920 INFO o.a.j.t.JMeterThread: Thread finished: Thread Group 1-25
2020-05-14 23:07:08,921 INFO o.a.j.t.JMeterThread: Thread finished: Thread Group 1-5
2020-05-14 23:07:08,922 INFO o.a.j.t.JMeterThread: Thread finished: Thread Group 1-35
2020-05-14 23:07:08,922 INFO o.a.j.t.JMeterThread: Thread finished: Thread Group 1-61
2020-05-14 23:07:08,964 INFO o.a.j.t.JMeterThread: Thread finished: Thread Group 1-21
2020-05-14 23:07:08,976 INFO o.a.j.t.JMeterThread: Thread finished: Thread Group 1-43
2020-05-14 23:07:09,024 INFO o.a.j.t.JMeterThread: Thread finished: Thread Group 1-40
2020-05-14 23:07:09,117 INFO o.a.j.t.JMeterThread: Thread finished: Thread Group 1-48
2020-05-14 23:07:09,190 INFO o.a.j.t.JMeterThread: Thread finished: Thread Group 1-32
2020-05-14 23:07:09,382 INFO o.a.j.t.JMeterThread: Thread finished: Thread Group 1-50
2020-05-14 23:07:09,437 INFO o.a.j.t.JMeterThread: Thread finished: Thread Group 1-59
2020-05-14 23:07:09,500 INFO o.a.j.t.JMeterThread: Thread finished: Thread Group 1-26
2020-05-14 23:07:09,525 INFO o.a.j.t.JMeterThread: Thread finished: Thread Group 1-36
2020-05-14 23:07:09,533 INFO o.a.j.t.JMeterThread: Thread finished: Thread Group 1-16
2020-05-14 23:07:09,604 INFO o.a.j.t.JMeterThread: Thread finished: Thread Group 1-68
2020-05-14 23:07:09,609 INFO o.a.j.t.JMeterThread: Thread finished: Thread Group 1-73
2020-05-14 23:07:09,627 INFO o.a.j.t.JMeterThread: Thread finished: Thread Group 1-53
2020-05-14 23:07:09,627 INFO o.a.j.t.JMeterThread: Thread finished: Thread Group 1-45
2020-05-14 23:07:09,632 INFO o.a.j.t.JMeterThread: Thread finished: Thread Group 1-62
2020-05-14 23:07:09,632 INFO o.a.j.t.JMeterThread: Thread finished: Thread Group 1-7
2020-05-14 23:07:09,751 INFO o.a.j.t.JMeterThread: Thread finished: Thread Group 1-70
2020-05-14 23:07:09,777 INFO o.a.j.t.JMeterThread: Thread finished: Thread Group 1-31
2020-05-14 23:07:09,836 INFO o.a.j.t.JMeterThread: Thread finished: Thread Group 1-74
2020-05-14 23:07:09,981 INFO o.a.j.t.JMeterThread: Thread finished: Thread Group 1-79
2020-05-14 23:07:10,001 INFO o.a.j.t.JMeterThread: Thread finished: Thread Group 1-66
2020-05-14 23:07:10,065 INFO o.a.j.t.JMeterThread: Thread finished: Thread Group 1-34
2020-05-14 23:07:10,066 INFO o.a.j.t.JMeterThread: Thread finished: Thread Group 1-18
2020-05-14 23:07:10,120 INFO o.a.j.t.JMeterThread: Thread finished: Thread Group 1-65
2020-05-14 23:07:10,146 INFO o.a.j.t.JMeterThread: Stopping because end time detected by thread: Thread Group 1-8
2020-05-14 23:07:10,147 INFO o.a.j.t.JMeterThread: Thread finished: Thread Group 1-8
2020-05-14 23:07:10,158 INFO o.a.j.t.JMeterThread: Stopping because end time detected by thread: Thread Group 1-11
2020-05-14 23:07:10,158 INFO o.a.j.t.JMeterThread: Thread finished: Thread Group 1-11
2020-05-14 23:07:10,308 INFO o.a.j.t.JMeterThread: Stopping because end time detected by thread: Thread Group 1-24
2020-05-14 23:07:10,309 INFO o.a.j.t.JMeterThread: Thread finished: Thread Group 1-24
2020-05-14 23:07:10,656 INFO o.a.j.t.JMeterThread: Stopping because end time detected by thread: Thread Group 1-33
2020-05-14 23:07:10,656 INFO o.a.j.t.JMeterThread: Thread finished: Thread Group 1-33
2020-05-14 23:07:10,811 INFO o.a.j.t.JMeterThread: Stopping because end time detected by thread: Thread Group 1-63
2020-05-14 23:07:10,811 INFO o.a.j.t.JMeterThread: Thread finished: Thread Group 1-63
2020-05-14 23:07:11,160 INFO o.a.j.t.JMeterThread: Stopping because end time detected by thread: Thread Group 1-77
2020-05-14 23:07:11,160 INFO o.a.j.t.JMeterThread: Thread finished: Thread Group 1-77
2020-05-14 23:07:11,168 INFO o.a.j.t.JMeterThread: Stopping because end time detected by thread: Thread Group 1-67
2020-05-14 23:07:11,169 INFO o.a.j.t.JMeterThread: Thread finished: Thread Group 1-67
2020-05-14 23:07:11,276 INFO o.a.j.t.JMeterThread: Stopping because end time detected by thread: Thread Group 1-1
2020-05-14 23:07:11,277 INFO o.a.j.t.JMeterThread: Thread finished: Thread Group 1-1
2020-05-14 23:07:11,460 INFO o.a.j.t.JMeterThread: Stopping because end time detected by thread: Thread Group 1-10
2020-05-14 23:07:11,460 INFO o.a.j.t.JMeterThread: Thread finished: Thread Group 1-10
2020-05-14 23:07:11,508 INFO o.a.j.t.JMeterThread: Stopping because end time detected by thread: Thread Group 1-51
2020-05-14 23:07:11,509 INFO o.a.j.t.JMeterThread: Thread finished: Thread Group 1-51
2020-05-14 23:07:11,747 INFO o.a.j.t.JMeterThread: Stopping because end time detected by thread: Thread Group 1-37
2020-05-14 23:07:11,747 INFO o.a.j.t.JMeterThread: Thread finished: Thread Group 1-37
2020-05-14 23:07:11,911 INFO o.a.j.t.JMeterThread: Stopping because end time detected by thread: Thread Group 1-14
2020-05-14 23:07:11,911 INFO o.a.j.t.JMeterThread: Thread finished: Thread Group 1-14
2020-05-14 23:07:11,911 INFO o.a.j.t.JMeterThread: Stopping because end time detected by thread: Thread Group 1-30
2020-05-14 23:07:11,912 INFO o.a.j.t.JMeterThread: Thread finished: Thread Group 1-30
2020-05-14 23:07:12,073 INFO o.a.j.t.JMeterThread: Stopping because end time detected by thread: Thread Group 1-2
2020-05-14 23:07:12,073 INFO o.a.j.t.JMeterThread: Thread finished: Thread Group 1-2
2020-05-14 23:07:12,074 INFO o.a.j.e.StandardJMeterEngine: Notifying test listeners of end of test
2020-05-14 23:07:12,077 INFO o.a.j.r.Summariser: summary +    129 in 00:00:12 =   10.8/s Avg:  6270 Min:   275 Max: 24643 Err:     0 (0.00%) Active: 0 Started: 80 Finished: 80
2020-05-14 23:07:12,078 INFO o.a.j.r.Summariser: summary =   9656 in 00:10:22 =   15.5/s Avg:  1044 Min:    34 Max: 24643 Err:     0 (0.00%)
