2020-05-14 23:07:14,527 INFO o.a.j.u.JMeterUtils: Setting Locale to en_US
2020-05-14 23:07:14,559 INFO o.a.j.JMeter: Loading user properties from: /home/pablo/jmeter/bin/user.properties
2020-05-14 23:07:14,560 INFO o.a.j.JMeter: Loading system properties from: /home/pablo/jmeter/bin/system.properties
2020-05-14 23:07:14,560 INFO o.a.j.JMeter: Setting System property: HILOS=160
2020-05-14 23:07:14,561 INFO o.a.j.JMeter: Setting System property: SUBIDA=25
2020-05-14 23:07:14,561 INFO o.a.j.JMeter: Setting System property: DURACION=625
2020-05-14 23:07:14,561 INFO o.a.j.JMeter: Setting System property: FILE=scriptresultsPerfmon160.jtl
2020-05-14 23:07:14,564 INFO o.a.j.JMeter: Copyright (c) 1998-2019 The Apache Software Foundation
2020-05-14 23:07:14,565 INFO o.a.j.JMeter: Version 5.2.1
2020-05-14 23:07:14,565 INFO o.a.j.JMeter: java.version=1.8.0_201
2020-05-14 23:07:14,565 INFO o.a.j.JMeter: java.vm.name=Java HotSpot(TM) 64-Bit Server VM
2020-05-14 23:07:14,565 INFO o.a.j.JMeter: os.name=Linux
2020-05-14 23:07:14,566 INFO o.a.j.JMeter: os.arch=amd64
2020-05-14 23:07:14,566 INFO o.a.j.JMeter: os.version=4.15.0-99-generic
2020-05-14 23:07:14,566 INFO o.a.j.JMeter: file.encoding=UTF-8
2020-05-14 23:07:14,567 INFO o.a.j.JMeter: java.awt.headless=true
2020-05-14 23:07:14,567 INFO o.a.j.JMeter: Max memory     =732954624
2020-05-14 23:07:14,567 INFO o.a.j.JMeter: Available Processors =4
2020-05-14 23:07:14,575 INFO o.a.j.JMeter: Default Locale=English (United States)
2020-05-14 23:07:14,576 INFO o.a.j.JMeter: JMeter  Locale=English (United States)
2020-05-14 23:07:14,576 INFO o.a.j.JMeter: JMeterHome=/home/pablo/jmeter
2020-05-14 23:07:14,577 INFO o.a.j.JMeter: user.dir  =/home/pablo/jmeter/bin/EJECUCIONES/P3_V3
2020-05-14 23:07:14,577 INFO o.a.j.JMeter: PWD       =/home/pablo/jmeter/bin/EJECUCIONES/P3_V3
2020-05-14 23:07:14,578 INFO o.a.j.JMeter: IP: 127.0.1.1 Name: hylianpablo FullName: hylianpablo
2020-05-14 23:07:14,587 INFO o.a.j.s.FileServer: Default base='/home/pablo/jmeter/bin/EJECUCIONES/P3_V3'
2020-05-14 23:07:14,598 INFO o.a.j.s.FileServer: Set new base='/home/pablo/jmeter/bin/EJECUCIONES/P3_V3/..'
2020-05-14 23:07:14,920 INFO o.a.j.s.SaveService: Testplan (JMX) version: 2.2. Testlog (JTL) version: 2.2
2020-05-14 23:07:14,938 INFO o.a.j.s.SaveService: Using SaveService properties file encoding UTF-8
2020-05-14 23:07:14,951 INFO o.a.j.s.SaveService: Using SaveService properties version 5.0
2020-05-14 23:07:14,970 INFO o.a.j.s.SaveService: Loading file: ../RecordP3_V2.jmx
2020-05-14 23:07:15,054 INFO o.a.j.p.h.c.CookieManager: Settings: Delete null: true Check: true Allow variable: true Save: false Prefix: COOKIE_
2020-05-14 23:07:15,107 INFO o.a.j.p.h.s.HTTPSamplerBase: Parser for text/html is org.apache.jmeter.protocol.http.parser.LagartoBasedHtmlParser
2020-05-14 23:07:15,107 INFO o.a.j.p.h.s.HTTPSamplerBase: Parser for application/xhtml+xml is org.apache.jmeter.protocol.http.parser.LagartoBasedHtmlParser
2020-05-14 23:07:15,107 INFO o.a.j.p.h.s.HTTPSamplerBase: Parser for application/xml is org.apache.jmeter.protocol.http.parser.LagartoBasedHtmlParser
2020-05-14 23:07:15,108 INFO o.a.j.p.h.s.HTTPSamplerBase: Parser for text/xml is org.apache.jmeter.protocol.http.parser.LagartoBasedHtmlParser
2020-05-14 23:07:15,108 INFO o.a.j.p.h.s.HTTPSamplerBase: Parser for text/vnd.wap.wml is org.apache.jmeter.protocol.http.parser.RegexpHTMLParser
2020-05-14 23:07:15,108 INFO o.a.j.p.h.s.HTTPSamplerBase: Parser for text/css is org.apache.jmeter.protocol.http.parser.CssParser
2020-05-14 23:07:15,240 INFO o.a.j.JMeter: Creating summariser <summary>
2020-05-14 23:07:15,256 INFO o.a.j.e.StandardJMeterEngine: Running the test!
2020-05-14 23:07:15,258 INFO o.a.j.s.SampleEvent: List of sample_variables: []
2020-05-14 23:07:15,258 INFO o.a.j.s.SampleEvent: List of sample_variables: []
2020-05-14 23:07:15,277 INFO o.a.j.e.u.CompoundVariable: Note: Function class names must contain the string: '.functions.'
2020-05-14 23:07:15,277 INFO o.a.j.e.u.CompoundVariable: Note: Function class names must not contain the string: '.gui.'
2020-05-14 23:07:16,256 INFO o.a.j.JMeter: Running test (1589490436256)
2020-05-14 23:07:16,353 INFO o.a.j.e.StandardJMeterEngine: Starting ThreadGroup: 1 : Thread Group
2020-05-14 23:07:16,354 INFO o.a.j.e.StandardJMeterEngine: Starting 160 threads for group Thread Group.
2020-05-14 23:07:16,354 INFO o.a.j.e.StandardJMeterEngine: Thread will continue on error
2020-05-14 23:07:16,354 INFO o.a.j.t.ThreadGroup: Starting thread group... number=1 threads=160 ramp-up=25 delayedStart=false
2020-05-14 23:07:16,400 INFO o.a.j.t.JMeterThread: Thread started: Thread Group 1-1
2020-05-14 23:07:16,523 INFO o.a.j.t.JMeterThread: Thread started: Thread Group 1-2
2020-05-14 23:07:16,675 INFO o.a.j.t.JMeterThread: Thread started: Thread Group 1-3
2020-05-14 23:07:16,682 INFO o.a.j.t.ThreadGroup: Started thread group number 1
2020-05-14 23:07:16,683 INFO o.a.j.e.StandardJMeterEngine: All thread groups have been started
2020-05-14 23:07:16,831 INFO o.a.j.t.JMeterThread: Thread started: Thread Group 1-4
2020-05-14 23:07:16,986 INFO o.a.j.t.JMeterThread: Thread started: Thread Group 1-5
2020-05-14 23:07:17,143 INFO o.a.j.t.JMeterThread: Thread started: Thread Group 1-6
2020-05-14 23:07:17,301 INFO o.a.j.t.JMeterThread: Thread started: Thread Group 1-7
2020-05-14 23:07:17,453 INFO o.a.j.t.JMeterThread: Thread started: Thread Group 1-8
2020-05-14 23:07:17,610 INFO o.a.j.t.JMeterThread: Thread started: Thread Group 1-9
2020-05-14 23:07:17,737 INFO o.a.j.s.SampleResult: Note: Sample TimeStamps are START times
2020-05-14 23:07:17,739 INFO o.a.j.s.SampleResult: sampleresult.default.encoding is set to ISO-8859-1
2020-05-14 23:07:17,739 INFO o.a.j.s.SampleResult: sampleresult.useNanoTime=true
2020-05-14 23:07:17,739 INFO o.a.j.s.SampleResult: sampleresult.nanoThreadSleep=5000
2020-05-14 23:07:17,767 INFO o.a.j.t.JMeterThread: Thread started: Thread Group 1-10
2020-05-14 23:07:17,924 INFO o.a.j.t.JMeterThread: Thread started: Thread Group 1-11
2020-05-14 23:07:18,082 INFO o.a.j.t.JMeterThread: Thread started: Thread Group 1-12
2020-05-14 23:07:18,237 INFO o.a.j.t.JMeterThread: Thread started: Thread Group 1-13
2020-05-14 23:07:18,393 INFO o.a.j.t.JMeterThread: Thread started: Thread Group 1-14
2020-05-14 23:07:18,546 INFO o.a.j.t.JMeterThread: Thread started: Thread Group 1-15
2020-05-14 23:07:18,701 INFO o.a.j.t.JMeterThread: Thread started: Thread Group 1-16
2020-05-14 23:07:18,856 INFO o.a.j.t.JMeterThread: Thread started: Thread Group 1-17
2020-05-14 23:07:19,011 INFO o.a.j.t.JMeterThread: Thread started: Thread Group 1-18
2020-05-14 23:07:19,168 INFO o.a.j.t.JMeterThread: Thread started: Thread Group 1-19
2020-05-14 23:07:19,326 INFO o.a.j.t.JMeterThread: Thread started: Thread Group 1-20
2020-05-14 23:07:19,482 INFO o.a.j.t.JMeterThread: Thread started: Thread Group 1-21
2020-05-14 23:07:19,640 INFO o.a.j.t.JMeterThread: Thread started: Thread Group 1-22
2020-05-14 23:07:19,790 INFO o.a.j.t.JMeterThread: Thread started: Thread Group 1-23
2020-05-14 23:07:19,947 INFO o.a.j.t.JMeterThread: Thread started: Thread Group 1-24
2020-05-14 23:07:20,103 INFO o.a.j.t.JMeterThread: Thread started: Thread Group 1-25
2020-05-14 23:07:20,259 INFO o.a.j.t.JMeterThread: Thread started: Thread Group 1-26
2020-05-14 23:07:20,416 INFO o.a.j.t.JMeterThread: Thread started: Thread Group 1-27
2020-05-14 23:07:20,457 INFO o.a.j.p.h.s.HTTPHCAbstractImpl: Local host = hylianpablo
2020-05-14 23:07:20,471 INFO o.a.j.p.h.s.HTTPHC4Impl: HTTP request retry count = 0
2020-05-14 23:07:20,575 INFO o.a.j.t.JMeterThread: Thread started: Thread Group 1-28
2020-05-14 23:07:20,725 INFO o.a.j.t.JMeterThread: Thread started: Thread Group 1-29
2020-05-14 23:07:20,880 INFO o.a.j.t.JMeterThread: Thread started: Thread Group 1-30
2020-05-14 23:07:21,037 INFO o.a.j.t.JMeterThread: Thread started: Thread Group 1-31
2020-05-14 23:07:21,194 INFO o.a.j.t.JMeterThread: Thread started: Thread Group 1-32
2020-05-14 23:07:21,351 INFO o.a.j.t.JMeterThread: Thread started: Thread Group 1-33
2020-05-14 23:07:21,506 INFO o.a.j.t.JMeterThread: Thread started: Thread Group 1-34
2020-05-14 23:07:21,662 INFO o.a.j.t.JMeterThread: Thread started: Thread Group 1-35
2020-05-14 23:07:21,820 INFO o.a.j.t.JMeterThread: Thread started: Thread Group 1-36
2020-05-14 23:07:21,974 INFO o.a.j.t.JMeterThread: Thread started: Thread Group 1-37
2020-05-14 23:07:22,129 INFO o.a.j.t.JMeterThread: Thread started: Thread Group 1-38
2020-05-14 23:07:22,285 INFO o.a.j.t.JMeterThread: Thread started: Thread Group 1-39
2020-05-14 23:07:22,441 INFO o.a.j.t.JMeterThread: Thread started: Thread Group 1-40
2020-05-14 23:07:22,600 INFO o.a.j.t.JMeterThread: Thread started: Thread Group 1-41
2020-05-14 23:07:22,754 INFO o.a.j.t.JMeterThread: Thread started: Thread Group 1-42
2020-05-14 23:07:22,909 INFO o.a.j.t.JMeterThread: Thread started: Thread Group 1-43
2020-05-14 23:07:23,065 INFO o.a.j.t.JMeterThread: Thread started: Thread Group 1-44
2020-05-14 23:07:23,221 INFO o.a.j.t.JMeterThread: Thread started: Thread Group 1-45
2020-05-14 23:07:23,380 INFO o.a.j.t.JMeterThread: Thread started: Thread Group 1-46
2020-05-14 23:07:23,534 INFO o.a.j.t.JMeterThread: Thread started: Thread Group 1-47
2020-05-14 23:07:23,689 INFO o.a.j.t.JMeterThread: Thread started: Thread Group 1-48
2020-05-14 23:07:23,846 INFO o.a.j.t.JMeterThread: Thread started: Thread Group 1-49
2020-05-14 23:07:24,005 INFO o.a.j.t.JMeterThread: Thread started: Thread Group 1-50
2020-05-14 23:07:24,158 INFO o.a.j.t.JMeterThread: Thread started: Thread Group 1-51
2020-05-14 23:07:24,316 INFO o.a.j.t.JMeterThread: Thread started: Thread Group 1-52
2020-05-14 23:07:24,472 INFO o.a.j.t.JMeterThread: Thread started: Thread Group 1-53
2020-05-14 23:07:24,625 INFO o.a.j.t.JMeterThread: Thread started: Thread Group 1-54
2020-05-14 23:07:24,781 INFO o.a.j.t.JMeterThread: Thread started: Thread Group 1-55
2020-05-14 23:07:24,937 INFO o.a.j.t.JMeterThread: Thread started: Thread Group 1-56
2020-05-14 23:07:25,094 INFO o.a.j.t.JMeterThread: Thread started: Thread Group 1-57
2020-05-14 23:07:25,250 INFO o.a.j.t.JMeterThread: Thread started: Thread Group 1-58
2020-05-14 23:07:25,407 INFO o.a.j.t.JMeterThread: Thread started: Thread Group 1-59
2020-05-14 23:07:25,562 INFO o.a.j.t.JMeterThread: Thread started: Thread Group 1-60
2020-05-14 23:07:25,717 INFO o.a.j.t.JMeterThread: Thread started: Thread Group 1-61
2020-05-14 23:07:25,875 INFO o.a.j.t.JMeterThread: Thread started: Thread Group 1-62
2020-05-14 23:07:26,029 INFO o.a.j.t.JMeterThread: Thread started: Thread Group 1-63
2020-05-14 23:07:26,186 INFO o.a.j.t.JMeterThread: Thread started: Thread Group 1-64
2020-05-14 23:07:26,341 INFO o.a.j.t.JMeterThread: Thread started: Thread Group 1-65
2020-05-14 23:07:26,498 INFO o.a.j.t.JMeterThread: Thread started: Thread Group 1-66
2020-05-14 23:07:26,652 INFO o.a.j.t.JMeterThread: Thread started: Thread Group 1-67
2020-05-14 23:07:26,808 INFO o.a.j.t.JMeterThread: Thread started: Thread Group 1-68
2020-05-14 23:07:26,965 INFO o.a.j.t.JMeterThread: Thread started: Thread Group 1-69
2020-05-14 23:07:27,121 INFO o.a.j.t.JMeterThread: Thread started: Thread Group 1-70
2020-05-14 23:07:27,278 INFO o.a.j.t.JMeterThread: Thread started: Thread Group 1-71
2020-05-14 23:07:27,433 INFO o.a.j.t.JMeterThread: Thread started: Thread Group 1-72
2020-05-14 23:07:27,588 INFO o.a.j.t.JMeterThread: Thread started: Thread Group 1-73
2020-05-14 23:07:27,746 INFO o.a.j.t.JMeterThread: Thread started: Thread Group 1-74
2020-05-14 23:07:27,901 INFO o.a.j.t.JMeterThread: Thread started: Thread Group 1-75
2020-05-14 23:07:28,057 INFO o.a.j.t.JMeterThread: Thread started: Thread Group 1-76
2020-05-14 23:07:28,213 INFO o.a.j.t.JMeterThread: Thread started: Thread Group 1-77
2020-05-14 23:07:28,369 INFO o.a.j.t.JMeterThread: Thread started: Thread Group 1-78
2020-05-14 23:07:28,524 INFO o.a.j.t.JMeterThread: Thread started: Thread Group 1-79
2020-05-14 23:07:28,681 INFO o.a.j.t.JMeterThread: Thread started: Thread Group 1-80
2020-05-14 23:07:28,838 INFO o.a.j.t.JMeterThread: Thread started: Thread Group 1-81
2020-05-14 23:07:28,998 INFO o.a.j.t.JMeterThread: Thread started: Thread Group 1-82
2020-05-14 23:07:29,149 INFO o.a.j.t.JMeterThread: Thread started: Thread Group 1-83
2020-05-14 23:07:29,304 INFO o.a.j.t.JMeterThread: Thread started: Thread Group 1-84
2020-05-14 23:07:29,462 INFO o.a.j.t.JMeterThread: Thread started: Thread Group 1-85
2020-05-14 23:07:29,621 INFO o.a.j.t.JMeterThread: Thread started: Thread Group 1-86
2020-05-14 23:07:29,774 INFO o.a.j.t.JMeterThread: Thread started: Thread Group 1-87
2020-05-14 23:07:29,932 INFO o.a.j.t.JMeterThread: Thread started: Thread Group 1-88
2020-05-14 23:07:30,014 INFO o.a.j.r.Summariser: summary +    108 in 00:00:14 =    7.9/s Avg:    62 Min:    40 Max:   164 Err:     0 (0.00%) Active: 88 Started: 88 Finished: 0
2020-05-14 23:07:30,085 INFO o.a.j.t.JMeterThread: Thread started: Thread Group 1-89
2020-05-14 23:07:30,244 INFO o.a.j.t.JMeterThread: Thread started: Thread Group 1-90
2020-05-14 23:07:30,398 INFO o.a.j.t.JMeterThread: Thread started: Thread Group 1-91
2020-05-14 23:07:30,554 INFO o.a.j.t.JMeterThread: Thread started: Thread Group 1-92
2020-05-14 23:07:30,711 INFO o.a.j.t.JMeterThread: Thread started: Thread Group 1-93
2020-05-14 23:07:30,868 INFO o.a.j.t.JMeterThread: Thread started: Thread Group 1-94
2020-05-14 23:07:31,022 INFO o.a.j.t.JMeterThread: Thread started: Thread Group 1-95
2020-05-14 23:07:31,180 INFO o.a.j.t.JMeterThread: Thread started: Thread Group 1-96
2020-05-14 23:07:31,336 INFO o.a.j.t.JMeterThread: Thread started: Thread Group 1-97
2020-05-14 23:07:31,490 INFO o.a.j.t.JMeterThread: Thread started: Thread Group 1-98
2020-05-14 23:07:31,644 INFO o.a.j.t.JMeterThread: Thread started: Thread Group 1-99
2020-05-14 23:07:31,802 INFO o.a.j.t.JMeterThread: Thread started: Thread Group 1-100
2020-05-14 23:07:31,957 INFO o.a.j.t.JMeterThread: Thread started: Thread Group 1-101
2020-05-14 23:07:32,116 INFO o.a.j.t.JMeterThread: Thread started: Thread Group 1-102
2020-05-14 23:07:32,271 INFO o.a.j.t.JMeterThread: Thread started: Thread Group 1-103
2020-05-14 23:07:32,424 INFO o.a.j.t.JMeterThread: Thread started: Thread Group 1-104
2020-05-14 23:07:32,580 INFO o.a.j.t.JMeterThread: Thread started: Thread Group 1-105
2020-05-14 23:07:32,741 INFO o.a.j.t.JMeterThread: Thread started: Thread Group 1-106
2020-05-14 23:07:32,893 INFO o.a.j.t.JMeterThread: Thread started: Thread Group 1-107
2020-05-14 23:07:33,048 INFO o.a.j.t.JMeterThread: Thread started: Thread Group 1-108
2020-05-14 23:07:33,205 INFO o.a.j.t.JMeterThread: Thread started: Thread Group 1-109
2020-05-14 23:07:33,361 INFO o.a.j.t.JMeterThread: Thread started: Thread Group 1-110
2020-05-14 23:07:33,518 INFO o.a.j.t.JMeterThread: Thread started: Thread Group 1-111
2020-05-14 23:07:33,672 INFO o.a.j.t.JMeterThread: Thread started: Thread Group 1-112
2020-05-14 23:07:33,829 INFO o.a.j.t.JMeterThread: Thread started: Thread Group 1-113
2020-05-14 23:07:33,984 INFO o.a.j.t.JMeterThread: Thread started: Thread Group 1-114
2020-05-14 23:07:34,140 INFO o.a.j.t.JMeterThread: Thread started: Thread Group 1-115
2020-05-14 23:07:34,296 INFO o.a.j.t.JMeterThread: Thread started: Thread Group 1-116
2020-05-14 23:07:34,453 INFO o.a.j.t.JMeterThread: Thread started: Thread Group 1-117
2020-05-14 23:07:34,623 INFO o.a.j.t.JMeterThread: Thread started: Thread Group 1-118
2020-05-14 23:07:34,782 INFO o.a.j.t.JMeterThread: Thread started: Thread Group 1-119
2020-05-14 23:07:34,921 INFO o.a.j.t.JMeterThread: Thread started: Thread Group 1-120
2020-05-14 23:07:35,078 INFO o.a.j.t.JMeterThread: Thread started: Thread Group 1-121
2020-05-14 23:07:35,233 INFO o.a.j.t.JMeterThread: Thread started: Thread Group 1-122
2020-05-14 23:07:35,605 INFO o.a.j.t.JMeterThread: Thread started: Thread Group 1-124
2020-05-14 23:07:35,607 INFO o.a.j.t.JMeterThread: Thread started: Thread Group 1-123
2020-05-14 23:07:35,702 INFO o.a.j.t.JMeterThread: Thread started: Thread Group 1-125
2020-05-14 23:07:35,859 INFO o.a.j.t.JMeterThread: Thread started: Thread Group 1-126
2020-05-14 23:07:36,014 INFO o.a.j.t.JMeterThread: Thread started: Thread Group 1-127
2020-05-14 23:07:36,174 INFO o.a.j.t.JMeterThread: Thread started: Thread Group 1-128
2020-05-14 23:07:36,328 INFO o.a.j.t.JMeterThread: Thread started: Thread Group 1-129
2020-05-14 23:07:36,482 INFO o.a.j.t.JMeterThread: Thread started: Thread Group 1-130
2020-05-14 23:07:36,638 INFO o.a.j.t.JMeterThread: Thread started: Thread Group 1-131
2020-05-14 23:07:36,794 INFO o.a.j.t.JMeterThread: Thread started: Thread Group 1-132
2020-05-14 23:07:36,949 INFO o.a.j.t.JMeterThread: Thread started: Thread Group 1-133
2020-05-14 23:07:37,106 INFO o.a.j.t.JMeterThread: Thread started: Thread Group 1-134
2020-05-14 23:07:37,263 INFO o.a.j.t.JMeterThread: Thread started: Thread Group 1-135
2020-05-14 23:07:37,418 INFO o.a.j.t.JMeterThread: Thread started: Thread Group 1-136
2020-05-14 23:07:37,574 INFO o.a.j.t.JMeterThread: Thread started: Thread Group 1-137
2020-05-14 23:07:37,728 INFO o.a.j.t.JMeterThread: Thread started: Thread Group 1-138
2020-05-14 23:07:37,885 INFO o.a.j.t.JMeterThread: Thread started: Thread Group 1-139
2020-05-14 23:07:38,041 INFO o.a.j.t.JMeterThread: Thread started: Thread Group 1-140
2020-05-14 23:07:38,196 INFO o.a.j.t.JMeterThread: Thread started: Thread Group 1-141
2020-05-14 23:07:38,356 INFO o.a.j.t.JMeterThread: Thread started: Thread Group 1-142
2020-05-14 23:07:38,512 INFO o.a.j.t.JMeterThread: Thread started: Thread Group 1-143
2020-05-14 23:07:38,664 INFO o.a.j.t.JMeterThread: Thread started: Thread Group 1-144
2020-05-14 23:07:38,820 INFO o.a.j.t.JMeterThread: Thread started: Thread Group 1-145
2020-05-14 23:07:38,979 INFO o.a.j.t.JMeterThread: Thread started: Thread Group 1-146
2020-05-14 23:07:39,134 INFO o.a.j.t.JMeterThread: Thread started: Thread Group 1-147
2020-05-14 23:07:39,291 INFO o.a.j.t.JMeterThread: Thread started: Thread Group 1-148
2020-05-14 23:07:39,445 INFO o.a.j.t.JMeterThread: Thread started: Thread Group 1-149
2020-05-14 23:07:39,601 INFO o.a.j.t.JMeterThread: Thread started: Thread Group 1-150
2020-05-14 23:07:39,757 INFO o.a.j.t.JMeterThread: Thread started: Thread Group 1-151
2020-05-14 23:07:39,913 INFO o.a.j.t.JMeterThread: Thread started: Thread Group 1-152
2020-05-14 23:07:40,071 INFO o.a.j.t.JMeterThread: Thread started: Thread Group 1-153
2020-05-14 23:07:40,225 INFO o.a.j.t.JMeterThread: Thread started: Thread Group 1-154
2020-05-14 23:07:40,384 INFO o.a.j.t.JMeterThread: Thread started: Thread Group 1-155
2020-05-14 23:07:40,540 INFO o.a.j.t.JMeterThread: Thread started: Thread Group 1-156
2020-05-14 23:07:40,696 INFO o.a.j.t.JMeterThread: Thread started: Thread Group 1-157
2020-05-14 23:07:40,848 INFO o.a.j.t.JMeterThread: Thread started: Thread Group 1-158
2020-05-14 23:07:41,004 INFO o.a.j.t.JMeterThread: Thread started: Thread Group 1-159
2020-05-14 23:07:41,159 INFO o.a.j.t.JMeterThread: Thread started: Thread Group 1-160
2020-05-14 23:08:00,898 INFO o.a.j.r.Summariser: summary +    533 in 00:00:31 =   17.3/s Avg:  1763 Min:    43 Max: 17786 Err:     0 (0.00%) Active: 160 Started: 160 Finished: 0
2020-05-14 23:08:00,899 INFO o.a.j.r.Summariser: summary =    641 in 00:00:45 =   14.4/s Avg:  1476 Min:    40 Max: 17786 Err:     0 (0.00%)
2020-05-14 23:08:30,044 INFO o.a.j.r.Summariser: summary +    271 in 00:00:29 =    9.3/s Avg: 12233 Min:   600 Max: 42271 Err:     0 (0.00%) Active: 160 Started: 160 Finished: 0
2020-05-14 23:08:30,045 INFO o.a.j.r.Summariser: summary =    912 in 00:01:14 =   12.4/s Avg:  4673 Min:    40 Max: 42271 Err:     0 (0.00%)
2020-05-14 23:09:00,018 INFO o.a.j.r.Summariser: summary +    773 in 00:00:30 =   25.8/s Avg:  4130 Min:   365 Max: 48861 Err:     0 (0.00%) Active: 160 Started: 160 Finished: 0
2020-05-14 23:09:00,019 INFO o.a.j.r.Summariser: summary =   1685 in 00:01:44 =   16.2/s Avg:  4423 Min:    40 Max: 48861 Err:     0 (0.00%)
2020-05-14 23:09:30,024 INFO o.a.j.r.Summariser: summary +    728 in 00:00:30 =   24.3/s Avg:  1219 Min:    90 Max: 17764 Err:     0 (0.00%) Active: 160 Started: 160 Finished: 0
2020-05-14 23:09:30,025 INFO o.a.j.r.Summariser: summary =   2413 in 00:02:14 =   18.0/s Avg:  3457 Min:    40 Max: 48861 Err:     0 (0.00%)
2020-05-14 23:10:00,061 INFO o.a.j.r.Summariser: summary +    490 in 00:00:30 =   16.3/s Avg:  7625 Min:   464 Max: 40544 Err:     0 (0.00%) Active: 160 Started: 160 Finished: 0
2020-05-14 23:10:00,062 INFO o.a.j.r.Summariser: summary =   2903 in 00:02:44 =   17.7/s Avg:  4160 Min:    40 Max: 48861 Err:     0 (0.00%)
2020-05-14 23:10:30,012 INFO o.a.j.r.Summariser: summary +    607 in 00:00:30 =   20.3/s Avg:  3229 Min:   261 Max: 27504 Err:     0 (0.00%) Active: 160 Started: 160 Finished: 0
2020-05-14 23:10:30,013 INFO o.a.j.r.Summariser: summary =   3510 in 00:03:14 =   18.1/s Avg:  3999 Min:    40 Max: 48861 Err:     0 (0.00%)
2020-05-14 23:11:00,176 INFO o.a.j.r.Summariser: summary +    846 in 00:00:30 =   28.0/s Avg:  1868 Min:   258 Max: 29305 Err:     0 (0.00%) Active: 160 Started: 160 Finished: 0
2020-05-14 23:11:00,177 INFO o.a.j.r.Summariser: summary =   4356 in 00:03:44 =   19.5/s Avg:  3585 Min:    40 Max: 48861 Err:     0 (0.00%)
2020-05-14 23:11:30,088 INFO o.a.j.r.Summariser: summary +    597 in 00:00:30 =   20.0/s Avg:  4132 Min:   490 Max: 30346 Err:     0 (0.00%) Active: 160 Started: 160 Finished: 0
2020-05-14 23:11:30,089 INFO o.a.j.r.Summariser: summary =   4953 in 00:04:14 =   19.5/s Avg:  3651 Min:    40 Max: 48861 Err:     0 (0.00%)
2020-05-14 23:12:00,004 INFO o.a.j.r.Summariser: summary +    693 in 00:00:30 =   23.2/s Avg:  3055 Min:   270 Max: 32066 Err:     0 (0.00%) Active: 160 Started: 160 Finished: 0
2020-05-14 23:12:00,005 INFO o.a.j.r.Summariser: summary =   5646 in 00:04:44 =   19.9/s Avg:  3578 Min:    40 Max: 48861 Err:     0 (0.00%)
2020-05-14 23:12:30,010 INFO o.a.j.r.Summariser: summary +    847 in 00:00:30 =   28.2/s Avg:  1794 Min:   236 Max: 23497 Err:     0 (0.00%) Active: 160 Started: 160 Finished: 0
2020-05-14 23:12:30,011 INFO o.a.j.r.Summariser: summary =   6493 in 00:05:14 =   20.7/s Avg:  3345 Min:    40 Max: 48861 Err:     0 (0.00%)
2020-05-14 23:13:00,050 INFO o.a.j.r.Summariser: summary +    525 in 00:00:30 =   17.5/s Avg:  3349 Min:   296 Max: 30150 Err:     0 (0.00%) Active: 160 Started: 160 Finished: 0
2020-05-14 23:13:00,051 INFO o.a.j.r.Summariser: summary =   7018 in 00:05:44 =   20.4/s Avg:  3345 Min:    40 Max: 48861 Err:     0 (0.00%)
2020-05-14 23:13:30,051 INFO o.a.j.r.Summariser: summary +    606 in 00:00:30 =   20.2/s Avg:  4866 Min:   512 Max: 41151 Err:     0 (0.00%) Active: 160 Started: 160 Finished: 0
2020-05-14 23:13:30,051 INFO o.a.j.r.Summariser: summary =   7624 in 00:06:14 =   20.4/s Avg:  3466 Min:    40 Max: 48861 Err:     0 (0.00%)
2020-05-14 23:14:00,040 INFO o.a.j.r.Summariser: summary +    919 in 00:00:30 =   30.6/s Avg:  1728 Min:   125 Max: 27788 Err:     0 (0.00%) Active: 160 Started: 160 Finished: 0
2020-05-14 23:14:00,041 INFO o.a.j.r.Summariser: summary =   8543 in 00:06:44 =   21.2/s Avg:  3279 Min:    40 Max: 48861 Err:     0 (0.00%)
2020-05-14 23:14:30,056 INFO o.a.j.r.Summariser: summary +    582 in 00:00:30 =   19.4/s Avg:  2657 Min:   203 Max: 28287 Err:     0 (0.00%) Active: 160 Started: 160 Finished: 0
2020-05-14 23:14:30,056 INFO o.a.j.r.Summariser: summary =   9125 in 00:07:14 =   21.0/s Avg:  3240 Min:    40 Max: 48861 Err:     0 (0.00%)
2020-05-14 23:15:00,028 INFO o.a.j.r.Summariser: summary +    565 in 00:00:30 =   18.9/s Avg:  4399 Min:   555 Max: 39581 Err:     0 (0.00%) Active: 160 Started: 160 Finished: 0
2020-05-14 23:15:00,029 INFO o.a.j.r.Summariser: summary =   9690 in 00:07:44 =   20.9/s Avg:  3307 Min:    40 Max: 48861 Err:     0 (0.00%)
2020-05-14 23:15:30,040 INFO o.a.j.r.Summariser: summary +    827 in 00:00:30 =   27.6/s Avg:  3036 Min:   192 Max: 33773 Err:     0 (0.00%) Active: 160 Started: 160 Finished: 0
2020-05-14 23:15:30,040 INFO o.a.j.r.Summariser: summary =  10517 in 00:08:14 =   21.3/s Avg:  3286 Min:    40 Max: 48861 Err:     0 (0.00%)
2020-05-14 23:16:00,057 INFO o.a.j.r.Summariser: summary +    706 in 00:00:30 =   23.5/s Avg:  2191 Min:   173 Max: 20417 Err:     0 (0.00%) Active: 160 Started: 160 Finished: 0
2020-05-14 23:16:00,058 INFO o.a.j.r.Summariser: summary =  11223 in 00:08:44 =   21.4/s Avg:  3217 Min:    40 Max: 48861 Err:     0 (0.00%)
2020-05-14 23:16:30,012 INFO o.a.j.r.Summariser: summary +    493 in 00:00:30 =   16.5/s Avg:  3112 Min:   417 Max: 28533 Err:     0 (0.00%) Active: 160 Started: 160 Finished: 0
2020-05-14 23:16:30,013 INFO o.a.j.r.Summariser: summary =  11716 in 00:09:14 =   21.2/s Avg:  3213 Min:    40 Max: 48861 Err:     0 (0.00%)
2020-05-14 23:17:00,039 INFO o.a.j.r.Summariser: summary +    661 in 00:00:30 =   22.0/s Avg:  5178 Min:   314 Max: 38485 Err:     0 (0.00%) Active: 160 Started: 160 Finished: 0
2020-05-14 23:17:00,040 INFO o.a.j.r.Summariser: summary =  12377 in 00:09:44 =   21.2/s Avg:  3318 Min:    40 Max: 48861 Err:     0 (0.00%)
2020-05-14 23:17:30,010 INFO o.a.j.r.Summariser: summary +    670 in 00:00:30 =   22.4/s Avg:  2826 Min:   498 Max: 25796 Err:     0 (0.00%) Active: 160 Started: 160 Finished: 0
2020-05-14 23:17:30,011 INFO o.a.j.r.Summariser: summary =  13047 in 00:10:14 =   21.3/s Avg:  3292 Min:    40 Max: 48861 Err:     0 (0.00%)
2020-05-14 23:17:37,709 INFO o.a.j.t.JMeterThread: Thread finished: Thread Group 1-144
2020-05-14 23:17:37,741 INFO o.a.j.t.JMeterThread: Thread finished: Thread Group 1-108
2020-05-14 23:17:37,921 INFO o.a.j.t.JMeterThread: Thread finished: Thread Group 1-16
2020-05-14 23:17:38,075 INFO o.a.j.t.JMeterThread: Thread finished: Thread Group 1-52
2020-05-14 23:17:38,083 INFO o.a.j.t.JMeterThread: Thread finished: Thread Group 1-103
2020-05-14 23:17:38,181 INFO o.a.j.t.JMeterThread: Thread finished: Thread Group 1-132
2020-05-14 23:17:38,215 INFO o.a.j.t.JMeterThread: Thread finished: Thread Group 1-35
2020-05-14 23:17:38,241 INFO o.a.j.t.JMeterThread: Thread finished: Thread Group 1-125
2020-05-14 23:17:38,268 INFO o.a.j.t.JMeterThread: Thread finished: Thread Group 1-119
2020-05-14 23:17:38,324 INFO o.a.j.t.JMeterThread: Thread finished: Thread Group 1-54
2020-05-14 23:17:38,340 INFO o.a.j.t.JMeterThread: Thread finished: Thread Group 1-76
2020-05-14 23:17:38,405 INFO o.a.j.t.JMeterThread: Thread finished: Thread Group 1-50
2020-05-14 23:17:38,427 INFO o.a.j.t.JMeterThread: Thread finished: Thread Group 1-33
2020-05-14 23:17:38,430 INFO o.a.j.t.JMeterThread: Thread finished: Thread Group 1-120
2020-05-14 23:17:38,515 INFO o.a.j.t.JMeterThread: Thread finished: Thread Group 1-151
2020-05-14 23:17:38,515 INFO o.a.j.t.JMeterThread: Thread finished: Thread Group 1-102
2020-05-14 23:17:38,534 INFO o.a.j.t.JMeterThread: Thread finished: Thread Group 1-90
2020-05-14 23:17:38,559 INFO o.a.j.t.JMeterThread: Thread finished: Thread Group 1-83
2020-05-14 23:17:38,575 INFO o.a.j.t.JMeterThread: Thread finished: Thread Group 1-116
2020-05-14 23:17:38,630 INFO o.a.j.t.JMeterThread: Thread finished: Thread Group 1-55
2020-05-14 23:17:38,699 INFO o.a.j.t.JMeterThread: Thread finished: Thread Group 1-59
2020-05-14 23:17:38,702 INFO o.a.j.t.JMeterThread: Thread finished: Thread Group 1-113
2020-05-14 23:17:38,746 INFO o.a.j.t.JMeterThread: Thread finished: Thread Group 1-7
2020-05-14 23:17:38,815 INFO o.a.j.t.JMeterThread: Thread finished: Thread Group 1-22
2020-05-14 23:17:38,917 INFO o.a.j.t.JMeterThread: Thread finished: Thread Group 1-81
2020-05-14 23:17:39,015 INFO o.a.j.t.JMeterThread: Thread finished: Thread Group 1-100
2020-05-14 23:17:39,042 INFO o.a.j.t.JMeterThread: Thread finished: Thread Group 1-149
2020-05-14 23:17:39,150 INFO o.a.j.t.JMeterThread: Thread finished: Thread Group 1-56
2020-05-14 23:17:39,159 INFO o.a.j.t.JMeterThread: Thread finished: Thread Group 1-34
2020-05-14 23:17:39,232 INFO o.a.j.t.JMeterThread: Thread finished: Thread Group 1-142
2020-05-14 23:17:39,554 INFO o.a.j.t.JMeterThread: Thread finished: Thread Group 1-63
2020-05-14 23:17:39,574 INFO o.a.j.t.JMeterThread: Thread finished: Thread Group 1-68
2020-05-14 23:17:39,604 INFO o.a.j.t.JMeterThread: Thread finished: Thread Group 1-86
2020-05-14 23:17:39,624 INFO o.a.j.t.JMeterThread: Thread finished: Thread Group 1-124
2020-05-14 23:17:39,862 INFO o.a.j.t.JMeterThread: Thread finished: Thread Group 1-135
2020-05-14 23:17:39,879 INFO o.a.j.t.JMeterThread: Thread finished: Thread Group 1-99
2020-05-14 23:17:39,887 INFO o.a.j.t.JMeterThread: Thread finished: Thread Group 1-94
2020-05-14 23:17:39,887 INFO o.a.j.t.JMeterThread: Thread finished: Thread Group 1-42
2020-05-14 23:17:39,887 INFO o.a.j.t.JMeterThread: Thread finished: Thread Group 1-82
2020-05-14 23:17:39,887 INFO o.a.j.t.JMeterThread: Thread finished: Thread Group 1-45
2020-05-14 23:17:39,893 INFO o.a.j.t.JMeterThread: Thread finished: Thread Group 1-38
2020-05-14 23:17:40,093 INFO o.a.j.t.JMeterThread: Thread finished: Thread Group 1-65
2020-05-14 23:17:40,122 INFO o.a.j.t.JMeterThread: Thread finished: Thread Group 1-127
2020-05-14 23:17:40,349 INFO o.a.j.t.JMeterThread: Thread finished: Thread Group 1-85
2020-05-14 23:17:40,360 INFO o.a.j.t.JMeterThread: Thread finished: Thread Group 1-109
2020-05-14 23:17:40,371 INFO o.a.j.t.JMeterThread: Thread finished: Thread Group 1-112
2020-05-14 23:17:40,575 INFO o.a.j.t.JMeterThread: Thread finished: Thread Group 1-143
2020-05-14 23:17:40,713 INFO o.a.j.t.JMeterThread: Thread finished: Thread Group 1-24
2020-05-14 23:17:40,724 INFO o.a.j.t.JMeterThread: Thread finished: Thread Group 1-139
2020-05-14 23:17:40,743 INFO o.a.j.t.JMeterThread: Thread finished: Thread Group 1-129
2020-05-14 23:17:40,755 INFO o.a.j.t.JMeterThread: Thread finished: Thread Group 1-17
2020-05-14 23:17:40,800 INFO o.a.j.t.JMeterThread: Thread finished: Thread Group 1-64
2020-05-14 23:17:40,894 INFO o.a.j.t.JMeterThread: Thread finished: Thread Group 1-122
2020-05-14 23:17:41,002 INFO o.a.j.t.JMeterThread: Thread finished: Thread Group 1-15
2020-05-14 23:17:41,012 INFO o.a.j.t.JMeterThread: Thread finished: Thread Group 1-62
2020-05-14 23:17:41,078 INFO o.a.j.t.JMeterThread: Thread finished: Thread Group 1-27
2020-05-14 23:17:41,078 INFO o.a.j.t.JMeterThread: Thread finished: Thread Group 1-41
2020-05-14 23:17:41,095 INFO o.a.j.t.JMeterThread: Thread finished: Thread Group 1-89
2020-05-14 23:17:41,098 INFO o.a.j.t.JMeterThread: Thread finished: Thread Group 1-134
2020-05-14 23:17:41,101 INFO o.a.j.t.JMeterThread: Thread finished: Thread Group 1-115
2020-05-14 23:17:41,107 INFO o.a.j.t.JMeterThread: Thread finished: Thread Group 1-53
2020-05-14 23:17:41,107 INFO o.a.j.t.JMeterThread: Thread finished: Thread Group 1-58
2020-05-14 23:17:41,107 INFO o.a.j.t.JMeterThread: Thread finished: Thread Group 1-49
2020-05-14 23:17:41,107 INFO o.a.j.t.JMeterThread: Thread finished: Thread Group 1-117
2020-05-14 23:17:41,110 INFO o.a.j.t.JMeterThread: Thread finished: Thread Group 1-29
2020-05-14 23:17:41,356 INFO o.a.j.t.JMeterThread: Thread finished: Thread Group 1-70
2020-05-14 23:17:41,356 INFO o.a.j.t.JMeterThread: Thread finished: Thread Group 1-20
2020-05-14 23:17:41,357 INFO o.a.j.t.JMeterThread: Thread finished: Thread Group 1-51
2020-05-14 23:17:41,358 INFO o.a.j.t.JMeterThread: Thread finished: Thread Group 1-153
2020-05-14 23:17:41,358 INFO o.a.j.t.JMeterThread: Thread finished: Thread Group 1-152
2020-05-14 23:17:41,358 INFO o.a.j.t.JMeterThread: Thread finished: Thread Group 1-26
2020-05-14 23:17:41,359 INFO o.a.j.t.JMeterThread: Thread finished: Thread Group 1-145
2020-05-14 23:17:41,359 INFO o.a.j.t.JMeterThread: Thread finished: Thread Group 1-73
2020-05-14 23:17:41,359 INFO o.a.j.t.JMeterThread: Thread finished: Thread Group 1-67
2020-05-14 23:17:41,359 INFO o.a.j.t.JMeterThread: Thread finished: Thread Group 1-150
2020-05-14 23:17:41,359 INFO o.a.j.t.JMeterThread: Thread finished: Thread Group 1-130
2020-05-14 23:17:41,360 INFO o.a.j.t.JMeterThread: Thread finished: Thread Group 1-136
2020-05-14 23:17:41,359 INFO o.a.j.t.JMeterThread: Thread finished: Thread Group 1-92
2020-05-14 23:17:41,360 INFO o.a.j.t.JMeterThread: Thread finished: Thread Group 1-66
2020-05-14 23:17:41,360 INFO o.a.j.t.JMeterThread: Thread finished: Thread Group 1-36
2020-05-14 23:17:41,361 INFO o.a.j.t.JMeterThread: Thread finished: Thread Group 1-118
2020-05-14 23:17:41,361 INFO o.a.j.t.JMeterThread: Thread finished: Thread Group 1-2
2020-05-14 23:17:41,361 INFO o.a.j.t.JMeterThread: Thread finished: Thread Group 1-78
2020-05-14 23:17:41,362 INFO o.a.j.t.JMeterThread: Thread finished: Thread Group 1-147
2020-05-14 23:17:41,362 INFO o.a.j.t.JMeterThread: Thread finished: Thread Group 1-87
2020-05-14 23:17:41,362 INFO o.a.j.t.JMeterThread: Thread finished: Thread Group 1-71
2020-05-14 23:17:41,362 INFO o.a.j.t.JMeterThread: Thread finished: Thread Group 1-39
2020-05-14 23:17:41,363 INFO o.a.j.t.JMeterThread: Thread finished: Thread Group 1-74
2020-05-14 23:17:41,363 INFO o.a.j.t.JMeterThread: Thread finished: Thread Group 1-19
2020-05-14 23:17:41,363 INFO o.a.j.t.JMeterThread: Thread finished: Thread Group 1-21
2020-05-14 23:17:41,363 INFO o.a.j.t.JMeterThread: Thread finished: Thread Group 1-155
2020-05-14 23:17:41,363 INFO o.a.j.t.JMeterThread: Thread finished: Thread Group 1-11
2020-05-14 23:17:41,364 INFO o.a.j.t.JMeterThread: Thread finished: Thread Group 1-57
2020-05-14 23:17:41,364 INFO o.a.j.t.JMeterThread: Thread finished: Thread Group 1-13
2020-05-14 23:17:41,364 INFO o.a.j.t.JMeterThread: Thread finished: Thread Group 1-156
2020-05-14 23:17:41,365 INFO o.a.j.t.JMeterThread: Thread finished: Thread Group 1-98
2020-05-14 23:17:41,365 INFO o.a.j.t.JMeterThread: Thread finished: Thread Group 1-106
2020-05-14 23:17:41,366 INFO o.a.j.t.JMeterThread: Thread finished: Thread Group 1-131
2020-05-14 23:17:41,367 INFO o.a.j.t.JMeterThread: Thread finished: Thread Group 1-30
2020-05-14 23:17:41,367 INFO o.a.j.t.JMeterThread: Thread finished: Thread Group 1-126
2020-05-14 23:17:41,368 INFO o.a.j.t.JMeterThread: Thread finished: Thread Group 1-6
2020-05-14 23:17:41,368 INFO o.a.j.t.JMeterThread: Thread finished: Thread Group 1-28
2020-05-14 23:17:41,536 INFO o.a.j.t.JMeterThread: Thread finished: Thread Group 1-95
2020-05-14 23:17:41,537 INFO o.a.j.t.JMeterThread: Thread finished: Thread Group 1-146
2020-05-14 23:17:41,539 INFO o.a.j.t.JMeterThread: Stopping because end time detected by thread: Thread Group 1-72
2020-05-14 23:17:41,539 INFO o.a.j.t.JMeterThread: Thread finished: Thread Group 1-88
2020-05-14 23:17:41,539 INFO o.a.j.t.JMeterThread: Stopping because end time detected by thread: Thread Group 1-80
2020-05-14 23:17:41,539 INFO o.a.j.t.JMeterThread: Thread finished: Thread Group 1-72
2020-05-14 23:17:41,539 INFO o.a.j.t.JMeterThread: Stopping because end time detected by thread: Thread Group 1-3
2020-05-14 23:17:41,539 INFO o.a.j.t.JMeterThread: Thread finished: Thread Group 1-80
2020-05-14 23:17:41,539 INFO o.a.j.t.JMeterThread: Thread finished: Thread Group 1-3
2020-05-14 23:17:41,537 INFO o.a.j.t.JMeterThread: Thread finished: Thread Group 1-159
2020-05-14 23:17:41,541 INFO o.a.j.t.JMeterThread: Thread finished: Thread Group 1-111
2020-05-14 23:17:41,541 INFO o.a.j.t.JMeterThread: Stopping because end time detected by thread: Thread Group 1-69
2020-05-14 23:17:41,540 INFO o.a.j.t.JMeterThread: Thread finished: Thread Group 1-105
2020-05-14 23:17:41,541 INFO o.a.j.t.JMeterThread: Stopping because end time detected by thread: Thread Group 1-9
2020-05-14 23:17:41,541 INFO o.a.j.t.JMeterThread: Thread finished: Thread Group 1-9
2020-05-14 23:17:41,541 INFO o.a.j.t.JMeterThread: Thread finished: Thread Group 1-69
2020-05-14 23:17:41,542 INFO o.a.j.t.JMeterThread: Thread finished: Thread Group 1-133
2020-05-14 23:17:41,542 INFO o.a.j.t.JMeterThread: Stopping because end time detected by thread: Thread Group 1-14
2020-05-14 23:17:41,542 INFO o.a.j.t.JMeterThread: Thread finished: Thread Group 1-14
2020-05-14 23:17:41,553 INFO o.a.j.t.JMeterThread: Thread finished: Thread Group 1-128
2020-05-14 23:17:41,567 INFO o.a.j.t.JMeterThread: Stopping because end time detected by thread: Thread Group 1-12
2020-05-14 23:17:41,567 INFO o.a.j.t.JMeterThread: Stopping because end time detected by thread: Thread Group 1-18
2020-05-14 23:17:41,567 INFO o.a.j.t.JMeterThread: Thread finished: Thread Group 1-12
2020-05-14 23:17:41,567 INFO o.a.j.t.JMeterThread: Thread finished: Thread Group 1-18
2020-05-14 23:17:41,585 INFO o.a.j.t.JMeterThread: Thread finished: Thread Group 1-157
2020-05-14 23:17:41,618 INFO o.a.j.t.JMeterThread: Thread finished: Thread Group 1-141
2020-05-14 23:17:41,663 INFO o.a.j.t.JMeterThread: Stopping because end time detected by thread: Thread Group 1-61
2020-05-14 23:17:41,664 INFO o.a.j.t.JMeterThread: Thread finished: Thread Group 1-61
2020-05-14 23:17:41,671 INFO o.a.j.t.JMeterThread: Stopping because end time detected by thread: Thread Group 1-25
2020-05-14 23:17:41,672 INFO o.a.j.t.JMeterThread: Thread finished: Thread Group 1-25
2020-05-14 23:17:41,733 INFO o.a.j.t.JMeterThread: Stopping because end time detected by thread: Thread Group 1-79
2020-05-14 23:17:41,733 INFO o.a.j.t.JMeterThread: Thread finished: Thread Group 1-79
2020-05-14 23:17:41,735 INFO o.a.j.t.JMeterThread: Stopping because end time detected by thread: Thread Group 1-8
2020-05-14 23:17:41,735 INFO o.a.j.t.JMeterThread: Thread finished: Thread Group 1-8
2020-05-14 23:17:41,743 INFO o.a.j.t.JMeterThread: Stopping because end time detected by thread: Thread Group 1-40
2020-05-14 23:17:41,743 INFO o.a.j.t.JMeterThread: Thread finished: Thread Group 1-40
2020-05-14 23:17:41,751 INFO o.a.j.t.JMeterThread: Stopping because end time detected by thread: Thread Group 1-10
2020-05-14 23:17:41,751 INFO o.a.j.t.JMeterThread: Stopping because end time detected by thread: Thread Group 1-75
2020-05-14 23:17:41,752 INFO o.a.j.t.JMeterThread: Thread finished: Thread Group 1-10
2020-05-14 23:17:41,752 INFO o.a.j.t.JMeterThread: Thread finished: Thread Group 1-75
2020-05-14 23:17:41,780 INFO o.a.j.t.JMeterThread: Stopping because end time detected by thread: Thread Group 1-5
2020-05-14 23:17:41,780 INFO o.a.j.t.JMeterThread: Thread finished: Thread Group 1-5
2020-05-14 23:17:41,846 INFO o.a.j.t.JMeterThread: Stopping because end time detected by thread: Thread Group 1-23
2020-05-14 23:17:41,846 INFO o.a.j.t.JMeterThread: Thread finished: Thread Group 1-23
2020-05-14 23:17:41,856 INFO o.a.j.t.JMeterThread: Stopping because end time detected by thread: Thread Group 1-93
2020-05-14 23:17:41,856 INFO o.a.j.t.JMeterThread: Thread finished: Thread Group 1-93
2020-05-14 23:17:41,870 INFO o.a.j.t.JMeterThread: Stopping because end time detected by thread: Thread Group 1-37
2020-05-14 23:17:41,870 INFO o.a.j.t.JMeterThread: Thread finished: Thread Group 1-37
2020-05-14 23:17:41,871 INFO o.a.j.t.JMeterThread: Stopping because end time detected by thread: Thread Group 1-1
2020-05-14 23:17:41,871 INFO o.a.j.t.JMeterThread: Thread finished: Thread Group 1-1
2020-05-14 23:17:41,896 INFO o.a.j.t.JMeterThread: Stopping because end time detected by thread: Thread Group 1-154
2020-05-14 23:17:41,896 INFO o.a.j.t.JMeterThread: Thread finished: Thread Group 1-154
2020-05-14 23:17:41,919 INFO o.a.j.t.JMeterThread: Stopping because end time detected by thread: Thread Group 1-148
2020-05-14 23:17:41,919 INFO o.a.j.t.JMeterThread: Thread finished: Thread Group 1-148
2020-05-14 23:17:41,963 INFO o.a.j.t.JMeterThread: Stopping because end time detected by thread: Thread Group 1-96
2020-05-14 23:17:41,963 INFO o.a.j.t.JMeterThread: Thread finished: Thread Group 1-96
2020-05-14 23:17:42,014 INFO o.a.j.t.JMeterThread: Stopping because end time detected by thread: Thread Group 1-60
2020-05-14 23:17:42,015 INFO o.a.j.t.JMeterThread: Thread finished: Thread Group 1-60
2020-05-14 23:17:42,028 INFO o.a.j.t.JMeterThread: Stopping because end time detected by thread: Thread Group 1-32
2020-05-14 23:17:42,028 INFO o.a.j.t.JMeterThread: Thread finished: Thread Group 1-32
2020-05-14 23:17:42,097 INFO o.a.j.t.JMeterThread: Stopping because end time detected by thread: Thread Group 1-31
2020-05-14 23:17:42,097 INFO o.a.j.t.JMeterThread: Thread finished: Thread Group 1-31
2020-05-14 23:17:42,117 INFO o.a.j.t.JMeterThread: Stopping because end time detected by thread: Thread Group 1-110
2020-05-14 23:17:42,118 INFO o.a.j.t.JMeterThread: Thread finished: Thread Group 1-110
2020-05-14 23:17:42,131 INFO o.a.j.t.JMeterThread: Stopping because end time detected by thread: Thread Group 1-47
2020-05-14 23:17:42,132 INFO o.a.j.t.JMeterThread: Thread finished: Thread Group 1-47
2020-05-14 23:17:42,277 INFO o.a.j.t.JMeterThread: Stopping because end time detected by thread: Thread Group 1-4
2020-05-14 23:17:42,277 INFO o.a.j.t.JMeterThread: Thread finished: Thread Group 1-4
2020-05-14 23:17:42,348 INFO o.a.j.t.JMeterThread: Stopping because end time detected by thread: Thread Group 1-138
2020-05-14 23:17:42,348 INFO o.a.j.t.JMeterThread: Thread finished: Thread Group 1-138
2020-05-14 23:17:42,361 INFO o.a.j.t.JMeterThread: Stopping because end time detected by thread: Thread Group 1-123
2020-05-14 23:17:42,362 INFO o.a.j.t.JMeterThread: Thread finished: Thread Group 1-123
2020-05-14 23:17:42,451 INFO o.a.j.t.JMeterThread: Stopping because end time detected by thread: Thread Group 1-48
2020-05-14 23:17:42,451 INFO o.a.j.t.JMeterThread: Stopping because end time detected by thread: Thread Group 1-77
2020-05-14 23:17:42,451 INFO o.a.j.t.JMeterThread: Thread finished: Thread Group 1-48
2020-05-14 23:17:42,451 INFO o.a.j.t.JMeterThread: Thread finished: Thread Group 1-77
2020-05-14 23:17:42,453 INFO o.a.j.t.JMeterThread: Stopping because end time detected by thread: Thread Group 1-140
2020-05-14 23:17:42,453 INFO o.a.j.t.JMeterThread: Thread finished: Thread Group 1-140
2020-05-14 23:17:42,529 INFO o.a.j.t.JMeterThread: Stopping because end time detected by thread: Thread Group 1-46
2020-05-14 23:17:42,529 INFO o.a.j.t.JMeterThread: Thread finished: Thread Group 1-46
2020-05-14 23:17:42,716 INFO o.a.j.t.JMeterThread: Stopping because end time detected by thread: Thread Group 1-91
2020-05-14 23:17:42,716 INFO o.a.j.t.JMeterThread: Thread finished: Thread Group 1-91
2020-05-14 23:17:42,953 INFO o.a.j.t.JMeterThread: Stopping because end time detected by thread: Thread Group 1-137
2020-05-14 23:17:42,953 INFO o.a.j.t.JMeterThread: Thread finished: Thread Group 1-137
2020-05-14 23:17:43,115 INFO o.a.j.t.JMeterThread: Stopping because end time detected by thread: Thread Group 1-160
2020-05-14 23:17:43,115 INFO o.a.j.t.JMeterThread: Thread finished: Thread Group 1-160
2020-05-14 23:17:43,305 INFO o.a.j.t.JMeterThread: Stopping because end time detected by thread: Thread Group 1-114
2020-05-14 23:17:43,306 INFO o.a.j.t.JMeterThread: Thread finished: Thread Group 1-114
2020-05-14 23:17:43,312 INFO o.a.j.t.JMeterThread: Stopping because end time detected by thread: Thread Group 1-97
2020-05-14 23:17:43,312 INFO o.a.j.t.JMeterThread: Thread finished: Thread Group 1-97
2020-05-14 23:17:43,583 INFO o.a.j.t.JMeterThread: Stopping because end time detected by thread: Thread Group 1-101
2020-05-14 23:17:43,583 INFO o.a.j.t.JMeterThread: Thread finished: Thread Group 1-101
2020-05-14 23:17:43,608 INFO o.a.j.t.JMeterThread: Stopping because end time detected by thread: Thread Group 1-121
2020-05-14 23:17:43,608 INFO o.a.j.t.JMeterThread: Thread finished: Thread Group 1-121
2020-05-14 23:17:43,640 INFO o.a.j.t.JMeterThread: Stopping because end time detected by thread: Thread Group 1-43
2020-05-14 23:17:43,640 INFO o.a.j.t.JMeterThread: Thread finished: Thread Group 1-43
2020-05-14 23:17:43,648 INFO o.a.j.t.JMeterThread: Stopping because end time detected by thread: Thread Group 1-104
2020-05-14 23:17:43,649 INFO o.a.j.t.JMeterThread: Thread finished: Thread Group 1-104
2020-05-14 23:17:43,651 INFO o.a.j.t.JMeterThread: Stopping because end time detected by thread: Thread Group 1-107
2020-05-14 23:17:43,652 INFO o.a.j.t.JMeterThread: Thread finished: Thread Group 1-107
2020-05-14 23:17:43,667 INFO o.a.j.t.JMeterThread: Stopping because end time detected by thread: Thread Group 1-44
2020-05-14 23:17:43,667 INFO o.a.j.t.JMeterThread: Thread finished: Thread Group 1-44
2020-05-14 23:17:43,670 INFO o.a.j.t.JMeterThread: Stopping because end time detected by thread: Thread Group 1-84
2020-05-14 23:17:43,671 INFO o.a.j.t.JMeterThread: Thread finished: Thread Group 1-84
2020-05-14 23:17:43,956 INFO o.a.j.t.JMeterThread: Stopping because end time detected by thread: Thread Group 1-158
2020-05-14 23:17:43,957 INFO o.a.j.t.JMeterThread: Thread finished: Thread Group 1-158
2020-05-14 23:17:43,957 INFO o.a.j.e.StandardJMeterEngine: Notifying test listeners of end of test
2020-05-14 23:17:43,959 INFO o.a.j.r.Summariser: summary +    302 in 00:00:14 =   21.6/s Avg:  5195 Min:   353 Max: 25111 Err:     0 (0.00%) Active: 0 Started: 160 Finished: 160
2020-05-14 23:17:43,961 INFO o.a.j.r.Summariser: summary =  13349 in 00:10:28 =   21.3/s Avg:  3335 Min:    40 Max: 48861 Err:     0 (0.00%)
