2020-05-14 22:46:28,670 INFO o.a.j.u.JMeterUtils: Setting Locale to en_US
2020-05-14 22:46:28,700 INFO o.a.j.JMeter: Loading user properties from: /home/pablo/jmeter/bin/user.properties
2020-05-14 22:46:28,701 INFO o.a.j.JMeter: Loading system properties from: /home/pablo/jmeter/bin/system.properties
2020-05-14 22:46:28,702 INFO o.a.j.JMeter: Setting System property: HILOS=40
2020-05-14 22:46:28,703 INFO o.a.j.JMeter: Setting System property: SUBIDA=15
2020-05-14 22:46:28,703 INFO o.a.j.JMeter: Setting System property: DURACION=615
2020-05-14 22:46:28,703 INFO o.a.j.JMeter: Setting System property: FILE=scriptresultsPerfmon40.jtl
2020-05-14 22:46:28,706 INFO o.a.j.JMeter: Copyright (c) 1998-2019 The Apache Software Foundation
2020-05-14 22:46:28,707 INFO o.a.j.JMeter: Version 5.2.1
2020-05-14 22:46:28,707 INFO o.a.j.JMeter: java.version=1.8.0_201
2020-05-14 22:46:28,707 INFO o.a.j.JMeter: java.vm.name=Java HotSpot(TM) 64-Bit Server VM
2020-05-14 22:46:28,707 INFO o.a.j.JMeter: os.name=Linux
2020-05-14 22:46:28,708 INFO o.a.j.JMeter: os.arch=amd64
2020-05-14 22:46:28,708 INFO o.a.j.JMeter: os.version=4.15.0-99-generic
2020-05-14 22:46:28,708 INFO o.a.j.JMeter: file.encoding=UTF-8
2020-05-14 22:46:28,709 INFO o.a.j.JMeter: java.awt.headless=true
2020-05-14 22:46:28,709 INFO o.a.j.JMeter: Max memory     =732954624
2020-05-14 22:46:28,709 INFO o.a.j.JMeter: Available Processors =4
2020-05-14 22:46:28,717 INFO o.a.j.JMeter: Default Locale=English (United States)
2020-05-14 22:46:28,718 INFO o.a.j.JMeter: JMeter  Locale=English (United States)
2020-05-14 22:46:28,718 INFO o.a.j.JMeter: JMeterHome=/home/pablo/jmeter
2020-05-14 22:46:28,718 INFO o.a.j.JMeter: user.dir  =/home/pablo/jmeter/bin/EJECUCIONES/P3_V3
2020-05-14 22:46:28,719 INFO o.a.j.JMeter: PWD       =/home/pablo/jmeter/bin/EJECUCIONES/P3_V3
2020-05-14 22:46:28,719 INFO o.a.j.JMeter: IP: 127.0.1.1 Name: hylianpablo FullName: hylianpablo
2020-05-14 22:46:28,729 INFO o.a.j.s.FileServer: Default base='/home/pablo/jmeter/bin/EJECUCIONES/P3_V3'
2020-05-14 22:46:28,740 INFO o.a.j.s.FileServer: Set new base='/home/pablo/jmeter/bin/EJECUCIONES/P3_V3/..'
2020-05-14 22:46:29,043 INFO o.a.j.s.SaveService: Testplan (JMX) version: 2.2. Testlog (JTL) version: 2.2
2020-05-14 22:46:29,063 INFO o.a.j.s.SaveService: Using SaveService properties file encoding UTF-8
2020-05-14 22:46:29,076 INFO o.a.j.s.SaveService: Using SaveService properties version 5.0
2020-05-14 22:46:29,095 INFO o.a.j.s.SaveService: Loading file: ../RecordP3_V2.jmx
2020-05-14 22:46:29,178 INFO o.a.j.p.h.c.CookieManager: Settings: Delete null: true Check: true Allow variable: true Save: false Prefix: COOKIE_
2020-05-14 22:46:29,234 INFO o.a.j.p.h.s.HTTPSamplerBase: Parser for text/html is org.apache.jmeter.protocol.http.parser.LagartoBasedHtmlParser
2020-05-14 22:46:29,235 INFO o.a.j.p.h.s.HTTPSamplerBase: Parser for application/xhtml+xml is org.apache.jmeter.protocol.http.parser.LagartoBasedHtmlParser
2020-05-14 22:46:29,235 INFO o.a.j.p.h.s.HTTPSamplerBase: Parser for application/xml is org.apache.jmeter.protocol.http.parser.LagartoBasedHtmlParser
2020-05-14 22:46:29,235 INFO o.a.j.p.h.s.HTTPSamplerBase: Parser for text/xml is org.apache.jmeter.protocol.http.parser.LagartoBasedHtmlParser
2020-05-14 22:46:29,235 INFO o.a.j.p.h.s.HTTPSamplerBase: Parser for text/vnd.wap.wml is org.apache.jmeter.protocol.http.parser.RegexpHTMLParser
2020-05-14 22:46:29,236 INFO o.a.j.p.h.s.HTTPSamplerBase: Parser for text/css is org.apache.jmeter.protocol.http.parser.CssParser
2020-05-14 22:46:29,365 INFO o.a.j.JMeter: Creating summariser <summary>
2020-05-14 22:46:29,379 INFO o.a.j.e.StandardJMeterEngine: Running the test!
2020-05-14 22:46:29,382 INFO o.a.j.s.SampleEvent: List of sample_variables: []
2020-05-14 22:46:29,382 INFO o.a.j.s.SampleEvent: List of sample_variables: []
2020-05-14 22:46:29,400 INFO o.a.j.e.u.CompoundVariable: Note: Function class names must contain the string: '.functions.'
2020-05-14 22:46:29,400 INFO o.a.j.e.u.CompoundVariable: Note: Function class names must not contain the string: '.gui.'
2020-05-14 22:46:30,381 INFO o.a.j.JMeter: Running test (1589489190380)
2020-05-14 22:46:30,517 INFO o.a.j.e.StandardJMeterEngine: Starting ThreadGroup: 1 : Thread Group
2020-05-14 22:46:30,518 INFO o.a.j.e.StandardJMeterEngine: Starting 40 threads for group Thread Group.
2020-05-14 22:46:30,518 INFO o.a.j.e.StandardJMeterEngine: Thread will continue on error
2020-05-14 22:46:30,519 INFO o.a.j.t.ThreadGroup: Starting thread group... number=1 threads=40 ramp-up=15 delayedStart=false
2020-05-14 22:46:30,575 INFO o.a.j.t.JMeterThread: Thread started: Thread Group 1-1
2020-05-14 22:46:30,663 INFO o.a.j.t.ThreadGroup: Started thread group number 1
2020-05-14 22:46:30,663 INFO o.a.j.e.StandardJMeterEngine: All thread groups have been started
2020-05-14 22:46:30,904 INFO o.a.j.t.JMeterThread: Thread started: Thread Group 1-2
2020-05-14 22:46:31,277 INFO o.a.j.t.JMeterThread: Thread started: Thread Group 1-3
2020-05-14 22:46:31,650 INFO o.a.j.t.JMeterThread: Thread started: Thread Group 1-4
2020-05-14 22:46:31,864 INFO o.a.j.s.SampleResult: Note: Sample TimeStamps are START times
2020-05-14 22:46:31,865 INFO o.a.j.s.SampleResult: sampleresult.default.encoding is set to ISO-8859-1
2020-05-14 22:46:31,866 INFO o.a.j.s.SampleResult: sampleresult.useNanoTime=true
2020-05-14 22:46:31,866 INFO o.a.j.s.SampleResult: sampleresult.nanoThreadSleep=5000
2020-05-14 22:46:32,026 INFO o.a.j.t.JMeterThread: Thread started: Thread Group 1-5
2020-05-14 22:46:32,400 INFO o.a.j.t.JMeterThread: Thread started: Thread Group 1-6
2020-05-14 22:46:32,773 INFO o.a.j.t.JMeterThread: Thread started: Thread Group 1-7
2020-05-14 22:46:33,147 INFO o.a.j.t.JMeterThread: Thread started: Thread Group 1-8
2020-05-14 22:46:33,522 INFO o.a.j.t.JMeterThread: Thread started: Thread Group 1-9
2020-05-14 22:46:33,900 INFO o.a.j.t.JMeterThread: Thread started: Thread Group 1-10
2020-05-14 22:46:34,277 INFO o.a.j.t.JMeterThread: Thread started: Thread Group 1-11
2020-05-14 22:46:34,631 INFO o.a.j.p.h.s.HTTPHCAbstractImpl: Local host = hylianpablo
2020-05-14 22:46:34,645 INFO o.a.j.p.h.s.HTTPHC4Impl: HTTP request retry count = 0
2020-05-14 22:46:34,652 INFO o.a.j.t.JMeterThread: Thread started: Thread Group 1-12
2020-05-14 22:46:34,995 INFO o.a.j.r.Summariser: summary +      1 in 00:00:05 =    0.2/s Avg:    75 Min:    75 Max:    75 Err:     0 (0.00%) Active: 12 Started: 12 Finished: 0
2020-05-14 22:46:35,030 INFO o.a.j.t.JMeterThread: Thread started: Thread Group 1-13
2020-05-14 22:46:35,405 INFO o.a.j.t.JMeterThread: Thread started: Thread Group 1-14
2020-05-14 22:46:35,774 INFO o.a.j.t.JMeterThread: Thread started: Thread Group 1-15
2020-05-14 22:46:36,152 INFO o.a.j.t.JMeterThread: Thread started: Thread Group 1-16
2020-05-14 22:46:36,527 INFO o.a.j.t.JMeterThread: Thread started: Thread Group 1-17
2020-05-14 22:46:36,902 INFO o.a.j.t.JMeterThread: Thread started: Thread Group 1-18
2020-05-14 22:46:37,274 INFO o.a.j.t.JMeterThread: Thread started: Thread Group 1-19
2020-05-14 22:46:37,650 INFO o.a.j.t.JMeterThread: Thread started: Thread Group 1-20
2020-05-14 22:46:38,026 INFO o.a.j.t.JMeterThread: Thread started: Thread Group 1-21
2020-05-14 22:46:38,400 INFO o.a.j.t.JMeterThread: Thread started: Thread Group 1-22
2020-05-14 22:46:38,774 INFO o.a.j.t.JMeterThread: Thread started: Thread Group 1-23
2020-05-14 22:46:39,148 INFO o.a.j.t.JMeterThread: Thread started: Thread Group 1-24
2020-05-14 22:46:39,524 INFO o.a.j.t.JMeterThread: Thread started: Thread Group 1-25
2020-05-14 22:46:39,897 INFO o.a.j.t.JMeterThread: Thread started: Thread Group 1-26
2020-05-14 22:46:40,273 INFO o.a.j.t.JMeterThread: Thread started: Thread Group 1-27
2020-05-14 22:46:40,647 INFO o.a.j.t.JMeterThread: Thread started: Thread Group 1-28
2020-05-14 22:46:41,026 INFO o.a.j.t.JMeterThread: Thread started: Thread Group 1-29
2020-05-14 22:46:41,397 INFO o.a.j.t.JMeterThread: Thread started: Thread Group 1-30
2020-05-14 22:46:41,772 INFO o.a.j.t.JMeterThread: Thread started: Thread Group 1-31
2020-05-14 22:46:42,146 INFO o.a.j.t.JMeterThread: Thread started: Thread Group 1-32
2020-05-14 22:46:42,522 INFO o.a.j.t.JMeterThread: Thread started: Thread Group 1-33
2020-05-14 22:46:42,899 INFO o.a.j.t.JMeterThread: Thread started: Thread Group 1-34
2020-05-14 22:46:43,271 INFO o.a.j.t.JMeterThread: Thread started: Thread Group 1-35
2020-05-14 22:46:43,648 INFO o.a.j.t.JMeterThread: Thread started: Thread Group 1-36
2020-05-14 22:46:44,032 INFO o.a.j.t.JMeterThread: Thread started: Thread Group 1-37
2020-05-14 22:46:44,406 INFO o.a.j.t.JMeterThread: Thread started: Thread Group 1-38
2020-05-14 22:46:44,770 INFO o.a.j.t.JMeterThread: Thread started: Thread Group 1-39
2020-05-14 22:46:45,146 INFO o.a.j.t.JMeterThread: Thread started: Thread Group 1-40
2020-05-14 22:47:00,012 INFO o.a.j.r.Summariser: summary +    187 in 00:00:25 =    7.5/s Avg:   264 Min:    40 Max:  1367 Err:     0 (0.00%) Active: 40 Started: 40 Finished: 0
2020-05-14 22:47:00,013 INFO o.a.j.r.Summariser: summary =    188 in 00:00:30 =    6.3/s Avg:   263 Min:    40 Max:  1367 Err:     0 (0.00%)
2020-05-14 22:47:30,026 INFO o.a.j.r.Summariser: summary +    289 in 00:00:30 =    9.6/s Avg:   200 Min:    34 Max:  1513 Err:     0 (0.00%) Active: 40 Started: 40 Finished: 0
2020-05-14 22:47:30,027 INFO o.a.j.r.Summariser: summary =    477 in 00:01:00 =    8.0/s Avg:   225 Min:    34 Max:  1513 Err:     0 (0.00%)
2020-05-14 22:48:00,066 INFO o.a.j.r.Summariser: summary +    278 in 00:00:30 =    9.3/s Avg:   275 Min:    42 Max:  1585 Err:     0 (0.00%) Active: 40 Started: 40 Finished: 0
2020-05-14 22:48:00,067 INFO o.a.j.r.Summariser: summary =    755 in 00:01:30 =    8.4/s Avg:   243 Min:    34 Max:  1585 Err:     0 (0.00%)
2020-05-14 22:48:30,060 INFO o.a.j.r.Summariser: summary +    289 in 00:00:30 =    9.6/s Avg:   138 Min:    32 Max:  1127 Err:     0 (0.00%) Active: 40 Started: 40 Finished: 0
2020-05-14 22:48:30,061 INFO o.a.j.r.Summariser: summary =   1044 in 00:02:00 =    8.7/s Avg:   214 Min:    32 Max:  1585 Err:     0 (0.00%)
2020-05-14 22:49:00,298 INFO o.a.j.r.Summariser: summary +    291 in 00:00:30 =    9.6/s Avg:   181 Min:    35 Max:   960 Err:     0 (0.00%) Active: 40 Started: 40 Finished: 0
2020-05-14 22:49:00,299 INFO o.a.j.r.Summariser: summary =   1335 in 00:02:30 =    8.9/s Avg:   207 Min:    32 Max:  1585 Err:     0 (0.00%)
2020-05-14 22:49:30,037 INFO o.a.j.r.Summariser: summary +    278 in 00:00:30 =    9.3/s Avg:   239 Min:    38 Max:   984 Err:     0 (0.00%) Active: 40 Started: 40 Finished: 0
2020-05-14 22:49:30,038 INFO o.a.j.r.Summariser: summary =   1613 in 00:03:00 =    9.0/s Avg:   212 Min:    32 Max:  1585 Err:     0 (0.00%)
2020-05-14 22:50:00,045 INFO o.a.j.r.Summariser: summary +    291 in 00:00:30 =    9.7/s Avg:   136 Min:    35 Max:  1114 Err:     0 (0.00%) Active: 40 Started: 40 Finished: 0
2020-05-14 22:50:00,046 INFO o.a.j.r.Summariser: summary =   1904 in 00:03:30 =    9.1/s Avg:   201 Min:    32 Max:  1585 Err:     0 (0.00%)
2020-05-14 22:50:30,045 INFO o.a.j.r.Summariser: summary +    290 in 00:00:30 =    9.7/s Avg:   180 Min:    36 Max:  1039 Err:     0 (0.00%) Active: 40 Started: 40 Finished: 0
2020-05-14 22:50:30,046 INFO o.a.j.r.Summariser: summary =   2194 in 00:04:00 =    9.2/s Avg:   198 Min:    32 Max:  1585 Err:     0 (0.00%)
2020-05-14 22:51:00,156 INFO o.a.j.r.Summariser: summary +    283 in 00:00:30 =    9.4/s Avg:   203 Min:    35 Max:   931 Err:     0 (0.00%) Active: 40 Started: 40 Finished: 0
2020-05-14 22:51:00,157 INFO o.a.j.r.Summariser: summary =   2477 in 00:04:30 =    9.2/s Avg:   199 Min:    32 Max:  1585 Err:     0 (0.00%)
2020-05-14 22:51:30,038 INFO o.a.j.r.Summariser: summary +    292 in 00:00:30 =    9.8/s Avg:   112 Min:    31 Max:   854 Err:     0 (0.00%) Active: 40 Started: 40 Finished: 0
2020-05-14 22:51:30,039 INFO o.a.j.r.Summariser: summary =   2769 in 00:05:00 =    9.2/s Avg:   189 Min:    31 Max:  1585 Err:     0 (0.00%)
2020-05-14 22:52:00,217 INFO o.a.j.r.Summariser: summary +    260 in 00:00:30 =    8.6/s Avg:   630 Min:    37 Max:  7713 Err:     0 (0.00%) Active: 40 Started: 40 Finished: 0
2020-05-14 22:52:00,218 INFO o.a.j.r.Summariser: summary =   3029 in 00:05:30 =    9.2/s Avg:   227 Min:    31 Max:  7713 Err:     0 (0.00%)
2020-05-14 22:52:30,014 INFO o.a.j.r.Summariser: summary +    284 in 00:00:30 =    9.5/s Avg:   194 Min:    35 Max:  1452 Err:     0 (0.00%) Active: 40 Started: 40 Finished: 0
2020-05-14 22:52:30,014 INFO o.a.j.r.Summariser: summary =   3313 in 00:06:00 =    9.2/s Avg:   224 Min:    31 Max:  7713 Err:     0 (0.00%)
2020-05-14 22:53:00,030 INFO o.a.j.r.Summariser: summary +    294 in 00:00:30 =    9.8/s Avg:   114 Min:    34 Max:   857 Err:     0 (0.00%) Active: 40 Started: 40 Finished: 0
2020-05-14 22:53:00,031 INFO o.a.j.r.Summariser: summary =   3607 in 00:06:30 =    9.3/s Avg:   215 Min:    31 Max:  7713 Err:     0 (0.00%)
2020-05-14 22:53:30,209 INFO o.a.j.r.Summariser: summary +    281 in 00:00:30 =    9.3/s Avg:   251 Min:    35 Max:  1141 Err:     0 (0.00%) Active: 40 Started: 40 Finished: 0
2020-05-14 22:53:30,210 INFO o.a.j.r.Summariser: summary =   3888 in 00:07:00 =    9.3/s Avg:   218 Min:    31 Max:  7713 Err:     0 (0.00%)
2020-05-14 22:54:00,056 INFO o.a.j.r.Summariser: summary +    288 in 00:00:30 =    9.6/s Avg:   163 Min:    36 Max:   946 Err:     0 (0.00%) Active: 40 Started: 40 Finished: 0
2020-05-14 22:54:00,057 INFO o.a.j.r.Summariser: summary =   4176 in 00:07:30 =    9.3/s Avg:   214 Min:    31 Max:  7713 Err:     0 (0.00%)
2020-05-14 22:54:30,010 INFO o.a.j.r.Summariser: summary +    293 in 00:00:30 =    9.8/s Avg:   123 Min:    35 Max:   963 Err:     0 (0.00%) Active: 40 Started: 40 Finished: 0
2020-05-14 22:54:30,011 INFO o.a.j.r.Summariser: summary =   4469 in 00:08:00 =    9.3/s Avg:   208 Min:    31 Max:  7713 Err:     0 (0.00%)
2020-05-14 22:55:00,013 INFO o.a.j.r.Summariser: summary +    281 in 00:00:30 =    9.4/s Avg:   256 Min:    38 Max:  1036 Err:     0 (0.00%) Active: 40 Started: 40 Finished: 0
2020-05-14 22:55:00,014 INFO o.a.j.r.Summariser: summary =   4750 in 00:08:30 =    9.3/s Avg:   211 Min:    31 Max:  7713 Err:     0 (0.00%)
2020-05-14 22:55:30,180 INFO o.a.j.r.Summariser: summary +    288 in 00:00:30 =    9.5/s Avg:   161 Min:    33 Max:  1149 Err:     0 (0.00%) Active: 40 Started: 40 Finished: 0
2020-05-14 22:55:30,181 INFO o.a.j.r.Summariser: summary =   5038 in 00:09:00 =    9.3/s Avg:   208 Min:    31 Max:  7713 Err:     0 (0.00%)
2020-05-14 22:56:00,085 INFO o.a.j.r.Summariser: summary +    289 in 00:00:30 =    9.7/s Avg:   144 Min:    37 Max:  1012 Err:     0 (0.00%) Active: 40 Started: 40 Finished: 0
2020-05-14 22:56:00,086 INFO o.a.j.r.Summariser: summary =   5327 in 00:09:30 =    9.4/s Avg:   205 Min:    31 Max:  7713 Err:     0 (0.00%)
2020-05-14 22:56:30,090 INFO o.a.j.r.Summariser: summary +    285 in 00:00:30 =    9.5/s Avg:   225 Min:    38 Max:  1060 Err:     0 (0.00%) Active: 40 Started: 40 Finished: 0
2020-05-14 22:56:30,091 INFO o.a.j.r.Summariser: summary =   5612 in 00:10:00 =    9.4/s Avg:   206 Min:    31 Max:  7713 Err:     0 (0.00%)
2020-05-14 22:56:41,747 INFO o.a.j.t.JMeterThread: Thread finished: Thread Group 1-14
2020-05-14 22:56:41,847 INFO o.a.j.t.JMeterThread: Thread finished: Thread Group 1-37
2020-05-14 22:56:41,959 INFO o.a.j.t.JMeterThread: Thread finished: Thread Group 1-20
2020-05-14 22:56:41,960 INFO o.a.j.t.JMeterThread: Thread finished: Thread Group 1-17
2020-05-14 22:56:42,062 INFO o.a.j.t.JMeterThread: Thread finished: Thread Group 1-24
2020-05-14 22:56:42,107 INFO o.a.j.t.JMeterThread: Thread finished: Thread Group 1-3
2020-05-14 22:56:42,233 INFO o.a.j.t.JMeterThread: Thread finished: Thread Group 1-23
2020-05-14 22:56:42,253 INFO o.a.j.t.JMeterThread: Thread finished: Thread Group 1-35
2020-05-14 22:56:42,655 INFO o.a.j.t.JMeterThread: Thread finished: Thread Group 1-32
2020-05-14 22:56:42,716 INFO o.a.j.t.JMeterThread: Thread finished: Thread Group 1-13
2020-05-14 22:56:42,740 INFO o.a.j.t.JMeterThread: Thread finished: Thread Group 1-39
2020-05-14 22:56:43,077 INFO o.a.j.t.JMeterThread: Thread finished: Thread Group 1-16
2020-05-14 22:56:43,150 INFO o.a.j.t.JMeterThread: Thread finished: Thread Group 1-36
2020-05-14 22:56:43,167 INFO o.a.j.t.JMeterThread: Thread finished: Thread Group 1-1
2020-05-14 22:56:43,193 INFO o.a.j.t.JMeterThread: Thread finished: Thread Group 1-34
2020-05-14 22:56:43,247 INFO o.a.j.t.JMeterThread: Thread finished: Thread Group 1-9
2020-05-14 22:56:43,357 INFO o.a.j.t.JMeterThread: Thread finished: Thread Group 1-27
2020-05-14 22:56:43,369 INFO o.a.j.t.JMeterThread: Thread finished: Thread Group 1-19
2020-05-14 22:56:43,509 INFO o.a.j.t.JMeterThread: Thread finished: Thread Group 1-33
2020-05-14 22:56:43,709 INFO o.a.j.t.JMeterThread: Thread finished: Thread Group 1-22
2020-05-14 22:56:43,766 INFO o.a.j.t.JMeterThread: Thread finished: Thread Group 1-11
2020-05-14 22:56:43,791 INFO o.a.j.t.JMeterThread: Thread finished: Thread Group 1-5
2020-05-14 22:56:43,920 INFO o.a.j.t.JMeterThread: Thread finished: Thread Group 1-18
2020-05-14 22:56:44,126 INFO o.a.j.t.JMeterThread: Thread finished: Thread Group 1-8
2020-05-14 22:56:44,274 INFO o.a.j.t.JMeterThread: Thread finished: Thread Group 1-4
2020-05-14 22:56:44,359 INFO o.a.j.t.JMeterThread: Thread finished: Thread Group 1-28
2020-05-14 22:56:44,425 INFO o.a.j.t.JMeterThread: Thread finished: Thread Group 1-21
2020-05-14 22:56:44,518 INFO o.a.j.t.JMeterThread: Thread finished: Thread Group 1-38
2020-05-14 22:56:44,525 INFO o.a.j.t.JMeterThread: Thread finished: Thread Group 1-15
2020-05-14 22:56:44,657 INFO o.a.j.t.JMeterThread: Thread finished: Thread Group 1-26
2020-05-14 22:56:44,773 INFO o.a.j.t.JMeterThread: Thread finished: Thread Group 1-12
2020-05-14 22:56:44,904 INFO o.a.j.t.JMeterThread: Thread finished: Thread Group 1-25
2020-05-14 22:56:44,921 INFO o.a.j.t.JMeterThread: Thread finished: Thread Group 1-6
2020-05-14 22:56:44,939 INFO o.a.j.t.JMeterThread: Thread finished: Thread Group 1-31
2020-05-14 22:56:45,143 INFO o.a.j.t.JMeterThread: Thread finished: Thread Group 1-10
2020-05-14 22:56:45,332 INFO o.a.j.t.JMeterThread: Thread finished: Thread Group 1-29
2020-05-14 22:56:45,411 INFO o.a.j.t.JMeterThread: Thread finished: Thread Group 1-30
2020-05-14 22:56:45,504 INFO o.a.j.t.JMeterThread: Thread finished: Thread Group 1-40
2020-05-14 22:56:45,693 INFO o.a.j.t.JMeterThread: Stopping because end time detected by thread: Thread Group 1-7
2020-05-14 22:56:45,694 INFO o.a.j.t.JMeterThread: Thread finished: Thread Group 1-7
2020-05-14 22:56:45,694 INFO o.a.j.t.JMeterThread: Stopping because end time detected by thread: Thread Group 1-2
2020-05-14 22:56:45,695 INFO o.a.j.t.JMeterThread: Thread finished: Thread Group 1-2
2020-05-14 22:56:45,695 INFO o.a.j.e.StandardJMeterEngine: Notifying test listeners of end of test
2020-05-14 22:56:45,697 INFO o.a.j.r.Summariser: summary +    153 in 00:00:16 =    9.8/s Avg:    78 Min:    36 Max:  1001 Err:     0 (0.00%) Active: 0 Started: 40 Finished: 40
2020-05-14 22:56:45,698 INFO o.a.j.r.Summariser: summary =   5765 in 00:10:15 =    9.4/s Avg:   202 Min:    31 Max:  7713 Err:     0 (0.00%)
