2020-04-10 11:53:43,984 INFO o.a.j.u.JMeterUtils: Setting Locale to en_US
2020-04-10 11:53:44,015 INFO o.a.j.JMeter: Loading user properties from: /home/pablo/jmeter/bin/user.properties
2020-04-10 11:53:44,017 INFO o.a.j.JMeter: Loading system properties from: /home/pablo/jmeter/bin/system.properties
2020-04-10 11:53:44,020 INFO o.a.j.JMeter: Copyright (c) 1998-2019 The Apache Software Foundation
2020-04-10 11:53:44,020 INFO o.a.j.JMeter: Version 5.2.1
2020-04-10 11:53:44,020 INFO o.a.j.JMeter: java.version=1.8.0_201
2020-04-10 11:53:44,021 INFO o.a.j.JMeter: java.vm.name=Java HotSpot(TM) 64-Bit Server VM
2020-04-10 11:53:44,021 INFO o.a.j.JMeter: os.name=Linux
2020-04-10 11:53:44,021 INFO o.a.j.JMeter: os.arch=amd64
2020-04-10 11:53:44,021 INFO o.a.j.JMeter: os.version=4.15.0-91-generic
2020-04-10 11:53:44,022 INFO o.a.j.JMeter: file.encoding=UTF-8
2020-04-10 11:53:44,022 INFO o.a.j.JMeter: java.awt.headless=null
2020-04-10 11:53:44,022 INFO o.a.j.JMeter: Max memory     =732954624
2020-04-10 11:53:44,023 INFO o.a.j.JMeter: Available Processors =4
2020-04-10 11:53:44,030 INFO o.a.j.JMeter: Default Locale=English (United States)
2020-04-10 11:53:44,031 INFO o.a.j.JMeter: JMeter  Locale=English (United States)
2020-04-10 11:53:44,031 INFO o.a.j.JMeter: JMeterHome=/home/pablo/jmeter
2020-04-10 11:53:44,031 INFO o.a.j.JMeter: user.dir  =/home/pablo/jmeter/bin/EJECUCIONES/P2
2020-04-10 11:53:44,031 INFO o.a.j.JMeter: PWD       =/home/pablo/jmeter/bin/EJECUCIONES/P2
2020-04-10 11:53:44,032 INFO o.a.j.JMeter: IP: 127.0.1.1 Name: hylianpablo FullName: hylianpablo
2020-04-10 11:53:44,429 INFO o.a.j.g.a.LookAndFeelCommand: Installing Darcula LAF
2020-04-10 11:53:44,507 INFO o.a.j.g.a.LookAndFeelCommand: Using look and feel: com.bulenkov.darcula.DarculaLaf [Darcula]
2020-04-10 11:53:44,508 INFO o.a.j.JMeter: Setting LAF to: com.bulenkov.darcula.DarculaLaf
2020-04-10 11:53:44,646 INFO o.a.j.JMeter: Loaded icon properties from org/apache/jmeter/images/icon.properties
2020-04-10 11:53:46,410 INFO o.j.r.JARSourceHTTP: Found cached repo
2020-04-10 11:53:46,923 INFO o.j.r.PluginManager: Plugins Status: [jpgc-graphs-basic=2.0, jpgc-graphs-additional=2.0, jpgc-functions=2.1, jpgc-casutg=2.9, jpgc-dummy=0.4, jpgc-ffw=2.0, jpgc-fifo=0.2, jpgc-perfmon=2.1, jpgc-plugins-manager=1.3, jpgc-tst=2.5, jmeter-core=5.2.1, jmeter-ftp=5.2.1, jmeter-http=5.2.1, jmeter-jdbc=5.2.1, jmeter-jms=5.2.1, jmeter-junit=5.2.1, jmeter-java=5.2.1, jmeter-ldap=5.2.1, jmeter-mail=5.2.1, jmeter-mongodb=5.2.1, jmeter-native=5.2.1, jmeter-tcp=5.2.1, jmeter-components=5.2.1, jpgc-standard=2.0]
2020-04-10 11:53:46,936 INFO o.j.r.PluginManagerMenuItem: Plugins Manager has upgrades: [jpgc-plugins-manager]
2020-04-10 11:53:50,485 INFO o.a.j.p.h.s.HTTPSamplerBase: Parser for text/html is org.apache.jmeter.protocol.http.parser.LagartoBasedHtmlParser
2020-04-10 11:53:50,486 INFO o.a.j.p.h.s.HTTPSamplerBase: Parser for application/xhtml+xml is org.apache.jmeter.protocol.http.parser.LagartoBasedHtmlParser
2020-04-10 11:53:50,486 INFO o.a.j.p.h.s.HTTPSamplerBase: Parser for application/xml is org.apache.jmeter.protocol.http.parser.LagartoBasedHtmlParser
2020-04-10 11:53:50,487 INFO o.a.j.p.h.s.HTTPSamplerBase: Parser for text/xml is org.apache.jmeter.protocol.http.parser.LagartoBasedHtmlParser
2020-04-10 11:53:50,487 INFO o.a.j.p.h.s.HTTPSamplerBase: Parser for text/vnd.wap.wml is org.apache.jmeter.protocol.http.parser.RegexpHTMLParser
2020-04-10 11:53:50,487 INFO o.a.j.p.h.s.HTTPSamplerBase: Parser for text/css is org.apache.jmeter.protocol.http.parser.CssParser
2020-04-10 11:53:50,992 INFO o.a.j.e.KeyToolUtils: keytool found at 'keytool'
2020-04-10 11:53:50,994 INFO o.a.j.p.h.p.ProxyControl: HTTP(S) Test Script Recorder SSL Proxy will use keys that support embedded 3rd party resources in file /home/pablo/jmeter/bin/proxyserver.jks
2020-04-10 11:53:51,247 INFO o.a.j.s.FileServer: Default base='/home/pablo/jmeter/bin/EJECUCIONES/P2'
2020-04-10 11:53:51,885 INFO o.a.j.s.SampleResult: Note: Sample TimeStamps are START times
2020-04-10 11:53:51,886 INFO o.a.j.s.SampleResult: sampleresult.default.encoding is set to ISO-8859-1
2020-04-10 11:53:51,886 INFO o.a.j.s.SampleResult: sampleresult.useNanoTime=true
2020-04-10 11:53:51,887 INFO o.a.j.s.SampleResult: sampleresult.nanoThreadSleep=5000
2020-04-10 11:54:27,897 INFO o.a.j.g.a.Load: Loading file: /home/pablo/jmeter/bin/Dinamica.jmx
2020-04-10 11:54:27,897 INFO o.a.j.s.FileServer: Set new base='/home/pablo/jmeter/bin'
2020-04-10 11:54:28,128 INFO o.a.j.s.SaveService: Testplan (JMX) version: 2.2. Testlog (JTL) version: 2.2
2020-04-10 11:54:28,134 INFO o.a.j.s.SaveService: Using SaveService properties file encoding UTF-8
2020-04-10 11:54:28,139 INFO o.a.j.s.SaveService: Using SaveService properties version 5.0
2020-04-10 11:54:28,147 INFO o.a.j.s.SaveService: Loading file: /home/pablo/jmeter/bin/Dinamica.jmx
2020-04-10 11:54:28,543 INFO o.a.j.e.u.CompoundVariable: Note: Function class names must contain the string: '.functions.'
2020-04-10 11:54:28,543 INFO o.a.j.e.u.CompoundVariable: Note: Function class names must not contain the string: '.gui.'
2020-04-10 11:54:29,453 INFO o.a.j.s.FileServer: Set new base='/home/pablo/jmeter/bin'
2020-04-10 11:54:49,061 INFO o.a.j.s.SampleEvent: List of sample_variables: []
