2020-04-03 21:17:45,984 INFO o.a.j.u.JMeterUtils: Setting Locale to en_US
2020-04-03 21:17:46,015 INFO o.a.j.JMeter: Loading user properties from: /home/pablo/jmeter/bin/user.properties
2020-04-03 21:17:46,016 INFO o.a.j.JMeter: Loading system properties from: /home/pablo/jmeter/bin/system.properties
2020-04-03 21:17:46,017 INFO o.a.j.JMeter: Setting System property: HILOS1=5
2020-04-03 21:17:46,018 INFO o.a.j.JMeter: Setting System property: DELAY1=0
2020-04-03 21:17:46,018 INFO o.a.j.JMeter: Setting System property: SUBIDA1=4
2020-04-03 21:17:46,018 INFO o.a.j.JMeter: Setting System property: DURACION1=130
2020-04-03 21:17:46,018 INFO o.a.j.JMeter: Setting System property: HILOS2=5
2020-04-03 21:17:46,018 INFO o.a.j.JMeter: Setting System property: DELAY2=5
2020-04-03 21:17:46,019 INFO o.a.j.JMeter: Setting System property: SUBIDA2=3
2020-04-03 21:17:46,019 INFO o.a.j.JMeter: Setting System property: DURACION2=125
2020-04-03 21:17:46,019 INFO o.a.j.JMeter: Setting System property: HILOS3=5
2020-04-03 21:17:46,019 INFO o.a.j.JMeter: Setting System property: DELAY3=10
2020-04-03 21:17:46,020 INFO o.a.j.JMeter: Setting System property: SUBIDA3=3
2020-04-03 21:17:46,020 INFO o.a.j.JMeter: Setting System property: DURACION3=120
2020-04-03 21:17:46,020 INFO o.a.j.JMeter: Setting System property: FILE=scriptresultsperfmonDin15.jtl
2020-04-03 21:17:46,023 INFO o.a.j.JMeter: Copyright (c) 1998-2019 The Apache Software Foundation
2020-04-03 21:17:46,023 INFO o.a.j.JMeter: Version 5.2.1
2020-04-03 21:17:46,023 INFO o.a.j.JMeter: java.version=1.8.0_201
2020-04-03 21:17:46,024 INFO o.a.j.JMeter: java.vm.name=Java HotSpot(TM) 64-Bit Server VM
2020-04-03 21:17:46,024 INFO o.a.j.JMeter: os.name=Linux
2020-04-03 21:17:46,024 INFO o.a.j.JMeter: os.arch=amd64
2020-04-03 21:17:46,024 INFO o.a.j.JMeter: os.version=4.15.0-91-generic
2020-04-03 21:17:46,025 INFO o.a.j.JMeter: file.encoding=UTF-8
2020-04-03 21:17:46,025 INFO o.a.j.JMeter: java.awt.headless=true
2020-04-03 21:17:46,025 INFO o.a.j.JMeter: Max memory     =732954624
2020-04-03 21:17:46,026 INFO o.a.j.JMeter: Available Processors =4
2020-04-03 21:17:46,033 INFO o.a.j.JMeter: Default Locale=English (United States)
2020-04-03 21:17:46,033 INFO o.a.j.JMeter: JMeter  Locale=English (United States)
2020-04-03 21:17:46,034 INFO o.a.j.JMeter: JMeterHome=/home/pablo/jmeter
2020-04-03 21:17:46,034 INFO o.a.j.JMeter: user.dir  =/home/pablo/jmeter/bin/EJECUCIONES/P2
2020-04-03 21:17:46,034 INFO o.a.j.JMeter: PWD       =/home/pablo/jmeter/bin/EJECUCIONES/P2
2020-04-03 21:17:46,035 INFO o.a.j.JMeter: IP: 127.0.1.1 Name: hylianpablo FullName: hylianpablo
2020-04-03 21:17:46,044 INFO o.a.j.s.FileServer: Default base='/home/pablo/jmeter/bin/EJECUCIONES/P2'
2020-04-03 21:17:46,054 INFO o.a.j.s.FileServer: Set new base='/home/pablo/jmeter/bin/EJECUCIONES/P2/../..'
2020-04-03 21:17:46,335 INFO o.a.j.s.SaveService: Testplan (JMX) version: 2.2. Testlog (JTL) version: 2.2
2020-04-03 21:17:46,354 INFO o.a.j.s.SaveService: Using SaveService properties file encoding UTF-8
2020-04-03 21:17:46,367 INFO o.a.j.s.SaveService: Using SaveService properties version 5.0
2020-04-03 21:17:46,386 INFO o.a.j.s.SaveService: Loading file: ../../Dinamica.jmx
2020-04-03 21:17:46,558 INFO o.a.j.p.h.s.HTTPSamplerBase: Parser for text/html is org.apache.jmeter.protocol.http.parser.LagartoBasedHtmlParser
2020-04-03 21:17:46,558 INFO o.a.j.p.h.s.HTTPSamplerBase: Parser for application/xhtml+xml is org.apache.jmeter.protocol.http.parser.LagartoBasedHtmlParser
2020-04-03 21:17:46,558 INFO o.a.j.p.h.s.HTTPSamplerBase: Parser for application/xml is org.apache.jmeter.protocol.http.parser.LagartoBasedHtmlParser
2020-04-03 21:17:46,559 INFO o.a.j.p.h.s.HTTPSamplerBase: Parser for text/xml is org.apache.jmeter.protocol.http.parser.LagartoBasedHtmlParser
2020-04-03 21:17:46,559 INFO o.a.j.p.h.s.HTTPSamplerBase: Parser for text/vnd.wap.wml is org.apache.jmeter.protocol.http.parser.RegexpHTMLParser
2020-04-03 21:17:46,559 INFO o.a.j.p.h.s.HTTPSamplerBase: Parser for text/css is org.apache.jmeter.protocol.http.parser.CssParser
2020-04-03 21:17:46,587 INFO o.a.j.JMeter: Creating summariser <summary>
2020-04-03 21:17:46,600 INFO o.a.j.e.StandardJMeterEngine: Running the test!
2020-04-03 21:17:46,602 INFO o.a.j.s.SampleEvent: List of sample_variables: []
2020-04-03 21:17:46,603 INFO o.a.j.s.SampleEvent: List of sample_variables: []
2020-04-03 21:17:46,618 INFO o.a.j.e.u.CompoundVariable: Note: Function class names must contain the string: '.functions.'
2020-04-03 21:17:46,618 INFO o.a.j.e.u.CompoundVariable: Note: Function class names must not contain the string: '.gui.'
2020-04-03 21:17:47,479 INFO o.a.j.JMeter: Running test (1585941467479)
2020-04-03 21:17:47,604 INFO o.a.j.e.StandardJMeterEngine: Starting ThreadGroup: 1 : jp@gc - Ultimate Thread Group
2020-04-03 21:17:47,605 INFO o.a.j.e.StandardJMeterEngine: Starting 15 threads for group jp@gc - Ultimate Thread Group.
2020-04-03 21:17:47,605 INFO o.a.j.e.StandardJMeterEngine: Thread will continue on error
2020-04-03 21:17:47,606 INFO k.a.j.t.AbstractSimpleThreadGroup: Starting thread group number 1 threads 15
2020-04-03 21:17:47,642 INFO k.a.j.t.AbstractSimpleThreadGroup: Started thread group number 1
2020-04-03 21:17:47,642 INFO o.a.j.e.StandardJMeterEngine: All thread groups have been started
2020-04-03 21:17:48,407 INFO o.a.j.t.JMeterThread: Thread started: jp@gc - Ultimate Thread Group 1-5
2020-04-03 21:17:48,452 INFO o.a.j.p.h.s.HTTPHCAbstractImpl: Local host = hylianpablo
2020-04-03 21:17:48,466 INFO o.a.j.p.h.s.HTTPHC4Impl: HTTP request retry count = 0
2020-04-03 21:17:48,470 INFO o.a.j.s.SampleResult: Note: Sample TimeStamps are START times
2020-04-03 21:17:48,470 INFO o.a.j.s.SampleResult: sampleresult.default.encoding is set to ISO-8859-1
2020-04-03 21:17:48,470 INFO o.a.j.s.SampleResult: sampleresult.useNanoTime=true
2020-04-03 21:17:48,471 INFO o.a.j.s.SampleResult: sampleresult.nanoThreadSleep=5000
2020-04-03 21:17:49,206 INFO o.a.j.t.JMeterThread: Thread started: jp@gc - Ultimate Thread Group 1-4
2020-04-03 21:17:49,638 INFO o.a.j.u.JsseSSLManager: Using default SSL protocol: TLS
2020-04-03 21:17:49,638 INFO o.a.j.u.JsseSSLManager: SSL session context: per-thread
2020-04-03 21:17:50,007 INFO o.a.j.t.JMeterThread: Thread started: jp@gc - Ultimate Thread Group 1-3
2020-04-03 21:17:50,806 INFO o.a.j.t.JMeterThread: Thread started: jp@gc - Ultimate Thread Group 1-2
2020-04-03 21:17:51,606 INFO o.a.j.t.JMeterThread: Thread started: jp@gc - Ultimate Thread Group 1-1
2020-04-03 21:17:53,206 INFO o.a.j.t.JMeterThread: Thread started: jp@gc - Ultimate Thread Group 1-10
2020-04-03 21:17:53,806 INFO o.a.j.t.JMeterThread: Thread started: jp@gc - Ultimate Thread Group 1-9
2020-04-03 21:17:54,406 INFO o.a.j.t.JMeterThread: Thread started: jp@gc - Ultimate Thread Group 1-8
2020-04-03 21:17:55,007 INFO o.a.j.t.JMeterThread: Thread started: jp@gc - Ultimate Thread Group 1-7
2020-04-03 21:17:55,607 INFO o.a.j.t.JMeterThread: Thread started: jp@gc - Ultimate Thread Group 1-6
2020-04-03 21:17:58,206 INFO o.a.j.t.JMeterThread: Thread started: jp@gc - Ultimate Thread Group 1-15
2020-04-03 21:17:58,807 INFO o.a.j.t.JMeterThread: Thread started: jp@gc - Ultimate Thread Group 1-14
2020-04-03 21:17:59,406 INFO o.a.j.t.JMeterThread: Thread started: jp@gc - Ultimate Thread Group 1-13
2020-04-03 21:18:00,007 INFO o.a.j.t.JMeterThread: Thread started: jp@gc - Ultimate Thread Group 1-12
2020-04-03 21:18:00,080 INFO o.a.j.r.Summariser: summary +     21 in 00:00:13 =    1.7/s Avg:  2718 Min:   920 Max:  4638 Err:     0 (0.00%) Active: 14 Started: 14 Finished: 0
2020-04-03 21:18:00,607 INFO o.a.j.t.JMeterThread: Thread started: jp@gc - Ultimate Thread Group 1-11
2020-04-03 21:18:30,373 INFO o.a.j.r.Summariser: summary +     68 in 00:00:30 =    2.2/s Avg:  6236 Min:  4770 Max:  6782 Err:     0 (0.00%) Active: 15 Started: 15 Finished: 0
2020-04-03 21:18:30,374 INFO o.a.j.r.Summariser: summary =     89 in 00:00:43 =    2.1/s Avg:  5406 Min:   920 Max:  6782 Err:     0 (0.00%)
2020-04-03 21:19:00,914 INFO o.a.j.r.Summariser: summary +     72 in 00:00:31 =    2.4/s Avg:  6339 Min:  5925 Max:  6890 Err:     0 (0.00%) Active: 15 Started: 15 Finished: 0
2020-04-03 21:19:00,915 INFO o.a.j.r.Summariser: summary =    161 in 00:01:13 =    2.2/s Avg:  5823 Min:   920 Max:  6890 Err:     0 (0.00%)
2020-04-03 21:19:30,238 INFO o.a.j.r.Summariser: summary +     71 in 00:00:29 =    2.4/s Avg:  6379 Min:  5819 Max:  6796 Err:     0 (0.00%) Active: 15 Started: 15 Finished: 0
2020-04-03 21:19:30,239 INFO o.a.j.r.Summariser: summary =    232 in 00:01:43 =    2.3/s Avg:  5993 Min:   920 Max:  6890 Err:     0 (0.00%)
2020-04-03 21:20:00,021 INFO o.a.j.r.Summariser: summary +     67 in 00:00:30 =    2.2/s Avg:  6416 Min:  5705 Max:  6969 Err:     0 (0.00%) Active: 15 Started: 15 Finished: 0
2020-04-03 21:20:00,022 INFO o.a.j.r.Summariser: summary =    299 in 00:02:13 =    2.3/s Avg:  6088 Min:   920 Max:  6969 Err:     0 (0.00%)
2020-04-03 21:20:00,749 INFO o.a.j.t.JMeterThread: Stopping because end time detected by thread: jp@gc - Ultimate Thread Group 1-7
2020-04-03 21:20:00,750 INFO o.a.j.t.JMeterThread: Thread finished: jp@gc - Ultimate Thread Group 1-7
2020-04-03 21:20:00,895 INFO o.a.j.t.JMeterThread: Stopping because end time detected by thread: jp@gc - Ultimate Thread Group 1-12
2020-04-03 21:20:00,895 INFO o.a.j.t.JMeterThread: Thread finished: jp@gc - Ultimate Thread Group 1-12
2020-04-03 21:20:01,040 INFO o.a.j.t.JMeterThread: Stopping because end time detected by thread: jp@gc - Ultimate Thread Group 1-8
2020-04-03 21:20:01,041 INFO o.a.j.t.JMeterThread: Thread finished: jp@gc - Ultimate Thread Group 1-8
2020-04-03 21:20:01,716 INFO o.a.j.t.JMeterThread: Stopping because end time detected by thread: jp@gc - Ultimate Thread Group 1-3
2020-04-03 21:20:01,717 INFO o.a.j.t.JMeterThread: Thread finished: jp@gc - Ultimate Thread Group 1-3
2020-04-03 21:20:01,782 INFO o.a.j.t.JMeterThread: Stopping because end time detected by thread: jp@gc - Ultimate Thread Group 1-10
2020-04-03 21:20:01,782 INFO o.a.j.t.JMeterThread: Thread finished: jp@gc - Ultimate Thread Group 1-10
2020-04-03 21:20:01,869 INFO o.a.j.t.JMeterThread: Stopping because end time detected by thread: jp@gc - Ultimate Thread Group 1-15
2020-04-03 21:20:01,870 INFO o.a.j.t.JMeterThread: Thread finished: jp@gc - Ultimate Thread Group 1-15
2020-04-03 21:20:02,384 INFO o.a.j.t.JMeterThread: Stopping because end time detected by thread: jp@gc - Ultimate Thread Group 1-11
2020-04-03 21:20:02,384 INFO o.a.j.t.JMeterThread: Thread finished: jp@gc - Ultimate Thread Group 1-11
2020-04-03 21:20:02,590 INFO o.a.j.t.JMeterThread: Stopping because end time detected by thread: jp@gc - Ultimate Thread Group 1-14
2020-04-03 21:20:02,591 INFO o.a.j.t.JMeterThread: Thread finished: jp@gc - Ultimate Thread Group 1-14
2020-04-03 21:20:02,776 INFO o.a.j.t.JMeterThread: Stopping because end time detected by thread: jp@gc - Ultimate Thread Group 1-5
2020-04-03 21:20:02,777 INFO o.a.j.t.JMeterThread: Thread finished: jp@gc - Ultimate Thread Group 1-5
2020-04-03 21:20:02,890 INFO o.a.j.t.JMeterThread: Stopping because end time detected by thread: jp@gc - Ultimate Thread Group 1-2
2020-04-03 21:20:02,890 INFO o.a.j.t.JMeterThread: Thread finished: jp@gc - Ultimate Thread Group 1-2
2020-04-03 21:20:03,089 INFO o.a.j.t.JMeterThread: Stopping because end time detected by thread: jp@gc - Ultimate Thread Group 1-6
2020-04-03 21:20:03,090 INFO o.a.j.t.JMeterThread: Thread finished: jp@gc - Ultimate Thread Group 1-6
2020-04-03 21:20:03,430 INFO o.a.j.t.JMeterThread: Stopping because end time detected by thread: jp@gc - Ultimate Thread Group 1-13
2020-04-03 21:20:03,430 INFO o.a.j.t.JMeterThread: Thread finished: jp@gc - Ultimate Thread Group 1-13
2020-04-03 21:20:03,468 INFO o.a.j.t.JMeterThread: Stopping because end time detected by thread: jp@gc - Ultimate Thread Group 1-9
2020-04-03 21:20:03,468 INFO o.a.j.t.JMeterThread: Thread finished: jp@gc - Ultimate Thread Group 1-9
2020-04-03 21:20:03,476 INFO o.a.j.t.JMeterThread: Stopping because end time detected by thread: jp@gc - Ultimate Thread Group 1-1
2020-04-03 21:20:03,477 INFO o.a.j.t.JMeterThread: Thread finished: jp@gc - Ultimate Thread Group 1-1
2020-04-03 21:20:03,659 INFO o.a.j.t.JMeterThread: Stopping because end time detected by thread: jp@gc - Ultimate Thread Group 1-4
2020-04-03 21:20:03,660 INFO o.a.j.t.JMeterThread: Thread finished: jp@gc - Ultimate Thread Group 1-4
2020-04-03 21:20:03,660 INFO o.a.j.e.StandardJMeterEngine: Notifying test listeners of end of test
2020-04-03 21:20:03,663 INFO o.a.j.r.Summariser: summary +     18 in 00:00:04 =    4.9/s Avg:  5306 Min:  2404 Max:  6803 Err:     0 (0.00%) Active: 0 Started: 15 Finished: 15
2020-04-03 21:20:03,664 INFO o.a.j.r.Summariser: summary =    317 in 00:02:16 =    2.3/s Avg:  6044 Min:   920 Max:  6969 Err:     0 (0.00%)
