2020-05-09 09:57:37,805 INFO o.a.j.u.JMeterUtils: Setting Locale to en_US
2020-05-09 09:57:37,847 INFO o.a.j.JMeter: Loading user properties from: /home/pablo/jmeter/bin/user.properties
2020-05-09 09:57:37,849 INFO o.a.j.JMeter: Loading system properties from: /home/pablo/jmeter/bin/system.properties
2020-05-09 09:57:37,850 INFO o.a.j.JMeter: Setting System property: HILOS=80
2020-05-09 09:57:37,850 INFO o.a.j.JMeter: Setting System property: SUBIDA=20
2020-05-09 09:57:37,851 INFO o.a.j.JMeter: Setting System property: DURACION=620
2020-05-09 09:57:37,851 INFO o.a.j.JMeter: Setting System property: FILE=scriptresultsPerfmon80.jtl
2020-05-09 09:57:37,853 INFO o.a.j.JMeter: Copyright (c) 1998-2019 The Apache Software Foundation
2020-05-09 09:57:37,854 INFO o.a.j.JMeter: Version 5.2.1
2020-05-09 09:57:37,854 INFO o.a.j.JMeter: java.version=1.8.0_201
2020-05-09 09:57:37,854 INFO o.a.j.JMeter: java.vm.name=Java HotSpot(TM) 64-Bit Server VM
2020-05-09 09:57:37,854 INFO o.a.j.JMeter: os.name=Linux
2020-05-09 09:57:37,855 INFO o.a.j.JMeter: os.arch=amd64
2020-05-09 09:57:37,855 INFO o.a.j.JMeter: os.version=4.15.0-99-generic
2020-05-09 09:57:37,855 INFO o.a.j.JMeter: file.encoding=UTF-8
2020-05-09 09:57:37,855 INFO o.a.j.JMeter: java.awt.headless=true
2020-05-09 09:57:37,856 INFO o.a.j.JMeter: Max memory     =732954624
2020-05-09 09:57:37,856 INFO o.a.j.JMeter: Available Processors =4
2020-05-09 09:57:37,865 INFO o.a.j.JMeter: Default Locale=English (United States)
2020-05-09 09:57:37,866 INFO o.a.j.JMeter: JMeter  Locale=English (United States)
2020-05-09 09:57:37,867 INFO o.a.j.JMeter: JMeterHome=/home/pablo/jmeter
2020-05-09 09:57:37,867 INFO o.a.j.JMeter: user.dir  =/home/pablo/jmeter/bin/EJECUCIONES/P3_V3
2020-05-09 09:57:37,867 INFO o.a.j.JMeter: PWD       =/home/pablo/jmeter/bin/EJECUCIONES/P3_V3
2020-05-09 09:57:37,868 INFO o.a.j.JMeter: IP: 127.0.1.1 Name: hylianpablo FullName: hylianpablo
2020-05-09 09:57:37,880 INFO o.a.j.s.FileServer: Default base='/home/pablo/jmeter/bin/EJECUCIONES/P3_V3'
2020-05-09 09:57:37,895 INFO o.a.j.s.FileServer: Set new base='/home/pablo/jmeter/bin/EJECUCIONES/P3_V3/..'
2020-05-09 09:57:38,206 INFO o.a.j.s.SaveService: Testplan (JMX) version: 2.2. Testlog (JTL) version: 2.2
2020-05-09 09:57:38,230 INFO o.a.j.s.SaveService: Using SaveService properties file encoding UTF-8
2020-05-09 09:57:38,247 INFO o.a.j.s.SaveService: Using SaveService properties version 5.0
2020-05-09 09:57:38,266 INFO o.a.j.s.SaveService: Loading file: ../RecordP3_V2.jmx
2020-05-09 09:57:38,344 INFO o.a.j.p.h.c.CookieManager: Settings: Delete null: true Check: true Allow variable: true Save: false Prefix: COOKIE_
2020-05-09 09:57:38,396 INFO o.a.j.p.h.s.HTTPSamplerBase: Parser for text/html is org.apache.jmeter.protocol.http.parser.LagartoBasedHtmlParser
2020-05-09 09:57:38,396 INFO o.a.j.p.h.s.HTTPSamplerBase: Parser for application/xhtml+xml is org.apache.jmeter.protocol.http.parser.LagartoBasedHtmlParser
2020-05-09 09:57:38,396 INFO o.a.j.p.h.s.HTTPSamplerBase: Parser for application/xml is org.apache.jmeter.protocol.http.parser.LagartoBasedHtmlParser
2020-05-09 09:57:38,397 INFO o.a.j.p.h.s.HTTPSamplerBase: Parser for text/xml is org.apache.jmeter.protocol.http.parser.LagartoBasedHtmlParser
2020-05-09 09:57:38,397 INFO o.a.j.p.h.s.HTTPSamplerBase: Parser for text/vnd.wap.wml is org.apache.jmeter.protocol.http.parser.RegexpHTMLParser
2020-05-09 09:57:38,397 INFO o.a.j.p.h.s.HTTPSamplerBase: Parser for text/css is org.apache.jmeter.protocol.http.parser.CssParser
2020-05-09 09:57:38,522 INFO o.a.j.JMeter: Creating summariser <summary>
2020-05-09 09:57:38,537 INFO o.a.j.e.StandardJMeterEngine: Running the test!
2020-05-09 09:57:38,539 INFO o.a.j.s.SampleEvent: List of sample_variables: []
2020-05-09 09:57:38,539 INFO o.a.j.s.SampleEvent: List of sample_variables: []
2020-05-09 09:57:38,554 INFO o.a.j.e.u.CompoundVariable: Note: Function class names must contain the string: '.functions.'
2020-05-09 09:57:38,555 INFO o.a.j.e.u.CompoundVariable: Note: Function class names must not contain the string: '.gui.'
2020-05-09 09:57:39,498 INFO o.a.j.JMeter: Running test (1589011059498)
2020-05-09 09:57:39,588 INFO o.a.j.e.StandardJMeterEngine: Starting ThreadGroup: 1 : Thread Group
2020-05-09 09:57:39,589 INFO o.a.j.e.StandardJMeterEngine: Starting 80 threads for group Thread Group.
2020-05-09 09:57:39,589 INFO o.a.j.e.StandardJMeterEngine: Thread will continue on error
2020-05-09 09:57:39,590 INFO o.a.j.t.ThreadGroup: Starting thread group... number=1 threads=80 ramp-up=20 delayedStart=false
2020-05-09 09:57:39,611 INFO o.a.j.t.JMeterThread: Thread started: Thread Group 1-1
2020-05-09 09:57:39,701 INFO o.a.j.p.h.s.HTTPHCAbstractImpl: Local host = hylianpablo
2020-05-09 09:57:39,722 INFO o.a.j.p.h.s.HTTPHC4Impl: HTTP request retry count = 0
2020-05-09 09:57:39,726 INFO o.a.j.s.SampleResult: Note: Sample TimeStamps are START times
2020-05-09 09:57:39,726 INFO o.a.j.s.SampleResult: sampleresult.default.encoding is set to ISO-8859-1
2020-05-09 09:57:39,727 INFO o.a.j.s.SampleResult: sampleresult.useNanoTime=true
2020-05-09 09:57:39,727 INFO o.a.j.s.SampleResult: sampleresult.nanoThreadSleep=5000
2020-05-09 09:57:39,822 INFO o.a.j.t.ThreadGroup: Started thread group number 1
2020-05-09 09:57:39,823 INFO o.a.j.e.StandardJMeterEngine: All thread groups have been started
2020-05-09 09:57:39,847 INFO o.a.j.t.JMeterThread: Thread started: Thread Group 1-2
2020-05-09 09:57:40,097 INFO o.a.j.t.JMeterThread: Thread started: Thread Group 1-3
2020-05-09 09:57:40,345 INFO o.a.j.t.JMeterThread: Thread started: Thread Group 1-4
2020-05-09 09:57:40,598 INFO o.a.j.t.JMeterThread: Thread started: Thread Group 1-5
2020-05-09 09:57:40,846 INFO o.a.j.t.JMeterThread: Thread started: Thread Group 1-6
2020-05-09 09:57:41,097 INFO o.a.j.t.JMeterThread: Thread started: Thread Group 1-7
2020-05-09 09:57:41,347 INFO o.a.j.t.JMeterThread: Thread started: Thread Group 1-8
2020-05-09 09:57:41,594 INFO o.a.j.t.JMeterThread: Thread started: Thread Group 1-9
2020-05-09 09:57:41,843 INFO o.a.j.t.JMeterThread: Thread started: Thread Group 1-10
2020-05-09 09:57:42,105 INFO o.a.j.t.JMeterThread: Thread started: Thread Group 1-11
2020-05-09 09:57:42,349 INFO o.a.j.t.JMeterThread: Thread started: Thread Group 1-12
2020-05-09 09:57:42,606 INFO o.a.j.t.JMeterThread: Thread started: Thread Group 1-13
2020-05-09 09:57:42,847 INFO o.a.j.t.JMeterThread: Thread started: Thread Group 1-14
2020-05-09 09:57:43,100 INFO o.a.j.t.JMeterThread: Thread started: Thread Group 1-15
2020-05-09 09:57:43,349 INFO o.a.j.t.JMeterThread: Thread started: Thread Group 1-16
2020-05-09 09:57:43,595 INFO o.a.j.t.JMeterThread: Thread started: Thread Group 1-17
2020-05-09 09:57:43,846 INFO o.a.j.t.JMeterThread: Thread started: Thread Group 1-18
2020-05-09 09:57:44,096 INFO o.a.j.t.JMeterThread: Thread started: Thread Group 1-19
2020-05-09 09:57:44,346 INFO o.a.j.t.JMeterThread: Thread started: Thread Group 1-20
2020-05-09 09:57:44,594 INFO o.a.j.t.JMeterThread: Thread started: Thread Group 1-21
2020-05-09 09:57:44,845 INFO o.a.j.t.JMeterThread: Thread started: Thread Group 1-22
2020-05-09 09:57:45,098 INFO o.a.j.t.JMeterThread: Thread started: Thread Group 1-23
2020-05-09 09:57:45,344 INFO o.a.j.t.JMeterThread: Thread started: Thread Group 1-24
2020-05-09 09:57:45,595 INFO o.a.j.t.JMeterThread: Thread started: Thread Group 1-25
2020-05-09 09:57:45,847 INFO o.a.j.t.JMeterThread: Thread started: Thread Group 1-26
2020-05-09 09:57:46,094 INFO o.a.j.t.JMeterThread: Thread started: Thread Group 1-27
2020-05-09 09:57:46,342 INFO o.a.j.t.JMeterThread: Thread started: Thread Group 1-28
2020-05-09 09:57:46,592 INFO o.a.j.t.JMeterThread: Thread started: Thread Group 1-29
2020-05-09 09:57:46,843 INFO o.a.j.t.JMeterThread: Thread started: Thread Group 1-30
2020-05-09 09:57:47,092 INFO o.a.j.t.JMeterThread: Thread started: Thread Group 1-31
2020-05-09 09:57:47,343 INFO o.a.j.t.JMeterThread: Thread started: Thread Group 1-32
2020-05-09 09:57:47,594 INFO o.a.j.t.JMeterThread: Thread started: Thread Group 1-33
2020-05-09 09:57:47,843 INFO o.a.j.t.JMeterThread: Thread started: Thread Group 1-34
2020-05-09 09:57:48,104 INFO o.a.j.t.JMeterThread: Thread started: Thread Group 1-35
2020-05-09 09:57:48,351 INFO o.a.j.t.JMeterThread: Thread started: Thread Group 1-36
2020-05-09 09:57:48,595 INFO o.a.j.t.JMeterThread: Thread started: Thread Group 1-37
2020-05-09 09:57:48,845 INFO o.a.j.t.JMeterThread: Thread started: Thread Group 1-38
2020-05-09 09:57:49,098 INFO o.a.j.t.JMeterThread: Thread started: Thread Group 1-39
2020-05-09 09:57:49,343 INFO o.a.j.t.JMeterThread: Thread started: Thread Group 1-40
2020-05-09 09:57:49,597 INFO o.a.j.t.JMeterThread: Thread started: Thread Group 1-41
2020-05-09 09:57:49,843 INFO o.a.j.t.JMeterThread: Thread started: Thread Group 1-42
2020-05-09 09:57:50,094 INFO o.a.j.t.JMeterThread: Thread started: Thread Group 1-43
2020-05-09 09:57:50,344 INFO o.a.j.t.JMeterThread: Thread started: Thread Group 1-44
2020-05-09 09:57:50,593 INFO o.a.j.t.JMeterThread: Thread started: Thread Group 1-45
2020-05-09 09:57:50,844 INFO o.a.j.t.JMeterThread: Thread started: Thread Group 1-46
2020-05-09 09:57:51,219 INFO o.a.j.t.JMeterThread: Thread started: Thread Group 1-47
2020-05-09 09:57:51,342 INFO o.a.j.t.JMeterThread: Thread started: Thread Group 1-48
2020-05-09 09:57:51,594 INFO o.a.j.t.JMeterThread: Thread started: Thread Group 1-49
2020-05-09 09:57:51,844 INFO o.a.j.t.JMeterThread: Thread started: Thread Group 1-50
2020-05-09 09:57:52,092 INFO o.a.j.t.JMeterThread: Thread started: Thread Group 1-51
2020-05-09 09:57:52,342 INFO o.a.j.t.JMeterThread: Thread started: Thread Group 1-52
2020-05-09 09:57:52,594 INFO o.a.j.t.JMeterThread: Thread started: Thread Group 1-53
2020-05-09 09:57:52,843 INFO o.a.j.t.JMeterThread: Thread started: Thread Group 1-54
2020-05-09 09:57:53,092 INFO o.a.j.t.JMeterThread: Thread started: Thread Group 1-55
2020-05-09 09:57:53,343 INFO o.a.j.t.JMeterThread: Thread started: Thread Group 1-56
2020-05-09 09:57:53,595 INFO o.a.j.t.JMeterThread: Thread started: Thread Group 1-57
2020-05-09 09:57:53,844 INFO o.a.j.t.JMeterThread: Thread started: Thread Group 1-58
2020-05-09 09:57:54,092 INFO o.a.j.t.JMeterThread: Thread started: Thread Group 1-59
2020-05-09 09:57:54,348 INFO o.a.j.t.JMeterThread: Thread started: Thread Group 1-60
2020-05-09 09:57:54,593 INFO o.a.j.t.JMeterThread: Thread started: Thread Group 1-61
2020-05-09 09:57:54,843 INFO o.a.j.t.JMeterThread: Thread started: Thread Group 1-62
2020-05-09 09:57:55,092 INFO o.a.j.t.JMeterThread: Thread started: Thread Group 1-63
2020-05-09 09:57:55,343 INFO o.a.j.t.JMeterThread: Thread started: Thread Group 1-64
2020-05-09 09:57:55,593 INFO o.a.j.t.JMeterThread: Thread started: Thread Group 1-65
2020-05-09 09:57:55,843 INFO o.a.j.t.JMeterThread: Thread started: Thread Group 1-66
2020-05-09 09:57:56,094 INFO o.a.j.t.JMeterThread: Thread started: Thread Group 1-67
2020-05-09 09:57:56,358 INFO o.a.j.t.JMeterThread: Thread started: Thread Group 1-68
2020-05-09 09:57:56,593 INFO o.a.j.t.JMeterThread: Thread started: Thread Group 1-69
2020-05-09 09:57:56,930 INFO o.a.j.t.JMeterThread: Thread started: Thread Group 1-70
2020-05-09 09:57:57,092 INFO o.a.j.t.JMeterThread: Thread started: Thread Group 1-71
2020-05-09 09:57:57,344 INFO o.a.j.t.JMeterThread: Thread started: Thread Group 1-72
2020-05-09 09:57:57,593 INFO o.a.j.t.JMeterThread: Thread started: Thread Group 1-73
2020-05-09 09:57:57,853 INFO o.a.j.t.JMeterThread: Thread started: Thread Group 1-74
2020-05-09 09:57:58,093 INFO o.a.j.t.JMeterThread: Thread started: Thread Group 1-75
2020-05-09 09:57:58,350 INFO o.a.j.t.JMeterThread: Thread started: Thread Group 1-76
2020-05-09 09:57:58,594 INFO o.a.j.t.JMeterThread: Thread started: Thread Group 1-77
2020-05-09 09:57:58,848 INFO o.a.j.t.JMeterThread: Thread started: Thread Group 1-78
2020-05-09 09:57:59,097 INFO o.a.j.t.JMeterThread: Thread started: Thread Group 1-79
2020-05-09 09:57:59,344 INFO o.a.j.t.JMeterThread: Thread started: Thread Group 1-80
2020-05-09 09:58:00,064 INFO o.a.j.r.Summariser: summary +    542 in 00:00:21 =   26.4/s Avg:   996 Min:    33 Max: 11066 Err:     0 (0.00%) Active: 80 Started: 80 Finished: 0
2020-05-09 09:58:30,030 INFO o.a.j.r.Summariser: summary +    715 in 00:00:30 =   23.9/s Avg:  3022 Min:   119 Max: 24413 Err:     0 (0.00%) Active: 80 Started: 80 Finished: 0
2020-05-09 09:58:30,031 INFO o.a.j.r.Summariser: summary =   1257 in 00:00:51 =   24.9/s Avg:  2149 Min:    33 Max: 24413 Err:     0 (0.00%)
2020-05-09 09:59:00,011 INFO o.a.j.r.Summariser: summary +    712 in 00:00:30 =   23.7/s Avg:  3226 Min:   194 Max: 26966 Err:     0 (0.00%) Active: 80 Started: 80 Finished: 0
2020-05-09 09:59:00,011 INFO o.a.j.r.Summariser: summary =   1969 in 00:01:21 =   24.5/s Avg:  2538 Min:    33 Max: 26966 Err:     0 (0.00%)
2020-05-09 09:59:30,019 INFO o.a.j.r.Summariser: summary +    728 in 00:00:30 =   24.3/s Avg:  3492 Min:   156 Max: 35592 Err:     0 (0.00%) Active: 80 Started: 80 Finished: 0
2020-05-09 09:59:30,020 INFO o.a.j.r.Summariser: summary =   2697 in 00:01:51 =   24.4/s Avg:  2796 Min:    33 Max: 35592 Err:     0 (0.00%)
2020-05-09 10:00:00,055 INFO o.a.j.r.Summariser: summary +    780 in 00:00:30 =   26.0/s Avg:  2979 Min:   126 Max: 26310 Err:     0 (0.00%) Active: 80 Started: 80 Finished: 0
2020-05-09 10:00:00,056 INFO o.a.j.r.Summariser: summary =   3477 in 00:02:21 =   24.7/s Avg:  2837 Min:    33 Max: 35592 Err:     0 (0.00%)
2020-05-09 10:00:30,008 INFO o.a.j.r.Summariser: summary +    813 in 00:00:30 =   27.1/s Avg:  2849 Min:   163 Max: 25130 Err:     0 (0.00%) Active: 80 Started: 80 Finished: 0
2020-05-09 10:00:30,009 INFO o.a.j.r.Summariser: summary =   4290 in 00:02:51 =   25.2/s Avg:  2839 Min:    33 Max: 35592 Err:     0 (0.00%)
2020-05-09 10:01:00,061 INFO o.a.j.r.Summariser: summary +    843 in 00:00:30 =   28.1/s Avg:  2997 Min:    99 Max: 22823 Err:     0 (0.00%) Active: 80 Started: 80 Finished: 0
2020-05-09 10:01:00,062 INFO o.a.j.r.Summariser: summary =   5133 in 00:03:21 =   25.6/s Avg:  2865 Min:    33 Max: 35592 Err:     0 (0.00%)
2020-05-09 10:01:30,017 INFO o.a.j.r.Summariser: summary +    781 in 00:00:30 =   26.1/s Avg:  2940 Min:    66 Max: 27311 Err:     0 (0.00%) Active: 80 Started: 80 Finished: 0
2020-05-09 10:01:30,017 INFO o.a.j.r.Summariser: summary =   5914 in 00:03:51 =   25.7/s Avg:  2875 Min:    33 Max: 35592 Err:     0 (0.00%)
2020-05-09 10:02:00,013 INFO o.a.j.r.Summariser: summary +    772 in 00:00:30 =   25.7/s Avg:  3234 Min:   182 Max: 27147 Err:     0 (0.00%) Active: 80 Started: 80 Finished: 0
2020-05-09 10:02:00,014 INFO o.a.j.r.Summariser: summary =   6686 in 00:04:21 =   25.7/s Avg:  2916 Min:    33 Max: 35592 Err:     0 (0.00%)
2020-05-09 10:02:30,020 INFO o.a.j.r.Summariser: summary +    845 in 00:00:30 =   28.2/s Avg:  2924 Min:    90 Max: 27362 Err:     0 (0.00%) Active: 80 Started: 80 Finished: 0
2020-05-09 10:02:30,021 INFO o.a.j.r.Summariser: summary =   7531 in 00:04:51 =   25.9/s Avg:  2917 Min:    33 Max: 35592 Err:     0 (0.00%)
2020-05-09 10:03:00,055 INFO o.a.j.r.Summariser: summary +    679 in 00:00:30 =   22.6/s Avg:  3311 Min:   141 Max: 31307 Err:     0 (0.00%) Active: 80 Started: 80 Finished: 0
2020-05-09 10:03:00,056 INFO o.a.j.r.Summariser: summary =   8210 in 00:05:21 =   25.6/s Avg:  2950 Min:    33 Max: 35592 Err:     0 (0.00%)
2020-05-09 10:03:30,007 INFO o.a.j.r.Summariser: summary +    798 in 00:00:30 =   26.6/s Avg:  3008 Min:   138 Max: 31821 Err:     0 (0.00%) Active: 80 Started: 80 Finished: 0
2020-05-09 10:03:30,007 INFO o.a.j.r.Summariser: summary =   9008 in 00:05:51 =   25.7/s Avg:  2955 Min:    33 Max: 35592 Err:     0 (0.00%)
2020-05-09 10:04:00,005 INFO o.a.j.r.Summariser: summary +    781 in 00:00:30 =   26.0/s Avg:  3110 Min:   121 Max: 31484 Err:     0 (0.00%) Active: 80 Started: 80 Finished: 0
2020-05-09 10:04:00,007 INFO o.a.j.r.Summariser: summary =   9789 in 00:06:21 =   25.7/s Avg:  2967 Min:    33 Max: 35592 Err:     0 (0.00%)
2020-05-09 10:04:30,056 INFO o.a.j.r.Summariser: summary +    837 in 00:00:30 =   27.9/s Avg:  3016 Min:   130 Max: 29916 Err:     0 (0.00%) Active: 80 Started: 80 Finished: 0
2020-05-09 10:04:30,057 INFO o.a.j.r.Summariser: summary =  10626 in 00:06:51 =   25.9/s Avg:  2971 Min:    33 Max: 35592 Err:     0 (0.00%)
2020-05-09 10:05:00,011 INFO o.a.j.r.Summariser: summary +    763 in 00:00:30 =   25.5/s Avg:  2989 Min:   165 Max: 26510 Err:     0 (0.00%) Active: 80 Started: 80 Finished: 0
2020-05-09 10:05:00,011 INFO o.a.j.r.Summariser: summary =  11389 in 00:07:21 =   25.9/s Avg:  2972 Min:    33 Max: 35592 Err:     0 (0.00%)
2020-05-09 10:05:30,052 INFO o.a.j.r.Summariser: summary +    705 in 00:00:30 =   23.5/s Avg:  3386 Min:   202 Max: 33690 Err:     0 (0.00%) Active: 80 Started: 80 Finished: 0
2020-05-09 10:05:30,053 INFO o.a.j.r.Summariser: summary =  12094 in 00:07:51 =   25.7/s Avg:  2996 Min:    33 Max: 35592 Err:     0 (0.00%)
2020-05-09 10:06:00,069 INFO o.a.j.r.Summariser: summary +    821 in 00:00:30 =   27.4/s Avg:  2959 Min:   128 Max: 28253 Err:     0 (0.00%) Active: 80 Started: 80 Finished: 0
2020-05-09 10:06:00,070 INFO o.a.j.r.Summariser: summary =  12915 in 00:08:21 =   25.8/s Avg:  2994 Min:    33 Max: 35592 Err:     0 (0.00%)
2020-05-09 10:06:30,039 INFO o.a.j.r.Summariser: summary +    819 in 00:00:30 =   27.3/s Avg:  2992 Min:   130 Max: 30414 Err:     0 (0.00%) Active: 80 Started: 80 Finished: 0
2020-05-09 10:06:30,039 INFO o.a.j.r.Summariser: summary =  13734 in 00:08:51 =   25.9/s Avg:  2994 Min:    33 Max: 35592 Err:     0 (0.00%)
2020-05-09 10:07:00,004 INFO o.a.j.r.Summariser: summary +    741 in 00:00:30 =   24.7/s Avg:  3178 Min:   150 Max: 33481 Err:     0 (0.00%) Active: 80 Started: 80 Finished: 0
2020-05-09 10:07:00,005 INFO o.a.j.r.Summariser: summary =  14475 in 00:09:21 =   25.8/s Avg:  3003 Min:    33 Max: 35592 Err:     0 (0.00%)
2020-05-09 10:07:30,144 INFO o.a.j.r.Summariser: summary +    845 in 00:00:30 =   28.0/s Avg:  2854 Min:   130 Max: 22856 Err:     0 (0.00%) Active: 80 Started: 80 Finished: 0
2020-05-09 10:07:30,145 INFO o.a.j.r.Summariser: summary =  15320 in 00:09:51 =   25.9/s Avg:  2995 Min:    33 Max: 35592 Err:     0 (0.00%)
2020-05-09 10:07:59,775 INFO o.a.j.t.JMeterThread: Stopping because end time detected by thread: Thread Group 1-10
2020-05-09 10:07:59,775 INFO o.a.j.t.JMeterThread: Thread finished: Thread Group 1-10
2020-05-09 10:07:59,830 INFO o.a.j.t.JMeterThread: Stopping because end time detected by thread: Thread Group 1-44
2020-05-09 10:07:59,830 INFO o.a.j.t.JMeterThread: Thread finished: Thread Group 1-44
2020-05-09 10:07:59,932 INFO o.a.j.t.JMeterThread: Stopping because end time detected by thread: Thread Group 1-58
2020-05-09 10:07:59,932 INFO o.a.j.t.JMeterThread: Thread finished: Thread Group 1-58
2020-05-09 10:07:59,987 INFO o.a.j.t.JMeterThread: Stopping because end time detected by thread: Thread Group 1-64
2020-05-09 10:07:59,987 INFO o.a.j.t.JMeterThread: Thread finished: Thread Group 1-64
2020-05-09 10:07:59,990 INFO o.a.j.t.JMeterThread: Stopping because end time detected by thread: Thread Group 1-40
2020-05-09 10:07:59,990 INFO o.a.j.t.JMeterThread: Thread finished: Thread Group 1-40
2020-05-09 10:07:59,996 INFO o.a.j.t.JMeterThread: Stopping because end time detected by thread: Thread Group 1-28
2020-05-09 10:07:59,996 INFO o.a.j.t.JMeterThread: Thread finished: Thread Group 1-28
2020-05-09 10:08:00,002 INFO o.a.j.r.Summariser: summary +    765 in 00:00:30 =   25.6/s Avg:  3250 Min:   128 Max: 29206 Err:     0 (0.00%) Active: 74 Started: 80 Finished: 6
2020-05-09 10:08:00,003 INFO o.a.j.r.Summariser: summary =  16085 in 00:10:21 =   25.9/s Avg:  3007 Min:    33 Max: 35592 Err:     0 (0.00%)
2020-05-09 10:08:00,003 INFO o.a.j.t.JMeterThread: Stopping because end time detected by thread: Thread Group 1-50
2020-05-09 10:08:00,003 INFO o.a.j.t.JMeterThread: Thread finished: Thread Group 1-50
2020-05-09 10:08:00,074 INFO o.a.j.t.JMeterThread: Stopping because end time detected by thread: Thread Group 1-9
2020-05-09 10:08:00,074 INFO o.a.j.t.JMeterThread: Thread finished: Thread Group 1-9
2020-05-09 10:08:00,105 INFO o.a.j.t.JMeterThread: Stopping because end time detected by thread: Thread Group 1-79
2020-05-09 10:08:00,106 INFO o.a.j.t.JMeterThread: Thread finished: Thread Group 1-79
2020-05-09 10:08:00,114 INFO o.a.j.t.JMeterThread: Stopping because end time detected by thread: Thread Group 1-53
2020-05-09 10:08:00,114 INFO o.a.j.t.JMeterThread: Thread finished: Thread Group 1-53
2020-05-09 10:08:00,160 INFO o.a.j.t.JMeterThread: Stopping because end time detected by thread: Thread Group 1-27
2020-05-09 10:08:00,160 INFO o.a.j.t.JMeterThread: Thread finished: Thread Group 1-27
2020-05-09 10:08:00,248 INFO o.a.j.t.JMeterThread: Stopping because end time detected by thread: Thread Group 1-67
2020-05-09 10:08:00,248 INFO o.a.j.t.JMeterThread: Thread finished: Thread Group 1-67
2020-05-09 10:08:00,444 INFO o.a.j.t.JMeterThread: Stopping because end time detected by thread: Thread Group 1-62
2020-05-09 10:08:00,445 INFO o.a.j.t.JMeterThread: Thread finished: Thread Group 1-62
2020-05-09 10:08:00,467 INFO o.a.j.t.JMeterThread: Stopping because end time detected by thread: Thread Group 1-31
2020-05-09 10:08:00,468 INFO o.a.j.t.JMeterThread: Thread finished: Thread Group 1-31
2020-05-09 10:08:00,561 INFO o.a.j.t.JMeterThread: Stopping because end time detected by thread: Thread Group 1-11
2020-05-09 10:08:00,562 INFO o.a.j.t.JMeterThread: Thread finished: Thread Group 1-11
2020-05-09 10:08:00,661 INFO o.a.j.t.JMeterThread: Stopping because end time detected by thread: Thread Group 1-74
2020-05-09 10:08:00,662 INFO o.a.j.t.JMeterThread: Thread finished: Thread Group 1-74
2020-05-09 10:08:00,690 INFO o.a.j.t.JMeterThread: Stopping because end time detected by thread: Thread Group 1-1
2020-05-09 10:08:00,691 INFO o.a.j.t.JMeterThread: Thread finished: Thread Group 1-1
2020-05-09 10:08:01,023 INFO o.a.j.t.JMeterThread: Stopping because end time detected by thread: Thread Group 1-30
2020-05-09 10:08:01,024 INFO o.a.j.t.JMeterThread: Thread finished: Thread Group 1-30
2020-05-09 10:08:01,169 INFO o.a.j.t.JMeterThread: Stopping because end time detected by thread: Thread Group 1-18
2020-05-09 10:08:01,169 INFO o.a.j.t.JMeterThread: Thread finished: Thread Group 1-18
2020-05-09 10:08:01,760 INFO o.a.j.t.JMeterThread: Stopping because end time detected by thread: Thread Group 1-42
2020-05-09 10:08:01,760 INFO o.a.j.t.JMeterThread: Thread finished: Thread Group 1-42
2020-05-09 10:08:01,982 INFO o.a.j.t.JMeterThread: Stopping because end time detected by thread: Thread Group 1-59
2020-05-09 10:08:01,982 INFO o.a.j.t.JMeterThread: Thread finished: Thread Group 1-59
2020-05-09 10:08:02,096 INFO o.a.j.t.JMeterThread: Stopping because end time detected by thread: Thread Group 1-7
2020-05-09 10:08:02,096 INFO o.a.j.t.JMeterThread: Thread finished: Thread Group 1-7
2020-05-09 10:08:02,177 INFO o.a.j.t.JMeterThread: Stopping because end time detected by thread: Thread Group 1-51
2020-05-09 10:08:02,177 INFO o.a.j.t.JMeterThread: Thread finished: Thread Group 1-51
2020-05-09 10:08:02,301 INFO o.a.j.t.JMeterThread: Stopping because end time detected by thread: Thread Group 1-65
2020-05-09 10:08:02,301 INFO o.a.j.t.JMeterThread: Thread finished: Thread Group 1-65
2020-05-09 10:08:02,372 INFO o.a.j.t.JMeterThread: Stopping because end time detected by thread: Thread Group 1-75
2020-05-09 10:08:02,372 INFO o.a.j.t.JMeterThread: Thread finished: Thread Group 1-75
2020-05-09 10:08:02,620 INFO o.a.j.t.JMeterThread: Stopping because end time detected by thread: Thread Group 1-26
2020-05-09 10:08:02,620 INFO o.a.j.t.JMeterThread: Thread finished: Thread Group 1-26
2020-05-09 10:08:02,688 INFO o.a.j.t.JMeterThread: Stopping because end time detected by thread: Thread Group 1-43
2020-05-09 10:08:02,689 INFO o.a.j.t.JMeterThread: Thread finished: Thread Group 1-43
2020-05-09 10:08:02,799 INFO o.a.j.t.JMeterThread: Stopping because end time detected by thread: Thread Group 1-38
2020-05-09 10:08:02,799 INFO o.a.j.t.JMeterThread: Thread finished: Thread Group 1-38
2020-05-09 10:08:02,957 INFO o.a.j.t.JMeterThread: Stopping because end time detected by thread: Thread Group 1-70
2020-05-09 10:08:02,958 INFO o.a.j.t.JMeterThread: Thread finished: Thread Group 1-70
2020-05-09 10:08:03,040 INFO o.a.j.t.JMeterThread: Stopping because end time detected by thread: Thread Group 1-36
2020-05-09 10:08:03,041 INFO o.a.j.t.JMeterThread: Thread finished: Thread Group 1-36
2020-05-09 10:08:03,046 INFO o.a.j.t.JMeterThread: Stopping because end time detected by thread: Thread Group 1-71
2020-05-09 10:08:03,047 INFO o.a.j.t.JMeterThread: Thread finished: Thread Group 1-71
2020-05-09 10:08:03,497 INFO o.a.j.t.JMeterThread: Stopping because end time detected by thread: Thread Group 1-55
2020-05-09 10:08:03,497 INFO o.a.j.t.JMeterThread: Thread finished: Thread Group 1-55
2020-05-09 10:08:03,532 INFO o.a.j.t.JMeterThread: Stopping because end time detected by thread: Thread Group 1-8
2020-05-09 10:08:03,533 INFO o.a.j.t.JMeterThread: Thread finished: Thread Group 1-8
2020-05-09 10:08:03,934 INFO o.a.j.t.JMeterThread: Stopping because end time detected by thread: Thread Group 1-61
2020-05-09 10:08:03,935 INFO o.a.j.t.JMeterThread: Thread finished: Thread Group 1-61
2020-05-09 10:08:04,035 INFO o.a.j.t.JMeterThread: Stopping because end time detected by thread: Thread Group 1-4
2020-05-09 10:08:04,035 INFO o.a.j.t.JMeterThread: Thread finished: Thread Group 1-4
2020-05-09 10:08:04,048 INFO o.a.j.t.JMeterThread: Stopping because end time detected by thread: Thread Group 1-54
2020-05-09 10:08:04,048 INFO o.a.j.t.JMeterThread: Thread finished: Thread Group 1-54
2020-05-09 10:08:04,171 INFO o.a.j.t.JMeterThread: Stopping because end time detected by thread: Thread Group 1-17
2020-05-09 10:08:04,172 INFO o.a.j.t.JMeterThread: Thread finished: Thread Group 1-17
2020-05-09 10:08:04,377 INFO o.a.j.t.JMeterThread: Stopping because end time detected by thread: Thread Group 1-69
2020-05-09 10:08:04,377 INFO o.a.j.t.JMeterThread: Thread finished: Thread Group 1-69
2020-05-09 10:08:04,404 INFO o.a.j.t.JMeterThread: Stopping because end time detected by thread: Thread Group 1-56
2020-05-09 10:08:04,405 INFO o.a.j.t.JMeterThread: Thread finished: Thread Group 1-56
2020-05-09 10:08:04,592 INFO o.a.j.t.JMeterThread: Stopping because end time detected by thread: Thread Group 1-60
2020-05-09 10:08:04,592 INFO o.a.j.t.JMeterThread: Thread finished: Thread Group 1-60
2020-05-09 10:08:04,675 INFO o.a.j.t.JMeterThread: Stopping because end time detected by thread: Thread Group 1-35
2020-05-09 10:08:04,676 INFO o.a.j.t.JMeterThread: Thread finished: Thread Group 1-35
2020-05-09 10:08:04,796 INFO o.a.j.t.JMeterThread: Stopping because end time detected by thread: Thread Group 1-77
2020-05-09 10:08:04,796 INFO o.a.j.t.JMeterThread: Thread finished: Thread Group 1-77
2020-05-09 10:08:05,130 INFO o.a.j.t.JMeterThread: Stopping because end time detected by thread: Thread Group 1-66
2020-05-09 10:08:05,130 INFO o.a.j.t.JMeterThread: Thread finished: Thread Group 1-66
2020-05-09 10:08:05,255 INFO o.a.j.t.JMeterThread: Stopping because end time detected by thread: Thread Group 1-76
2020-05-09 10:08:05,256 INFO o.a.j.t.JMeterThread: Thread finished: Thread Group 1-76
2020-05-09 10:08:05,331 INFO o.a.j.t.JMeterThread: Stopping because end time detected by thread: Thread Group 1-48
2020-05-09 10:08:05,331 INFO o.a.j.t.JMeterThread: Thread finished: Thread Group 1-48
2020-05-09 10:08:05,407 INFO o.a.j.t.JMeterThread: Stopping because end time detected by thread: Thread Group 1-6
2020-05-09 10:08:05,407 INFO o.a.j.t.JMeterThread: Stopping because end time detected by thread: Thread Group 1-20
2020-05-09 10:08:05,407 INFO o.a.j.t.JMeterThread: Thread finished: Thread Group 1-6
2020-05-09 10:08:05,407 INFO o.a.j.t.JMeterThread: Thread finished: Thread Group 1-20
2020-05-09 10:08:05,415 INFO o.a.j.t.JMeterThread: Stopping because end time detected by thread: Thread Group 1-13
2020-05-09 10:08:05,415 INFO o.a.j.t.JMeterThread: Thread finished: Thread Group 1-13
2020-05-09 10:08:05,467 INFO o.a.j.t.JMeterThread: Stopping because end time detected by thread: Thread Group 1-49
2020-05-09 10:08:05,468 INFO o.a.j.t.JMeterThread: Thread finished: Thread Group 1-49
2020-05-09 10:08:05,508 INFO o.a.j.t.JMeterThread: Stopping because end time detected by thread: Thread Group 1-33
2020-05-09 10:08:05,508 INFO o.a.j.t.JMeterThread: Thread finished: Thread Group 1-33
2020-05-09 10:08:05,562 INFO o.a.j.t.JMeterThread: Stopping because end time detected by thread: Thread Group 1-72
2020-05-09 10:08:05,562 INFO o.a.j.t.JMeterThread: Thread finished: Thread Group 1-72
2020-05-09 10:08:05,612 INFO o.a.j.t.JMeterThread: Stopping because end time detected by thread: Thread Group 1-47
2020-05-09 10:08:05,612 INFO o.a.j.t.JMeterThread: Thread finished: Thread Group 1-47
2020-05-09 10:08:05,759 INFO o.a.j.t.JMeterThread: Stopping because end time detected by thread: Thread Group 1-32
2020-05-09 10:08:05,759 INFO o.a.j.t.JMeterThread: Thread finished: Thread Group 1-32
2020-05-09 10:08:05,824 INFO o.a.j.t.JMeterThread: Stopping because end time detected by thread: Thread Group 1-15
2020-05-09 10:08:05,824 INFO o.a.j.t.JMeterThread: Thread finished: Thread Group 1-15
2020-05-09 10:08:05,825 INFO o.a.j.t.JMeterThread: Stopping because end time detected by thread: Thread Group 1-39
2020-05-09 10:08:05,825 INFO o.a.j.t.JMeterThread: Thread finished: Thread Group 1-39
2020-05-09 10:08:05,925 INFO o.a.j.t.JMeterThread: Stopping because end time detected by thread: Thread Group 1-78
2020-05-09 10:08:05,925 INFO o.a.j.t.JMeterThread: Thread finished: Thread Group 1-78
2020-05-09 10:08:06,169 INFO o.a.j.t.JMeterThread: Stopping because end time detected by thread: Thread Group 1-25
2020-05-09 10:08:06,169 INFO o.a.j.t.JMeterThread: Thread finished: Thread Group 1-25
2020-05-09 10:08:06,243 INFO o.a.j.t.JMeterThread: Stopping because end time detected by thread: Thread Group 1-3
2020-05-09 10:08:06,243 INFO o.a.j.t.JMeterThread: Thread finished: Thread Group 1-3
2020-05-09 10:08:06,249 INFO o.a.j.t.JMeterThread: Stopping because end time detected by thread: Thread Group 1-16
2020-05-09 10:08:06,250 INFO o.a.j.t.JMeterThread: Thread finished: Thread Group 1-16
2020-05-09 10:08:06,319 INFO o.a.j.t.JMeterThread: Stopping because end time detected by thread: Thread Group 1-12
2020-05-09 10:08:06,320 INFO o.a.j.t.JMeterThread: Thread finished: Thread Group 1-12
2020-05-09 10:08:06,375 INFO o.a.j.t.JMeterThread: Stopping because end time detected by thread: Thread Group 1-73
2020-05-09 10:08:06,375 INFO o.a.j.t.JMeterThread: Thread finished: Thread Group 1-73
2020-05-09 10:08:06,414 INFO o.a.j.t.JMeterThread: Stopping because end time detected by thread: Thread Group 1-80
2020-05-09 10:08:06,414 INFO o.a.j.t.JMeterThread: Thread finished: Thread Group 1-80
2020-05-09 10:08:06,494 INFO o.a.j.t.JMeterThread: Stopping because end time detected by thread: Thread Group 1-24
2020-05-09 10:08:06,494 INFO o.a.j.t.JMeterThread: Thread finished: Thread Group 1-24
2020-05-09 10:08:06,497 INFO o.a.j.t.JMeterThread: Stopping because end time detected by thread: Thread Group 1-37
2020-05-09 10:08:06,497 INFO o.a.j.t.JMeterThread: Thread finished: Thread Group 1-37
2020-05-09 10:08:06,503 INFO o.a.j.t.JMeterThread: Stopping because end time detected by thread: Thread Group 1-5
2020-05-09 10:08:06,503 INFO o.a.j.t.JMeterThread: Thread finished: Thread Group 1-5
2020-05-09 10:08:06,525 INFO o.a.j.t.JMeterThread: Stopping because end time detected by thread: Thread Group 1-29
2020-05-09 10:08:06,526 INFO o.a.j.t.JMeterThread: Thread finished: Thread Group 1-29
2020-05-09 10:08:06,570 INFO o.a.j.t.JMeterThread: Stopping because end time detected by thread: Thread Group 1-63
2020-05-09 10:08:06,570 INFO o.a.j.t.JMeterThread: Thread finished: Thread Group 1-63
2020-05-09 10:08:06,588 INFO o.a.j.t.JMeterThread: Stopping because end time detected by thread: Thread Group 1-23
2020-05-09 10:08:06,588 INFO o.a.j.t.JMeterThread: Thread finished: Thread Group 1-23
2020-05-09 10:08:06,602 INFO o.a.j.t.JMeterThread: Stopping because end time detected by thread: Thread Group 1-46
2020-05-09 10:08:06,602 INFO o.a.j.t.JMeterThread: Thread finished: Thread Group 1-46
2020-05-09 10:08:06,643 INFO o.a.j.t.JMeterThread: Stopping because end time detected by thread: Thread Group 1-52
2020-05-09 10:08:06,643 INFO o.a.j.t.JMeterThread: Thread finished: Thread Group 1-52
2020-05-09 10:08:06,652 INFO o.a.j.t.JMeterThread: Stopping because end time detected by thread: Thread Group 1-2
2020-05-09 10:08:06,653 INFO o.a.j.t.JMeterThread: Thread finished: Thread Group 1-2
2020-05-09 10:08:06,659 INFO o.a.j.t.JMeterThread: Stopping because end time detected by thread: Thread Group 1-41
2020-05-09 10:08:06,659 INFO o.a.j.t.JMeterThread: Thread finished: Thread Group 1-41
2020-05-09 10:08:06,720 INFO o.a.j.t.JMeterThread: Stopping because end time detected by thread: Thread Group 1-21
2020-05-09 10:08:06,720 INFO o.a.j.t.JMeterThread: Thread finished: Thread Group 1-21
2020-05-09 10:08:06,782 INFO o.a.j.t.JMeterThread: Stopping because end time detected by thread: Thread Group 1-45
2020-05-09 10:08:06,782 INFO o.a.j.t.JMeterThread: Thread finished: Thread Group 1-45
2020-05-09 10:08:06,791 INFO o.a.j.t.JMeterThread: Stopping because end time detected by thread: Thread Group 1-68
2020-05-09 10:08:06,791 INFO o.a.j.t.JMeterThread: Thread finished: Thread Group 1-68
2020-05-09 10:08:06,814 INFO o.a.j.t.JMeterThread: Stopping because end time detected by thread: Thread Group 1-34
2020-05-09 10:08:06,814 INFO o.a.j.t.JMeterThread: Thread finished: Thread Group 1-34
2020-05-09 10:08:06,868 INFO o.a.j.t.JMeterThread: Stopping because end time detected by thread: Thread Group 1-19
2020-05-09 10:08:06,868 INFO o.a.j.t.JMeterThread: Thread finished: Thread Group 1-19
2020-05-09 10:08:06,944 INFO o.a.j.t.JMeterThread: Stopping because end time detected by thread: Thread Group 1-22
2020-05-09 10:08:06,944 INFO o.a.j.t.JMeterThread: Thread finished: Thread Group 1-22
2020-05-09 10:08:06,989 INFO o.a.j.t.JMeterThread: Stopping because end time detected by thread: Thread Group 1-14
2020-05-09 10:08:06,989 INFO o.a.j.t.JMeterThread: Thread finished: Thread Group 1-14
2020-05-09 10:08:07,192 INFO o.a.j.t.JMeterThread: Stopping because end time detected by thread: Thread Group 1-57
2020-05-09 10:08:07,193 INFO o.a.j.t.JMeterThread: Thread finished: Thread Group 1-57
2020-05-09 10:08:07,193 INFO o.a.j.e.StandardJMeterEngine: Notifying test listeners of end of test
2020-05-09 10:08:07,196 INFO o.a.j.r.Summariser: summary +     73 in 00:00:07 =   10.1/s Avg: 10618 Min:   322 Max: 20365 Err:     0 (0.00%) Active: 0 Started: 80 Finished: 80
2020-05-09 10:08:07,198 INFO o.a.j.r.Summariser: summary =  16158 in 00:10:28 =   25.7/s Avg:  3042 Min:    33 Max: 35592 Err:     0 (0.00%)
