2020-05-09 10:08:09,451 INFO o.a.j.u.JMeterUtils: Setting Locale to en_US
2020-05-09 10:08:09,482 INFO o.a.j.JMeter: Loading user properties from: /home/pablo/jmeter/bin/user.properties
2020-05-09 10:08:09,483 INFO o.a.j.JMeter: Loading system properties from: /home/pablo/jmeter/bin/system.properties
2020-05-09 10:08:09,484 INFO o.a.j.JMeter: Setting System property: HILOS=160
2020-05-09 10:08:09,484 INFO o.a.j.JMeter: Setting System property: SUBIDA=25
2020-05-09 10:08:09,485 INFO o.a.j.JMeter: Setting System property: DURACION=625
2020-05-09 10:08:09,485 INFO o.a.j.JMeter: Setting System property: FILE=scriptresultsPerfmon160.jtl
2020-05-09 10:08:09,488 INFO o.a.j.JMeter: Copyright (c) 1998-2019 The Apache Software Foundation
2020-05-09 10:08:09,488 INFO o.a.j.JMeter: Version 5.2.1
2020-05-09 10:08:09,489 INFO o.a.j.JMeter: java.version=1.8.0_201
2020-05-09 10:08:09,489 INFO o.a.j.JMeter: java.vm.name=Java HotSpot(TM) 64-Bit Server VM
2020-05-09 10:08:09,489 INFO o.a.j.JMeter: os.name=Linux
2020-05-09 10:08:09,489 INFO o.a.j.JMeter: os.arch=amd64
2020-05-09 10:08:09,490 INFO o.a.j.JMeter: os.version=4.15.0-99-generic
2020-05-09 10:08:09,490 INFO o.a.j.JMeter: file.encoding=UTF-8
2020-05-09 10:08:09,490 INFO o.a.j.JMeter: java.awt.headless=true
2020-05-09 10:08:09,491 INFO o.a.j.JMeter: Max memory     =732954624
2020-05-09 10:08:09,491 INFO o.a.j.JMeter: Available Processors =4
2020-05-09 10:08:09,498 INFO o.a.j.JMeter: Default Locale=English (United States)
2020-05-09 10:08:09,499 INFO o.a.j.JMeter: JMeter  Locale=English (United States)
2020-05-09 10:08:09,499 INFO o.a.j.JMeter: JMeterHome=/home/pablo/jmeter
2020-05-09 10:08:09,500 INFO o.a.j.JMeter: user.dir  =/home/pablo/jmeter/bin/EJECUCIONES/P3_V3
2020-05-09 10:08:09,500 INFO o.a.j.JMeter: PWD       =/home/pablo/jmeter/bin/EJECUCIONES/P3_V3
2020-05-09 10:08:09,501 INFO o.a.j.JMeter: IP: 127.0.1.1 Name: hylianpablo FullName: hylianpablo
2020-05-09 10:08:09,510 INFO o.a.j.s.FileServer: Default base='/home/pablo/jmeter/bin/EJECUCIONES/P3_V3'
2020-05-09 10:08:09,519 INFO o.a.j.s.FileServer: Set new base='/home/pablo/jmeter/bin/EJECUCIONES/P3_V3/..'
2020-05-09 10:08:09,799 INFO o.a.j.s.SaveService: Testplan (JMX) version: 2.2. Testlog (JTL) version: 2.2
2020-05-09 10:08:09,817 INFO o.a.j.s.SaveService: Using SaveService properties file encoding UTF-8
2020-05-09 10:08:09,830 INFO o.a.j.s.SaveService: Using SaveService properties version 5.0
2020-05-09 10:08:09,848 INFO o.a.j.s.SaveService: Loading file: ../RecordP3_V2.jmx
2020-05-09 10:08:09,924 INFO o.a.j.p.h.c.CookieManager: Settings: Delete null: true Check: true Allow variable: true Save: false Prefix: COOKIE_
2020-05-09 10:08:09,970 INFO o.a.j.p.h.s.HTTPSamplerBase: Parser for text/html is org.apache.jmeter.protocol.http.parser.LagartoBasedHtmlParser
2020-05-09 10:08:09,970 INFO o.a.j.p.h.s.HTTPSamplerBase: Parser for application/xhtml+xml is org.apache.jmeter.protocol.http.parser.LagartoBasedHtmlParser
2020-05-09 10:08:09,970 INFO o.a.j.p.h.s.HTTPSamplerBase: Parser for application/xml is org.apache.jmeter.protocol.http.parser.LagartoBasedHtmlParser
2020-05-09 10:08:09,971 INFO o.a.j.p.h.s.HTTPSamplerBase: Parser for text/xml is org.apache.jmeter.protocol.http.parser.LagartoBasedHtmlParser
2020-05-09 10:08:09,971 INFO o.a.j.p.h.s.HTTPSamplerBase: Parser for text/vnd.wap.wml is org.apache.jmeter.protocol.http.parser.RegexpHTMLParser
2020-05-09 10:08:09,971 INFO o.a.j.p.h.s.HTTPSamplerBase: Parser for text/css is org.apache.jmeter.protocol.http.parser.CssParser
2020-05-09 10:08:10,091 INFO o.a.j.JMeter: Creating summariser <summary>
2020-05-09 10:08:10,107 INFO o.a.j.e.StandardJMeterEngine: Running the test!
2020-05-09 10:08:10,111 INFO o.a.j.s.SampleEvent: List of sample_variables: []
2020-05-09 10:08:10,112 INFO o.a.j.s.SampleEvent: List of sample_variables: []
2020-05-09 10:08:10,125 INFO o.a.j.e.u.CompoundVariable: Note: Function class names must contain the string: '.functions.'
2020-05-09 10:08:10,125 INFO o.a.j.e.u.CompoundVariable: Note: Function class names must not contain the string: '.gui.'
2020-05-09 10:08:10,989 INFO o.a.j.JMeter: Running test (1589011690989)
2020-05-09 10:08:11,082 INFO o.a.j.e.StandardJMeterEngine: Starting ThreadGroup: 1 : Thread Group
2020-05-09 10:08:11,083 INFO o.a.j.e.StandardJMeterEngine: Starting 160 threads for group Thread Group.
2020-05-09 10:08:11,083 INFO o.a.j.e.StandardJMeterEngine: Thread will continue on error
2020-05-09 10:08:11,084 INFO o.a.j.t.ThreadGroup: Starting thread group... number=1 threads=160 ramp-up=25 delayedStart=false
2020-05-09 10:08:11,142 INFO o.a.j.t.JMeterThread: Thread started: Thread Group 1-1
2020-05-09 10:08:11,209 INFO o.a.j.p.h.s.HTTPHCAbstractImpl: Local host = hylianpablo
2020-05-09 10:08:11,223 INFO o.a.j.p.h.s.HTTPHC4Impl: HTTP request retry count = 0
2020-05-09 10:08:11,226 INFO o.a.j.s.SampleResult: Note: Sample TimeStamps are START times
2020-05-09 10:08:11,227 INFO o.a.j.s.SampleResult: sampleresult.default.encoding is set to ISO-8859-1
2020-05-09 10:08:11,227 INFO o.a.j.s.SampleResult: sampleresult.useNanoTime=true
2020-05-09 10:08:11,227 INFO o.a.j.s.SampleResult: sampleresult.nanoThreadSleep=5000
2020-05-09 10:08:11,289 INFO o.a.j.t.JMeterThread: Thread started: Thread Group 1-2
2020-05-09 10:08:11,411 INFO o.a.j.t.JMeterThread: Thread started: Thread Group 1-3
2020-05-09 10:08:11,560 INFO o.a.j.t.JMeterThread: Thread started: Thread Group 1-4
2020-05-09 10:08:11,604 INFO o.a.j.t.ThreadGroup: Started thread group number 1
2020-05-09 10:08:11,605 INFO o.a.j.e.StandardJMeterEngine: All thread groups have been started
2020-05-09 10:08:11,717 INFO o.a.j.t.JMeterThread: Thread started: Thread Group 1-5
2020-05-09 10:08:11,872 INFO o.a.j.t.JMeterThread: Thread started: Thread Group 1-6
2020-05-09 10:08:12,025 INFO o.a.j.t.JMeterThread: Thread started: Thread Group 1-7
2020-05-09 10:08:12,180 INFO o.a.j.t.JMeterThread: Thread started: Thread Group 1-8
2020-05-09 10:08:12,337 INFO o.a.j.t.JMeterThread: Thread started: Thread Group 1-9
2020-05-09 10:08:12,495 INFO o.a.j.t.JMeterThread: Thread started: Thread Group 1-10
2020-05-09 10:08:12,649 INFO o.a.j.t.JMeterThread: Thread started: Thread Group 1-11
2020-05-09 10:08:12,811 INFO o.a.j.t.JMeterThread: Thread started: Thread Group 1-12
2020-05-09 10:08:12,972 INFO o.a.j.t.JMeterThread: Thread started: Thread Group 1-13
2020-05-09 10:08:13,122 INFO o.a.j.t.JMeterThread: Thread started: Thread Group 1-14
2020-05-09 10:08:13,273 INFO o.a.j.t.JMeterThread: Thread started: Thread Group 1-15
2020-05-09 10:08:13,428 INFO o.a.j.t.JMeterThread: Thread started: Thread Group 1-16
2020-05-09 10:08:13,590 INFO o.a.j.t.JMeterThread: Thread started: Thread Group 1-17
2020-05-09 10:08:13,746 INFO o.a.j.t.JMeterThread: Thread started: Thread Group 1-18
2020-05-09 10:08:13,902 INFO o.a.j.t.JMeterThread: Thread started: Thread Group 1-19
2020-05-09 10:08:14,053 INFO o.a.j.t.JMeterThread: Thread started: Thread Group 1-20
2020-05-09 10:08:14,212 INFO o.a.j.t.JMeterThread: Thread started: Thread Group 1-21
2020-05-09 10:08:14,366 INFO o.a.j.t.JMeterThread: Thread started: Thread Group 1-22
2020-05-09 10:08:14,520 INFO o.a.j.t.JMeterThread: Thread started: Thread Group 1-23
2020-05-09 10:08:14,677 INFO o.a.j.t.JMeterThread: Thread started: Thread Group 1-24
2020-05-09 10:08:14,832 INFO o.a.j.t.JMeterThread: Thread started: Thread Group 1-25
2020-05-09 10:08:14,989 INFO o.a.j.t.JMeterThread: Thread started: Thread Group 1-26
2020-05-09 10:08:15,143 INFO o.a.j.t.JMeterThread: Thread started: Thread Group 1-27
2020-05-09 10:08:15,297 INFO o.a.j.t.JMeterThread: Thread started: Thread Group 1-28
2020-05-09 10:08:15,457 INFO o.a.j.t.JMeterThread: Thread started: Thread Group 1-29
2020-05-09 10:08:15,610 INFO o.a.j.t.JMeterThread: Thread started: Thread Group 1-30
2020-05-09 10:08:15,766 INFO o.a.j.t.JMeterThread: Thread started: Thread Group 1-31
2020-05-09 10:08:16,006 INFO o.a.j.t.JMeterThread: Thread started: Thread Group 1-32
2020-05-09 10:08:16,079 INFO o.a.j.t.JMeterThread: Thread started: Thread Group 1-33
2020-05-09 10:08:16,234 INFO o.a.j.t.JMeterThread: Thread started: Thread Group 1-34
2020-05-09 10:08:16,393 INFO o.a.j.t.JMeterThread: Thread started: Thread Group 1-35
2020-05-09 10:08:16,553 INFO o.a.j.t.JMeterThread: Thread started: Thread Group 1-36
2020-05-09 10:08:16,706 INFO o.a.j.t.JMeterThread: Thread started: Thread Group 1-37
2020-05-09 10:08:16,862 INFO o.a.j.t.JMeterThread: Thread started: Thread Group 1-38
2020-05-09 10:08:17,015 INFO o.a.j.t.JMeterThread: Thread started: Thread Group 1-39
2020-05-09 10:08:17,175 INFO o.a.j.t.JMeterThread: Thread started: Thread Group 1-40
2020-05-09 10:08:17,329 INFO o.a.j.t.JMeterThread: Thread started: Thread Group 1-41
2020-05-09 10:08:17,488 INFO o.a.j.t.JMeterThread: Thread started: Thread Group 1-42
2020-05-09 10:08:17,639 INFO o.a.j.t.JMeterThread: Thread started: Thread Group 1-43
2020-05-09 10:08:17,796 INFO o.a.j.t.JMeterThread: Thread started: Thread Group 1-44
2020-05-09 10:08:17,951 INFO o.a.j.t.JMeterThread: Thread started: Thread Group 1-45
2020-05-09 10:08:18,108 INFO o.a.j.t.JMeterThread: Thread started: Thread Group 1-46
2020-05-09 10:08:18,263 INFO o.a.j.t.JMeterThread: Thread started: Thread Group 1-47
2020-05-09 10:08:18,419 INFO o.a.j.t.JMeterThread: Thread started: Thread Group 1-48
2020-05-09 10:08:18,577 INFO o.a.j.t.JMeterThread: Thread started: Thread Group 1-49
2020-05-09 10:08:18,732 INFO o.a.j.t.JMeterThread: Thread started: Thread Group 1-50
2020-05-09 10:08:18,887 INFO o.a.j.t.JMeterThread: Thread started: Thread Group 1-51
2020-05-09 10:08:19,045 INFO o.a.j.t.JMeterThread: Thread started: Thread Group 1-52
2020-05-09 10:08:19,202 INFO o.a.j.t.JMeterThread: Thread started: Thread Group 1-53
2020-05-09 10:08:19,353 INFO o.a.j.t.JMeterThread: Thread started: Thread Group 1-54
2020-05-09 10:08:19,509 INFO o.a.j.t.JMeterThread: Thread started: Thread Group 1-55
2020-05-09 10:08:19,665 INFO o.a.j.t.JMeterThread: Thread started: Thread Group 1-56
2020-05-09 10:08:19,823 INFO o.a.j.t.JMeterThread: Thread started: Thread Group 1-57
2020-05-09 10:08:19,982 INFO o.a.j.t.JMeterThread: Thread started: Thread Group 1-58
2020-05-09 10:08:20,133 INFO o.a.j.t.JMeterThread: Thread started: Thread Group 1-59
2020-05-09 10:08:20,290 INFO o.a.j.t.JMeterThread: Thread started: Thread Group 1-60
2020-05-09 10:08:20,451 INFO o.a.j.t.JMeterThread: Thread started: Thread Group 1-61
2020-05-09 10:08:20,604 INFO o.a.j.t.JMeterThread: Thread started: Thread Group 1-62
2020-05-09 10:08:20,893 INFO o.a.j.t.JMeterThread: Thread started: Thread Group 1-63
2020-05-09 10:08:20,918 INFO o.a.j.t.JMeterThread: Thread started: Thread Group 1-64
2020-05-09 10:08:21,072 INFO o.a.j.t.JMeterThread: Thread started: Thread Group 1-65
2020-05-09 10:08:21,229 INFO o.a.j.t.JMeterThread: Thread started: Thread Group 1-66
2020-05-09 10:08:21,385 INFO o.a.j.t.JMeterThread: Thread started: Thread Group 1-67
2020-05-09 10:08:21,542 INFO o.a.j.t.JMeterThread: Thread started: Thread Group 1-68
2020-05-09 10:08:21,701 INFO o.a.j.t.JMeterThread: Thread started: Thread Group 1-69
2020-05-09 10:08:21,858 INFO o.a.j.t.JMeterThread: Thread started: Thread Group 1-70
2020-05-09 10:08:22,026 INFO o.a.j.t.JMeterThread: Thread started: Thread Group 1-71
2020-05-09 10:08:22,176 INFO o.a.j.t.JMeterThread: Thread started: Thread Group 1-72
2020-05-09 10:08:22,321 INFO o.a.j.t.JMeterThread: Thread started: Thread Group 1-73
2020-05-09 10:08:22,476 INFO o.a.j.t.JMeterThread: Thread started: Thread Group 1-74
2020-05-09 10:08:22,629 INFO o.a.j.t.JMeterThread: Thread started: Thread Group 1-75
2020-05-09 10:08:22,787 INFO o.a.j.t.JMeterThread: Thread started: Thread Group 1-76
2020-05-09 10:08:22,944 INFO o.a.j.t.JMeterThread: Thread started: Thread Group 1-77
2020-05-09 10:08:23,114 INFO o.a.j.t.JMeterThread: Thread started: Thread Group 1-78
2020-05-09 10:08:23,257 INFO o.a.j.t.JMeterThread: Thread started: Thread Group 1-79
2020-05-09 10:08:23,412 INFO o.a.j.t.JMeterThread: Thread started: Thread Group 1-80
2020-05-09 10:08:23,573 INFO o.a.j.t.JMeterThread: Thread started: Thread Group 1-81
2020-05-09 10:08:23,733 INFO o.a.j.t.JMeterThread: Thread started: Thread Group 1-82
2020-05-09 10:08:23,880 INFO o.a.j.t.JMeterThread: Thread started: Thread Group 1-83
2020-05-09 10:08:24,043 INFO o.a.j.t.JMeterThread: Thread started: Thread Group 1-84
2020-05-09 10:08:24,193 INFO o.a.j.t.JMeterThread: Thread started: Thread Group 1-85
2020-05-09 10:08:24,347 INFO o.a.j.t.JMeterThread: Thread started: Thread Group 1-86
2020-05-09 10:08:24,502 INFO o.a.j.t.JMeterThread: Thread started: Thread Group 1-87
2020-05-09 10:08:24,657 INFO o.a.j.t.JMeterThread: Thread started: Thread Group 1-88
2020-05-09 10:08:24,819 INFO o.a.j.t.JMeterThread: Thread started: Thread Group 1-89
2020-05-09 10:08:24,972 INFO o.a.j.t.JMeterThread: Thread started: Thread Group 1-90
2020-05-09 10:08:25,129 INFO o.a.j.t.JMeterThread: Thread started: Thread Group 1-91
2020-05-09 10:08:25,297 INFO o.a.j.t.JMeterThread: Thread started: Thread Group 1-92
2020-05-09 10:08:25,441 INFO o.a.j.t.JMeterThread: Thread started: Thread Group 1-93
2020-05-09 10:08:25,597 INFO o.a.j.t.JMeterThread: Thread started: Thread Group 1-94
2020-05-09 10:08:25,777 INFO o.a.j.t.JMeterThread: Thread started: Thread Group 1-95
2020-05-09 10:08:25,925 INFO o.a.j.t.JMeterThread: Thread started: Thread Group 1-96
2020-05-09 10:08:26,087 INFO o.a.j.t.JMeterThread: Thread started: Thread Group 1-97
2020-05-09 10:08:26,222 INFO o.a.j.t.JMeterThread: Thread started: Thread Group 1-98
2020-05-09 10:08:26,377 INFO o.a.j.t.JMeterThread: Thread started: Thread Group 1-99
2020-05-09 10:08:26,536 INFO o.a.j.t.JMeterThread: Thread started: Thread Group 1-100
2020-05-09 10:08:26,687 INFO o.a.j.t.JMeterThread: Thread started: Thread Group 1-101
2020-05-09 10:08:26,843 INFO o.a.j.t.JMeterThread: Thread started: Thread Group 1-102
2020-05-09 10:08:26,999 INFO o.a.j.t.JMeterThread: Thread started: Thread Group 1-103
2020-05-09 10:08:27,161 INFO o.a.j.t.JMeterThread: Thread started: Thread Group 1-104
2020-05-09 10:08:27,316 INFO o.a.j.t.JMeterThread: Thread started: Thread Group 1-105
2020-05-09 10:08:27,476 INFO o.a.j.t.JMeterThread: Thread started: Thread Group 1-106
2020-05-09 10:08:27,627 INFO o.a.j.t.JMeterThread: Thread started: Thread Group 1-107
2020-05-09 10:08:27,781 INFO o.a.j.t.JMeterThread: Thread started: Thread Group 1-108
2020-05-09 10:08:28,011 INFO o.a.j.t.JMeterThread: Thread started: Thread Group 1-109
2020-05-09 10:08:28,093 INFO o.a.j.t.JMeterThread: Thread started: Thread Group 1-110
2020-05-09 10:08:28,248 INFO o.a.j.t.JMeterThread: Thread started: Thread Group 1-111
2020-05-09 10:08:28,406 INFO o.a.j.t.JMeterThread: Thread started: Thread Group 1-112
2020-05-09 10:08:28,558 INFO o.a.j.t.JMeterThread: Thread started: Thread Group 1-113
2020-05-09 10:08:28,717 INFO o.a.j.t.JMeterThread: Thread started: Thread Group 1-114
2020-05-09 10:08:28,870 INFO o.a.j.t.JMeterThread: Thread started: Thread Group 1-115
2020-05-09 10:08:29,025 INFO o.a.j.t.JMeterThread: Thread started: Thread Group 1-116
2020-05-09 10:08:29,181 INFO o.a.j.t.JMeterThread: Thread started: Thread Group 1-117
2020-05-09 10:08:29,337 INFO o.a.j.t.JMeterThread: Thread started: Thread Group 1-118
2020-05-09 10:08:29,495 INFO o.a.j.t.JMeterThread: Thread started: Thread Group 1-119
2020-05-09 10:08:29,652 INFO o.a.j.t.JMeterThread: Thread started: Thread Group 1-120
2020-05-09 10:08:29,806 INFO o.a.j.t.JMeterThread: Thread started: Thread Group 1-121
2020-05-09 10:08:29,969 INFO o.a.j.t.JMeterThread: Thread started: Thread Group 1-122
2020-05-09 10:08:30,032 INFO o.a.j.r.Summariser: summary +    517 in 00:00:19 =   27.2/s Avg:  1130 Min:    32 Max: 15391 Err:     0 (0.00%) Active: 122 Started: 122 Finished: 0
2020-05-09 10:08:30,123 INFO o.a.j.t.JMeterThread: Thread started: Thread Group 1-123
2020-05-09 10:08:30,281 INFO o.a.j.t.JMeterThread: Thread started: Thread Group 1-124
2020-05-09 10:08:30,436 INFO o.a.j.t.JMeterThread: Thread started: Thread Group 1-125
2020-05-09 10:08:30,586 INFO o.a.j.t.JMeterThread: Thread started: Thread Group 1-126
2020-05-09 10:08:30,743 INFO o.a.j.t.JMeterThread: Thread started: Thread Group 1-127
2020-05-09 10:08:30,898 INFO o.a.j.t.JMeterThread: Thread started: Thread Group 1-128
2020-05-09 10:08:31,057 INFO o.a.j.t.JMeterThread: Thread started: Thread Group 1-129
2020-05-09 10:08:31,212 INFO o.a.j.t.JMeterThread: Thread started: Thread Group 1-130
2020-05-09 10:08:31,366 INFO o.a.j.t.JMeterThread: Thread started: Thread Group 1-131
2020-05-09 10:08:31,526 INFO o.a.j.t.JMeterThread: Thread started: Thread Group 1-132
2020-05-09 10:08:31,679 INFO o.a.j.t.JMeterThread: Thread started: Thread Group 1-133
2020-05-09 10:08:31,834 INFO o.a.j.t.JMeterThread: Thread started: Thread Group 1-134
2020-05-09 10:08:31,989 INFO o.a.j.t.JMeterThread: Thread started: Thread Group 1-135
2020-05-09 10:08:32,149 INFO o.a.j.t.JMeterThread: Thread started: Thread Group 1-136
2020-05-09 10:08:32,311 INFO o.a.j.t.JMeterThread: Thread started: Thread Group 1-137
2020-05-09 10:08:32,465 INFO o.a.j.t.JMeterThread: Thread started: Thread Group 1-138
2020-05-09 10:08:32,621 INFO o.a.j.t.JMeterThread: Thread started: Thread Group 1-139
2020-05-09 10:08:32,782 INFO o.a.j.t.JMeterThread: Thread started: Thread Group 1-140
2020-05-09 10:08:32,941 INFO o.a.j.t.JMeterThread: Thread started: Thread Group 1-141
2020-05-09 10:08:33,089 INFO o.a.j.t.JMeterThread: Thread started: Thread Group 1-142
2020-05-09 10:08:33,243 INFO o.a.j.t.JMeterThread: Thread started: Thread Group 1-143
2020-05-09 10:08:33,393 INFO o.a.j.t.JMeterThread: Thread started: Thread Group 1-144
2020-05-09 10:08:33,553 INFO o.a.j.t.JMeterThread: Thread started: Thread Group 1-145
2020-05-09 10:08:33,705 INFO o.a.j.t.JMeterThread: Thread started: Thread Group 1-146
2020-05-09 10:08:33,861 INFO o.a.j.t.JMeterThread: Thread started: Thread Group 1-147
2020-05-09 10:08:34,021 INFO o.a.j.t.JMeterThread: Thread started: Thread Group 1-148
2020-05-09 10:08:34,173 INFO o.a.j.t.JMeterThread: Thread started: Thread Group 1-149
2020-05-09 10:08:34,333 INFO o.a.j.t.JMeterThread: Thread started: Thread Group 1-150
2020-05-09 10:08:34,486 INFO o.a.j.t.JMeterThread: Thread started: Thread Group 1-151
2020-05-09 10:08:34,641 INFO o.a.j.t.JMeterThread: Thread started: Thread Group 1-152
2020-05-09 10:08:34,799 INFO o.a.j.t.JMeterThread: Thread started: Thread Group 1-153
2020-05-09 10:08:34,953 INFO o.a.j.t.JMeterThread: Thread started: Thread Group 1-154
2020-05-09 10:08:35,113 INFO o.a.j.t.JMeterThread: Thread started: Thread Group 1-155
2020-05-09 10:08:35,266 INFO o.a.j.t.JMeterThread: Thread started: Thread Group 1-156
2020-05-09 10:08:35,425 INFO o.a.j.t.JMeterThread: Thread started: Thread Group 1-157
2020-05-09 10:08:35,579 INFO o.a.j.t.JMeterThread: Thread started: Thread Group 1-158
2020-05-09 10:08:35,734 INFO o.a.j.t.JMeterThread: Thread started: Thread Group 1-159
2020-05-09 10:08:35,890 INFO o.a.j.t.JMeterThread: Thread started: Thread Group 1-160
2020-05-09 10:09:00,039 INFO o.a.j.r.Summariser: summary +    602 in 00:00:30 =   20.1/s Avg:  4966 Min:   187 Max: 33342 Err:     0 (0.00%) Active: 160 Started: 160 Finished: 0
2020-05-09 10:09:00,040 INFO o.a.j.r.Summariser: summary =   1119 in 00:00:49 =   22.8/s Avg:  3194 Min:    32 Max: 33342 Err:     0 (0.00%)
2020-05-09 10:09:33,018 INFO o.a.j.r.Summariser: summary +    338 in 00:00:33 =   10.2/s Avg:  9913 Min:    86 Max: 44691 Err:     0 (0.00%) Active: 160 Started: 160 Finished: 0
2020-05-09 10:09:33,019 INFO o.a.j.r.Summariser: summary =   1457 in 00:01:22 =   17.8/s Avg:  4752 Min:    32 Max: 44691 Err:     0 (0.00%)
2020-05-09 10:10:00,003 INFO o.a.j.r.Summariser: summary +    936 in 00:00:27 =   34.7/s Avg:  5745 Min:    23 Max: 80832 Err:     0 (0.00%) Active: 160 Started: 160 Finished: 0
2020-05-09 10:10:00,004 INFO o.a.j.r.Summariser: summary =   2393 in 00:01:49 =   22.0/s Avg:  5141 Min:    23 Max: 80832 Err:     0 (0.00%)
2020-05-09 10:10:30,005 INFO o.a.j.r.Summariser: summary +    863 in 00:00:30 =   28.8/s Avg:  6873 Min:    92 Max: 77217 Err:     0 (0.00%) Active: 160 Started: 160 Finished: 0
2020-05-09 10:10:30,005 INFO o.a.j.r.Summariser: summary =   3256 in 00:02:19 =   23.4/s Avg:  5600 Min:    23 Max: 80832 Err:     0 (0.00%)
2020-05-09 10:11:00,018 INFO o.a.j.r.Summariser: summary +    828 in 00:00:30 =   27.6/s Avg:  5747 Min:   142 Max: 47074 Err:     0 (0.00%) Active: 160 Started: 160 Finished: 0
2020-05-09 10:11:00,019 INFO o.a.j.r.Summariser: summary =   4084 in 00:02:49 =   24.2/s Avg:  5630 Min:    23 Max: 80832 Err:     0 (0.00%)
2020-05-09 10:11:30,117 INFO o.a.j.r.Summariser: summary +    857 in 00:00:30 =   28.5/s Avg:  5545 Min:   138 Max: 57556 Err:     0 (0.00%) Active: 160 Started: 160 Finished: 0
2020-05-09 10:11:30,118 INFO o.a.j.r.Summariser: summary =   4941 in 00:03:19 =   24.8/s Avg:  5615 Min:    23 Max: 80832 Err:     0 (0.00%)
2020-05-09 10:12:00,040 INFO o.a.j.r.Summariser: summary +    749 in 00:00:30 =   25.0/s Avg:  6089 Min:   145 Max: 45450 Err:     0 (0.00%) Active: 160 Started: 160 Finished: 0
2020-05-09 10:12:00,041 INFO o.a.j.r.Summariser: summary =   5690 in 00:03:49 =   24.8/s Avg:  5677 Min:    23 Max: 80832 Err:     0 (0.00%)
2020-05-09 10:12:30,007 INFO o.a.j.r.Summariser: summary +    827 in 00:00:30 =   27.6/s Avg:  5920 Min:   159 Max: 56703 Err:     0 (0.00%) Active: 160 Started: 160 Finished: 0
2020-05-09 10:12:30,008 INFO o.a.j.r.Summariser: summary =   6517 in 00:04:19 =   25.2/s Avg:  5708 Min:    23 Max: 80832 Err:     0 (0.00%)
2020-05-09 10:13:00,041 INFO o.a.j.r.Summariser: summary +    826 in 00:00:30 =   27.5/s Avg:  6006 Min:   169 Max: 50372 Err:     0 (0.00%) Active: 160 Started: 160 Finished: 0
2020-05-09 10:13:00,041 INFO o.a.j.r.Summariser: summary =   7343 in 00:04:49 =   25.4/s Avg:  5742 Min:    23 Max: 80832 Err:     0 (0.00%)
2020-05-09 10:13:30,004 INFO o.a.j.r.Summariser: summary +    864 in 00:00:30 =   28.8/s Avg:  5688 Min:   184 Max: 49260 Err:     0 (0.00%) Active: 160 Started: 160 Finished: 0
2020-05-09 10:13:30,005 INFO o.a.j.r.Summariser: summary =   8207 in 00:05:19 =   25.7/s Avg:  5736 Min:    23 Max: 80832 Err:     0 (0.00%)
2020-05-09 10:14:00,023 INFO o.a.j.r.Summariser: summary +    837 in 00:00:30 =   27.9/s Avg:  5690 Min:   155 Max: 48768 Err:     0 (0.00%) Active: 160 Started: 160 Finished: 0
2020-05-09 10:14:00,024 INFO o.a.j.r.Summariser: summary =   9044 in 00:05:49 =   25.9/s Avg:  5732 Min:    23 Max: 80832 Err:     0 (0.00%)
2020-05-09 10:14:30,006 INFO o.a.j.r.Summariser: summary +    860 in 00:00:30 =   28.7/s Avg:  5712 Min:   123 Max: 51766 Err:     0 (0.00%) Active: 160 Started: 160 Finished: 0
2020-05-09 10:14:30,007 INFO o.a.j.r.Summariser: summary =   9904 in 00:06:19 =   26.1/s Avg:  5730 Min:    23 Max: 80832 Err:     0 (0.00%)
2020-05-09 10:15:00,149 INFO o.a.j.r.Summariser: summary +    794 in 00:00:30 =   26.3/s Avg:  5953 Min:   101 Max: 47407 Err:     0 (0.00%) Active: 160 Started: 160 Finished: 0
2020-05-09 10:15:00,149 INFO o.a.j.r.Summariser: summary =  10698 in 00:06:49 =   26.1/s Avg:  5747 Min:    23 Max: 80832 Err:     0 (0.00%)
2020-05-09 10:15:30,022 INFO o.a.j.r.Summariser: summary +    861 in 00:00:30 =   28.8/s Avg:  5530 Min:   190 Max: 47115 Err:     0 (0.00%) Active: 160 Started: 160 Finished: 0
2020-05-09 10:15:30,023 INFO o.a.j.r.Summariser: summary =  11559 in 00:07:19 =   26.3/s Avg:  5731 Min:    23 Max: 80832 Err:     0 (0.00%)
2020-05-09 10:16:00,117 INFO o.a.j.r.Summariser: summary +    744 in 00:00:30 =   24.7/s Avg:  6291 Min:   145 Max: 50085 Err:     0 (0.00%) Active: 160 Started: 160 Finished: 0
2020-05-09 10:16:00,117 INFO o.a.j.r.Summariser: summary =  12303 in 00:07:49 =   26.2/s Avg:  5764 Min:    23 Max: 80832 Err:     0 (0.00%)
2020-05-09 10:16:30,126 INFO o.a.j.r.Summariser: summary +    901 in 00:00:30 =   30.0/s Avg:  5500 Min:   140 Max: 48834 Err:     0 (0.00%) Active: 160 Started: 160 Finished: 0
2020-05-09 10:16:30,127 INFO o.a.j.r.Summariser: summary =  13204 in 00:08:19 =   26.5/s Avg:  5746 Min:    23 Max: 80832 Err:     0 (0.00%)
2020-05-09 10:17:00,146 INFO o.a.j.r.Summariser: summary +    818 in 00:00:30 =   27.2/s Avg:  5635 Min:   155 Max: 40479 Err:     0 (0.00%) Active: 160 Started: 160 Finished: 0
2020-05-09 10:17:00,146 INFO o.a.j.r.Summariser: summary =  14022 in 00:08:49 =   26.5/s Avg:  5740 Min:    23 Max: 80832 Err:     0 (0.00%)
2020-05-09 10:17:30,082 INFO o.a.j.r.Summariser: summary +    842 in 00:00:30 =   28.1/s Avg:  5812 Min:   130 Max: 42793 Err:     0 (0.00%) Active: 160 Started: 160 Finished: 0
2020-05-09 10:17:30,083 INFO o.a.j.r.Summariser: summary =  14864 in 00:09:19 =   26.6/s Avg:  5744 Min:    23 Max: 80832 Err:     0 (0.00%)
2020-05-09 10:18:00,017 INFO o.a.j.r.Summariser: summary +    823 in 00:00:30 =   27.5/s Avg:  5746 Min:   185 Max: 49266 Err:     0 (0.00%) Active: 160 Started: 160 Finished: 0
2020-05-09 10:18:00,018 INFO o.a.j.r.Summariser: summary =  15687 in 00:09:49 =   26.6/s Avg:  5744 Min:    23 Max: 80832 Err:     0 (0.00%)
2020-05-09 10:18:30,060 INFO o.a.j.r.Summariser: summary +    830 in 00:00:30 =   27.6/s Avg:  5983 Min:   125 Max: 46150 Err:     0 (0.00%) Active: 160 Started: 160 Finished: 0
2020-05-09 10:18:30,061 INFO o.a.j.r.Summariser: summary =  16517 in 00:10:19 =   26.7/s Avg:  5756 Min:    23 Max: 80832 Err:     0 (0.00%)
2020-05-09 10:18:36,330 INFO o.a.j.t.JMeterThread: Stopping because end time detected by thread: Thread Group 1-40
2020-05-09 10:18:36,330 INFO o.a.j.t.JMeterThread: Thread finished: Thread Group 1-40
2020-05-09 10:18:36,467 INFO o.a.j.t.JMeterThread: Stopping because end time detected by thread: Thread Group 1-85
2020-05-09 10:18:36,467 INFO o.a.j.t.JMeterThread: Thread finished: Thread Group 1-85
2020-05-09 10:18:36,551 INFO o.a.j.t.JMeterThread: Stopping because end time detected by thread: Thread Group 1-51
2020-05-09 10:18:36,551 INFO o.a.j.t.JMeterThread: Thread finished: Thread Group 1-51
2020-05-09 10:18:36,585 INFO o.a.j.t.JMeterThread: Stopping because end time detected by thread: Thread Group 1-36
2020-05-09 10:18:36,585 INFO o.a.j.t.JMeterThread: Thread finished: Thread Group 1-36
2020-05-09 10:18:36,653 INFO o.a.j.t.JMeterThread: Stopping because end time detected by thread: Thread Group 1-89
2020-05-09 10:18:36,653 INFO o.a.j.t.JMeterThread: Thread finished: Thread Group 1-89
2020-05-09 10:18:36,782 INFO o.a.j.t.JMeterThread: Stopping because end time detected by thread: Thread Group 1-143
2020-05-09 10:18:36,782 INFO o.a.j.t.JMeterThread: Thread finished: Thread Group 1-143
2020-05-09 10:18:36,824 INFO o.a.j.t.JMeterThread: Stopping because end time detected by thread: Thread Group 1-157
2020-05-09 10:18:36,825 INFO o.a.j.t.JMeterThread: Thread finished: Thread Group 1-157
2020-05-09 10:18:36,864 INFO o.a.j.t.JMeterThread: Stopping because end time detected by thread: Thread Group 1-15
2020-05-09 10:18:36,865 INFO o.a.j.t.JMeterThread: Thread finished: Thread Group 1-15
2020-05-09 10:18:36,885 INFO o.a.j.t.JMeterThread: Stopping because end time detected by thread: Thread Group 1-94
2020-05-09 10:18:36,885 INFO o.a.j.t.JMeterThread: Thread finished: Thread Group 1-94
2020-05-09 10:18:36,934 INFO o.a.j.t.JMeterThread: Stopping because end time detected by thread: Thread Group 1-24
2020-05-09 10:18:36,934 INFO o.a.j.t.JMeterThread: Thread finished: Thread Group 1-24
2020-05-09 10:18:36,942 INFO o.a.j.t.JMeterThread: Stopping because end time detected by thread: Thread Group 1-104
2020-05-09 10:18:36,943 INFO o.a.j.t.JMeterThread: Thread finished: Thread Group 1-104
2020-05-09 10:18:37,015 INFO o.a.j.t.JMeterThread: Stopping because end time detected by thread: Thread Group 1-12
2020-05-09 10:18:37,015 INFO o.a.j.t.JMeterThread: Thread finished: Thread Group 1-12
2020-05-09 10:18:37,021 INFO o.a.j.t.JMeterThread: Stopping because end time detected by thread: Thread Group 1-140
2020-05-09 10:18:37,022 INFO o.a.j.t.JMeterThread: Thread finished: Thread Group 1-140
2020-05-09 10:18:37,125 INFO o.a.j.t.JMeterThread: Stopping because end time detected by thread: Thread Group 1-73
2020-05-09 10:18:37,125 INFO o.a.j.t.JMeterThread: Thread finished: Thread Group 1-73
2020-05-09 10:18:37,798 INFO o.a.j.t.JMeterThread: Stopping because end time detected by thread: Thread Group 1-151
2020-05-09 10:18:37,798 INFO o.a.j.t.JMeterThread: Thread finished: Thread Group 1-151
2020-05-09 10:18:38,131 INFO o.a.j.t.JMeterThread: Stopping because end time detected by thread: Thread Group 1-57
2020-05-09 10:18:38,131 INFO o.a.j.t.JMeterThread: Thread finished: Thread Group 1-57
2020-05-09 10:18:38,372 INFO o.a.j.t.JMeterThread: Stopping because end time detected by thread: Thread Group 1-122
2020-05-09 10:18:38,372 INFO o.a.j.t.JMeterThread: Thread finished: Thread Group 1-122
2020-05-09 10:18:38,410 INFO o.a.j.t.JMeterThread: Stopping because end time detected by thread: Thread Group 1-159
2020-05-09 10:18:38,411 INFO o.a.j.t.JMeterThread: Thread finished: Thread Group 1-159
2020-05-09 10:18:38,521 INFO o.a.j.t.JMeterThread: Stopping because end time detected by thread: Thread Group 1-11
2020-05-09 10:18:38,521 INFO o.a.j.t.JMeterThread: Thread finished: Thread Group 1-11
2020-05-09 10:18:38,778 INFO o.a.j.t.JMeterThread: Stopping because end time detected by thread: Thread Group 1-119
2020-05-09 10:18:38,778 INFO o.a.j.t.JMeterThread: Thread finished: Thread Group 1-119
2020-05-09 10:18:38,841 INFO o.a.j.t.JMeterThread: Stopping because end time detected by thread: Thread Group 1-87
2020-05-09 10:18:38,841 INFO o.a.j.t.JMeterThread: Thread finished: Thread Group 1-87
2020-05-09 10:18:38,858 INFO o.a.j.t.JMeterThread: Stopping because end time detected by thread: Thread Group 1-106
2020-05-09 10:18:38,858 INFO o.a.j.t.JMeterThread: Thread finished: Thread Group 1-106
2020-05-09 10:18:38,969 INFO o.a.j.t.JMeterThread: Stopping because end time detected by thread: Thread Group 1-49
2020-05-09 10:18:38,970 INFO o.a.j.t.JMeterThread: Thread finished: Thread Group 1-49
2020-05-09 10:18:38,988 INFO o.a.j.t.JMeterThread: Stopping because end time detected by thread: Thread Group 1-1
2020-05-09 10:18:38,989 INFO o.a.j.t.JMeterThread: Thread finished: Thread Group 1-1
2020-05-09 10:18:39,958 INFO o.a.j.t.JMeterThread: Stopping because end time detected by thread: Thread Group 1-115
2020-05-09 10:18:39,958 INFO o.a.j.t.JMeterThread: Thread finished: Thread Group 1-115
2020-05-09 10:18:40,068 INFO o.a.j.t.JMeterThread: Stopping because end time detected by thread: Thread Group 1-117
2020-05-09 10:18:40,068 INFO o.a.j.t.JMeterThread: Thread finished: Thread Group 1-117
2020-05-09 10:18:40,082 INFO o.a.j.t.JMeterThread: Stopping because end time detected by thread: Thread Group 1-75
2020-05-09 10:18:40,083 INFO o.a.j.t.JMeterThread: Thread finished: Thread Group 1-75
2020-05-09 10:18:40,267 INFO o.a.j.t.JMeterThread: Stopping because end time detected by thread: Thread Group 1-101
2020-05-09 10:18:40,267 INFO o.a.j.t.JMeterThread: Thread finished: Thread Group 1-101
2020-05-09 10:18:40,393 INFO o.a.j.t.JMeterThread: Stopping because end time detected by thread: Thread Group 1-116
2020-05-09 10:18:40,393 INFO o.a.j.t.JMeterThread: Thread finished: Thread Group 1-116
2020-05-09 10:18:40,511 INFO o.a.j.t.JMeterThread: Stopping because end time detected by thread: Thread Group 1-28
2020-05-09 10:18:40,512 INFO o.a.j.t.JMeterThread: Thread finished: Thread Group 1-28
2020-05-09 10:18:40,636 INFO o.a.j.t.JMeterThread: Stopping because end time detected by thread: Thread Group 1-112
2020-05-09 10:18:40,636 INFO o.a.j.t.JMeterThread: Thread finished: Thread Group 1-112
2020-05-09 10:18:40,759 INFO o.a.j.t.JMeterThread: Stopping because end time detected by thread: Thread Group 1-139
2020-05-09 10:18:40,759 INFO o.a.j.t.JMeterThread: Thread finished: Thread Group 1-139
2020-05-09 10:18:41,181 INFO o.a.j.t.JMeterThread: Stopping because end time detected by thread: Thread Group 1-54
2020-05-09 10:18:41,181 INFO o.a.j.t.JMeterThread: Thread finished: Thread Group 1-54
2020-05-09 10:18:41,317 INFO o.a.j.t.JMeterThread: Stopping because end time detected by thread: Thread Group 1-136
2020-05-09 10:18:41,317 INFO o.a.j.t.JMeterThread: Thread finished: Thread Group 1-136
2020-05-09 10:18:41,323 INFO o.a.j.t.JMeterThread: Stopping because end time detected by thread: Thread Group 1-130
2020-05-09 10:18:41,323 INFO o.a.j.t.JMeterThread: Thread finished: Thread Group 1-130
2020-05-09 10:18:41,644 INFO o.a.j.t.JMeterThread: Stopping because end time detected by thread: Thread Group 1-145
2020-05-09 10:18:41,644 INFO o.a.j.t.JMeterThread: Thread finished: Thread Group 1-145
2020-05-09 10:18:41,877 INFO o.a.j.t.JMeterThread: Stopping because end time detected by thread: Thread Group 1-141
2020-05-09 10:18:41,877 INFO o.a.j.t.JMeterThread: Thread finished: Thread Group 1-141
2020-05-09 10:18:42,397 INFO o.a.j.t.JMeterThread: Stopping because end time detected by thread: Thread Group 1-120
2020-05-09 10:18:42,397 INFO o.a.j.t.JMeterThread: Thread finished: Thread Group 1-120
2020-05-09 10:18:42,482 INFO o.a.j.t.JMeterThread: Stopping because end time detected by thread: Thread Group 1-76
2020-05-09 10:18:42,482 INFO o.a.j.t.JMeterThread: Thread finished: Thread Group 1-76
2020-05-09 10:18:42,523 INFO o.a.j.t.JMeterThread: Stopping because end time detected by thread: Thread Group 1-53
2020-05-09 10:18:42,523 INFO o.a.j.t.JMeterThread: Thread finished: Thread Group 1-53
2020-05-09 10:18:42,526 INFO o.a.j.t.JMeterThread: Stopping because end time detected by thread: Thread Group 1-13
2020-05-09 10:18:42,526 INFO o.a.j.t.JMeterThread: Thread finished: Thread Group 1-13
2020-05-09 10:18:42,567 INFO o.a.j.t.JMeterThread: Stopping because end time detected by thread: Thread Group 1-45
2020-05-09 10:18:42,568 INFO o.a.j.t.JMeterThread: Thread finished: Thread Group 1-45
2020-05-09 10:18:43,042 INFO o.a.j.t.JMeterThread: Stopping because end time detected by thread: Thread Group 1-105
2020-05-09 10:18:43,042 INFO o.a.j.t.JMeterThread: Thread finished: Thread Group 1-105
2020-05-09 10:18:43,044 INFO o.a.j.t.JMeterThread: Stopping because end time detected by thread: Thread Group 1-58
2020-05-09 10:18:43,044 INFO o.a.j.t.JMeterThread: Thread finished: Thread Group 1-58
2020-05-09 10:18:43,062 INFO o.a.j.t.JMeterThread: Stopping because end time detected by thread: Thread Group 1-50
2020-05-09 10:18:43,062 INFO o.a.j.t.JMeterThread: Thread finished: Thread Group 1-50
2020-05-09 10:18:43,316 INFO o.a.j.t.JMeterThread: Stopping because end time detected by thread: Thread Group 1-62
2020-05-09 10:18:43,316 INFO o.a.j.t.JMeterThread: Stopping because end time detected by thread: Thread Group 1-39
2020-05-09 10:18:43,317 INFO o.a.j.t.JMeterThread: Thread finished: Thread Group 1-39
2020-05-09 10:18:43,317 INFO o.a.j.t.JMeterThread: Thread finished: Thread Group 1-62
2020-05-09 10:18:43,338 INFO o.a.j.t.JMeterThread: Stopping because end time detected by thread: Thread Group 1-107
2020-05-09 10:18:43,339 INFO o.a.j.t.JMeterThread: Thread finished: Thread Group 1-107
2020-05-09 10:18:43,446 INFO o.a.j.t.JMeterThread: Stopping because end time detected by thread: Thread Group 1-109
2020-05-09 10:18:43,446 INFO o.a.j.t.JMeterThread: Thread finished: Thread Group 1-109
2020-05-09 10:18:43,531 INFO o.a.j.t.JMeterThread: Stopping because end time detected by thread: Thread Group 1-31
2020-05-09 10:18:43,531 INFO o.a.j.t.JMeterThread: Thread finished: Thread Group 1-31
2020-05-09 10:18:43,564 INFO o.a.j.t.JMeterThread: Stopping because end time detected by thread: Thread Group 1-126
2020-05-09 10:18:43,564 INFO o.a.j.t.JMeterThread: Thread finished: Thread Group 1-126
2020-05-09 10:18:43,580 INFO o.a.j.t.JMeterThread: Stopping because end time detected by thread: Thread Group 1-149
2020-05-09 10:18:43,581 INFO o.a.j.t.JMeterThread: Thread finished: Thread Group 1-149
2020-05-09 10:18:43,681 INFO o.a.j.t.JMeterThread: Stopping because end time detected by thread: Thread Group 1-121
2020-05-09 10:18:43,681 INFO o.a.j.t.JMeterThread: Thread finished: Thread Group 1-121
2020-05-09 10:18:43,744 INFO o.a.j.t.JMeterThread: Stopping because end time detected by thread: Thread Group 1-134
2020-05-09 10:18:43,744 INFO o.a.j.t.JMeterThread: Thread finished: Thread Group 1-134
2020-05-09 10:18:43,911 INFO o.a.j.t.JMeterThread: Stopping because end time detected by thread: Thread Group 1-74
2020-05-09 10:18:43,911 INFO o.a.j.t.JMeterThread: Thread finished: Thread Group 1-74
2020-05-09 10:18:43,985 INFO o.a.j.t.JMeterThread: Stopping because end time detected by thread: Thread Group 1-23
2020-05-09 10:18:43,985 INFO o.a.j.t.JMeterThread: Thread finished: Thread Group 1-23
2020-05-09 10:18:44,289 INFO o.a.j.t.JMeterThread: Stopping because end time detected by thread: Thread Group 1-114
2020-05-09 10:18:44,290 INFO o.a.j.t.JMeterThread: Thread finished: Thread Group 1-114
2020-05-09 10:18:44,459 INFO o.a.j.t.JMeterThread: Stopping because end time detected by thread: Thread Group 1-110
2020-05-09 10:18:44,459 INFO o.a.j.t.JMeterThread: Thread finished: Thread Group 1-110
2020-05-09 10:18:44,567 INFO o.a.j.t.JMeterThread: Stopping because end time detected by thread: Thread Group 1-3
2020-05-09 10:18:44,568 INFO o.a.j.t.JMeterThread: Thread finished: Thread Group 1-3
2020-05-09 10:18:44,571 INFO o.a.j.t.JMeterThread: Stopping because end time detected by thread: Thread Group 1-42
2020-05-09 10:18:44,571 INFO o.a.j.t.JMeterThread: Thread finished: Thread Group 1-42
2020-05-09 10:18:44,605 INFO o.a.j.t.JMeterThread: Stopping because end time detected by thread: Thread Group 1-79
2020-05-09 10:18:44,605 INFO o.a.j.t.JMeterThread: Thread finished: Thread Group 1-79
2020-05-09 10:18:44,627 INFO o.a.j.t.JMeterThread: Stopping because end time detected by thread: Thread Group 1-35
2020-05-09 10:18:44,628 INFO o.a.j.t.JMeterThread: Thread finished: Thread Group 1-35
2020-05-09 10:18:45,048 INFO o.a.j.t.JMeterThread: Stopping because end time detected by thread: Thread Group 1-7
2020-05-09 10:18:45,048 INFO o.a.j.t.JMeterThread: Thread finished: Thread Group 1-7
2020-05-09 10:18:45,119 INFO o.a.j.t.JMeterThread: Stopping because end time detected by thread: Thread Group 1-150
2020-05-09 10:18:45,120 INFO o.a.j.t.JMeterThread: Thread finished: Thread Group 1-150
2020-05-09 10:18:45,142 INFO o.a.j.t.JMeterThread: Stopping because end time detected by thread: Thread Group 1-20
2020-05-09 10:18:45,142 INFO o.a.j.t.JMeterThread: Thread finished: Thread Group 1-20
2020-05-09 10:18:45,203 INFO o.a.j.t.JMeterThread: Stopping because end time detected by thread: Thread Group 1-77
2020-05-09 10:18:45,204 INFO o.a.j.t.JMeterThread: Thread finished: Thread Group 1-77
2020-05-09 10:18:45,240 INFO o.a.j.t.JMeterThread: Stopping because end time detected by thread: Thread Group 1-68
2020-05-09 10:18:45,240 INFO o.a.j.t.JMeterThread: Thread finished: Thread Group 1-68
2020-05-09 10:18:45,325 INFO o.a.j.t.JMeterThread: Stopping because end time detected by thread: Thread Group 1-64
2020-05-09 10:18:45,326 INFO o.a.j.t.JMeterThread: Thread finished: Thread Group 1-64
2020-05-09 10:18:45,402 INFO o.a.j.t.JMeterThread: Stopping because end time detected by thread: Thread Group 1-128
2020-05-09 10:18:45,402 INFO o.a.j.t.JMeterThread: Thread finished: Thread Group 1-128
2020-05-09 10:18:45,566 INFO o.a.j.t.JMeterThread: Stopping because end time detected by thread: Thread Group 1-14
2020-05-09 10:18:45,566 INFO o.a.j.t.JMeterThread: Thread finished: Thread Group 1-14
2020-05-09 10:18:45,650 INFO o.a.j.t.JMeterThread: Stopping because end time detected by thread: Thread Group 1-71
2020-05-09 10:18:45,650 INFO o.a.j.t.JMeterThread: Thread finished: Thread Group 1-71
2020-05-09 10:18:45,718 INFO o.a.j.t.JMeterThread: Stopping because end time detected by thread: Thread Group 1-41
2020-05-09 10:18:45,718 INFO o.a.j.t.JMeterThread: Thread finished: Thread Group 1-41
2020-05-09 10:18:45,729 INFO o.a.j.t.JMeterThread: Stopping because end time detected by thread: Thread Group 1-60
2020-05-09 10:18:45,729 INFO o.a.j.t.JMeterThread: Thread finished: Thread Group 1-60
2020-05-09 10:18:45,789 INFO o.a.j.t.JMeterThread: Stopping because end time detected by thread: Thread Group 1-80
2020-05-09 10:18:45,790 INFO o.a.j.t.JMeterThread: Thread finished: Thread Group 1-80
2020-05-09 10:18:46,078 INFO o.a.j.t.JMeterThread: Stopping because end time detected by thread: Thread Group 1-25
2020-05-09 10:18:46,079 INFO o.a.j.t.JMeterThread: Thread finished: Thread Group 1-25
2020-05-09 10:18:46,137 INFO o.a.j.t.JMeterThread: Stopping because end time detected by thread: Thread Group 1-144
2020-05-09 10:18:46,137 INFO o.a.j.t.JMeterThread: Thread finished: Thread Group 1-144
2020-05-09 10:18:46,204 INFO o.a.j.t.JMeterThread: Stopping because end time detected by thread: Thread Group 1-154
2020-05-09 10:18:46,204 INFO o.a.j.t.JMeterThread: Thread finished: Thread Group 1-154
2020-05-09 10:18:46,241 INFO o.a.j.t.JMeterThread: Stopping because end time detected by thread: Thread Group 1-152
2020-05-09 10:18:46,241 INFO o.a.j.t.JMeterThread: Thread finished: Thread Group 1-152
2020-05-09 10:18:46,300 INFO o.a.j.t.JMeterThread: Stopping because end time detected by thread: Thread Group 1-160
2020-05-09 10:18:46,300 INFO o.a.j.t.JMeterThread: Thread finished: Thread Group 1-160
2020-05-09 10:18:46,359 INFO o.a.j.t.JMeterThread: Stopping because end time detected by thread: Thread Group 1-84
2020-05-09 10:18:46,359 INFO o.a.j.t.JMeterThread: Stopping because end time detected by thread: Thread Group 1-125
2020-05-09 10:18:46,360 INFO o.a.j.t.JMeterThread: Thread finished: Thread Group 1-84
2020-05-09 10:18:46,360 INFO o.a.j.t.JMeterThread: Thread finished: Thread Group 1-125
2020-05-09 10:18:46,532 INFO o.a.j.t.JMeterThread: Stopping because end time detected by thread: Thread Group 1-147
2020-05-09 10:18:46,532 INFO o.a.j.t.JMeterThread: Thread finished: Thread Group 1-147
2020-05-09 10:18:46,578 INFO o.a.j.t.JMeterThread: Stopping because end time detected by thread: Thread Group 1-93
2020-05-09 10:18:46,578 INFO o.a.j.t.JMeterThread: Thread finished: Thread Group 1-93
2020-05-09 10:18:46,587 INFO o.a.j.t.JMeterThread: Stopping because end time detected by thread: Thread Group 1-8
2020-05-09 10:18:46,588 INFO o.a.j.t.JMeterThread: Thread finished: Thread Group 1-8
2020-05-09 10:18:46,692 INFO o.a.j.t.JMeterThread: Stopping because end time detected by thread: Thread Group 1-9
2020-05-09 10:18:46,692 INFO o.a.j.t.JMeterThread: Thread finished: Thread Group 1-9
2020-05-09 10:18:46,745 INFO o.a.j.t.JMeterThread: Stopping because end time detected by thread: Thread Group 1-27
2020-05-09 10:18:46,745 INFO o.a.j.t.JMeterThread: Thread finished: Thread Group 1-27
2020-05-09 10:18:46,747 INFO o.a.j.t.JMeterThread: Stopping because end time detected by thread: Thread Group 1-52
2020-05-09 10:18:46,747 INFO o.a.j.t.JMeterThread: Thread finished: Thread Group 1-52
2020-05-09 10:18:46,940 INFO o.a.j.t.JMeterThread: Stopping because end time detected by thread: Thread Group 1-2
2020-05-09 10:18:46,940 INFO o.a.j.t.JMeterThread: Thread finished: Thread Group 1-2
2020-05-09 10:18:46,942 INFO o.a.j.t.JMeterThread: Stopping because end time detected by thread: Thread Group 1-63
2020-05-09 10:18:46,943 INFO o.a.j.t.JMeterThread: Thread finished: Thread Group 1-63
2020-05-09 10:18:47,590 INFO o.a.j.t.JMeterThread: Stopping because end time detected by thread: Thread Group 1-111
2020-05-09 10:18:47,591 INFO o.a.j.t.JMeterThread: Thread finished: Thread Group 1-111
2020-05-09 10:18:47,668 INFO o.a.j.t.JMeterThread: Stopping because end time detected by thread: Thread Group 1-47
2020-05-09 10:18:47,668 INFO o.a.j.t.JMeterThread: Thread finished: Thread Group 1-47
2020-05-09 10:18:47,692 INFO o.a.j.t.JMeterThread: Stopping because end time detected by thread: Thread Group 1-65
2020-05-09 10:18:47,693 INFO o.a.j.t.JMeterThread: Thread finished: Thread Group 1-65
2020-05-09 10:18:47,729 INFO o.a.j.t.JMeterThread: Stopping because end time detected by thread: Thread Group 1-146
2020-05-09 10:18:47,729 INFO o.a.j.t.JMeterThread: Thread finished: Thread Group 1-146
2020-05-09 10:18:47,746 INFO o.a.j.t.JMeterThread: Stopping because end time detected by thread: Thread Group 1-132
2020-05-09 10:18:47,747 INFO o.a.j.t.JMeterThread: Thread finished: Thread Group 1-132
2020-05-09 10:18:47,782 INFO o.a.j.t.JMeterThread: Stopping because end time detected by thread: Thread Group 1-155
2020-05-09 10:18:47,782 INFO o.a.j.t.JMeterThread: Thread finished: Thread Group 1-155
2020-05-09 10:18:47,832 INFO o.a.j.t.JMeterThread: Stopping because end time detected by thread: Thread Group 1-158
2020-05-09 10:18:47,832 INFO o.a.j.t.JMeterThread: Thread finished: Thread Group 1-158
2020-05-09 10:18:47,982 INFO o.a.j.t.JMeterThread: Stopping because end time detected by thread: Thread Group 1-38
2020-05-09 10:18:47,982 INFO o.a.j.t.JMeterThread: Thread finished: Thread Group 1-38
2020-05-09 10:18:48,052 INFO o.a.j.t.JMeterThread: Stopping because end time detected by thread: Thread Group 1-88
2020-05-09 10:18:48,052 INFO o.a.j.t.JMeterThread: Thread finished: Thread Group 1-88
2020-05-09 10:18:48,123 INFO o.a.j.t.JMeterThread: Stopping because end time detected by thread: Thread Group 1-90
2020-05-09 10:18:48,124 INFO o.a.j.t.JMeterThread: Thread finished: Thread Group 1-90
2020-05-09 10:18:48,151 INFO o.a.j.t.JMeterThread: Stopping because end time detected by thread: Thread Group 1-131
2020-05-09 10:18:48,151 INFO o.a.j.t.JMeterThread: Thread finished: Thread Group 1-131
2020-05-09 10:18:48,192 INFO o.a.j.t.JMeterThread: Stopping because end time detected by thread: Thread Group 1-37
2020-05-09 10:18:48,192 INFO o.a.j.t.JMeterThread: Thread finished: Thread Group 1-37
2020-05-09 10:18:48,310 INFO o.a.j.t.JMeterThread: Stopping because end time detected by thread: Thread Group 1-10
2020-05-09 10:18:48,310 INFO o.a.j.t.JMeterThread: Thread finished: Thread Group 1-10
2020-05-09 10:18:48,369 INFO o.a.j.t.JMeterThread: Stopping because end time detected by thread: Thread Group 1-124
2020-05-09 10:18:48,369 INFO o.a.j.t.JMeterThread: Thread finished: Thread Group 1-124
2020-05-09 10:18:48,395 INFO o.a.j.t.JMeterThread: Stopping because end time detected by thread: Thread Group 1-6
2020-05-09 10:18:48,395 INFO o.a.j.t.JMeterThread: Thread finished: Thread Group 1-6
2020-05-09 10:18:48,414 INFO o.a.j.t.JMeterThread: Stopping because end time detected by thread: Thread Group 1-32
2020-05-09 10:18:48,414 INFO o.a.j.t.JMeterThread: Thread finished: Thread Group 1-32
2020-05-09 10:18:48,604 INFO o.a.j.t.JMeterThread: Stopping because end time detected by thread: Thread Group 1-82
2020-05-09 10:18:48,604 INFO o.a.j.t.JMeterThread: Thread finished: Thread Group 1-82
2020-05-09 10:18:48,609 INFO o.a.j.t.JMeterThread: Stopping because end time detected by thread: Thread Group 1-55
2020-05-09 10:18:48,609 INFO o.a.j.t.JMeterThread: Thread finished: Thread Group 1-55
2020-05-09 10:18:48,662 INFO o.a.j.t.JMeterThread: Stopping because end time detected by thread: Thread Group 1-70
2020-05-09 10:18:48,662 INFO o.a.j.t.JMeterThread: Thread finished: Thread Group 1-70
2020-05-09 10:18:48,675 INFO o.a.j.t.JMeterThread: Stopping because end time detected by thread: Thread Group 1-46
2020-05-09 10:18:48,675 INFO o.a.j.t.JMeterThread: Thread finished: Thread Group 1-46
2020-05-09 10:18:48,911 INFO o.a.j.t.JMeterThread: Stopping because end time detected by thread: Thread Group 1-129
2020-05-09 10:18:48,912 INFO o.a.j.t.JMeterThread: Thread finished: Thread Group 1-129
2020-05-09 10:18:48,941 INFO o.a.j.t.JMeterThread: Stopping because end time detected by thread: Thread Group 1-108
2020-05-09 10:18:48,941 INFO o.a.j.t.JMeterThread: Thread finished: Thread Group 1-108
2020-05-09 10:18:49,012 INFO o.a.j.t.JMeterThread: Stopping because end time detected by thread: Thread Group 1-96
2020-05-09 10:18:49,013 INFO o.a.j.t.JMeterThread: Thread finished: Thread Group 1-96
2020-05-09 10:18:49,026 INFO o.a.j.t.JMeterThread: Stopping because end time detected by thread: Thread Group 1-100
2020-05-09 10:18:49,026 INFO o.a.j.t.JMeterThread: Thread finished: Thread Group 1-100
2020-05-09 10:18:49,070 INFO o.a.j.t.JMeterThread: Stopping because end time detected by thread: Thread Group 1-19
2020-05-09 10:18:49,071 INFO o.a.j.t.JMeterThread: Thread finished: Thread Group 1-19
2020-05-09 10:18:49,114 INFO o.a.j.t.JMeterThread: Stopping because end time detected by thread: Thread Group 1-133
2020-05-09 10:18:49,114 INFO o.a.j.t.JMeterThread: Thread finished: Thread Group 1-133
2020-05-09 10:18:49,398 INFO o.a.j.t.JMeterThread: Stopping because end time detected by thread: Thread Group 1-26
2020-05-09 10:18:49,399 INFO o.a.j.t.JMeterThread: Thread finished: Thread Group 1-26
2020-05-09 10:18:49,443 INFO o.a.j.t.JMeterThread: Stopping because end time detected by thread: Thread Group 1-59
2020-05-09 10:18:49,443 INFO o.a.j.t.JMeterThread: Thread finished: Thread Group 1-59
2020-05-09 10:18:49,488 INFO o.a.j.t.JMeterThread: Stopping because end time detected by thread: Thread Group 1-113
2020-05-09 10:18:49,488 INFO o.a.j.t.JMeterThread: Thread finished: Thread Group 1-113
2020-05-09 10:18:49,587 INFO o.a.j.t.JMeterThread: Stopping because end time detected by thread: Thread Group 1-17
2020-05-09 10:18:49,587 INFO o.a.j.t.JMeterThread: Thread finished: Thread Group 1-17
2020-05-09 10:18:49,595 INFO o.a.j.t.JMeterThread: Stopping because end time detected by thread: Thread Group 1-92
2020-05-09 10:18:49,596 INFO o.a.j.t.JMeterThread: Thread finished: Thread Group 1-92
2020-05-09 10:18:49,636 INFO o.a.j.t.JMeterThread: Stopping because end time detected by thread: Thread Group 1-99
2020-05-09 10:18:49,636 INFO o.a.j.t.JMeterThread: Thread finished: Thread Group 1-99
2020-05-09 10:18:49,694 INFO o.a.j.t.JMeterThread: Stopping because end time detected by thread: Thread Group 1-135
2020-05-09 10:18:49,695 INFO o.a.j.t.JMeterThread: Thread finished: Thread Group 1-135
2020-05-09 10:18:49,702 INFO o.a.j.t.JMeterThread: Stopping because end time detected by thread: Thread Group 1-21
2020-05-09 10:18:49,702 INFO o.a.j.t.JMeterThread: Thread finished: Thread Group 1-21
2020-05-09 10:18:49,703 INFO o.a.j.t.JMeterThread: Stopping because end time detected by thread: Thread Group 1-103
2020-05-09 10:18:49,703 INFO o.a.j.t.JMeterThread: Thread finished: Thread Group 1-103
2020-05-09 10:18:49,725 INFO o.a.j.t.JMeterThread: Stopping because end time detected by thread: Thread Group 1-95
2020-05-09 10:18:49,725 INFO o.a.j.t.JMeterThread: Thread finished: Thread Group 1-95
2020-05-09 10:18:49,739 INFO o.a.j.t.JMeterThread: Stopping because end time detected by thread: Thread Group 1-142
2020-05-09 10:18:49,739 INFO o.a.j.t.JMeterThread: Thread finished: Thread Group 1-142
2020-05-09 10:18:49,749 INFO o.a.j.t.JMeterThread: Stopping because end time detected by thread: Thread Group 1-4
2020-05-09 10:18:49,749 INFO o.a.j.t.JMeterThread: Thread finished: Thread Group 1-4
2020-05-09 10:18:49,778 INFO o.a.j.t.JMeterThread: Stopping because end time detected by thread: Thread Group 1-98
2020-05-09 10:18:49,779 INFO o.a.j.t.JMeterThread: Thread finished: Thread Group 1-98
2020-05-09 10:18:49,789 INFO o.a.j.t.JMeterThread: Stopping because end time detected by thread: Thread Group 1-127
2020-05-09 10:18:49,789 INFO o.a.j.t.JMeterThread: Thread finished: Thread Group 1-127
2020-05-09 10:18:49,816 INFO o.a.j.t.JMeterThread: Stopping because end time detected by thread: Thread Group 1-78
2020-05-09 10:18:49,816 INFO o.a.j.t.JMeterThread: Thread finished: Thread Group 1-78
2020-05-09 10:18:49,833 INFO o.a.j.t.JMeterThread: Stopping because end time detected by thread: Thread Group 1-91
2020-05-09 10:18:49,834 INFO o.a.j.t.JMeterThread: Thread finished: Thread Group 1-91
2020-05-09 10:18:49,841 INFO o.a.j.t.JMeterThread: Stopping because end time detected by thread: Thread Group 1-5
2020-05-09 10:18:49,841 INFO o.a.j.t.JMeterThread: Thread finished: Thread Group 1-5
2020-05-09 10:18:49,843 INFO o.a.j.t.JMeterThread: Stopping because end time detected by thread: Thread Group 1-33
2020-05-09 10:18:49,843 INFO o.a.j.t.JMeterThread: Thread finished: Thread Group 1-33
2020-05-09 10:18:50,050 INFO o.a.j.t.JMeterThread: Stopping because end time detected by thread: Thread Group 1-83
2020-05-09 10:18:50,050 INFO o.a.j.t.JMeterThread: Thread finished: Thread Group 1-83
2020-05-09 10:18:50,051 INFO o.a.j.t.JMeterThread: Stopping because end time detected by thread: Thread Group 1-137
2020-05-09 10:18:50,051 INFO o.a.j.t.JMeterThread: Thread finished: Thread Group 1-137
2020-05-09 10:18:50,124 INFO o.a.j.t.JMeterThread: Stopping because end time detected by thread: Thread Group 1-123
2020-05-09 10:18:50,124 INFO o.a.j.t.JMeterThread: Thread finished: Thread Group 1-123
2020-05-09 10:18:50,175 INFO o.a.j.t.JMeterThread: Stopping because end time detected by thread: Thread Group 1-67
2020-05-09 10:18:50,175 INFO o.a.j.t.JMeterThread: Thread finished: Thread Group 1-67
2020-05-09 10:18:50,324 INFO o.a.j.t.JMeterThread: Stopping because end time detected by thread: Thread Group 1-61
2020-05-09 10:18:50,324 INFO o.a.j.t.JMeterThread: Thread finished: Thread Group 1-61
2020-05-09 10:18:50,330 INFO o.a.j.t.JMeterThread: Stopping because end time detected by thread: Thread Group 1-97
2020-05-09 10:18:50,330 INFO o.a.j.t.JMeterThread: Thread finished: Thread Group 1-97
2020-05-09 10:18:50,336 INFO o.a.j.t.JMeterThread: Stopping because end time detected by thread: Thread Group 1-148
2020-05-09 10:18:50,336 INFO o.a.j.t.JMeterThread: Thread finished: Thread Group 1-148
2020-05-09 10:18:50,341 INFO o.a.j.t.JMeterThread: Stopping because end time detected by thread: Thread Group 1-44
2020-05-09 10:18:50,341 INFO o.a.j.t.JMeterThread: Thread finished: Thread Group 1-44
2020-05-09 10:18:50,358 INFO o.a.j.t.JMeterThread: Stopping because end time detected by thread: Thread Group 1-29
2020-05-09 10:18:50,358 INFO o.a.j.t.JMeterThread: Thread finished: Thread Group 1-29
2020-05-09 10:18:50,377 INFO o.a.j.t.JMeterThread: Stopping because end time detected by thread: Thread Group 1-118
2020-05-09 10:18:50,377 INFO o.a.j.t.JMeterThread: Thread finished: Thread Group 1-118
2020-05-09 10:18:50,383 INFO o.a.j.t.JMeterThread: Stopping because end time detected by thread: Thread Group 1-156
2020-05-09 10:18:50,383 INFO o.a.j.t.JMeterThread: Thread finished: Thread Group 1-156
2020-05-09 10:18:50,411 INFO o.a.j.t.JMeterThread: Stopping because end time detected by thread: Thread Group 1-81
2020-05-09 10:18:50,411 INFO o.a.j.t.JMeterThread: Thread finished: Thread Group 1-81
2020-05-09 10:18:50,573 INFO o.a.j.t.JMeterThread: Stopping because end time detected by thread: Thread Group 1-102
2020-05-09 10:18:50,573 INFO o.a.j.t.JMeterThread: Thread finished: Thread Group 1-102
2020-05-09 10:18:50,607 INFO o.a.j.t.JMeterThread: Stopping because end time detected by thread: Thread Group 1-72
2020-05-09 10:18:50,607 INFO o.a.j.t.JMeterThread: Thread finished: Thread Group 1-72
2020-05-09 10:18:50,623 INFO o.a.j.t.JMeterThread: Stopping because end time detected by thread: Thread Group 1-56
2020-05-09 10:18:50,623 INFO o.a.j.t.JMeterThread: Thread finished: Thread Group 1-56
2020-05-09 10:18:50,648 INFO o.a.j.t.JMeterThread: Stopping because end time detected by thread: Thread Group 1-16
2020-05-09 10:18:50,648 INFO o.a.j.t.JMeterThread: Thread finished: Thread Group 1-16
2020-05-09 10:18:50,659 INFO o.a.j.t.JMeterThread: Stopping because end time detected by thread: Thread Group 1-34
2020-05-09 10:18:50,659 INFO o.a.j.t.JMeterThread: Thread finished: Thread Group 1-34
2020-05-09 10:18:50,683 INFO o.a.j.t.JMeterThread: Stopping because end time detected by thread: Thread Group 1-138
2020-05-09 10:18:50,683 INFO o.a.j.t.JMeterThread: Thread finished: Thread Group 1-138
2020-05-09 10:18:50,689 INFO o.a.j.t.JMeterThread: Stopping because end time detected by thread: Thread Group 1-48
2020-05-09 10:18:50,689 INFO o.a.j.t.JMeterThread: Thread finished: Thread Group 1-48
2020-05-09 10:18:50,768 INFO o.a.j.t.JMeterThread: Stopping because end time detected by thread: Thread Group 1-153
2020-05-09 10:18:50,768 INFO o.a.j.t.JMeterThread: Thread finished: Thread Group 1-153
2020-05-09 10:18:50,788 INFO o.a.j.t.JMeterThread: Stopping because end time detected by thread: Thread Group 1-43
2020-05-09 10:18:50,788 INFO o.a.j.t.JMeterThread: Thread finished: Thread Group 1-43
2020-05-09 10:18:50,813 INFO o.a.j.t.JMeterThread: Stopping because end time detected by thread: Thread Group 1-30
2020-05-09 10:18:50,813 INFO o.a.j.t.JMeterThread: Thread finished: Thread Group 1-30
2020-05-09 10:18:50,817 INFO o.a.j.t.JMeterThread: Stopping because end time detected by thread: Thread Group 1-86
2020-05-09 10:18:50,817 INFO o.a.j.t.JMeterThread: Thread finished: Thread Group 1-86
2020-05-09 10:18:50,849 INFO o.a.j.t.JMeterThread: Stopping because end time detected by thread: Thread Group 1-18
2020-05-09 10:18:50,849 INFO o.a.j.t.JMeterThread: Thread finished: Thread Group 1-18
2020-05-09 10:18:50,870 INFO o.a.j.t.JMeterThread: Stopping because end time detected by thread: Thread Group 1-69
2020-05-09 10:18:50,870 INFO o.a.j.t.JMeterThread: Thread finished: Thread Group 1-69
2020-05-09 10:18:50,921 INFO o.a.j.t.JMeterThread: Stopping because end time detected by thread: Thread Group 1-22
2020-05-09 10:18:50,921 INFO o.a.j.t.JMeterThread: Thread finished: Thread Group 1-22
2020-05-09 10:18:50,936 INFO o.a.j.t.JMeterThread: Stopping because end time detected by thread: Thread Group 1-66
2020-05-09 10:18:50,936 INFO o.a.j.t.JMeterThread: Thread finished: Thread Group 1-66
2020-05-09 10:18:50,937 INFO o.a.j.e.StandardJMeterEngine: Notifying test listeners of end of test
2020-05-09 10:18:50,939 INFO o.a.j.r.Summariser: summary +    259 in 00:00:21 =   12.4/s Avg: 17104 Min:   252 Max: 58043 Err:     0 (0.00%) Active: 0 Started: 160 Finished: 160
2020-05-09 10:18:50,940 INFO o.a.j.r.Summariser: summary =  16776 in 00:10:40 =   26.2/s Avg:  5931 Min:    23 Max: 80832 Err:     0 (0.00%)
