2020-03-23 21:09:19,616 INFO o.a.j.u.JMeterUtils: Setting Locale to en_US
2020-03-23 21:09:19,647 INFO o.a.j.JMeter: Loading user properties from: /home/pablo/jmeter/bin/user.properties
2020-03-23 21:09:19,648 INFO o.a.j.JMeter: Loading system properties from: /home/pablo/jmeter/bin/system.properties
2020-03-23 21:09:19,649 INFO o.a.j.JMeter: Setting System property: HILOS=150
2020-03-23 21:09:19,649 INFO o.a.j.JMeter: Setting System property: SUBIDA=60
2020-03-23 21:09:19,650 INFO o.a.j.JMeter: Setting System property: DURACION=300
2020-03-23 21:09:19,650 INFO o.a.j.JMeter: Setting System property: PAGE=/test/imageng.html
2020-03-23 21:09:19,650 INFO o.a.j.JMeter: Setting System property: FILE=scriptresultsperfmonG150.jtl
2020-03-23 21:09:19,653 INFO o.a.j.JMeter: Copyright (c) 1998-2019 The Apache Software Foundation
2020-03-23 21:09:19,653 INFO o.a.j.JMeter: Version 5.2.1
2020-03-23 21:09:19,654 INFO o.a.j.JMeter: java.version=1.8.0_201
2020-03-23 21:09:19,654 INFO o.a.j.JMeter: java.vm.name=Java HotSpot(TM) 64-Bit Server VM
2020-03-23 21:09:19,654 INFO o.a.j.JMeter: os.name=Linux
2020-03-23 21:09:19,655 INFO o.a.j.JMeter: os.arch=amd64
2020-03-23 21:09:19,655 INFO o.a.j.JMeter: os.version=4.15.0-91-generic
2020-03-23 21:09:19,655 INFO o.a.j.JMeter: file.encoding=UTF-8
2020-03-23 21:09:19,655 INFO o.a.j.JMeter: java.awt.headless=true
2020-03-23 21:09:19,656 INFO o.a.j.JMeter: Max memory     =732954624
2020-03-23 21:09:19,656 INFO o.a.j.JMeter: Available Processors =4
2020-03-23 21:09:19,663 INFO o.a.j.JMeter: Default Locale=English (United States)
2020-03-23 21:09:19,664 INFO o.a.j.JMeter: JMeter  Locale=English (United States)
2020-03-23 21:09:19,664 INFO o.a.j.JMeter: JMeterHome=/home/pablo/jmeter
2020-03-23 21:09:19,665 INFO o.a.j.JMeter: user.dir  =/home/pablo/jmeter/bin/EJECUCIONES
2020-03-23 21:09:19,665 INFO o.a.j.JMeter: PWD       =/home/pablo/jmeter/bin/EJECUCIONES
2020-03-23 21:09:19,666 INFO o.a.j.JMeter: IP: 127.0.1.1 Name: hylianpablo FullName: hylianpablo
2020-03-23 21:09:19,675 INFO o.a.j.s.FileServer: Default base='/home/pablo/jmeter/bin/EJECUCIONES'
2020-03-23 21:09:19,684 INFO o.a.j.s.FileServer: Set new base='/home/pablo/jmeter/bin/EJECUCIONES/..'
2020-03-23 21:09:19,954 INFO o.a.j.s.SaveService: Testplan (JMX) version: 2.2. Testlog (JTL) version: 2.2
2020-03-23 21:09:19,972 INFO o.a.j.s.SaveService: Using SaveService properties file encoding UTF-8
2020-03-23 21:09:19,984 INFO o.a.j.s.SaveService: Using SaveService properties version 5.0
2020-03-23 21:09:20,002 INFO o.a.j.s.SaveService: Loading file: ../Correcto.jmx
2020-03-23 21:09:20,116 INFO o.a.j.p.h.s.HTTPSamplerBase: Parser for text/html is org.apache.jmeter.protocol.http.parser.LagartoBasedHtmlParser
2020-03-23 21:09:20,116 INFO o.a.j.p.h.s.HTTPSamplerBase: Parser for application/xhtml+xml is org.apache.jmeter.protocol.http.parser.LagartoBasedHtmlParser
2020-03-23 21:09:20,117 INFO o.a.j.p.h.s.HTTPSamplerBase: Parser for application/xml is org.apache.jmeter.protocol.http.parser.LagartoBasedHtmlParser
2020-03-23 21:09:20,117 INFO o.a.j.p.h.s.HTTPSamplerBase: Parser for text/xml is org.apache.jmeter.protocol.http.parser.LagartoBasedHtmlParser
2020-03-23 21:09:20,117 INFO o.a.j.p.h.s.HTTPSamplerBase: Parser for text/vnd.wap.wml is org.apache.jmeter.protocol.http.parser.RegexpHTMLParser
2020-03-23 21:09:20,117 INFO o.a.j.p.h.s.HTTPSamplerBase: Parser for text/css is org.apache.jmeter.protocol.http.parser.CssParser
2020-03-23 21:09:20,170 INFO o.a.j.p.h.c.CacheManager: Will only cache the following methods: [GET]
2020-03-23 21:09:20,215 INFO o.a.j.JMeter: Creating summariser <summary>
2020-03-23 21:09:20,230 INFO o.a.j.e.StandardJMeterEngine: Running the test!
2020-03-23 21:09:20,232 INFO o.a.j.s.SampleEvent: List of sample_variables: []
2020-03-23 21:09:20,232 INFO o.a.j.s.SampleEvent: List of sample_variables: []
2020-03-23 21:09:20,250 INFO o.a.j.e.u.CompoundVariable: Note: Function class names must contain the string: '.functions.'
2020-03-23 21:09:20,250 INFO o.a.j.e.u.CompoundVariable: Note: Function class names must not contain the string: '.gui.'
2020-03-23 21:09:21,171 INFO o.a.j.JMeter: Running test (1584994161171)
2020-03-23 21:09:21,269 INFO o.a.j.e.StandardJMeterEngine: Starting ThreadGroup: 1 : Grupo De Hilos
2020-03-23 21:09:21,269 INFO o.a.j.e.StandardJMeterEngine: Starting 150 threads for group Grupo De Hilos.
2020-03-23 21:09:21,270 INFO o.a.j.e.StandardJMeterEngine: Thread will continue on error
2020-03-23 21:09:21,270 INFO o.a.j.t.ThreadGroup: Starting thread group... number=1 threads=150 ramp-up=60 delayedStart=false
2020-03-23 21:09:21,274 INFO o.a.j.s.SampleResult: Note: Sample TimeStamps are START times
2020-03-23 21:09:21,275 INFO o.a.j.s.SampleResult: sampleresult.default.encoding is set to ISO-8859-1
2020-03-23 21:09:21,276 INFO o.a.j.s.SampleResult: sampleresult.useNanoTime=true
2020-03-23 21:09:21,276 INFO o.a.j.s.SampleResult: sampleresult.nanoThreadSleep=5000
2020-03-23 21:09:21,287 INFO o.a.j.t.JMeterThread: Thread started: Grupo De Hilos 1-1
2020-03-23 21:09:21,348 INFO o.a.j.p.h.s.HTTPHCAbstractImpl: Local host = hylianpablo
2020-03-23 21:09:21,364 INFO o.a.j.p.h.s.HTTPHC4Impl: HTTP request retry count = 0
2020-03-23 21:09:21,559 INFO o.a.j.t.ThreadGroup: Started thread group number 1
2020-03-23 21:09:21,559 INFO o.a.j.e.StandardJMeterEngine: All thread groups have been started
2020-03-23 21:09:21,675 INFO o.a.j.t.JMeterThread: Thread started: Grupo De Hilos 1-2
2020-03-23 21:09:22,074 INFO o.a.j.t.JMeterThread: Thread started: Grupo De Hilos 1-3
2020-03-23 21:09:22,481 INFO o.a.j.t.JMeterThread: Thread started: Grupo De Hilos 1-4
2020-03-23 21:09:22,876 INFO o.a.j.t.JMeterThread: Thread started: Grupo De Hilos 1-5
2020-03-23 21:09:23,273 INFO o.a.j.t.JMeterThread: Thread started: Grupo De Hilos 1-6
2020-03-23 21:09:23,673 INFO o.a.j.t.JMeterThread: Thread started: Grupo De Hilos 1-7
2020-03-23 21:09:24,078 INFO o.a.j.t.JMeterThread: Thread started: Grupo De Hilos 1-8
2020-03-23 21:09:24,476 INFO o.a.j.t.JMeterThread: Thread started: Grupo De Hilos 1-9
2020-03-23 21:09:24,874 INFO o.a.j.t.JMeterThread: Thread started: Grupo De Hilos 1-10
2020-03-23 21:09:25,277 INFO o.a.j.t.JMeterThread: Thread started: Grupo De Hilos 1-11
2020-03-23 21:09:25,676 INFO o.a.j.t.JMeterThread: Thread started: Grupo De Hilos 1-12
2020-03-23 21:09:26,078 INFO o.a.j.t.JMeterThread: Thread started: Grupo De Hilos 1-13
2020-03-23 21:09:26,477 INFO o.a.j.t.JMeterThread: Thread started: Grupo De Hilos 1-14
2020-03-23 21:09:26,872 INFO o.a.j.t.JMeterThread: Thread started: Grupo De Hilos 1-15
2020-03-23 21:09:27,271 INFO o.a.j.t.JMeterThread: Thread started: Grupo De Hilos 1-16
2020-03-23 21:09:27,671 INFO o.a.j.t.JMeterThread: Thread started: Grupo De Hilos 1-17
2020-03-23 21:09:28,074 INFO o.a.j.t.JMeterThread: Thread started: Grupo De Hilos 1-18
2020-03-23 21:09:28,472 INFO o.a.j.t.JMeterThread: Thread started: Grupo De Hilos 1-19
2020-03-23 21:09:28,871 INFO o.a.j.t.JMeterThread: Thread started: Grupo De Hilos 1-20
2020-03-23 21:09:29,272 INFO o.a.j.t.JMeterThread: Thread started: Grupo De Hilos 1-21
2020-03-23 21:09:29,674 INFO o.a.j.t.JMeterThread: Thread started: Grupo De Hilos 1-22
2020-03-23 21:09:30,072 INFO o.a.j.t.JMeterThread: Thread started: Grupo De Hilos 1-23
2020-03-23 21:09:30,136 INFO o.a.j.r.Summariser: summary +     23 in 00:00:09 =    2.6/s Avg:    54 Min:    38 Max:   109 Err:     0 (0.00%) Active: 23 Started: 23 Finished: 0
2020-03-23 21:09:30,471 INFO o.a.j.t.JMeterThread: Thread started: Grupo De Hilos 1-24
2020-03-23 21:09:30,871 INFO o.a.j.t.JMeterThread: Thread started: Grupo De Hilos 1-25
2020-03-23 21:09:31,272 INFO o.a.j.t.JMeterThread: Thread started: Grupo De Hilos 1-26
2020-03-23 21:09:31,671 INFO o.a.j.t.JMeterThread: Thread started: Grupo De Hilos 1-27
2020-03-23 21:09:32,083 INFO o.a.j.t.JMeterThread: Thread started: Grupo De Hilos 1-28
2020-03-23 21:09:32,476 INFO o.a.j.t.JMeterThread: Thread started: Grupo De Hilos 1-29
2020-03-23 21:09:32,875 INFO o.a.j.t.JMeterThread: Thread started: Grupo De Hilos 1-30
2020-03-23 21:09:33,280 INFO o.a.j.t.JMeterThread: Thread started: Grupo De Hilos 1-31
2020-03-23 21:09:33,672 INFO o.a.j.t.JMeterThread: Thread started: Grupo De Hilos 1-32
2020-03-23 21:09:34,071 INFO o.a.j.t.JMeterThread: Thread started: Grupo De Hilos 1-33
2020-03-23 21:09:34,472 INFO o.a.j.t.JMeterThread: Thread started: Grupo De Hilos 1-34
2020-03-23 21:09:34,872 INFO o.a.j.t.JMeterThread: Thread started: Grupo De Hilos 1-35
2020-03-23 21:09:35,271 INFO o.a.j.t.JMeterThread: Thread started: Grupo De Hilos 1-36
2020-03-23 21:09:35,672 INFO o.a.j.t.JMeterThread: Thread started: Grupo De Hilos 1-37
2020-03-23 21:09:36,071 INFO o.a.j.t.JMeterThread: Thread started: Grupo De Hilos 1-38
2020-03-23 21:09:36,471 INFO o.a.j.t.JMeterThread: Thread started: Grupo De Hilos 1-39
2020-03-23 21:09:36,871 INFO o.a.j.t.JMeterThread: Thread started: Grupo De Hilos 1-40
2020-03-23 21:09:37,271 INFO o.a.j.t.JMeterThread: Thread started: Grupo De Hilos 1-41
2020-03-23 21:09:37,671 INFO o.a.j.t.JMeterThread: Thread started: Grupo De Hilos 1-42
2020-03-23 21:09:38,072 INFO o.a.j.t.JMeterThread: Thread started: Grupo De Hilos 1-43
2020-03-23 21:09:38,473 INFO o.a.j.t.JMeterThread: Thread started: Grupo De Hilos 1-44
2020-03-23 21:09:38,876 INFO o.a.j.t.JMeterThread: Thread started: Grupo De Hilos 1-45
2020-03-23 21:09:39,274 INFO o.a.j.t.JMeterThread: Thread started: Grupo De Hilos 1-46
2020-03-23 21:09:39,675 INFO o.a.j.t.JMeterThread: Thread started: Grupo De Hilos 1-47
2020-03-23 21:09:40,073 INFO o.a.j.t.JMeterThread: Thread started: Grupo De Hilos 1-48
2020-03-23 21:09:40,474 INFO o.a.j.t.JMeterThread: Thread started: Grupo De Hilos 1-49
2020-03-23 21:09:40,874 INFO o.a.j.t.JMeterThread: Thread started: Grupo De Hilos 1-50
2020-03-23 21:09:41,273 INFO o.a.j.t.JMeterThread: Thread started: Grupo De Hilos 1-51
2020-03-23 21:09:41,671 INFO o.a.j.t.JMeterThread: Thread started: Grupo De Hilos 1-52
2020-03-23 21:09:42,072 INFO o.a.j.t.JMeterThread: Thread started: Grupo De Hilos 1-53
2020-03-23 21:09:42,476 INFO o.a.j.t.JMeterThread: Thread started: Grupo De Hilos 1-54
2020-03-23 21:09:42,872 INFO o.a.j.t.JMeterThread: Thread started: Grupo De Hilos 1-55
2020-03-23 21:09:43,276 INFO o.a.j.t.JMeterThread: Thread started: Grupo De Hilos 1-56
2020-03-23 21:09:43,672 INFO o.a.j.t.JMeterThread: Thread started: Grupo De Hilos 1-57
2020-03-23 21:09:44,072 INFO o.a.j.t.JMeterThread: Thread started: Grupo De Hilos 1-58
2020-03-23 21:09:44,470 INFO o.a.j.t.JMeterThread: Thread started: Grupo De Hilos 1-59
2020-03-23 21:09:44,871 INFO o.a.j.t.JMeterThread: Thread started: Grupo De Hilos 1-60
2020-03-23 21:09:45,271 INFO o.a.j.t.JMeterThread: Thread started: Grupo De Hilos 1-61
2020-03-23 21:09:45,672 INFO o.a.j.t.JMeterThread: Thread started: Grupo De Hilos 1-62
2020-03-23 21:09:46,071 INFO o.a.j.t.JMeterThread: Thread started: Grupo De Hilos 1-63
2020-03-23 21:09:46,473 INFO o.a.j.t.JMeterThread: Thread started: Grupo De Hilos 1-64
2020-03-23 21:09:46,876 INFO o.a.j.t.JMeterThread: Thread started: Grupo De Hilos 1-65
2020-03-23 21:09:47,280 INFO o.a.j.t.JMeterThread: Thread started: Grupo De Hilos 1-66
2020-03-23 21:09:47,672 INFO o.a.j.t.JMeterThread: Thread started: Grupo De Hilos 1-67
2020-03-23 21:09:48,072 INFO o.a.j.t.JMeterThread: Thread started: Grupo De Hilos 1-68
2020-03-23 21:09:48,473 INFO o.a.j.t.JMeterThread: Thread started: Grupo De Hilos 1-69
2020-03-23 21:09:48,872 INFO o.a.j.t.JMeterThread: Thread started: Grupo De Hilos 1-70
2020-03-23 21:09:49,271 INFO o.a.j.t.JMeterThread: Thread started: Grupo De Hilos 1-71
2020-03-23 21:09:49,672 INFO o.a.j.t.JMeterThread: Thread started: Grupo De Hilos 1-72
2020-03-23 21:09:50,072 INFO o.a.j.t.JMeterThread: Thread started: Grupo De Hilos 1-73
2020-03-23 21:09:50,474 INFO o.a.j.t.JMeterThread: Thread started: Grupo De Hilos 1-74
2020-03-23 21:09:50,873 INFO o.a.j.t.JMeterThread: Thread started: Grupo De Hilos 1-75
2020-03-23 21:09:51,276 INFO o.a.j.t.JMeterThread: Thread started: Grupo De Hilos 1-76
2020-03-23 21:09:51,676 INFO o.a.j.t.JMeterThread: Thread started: Grupo De Hilos 1-77
2020-03-23 21:09:52,072 INFO o.a.j.t.JMeterThread: Thread started: Grupo De Hilos 1-78
2020-03-23 21:09:52,488 INFO o.a.j.t.JMeterThread: Thread started: Grupo De Hilos 1-79
2020-03-23 21:09:52,873 INFO o.a.j.t.JMeterThread: Thread started: Grupo De Hilos 1-80
2020-03-23 21:09:53,282 INFO o.a.j.t.JMeterThread: Thread started: Grupo De Hilos 1-81
2020-03-23 21:09:53,674 INFO o.a.j.t.JMeterThread: Thread started: Grupo De Hilos 1-82
2020-03-23 21:09:54,072 INFO o.a.j.t.JMeterThread: Thread started: Grupo De Hilos 1-83
2020-03-23 21:09:54,480 INFO o.a.j.t.JMeterThread: Thread started: Grupo De Hilos 1-84
2020-03-23 21:09:54,875 INFO o.a.j.t.JMeterThread: Thread started: Grupo De Hilos 1-85
2020-03-23 21:09:55,287 INFO o.a.j.t.JMeterThread: Thread started: Grupo De Hilos 1-86
2020-03-23 21:09:55,676 INFO o.a.j.t.JMeterThread: Thread started: Grupo De Hilos 1-87
2020-03-23 21:09:56,075 INFO o.a.j.t.JMeterThread: Thread started: Grupo De Hilos 1-88
2020-03-23 21:09:56,472 INFO o.a.j.t.JMeterThread: Thread started: Grupo De Hilos 1-89
2020-03-23 21:09:56,872 INFO o.a.j.t.JMeterThread: Thread started: Grupo De Hilos 1-90
2020-03-23 21:09:57,272 INFO o.a.j.t.JMeterThread: Thread started: Grupo De Hilos 1-91
2020-03-23 21:09:57,672 INFO o.a.j.t.JMeterThread: Thread started: Grupo De Hilos 1-92
2020-03-23 21:09:58,076 INFO o.a.j.t.JMeterThread: Thread started: Grupo De Hilos 1-93
2020-03-23 21:09:58,476 INFO o.a.j.t.JMeterThread: Thread started: Grupo De Hilos 1-94
2020-03-23 21:09:58,878 INFO o.a.j.t.JMeterThread: Thread started: Grupo De Hilos 1-95
2020-03-23 21:09:59,275 INFO o.a.j.t.JMeterThread: Thread started: Grupo De Hilos 1-96
2020-03-23 21:09:59,676 INFO o.a.j.t.JMeterThread: Thread started: Grupo De Hilos 1-97
2020-03-23 21:10:00,078 INFO o.a.j.t.JMeterThread: Thread started: Grupo De Hilos 1-98
2020-03-23 21:10:00,147 INFO o.a.j.r.Summariser: summary +     75 in 00:00:30 =    2.5/s Avg:    53 Min:    35 Max:   165 Err:     0 (0.00%) Active: 98 Started: 98 Finished: 0
2020-03-23 21:10:00,148 INFO o.a.j.r.Summariser: summary =     98 in 00:00:39 =    2.5/s Avg:    53 Min:    35 Max:   165 Err:     0 (0.00%)
2020-03-23 21:10:00,472 INFO o.a.j.t.JMeterThread: Thread started: Grupo De Hilos 1-99
2020-03-23 21:10:00,875 INFO o.a.j.t.JMeterThread: Thread started: Grupo De Hilos 1-100
2020-03-23 21:10:01,272 INFO o.a.j.t.JMeterThread: Thread started: Grupo De Hilos 1-101
2020-03-23 21:10:01,672 INFO o.a.j.t.JMeterThread: Thread started: Grupo De Hilos 1-102
2020-03-23 21:10:02,072 INFO o.a.j.t.JMeterThread: Thread started: Grupo De Hilos 1-103
2020-03-23 21:10:02,473 INFO o.a.j.t.JMeterThread: Thread started: Grupo De Hilos 1-104
2020-03-23 21:10:02,871 INFO o.a.j.t.JMeterThread: Thread started: Grupo De Hilos 1-105
2020-03-23 21:10:03,272 INFO o.a.j.t.JMeterThread: Thread started: Grupo De Hilos 1-106
2020-03-23 21:10:03,675 INFO o.a.j.t.JMeterThread: Thread started: Grupo De Hilos 1-107
2020-03-23 21:10:04,072 INFO o.a.j.t.JMeterThread: Thread started: Grupo De Hilos 1-108
2020-03-23 21:10:04,476 INFO o.a.j.t.JMeterThread: Thread started: Grupo De Hilos 1-109
2020-03-23 21:10:04,871 INFO o.a.j.t.JMeterThread: Thread started: Grupo De Hilos 1-110
2020-03-23 21:10:05,271 INFO o.a.j.t.JMeterThread: Thread started: Grupo De Hilos 1-111
2020-03-23 21:10:05,672 INFO o.a.j.t.JMeterThread: Thread started: Grupo De Hilos 1-112
2020-03-23 21:10:06,073 INFO o.a.j.t.JMeterThread: Thread started: Grupo De Hilos 1-113
2020-03-23 21:10:06,472 INFO o.a.j.t.JMeterThread: Thread started: Grupo De Hilos 1-114
2020-03-23 21:10:06,873 INFO o.a.j.t.JMeterThread: Thread started: Grupo De Hilos 1-115
2020-03-23 21:10:07,277 INFO o.a.j.t.JMeterThread: Thread started: Grupo De Hilos 1-116
2020-03-23 21:10:07,676 INFO o.a.j.t.JMeterThread: Thread started: Grupo De Hilos 1-117
2020-03-23 21:10:08,072 INFO o.a.j.t.JMeterThread: Thread started: Grupo De Hilos 1-118
2020-03-23 21:10:08,482 INFO o.a.j.t.JMeterThread: Thread started: Grupo De Hilos 1-119
2020-03-23 21:10:08,881 INFO o.a.j.t.JMeterThread: Thread started: Grupo De Hilos 1-120
2020-03-23 21:10:09,282 INFO o.a.j.t.JMeterThread: Thread started: Grupo De Hilos 1-121
2020-03-23 21:10:09,679 INFO o.a.j.t.JMeterThread: Thread started: Grupo De Hilos 1-122
2020-03-23 21:10:10,072 INFO o.a.j.t.JMeterThread: Thread started: Grupo De Hilos 1-123
2020-03-23 21:10:10,471 INFO o.a.j.t.JMeterThread: Thread started: Grupo De Hilos 1-124
2020-03-23 21:10:10,877 INFO o.a.j.t.JMeterThread: Thread started: Grupo De Hilos 1-125
2020-03-23 21:10:11,288 INFO o.a.j.t.JMeterThread: Thread started: Grupo De Hilos 1-126
2020-03-23 21:10:11,684 INFO o.a.j.t.JMeterThread: Thread started: Grupo De Hilos 1-127
2020-03-23 21:10:12,079 INFO o.a.j.t.JMeterThread: Thread started: Grupo De Hilos 1-128
2020-03-23 21:10:12,480 INFO o.a.j.t.JMeterThread: Thread started: Grupo De Hilos 1-129
2020-03-23 21:10:12,875 INFO o.a.j.t.JMeterThread: Thread started: Grupo De Hilos 1-130
2020-03-23 21:10:13,274 INFO o.a.j.t.JMeterThread: Thread started: Grupo De Hilos 1-131
2020-03-23 21:10:13,676 INFO o.a.j.t.JMeterThread: Thread started: Grupo De Hilos 1-132
2020-03-23 21:10:14,072 INFO o.a.j.t.JMeterThread: Thread started: Grupo De Hilos 1-133
2020-03-23 21:10:14,472 INFO o.a.j.t.JMeterThread: Thread started: Grupo De Hilos 1-134
2020-03-23 21:10:14,872 INFO o.a.j.t.JMeterThread: Thread started: Grupo De Hilos 1-135
2020-03-23 21:10:15,272 INFO o.a.j.t.JMeterThread: Thread started: Grupo De Hilos 1-136
2020-03-23 21:10:15,680 INFO o.a.j.t.JMeterThread: Thread started: Grupo De Hilos 1-137
2020-03-23 21:10:16,071 INFO o.a.j.t.JMeterThread: Thread started: Grupo De Hilos 1-138
2020-03-23 21:10:16,471 INFO o.a.j.t.JMeterThread: Thread started: Grupo De Hilos 1-139
2020-03-23 21:10:16,871 INFO o.a.j.t.JMeterThread: Thread started: Grupo De Hilos 1-140
2020-03-23 21:10:17,271 INFO o.a.j.t.JMeterThread: Thread started: Grupo De Hilos 1-141
2020-03-23 21:10:17,671 INFO o.a.j.t.JMeterThread: Thread started: Grupo De Hilos 1-142
2020-03-23 21:10:18,072 INFO o.a.j.t.JMeterThread: Thread started: Grupo De Hilos 1-143
2020-03-23 21:10:18,471 INFO o.a.j.t.JMeterThread: Thread started: Grupo De Hilos 1-144
2020-03-23 21:10:18,876 INFO o.a.j.t.JMeterThread: Thread started: Grupo De Hilos 1-145
2020-03-23 21:10:19,272 INFO o.a.j.t.JMeterThread: Thread started: Grupo De Hilos 1-146
2020-03-23 21:10:19,671 INFO o.a.j.t.JMeterThread: Thread started: Grupo De Hilos 1-147
2020-03-23 21:10:20,071 INFO o.a.j.t.JMeterThread: Thread started: Grupo De Hilos 1-148
2020-03-23 21:10:20,471 INFO o.a.j.t.JMeterThread: Thread started: Grupo De Hilos 1-149
2020-03-23 21:10:20,873 INFO o.a.j.t.JMeterThread: Thread started: Grupo De Hilos 1-150
2020-03-23 21:14:21,287 INFO o.a.j.t.JMeterThread: Stopping because end time detected by thread: Grupo De Hilos 1-5
2020-03-23 21:14:21,287 INFO o.a.j.t.JMeterThread: Thread finished: Grupo De Hilos 1-5
2020-03-23 21:14:21,292 INFO o.a.j.t.JMeterThread: Stopping because end time detected by thread: Grupo De Hilos 1-2
2020-03-23 21:14:21,292 INFO o.a.j.t.JMeterThread: Thread finished: Grupo De Hilos 1-2
2020-03-23 21:14:21,294 INFO o.a.j.t.JMeterThread: Stopping because end time detected by thread: Grupo De Hilos 1-9
2020-03-23 21:14:21,294 INFO o.a.j.t.JMeterThread: Thread finished: Grupo De Hilos 1-9
2020-03-23 21:14:21,308 INFO o.a.j.t.JMeterThread: Stopping because end time detected by thread: Grupo De Hilos 1-12
2020-03-23 21:14:21,308 INFO o.a.j.t.JMeterThread: Thread finished: Grupo De Hilos 1-12
2020-03-23 21:14:21,323 INFO o.a.j.t.JMeterThread: Stopping because end time detected by thread: Grupo De Hilos 1-19
2020-03-23 21:14:21,323 INFO o.a.j.t.JMeterThread: Thread finished: Grupo De Hilos 1-19
2020-03-23 21:14:21,332 INFO o.a.j.t.JMeterThread: Stopping because end time detected by thread: Grupo De Hilos 1-18
2020-03-23 21:14:21,332 INFO o.a.j.t.JMeterThread: Thread finished: Grupo De Hilos 1-18
2020-03-23 21:14:21,340 INFO o.a.j.t.JMeterThread: Stopping because end time detected by thread: Grupo De Hilos 1-17
2020-03-23 21:14:21,341 INFO o.a.j.t.JMeterThread: Thread finished: Grupo De Hilos 1-17
2020-03-23 21:14:21,348 INFO o.a.j.t.JMeterThread: Stopping because end time detected by thread: Grupo De Hilos 1-36
2020-03-23 21:14:21,349 INFO o.a.j.t.JMeterThread: Thread finished: Grupo De Hilos 1-36
2020-03-23 21:14:21,349 INFO o.a.j.t.JMeterThread: Stopping because end time detected by thread: Grupo De Hilos 1-34
2020-03-23 21:14:21,350 INFO o.a.j.t.JMeterThread: Thread finished: Grupo De Hilos 1-34
2020-03-23 21:14:21,352 INFO o.a.j.t.JMeterThread: Stopping because end time detected by thread: Grupo De Hilos 1-32
2020-03-23 21:14:21,352 INFO o.a.j.t.JMeterThread: Thread finished: Grupo De Hilos 1-32
2020-03-23 21:14:21,360 INFO o.a.j.t.JMeterThread: Stopping because end time detected by thread: Grupo De Hilos 1-42
2020-03-23 21:14:21,360 INFO o.a.j.t.JMeterThread: Stopping because end time detected by thread: Grupo De Hilos 1-20
2020-03-23 21:14:21,360 INFO o.a.j.t.JMeterThread: Thread finished: Grupo De Hilos 1-42
2020-03-23 21:14:21,361 INFO o.a.j.t.JMeterThread: Thread finished: Grupo De Hilos 1-20
2020-03-23 21:14:21,376 INFO o.a.j.t.JMeterThread: Stopping because end time detected by thread: Grupo De Hilos 1-41
2020-03-23 21:14:21,377 INFO o.a.j.t.JMeterThread: Thread finished: Grupo De Hilos 1-41
2020-03-23 21:14:21,377 INFO o.a.j.t.JMeterThread: Stopping because end time detected by thread: Grupo De Hilos 1-40
2020-03-23 21:14:21,377 INFO o.a.j.t.JMeterThread: Stopping because end time detected by thread: Grupo De Hilos 1-38
2020-03-23 21:14:21,377 INFO o.a.j.t.JMeterThread: Thread finished: Grupo De Hilos 1-38
2020-03-23 21:14:21,377 INFO o.a.j.t.JMeterThread: Thread finished: Grupo De Hilos 1-40
2020-03-23 21:14:21,380 INFO o.a.j.t.JMeterThread: Stopping because end time detected by thread: Grupo De Hilos 1-59
2020-03-23 21:14:21,380 INFO o.a.j.t.JMeterThread: Stopping because end time detected by thread: Grupo De Hilos 1-24
2020-03-23 21:14:21,380 INFO o.a.j.t.JMeterThread: Thread finished: Grupo De Hilos 1-24
2020-03-23 21:14:21,380 INFO o.a.j.t.JMeterThread: Thread finished: Grupo De Hilos 1-59
2020-03-23 21:14:21,381 INFO o.a.j.t.JMeterThread: Stopping because end time detected by thread: Grupo De Hilos 1-1
2020-03-23 21:14:21,381 INFO o.a.j.t.JMeterThread: Stopping because end time detected by thread: Grupo De Hilos 1-61
2020-03-23 21:14:21,381 INFO o.a.j.t.JMeterThread: Thread finished: Grupo De Hilos 1-1
2020-03-23 21:14:21,381 INFO o.a.j.t.JMeterThread: Thread finished: Grupo De Hilos 1-61
2020-03-23 21:14:21,382 INFO o.a.j.t.JMeterThread: Stopping because end time detected by thread: Grupo De Hilos 1-27
2020-03-23 21:14:21,382 INFO o.a.j.t.JMeterThread: Thread finished: Grupo De Hilos 1-27
2020-03-23 21:14:21,392 INFO o.a.j.t.JMeterThread: Stopping because end time detected by thread: Grupo De Hilos 1-35
2020-03-23 21:14:21,392 INFO o.a.j.t.JMeterThread: Thread finished: Grupo De Hilos 1-35
2020-03-23 21:14:21,393 INFO o.a.j.t.JMeterThread: Stopping because end time detected by thread: Grupo De Hilos 1-57
2020-03-23 21:14:21,393 INFO o.a.j.t.JMeterThread: Thread finished: Grupo De Hilos 1-57
2020-03-23 21:14:21,394 INFO o.a.j.t.JMeterThread: Stopping because end time detected by thread: Grupo De Hilos 1-54
2020-03-23 21:14:21,394 INFO o.a.j.t.JMeterThread: Thread finished: Grupo De Hilos 1-54
2020-03-23 21:14:21,420 INFO o.a.j.t.JMeterThread: Stopping because end time detected by thread: Grupo De Hilos 1-67
2020-03-23 21:14:21,421 INFO o.a.j.t.JMeterThread: Thread finished: Grupo De Hilos 1-67
2020-03-23 21:14:21,421 INFO o.a.j.t.JMeterThread: Stopping because end time detected by thread: Grupo De Hilos 1-51
2020-03-23 21:14:21,421 INFO o.a.j.t.JMeterThread: Thread finished: Grupo De Hilos 1-51
2020-03-23 21:14:21,423 INFO o.a.j.t.JMeterThread: Stopping because end time detected by thread: Grupo De Hilos 1-52
2020-03-23 21:14:21,423 INFO o.a.j.t.JMeterThread: Stopping because end time detected by thread: Grupo De Hilos 1-46
2020-03-23 21:14:21,423 INFO o.a.j.t.JMeterThread: Thread finished: Grupo De Hilos 1-52
2020-03-23 21:14:21,423 INFO o.a.j.t.JMeterThread: Thread finished: Grupo De Hilos 1-46
2020-03-23 21:14:21,424 INFO o.a.j.t.JMeterThread: Stopping because end time detected by thread: Grupo De Hilos 1-49
2020-03-23 21:14:21,424 INFO o.a.j.t.JMeterThread: Stopping because end time detected by thread: Grupo De Hilos 1-65
2020-03-23 21:14:21,424 INFO o.a.j.t.JMeterThread: Thread finished: Grupo De Hilos 1-49
2020-03-23 21:14:21,424 INFO o.a.j.t.JMeterThread: Thread finished: Grupo De Hilos 1-65
2020-03-23 21:14:21,425 INFO o.a.j.t.JMeterThread: Stopping because end time detected by thread: Grupo De Hilos 1-29
2020-03-23 21:14:21,425 INFO o.a.j.t.JMeterThread: Thread finished: Grupo De Hilos 1-29
2020-03-23 21:14:21,428 INFO o.a.j.t.JMeterThread: Stopping because end time detected by thread: Grupo De Hilos 1-64
2020-03-23 21:14:21,428 INFO o.a.j.t.JMeterThread: Thread finished: Grupo De Hilos 1-64
2020-03-23 21:14:21,429 INFO o.a.j.t.JMeterThread: Stopping because end time detected by thread: Grupo De Hilos 1-21
2020-03-23 21:14:21,429 INFO o.a.j.t.JMeterThread: Thread finished: Grupo De Hilos 1-21
2020-03-23 21:14:21,432 INFO o.a.j.t.JMeterThread: Stopping because end time detected by thread: Grupo De Hilos 1-53
2020-03-23 21:14:21,432 INFO o.a.j.t.JMeterThread: Thread finished: Grupo De Hilos 1-53
2020-03-23 21:14:21,436 INFO o.a.j.t.JMeterThread: Stopping because end time detected by thread: Grupo De Hilos 1-89
2020-03-23 21:14:21,436 INFO o.a.j.t.JMeterThread: Thread finished: Grupo De Hilos 1-89
2020-03-23 21:14:21,452 INFO o.a.j.t.JMeterThread: Stopping because end time detected by thread: Grupo De Hilos 1-76
2020-03-23 21:14:21,452 INFO o.a.j.t.JMeterThread: Stopping because end time detected by thread: Grupo De Hilos 1-33
2020-03-23 21:14:21,453 INFO o.a.j.t.JMeterThread: Thread finished: Grupo De Hilos 1-33
2020-03-23 21:14:21,453 INFO o.a.j.t.JMeterThread: Thread finished: Grupo De Hilos 1-76
2020-03-23 21:14:21,453 INFO o.a.j.t.JMeterThread: Stopping because end time detected by thread: Grupo De Hilos 1-23
2020-03-23 21:14:21,454 INFO o.a.j.t.JMeterThread: Thread finished: Grupo De Hilos 1-23
2020-03-23 21:14:21,454 INFO o.a.j.t.JMeterThread: Stopping because end time detected by thread: Grupo De Hilos 1-43
2020-03-23 21:14:21,454 INFO o.a.j.t.JMeterThread: Thread finished: Grupo De Hilos 1-43
2020-03-23 21:14:21,454 INFO o.a.j.t.JMeterThread: Stopping because end time detected by thread: Grupo De Hilos 1-37
2020-03-23 21:14:21,454 INFO o.a.j.t.JMeterThread: Thread finished: Grupo De Hilos 1-37
2020-03-23 21:14:21,455 INFO o.a.j.t.JMeterThread: Stopping because end time detected by thread: Grupo De Hilos 1-25
2020-03-23 21:14:21,456 INFO o.a.j.t.JMeterThread: Thread finished: Grupo De Hilos 1-25
2020-03-23 21:14:21,456 INFO o.a.j.t.JMeterThread: Stopping because end time detected by thread: Grupo De Hilos 1-58
2020-03-23 21:14:21,456 INFO o.a.j.t.JMeterThread: Thread finished: Grupo De Hilos 1-58
2020-03-23 21:14:21,456 INFO o.a.j.t.JMeterThread: Stopping because end time detected by thread: Grupo De Hilos 1-92
2020-03-23 21:14:21,456 INFO o.a.j.t.JMeterThread: Thread finished: Grupo De Hilos 1-92
2020-03-23 21:14:21,457 INFO o.a.j.t.JMeterThread: Stopping because end time detected by thread: Grupo De Hilos 1-99
2020-03-23 21:14:21,457 INFO o.a.j.t.JMeterThread: Stopping because end time detected by thread: Grupo De Hilos 1-73
2020-03-23 21:14:21,457 INFO o.a.j.t.JMeterThread: Thread finished: Grupo De Hilos 1-73
2020-03-23 21:14:21,458 INFO o.a.j.t.JMeterThread: Thread finished: Grupo De Hilos 1-99
2020-03-23 21:14:21,458 INFO o.a.j.t.JMeterThread: Stopping because end time detected by thread: Grupo De Hilos 1-7
2020-03-23 21:14:21,458 INFO o.a.j.t.JMeterThread: Thread finished: Grupo De Hilos 1-7
2020-03-23 21:14:21,459 INFO o.a.j.t.JMeterThread: Stopping because end time detected by thread: Grupo De Hilos 1-45
2020-03-23 21:14:21,459 INFO o.a.j.t.JMeterThread: Thread finished: Grupo De Hilos 1-45
2020-03-23 21:14:21,459 INFO o.a.j.t.JMeterThread: Stopping because end time detected by thread: Grupo De Hilos 1-6
2020-03-23 21:14:21,459 INFO o.a.j.t.JMeterThread: Thread finished: Grupo De Hilos 1-6
2020-03-23 21:14:21,464 INFO o.a.j.t.JMeterThread: Stopping because end time detected by thread: Grupo De Hilos 1-88
2020-03-23 21:14:21,464 INFO o.a.j.t.JMeterThread: Thread finished: Grupo De Hilos 1-88
2020-03-23 21:14:21,464 INFO o.a.j.t.JMeterThread: Stopping because end time detected by thread: Grupo De Hilos 1-14
2020-03-23 21:14:21,465 INFO o.a.j.t.JMeterThread: Thread finished: Grupo De Hilos 1-14
2020-03-23 21:14:21,468 INFO o.a.j.t.JMeterThread: Stopping because end time detected by thread: Grupo De Hilos 1-74
2020-03-23 21:14:21,468 INFO o.a.j.t.JMeterThread: Thread finished: Grupo De Hilos 1-74
2020-03-23 21:14:21,468 INFO o.a.j.t.JMeterThread: Stopping because end time detected by thread: Grupo De Hilos 1-97
2020-03-23 21:14:21,480 INFO o.a.j.t.JMeterThread: Thread finished: Grupo De Hilos 1-97
2020-03-23 21:14:21,482 INFO o.a.j.t.JMeterThread: Stopping because end time detected by thread: Grupo De Hilos 1-85
2020-03-23 21:14:21,472 INFO o.a.j.t.JMeterThread: Stopping because end time detected by thread: Grupo De Hilos 1-98
2020-03-23 21:14:21,482 INFO o.a.j.t.JMeterThread: Thread finished: Grupo De Hilos 1-98
2020-03-23 21:14:21,482 INFO o.a.j.t.JMeterThread: Thread finished: Grupo De Hilos 1-85
2020-03-23 21:14:21,476 INFO o.a.j.t.JMeterThread: Stopping because end time detected by thread: Grupo De Hilos 1-108
2020-03-23 21:14:21,474 INFO o.a.j.t.JMeterThread: Stopping because end time detected by thread: Grupo De Hilos 1-44
2020-03-23 21:14:21,480 INFO o.a.j.t.JMeterThread: Stopping because end time detected by thread: Grupo De Hilos 1-84
2020-03-23 21:14:21,484 INFO o.a.j.t.JMeterThread: Stopping because end time detected by thread: Grupo De Hilos 1-93
2020-03-23 21:14:21,484 INFO o.a.j.t.JMeterThread: Thread finished: Grupo De Hilos 1-93
2020-03-23 21:14:21,484 INFO o.a.j.t.JMeterThread: Stopping because end time detected by thread: Grupo De Hilos 1-117
2020-03-23 21:14:21,485 INFO o.a.j.t.JMeterThread: Stopping because end time detected by thread: Grupo De Hilos 1-78
2020-03-23 21:14:21,485 INFO o.a.j.t.JMeterThread: Thread finished: Grupo De Hilos 1-117
2020-03-23 21:14:21,485 INFO o.a.j.t.JMeterThread: Thread finished: Grupo De Hilos 1-78
2020-03-23 21:14:21,488 INFO o.a.j.t.JMeterThread: Stopping because end time detected by thread: Grupo De Hilos 1-83
2020-03-23 21:14:21,489 INFO o.a.j.t.JMeterThread: Thread finished: Grupo De Hilos 1-83
2020-03-23 21:14:21,492 INFO o.a.j.t.JMeterThread: Stopping because end time detected by thread: Grupo De Hilos 1-113
2020-03-23 21:14:21,492 INFO o.a.j.t.JMeterThread: Thread finished: Grupo De Hilos 1-113
2020-03-23 21:14:21,492 INFO o.a.j.t.JMeterThread: Stopping because end time detected by thread: Grupo De Hilos 1-69
2020-03-23 21:14:21,492 INFO o.a.j.t.JMeterThread: Stopping because end time detected by thread: Grupo De Hilos 1-91
2020-03-23 21:14:21,492 INFO o.a.j.t.JMeterThread: Thread finished: Grupo De Hilos 1-69
2020-03-23 21:14:21,493 INFO o.a.j.t.JMeterThread: Stopping because end time detected by thread: Grupo De Hilos 1-110
2020-03-23 21:14:21,493 INFO o.a.j.t.JMeterThread: Thread finished: Grupo De Hilos 1-91
2020-03-23 21:14:21,493 INFO o.a.j.t.JMeterThread: Thread finished: Grupo De Hilos 1-110
2020-03-23 21:14:21,494 INFO o.a.j.t.JMeterThread: Stopping because end time detected by thread: Grupo De Hilos 1-4
2020-03-23 21:14:21,494 INFO o.a.j.t.JMeterThread: Thread finished: Grupo De Hilos 1-4
2020-03-23 21:14:21,494 INFO o.a.j.t.JMeterThread: Stopping because end time detected by thread: Grupo De Hilos 1-13
2020-03-23 21:14:21,494 INFO o.a.j.t.JMeterThread: Stopping because end time detected by thread: Grupo De Hilos 1-3
2020-03-23 21:14:21,495 INFO o.a.j.t.JMeterThread: Thread finished: Grupo De Hilos 1-13
2020-03-23 21:14:21,495 INFO o.a.j.t.JMeterThread: Thread finished: Grupo De Hilos 1-3
2020-03-23 21:14:21,495 INFO o.a.j.t.JMeterThread: Stopping because end time detected by thread: Grupo De Hilos 1-60
2020-03-23 21:14:21,495 INFO o.a.j.t.JMeterThread: Thread finished: Grupo De Hilos 1-60
2020-03-23 21:14:21,420 INFO o.a.j.t.JMeterThread: Stopping because end time detected by thread: Grupo De Hilos 1-50
2020-03-23 21:14:21,416 INFO o.a.j.t.JMeterThread: Stopping because end time detected by thread: Grupo De Hilos 1-28
2020-03-23 21:14:21,501 INFO o.a.j.t.JMeterThread: Thread finished: Grupo De Hilos 1-50
2020-03-23 21:14:21,501 INFO o.a.j.t.JMeterThread: Thread finished: Grupo De Hilos 1-28
2020-03-23 21:14:21,404 INFO o.a.j.t.JMeterThread: Stopping because end time detected by thread: Grupo De Hilos 1-66
2020-03-23 21:14:21,501 INFO o.a.j.t.JMeterThread: Thread finished: Grupo De Hilos 1-66
2020-03-23 21:14:21,480 INFO o.a.j.t.JMeterThread: Stopping because end time detected by thread: Grupo De Hilos 1-121
2020-03-23 21:14:21,503 INFO o.a.j.t.JMeterThread: Thread finished: Grupo De Hilos 1-108
2020-03-23 21:14:21,484 INFO o.a.j.t.JMeterThread: Thread finished: Grupo De Hilos 1-44
2020-03-23 21:14:21,502 INFO o.a.j.t.JMeterThread: Stopping because end time detected by thread: Grupo De Hilos 1-80
2020-03-23 21:14:21,503 INFO o.a.j.t.JMeterThread: Thread finished: Grupo De Hilos 1-80
2020-03-23 21:14:21,503 INFO o.a.j.t.JMeterThread: Stopping because end time detected by thread: Grupo De Hilos 1-125
2020-03-23 21:14:21,504 INFO o.a.j.t.JMeterThread: Thread finished: Grupo De Hilos 1-125
2020-03-23 21:14:21,503 INFO o.a.j.t.JMeterThread: Thread finished: Grupo De Hilos 1-84
2020-03-23 21:14:21,502 INFO o.a.j.t.JMeterThread: Stopping because end time detected by thread: Grupo De Hilos 1-81
2020-03-23 21:14:21,502 INFO o.a.j.t.JMeterThread: Stopping because end time detected by thread: Grupo De Hilos 1-62
2020-03-23 21:14:21,505 INFO o.a.j.t.JMeterThread: Thread finished: Grupo De Hilos 1-62
2020-03-23 21:14:21,502 INFO o.a.j.t.JMeterThread: Stopping because end time detected by thread: Grupo De Hilos 1-47
2020-03-23 21:14:21,505 INFO o.a.j.t.JMeterThread: Thread finished: Grupo De Hilos 1-47
2020-03-23 21:14:21,506 INFO o.a.j.t.JMeterThread: Stopping because end time detected by thread: Grupo De Hilos 1-107
2020-03-23 21:14:21,506 INFO o.a.j.t.JMeterThread: Stopping because end time detected by thread: Grupo De Hilos 1-8
2020-03-23 21:14:21,506 INFO o.a.j.t.JMeterThread: Thread finished: Grupo De Hilos 1-107
2020-03-23 21:14:21,506 INFO o.a.j.t.JMeterThread: Thread finished: Grupo De Hilos 1-8
2020-03-23 21:14:21,506 INFO o.a.j.t.JMeterThread: Stopping because end time detected by thread: Grupo De Hilos 1-101
2020-03-23 21:14:21,506 INFO o.a.j.t.JMeterThread: Stopping because end time detected by thread: Grupo De Hilos 1-86
2020-03-23 21:14:21,506 INFO o.a.j.t.JMeterThread: Thread finished: Grupo De Hilos 1-101
2020-03-23 21:14:21,506 INFO o.a.j.t.JMeterThread: Thread finished: Grupo De Hilos 1-86
2020-03-23 21:14:21,506 INFO o.a.j.t.JMeterThread: Thread finished: Grupo De Hilos 1-81
2020-03-23 21:14:21,507 INFO o.a.j.t.JMeterThread: Stopping because end time detected by thread: Grupo De Hilos 1-71
2020-03-23 21:14:21,507 INFO o.a.j.t.JMeterThread: Thread finished: Grupo De Hilos 1-121
2020-03-23 21:14:21,507 INFO o.a.j.t.JMeterThread: Thread finished: Grupo De Hilos 1-71
2020-03-23 21:14:21,507 INFO o.a.j.t.JMeterThread: Stopping because end time detected by thread: Grupo De Hilos 1-70
2020-03-23 21:14:21,508 INFO o.a.j.t.JMeterThread: Thread finished: Grupo De Hilos 1-70
2020-03-23 21:14:21,508 INFO o.a.j.t.JMeterThread: Stopping because end time detected by thread: Grupo De Hilos 1-96
2020-03-23 21:14:21,508 INFO o.a.j.t.JMeterThread: Thread finished: Grupo De Hilos 1-96
2020-03-23 21:14:21,509 INFO o.a.j.t.JMeterThread: Stopping because end time detected by thread: Grupo De Hilos 1-87
2020-03-23 21:14:21,509 INFO o.a.j.t.JMeterThread: Thread finished: Grupo De Hilos 1-87
2020-03-23 21:14:21,510 INFO o.a.j.t.JMeterThread: Stopping because end time detected by thread: Grupo De Hilos 1-105
2020-03-23 21:14:21,510 INFO o.a.j.t.JMeterThread: Thread finished: Grupo De Hilos 1-105
2020-03-23 21:14:21,512 INFO o.a.j.t.JMeterThread: Stopping because end time detected by thread: Grupo De Hilos 1-104
2020-03-23 21:14:21,512 INFO o.a.j.t.JMeterThread: Thread finished: Grupo De Hilos 1-104
2020-03-23 21:14:21,513 INFO o.a.j.t.JMeterThread: Stopping because end time detected by thread: Grupo De Hilos 1-123
2020-03-23 21:14:21,513 INFO o.a.j.t.JMeterThread: Thread finished: Grupo De Hilos 1-123
2020-03-23 21:14:21,515 INFO o.a.j.t.JMeterThread: Stopping because end time detected by thread: Grupo De Hilos 1-26
2020-03-23 21:14:21,515 INFO o.a.j.t.JMeterThread: Stopping because end time detected by thread: Grupo De Hilos 1-100
2020-03-23 21:14:21,515 INFO o.a.j.t.JMeterThread: Thread finished: Grupo De Hilos 1-100
2020-03-23 21:14:21,515 INFO o.a.j.t.JMeterThread: Thread finished: Grupo De Hilos 1-26
2020-03-23 21:14:21,516 INFO o.a.j.t.JMeterThread: Stopping because end time detected by thread: Grupo De Hilos 1-120
2020-03-23 21:14:21,516 INFO o.a.j.t.JMeterThread: Stopping because end time detected by thread: Grupo De Hilos 1-56
2020-03-23 21:14:21,516 INFO o.a.j.t.JMeterThread: Thread finished: Grupo De Hilos 1-120
2020-03-23 21:14:21,516 INFO o.a.j.t.JMeterThread: Thread finished: Grupo De Hilos 1-56
2020-03-23 21:14:21,517 INFO o.a.j.t.JMeterThread: Stopping because end time detected by thread: Grupo De Hilos 1-82
2020-03-23 21:14:21,517 INFO o.a.j.t.JMeterThread: Thread finished: Grupo De Hilos 1-82
2020-03-23 21:14:21,517 INFO o.a.j.t.JMeterThread: Stopping because end time detected by thread: Grupo De Hilos 1-22
2020-03-23 21:14:21,517 INFO o.a.j.t.JMeterThread: Thread finished: Grupo De Hilos 1-22
2020-03-23 21:14:21,520 INFO o.a.j.t.JMeterThread: Stopping because end time detected by thread: Grupo De Hilos 1-129
2020-03-23 21:14:21,530 INFO o.a.j.t.JMeterThread: Stopping because end time detected by thread: Grupo De Hilos 1-119
2020-03-23 21:14:21,532 INFO o.a.j.t.JMeterThread: Thread finished: Grupo De Hilos 1-129
2020-03-23 21:14:21,530 INFO o.a.j.t.JMeterThread: Stopping because end time detected by thread: Grupo De Hilos 1-128
2020-03-23 21:14:21,533 INFO o.a.j.t.JMeterThread: Thread finished: Grupo De Hilos 1-128
2020-03-23 21:14:21,529 INFO o.a.j.t.JMeterThread: Stopping because end time detected by thread: Grupo De Hilos 1-124
2020-03-23 21:14:21,529 INFO o.a.j.t.JMeterThread: Stopping because end time detected by thread: Grupo De Hilos 1-94
2020-03-23 21:14:21,533 INFO o.a.j.t.JMeterThread: Thread finished: Grupo De Hilos 1-94
2020-03-23 21:14:21,529 INFO o.a.j.t.JMeterThread: Stopping because end time detected by thread: Grupo De Hilos 1-72
2020-03-23 21:14:21,529 INFO o.a.j.t.JMeterThread: Stopping because end time detected by thread: Grupo De Hilos 1-30
2020-03-23 21:14:21,534 INFO o.a.j.t.JMeterThread: Thread finished: Grupo De Hilos 1-72
2020-03-23 21:14:21,534 INFO o.a.j.t.JMeterThread: Thread finished: Grupo De Hilos 1-30
2020-03-23 21:14:21,524 INFO o.a.j.t.JMeterThread: Stopping because end time detected by thread: Grupo De Hilos 1-39
2020-03-23 21:14:21,534 INFO o.a.j.t.JMeterThread: Thread finished: Grupo De Hilos 1-39
2020-03-23 21:14:21,529 INFO o.a.j.t.JMeterThread: Stopping because end time detected by thread: Grupo De Hilos 1-55
2020-03-23 21:14:21,534 INFO o.a.j.t.JMeterThread: Thread finished: Grupo De Hilos 1-55
2020-03-23 21:14:21,534 INFO o.a.j.t.JMeterThread: Thread finished: Grupo De Hilos 1-124
2020-03-23 21:14:21,529 INFO o.a.j.t.JMeterThread: Stopping because end time detected by thread: Grupo De Hilos 1-77
2020-03-23 21:14:21,528 INFO o.a.j.t.JMeterThread: Stopping because end time detected by thread: Grupo De Hilos 1-109
2020-03-23 21:14:21,535 INFO o.a.j.t.JMeterThread: Thread finished: Grupo De Hilos 1-109
2020-03-23 21:14:21,535 INFO o.a.j.t.JMeterThread: Thread finished: Grupo De Hilos 1-77
2020-03-23 21:14:21,525 INFO o.a.j.t.JMeterThread: Stopping because end time detected by thread: Grupo De Hilos 1-103
2020-03-23 21:14:21,524 INFO o.a.j.t.JMeterThread: Stopping because end time detected by thread: Grupo De Hilos 1-31
2020-03-23 21:14:21,535 INFO o.a.j.t.JMeterThread: Thread finished: Grupo De Hilos 1-103
2020-03-23 21:14:21,535 INFO o.a.j.t.JMeterThread: Thread finished: Grupo De Hilos 1-31
2020-03-23 21:14:21,532 INFO o.a.j.t.JMeterThread: Thread finished: Grupo De Hilos 1-119
2020-03-23 21:14:21,536 INFO o.a.j.t.JMeterThread: Stopping because end time detected by thread: Grupo De Hilos 1-131
2020-03-23 21:14:21,536 INFO o.a.j.t.JMeterThread: Thread finished: Grupo De Hilos 1-131
2020-03-23 21:14:21,536 INFO o.a.j.t.JMeterThread: Stopping because end time detected by thread: Grupo De Hilos 1-126
2020-03-23 21:14:21,536 INFO o.a.j.t.JMeterThread: Stopping because end time detected by thread: Grupo De Hilos 1-130
2020-03-23 21:14:21,536 INFO o.a.j.t.JMeterThread: Thread finished: Grupo De Hilos 1-126
2020-03-23 21:14:21,536 INFO o.a.j.t.JMeterThread: Thread finished: Grupo De Hilos 1-130
2020-03-23 21:14:21,537 INFO o.a.j.t.JMeterThread: Stopping because end time detected by thread: Grupo De Hilos 1-115
2020-03-23 21:14:21,537 INFO o.a.j.t.JMeterThread: Thread finished: Grupo De Hilos 1-115
2020-03-23 21:14:21,537 INFO o.a.j.t.JMeterThread: Stopping because end time detected by thread: Grupo De Hilos 1-133
2020-03-23 21:14:21,538 INFO o.a.j.t.JMeterThread: Thread finished: Grupo De Hilos 1-133
2020-03-23 21:14:21,540 INFO o.a.j.t.JMeterThread: Stopping because end time detected by thread: Grupo De Hilos 1-135
2020-03-23 21:14:21,540 INFO o.a.j.t.JMeterThread: Thread finished: Grupo De Hilos 1-135
2020-03-23 21:14:21,544 INFO o.a.j.t.JMeterThread: Stopping because end time detected by thread: Grupo De Hilos 1-137
2020-03-23 21:14:21,544 INFO o.a.j.t.JMeterThread: Thread finished: Grupo De Hilos 1-137
2020-03-23 21:14:21,548 INFO o.a.j.t.JMeterThread: Stopping because end time detected by thread: Grupo De Hilos 1-106
2020-03-23 21:14:21,548 INFO o.a.j.t.JMeterThread: Thread finished: Grupo De Hilos 1-106
2020-03-23 21:14:21,549 INFO o.a.j.t.JMeterThread: Stopping because end time detected by thread: Grupo De Hilos 1-134
2020-03-23 21:14:21,549 INFO o.a.j.t.JMeterThread: Thread finished: Grupo De Hilos 1-134
2020-03-23 21:14:21,551 INFO o.a.j.t.JMeterThread: Stopping because end time detected by thread: Grupo De Hilos 1-142
2020-03-23 21:14:21,551 INFO o.a.j.t.JMeterThread: Thread finished: Grupo De Hilos 1-142
2020-03-23 21:14:21,552 INFO o.a.j.t.JMeterThread: Stopping because end time detected by thread: Grupo De Hilos 1-136
2020-03-23 21:14:21,552 INFO o.a.j.t.JMeterThread: Thread finished: Grupo De Hilos 1-136
2020-03-23 21:14:21,552 INFO o.a.j.t.JMeterThread: Stopping because end time detected by thread: Grupo De Hilos 1-68
2020-03-23 21:14:21,552 INFO o.a.j.t.JMeterThread: Thread finished: Grupo De Hilos 1-68
2020-03-23 21:14:21,553 INFO o.a.j.t.JMeterThread: Stopping because end time detected by thread: Grupo De Hilos 1-122
2020-03-23 21:14:21,553 INFO o.a.j.t.JMeterThread: Stopping because end time detected by thread: Grupo De Hilos 1-63
2020-03-23 21:14:21,553 INFO o.a.j.t.JMeterThread: Thread finished: Grupo De Hilos 1-122
2020-03-23 21:14:21,553 INFO o.a.j.t.JMeterThread: Thread finished: Grupo De Hilos 1-63
2020-03-23 21:14:21,553 INFO o.a.j.t.JMeterThread: Stopping because end time detected by thread: Grupo De Hilos 1-132
2020-03-23 21:14:21,553 INFO o.a.j.t.JMeterThread: Thread finished: Grupo De Hilos 1-132
2020-03-23 21:14:21,553 INFO o.a.j.t.JMeterThread: Stopping because end time detected by thread: Grupo De Hilos 1-140
2020-03-23 21:14:21,554 INFO o.a.j.t.JMeterThread: Thread finished: Grupo De Hilos 1-140
2020-03-23 21:14:21,554 INFO o.a.j.t.JMeterThread: Stopping because end time detected by thread: Grupo De Hilos 1-102
2020-03-23 21:14:21,554 INFO o.a.j.t.JMeterThread: Thread finished: Grupo De Hilos 1-102
2020-03-23 21:14:21,554 INFO o.a.j.t.JMeterThread: Stopping because end time detected by thread: Grupo De Hilos 1-114
2020-03-23 21:14:21,555 INFO o.a.j.t.JMeterThread: Thread finished: Grupo De Hilos 1-114
2020-03-23 21:14:21,555 INFO o.a.j.t.JMeterThread: Stopping because end time detected by thread: Grupo De Hilos 1-11
2020-03-23 21:14:21,555 INFO o.a.j.t.JMeterThread: Stopping because end time detected by thread: Grupo De Hilos 1-111
2020-03-23 21:14:21,555 INFO o.a.j.t.JMeterThread: Stopping because end time detected by thread: Grupo De Hilos 1-79
2020-03-23 21:14:21,555 INFO o.a.j.t.JMeterThread: Thread finished: Grupo De Hilos 1-79
2020-03-23 21:14:21,555 INFO o.a.j.t.JMeterThread: Thread finished: Grupo De Hilos 1-11
2020-03-23 21:14:21,555 INFO o.a.j.t.JMeterThread: Thread finished: Grupo De Hilos 1-111
2020-03-23 21:14:21,555 INFO o.a.j.t.JMeterThread: Stopping because end time detected by thread: Grupo De Hilos 1-116
2020-03-23 21:14:21,555 INFO o.a.j.t.JMeterThread: Thread finished: Grupo De Hilos 1-116
2020-03-23 21:14:21,556 INFO o.a.j.t.JMeterThread: Stopping because end time detected by thread: Grupo De Hilos 1-146
2020-03-23 21:14:21,556 INFO o.a.j.t.JMeterThread: Stopping because end time detected by thread: Grupo De Hilos 1-141
2020-03-23 21:14:21,556 INFO o.a.j.t.JMeterThread: Stopping because end time detected by thread: Grupo De Hilos 1-90
2020-03-23 21:14:21,556 INFO o.a.j.t.JMeterThread: Stopping because end time detected by thread: Grupo De Hilos 1-147
2020-03-23 21:14:21,556 INFO o.a.j.t.JMeterThread: Thread finished: Grupo De Hilos 1-141
2020-03-23 21:14:21,556 INFO o.a.j.t.JMeterThread: Thread finished: Grupo De Hilos 1-90
2020-03-23 21:14:21,556 INFO o.a.j.t.JMeterThread: Thread finished: Grupo De Hilos 1-146
2020-03-23 21:14:21,557 INFO o.a.j.t.JMeterThread: Thread finished: Grupo De Hilos 1-147
2020-03-23 21:14:21,557 INFO o.a.j.t.JMeterThread: Stopping because end time detected by thread: Grupo De Hilos 1-138
2020-03-23 21:14:21,557 INFO o.a.j.t.JMeterThread: Stopping because end time detected by thread: Grupo De Hilos 1-118
2020-03-23 21:14:21,557 INFO o.a.j.t.JMeterThread: Thread finished: Grupo De Hilos 1-138
2020-03-23 21:14:21,557 INFO o.a.j.t.JMeterThread: Thread finished: Grupo De Hilos 1-118
2020-03-23 21:14:21,558 INFO o.a.j.t.JMeterThread: Stopping because end time detected by thread: Grupo De Hilos 1-127
2020-03-23 21:14:21,558 INFO o.a.j.t.JMeterThread: Stopping because end time detected by thread: Grupo De Hilos 1-143
2020-03-23 21:14:21,558 INFO o.a.j.t.JMeterThread: Stopping because end time detected by thread: Grupo De Hilos 1-150
2020-03-23 21:14:21,558 INFO o.a.j.t.JMeterThread: Thread finished: Grupo De Hilos 1-127
2020-03-23 21:14:21,558 INFO o.a.j.t.JMeterThread: Stopping because end time detected by thread: Grupo De Hilos 1-149
2020-03-23 21:14:21,558 INFO o.a.j.t.JMeterThread: Thread finished: Grupo De Hilos 1-143
2020-03-23 21:14:21,558 INFO o.a.j.t.JMeterThread: Thread finished: Grupo De Hilos 1-150
2020-03-23 21:14:21,558 INFO o.a.j.t.JMeterThread: Thread finished: Grupo De Hilos 1-149
2020-03-23 21:14:21,558 INFO o.a.j.t.JMeterThread: Stopping because end time detected by thread: Grupo De Hilos 1-95
2020-03-23 21:14:21,558 INFO o.a.j.t.JMeterThread: Thread finished: Grupo De Hilos 1-95
2020-03-23 21:14:21,558 INFO o.a.j.t.JMeterThread: Stopping because end time detected by thread: Grupo De Hilos 1-145
2020-03-23 21:14:21,559 INFO o.a.j.t.JMeterThread: Stopping because end time detected by thread: Grupo De Hilos 1-139
2020-03-23 21:14:21,559 INFO o.a.j.t.JMeterThread: Thread finished: Grupo De Hilos 1-145
2020-03-23 21:14:21,559 INFO o.a.j.t.JMeterThread: Thread finished: Grupo De Hilos 1-139
2020-03-23 21:14:21,559 INFO o.a.j.t.JMeterThread: Stopping because end time detected by thread: Grupo De Hilos 1-148
2020-03-23 21:14:21,559 INFO o.a.j.t.JMeterThread: Thread finished: Grupo De Hilos 1-148
2020-03-23 21:14:21,561 INFO o.a.j.t.JMeterThread: Stopping because end time detected by thread: Grupo De Hilos 1-15
2020-03-23 21:14:21,561 INFO o.a.j.t.JMeterThread: Stopping because end time detected by thread: Grupo De Hilos 1-75
2020-03-23 21:14:21,562 INFO o.a.j.t.JMeterThread: Thread finished: Grupo De Hilos 1-15
2020-03-23 21:14:21,562 INFO o.a.j.t.JMeterThread: Thread finished: Grupo De Hilos 1-75
2020-03-23 21:14:21,563 INFO o.a.j.t.JMeterThread: Stopping because end time detected by thread: Grupo De Hilos 1-48
2020-03-23 21:14:21,563 INFO o.a.j.t.JMeterThread: Thread finished: Grupo De Hilos 1-48
2020-03-23 21:14:21,564 INFO o.a.j.t.JMeterThread: Stopping because end time detected by thread: Grupo De Hilos 1-16
2020-03-23 21:14:21,565 INFO o.a.j.t.JMeterThread: Thread finished: Grupo De Hilos 1-16
2020-03-23 21:14:21,565 INFO o.a.j.t.JMeterThread: Stopping because end time detected by thread: Grupo De Hilos 1-10
2020-03-23 21:14:21,565 INFO o.a.j.t.JMeterThread: Thread finished: Grupo De Hilos 1-10
2020-03-23 21:14:21,566 INFO o.a.j.t.JMeterThread: Stopping because end time detected by thread: Grupo De Hilos 1-112
2020-03-23 21:14:21,566 INFO o.a.j.t.JMeterThread: Thread finished: Grupo De Hilos 1-112
2020-03-23 21:14:21,566 INFO o.a.j.t.JMeterThread: Stopping because end time detected by thread: Grupo De Hilos 1-144
2020-03-23 21:14:21,566 INFO o.a.j.t.JMeterThread: Thread finished: Grupo De Hilos 1-144
2020-03-23 21:14:21,566 INFO o.a.j.e.StandardJMeterEngine: Notifying test listeners of end of test
2020-03-23 21:14:21,569 INFO o.a.j.r.Summariser: summary +     52 in 00:04:21 =    0.2/s Avg:    52 Min:    35 Max:    99 Err:     0 (0.00%) Active: 0 Started: 150 Finished: 150
2020-03-23 21:14:21,570 INFO o.a.j.r.Summariser: summary =    150 in 00:05:00 =    0.5/s Avg:    53 Min:    35 Max:   165 Err:     0 (0.00%)
