2020-03-23 20:53:33,553 INFO o.a.j.u.JMeterUtils: Setting Locale to en_US
2020-03-23 20:53:33,584 INFO o.a.j.JMeter: Loading user properties from: /home/pablo/jmeter/bin/user.properties
2020-03-23 20:53:33,585 INFO o.a.j.JMeter: Loading system properties from: /home/pablo/jmeter/bin/system.properties
2020-03-23 20:53:33,586 INFO o.a.j.JMeter: Setting System property: HILOS=150
2020-03-23 20:53:33,587 INFO o.a.j.JMeter: Setting System property: SUBIDA=60
2020-03-23 20:53:33,587 INFO o.a.j.JMeter: Setting System property: DURACION=300
2020-03-23 20:53:33,587 INFO o.a.j.JMeter: Setting System property: PAGE=/test/imagenp.html
2020-03-23 20:53:33,587 INFO o.a.j.JMeter: Setting System property: FILE=scriptresultsperfmonP150.jtl
2020-03-23 20:53:33,590 INFO o.a.j.JMeter: Copyright (c) 1998-2019 The Apache Software Foundation
2020-03-23 20:53:33,591 INFO o.a.j.JMeter: Version 5.2.1
2020-03-23 20:53:33,591 INFO o.a.j.JMeter: java.version=1.8.0_201
2020-03-23 20:53:33,591 INFO o.a.j.JMeter: java.vm.name=Java HotSpot(TM) 64-Bit Server VM
2020-03-23 20:53:33,591 INFO o.a.j.JMeter: os.name=Linux
2020-03-23 20:53:33,592 INFO o.a.j.JMeter: os.arch=amd64
2020-03-23 20:53:33,592 INFO o.a.j.JMeter: os.version=4.15.0-91-generic
2020-03-23 20:53:33,592 INFO o.a.j.JMeter: file.encoding=UTF-8
2020-03-23 20:53:33,592 INFO o.a.j.JMeter: java.awt.headless=true
2020-03-23 20:53:33,593 INFO o.a.j.JMeter: Max memory     =732954624
2020-03-23 20:53:33,593 INFO o.a.j.JMeter: Available Processors =4
2020-03-23 20:53:33,600 INFO o.a.j.JMeter: Default Locale=English (United States)
2020-03-23 20:53:33,601 INFO o.a.j.JMeter: JMeter  Locale=English (United States)
2020-03-23 20:53:33,601 INFO o.a.j.JMeter: JMeterHome=/home/pablo/jmeter
2020-03-23 20:53:33,601 INFO o.a.j.JMeter: user.dir  =/home/pablo/jmeter/bin/EJECUCIONES
2020-03-23 20:53:33,602 INFO o.a.j.JMeter: PWD       =/home/pablo/jmeter/bin/EJECUCIONES
2020-03-23 20:53:33,602 INFO o.a.j.JMeter: IP: 127.0.1.1 Name: hylianpablo FullName: hylianpablo
2020-03-23 20:53:33,611 INFO o.a.j.s.FileServer: Default base='/home/pablo/jmeter/bin/EJECUCIONES'
2020-03-23 20:53:33,621 INFO o.a.j.s.FileServer: Set new base='/home/pablo/jmeter/bin/EJECUCIONES/..'
2020-03-23 20:53:33,889 INFO o.a.j.s.SaveService: Testplan (JMX) version: 2.2. Testlog (JTL) version: 2.2
2020-03-23 20:53:33,907 INFO o.a.j.s.SaveService: Using SaveService properties file encoding UTF-8
2020-03-23 20:53:33,919 INFO o.a.j.s.SaveService: Using SaveService properties version 5.0
2020-03-23 20:53:33,935 INFO o.a.j.s.SaveService: Loading file: ../Correcto.jmx
2020-03-23 20:53:34,047 INFO o.a.j.p.h.s.HTTPSamplerBase: Parser for text/html is org.apache.jmeter.protocol.http.parser.LagartoBasedHtmlParser
2020-03-23 20:53:34,048 INFO o.a.j.p.h.s.HTTPSamplerBase: Parser for application/xhtml+xml is org.apache.jmeter.protocol.http.parser.LagartoBasedHtmlParser
2020-03-23 20:53:34,048 INFO o.a.j.p.h.s.HTTPSamplerBase: Parser for application/xml is org.apache.jmeter.protocol.http.parser.LagartoBasedHtmlParser
2020-03-23 20:53:34,048 INFO o.a.j.p.h.s.HTTPSamplerBase: Parser for text/xml is org.apache.jmeter.protocol.http.parser.LagartoBasedHtmlParser
2020-03-23 20:53:34,048 INFO o.a.j.p.h.s.HTTPSamplerBase: Parser for text/vnd.wap.wml is org.apache.jmeter.protocol.http.parser.RegexpHTMLParser
2020-03-23 20:53:34,049 INFO o.a.j.p.h.s.HTTPSamplerBase: Parser for text/css is org.apache.jmeter.protocol.http.parser.CssParser
2020-03-23 20:53:34,100 INFO o.a.j.p.h.c.CacheManager: Will only cache the following methods: [GET]
2020-03-23 20:53:34,138 INFO o.a.j.JMeter: Creating summariser <summary>
2020-03-23 20:53:34,149 INFO o.a.j.e.StandardJMeterEngine: Running the test!
2020-03-23 20:53:34,152 INFO o.a.j.s.SampleEvent: List of sample_variables: []
2020-03-23 20:53:34,152 INFO o.a.j.s.SampleEvent: List of sample_variables: []
2020-03-23 20:53:34,168 INFO o.a.j.e.u.CompoundVariable: Note: Function class names must contain the string: '.functions.'
2020-03-23 20:53:34,168 INFO o.a.j.e.u.CompoundVariable: Note: Function class names must not contain the string: '.gui.'
2020-03-23 20:53:35,096 INFO o.a.j.JMeter: Running test (1584993215095)
2020-03-23 20:53:35,171 INFO o.a.j.e.StandardJMeterEngine: Starting ThreadGroup: 1 : Grupo De Hilos
2020-03-23 20:53:35,172 INFO o.a.j.e.StandardJMeterEngine: Starting 150 threads for group Grupo De Hilos.
2020-03-23 20:53:35,172 INFO o.a.j.e.StandardJMeterEngine: Thread will continue on error
2020-03-23 20:53:35,173 INFO o.a.j.t.ThreadGroup: Starting thread group... number=1 threads=150 ramp-up=60 delayedStart=false
2020-03-23 20:53:35,193 INFO o.a.j.t.JMeterThread: Thread started: Grupo De Hilos 1-1
2020-03-23 20:53:35,247 INFO o.a.j.p.h.s.HTTPHCAbstractImpl: Local host = hylianpablo
2020-03-23 20:53:35,266 INFO o.a.j.p.h.s.HTTPHC4Impl: HTTP request retry count = 0
2020-03-23 20:53:35,270 INFO o.a.j.s.SampleResult: Note: Sample TimeStamps are START times
2020-03-23 20:53:35,271 INFO o.a.j.s.SampleResult: sampleresult.default.encoding is set to ISO-8859-1
2020-03-23 20:53:35,271 INFO o.a.j.s.SampleResult: sampleresult.useNanoTime=true
2020-03-23 20:53:35,272 INFO o.a.j.s.SampleResult: sampleresult.nanoThreadSleep=5000
2020-03-23 20:53:35,416 INFO o.a.j.t.ThreadGroup: Started thread group number 1
2020-03-23 20:53:35,416 INFO o.a.j.e.StandardJMeterEngine: All thread groups have been started
2020-03-23 20:53:35,584 INFO o.a.j.t.JMeterThread: Thread started: Grupo De Hilos 1-2
2020-03-23 20:53:35,742 INFO o.a.j.r.Summariser: summary +      1 in 00:00:01 =    1.6/s Avg:   263 Min:   263 Max:   263 Err:     0 (0.00%) Active: 2 Started: 2 Finished: 0
2020-03-23 20:53:35,976 INFO o.a.j.t.JMeterThread: Thread started: Grupo De Hilos 1-3
2020-03-23 20:53:36,378 INFO o.a.j.t.JMeterThread: Thread started: Grupo De Hilos 1-4
2020-03-23 20:53:36,776 INFO o.a.j.t.JMeterThread: Thread started: Grupo De Hilos 1-5
2020-03-23 20:53:37,175 INFO o.a.j.t.JMeterThread: Thread started: Grupo De Hilos 1-6
2020-03-23 20:53:37,575 INFO o.a.j.t.JMeterThread: Thread started: Grupo De Hilos 1-7
2020-03-23 20:53:37,974 INFO o.a.j.t.JMeterThread: Thread started: Grupo De Hilos 1-8
2020-03-23 20:53:38,382 INFO o.a.j.t.JMeterThread: Thread started: Grupo De Hilos 1-9
2020-03-23 20:53:38,783 INFO o.a.j.t.JMeterThread: Thread started: Grupo De Hilos 1-10
2020-03-23 20:53:39,179 INFO o.a.j.t.JMeterThread: Thread started: Grupo De Hilos 1-11
2020-03-23 20:53:39,575 INFO o.a.j.t.JMeterThread: Thread started: Grupo De Hilos 1-12
2020-03-23 20:53:39,979 INFO o.a.j.t.JMeterThread: Thread started: Grupo De Hilos 1-13
2020-03-23 20:53:40,379 INFO o.a.j.t.JMeterThread: Thread started: Grupo De Hilos 1-14
2020-03-23 20:53:40,775 INFO o.a.j.t.JMeterThread: Thread started: Grupo De Hilos 1-15
2020-03-23 20:53:41,175 INFO o.a.j.t.JMeterThread: Thread started: Grupo De Hilos 1-16
2020-03-23 20:53:41,576 INFO o.a.j.t.JMeterThread: Thread started: Grupo De Hilos 1-17
2020-03-23 20:53:41,977 INFO o.a.j.t.JMeterThread: Thread started: Grupo De Hilos 1-18
2020-03-23 20:53:42,375 INFO o.a.j.t.JMeterThread: Thread started: Grupo De Hilos 1-19
2020-03-23 20:53:42,774 INFO o.a.j.t.JMeterThread: Thread started: Grupo De Hilos 1-20
2020-03-23 20:53:43,175 INFO o.a.j.t.JMeterThread: Thread started: Grupo De Hilos 1-21
2020-03-23 20:53:43,575 INFO o.a.j.t.JMeterThread: Thread started: Grupo De Hilos 1-22
2020-03-23 20:53:43,974 INFO o.a.j.t.JMeterThread: Thread started: Grupo De Hilos 1-23
2020-03-23 20:53:44,374 INFO o.a.j.t.JMeterThread: Thread started: Grupo De Hilos 1-24
2020-03-23 20:53:44,774 INFO o.a.j.t.JMeterThread: Thread started: Grupo De Hilos 1-25
2020-03-23 20:53:45,175 INFO o.a.j.t.JMeterThread: Thread started: Grupo De Hilos 1-26
2020-03-23 20:53:45,578 INFO o.a.j.t.JMeterThread: Thread started: Grupo De Hilos 1-27
2020-03-23 20:53:45,976 INFO o.a.j.t.JMeterThread: Thread started: Grupo De Hilos 1-28
2020-03-23 20:53:46,376 INFO o.a.j.t.JMeterThread: Thread started: Grupo De Hilos 1-29
2020-03-23 20:53:46,774 INFO o.a.j.t.JMeterThread: Thread started: Grupo De Hilos 1-30
2020-03-23 20:53:47,175 INFO o.a.j.t.JMeterThread: Thread started: Grupo De Hilos 1-31
2020-03-23 20:53:47,576 INFO o.a.j.t.JMeterThread: Thread started: Grupo De Hilos 1-32
2020-03-23 20:53:47,977 INFO o.a.j.t.JMeterThread: Thread started: Grupo De Hilos 1-33
2020-03-23 20:53:48,375 INFO o.a.j.t.JMeterThread: Thread started: Grupo De Hilos 1-34
2020-03-23 20:53:48,775 INFO o.a.j.t.JMeterThread: Thread started: Grupo De Hilos 1-35
2020-03-23 20:53:49,176 INFO o.a.j.t.JMeterThread: Thread started: Grupo De Hilos 1-36
2020-03-23 20:53:49,574 INFO o.a.j.t.JMeterThread: Thread started: Grupo De Hilos 1-37
2020-03-23 20:53:49,976 INFO o.a.j.t.JMeterThread: Thread started: Grupo De Hilos 1-38
2020-03-23 20:53:50,375 INFO o.a.j.t.JMeterThread: Thread started: Grupo De Hilos 1-39
2020-03-23 20:53:50,774 INFO o.a.j.t.JMeterThread: Thread started: Grupo De Hilos 1-40
2020-03-23 20:53:51,176 INFO o.a.j.t.JMeterThread: Thread started: Grupo De Hilos 1-41
2020-03-23 20:53:51,580 INFO o.a.j.t.JMeterThread: Thread started: Grupo De Hilos 1-42
2020-03-23 20:53:51,974 INFO o.a.j.t.JMeterThread: Thread started: Grupo De Hilos 1-43
2020-03-23 20:53:52,376 INFO o.a.j.t.JMeterThread: Thread started: Grupo De Hilos 1-44
2020-03-23 20:53:52,784 INFO o.a.j.t.JMeterThread: Thread started: Grupo De Hilos 1-45
2020-03-23 20:53:53,174 INFO o.a.j.t.JMeterThread: Thread started: Grupo De Hilos 1-46
2020-03-23 20:53:53,576 INFO o.a.j.t.JMeterThread: Thread started: Grupo De Hilos 1-47
2020-03-23 20:53:53,976 INFO o.a.j.t.JMeterThread: Thread started: Grupo De Hilos 1-48
2020-03-23 20:53:54,375 INFO o.a.j.t.JMeterThread: Thread started: Grupo De Hilos 1-49
2020-03-23 20:53:54,775 INFO o.a.j.t.JMeterThread: Thread started: Grupo De Hilos 1-50
2020-03-23 20:53:55,176 INFO o.a.j.t.JMeterThread: Thread started: Grupo De Hilos 1-51
2020-03-23 20:53:55,575 INFO o.a.j.t.JMeterThread: Thread started: Grupo De Hilos 1-52
2020-03-23 20:53:55,975 INFO o.a.j.t.JMeterThread: Thread started: Grupo De Hilos 1-53
2020-03-23 20:53:56,380 INFO o.a.j.t.JMeterThread: Thread started: Grupo De Hilos 1-54
2020-03-23 20:53:56,776 INFO o.a.j.t.JMeterThread: Thread started: Grupo De Hilos 1-55
2020-03-23 20:53:57,176 INFO o.a.j.t.JMeterThread: Thread started: Grupo De Hilos 1-56
2020-03-23 20:53:57,575 INFO o.a.j.t.JMeterThread: Thread started: Grupo De Hilos 1-57
2020-03-23 20:53:57,979 INFO o.a.j.t.JMeterThread: Thread started: Grupo De Hilos 1-58
2020-03-23 20:53:58,375 INFO o.a.j.t.JMeterThread: Thread started: Grupo De Hilos 1-59
2020-03-23 20:53:58,775 INFO o.a.j.t.JMeterThread: Thread started: Grupo De Hilos 1-60
2020-03-23 20:53:59,175 INFO o.a.j.t.JMeterThread: Thread started: Grupo De Hilos 1-61
2020-03-23 20:53:59,585 INFO o.a.j.t.JMeterThread: Thread started: Grupo De Hilos 1-62
2020-03-23 20:53:59,976 INFO o.a.j.t.JMeterThread: Thread started: Grupo De Hilos 1-63
2020-03-23 20:54:00,035 INFO o.a.j.r.Summariser: summary +     62 in 00:00:24 =    2.6/s Avg:    74 Min:    39 Max:   270 Err:     0 (0.00%) Active: 63 Started: 63 Finished: 0
2020-03-23 20:54:00,036 INFO o.a.j.r.Summariser: summary =     63 in 00:00:25 =    2.5/s Avg:    77 Min:    39 Max:   270 Err:     0 (0.00%)
2020-03-23 20:54:00,376 INFO o.a.j.t.JMeterThread: Thread started: Grupo De Hilos 1-64
2020-03-23 20:54:00,775 INFO o.a.j.t.JMeterThread: Thread started: Grupo De Hilos 1-65
2020-03-23 20:54:01,180 INFO o.a.j.t.JMeterThread: Thread started: Grupo De Hilos 1-66
2020-03-23 20:54:01,589 INFO o.a.j.t.JMeterThread: Thread started: Grupo De Hilos 1-67
2020-03-23 20:54:01,978 INFO o.a.j.t.JMeterThread: Thread started: Grupo De Hilos 1-68
2020-03-23 20:54:02,380 INFO o.a.j.t.JMeterThread: Thread started: Grupo De Hilos 1-69
2020-03-23 20:54:02,777 INFO o.a.j.t.JMeterThread: Thread started: Grupo De Hilos 1-70
2020-03-23 20:54:03,176 INFO o.a.j.t.JMeterThread: Thread started: Grupo De Hilos 1-71
2020-03-23 20:54:03,575 INFO o.a.j.t.JMeterThread: Thread started: Grupo De Hilos 1-72
2020-03-23 20:54:03,976 INFO o.a.j.t.JMeterThread: Thread started: Grupo De Hilos 1-73
2020-03-23 20:54:04,379 INFO o.a.j.t.JMeterThread: Thread started: Grupo De Hilos 1-74
2020-03-23 20:54:04,780 INFO o.a.j.t.JMeterThread: Thread started: Grupo De Hilos 1-75
2020-03-23 20:54:05,180 INFO o.a.j.t.JMeterThread: Thread started: Grupo De Hilos 1-76
2020-03-23 20:54:05,575 INFO o.a.j.t.JMeterThread: Thread started: Grupo De Hilos 1-77
2020-03-23 20:54:05,975 INFO o.a.j.t.JMeterThread: Thread started: Grupo De Hilos 1-78
2020-03-23 20:54:06,377 INFO o.a.j.t.JMeterThread: Thread started: Grupo De Hilos 1-79
2020-03-23 20:54:06,777 INFO o.a.j.t.JMeterThread: Thread started: Grupo De Hilos 1-80
2020-03-23 20:54:07,181 INFO o.a.j.t.JMeterThread: Thread started: Grupo De Hilos 1-81
2020-03-23 20:54:07,576 INFO o.a.j.t.JMeterThread: Thread started: Grupo De Hilos 1-82
2020-03-23 20:54:07,974 INFO o.a.j.t.JMeterThread: Thread started: Grupo De Hilos 1-83
2020-03-23 20:54:08,374 INFO o.a.j.t.JMeterThread: Thread started: Grupo De Hilos 1-84
2020-03-23 20:54:08,774 INFO o.a.j.t.JMeterThread: Thread started: Grupo De Hilos 1-85
2020-03-23 20:54:09,174 INFO o.a.j.t.JMeterThread: Thread started: Grupo De Hilos 1-86
2020-03-23 20:54:09,574 INFO o.a.j.t.JMeterThread: Thread started: Grupo De Hilos 1-87
2020-03-23 20:54:09,974 INFO o.a.j.t.JMeterThread: Thread started: Grupo De Hilos 1-88
2020-03-23 20:54:10,380 INFO o.a.j.t.JMeterThread: Thread started: Grupo De Hilos 1-89
2020-03-23 20:54:10,775 INFO o.a.j.t.JMeterThread: Thread started: Grupo De Hilos 1-90
2020-03-23 20:54:11,174 INFO o.a.j.t.JMeterThread: Thread started: Grupo De Hilos 1-91
2020-03-23 20:54:11,576 INFO o.a.j.t.JMeterThread: Thread started: Grupo De Hilos 1-92
2020-03-23 20:54:11,980 INFO o.a.j.t.JMeterThread: Thread started: Grupo De Hilos 1-93
2020-03-23 20:54:12,374 INFO o.a.j.t.JMeterThread: Thread started: Grupo De Hilos 1-94
2020-03-23 20:54:12,784 INFO o.a.j.t.JMeterThread: Thread started: Grupo De Hilos 1-95
2020-03-23 20:54:13,175 INFO o.a.j.t.JMeterThread: Thread started: Grupo De Hilos 1-96
2020-03-23 20:54:13,576 INFO o.a.j.t.JMeterThread: Thread started: Grupo De Hilos 1-97
2020-03-23 20:54:13,984 INFO o.a.j.t.JMeterThread: Thread started: Grupo De Hilos 1-98
2020-03-23 20:54:14,374 INFO o.a.j.t.JMeterThread: Thread started: Grupo De Hilos 1-99
2020-03-23 20:54:14,776 INFO o.a.j.t.JMeterThread: Thread started: Grupo De Hilos 1-100
2020-03-23 20:54:15,175 INFO o.a.j.t.JMeterThread: Thread started: Grupo De Hilos 1-101
2020-03-23 20:54:15,575 INFO o.a.j.t.JMeterThread: Thread started: Grupo De Hilos 1-102
2020-03-23 20:54:15,974 INFO o.a.j.t.JMeterThread: Thread started: Grupo De Hilos 1-103
2020-03-23 20:54:16,375 INFO o.a.j.t.JMeterThread: Thread started: Grupo De Hilos 1-104
2020-03-23 20:54:16,776 INFO o.a.j.t.JMeterThread: Thread started: Grupo De Hilos 1-105
2020-03-23 20:54:17,182 INFO o.a.j.t.JMeterThread: Thread started: Grupo De Hilos 1-106
2020-03-23 20:54:17,576 INFO o.a.j.t.JMeterThread: Thread started: Grupo De Hilos 1-107
2020-03-23 20:54:17,980 INFO o.a.j.t.JMeterThread: Thread started: Grupo De Hilos 1-108
2020-03-23 20:54:18,374 INFO o.a.j.t.JMeterThread: Thread started: Grupo De Hilos 1-109
2020-03-23 20:54:18,776 INFO o.a.j.t.JMeterThread: Thread started: Grupo De Hilos 1-110
2020-03-23 20:54:19,175 INFO o.a.j.t.JMeterThread: Thread started: Grupo De Hilos 1-111
2020-03-23 20:54:19,574 INFO o.a.j.t.JMeterThread: Thread started: Grupo De Hilos 1-112
2020-03-23 20:54:19,974 INFO o.a.j.t.JMeterThread: Thread started: Grupo De Hilos 1-113
2020-03-23 20:54:20,376 INFO o.a.j.t.JMeterThread: Thread started: Grupo De Hilos 1-114
2020-03-23 20:54:20,775 INFO o.a.j.t.JMeterThread: Thread started: Grupo De Hilos 1-115
2020-03-23 20:54:21,176 INFO o.a.j.t.JMeterThread: Thread started: Grupo De Hilos 1-116
2020-03-23 20:54:21,574 INFO o.a.j.t.JMeterThread: Thread started: Grupo De Hilos 1-117
2020-03-23 20:54:21,975 INFO o.a.j.t.JMeterThread: Thread started: Grupo De Hilos 1-118
2020-03-23 20:54:22,374 INFO o.a.j.t.JMeterThread: Thread started: Grupo De Hilos 1-119
2020-03-23 20:54:22,788 INFO o.a.j.t.JMeterThread: Thread started: Grupo De Hilos 1-120
2020-03-23 20:54:23,188 INFO o.a.j.t.JMeterThread: Thread started: Grupo De Hilos 1-121
2020-03-23 20:54:23,573 INFO o.a.j.t.JMeterThread: Thread started: Grupo De Hilos 1-122
2020-03-23 20:54:23,975 INFO o.a.j.t.JMeterThread: Thread started: Grupo De Hilos 1-123
2020-03-23 20:54:24,374 INFO o.a.j.t.JMeterThread: Thread started: Grupo De Hilos 1-124
2020-03-23 20:54:24,773 INFO o.a.j.t.JMeterThread: Thread started: Grupo De Hilos 1-125
2020-03-23 20:54:25,178 INFO o.a.j.t.JMeterThread: Thread started: Grupo De Hilos 1-126
2020-03-23 20:54:25,576 INFO o.a.j.t.JMeterThread: Thread started: Grupo De Hilos 1-127
2020-03-23 20:54:25,976 INFO o.a.j.t.JMeterThread: Thread started: Grupo De Hilos 1-128
2020-03-23 20:54:26,375 INFO o.a.j.t.JMeterThread: Thread started: Grupo De Hilos 1-129
2020-03-23 20:54:26,774 INFO o.a.j.t.JMeterThread: Thread started: Grupo De Hilos 1-130
2020-03-23 20:54:27,187 INFO o.a.j.t.JMeterThread: Thread started: Grupo De Hilos 1-131
2020-03-23 20:54:27,576 INFO o.a.j.t.JMeterThread: Thread started: Grupo De Hilos 1-132
2020-03-23 20:54:27,976 INFO o.a.j.t.JMeterThread: Thread started: Grupo De Hilos 1-133
2020-03-23 20:54:28,374 INFO o.a.j.t.JMeterThread: Thread started: Grupo De Hilos 1-134
2020-03-23 20:54:28,779 INFO o.a.j.t.JMeterThread: Thread started: Grupo De Hilos 1-135
2020-03-23 20:54:29,174 INFO o.a.j.t.JMeterThread: Thread started: Grupo De Hilos 1-136
2020-03-23 20:54:29,578 INFO o.a.j.t.JMeterThread: Thread started: Grupo De Hilos 1-137
2020-03-23 20:54:29,975 INFO o.a.j.t.JMeterThread: Thread started: Grupo De Hilos 1-138
2020-03-23 20:54:30,028 INFO o.a.j.r.Summariser: summary +     75 in 00:00:30 =    2.5/s Avg:    63 Min:    38 Max:   141 Err:     0 (0.00%) Active: 138 Started: 138 Finished: 0
2020-03-23 20:54:30,029 INFO o.a.j.r.Summariser: summary =    138 in 00:00:55 =    2.5/s Avg:    70 Min:    38 Max:   270 Err:     0 (0.00%)
2020-03-23 20:54:30,376 INFO o.a.j.t.JMeterThread: Thread started: Grupo De Hilos 1-139
2020-03-23 20:54:30,776 INFO o.a.j.t.JMeterThread: Thread started: Grupo De Hilos 1-140
2020-03-23 20:54:31,196 INFO o.a.j.t.JMeterThread: Thread started: Grupo De Hilos 1-141
2020-03-23 20:54:31,575 INFO o.a.j.t.JMeterThread: Thread started: Grupo De Hilos 1-142
2020-03-23 20:54:31,976 INFO o.a.j.t.JMeterThread: Thread started: Grupo De Hilos 1-143
2020-03-23 20:54:32,375 INFO o.a.j.t.JMeterThread: Thread started: Grupo De Hilos 1-144
2020-03-23 20:54:32,775 INFO o.a.j.t.JMeterThread: Thread started: Grupo De Hilos 1-145
2020-03-23 20:54:33,174 INFO o.a.j.t.JMeterThread: Thread started: Grupo De Hilos 1-146
2020-03-23 20:54:33,579 INFO o.a.j.t.JMeterThread: Thread started: Grupo De Hilos 1-147
2020-03-23 20:54:33,976 INFO o.a.j.t.JMeterThread: Thread started: Grupo De Hilos 1-148
2020-03-23 20:54:34,374 INFO o.a.j.t.JMeterThread: Thread started: Grupo De Hilos 1-149
2020-03-23 20:54:34,774 INFO o.a.j.t.JMeterThread: Thread started: Grupo De Hilos 1-150
2020-03-23 20:58:35,192 INFO o.a.j.t.JMeterThread: Stopping because end time detected by thread: Grupo De Hilos 1-3
2020-03-23 20:58:35,192 INFO o.a.j.t.JMeterThread: Thread finished: Grupo De Hilos 1-3
2020-03-23 20:58:35,206 INFO o.a.j.t.JMeterThread: Stopping because end time detected by thread: Grupo De Hilos 1-10
2020-03-23 20:58:35,206 INFO o.a.j.t.JMeterThread: Thread finished: Grupo De Hilos 1-10
2020-03-23 20:58:35,220 INFO o.a.j.t.JMeterThread: Stopping because end time detected by thread: Grupo De Hilos 1-13
2020-03-23 20:58:35,220 INFO o.a.j.t.JMeterThread: Thread finished: Grupo De Hilos 1-13
2020-03-23 20:58:35,221 INFO o.a.j.t.JMeterThread: Stopping because end time detected by thread: Grupo De Hilos 1-5
2020-03-23 20:58:35,221 INFO o.a.j.t.JMeterThread: Thread finished: Grupo De Hilos 1-5
2020-03-23 20:58:35,237 INFO o.a.j.t.JMeterThread: Stopping because end time detected by thread: Grupo De Hilos 1-27
2020-03-23 20:58:35,262 INFO o.a.j.t.JMeterThread: Thread finished: Grupo De Hilos 1-27
2020-03-23 20:58:35,260 INFO o.a.j.t.JMeterThread: Stopping because end time detected by thread: Grupo De Hilos 1-2
2020-03-23 20:58:35,263 INFO o.a.j.t.JMeterThread: Thread finished: Grupo De Hilos 1-2
2020-03-23 20:58:35,256 INFO o.a.j.t.JMeterThread: Stopping because end time detected by thread: Grupo De Hilos 1-22
2020-03-23 20:58:35,264 INFO o.a.j.t.JMeterThread: Thread finished: Grupo De Hilos 1-22
2020-03-23 20:58:35,244 INFO o.a.j.t.JMeterThread: Stopping because end time detected by thread: Grupo De Hilos 1-6
2020-03-23 20:58:35,264 INFO o.a.j.t.JMeterThread: Thread finished: Grupo De Hilos 1-6
2020-03-23 20:58:35,264 INFO o.a.j.t.JMeterThread: Stopping because end time detected by thread: Grupo De Hilos 1-24
2020-03-23 20:58:35,264 INFO o.a.j.t.JMeterThread: Thread finished: Grupo De Hilos 1-24
2020-03-23 20:58:35,239 INFO o.a.j.t.JMeterThread: Stopping because end time detected by thread: Grupo De Hilos 1-16
2020-03-23 20:58:35,265 INFO o.a.j.t.JMeterThread: Thread finished: Grupo De Hilos 1-16
2020-03-23 20:58:35,266 INFO o.a.j.t.JMeterThread: Stopping because end time detected by thread: Grupo De Hilos 1-51
2020-03-23 20:58:35,266 INFO o.a.j.t.JMeterThread: Thread finished: Grupo De Hilos 1-51
2020-03-23 20:58:35,272 INFO o.a.j.t.JMeterThread: Stopping because end time detected by thread: Grupo De Hilos 1-34
2020-03-23 20:58:35,272 INFO o.a.j.t.JMeterThread: Thread finished: Grupo De Hilos 1-34
2020-03-23 20:58:35,276 INFO o.a.j.t.JMeterThread: Stopping because end time detected by thread: Grupo De Hilos 1-46
2020-03-23 20:58:35,276 INFO o.a.j.t.JMeterThread: Stopping because end time detected by thread: Grupo De Hilos 1-52
2020-03-23 20:58:35,276 INFO o.a.j.t.JMeterThread: Thread finished: Grupo De Hilos 1-46
2020-03-23 20:58:35,278 INFO o.a.j.t.JMeterThread: Stopping because end time detected by thread: Grupo De Hilos 1-36
2020-03-23 20:58:35,279 INFO o.a.j.t.JMeterThread: Thread finished: Grupo De Hilos 1-36
2020-03-23 20:58:35,280 INFO o.a.j.t.JMeterThread: Stopping because end time detected by thread: Grupo De Hilos 1-47
2020-03-23 20:58:35,280 INFO o.a.j.t.JMeterThread: Thread finished: Grupo De Hilos 1-47
2020-03-23 20:58:35,285 INFO o.a.j.t.JMeterThread: Stopping because end time detected by thread: Grupo De Hilos 1-64
2020-03-23 20:58:35,285 INFO o.a.j.t.JMeterThread: Thread finished: Grupo De Hilos 1-64
2020-03-23 20:58:35,288 INFO o.a.j.t.JMeterThread: Stopping because end time detected by thread: Grupo De Hilos 1-21
2020-03-23 20:58:35,288 INFO o.a.j.t.JMeterThread: Thread finished: Grupo De Hilos 1-21
2020-03-23 20:58:35,292 INFO o.a.j.t.JMeterThread: Stopping because end time detected by thread: Grupo De Hilos 1-19
2020-03-23 20:58:35,292 INFO o.a.j.t.JMeterThread: Thread finished: Grupo De Hilos 1-19
2020-03-23 20:58:35,239 INFO o.a.j.t.JMeterThread: Stopping because end time detected by thread: Grupo De Hilos 1-1
2020-03-23 20:58:35,297 INFO o.a.j.t.JMeterThread: Thread finished: Grupo De Hilos 1-1
2020-03-23 20:58:35,297 INFO o.a.j.t.JMeterThread: Stopping because end time detected by thread: Grupo De Hilos 1-62
2020-03-23 20:58:35,297 INFO o.a.j.t.JMeterThread: Thread finished: Grupo De Hilos 1-62
2020-03-23 20:58:35,239 INFO o.a.j.t.JMeterThread: Stopping because end time detected by thread: Grupo De Hilos 1-17
2020-03-23 20:58:35,238 INFO o.a.j.t.JMeterThread: Stopping because end time detected by thread: Grupo De Hilos 1-15
2020-03-23 20:58:35,297 INFO o.a.j.t.JMeterThread: Stopping because end time detected by thread: Grupo De Hilos 1-33
2020-03-23 20:58:35,298 INFO o.a.j.t.JMeterThread: Thread finished: Grupo De Hilos 1-15
2020-03-23 20:58:35,298 INFO o.a.j.t.JMeterThread: Stopping because end time detected by thread: Grupo De Hilos 1-32
2020-03-23 20:58:35,298 INFO o.a.j.t.JMeterThread: Thread finished: Grupo De Hilos 1-32
2020-03-23 20:58:35,298 INFO o.a.j.t.JMeterThread: Thread finished: Grupo De Hilos 1-17
2020-03-23 20:58:35,304 INFO o.a.j.t.JMeterThread: Stopping because end time detected by thread: Grupo De Hilos 1-25
2020-03-23 20:58:35,304 INFO o.a.j.t.JMeterThread: Thread finished: Grupo De Hilos 1-25
2020-03-23 20:58:35,296 INFO o.a.j.t.JMeterThread: Stopping because end time detected by thread: Grupo De Hilos 1-60
2020-03-23 20:58:35,292 INFO o.a.j.t.JMeterThread: Stopping because end time detected by thread: Grupo De Hilos 1-63
2020-03-23 20:58:35,305 INFO o.a.j.t.JMeterThread: Thread finished: Grupo De Hilos 1-63
2020-03-23 20:58:35,306 INFO o.a.j.t.JMeterThread: Thread finished: Grupo De Hilos 1-52
2020-03-23 20:58:35,298 INFO o.a.j.t.JMeterThread: Thread finished: Grupo De Hilos 1-33
2020-03-23 20:58:35,306 INFO o.a.j.t.JMeterThread: Thread finished: Grupo De Hilos 1-60
2020-03-23 20:58:35,308 INFO o.a.j.t.JMeterThread: Stopping because end time detected by thread: Grupo De Hilos 1-69
2020-03-23 20:58:35,309 INFO o.a.j.t.JMeterThread: Thread finished: Grupo De Hilos 1-69
2020-03-23 20:58:35,320 INFO o.a.j.t.JMeterThread: Stopping because end time detected by thread: Grupo De Hilos 1-76
2020-03-23 20:58:35,320 INFO o.a.j.t.JMeterThread: Thread finished: Grupo De Hilos 1-76
2020-03-23 20:58:35,324 INFO o.a.j.t.JMeterThread: Stopping because end time detected by thread: Grupo De Hilos 1-79
2020-03-23 20:58:35,324 INFO o.a.j.t.JMeterThread: Stopping because end time detected by thread: Grupo De Hilos 1-41
2020-03-23 20:58:35,324 INFO o.a.j.t.JMeterThread: Thread finished: Grupo De Hilos 1-79
2020-03-23 20:58:35,324 INFO o.a.j.t.JMeterThread: Thread finished: Grupo De Hilos 1-41
2020-03-23 20:58:35,325 INFO o.a.j.t.JMeterThread: Stopping because end time detected by thread: Grupo De Hilos 1-26
2020-03-23 20:58:35,325 INFO o.a.j.t.JMeterThread: Thread finished: Grupo De Hilos 1-26
2020-03-23 20:58:35,326 INFO o.a.j.t.JMeterThread: Stopping because end time detected by thread: Grupo De Hilos 1-74
2020-03-23 20:58:35,326 INFO o.a.j.t.JMeterThread: Thread finished: Grupo De Hilos 1-74
2020-03-23 20:58:35,328 INFO o.a.j.t.JMeterThread: Stopping because end time detected by thread: Grupo De Hilos 1-48
2020-03-23 20:58:35,328 INFO o.a.j.t.JMeterThread: Thread finished: Grupo De Hilos 1-48
2020-03-23 20:58:35,330 INFO o.a.j.t.JMeterThread: Stopping because end time detected by thread: Grupo De Hilos 1-7
2020-03-23 20:58:35,331 INFO o.a.j.t.JMeterThread: Thread finished: Grupo De Hilos 1-7
2020-03-23 20:58:35,331 INFO o.a.j.t.JMeterThread: Stopping because end time detected by thread: Grupo De Hilos 1-55
2020-03-23 20:58:35,331 INFO o.a.j.t.JMeterThread: Thread finished: Grupo De Hilos 1-55
2020-03-23 20:58:35,332 INFO o.a.j.t.JMeterThread: Stopping because end time detected by thread: Grupo De Hilos 1-23
2020-03-23 20:58:35,332 INFO o.a.j.t.JMeterThread: Stopping because end time detected by thread: Grupo De Hilos 1-75
2020-03-23 20:58:35,332 INFO o.a.j.t.JMeterThread: Stopping because end time detected by thread: Grupo De Hilos 1-65
2020-03-23 20:58:35,332 INFO o.a.j.t.JMeterThread: Thread finished: Grupo De Hilos 1-23
2020-03-23 20:58:35,332 INFO o.a.j.t.JMeterThread: Thread finished: Grupo De Hilos 1-65
2020-03-23 20:58:35,333 INFO o.a.j.t.JMeterThread: Stopping because end time detected by thread: Grupo De Hilos 1-20
2020-03-23 20:58:35,333 INFO o.a.j.t.JMeterThread: Thread finished: Grupo De Hilos 1-20
2020-03-23 20:58:35,333 INFO o.a.j.t.JMeterThread: Stopping because end time detected by thread: Grupo De Hilos 1-8
2020-03-23 20:58:35,333 INFO o.a.j.t.JMeterThread: Thread finished: Grupo De Hilos 1-8
2020-03-23 20:58:35,334 INFO o.a.j.t.JMeterThread: Stopping because end time detected by thread: Grupo De Hilos 1-40
2020-03-23 20:58:35,334 INFO o.a.j.t.JMeterThread: Thread finished: Grupo De Hilos 1-40
2020-03-23 20:58:35,334 INFO o.a.j.t.JMeterThread: Stopping because end time detected by thread: Grupo De Hilos 1-12
2020-03-23 20:58:35,335 INFO o.a.j.t.JMeterThread: Thread finished: Grupo De Hilos 1-12
2020-03-23 20:58:35,335 INFO o.a.j.t.JMeterThread: Stopping because end time detected by thread: Grupo De Hilos 1-11
2020-03-23 20:58:35,335 INFO o.a.j.t.JMeterThread: Thread finished: Grupo De Hilos 1-11
2020-03-23 20:58:35,336 INFO o.a.j.t.JMeterThread: Thread finished: Grupo De Hilos 1-75
2020-03-23 20:58:35,340 INFO o.a.j.t.JMeterThread: Stopping because end time detected by thread: Grupo De Hilos 1-29
2020-03-23 20:58:35,340 INFO o.a.j.t.JMeterThread: Thread finished: Grupo De Hilos 1-29
2020-03-23 20:58:35,344 INFO o.a.j.t.JMeterThread: Stopping because end time detected by thread: Grupo De Hilos 1-93
2020-03-23 20:58:35,344 INFO o.a.j.t.JMeterThread: Stopping because end time detected by thread: Grupo De Hilos 1-9
2020-03-23 20:58:35,345 INFO o.a.j.t.JMeterThread: Thread finished: Grupo De Hilos 1-93
2020-03-23 20:58:35,345 INFO o.a.j.t.JMeterThread: Thread finished: Grupo De Hilos 1-9
2020-03-23 20:58:35,346 INFO o.a.j.t.JMeterThread: Stopping because end time detected by thread: Grupo De Hilos 1-88
2020-03-23 20:58:35,346 INFO o.a.j.t.JMeterThread: Thread finished: Grupo De Hilos 1-88
2020-03-23 20:58:35,344 INFO o.a.j.t.JMeterThread: Stopping because end time detected by thread: Grupo De Hilos 1-53
2020-03-23 20:58:35,348 INFO o.a.j.t.JMeterThread: Thread finished: Grupo De Hilos 1-53
2020-03-23 20:58:35,349 INFO o.a.j.t.JMeterThread: Stopping because end time detected by thread: Grupo De Hilos 1-28
2020-03-23 20:58:35,349 INFO o.a.j.t.JMeterThread: Thread finished: Grupo De Hilos 1-28
2020-03-23 20:58:35,350 INFO o.a.j.t.JMeterThread: Stopping because end time detected by thread: Grupo De Hilos 1-66
2020-03-23 20:58:35,350 INFO o.a.j.t.JMeterThread: Thread finished: Grupo De Hilos 1-66
2020-03-23 20:58:35,350 INFO o.a.j.t.JMeterThread: Stopping because end time detected by thread: Grupo De Hilos 1-83
2020-03-23 20:58:35,350 INFO o.a.j.t.JMeterThread: Thread finished: Grupo De Hilos 1-83
2020-03-23 20:58:35,352 INFO o.a.j.t.JMeterThread: Stopping because end time detected by thread: Grupo De Hilos 1-43
2020-03-23 20:58:35,352 INFO o.a.j.t.JMeterThread: Stopping because end time detected by thread: Grupo De Hilos 1-101
2020-03-23 20:58:35,352 INFO o.a.j.t.JMeterThread: Thread finished: Grupo De Hilos 1-43
2020-03-23 20:58:35,352 INFO o.a.j.t.JMeterThread: Thread finished: Grupo De Hilos 1-101
2020-03-23 20:58:35,353 INFO o.a.j.t.JMeterThread: Stopping because end time detected by thread: Grupo De Hilos 1-98
2020-03-23 20:58:35,353 INFO o.a.j.t.JMeterThread: Thread finished: Grupo De Hilos 1-98
2020-03-23 20:58:35,354 INFO o.a.j.t.JMeterThread: Stopping because end time detected by thread: Grupo De Hilos 1-77
2020-03-23 20:58:35,354 INFO o.a.j.t.JMeterThread: Thread finished: Grupo De Hilos 1-77
2020-03-23 20:58:35,360 INFO o.a.j.t.JMeterThread: Stopping because end time detected by thread: Grupo De Hilos 1-89
2020-03-23 20:58:35,360 INFO o.a.j.t.JMeterThread: Stopping because end time detected by thread: Grupo De Hilos 1-104
2020-03-23 20:58:35,361 INFO o.a.j.t.JMeterThread: Stopping because end time detected by thread: Grupo De Hilos 1-103
2020-03-23 20:58:35,361 INFO o.a.j.t.JMeterThread: Thread finished: Grupo De Hilos 1-104
2020-03-23 20:58:35,361 INFO o.a.j.t.JMeterThread: Thread finished: Grupo De Hilos 1-103
2020-03-23 20:58:35,362 INFO o.a.j.t.JMeterThread: Thread finished: Grupo De Hilos 1-89
2020-03-23 20:58:35,362 INFO o.a.j.t.JMeterThread: Stopping because end time detected by thread: Grupo De Hilos 1-37
2020-03-23 20:58:35,362 INFO o.a.j.t.JMeterThread: Thread finished: Grupo De Hilos 1-37
2020-03-23 20:58:35,364 INFO o.a.j.t.JMeterThread: Stopping because end time detected by thread: Grupo De Hilos 1-61
2020-03-23 20:58:35,364 INFO o.a.j.t.JMeterThread: Stopping because end time detected by thread: Grupo De Hilos 1-84
2020-03-23 20:58:35,364 INFO o.a.j.t.JMeterThread: Stopping because end time detected by thread: Grupo De Hilos 1-107
2020-03-23 20:58:35,364 INFO o.a.j.t.JMeterThread: Thread finished: Grupo De Hilos 1-61
2020-03-23 20:58:35,364 INFO o.a.j.t.JMeterThread: Thread finished: Grupo De Hilos 1-107
2020-03-23 20:58:35,365 INFO o.a.j.t.JMeterThread: Thread finished: Grupo De Hilos 1-84
2020-03-23 20:58:35,368 INFO o.a.j.t.JMeterThread: Stopping because end time detected by thread: Grupo De Hilos 1-71
2020-03-23 20:58:35,368 INFO o.a.j.t.JMeterThread: Stopping because end time detected by thread: Grupo De Hilos 1-95
2020-03-23 20:58:35,368 INFO o.a.j.t.JMeterThread: Thread finished: Grupo De Hilos 1-71
2020-03-23 20:58:35,369 INFO o.a.j.t.JMeterThread: Stopping because end time detected by thread: Grupo De Hilos 1-115
2020-03-23 20:58:35,369 INFO o.a.j.t.JMeterThread: Thread finished: Grupo De Hilos 1-115
2020-03-23 20:58:35,371 INFO o.a.j.t.JMeterThread: Stopping because end time detected by thread: Grupo De Hilos 1-119
2020-03-23 20:58:35,371 INFO o.a.j.t.JMeterThread: Thread finished: Grupo De Hilos 1-119
2020-03-23 20:58:35,371 INFO o.a.j.t.JMeterThread: Thread finished: Grupo De Hilos 1-95
2020-03-23 20:58:35,372 INFO o.a.j.t.JMeterThread: Stopping because end time detected by thread: Grupo De Hilos 1-91
2020-03-23 20:58:35,372 INFO o.a.j.t.JMeterThread: Stopping because end time detected by thread: Grupo De Hilos 1-117
2020-03-23 20:58:35,372 INFO o.a.j.t.JMeterThread: Thread finished: Grupo De Hilos 1-91
2020-03-23 20:58:35,372 INFO o.a.j.t.JMeterThread: Thread finished: Grupo De Hilos 1-117
2020-03-23 20:58:35,373 INFO o.a.j.t.JMeterThread: Stopping because end time detected by thread: Grupo De Hilos 1-106
2020-03-23 20:58:35,373 INFO o.a.j.t.JMeterThread: Thread finished: Grupo De Hilos 1-106
2020-03-23 20:58:35,374 INFO o.a.j.t.JMeterThread: Stopping because end time detected by thread: Grupo De Hilos 1-105
2020-03-23 20:58:35,374 INFO o.a.j.t.JMeterThread: Thread finished: Grupo De Hilos 1-105
2020-03-23 20:58:35,376 INFO o.a.j.t.JMeterThread: Stopping because end time detected by thread: Grupo De Hilos 1-78
2020-03-23 20:58:35,376 INFO o.a.j.t.JMeterThread: Stopping because end time detected by thread: Grupo De Hilos 1-116
2020-03-23 20:58:35,376 INFO o.a.j.t.JMeterThread: Thread finished: Grupo De Hilos 1-78
2020-03-23 20:58:35,376 INFO o.a.j.t.JMeterThread: Thread finished: Grupo De Hilos 1-116
2020-03-23 20:58:35,377 INFO o.a.j.t.JMeterThread: Stopping because end time detected by thread: Grupo De Hilos 1-14
2020-03-23 20:58:35,377 INFO o.a.j.t.JMeterThread: Thread finished: Grupo De Hilos 1-14
2020-03-23 20:58:35,377 INFO o.a.j.t.JMeterThread: Stopping because end time detected by thread: Grupo De Hilos 1-87
2020-03-23 20:58:35,378 INFO o.a.j.t.JMeterThread: Thread finished: Grupo De Hilos 1-87
2020-03-23 20:58:35,378 INFO o.a.j.t.JMeterThread: Stopping because end time detected by thread: Grupo De Hilos 1-4
2020-03-23 20:58:35,378 INFO o.a.j.t.JMeterThread: Thread finished: Grupo De Hilos 1-4
2020-03-23 20:58:35,379 INFO o.a.j.t.JMeterThread: Stopping because end time detected by thread: Grupo De Hilos 1-38
2020-03-23 20:58:35,379 INFO o.a.j.t.JMeterThread: Stopping because end time detected by thread: Grupo De Hilos 1-59
2020-03-23 20:58:35,379 INFO o.a.j.t.JMeterThread: Thread finished: Grupo De Hilos 1-38
2020-03-23 20:58:35,379 INFO o.a.j.t.JMeterThread: Thread finished: Grupo De Hilos 1-59
2020-03-23 20:58:35,379 INFO o.a.j.t.JMeterThread: Stopping because end time detected by thread: Grupo De Hilos 1-18
2020-03-23 20:58:35,379 INFO o.a.j.t.JMeterThread: Thread finished: Grupo De Hilos 1-18
2020-03-23 20:58:35,381 INFO o.a.j.t.JMeterThread: Stopping because end time detected by thread: Grupo De Hilos 1-122
2020-03-23 20:58:35,381 INFO o.a.j.t.JMeterThread: Thread finished: Grupo De Hilos 1-122
2020-03-23 20:58:35,384 INFO o.a.j.t.JMeterThread: Stopping because end time detected by thread: Grupo De Hilos 1-128
2020-03-23 20:58:35,388 INFO o.a.j.t.JMeterThread: Thread finished: Grupo De Hilos 1-128
2020-03-23 20:58:35,388 INFO o.a.j.t.JMeterThread: Stopping because end time detected by thread: Grupo De Hilos 1-127
2020-03-23 20:58:35,389 INFO o.a.j.t.JMeterThread: Stopping because end time detected by thread: Grupo De Hilos 1-118
2020-03-23 20:58:35,389 INFO o.a.j.t.JMeterThread: Thread finished: Grupo De Hilos 1-118
2020-03-23 20:58:35,389 INFO o.a.j.t.JMeterThread: Stopping because end time detected by thread: Grupo De Hilos 1-31
2020-03-23 20:58:35,389 INFO o.a.j.t.JMeterThread: Thread finished: Grupo De Hilos 1-31
2020-03-23 20:58:35,390 INFO o.a.j.t.JMeterThread: Stopping because end time detected by thread: Grupo De Hilos 1-102
2020-03-23 20:58:35,390 INFO o.a.j.t.JMeterThread: Thread finished: Grupo De Hilos 1-102
2020-03-23 20:58:35,389 INFO o.a.j.t.JMeterThread: Stopping because end time detected by thread: Grupo De Hilos 1-121
2020-03-23 20:58:35,390 INFO o.a.j.t.JMeterThread: Thread finished: Grupo De Hilos 1-121
2020-03-23 20:58:35,391 INFO o.a.j.t.JMeterThread: Stopping because end time detected by thread: Grupo De Hilos 1-110
2020-03-23 20:58:35,391 INFO o.a.j.t.JMeterThread: Thread finished: Grupo De Hilos 1-110
2020-03-23 20:58:35,392 INFO o.a.j.t.JMeterThread: Stopping because end time detected by thread: Grupo De Hilos 1-81
2020-03-23 20:58:35,392 INFO o.a.j.t.JMeterThread: Thread finished: Grupo De Hilos 1-81
2020-03-23 20:58:35,392 INFO o.a.j.t.JMeterThread: Stopping because end time detected by thread: Grupo De Hilos 1-45
2020-03-23 20:58:35,393 INFO o.a.j.t.JMeterThread: Thread finished: Grupo De Hilos 1-45
2020-03-23 20:58:35,393 INFO o.a.j.t.JMeterThread: Stopping because end time detected by thread: Grupo De Hilos 1-109
2020-03-23 20:58:35,393 INFO o.a.j.t.JMeterThread: Thread finished: Grupo De Hilos 1-109
2020-03-23 20:58:35,393 INFO o.a.j.t.JMeterThread: Stopping because end time detected by thread: Grupo De Hilos 1-73
2020-03-23 20:58:35,387 INFO o.a.j.t.JMeterThread: Stopping because end time detected by thread: Grupo De Hilos 1-133
2020-03-23 20:58:35,393 INFO o.a.j.t.JMeterThread: Thread finished: Grupo De Hilos 1-73
2020-03-23 20:58:35,393 INFO o.a.j.t.JMeterThread: Thread finished: Grupo De Hilos 1-133
2020-03-23 20:58:35,393 INFO o.a.j.t.JMeterThread: Stopping because end time detected by thread: Grupo De Hilos 1-120
2020-03-23 20:58:35,387 INFO o.a.j.t.JMeterThread: Stopping because end time detected by thread: Grupo De Hilos 1-135
2020-03-23 20:58:35,394 INFO o.a.j.t.JMeterThread: Thread finished: Grupo De Hilos 1-120
2020-03-23 20:58:35,394 INFO o.a.j.t.JMeterThread: Thread finished: Grupo De Hilos 1-135
2020-03-23 20:58:35,385 INFO o.a.j.t.JMeterThread: Stopping because end time detected by thread: Grupo De Hilos 1-54
2020-03-23 20:58:35,394 INFO o.a.j.t.JMeterThread: Stopping because end time detected by thread: Grupo De Hilos 1-80
2020-03-23 20:58:35,394 INFO o.a.j.t.JMeterThread: Thread finished: Grupo De Hilos 1-54
2020-03-23 20:58:35,395 INFO o.a.j.t.JMeterThread: Stopping because end time detected by thread: Grupo De Hilos 1-44
2020-03-23 20:58:35,395 INFO o.a.j.t.JMeterThread: Stopping because end time detected by thread: Grupo De Hilos 1-35
2020-03-23 20:58:35,395 INFO o.a.j.t.JMeterThread: Thread finished: Grupo De Hilos 1-44
2020-03-23 20:58:35,395 INFO o.a.j.t.JMeterThread: Stopping because end time detected by thread: Grupo De Hilos 1-111
2020-03-23 20:58:35,395 INFO o.a.j.t.JMeterThread: Thread finished: Grupo De Hilos 1-35
2020-03-23 20:58:35,395 INFO o.a.j.t.JMeterThread: Stopping because end time detected by thread: Grupo De Hilos 1-58
2020-03-23 20:58:35,395 INFO o.a.j.t.JMeterThread: Thread finished: Grupo De Hilos 1-58
2020-03-23 20:58:35,395 INFO o.a.j.t.JMeterThread: Stopping because end time detected by thread: Grupo De Hilos 1-30
2020-03-23 20:58:35,396 INFO o.a.j.t.JMeterThread: Thread finished: Grupo De Hilos 1-30
2020-03-23 20:58:35,396 INFO o.a.j.t.JMeterThread: Stopping because end time detected by thread: Grupo De Hilos 1-70
2020-03-23 20:58:35,396 INFO o.a.j.t.JMeterThread: Thread finished: Grupo De Hilos 1-70
2020-03-23 20:58:35,385 INFO o.a.j.t.JMeterThread: Stopping because end time detected by thread: Grupo De Hilos 1-113
2020-03-23 20:58:35,396 INFO o.a.j.t.JMeterThread: Thread finished: Grupo De Hilos 1-113
2020-03-23 20:58:35,396 INFO o.a.j.t.JMeterThread: Stopping because end time detected by thread: Grupo De Hilos 1-68
2020-03-23 20:58:35,384 INFO o.a.j.t.JMeterThread: Stopping because end time detected by thread: Grupo De Hilos 1-124
2020-03-23 20:58:35,396 INFO o.a.j.t.JMeterThread: Thread finished: Grupo De Hilos 1-68
2020-03-23 20:58:35,396 INFO o.a.j.t.JMeterThread: Thread finished: Grupo De Hilos 1-124
2020-03-23 20:58:35,397 INFO o.a.j.t.JMeterThread: Stopping because end time detected by thread: Grupo De Hilos 1-137
2020-03-23 20:58:35,397 INFO o.a.j.t.JMeterThread: Thread finished: Grupo De Hilos 1-137
2020-03-23 20:58:35,397 INFO o.a.j.t.JMeterThread: Stopping because end time detected by thread: Grupo De Hilos 1-134
2020-03-23 20:58:35,397 INFO o.a.j.t.JMeterThread: Thread finished: Grupo De Hilos 1-134
2020-03-23 20:58:35,398 INFO o.a.j.t.JMeterThread: Stopping because end time detected by thread: Grupo De Hilos 1-138
2020-03-23 20:58:35,398 INFO o.a.j.t.JMeterThread: Thread finished: Grupo De Hilos 1-138
2020-03-23 20:58:35,399 INFO o.a.j.t.JMeterThread: Stopping because end time detected by thread: Grupo De Hilos 1-140
2020-03-23 20:58:35,399 INFO o.a.j.t.JMeterThread: Thread finished: Grupo De Hilos 1-140
2020-03-23 20:58:35,400 INFO o.a.j.t.JMeterThread: Stopping because end time detected by thread: Grupo De Hilos 1-86
2020-03-23 20:58:35,400 INFO o.a.j.t.JMeterThread: Thread finished: Grupo De Hilos 1-86
2020-03-23 20:58:35,400 INFO o.a.j.t.JMeterThread: Stopping because end time detected by thread: Grupo De Hilos 1-136
2020-03-23 20:58:35,401 INFO o.a.j.t.JMeterThread: Thread finished: Grupo De Hilos 1-136
2020-03-23 20:58:35,401 INFO o.a.j.t.JMeterThread: Stopping because end time detected by thread: Grupo De Hilos 1-108
2020-03-23 20:58:35,401 INFO o.a.j.t.JMeterThread: Thread finished: Grupo De Hilos 1-108
2020-03-23 20:58:35,401 INFO o.a.j.t.JMeterThread: Stopping because end time detected by thread: Grupo De Hilos 1-50
2020-03-23 20:58:35,401 INFO o.a.j.t.JMeterThread: Thread finished: Grupo De Hilos 1-50
2020-03-23 20:58:35,401 INFO o.a.j.t.JMeterThread: Stopping because end time detected by thread: Grupo De Hilos 1-130
2020-03-23 20:58:35,402 INFO o.a.j.t.JMeterThread: Thread finished: Grupo De Hilos 1-130
2020-03-23 20:58:35,402 INFO o.a.j.t.JMeterThread: Stopping because end time detected by thread: Grupo De Hilos 1-125
2020-03-23 20:58:35,402 INFO o.a.j.t.JMeterThread: Stopping because end time detected by thread: Grupo De Hilos 1-94
2020-03-23 20:58:35,402 INFO o.a.j.t.JMeterThread: Thread finished: Grupo De Hilos 1-125
2020-03-23 20:58:35,402 INFO o.a.j.t.JMeterThread: Thread finished: Grupo De Hilos 1-94
2020-03-23 20:58:35,403 INFO o.a.j.t.JMeterThread: Stopping because end time detected by thread: Grupo De Hilos 1-141
2020-03-23 20:58:35,403 INFO o.a.j.t.JMeterThread: Thread finished: Grupo De Hilos 1-141
2020-03-23 20:58:35,403 INFO o.a.j.t.JMeterThread: Stopping because end time detected by thread: Grupo De Hilos 1-72
2020-03-23 20:58:35,403 INFO o.a.j.t.JMeterThread: Thread finished: Grupo De Hilos 1-72
2020-03-23 20:58:35,404 INFO o.a.j.t.JMeterThread: Stopping because end time detected by thread: Grupo De Hilos 1-144
2020-03-23 20:58:35,404 INFO o.a.j.t.JMeterThread: Thread finished: Grupo De Hilos 1-144
2020-03-23 20:58:35,404 INFO o.a.j.t.JMeterThread: Stopping because end time detected by thread: Grupo De Hilos 1-42
2020-03-23 20:58:35,404 INFO o.a.j.t.JMeterThread: Thread finished: Grupo De Hilos 1-42
2020-03-23 20:58:35,404 INFO o.a.j.t.JMeterThread: Stopping because end time detected by thread: Grupo De Hilos 1-49
2020-03-23 20:58:35,405 INFO o.a.j.t.JMeterThread: Thread finished: Grupo De Hilos 1-49
2020-03-23 20:58:35,405 INFO o.a.j.t.JMeterThread: Stopping because end time detected by thread: Grupo De Hilos 1-145
2020-03-23 20:58:35,405 INFO o.a.j.t.JMeterThread: Thread finished: Grupo De Hilos 1-145
2020-03-23 20:58:35,405 INFO o.a.j.t.JMeterThread: Stopping because end time detected by thread: Grupo De Hilos 1-82
2020-03-23 20:58:35,405 INFO o.a.j.t.JMeterThread: Stopping because end time detected by thread: Grupo De Hilos 1-67
2020-03-23 20:58:35,405 INFO o.a.j.t.JMeterThread: Thread finished: Grupo De Hilos 1-82
2020-03-23 20:58:35,405 INFO o.a.j.t.JMeterThread: Thread finished: Grupo De Hilos 1-67
2020-03-23 20:58:35,405 INFO o.a.j.t.JMeterThread: Stopping because end time detected by thread: Grupo De Hilos 1-129
2020-03-23 20:58:35,406 INFO o.a.j.t.JMeterThread: Stopping because end time detected by thread: Grupo De Hilos 1-90
2020-03-23 20:58:35,406 INFO o.a.j.t.JMeterThread: Thread finished: Grupo De Hilos 1-129
2020-03-23 20:58:35,406 INFO o.a.j.t.JMeterThread: Thread finished: Grupo De Hilos 1-90
2020-03-23 20:58:35,406 INFO o.a.j.t.JMeterThread: Stopping because end time detected by thread: Grupo De Hilos 1-85
2020-03-23 20:58:35,406 INFO o.a.j.t.JMeterThread: Thread finished: Grupo De Hilos 1-85
2020-03-23 20:58:35,406 INFO o.a.j.t.JMeterThread: Stopping because end time detected by thread: Grupo De Hilos 1-96
2020-03-23 20:58:35,406 INFO o.a.j.t.JMeterThread: Thread finished: Grupo De Hilos 1-96
2020-03-23 20:58:35,406 INFO o.a.j.t.JMeterThread: Stopping because end time detected by thread: Grupo De Hilos 1-92
2020-03-23 20:58:35,407 INFO o.a.j.t.JMeterThread: Thread finished: Grupo De Hilos 1-92
2020-03-23 20:58:35,408 INFO o.a.j.t.JMeterThread: Stopping because end time detected by thread: Grupo De Hilos 1-39
2020-03-23 20:58:35,408 INFO o.a.j.t.JMeterThread: Stopping because end time detected by thread: Grupo De Hilos 1-147
2020-03-23 20:58:35,408 INFO o.a.j.t.JMeterThread: Thread finished: Grupo De Hilos 1-39
2020-03-23 20:58:35,408 INFO o.a.j.t.JMeterThread: Thread finished: Grupo De Hilos 1-147
2020-03-23 20:58:35,411 INFO o.a.j.t.JMeterThread: Stopping because end time detected by thread: Grupo De Hilos 1-132
2020-03-23 20:58:35,411 INFO o.a.j.t.JMeterThread: Thread finished: Grupo De Hilos 1-132
2020-03-23 20:58:35,412 INFO o.a.j.t.JMeterThread: Stopping because end time detected by thread: Grupo De Hilos 1-148
2020-03-23 20:58:35,384 INFO o.a.j.t.JMeterThread: Stopping because end time detected by thread: Grupo De Hilos 1-114
2020-03-23 20:58:35,414 INFO o.a.j.t.JMeterThread: Thread finished: Grupo De Hilos 1-148
2020-03-23 20:58:35,414 INFO o.a.j.t.JMeterThread: Thread finished: Grupo De Hilos 1-114
2020-03-23 20:58:35,414 INFO o.a.j.t.JMeterThread: Stopping because end time detected by thread: Grupo De Hilos 1-143
2020-03-23 20:58:35,415 INFO o.a.j.t.JMeterThread: Stopping because end time detected by thread: Grupo De Hilos 1-150
2020-03-23 20:58:35,414 INFO o.a.j.t.JMeterThread: Stopping because end time detected by thread: Grupo De Hilos 1-149
2020-03-23 20:58:35,407 INFO o.a.j.t.JMeterThread: Stopping because end time detected by thread: Grupo De Hilos 1-112
2020-03-23 20:58:35,415 INFO o.a.j.t.JMeterThread: Thread finished: Grupo De Hilos 1-149
2020-03-23 20:58:35,415 INFO o.a.j.t.JMeterThread: Thread finished: Grupo De Hilos 1-112
2020-03-23 20:58:35,407 INFO o.a.j.t.JMeterThread: Stopping because end time detected by thread: Grupo De Hilos 1-146
2020-03-23 20:58:35,407 INFO o.a.j.t.JMeterThread: Stopping because end time detected by thread: Grupo De Hilos 1-126
2020-03-23 20:58:35,400 INFO o.a.j.t.JMeterThread: Stopping because end time detected by thread: Grupo De Hilos 1-97
2020-03-23 20:58:35,415 INFO o.a.j.t.JMeterThread: Thread finished: Grupo De Hilos 1-146
2020-03-23 20:58:35,415 INFO o.a.j.t.JMeterThread: Stopping because end time detected by thread: Grupo De Hilos 1-99
2020-03-23 20:58:35,416 INFO o.a.j.t.JMeterThread: Thread finished: Grupo De Hilos 1-97
2020-03-23 20:58:35,415 INFO o.a.j.t.JMeterThread: Thread finished: Grupo De Hilos 1-126
2020-03-23 20:58:35,416 INFO o.a.j.t.JMeterThread: Stopping because end time detected by thread: Grupo De Hilos 1-131
2020-03-23 20:58:35,416 INFO o.a.j.t.JMeterThread: Thread finished: Grupo De Hilos 1-131
2020-03-23 20:58:35,416 INFO o.a.j.t.JMeterThread: Thread finished: Grupo De Hilos 1-111
2020-03-23 20:58:35,416 INFO o.a.j.t.JMeterThread: Stopping because end time detected by thread: Grupo De Hilos 1-142
2020-03-23 20:58:35,394 INFO o.a.j.t.JMeterThread: Thread finished: Grupo De Hilos 1-80
2020-03-23 20:58:35,393 INFO o.a.j.t.JMeterThread: Stopping because end time detected by thread: Grupo De Hilos 1-56
2020-03-23 20:58:35,417 INFO o.a.j.t.JMeterThread: Thread finished: Grupo De Hilos 1-56
2020-03-23 20:58:35,394 INFO o.a.j.t.JMeterThread: Stopping because end time detected by thread: Grupo De Hilos 1-57
2020-03-23 20:58:35,392 INFO o.a.j.t.JMeterThread: Stopping because end time detected by thread: Grupo De Hilos 1-100
2020-03-23 20:58:35,417 INFO o.a.j.t.JMeterThread: Thread finished: Grupo De Hilos 1-57
2020-03-23 20:58:35,392 INFO o.a.j.t.JMeterThread: Stopping because end time detected by thread: Grupo De Hilos 1-123
2020-03-23 20:58:35,417 INFO o.a.j.t.JMeterThread: Thread finished: Grupo De Hilos 1-123
2020-03-23 20:58:35,417 INFO o.a.j.t.JMeterThread: Thread finished: Grupo De Hilos 1-100
2020-03-23 20:58:35,416 INFO o.a.j.t.JMeterThread: Thread finished: Grupo De Hilos 1-142
2020-03-23 20:58:35,415 INFO o.a.j.t.JMeterThread: Thread finished: Grupo De Hilos 1-150
2020-03-23 20:58:35,418 INFO o.a.j.t.JMeterThread: Thread finished: Grupo De Hilos 1-99
2020-03-23 20:58:35,415 INFO o.a.j.t.JMeterThread: Stopping because end time detected by thread: Grupo De Hilos 1-139
2020-03-23 20:58:35,419 INFO o.a.j.t.JMeterThread: Thread finished: Grupo De Hilos 1-139
2020-03-23 20:58:35,418 INFO o.a.j.t.JMeterThread: Thread finished: Grupo De Hilos 1-127
2020-03-23 20:58:35,419 INFO o.a.j.t.JMeterThread: Thread finished: Grupo De Hilos 1-143
2020-03-23 20:58:35,420 INFO o.a.j.e.StandardJMeterEngine: Notifying test listeners of end of test
2020-03-23 20:58:35,422 INFO o.a.j.r.Summariser: summary +     12 in 00:04:05 =    0.0/s Avg:    63 Min:    42 Max:    94 Err:     0 (0.00%) Active: 0 Started: 150 Finished: 150
2020-03-23 20:58:35,423 INFO o.a.j.r.Summariser: summary =    150 in 00:05:00 =    0.5/s Avg:    69 Min:    38 Max:   270 Err:     0 (0.00%)
