2020-03-23 20:48:59,515 INFO o.a.j.u.JMeterUtils: Setting Locale to en_US
2020-03-23 20:48:59,554 INFO o.a.j.JMeter: Loading user properties from: /home/pablo/jmeter/bin/user.properties
2020-03-23 20:48:59,555 INFO o.a.j.JMeter: Loading system properties from: /home/pablo/jmeter/bin/system.properties
2020-03-23 20:48:59,556 INFO o.a.j.JMeter: Setting System property: HILOS=75
2020-03-23 20:48:59,557 INFO o.a.j.JMeter: Setting System property: SUBIDA=30
2020-03-23 20:48:59,557 INFO o.a.j.JMeter: Setting System property: DURACION=270
2020-03-23 20:48:59,557 INFO o.a.j.JMeter: Setting System property: PAGE=/test/imagenp.html
2020-03-23 20:48:59,558 INFO o.a.j.JMeter: Setting System property: FILE=scriptresultsperfmonP75.jtl
2020-03-23 20:48:59,560 INFO o.a.j.JMeter: Copyright (c) 1998-2019 The Apache Software Foundation
2020-03-23 20:48:59,560 INFO o.a.j.JMeter: Version 5.2.1
2020-03-23 20:48:59,561 INFO o.a.j.JMeter: java.version=1.8.0_201
2020-03-23 20:48:59,561 INFO o.a.j.JMeter: java.vm.name=Java HotSpot(TM) 64-Bit Server VM
2020-03-23 20:48:59,561 INFO o.a.j.JMeter: os.name=Linux
2020-03-23 20:48:59,561 INFO o.a.j.JMeter: os.arch=amd64
2020-03-23 20:48:59,562 INFO o.a.j.JMeter: os.version=4.15.0-91-generic
2020-03-23 20:48:59,562 INFO o.a.j.JMeter: file.encoding=UTF-8
2020-03-23 20:48:59,562 INFO o.a.j.JMeter: java.awt.headless=true
2020-03-23 20:48:59,562 INFO o.a.j.JMeter: Max memory     =732954624
2020-03-23 20:48:59,563 INFO o.a.j.JMeter: Available Processors =4
2020-03-23 20:48:59,572 INFO o.a.j.JMeter: Default Locale=English (United States)
2020-03-23 20:48:59,573 INFO o.a.j.JMeter: JMeter  Locale=English (United States)
2020-03-23 20:48:59,573 INFO o.a.j.JMeter: JMeterHome=/home/pablo/jmeter
2020-03-23 20:48:59,574 INFO o.a.j.JMeter: user.dir  =/home/pablo/jmeter/bin/EJECUCIONES
2020-03-23 20:48:59,574 INFO o.a.j.JMeter: PWD       =/home/pablo/jmeter/bin/EJECUCIONES
2020-03-23 20:48:59,575 INFO o.a.j.JMeter: IP: 127.0.1.1 Name: hylianpablo FullName: hylianpablo
2020-03-23 20:48:59,584 INFO o.a.j.s.FileServer: Default base='/home/pablo/jmeter/bin/EJECUCIONES'
2020-03-23 20:48:59,598 INFO o.a.j.s.FileServer: Set new base='/home/pablo/jmeter/bin/EJECUCIONES/..'
2020-03-23 20:48:59,898 INFO o.a.j.s.SaveService: Testplan (JMX) version: 2.2. Testlog (JTL) version: 2.2
2020-03-23 20:48:59,920 INFO o.a.j.s.SaveService: Using SaveService properties file encoding UTF-8
2020-03-23 20:48:59,934 INFO o.a.j.s.SaveService: Using SaveService properties version 5.0
2020-03-23 20:48:59,954 INFO o.a.j.s.SaveService: Loading file: ../Correcto.jmx
2020-03-23 20:49:00,074 INFO o.a.j.p.h.s.HTTPSamplerBase: Parser for text/html is org.apache.jmeter.protocol.http.parser.LagartoBasedHtmlParser
2020-03-23 20:49:00,075 INFO o.a.j.p.h.s.HTTPSamplerBase: Parser for application/xhtml+xml is org.apache.jmeter.protocol.http.parser.LagartoBasedHtmlParser
2020-03-23 20:49:00,075 INFO o.a.j.p.h.s.HTTPSamplerBase: Parser for application/xml is org.apache.jmeter.protocol.http.parser.LagartoBasedHtmlParser
2020-03-23 20:49:00,075 INFO o.a.j.p.h.s.HTTPSamplerBase: Parser for text/xml is org.apache.jmeter.protocol.http.parser.LagartoBasedHtmlParser
2020-03-23 20:49:00,076 INFO o.a.j.p.h.s.HTTPSamplerBase: Parser for text/vnd.wap.wml is org.apache.jmeter.protocol.http.parser.RegexpHTMLParser
2020-03-23 20:49:00,076 INFO o.a.j.p.h.s.HTTPSamplerBase: Parser for text/css is org.apache.jmeter.protocol.http.parser.CssParser
2020-03-23 20:49:00,133 INFO o.a.j.p.h.c.CacheManager: Will only cache the following methods: [GET]
2020-03-23 20:49:00,182 INFO o.a.j.JMeter: Creating summariser <summary>
2020-03-23 20:49:00,199 INFO o.a.j.e.StandardJMeterEngine: Running the test!
2020-03-23 20:49:00,203 INFO o.a.j.s.SampleEvent: List of sample_variables: []
2020-03-23 20:49:00,203 INFO o.a.j.s.SampleEvent: List of sample_variables: []
2020-03-23 20:49:00,220 INFO o.a.j.e.u.CompoundVariable: Note: Function class names must contain the string: '.functions.'
2020-03-23 20:49:00,220 INFO o.a.j.e.u.CompoundVariable: Note: Function class names must not contain the string: '.gui.'
2020-03-23 20:49:01,131 INFO o.a.j.JMeter: Running test (1584992941131)
2020-03-23 20:49:01,207 INFO o.a.j.e.StandardJMeterEngine: Starting ThreadGroup: 1 : Grupo De Hilos
2020-03-23 20:49:01,207 INFO o.a.j.e.StandardJMeterEngine: Starting 75 threads for group Grupo De Hilos.
2020-03-23 20:49:01,208 INFO o.a.j.e.StandardJMeterEngine: Thread will continue on error
2020-03-23 20:49:01,208 INFO o.a.j.t.ThreadGroup: Starting thread group... number=1 threads=75 ramp-up=30 delayedStart=false
2020-03-23 20:49:01,232 INFO o.a.j.t.JMeterThread: Thread started: Grupo De Hilos 1-1
2020-03-23 20:49:01,301 INFO o.a.j.p.h.s.HTTPHCAbstractImpl: Local host = hylianpablo
2020-03-23 20:49:01,322 INFO o.a.j.p.h.s.HTTPHC4Impl: HTTP request retry count = 0
2020-03-23 20:49:01,327 INFO o.a.j.s.SampleResult: Note: Sample TimeStamps are START times
2020-03-23 20:49:01,328 INFO o.a.j.s.SampleResult: sampleresult.default.encoding is set to ISO-8859-1
2020-03-23 20:49:01,328 INFO o.a.j.s.SampleResult: sampleresult.useNanoTime=true
2020-03-23 20:49:01,328 INFO o.a.j.s.SampleResult: sampleresult.nanoThreadSleep=5000
2020-03-23 20:49:01,331 INFO o.a.j.t.ThreadGroup: Started thread group number 1
2020-03-23 20:49:01,332 INFO o.a.j.e.StandardJMeterEngine: All thread groups have been started
2020-03-23 20:49:01,621 INFO o.a.j.t.JMeterThread: Thread started: Grupo De Hilos 1-2
2020-03-23 20:49:01,651 INFO o.a.j.r.Summariser: summary +      1 in 00:00:01 =    1.9/s Avg:   115 Min:   115 Max:   115 Err:     0 (0.00%) Active: 2 Started: 2 Finished: 0
2020-03-23 20:49:02,010 INFO o.a.j.t.JMeterThread: Thread started: Grupo De Hilos 1-3
2020-03-23 20:49:02,411 INFO o.a.j.t.JMeterThread: Thread started: Grupo De Hilos 1-4
2020-03-23 20:49:02,811 INFO o.a.j.t.JMeterThread: Thread started: Grupo De Hilos 1-5
2020-03-23 20:49:03,211 INFO o.a.j.t.JMeterThread: Thread started: Grupo De Hilos 1-6
2020-03-23 20:49:03,612 INFO o.a.j.t.JMeterThread: Thread started: Grupo De Hilos 1-7
2020-03-23 20:49:04,014 INFO o.a.j.t.JMeterThread: Thread started: Grupo De Hilos 1-8
2020-03-23 20:49:04,412 INFO o.a.j.t.JMeterThread: Thread started: Grupo De Hilos 1-9
2020-03-23 20:49:04,813 INFO o.a.j.t.JMeterThread: Thread started: Grupo De Hilos 1-10
2020-03-23 20:49:05,213 INFO o.a.j.t.JMeterThread: Thread started: Grupo De Hilos 1-11
2020-03-23 20:49:05,610 INFO o.a.j.t.JMeterThread: Thread started: Grupo De Hilos 1-12
2020-03-23 20:49:06,011 INFO o.a.j.t.JMeterThread: Thread started: Grupo De Hilos 1-13
2020-03-23 20:49:06,433 INFO o.a.j.t.JMeterThread: Thread started: Grupo De Hilos 1-14
2020-03-23 20:49:06,810 INFO o.a.j.t.JMeterThread: Thread started: Grupo De Hilos 1-15
2020-03-23 20:49:07,211 INFO o.a.j.t.JMeterThread: Thread started: Grupo De Hilos 1-16
2020-03-23 20:49:07,610 INFO o.a.j.t.JMeterThread: Thread started: Grupo De Hilos 1-17
2020-03-23 20:49:08,011 INFO o.a.j.t.JMeterThread: Thread started: Grupo De Hilos 1-18
2020-03-23 20:49:08,412 INFO o.a.j.t.JMeterThread: Thread started: Grupo De Hilos 1-19
2020-03-23 20:49:08,810 INFO o.a.j.t.JMeterThread: Thread started: Grupo De Hilos 1-20
2020-03-23 20:49:09,209 INFO o.a.j.t.JMeterThread: Thread started: Grupo De Hilos 1-21
2020-03-23 20:49:09,613 INFO o.a.j.t.JMeterThread: Thread started: Grupo De Hilos 1-22
2020-03-23 20:49:10,009 INFO o.a.j.t.JMeterThread: Thread started: Grupo De Hilos 1-23
2020-03-23 20:49:10,409 INFO o.a.j.t.JMeterThread: Thread started: Grupo De Hilos 1-24
2020-03-23 20:49:10,809 INFO o.a.j.t.JMeterThread: Thread started: Grupo De Hilos 1-25
2020-03-23 20:49:11,210 INFO o.a.j.t.JMeterThread: Thread started: Grupo De Hilos 1-26
2020-03-23 20:49:11,609 INFO o.a.j.t.JMeterThread: Thread started: Grupo De Hilos 1-27
2020-03-23 20:49:12,010 INFO o.a.j.t.JMeterThread: Thread started: Grupo De Hilos 1-28
2020-03-23 20:49:12,410 INFO o.a.j.t.JMeterThread: Thread started: Grupo De Hilos 1-29
2020-03-23 20:49:12,810 INFO o.a.j.t.JMeterThread: Thread started: Grupo De Hilos 1-30
2020-03-23 20:49:13,211 INFO o.a.j.t.JMeterThread: Thread started: Grupo De Hilos 1-31
2020-03-23 20:49:13,612 INFO o.a.j.t.JMeterThread: Thread started: Grupo De Hilos 1-32
2020-03-23 20:49:14,009 INFO o.a.j.t.JMeterThread: Thread started: Grupo De Hilos 1-33
2020-03-23 20:49:14,408 INFO o.a.j.t.JMeterThread: Thread started: Grupo De Hilos 1-34
2020-03-23 20:49:14,811 INFO o.a.j.t.JMeterThread: Thread started: Grupo De Hilos 1-35
2020-03-23 20:49:15,209 INFO o.a.j.t.JMeterThread: Thread started: Grupo De Hilos 1-36
2020-03-23 20:49:15,609 INFO o.a.j.t.JMeterThread: Thread started: Grupo De Hilos 1-37
2020-03-23 20:49:16,010 INFO o.a.j.t.JMeterThread: Thread started: Grupo De Hilos 1-38
2020-03-23 20:49:16,409 INFO o.a.j.t.JMeterThread: Thread started: Grupo De Hilos 1-39
2020-03-23 20:49:16,808 INFO o.a.j.t.JMeterThread: Thread started: Grupo De Hilos 1-40
2020-03-23 20:49:17,209 INFO o.a.j.t.JMeterThread: Thread started: Grupo De Hilos 1-41
2020-03-23 20:49:17,610 INFO o.a.j.t.JMeterThread: Thread started: Grupo De Hilos 1-42
2020-03-23 20:49:18,009 INFO o.a.j.t.JMeterThread: Thread started: Grupo De Hilos 1-43
2020-03-23 20:49:18,409 INFO o.a.j.t.JMeterThread: Thread started: Grupo De Hilos 1-44
2020-03-23 20:49:18,811 INFO o.a.j.t.JMeterThread: Thread started: Grupo De Hilos 1-45
2020-03-23 20:49:19,209 INFO o.a.j.t.JMeterThread: Thread started: Grupo De Hilos 1-46
2020-03-23 20:49:19,616 INFO o.a.j.t.JMeterThread: Thread started: Grupo De Hilos 1-47
2020-03-23 20:49:20,010 INFO o.a.j.t.JMeterThread: Thread started: Grupo De Hilos 1-48
2020-03-23 20:49:20,409 INFO o.a.j.t.JMeterThread: Thread started: Grupo De Hilos 1-49
2020-03-23 20:49:20,817 INFO o.a.j.t.JMeterThread: Thread started: Grupo De Hilos 1-50
2020-03-23 20:49:21,212 INFO o.a.j.t.JMeterThread: Thread started: Grupo De Hilos 1-51
2020-03-23 20:49:21,609 INFO o.a.j.t.JMeterThread: Thread started: Grupo De Hilos 1-52
2020-03-23 20:49:22,009 INFO o.a.j.t.JMeterThread: Thread started: Grupo De Hilos 1-53
2020-03-23 20:49:22,412 INFO o.a.j.t.JMeterThread: Thread started: Grupo De Hilos 1-54
2020-03-23 20:49:22,812 INFO o.a.j.t.JMeterThread: Thread started: Grupo De Hilos 1-55
2020-03-23 20:49:23,208 INFO o.a.j.t.JMeterThread: Thread started: Grupo De Hilos 1-56
2020-03-23 20:49:23,612 INFO o.a.j.t.JMeterThread: Thread started: Grupo De Hilos 1-57
2020-03-23 20:49:24,008 INFO o.a.j.t.JMeterThread: Thread started: Grupo De Hilos 1-58
2020-03-23 20:49:24,409 INFO o.a.j.t.JMeterThread: Thread started: Grupo De Hilos 1-59
2020-03-23 20:49:24,814 INFO o.a.j.t.JMeterThread: Thread started: Grupo De Hilos 1-60
2020-03-23 20:49:25,216 INFO o.a.j.t.JMeterThread: Thread started: Grupo De Hilos 1-61
2020-03-23 20:49:25,609 INFO o.a.j.t.JMeterThread: Thread started: Grupo De Hilos 1-62
2020-03-23 20:49:26,010 INFO o.a.j.t.JMeterThread: Thread started: Grupo De Hilos 1-63
2020-03-23 20:49:26,416 INFO o.a.j.t.JMeterThread: Thread started: Grupo De Hilos 1-64
2020-03-23 20:49:26,809 INFO o.a.j.t.JMeterThread: Thread started: Grupo De Hilos 1-65
2020-03-23 20:49:27,220 INFO o.a.j.t.JMeterThread: Thread started: Grupo De Hilos 1-66
2020-03-23 20:49:27,612 INFO o.a.j.t.JMeterThread: Thread started: Grupo De Hilos 1-67
2020-03-23 20:49:28,011 INFO o.a.j.t.JMeterThread: Thread started: Grupo De Hilos 1-68
2020-03-23 20:49:28,416 INFO o.a.j.t.JMeterThread: Thread started: Grupo De Hilos 1-69
2020-03-23 20:49:28,811 INFO o.a.j.t.JMeterThread: Thread started: Grupo De Hilos 1-70
2020-03-23 20:49:29,210 INFO o.a.j.t.JMeterThread: Thread started: Grupo De Hilos 1-71
2020-03-23 20:49:29,610 INFO o.a.j.t.JMeterThread: Thread started: Grupo De Hilos 1-72
2020-03-23 20:49:30,014 INFO o.a.j.t.JMeterThread: Thread started: Grupo De Hilos 1-73
2020-03-23 20:49:30,111 INFO o.a.j.r.Summariser: summary +     72 in 00:00:28 =    2.5/s Avg:    58 Min:    38 Max:   196 Err:     0 (0.00%) Active: 73 Started: 73 Finished: 0
2020-03-23 20:49:30,112 INFO o.a.j.r.Summariser: summary =     73 in 00:00:29 =    2.5/s Avg:    59 Min:    38 Max:   196 Err:     0 (0.00%)
2020-03-23 20:49:30,417 INFO o.a.j.t.JMeterThread: Thread started: Grupo De Hilos 1-74
2020-03-23 20:49:30,811 INFO o.a.j.t.JMeterThread: Thread started: Grupo De Hilos 1-75
2020-03-23 20:53:31,212 INFO o.a.j.t.JMeterThread: Stopping because end time detected by thread: Grupo De Hilos 1-1
2020-03-23 20:53:31,213 INFO o.a.j.t.JMeterThread: Thread finished: Grupo De Hilos 1-1
2020-03-23 20:53:31,236 INFO o.a.j.t.JMeterThread: Stopping because end time detected by thread: Grupo De Hilos 1-2
2020-03-23 20:53:31,236 INFO o.a.j.t.JMeterThread: Thread finished: Grupo De Hilos 1-2
2020-03-23 20:53:31,240 INFO o.a.j.t.JMeterThread: Stopping because end time detected by thread: Grupo De Hilos 1-6
2020-03-23 20:53:31,240 INFO o.a.j.t.JMeterThread: Thread finished: Grupo De Hilos 1-6
2020-03-23 20:53:31,244 INFO o.a.j.t.JMeterThread: Stopping because end time detected by thread: Grupo De Hilos 1-7
2020-03-23 20:53:31,245 INFO o.a.j.t.JMeterThread: Thread finished: Grupo De Hilos 1-7
2020-03-23 20:53:31,248 INFO o.a.j.t.JMeterThread: Stopping because end time detected by thread: Grupo De Hilos 1-10
2020-03-23 20:53:31,248 INFO o.a.j.t.JMeterThread: Thread finished: Grupo De Hilos 1-10
2020-03-23 20:53:31,252 INFO o.a.j.t.JMeterThread: Stopping because end time detected by thread: Grupo De Hilos 1-4
2020-03-23 20:53:31,252 INFO o.a.j.t.JMeterThread: Thread finished: Grupo De Hilos 1-4
2020-03-23 20:53:31,255 INFO o.a.j.t.JMeterThread: Stopping because end time detected by thread: Grupo De Hilos 1-15
2020-03-23 20:53:31,255 INFO o.a.j.t.JMeterThread: Thread finished: Grupo De Hilos 1-15
2020-03-23 20:53:31,256 INFO o.a.j.t.JMeterThread: Stopping because end time detected by thread: Grupo De Hilos 1-14
2020-03-23 20:53:31,256 INFO o.a.j.t.JMeterThread: Thread finished: Grupo De Hilos 1-14
2020-03-23 20:53:31,264 INFO o.a.j.t.JMeterThread: Stopping because end time detected by thread: Grupo De Hilos 1-20
2020-03-23 20:53:31,264 INFO o.a.j.t.JMeterThread: Thread finished: Grupo De Hilos 1-20
2020-03-23 20:53:31,272 INFO o.a.j.t.JMeterThread: Stopping because end time detected by thread: Grupo De Hilos 1-22
2020-03-23 20:53:31,272 INFO o.a.j.t.JMeterThread: Thread finished: Grupo De Hilos 1-22
2020-03-23 20:53:31,273 INFO o.a.j.t.JMeterThread: Stopping because end time detected by thread: Grupo De Hilos 1-26
2020-03-23 20:53:31,273 INFO o.a.j.t.JMeterThread: Thread finished: Grupo De Hilos 1-26
2020-03-23 20:53:31,295 INFO o.a.j.t.JMeterThread: Stopping because end time detected by thread: Grupo De Hilos 1-40
2020-03-23 20:53:31,295 INFO o.a.j.t.JMeterThread: Thread finished: Grupo De Hilos 1-40
2020-03-23 20:53:31,296 INFO o.a.j.t.JMeterThread: Stopping because end time detected by thread: Grupo De Hilos 1-50
2020-03-23 20:53:31,296 INFO o.a.j.t.JMeterThread: Stopping because end time detected by thread: Grupo De Hilos 1-41
2020-03-23 20:53:31,296 INFO o.a.j.t.JMeterThread: Thread finished: Grupo De Hilos 1-50
2020-03-23 20:53:31,296 INFO o.a.j.t.JMeterThread: Thread finished: Grupo De Hilos 1-41
2020-03-23 20:53:31,297 INFO o.a.j.t.JMeterThread: Stopping because end time detected by thread: Grupo De Hilos 1-48
2020-03-23 20:53:31,297 INFO o.a.j.t.JMeterThread: Thread finished: Grupo De Hilos 1-48
2020-03-23 20:53:31,297 INFO o.a.j.t.JMeterThread: Stopping because end time detected by thread: Grupo De Hilos 1-29
2020-03-23 20:53:31,297 INFO o.a.j.t.JMeterThread: Thread finished: Grupo De Hilos 1-29
2020-03-23 20:53:31,300 INFO o.a.j.t.JMeterThread: Stopping because end time detected by thread: Grupo De Hilos 1-58
2020-03-23 20:53:31,300 INFO o.a.j.t.JMeterThread: Stopping because end time detected by thread: Grupo De Hilos 1-46
2020-03-23 20:53:31,300 INFO o.a.j.t.JMeterThread: Thread finished: Grupo De Hilos 1-58
2020-03-23 20:53:31,300 INFO o.a.j.t.JMeterThread: Thread finished: Grupo De Hilos 1-46
2020-03-23 20:53:31,301 INFO o.a.j.t.JMeterThread: Stopping because end time detected by thread: Grupo De Hilos 1-21
2020-03-23 20:53:31,301 INFO o.a.j.t.JMeterThread: Stopping because end time detected by thread: Grupo De Hilos 1-52
2020-03-23 20:53:31,301 INFO o.a.j.t.JMeterThread: Thread finished: Grupo De Hilos 1-21
2020-03-23 20:53:31,301 INFO o.a.j.t.JMeterThread: Thread finished: Grupo De Hilos 1-52
2020-03-23 20:53:31,302 INFO o.a.j.t.JMeterThread: Stopping because end time detected by thread: Grupo De Hilos 1-35
2020-03-23 20:53:31,302 INFO o.a.j.t.JMeterThread: Thread finished: Grupo De Hilos 1-35
2020-03-23 20:53:31,302 INFO o.a.j.t.JMeterThread: Stopping because end time detected by thread: Grupo De Hilos 1-55
2020-03-23 20:53:31,303 INFO o.a.j.t.JMeterThread: Thread finished: Grupo De Hilos 1-55
2020-03-23 20:53:31,304 INFO o.a.j.t.JMeterThread: Stopping because end time detected by thread: Grupo De Hilos 1-3
2020-03-23 20:53:31,304 INFO o.a.j.t.JMeterThread: Stopping because end time detected by thread: Grupo De Hilos 1-61
2020-03-23 20:53:31,304 INFO o.a.j.t.JMeterThread: Thread finished: Grupo De Hilos 1-3
2020-03-23 20:53:31,304 INFO o.a.j.t.JMeterThread: Thread finished: Grupo De Hilos 1-61
2020-03-23 20:53:31,305 INFO o.a.j.t.JMeterThread: Stopping because end time detected by thread: Grupo De Hilos 1-45
2020-03-23 20:53:31,305 INFO o.a.j.t.JMeterThread: Thread finished: Grupo De Hilos 1-45
2020-03-23 20:53:31,306 INFO o.a.j.t.JMeterThread: Stopping because end time detected by thread: Grupo De Hilos 1-39
2020-03-23 20:53:31,306 INFO o.a.j.t.JMeterThread: Thread finished: Grupo De Hilos 1-39
2020-03-23 20:53:31,306 INFO o.a.j.t.JMeterThread: Stopping because end time detected by thread: Grupo De Hilos 1-43
2020-03-23 20:53:31,307 INFO o.a.j.t.JMeterThread: Thread finished: Grupo De Hilos 1-43
2020-03-23 20:53:31,307 INFO o.a.j.t.JMeterThread: Stopping because end time detected by thread: Grupo De Hilos 1-57
2020-03-23 20:53:31,307 INFO o.a.j.t.JMeterThread: Thread finished: Grupo De Hilos 1-57
2020-03-23 20:53:31,308 INFO o.a.j.t.JMeterThread: Stopping because end time detected by thread: Grupo De Hilos 1-54
2020-03-23 20:53:31,308 INFO o.a.j.t.JMeterThread: Thread finished: Grupo De Hilos 1-54
2020-03-23 20:53:31,309 INFO o.a.j.t.JMeterThread: Stopping because end time detected by thread: Grupo De Hilos 1-24
2020-03-23 20:53:31,309 INFO o.a.j.t.JMeterThread: Thread finished: Grupo De Hilos 1-24
2020-03-23 20:53:31,308 INFO o.a.j.t.JMeterThread: Stopping because end time detected by thread: Grupo De Hilos 1-62
2020-03-23 20:53:31,310 INFO o.a.j.t.JMeterThread: Thread finished: Grupo De Hilos 1-62
2020-03-23 20:53:31,308 INFO o.a.j.t.JMeterThread: Stopping because end time detected by thread: Grupo De Hilos 1-17
2020-03-23 20:53:31,311 INFO o.a.j.t.JMeterThread: Thread finished: Grupo De Hilos 1-17
2020-03-23 20:53:31,312 INFO o.a.j.t.JMeterThread: Stopping because end time detected by thread: Grupo De Hilos 1-59
2020-03-23 20:53:31,312 INFO o.a.j.t.JMeterThread: Stopping because end time detected by thread: Grupo De Hilos 1-53
2020-03-23 20:53:31,312 INFO o.a.j.t.JMeterThread: Stopping because end time detected by thread: Grupo De Hilos 1-67
2020-03-23 20:53:31,312 INFO o.a.j.t.JMeterThread: Thread finished: Grupo De Hilos 1-59
2020-03-23 20:53:31,312 INFO o.a.j.t.JMeterThread: Thread finished: Grupo De Hilos 1-53
2020-03-23 20:53:31,313 INFO o.a.j.t.JMeterThread: Stopping because end time detected by thread: Grupo De Hilos 1-64
2020-03-23 20:53:31,313 INFO o.a.j.t.JMeterThread: Thread finished: Grupo De Hilos 1-64
2020-03-23 20:53:31,313 INFO o.a.j.t.JMeterThread: Thread finished: Grupo De Hilos 1-67
2020-03-23 20:53:31,313 INFO o.a.j.t.JMeterThread: Stopping because end time detected by thread: Grupo De Hilos 1-47
2020-03-23 20:53:31,313 INFO o.a.j.t.JMeterThread: Thread finished: Grupo De Hilos 1-47
2020-03-23 20:53:31,314 INFO o.a.j.t.JMeterThread: Stopping because end time detected by thread: Grupo De Hilos 1-12
2020-03-23 20:53:31,314 INFO o.a.j.t.JMeterThread: Thread finished: Grupo De Hilos 1-12
2020-03-23 20:53:31,314 INFO o.a.j.t.JMeterThread: Stopping because end time detected by thread: Grupo De Hilos 1-42
2020-03-23 20:53:31,314 INFO o.a.j.t.JMeterThread: Thread finished: Grupo De Hilos 1-42
2020-03-23 20:53:31,315 INFO o.a.j.t.JMeterThread: Stopping because end time detected by thread: Grupo De Hilos 1-44
2020-03-23 20:53:31,315 INFO o.a.j.t.JMeterThread: Thread finished: Grupo De Hilos 1-44
2020-03-23 20:53:31,315 INFO o.a.j.t.JMeterThread: Stopping because end time detected by thread: Grupo De Hilos 1-56
2020-03-23 20:53:31,315 INFO o.a.j.t.JMeterThread: Thread finished: Grupo De Hilos 1-56
2020-03-23 20:53:31,316 INFO o.a.j.t.JMeterThread: Stopping because end time detected by thread: Grupo De Hilos 1-65
2020-03-23 20:53:31,316 INFO o.a.j.t.JMeterThread: Stopping because end time detected by thread: Grupo De Hilos 1-69
2020-03-23 20:53:31,317 INFO o.a.j.t.JMeterThread: Thread finished: Grupo De Hilos 1-69
2020-03-23 20:53:31,317 INFO o.a.j.t.JMeterThread: Stopping because end time detected by thread: Grupo De Hilos 1-66
2020-03-23 20:53:31,316 INFO o.a.j.t.JMeterThread: Stopping because end time detected by thread: Grupo De Hilos 1-51
2020-03-23 20:53:31,316 INFO o.a.j.t.JMeterThread: Thread finished: Grupo De Hilos 1-65
2020-03-23 20:53:31,317 INFO o.a.j.t.JMeterThread: Thread finished: Grupo De Hilos 1-51
2020-03-23 20:53:31,317 INFO o.a.j.t.JMeterThread: Thread finished: Grupo De Hilos 1-66
2020-03-23 20:53:31,294 INFO o.a.j.t.JMeterThread: Stopping because end time detected by thread: Grupo De Hilos 1-49
2020-03-23 20:53:31,293 INFO o.a.j.t.JMeterThread: Stopping because end time detected by thread: Grupo De Hilos 1-23
2020-03-23 20:53:31,318 INFO o.a.j.t.JMeterThread: Thread finished: Grupo De Hilos 1-49
2020-03-23 20:53:31,318 INFO o.a.j.t.JMeterThread: Thread finished: Grupo De Hilos 1-23
2020-03-23 20:53:31,292 INFO o.a.j.t.JMeterThread: Stopping because end time detected by thread: Grupo De Hilos 1-31
2020-03-23 20:53:31,318 INFO o.a.j.t.JMeterThread: Thread finished: Grupo De Hilos 1-31
2020-03-23 20:53:31,292 INFO o.a.j.t.JMeterThread: Stopping because end time detected by thread: Grupo De Hilos 1-16
2020-03-23 20:53:31,289 INFO o.a.j.t.JMeterThread: Stopping because end time detected by thread: Grupo De Hilos 1-18
2020-03-23 20:53:31,319 INFO o.a.j.t.JMeterThread: Thread finished: Grupo De Hilos 1-16
2020-03-23 20:53:31,319 INFO o.a.j.t.JMeterThread: Thread finished: Grupo De Hilos 1-18
2020-03-23 20:53:31,289 INFO o.a.j.t.JMeterThread: Stopping because end time detected by thread: Grupo De Hilos 1-13
2020-03-23 20:53:31,319 INFO o.a.j.t.JMeterThread: Thread finished: Grupo De Hilos 1-13
2020-03-23 20:53:31,289 INFO o.a.j.t.JMeterThread: Stopping because end time detected by thread: Grupo De Hilos 1-27
2020-03-23 20:53:31,289 INFO o.a.j.t.JMeterThread: Stopping because end time detected by thread: Grupo De Hilos 1-34
2020-03-23 20:53:31,320 INFO o.a.j.t.JMeterThread: Thread finished: Grupo De Hilos 1-27
2020-03-23 20:53:31,320 INFO o.a.j.t.JMeterThread: Thread finished: Grupo De Hilos 1-34
2020-03-23 20:53:31,289 INFO o.a.j.t.JMeterThread: Stopping because end time detected by thread: Grupo De Hilos 1-11
2020-03-23 20:53:31,320 INFO o.a.j.t.JMeterThread: Stopping because end time detected by thread: Grupo De Hilos 1-60
2020-03-23 20:53:31,320 INFO o.a.j.t.JMeterThread: Thread finished: Grupo De Hilos 1-11
2020-03-23 20:53:31,320 INFO o.a.j.t.JMeterThread: Thread finished: Grupo De Hilos 1-60
2020-03-23 20:53:31,288 INFO o.a.j.t.JMeterThread: Stopping because end time detected by thread: Grupo De Hilos 1-19
2020-03-23 20:53:31,288 INFO o.a.j.t.JMeterThread: Stopping because end time detected by thread: Grupo De Hilos 1-37
2020-03-23 20:53:31,288 INFO o.a.j.t.JMeterThread: Stopping because end time detected by thread: Grupo De Hilos 1-25
2020-03-23 20:53:31,321 INFO o.a.j.t.JMeterThread: Thread finished: Grupo De Hilos 1-19
2020-03-23 20:53:31,321 INFO o.a.j.t.JMeterThread: Thread finished: Grupo De Hilos 1-25
2020-03-23 20:53:31,321 INFO o.a.j.t.JMeterThread: Thread finished: Grupo De Hilos 1-37
2020-03-23 20:53:31,288 INFO o.a.j.t.JMeterThread: Stopping because end time detected by thread: Grupo De Hilos 1-32
2020-03-23 20:53:31,288 INFO o.a.j.t.JMeterThread: Stopping because end time detected by thread: Grupo De Hilos 1-8
2020-03-23 20:53:31,288 INFO o.a.j.t.JMeterThread: Stopping because end time detected by thread: Grupo De Hilos 1-36
2020-03-23 20:53:31,285 INFO o.a.j.t.JMeterThread: Stopping because end time detected by thread: Grupo De Hilos 1-38
2020-03-23 20:53:31,321 INFO o.a.j.t.JMeterThread: Thread finished: Grupo De Hilos 1-32
2020-03-23 20:53:31,321 INFO o.a.j.t.JMeterThread: Thread finished: Grupo De Hilos 1-8
2020-03-23 20:53:31,321 INFO o.a.j.t.JMeterThread: Thread finished: Grupo De Hilos 1-38
2020-03-23 20:53:31,321 INFO o.a.j.t.JMeterThread: Stopping because end time detected by thread: Grupo De Hilos 1-73
2020-03-23 20:53:31,284 INFO o.a.j.t.JMeterThread: Stopping because end time detected by thread: Grupo De Hilos 1-33
2020-03-23 20:53:31,322 INFO o.a.j.t.JMeterThread: Thread finished: Grupo De Hilos 1-36
2020-03-23 20:53:31,322 INFO o.a.j.t.JMeterThread: Thread finished: Grupo De Hilos 1-33
2020-03-23 20:53:31,322 INFO o.a.j.t.JMeterThread: Thread finished: Grupo De Hilos 1-73
2020-03-23 20:53:31,284 INFO o.a.j.t.JMeterThread: Stopping because end time detected by thread: Grupo De Hilos 1-28
2020-03-23 20:53:31,280 INFO o.a.j.t.JMeterThread: Stopping because end time detected by thread: Grupo De Hilos 1-30
2020-03-23 20:53:31,322 INFO o.a.j.t.JMeterThread: Thread finished: Grupo De Hilos 1-28
2020-03-23 20:53:31,322 INFO o.a.j.t.JMeterThread: Thread finished: Grupo De Hilos 1-30
2020-03-23 20:53:31,277 INFO o.a.j.t.JMeterThread: Stopping because end time detected by thread: Grupo De Hilos 1-9
2020-03-23 20:53:31,322 INFO o.a.j.t.JMeterThread: Stopping because end time detected by thread: Grupo De Hilos 1-72
2020-03-23 20:53:31,276 INFO o.a.j.t.JMeterThread: Stopping because end time detected by thread: Grupo De Hilos 1-5
2020-03-23 20:53:31,323 INFO o.a.j.t.JMeterThread: Thread finished: Grupo De Hilos 1-9
2020-03-23 20:53:31,323 INFO o.a.j.t.JMeterThread: Thread finished: Grupo De Hilos 1-5
2020-03-23 20:53:31,323 INFO o.a.j.t.JMeterThread: Stopping because end time detected by thread: Grupo De Hilos 1-68
2020-03-23 20:53:31,324 INFO o.a.j.t.JMeterThread: Thread finished: Grupo De Hilos 1-68
2020-03-23 20:53:31,324 INFO o.a.j.t.JMeterThread: Stopping because end time detected by thread: Grupo De Hilos 1-70
2020-03-23 20:53:31,323 INFO o.a.j.t.JMeterThread: Stopping because end time detected by thread: Grupo De Hilos 1-74
2020-03-23 20:53:31,324 INFO o.a.j.t.JMeterThread: Thread finished: Grupo De Hilos 1-70
2020-03-23 20:53:31,324 INFO o.a.j.t.JMeterThread: Thread finished: Grupo De Hilos 1-74
2020-03-23 20:53:31,325 INFO o.a.j.t.JMeterThread: Thread finished: Grupo De Hilos 1-72
2020-03-23 20:53:31,328 INFO o.a.j.t.JMeterThread: Stopping because end time detected by thread: Grupo De Hilos 1-71
2020-03-23 20:53:31,329 INFO o.a.j.t.JMeterThread: Thread finished: Grupo De Hilos 1-71
2020-03-23 20:53:31,330 INFO o.a.j.t.JMeterThread: Stopping because end time detected by thread: Grupo De Hilos 1-75
2020-03-23 20:53:31,330 INFO o.a.j.t.JMeterThread: Thread finished: Grupo De Hilos 1-75
2020-03-23 20:53:31,328 INFO o.a.j.t.JMeterThread: Stopping because end time detected by thread: Grupo De Hilos 1-63
2020-03-23 20:53:31,332 INFO o.a.j.t.JMeterThread: Thread finished: Grupo De Hilos 1-63
2020-03-23 20:53:31,334 INFO o.a.j.e.StandardJMeterEngine: Notifying test listeners of end of test
2020-03-23 20:53:31,335 INFO o.a.j.r.Summariser: summary +      2 in 00:04:01 =    0.0/s Avg:    43 Min:    39 Max:    48 Err:     0 (0.00%) Active: 0 Started: 75 Finished: 75
2020-03-23 20:53:31,336 INFO o.a.j.r.Summariser: summary =     75 in 00:04:30 =    0.3/s Avg:    58 Min:    38 Max:   196 Err:     0 (0.00%)
