2020-04-17 14:42:38,207 INFO o.a.j.u.JMeterUtils: Setting Locale to en_US
2020-04-17 14:42:38,237 INFO o.a.j.JMeter: Loading user properties from: /home/pablo/jmeter/bin/user.properties
2020-04-17 14:42:38,238 INFO o.a.j.JMeter: Loading system properties from: /home/pablo/jmeter/bin/system.properties
2020-04-17 14:42:38,239 INFO o.a.j.JMeter: Setting System property: HILOS=80
2020-04-17 14:42:38,239 INFO o.a.j.JMeter: Setting System property: SUBIDA=20
2020-04-17 14:42:38,240 INFO o.a.j.JMeter: Setting System property: DURACION=620
2020-04-17 14:42:38,240 INFO o.a.j.JMeter: Setting System property: FILE=scriptresultsPerfmon80.jtl
2020-04-17 14:42:38,242 INFO o.a.j.JMeter: Copyright (c) 1998-2019 The Apache Software Foundation
2020-04-17 14:42:38,243 INFO o.a.j.JMeter: Version 5.2.1
2020-04-17 14:42:38,243 INFO o.a.j.JMeter: java.version=1.8.0_201
2020-04-17 14:42:38,243 INFO o.a.j.JMeter: java.vm.name=Java HotSpot(TM) 64-Bit Server VM
2020-04-17 14:42:38,243 INFO o.a.j.JMeter: os.name=Linux
2020-04-17 14:42:38,244 INFO o.a.j.JMeter: os.arch=amd64
2020-04-17 14:42:38,244 INFO o.a.j.JMeter: os.version=4.15.0-96-generic
2020-04-17 14:42:38,244 INFO o.a.j.JMeter: file.encoding=UTF-8
2020-04-17 14:42:38,244 INFO o.a.j.JMeter: java.awt.headless=true
2020-04-17 14:42:38,245 INFO o.a.j.JMeter: Max memory     =732954624
2020-04-17 14:42:38,245 INFO o.a.j.JMeter: Available Processors =4
2020-04-17 14:42:38,253 INFO o.a.j.JMeter: Default Locale=English (United States)
2020-04-17 14:42:38,254 INFO o.a.j.JMeter: JMeter  Locale=English (United States)
2020-04-17 14:42:38,254 INFO o.a.j.JMeter: JMeterHome=/home/pablo/jmeter
2020-04-17 14:42:38,254 INFO o.a.j.JMeter: user.dir  =/home/pablo/jmeter/bin/EJECUCIONES/P3
2020-04-17 14:42:38,255 INFO o.a.j.JMeter: PWD       =/home/pablo/jmeter/bin/EJECUCIONES/P3
2020-04-17 14:42:38,255 INFO o.a.j.JMeter: IP: 127.0.1.1 Name: hylianpablo FullName: hylianpablo
2020-04-17 14:42:38,264 INFO o.a.j.s.FileServer: Default base='/home/pablo/jmeter/bin/EJECUCIONES/P3'
2020-04-17 14:42:38,273 INFO o.a.j.s.FileServer: Set new base='/home/pablo/jmeter/bin/EJECUCIONES/P3/..'
2020-04-17 14:42:38,563 INFO o.a.j.s.SaveService: Testplan (JMX) version: 2.2. Testlog (JTL) version: 2.2
2020-04-17 14:42:38,582 INFO o.a.j.s.SaveService: Using SaveService properties file encoding UTF-8
2020-04-17 14:42:38,594 INFO o.a.j.s.SaveService: Using SaveService properties version 5.0
2020-04-17 14:42:38,613 INFO o.a.j.s.SaveService: Loading file: ../RecordP3.jmx
2020-04-17 14:42:38,691 INFO o.a.j.p.h.c.CookieManager: Settings: Delete null: true Check: true Allow variable: true Save: false Prefix: COOKIE_
2020-04-17 14:42:38,742 INFO o.a.j.p.h.s.HTTPSamplerBase: Parser for text/html is org.apache.jmeter.protocol.http.parser.LagartoBasedHtmlParser
2020-04-17 14:42:38,742 INFO o.a.j.p.h.s.HTTPSamplerBase: Parser for application/xhtml+xml is org.apache.jmeter.protocol.http.parser.LagartoBasedHtmlParser
2020-04-17 14:42:38,743 INFO o.a.j.p.h.s.HTTPSamplerBase: Parser for application/xml is org.apache.jmeter.protocol.http.parser.LagartoBasedHtmlParser
2020-04-17 14:42:38,743 INFO o.a.j.p.h.s.HTTPSamplerBase: Parser for text/xml is org.apache.jmeter.protocol.http.parser.LagartoBasedHtmlParser
2020-04-17 14:42:38,743 INFO o.a.j.p.h.s.HTTPSamplerBase: Parser for text/vnd.wap.wml is org.apache.jmeter.protocol.http.parser.RegexpHTMLParser
2020-04-17 14:42:38,744 INFO o.a.j.p.h.s.HTTPSamplerBase: Parser for text/css is org.apache.jmeter.protocol.http.parser.CssParser
2020-04-17 14:42:39,116 INFO o.a.j.e.KeyToolUtils: keytool found at 'keytool'
2020-04-17 14:42:39,118 INFO o.a.j.p.h.p.ProxyControl: HTTP(S) Test Script Recorder SSL Proxy will use keys that support embedded 3rd party resources in file /home/pablo/jmeter/bin/proxyserver.jks
2020-04-17 14:42:39,202 INFO o.a.j.JMeter: Creating summariser <summary>
2020-04-17 14:42:39,215 INFO o.a.j.e.StandardJMeterEngine: Running the test!
2020-04-17 14:42:39,216 INFO o.a.j.s.SampleEvent: List of sample_variables: []
2020-04-17 14:42:39,217 INFO o.a.j.s.SampleEvent: List of sample_variables: []
2020-04-17 14:42:39,229 INFO o.a.j.e.u.CompoundVariable: Note: Function class names must contain the string: '.functions.'
2020-04-17 14:42:39,229 INFO o.a.j.e.u.CompoundVariable: Note: Function class names must not contain the string: '.gui.'
2020-04-17 14:42:40,105 INFO o.a.j.JMeter: Running test (1587127360105)
2020-04-17 14:42:40,213 INFO o.a.j.e.StandardJMeterEngine: Starting ThreadGroup: 1 : Thread Group
2020-04-17 14:42:40,213 INFO o.a.j.e.StandardJMeterEngine: Starting 80 threads for group Thread Group.
2020-04-17 14:42:40,221 INFO o.a.j.e.StandardJMeterEngine: Thread will continue on error
2020-04-17 14:42:40,221 INFO o.a.j.t.ThreadGroup: Starting thread group... number=1 threads=80 ramp-up=20 delayedStart=false
2020-04-17 14:42:40,246 INFO o.a.j.s.SampleResult: Note: Sample TimeStamps are START times
2020-04-17 14:42:40,247 INFO o.a.j.s.SampleResult: sampleresult.default.encoding is set to ISO-8859-1
2020-04-17 14:42:40,247 INFO o.a.j.s.SampleResult: sampleresult.useNanoTime=true
2020-04-17 14:42:40,247 INFO o.a.j.s.SampleResult: sampleresult.nanoThreadSleep=5000
2020-04-17 14:42:40,251 INFO o.a.j.t.JMeterThread: Thread started: Thread Group 1-1
2020-04-17 14:42:40,303 INFO o.a.j.p.h.s.HTTPHCAbstractImpl: Local host = hylianpablo
2020-04-17 14:42:40,318 INFO o.a.j.p.h.s.HTTPHC4Impl: HTTP request retry count = 0
2020-04-17 14:42:40,504 INFO o.a.j.t.ThreadGroup: Started thread group number 1
2020-04-17 14:42:40,505 INFO o.a.j.e.StandardJMeterEngine: All thread groups have been started
2020-04-17 14:42:40,505 INFO o.a.j.t.JMeterThread: Thread started: Thread Group 1-2
2020-04-17 14:42:40,753 INFO o.a.j.t.JMeterThread: Thread started: Thread Group 1-3
2020-04-17 14:42:40,979 INFO o.a.j.t.JMeterThread: Thread started: Thread Group 1-4
2020-04-17 14:42:41,235 INFO o.a.j.t.JMeterThread: Thread started: Thread Group 1-5
2020-04-17 14:42:41,487 INFO o.a.j.t.JMeterThread: Thread started: Thread Group 1-6
2020-04-17 14:42:41,733 INFO o.a.j.t.JMeterThread: Thread started: Thread Group 1-7
2020-04-17 14:42:41,979 INFO o.a.j.t.JMeterThread: Thread started: Thread Group 1-8
2020-04-17 14:42:42,230 INFO o.a.j.t.JMeterThread: Thread started: Thread Group 1-9
2020-04-17 14:42:42,480 INFO o.a.j.t.JMeterThread: Thread started: Thread Group 1-10
2020-04-17 14:42:42,735 INFO o.a.j.t.JMeterThread: Thread started: Thread Group 1-11
2020-04-17 14:42:42,989 INFO o.a.j.t.JMeterThread: Thread started: Thread Group 1-12
2020-04-17 14:42:43,231 INFO o.a.j.t.JMeterThread: Thread started: Thread Group 1-13
2020-04-17 14:42:43,480 INFO o.a.j.t.JMeterThread: Thread started: Thread Group 1-14
2020-04-17 14:42:43,732 INFO o.a.j.t.JMeterThread: Thread started: Thread Group 1-15
2020-04-17 14:42:43,982 INFO o.a.j.t.JMeterThread: Thread started: Thread Group 1-16
2020-04-17 14:42:44,374 INFO o.a.j.t.JMeterThread: Thread started: Thread Group 1-17
2020-04-17 14:42:44,480 INFO o.a.j.t.JMeterThread: Thread started: Thread Group 1-18
2020-04-17 14:42:44,726 INFO o.a.j.t.JMeterThread: Thread started: Thread Group 1-19
2020-04-17 14:42:44,978 INFO o.a.j.t.JMeterThread: Thread started: Thread Group 1-20
2020-04-17 14:42:45,228 INFO o.a.j.t.JMeterThread: Thread started: Thread Group 1-21
2020-04-17 14:42:45,475 INFO o.a.j.t.JMeterThread: Thread started: Thread Group 1-22
2020-04-17 14:42:45,728 INFO o.a.j.t.JMeterThread: Thread started: Thread Group 1-23
2020-04-17 14:42:45,979 INFO o.a.j.t.JMeterThread: Thread started: Thread Group 1-24
2020-04-17 14:42:46,228 INFO o.a.j.t.JMeterThread: Thread started: Thread Group 1-25
2020-04-17 14:42:46,478 INFO o.a.j.t.JMeterThread: Thread started: Thread Group 1-26
2020-04-17 14:42:46,728 INFO o.a.j.t.JMeterThread: Thread started: Thread Group 1-27
2020-04-17 14:42:46,982 INFO o.a.j.t.JMeterThread: Thread started: Thread Group 1-28
2020-04-17 14:42:47,231 INFO o.a.j.t.JMeterThread: Thread started: Thread Group 1-29
2020-04-17 14:42:47,485 INFO o.a.j.t.JMeterThread: Thread started: Thread Group 1-30
2020-04-17 14:42:47,727 INFO o.a.j.t.JMeterThread: Thread started: Thread Group 1-31
2020-04-17 14:42:47,977 INFO o.a.j.t.JMeterThread: Thread started: Thread Group 1-32
2020-04-17 14:42:48,227 INFO o.a.j.t.JMeterThread: Thread started: Thread Group 1-33
2020-04-17 14:42:48,478 INFO o.a.j.t.JMeterThread: Thread started: Thread Group 1-34
2020-04-17 14:42:48,728 INFO o.a.j.t.JMeterThread: Thread started: Thread Group 1-35
2020-04-17 14:42:48,975 INFO o.a.j.t.JMeterThread: Thread started: Thread Group 1-36
2020-04-17 14:42:49,228 INFO o.a.j.t.JMeterThread: Thread started: Thread Group 1-37
2020-04-17 14:42:49,479 INFO o.a.j.t.JMeterThread: Thread started: Thread Group 1-38
2020-04-17 14:42:49,727 INFO o.a.j.t.JMeterThread: Thread started: Thread Group 1-39
2020-04-17 14:42:49,977 INFO o.a.j.t.JMeterThread: Thread started: Thread Group 1-40
2020-04-17 14:42:50,230 INFO o.a.j.t.JMeterThread: Thread started: Thread Group 1-41
2020-04-17 14:42:50,478 INFO o.a.j.t.JMeterThread: Thread started: Thread Group 1-42
2020-04-17 14:42:50,727 INFO o.a.j.t.JMeterThread: Thread started: Thread Group 1-43
2020-04-17 14:42:50,975 INFO o.a.j.t.JMeterThread: Thread started: Thread Group 1-44
2020-04-17 14:42:51,227 INFO o.a.j.t.JMeterThread: Thread started: Thread Group 1-45
2020-04-17 14:42:51,475 INFO o.a.j.t.JMeterThread: Thread started: Thread Group 1-46
2020-04-17 14:42:51,732 INFO o.a.j.t.JMeterThread: Thread started: Thread Group 1-47
2020-04-17 14:42:51,975 INFO o.a.j.t.JMeterThread: Thread started: Thread Group 1-48
2020-04-17 14:42:52,226 INFO o.a.j.t.JMeterThread: Thread started: Thread Group 1-49
2020-04-17 14:42:52,479 INFO o.a.j.t.JMeterThread: Thread started: Thread Group 1-50
2020-04-17 14:42:52,727 INFO o.a.j.t.JMeterThread: Thread started: Thread Group 1-51
2020-04-17 14:42:52,976 INFO o.a.j.t.JMeterThread: Thread started: Thread Group 1-52
2020-04-17 14:42:53,227 INFO o.a.j.t.JMeterThread: Thread started: Thread Group 1-53
2020-04-17 14:42:53,476 INFO o.a.j.t.JMeterThread: Thread started: Thread Group 1-54
2020-04-17 14:42:53,730 INFO o.a.j.t.JMeterThread: Thread started: Thread Group 1-55
2020-04-17 14:42:53,984 INFO o.a.j.t.JMeterThread: Thread started: Thread Group 1-56
2020-04-17 14:42:54,232 INFO o.a.j.t.JMeterThread: Thread started: Thread Group 1-57
2020-04-17 14:42:54,480 INFO o.a.j.t.JMeterThread: Thread started: Thread Group 1-58
2020-04-17 14:42:54,726 INFO o.a.j.t.JMeterThread: Thread started: Thread Group 1-59
2020-04-17 14:42:54,977 INFO o.a.j.t.JMeterThread: Thread started: Thread Group 1-60
2020-04-17 14:42:55,228 INFO o.a.j.t.JMeterThread: Thread started: Thread Group 1-61
2020-04-17 14:42:55,477 INFO o.a.j.t.JMeterThread: Thread started: Thread Group 1-62
2020-04-17 14:42:55,726 INFO o.a.j.t.JMeterThread: Thread started: Thread Group 1-63
2020-04-17 14:42:55,976 INFO o.a.j.t.JMeterThread: Thread started: Thread Group 1-64
2020-04-17 14:42:56,224 INFO o.a.j.t.JMeterThread: Thread started: Thread Group 1-65
2020-04-17 14:42:56,474 INFO o.a.j.t.JMeterThread: Thread started: Thread Group 1-66
2020-04-17 14:42:56,725 INFO o.a.j.t.JMeterThread: Thread started: Thread Group 1-67
2020-04-17 14:42:56,978 INFO o.a.j.t.JMeterThread: Thread started: Thread Group 1-68
2020-04-17 14:42:57,226 INFO o.a.j.t.JMeterThread: Thread started: Thread Group 1-69
2020-04-17 14:42:57,475 INFO o.a.j.t.JMeterThread: Thread started: Thread Group 1-70
2020-04-17 14:42:57,727 INFO o.a.j.t.JMeterThread: Thread started: Thread Group 1-71
2020-04-17 14:42:57,977 INFO o.a.j.t.JMeterThread: Thread started: Thread Group 1-72
2020-04-17 14:42:58,226 INFO o.a.j.t.JMeterThread: Thread started: Thread Group 1-73
2020-04-17 14:42:58,475 INFO o.a.j.t.JMeterThread: Thread started: Thread Group 1-74
2020-04-17 14:42:58,723 INFO o.a.j.t.JMeterThread: Thread started: Thread Group 1-75
2020-04-17 14:42:58,974 INFO o.a.j.t.JMeterThread: Thread started: Thread Group 1-76
2020-04-17 14:42:59,223 INFO o.a.j.t.JMeterThread: Thread started: Thread Group 1-77
2020-04-17 14:42:59,545 INFO o.a.j.t.JMeterThread: Thread started: Thread Group 1-78
2020-04-17 14:42:59,728 INFO o.a.j.t.JMeterThread: Thread started: Thread Group 1-79
2020-04-17 14:42:59,976 INFO o.a.j.t.JMeterThread: Thread started: Thread Group 1-80
2020-04-17 14:43:00,007 INFO o.a.j.r.Summariser: summary +   2455 in 00:00:20 =  123.4/s Avg:   295 Min:    19 Max:  2563 Err:     0 (0.00%) Active: 80 Started: 80 Finished: 0
2020-04-17 14:43:30,004 INFO o.a.j.r.Summariser: summary +   4002 in 00:00:30 =  133.4/s Avg:   605 Min:    20 Max:  3876 Err:     0 (0.00%) Active: 80 Started: 80 Finished: 0
2020-04-17 14:43:30,005 INFO o.a.j.r.Summariser: summary =   6457 in 00:00:50 =  129.4/s Avg:   487 Min:    19 Max:  3876 Err:     0 (0.00%)
2020-04-17 14:44:00,001 INFO o.a.j.r.Summariser: summary +   4089 in 00:00:30 =  136.3/s Avg:   582 Min:    23 Max:  3757 Err:     0 (0.00%) Active: 80 Started: 80 Finished: 0
2020-04-17 14:44:00,002 INFO o.a.j.r.Summariser: summary =  10546 in 00:01:20 =  132.0/s Avg:   524 Min:    19 Max:  3876 Err:     0 (0.00%)
2020-04-17 14:44:30,005 INFO o.a.j.r.Summariser: summary +   4209 in 00:00:30 =  140.3/s Avg:   572 Min:    22 Max:  3684 Err:     0 (0.00%) Active: 80 Started: 80 Finished: 0
2020-04-17 14:44:30,006 INFO o.a.j.r.Summariser: summary =  14755 in 00:01:50 =  134.3/s Avg:   538 Min:    19 Max:  3876 Err:     0 (0.00%)
2020-04-17 14:45:00,001 INFO o.a.j.r.Summariser: summary +   4202 in 00:00:30 =  140.1/s Avg:   556 Min:    20 Max:  3547 Err:     0 (0.00%) Active: 80 Started: 80 Finished: 0
2020-04-17 14:45:00,003 INFO o.a.j.r.Summariser: summary =  18957 in 00:02:20 =  135.5/s Avg:   542 Min:    19 Max:  3876 Err:     0 (0.00%)
2020-04-17 14:45:30,003 INFO o.a.j.r.Summariser: summary +   4232 in 00:00:30 =  141.1/s Avg:   584 Min:    20 Max:  3991 Err:     0 (0.00%) Active: 80 Started: 80 Finished: 0
2020-04-17 14:45:30,004 INFO o.a.j.r.Summariser: summary =  23189 in 00:02:50 =  136.5/s Avg:   550 Min:    19 Max:  3991 Err:     0 (0.00%)
2020-04-17 14:46:00,054 INFO o.a.j.r.Summariser: summary +   4121 in 00:00:30 =  137.1/s Avg:   553 Min:    20 Max:  3606 Err:     0 (0.00%) Active: 80 Started: 80 Finished: 0
2020-04-17 14:46:00,055 INFO o.a.j.r.Summariser: summary =  27310 in 00:03:20 =  136.6/s Avg:   550 Min:    19 Max:  3991 Err:     0 (0.00%)
2020-04-17 14:46:30,001 INFO o.a.j.r.Summariser: summary +   4057 in 00:00:30 =  135.5/s Avg:   610 Min:    19 Max:  4367 Err:     0 (0.00%) Active: 80 Started: 80 Finished: 0
2020-04-17 14:46:30,001 INFO o.a.j.r.Summariser: summary =  31367 in 00:03:50 =  136.4/s Avg:   558 Min:    19 Max:  4367 Err:     0 (0.00%)
2020-04-17 14:47:00,003 INFO o.a.j.r.Summariser: summary +   4285 in 00:00:30 =  142.8/s Avg:   562 Min:    20 Max:  3490 Err:     0 (0.00%) Active: 80 Started: 80 Finished: 0
2020-04-17 14:47:00,004 INFO o.a.j.r.Summariser: summary =  35652 in 00:04:20 =  137.2/s Avg:   558 Min:    19 Max:  4367 Err:     0 (0.00%)
2020-04-17 14:47:30,016 INFO o.a.j.r.Summariser: summary +   4095 in 00:00:30 =  136.4/s Avg:   578 Min:    20 Max:  4608 Err:     0 (0.00%) Active: 80 Started: 80 Finished: 0
2020-04-17 14:47:30,017 INFO o.a.j.r.Summariser: summary =  39747 in 00:04:50 =  137.1/s Avg:   560 Min:    19 Max:  4608 Err:     0 (0.00%)
2020-04-17 14:48:00,020 INFO o.a.j.r.Summariser: summary +   4255 in 00:00:30 =  141.8/s Avg:   567 Min:    20 Max:  3515 Err:     0 (0.00%) Active: 80 Started: 80 Finished: 0
2020-04-17 14:48:00,021 INFO o.a.j.r.Summariser: summary =  44002 in 00:05:20 =  137.5/s Avg:   561 Min:    19 Max:  4608 Err:     0 (0.00%)
2020-04-17 14:48:30,004 INFO o.a.j.r.Summariser: summary +   4213 in 00:00:30 =  140.5/s Avg:   571 Min:    22 Max:  4054 Err:     0 (0.00%) Active: 80 Started: 80 Finished: 0
2020-04-17 14:48:30,004 INFO o.a.j.r.Summariser: summary =  48215 in 00:05:50 =  137.8/s Avg:   562 Min:    19 Max:  4608 Err:     0 (0.00%)
2020-04-17 14:49:00,007 INFO o.a.j.r.Summariser: summary +   4052 in 00:00:30 =  135.1/s Avg:   585 Min:    19 Max:  4119 Err:     0 (0.00%) Active: 80 Started: 80 Finished: 0
2020-04-17 14:49:00,008 INFO o.a.j.r.Summariser: summary =  52267 in 00:06:20 =  137.6/s Avg:   564 Min:    19 Max:  4608 Err:     0 (0.00%)
2020-04-17 14:49:30,017 INFO o.a.j.r.Summariser: summary +   4246 in 00:00:30 =  141.5/s Avg:   560 Min:    21 Max:  3531 Err:     0 (0.00%) Active: 80 Started: 80 Finished: 0
2020-04-17 14:49:30,018 INFO o.a.j.r.Summariser: summary =  56513 in 00:06:50 =  137.9/s Avg:   563 Min:    19 Max:  4608 Err:     0 (0.00%)
2020-04-17 14:50:00,025 INFO o.a.j.r.Summariser: summary +   4284 in 00:00:30 =  142.8/s Avg:   566 Min:    20 Max:  3884 Err:     0 (0.00%) Active: 80 Started: 80 Finished: 0
2020-04-17 14:50:00,026 INFO o.a.j.r.Summariser: summary =  60797 in 00:07:20 =  138.2/s Avg:   564 Min:    19 Max:  4608 Err:     0 (0.00%)
2020-04-17 14:50:30,004 INFO o.a.j.r.Summariser: summary +   4176 in 00:00:30 =  139.3/s Avg:   574 Min:    21 Max:  3494 Err:     0 (0.00%) Active: 80 Started: 80 Finished: 0
2020-04-17 14:50:30,005 INFO o.a.j.r.Summariser: summary =  64973 in 00:07:50 =  138.3/s Avg:   564 Min:    19 Max:  4608 Err:     0 (0.00%)
2020-04-17 14:51:00,007 INFO o.a.j.r.Summariser: summary +   4268 in 00:00:30 =  142.2/s Avg:   559 Min:    21 Max:  3777 Err:     0 (0.00%) Active: 80 Started: 80 Finished: 0
2020-04-17 14:51:00,008 INFO o.a.j.r.Summariser: summary =  69241 in 00:08:20 =  138.5/s Avg:   564 Min:    19 Max:  4608 Err:     0 (0.00%)
2020-04-17 14:51:30,020 INFO o.a.j.r.Summariser: summary +   4233 in 00:00:30 =  141.0/s Avg:   576 Min:    18 Max:  3744 Err:     0 (0.00%) Active: 80 Started: 80 Finished: 0
2020-04-17 14:51:30,021 INFO o.a.j.r.Summariser: summary =  73474 in 00:08:50 =  138.7/s Avg:   565 Min:    18 Max:  4608 Err:     0 (0.00%)
2020-04-17 14:52:00,005 INFO o.a.j.r.Summariser: summary +   4222 in 00:00:30 =  140.8/s Avg:   566 Min:    20 Max:  3194 Err:     0 (0.00%) Active: 80 Started: 80 Finished: 0
2020-04-17 14:52:00,006 INFO o.a.j.r.Summariser: summary =  77696 in 00:09:20 =  138.8/s Avg:   565 Min:    18 Max:  4608 Err:     0 (0.00%)
2020-04-17 14:52:30,007 INFO o.a.j.r.Summariser: summary +   4327 in 00:00:30 =  144.2/s Avg:   549 Min:    21 Max:  3508 Err:     0 (0.00%) Active: 80 Started: 80 Finished: 0
2020-04-17 14:52:30,007 INFO o.a.j.r.Summariser: summary =  82023 in 00:09:50 =  139.0/s Avg:   564 Min:    18 Max:  4608 Err:     0 (0.00%)
2020-04-17 14:53:00,001 INFO o.a.j.r.Summariser: summary +   4175 in 00:00:30 =  139.2/s Avg:   567 Min:    23 Max:  3844 Err:     0 (0.00%) Active: 80 Started: 80 Finished: 0
2020-04-17 14:53:00,002 INFO o.a.j.r.Summariser: summary =  86198 in 00:10:20 =  139.1/s Avg:   564 Min:    18 Max:  4608 Err:     0 (0.00%)
2020-04-17 14:53:00,247 INFO o.a.j.t.JMeterThread: Stopping because end time detected by thread: Thread Group 1-2
2020-04-17 14:53:00,247 INFO o.a.j.t.JMeterThread: Thread finished: Thread Group 1-2
2020-04-17 14:53:00,249 INFO o.a.j.t.JMeterThread: Stopping because end time detected by thread: Thread Group 1-3
2020-04-17 14:53:00,250 INFO o.a.j.t.JMeterThread: Thread finished: Thread Group 1-3
2020-04-17 14:53:00,348 INFO o.a.j.t.JMeterThread: Stopping because end time detected by thread: Thread Group 1-25
2020-04-17 14:53:00,348 INFO o.a.j.t.JMeterThread: Thread finished: Thread Group 1-25
2020-04-17 14:53:00,352 INFO o.a.j.t.JMeterThread: Stopping because end time detected by thread: Thread Group 1-15
2020-04-17 14:53:00,352 INFO o.a.j.t.JMeterThread: Thread finished: Thread Group 1-15
2020-04-17 14:53:00,361 INFO o.a.j.t.JMeterThread: Stopping because end time detected by thread: Thread Group 1-26
2020-04-17 14:53:00,361 INFO o.a.j.t.JMeterThread: Thread finished: Thread Group 1-26
2020-04-17 14:53:00,383 INFO o.a.j.t.JMeterThread: Stopping because end time detected by thread: Thread Group 1-5
2020-04-17 14:53:00,383 INFO o.a.j.t.JMeterThread: Thread finished: Thread Group 1-5
2020-04-17 14:53:00,386 INFO o.a.j.t.JMeterThread: Stopping because end time detected by thread: Thread Group 1-29
2020-04-17 14:53:00,387 INFO o.a.j.t.JMeterThread: Thread finished: Thread Group 1-29
2020-04-17 14:53:00,389 INFO o.a.j.t.JMeterThread: Stopping because end time detected by thread: Thread Group 1-33
2020-04-17 14:53:00,390 INFO o.a.j.t.JMeterThread: Thread finished: Thread Group 1-33
2020-04-17 14:53:00,391 INFO o.a.j.t.JMeterThread: Stopping because end time detected by thread: Thread Group 1-16
2020-04-17 14:53:00,392 INFO o.a.j.t.JMeterThread: Thread finished: Thread Group 1-16
2020-04-17 14:53:00,393 INFO o.a.j.t.JMeterThread: Stopping because end time detected by thread: Thread Group 1-7
2020-04-17 14:53:00,393 INFO o.a.j.t.JMeterThread: Thread finished: Thread Group 1-7
2020-04-17 14:53:00,394 INFO o.a.j.t.JMeterThread: Stopping because end time detected by thread: Thread Group 1-36
2020-04-17 14:53:00,393 INFO o.a.j.t.JMeterThread: Stopping because end time detected by thread: Thread Group 1-6
2020-04-17 14:53:00,394 INFO o.a.j.t.JMeterThread: Thread finished: Thread Group 1-6
2020-04-17 14:53:00,394 INFO o.a.j.t.JMeterThread: Thread finished: Thread Group 1-36
2020-04-17 14:53:00,412 INFO o.a.j.t.JMeterThread: Stopping because end time detected by thread: Thread Group 1-30
2020-04-17 14:53:00,413 INFO o.a.j.t.JMeterThread: Thread finished: Thread Group 1-30
2020-04-17 14:53:00,414 INFO o.a.j.t.JMeterThread: Stopping because end time detected by thread: Thread Group 1-43
2020-04-17 14:53:00,415 INFO o.a.j.t.JMeterThread: Thread finished: Thread Group 1-43
2020-04-17 14:53:00,437 INFO o.a.j.t.JMeterThread: Stopping because end time detected by thread: Thread Group 1-50
2020-04-17 14:53:00,437 INFO o.a.j.t.JMeterThread: Thread finished: Thread Group 1-50
2020-04-17 14:53:00,443 INFO o.a.j.t.JMeterThread: Stopping because end time detected by thread: Thread Group 1-13
2020-04-17 14:53:00,443 INFO o.a.j.t.JMeterThread: Thread finished: Thread Group 1-13
2020-04-17 14:53:00,452 INFO o.a.j.t.JMeterThread: Stopping because end time detected by thread: Thread Group 1-57
2020-04-17 14:53:00,452 INFO o.a.j.t.JMeterThread: Thread finished: Thread Group 1-57
2020-04-17 14:53:00,489 INFO o.a.j.t.JMeterThread: Stopping because end time detected by thread: Thread Group 1-44
2020-04-17 14:53:00,489 INFO o.a.j.t.JMeterThread: Thread finished: Thread Group 1-44
2020-04-17 14:53:00,492 INFO o.a.j.t.JMeterThread: Stopping because end time detected by thread: Thread Group 1-21
2020-04-17 14:53:00,492 INFO o.a.j.t.JMeterThread: Thread finished: Thread Group 1-21
2020-04-17 14:53:00,496 INFO o.a.j.t.JMeterThread: Stopping because end time detected by thread: Thread Group 1-39
2020-04-17 14:53:00,496 INFO o.a.j.t.JMeterThread: Thread finished: Thread Group 1-39
2020-04-17 14:53:00,505 INFO o.a.j.t.JMeterThread: Stopping because end time detected by thread: Thread Group 1-27
2020-04-17 14:53:00,505 INFO o.a.j.t.JMeterThread: Thread finished: Thread Group 1-27
2020-04-17 14:53:00,511 INFO o.a.j.t.JMeterThread: Stopping because end time detected by thread: Thread Group 1-34
2020-04-17 14:53:00,512 INFO o.a.j.t.JMeterThread: Thread finished: Thread Group 1-34
2020-04-17 14:53:00,517 INFO o.a.j.t.JMeterThread: Stopping because end time detected by thread: Thread Group 1-65
2020-04-17 14:53:00,517 INFO o.a.j.t.JMeterThread: Thread finished: Thread Group 1-65
2020-04-17 14:53:00,526 INFO o.a.j.t.JMeterThread: Stopping because end time detected by thread: Thread Group 1-32
2020-04-17 14:53:00,526 INFO o.a.j.t.JMeterThread: Thread finished: Thread Group 1-32
2020-04-17 14:53:00,529 INFO o.a.j.t.JMeterThread: Stopping because end time detected by thread: Thread Group 1-54
2020-04-17 14:53:00,529 INFO o.a.j.t.JMeterThread: Thread finished: Thread Group 1-54
2020-04-17 14:53:00,532 INFO o.a.j.t.JMeterThread: Stopping because end time detected by thread: Thread Group 1-73
2020-04-17 14:53:00,532 INFO o.a.j.t.JMeterThread: Thread finished: Thread Group 1-73
2020-04-17 14:53:00,543 INFO o.a.j.t.JMeterThread: Stopping because end time detected by thread: Thread Group 1-1
2020-04-17 14:53:00,543 INFO o.a.j.t.JMeterThread: Thread finished: Thread Group 1-1
2020-04-17 14:53:00,545 INFO o.a.j.t.JMeterThread: Stopping because end time detected by thread: Thread Group 1-61
2020-04-17 14:53:00,545 INFO o.a.j.t.JMeterThread: Stopping because end time detected by thread: Thread Group 1-55
2020-04-17 14:53:00,546 INFO o.a.j.t.JMeterThread: Thread finished: Thread Group 1-61
2020-04-17 14:53:00,546 INFO o.a.j.t.JMeterThread: Thread finished: Thread Group 1-55
2020-04-17 14:53:00,547 INFO o.a.j.t.JMeterThread: Stopping because end time detected by thread: Thread Group 1-71
2020-04-17 14:53:00,548 INFO o.a.j.t.JMeterThread: Thread finished: Thread Group 1-71
2020-04-17 14:53:00,549 INFO o.a.j.t.JMeterThread: Stopping because end time detected by thread: Thread Group 1-8
2020-04-17 14:53:00,547 INFO o.a.j.t.JMeterThread: Stopping because end time detected by thread: Thread Group 1-53
2020-04-17 14:53:00,549 INFO o.a.j.t.JMeterThread: Thread finished: Thread Group 1-8
2020-04-17 14:53:00,550 INFO o.a.j.t.JMeterThread: Thread finished: Thread Group 1-53
2020-04-17 14:53:00,551 INFO o.a.j.t.JMeterThread: Stopping because end time detected by thread: Thread Group 1-59
2020-04-17 14:53:00,552 INFO o.a.j.t.JMeterThread: Thread finished: Thread Group 1-59
2020-04-17 14:53:00,552 INFO o.a.j.t.JMeterThread: Stopping because end time detected by thread: Thread Group 1-80
2020-04-17 14:53:00,552 INFO o.a.j.t.JMeterThread: Thread finished: Thread Group 1-80
2020-04-17 14:53:00,555 INFO o.a.j.t.JMeterThread: Stopping because end time detected by thread: Thread Group 1-37
2020-04-17 14:53:00,555 INFO o.a.j.t.JMeterThread: Thread finished: Thread Group 1-37
2020-04-17 14:53:00,565 INFO o.a.j.t.JMeterThread: Stopping because end time detected by thread: Thread Group 1-46
2020-04-17 14:53:00,565 INFO o.a.j.t.JMeterThread: Thread finished: Thread Group 1-46
2020-04-17 14:53:00,580 INFO o.a.j.t.JMeterThread: Stopping because end time detected by thread: Thread Group 1-28
2020-04-17 14:53:00,580 INFO o.a.j.t.JMeterThread: Thread finished: Thread Group 1-28
2020-04-17 14:53:00,601 INFO o.a.j.t.JMeterThread: Stopping because end time detected by thread: Thread Group 1-10
2020-04-17 14:53:00,601 INFO o.a.j.t.JMeterThread: Thread finished: Thread Group 1-10
2020-04-17 14:53:00,607 INFO o.a.j.t.JMeterThread: Stopping because end time detected by thread: Thread Group 1-24
2020-04-17 14:53:00,607 INFO o.a.j.t.JMeterThread: Thread finished: Thread Group 1-24
2020-04-17 14:53:00,609 INFO o.a.j.t.JMeterThread: Stopping because end time detected by thread: Thread Group 1-72
2020-04-17 14:53:00,609 INFO o.a.j.t.JMeterThread: Thread finished: Thread Group 1-72
2020-04-17 14:53:00,609 INFO o.a.j.t.JMeterThread: Stopping because end time detected by thread: Thread Group 1-76
2020-04-17 14:53:00,610 INFO o.a.j.t.JMeterThread: Thread finished: Thread Group 1-76
2020-04-17 14:53:00,610 INFO o.a.j.t.JMeterThread: Stopping because end time detected by thread: Thread Group 1-48
2020-04-17 14:53:00,610 INFO o.a.j.t.JMeterThread: Thread finished: Thread Group 1-48
2020-04-17 14:53:00,624 INFO o.a.j.t.JMeterThread: Stopping because end time detected by thread: Thread Group 1-40
2020-04-17 14:53:00,624 INFO o.a.j.t.JMeterThread: Thread finished: Thread Group 1-40
2020-04-17 14:53:00,637 INFO o.a.j.t.JMeterThread: Stopping because end time detected by thread: Thread Group 1-12
2020-04-17 14:53:00,637 INFO o.a.j.t.JMeterThread: Stopping because end time detected by thread: Thread Group 1-35
2020-04-17 14:53:00,638 INFO o.a.j.t.JMeterThread: Thread finished: Thread Group 1-12
2020-04-17 14:53:00,638 INFO o.a.j.t.JMeterThread: Stopping because end time detected by thread: Thread Group 1-78
2020-04-17 14:53:00,638 INFO o.a.j.t.JMeterThread: Thread finished: Thread Group 1-35
2020-04-17 14:53:00,638 INFO o.a.j.t.JMeterThread: Thread finished: Thread Group 1-78
2020-04-17 14:53:00,639 INFO o.a.j.t.JMeterThread: Stopping because end time detected by thread: Thread Group 1-67
2020-04-17 14:53:00,639 INFO o.a.j.t.JMeterThread: Thread finished: Thread Group 1-67
2020-04-17 14:53:00,642 INFO o.a.j.t.JMeterThread: Stopping because end time detected by thread: Thread Group 1-62
2020-04-17 14:53:00,643 INFO o.a.j.t.JMeterThread: Thread finished: Thread Group 1-62
2020-04-17 14:53:00,643 INFO o.a.j.t.JMeterThread: Stopping because end time detected by thread: Thread Group 1-9
2020-04-17 14:53:00,643 INFO o.a.j.t.JMeterThread: Thread finished: Thread Group 1-9
2020-04-17 14:53:00,668 INFO o.a.j.t.JMeterThread: Stopping because end time detected by thread: Thread Group 1-75
2020-04-17 14:53:00,668 INFO o.a.j.t.JMeterThread: Thread finished: Thread Group 1-75
2020-04-17 14:53:00,669 INFO o.a.j.t.JMeterThread: Stopping because end time detected by thread: Thread Group 1-60
2020-04-17 14:53:00,669 INFO o.a.j.t.JMeterThread: Thread finished: Thread Group 1-60
2020-04-17 14:53:00,714 INFO o.a.j.t.JMeterThread: Stopping because end time detected by thread: Thread Group 1-74
2020-04-17 14:53:00,714 INFO o.a.j.t.JMeterThread: Thread finished: Thread Group 1-74
2020-04-17 14:53:00,711 INFO o.a.j.t.JMeterThread: Stopping because end time detected by thread: Thread Group 1-49
2020-04-17 14:53:00,715 INFO o.a.j.t.JMeterThread: Thread finished: Thread Group 1-49
2020-04-17 14:53:00,715 INFO o.a.j.t.JMeterThread: Stopping because end time detected by thread: Thread Group 1-63
2020-04-17 14:53:00,715 INFO o.a.j.t.JMeterThread: Thread finished: Thread Group 1-63
2020-04-17 14:53:00,749 INFO o.a.j.t.JMeterThread: Stopping because end time detected by thread: Thread Group 1-51
2020-04-17 14:53:00,749 INFO o.a.j.t.JMeterThread: Thread finished: Thread Group 1-51
2020-04-17 14:53:00,752 INFO o.a.j.t.JMeterThread: Stopping because end time detected by thread: Thread Group 1-14
2020-04-17 14:53:00,754 INFO o.a.j.t.JMeterThread: Stopping because end time detected by thread: Thread Group 1-52
2020-04-17 14:53:00,754 INFO o.a.j.t.JMeterThread: Thread finished: Thread Group 1-52
2020-04-17 14:53:00,754 INFO o.a.j.t.JMeterThread: Thread finished: Thread Group 1-14
2020-04-17 14:53:00,764 INFO o.a.j.t.JMeterThread: Stopping because end time detected by thread: Thread Group 1-22
2020-04-17 14:53:00,764 INFO o.a.j.t.JMeterThread: Thread finished: Thread Group 1-22
2020-04-17 14:53:00,808 INFO o.a.j.t.JMeterThread: Stopping because end time detected by thread: Thread Group 1-11
2020-04-17 14:53:00,808 INFO o.a.j.t.JMeterThread: Thread finished: Thread Group 1-11
2020-04-17 14:53:00,816 INFO o.a.j.t.JMeterThread: Stopping because end time detected by thread: Thread Group 1-42
2020-04-17 14:53:00,816 INFO o.a.j.t.JMeterThread: Thread finished: Thread Group 1-42
2020-04-17 14:53:00,819 INFO o.a.j.t.JMeterThread: Stopping because end time detected by thread: Thread Group 1-77
2020-04-17 14:53:00,819 INFO o.a.j.t.JMeterThread: Thread finished: Thread Group 1-77
2020-04-17 14:53:00,823 INFO o.a.j.t.JMeterThread: Stopping because end time detected by thread: Thread Group 1-20
2020-04-17 14:53:00,823 INFO o.a.j.t.JMeterThread: Thread finished: Thread Group 1-20
2020-04-17 14:53:00,829 INFO o.a.j.t.JMeterThread: Stopping because end time detected by thread: Thread Group 1-38
2020-04-17 14:53:00,829 INFO o.a.j.t.JMeterThread: Thread finished: Thread Group 1-38
2020-04-17 14:53:00,840 INFO o.a.j.t.JMeterThread: Stopping because end time detected by thread: Thread Group 1-68
2020-04-17 14:53:00,840 INFO o.a.j.t.JMeterThread: Thread finished: Thread Group 1-68
2020-04-17 14:53:00,852 INFO o.a.j.t.JMeterThread: Stopping because end time detected by thread: Thread Group 1-4
2020-04-17 14:53:00,852 INFO o.a.j.t.JMeterThread: Thread finished: Thread Group 1-4
2020-04-17 14:53:00,853 INFO o.a.j.t.JMeterThread: Stopping because end time detected by thread: Thread Group 1-58
2020-04-17 14:53:00,853 INFO o.a.j.t.JMeterThread: Thread finished: Thread Group 1-58
2020-04-17 14:53:00,855 INFO o.a.j.t.JMeterThread: Stopping because end time detected by thread: Thread Group 1-69
2020-04-17 14:53:00,855 INFO o.a.j.t.JMeterThread: Thread finished: Thread Group 1-69
2020-04-17 14:53:00,865 INFO o.a.j.t.JMeterThread: Stopping because end time detected by thread: Thread Group 1-41
2020-04-17 14:53:00,865 INFO o.a.j.t.JMeterThread: Thread finished: Thread Group 1-41
2020-04-17 14:53:00,872 INFO o.a.j.t.JMeterThread: Stopping because end time detected by thread: Thread Group 1-64
2020-04-17 14:53:00,872 INFO o.a.j.t.JMeterThread: Thread finished: Thread Group 1-64
2020-04-17 14:53:00,874 INFO o.a.j.t.JMeterThread: Stopping because end time detected by thread: Thread Group 1-31
2020-04-17 14:53:00,875 INFO o.a.j.t.JMeterThread: Thread finished: Thread Group 1-31
2020-04-17 14:53:00,875 INFO o.a.j.t.JMeterThread: Stopping because end time detected by thread: Thread Group 1-56
2020-04-17 14:53:00,876 INFO o.a.j.t.JMeterThread: Thread finished: Thread Group 1-56
2020-04-17 14:53:00,884 INFO o.a.j.t.JMeterThread: Stopping because end time detected by thread: Thread Group 1-18
2020-04-17 14:53:00,884 INFO o.a.j.t.JMeterThread: Thread finished: Thread Group 1-18
2020-04-17 14:53:00,894 INFO o.a.j.t.JMeterThread: Stopping because end time detected by thread: Thread Group 1-17
2020-04-17 14:53:00,895 INFO o.a.j.t.JMeterThread: Thread finished: Thread Group 1-17
2020-04-17 14:53:00,896 INFO o.a.j.t.JMeterThread: Stopping because end time detected by thread: Thread Group 1-70
2020-04-17 14:53:00,896 INFO o.a.j.t.JMeterThread: Thread finished: Thread Group 1-70
2020-04-17 14:53:00,901 INFO o.a.j.t.JMeterThread: Stopping because end time detected by thread: Thread Group 1-45
2020-04-17 14:53:00,901 INFO o.a.j.t.JMeterThread: Stopping because end time detected by thread: Thread Group 1-79
2020-04-17 14:53:00,901 INFO o.a.j.t.JMeterThread: Thread finished: Thread Group 1-45
2020-04-17 14:53:00,902 INFO o.a.j.t.JMeterThread: Thread finished: Thread Group 1-79
2020-04-17 14:53:00,904 INFO o.a.j.t.JMeterThread: Stopping because end time detected by thread: Thread Group 1-47
2020-04-17 14:53:00,905 INFO o.a.j.t.JMeterThread: Thread finished: Thread Group 1-47
2020-04-17 14:53:00,912 INFO o.a.j.t.JMeterThread: Stopping because end time detected by thread: Thread Group 1-19
2020-04-17 14:53:00,912 INFO o.a.j.t.JMeterThread: Thread finished: Thread Group 1-19
2020-04-17 14:53:00,932 INFO o.a.j.t.JMeterThread: Stopping because end time detected by thread: Thread Group 1-23
2020-04-17 14:53:00,932 INFO o.a.j.t.JMeterThread: Stopping because end time detected by thread: Thread Group 1-66
2020-04-17 14:53:00,932 INFO o.a.j.t.JMeterThread: Thread finished: Thread Group 1-66
2020-04-17 14:53:00,932 INFO o.a.j.t.JMeterThread: Thread finished: Thread Group 1-23
2020-04-17 14:53:00,937 INFO o.a.j.e.StandardJMeterEngine: Notifying test listeners of end of test
2020-04-17 14:53:00,938 INFO o.a.j.r.Summariser: summary +    144 in 00:00:01 =  153.5/s Avg:  1005 Min:    23 Max:  2762 Err:     0 (0.00%) Active: 0 Started: 80 Finished: 80
2020-04-17 14:53:00,939 INFO o.a.j.r.Summariser: summary =  86342 in 00:10:21 =  139.1/s Avg:   565 Min:    18 Max:  4608 Err:     0 (0.00%)
