2020-05-07 15:42:20,526 INFO o.a.j.u.JMeterUtils: Setting Locale to en_US
2020-05-07 15:42:20,562 INFO o.a.j.JMeter: Loading user properties from: /home/pablo/jmeter/bin/user.properties
2020-05-07 15:42:20,563 INFO o.a.j.JMeter: Loading system properties from: /home/pablo/jmeter/bin/system.properties
2020-05-07 15:42:20,564 INFO o.a.j.JMeter: Setting System property: HILOS=40
2020-05-07 15:42:20,564 INFO o.a.j.JMeter: Setting System property: SUBIDA=15
2020-05-07 15:42:20,564 INFO o.a.j.JMeter: Setting System property: DURACION=615
2020-05-07 15:42:20,565 INFO o.a.j.JMeter: Setting System property: FILE=scriptresultsPerfmon40.jtl
2020-05-07 15:42:20,567 INFO o.a.j.JMeter: Copyright (c) 1998-2019 The Apache Software Foundation
2020-05-07 15:42:20,567 INFO o.a.j.JMeter: Version 5.2.1
2020-05-07 15:42:20,568 INFO o.a.j.JMeter: java.version=1.8.0_201
2020-05-07 15:42:20,568 INFO o.a.j.JMeter: java.vm.name=Java HotSpot(TM) 64-Bit Server VM
2020-05-07 15:42:20,568 INFO o.a.j.JMeter: os.name=Linux
2020-05-07 15:42:20,568 INFO o.a.j.JMeter: os.arch=amd64
2020-05-07 15:42:20,568 INFO o.a.j.JMeter: os.version=4.15.0-99-generic
2020-05-07 15:42:20,569 INFO o.a.j.JMeter: file.encoding=UTF-8
2020-05-07 15:42:20,569 INFO o.a.j.JMeter: java.awt.headless=true
2020-05-07 15:42:20,569 INFO o.a.j.JMeter: Max memory     =732954624
2020-05-07 15:42:20,570 INFO o.a.j.JMeter: Available Processors =4
2020-05-07 15:42:20,578 INFO o.a.j.JMeter: Default Locale=English (United States)
2020-05-07 15:42:20,579 INFO o.a.j.JMeter: JMeter  Locale=English (United States)
2020-05-07 15:42:20,579 INFO o.a.j.JMeter: JMeterHome=/home/pablo/jmeter
2020-05-07 15:42:20,579 INFO o.a.j.JMeter: user.dir  =/home/pablo/jmeter/bin/EJECUCIONES/P3_V3
2020-05-07 15:42:20,580 INFO o.a.j.JMeter: PWD       =/home/pablo/jmeter/bin/EJECUCIONES/P3_V3
2020-05-07 15:42:20,580 INFO o.a.j.JMeter: IP: 127.0.1.1 Name: hylianpablo FullName: hylianpablo
2020-05-07 15:42:20,590 INFO o.a.j.s.FileServer: Default base='/home/pablo/jmeter/bin/EJECUCIONES/P3_V3'
2020-05-07 15:42:20,604 INFO o.a.j.s.FileServer: Set new base='/home/pablo/jmeter/bin/EJECUCIONES/P3_V3/..'
2020-05-07 15:42:20,903 INFO o.a.j.s.SaveService: Testplan (JMX) version: 2.2. Testlog (JTL) version: 2.2
2020-05-07 15:42:20,926 INFO o.a.j.s.SaveService: Using SaveService properties file encoding UTF-8
2020-05-07 15:42:20,940 INFO o.a.j.s.SaveService: Using SaveService properties version 5.0
2020-05-07 15:42:20,957 INFO o.a.j.s.SaveService: Loading file: ../RecordP3_V2.jmx
2020-05-07 15:42:21,039 INFO o.a.j.p.h.c.CookieManager: Settings: Delete null: true Check: true Allow variable: true Save: false Prefix: COOKIE_
2020-05-07 15:42:21,091 INFO o.a.j.p.h.s.HTTPSamplerBase: Parser for text/html is org.apache.jmeter.protocol.http.parser.LagartoBasedHtmlParser
2020-05-07 15:42:21,092 INFO o.a.j.p.h.s.HTTPSamplerBase: Parser for application/xhtml+xml is org.apache.jmeter.protocol.http.parser.LagartoBasedHtmlParser
2020-05-07 15:42:21,092 INFO o.a.j.p.h.s.HTTPSamplerBase: Parser for application/xml is org.apache.jmeter.protocol.http.parser.LagartoBasedHtmlParser
2020-05-07 15:42:21,092 INFO o.a.j.p.h.s.HTTPSamplerBase: Parser for text/xml is org.apache.jmeter.protocol.http.parser.LagartoBasedHtmlParser
2020-05-07 15:42:21,092 INFO o.a.j.p.h.s.HTTPSamplerBase: Parser for text/vnd.wap.wml is org.apache.jmeter.protocol.http.parser.RegexpHTMLParser
2020-05-07 15:42:21,093 INFO o.a.j.p.h.s.HTTPSamplerBase: Parser for text/css is org.apache.jmeter.protocol.http.parser.CssParser
2020-05-07 15:42:21,209 INFO o.a.j.JMeter: Creating summariser <summary>
2020-05-07 15:42:21,224 INFO o.a.j.e.StandardJMeterEngine: Running the test!
2020-05-07 15:42:21,226 INFO o.a.j.s.SampleEvent: List of sample_variables: []
2020-05-07 15:42:21,226 INFO o.a.j.s.SampleEvent: List of sample_variables: []
2020-05-07 15:42:21,241 INFO o.a.j.e.u.CompoundVariable: Note: Function class names must contain the string: '.functions.'
2020-05-07 15:42:21,241 INFO o.a.j.e.u.CompoundVariable: Note: Function class names must not contain the string: '.gui.'
2020-05-07 15:42:22,163 INFO o.a.j.JMeter: Running test (1588858942163)
2020-05-07 15:42:22,295 INFO o.a.j.e.StandardJMeterEngine: Starting ThreadGroup: 1 : Thread Group
2020-05-07 15:42:22,295 INFO o.a.j.e.StandardJMeterEngine: Starting 40 threads for group Thread Group.
2020-05-07 15:42:22,296 INFO o.a.j.e.StandardJMeterEngine: Thread will continue on error
2020-05-07 15:42:22,296 INFO o.a.j.t.ThreadGroup: Starting thread group... number=1 threads=40 ramp-up=15 delayedStart=false
2020-05-07 15:42:22,316 INFO o.a.j.t.JMeterThread: Thread started: Thread Group 1-1
2020-05-07 15:42:22,410 INFO o.a.j.p.h.s.HTTPHCAbstractImpl: Local host = hylianpablo
2020-05-07 15:42:22,428 INFO o.a.j.p.h.s.HTTPHC4Impl: HTTP request retry count = 0
2020-05-07 15:42:22,432 INFO o.a.j.s.SampleResult: Note: Sample TimeStamps are START times
2020-05-07 15:42:22,433 INFO o.a.j.s.SampleResult: sampleresult.default.encoding is set to ISO-8859-1
2020-05-07 15:42:22,433 INFO o.a.j.s.SampleResult: sampleresult.useNanoTime=true
2020-05-07 15:42:22,433 INFO o.a.j.s.SampleResult: sampleresult.nanoThreadSleep=5000
2020-05-07 15:42:22,473 INFO o.a.j.t.ThreadGroup: Started thread group number 1
2020-05-07 15:42:22,474 INFO o.a.j.e.StandardJMeterEngine: All thread groups have been started
2020-05-07 15:42:22,679 INFO o.a.j.t.JMeterThread: Thread started: Thread Group 1-2
2020-05-07 15:42:23,053 INFO o.a.j.t.JMeterThread: Thread started: Thread Group 1-3
2020-05-07 15:42:23,429 INFO o.a.j.t.JMeterThread: Thread started: Thread Group 1-4
2020-05-07 15:42:23,804 INFO o.a.j.t.JMeterThread: Thread started: Thread Group 1-5
2020-05-07 15:42:24,182 INFO o.a.j.t.JMeterThread: Thread started: Thread Group 1-6
2020-05-07 15:42:24,554 INFO o.a.j.t.JMeterThread: Thread started: Thread Group 1-7
2020-05-07 15:42:24,925 INFO o.a.j.t.JMeterThread: Thread started: Thread Group 1-8
2020-05-07 15:42:25,300 INFO o.a.j.t.JMeterThread: Thread started: Thread Group 1-9
2020-05-07 15:42:25,675 INFO o.a.j.t.JMeterThread: Thread started: Thread Group 1-10
2020-05-07 15:42:26,050 INFO o.a.j.t.JMeterThread: Thread started: Thread Group 1-11
2020-05-07 15:42:26,426 INFO o.a.j.t.JMeterThread: Thread started: Thread Group 1-12
2020-05-07 15:42:26,801 INFO o.a.j.t.JMeterThread: Thread started: Thread Group 1-13
2020-05-07 15:42:27,177 INFO o.a.j.t.JMeterThread: Thread started: Thread Group 1-14
2020-05-07 15:42:27,549 INFO o.a.j.t.JMeterThread: Thread started: Thread Group 1-15
2020-05-07 15:42:27,929 INFO o.a.j.t.JMeterThread: Thread started: Thread Group 1-16
2020-05-07 15:42:28,303 INFO o.a.j.t.JMeterThread: Thread started: Thread Group 1-17
2020-05-07 15:42:28,677 INFO o.a.j.t.JMeterThread: Thread started: Thread Group 1-18
2020-05-07 15:42:29,052 INFO o.a.j.t.JMeterThread: Thread started: Thread Group 1-19
2020-05-07 15:42:29,432 INFO o.a.j.t.JMeterThread: Thread started: Thread Group 1-20
2020-05-07 15:42:29,801 INFO o.a.j.t.JMeterThread: Thread started: Thread Group 1-21
2020-05-07 15:42:30,026 INFO o.a.j.r.Summariser: summary +    164 in 00:00:08 =   20.9/s Avg:   438 Min:    28 Max:  2651 Err:     0 (0.00%) Active: 21 Started: 21 Finished: 0
2020-05-07 15:42:30,177 INFO o.a.j.t.JMeterThread: Thread started: Thread Group 1-22
2020-05-07 15:42:30,559 INFO o.a.j.t.JMeterThread: Thread started: Thread Group 1-23
2020-05-07 15:42:30,934 INFO o.a.j.t.JMeterThread: Thread started: Thread Group 1-24
2020-05-07 15:42:31,303 INFO o.a.j.t.JMeterThread: Thread started: Thread Group 1-25
2020-05-07 15:42:31,681 INFO o.a.j.t.JMeterThread: Thread started: Thread Group 1-26
2020-05-07 15:42:32,052 INFO o.a.j.t.JMeterThread: Thread started: Thread Group 1-27
2020-05-07 15:42:32,426 INFO o.a.j.t.JMeterThread: Thread started: Thread Group 1-28
2020-05-07 15:42:32,805 INFO o.a.j.t.JMeterThread: Thread started: Thread Group 1-29
2020-05-07 15:42:33,175 INFO o.a.j.t.JMeterThread: Thread started: Thread Group 1-30
2020-05-07 15:42:33,550 INFO o.a.j.t.JMeterThread: Thread started: Thread Group 1-31
2020-05-07 15:42:33,925 INFO o.a.j.t.JMeterThread: Thread started: Thread Group 1-32
2020-05-07 15:42:34,438 INFO o.a.j.t.JMeterThread: Thread started: Thread Group 1-33
2020-05-07 15:42:34,676 INFO o.a.j.t.JMeterThread: Thread started: Thread Group 1-34
2020-05-07 15:42:35,050 INFO o.a.j.t.JMeterThread: Thread started: Thread Group 1-35
2020-05-07 15:42:35,427 INFO o.a.j.t.JMeterThread: Thread started: Thread Group 1-36
2020-05-07 15:42:35,800 INFO o.a.j.t.JMeterThread: Thread started: Thread Group 1-37
2020-05-07 15:42:36,173 INFO o.a.j.t.JMeterThread: Thread started: Thread Group 1-38
2020-05-07 15:42:36,550 INFO o.a.j.t.JMeterThread: Thread started: Thread Group 1-39
2020-05-07 15:42:36,927 INFO o.a.j.t.JMeterThread: Thread started: Thread Group 1-40
2020-05-07 15:43:00,050 INFO o.a.j.r.Summariser: summary +    701 in 00:00:30 =   23.3/s Avg:  1434 Min:    62 Max: 17372 Err:     0 (0.00%) Active: 40 Started: 40 Finished: 0
2020-05-07 15:43:00,051 INFO o.a.j.r.Summariser: summary =    865 in 00:00:38 =   22.8/s Avg:  1245 Min:    28 Max: 17372 Err:     0 (0.00%)
2020-05-07 15:43:30,008 INFO o.a.j.r.Summariser: summary +    793 in 00:00:30 =   26.5/s Avg:  1539 Min:   171 Max: 14282 Err:     0 (0.00%) Active: 40 Started: 40 Finished: 0
2020-05-07 15:43:30,009 INFO o.a.j.r.Summariser: summary =   1658 in 00:01:08 =   24.4/s Avg:  1385 Min:    28 Max: 17372 Err:     0 (0.00%)
2020-05-07 15:44:00,007 INFO o.a.j.r.Summariser: summary +    831 in 00:00:30 =   27.7/s Avg:  1427 Min:   161 Max: 14068 Err:     0 (0.00%) Active: 40 Started: 40 Finished: 0
2020-05-07 15:44:00,008 INFO o.a.j.r.Summariser: summary =   2489 in 00:01:38 =   25.4/s Avg:  1399 Min:    28 Max: 17372 Err:     0 (0.00%)
2020-05-07 15:44:30,084 INFO o.a.j.r.Summariser: summary +    786 in 00:00:30 =   26.1/s Avg:  1550 Min:   139 Max: 14075 Err:     0 (0.00%) Active: 40 Started: 40 Finished: 0
2020-05-07 15:44:30,085 INFO o.a.j.r.Summariser: summary =   3275 in 00:02:08 =   25.6/s Avg:  1436 Min:    28 Max: 17372 Err:     0 (0.00%)
2020-05-07 15:45:00,027 INFO o.a.j.r.Summariser: summary +    716 in 00:00:30 =   23.9/s Avg:  1687 Min:   114 Max: 12690 Err:     0 (0.00%) Active: 40 Started: 40 Finished: 0
2020-05-07 15:45:00,028 INFO o.a.j.r.Summariser: summary =   3991 in 00:02:38 =   25.3/s Avg:  1481 Min:    28 Max: 17372 Err:     0 (0.00%)
2020-05-07 15:45:30,040 INFO o.a.j.r.Summariser: summary +    745 in 00:00:30 =   24.8/s Avg:  1556 Min:   123 Max: 16474 Err:     0 (0.00%) Active: 40 Started: 40 Finished: 0
2020-05-07 15:45:30,041 INFO o.a.j.r.Summariser: summary =   4736 in 00:03:08 =   25.2/s Avg:  1493 Min:    28 Max: 17372 Err:     0 (0.00%)
2020-05-07 15:46:00,014 INFO o.a.j.r.Summariser: summary +    728 in 00:00:30 =   24.3/s Avg:  1636 Min:   109 Max: 13696 Err:     0 (0.00%) Active: 40 Started: 40 Finished: 0
2020-05-07 15:46:00,015 INFO o.a.j.r.Summariser: summary =   5464 in 00:03:38 =   25.1/s Avg:  1512 Min:    28 Max: 17372 Err:     0 (0.00%)
2020-05-07 15:46:30,038 INFO o.a.j.r.Summariser: summary +    820 in 00:00:30 =   27.3/s Avg:  1537 Min:   151 Max: 12394 Err:     0 (0.00%) Active: 40 Started: 40 Finished: 0
2020-05-07 15:46:30,039 INFO o.a.j.r.Summariser: summary =   6284 in 00:04:08 =   25.4/s Avg:  1515 Min:    28 Max: 17372 Err:     0 (0.00%)
2020-05-07 15:47:00,054 INFO o.a.j.r.Summariser: summary +    844 in 00:00:30 =   28.1/s Avg:  1417 Min:   154 Max: 12214 Err:     0 (0.00%) Active: 40 Started: 40 Finished: 0
2020-05-07 15:47:00,055 INFO o.a.j.r.Summariser: summary =   7128 in 00:04:38 =   25.7/s Avg:  1504 Min:    28 Max: 17372 Err:     0 (0.00%)
2020-05-07 15:47:30,266 INFO o.a.j.r.Summariser: summary +    789 in 00:00:30 =   26.1/s Avg:  1466 Min:   163 Max: 13466 Err:     0 (0.00%) Active: 40 Started: 40 Finished: 0
2020-05-07 15:47:30,267 INFO o.a.j.r.Summariser: summary =   7917 in 00:05:08 =   25.7/s Avg:  1500 Min:    28 Max: 17372 Err:     0 (0.00%)
2020-05-07 15:48:00,018 INFO o.a.j.r.Summariser: summary +    847 in 00:00:30 =   28.5/s Avg:  1445 Min:    70 Max: 10588 Err:     0 (0.00%) Active: 40 Started: 40 Finished: 0
2020-05-07 15:48:00,019 INFO o.a.j.r.Summariser: summary =   8764 in 00:05:38 =   25.9/s Avg:  1494 Min:    28 Max: 17372 Err:     0 (0.00%)
2020-05-07 15:48:30,078 INFO o.a.j.r.Summariser: summary +    851 in 00:00:30 =   28.3/s Avg:  1420 Min:   150 Max: 11574 Err:     0 (0.00%) Active: 40 Started: 40 Finished: 0
2020-05-07 15:48:30,078 INFO o.a.j.r.Summariser: summary =   9615 in 00:06:08 =   26.1/s Avg:  1488 Min:    28 Max: 17372 Err:     0 (0.00%)
2020-05-07 15:49:00,040 INFO o.a.j.r.Summariser: summary +    867 in 00:00:30 =   28.9/s Avg:  1411 Min:   115 Max: 12456 Err:     0 (0.00%) Active: 40 Started: 40 Finished: 0
2020-05-07 15:49:00,041 INFO o.a.j.r.Summariser: summary =  10482 in 00:06:38 =   26.3/s Avg:  1481 Min:    28 Max: 17372 Err:     0 (0.00%)
2020-05-07 15:49:30,023 INFO o.a.j.r.Summariser: summary +    788 in 00:00:30 =   26.3/s Avg:  1446 Min:    89 Max: 12148 Err:     0 (0.00%) Active: 40 Started: 40 Finished: 0
2020-05-07 15:49:30,024 INFO o.a.j.r.Summariser: summary =  11270 in 00:07:08 =   26.3/s Avg:  1479 Min:    28 Max: 17372 Err:     0 (0.00%)
2020-05-07 15:50:00,030 INFO o.a.j.r.Summariser: summary +    869 in 00:00:30 =   29.0/s Avg:  1408 Min:    82 Max: 14668 Err:     0 (0.00%) Active: 40 Started: 40 Finished: 0
2020-05-07 15:50:00,032 INFO o.a.j.r.Summariser: summary =  12139 in 00:07:38 =   26.5/s Avg:  1474 Min:    28 Max: 17372 Err:     0 (0.00%)
2020-05-07 15:50:30,031 INFO o.a.j.r.Summariser: summary +    861 in 00:00:30 =   28.7/s Avg:  1389 Min:   144 Max: 10998 Err:     0 (0.00%) Active: 40 Started: 40 Finished: 0
2020-05-07 15:50:30,032 INFO o.a.j.r.Summariser: summary =  13000 in 00:08:08 =   26.6/s Avg:  1468 Min:    28 Max: 17372 Err:     0 (0.00%)
2020-05-07 15:51:00,004 INFO o.a.j.r.Summariser: summary +    854 in 00:00:30 =   28.5/s Avg:  1432 Min:   100 Max: 10980 Err:     0 (0.00%) Active: 40 Started: 40 Finished: 0
2020-05-07 15:51:00,005 INFO o.a.j.r.Summariser: summary =  13854 in 00:08:38 =   26.8/s Avg:  1466 Min:    28 Max: 17372 Err:     0 (0.00%)
2020-05-07 15:51:30,020 INFO o.a.j.r.Summariser: summary +    838 in 00:00:30 =   27.9/s Avg:  1419 Min:   100 Max: 11488 Err:     0 (0.00%) Active: 40 Started: 40 Finished: 0
2020-05-07 15:51:30,021 INFO o.a.j.r.Summariser: summary =  14692 in 00:09:08 =   26.8/s Avg:  1463 Min:    28 Max: 17372 Err:     0 (0.00%)
2020-05-07 15:52:00,147 INFO o.a.j.r.Summariser: summary +    788 in 00:00:30 =   26.2/s Avg:  1491 Min:   108 Max: 12610 Err:     0 (0.00%) Active: 40 Started: 40 Finished: 0
2020-05-07 15:52:00,148 INFO o.a.j.r.Summariser: summary =  15480 in 00:09:38 =   26.8/s Avg:  1465 Min:    28 Max: 17372 Err:     0 (0.00%)
2020-05-07 15:52:30,014 INFO o.a.j.r.Summariser: summary +    855 in 00:00:30 =   28.6/s Avg:  1458 Min:    89 Max: 16569 Err:     0 (0.00%) Active: 40 Started: 40 Finished: 0
2020-05-07 15:52:30,015 INFO o.a.j.r.Summariser: summary =  16335 in 00:10:08 =   26.9/s Avg:  1464 Min:    28 Max: 17372 Err:     0 (0.00%)
2020-05-07 15:52:37,485 INFO o.a.j.t.JMeterThread: Stopping because end time detected by thread: Thread Group 1-18
2020-05-07 15:52:37,486 INFO o.a.j.t.JMeterThread: Thread finished: Thread Group 1-18
2020-05-07 15:52:37,549 INFO o.a.j.t.JMeterThread: Stopping because end time detected by thread: Thread Group 1-2
2020-05-07 15:52:37,549 INFO o.a.j.t.JMeterThread: Thread finished: Thread Group 1-2
2020-05-07 15:52:37,648 INFO o.a.j.t.JMeterThread: Stopping because end time detected by thread: Thread Group 1-19
2020-05-07 15:52:37,649 INFO o.a.j.t.JMeterThread: Thread finished: Thread Group 1-19
2020-05-07 15:52:37,680 INFO o.a.j.t.JMeterThread: Stopping because end time detected by thread: Thread Group 1-31
2020-05-07 15:52:37,680 INFO o.a.j.t.JMeterThread: Thread finished: Thread Group 1-31
2020-05-07 15:52:37,751 INFO o.a.j.t.JMeterThread: Stopping because end time detected by thread: Thread Group 1-38
2020-05-07 15:52:37,751 INFO o.a.j.t.JMeterThread: Thread finished: Thread Group 1-38
2020-05-07 15:52:37,761 INFO o.a.j.t.JMeterThread: Stopping because end time detected by thread: Thread Group 1-17
2020-05-07 15:52:37,761 INFO o.a.j.t.JMeterThread: Thread finished: Thread Group 1-17
2020-05-07 15:52:37,913 INFO o.a.j.t.JMeterThread: Stopping because end time detected by thread: Thread Group 1-29
2020-05-07 15:52:37,913 INFO o.a.j.t.JMeterThread: Thread finished: Thread Group 1-29
2020-05-07 15:52:38,000 INFO o.a.j.t.JMeterThread: Stopping because end time detected by thread: Thread Group 1-30
2020-05-07 15:52:38,000 INFO o.a.j.t.JMeterThread: Thread finished: Thread Group 1-30
2020-05-07 15:52:38,049 INFO o.a.j.t.JMeterThread: Stopping because end time detected by thread: Thread Group 1-36
2020-05-07 15:52:38,049 INFO o.a.j.t.JMeterThread: Thread finished: Thread Group 1-36
2020-05-07 15:52:38,050 INFO o.a.j.t.JMeterThread: Stopping because end time detected by thread: Thread Group 1-26
2020-05-07 15:52:38,050 INFO o.a.j.t.JMeterThread: Thread finished: Thread Group 1-26
2020-05-07 15:52:38,071 INFO o.a.j.t.JMeterThread: Stopping because end time detected by thread: Thread Group 1-21
2020-05-07 15:52:38,071 INFO o.a.j.t.JMeterThread: Thread finished: Thread Group 1-21
2020-05-07 15:52:38,119 INFO o.a.j.t.JMeterThread: Stopping because end time detected by thread: Thread Group 1-4
2020-05-07 15:52:38,119 INFO o.a.j.t.JMeterThread: Thread finished: Thread Group 1-4
2020-05-07 15:52:38,137 INFO o.a.j.t.JMeterThread: Stopping because end time detected by thread: Thread Group 1-23
2020-05-07 15:52:38,137 INFO o.a.j.t.JMeterThread: Thread finished: Thread Group 1-23
2020-05-07 15:52:38,495 INFO o.a.j.t.JMeterThread: Stopping because end time detected by thread: Thread Group 1-34
2020-05-07 15:52:38,496 INFO o.a.j.t.JMeterThread: Thread finished: Thread Group 1-34
2020-05-07 15:52:38,674 INFO o.a.j.t.JMeterThread: Stopping because end time detected by thread: Thread Group 1-8
2020-05-07 15:52:38,674 INFO o.a.j.t.JMeterThread: Thread finished: Thread Group 1-8
2020-05-07 15:52:38,695 INFO o.a.j.t.JMeterThread: Stopping because end time detected by thread: Thread Group 1-3
2020-05-07 15:52:38,695 INFO o.a.j.t.JMeterThread: Thread finished: Thread Group 1-3
2020-05-07 15:52:38,746 INFO o.a.j.t.JMeterThread: Stopping because end time detected by thread: Thread Group 1-11
2020-05-07 15:52:38,747 INFO o.a.j.t.JMeterThread: Thread finished: Thread Group 1-11
2020-05-07 15:52:38,834 INFO o.a.j.t.JMeterThread: Stopping because end time detected by thread: Thread Group 1-32
2020-05-07 15:52:38,834 INFO o.a.j.t.JMeterThread: Thread finished: Thread Group 1-32
2020-05-07 15:52:39,427 INFO o.a.j.t.JMeterThread: Stopping because end time detected by thread: Thread Group 1-6
2020-05-07 15:52:39,428 INFO o.a.j.t.JMeterThread: Thread finished: Thread Group 1-6
2020-05-07 15:52:39,667 INFO o.a.j.t.JMeterThread: Stopping because end time detected by thread: Thread Group 1-33
2020-05-07 15:52:39,668 INFO o.a.j.t.JMeterThread: Thread finished: Thread Group 1-33
2020-05-07 15:52:39,689 INFO o.a.j.t.JMeterThread: Stopping because end time detected by thread: Thread Group 1-13
2020-05-07 15:52:39,689 INFO o.a.j.t.JMeterThread: Thread finished: Thread Group 1-13
2020-05-07 15:52:39,781 INFO o.a.j.t.JMeterThread: Stopping because end time detected by thread: Thread Group 1-5
2020-05-07 15:52:39,781 INFO o.a.j.t.JMeterThread: Thread finished: Thread Group 1-5
2020-05-07 15:52:39,913 INFO o.a.j.t.JMeterThread: Stopping because end time detected by thread: Thread Group 1-35
2020-05-07 15:52:39,913 INFO o.a.j.t.JMeterThread: Thread finished: Thread Group 1-35
2020-05-07 15:52:40,187 INFO o.a.j.t.JMeterThread: Stopping because end time detected by thread: Thread Group 1-12
2020-05-07 15:52:40,188 INFO o.a.j.t.JMeterThread: Thread finished: Thread Group 1-12
2020-05-07 15:52:40,294 INFO o.a.j.t.JMeterThread: Stopping because end time detected by thread: Thread Group 1-22
2020-05-07 15:52:40,294 INFO o.a.j.t.JMeterThread: Thread finished: Thread Group 1-22
2020-05-07 15:52:40,359 INFO o.a.j.t.JMeterThread: Stopping because end time detected by thread: Thread Group 1-1
2020-05-07 15:52:40,360 INFO o.a.j.t.JMeterThread: Thread finished: Thread Group 1-1
2020-05-07 15:52:40,496 INFO o.a.j.t.JMeterThread: Stopping because end time detected by thread: Thread Group 1-9
2020-05-07 15:52:40,496 INFO o.a.j.t.JMeterThread: Thread finished: Thread Group 1-9
2020-05-07 15:52:40,615 INFO o.a.j.t.JMeterThread: Stopping because end time detected by thread: Thread Group 1-24
2020-05-07 15:52:40,616 INFO o.a.j.t.JMeterThread: Thread finished: Thread Group 1-24
2020-05-07 15:52:40,633 INFO o.a.j.t.JMeterThread: Stopping because end time detected by thread: Thread Group 1-27
2020-05-07 15:52:40,634 INFO o.a.j.t.JMeterThread: Thread finished: Thread Group 1-27
2020-05-07 15:52:40,802 INFO o.a.j.t.JMeterThread: Stopping because end time detected by thread: Thread Group 1-25
2020-05-07 15:52:40,803 INFO o.a.j.t.JMeterThread: Thread finished: Thread Group 1-25
2020-05-07 15:52:40,909 INFO o.a.j.t.JMeterThread: Stopping because end time detected by thread: Thread Group 1-15
2020-05-07 15:52:40,909 INFO o.a.j.t.JMeterThread: Thread finished: Thread Group 1-15
2020-05-07 15:52:40,944 INFO o.a.j.t.JMeterThread: Stopping because end time detected by thread: Thread Group 1-28
2020-05-07 15:52:40,944 INFO o.a.j.t.JMeterThread: Stopping because end time detected by thread: Thread Group 1-16
2020-05-07 15:52:40,944 INFO o.a.j.t.JMeterThread: Thread finished: Thread Group 1-28
2020-05-07 15:52:40,944 INFO o.a.j.t.JMeterThread: Thread finished: Thread Group 1-16
2020-05-07 15:52:40,972 INFO o.a.j.t.JMeterThread: Stopping because end time detected by thread: Thread Group 1-39
2020-05-07 15:52:40,972 INFO o.a.j.t.JMeterThread: Thread finished: Thread Group 1-39
2020-05-07 15:52:40,998 INFO o.a.j.t.JMeterThread: Stopping because end time detected by thread: Thread Group 1-20
2020-05-07 15:52:40,999 INFO o.a.j.t.JMeterThread: Thread finished: Thread Group 1-20
2020-05-07 15:52:41,025 INFO o.a.j.t.JMeterThread: Stopping because end time detected by thread: Thread Group 1-10
2020-05-07 15:52:41,026 INFO o.a.j.t.JMeterThread: Thread finished: Thread Group 1-10
2020-05-07 15:52:41,032 INFO o.a.j.t.JMeterThread: Stopping because end time detected by thread: Thread Group 1-40
2020-05-07 15:52:41,033 INFO o.a.j.t.JMeterThread: Thread finished: Thread Group 1-40
2020-05-07 15:52:41,122 INFO o.a.j.t.JMeterThread: Stopping because end time detected by thread: Thread Group 1-7
2020-05-07 15:52:41,122 INFO o.a.j.t.JMeterThread: Thread finished: Thread Group 1-7
2020-05-07 15:52:41,125 INFO o.a.j.t.JMeterThread: Stopping because end time detected by thread: Thread Group 1-14
2020-05-07 15:52:41,125 INFO o.a.j.t.JMeterThread: Thread finished: Thread Group 1-14
2020-05-07 15:52:41,337 INFO o.a.j.t.JMeterThread: Stopping because end time detected by thread: Thread Group 1-37
2020-05-07 15:52:41,337 INFO o.a.j.t.JMeterThread: Thread finished: Thread Group 1-37
2020-05-07 15:52:41,338 INFO o.a.j.e.StandardJMeterEngine: Notifying test listeners of end of test
2020-05-07 15:52:41,339 INFO o.a.j.r.Summariser: summary +    221 in 00:00:11 =   19.5/s Avg:  2073 Min:   132 Max: 10134 Err:     0 (0.00%) Active: 0 Started: 40 Finished: 40
2020-05-07 15:52:41,340 INFO o.a.j.r.Summariser: summary =  16556 in 00:10:19 =   26.7/s Avg:  1473 Min:    28 Max: 17372 Err:     0 (0.00%)
