2020-04-17 14:53:03,237 INFO o.a.j.u.JMeterUtils: Setting Locale to en_US
2020-04-17 14:53:03,266 INFO o.a.j.JMeter: Loading user properties from: /home/pablo/jmeter/bin/user.properties
2020-04-17 14:53:03,267 INFO o.a.j.JMeter: Loading system properties from: /home/pablo/jmeter/bin/system.properties
2020-04-17 14:53:03,268 INFO o.a.j.JMeter: Setting System property: HILOS=160
2020-04-17 14:53:03,268 INFO o.a.j.JMeter: Setting System property: SUBIDA=25
2020-04-17 14:53:03,268 INFO o.a.j.JMeter: Setting System property: DURACION=625
2020-04-17 14:53:03,268 INFO o.a.j.JMeter: Setting System property: FILE=scriptresultsPerfmon160.jtl
2020-04-17 14:53:03,271 INFO o.a.j.JMeter: Copyright (c) 1998-2019 The Apache Software Foundation
2020-04-17 14:53:03,271 INFO o.a.j.JMeter: Version 5.2.1
2020-04-17 14:53:03,272 INFO o.a.j.JMeter: java.version=1.8.0_201
2020-04-17 14:53:03,272 INFO o.a.j.JMeter: java.vm.name=Java HotSpot(TM) 64-Bit Server VM
2020-04-17 14:53:03,272 INFO o.a.j.JMeter: os.name=Linux
2020-04-17 14:53:03,272 INFO o.a.j.JMeter: os.arch=amd64
2020-04-17 14:53:03,273 INFO o.a.j.JMeter: os.version=4.15.0-96-generic
2020-04-17 14:53:03,273 INFO o.a.j.JMeter: file.encoding=UTF-8
2020-04-17 14:53:03,273 INFO o.a.j.JMeter: java.awt.headless=true
2020-04-17 14:53:03,273 INFO o.a.j.JMeter: Max memory     =732954624
2020-04-17 14:53:03,274 INFO o.a.j.JMeter: Available Processors =4
2020-04-17 14:53:03,281 INFO o.a.j.JMeter: Default Locale=English (United States)
2020-04-17 14:53:03,282 INFO o.a.j.JMeter: JMeter  Locale=English (United States)
2020-04-17 14:53:03,282 INFO o.a.j.JMeter: JMeterHome=/home/pablo/jmeter
2020-04-17 14:53:03,282 INFO o.a.j.JMeter: user.dir  =/home/pablo/jmeter/bin/EJECUCIONES/P3
2020-04-17 14:53:03,283 INFO o.a.j.JMeter: PWD       =/home/pablo/jmeter/bin/EJECUCIONES/P3
2020-04-17 14:53:03,283 INFO o.a.j.JMeter: IP: 127.0.1.1 Name: hylianpablo FullName: hylianpablo
2020-04-17 14:53:03,292 INFO o.a.j.s.FileServer: Default base='/home/pablo/jmeter/bin/EJECUCIONES/P3'
2020-04-17 14:53:03,301 INFO o.a.j.s.FileServer: Set new base='/home/pablo/jmeter/bin/EJECUCIONES/P3/..'
2020-04-17 14:53:03,572 INFO o.a.j.s.SaveService: Testplan (JMX) version: 2.2. Testlog (JTL) version: 2.2
2020-04-17 14:53:03,591 INFO o.a.j.s.SaveService: Using SaveService properties file encoding UTF-8
2020-04-17 14:53:03,605 INFO o.a.j.s.SaveService: Using SaveService properties version 5.0
2020-04-17 14:53:03,627 INFO o.a.j.s.SaveService: Loading file: ../RecordP3.jmx
2020-04-17 14:53:03,703 INFO o.a.j.p.h.c.CookieManager: Settings: Delete null: true Check: true Allow variable: true Save: false Prefix: COOKIE_
2020-04-17 14:53:03,757 INFO o.a.j.p.h.s.HTTPSamplerBase: Parser for text/html is org.apache.jmeter.protocol.http.parser.LagartoBasedHtmlParser
2020-04-17 14:53:03,757 INFO o.a.j.p.h.s.HTTPSamplerBase: Parser for application/xhtml+xml is org.apache.jmeter.protocol.http.parser.LagartoBasedHtmlParser
2020-04-17 14:53:03,757 INFO o.a.j.p.h.s.HTTPSamplerBase: Parser for application/xml is org.apache.jmeter.protocol.http.parser.LagartoBasedHtmlParser
2020-04-17 14:53:03,758 INFO o.a.j.p.h.s.HTTPSamplerBase: Parser for text/xml is org.apache.jmeter.protocol.http.parser.LagartoBasedHtmlParser
2020-04-17 14:53:03,758 INFO o.a.j.p.h.s.HTTPSamplerBase: Parser for text/vnd.wap.wml is org.apache.jmeter.protocol.http.parser.RegexpHTMLParser
2020-04-17 14:53:03,758 INFO o.a.j.p.h.s.HTTPSamplerBase: Parser for text/css is org.apache.jmeter.protocol.http.parser.CssParser
2020-04-17 14:53:04,140 INFO o.a.j.e.KeyToolUtils: keytool found at 'keytool'
2020-04-17 14:53:04,141 INFO o.a.j.p.h.p.ProxyControl: HTTP(S) Test Script Recorder SSL Proxy will use keys that support embedded 3rd party resources in file /home/pablo/jmeter/bin/proxyserver.jks
2020-04-17 14:53:04,225 INFO o.a.j.JMeter: Creating summariser <summary>
2020-04-17 14:53:04,242 INFO o.a.j.e.StandardJMeterEngine: Running the test!
2020-04-17 14:53:04,245 INFO o.a.j.s.SampleEvent: List of sample_variables: []
2020-04-17 14:53:04,245 INFO o.a.j.s.SampleEvent: List of sample_variables: []
2020-04-17 14:53:04,258 INFO o.a.j.e.u.CompoundVariable: Note: Function class names must contain the string: '.functions.'
2020-04-17 14:53:04,259 INFO o.a.j.e.u.CompoundVariable: Note: Function class names must not contain the string: '.gui.'
2020-04-17 14:53:05,121 INFO o.a.j.JMeter: Running test (1587127985121)
2020-04-17 14:53:05,215 INFO o.a.j.e.StandardJMeterEngine: Starting ThreadGroup: 1 : Thread Group
2020-04-17 14:53:05,216 INFO o.a.j.e.StandardJMeterEngine: Starting 160 threads for group Thread Group.
2020-04-17 14:53:05,224 INFO o.a.j.e.StandardJMeterEngine: Thread will continue on error
2020-04-17 14:53:05,225 INFO o.a.j.t.ThreadGroup: Starting thread group... number=1 threads=160 ramp-up=25 delayedStart=false
2020-04-17 14:53:05,246 INFO o.a.j.s.SampleResult: Note: Sample TimeStamps are START times
2020-04-17 14:53:05,247 INFO o.a.j.s.SampleResult: sampleresult.default.encoding is set to ISO-8859-1
2020-04-17 14:53:05,247 INFO o.a.j.s.SampleResult: sampleresult.useNanoTime=true
2020-04-17 14:53:05,248 INFO o.a.j.s.SampleResult: sampleresult.nanoThreadSleep=5000
2020-04-17 14:53:05,252 INFO o.a.j.t.JMeterThread: Thread started: Thread Group 1-1
2020-04-17 14:53:05,317 INFO o.a.j.p.h.s.HTTPHCAbstractImpl: Local host = hylianpablo
2020-04-17 14:53:05,333 INFO o.a.j.p.h.s.HTTPHC4Impl: HTTP request retry count = 0
2020-04-17 14:53:05,394 INFO o.a.j.t.JMeterThread: Thread started: Thread Group 1-2
2020-04-17 14:53:05,550 INFO o.a.j.t.JMeterThread: Thread started: Thread Group 1-3
2020-04-17 14:53:05,701 INFO o.a.j.t.JMeterThread: Thread started: Thread Group 1-4
2020-04-17 14:53:05,748 INFO o.a.j.r.Summariser: summary +      1 in 00:00:01 =    1.6/s Avg:   187 Min:   187 Max:   187 Err:     0 (0.00%) Active: 4 Started: 4 Finished: 0
2020-04-17 14:53:05,861 INFO o.a.j.t.JMeterThread: Thread started: Thread Group 1-5
2020-04-17 14:53:05,890 INFO o.a.j.t.ThreadGroup: Started thread group number 1
2020-04-17 14:53:05,890 INFO o.a.j.e.StandardJMeterEngine: All thread groups have been started
2020-04-17 14:53:06,014 INFO o.a.j.t.JMeterThread: Thread started: Thread Group 1-6
2020-04-17 14:53:06,173 INFO o.a.j.t.JMeterThread: Thread started: Thread Group 1-7
2020-04-17 14:53:06,327 INFO o.a.j.t.JMeterThread: Thread started: Thread Group 1-8
2020-04-17 14:53:06,487 INFO o.a.j.t.JMeterThread: Thread started: Thread Group 1-9
2020-04-17 14:53:06,635 INFO o.a.j.t.JMeterThread: Thread started: Thread Group 1-10
2020-04-17 14:53:06,806 INFO o.a.j.t.JMeterThread: Thread started: Thread Group 1-11
2020-04-17 14:53:06,954 INFO o.a.j.t.JMeterThread: Thread started: Thread Group 1-12
2020-04-17 14:53:07,110 INFO o.a.j.t.JMeterThread: Thread started: Thread Group 1-13
2020-04-17 14:53:07,273 INFO o.a.j.t.JMeterThread: Thread started: Thread Group 1-14
2020-04-17 14:53:07,417 INFO o.a.j.t.JMeterThread: Thread started: Thread Group 1-15
2020-04-17 14:53:07,571 INFO o.a.j.t.JMeterThread: Thread started: Thread Group 1-16
2020-04-17 14:53:07,735 INFO o.a.j.t.JMeterThread: Thread started: Thread Group 1-17
2020-04-17 14:53:07,884 INFO o.a.j.t.JMeterThread: Thread started: Thread Group 1-18
2020-04-17 14:53:08,045 INFO o.a.j.t.JMeterThread: Thread started: Thread Group 1-19
2020-04-17 14:53:08,198 INFO o.a.j.t.JMeterThread: Thread started: Thread Group 1-20
2020-04-17 14:53:08,358 INFO o.a.j.t.JMeterThread: Thread started: Thread Group 1-21
2020-04-17 14:53:08,511 INFO o.a.j.t.JMeterThread: Thread started: Thread Group 1-22
2020-04-17 14:53:08,670 INFO o.a.j.t.JMeterThread: Thread started: Thread Group 1-23
2020-04-17 14:53:08,818 INFO o.a.j.t.JMeterThread: Thread started: Thread Group 1-24
2020-04-17 14:53:09,243 INFO o.a.j.t.JMeterThread: Thread started: Thread Group 1-26
2020-04-17 14:53:09,286 INFO o.a.j.t.JMeterThread: Thread started: Thread Group 1-27
2020-04-17 14:53:09,287 INFO o.a.j.t.JMeterThread: Thread started: Thread Group 1-25
2020-04-17 14:53:09,442 INFO o.a.j.t.JMeterThread: Thread started: Thread Group 1-28
2020-04-17 14:53:09,600 INFO o.a.j.t.JMeterThread: Thread started: Thread Group 1-29
2020-04-17 14:53:09,761 INFO o.a.j.t.JMeterThread: Thread started: Thread Group 1-30
2020-04-17 14:53:09,910 INFO o.a.j.t.JMeterThread: Thread started: Thread Group 1-31
2020-04-17 14:53:10,068 INFO o.a.j.t.JMeterThread: Thread started: Thread Group 1-32
2020-04-17 14:53:10,222 INFO o.a.j.t.JMeterThread: Thread started: Thread Group 1-33
2020-04-17 14:53:10,378 INFO o.a.j.t.JMeterThread: Thread started: Thread Group 1-34
2020-04-17 14:53:10,537 INFO o.a.j.t.JMeterThread: Thread started: Thread Group 1-35
2020-04-17 14:53:10,698 INFO o.a.j.t.JMeterThread: Thread started: Thread Group 1-36
2020-04-17 14:53:10,853 INFO o.a.j.t.JMeterThread: Thread started: Thread Group 1-37
2020-04-17 14:53:11,002 INFO o.a.j.t.JMeterThread: Thread started: Thread Group 1-38
2020-04-17 14:53:11,159 INFO o.a.j.t.JMeterThread: Thread started: Thread Group 1-39
2020-04-17 14:53:11,315 INFO o.a.j.t.JMeterThread: Thread started: Thread Group 1-40
2020-04-17 14:53:11,473 INFO o.a.j.t.JMeterThread: Thread started: Thread Group 1-41
2020-04-17 14:53:11,627 INFO o.a.j.t.JMeterThread: Thread started: Thread Group 1-42
2020-04-17 14:53:11,783 INFO o.a.j.t.JMeterThread: Thread started: Thread Group 1-43
2020-04-17 14:53:11,940 INFO o.a.j.t.JMeterThread: Thread started: Thread Group 1-44
2020-04-17 14:53:12,095 INFO o.a.j.t.JMeterThread: Thread started: Thread Group 1-45
2020-04-17 14:53:12,252 INFO o.a.j.t.JMeterThread: Thread started: Thread Group 1-46
2020-04-17 14:53:12,407 INFO o.a.j.t.JMeterThread: Thread started: Thread Group 1-47
2020-04-17 14:53:12,567 INFO o.a.j.t.JMeterThread: Thread started: Thread Group 1-48
2020-04-17 14:53:12,726 INFO o.a.j.t.JMeterThread: Thread started: Thread Group 1-49
2020-04-17 14:53:12,875 INFO o.a.j.t.JMeterThread: Thread started: Thread Group 1-50
2020-04-17 14:53:13,027 INFO o.a.j.t.JMeterThread: Thread started: Thread Group 1-51
2020-04-17 14:53:13,186 INFO o.a.j.t.JMeterThread: Thread started: Thread Group 1-52
2020-04-17 14:53:13,347 INFO o.a.j.t.JMeterThread: Thread started: Thread Group 1-53
2020-04-17 14:53:13,497 INFO o.a.j.t.JMeterThread: Thread started: Thread Group 1-54
2020-04-17 14:53:13,655 INFO o.a.j.t.JMeterThread: Thread started: Thread Group 1-55
2020-04-17 14:53:13,812 INFO o.a.j.t.JMeterThread: Thread started: Thread Group 1-56
2020-04-17 14:53:13,969 INFO o.a.j.t.JMeterThread: Thread started: Thread Group 1-57
2020-04-17 14:53:14,128 INFO o.a.j.t.JMeterThread: Thread started: Thread Group 1-58
2020-04-17 14:53:14,279 INFO o.a.j.t.JMeterThread: Thread started: Thread Group 1-59
2020-04-17 14:53:14,441 INFO o.a.j.t.JMeterThread: Thread started: Thread Group 1-60
2020-04-17 14:53:14,592 INFO o.a.j.t.JMeterThread: Thread started: Thread Group 1-61
2020-04-17 14:53:14,748 INFO o.a.j.t.JMeterThread: Thread started: Thread Group 1-62
2020-04-17 14:53:14,904 INFO o.a.j.t.JMeterThread: Thread started: Thread Group 1-63
2020-04-17 14:53:15,060 INFO o.a.j.t.JMeterThread: Thread started: Thread Group 1-64
2020-04-17 14:53:15,213 INFO o.a.j.t.JMeterThread: Thread started: Thread Group 1-65
2020-04-17 14:53:15,372 INFO o.a.j.t.JMeterThread: Thread started: Thread Group 1-66
2020-04-17 14:53:15,528 INFO o.a.j.t.JMeterThread: Thread started: Thread Group 1-67
2020-04-17 14:53:15,690 INFO o.a.j.t.JMeterThread: Thread started: Thread Group 1-68
2020-04-17 14:53:15,846 INFO o.a.j.t.JMeterThread: Thread started: Thread Group 1-69
2020-04-17 14:53:16,000 INFO o.a.j.t.JMeterThread: Thread started: Thread Group 1-70
2020-04-17 14:53:16,147 INFO o.a.j.t.JMeterThread: Thread started: Thread Group 1-71
2020-04-17 14:53:16,305 INFO o.a.j.t.JMeterThread: Thread started: Thread Group 1-72
2020-04-17 14:53:16,462 INFO o.a.j.t.JMeterThread: Thread started: Thread Group 1-73
2020-04-17 14:53:16,621 INFO o.a.j.t.JMeterThread: Thread started: Thread Group 1-74
2020-04-17 14:53:16,776 INFO o.a.j.t.JMeterThread: Thread started: Thread Group 1-75
2020-04-17 14:53:16,930 INFO o.a.j.t.JMeterThread: Thread started: Thread Group 1-76
2020-04-17 14:53:17,083 INFO o.a.j.t.JMeterThread: Thread started: Thread Group 1-77
2020-04-17 14:53:17,247 INFO o.a.j.t.JMeterThread: Thread started: Thread Group 1-78
2020-04-17 14:53:17,402 INFO o.a.j.t.JMeterThread: Thread started: Thread Group 1-79
2020-04-17 14:53:17,554 INFO o.a.j.t.JMeterThread: Thread started: Thread Group 1-80
2020-04-17 14:53:17,718 INFO o.a.j.t.JMeterThread: Thread started: Thread Group 1-81
2020-04-17 14:53:17,882 INFO o.a.j.t.JMeterThread: Thread started: Thread Group 1-82
2020-04-17 14:53:18,154 INFO o.a.j.t.JMeterThread: Thread started: Thread Group 1-83
2020-04-17 14:53:18,183 INFO o.a.j.t.JMeterThread: Thread started: Thread Group 1-84
2020-04-17 14:53:18,340 INFO o.a.j.t.JMeterThread: Thread started: Thread Group 1-85
2020-04-17 14:53:18,496 INFO o.a.j.t.JMeterThread: Thread started: Thread Group 1-86
2020-04-17 14:53:18,647 INFO o.a.j.t.JMeterThread: Thread started: Thread Group 1-87
2020-04-17 14:53:18,804 INFO o.a.j.t.JMeterThread: Thread started: Thread Group 1-88
2020-04-17 14:53:18,956 INFO o.a.j.t.JMeterThread: Thread started: Thread Group 1-89
2020-04-17 14:53:19,111 INFO o.a.j.t.JMeterThread: Thread started: Thread Group 1-90
2020-04-17 14:53:19,267 INFO o.a.j.t.JMeterThread: Thread started: Thread Group 1-91
2020-04-17 14:53:19,423 INFO o.a.j.t.JMeterThread: Thread started: Thread Group 1-92
2020-04-17 14:53:19,580 INFO o.a.j.t.JMeterThread: Thread started: Thread Group 1-93
2020-04-17 14:53:19,738 INFO o.a.j.t.JMeterThread: Thread started: Thread Group 1-94
2020-04-17 14:53:19,893 INFO o.a.j.t.JMeterThread: Thread started: Thread Group 1-95
2020-04-17 14:53:20,053 INFO o.a.j.t.JMeterThread: Thread started: Thread Group 1-96
2020-04-17 14:53:20,345 INFO o.a.j.t.JMeterThread: Thread started: Thread Group 1-97
2020-04-17 14:53:20,361 INFO o.a.j.t.JMeterThread: Thread started: Thread Group 1-98
2020-04-17 14:53:20,515 INFO o.a.j.t.JMeterThread: Thread started: Thread Group 1-99
2020-04-17 14:53:20,671 INFO o.a.j.t.JMeterThread: Thread started: Thread Group 1-100
2020-04-17 14:53:20,828 INFO o.a.j.t.JMeterThread: Thread started: Thread Group 1-101
2020-04-17 14:53:20,988 INFO o.a.j.t.JMeterThread: Thread started: Thread Group 1-102
2020-04-17 14:53:21,139 INFO o.a.j.t.JMeterThread: Thread started: Thread Group 1-103
2020-04-17 14:53:21,320 INFO o.a.j.t.JMeterThread: Thread started: Thread Group 1-104
2020-04-17 14:53:21,482 INFO o.a.j.t.JMeterThread: Thread started: Thread Group 1-105
2020-04-17 14:53:21,611 INFO o.a.j.t.JMeterThread: Thread started: Thread Group 1-106
2020-04-17 14:53:21,776 INFO o.a.j.t.JMeterThread: Thread started: Thread Group 1-107
2020-04-17 14:53:21,931 INFO o.a.j.t.JMeterThread: Thread started: Thread Group 1-108
2020-04-17 14:53:22,092 INFO o.a.j.t.JMeterThread: Thread started: Thread Group 1-109
2020-04-17 14:53:22,245 INFO o.a.j.t.JMeterThread: Thread started: Thread Group 1-110
2020-04-17 14:53:22,398 INFO o.a.j.t.JMeterThread: Thread started: Thread Group 1-111
2020-04-17 14:53:22,548 INFO o.a.j.t.JMeterThread: Thread started: Thread Group 1-112
2020-04-17 14:53:22,700 INFO o.a.j.t.JMeterThread: Thread started: Thread Group 1-113
2020-04-17 14:53:22,855 INFO o.a.j.t.JMeterThread: Thread started: Thread Group 1-114
2020-04-17 14:53:23,013 INFO o.a.j.t.JMeterThread: Thread started: Thread Group 1-115
2020-04-17 14:53:23,170 INFO o.a.j.t.JMeterThread: Thread started: Thread Group 1-116
2020-04-17 14:53:23,324 INFO o.a.j.t.JMeterThread: Thread started: Thread Group 1-117
2020-04-17 14:53:23,482 INFO o.a.j.t.JMeterThread: Thread started: Thread Group 1-118
2020-04-17 14:53:23,635 INFO o.a.j.t.JMeterThread: Thread started: Thread Group 1-119
2020-04-17 14:53:23,791 INFO o.a.j.t.JMeterThread: Thread started: Thread Group 1-120
2020-04-17 14:53:23,948 INFO o.a.j.t.JMeterThread: Thread started: Thread Group 1-121
2020-04-17 14:53:24,106 INFO o.a.j.t.JMeterThread: Thread started: Thread Group 1-122
2020-04-17 14:53:24,259 INFO o.a.j.t.JMeterThread: Thread started: Thread Group 1-123
2020-04-17 14:53:24,418 INFO o.a.j.t.JMeterThread: Thread started: Thread Group 1-124
2020-04-17 14:53:24,612 INFO o.a.j.t.JMeterThread: Thread started: Thread Group 1-125
2020-04-17 14:53:24,747 INFO o.a.j.t.JMeterThread: Thread started: Thread Group 1-126
2020-04-17 14:53:24,901 INFO o.a.j.t.JMeterThread: Thread started: Thread Group 1-127
2020-04-17 14:53:25,099 INFO o.a.j.t.JMeterThread: Thread started: Thread Group 1-128
2020-04-17 14:53:25,244 INFO o.a.j.t.JMeterThread: Thread started: Thread Group 1-129
2020-04-17 14:53:25,412 INFO o.a.j.t.JMeterThread: Thread started: Thread Group 1-130
2020-04-17 14:53:25,566 INFO o.a.j.t.JMeterThread: Thread started: Thread Group 1-131
2020-04-17 14:53:25,707 INFO o.a.j.t.JMeterThread: Thread started: Thread Group 1-132
2020-04-17 14:53:25,855 INFO o.a.j.t.JMeterThread: Thread started: Thread Group 1-133
2020-04-17 14:53:25,990 INFO o.a.j.t.JMeterThread: Thread started: Thread Group 1-134
2020-04-17 14:53:26,155 INFO o.a.j.t.JMeterThread: Thread started: Thread Group 1-135
2020-04-17 14:53:26,376 INFO o.a.j.t.JMeterThread: Thread started: Thread Group 1-136
2020-04-17 14:53:26,468 INFO o.a.j.t.JMeterThread: Thread started: Thread Group 1-137
2020-04-17 14:53:26,625 INFO o.a.j.t.JMeterThread: Thread started: Thread Group 1-138
2020-04-17 14:53:26,777 INFO o.a.j.t.JMeterThread: Thread started: Thread Group 1-139
2020-04-17 14:53:26,938 INFO o.a.j.t.JMeterThread: Thread started: Thread Group 1-140
2020-04-17 14:53:27,090 INFO o.a.j.t.JMeterThread: Thread started: Thread Group 1-141
2020-04-17 14:53:27,232 INFO o.a.j.t.JMeterThread: Thread started: Thread Group 1-142
2020-04-17 14:53:27,379 INFO o.a.j.t.JMeterThread: Thread started: Thread Group 1-143
2020-04-17 14:53:27,540 INFO o.a.j.t.JMeterThread: Thread started: Thread Group 1-144
2020-04-17 14:53:27,692 INFO o.a.j.t.JMeterThread: Thread started: Thread Group 1-145
2020-04-17 14:53:27,848 INFO o.a.j.t.JMeterThread: Thread started: Thread Group 1-146
2020-04-17 14:53:28,002 INFO o.a.j.t.JMeterThread: Thread started: Thread Group 1-147
2020-04-17 14:53:28,159 INFO o.a.j.t.JMeterThread: Thread started: Thread Group 1-148
2020-04-17 14:53:28,316 INFO o.a.j.t.JMeterThread: Thread started: Thread Group 1-149
2020-04-17 14:53:28,480 INFO o.a.j.t.JMeterThread: Thread started: Thread Group 1-150
2020-04-17 14:53:28,627 INFO o.a.j.t.JMeterThread: Thread started: Thread Group 1-151
2020-04-17 14:53:28,782 INFO o.a.j.t.JMeterThread: Thread started: Thread Group 1-152
2020-04-17 14:53:28,938 INFO o.a.j.t.JMeterThread: Thread started: Thread Group 1-153
2020-04-17 14:53:29,095 INFO o.a.j.t.JMeterThread: Thread started: Thread Group 1-154
2020-04-17 14:53:29,260 INFO o.a.j.t.JMeterThread: Thread started: Thread Group 1-155
2020-04-17 14:53:29,413 INFO o.a.j.t.JMeterThread: Thread started: Thread Group 1-156
2020-04-17 14:53:29,723 INFO o.a.j.t.JMeterThread: Thread started: Thread Group 1-157
2020-04-17 14:53:29,726 INFO o.a.j.t.JMeterThread: Thread started: Thread Group 1-158
2020-04-17 14:53:29,876 INFO o.a.j.t.JMeterThread: Thread started: Thread Group 1-159
2020-04-17 14:53:30,004 INFO o.a.j.r.Summariser: summary +   2950 in 00:00:24 =  121.6/s Avg:   594 Min:    21 Max:  5141 Err:     0 (0.00%) Active: 159 Started: 159 Finished: 0
2020-04-17 14:53:30,005 INFO o.a.j.r.Summariser: summary =   2951 in 00:00:25 =  118.6/s Avg:   594 Min:    21 Max:  5141 Err:     0 (0.00%)
2020-04-17 14:53:30,032 INFO o.a.j.t.JMeterThread: Thread started: Thread Group 1-160
2020-04-17 14:54:00,036 INFO o.a.j.r.Summariser: summary +   3661 in 00:00:30 =  121.9/s Avg:  1271 Min:    20 Max:  7497 Err:     0 (0.00%) Active: 160 Started: 160 Finished: 0
2020-04-17 14:54:00,037 INFO o.a.j.r.Summariser: summary =   6612 in 00:00:55 =  120.4/s Avg:   969 Min:    20 Max:  7497 Err:     0 (0.00%)
2020-04-17 14:54:30,007 INFO o.a.j.r.Summariser: summary +   4269 in 00:00:30 =  142.4/s Avg:  1157 Min:    21 Max: 18603 Err:     0 (0.00%) Active: 160 Started: 160 Finished: 0
2020-04-17 14:54:30,008 INFO o.a.j.r.Summariser: summary =  10881 in 00:01:25 =  128.2/s Avg:  1043 Min:    20 Max: 18603 Err:     0 (0.00%)
2020-04-17 14:55:00,009 INFO o.a.j.r.Summariser: summary +   4207 in 00:00:30 =  140.2/s Avg:  1167 Min:    21 Max:  6953 Err:     0 (0.00%) Active: 160 Started: 160 Finished: 0
2020-04-17 14:55:00,010 INFO o.a.j.r.Summariser: summary =  15088 in 00:01:55 =  131.3/s Avg:  1077 Min:    20 Max: 18603 Err:     0 (0.00%)
2020-04-17 14:55:30,008 INFO o.a.j.r.Summariser: summary +   3951 in 00:00:30 =  131.7/s Avg:  1188 Min:    22 Max:  6589 Err:     0 (0.00%) Active: 160 Started: 160 Finished: 0
2020-04-17 14:55:30,009 INFO o.a.j.r.Summariser: summary =  19039 in 00:02:25 =  131.4/s Avg:  1100 Min:    20 Max: 18603 Err:     0 (0.00%)
2020-04-17 14:56:00,008 INFO o.a.j.r.Summariser: summary +   4231 in 00:00:30 =  141.0/s Avg:  1145 Min:    20 Max:  6014 Err:     0 (0.00%) Active: 160 Started: 160 Finished: 0
2020-04-17 14:56:00,009 INFO o.a.j.r.Summariser: summary =  23270 in 00:02:55 =  133.1/s Avg:  1108 Min:    20 Max: 18603 Err:     0 (0.00%)
2020-04-17 14:56:30,008 INFO o.a.j.r.Summariser: summary +   4112 in 00:00:30 =  137.1/s Avg:  1141 Min:    25 Max:  6083 Err:     0 (0.00%) Active: 160 Started: 160 Finished: 0
2020-04-17 14:56:30,009 INFO o.a.j.r.Summariser: summary =  27382 in 00:03:25 =  133.6/s Avg:  1113 Min:    20 Max: 18603 Err:     0 (0.00%)
2020-04-17 14:57:00,016 INFO o.a.j.r.Summariser: summary +   4304 in 00:00:30 =  143.4/s Avg:  1118 Min:    23 Max:  6568 Err:     0 (0.00%) Active: 160 Started: 160 Finished: 0
2020-04-17 14:57:00,017 INFO o.a.j.r.Summariser: summary =  31686 in 00:03:55 =  134.9/s Avg:  1114 Min:    20 Max: 18603 Err:     0 (0.00%)
2020-04-17 14:57:30,007 INFO o.a.j.r.Summariser: summary +   4442 in 00:00:30 =  148.1/s Avg:  1098 Min:    24 Max:  6416 Err:     0 (0.00%) Active: 160 Started: 160 Finished: 0
2020-04-17 14:57:30,007 INFO o.a.j.r.Summariser: summary =  36128 in 00:04:25 =  136.4/s Avg:  1112 Min:    20 Max: 18603 Err:     0 (0.00%)
2020-04-17 14:58:00,006 INFO o.a.j.r.Summariser: summary +   4202 in 00:00:30 =  140.1/s Avg:  1113 Min:    31 Max:  6263 Err:     0 (0.00%) Active: 160 Started: 160 Finished: 0
2020-04-17 14:58:00,007 INFO o.a.j.r.Summariser: summary =  40330 in 00:04:55 =  136.8/s Avg:  1112 Min:    20 Max: 18603 Err:     0 (0.00%)
2020-04-17 14:58:30,005 INFO o.a.j.r.Summariser: summary +   4413 in 00:00:30 =  147.1/s Avg:  1100 Min:    23 Max:  6124 Err:     0 (0.00%) Active: 160 Started: 160 Finished: 0
2020-04-17 14:58:30,006 INFO o.a.j.r.Summariser: summary =  44743 in 00:05:25 =  137.7/s Avg:  1111 Min:    20 Max: 18603 Err:     0 (0.00%)
2020-04-17 14:59:00,001 INFO o.a.j.r.Summariser: summary +   4284 in 00:00:30 =  142.8/s Avg:  1150 Min:    27 Max:  6655 Err:     0 (0.00%) Active: 160 Started: 160 Finished: 0
2020-04-17 14:59:00,001 INFO o.a.j.r.Summariser: summary =  49027 in 00:05:55 =  138.2/s Avg:  1114 Min:    20 Max: 18603 Err:     0 (0.00%)
2020-04-17 14:59:30,007 INFO o.a.j.r.Summariser: summary +   4204 in 00:00:30 =  140.1/s Avg:  1131 Min:    23 Max:  6402 Err:     0 (0.00%) Active: 160 Started: 160 Finished: 0
2020-04-17 14:59:30,007 INFO o.a.j.r.Summariser: summary =  53231 in 00:06:25 =  138.3/s Avg:  1116 Min:    20 Max: 18603 Err:     0 (0.00%)
2020-04-17 15:00:00,011 INFO o.a.j.r.Summariser: summary +   4464 in 00:00:30 =  148.8/s Avg:  1041 Min:    26 Max:  5629 Err:     0 (0.00%) Active: 160 Started: 160 Finished: 0
2020-04-17 15:00:00,012 INFO o.a.j.r.Summariser: summary =  57695 in 00:06:55 =  139.1/s Avg:  1110 Min:    20 Max: 18603 Err:     0 (0.00%)
2020-04-17 15:00:30,007 INFO o.a.j.r.Summariser: summary +   4208 in 00:00:30 =  140.3/s Avg:  1170 Min:    21 Max:  6663 Err:     0 (0.00%) Active: 160 Started: 160 Finished: 0
2020-04-17 15:00:30,008 INFO o.a.j.r.Summariser: summary =  61903 in 00:07:25 =  139.1/s Avg:  1114 Min:    20 Max: 18603 Err:     0 (0.00%)
2020-04-17 15:01:00,008 INFO o.a.j.r.Summariser: summary +   4538 in 00:00:30 =  151.3/s Avg:  1048 Min:    22 Max:  6376 Err:     0 (0.00%) Active: 160 Started: 160 Finished: 0
2020-04-17 15:01:00,009 INFO o.a.j.r.Summariser: summary =  66441 in 00:07:55 =  139.9/s Avg:  1109 Min:    20 Max: 18603 Err:     0 (0.00%)
2020-04-17 15:01:30,002 INFO o.a.j.r.Summariser: summary +   4186 in 00:00:30 =  139.6/s Avg:  1137 Min:    19 Max:  5937 Err:     0 (0.00%) Active: 160 Started: 160 Finished: 0
2020-04-17 15:01:30,003 INFO o.a.j.r.Summariser: summary =  70627 in 00:08:25 =  139.9/s Avg:  1111 Min:    19 Max: 18603 Err:     0 (0.00%)
2020-04-17 15:02:00,024 INFO o.a.j.r.Summariser: summary +   4551 in 00:00:30 =  151.6/s Avg:  1058 Min:    20 Max:  6306 Err:     0 (0.00%) Active: 160 Started: 160 Finished: 0
2020-04-17 15:02:00,025 INFO o.a.j.r.Summariser: summary =  75178 in 00:08:55 =  140.5/s Avg:  1108 Min:    19 Max: 18603 Err:     0 (0.00%)
2020-04-17 15:02:30,001 INFO o.a.j.r.Summariser: summary +   4122 in 00:00:30 =  137.5/s Avg:  1162 Min:    23 Max:  6172 Err:     0 (0.00%) Active: 160 Started: 160 Finished: 0
2020-04-17 15:02:30,002 INFO o.a.j.r.Summariser: summary =  79300 in 00:09:25 =  140.4/s Avg:  1111 Min:    19 Max: 18603 Err:     0 (0.00%)
2020-04-17 15:03:00,026 INFO o.a.j.r.Summariser: summary +   4380 in 00:00:30 =  145.9/s Avg:  1085 Min:    18 Max:  5780 Err:     0 (0.00%) Active: 160 Started: 160 Finished: 0
2020-04-17 15:03:00,028 INFO o.a.j.r.Summariser: summary =  83680 in 00:09:55 =  140.7/s Avg:  1109 Min:    18 Max: 18603 Err:     0 (0.00%)
2020-04-17 15:03:30,002 INFO o.a.j.r.Summariser: summary +   4239 in 00:00:30 =  141.4/s Avg:  1145 Min:    20 Max:  7106 Err:     0 (0.00%) Active: 160 Started: 160 Finished: 0
2020-04-17 15:03:30,003 INFO o.a.j.r.Summariser: summary =  87919 in 00:10:25 =  140.7/s Avg:  1111 Min:    18 Max: 18603 Err:     0 (0.00%)
2020-04-17 15:03:30,298 INFO o.a.j.t.JMeterThread: Stopping because end time detected by thread: Thread Group 1-6
2020-04-17 15:03:30,298 INFO o.a.j.t.JMeterThread: Thread finished: Thread Group 1-6
2020-04-17 15:03:30,300 INFO o.a.j.t.JMeterThread: Stopping because end time detected by thread: Thread Group 1-2
2020-04-17 15:03:30,300 INFO o.a.j.t.JMeterThread: Thread finished: Thread Group 1-2
2020-04-17 15:03:30,302 INFO o.a.j.t.JMeterThread: Stopping because end time detected by thread: Thread Group 1-10
2020-04-17 15:03:30,303 INFO o.a.j.t.JMeterThread: Thread finished: Thread Group 1-10
2020-04-17 15:03:30,334 INFO o.a.j.t.JMeterThread: Stopping because end time detected by thread: Thread Group 1-15
2020-04-17 15:03:30,335 INFO o.a.j.t.JMeterThread: Thread finished: Thread Group 1-15
2020-04-17 15:03:30,367 INFO o.a.j.t.JMeterThread: Stopping because end time detected by thread: Thread Group 1-30
2020-04-17 15:03:30,367 INFO o.a.j.t.JMeterThread: Thread finished: Thread Group 1-30
2020-04-17 15:03:30,387 INFO o.a.j.t.JMeterThread: Stopping because end time detected by thread: Thread Group 1-21
2020-04-17 15:03:30,387 INFO o.a.j.t.JMeterThread: Thread finished: Thread Group 1-21
2020-04-17 15:03:30,429 INFO o.a.j.t.JMeterThread: Stopping because end time detected by thread: Thread Group 1-5
2020-04-17 15:03:30,429 INFO o.a.j.t.JMeterThread: Thread finished: Thread Group 1-5
2020-04-17 15:03:30,505 INFO o.a.j.t.JMeterThread: Stopping because end time detected by thread: Thread Group 1-46
2020-04-17 15:03:30,505 INFO o.a.j.t.JMeterThread: Thread finished: Thread Group 1-46
2020-04-17 15:03:30,511 INFO o.a.j.t.JMeterThread: Stopping because end time detected by thread: Thread Group 1-18
2020-04-17 15:03:30,511 INFO o.a.j.t.JMeterThread: Thread finished: Thread Group 1-18
2020-04-17 15:03:30,522 INFO o.a.j.t.JMeterThread: Stopping because end time detected by thread: Thread Group 1-54
2020-04-17 15:03:30,522 INFO o.a.j.t.JMeterThread: Thread finished: Thread Group 1-54
2020-04-17 15:03:30,542 INFO o.a.j.t.JMeterThread: Stopping because end time detected by thread: Thread Group 1-1
2020-04-17 15:03:30,543 INFO o.a.j.t.JMeterThread: Thread finished: Thread Group 1-1
2020-04-17 15:03:30,574 INFO o.a.j.t.JMeterThread: Stopping because end time detected by thread: Thread Group 1-3
2020-04-17 15:03:30,575 INFO o.a.j.t.JMeterThread: Thread finished: Thread Group 1-3
2020-04-17 15:03:30,677 INFO o.a.j.t.JMeterThread: Stopping because end time detected by thread: Thread Group 1-35
2020-04-17 15:03:30,677 INFO o.a.j.t.JMeterThread: Thread finished: Thread Group 1-35
2020-04-17 15:03:30,681 INFO o.a.j.t.JMeterThread: Stopping because end time detected by thread: Thread Group 1-96
2020-04-17 15:03:30,681 INFO o.a.j.t.JMeterThread: Thread finished: Thread Group 1-96
2020-04-17 15:03:30,685 INFO o.a.j.t.JMeterThread: Stopping because end time detected by thread: Thread Group 1-12
2020-04-17 15:03:30,685 INFO o.a.j.t.JMeterThread: Thread finished: Thread Group 1-12
2020-04-17 15:03:30,689 INFO o.a.j.t.JMeterThread: Stopping because end time detected by thread: Thread Group 1-44
2020-04-17 15:03:30,689 INFO o.a.j.t.JMeterThread: Thread finished: Thread Group 1-44
2020-04-17 15:03:30,689 INFO o.a.j.t.JMeterThread: Stopping because end time detected by thread: Thread Group 1-60
2020-04-17 15:03:30,689 INFO o.a.j.t.JMeterThread: Thread finished: Thread Group 1-60
2020-04-17 15:03:30,692 INFO o.a.j.t.JMeterThread: Stopping because end time detected by thread: Thread Group 1-23
2020-04-17 15:03:30,692 INFO o.a.j.t.JMeterThread: Stopping because end time detected by thread: Thread Group 1-83
2020-04-17 15:03:30,692 INFO o.a.j.t.JMeterThread: Thread finished: Thread Group 1-23
2020-04-17 15:03:30,692 INFO o.a.j.t.JMeterThread: Thread finished: Thread Group 1-83
2020-04-17 15:03:30,700 INFO o.a.j.t.JMeterThread: Stopping because end time detected by thread: Thread Group 1-76
2020-04-17 15:03:30,701 INFO o.a.j.t.JMeterThread: Thread finished: Thread Group 1-76
2020-04-17 15:03:30,733 INFO o.a.j.t.JMeterThread: Stopping because end time detected by thread: Thread Group 1-8
2020-04-17 15:03:30,733 INFO o.a.j.t.JMeterThread: Stopping because end time detected by thread: Thread Group 1-56
2020-04-17 15:03:30,733 INFO o.a.j.t.JMeterThread: Stopping because end time detected by thread: Thread Group 1-112
2020-04-17 15:03:30,733 INFO o.a.j.t.JMeterThread: Thread finished: Thread Group 1-8
2020-04-17 15:03:30,734 INFO o.a.j.t.JMeterThread: Thread finished: Thread Group 1-56
2020-04-17 15:03:30,734 INFO o.a.j.t.JMeterThread: Thread finished: Thread Group 1-112
2020-04-17 15:03:30,735 INFO o.a.j.t.JMeterThread: Stopping because end time detected by thread: Thread Group 1-61
2020-04-17 15:03:30,735 INFO o.a.j.t.JMeterThread: Thread finished: Thread Group 1-61
2020-04-17 15:03:30,736 INFO o.a.j.t.JMeterThread: Stopping because end time detected by thread: Thread Group 1-52
2020-04-17 15:03:30,736 INFO o.a.j.t.JMeterThread: Thread finished: Thread Group 1-52
2020-04-17 15:03:30,737 INFO o.a.j.t.JMeterThread: Stopping because end time detected by thread: Thread Group 1-88
2020-04-17 15:03:30,737 INFO o.a.j.t.JMeterThread: Thread finished: Thread Group 1-88
2020-04-17 15:03:30,739 INFO o.a.j.t.JMeterThread: Stopping because end time detected by thread: Thread Group 1-43
2020-04-17 15:03:30,739 INFO o.a.j.t.JMeterThread: Stopping because end time detected by thread: Thread Group 1-68
2020-04-17 15:03:30,740 INFO o.a.j.t.JMeterThread: Thread finished: Thread Group 1-43
2020-04-17 15:03:30,740 INFO o.a.j.t.JMeterThread: Thread finished: Thread Group 1-68
2020-04-17 15:03:30,742 INFO o.a.j.t.JMeterThread: Stopping because end time detected by thread: Thread Group 1-118
2020-04-17 15:03:30,743 INFO o.a.j.t.JMeterThread: Thread finished: Thread Group 1-118
2020-04-17 15:03:30,743 INFO o.a.j.t.JMeterThread: Stopping because end time detected by thread: Thread Group 1-109
2020-04-17 15:03:30,744 INFO o.a.j.t.JMeterThread: Thread finished: Thread Group 1-109
2020-04-17 15:03:30,749 INFO o.a.j.t.JMeterThread: Stopping because end time detected by thread: Thread Group 1-125
2020-04-17 15:03:30,749 INFO o.a.j.t.JMeterThread: Thread finished: Thread Group 1-125
2020-04-17 15:03:30,787 INFO o.a.j.t.JMeterThread: Stopping because end time detected by thread: Thread Group 1-117
2020-04-17 15:03:30,788 INFO o.a.j.t.JMeterThread: Thread finished: Thread Group 1-117
2020-04-17 15:03:30,799 INFO o.a.j.t.JMeterThread: Stopping because end time detected by thread: Thread Group 1-131
2020-04-17 15:03:30,799 INFO o.a.j.t.JMeterThread: Thread finished: Thread Group 1-131
2020-04-17 15:03:30,802 INFO o.a.j.t.JMeterThread: Stopping because end time detected by thread: Thread Group 1-92
2020-04-17 15:03:30,802 INFO o.a.j.t.JMeterThread: Thread finished: Thread Group 1-92
2020-04-17 15:03:30,815 INFO o.a.j.t.JMeterThread: Stopping because end time detected by thread: Thread Group 1-80
2020-04-17 15:03:30,816 INFO o.a.j.t.JMeterThread: Thread finished: Thread Group 1-80
2020-04-17 15:03:30,819 INFO o.a.j.t.JMeterThread: Stopping because end time detected by thread: Thread Group 1-107
2020-04-17 15:03:30,820 INFO o.a.j.t.JMeterThread: Thread finished: Thread Group 1-107
2020-04-17 15:03:30,821 INFO o.a.j.t.JMeterThread: Stopping because end time detected by thread: Thread Group 1-50
2020-04-17 15:03:30,821 INFO o.a.j.t.JMeterThread: Thread finished: Thread Group 1-50
2020-04-17 15:03:30,826 INFO o.a.j.t.JMeterThread: Stopping because end time detected by thread: Thread Group 1-100
2020-04-17 15:03:30,826 INFO o.a.j.t.JMeterThread: Stopping because end time detected by thread: Thread Group 1-16
2020-04-17 15:03:30,826 INFO o.a.j.t.JMeterThread: Stopping because end time detected by thread: Thread Group 1-128
2020-04-17 15:03:30,826 INFO o.a.j.t.JMeterThread: Thread finished: Thread Group 1-100
2020-04-17 15:03:30,826 INFO o.a.j.t.JMeterThread: Thread finished: Thread Group 1-16
2020-04-17 15:03:30,827 INFO o.a.j.t.JMeterThread: Thread finished: Thread Group 1-128
2020-04-17 15:03:30,828 INFO o.a.j.t.JMeterThread: Stopping because end time detected by thread: Thread Group 1-77
2020-04-17 15:03:30,829 INFO o.a.j.t.JMeterThread: Thread finished: Thread Group 1-77
2020-04-17 15:03:30,841 INFO o.a.j.t.JMeterThread: Stopping because end time detected by thread: Thread Group 1-55
2020-04-17 15:03:30,841 INFO o.a.j.t.JMeterThread: Thread finished: Thread Group 1-55
2020-04-17 15:03:30,848 INFO o.a.j.t.JMeterThread: Stopping because end time detected by thread: Thread Group 1-37
2020-04-17 15:03:30,848 INFO o.a.j.t.JMeterThread: Thread finished: Thread Group 1-37
2020-04-17 15:03:30,851 INFO o.a.j.t.JMeterThread: Stopping because end time detected by thread: Thread Group 1-104
2020-04-17 15:03:30,852 INFO o.a.j.t.JMeterThread: Thread finished: Thread Group 1-104
2020-04-17 15:03:30,860 INFO o.a.j.t.JMeterThread: Stopping because end time detected by thread: Thread Group 1-121
2020-04-17 15:03:30,860 INFO o.a.j.t.JMeterThread: Thread finished: Thread Group 1-121
2020-04-17 15:03:30,873 INFO o.a.j.t.JMeterThread: Stopping because end time detected by thread: Thread Group 1-97
2020-04-17 15:03:30,874 INFO o.a.j.t.JMeterThread: Thread finished: Thread Group 1-97
2020-04-17 15:03:30,877 INFO o.a.j.t.JMeterThread: Stopping because end time detected by thread: Thread Group 1-122
2020-04-17 15:03:30,878 INFO o.a.j.t.JMeterThread: Thread finished: Thread Group 1-122
2020-04-17 15:03:30,881 INFO o.a.j.t.JMeterThread: Stopping because end time detected by thread: Thread Group 1-147
2020-04-17 15:03:30,882 INFO o.a.j.t.JMeterThread: Thread finished: Thread Group 1-147
2020-04-17 15:03:30,885 INFO o.a.j.t.JMeterThread: Stopping because end time detected by thread: Thread Group 1-135
2020-04-17 15:03:30,886 INFO o.a.j.t.JMeterThread: Thread finished: Thread Group 1-135
2020-04-17 15:03:30,890 INFO o.a.j.t.JMeterThread: Stopping because end time detected by thread: Thread Group 1-134
2020-04-17 15:03:30,890 INFO o.a.j.t.JMeterThread: Thread finished: Thread Group 1-134
2020-04-17 15:03:30,931 INFO o.a.j.t.JMeterThread: Stopping because end time detected by thread: Thread Group 1-152
2020-04-17 15:03:30,931 INFO o.a.j.t.JMeterThread: Thread finished: Thread Group 1-152
2020-04-17 15:03:30,934 INFO o.a.j.t.JMeterThread: Stopping because end time detected by thread: Thread Group 1-142
2020-04-17 15:03:30,934 INFO o.a.j.t.JMeterThread: Thread finished: Thread Group 1-142
2020-04-17 15:03:30,960 INFO o.a.j.t.JMeterThread: Stopping because end time detected by thread: Thread Group 1-139
2020-04-17 15:03:30,961 INFO o.a.j.t.JMeterThread: Stopping because end time detected by thread: Thread Group 1-38
2020-04-17 15:03:30,961 INFO o.a.j.t.JMeterThread: Thread finished: Thread Group 1-38
2020-04-17 15:03:30,961 INFO o.a.j.t.JMeterThread: Thread finished: Thread Group 1-139
2020-04-17 15:03:30,966 INFO o.a.j.t.JMeterThread: Stopping because end time detected by thread: Thread Group 1-28
2020-04-17 15:03:30,967 INFO o.a.j.t.JMeterThread: Thread finished: Thread Group 1-28
2020-04-17 15:03:30,967 INFO o.a.j.t.JMeterThread: Stopping because end time detected by thread: Thread Group 1-95
2020-04-17 15:03:30,967 INFO o.a.j.t.JMeterThread: Thread finished: Thread Group 1-95
2020-04-17 15:03:30,970 INFO o.a.j.t.JMeterThread: Stopping because end time detected by thread: Thread Group 1-127
2020-04-17 15:03:30,971 INFO o.a.j.t.JMeterThread: Thread finished: Thread Group 1-127
2020-04-17 15:03:30,981 INFO o.a.j.t.JMeterThread: Stopping because end time detected by thread: Thread Group 1-86
2020-04-17 15:03:30,981 INFO o.a.j.t.JMeterThread: Thread finished: Thread Group 1-86
2020-04-17 15:03:30,982 INFO o.a.j.t.JMeterThread: Stopping because end time detected by thread: Thread Group 1-108
2020-04-17 15:03:30,982 INFO o.a.j.t.JMeterThread: Thread finished: Thread Group 1-108
2020-04-17 15:03:30,991 INFO o.a.j.t.JMeterThread: Stopping because end time detected by thread: Thread Group 1-64
2020-04-17 15:03:30,992 INFO o.a.j.t.JMeterThread: Thread finished: Thread Group 1-64
2020-04-17 15:03:30,992 INFO o.a.j.t.JMeterThread: Stopping because end time detected by thread: Thread Group 1-9
2020-04-17 15:03:30,993 INFO o.a.j.t.JMeterThread: Thread finished: Thread Group 1-9
2020-04-17 15:03:30,999 INFO o.a.j.t.JMeterThread: Stopping because end time detected by thread: Thread Group 1-17
2020-04-17 15:03:30,999 INFO o.a.j.t.JMeterThread: Thread finished: Thread Group 1-17
2020-04-17 15:03:31,016 INFO o.a.j.t.JMeterThread: Stopping because end time detected by thread: Thread Group 1-159
2020-04-17 15:03:31,016 INFO o.a.j.t.JMeterThread: Stopping because end time detected by thread: Thread Group 1-113
2020-04-17 15:03:31,016 INFO o.a.j.t.JMeterThread: Thread finished: Thread Group 1-159
2020-04-17 15:03:31,016 INFO o.a.j.t.JMeterThread: Thread finished: Thread Group 1-113
2020-04-17 15:03:31,076 INFO o.a.j.t.JMeterThread: Stopping because end time detected by thread: Thread Group 1-27
2020-04-17 15:03:31,077 INFO o.a.j.t.JMeterThread: Thread finished: Thread Group 1-27
2020-04-17 15:03:31,078 INFO o.a.j.t.JMeterThread: Stopping because end time detected by thread: Thread Group 1-154
2020-04-17 15:03:31,078 INFO o.a.j.t.JMeterThread: Thread finished: Thread Group 1-154
2020-04-17 15:03:31,082 INFO o.a.j.t.JMeterThread: Stopping because end time detected by thread: Thread Group 1-57
2020-04-17 15:03:31,083 INFO o.a.j.t.JMeterThread: Thread finished: Thread Group 1-57
2020-04-17 15:03:31,090 INFO o.a.j.t.JMeterThread: Stopping because end time detected by thread: Thread Group 1-101
2020-04-17 15:03:31,090 INFO o.a.j.t.JMeterThread: Thread finished: Thread Group 1-101
2020-04-17 15:03:31,097 INFO o.a.j.t.JMeterThread: Stopping because end time detected by thread: Thread Group 1-124
2020-04-17 15:03:31,097 INFO o.a.j.t.JMeterThread: Thread finished: Thread Group 1-124
2020-04-17 15:03:31,102 INFO o.a.j.t.JMeterThread: Stopping because end time detected by thread: Thread Group 1-116
2020-04-17 15:03:31,102 INFO o.a.j.t.JMeterThread: Thread finished: Thread Group 1-116
2020-04-17 15:03:31,122 INFO o.a.j.t.JMeterThread: Stopping because end time detected by thread: Thread Group 1-78
2020-04-17 15:03:31,122 INFO o.a.j.t.JMeterThread: Thread finished: Thread Group 1-78
2020-04-17 15:03:31,129 INFO o.a.j.t.JMeterThread: Stopping because end time detected by thread: Thread Group 1-81
2020-04-17 15:03:31,129 INFO o.a.j.t.JMeterThread: Thread finished: Thread Group 1-81
2020-04-17 15:03:31,157 INFO o.a.j.t.JMeterThread: Stopping because end time detected by thread: Thread Group 1-148
2020-04-17 15:03:31,157 INFO o.a.j.t.JMeterThread: Thread finished: Thread Group 1-148
2020-04-17 15:03:31,193 INFO o.a.j.t.JMeterThread: Stopping because end time detected by thread: Thread Group 1-69
2020-04-17 15:03:31,193 INFO o.a.j.t.JMeterThread: Thread finished: Thread Group 1-69
2020-04-17 15:03:31,237 INFO o.a.j.t.JMeterThread: Stopping because end time detected by thread: Thread Group 1-70
2020-04-17 15:03:31,237 INFO o.a.j.t.JMeterThread: Thread finished: Thread Group 1-70
2020-04-17 15:03:31,239 INFO o.a.j.t.JMeterThread: Stopping because end time detected by thread: Thread Group 1-63
2020-04-17 15:03:31,240 INFO o.a.j.t.JMeterThread: Thread finished: Thread Group 1-63
2020-04-17 15:03:31,268 INFO o.a.j.t.JMeterThread: Stopping because end time detected by thread: Thread Group 1-26
2020-04-17 15:03:31,268 INFO o.a.j.t.JMeterThread: Thread finished: Thread Group 1-26
2020-04-17 15:03:31,272 INFO o.a.j.t.JMeterThread: Stopping because end time detected by thread: Thread Group 1-146
2020-04-17 15:03:31,273 INFO o.a.j.t.JMeterThread: Thread finished: Thread Group 1-146
2020-04-17 15:03:31,290 INFO o.a.j.t.JMeterThread: Stopping because end time detected by thread: Thread Group 1-58
2020-04-17 15:03:31,291 INFO o.a.j.t.JMeterThread: Thread finished: Thread Group 1-58
2020-04-17 15:03:31,294 INFO o.a.j.t.JMeterThread: Stopping because end time detected by thread: Thread Group 1-155
2020-04-17 15:03:31,294 INFO o.a.j.t.JMeterThread: Thread finished: Thread Group 1-155
2020-04-17 15:03:31,298 INFO o.a.j.t.JMeterThread: Stopping because end time detected by thread: Thread Group 1-102
2020-04-17 15:03:31,299 INFO o.a.j.t.JMeterThread: Thread finished: Thread Group 1-102
2020-04-17 15:03:31,305 INFO o.a.j.t.JMeterThread: Stopping because end time detected by thread: Thread Group 1-22
2020-04-17 15:03:31,305 INFO o.a.j.t.JMeterThread: Thread finished: Thread Group 1-22
2020-04-17 15:03:31,362 INFO o.a.j.t.JMeterThread: Stopping because end time detected by thread: Thread Group 1-105
2020-04-17 15:03:31,363 INFO o.a.j.t.JMeterThread: Thread finished: Thread Group 1-105
2020-04-17 15:03:31,366 INFO o.a.j.t.JMeterThread: Stopping because end time detected by thread: Thread Group 1-59
2020-04-17 15:03:31,366 INFO o.a.j.t.JMeterThread: Thread finished: Thread Group 1-59
2020-04-17 15:03:31,382 INFO o.a.j.t.JMeterThread: Stopping because end time detected by thread: Thread Group 1-47
2020-04-17 15:03:31,382 INFO o.a.j.t.JMeterThread: Thread finished: Thread Group 1-47
2020-04-17 15:03:31,412 INFO o.a.j.t.JMeterThread: Stopping because end time detected by thread: Thread Group 1-71
2020-04-17 15:03:31,412 INFO o.a.j.t.JMeterThread: Thread finished: Thread Group 1-71
2020-04-17 15:03:31,430 INFO o.a.j.t.JMeterThread: Stopping because end time detected by thread: Thread Group 1-74
2020-04-17 15:03:31,432 INFO o.a.j.t.JMeterThread: Thread finished: Thread Group 1-74
2020-04-17 15:03:31,435 INFO o.a.j.t.JMeterThread: Stopping because end time detected by thread: Thread Group 1-79
2020-04-17 15:03:31,435 INFO o.a.j.t.JMeterThread: Thread finished: Thread Group 1-79
2020-04-17 15:03:31,485 INFO o.a.j.t.JMeterThread: Stopping because end time detected by thread: Thread Group 1-20
2020-04-17 15:03:31,486 INFO o.a.j.t.JMeterThread: Thread finished: Thread Group 1-20
2020-04-17 15:03:31,494 INFO o.a.j.t.JMeterThread: Stopping because end time detected by thread: Thread Group 1-91
2020-04-17 15:03:31,495 INFO o.a.j.t.JMeterThread: Thread finished: Thread Group 1-91
2020-04-17 15:03:31,502 INFO o.a.j.t.JMeterThread: Stopping because end time detected by thread: Thread Group 1-99
2020-04-17 15:03:31,502 INFO o.a.j.t.JMeterThread: Thread finished: Thread Group 1-99
2020-04-17 15:03:31,504 INFO o.a.j.t.JMeterThread: Stopping because end time detected by thread: Thread Group 1-129
2020-04-17 15:03:31,505 INFO o.a.j.t.JMeterThread: Thread finished: Thread Group 1-129
2020-04-17 15:03:31,510 INFO o.a.j.t.JMeterThread: Stopping because end time detected by thread: Thread Group 1-145
2020-04-17 15:03:31,510 INFO o.a.j.t.JMeterThread: Stopping because end time detected by thread: Thread Group 1-85
2020-04-17 15:03:31,510 INFO o.a.j.t.JMeterThread: Thread finished: Thread Group 1-145
2020-04-17 15:03:31,510 INFO o.a.j.t.JMeterThread: Stopping because end time detected by thread: Thread Group 1-51
2020-04-17 15:03:31,510 INFO o.a.j.t.JMeterThread: Thread finished: Thread Group 1-85
2020-04-17 15:03:31,513 INFO o.a.j.t.JMeterThread: Thread finished: Thread Group 1-51
2020-04-17 15:03:31,516 INFO o.a.j.t.JMeterThread: Stopping because end time detected by thread: Thread Group 1-119
2020-04-17 15:03:31,517 INFO o.a.j.t.JMeterThread: Thread finished: Thread Group 1-119
2020-04-17 15:03:31,517 INFO o.a.j.t.JMeterThread: Stopping because end time detected by thread: Thread Group 1-151
2020-04-17 15:03:31,517 INFO o.a.j.t.JMeterThread: Thread finished: Thread Group 1-151
2020-04-17 15:03:31,564 INFO o.a.j.t.JMeterThread: Stopping because end time detected by thread: Thread Group 1-111
2020-04-17 15:03:31,564 INFO o.a.j.t.JMeterThread: Thread finished: Thread Group 1-111
2020-04-17 15:03:31,565 INFO o.a.j.t.JMeterThread: Stopping because end time detected by thread: Thread Group 1-40
2020-04-17 15:03:31,566 INFO o.a.j.t.JMeterThread: Thread finished: Thread Group 1-40
2020-04-17 15:03:31,569 INFO o.a.j.t.JMeterThread: Stopping because end time detected by thread: Thread Group 1-133
2020-04-17 15:03:31,569 INFO o.a.j.t.JMeterThread: Thread finished: Thread Group 1-133
2020-04-17 15:03:31,578 INFO o.a.j.t.JMeterThread: Stopping because end time detected by thread: Thread Group 1-90
2020-04-17 15:03:31,579 INFO o.a.j.t.JMeterThread: Thread finished: Thread Group 1-90
2020-04-17 15:03:31,585 INFO o.a.j.t.JMeterThread: Stopping because end time detected by thread: Thread Group 1-126
2020-04-17 15:03:31,586 INFO o.a.j.t.JMeterThread: Thread finished: Thread Group 1-126
2020-04-17 15:03:31,593 INFO o.a.j.t.JMeterThread: Stopping because end time detected by thread: Thread Group 1-87
2020-04-17 15:03:31,593 INFO o.a.j.t.JMeterThread: Thread finished: Thread Group 1-87
2020-04-17 15:03:31,593 INFO o.a.j.t.JMeterThread: Stopping because end time detected by thread: Thread Group 1-138
2020-04-17 15:03:31,593 INFO o.a.j.t.JMeterThread: Thread finished: Thread Group 1-138
2020-04-17 15:03:31,695 INFO o.a.j.t.JMeterThread: Stopping because end time detected by thread: Thread Group 1-25
2020-04-17 15:03:31,696 INFO o.a.j.t.JMeterThread: Thread finished: Thread Group 1-25
2020-04-17 15:03:31,696 INFO o.a.j.t.JMeterThread: Stopping because end time detected by thread: Thread Group 1-42
2020-04-17 15:03:31,697 INFO o.a.j.t.JMeterThread: Thread finished: Thread Group 1-42
2020-04-17 15:03:31,702 INFO o.a.j.t.JMeterThread: Stopping because end time detected by thread: Thread Group 1-106
2020-04-17 15:03:31,702 INFO o.a.j.t.JMeterThread: Thread finished: Thread Group 1-106
2020-04-17 15:03:31,702 INFO o.a.j.t.JMeterThread: Stopping because end time detected by thread: Thread Group 1-32
2020-04-17 15:03:31,702 INFO o.a.j.t.JMeterThread: Thread finished: Thread Group 1-32
2020-04-17 15:03:31,704 INFO o.a.j.t.JMeterThread: Stopping because end time detected by thread: Thread Group 1-33
2020-04-17 15:03:31,705 INFO o.a.j.t.JMeterThread: Thread finished: Thread Group 1-33
2020-04-17 15:03:31,706 INFO o.a.j.t.JMeterThread: Stopping because end time detected by thread: Thread Group 1-29
2020-04-17 15:03:31,706 INFO o.a.j.t.JMeterThread: Thread finished: Thread Group 1-29
2020-04-17 15:03:31,699 INFO o.a.j.t.JMeterThread: Stopping because end time detected by thread: Thread Group 1-36
2020-04-17 15:03:31,708 INFO o.a.j.t.JMeterThread: Thread finished: Thread Group 1-36
2020-04-17 15:03:31,708 INFO o.a.j.t.JMeterThread: Stopping because end time detected by thread: Thread Group 1-48
2020-04-17 15:03:31,709 INFO o.a.j.t.JMeterThread: Thread finished: Thread Group 1-48
2020-04-17 15:03:31,711 INFO o.a.j.t.JMeterThread: Stopping because end time detected by thread: Thread Group 1-110
2020-04-17 15:03:31,711 INFO o.a.j.t.JMeterThread: Thread finished: Thread Group 1-110
2020-04-17 15:03:31,712 INFO o.a.j.t.JMeterThread: Stopping because end time detected by thread: Thread Group 1-153
2020-04-17 15:03:31,712 INFO o.a.j.t.JMeterThread: Thread finished: Thread Group 1-153
2020-04-17 15:03:31,712 INFO o.a.j.t.JMeterThread: Stopping because end time detected by thread: Thread Group 1-89
2020-04-17 15:03:31,713 INFO o.a.j.t.JMeterThread: Thread finished: Thread Group 1-89
2020-04-17 15:03:31,731 INFO o.a.j.t.JMeterThread: Stopping because end time detected by thread: Thread Group 1-82
2020-04-17 15:03:31,731 INFO o.a.j.t.JMeterThread: Thread finished: Thread Group 1-82
2020-04-17 15:03:31,775 INFO o.a.j.t.JMeterThread: Stopping because end time detected by thread: Thread Group 1-73
2020-04-17 15:03:31,775 INFO o.a.j.t.JMeterThread: Thread finished: Thread Group 1-73
2020-04-17 15:03:31,783 INFO o.a.j.t.JMeterThread: Stopping because end time detected by thread: Thread Group 1-49
2020-04-17 15:03:31,784 INFO o.a.j.t.JMeterThread: Thread finished: Thread Group 1-49
2020-04-17 15:03:31,784 INFO o.a.j.t.JMeterThread: Stopping because end time detected by thread: Thread Group 1-149
2020-04-17 15:03:31,785 INFO o.a.j.t.JMeterThread: Thread finished: Thread Group 1-149
2020-04-17 15:03:31,787 INFO o.a.j.t.JMeterThread: Stopping because end time detected by thread: Thread Group 1-13
2020-04-17 15:03:31,788 INFO o.a.j.t.JMeterThread: Stopping because end time detected by thread: Thread Group 1-11
2020-04-17 15:03:31,788 INFO o.a.j.t.JMeterThread: Thread finished: Thread Group 1-11
2020-04-17 15:03:31,788 INFO o.a.j.t.JMeterThread: Thread finished: Thread Group 1-13
2020-04-17 15:03:31,793 INFO o.a.j.t.JMeterThread: Stopping because end time detected by thread: Thread Group 1-75
2020-04-17 15:03:31,793 INFO o.a.j.t.JMeterThread: Stopping because end time detected by thread: Thread Group 1-115
2020-04-17 15:03:31,793 INFO o.a.j.t.JMeterThread: Thread finished: Thread Group 1-75
2020-04-17 15:03:31,794 INFO o.a.j.t.JMeterThread: Thread finished: Thread Group 1-115
2020-04-17 15:03:31,796 INFO o.a.j.t.JMeterThread: Stopping because end time detected by thread: Thread Group 1-67
2020-04-17 15:03:31,796 INFO o.a.j.t.JMeterThread: Thread finished: Thread Group 1-67
2020-04-17 15:03:31,797 INFO o.a.j.t.JMeterThread: Stopping because end time detected by thread: Thread Group 1-98
2020-04-17 15:03:31,798 INFO o.a.j.t.JMeterThread: Thread finished: Thread Group 1-98
2020-04-17 15:03:31,803 INFO o.a.j.t.JMeterThread: Stopping because end time detected by thread: Thread Group 1-93
2020-04-17 15:03:31,805 INFO o.a.j.t.JMeterThread: Stopping because end time detected by thread: Thread Group 1-94
2020-04-17 15:03:31,805 INFO o.a.j.t.JMeterThread: Thread finished: Thread Group 1-93
2020-04-17 15:03:31,805 INFO o.a.j.t.JMeterThread: Thread finished: Thread Group 1-94
2020-04-17 15:03:31,808 INFO o.a.j.t.JMeterThread: Stopping because end time detected by thread: Thread Group 1-65
2020-04-17 15:03:31,809 INFO o.a.j.t.JMeterThread: Thread finished: Thread Group 1-65
2020-04-17 15:03:31,824 INFO o.a.j.t.JMeterThread: Stopping because end time detected by thread: Thread Group 1-72
2020-04-17 15:03:31,824 INFO o.a.j.t.JMeterThread: Thread finished: Thread Group 1-72
2020-04-17 15:03:31,834 INFO o.a.j.t.JMeterThread: Stopping because end time detected by thread: Thread Group 1-114
2020-04-17 15:03:31,835 INFO o.a.j.t.JMeterThread: Thread finished: Thread Group 1-114
2020-04-17 15:03:31,849 INFO o.a.j.t.JMeterThread: Stopping because end time detected by thread: Thread Group 1-53
2020-04-17 15:03:31,849 INFO o.a.j.t.JMeterThread: Thread finished: Thread Group 1-53
2020-04-17 15:03:31,849 INFO o.a.j.t.JMeterThread: Stopping because end time detected by thread: Thread Group 1-84
2020-04-17 15:03:31,850 INFO o.a.j.t.JMeterThread: Thread finished: Thread Group 1-84
2020-04-17 15:03:31,858 INFO o.a.j.t.JMeterThread: Stopping because end time detected by thread: Thread Group 1-132
2020-04-17 15:03:31,858 INFO o.a.j.t.JMeterThread: Thread finished: Thread Group 1-132
2020-04-17 15:03:31,864 INFO o.a.j.t.JMeterThread: Stopping because end time detected by thread: Thread Group 1-41
2020-04-17 15:03:31,865 INFO o.a.j.t.JMeterThread: Thread finished: Thread Group 1-41
2020-04-17 15:03:31,865 INFO o.a.j.t.JMeterThread: Stopping because end time detected by thread: Thread Group 1-34
2020-04-17 15:03:31,865 INFO o.a.j.t.JMeterThread: Thread finished: Thread Group 1-34
2020-04-17 15:03:31,873 INFO o.a.j.t.JMeterThread: Stopping because end time detected by thread: Thread Group 1-136
2020-04-17 15:03:31,874 INFO o.a.j.t.JMeterThread: Thread finished: Thread Group 1-136
2020-04-17 15:03:31,874 INFO o.a.j.t.JMeterThread: Stopping because end time detected by thread: Thread Group 1-143
2020-04-17 15:03:31,874 INFO o.a.j.t.JMeterThread: Thread finished: Thread Group 1-143
2020-04-17 15:03:31,885 INFO o.a.j.t.JMeterThread: Stopping because end time detected by thread: Thread Group 1-120
2020-04-17 15:03:31,885 INFO o.a.j.t.JMeterThread: Thread finished: Thread Group 1-120
2020-04-17 15:03:31,887 INFO o.a.j.t.JMeterThread: Stopping because end time detected by thread: Thread Group 1-62
2020-04-17 15:03:31,887 INFO o.a.j.t.JMeterThread: Thread finished: Thread Group 1-62
2020-04-17 15:03:31,891 INFO o.a.j.t.JMeterThread: Stopping because end time detected by thread: Thread Group 1-24
2020-04-17 15:03:31,891 INFO o.a.j.t.JMeterThread: Thread finished: Thread Group 1-24
2020-04-17 15:03:31,907 INFO o.a.j.t.JMeterThread: Stopping because end time detected by thread: Thread Group 1-157
2020-04-17 15:03:31,907 INFO o.a.j.t.JMeterThread: Thread finished: Thread Group 1-157
2020-04-17 15:03:31,907 INFO o.a.j.t.JMeterThread: Stopping because end time detected by thread: Thread Group 1-39
2020-04-17 15:03:31,908 INFO o.a.j.t.JMeterThread: Thread finished: Thread Group 1-39
2020-04-17 15:03:31,927 INFO o.a.j.t.JMeterThread: Stopping because end time detected by thread: Thread Group 1-4
2020-04-17 15:03:31,927 INFO o.a.j.t.JMeterThread: Thread finished: Thread Group 1-4
2020-04-17 15:03:31,929 INFO o.a.j.t.JMeterThread: Stopping because end time detected by thread: Thread Group 1-14
2020-04-17 15:03:31,929 INFO o.a.j.t.JMeterThread: Thread finished: Thread Group 1-14
2020-04-17 15:03:31,931 INFO o.a.j.t.JMeterThread: Stopping because end time detected by thread: Thread Group 1-130
2020-04-17 15:03:31,933 INFO o.a.j.t.JMeterThread: Stopping because end time detected by thread: Thread Group 1-45
2020-04-17 15:03:31,933 INFO o.a.j.t.JMeterThread: Thread finished: Thread Group 1-45
2020-04-17 15:03:31,931 INFO o.a.j.t.JMeterThread: Thread finished: Thread Group 1-130
2020-04-17 15:03:31,936 INFO o.a.j.t.JMeterThread: Stopping because end time detected by thread: Thread Group 1-66
2020-04-17 15:03:31,937 INFO o.a.j.t.JMeterThread: Stopping because end time detected by thread: Thread Group 1-31
2020-04-17 15:03:31,937 INFO o.a.j.t.JMeterThread: Thread finished: Thread Group 1-66
2020-04-17 15:03:31,938 INFO o.a.j.t.JMeterThread: Stopping because end time detected by thread: Thread Group 1-156
2020-04-17 15:03:31,938 INFO o.a.j.t.JMeterThread: Thread finished: Thread Group 1-31
2020-04-17 15:03:31,938 INFO o.a.j.t.JMeterThread: Thread finished: Thread Group 1-156
2020-04-17 15:03:31,938 INFO o.a.j.t.JMeterThread: Stopping because end time detected by thread: Thread Group 1-158
2020-04-17 15:03:31,939 INFO o.a.j.t.JMeterThread: Thread finished: Thread Group 1-158
2020-04-17 15:03:31,942 INFO o.a.j.t.JMeterThread: Stopping because end time detected by thread: Thread Group 1-19
2020-04-17 15:03:31,942 INFO o.a.j.t.JMeterThread: Thread finished: Thread Group 1-19
2020-04-17 15:03:31,942 INFO o.a.j.t.JMeterThread: Stopping because end time detected by thread: Thread Group 1-141
2020-04-17 15:03:31,943 INFO o.a.j.t.JMeterThread: Thread finished: Thread Group 1-141
2020-04-17 15:03:31,945 INFO o.a.j.t.JMeterThread: Stopping because end time detected by thread: Thread Group 1-7
2020-04-17 15:03:31,946 INFO o.a.j.t.JMeterThread: Stopping because end time detected by thread: Thread Group 1-140
2020-04-17 15:03:31,946 INFO o.a.j.t.JMeterThread: Thread finished: Thread Group 1-140
2020-04-17 15:03:31,946 INFO o.a.j.t.JMeterThread: Thread finished: Thread Group 1-7
2020-04-17 15:03:31,948 INFO o.a.j.t.JMeterThread: Stopping because end time detected by thread: Thread Group 1-137
2020-04-17 15:03:31,948 INFO o.a.j.t.JMeterThread: Thread finished: Thread Group 1-137
2020-04-17 15:03:31,949 INFO o.a.j.t.JMeterThread: Stopping because end time detected by thread: Thread Group 1-160
2020-04-17 15:03:31,949 INFO o.a.j.t.JMeterThread: Thread finished: Thread Group 1-160
2020-04-17 15:03:31,949 INFO o.a.j.t.JMeterThread: Stopping because end time detected by thread: Thread Group 1-123
2020-04-17 15:03:31,949 INFO o.a.j.t.JMeterThread: Thread finished: Thread Group 1-123
2020-04-17 15:03:31,950 INFO o.a.j.t.JMeterThread: Stopping because end time detected by thread: Thread Group 1-103
2020-04-17 15:03:31,950 INFO o.a.j.t.JMeterThread: Thread finished: Thread Group 1-103
2020-04-17 15:03:31,970 INFO o.a.j.t.JMeterThread: Stopping because end time detected by thread: Thread Group 1-150
2020-04-17 15:03:31,970 INFO o.a.j.t.JMeterThread: Thread finished: Thread Group 1-150
2020-04-17 15:03:31,970 INFO o.a.j.t.JMeterThread: Stopping because end time detected by thread: Thread Group 1-144
2020-04-17 15:03:31,971 INFO o.a.j.t.JMeterThread: Thread finished: Thread Group 1-144
2020-04-17 15:03:31,972 INFO o.a.j.e.StandardJMeterEngine: Notifying test listeners of end of test
2020-04-17 15:03:31,974 INFO o.a.j.r.Summariser: summary +    241 in 00:00:02 =  122.3/s Avg:  1750 Min:    38 Max:  5742 Err:     0 (0.00%) Active: 0 Started: 160 Finished: 160
2020-04-17 15:03:31,974 INFO o.a.j.r.Summariser: summary =  88160 in 00:10:27 =  140.6/s Avg:  1113 Min:    18 Max: 18603 Err:     0 (0.00%)
