2020-03-20 21:58:56,488 INFO o.a.j.u.JMeterUtils: Setting Locale to en_US
2020-03-20 21:58:56,517 INFO o.a.j.JMeter: Loading user properties from: user.properties
2020-03-20 21:58:56,518 INFO o.a.j.JMeter: Loading system properties from: system.properties
2020-03-20 21:58:56,519 INFO o.a.j.JMeter: Setting JMeter property: HILOS=150
2020-03-20 21:58:56,519 INFO o.a.j.JMeter: Setting JMeter property: SUBIDA=60
2020-03-20 21:58:56,520 INFO o.a.j.JMeter: Setting JMeter property: DURACION=300
2020-03-20 21:58:56,520 INFO o.a.j.JMeter: Setting JMeter property: FILE=scriptresultsperfmon150.jtl
2020-03-20 21:58:56,522 INFO o.a.j.JMeter: Copyright (c) 1998-2019 The Apache Software Foundation
2020-03-20 21:58:56,523 INFO o.a.j.JMeter: Version 5.2.1
2020-03-20 21:58:56,523 INFO o.a.j.JMeter: java.version=1.8.0_201
2020-03-20 21:58:56,523 INFO o.a.j.JMeter: java.vm.name=Java HotSpot(TM) 64-Bit Server VM
2020-03-20 21:58:56,524 INFO o.a.j.JMeter: os.name=Linux
2020-03-20 21:58:56,524 INFO o.a.j.JMeter: os.arch=amd64
2020-03-20 21:58:56,524 INFO o.a.j.JMeter: os.version=4.15.0-88-generic
2020-03-20 21:58:56,524 INFO o.a.j.JMeter: file.encoding=UTF-8
2020-03-20 21:58:56,525 INFO o.a.j.JMeter: java.awt.headless=true
2020-03-20 21:58:56,525 INFO o.a.j.JMeter: Max memory     =732954624
2020-03-20 21:58:56,525 INFO o.a.j.JMeter: Available Processors =4
2020-03-20 21:58:56,532 INFO o.a.j.JMeter: Default Locale=English (United States)
2020-03-20 21:58:56,533 INFO o.a.j.JMeter: JMeter  Locale=English (United States)
2020-03-20 21:58:56,533 INFO o.a.j.JMeter: JMeterHome=/home/pablo/jmeter
2020-03-20 21:58:56,534 INFO o.a.j.JMeter: user.dir  =/home/pablo/jmeter/bin
2020-03-20 21:58:56,534 INFO o.a.j.JMeter: PWD       =/home/pablo/jmeter/bin
2020-03-20 21:58:56,535 INFO o.a.j.JMeter: IP: 127.0.1.1 Name: hylianpablo FullName: hylianpablo
2020-03-20 21:58:56,543 INFO o.a.j.s.FileServer: Default base='/home/pablo/jmeter/bin'
2020-03-20 21:58:56,553 INFO o.a.j.s.FileServer: Set new base='/home/pablo/jmeter/bin'
2020-03-20 21:58:56,820 INFO o.a.j.s.SaveService: Testplan (JMX) version: 2.2. Testlog (JTL) version: 2.2
2020-03-20 21:58:56,838 INFO o.a.j.s.SaveService: Using SaveService properties file encoding UTF-8
2020-03-20 21:58:56,851 INFO o.a.j.s.SaveService: Using SaveService properties version 5.0
2020-03-20 21:58:56,868 INFO o.a.j.s.SaveService: Loading file: Funciona.jmx
2020-03-20 21:58:56,946 INFO o.a.j.p.h.c.CookieManager: Settings: Delete null: true Check: true Allow variable: true Save: false Prefix: COOKIE_
2020-03-20 21:58:56,995 INFO o.a.j.p.h.s.HTTPSamplerBase: Parser for text/html is org.apache.jmeter.protocol.http.parser.LagartoBasedHtmlParser
2020-03-20 21:58:56,995 INFO o.a.j.p.h.s.HTTPSamplerBase: Parser for application/xhtml+xml is org.apache.jmeter.protocol.http.parser.LagartoBasedHtmlParser
2020-03-20 21:58:56,995 INFO o.a.j.p.h.s.HTTPSamplerBase: Parser for application/xml is org.apache.jmeter.protocol.http.parser.LagartoBasedHtmlParser
2020-03-20 21:58:56,996 INFO o.a.j.p.h.s.HTTPSamplerBase: Parser for text/xml is org.apache.jmeter.protocol.http.parser.LagartoBasedHtmlParser
2020-03-20 21:58:56,996 INFO o.a.j.p.h.s.HTTPSamplerBase: Parser for text/vnd.wap.wml is org.apache.jmeter.protocol.http.parser.RegexpHTMLParser
2020-03-20 21:58:56,996 INFO o.a.j.p.h.s.HTTPSamplerBase: Parser for text/css is org.apache.jmeter.protocol.http.parser.CssParser
2020-03-20 21:58:57,053 INFO o.a.j.p.h.c.CacheManager: Will only cache the following methods: [GET]
2020-03-20 21:58:57,090 INFO o.a.j.JMeter: Creating summariser <summary>
2020-03-20 21:58:57,103 INFO o.a.j.e.StandardJMeterEngine: Running the test!
2020-03-20 21:58:57,105 INFO o.a.j.s.SampleEvent: List of sample_variables: []
2020-03-20 21:58:57,106 INFO o.a.j.s.SampleEvent: List of sample_variables: []
2020-03-20 21:58:57,118 INFO o.a.j.e.u.CompoundVariable: Note: Function class names must contain the string: '.functions.'
2020-03-20 21:58:57,119 INFO o.a.j.e.u.CompoundVariable: Note: Function class names must not contain the string: '.gui.'
2020-03-20 21:58:57,979 INFO o.a.j.JMeter: Running test (1584737937979)
2020-03-20 21:58:58,090 INFO o.a.j.e.StandardJMeterEngine: Starting ThreadGroup: 1 : Grupo De Hilos
2020-03-20 21:58:58,091 INFO o.a.j.e.StandardJMeterEngine: Starting 150 threads for group Grupo De Hilos.
2020-03-20 21:58:58,091 INFO o.a.j.e.StandardJMeterEngine: Thread will continue on error
2020-03-20 21:58:58,092 INFO o.a.j.t.ThreadGroup: Starting thread group... number=1 threads=150 ramp-up=60 delayedStart=false
2020-03-20 21:58:58,131 INFO o.a.j.t.JMeterThread: Thread started: Grupo De Hilos 1-1
2020-03-20 21:58:58,189 INFO o.a.j.p.h.s.HTTPHCAbstractImpl: Local host = hylianpablo
2020-03-20 21:58:58,206 INFO o.a.j.p.h.s.HTTPHC4Impl: HTTP request retry count = 0
2020-03-20 21:58:58,212 INFO o.a.j.s.SampleResult: Note: Sample TimeStamps are START times
2020-03-20 21:58:58,213 INFO o.a.j.s.SampleResult: sampleresult.default.encoding is set to ISO-8859-1
2020-03-20 21:58:58,213 INFO o.a.j.s.SampleResult: sampleresult.useNanoTime=true
2020-03-20 21:58:58,213 INFO o.a.j.s.SampleResult: sampleresult.nanoThreadSleep=5000
2020-03-20 21:58:58,382 INFO o.a.j.t.ThreadGroup: Started thread group number 1
2020-03-20 21:58:58,382 INFO o.a.j.e.StandardJMeterEngine: All thread groups have been started
2020-03-20 21:58:58,501 INFO o.a.j.t.JMeterThread: Thread started: Grupo De Hilos 1-2
2020-03-20 21:58:58,909 INFO o.a.j.t.JMeterThread: Thread started: Grupo De Hilos 1-3
2020-03-20 21:58:59,297 INFO o.a.j.t.JMeterThread: Thread started: Grupo De Hilos 1-4
2020-03-20 21:58:59,698 INFO o.a.j.t.JMeterThread: Thread started: Grupo De Hilos 1-5
2020-03-20 21:59:00,105 INFO o.a.j.t.JMeterThread: Thread started: Grupo De Hilos 1-6
2020-03-20 21:59:00,158 INFO o.a.j.r.Summariser: summary +      6 in 00:00:02 =    2.8/s Avg:    57 Min:    46 Max:   113 Err:     0 (0.00%) Active: 6 Started: 6 Finished: 0
2020-03-20 21:59:00,496 INFO o.a.j.t.JMeterThread: Thread started: Grupo De Hilos 1-7
2020-03-20 21:59:00,900 INFO o.a.j.t.JMeterThread: Thread started: Grupo De Hilos 1-8
2020-03-20 21:59:01,294 INFO o.a.j.t.JMeterThread: Thread started: Grupo De Hilos 1-9
2020-03-20 21:59:01,695 INFO o.a.j.t.JMeterThread: Thread started: Grupo De Hilos 1-10
2020-03-20 21:59:02,095 INFO o.a.j.t.JMeterThread: Thread started: Grupo De Hilos 1-11
2020-03-20 21:59:02,497 INFO o.a.j.t.JMeterThread: Thread started: Grupo De Hilos 1-12
2020-03-20 21:59:02,895 INFO o.a.j.t.JMeterThread: Thread started: Grupo De Hilos 1-13
2020-03-20 21:59:03,295 INFO o.a.j.t.JMeterThread: Thread started: Grupo De Hilos 1-14
2020-03-20 21:59:03,694 INFO o.a.j.t.JMeterThread: Thread started: Grupo De Hilos 1-15
2020-03-20 21:59:04,133 INFO o.a.j.t.JMeterThread: Thread started: Grupo De Hilos 1-16
2020-03-20 21:59:04,495 INFO o.a.j.t.JMeterThread: Thread started: Grupo De Hilos 1-17
2020-03-20 21:59:04,896 INFO o.a.j.t.JMeterThread: Thread started: Grupo De Hilos 1-18
2020-03-20 21:59:05,300 INFO o.a.j.t.JMeterThread: Thread started: Grupo De Hilos 1-19
2020-03-20 21:59:05,696 INFO o.a.j.t.JMeterThread: Thread started: Grupo De Hilos 1-20
2020-03-20 21:59:06,096 INFO o.a.j.t.JMeterThread: Thread started: Grupo De Hilos 1-21
2020-03-20 21:59:06,495 INFO o.a.j.t.JMeterThread: Thread started: Grupo De Hilos 1-22
2020-03-20 21:59:06,893 INFO o.a.j.t.JMeterThread: Thread started: Grupo De Hilos 1-23
2020-03-20 21:59:07,293 INFO o.a.j.t.JMeterThread: Thread started: Grupo De Hilos 1-24
2020-03-20 21:59:07,693 INFO o.a.j.t.JMeterThread: Thread started: Grupo De Hilos 1-25
2020-03-20 21:59:08,095 INFO o.a.j.t.JMeterThread: Thread started: Grupo De Hilos 1-26
2020-03-20 21:59:08,494 INFO o.a.j.t.JMeterThread: Thread started: Grupo De Hilos 1-27
2020-03-20 21:59:08,893 INFO o.a.j.t.JMeterThread: Thread started: Grupo De Hilos 1-28
2020-03-20 21:59:09,294 INFO o.a.j.t.JMeterThread: Thread started: Grupo De Hilos 1-29
2020-03-20 21:59:09,693 INFO o.a.j.t.JMeterThread: Thread started: Grupo De Hilos 1-30
2020-03-20 21:59:10,093 INFO o.a.j.t.JMeterThread: Thread started: Grupo De Hilos 1-31
2020-03-20 21:59:10,501 INFO o.a.j.t.JMeterThread: Thread started: Grupo De Hilos 1-32
2020-03-20 21:59:10,893 INFO o.a.j.t.JMeterThread: Thread started: Grupo De Hilos 1-33
2020-03-20 21:59:11,294 INFO o.a.j.t.JMeterThread: Thread started: Grupo De Hilos 1-34
2020-03-20 21:59:11,693 INFO o.a.j.t.JMeterThread: Thread started: Grupo De Hilos 1-35
2020-03-20 21:59:12,094 INFO o.a.j.t.JMeterThread: Thread started: Grupo De Hilos 1-36
2020-03-20 21:59:12,494 INFO o.a.j.t.JMeterThread: Thread started: Grupo De Hilos 1-37
2020-03-20 21:59:12,894 INFO o.a.j.t.JMeterThread: Thread started: Grupo De Hilos 1-38
2020-03-20 21:59:13,294 INFO o.a.j.t.JMeterThread: Thread started: Grupo De Hilos 1-39
2020-03-20 21:59:13,697 INFO o.a.j.t.JMeterThread: Thread started: Grupo De Hilos 1-40
2020-03-20 21:59:14,093 INFO o.a.j.t.JMeterThread: Thread started: Grupo De Hilos 1-41
2020-03-20 21:59:14,495 INFO o.a.j.t.JMeterThread: Thread started: Grupo De Hilos 1-42
2020-03-20 21:59:14,893 INFO o.a.j.t.JMeterThread: Thread started: Grupo De Hilos 1-43
2020-03-20 21:59:15,293 INFO o.a.j.t.JMeterThread: Thread started: Grupo De Hilos 1-44
2020-03-20 21:59:15,694 INFO o.a.j.t.JMeterThread: Thread started: Grupo De Hilos 1-45
2020-03-20 21:59:16,095 INFO o.a.j.t.JMeterThread: Thread started: Grupo De Hilos 1-46
2020-03-20 21:59:16,496 INFO o.a.j.t.JMeterThread: Thread started: Grupo De Hilos 1-47
2020-03-20 21:59:16,900 INFO o.a.j.t.JMeterThread: Thread started: Grupo De Hilos 1-48
2020-03-20 21:59:17,296 INFO o.a.j.t.JMeterThread: Thread started: Grupo De Hilos 1-49
2020-03-20 21:59:17,696 INFO o.a.j.t.JMeterThread: Thread started: Grupo De Hilos 1-50
2020-03-20 21:59:18,094 INFO o.a.j.t.JMeterThread: Thread started: Grupo De Hilos 1-51
2020-03-20 21:59:18,495 INFO o.a.j.t.JMeterThread: Thread started: Grupo De Hilos 1-52
2020-03-20 21:59:18,894 INFO o.a.j.t.JMeterThread: Thread started: Grupo De Hilos 1-53
2020-03-20 21:59:19,295 INFO o.a.j.t.JMeterThread: Thread started: Grupo De Hilos 1-54
2020-03-20 21:59:19,695 INFO o.a.j.t.JMeterThread: Thread started: Grupo De Hilos 1-55
2020-03-20 21:59:20,094 INFO o.a.j.t.JMeterThread: Thread started: Grupo De Hilos 1-56
2020-03-20 21:59:20,495 INFO o.a.j.t.JMeterThread: Thread started: Grupo De Hilos 1-57
2020-03-20 21:59:20,901 INFO o.a.j.t.JMeterThread: Thread started: Grupo De Hilos 1-58
2020-03-20 21:59:21,294 INFO o.a.j.t.JMeterThread: Thread started: Grupo De Hilos 1-59
2020-03-20 21:59:21,695 INFO o.a.j.t.JMeterThread: Thread started: Grupo De Hilos 1-60
2020-03-20 21:59:22,099 INFO o.a.j.t.JMeterThread: Thread started: Grupo De Hilos 1-61
2020-03-20 21:59:22,494 INFO o.a.j.t.JMeterThread: Thread started: Grupo De Hilos 1-62
2020-03-20 21:59:22,893 INFO o.a.j.t.JMeterThread: Thread started: Grupo De Hilos 1-63
2020-03-20 21:59:23,303 INFO o.a.j.t.JMeterThread: Thread started: Grupo De Hilos 1-64
2020-03-20 21:59:23,697 INFO o.a.j.t.JMeterThread: Thread started: Grupo De Hilos 1-65
2020-03-20 21:59:24,096 INFO o.a.j.t.JMeterThread: Thread started: Grupo De Hilos 1-66
2020-03-20 21:59:24,494 INFO o.a.j.t.JMeterThread: Thread started: Grupo De Hilos 1-67
2020-03-20 21:59:24,901 INFO o.a.j.t.JMeterThread: Thread started: Grupo De Hilos 1-68
2020-03-20 21:59:25,297 INFO o.a.j.t.JMeterThread: Thread started: Grupo De Hilos 1-69
2020-03-20 21:59:25,693 INFO o.a.j.t.JMeterThread: Thread started: Grupo De Hilos 1-70
2020-03-20 21:59:26,095 INFO o.a.j.t.JMeterThread: Thread started: Grupo De Hilos 1-71
2020-03-20 21:59:26,497 INFO o.a.j.t.JMeterThread: Thread started: Grupo De Hilos 1-72
2020-03-20 21:59:26,894 INFO o.a.j.t.JMeterThread: Thread started: Grupo De Hilos 1-73
2020-03-20 21:59:27,293 INFO o.a.j.t.JMeterThread: Thread started: Grupo De Hilos 1-74
2020-03-20 21:59:27,697 INFO o.a.j.t.JMeterThread: Thread started: Grupo De Hilos 1-75
2020-03-20 21:59:28,101 INFO o.a.j.t.JMeterThread: Thread started: Grupo De Hilos 1-76
2020-03-20 21:59:28,496 INFO o.a.j.t.JMeterThread: Thread started: Grupo De Hilos 1-77
2020-03-20 21:59:28,893 INFO o.a.j.t.JMeterThread: Thread started: Grupo De Hilos 1-78
2020-03-20 21:59:29,293 INFO o.a.j.t.JMeterThread: Thread started: Grupo De Hilos 1-79
2020-03-20 21:59:29,695 INFO o.a.j.t.JMeterThread: Thread started: Grupo De Hilos 1-80
2020-03-20 21:59:30,097 INFO o.a.j.t.JMeterThread: Thread started: Grupo De Hilos 1-81
2020-03-20 21:59:30,161 INFO o.a.j.r.Summariser: summary +     75 in 00:00:30 =    2.5/s Avg:    56 Min:    42 Max:   147 Err:     0 (0.00%) Active: 81 Started: 81 Finished: 0
2020-03-20 21:59:30,162 INFO o.a.j.r.Summariser: summary =     81 in 00:00:32 =    2.5/s Avg:    56 Min:    42 Max:   147 Err:     0 (0.00%)
2020-03-20 21:59:30,497 INFO o.a.j.t.JMeterThread: Thread started: Grupo De Hilos 1-82
2020-03-20 21:59:30,897 INFO o.a.j.t.JMeterThread: Thread started: Grupo De Hilos 1-83
2020-03-20 21:59:31,293 INFO o.a.j.t.JMeterThread: Thread started: Grupo De Hilos 1-84
2020-03-20 21:59:31,693 INFO o.a.j.t.JMeterThread: Thread started: Grupo De Hilos 1-85
2020-03-20 21:59:32,095 INFO o.a.j.t.JMeterThread: Thread started: Grupo De Hilos 1-86
2020-03-20 21:59:32,493 INFO o.a.j.t.JMeterThread: Thread started: Grupo De Hilos 1-87
2020-03-20 21:59:32,893 INFO o.a.j.t.JMeterThread: Thread started: Grupo De Hilos 1-88
2020-03-20 21:59:33,293 INFO o.a.j.t.JMeterThread: Thread started: Grupo De Hilos 1-89
2020-03-20 21:59:33,693 INFO o.a.j.t.JMeterThread: Thread started: Grupo De Hilos 1-90
2020-03-20 21:59:34,098 INFO o.a.j.t.JMeterThread: Thread started: Grupo De Hilos 1-91
2020-03-20 21:59:34,501 INFO o.a.j.t.JMeterThread: Thread started: Grupo De Hilos 1-92
2020-03-20 21:59:34,901 INFO o.a.j.t.JMeterThread: Thread started: Grupo De Hilos 1-93
2020-03-20 21:59:35,294 INFO o.a.j.t.JMeterThread: Thread started: Grupo De Hilos 1-94
2020-03-20 21:59:35,695 INFO o.a.j.t.JMeterThread: Thread started: Grupo De Hilos 1-95
2020-03-20 21:59:36,094 INFO o.a.j.t.JMeterThread: Thread started: Grupo De Hilos 1-96
2020-03-20 21:59:36,493 INFO o.a.j.t.JMeterThread: Thread started: Grupo De Hilos 1-97
2020-03-20 21:59:36,894 INFO o.a.j.t.JMeterThread: Thread started: Grupo De Hilos 1-98
2020-03-20 21:59:37,294 INFO o.a.j.t.JMeterThread: Thread started: Grupo De Hilos 1-99
2020-03-20 21:59:37,695 INFO o.a.j.t.JMeterThread: Thread started: Grupo De Hilos 1-100
2020-03-20 21:59:38,094 INFO o.a.j.t.JMeterThread: Thread started: Grupo De Hilos 1-101
2020-03-20 21:59:38,493 INFO o.a.j.t.JMeterThread: Thread started: Grupo De Hilos 1-102
2020-03-20 21:59:38,905 INFO o.a.j.t.JMeterThread: Thread started: Grupo De Hilos 1-103
2020-03-20 21:59:39,297 INFO o.a.j.t.JMeterThread: Thread started: Grupo De Hilos 1-104
2020-03-20 21:59:39,694 INFO o.a.j.t.JMeterThread: Thread started: Grupo De Hilos 1-105
2020-03-20 21:59:40,096 INFO o.a.j.t.JMeterThread: Thread started: Grupo De Hilos 1-106
2020-03-20 21:59:40,493 INFO o.a.j.t.JMeterThread: Thread started: Grupo De Hilos 1-107
2020-03-20 21:59:40,893 INFO o.a.j.t.JMeterThread: Thread started: Grupo De Hilos 1-108
2020-03-20 21:59:41,297 INFO o.a.j.t.JMeterThread: Thread started: Grupo De Hilos 1-109
2020-03-20 21:59:41,697 INFO o.a.j.t.JMeterThread: Thread started: Grupo De Hilos 1-110
2020-03-20 21:59:42,103 INFO o.a.j.t.JMeterThread: Thread started: Grupo De Hilos 1-111
2020-03-20 21:59:42,504 INFO o.a.j.t.JMeterThread: Thread started: Grupo De Hilos 1-112
2020-03-20 21:59:42,911 INFO o.a.j.t.JMeterThread: Thread started: Grupo De Hilos 1-113
2020-03-20 21:59:43,293 INFO o.a.j.t.JMeterThread: Thread started: Grupo De Hilos 1-114
2020-03-20 21:59:43,709 INFO o.a.j.t.JMeterThread: Thread started: Grupo De Hilos 1-115
2020-03-20 21:59:44,108 INFO o.a.j.t.JMeterThread: Thread started: Grupo De Hilos 1-116
2020-03-20 21:59:44,508 INFO o.a.j.t.JMeterThread: Thread started: Grupo De Hilos 1-117
2020-03-20 21:59:44,906 INFO o.a.j.t.JMeterThread: Thread started: Grupo De Hilos 1-118
2020-03-20 21:59:45,307 INFO o.a.j.t.JMeterThread: Thread started: Grupo De Hilos 1-119
2020-03-20 21:59:45,708 INFO o.a.j.t.JMeterThread: Thread started: Grupo De Hilos 1-120
2020-03-20 21:59:46,109 INFO o.a.j.t.JMeterThread: Thread started: Grupo De Hilos 1-121
2020-03-20 21:59:46,493 INFO o.a.j.t.JMeterThread: Thread started: Grupo De Hilos 1-122
2020-03-20 21:59:46,893 INFO o.a.j.t.JMeterThread: Thread started: Grupo De Hilos 1-123
2020-03-20 21:59:47,294 INFO o.a.j.t.JMeterThread: Thread started: Grupo De Hilos 1-124
2020-03-20 21:59:47,696 INFO o.a.j.t.JMeterThread: Thread started: Grupo De Hilos 1-125
2020-03-20 21:59:48,093 INFO o.a.j.t.JMeterThread: Thread started: Grupo De Hilos 1-126
2020-03-20 21:59:48,495 INFO o.a.j.t.JMeterThread: Thread started: Grupo De Hilos 1-127
2020-03-20 21:59:48,895 INFO o.a.j.t.JMeterThread: Thread started: Grupo De Hilos 1-128
2020-03-20 21:59:49,297 INFO o.a.j.t.JMeterThread: Thread started: Grupo De Hilos 1-129
2020-03-20 21:59:49,696 INFO o.a.j.t.JMeterThread: Thread started: Grupo De Hilos 1-130
2020-03-20 21:59:50,093 INFO o.a.j.t.JMeterThread: Thread started: Grupo De Hilos 1-131
2020-03-20 21:59:50,497 INFO o.a.j.t.JMeterThread: Thread started: Grupo De Hilos 1-132
2020-03-20 21:59:50,894 INFO o.a.j.t.JMeterThread: Thread started: Grupo De Hilos 1-133
2020-03-20 21:59:51,293 INFO o.a.j.t.JMeterThread: Thread started: Grupo De Hilos 1-134
2020-03-20 21:59:51,697 INFO o.a.j.t.JMeterThread: Thread started: Grupo De Hilos 1-135
2020-03-20 21:59:52,094 INFO o.a.j.t.JMeterThread: Thread started: Grupo De Hilos 1-136
2020-03-20 21:59:52,494 INFO o.a.j.t.JMeterThread: Thread started: Grupo De Hilos 1-137
2020-03-20 21:59:52,892 INFO o.a.j.t.JMeterThread: Thread started: Grupo De Hilos 1-138
2020-03-20 21:59:53,294 INFO o.a.j.t.JMeterThread: Thread started: Grupo De Hilos 1-139
2020-03-20 21:59:53,693 INFO o.a.j.t.JMeterThread: Thread started: Grupo De Hilos 1-140
2020-03-20 21:59:54,092 INFO o.a.j.t.JMeterThread: Thread started: Grupo De Hilos 1-141
2020-03-20 21:59:54,504 INFO o.a.j.t.JMeterThread: Thread started: Grupo De Hilos 1-142
2020-03-20 21:59:54,892 INFO o.a.j.t.JMeterThread: Thread started: Grupo De Hilos 1-143
2020-03-20 21:59:55,297 INFO o.a.j.t.JMeterThread: Thread started: Grupo De Hilos 1-144
2020-03-20 21:59:55,696 INFO o.a.j.t.JMeterThread: Thread started: Grupo De Hilos 1-145
2020-03-20 21:59:56,094 INFO o.a.j.t.JMeterThread: Thread started: Grupo De Hilos 1-146
2020-03-20 21:59:56,493 INFO o.a.j.t.JMeterThread: Thread started: Grupo De Hilos 1-147
2020-03-20 21:59:56,895 INFO o.a.j.t.JMeterThread: Thread started: Grupo De Hilos 1-148
2020-03-20 21:59:57,295 INFO o.a.j.t.JMeterThread: Thread started: Grupo De Hilos 1-149
2020-03-20 21:59:57,693 INFO o.a.j.t.JMeterThread: Thread started: Grupo De Hilos 1-150
2020-03-20 22:03:58,157 INFO o.a.j.t.JMeterThread: Stopping because end time detected by thread: Grupo De Hilos 1-10
2020-03-20 22:03:58,157 INFO o.a.j.t.JMeterThread: Thread finished: Grupo De Hilos 1-10
2020-03-20 22:03:58,165 INFO o.a.j.t.JMeterThread: Stopping because end time detected by thread: Grupo De Hilos 1-4
2020-03-20 22:03:58,167 INFO o.a.j.t.JMeterThread: Thread finished: Grupo De Hilos 1-4
2020-03-20 22:03:58,181 INFO o.a.j.t.JMeterThread: Stopping because end time detected by thread: Grupo De Hilos 1-21
2020-03-20 22:03:58,181 INFO o.a.j.t.JMeterThread: Thread finished: Grupo De Hilos 1-21
2020-03-20 22:03:58,189 INFO o.a.j.t.JMeterThread: Stopping because end time detected by thread: Grupo De Hilos 1-13
2020-03-20 22:03:58,189 INFO o.a.j.t.JMeterThread: Thread finished: Grupo De Hilos 1-13
2020-03-20 22:03:58,193 INFO o.a.j.t.JMeterThread: Stopping because end time detected by thread: Grupo De Hilos 1-11
2020-03-20 22:03:58,193 INFO o.a.j.t.JMeterThread: Thread finished: Grupo De Hilos 1-11
2020-03-20 22:03:58,193 INFO o.a.j.t.JMeterThread: Stopping because end time detected by thread: Grupo De Hilos 1-8
2020-03-20 22:03:58,193 INFO o.a.j.t.JMeterThread: Thread finished: Grupo De Hilos 1-8
2020-03-20 22:03:58,202 INFO o.a.j.t.JMeterThread: Stopping because end time detected by thread: Grupo De Hilos 1-28
2020-03-20 22:03:58,202 INFO o.a.j.t.JMeterThread: Thread finished: Grupo De Hilos 1-28
2020-03-20 22:03:58,209 INFO o.a.j.t.JMeterThread: Stopping because end time detected by thread: Grupo De Hilos 1-5
2020-03-20 22:03:58,209 INFO o.a.j.t.JMeterThread: Thread finished: Grupo De Hilos 1-5
2020-03-20 22:03:58,213 INFO o.a.j.t.JMeterThread: Stopping because end time detected by thread: Grupo De Hilos 1-15
2020-03-20 22:03:58,213 INFO o.a.j.t.JMeterThread: Thread finished: Grupo De Hilos 1-15
2020-03-20 22:03:58,214 INFO o.a.j.t.JMeterThread: Stopping because end time detected by thread: Grupo De Hilos 1-24
2020-03-20 22:03:58,214 INFO o.a.j.t.JMeterThread: Thread finished: Grupo De Hilos 1-24
2020-03-20 22:03:58,225 INFO o.a.j.t.JMeterThread: Stopping because end time detected by thread: Grupo De Hilos 1-7
2020-03-20 22:03:58,225 INFO o.a.j.t.JMeterThread: Thread finished: Grupo De Hilos 1-7
2020-03-20 22:03:58,229 INFO o.a.j.t.JMeterThread: Stopping because end time detected by thread: Grupo De Hilos 1-30
2020-03-20 22:03:58,229 INFO o.a.j.t.JMeterThread: Thread finished: Grupo De Hilos 1-30
2020-03-20 22:03:58,229 INFO o.a.j.t.JMeterThread: Stopping because end time detected by thread: Grupo De Hilos 1-20
2020-03-20 22:03:58,230 INFO o.a.j.t.JMeterThread: Thread finished: Grupo De Hilos 1-20
2020-03-20 22:03:58,230 INFO o.a.j.t.JMeterThread: Stopping because end time detected by thread: Grupo De Hilos 1-45
2020-03-20 22:03:58,230 INFO o.a.j.t.JMeterThread: Thread finished: Grupo De Hilos 1-45
2020-03-20 22:03:58,241 INFO o.a.j.t.JMeterThread: Stopping because end time detected by thread: Grupo De Hilos 1-40
2020-03-20 22:03:58,241 INFO o.a.j.t.JMeterThread: Thread finished: Grupo De Hilos 1-40
2020-03-20 22:03:58,242 INFO o.a.j.t.JMeterThread: Stopping because end time detected by thread: Grupo De Hilos 1-17
2020-03-20 22:03:58,242 INFO o.a.j.t.JMeterThread: Thread finished: Grupo De Hilos 1-17
2020-03-20 22:03:58,243 INFO o.a.j.t.JMeterThread: Stopping because end time detected by thread: Grupo De Hilos 1-31
2020-03-20 22:03:58,243 INFO o.a.j.t.JMeterThread: Thread finished: Grupo De Hilos 1-31
2020-03-20 22:03:58,241 INFO o.a.j.t.JMeterThread: Stopping because end time detected by thread: Grupo De Hilos 1-52
2020-03-20 22:03:58,245 INFO o.a.j.t.JMeterThread: Thread finished: Grupo De Hilos 1-52
2020-03-20 22:03:58,249 INFO o.a.j.t.JMeterThread: Stopping because end time detected by thread: Grupo De Hilos 1-35
2020-03-20 22:03:58,249 INFO o.a.j.t.JMeterThread: Stopping because end time detected by thread: Grupo De Hilos 1-50
2020-03-20 22:03:58,249 INFO o.a.j.t.JMeterThread: Thread finished: Grupo De Hilos 1-35
2020-03-20 22:03:58,249 INFO o.a.j.t.JMeterThread: Thread finished: Grupo De Hilos 1-50
2020-03-20 22:03:58,250 INFO o.a.j.t.JMeterThread: Stopping because end time detected by thread: Grupo De Hilos 1-48
2020-03-20 22:03:58,250 INFO o.a.j.t.JMeterThread: Thread finished: Grupo De Hilos 1-48
2020-03-20 22:03:58,250 INFO o.a.j.t.JMeterThread: Stopping because end time detected by thread: Grupo De Hilos 1-23
2020-03-20 22:03:58,251 INFO o.a.j.t.JMeterThread: Thread finished: Grupo De Hilos 1-23
2020-03-20 22:03:58,253 INFO o.a.j.t.JMeterThread: Stopping because end time detected by thread: Grupo De Hilos 1-62
2020-03-20 22:03:58,253 INFO o.a.j.t.JMeterThread: Thread finished: Grupo De Hilos 1-62
2020-03-20 22:03:58,268 INFO o.a.j.t.JMeterThread: Stopping because end time detected by thread: Grupo De Hilos 1-73
2020-03-20 22:03:58,268 INFO o.a.j.t.JMeterThread: Thread finished: Grupo De Hilos 1-73
2020-03-20 22:03:58,281 INFO o.a.j.t.JMeterThread: Stopping because end time detected by thread: Grupo De Hilos 1-68
2020-03-20 22:03:58,285 INFO o.a.j.t.JMeterThread: Stopping because end time detected by thread: Grupo De Hilos 1-70
2020-03-20 22:03:58,285 INFO o.a.j.t.JMeterThread: Thread finished: Grupo De Hilos 1-70
2020-03-20 22:03:58,285 INFO o.a.j.t.JMeterThread: Stopping because end time detected by thread: Grupo De Hilos 1-77
2020-03-20 22:03:58,285 INFO o.a.j.t.JMeterThread: Thread finished: Grupo De Hilos 1-77
2020-03-20 22:03:58,285 INFO o.a.j.t.JMeterThread: Stopping because end time detected by thread: Grupo De Hilos 1-76
2020-03-20 22:03:58,286 INFO o.a.j.t.JMeterThread: Thread finished: Grupo De Hilos 1-76
2020-03-20 22:03:58,286 INFO o.a.j.t.JMeterThread: Stopping because end time detected by thread: Grupo De Hilos 1-78
2020-03-20 22:03:58,286 INFO o.a.j.t.JMeterThread: Thread finished: Grupo De Hilos 1-78
2020-03-20 22:03:58,287 INFO o.a.j.t.JMeterThread: Stopping because end time detected by thread: Grupo De Hilos 1-87
2020-03-20 22:03:58,288 INFO o.a.j.t.JMeterThread: Thread finished: Grupo De Hilos 1-87
2020-03-20 22:03:58,289 INFO o.a.j.t.JMeterThread: Stopping because end time detected by thread: Grupo De Hilos 1-47
2020-03-20 22:03:58,281 INFO o.a.j.t.JMeterThread: Thread finished: Grupo De Hilos 1-68
2020-03-20 22:03:58,289 INFO o.a.j.t.JMeterThread: Thread finished: Grupo De Hilos 1-47
2020-03-20 22:03:58,293 INFO o.a.j.t.JMeterThread: Stopping because end time detected by thread: Grupo De Hilos 1-79
2020-03-20 22:03:58,293 INFO o.a.j.t.JMeterThread: Thread finished: Grupo De Hilos 1-79
2020-03-20 22:03:58,301 INFO o.a.j.t.JMeterThread: Stopping because end time detected by thread: Grupo De Hilos 1-66
2020-03-20 22:03:58,301 INFO o.a.j.t.JMeterThread: Thread finished: Grupo De Hilos 1-66
2020-03-20 22:03:58,302 INFO o.a.j.t.JMeterThread: Stopping because end time detected by thread: Grupo De Hilos 1-91
2020-03-20 22:03:58,302 INFO o.a.j.t.JMeterThread: Thread finished: Grupo De Hilos 1-91
2020-03-20 22:03:58,302 INFO o.a.j.t.JMeterThread: Stopping because end time detected by thread: Grupo De Hilos 1-9
2020-03-20 22:03:58,302 INFO o.a.j.t.JMeterThread: Thread finished: Grupo De Hilos 1-9
2020-03-20 22:03:58,303 INFO o.a.j.t.JMeterThread: Stopping because end time detected by thread: Grupo De Hilos 1-92
2020-03-20 22:03:58,303 INFO o.a.j.t.JMeterThread: Thread finished: Grupo De Hilos 1-92
2020-03-20 22:03:58,304 INFO o.a.j.t.JMeterThread: Stopping because end time detected by thread: Grupo De Hilos 1-86
2020-03-20 22:03:58,304 INFO o.a.j.t.JMeterThread: Thread finished: Grupo De Hilos 1-86
2020-03-20 22:03:58,304 INFO o.a.j.t.JMeterThread: Stopping because end time detected by thread: Grupo De Hilos 1-55
2020-03-20 22:03:58,309 INFO o.a.j.t.JMeterThread: Stopping because end time detected by thread: Grupo De Hilos 1-41
2020-03-20 22:03:58,309 INFO o.a.j.t.JMeterThread: Thread finished: Grupo De Hilos 1-55
2020-03-20 22:03:58,309 INFO o.a.j.t.JMeterThread: Thread finished: Grupo De Hilos 1-41
2020-03-20 22:03:58,310 INFO o.a.j.t.JMeterThread: Stopping because end time detected by thread: Grupo De Hilos 1-33
2020-03-20 22:03:58,311 INFO o.a.j.t.JMeterThread: Thread finished: Grupo De Hilos 1-33
2020-03-20 22:03:58,311 INFO o.a.j.t.JMeterThread: Stopping because end time detected by thread: Grupo De Hilos 1-43
2020-03-20 22:03:58,311 INFO o.a.j.t.JMeterThread: Stopping because end time detected by thread: Grupo De Hilos 1-44
2020-03-20 22:03:58,311 INFO o.a.j.t.JMeterThread: Thread finished: Grupo De Hilos 1-43
2020-03-20 22:03:58,311 INFO o.a.j.t.JMeterThread: Thread finished: Grupo De Hilos 1-44
2020-03-20 22:03:58,309 INFO o.a.j.t.JMeterThread: Stopping because end time detected by thread: Grupo De Hilos 1-61
2020-03-20 22:03:58,311 INFO o.a.j.t.JMeterThread: Thread finished: Grupo De Hilos 1-61
2020-03-20 22:03:58,309 INFO o.a.j.t.JMeterThread: Stopping because end time detected by thread: Grupo De Hilos 1-96
2020-03-20 22:03:58,306 INFO o.a.j.t.JMeterThread: Stopping because end time detected by thread: Grupo De Hilos 1-65
2020-03-20 22:03:58,312 INFO o.a.j.t.JMeterThread: Thread finished: Grupo De Hilos 1-65
2020-03-20 22:03:58,306 INFO o.a.j.t.JMeterThread: Stopping because end time detected by thread: Grupo De Hilos 1-26
2020-03-20 22:03:58,312 INFO o.a.j.t.JMeterThread: Thread finished: Grupo De Hilos 1-26
2020-03-20 22:03:58,306 INFO o.a.j.t.JMeterThread: Stopping because end time detected by thread: Grupo De Hilos 1-69
2020-03-20 22:03:58,313 INFO o.a.j.t.JMeterThread: Thread finished: Grupo De Hilos 1-69
2020-03-20 22:03:58,306 INFO o.a.j.t.JMeterThread: Stopping because end time detected by thread: Grupo De Hilos 1-95
2020-03-20 22:03:58,313 INFO o.a.j.t.JMeterThread: Thread finished: Grupo De Hilos 1-95
2020-03-20 22:03:58,314 INFO o.a.j.t.JMeterThread: Thread finished: Grupo De Hilos 1-96
2020-03-20 22:03:58,314 INFO o.a.j.t.JMeterThread: Stopping because end time detected by thread: Grupo De Hilos 1-83
2020-03-20 22:03:58,314 INFO o.a.j.t.JMeterThread: Thread finished: Grupo De Hilos 1-83
2020-03-20 22:03:58,305 INFO o.a.j.t.JMeterThread: Stopping because end time detected by thread: Grupo De Hilos 1-54
2020-03-20 22:03:58,317 INFO o.a.j.t.JMeterThread: Thread finished: Grupo De Hilos 1-54
2020-03-20 22:03:58,317 INFO o.a.j.t.JMeterThread: Stopping because end time detected by thread: Grupo De Hilos 1-64
2020-03-20 22:03:58,317 INFO o.a.j.t.JMeterThread: Stopping because end time detected by thread: Grupo De Hilos 1-81
2020-03-20 22:03:58,317 INFO o.a.j.t.JMeterThread: Stopping because end time detected by thread: Grupo De Hilos 1-97
2020-03-20 22:03:58,317 INFO o.a.j.t.JMeterThread: Thread finished: Grupo De Hilos 1-81
2020-03-20 22:03:58,317 INFO o.a.j.t.JMeterThread: Thread finished: Grupo De Hilos 1-97
2020-03-20 22:03:58,318 INFO o.a.j.t.JMeterThread: Stopping because end time detected by thread: Grupo De Hilos 1-59
2020-03-20 22:03:58,318 INFO o.a.j.t.JMeterThread: Stopping because end time detected by thread: Grupo De Hilos 1-106
2020-03-20 22:03:58,318 INFO o.a.j.t.JMeterThread: Thread finished: Grupo De Hilos 1-59
2020-03-20 22:03:58,318 INFO o.a.j.t.JMeterThread: Thread finished: Grupo De Hilos 1-106
2020-03-20 22:03:58,318 INFO o.a.j.t.JMeterThread: Stopping because end time detected by thread: Grupo De Hilos 1-90
2020-03-20 22:03:58,318 INFO o.a.j.t.JMeterThread: Thread finished: Grupo De Hilos 1-90
2020-03-20 22:03:58,319 INFO o.a.j.t.JMeterThread: Stopping because end time detected by thread: Grupo De Hilos 1-56
2020-03-20 22:03:58,319 INFO o.a.j.t.JMeterThread: Thread finished: Grupo De Hilos 1-56
2020-03-20 22:03:58,319 INFO o.a.j.t.JMeterThread: Stopping because end time detected by thread: Grupo De Hilos 1-67
2020-03-20 22:03:58,319 INFO o.a.j.t.JMeterThread: Thread finished: Grupo De Hilos 1-67
2020-03-20 22:03:58,320 INFO o.a.j.t.JMeterThread: Stopping because end time detected by thread: Grupo De Hilos 1-6
2020-03-20 22:03:58,320 INFO o.a.j.t.JMeterThread: Thread finished: Grupo De Hilos 1-6
2020-03-20 22:03:58,321 INFO o.a.j.t.JMeterThread: Stopping because end time detected by thread: Grupo De Hilos 1-100
2020-03-20 22:03:58,321 INFO o.a.j.t.JMeterThread: Thread finished: Grupo De Hilos 1-100
2020-03-20 22:03:58,321 INFO o.a.j.t.JMeterThread: Stopping because end time detected by thread: Grupo De Hilos 1-84
2020-03-20 22:03:58,321 INFO o.a.j.t.JMeterThread: Thread finished: Grupo De Hilos 1-84
2020-03-20 22:03:58,321 INFO o.a.j.t.JMeterThread: Stopping because end time detected by thread: Grupo De Hilos 1-108
2020-03-20 22:03:58,321 INFO o.a.j.t.JMeterThread: Thread finished: Grupo De Hilos 1-108
2020-03-20 22:03:58,306 INFO o.a.j.t.JMeterThread: Stopping because end time detected by thread: Grupo De Hilos 1-104
2020-03-20 22:03:58,325 INFO o.a.j.t.JMeterThread: Stopping because end time detected by thread: Grupo De Hilos 1-3
2020-03-20 22:03:58,325 INFO o.a.j.t.JMeterThread: Stopping because end time detected by thread: Grupo De Hilos 1-109
2020-03-20 22:03:58,325 INFO o.a.j.t.JMeterThread: Thread finished: Grupo De Hilos 1-104
2020-03-20 22:03:58,325 INFO o.a.j.t.JMeterThread: Thread finished: Grupo De Hilos 1-3
2020-03-20 22:03:58,306 INFO o.a.j.t.JMeterThread: Stopping because end time detected by thread: Grupo De Hilos 1-75
2020-03-20 22:03:58,326 INFO o.a.j.t.JMeterThread: Thread finished: Grupo De Hilos 1-75
2020-03-20 22:03:58,326 INFO o.a.j.t.JMeterThread: Stopping because end time detected by thread: Grupo De Hilos 1-34
2020-03-20 22:03:58,326 INFO o.a.j.t.JMeterThread: Stopping because end time detected by thread: Grupo De Hilos 1-99
2020-03-20 22:03:58,326 INFO o.a.j.t.JMeterThread: Thread finished: Grupo De Hilos 1-34
2020-03-20 22:03:58,326 INFO o.a.j.t.JMeterThread: Thread finished: Grupo De Hilos 1-99
2020-03-20 22:03:58,305 INFO o.a.j.t.JMeterThread: Stopping because end time detected by thread: Grupo De Hilos 1-98
2020-03-20 22:03:58,326 INFO o.a.j.t.JMeterThread: Thread finished: Grupo De Hilos 1-98
2020-03-20 22:03:58,305 INFO o.a.j.t.JMeterThread: Stopping because end time detected by thread: Grupo De Hilos 1-51
2020-03-20 22:03:58,327 INFO o.a.j.t.JMeterThread: Stopping because end time detected by thread: Grupo De Hilos 1-105
2020-03-20 22:03:58,305 INFO o.a.j.t.JMeterThread: Stopping because end time detected by thread: Grupo De Hilos 1-1
2020-03-20 22:03:58,327 INFO o.a.j.t.JMeterThread: Stopping because end time detected by thread: Grupo De Hilos 1-38
2020-03-20 22:03:58,327 INFO o.a.j.t.JMeterThread: Thread finished: Grupo De Hilos 1-1
2020-03-20 22:03:58,327 INFO o.a.j.t.JMeterThread: Thread finished: Grupo De Hilos 1-38
2020-03-20 22:03:58,305 INFO o.a.j.t.JMeterThread: Stopping because end time detected by thread: Grupo De Hilos 1-32
2020-03-20 22:03:58,327 INFO o.a.j.t.JMeterThread: Thread finished: Grupo De Hilos 1-32
2020-03-20 22:03:58,327 INFO o.a.j.t.JMeterThread: Stopping because end time detected by thread: Grupo De Hilos 1-14
2020-03-20 22:03:58,327 INFO o.a.j.t.JMeterThread: Thread finished: Grupo De Hilos 1-14
2020-03-20 22:03:58,328 INFO o.a.j.t.JMeterThread: Thread finished: Grupo De Hilos 1-105
2020-03-20 22:03:58,305 INFO o.a.j.t.JMeterThread: Stopping because end time detected by thread: Grupo De Hilos 1-25
2020-03-20 22:03:58,327 INFO o.a.j.t.JMeterThread: Thread finished: Grupo De Hilos 1-51
2020-03-20 22:03:58,328 INFO o.a.j.t.JMeterThread: Thread finished: Grupo De Hilos 1-25
2020-03-20 22:03:58,328 INFO o.a.j.t.JMeterThread: Thread finished: Grupo De Hilos 1-109
2020-03-20 22:03:58,318 INFO o.a.j.t.JMeterThread: Stopping because end time detected by thread: Grupo De Hilos 1-82
2020-03-20 22:03:58,328 INFO o.a.j.t.JMeterThread: Stopping because end time detected by thread: Grupo De Hilos 1-80
2020-03-20 22:03:58,329 INFO o.a.j.t.JMeterThread: Thread finished: Grupo De Hilos 1-64
2020-03-20 22:03:58,329 INFO o.a.j.t.JMeterThread: Thread finished: Grupo De Hilos 1-80
2020-03-20 22:03:58,310 INFO o.a.j.t.JMeterThread: Stopping because end time detected by thread: Grupo De Hilos 1-42
2020-03-20 22:03:58,329 INFO o.a.j.t.JMeterThread: Stopping because end time detected by thread: Grupo De Hilos 1-57
2020-03-20 22:03:58,309 INFO o.a.j.t.JMeterThread: Stopping because end time detected by thread: Grupo De Hilos 1-46
2020-03-20 22:03:58,329 INFO o.a.j.t.JMeterThread: Thread finished: Grupo De Hilos 1-42
2020-03-20 22:03:58,329 INFO o.a.j.t.JMeterThread: Thread finished: Grupo De Hilos 1-46
2020-03-20 22:03:58,329 INFO o.a.j.t.JMeterThread: Stopping because end time detected by thread: Grupo De Hilos 1-19
2020-03-20 22:03:58,329 INFO o.a.j.t.JMeterThread: Thread finished: Grupo De Hilos 1-19
2020-03-20 22:03:58,329 INFO o.a.j.t.JMeterThread: Stopping because end time detected by thread: Grupo De Hilos 1-102
2020-03-20 22:03:58,330 INFO o.a.j.t.JMeterThread: Stopping because end time detected by thread: Grupo De Hilos 1-72
2020-03-20 22:03:58,330 INFO o.a.j.t.JMeterThread: Thread finished: Grupo De Hilos 1-102
2020-03-20 22:03:58,330 INFO o.a.j.t.JMeterThread: Thread finished: Grupo De Hilos 1-72
2020-03-20 22:03:58,330 INFO o.a.j.t.JMeterThread: Thread finished: Grupo De Hilos 1-57
2020-03-20 22:03:58,330 INFO o.a.j.t.JMeterThread: Stopping because end time detected by thread: Grupo De Hilos 1-29
2020-03-20 22:03:58,330 INFO o.a.j.t.JMeterThread: Thread finished: Grupo De Hilos 1-29
2020-03-20 22:03:58,331 INFO o.a.j.t.JMeterThread: Stopping because end time detected by thread: Grupo De Hilos 1-103
2020-03-20 22:03:58,331 INFO o.a.j.t.JMeterThread: Stopping because end time detected by thread: Grupo De Hilos 1-49
2020-03-20 22:03:58,331 INFO o.a.j.t.JMeterThread: Thread finished: Grupo De Hilos 1-103
2020-03-20 22:03:58,331 INFO o.a.j.t.JMeterThread: Thread finished: Grupo De Hilos 1-49
2020-03-20 22:03:58,331 INFO o.a.j.t.JMeterThread: Stopping because end time detected by thread: Grupo De Hilos 1-63
2020-03-20 22:03:58,332 INFO o.a.j.t.JMeterThread: Thread finished: Grupo De Hilos 1-63
2020-03-20 22:03:58,333 INFO o.a.j.t.JMeterThread: Stopping because end time detected by thread: Grupo De Hilos 1-74
2020-03-20 22:03:58,333 INFO o.a.j.t.JMeterThread: Stopping because end time detected by thread: Grupo De Hilos 1-120
2020-03-20 22:03:58,333 INFO o.a.j.t.JMeterThread: Thread finished: Grupo De Hilos 1-74
2020-03-20 22:03:58,333 INFO o.a.j.t.JMeterThread: Stopping because end time detected by thread: Grupo De Hilos 1-107
2020-03-20 22:03:58,333 INFO o.a.j.t.JMeterThread: Thread finished: Grupo De Hilos 1-107
2020-03-20 22:03:58,333 INFO o.a.j.t.JMeterThread: Stopping because end time detected by thread: Grupo De Hilos 1-18
2020-03-20 22:03:58,333 INFO o.a.j.t.JMeterThread: Stopping because end time detected by thread: Grupo De Hilos 1-101
2020-03-20 22:03:58,334 INFO o.a.j.t.JMeterThread: Thread finished: Grupo De Hilos 1-101
2020-03-20 22:03:58,337 INFO o.a.j.t.JMeterThread: Stopping because end time detected by thread: Grupo De Hilos 1-116
2020-03-20 22:03:58,337 INFO o.a.j.t.JMeterThread: Thread finished: Grupo De Hilos 1-116
2020-03-20 22:03:58,337 INFO o.a.j.t.JMeterThread: Stopping because end time detected by thread: Grupo De Hilos 1-88
2020-03-20 22:03:58,338 INFO o.a.j.t.JMeterThread: Thread finished: Grupo De Hilos 1-88
2020-03-20 22:03:58,338 INFO o.a.j.t.JMeterThread: Stopping because end time detected by thread: Grupo De Hilos 1-119
2020-03-20 22:03:58,338 INFO o.a.j.t.JMeterThread: Thread finished: Grupo De Hilos 1-119
2020-03-20 22:03:58,339 INFO o.a.j.t.JMeterThread: Stopping because end time detected by thread: Grupo De Hilos 1-110
2020-03-20 22:03:58,339 INFO o.a.j.t.JMeterThread: Thread finished: Grupo De Hilos 1-110
2020-03-20 22:03:58,345 INFO o.a.j.t.JMeterThread: Stopping because end time detected by thread: Grupo De Hilos 1-112
2020-03-20 22:03:58,345 INFO o.a.j.t.JMeterThread: Thread finished: Grupo De Hilos 1-112
2020-03-20 22:03:58,346 INFO o.a.j.t.JMeterThread: Stopping because end time detected by thread: Grupo De Hilos 1-94
2020-03-20 22:03:58,346 INFO o.a.j.t.JMeterThread: Thread finished: Grupo De Hilos 1-94
2020-03-20 22:03:58,346 INFO o.a.j.t.JMeterThread: Stopping because end time detected by thread: Grupo De Hilos 1-36
2020-03-20 22:03:58,347 INFO o.a.j.t.JMeterThread: Stopping because end time detected by thread: Grupo De Hilos 1-71
2020-03-20 22:03:58,347 INFO o.a.j.t.JMeterThread: Stopping because end time detected by thread: Grupo De Hilos 1-93
2020-03-20 22:03:58,347 INFO o.a.j.t.JMeterThread: Thread finished: Grupo De Hilos 1-71
2020-03-20 22:03:58,347 INFO o.a.j.t.JMeterThread: Thread finished: Grupo De Hilos 1-93
2020-03-20 22:03:58,347 INFO o.a.j.t.JMeterThread: Stopping because end time detected by thread: Grupo De Hilos 1-37
2020-03-20 22:03:58,348 INFO o.a.j.t.JMeterThread: Thread finished: Grupo De Hilos 1-37
2020-03-20 22:03:58,329 INFO o.a.j.t.JMeterThread: Thread finished: Grupo De Hilos 1-82
2020-03-20 22:03:58,333 INFO o.a.j.t.JMeterThread: Thread finished: Grupo De Hilos 1-18
2020-03-20 22:03:58,353 INFO o.a.j.t.JMeterThread: Thread finished: Grupo De Hilos 1-120
2020-03-20 22:03:58,357 INFO o.a.j.t.JMeterThread: Stopping because end time detected by thread: Grupo De Hilos 1-125
2020-03-20 22:03:58,357 INFO o.a.j.t.JMeterThread: Stopping because end time detected by thread: Grupo De Hilos 1-39
2020-03-20 22:03:58,357 INFO o.a.j.t.JMeterThread: Stopping because end time detected by thread: Grupo De Hilos 1-115
2020-03-20 22:03:58,357 INFO o.a.j.t.JMeterThread: Thread finished: Grupo De Hilos 1-115
2020-03-20 22:03:58,358 INFO o.a.j.t.JMeterThread: Stopping because end time detected by thread: Grupo De Hilos 1-126
2020-03-20 22:03:58,358 INFO o.a.j.t.JMeterThread: Stopping because end time detected by thread: Grupo De Hilos 1-111
2020-03-20 22:03:58,358 INFO o.a.j.t.JMeterThread: Thread finished: Grupo De Hilos 1-126
2020-03-20 22:03:58,358 INFO o.a.j.t.JMeterThread: Thread finished: Grupo De Hilos 1-111
2020-03-20 22:03:58,359 INFO o.a.j.t.JMeterThread: Stopping because end time detected by thread: Grupo De Hilos 1-85
2020-03-20 22:03:58,359 INFO o.a.j.t.JMeterThread: Thread finished: Grupo De Hilos 1-85
2020-03-20 22:03:58,360 INFO o.a.j.t.JMeterThread: Stopping because end time detected by thread: Grupo De Hilos 1-114
2020-03-20 22:03:58,360 INFO o.a.j.t.JMeterThread: Thread finished: Grupo De Hilos 1-114
2020-03-20 22:03:58,360 INFO o.a.j.t.JMeterThread: Stopping because end time detected by thread: Grupo De Hilos 1-12
2020-03-20 22:03:58,360 INFO o.a.j.t.JMeterThread: Thread finished: Grupo De Hilos 1-12
2020-03-20 22:03:58,361 INFO o.a.j.t.JMeterThread: Stopping because end time detected by thread: Grupo De Hilos 1-89
2020-03-20 22:03:58,361 INFO o.a.j.t.JMeterThread: Thread finished: Grupo De Hilos 1-89
2020-03-20 22:03:58,362 INFO o.a.j.t.JMeterThread: Stopping because end time detected by thread: Grupo De Hilos 1-118
2020-03-20 22:03:58,362 INFO o.a.j.t.JMeterThread: Thread finished: Grupo De Hilos 1-118
2020-03-20 22:03:58,365 INFO o.a.j.t.JMeterThread: Stopping because end time detected by thread: Grupo De Hilos 1-136
2020-03-20 22:03:58,365 INFO o.a.j.t.JMeterThread: Thread finished: Grupo De Hilos 1-136
2020-03-20 22:03:58,367 INFO o.a.j.t.JMeterThread: Stopping because end time detected by thread: Grupo De Hilos 1-138
2020-03-20 22:03:58,367 INFO o.a.j.t.JMeterThread: Thread finished: Grupo De Hilos 1-138
2020-03-20 22:03:58,368 INFO o.a.j.t.JMeterThread: Stopping because end time detected by thread: Grupo De Hilos 1-142
2020-03-20 22:03:58,368 INFO o.a.j.t.JMeterThread: Thread finished: Grupo De Hilos 1-142
2020-03-20 22:03:58,373 INFO o.a.j.t.JMeterThread: Thread finished: Grupo De Hilos 1-36
2020-03-20 22:03:58,373 INFO o.a.j.t.JMeterThread: Thread finished: Grupo De Hilos 1-39
2020-03-20 22:03:58,373 INFO o.a.j.t.JMeterThread: Stopping because end time detected by thread: Grupo De Hilos 1-60
2020-03-20 22:03:58,373 INFO o.a.j.t.JMeterThread: Thread finished: Grupo De Hilos 1-125
2020-03-20 22:03:58,374 INFO o.a.j.t.JMeterThread: Thread finished: Grupo De Hilos 1-60
2020-03-20 22:03:58,374 INFO o.a.j.t.JMeterThread: Stopping because end time detected by thread: Grupo De Hilos 1-53
2020-03-20 22:03:58,374 INFO o.a.j.t.JMeterThread: Stopping because end time detected by thread: Grupo De Hilos 1-16
2020-03-20 22:03:58,374 INFO o.a.j.t.JMeterThread: Thread finished: Grupo De Hilos 1-53
2020-03-20 22:03:58,374 INFO o.a.j.t.JMeterThread: Thread finished: Grupo De Hilos 1-16
2020-03-20 22:03:58,374 INFO o.a.j.t.JMeterThread: Stopping because end time detected by thread: Grupo De Hilos 1-2
2020-03-20 22:03:58,375 INFO o.a.j.t.JMeterThread: Thread finished: Grupo De Hilos 1-2
2020-03-20 22:03:58,375 INFO o.a.j.t.JMeterThread: Stopping because end time detected by thread: Grupo De Hilos 1-134
2020-03-20 22:03:58,375 INFO o.a.j.t.JMeterThread: Stopping because end time detected by thread: Grupo De Hilos 1-124
2020-03-20 22:03:58,375 INFO o.a.j.t.JMeterThread: Thread finished: Grupo De Hilos 1-134
2020-03-20 22:03:58,375 INFO o.a.j.t.JMeterThread: Thread finished: Grupo De Hilos 1-124
2020-03-20 22:03:58,375 INFO o.a.j.t.JMeterThread: Stopping because end time detected by thread: Grupo De Hilos 1-137
2020-03-20 22:03:58,375 INFO o.a.j.t.JMeterThread: Stopping because end time detected by thread: Grupo De Hilos 1-121
2020-03-20 22:03:58,375 INFO o.a.j.t.JMeterThread: Stopping because end time detected by thread: Grupo De Hilos 1-133
2020-03-20 22:03:58,376 INFO o.a.j.t.JMeterThread: Thread finished: Grupo De Hilos 1-137
2020-03-20 22:03:58,376 INFO o.a.j.t.JMeterThread: Thread finished: Grupo De Hilos 1-133
2020-03-20 22:03:58,376 INFO o.a.j.t.JMeterThread: Thread finished: Grupo De Hilos 1-121
2020-03-20 22:03:58,376 INFO o.a.j.t.JMeterThread: Stopping because end time detected by thread: Grupo De Hilos 1-143
2020-03-20 22:03:58,376 INFO o.a.j.t.JMeterThread: Stopping because end time detected by thread: Grupo De Hilos 1-144
2020-03-20 22:03:58,376 INFO o.a.j.t.JMeterThread: Thread finished: Grupo De Hilos 1-143
2020-03-20 22:03:58,376 INFO o.a.j.t.JMeterThread: Stopping because end time detected by thread: Grupo De Hilos 1-123
2020-03-20 22:03:58,376 INFO o.a.j.t.JMeterThread: Stopping because end time detected by thread: Grupo De Hilos 1-135
2020-03-20 22:03:58,377 INFO o.a.j.t.JMeterThread: Thread finished: Grupo De Hilos 1-123
2020-03-20 22:03:58,377 INFO o.a.j.t.JMeterThread: Thread finished: Grupo De Hilos 1-135
2020-03-20 22:03:58,377 INFO o.a.j.t.JMeterThread: Stopping because end time detected by thread: Grupo De Hilos 1-113
2020-03-20 22:03:58,377 INFO o.a.j.t.JMeterThread: Thread finished: Grupo De Hilos 1-113
2020-03-20 22:03:58,377 INFO o.a.j.t.JMeterThread: Stopping because end time detected by thread: Grupo De Hilos 1-146
2020-03-20 22:03:58,377 INFO o.a.j.t.JMeterThread: Thread finished: Grupo De Hilos 1-146
2020-03-20 22:03:58,377 INFO o.a.j.t.JMeterThread: Stopping because end time detected by thread: Grupo De Hilos 1-147
2020-03-20 22:03:58,377 INFO o.a.j.t.JMeterThread: Stopping because end time detected by thread: Grupo De Hilos 1-145
2020-03-20 22:03:58,378 INFO o.a.j.t.JMeterThread: Stopping because end time detected by thread: Grupo De Hilos 1-117
2020-03-20 22:03:58,378 INFO o.a.j.t.JMeterThread: Thread finished: Grupo De Hilos 1-147
2020-03-20 22:03:58,378 INFO o.a.j.t.JMeterThread: Stopping because end time detected by thread: Grupo De Hilos 1-129
2020-03-20 22:03:58,378 INFO o.a.j.t.JMeterThread: Thread finished: Grupo De Hilos 1-145
2020-03-20 22:03:58,378 INFO o.a.j.t.JMeterThread: Thread finished: Grupo De Hilos 1-117
2020-03-20 22:03:58,378 INFO o.a.j.t.JMeterThread: Thread finished: Grupo De Hilos 1-129
2020-03-20 22:03:58,378 INFO o.a.j.t.JMeterThread: Stopping because end time detected by thread: Grupo De Hilos 1-27
2020-03-20 22:03:58,378 INFO o.a.j.t.JMeterThread: Stopping because end time detected by thread: Grupo De Hilos 1-139
2020-03-20 22:03:58,378 INFO o.a.j.t.JMeterThread: Stopping because end time detected by thread: Grupo De Hilos 1-130
2020-03-20 22:03:58,378 INFO o.a.j.t.JMeterThread: Stopping because end time detected by thread: Grupo De Hilos 1-122
2020-03-20 22:03:58,378 INFO o.a.j.t.JMeterThread: Thread finished: Grupo De Hilos 1-27
2020-03-20 22:03:58,378 INFO o.a.j.t.JMeterThread: Thread finished: Grupo De Hilos 1-139
2020-03-20 22:03:58,378 INFO o.a.j.t.JMeterThread: Thread finished: Grupo De Hilos 1-130
2020-03-20 22:03:58,378 INFO o.a.j.t.JMeterThread: Thread finished: Grupo De Hilos 1-122
2020-03-20 22:03:58,378 INFO o.a.j.t.JMeterThread: Thread finished: Grupo De Hilos 1-144
2020-03-20 22:03:58,379 INFO o.a.j.t.JMeterThread: Stopping because end time detected by thread: Grupo De Hilos 1-131
2020-03-20 22:03:58,379 INFO o.a.j.t.JMeterThread: Stopping because end time detected by thread: Grupo De Hilos 1-132
2020-03-20 22:03:58,379 INFO o.a.j.t.JMeterThread: Thread finished: Grupo De Hilos 1-132
2020-03-20 22:03:58,379 INFO o.a.j.t.JMeterThread: Thread finished: Grupo De Hilos 1-131
2020-03-20 22:03:58,379 INFO o.a.j.t.JMeterThread: Stopping because end time detected by thread: Grupo De Hilos 1-148
2020-03-20 22:03:58,379 INFO o.a.j.t.JMeterThread: Thread finished: Grupo De Hilos 1-148
2020-03-20 22:03:58,379 INFO o.a.j.t.JMeterThread: Stopping because end time detected by thread: Grupo De Hilos 1-140
2020-03-20 22:03:58,379 INFO o.a.j.t.JMeterThread: Stopping because end time detected by thread: Grupo De Hilos 1-128
2020-03-20 22:03:58,379 INFO o.a.j.t.JMeterThread: Thread finished: Grupo De Hilos 1-140
2020-03-20 22:03:58,380 INFO o.a.j.t.JMeterThread: Thread finished: Grupo De Hilos 1-128
2020-03-20 22:03:58,381 INFO o.a.j.t.JMeterThread: Stopping because end time detected by thread: Grupo De Hilos 1-127
2020-03-20 22:03:58,381 INFO o.a.j.t.JMeterThread: Stopping because end time detected by thread: Grupo De Hilos 1-150
2020-03-20 22:03:58,381 INFO o.a.j.t.JMeterThread: Thread finished: Grupo De Hilos 1-127
2020-03-20 22:03:58,381 INFO o.a.j.t.JMeterThread: Thread finished: Grupo De Hilos 1-150
2020-03-20 22:03:58,381 INFO o.a.j.t.JMeterThread: Stopping because end time detected by thread: Grupo De Hilos 1-141
2020-03-20 22:03:58,381 INFO o.a.j.t.JMeterThread: Thread finished: Grupo De Hilos 1-141
2020-03-20 22:03:58,382 INFO o.a.j.t.JMeterThread: Stopping because end time detected by thread: Grupo De Hilos 1-22
2020-03-20 22:03:58,382 INFO o.a.j.t.JMeterThread: Stopping because end time detected by thread: Grupo De Hilos 1-58
2020-03-20 22:03:58,382 INFO o.a.j.t.JMeterThread: Thread finished: Grupo De Hilos 1-22
2020-03-20 22:03:58,382 INFO o.a.j.t.JMeterThread: Thread finished: Grupo De Hilos 1-58
2020-03-20 22:03:58,382 INFO o.a.j.t.JMeterThread: Stopping because end time detected by thread: Grupo De Hilos 1-149
2020-03-20 22:03:58,383 INFO o.a.j.t.JMeterThread: Thread finished: Grupo De Hilos 1-149
2020-03-20 22:03:58,383 INFO o.a.j.e.StandardJMeterEngine: Notifying test listeners of end of test
2020-03-20 22:03:58,386 INFO o.a.j.r.Summariser: summary +     69 in 00:04:28 =    0.3/s Avg:    60 Min:    41 Max:   136 Err:     0 (0.00%) Active: 0 Started: 150 Finished: 150
2020-03-20 22:03:58,387 INFO o.a.j.r.Summariser: summary =    150 in 00:05:00 =    0.5/s Avg:    58 Min:    41 Max:   147 Err:     0 (0.00%)
