2020-03-20 21:54:22,335 INFO o.a.j.u.JMeterUtils: Setting Locale to en_US
2020-03-20 21:54:22,365 INFO o.a.j.JMeter: Loading user properties from: user.properties
2020-03-20 21:54:22,366 INFO o.a.j.JMeter: Loading system properties from: system.properties
2020-03-20 21:54:22,367 INFO o.a.j.JMeter: Setting JMeter property: HILOS=75
2020-03-20 21:54:22,367 INFO o.a.j.JMeter: Setting JMeter property: SUBIDA=30
2020-03-20 21:54:22,368 INFO o.a.j.JMeter: Setting JMeter property: DURACION=270
2020-03-20 21:54:22,368 INFO o.a.j.JMeter: Setting JMeter property: FILE=scriptresultsperfmon75.jtl
2020-03-20 21:54:22,371 INFO o.a.j.JMeter: Copyright (c) 1998-2019 The Apache Software Foundation
2020-03-20 21:54:22,371 INFO o.a.j.JMeter: Version 5.2.1
2020-03-20 21:54:22,371 INFO o.a.j.JMeter: java.version=1.8.0_201
2020-03-20 21:54:22,372 INFO o.a.j.JMeter: java.vm.name=Java HotSpot(TM) 64-Bit Server VM
2020-03-20 21:54:22,372 INFO o.a.j.JMeter: os.name=Linux
2020-03-20 21:54:22,372 INFO o.a.j.JMeter: os.arch=amd64
2020-03-20 21:54:22,372 INFO o.a.j.JMeter: os.version=4.15.0-88-generic
2020-03-20 21:54:22,373 INFO o.a.j.JMeter: file.encoding=UTF-8
2020-03-20 21:54:22,373 INFO o.a.j.JMeter: java.awt.headless=true
2020-03-20 21:54:22,373 INFO o.a.j.JMeter: Max memory     =732954624
2020-03-20 21:54:22,374 INFO o.a.j.JMeter: Available Processors =4
2020-03-20 21:54:22,381 INFO o.a.j.JMeter: Default Locale=English (United States)
2020-03-20 21:54:22,381 INFO o.a.j.JMeter: JMeter  Locale=English (United States)
2020-03-20 21:54:22,382 INFO o.a.j.JMeter: JMeterHome=/home/pablo/jmeter
2020-03-20 21:54:22,382 INFO o.a.j.JMeter: user.dir  =/home/pablo/jmeter/bin
2020-03-20 21:54:22,382 INFO o.a.j.JMeter: PWD       =/home/pablo/jmeter/bin
2020-03-20 21:54:22,383 INFO o.a.j.JMeter: IP: 127.0.1.1 Name: hylianpablo FullName: hylianpablo
2020-03-20 21:54:22,392 INFO o.a.j.s.FileServer: Default base='/home/pablo/jmeter/bin'
2020-03-20 21:54:22,405 INFO o.a.j.s.FileServer: Set new base='/home/pablo/jmeter/bin'
2020-03-20 21:54:22,673 INFO o.a.j.s.SaveService: Testplan (JMX) version: 2.2. Testlog (JTL) version: 2.2
2020-03-20 21:54:22,691 INFO o.a.j.s.SaveService: Using SaveService properties file encoding UTF-8
2020-03-20 21:54:22,703 INFO o.a.j.s.SaveService: Using SaveService properties version 5.0
2020-03-20 21:54:22,721 INFO o.a.j.s.SaveService: Loading file: Funciona.jmx
2020-03-20 21:54:22,798 INFO o.a.j.p.h.c.CookieManager: Settings: Delete null: true Check: true Allow variable: true Save: false Prefix: COOKIE_
2020-03-20 21:54:22,849 INFO o.a.j.p.h.s.HTTPSamplerBase: Parser for text/html is org.apache.jmeter.protocol.http.parser.LagartoBasedHtmlParser
2020-03-20 21:54:22,849 INFO o.a.j.p.h.s.HTTPSamplerBase: Parser for application/xhtml+xml is org.apache.jmeter.protocol.http.parser.LagartoBasedHtmlParser
2020-03-20 21:54:22,850 INFO o.a.j.p.h.s.HTTPSamplerBase: Parser for application/xml is org.apache.jmeter.protocol.http.parser.LagartoBasedHtmlParser
2020-03-20 21:54:22,850 INFO o.a.j.p.h.s.HTTPSamplerBase: Parser for text/xml is org.apache.jmeter.protocol.http.parser.LagartoBasedHtmlParser
2020-03-20 21:54:22,850 INFO o.a.j.p.h.s.HTTPSamplerBase: Parser for text/vnd.wap.wml is org.apache.jmeter.protocol.http.parser.RegexpHTMLParser
2020-03-20 21:54:22,850 INFO o.a.j.p.h.s.HTTPSamplerBase: Parser for text/css is org.apache.jmeter.protocol.http.parser.CssParser
2020-03-20 21:54:22,908 INFO o.a.j.p.h.c.CacheManager: Will only cache the following methods: [GET]
2020-03-20 21:54:22,953 INFO o.a.j.JMeter: Creating summariser <summary>
2020-03-20 21:54:22,968 INFO o.a.j.e.StandardJMeterEngine: Running the test!
2020-03-20 21:54:22,970 INFO o.a.j.s.SampleEvent: List of sample_variables: []
2020-03-20 21:54:22,970 INFO o.a.j.s.SampleEvent: List of sample_variables: []
2020-03-20 21:54:22,983 INFO o.a.j.e.u.CompoundVariable: Note: Function class names must contain the string: '.functions.'
2020-03-20 21:54:22,983 INFO o.a.j.e.u.CompoundVariable: Note: Function class names must not contain the string: '.gui.'
2020-03-20 21:54:23,947 INFO o.a.j.JMeter: Running test (1584737663947)
2020-03-20 21:54:24,032 INFO o.a.j.e.StandardJMeterEngine: Starting ThreadGroup: 1 : Grupo De Hilos
2020-03-20 21:54:24,032 INFO o.a.j.e.StandardJMeterEngine: Starting 75 threads for group Grupo De Hilos.
2020-03-20 21:54:24,033 INFO o.a.j.e.StandardJMeterEngine: Thread will continue on error
2020-03-20 21:54:24,033 INFO o.a.j.t.ThreadGroup: Starting thread group... number=1 threads=75 ramp-up=30 delayedStart=false
2020-03-20 21:54:24,084 INFO o.a.j.t.JMeterThread: Thread started: Grupo De Hilos 1-1
2020-03-20 21:54:24,142 INFO o.a.j.p.h.s.HTTPHCAbstractImpl: Local host = hylianpablo
2020-03-20 21:54:24,157 INFO o.a.j.p.h.s.HTTPHC4Impl: HTTP request retry count = 0
2020-03-20 21:54:24,162 INFO o.a.j.s.SampleResult: Note: Sample TimeStamps are START times
2020-03-20 21:54:24,163 INFO o.a.j.s.SampleResult: sampleresult.default.encoding is set to ISO-8859-1
2020-03-20 21:54:24,163 INFO o.a.j.s.SampleResult: sampleresult.useNanoTime=true
2020-03-20 21:54:24,163 INFO o.a.j.s.SampleResult: sampleresult.nanoThreadSleep=5000
2020-03-20 21:54:24,231 INFO o.a.j.t.ThreadGroup: Started thread group number 1
2020-03-20 21:54:24,232 INFO o.a.j.e.StandardJMeterEngine: All thread groups have been started
2020-03-20 21:54:24,443 INFO o.a.j.t.JMeterThread: Thread started: Grupo De Hilos 1-2
2020-03-20 21:54:24,840 INFO o.a.j.t.JMeterThread: Thread started: Grupo De Hilos 1-3
2020-03-20 21:54:25,237 INFO o.a.j.t.JMeterThread: Thread started: Grupo De Hilos 1-4
2020-03-20 21:54:25,640 INFO o.a.j.t.JMeterThread: Thread started: Grupo De Hilos 1-5
2020-03-20 21:54:26,039 INFO o.a.j.t.JMeterThread: Thread started: Grupo De Hilos 1-6
2020-03-20 21:54:26,437 INFO o.a.j.t.JMeterThread: Thread started: Grupo De Hilos 1-7
2020-03-20 21:54:26,839 INFO o.a.j.t.JMeterThread: Thread started: Grupo De Hilos 1-8
2020-03-20 21:54:27,237 INFO o.a.j.t.JMeterThread: Thread started: Grupo De Hilos 1-9
2020-03-20 21:54:27,639 INFO o.a.j.t.JMeterThread: Thread started: Grupo De Hilos 1-10
2020-03-20 21:54:28,041 INFO o.a.j.t.JMeterThread: Thread started: Grupo De Hilos 1-11
2020-03-20 21:54:28,441 INFO o.a.j.t.JMeterThread: Thread started: Grupo De Hilos 1-12
2020-03-20 21:54:28,835 INFO o.a.j.t.JMeterThread: Thread started: Grupo De Hilos 1-13
2020-03-20 21:54:29,249 INFO o.a.j.t.JMeterThread: Thread started: Grupo De Hilos 1-14
2020-03-20 21:54:29,697 INFO o.a.j.t.JMeterThread: Thread started: Grupo De Hilos 1-15
2020-03-20 21:54:30,037 INFO o.a.j.t.JMeterThread: Thread started: Grupo De Hilos 1-16
2020-03-20 21:54:30,119 INFO o.a.j.r.Summariser: summary +     16 in 00:00:06 =    2.6/s Avg:    93 Min:    56 Max:   256 Err:     0 (0.00%) Active: 16 Started: 16 Finished: 0
2020-03-20 21:54:30,434 INFO o.a.j.t.JMeterThread: Thread started: Grupo De Hilos 1-17
2020-03-20 21:54:30,839 INFO o.a.j.t.JMeterThread: Thread started: Grupo De Hilos 1-18
2020-03-20 21:54:31,237 INFO o.a.j.t.JMeterThread: Thread started: Grupo De Hilos 1-19
2020-03-20 21:54:31,636 INFO o.a.j.t.JMeterThread: Thread started: Grupo De Hilos 1-20
2020-03-20 21:54:32,038 INFO o.a.j.t.JMeterThread: Thread started: Grupo De Hilos 1-21
2020-03-20 21:54:32,435 INFO o.a.j.t.JMeterThread: Thread started: Grupo De Hilos 1-22
2020-03-20 21:54:32,836 INFO o.a.j.t.JMeterThread: Thread started: Grupo De Hilos 1-23
2020-03-20 21:54:33,241 INFO o.a.j.t.JMeterThread: Thread started: Grupo De Hilos 1-24
2020-03-20 21:54:33,636 INFO o.a.j.t.JMeterThread: Thread started: Grupo De Hilos 1-25
2020-03-20 21:54:34,034 INFO o.a.j.t.JMeterThread: Thread started: Grupo De Hilos 1-26
2020-03-20 21:54:34,441 INFO o.a.j.t.JMeterThread: Thread started: Grupo De Hilos 1-27
2020-03-20 21:54:34,835 INFO o.a.j.t.JMeterThread: Thread started: Grupo De Hilos 1-28
2020-03-20 21:54:35,234 INFO o.a.j.t.JMeterThread: Thread started: Grupo De Hilos 1-29
2020-03-20 21:54:35,634 INFO o.a.j.t.JMeterThread: Thread started: Grupo De Hilos 1-30
2020-03-20 21:54:36,045 INFO o.a.j.t.JMeterThread: Thread started: Grupo De Hilos 1-31
2020-03-20 21:54:36,434 INFO o.a.j.t.JMeterThread: Thread started: Grupo De Hilos 1-32
2020-03-20 21:54:36,834 INFO o.a.j.t.JMeterThread: Thread started: Grupo De Hilos 1-33
2020-03-20 21:54:37,236 INFO o.a.j.t.JMeterThread: Thread started: Grupo De Hilos 1-34
2020-03-20 21:54:37,634 INFO o.a.j.t.JMeterThread: Thread started: Grupo De Hilos 1-35
2020-03-20 21:54:38,035 INFO o.a.j.t.JMeterThread: Thread started: Grupo De Hilos 1-36
2020-03-20 21:54:38,436 INFO o.a.j.t.JMeterThread: Thread started: Grupo De Hilos 1-37
2020-03-20 21:54:38,834 INFO o.a.j.t.JMeterThread: Thread started: Grupo De Hilos 1-38
2020-03-20 21:54:39,234 INFO o.a.j.t.JMeterThread: Thread started: Grupo De Hilos 1-39
2020-03-20 21:54:39,636 INFO o.a.j.t.JMeterThread: Thread started: Grupo De Hilos 1-40
2020-03-20 21:54:40,034 INFO o.a.j.t.JMeterThread: Thread started: Grupo De Hilos 1-41
2020-03-20 21:54:40,436 INFO o.a.j.t.JMeterThread: Thread started: Grupo De Hilos 1-42
2020-03-20 21:54:40,836 INFO o.a.j.t.JMeterThread: Thread started: Grupo De Hilos 1-43
2020-03-20 21:54:41,241 INFO o.a.j.t.JMeterThread: Thread started: Grupo De Hilos 1-44
2020-03-20 21:54:41,635 INFO o.a.j.t.JMeterThread: Thread started: Grupo De Hilos 1-45
2020-03-20 21:54:42,036 INFO o.a.j.t.JMeterThread: Thread started: Grupo De Hilos 1-46
2020-03-20 21:54:42,437 INFO o.a.j.t.JMeterThread: Thread started: Grupo De Hilos 1-47
2020-03-20 21:54:42,835 INFO o.a.j.t.JMeterThread: Thread started: Grupo De Hilos 1-48
2020-03-20 21:54:43,236 INFO o.a.j.t.JMeterThread: Thread started: Grupo De Hilos 1-49
2020-03-20 21:54:43,637 INFO o.a.j.t.JMeterThread: Thread started: Grupo De Hilos 1-50
2020-03-20 21:54:44,039 INFO o.a.j.t.JMeterThread: Thread started: Grupo De Hilos 1-51
2020-03-20 21:54:44,441 INFO o.a.j.t.JMeterThread: Thread started: Grupo De Hilos 1-52
2020-03-20 21:54:44,835 INFO o.a.j.t.JMeterThread: Thread started: Grupo De Hilos 1-53
2020-03-20 21:54:45,235 INFO o.a.j.t.JMeterThread: Thread started: Grupo De Hilos 1-54
2020-03-20 21:54:45,635 INFO o.a.j.t.JMeterThread: Thread started: Grupo De Hilos 1-55
2020-03-20 21:54:46,035 INFO o.a.j.t.JMeterThread: Thread started: Grupo De Hilos 1-56
2020-03-20 21:54:46,436 INFO o.a.j.t.JMeterThread: Thread started: Grupo De Hilos 1-57
2020-03-20 21:54:46,836 INFO o.a.j.t.JMeterThread: Thread started: Grupo De Hilos 1-58
2020-03-20 21:54:47,235 INFO o.a.j.t.JMeterThread: Thread started: Grupo De Hilos 1-59
2020-03-20 21:54:47,635 INFO o.a.j.t.JMeterThread: Thread started: Grupo De Hilos 1-60
2020-03-20 21:54:48,035 INFO o.a.j.t.JMeterThread: Thread started: Grupo De Hilos 1-61
2020-03-20 21:54:48,437 INFO o.a.j.t.JMeterThread: Thread started: Grupo De Hilos 1-62
2020-03-20 21:54:48,837 INFO o.a.j.t.JMeterThread: Thread started: Grupo De Hilos 1-63
2020-03-20 21:54:49,237 INFO o.a.j.t.JMeterThread: Thread started: Grupo De Hilos 1-64
2020-03-20 21:54:49,641 INFO o.a.j.t.JMeterThread: Thread started: Grupo De Hilos 1-65
2020-03-20 21:54:50,037 INFO o.a.j.t.JMeterThread: Thread started: Grupo De Hilos 1-66
2020-03-20 21:54:50,435 INFO o.a.j.t.JMeterThread: Thread started: Grupo De Hilos 1-67
2020-03-20 21:54:50,836 INFO o.a.j.t.JMeterThread: Thread started: Grupo De Hilos 1-68
2020-03-20 21:54:51,234 INFO o.a.j.t.JMeterThread: Thread started: Grupo De Hilos 1-69
2020-03-20 21:54:51,634 INFO o.a.j.t.JMeterThread: Thread started: Grupo De Hilos 1-70
2020-03-20 21:54:52,034 INFO o.a.j.t.JMeterThread: Thread started: Grupo De Hilos 1-71
2020-03-20 21:54:52,434 INFO o.a.j.t.JMeterThread: Thread started: Grupo De Hilos 1-72
2020-03-20 21:54:52,834 INFO o.a.j.t.JMeterThread: Thread started: Grupo De Hilos 1-73
2020-03-20 21:54:53,246 INFO o.a.j.t.JMeterThread: Thread started: Grupo De Hilos 1-74
2020-03-20 21:54:53,637 INFO o.a.j.t.JMeterThread: Thread started: Grupo De Hilos 1-75
2020-03-20 21:58:54,097 INFO o.a.j.t.JMeterThread: Stopping because end time detected by thread: Grupo De Hilos 1-3
2020-03-20 21:58:54,097 INFO o.a.j.t.JMeterThread: Thread finished: Grupo De Hilos 1-3
2020-03-20 21:58:54,105 INFO o.a.j.t.JMeterThread: Stopping because end time detected by thread: Grupo De Hilos 1-1
2020-03-20 21:58:54,108 INFO o.a.j.t.JMeterThread: Thread finished: Grupo De Hilos 1-1
2020-03-20 21:58:54,111 INFO o.a.j.t.JMeterThread: Stopping because end time detected by thread: Grupo De Hilos 1-6
2020-03-20 21:58:54,111 INFO o.a.j.t.JMeterThread: Thread finished: Grupo De Hilos 1-6
2020-03-20 21:58:54,113 INFO o.a.j.t.JMeterThread: Stopping because end time detected by thread: Grupo De Hilos 1-8
2020-03-20 21:58:54,114 INFO o.a.j.t.JMeterThread: Thread finished: Grupo De Hilos 1-8
2020-03-20 21:58:54,141 INFO o.a.j.t.JMeterThread: Stopping because end time detected by thread: Grupo De Hilos 1-12
2020-03-20 21:58:54,141 INFO o.a.j.t.JMeterThread: Stopping because end time detected by thread: Grupo De Hilos 1-20
2020-03-20 21:58:54,141 INFO o.a.j.t.JMeterThread: Thread finished: Grupo De Hilos 1-12
2020-03-20 21:58:54,141 INFO o.a.j.t.JMeterThread: Thread finished: Grupo De Hilos 1-20
2020-03-20 21:58:54,145 INFO o.a.j.t.JMeterThread: Stopping because end time detected by thread: Grupo De Hilos 1-18
2020-03-20 21:58:54,145 INFO o.a.j.t.JMeterThread: Thread finished: Grupo De Hilos 1-18
2020-03-20 21:58:54,145 INFO o.a.j.t.JMeterThread: Stopping because end time detected by thread: Grupo De Hilos 1-9
2020-03-20 21:58:54,145 INFO o.a.j.t.JMeterThread: Thread finished: Grupo De Hilos 1-9
2020-03-20 21:58:54,149 INFO o.a.j.t.JMeterThread: Stopping because end time detected by thread: Grupo De Hilos 1-7
2020-03-20 21:58:54,149 INFO o.a.j.t.JMeterThread: Stopping because end time detected by thread: Grupo De Hilos 1-2
2020-03-20 21:58:54,149 INFO o.a.j.t.JMeterThread: Thread finished: Grupo De Hilos 1-7
2020-03-20 21:58:54,149 INFO o.a.j.t.JMeterThread: Thread finished: Grupo De Hilos 1-2
2020-03-20 21:58:54,150 INFO o.a.j.t.JMeterThread: Stopping because end time detected by thread: Grupo De Hilos 1-4
2020-03-20 21:58:54,150 INFO o.a.j.t.JMeterThread: Thread finished: Grupo De Hilos 1-4
2020-03-20 21:58:54,150 INFO o.a.j.t.JMeterThread: Stopping because end time detected by thread: Grupo De Hilos 1-23
2020-03-20 21:58:54,151 INFO o.a.j.t.JMeterThread: Thread finished: Grupo De Hilos 1-23
2020-03-20 21:58:54,153 INFO o.a.j.t.JMeterThread: Stopping because end time detected by thread: Grupo De Hilos 1-26
2020-03-20 21:58:54,153 INFO o.a.j.t.JMeterThread: Thread finished: Grupo De Hilos 1-26
2020-03-20 21:58:54,157 INFO o.a.j.t.JMeterThread: Stopping because end time detected by thread: Grupo De Hilos 1-19
2020-03-20 21:58:54,157 INFO o.a.j.t.JMeterThread: Thread finished: Grupo De Hilos 1-19
2020-03-20 21:58:54,161 INFO o.a.j.t.JMeterThread: Stopping because end time detected by thread: Grupo De Hilos 1-33
2020-03-20 21:58:54,161 INFO o.a.j.t.JMeterThread: Thread finished: Grupo De Hilos 1-33
2020-03-20 21:58:54,169 INFO o.a.j.t.JMeterThread: Stopping because end time detected by thread: Grupo De Hilos 1-35
2020-03-20 21:58:54,169 INFO o.a.j.t.JMeterThread: Stopping because end time detected by thread: Grupo De Hilos 1-32
2020-03-20 21:58:54,169 INFO o.a.j.t.JMeterThread: Thread finished: Grupo De Hilos 1-35
2020-03-20 21:58:54,170 INFO o.a.j.t.JMeterThread: Stopping because end time detected by thread: Grupo De Hilos 1-29
2020-03-20 21:58:54,170 INFO o.a.j.t.JMeterThread: Thread finished: Grupo De Hilos 1-29
2020-03-20 21:58:54,175 INFO o.a.j.t.JMeterThread: Stopping because end time detected by thread: Grupo De Hilos 1-25
2020-03-20 21:58:54,175 INFO o.a.j.t.JMeterThread: Thread finished: Grupo De Hilos 1-25
2020-03-20 21:58:54,176 INFO o.a.j.t.JMeterThread: Thread finished: Grupo De Hilos 1-32
2020-03-20 21:58:54,177 INFO o.a.j.t.JMeterThread: Stopping because end time detected by thread: Grupo De Hilos 1-45
2020-03-20 21:58:54,177 INFO o.a.j.t.JMeterThread: Stopping because end time detected by thread: Grupo De Hilos 1-38
2020-03-20 21:58:54,177 INFO o.a.j.t.JMeterThread: Stopping because end time detected by thread: Grupo De Hilos 1-10
2020-03-20 21:58:54,177 INFO o.a.j.t.JMeterThread: Thread finished: Grupo De Hilos 1-45
2020-03-20 21:58:54,177 INFO o.a.j.t.JMeterThread: Thread finished: Grupo De Hilos 1-38
2020-03-20 21:58:54,178 INFO o.a.j.t.JMeterThread: Stopping because end time detected by thread: Grupo De Hilos 1-11
2020-03-20 21:58:54,178 INFO o.a.j.t.JMeterThread: Thread finished: Grupo De Hilos 1-11
2020-03-20 21:58:54,178 INFO o.a.j.t.JMeterThread: Stopping because end time detected by thread: Grupo De Hilos 1-34
2020-03-20 21:58:54,179 INFO o.a.j.t.JMeterThread: Thread finished: Grupo De Hilos 1-34
2020-03-20 21:58:54,179 INFO o.a.j.t.JMeterThread: Stopping because end time detected by thread: Grupo De Hilos 1-17
2020-03-20 21:58:54,179 INFO o.a.j.t.JMeterThread: Thread finished: Grupo De Hilos 1-17
2020-03-20 21:58:54,180 INFO o.a.j.t.JMeterThread: Stopping because end time detected by thread: Grupo De Hilos 1-48
2020-03-20 21:58:54,180 INFO o.a.j.t.JMeterThread: Thread finished: Grupo De Hilos 1-48
2020-03-20 21:58:54,181 INFO o.a.j.t.JMeterThread: Thread finished: Grupo De Hilos 1-10
2020-03-20 21:58:54,177 INFO o.a.j.t.JMeterThread: Stopping because end time detected by thread: Grupo De Hilos 1-43
2020-03-20 21:58:54,181 INFO o.a.j.t.JMeterThread: Thread finished: Grupo De Hilos 1-43
2020-03-20 21:58:54,182 INFO o.a.j.t.JMeterThread: Stopping because end time detected by thread: Grupo De Hilos 1-49
2020-03-20 21:58:54,182 INFO o.a.j.t.JMeterThread: Stopping because end time detected by thread: Grupo De Hilos 1-22
2020-03-20 21:58:54,182 INFO o.a.j.t.JMeterThread: Thread finished: Grupo De Hilos 1-49
2020-03-20 21:58:54,185 INFO o.a.j.t.JMeterThread: Thread finished: Grupo De Hilos 1-22
2020-03-20 21:58:54,185 INFO o.a.j.t.JMeterThread: Stopping because end time detected by thread: Grupo De Hilos 1-21
2020-03-20 21:58:54,185 INFO o.a.j.t.JMeterThread: Thread finished: Grupo De Hilos 1-21
2020-03-20 21:58:54,193 INFO o.a.j.t.JMeterThread: Stopping because end time detected by thread: Grupo De Hilos 1-5
2020-03-20 21:58:54,193 INFO o.a.j.t.JMeterThread: Stopping because end time detected by thread: Grupo De Hilos 1-39
2020-03-20 21:58:54,193 INFO o.a.j.t.JMeterThread: Thread finished: Grupo De Hilos 1-5
2020-03-20 21:58:54,193 INFO o.a.j.t.JMeterThread: Thread finished: Grupo De Hilos 1-39
2020-03-20 21:58:54,199 INFO o.a.j.t.JMeterThread: Stopping because end time detected by thread: Grupo De Hilos 1-57
2020-03-20 21:58:54,199 INFO o.a.j.t.JMeterThread: Thread finished: Grupo De Hilos 1-57
2020-03-20 21:58:54,201 INFO o.a.j.t.JMeterThread: Stopping because end time detected by thread: Grupo De Hilos 1-24
2020-03-20 21:58:54,201 INFO o.a.j.t.JMeterThread: Thread finished: Grupo De Hilos 1-24
2020-03-20 21:58:54,205 INFO o.a.j.t.JMeterThread: Stopping because end time detected by thread: Grupo De Hilos 1-52
2020-03-20 21:58:54,205 INFO o.a.j.t.JMeterThread: Stopping because end time detected by thread: Grupo De Hilos 1-46
2020-03-20 21:58:54,205 INFO o.a.j.t.JMeterThread: Thread finished: Grupo De Hilos 1-52
2020-03-20 21:58:54,205 INFO o.a.j.t.JMeterThread: Thread finished: Grupo De Hilos 1-46
2020-03-20 21:58:54,205 INFO o.a.j.t.JMeterThread: Stopping because end time detected by thread: Grupo De Hilos 1-31
2020-03-20 21:58:54,205 INFO o.a.j.t.JMeterThread: Stopping because end time detected by thread: Grupo De Hilos 1-59
2020-03-20 21:58:54,206 INFO o.a.j.t.JMeterThread: Thread finished: Grupo De Hilos 1-31
2020-03-20 21:58:54,206 INFO o.a.j.t.JMeterThread: Stopping because end time detected by thread: Grupo De Hilos 1-54
2020-03-20 21:58:54,206 INFO o.a.j.t.JMeterThread: Thread finished: Grupo De Hilos 1-54
2020-03-20 21:58:54,209 INFO o.a.j.t.JMeterThread: Stopping because end time detected by thread: Grupo De Hilos 1-41
2020-03-20 21:58:54,209 INFO o.a.j.t.JMeterThread: Stopping because end time detected by thread: Grupo De Hilos 1-14
2020-03-20 21:58:54,209 INFO o.a.j.t.JMeterThread: Thread finished: Grupo De Hilos 1-59
2020-03-20 21:58:54,209 INFO o.a.j.t.JMeterThread: Stopping because end time detected by thread: Grupo De Hilos 1-47
2020-03-20 21:58:54,209 INFO o.a.j.t.JMeterThread: Stopping because end time detected by thread: Grupo De Hilos 1-36
2020-03-20 21:58:54,209 INFO o.a.j.t.JMeterThread: Stopping because end time detected by thread: Grupo De Hilos 1-40
2020-03-20 21:58:54,209 INFO o.a.j.t.JMeterThread: Stopping because end time detected by thread: Grupo De Hilos 1-62
2020-03-20 21:58:54,209 INFO o.a.j.t.JMeterThread: Thread finished: Grupo De Hilos 1-47
2020-03-20 21:58:54,209 INFO o.a.j.t.JMeterThread: Thread finished: Grupo De Hilos 1-62
2020-03-20 21:58:54,210 INFO o.a.j.t.JMeterThread: Stopping because end time detected by thread: Grupo De Hilos 1-44
2020-03-20 21:58:54,210 INFO o.a.j.t.JMeterThread: Stopping because end time detected by thread: Grupo De Hilos 1-27
2020-03-20 21:58:54,210 INFO o.a.j.t.JMeterThread: Thread finished: Grupo De Hilos 1-40
2020-03-20 21:58:54,210 INFO o.a.j.t.JMeterThread: Thread finished: Grupo De Hilos 1-27
2020-03-20 21:58:54,212 INFO o.a.j.t.JMeterThread: Stopping because end time detected by thread: Grupo De Hilos 1-68
2020-03-20 21:58:54,212 INFO o.a.j.t.JMeterThread: Thread finished: Grupo De Hilos 1-68
2020-03-20 21:58:54,212 INFO o.a.j.t.JMeterThread: Stopping because end time detected by thread: Grupo De Hilos 1-55
2020-03-20 21:58:54,213 INFO o.a.j.t.JMeterThread: Stopping because end time detected by thread: Grupo De Hilos 1-58
2020-03-20 21:58:54,213 INFO o.a.j.t.JMeterThread: Stopping because end time detected by thread: Grupo De Hilos 1-69
2020-03-20 21:58:54,213 INFO o.a.j.t.JMeterThread: Thread finished: Grupo De Hilos 1-55
2020-03-20 21:58:54,213 INFO o.a.j.t.JMeterThread: Thread finished: Grupo De Hilos 1-69
2020-03-20 21:58:54,213 INFO o.a.j.t.JMeterThread: Thread finished: Grupo De Hilos 1-58
2020-03-20 21:58:54,213 INFO o.a.j.t.JMeterThread: Stopping because end time detected by thread: Grupo De Hilos 1-30
2020-03-20 21:58:54,213 INFO o.a.j.t.JMeterThread: Thread finished: Grupo De Hilos 1-30
2020-03-20 21:58:54,213 INFO o.a.j.t.JMeterThread: Stopping because end time detected by thread: Grupo De Hilos 1-66
2020-03-20 21:58:54,214 INFO o.a.j.t.JMeterThread: Thread finished: Grupo De Hilos 1-66
2020-03-20 21:58:54,214 INFO o.a.j.t.JMeterThread: Stopping because end time detected by thread: Grupo De Hilos 1-15
2020-03-20 21:58:54,214 INFO o.a.j.t.JMeterThread: Thread finished: Grupo De Hilos 1-15
2020-03-20 21:58:54,214 INFO o.a.j.t.JMeterThread: Stopping because end time detected by thread: Grupo De Hilos 1-65
2020-03-20 21:58:54,212 INFO o.a.j.t.JMeterThread: Stopping because end time detected by thread: Grupo De Hilos 1-56
2020-03-20 21:58:54,214 INFO o.a.j.t.JMeterThread: Thread finished: Grupo De Hilos 1-65
2020-03-20 21:58:54,214 INFO o.a.j.t.JMeterThread: Thread finished: Grupo De Hilos 1-56
2020-03-20 21:58:54,209 INFO o.a.j.t.JMeterThread: Thread finished: Grupo De Hilos 1-14
2020-03-20 21:58:54,209 INFO o.a.j.t.JMeterThread: Stopping because end time detected by thread: Grupo De Hilos 1-28
2020-03-20 21:58:54,215 INFO o.a.j.t.JMeterThread: Stopping because end time detected by thread: Grupo De Hilos 1-71
2020-03-20 21:58:54,215 INFO o.a.j.t.JMeterThread: Thread finished: Grupo De Hilos 1-28
2020-03-20 21:58:54,215 INFO o.a.j.t.JMeterThread: Thread finished: Grupo De Hilos 1-71
2020-03-20 21:58:54,215 INFO o.a.j.t.JMeterThread: Stopping because end time detected by thread: Grupo De Hilos 1-51
2020-03-20 21:58:54,215 INFO o.a.j.t.JMeterThread: Thread finished: Grupo De Hilos 1-51
2020-03-20 21:58:54,216 INFO o.a.j.t.JMeterThread: Stopping because end time detected by thread: Grupo De Hilos 1-37
2020-03-20 21:58:54,216 INFO o.a.j.t.JMeterThread: Thread finished: Grupo De Hilos 1-44
2020-03-20 21:58:54,216 INFO o.a.j.t.JMeterThread: Stopping because end time detected by thread: Grupo De Hilos 1-61
2020-03-20 21:58:54,216 INFO o.a.j.t.JMeterThread: Thread finished: Grupo De Hilos 1-37
2020-03-20 21:58:54,216 INFO o.a.j.t.JMeterThread: Thread finished: Grupo De Hilos 1-61
2020-03-20 21:58:54,216 INFO o.a.j.t.JMeterThread: Thread finished: Grupo De Hilos 1-36
2020-03-20 21:58:54,216 INFO o.a.j.t.JMeterThread: Stopping because end time detected by thread: Grupo De Hilos 1-42
2020-03-20 21:58:54,216 INFO o.a.j.t.JMeterThread: Thread finished: Grupo De Hilos 1-42
2020-03-20 21:58:54,217 INFO o.a.j.t.JMeterThread: Stopping because end time detected by thread: Grupo De Hilos 1-63
2020-03-20 21:58:54,217 INFO o.a.j.t.JMeterThread: Stopping because end time detected by thread: Grupo De Hilos 1-67
2020-03-20 21:58:54,217 INFO o.a.j.t.JMeterThread: Thread finished: Grupo De Hilos 1-63
2020-03-20 21:58:54,217 INFO o.a.j.t.JMeterThread: Thread finished: Grupo De Hilos 1-67
2020-03-20 21:58:54,218 INFO o.a.j.t.JMeterThread: Stopping because end time detected by thread: Grupo De Hilos 1-70
2020-03-20 21:58:54,218 INFO o.a.j.t.JMeterThread: Thread finished: Grupo De Hilos 1-70
2020-03-20 21:58:54,220 INFO o.a.j.t.JMeterThread: Stopping because end time detected by thread: Grupo De Hilos 1-74
2020-03-20 21:58:54,221 INFO o.a.j.t.JMeterThread: Thread finished: Grupo De Hilos 1-74
2020-03-20 21:58:54,221 INFO o.a.j.t.JMeterThread: Stopping because end time detected by thread: Grupo De Hilos 1-72
2020-03-20 21:58:54,221 INFO o.a.j.t.JMeterThread: Stopping because end time detected by thread: Grupo De Hilos 1-50
2020-03-20 21:58:54,222 INFO o.a.j.t.JMeterThread: Thread finished: Grupo De Hilos 1-72
2020-03-20 21:58:54,222 INFO o.a.j.t.JMeterThread: Thread finished: Grupo De Hilos 1-50
2020-03-20 21:58:54,223 INFO o.a.j.t.JMeterThread: Stopping because end time detected by thread: Grupo De Hilos 1-13
2020-03-20 21:58:54,223 INFO o.a.j.t.JMeterThread: Stopping because end time detected by thread: Grupo De Hilos 1-60
2020-03-20 21:58:54,223 INFO o.a.j.t.JMeterThread: Stopping because end time detected by thread: Grupo De Hilos 1-64
2020-03-20 21:58:54,223 INFO o.a.j.t.JMeterThread: Thread finished: Grupo De Hilos 1-13
2020-03-20 21:58:54,223 INFO o.a.j.t.JMeterThread: Thread finished: Grupo De Hilos 1-60
2020-03-20 21:58:54,223 INFO o.a.j.t.JMeterThread: Thread finished: Grupo De Hilos 1-64
2020-03-20 21:58:54,223 INFO o.a.j.t.JMeterThread: Stopping because end time detected by thread: Grupo De Hilos 1-16
2020-03-20 21:58:54,223 INFO o.a.j.t.JMeterThread: Thread finished: Grupo De Hilos 1-16
2020-03-20 21:58:54,229 INFO o.a.j.t.JMeterThread: Stopping because end time detected by thread: Grupo De Hilos 1-75
2020-03-20 21:58:54,229 INFO o.a.j.t.JMeterThread: Thread finished: Grupo De Hilos 1-41
2020-03-20 21:58:54,229 INFO o.a.j.t.JMeterThread: Thread finished: Grupo De Hilos 1-75
2020-03-20 21:58:54,230 INFO o.a.j.t.JMeterThread: Stopping because end time detected by thread: Grupo De Hilos 1-73
2020-03-20 21:58:54,230 INFO o.a.j.t.JMeterThread: Thread finished: Grupo De Hilos 1-73
2020-03-20 21:58:54,237 INFO o.a.j.t.JMeterThread: Stopping because end time detected by thread: Grupo De Hilos 1-53
2020-03-20 21:58:54,237 INFO o.a.j.t.JMeterThread: Thread finished: Grupo De Hilos 1-53
2020-03-20 21:58:54,238 INFO o.a.j.e.StandardJMeterEngine: Notifying test listeners of end of test
2020-03-20 21:58:54,239 INFO o.a.j.r.Summariser: summary +     59 in 00:04:24 =    0.2/s Avg:    82 Min:    49 Max:   205 Err:     0 (0.00%) Active: 0 Started: 75 Finished: 75
2020-03-20 21:58:54,240 INFO o.a.j.r.Summariser: summary =     75 in 00:04:30 =    0.3/s Avg:    84 Min:    49 Max:   256 Err:     0 (0.00%)
