2020-04-02 15:45:10,049 INFO o.a.j.u.JMeterUtils: Setting Locale to en_US
2020-04-02 15:45:10,082 INFO o.a.j.JMeter: Loading user properties from: /home/pablo/jmeter/bin/user.properties
2020-04-02 15:45:10,083 INFO o.a.j.JMeter: Loading system properties from: /home/pablo/jmeter/bin/system.properties
2020-04-02 15:45:10,085 INFO o.a.j.JMeter: Copyright (c) 1998-2019 The Apache Software Foundation
2020-04-02 15:45:10,086 INFO o.a.j.JMeter: Version 5.2.1
2020-04-02 15:45:10,086 INFO o.a.j.JMeter: java.version=1.8.0_201
2020-04-02 15:45:10,087 INFO o.a.j.JMeter: java.vm.name=Java HotSpot(TM) 64-Bit Server VM
2020-04-02 15:45:10,087 INFO o.a.j.JMeter: os.name=Linux
2020-04-02 15:45:10,087 INFO o.a.j.JMeter: os.arch=amd64
2020-04-02 15:45:10,087 INFO o.a.j.JMeter: os.version=4.15.0-91-generic
2020-04-02 15:45:10,088 INFO o.a.j.JMeter: file.encoding=UTF-8
2020-04-02 15:45:10,088 INFO o.a.j.JMeter: java.awt.headless=null
2020-04-02 15:45:10,088 INFO o.a.j.JMeter: Max memory     =732954624
2020-04-02 15:45:10,089 INFO o.a.j.JMeter: Available Processors =4
2020-04-02 15:45:10,096 INFO o.a.j.JMeter: Default Locale=English (United States)
2020-04-02 15:45:10,097 INFO o.a.j.JMeter: JMeter  Locale=English (United States)
2020-04-02 15:45:10,097 INFO o.a.j.JMeter: JMeterHome=/home/pablo/jmeter
2020-04-02 15:45:10,098 INFO o.a.j.JMeter: user.dir  =/home/pablo/jmeter/bin/EJECUCIONES/P1
2020-04-02 15:45:10,098 INFO o.a.j.JMeter: PWD       =/home/pablo/jmeter/bin/EJECUCIONES/P1
2020-04-02 15:45:10,099 INFO o.a.j.JMeter: IP: 127.0.1.1 Name: hylianpablo FullName: hylianpablo
2020-04-02 15:45:10,616 INFO o.a.j.g.a.LookAndFeelCommand: Installing Darcula LAF
2020-04-02 15:45:10,710 INFO o.a.j.g.a.LookAndFeelCommand: Using look and feel: com.bulenkov.darcula.DarculaLaf [Darcula]
2020-04-02 15:45:10,711 INFO o.a.j.JMeter: Setting LAF to: com.bulenkov.darcula.DarculaLaf
2020-04-02 15:45:10,863 INFO o.a.j.JMeter: Loaded icon properties from org/apache/jmeter/images/icon.properties
2020-04-02 15:45:12,607 INFO o.j.r.JARSourceHTTP: Requesting https://jmeter-plugins.org/repo/?installID=linux-89dfb4a458378855ea79d862055f285c-gui
2020-04-02 15:45:15,195 INFO o.j.r.PluginManager: Plugins Status: [jpgc-graphs-basic=2.0, jpgc-graphs-additional=2.0, jpgc-functions=2.1, jpgc-casutg=2.9, jpgc-dummy=0.4, jpgc-ffw=2.0, jpgc-fifo=0.2, jpgc-perfmon=2.1, jpgc-plugins-manager=1.3, jpgc-tst=2.5, jmeter-core=5.2.1, jmeter-ftp=5.2.1, jmeter-http=5.2.1, jmeter-jdbc=5.2.1, jmeter-jms=5.2.1, jmeter-junit=5.2.1, jmeter-java=5.2.1, jmeter-ldap=5.2.1, jmeter-mail=5.2.1, jmeter-mongodb=5.2.1, jmeter-native=5.2.1, jmeter-tcp=5.2.1, jmeter-components=5.2.1, jpgc-standard=2.0]
2020-04-02 15:45:17,802 INFO o.a.j.p.h.s.HTTPSamplerBase: Parser for text/html is org.apache.jmeter.protocol.http.parser.LagartoBasedHtmlParser
2020-04-02 15:45:17,804 INFO o.a.j.p.h.s.HTTPSamplerBase: Parser for application/xhtml+xml is org.apache.jmeter.protocol.http.parser.LagartoBasedHtmlParser
2020-04-02 15:45:17,804 INFO o.a.j.p.h.s.HTTPSamplerBase: Parser for application/xml is org.apache.jmeter.protocol.http.parser.LagartoBasedHtmlParser
2020-04-02 15:45:17,804 INFO o.a.j.p.h.s.HTTPSamplerBase: Parser for text/xml is org.apache.jmeter.protocol.http.parser.LagartoBasedHtmlParser
2020-04-02 15:45:17,805 INFO o.a.j.p.h.s.HTTPSamplerBase: Parser for text/vnd.wap.wml is org.apache.jmeter.protocol.http.parser.RegexpHTMLParser
2020-04-02 15:45:17,805 INFO o.a.j.p.h.s.HTTPSamplerBase: Parser for text/css is org.apache.jmeter.protocol.http.parser.CssParser
2020-04-02 15:45:18,354 INFO o.a.j.e.KeyToolUtils: keytool found at 'keytool'
2020-04-02 15:45:18,355 INFO o.a.j.p.h.p.ProxyControl: HTTP(S) Test Script Recorder SSL Proxy will use keys that support embedded 3rd party resources in file /home/pablo/jmeter/bin/proxyserver.jks
2020-04-02 15:45:18,599 INFO o.a.j.s.FileServer: Default base='/home/pablo/jmeter/bin/EJECUCIONES/P1'
2020-04-02 15:45:19,148 INFO o.a.j.s.SampleResult: Note: Sample TimeStamps are START times
2020-04-02 15:45:19,149 INFO o.a.j.s.SampleResult: sampleresult.default.encoding is set to ISO-8859-1
2020-04-02 15:45:19,149 INFO o.a.j.s.SampleResult: sampleresult.useNanoTime=true
2020-04-02 15:45:19,149 INFO o.a.j.s.SampleResult: sampleresult.nanoThreadSleep=5000
2020-04-02 15:45:53,655 INFO o.a.j.g.a.Load: Loading file: /home/pablo/jmeter/bin/Correcto.jmx
2020-04-02 15:45:53,655 INFO o.a.j.s.FileServer: Set new base='/home/pablo/jmeter/bin'
2020-04-02 15:45:53,888 INFO o.a.j.s.SaveService: Testplan (JMX) version: 2.2. Testlog (JTL) version: 2.2
2020-04-02 15:45:53,893 INFO o.a.j.s.SaveService: Using SaveService properties file encoding UTF-8
2020-04-02 15:45:53,897 INFO o.a.j.s.SaveService: Using SaveService properties version 5.0
2020-04-02 15:45:53,905 INFO o.a.j.s.SaveService: Loading file: /home/pablo/jmeter/bin/Correcto.jmx
2020-04-02 15:45:54,367 INFO o.a.j.s.FileServer: Set new base='/home/pablo/jmeter/bin'
2020-04-02 15:46:09,285 INFO o.a.j.s.SampleEvent: List of sample_variables: []
