2020-03-18 20:37:10,349 INFO o.a.j.u.JMeterUtils: Setting Locale to en_US
2020-03-18 20:37:10,382 INFO o.a.j.JMeter: Loading user properties from: user.properties
2020-03-18 20:37:10,384 INFO o.a.j.JMeter: Loading system properties from: system.properties
2020-03-18 20:37:10,385 INFO o.a.j.JMeter: Setting System property: HILOS=150
2020-03-18 20:37:10,385 INFO o.a.j.JMeter: Setting System property: SUBIDA=25
2020-03-18 20:37:10,386 INFO o.a.j.JMeter: Setting System property: DURACION=240
2020-03-18 20:37:10,388 INFO o.a.j.JMeter: Copyright (c) 1998-2019 The Apache Software Foundation
2020-03-18 20:37:10,388 INFO o.a.j.JMeter: Version 5.2.1
2020-03-18 20:37:10,389 INFO o.a.j.JMeter: java.version=1.8.0_201
2020-03-18 20:37:10,389 INFO o.a.j.JMeter: java.vm.name=Java HotSpot(TM) 64-Bit Server VM
2020-03-18 20:37:10,389 INFO o.a.j.JMeter: os.name=Linux
2020-03-18 20:37:10,389 INFO o.a.j.JMeter: os.arch=amd64
2020-03-18 20:37:10,390 INFO o.a.j.JMeter: os.version=4.15.0-88-generic
2020-03-18 20:37:10,390 INFO o.a.j.JMeter: file.encoding=UTF-8
2020-03-18 20:37:10,390 INFO o.a.j.JMeter: java.awt.headless=true
2020-03-18 20:37:10,390 INFO o.a.j.JMeter: Max memory     =732954624
2020-03-18 20:37:10,391 INFO o.a.j.JMeter: Available Processors =4
2020-03-18 20:37:10,399 INFO o.a.j.JMeter: Default Locale=English (United States)
2020-03-18 20:37:10,400 INFO o.a.j.JMeter: JMeter  Locale=English (United States)
2020-03-18 20:37:10,400 INFO o.a.j.JMeter: JMeterHome=/home/pablo/jmeter
2020-03-18 20:37:10,400 INFO o.a.j.JMeter: user.dir  =/home/pablo/jmeter/bin
2020-03-18 20:37:10,401 INFO o.a.j.JMeter: PWD       =/home/pablo/jmeter/bin
2020-03-18 20:37:10,402 INFO o.a.j.JMeter: IP: 127.0.1.1 Name: hylianpablo FullName: hylianpablo
2020-03-18 20:37:10,411 INFO o.a.j.s.FileServer: Default base='/home/pablo/jmeter/bin'
2020-03-18 20:37:10,422 INFO o.a.j.s.FileServer: Set new base='/home/pablo/jmeter/bin'
2020-03-18 20:37:10,716 INFO o.a.j.s.SaveService: Testplan (JMX) version: 2.2. Testlog (JTL) version: 2.2
2020-03-18 20:37:10,741 INFO o.a.j.s.SaveService: Using SaveService properties file encoding UTF-8
2020-03-18 20:37:10,754 INFO o.a.j.s.SaveService: Using SaveService properties version 5.0
2020-03-18 20:37:10,772 INFO o.a.j.s.SaveService: Loading file: Funciona.jmx
2020-03-18 20:37:10,853 INFO o.a.j.p.h.c.CookieManager: Settings: Delete null: true Check: true Allow variable: true Save: false Prefix: COOKIE_
2020-03-18 20:37:10,902 INFO o.a.j.p.h.s.HTTPSamplerBase: Parser for text/html is org.apache.jmeter.protocol.http.parser.LagartoBasedHtmlParser
2020-03-18 20:37:10,903 INFO o.a.j.p.h.s.HTTPSamplerBase: Parser for application/xhtml+xml is org.apache.jmeter.protocol.http.parser.LagartoBasedHtmlParser
2020-03-18 20:37:10,903 INFO o.a.j.p.h.s.HTTPSamplerBase: Parser for application/xml is org.apache.jmeter.protocol.http.parser.LagartoBasedHtmlParser
2020-03-18 20:37:10,903 INFO o.a.j.p.h.s.HTTPSamplerBase: Parser for text/xml is org.apache.jmeter.protocol.http.parser.LagartoBasedHtmlParser
2020-03-18 20:37:10,904 INFO o.a.j.p.h.s.HTTPSamplerBase: Parser for text/vnd.wap.wml is org.apache.jmeter.protocol.http.parser.RegexpHTMLParser
2020-03-18 20:37:10,904 INFO o.a.j.p.h.s.HTTPSamplerBase: Parser for text/css is org.apache.jmeter.protocol.http.parser.CssParser
2020-03-18 20:37:11,012 INFO o.a.j.JMeter: Creating summariser <summary>
2020-03-18 20:37:11,025 INFO o.a.j.e.StandardJMeterEngine: Running the test!
2020-03-18 20:37:11,028 INFO o.a.j.s.SampleEvent: List of sample_variables: []
2020-03-18 20:37:11,028 INFO o.a.j.s.SampleEvent: List of sample_variables: []
2020-03-18 20:37:11,038 INFO o.a.j.e.u.CompoundVariable: Note: Function class names must contain the string: '.functions.'
2020-03-18 20:37:11,039 INFO o.a.j.e.u.CompoundVariable: Note: Function class names must not contain the string: '.gui.'
2020-03-18 20:37:11,894 INFO o.a.j.JMeter: Running test (1584560231894)
2020-03-18 20:37:11,981 INFO o.a.j.e.StandardJMeterEngine: Starting ThreadGroup: 1 : Grupo De Hilos
2020-03-18 20:37:11,982 INFO o.a.j.e.StandardJMeterEngine: Starting 150 threads for group Grupo De Hilos.
2020-03-18 20:37:11,982 INFO o.a.j.e.StandardJMeterEngine: Thread will continue on error
2020-03-18 20:37:11,982 INFO o.a.j.t.ThreadGroup: Starting thread group... number=1 threads=150 ramp-up=25 delayedStart=false
2020-03-18 20:37:11,999 INFO o.a.j.t.JMeterThread: Thread started: Grupo De Hilos 1-1
2020-03-18 20:37:12,054 INFO o.a.j.p.h.s.HTTPHCAbstractImpl: Local host = hylianpablo
2020-03-18 20:37:12,083 INFO o.a.j.p.h.s.HTTPHC4Impl: HTTP request retry count = 0
2020-03-18 20:37:12,088 INFO o.a.j.s.SampleResult: Note: Sample TimeStamps are START times
2020-03-18 20:37:12,089 INFO o.a.j.s.SampleResult: sampleresult.default.encoding is set to ISO-8859-1
2020-03-18 20:37:12,090 INFO o.a.j.s.SampleResult: sampleresult.useNanoTime=true
2020-03-18 20:37:12,091 INFO o.a.j.s.SampleResult: sampleresult.nanoThreadSleep=5000
2020-03-18 20:37:12,156 INFO o.a.j.t.JMeterThread: Thread started: Grupo De Hilos 1-2
2020-03-18 20:37:12,274 INFO o.a.j.t.ThreadGroup: Started thread group number 1
2020-03-18 20:37:12,274 INFO o.a.j.e.StandardJMeterEngine: All thread groups have been started
2020-03-18 20:37:12,328 INFO o.a.j.t.JMeterThread: Thread started: Grupo De Hilos 1-3
2020-03-18 20:37:12,489 INFO o.a.j.t.JMeterThread: Thread started: Grupo De Hilos 1-4
2020-03-18 20:37:12,655 INFO o.a.j.t.JMeterThread: Thread started: Grupo De Hilos 1-5
2020-03-18 20:37:12,824 INFO o.a.j.t.JMeterThread: Thread started: Grupo De Hilos 1-6
2020-03-18 20:37:12,990 INFO o.a.j.t.JMeterThread: Thread started: Grupo De Hilos 1-7
2020-03-18 20:37:13,154 INFO o.a.j.t.JMeterThread: Thread started: Grupo De Hilos 1-8
2020-03-18 20:37:13,322 INFO o.a.j.t.JMeterThread: Thread started: Grupo De Hilos 1-9
2020-03-18 20:37:13,488 INFO o.a.j.t.JMeterThread: Thread started: Grupo De Hilos 1-10
2020-03-18 20:37:13,655 INFO o.a.j.t.JMeterThread: Thread started: Grupo De Hilos 1-11
2020-03-18 20:37:13,822 INFO o.a.j.t.JMeterThread: Thread started: Grupo De Hilos 1-12
2020-03-18 20:37:13,992 INFO o.a.j.t.JMeterThread: Thread started: Grupo De Hilos 1-13
2020-03-18 20:37:14,158 INFO o.a.j.t.JMeterThread: Thread started: Grupo De Hilos 1-14
2020-03-18 20:37:14,325 INFO o.a.j.t.JMeterThread: Thread started: Grupo De Hilos 1-15
2020-03-18 20:37:14,490 INFO o.a.j.t.JMeterThread: Thread started: Grupo De Hilos 1-16
2020-03-18 20:37:14,658 INFO o.a.j.t.JMeterThread: Thread started: Grupo De Hilos 1-17
2020-03-18 20:37:14,825 INFO o.a.j.t.JMeterThread: Thread started: Grupo De Hilos 1-18
2020-03-18 20:37:14,990 INFO o.a.j.t.JMeterThread: Thread started: Grupo De Hilos 1-19
2020-03-18 20:37:15,158 INFO o.a.j.t.JMeterThread: Thread started: Grupo De Hilos 1-20
2020-03-18 20:37:15,325 INFO o.a.j.t.JMeterThread: Thread started: Grupo De Hilos 1-21
2020-03-18 20:37:15,492 INFO o.a.j.t.JMeterThread: Thread started: Grupo De Hilos 1-22
2020-03-18 20:37:15,659 INFO o.a.j.t.JMeterThread: Thread started: Grupo De Hilos 1-23
2020-03-18 20:37:15,826 INFO o.a.j.t.JMeterThread: Thread started: Grupo De Hilos 1-24
2020-03-18 20:37:15,995 INFO o.a.j.t.JMeterThread: Thread started: Grupo De Hilos 1-25
2020-03-18 20:37:16,165 INFO o.a.j.t.JMeterThread: Thread started: Grupo De Hilos 1-26
2020-03-18 20:37:16,329 INFO o.a.j.t.JMeterThread: Thread started: Grupo De Hilos 1-27
2020-03-18 20:37:16,494 INFO o.a.j.t.JMeterThread: Thread started: Grupo De Hilos 1-28
2020-03-18 20:37:16,663 INFO o.a.j.t.JMeterThread: Thread started: Grupo De Hilos 1-29
2020-03-18 20:37:16,830 INFO o.a.j.t.JMeterThread: Thread started: Grupo De Hilos 1-30
2020-03-18 20:37:16,994 INFO o.a.j.t.JMeterThread: Thread started: Grupo De Hilos 1-31
2020-03-18 20:37:17,163 INFO o.a.j.t.JMeterThread: Thread started: Grupo De Hilos 1-32
2020-03-18 20:37:17,341 INFO o.a.j.t.JMeterThread: Thread started: Grupo De Hilos 1-33
2020-03-18 20:37:17,495 INFO o.a.j.t.JMeterThread: Thread started: Grupo De Hilos 1-34
2020-03-18 20:37:17,663 INFO o.a.j.t.JMeterThread: Thread started: Grupo De Hilos 1-35
2020-03-18 20:37:17,829 INFO o.a.j.t.JMeterThread: Thread started: Grupo De Hilos 1-36
2020-03-18 20:37:17,998 INFO o.a.j.t.JMeterThread: Thread started: Grupo De Hilos 1-37
2020-03-18 20:37:18,163 INFO o.a.j.t.JMeterThread: Thread started: Grupo De Hilos 1-38
2020-03-18 20:37:18,334 INFO o.a.j.t.JMeterThread: Thread started: Grupo De Hilos 1-39
2020-03-18 20:37:18,501 INFO o.a.j.t.JMeterThread: Thread started: Grupo De Hilos 1-40
2020-03-18 20:37:18,668 INFO o.a.j.t.JMeterThread: Thread started: Grupo De Hilos 1-41
2020-03-18 20:37:18,834 INFO o.a.j.t.JMeterThread: Thread started: Grupo De Hilos 1-42
2020-03-18 20:37:19,001 INFO o.a.j.t.JMeterThread: Thread started: Grupo De Hilos 1-43
2020-03-18 20:37:19,166 INFO o.a.j.t.JMeterThread: Thread started: Grupo De Hilos 1-44
2020-03-18 20:37:19,333 INFO o.a.j.t.JMeterThread: Thread started: Grupo De Hilos 1-45
2020-03-18 20:37:19,499 INFO o.a.j.t.JMeterThread: Thread started: Grupo De Hilos 1-46
2020-03-18 20:37:19,667 INFO o.a.j.t.JMeterThread: Thread started: Grupo De Hilos 1-47
2020-03-18 20:37:19,834 INFO o.a.j.t.JMeterThread: Thread started: Grupo De Hilos 1-48
2020-03-18 20:37:20,000 INFO o.a.j.t.JMeterThread: Thread started: Grupo De Hilos 1-49
2020-03-18 20:37:20,172 INFO o.a.j.t.JMeterThread: Thread started: Grupo De Hilos 1-50
2020-03-18 20:37:20,338 INFO o.a.j.t.JMeterThread: Thread started: Grupo De Hilos 1-51
2020-03-18 20:37:20,504 INFO o.a.j.t.JMeterThread: Thread started: Grupo De Hilos 1-52
2020-03-18 20:37:20,669 INFO o.a.j.t.JMeterThread: Thread started: Grupo De Hilos 1-53
2020-03-18 20:37:20,837 INFO o.a.j.t.JMeterThread: Thread started: Grupo De Hilos 1-54
2020-03-18 20:37:21,003 INFO o.a.j.t.JMeterThread: Thread started: Grupo De Hilos 1-55
2020-03-18 20:37:21,170 INFO o.a.j.t.JMeterThread: Thread started: Grupo De Hilos 1-56
2020-03-18 20:37:21,339 INFO o.a.j.t.JMeterThread: Thread started: Grupo De Hilos 1-57
2020-03-18 20:37:21,505 INFO o.a.j.t.JMeterThread: Thread started: Grupo De Hilos 1-58
2020-03-18 20:37:21,671 INFO o.a.j.t.JMeterThread: Thread started: Grupo De Hilos 1-59
2020-03-18 20:37:21,838 INFO o.a.j.t.JMeterThread: Thread started: Grupo De Hilos 1-60
2020-03-18 20:37:22,004 INFO o.a.j.t.JMeterThread: Thread started: Grupo De Hilos 1-61
2020-03-18 20:37:22,173 INFO o.a.j.t.JMeterThread: Thread started: Grupo De Hilos 1-62
2020-03-18 20:37:22,341 INFO o.a.j.t.JMeterThread: Thread started: Grupo De Hilos 1-63
2020-03-18 20:37:22,507 INFO o.a.j.t.JMeterThread: Thread started: Grupo De Hilos 1-64
2020-03-18 20:37:22,674 INFO o.a.j.t.JMeterThread: Thread started: Grupo De Hilos 1-65
2020-03-18 20:37:22,842 INFO o.a.j.t.JMeterThread: Thread started: Grupo De Hilos 1-66
2020-03-18 20:37:23,008 INFO o.a.j.t.JMeterThread: Thread started: Grupo De Hilos 1-67
2020-03-18 20:37:23,175 INFO o.a.j.t.JMeterThread: Thread started: Grupo De Hilos 1-68
2020-03-18 20:37:23,341 INFO o.a.j.t.JMeterThread: Thread started: Grupo De Hilos 1-69
2020-03-18 20:37:23,509 INFO o.a.j.t.JMeterThread: Thread started: Grupo De Hilos 1-70
2020-03-18 20:37:23,677 INFO o.a.j.t.JMeterThread: Thread started: Grupo De Hilos 1-71
2020-03-18 20:37:23,841 INFO o.a.j.t.JMeterThread: Thread started: Grupo De Hilos 1-72
2020-03-18 20:37:24,019 INFO o.a.j.t.JMeterThread: Thread started: Grupo De Hilos 1-73
2020-03-18 20:37:24,178 INFO o.a.j.t.JMeterThread: Thread started: Grupo De Hilos 1-74
2020-03-18 20:37:24,348 INFO o.a.j.t.JMeterThread: Thread started: Grupo De Hilos 1-75
2020-03-18 20:37:24,514 INFO o.a.j.t.JMeterThread: Thread started: Grupo De Hilos 1-76
2020-03-18 20:37:24,682 INFO o.a.j.t.JMeterThread: Thread started: Grupo De Hilos 1-77
2020-03-18 20:37:24,847 INFO o.a.j.t.JMeterThread: Thread started: Grupo De Hilos 1-78
2020-03-18 20:37:25,013 INFO o.a.j.t.JMeterThread: Thread started: Grupo De Hilos 1-79
2020-03-18 20:37:25,178 INFO o.a.j.t.JMeterThread: Thread started: Grupo De Hilos 1-80
2020-03-18 20:37:25,346 INFO o.a.j.t.JMeterThread: Thread started: Grupo De Hilos 1-81
2020-03-18 20:37:25,515 INFO o.a.j.t.JMeterThread: Thread started: Grupo De Hilos 1-82
2020-03-18 20:37:25,681 INFO o.a.j.t.JMeterThread: Thread started: Grupo De Hilos 1-83
2020-03-18 20:37:25,848 INFO o.a.j.t.JMeterThread: Thread started: Grupo De Hilos 1-84
2020-03-18 20:37:26,013 INFO o.a.j.t.JMeterThread: Thread started: Grupo De Hilos 1-85
2020-03-18 20:37:26,180 INFO o.a.j.t.JMeterThread: Thread started: Grupo De Hilos 1-86
2020-03-18 20:37:26,348 INFO o.a.j.t.JMeterThread: Thread started: Grupo De Hilos 1-87
2020-03-18 20:37:26,514 INFO o.a.j.t.JMeterThread: Thread started: Grupo De Hilos 1-88
2020-03-18 20:37:26,681 INFO o.a.j.t.JMeterThread: Thread started: Grupo De Hilos 1-89
2020-03-18 20:37:26,847 INFO o.a.j.t.JMeterThread: Thread started: Grupo De Hilos 1-90
2020-03-18 20:37:27,015 INFO o.a.j.t.JMeterThread: Thread started: Grupo De Hilos 1-91
2020-03-18 20:37:27,182 INFO o.a.j.t.JMeterThread: Thread started: Grupo De Hilos 1-92
2020-03-18 20:37:27,349 INFO o.a.j.t.JMeterThread: Thread started: Grupo De Hilos 1-93
2020-03-18 20:37:27,516 INFO o.a.j.t.JMeterThread: Thread started: Grupo De Hilos 1-94
2020-03-18 20:37:27,682 INFO o.a.j.t.JMeterThread: Thread started: Grupo De Hilos 1-95
2020-03-18 20:37:27,851 INFO o.a.j.t.JMeterThread: Thread started: Grupo De Hilos 1-96
2020-03-18 20:37:28,018 INFO o.a.j.t.JMeterThread: Thread started: Grupo De Hilos 1-97
2020-03-18 20:37:28,191 INFO o.a.j.t.JMeterThread: Thread started: Grupo De Hilos 1-98
2020-03-18 20:37:28,371 INFO o.a.j.t.JMeterThread: Thread started: Grupo De Hilos 1-99
2020-03-18 20:37:28,525 INFO o.a.j.t.JMeterThread: Thread started: Grupo De Hilos 1-100
2020-03-18 20:37:28,688 INFO o.a.j.t.JMeterThread: Thread started: Grupo De Hilos 1-101
2020-03-18 20:37:28,853 INFO o.a.j.t.JMeterThread: Thread started: Grupo De Hilos 1-102
2020-03-18 20:37:29,018 INFO o.a.j.t.JMeterThread: Thread started: Grupo De Hilos 1-103
2020-03-18 20:37:29,195 INFO o.a.j.t.JMeterThread: Thread started: Grupo De Hilos 1-104
2020-03-18 20:37:29,353 INFO o.a.j.t.JMeterThread: Thread started: Grupo De Hilos 1-105
2020-03-18 20:37:29,527 INFO o.a.j.t.JMeterThread: Thread started: Grupo De Hilos 1-106
2020-03-18 20:37:29,688 INFO o.a.j.t.JMeterThread: Thread started: Grupo De Hilos 1-107
2020-03-18 20:37:29,858 INFO o.a.j.t.JMeterThread: Thread started: Grupo De Hilos 1-108
2020-03-18 20:37:30,003 INFO o.a.j.r.Summariser: summary +  26575 in 00:00:18 = 1467.7/s Avg:    36 Min:    16 Max:   380 Err:     0 (0.00%) Active: 108 Started: 108 Finished: 0
2020-03-18 20:37:30,024 INFO o.a.j.t.JMeterThread: Thread started: Grupo De Hilos 1-109
2020-03-18 20:37:30,191 INFO o.a.j.t.JMeterThread: Thread started: Grupo De Hilos 1-110
2020-03-18 20:37:30,356 INFO o.a.j.t.JMeterThread: Thread started: Grupo De Hilos 1-111
2020-03-18 20:37:30,527 INFO o.a.j.t.JMeterThread: Thread started: Grupo De Hilos 1-112
2020-03-18 20:37:30,690 INFO o.a.j.t.JMeterThread: Thread started: Grupo De Hilos 1-113
2020-03-18 20:37:30,856 INFO o.a.j.t.JMeterThread: Thread started: Grupo De Hilos 1-114
2020-03-18 20:37:31,023 INFO o.a.j.t.JMeterThread: Thread started: Grupo De Hilos 1-115
2020-03-18 20:37:31,189 INFO o.a.j.t.JMeterThread: Thread started: Grupo De Hilos 1-116
2020-03-18 20:37:31,358 INFO o.a.j.t.JMeterThread: Thread started: Grupo De Hilos 1-117
2020-03-18 20:37:31,523 INFO o.a.j.t.JMeterThread: Thread started: Grupo De Hilos 1-118
2020-03-18 20:37:31,703 INFO o.a.j.t.JMeterThread: Thread started: Grupo De Hilos 1-119
2020-03-18 20:37:31,871 INFO o.a.j.t.JMeterThread: Thread started: Grupo De Hilos 1-120
2020-03-18 20:37:32,035 INFO o.a.j.t.JMeterThread: Thread started: Grupo De Hilos 1-121
2020-03-18 20:37:32,191 INFO o.a.j.t.JMeterThread: Thread started: Grupo De Hilos 1-122
2020-03-18 20:37:32,358 INFO o.a.j.t.JMeterThread: Thread started: Grupo De Hilos 1-123
2020-03-18 20:37:32,526 INFO o.a.j.t.JMeterThread: Thread started: Grupo De Hilos 1-124
2020-03-18 20:37:32,695 INFO o.a.j.t.JMeterThread: Thread started: Grupo De Hilos 1-125
2020-03-18 20:37:32,860 INFO o.a.j.t.JMeterThread: Thread started: Grupo De Hilos 1-126
2020-03-18 20:37:33,032 INFO o.a.j.t.JMeterThread: Thread started: Grupo De Hilos 1-127
2020-03-18 20:37:33,199 INFO o.a.j.t.JMeterThread: Thread started: Grupo De Hilos 1-128
2020-03-18 20:37:33,362 INFO o.a.j.t.JMeterThread: Thread started: Grupo De Hilos 1-129
2020-03-18 20:37:33,528 INFO o.a.j.t.JMeterThread: Thread started: Grupo De Hilos 1-130
2020-03-18 20:37:33,694 INFO o.a.j.t.JMeterThread: Thread started: Grupo De Hilos 1-131
2020-03-18 20:37:33,863 INFO o.a.j.t.JMeterThread: Thread started: Grupo De Hilos 1-132
2020-03-18 20:37:34,033 INFO o.a.j.t.JMeterThread: Thread started: Grupo De Hilos 1-133
2020-03-18 20:37:34,197 INFO o.a.j.t.JMeterThread: Thread started: Grupo De Hilos 1-134
2020-03-18 20:37:34,363 INFO o.a.j.t.JMeterThread: Thread started: Grupo De Hilos 1-135
2020-03-18 20:37:34,530 INFO o.a.j.t.JMeterThread: Thread started: Grupo De Hilos 1-136
2020-03-18 20:37:34,697 INFO o.a.j.t.JMeterThread: Thread started: Grupo De Hilos 1-137
2020-03-18 20:37:34,864 INFO o.a.j.t.JMeterThread: Thread started: Grupo De Hilos 1-138
2020-03-18 20:37:35,031 INFO o.a.j.t.JMeterThread: Thread started: Grupo De Hilos 1-139
2020-03-18 20:37:35,200 INFO o.a.j.t.JMeterThread: Thread started: Grupo De Hilos 1-140
2020-03-18 20:37:35,368 INFO o.a.j.t.JMeterThread: Thread started: Grupo De Hilos 1-141
2020-03-18 20:37:35,537 INFO o.a.j.t.JMeterThread: Thread started: Grupo De Hilos 1-142
2020-03-18 20:37:35,698 INFO o.a.j.t.JMeterThread: Thread started: Grupo De Hilos 1-143
2020-03-18 20:37:35,868 INFO o.a.j.t.JMeterThread: Thread started: Grupo De Hilos 1-144
2020-03-18 20:37:36,032 INFO o.a.j.t.JMeterThread: Thread started: Grupo De Hilos 1-145
2020-03-18 20:37:36,202 INFO o.a.j.t.JMeterThread: Thread started: Grupo De Hilos 1-146
2020-03-18 20:37:36,378 INFO o.a.j.t.JMeterThread: Thread started: Grupo De Hilos 1-147
2020-03-18 20:37:36,534 INFO o.a.j.t.JMeterThread: Thread started: Grupo De Hilos 1-148
2020-03-18 20:37:36,705 INFO o.a.j.t.JMeterThread: Thread started: Grupo De Hilos 1-149
2020-03-18 20:37:36,869 INFO o.a.j.t.JMeterThread: Thread started: Grupo De Hilos 1-150
2020-03-18 20:38:00,021 INFO o.a.j.r.Summariser: summary +  59667 in 00:00:30 = 1987.6/s Avg:    72 Min:    22 Max:   319 Err:     0 (0.00%) Active: 150 Started: 150 Finished: 0
2020-03-18 20:38:00,022 INFO o.a.j.r.Summariser: summary =  86242 in 00:00:48 = 1792.0/s Avg:    61 Min:    16 Max:   380 Err:     0 (0.00%)
2020-03-18 20:38:30,049 INFO o.a.j.r.Summariser: summary +  46596 in 00:00:30 = 1551.7/s Avg:    96 Min:    24 Max:  1557 Err:     0 (0.00%) Active: 150 Started: 150 Finished: 0
2020-03-18 20:38:30,051 INFO o.a.j.r.Summariser: summary = 132838 in 00:01:18 = 1699.7/s Avg:    73 Min:    16 Max:  1557 Err:     0 (0.00%)
2020-03-18 20:39:00,021 INFO o.a.j.r.Summariser: summary +  43807 in 00:00:30 = 1461.6/s Avg:   102 Min:    38 Max:   423 Err:     0 (0.00%) Active: 150 Started: 150 Finished: 0
2020-03-18 20:39:00,023 INFO o.a.j.r.Summariser: summary = 176645 in 00:01:48 = 1633.7/s Avg:    80 Min:    16 Max:  1557 Err:     0 (0.00%)
2020-03-18 20:39:30,018 INFO o.a.j.r.Summariser: summary +  47623 in 00:00:30 = 1587.6/s Avg:    94 Min:    32 Max:   550 Err:     0 (0.00%) Active: 150 Started: 150 Finished: 0
2020-03-18 20:39:30,020 INFO o.a.j.r.Summariser: summary = 224268 in 00:02:18 = 1623.7/s Avg:    83 Min:    16 Max:  1557 Err:     0 (0.00%)
2020-03-18 20:40:00,000 INFO o.a.j.r.Summariser: summary +  42344 in 00:00:30 = 1412.3/s Avg:   106 Min:    35 Max:  1296 Err:     0 (0.00%) Active: 150 Started: 150 Finished: 0
2020-03-18 20:40:00,001 INFO o.a.j.r.Summariser: summary = 266612 in 00:02:48 = 1586.0/s Avg:    87 Min:    16 Max:  1557 Err:     0 (0.00%)
2020-03-18 20:40:30,005 INFO o.a.j.r.Summariser: summary +  47815 in 00:00:30 = 1593.6/s Avg:    93 Min:    34 Max:  1236 Err:     0 (0.00%) Active: 150 Started: 150 Finished: 0
2020-03-18 20:40:30,006 INFO o.a.j.r.Summariser: summary = 314427 in 00:03:18 = 1587.1/s Avg:    88 Min:    16 Max:  1557 Err:     0 (0.00%)
2020-03-18 20:41:00,007 INFO o.a.j.r.Summariser: summary +  48138 in 00:00:30 = 1604.5/s Avg:    93 Min:    35 Max:   585 Err:     0 (0.00%) Active: 150 Started: 150 Finished: 0
2020-03-18 20:41:00,008 INFO o.a.j.r.Summariser: summary = 362565 in 00:03:48 = 1589.4/s Avg:    88 Min:    16 Max:  1557 Err:     0 (0.00%)
2020-03-18 20:41:11,998 INFO o.a.j.t.JMeterThread: Stopping because end time detected by thread: Grupo De Hilos 1-2
2020-03-18 20:41:11,999 INFO o.a.j.t.JMeterThread: Thread finished: Grupo De Hilos 1-2
2020-03-18 20:41:12,049 INFO o.a.j.t.JMeterThread: Stopping because end time detected by thread: Grupo De Hilos 1-13
2020-03-18 20:41:12,049 INFO o.a.j.t.JMeterThread: Thread finished: Grupo De Hilos 1-13
2020-03-18 20:41:12,050 INFO o.a.j.t.JMeterThread: Stopping because end time detected by thread: Grupo De Hilos 1-5
2020-03-18 20:41:12,051 INFO o.a.j.t.JMeterThread: Thread finished: Grupo De Hilos 1-5
2020-03-18 20:41:12,052 INFO o.a.j.t.JMeterThread: Stopping because end time detected by thread: Grupo De Hilos 1-27
2020-03-18 20:41:12,052 INFO o.a.j.t.JMeterThread: Thread finished: Grupo De Hilos 1-27
2020-03-18 20:41:12,057 INFO o.a.j.t.JMeterThread: Stopping because end time detected by thread: Grupo De Hilos 1-23
2020-03-18 20:41:12,057 INFO o.a.j.t.JMeterThread: Thread finished: Grupo De Hilos 1-23
2020-03-18 20:41:12,057 INFO o.a.j.t.JMeterThread: Stopping because end time detected by thread: Grupo De Hilos 1-1
2020-03-18 20:41:12,057 INFO o.a.j.t.JMeterThread: Stopping because end time detected by thread: Grupo De Hilos 1-14
2020-03-18 20:41:12,058 INFO o.a.j.t.JMeterThread: Thread finished: Grupo De Hilos 1-1
2020-03-18 20:41:12,058 INFO o.a.j.t.JMeterThread: Thread finished: Grupo De Hilos 1-14
2020-03-18 20:41:12,058 INFO o.a.j.t.JMeterThread: Stopping because end time detected by thread: Grupo De Hilos 1-18
2020-03-18 20:41:12,058 INFO o.a.j.t.JMeterThread: Thread finished: Grupo De Hilos 1-18
2020-03-18 20:41:12,059 INFO o.a.j.t.JMeterThread: Stopping because end time detected by thread: Grupo De Hilos 1-29
2020-03-18 20:41:12,060 INFO o.a.j.t.JMeterThread: Thread finished: Grupo De Hilos 1-29
2020-03-18 20:41:12,060 INFO o.a.j.t.JMeterThread: Stopping because end time detected by thread: Grupo De Hilos 1-11
2020-03-18 20:41:12,060 INFO o.a.j.t.JMeterThread: Stopping because end time detected by thread: Grupo De Hilos 1-20
2020-03-18 20:41:12,060 INFO o.a.j.t.JMeterThread: Thread finished: Grupo De Hilos 1-11
2020-03-18 20:41:12,061 INFO o.a.j.t.JMeterThread: Thread finished: Grupo De Hilos 1-20
2020-03-18 20:41:12,073 INFO o.a.j.t.JMeterThread: Stopping because end time detected by thread: Grupo De Hilos 1-3
2020-03-18 20:41:12,073 INFO o.a.j.t.JMeterThread: Thread finished: Grupo De Hilos 1-3
2020-03-18 20:41:12,073 INFO o.a.j.t.JMeterThread: Stopping because end time detected by thread: Grupo De Hilos 1-15
2020-03-18 20:41:12,075 INFO o.a.j.t.JMeterThread: Stopping because end time detected by thread: Grupo De Hilos 1-25
2020-03-18 20:41:12,074 INFO o.a.j.t.JMeterThread: Stopping because end time detected by thread: Grupo De Hilos 1-8
2020-03-18 20:41:12,076 INFO o.a.j.t.JMeterThread: Thread finished: Grupo De Hilos 1-8
2020-03-18 20:41:12,076 INFO o.a.j.t.JMeterThread: Stopping because end time detected by thread: Grupo De Hilos 1-26
2020-03-18 20:41:12,076 INFO o.a.j.t.JMeterThread: Thread finished: Grupo De Hilos 1-26
2020-03-18 20:41:12,074 INFO o.a.j.t.JMeterThread: Stopping because end time detected by thread: Grupo De Hilos 1-17
2020-03-18 20:41:12,074 INFO o.a.j.t.JMeterThread: Stopping because end time detected by thread: Grupo De Hilos 1-4
2020-03-18 20:41:12,076 INFO o.a.j.t.JMeterThread: Thread finished: Grupo De Hilos 1-15
2020-03-18 20:41:12,077 INFO o.a.j.t.JMeterThread: Thread finished: Grupo De Hilos 1-4
2020-03-18 20:41:12,077 INFO o.a.j.t.JMeterThread: Thread finished: Grupo De Hilos 1-17
2020-03-18 20:41:12,078 INFO o.a.j.t.JMeterThread: Thread finished: Grupo De Hilos 1-25
2020-03-18 20:41:12,078 INFO o.a.j.t.JMeterThread: Stopping because end time detected by thread: Grupo De Hilos 1-24
2020-03-18 20:41:12,078 INFO o.a.j.t.JMeterThread: Thread finished: Grupo De Hilos 1-24
2020-03-18 20:41:12,079 INFO o.a.j.t.JMeterThread: Stopping because end time detected by thread: Grupo De Hilos 1-21
2020-03-18 20:41:12,079 INFO o.a.j.t.JMeterThread: Thread finished: Grupo De Hilos 1-21
2020-03-18 20:41:12,080 INFO o.a.j.t.JMeterThread: Stopping because end time detected by thread: Grupo De Hilos 1-40
2020-03-18 20:41:12,080 INFO o.a.j.t.JMeterThread: Thread finished: Grupo De Hilos 1-40
2020-03-18 20:41:12,081 INFO o.a.j.t.JMeterThread: Stopping because end time detected by thread: Grupo De Hilos 1-28
2020-03-18 20:41:12,081 INFO o.a.j.t.JMeterThread: Thread finished: Grupo De Hilos 1-28
2020-03-18 20:41:12,083 INFO o.a.j.t.JMeterThread: Stopping because end time detected by thread: Grupo De Hilos 1-34
2020-03-18 20:41:12,083 INFO o.a.j.t.JMeterThread: Thread finished: Grupo De Hilos 1-34
2020-03-18 20:41:12,090 INFO o.a.j.t.JMeterThread: Stopping because end time detected by thread: Grupo De Hilos 1-12
2020-03-18 20:41:12,090 INFO o.a.j.t.JMeterThread: Stopping because end time detected by thread: Grupo De Hilos 1-46
2020-03-18 20:41:12,090 INFO o.a.j.t.JMeterThread: Stopping because end time detected by thread: Grupo De Hilos 1-6
2020-03-18 20:41:12,090 INFO o.a.j.t.JMeterThread: Thread finished: Grupo De Hilos 1-12
2020-03-18 20:41:12,091 INFO o.a.j.t.JMeterThread: Stopping because end time detected by thread: Grupo De Hilos 1-45
2020-03-18 20:41:12,091 INFO o.a.j.t.JMeterThread: Thread finished: Grupo De Hilos 1-45
2020-03-18 20:41:12,091 INFO o.a.j.t.JMeterThread: Thread finished: Grupo De Hilos 1-6
2020-03-18 20:41:12,092 INFO o.a.j.t.JMeterThread: Stopping because end time detected by thread: Grupo De Hilos 1-7
2020-03-18 20:41:12,092 INFO o.a.j.t.JMeterThread: Thread finished: Grupo De Hilos 1-7
2020-03-18 20:41:12,093 INFO o.a.j.t.JMeterThread: Stopping because end time detected by thread: Grupo De Hilos 1-9
2020-03-18 20:41:12,091 INFO o.a.j.t.JMeterThread: Thread finished: Grupo De Hilos 1-46
2020-03-18 20:41:12,093 INFO o.a.j.t.JMeterThread: Thread finished: Grupo De Hilos 1-9
2020-03-18 20:41:12,093 INFO o.a.j.t.JMeterThread: Stopping because end time detected by thread: Grupo De Hilos 1-44
2020-03-18 20:41:12,094 INFO o.a.j.t.JMeterThread: Thread finished: Grupo De Hilos 1-44
2020-03-18 20:41:12,109 INFO o.a.j.t.JMeterThread: Stopping because end time detected by thread: Grupo De Hilos 1-33
2020-03-18 20:41:12,110 INFO o.a.j.t.JMeterThread: Thread finished: Grupo De Hilos 1-33
2020-03-18 20:41:12,110 INFO o.a.j.t.JMeterThread: Stopping because end time detected by thread: Grupo De Hilos 1-32
2020-03-18 20:41:12,110 INFO o.a.j.t.JMeterThread: Thread finished: Grupo De Hilos 1-32
2020-03-18 20:41:12,110 INFO o.a.j.t.JMeterThread: Stopping because end time detected by thread: Grupo De Hilos 1-19
2020-03-18 20:41:12,110 INFO o.a.j.t.JMeterThread: Stopping because end time detected by thread: Grupo De Hilos 1-16
2020-03-18 20:41:12,110 INFO o.a.j.t.JMeterThread: Thread finished: Grupo De Hilos 1-19
2020-03-18 20:41:12,111 INFO o.a.j.t.JMeterThread: Stopping because end time detected by thread: Grupo De Hilos 1-10
2020-03-18 20:41:12,111 INFO o.a.j.t.JMeterThread: Stopping because end time detected by thread: Grupo De Hilos 1-39
2020-03-18 20:41:12,111 INFO o.a.j.t.JMeterThread: Thread finished: Grupo De Hilos 1-10
2020-03-18 20:41:12,111 INFO o.a.j.t.JMeterThread: Thread finished: Grupo De Hilos 1-39
2020-03-18 20:41:12,112 INFO o.a.j.t.JMeterThread: Stopping because end time detected by thread: Grupo De Hilos 1-36
2020-03-18 20:41:12,112 INFO o.a.j.t.JMeterThread: Stopping because end time detected by thread: Grupo De Hilos 1-22
2020-03-18 20:41:12,112 INFO o.a.j.t.JMeterThread: Thread finished: Grupo De Hilos 1-36
2020-03-18 20:41:12,112 INFO o.a.j.t.JMeterThread: Thread finished: Grupo De Hilos 1-22
2020-03-18 20:41:12,113 INFO o.a.j.t.JMeterThread: Stopping because end time detected by thread: Grupo De Hilos 1-57
2020-03-18 20:41:12,113 INFO o.a.j.t.JMeterThread: Thread finished: Grupo De Hilos 1-57
2020-03-18 20:41:12,113 INFO o.a.j.t.JMeterThread: Stopping because end time detected by thread: Grupo De Hilos 1-54
2020-03-18 20:41:12,113 INFO o.a.j.t.JMeterThread: Thread finished: Grupo De Hilos 1-16
2020-03-18 20:41:12,113 INFO o.a.j.t.JMeterThread: Thread finished: Grupo De Hilos 1-54
2020-03-18 20:41:12,114 INFO o.a.j.t.JMeterThread: Stopping because end time detected by thread: Grupo De Hilos 1-31
2020-03-18 20:41:12,114 INFO o.a.j.t.JMeterThread: Thread finished: Grupo De Hilos 1-31
2020-03-18 20:41:12,122 INFO o.a.j.t.JMeterThread: Stopping because end time detected by thread: Grupo De Hilos 1-62
2020-03-18 20:41:12,122 INFO o.a.j.t.JMeterThread: Thread finished: Grupo De Hilos 1-62
2020-03-18 20:41:12,123 INFO o.a.j.t.JMeterThread: Stopping because end time detected by thread: Grupo De Hilos 1-50
2020-03-18 20:41:12,123 INFO o.a.j.t.JMeterThread: Stopping because end time detected by thread: Grupo De Hilos 1-37
2020-03-18 20:41:12,123 INFO o.a.j.t.JMeterThread: Stopping because end time detected by thread: Grupo De Hilos 1-66
2020-03-18 20:41:12,123 INFO o.a.j.t.JMeterThread: Thread finished: Grupo De Hilos 1-50
2020-03-18 20:41:12,123 INFO o.a.j.t.JMeterThread: Stopping because end time detected by thread: Grupo De Hilos 1-52
2020-03-18 20:41:12,123 INFO o.a.j.t.JMeterThread: Thread finished: Grupo De Hilos 1-52
2020-03-18 20:41:12,122 INFO o.a.j.t.JMeterThread: Stopping because end time detected by thread: Grupo De Hilos 1-41
2020-03-18 20:41:12,123 INFO o.a.j.t.JMeterThread: Stopping because end time detected by thread: Grupo De Hilos 1-30
2020-03-18 20:41:12,123 INFO o.a.j.t.JMeterThread: Thread finished: Grupo De Hilos 1-66
2020-03-18 20:41:12,124 INFO o.a.j.t.JMeterThread: Thread finished: Grupo De Hilos 1-41
2020-03-18 20:41:12,124 INFO o.a.j.t.JMeterThread: Thread finished: Grupo De Hilos 1-30
2020-03-18 20:41:12,124 INFO o.a.j.t.JMeterThread: Thread finished: Grupo De Hilos 1-37
2020-03-18 20:41:12,124 INFO o.a.j.t.JMeterThread: Stopping because end time detected by thread: Grupo De Hilos 1-60
2020-03-18 20:41:12,125 INFO o.a.j.t.JMeterThread: Thread finished: Grupo De Hilos 1-60
2020-03-18 20:41:12,125 INFO o.a.j.t.JMeterThread: Stopping because end time detected by thread: Grupo De Hilos 1-51
2020-03-18 20:41:12,125 INFO o.a.j.t.JMeterThread: Thread finished: Grupo De Hilos 1-51
2020-03-18 20:41:12,126 INFO o.a.j.t.JMeterThread: Stopping because end time detected by thread: Grupo De Hilos 1-35
2020-03-18 20:41:12,126 INFO o.a.j.t.JMeterThread: Thread finished: Grupo De Hilos 1-35
2020-03-18 20:41:12,127 INFO o.a.j.t.JMeterThread: Stopping because end time detected by thread: Grupo De Hilos 1-64
2020-03-18 20:41:12,128 INFO o.a.j.t.JMeterThread: Stopping because end time detected by thread: Grupo De Hilos 1-47
2020-03-18 20:41:12,128 INFO o.a.j.t.JMeterThread: Thread finished: Grupo De Hilos 1-64
2020-03-18 20:41:12,128 INFO o.a.j.t.JMeterThread: Thread finished: Grupo De Hilos 1-47
2020-03-18 20:41:12,128 INFO o.a.j.t.JMeterThread: Stopping because end time detected by thread: Grupo De Hilos 1-38
2020-03-18 20:41:12,129 INFO o.a.j.t.JMeterThread: Stopping because end time detected by thread: Grupo De Hilos 1-48
2020-03-18 20:41:12,129 INFO o.a.j.t.JMeterThread: Thread finished: Grupo De Hilos 1-38
2020-03-18 20:41:12,129 INFO o.a.j.t.JMeterThread: Thread finished: Grupo De Hilos 1-48
2020-03-18 20:41:12,129 INFO o.a.j.t.JMeterThread: Stopping because end time detected by thread: Grupo De Hilos 1-73
2020-03-18 20:41:12,129 INFO o.a.j.t.JMeterThread: Thread finished: Grupo De Hilos 1-73
2020-03-18 20:41:12,158 INFO o.a.j.t.JMeterThread: Stopping because end time detected by thread: Grupo De Hilos 1-69
2020-03-18 20:41:12,158 INFO o.a.j.t.JMeterThread: Stopping because end time detected by thread: Grupo De Hilos 1-86
2020-03-18 20:41:12,158 INFO o.a.j.t.JMeterThread: Stopping because end time detected by thread: Grupo De Hilos 1-67
2020-03-18 20:41:12,159 INFO o.a.j.t.JMeterThread: Stopping because end time detected by thread: Grupo De Hilos 1-92
2020-03-18 20:41:12,159 INFO o.a.j.t.JMeterThread: Stopping because end time detected by thread: Grupo De Hilos 1-96
2020-03-18 20:41:12,159 INFO o.a.j.t.JMeterThread: Thread finished: Grupo De Hilos 1-67
2020-03-18 20:41:12,159 INFO o.a.j.t.JMeterThread: Thread finished: Grupo De Hilos 1-92
2020-03-18 20:41:12,159 INFO o.a.j.t.JMeterThread: Thread finished: Grupo De Hilos 1-96
2020-03-18 20:41:12,158 INFO o.a.j.t.JMeterThread: Thread finished: Grupo De Hilos 1-86
2020-03-18 20:41:12,158 INFO o.a.j.t.JMeterThread: Thread finished: Grupo De Hilos 1-69
2020-03-18 20:41:12,165 INFO o.a.j.t.JMeterThread: Stopping because end time detected by thread: Grupo De Hilos 1-42
2020-03-18 20:41:12,166 INFO o.a.j.t.JMeterThread: Thread finished: Grupo De Hilos 1-42
2020-03-18 20:41:12,166 INFO o.a.j.t.JMeterThread: Stopping because end time detected by thread: Grupo De Hilos 1-61
2020-03-18 20:41:12,166 INFO o.a.j.t.JMeterThread: Thread finished: Grupo De Hilos 1-61
2020-03-18 20:41:12,166 INFO o.a.j.t.JMeterThread: Stopping because end time detected by thread: Grupo De Hilos 1-80
2020-03-18 20:41:12,166 INFO o.a.j.t.JMeterThread: Stopping because end time detected by thread: Grupo De Hilos 1-68
2020-03-18 20:41:12,166 INFO o.a.j.t.JMeterThread: Thread finished: Grupo De Hilos 1-80
2020-03-18 20:41:12,167 INFO o.a.j.t.JMeterThread: Thread finished: Grupo De Hilos 1-68
2020-03-18 20:41:12,167 INFO o.a.j.t.JMeterThread: Stopping because end time detected by thread: Grupo De Hilos 1-63
2020-03-18 20:41:12,167 INFO o.a.j.t.JMeterThread: Stopping because end time detected by thread: Grupo De Hilos 1-59
2020-03-18 20:41:12,167 INFO o.a.j.t.JMeterThread: Thread finished: Grupo De Hilos 1-63
2020-03-18 20:41:12,167 INFO o.a.j.t.JMeterThread: Thread finished: Grupo De Hilos 1-59
2020-03-18 20:41:12,172 INFO o.a.j.t.JMeterThread: Stopping because end time detected by thread: Grupo De Hilos 1-81
2020-03-18 20:41:12,172 INFO o.a.j.t.JMeterThread: Stopping because end time detected by thread: Grupo De Hilos 1-55
2020-03-18 20:41:12,173 INFO o.a.j.t.JMeterThread: Stopping because end time detected by thread: Grupo De Hilos 1-99
2020-03-18 20:41:12,173 INFO o.a.j.t.JMeterThread: Thread finished: Grupo De Hilos 1-81
2020-03-18 20:41:12,173 INFO o.a.j.t.JMeterThread: Stopping because end time detected by thread: Grupo De Hilos 1-58
2020-03-18 20:41:12,173 INFO o.a.j.t.JMeterThread: Thread finished: Grupo De Hilos 1-58
2020-03-18 20:41:12,173 INFO o.a.j.t.JMeterThread: Stopping because end time detected by thread: Grupo De Hilos 1-97
2020-03-18 20:41:12,173 INFO o.a.j.t.JMeterThread: Thread finished: Grupo De Hilos 1-55
2020-03-18 20:41:12,174 INFO o.a.j.t.JMeterThread: Thread finished: Grupo De Hilos 1-97
2020-03-18 20:41:12,173 INFO o.a.j.t.JMeterThread: Thread finished: Grupo De Hilos 1-99
2020-03-18 20:41:12,173 INFO o.a.j.t.JMeterThread: Stopping because end time detected by thread: Grupo De Hilos 1-71
2020-03-18 20:41:12,174 INFO o.a.j.t.JMeterThread: Stopping because end time detected by thread: Grupo De Hilos 1-70
2020-03-18 20:41:12,174 INFO o.a.j.t.JMeterThread: Thread finished: Grupo De Hilos 1-71
2020-03-18 20:41:12,174 INFO o.a.j.t.JMeterThread: Stopping because end time detected by thread: Grupo De Hilos 1-82
2020-03-18 20:41:12,174 INFO o.a.j.t.JMeterThread: Thread finished: Grupo De Hilos 1-70
2020-03-18 20:41:12,175 INFO o.a.j.t.JMeterThread: Stopping because end time detected by thread: Grupo De Hilos 1-77
2020-03-18 20:41:12,174 INFO o.a.j.t.JMeterThread: Thread finished: Grupo De Hilos 1-82
2020-03-18 20:41:12,175 INFO o.a.j.t.JMeterThread: Stopping because end time detected by thread: Grupo De Hilos 1-49
2020-03-18 20:41:12,175 INFO o.a.j.t.JMeterThread: Stopping because end time detected by thread: Grupo De Hilos 1-79
2020-03-18 20:41:12,175 INFO o.a.j.t.JMeterThread: Thread finished: Grupo De Hilos 1-77
2020-03-18 20:41:12,175 INFO o.a.j.t.JMeterThread: Thread finished: Grupo De Hilos 1-49
2020-03-18 20:41:12,175 INFO o.a.j.t.JMeterThread: Thread finished: Grupo De Hilos 1-79
2020-03-18 20:41:12,176 INFO o.a.j.t.JMeterThread: Stopping because end time detected by thread: Grupo De Hilos 1-98
2020-03-18 20:41:12,176 INFO o.a.j.t.JMeterThread: Stopping because end time detected by thread: Grupo De Hilos 1-95
2020-03-18 20:41:12,176 INFO o.a.j.t.JMeterThread: Thread finished: Grupo De Hilos 1-98
2020-03-18 20:41:12,176 INFO o.a.j.t.JMeterThread: Thread finished: Grupo De Hilos 1-95
2020-03-18 20:41:12,177 INFO o.a.j.t.JMeterThread: Stopping because end time detected by thread: Grupo De Hilos 1-85
2020-03-18 20:41:12,178 INFO o.a.j.t.JMeterThread: Thread finished: Grupo De Hilos 1-85
2020-03-18 20:41:12,178 INFO o.a.j.t.JMeterThread: Stopping because end time detected by thread: Grupo De Hilos 1-53
2020-03-18 20:41:12,179 INFO o.a.j.t.JMeterThread: Stopping because end time detected by thread: Grupo De Hilos 1-76
2020-03-18 20:41:12,179 INFO o.a.j.t.JMeterThread: Stopping because end time detected by thread: Grupo De Hilos 1-78
2020-03-18 20:41:12,179 INFO o.a.j.t.JMeterThread: Thread finished: Grupo De Hilos 1-78
2020-03-18 20:41:12,179 INFO o.a.j.t.JMeterThread: Stopping because end time detected by thread: Grupo De Hilos 1-84
2020-03-18 20:41:12,179 INFO o.a.j.t.JMeterThread: Stopping because end time detected by thread: Grupo De Hilos 1-74
2020-03-18 20:41:12,180 INFO o.a.j.t.JMeterThread: Thread finished: Grupo De Hilos 1-84
2020-03-18 20:41:12,180 INFO o.a.j.t.JMeterThread: Thread finished: Grupo De Hilos 1-74
2020-03-18 20:41:12,180 INFO o.a.j.t.JMeterThread: Stopping because end time detected by thread: Grupo De Hilos 1-72
2020-03-18 20:41:12,179 INFO o.a.j.t.JMeterThread: Thread finished: Grupo De Hilos 1-53
2020-03-18 20:41:12,180 INFO o.a.j.t.JMeterThread: Thread finished: Grupo De Hilos 1-76
2020-03-18 20:41:12,180 INFO o.a.j.t.JMeterThread: Stopping because end time detected by thread: Grupo De Hilos 1-65
2020-03-18 20:41:12,180 INFO o.a.j.t.JMeterThread: Thread finished: Grupo De Hilos 1-72
2020-03-18 20:41:12,181 INFO o.a.j.t.JMeterThread: Thread finished: Grupo De Hilos 1-65
2020-03-18 20:41:12,181 INFO o.a.j.t.JMeterThread: Stopping because end time detected by thread: Grupo De Hilos 1-43
2020-03-18 20:41:12,181 INFO o.a.j.t.JMeterThread: Thread finished: Grupo De Hilos 1-43
2020-03-18 20:41:12,182 INFO o.a.j.t.JMeterThread: Stopping because end time detected by thread: Grupo De Hilos 1-75
2020-03-18 20:41:12,182 INFO o.a.j.t.JMeterThread: Thread finished: Grupo De Hilos 1-75
2020-03-18 20:41:12,184 INFO o.a.j.t.JMeterThread: Stopping because end time detected by thread: Grupo De Hilos 1-94
2020-03-18 20:41:12,185 INFO o.a.j.t.JMeterThread: Thread finished: Grupo De Hilos 1-94
2020-03-18 20:41:12,203 INFO o.a.j.t.JMeterThread: Stopping because end time detected by thread: Grupo De Hilos 1-89
2020-03-18 20:41:12,203 INFO o.a.j.t.JMeterThread: Thread finished: Grupo De Hilos 1-89
2020-03-18 20:41:12,203 INFO o.a.j.t.JMeterThread: Stopping because end time detected by thread: Grupo De Hilos 1-104
2020-03-18 20:41:12,203 INFO o.a.j.t.JMeterThread: Thread finished: Grupo De Hilos 1-104
2020-03-18 20:41:12,203 INFO o.a.j.t.JMeterThread: Stopping because end time detected by thread: Grupo De Hilos 1-91
2020-03-18 20:41:12,204 INFO o.a.j.t.JMeterThread: Thread finished: Grupo De Hilos 1-91
2020-03-18 20:41:12,204 INFO o.a.j.t.JMeterThread: Stopping because end time detected by thread: Grupo De Hilos 1-87
2020-03-18 20:41:12,204 INFO o.a.j.t.JMeterThread: Stopping because end time detected by thread: Grupo De Hilos 1-112
2020-03-18 20:41:12,204 INFO o.a.j.t.JMeterThread: Stopping because end time detected by thread: Grupo De Hilos 1-101
2020-03-18 20:41:12,205 INFO o.a.j.t.JMeterThread: Thread finished: Grupo De Hilos 1-87
2020-03-18 20:41:12,205 INFO o.a.j.t.JMeterThread: Thread finished: Grupo De Hilos 1-112
2020-03-18 20:41:12,205 INFO o.a.j.t.JMeterThread: Thread finished: Grupo De Hilos 1-101
2020-03-18 20:41:12,205 INFO o.a.j.t.JMeterThread: Stopping because end time detected by thread: Grupo De Hilos 1-103
2020-03-18 20:41:12,205 INFO o.a.j.t.JMeterThread: Stopping because end time detected by thread: Grupo De Hilos 1-100
2020-03-18 20:41:12,205 INFO o.a.j.t.JMeterThread: Thread finished: Grupo De Hilos 1-103
2020-03-18 20:41:12,206 INFO o.a.j.t.JMeterThread: Thread finished: Grupo De Hilos 1-100
2020-03-18 20:41:12,203 INFO o.a.j.t.JMeterThread: Stopping because end time detected by thread: Grupo De Hilos 1-109
2020-03-18 20:41:12,206 INFO o.a.j.t.JMeterThread: Thread finished: Grupo De Hilos 1-109
2020-03-18 20:41:12,232 INFO o.a.j.t.JMeterThread: Stopping because end time detected by thread: Grupo De Hilos 1-117
2020-03-18 20:41:12,232 INFO o.a.j.t.JMeterThread: Stopping because end time detected by thread: Grupo De Hilos 1-83
2020-03-18 20:41:12,233 INFO o.a.j.t.JMeterThread: Thread finished: Grupo De Hilos 1-117
2020-03-18 20:41:12,233 INFO o.a.j.t.JMeterThread: Stopping because end time detected by thread: Grupo De Hilos 1-118
2020-03-18 20:41:12,233 INFO o.a.j.t.JMeterThread: Thread finished: Grupo De Hilos 1-83
2020-03-18 20:41:12,233 INFO o.a.j.t.JMeterThread: Thread finished: Grupo De Hilos 1-118
2020-03-18 20:41:12,240 INFO o.a.j.t.JMeterThread: Stopping because end time detected by thread: Grupo De Hilos 1-56
2020-03-18 20:41:12,240 INFO o.a.j.t.JMeterThread: Stopping because end time detected by thread: Grupo De Hilos 1-106
2020-03-18 20:41:12,240 INFO o.a.j.t.JMeterThread: Thread finished: Grupo De Hilos 1-56
2020-03-18 20:41:12,240 INFO o.a.j.t.JMeterThread: Thread finished: Grupo De Hilos 1-106
2020-03-18 20:41:12,240 INFO o.a.j.t.JMeterThread: Stopping because end time detected by thread: Grupo De Hilos 1-130
2020-03-18 20:41:12,240 INFO o.a.j.t.JMeterThread: Stopping because end time detected by thread: Grupo De Hilos 1-108
2020-03-18 20:41:12,241 INFO o.a.j.t.JMeterThread: Thread finished: Grupo De Hilos 1-130
2020-03-18 20:41:12,241 INFO o.a.j.t.JMeterThread: Stopping because end time detected by thread: Grupo De Hilos 1-111
2020-03-18 20:41:12,241 INFO o.a.j.t.JMeterThread: Thread finished: Grupo De Hilos 1-108
2020-03-18 20:41:12,241 INFO o.a.j.t.JMeterThread: Thread finished: Grupo De Hilos 1-111
2020-03-18 20:41:12,242 INFO o.a.j.t.JMeterThread: Stopping because end time detected by thread: Grupo De Hilos 1-132
2020-03-18 20:41:12,242 INFO o.a.j.t.JMeterThread: Stopping because end time detected by thread: Grupo De Hilos 1-122
2020-03-18 20:41:12,242 INFO o.a.j.t.JMeterThread: Stopping because end time detected by thread: Grupo De Hilos 1-134
2020-03-18 20:41:12,242 INFO o.a.j.t.JMeterThread: Thread finished: Grupo De Hilos 1-132
2020-03-18 20:41:12,242 INFO o.a.j.t.JMeterThread: Thread finished: Grupo De Hilos 1-122
2020-03-18 20:41:12,242 INFO o.a.j.t.JMeterThread: Stopping because end time detected by thread: Grupo De Hilos 1-105
2020-03-18 20:41:12,242 INFO o.a.j.t.JMeterThread: Thread finished: Grupo De Hilos 1-105
2020-03-18 20:41:12,243 INFO o.a.j.t.JMeterThread: Stopping because end time detected by thread: Grupo De Hilos 1-107
2020-03-18 20:41:12,243 INFO o.a.j.t.JMeterThread: Stopping because end time detected by thread: Grupo De Hilos 1-120
2020-03-18 20:41:12,243 INFO o.a.j.t.JMeterThread: Thread finished: Grupo De Hilos 1-134
2020-03-18 20:41:12,243 INFO o.a.j.t.JMeterThread: Thread finished: Grupo De Hilos 1-120
2020-03-18 20:41:12,243 INFO o.a.j.t.JMeterThread: Thread finished: Grupo De Hilos 1-107
2020-03-18 20:41:12,243 INFO o.a.j.t.JMeterThread: Stopping because end time detected by thread: Grupo De Hilos 1-88
2020-03-18 20:41:12,243 INFO o.a.j.t.JMeterThread: Thread finished: Grupo De Hilos 1-88
2020-03-18 20:41:12,244 INFO o.a.j.t.JMeterThread: Stopping because end time detected by thread: Grupo De Hilos 1-131
2020-03-18 20:41:12,244 INFO o.a.j.t.JMeterThread: Thread finished: Grupo De Hilos 1-131
2020-03-18 20:41:12,244 INFO o.a.j.t.JMeterThread: Stopping because end time detected by thread: Grupo De Hilos 1-90
2020-03-18 20:41:12,244 INFO o.a.j.t.JMeterThread: Thread finished: Grupo De Hilos 1-90
2020-03-18 20:41:12,246 INFO o.a.j.t.JMeterThread: Stopping because end time detected by thread: Grupo De Hilos 1-119
2020-03-18 20:41:12,246 INFO o.a.j.t.JMeterThread: Thread finished: Grupo De Hilos 1-119
2020-03-18 20:41:12,246 INFO o.a.j.t.JMeterThread: Stopping because end time detected by thread: Grupo De Hilos 1-116
2020-03-18 20:41:12,246 INFO o.a.j.t.JMeterThread: Stopping because end time detected by thread: Grupo De Hilos 1-110
2020-03-18 20:41:12,246 INFO o.a.j.t.JMeterThread: Thread finished: Grupo De Hilos 1-116
2020-03-18 20:41:12,247 INFO o.a.j.t.JMeterThread: Thread finished: Grupo De Hilos 1-110
2020-03-18 20:41:12,247 INFO o.a.j.t.JMeterThread: Stopping because end time detected by thread: Grupo De Hilos 1-114
2020-03-18 20:41:12,247 INFO o.a.j.t.JMeterThread: Thread finished: Grupo De Hilos 1-114
2020-03-18 20:41:12,248 INFO o.a.j.t.JMeterThread: Stopping because end time detected by thread: Grupo De Hilos 1-93
2020-03-18 20:41:12,248 INFO o.a.j.t.JMeterThread: Thread finished: Grupo De Hilos 1-93
2020-03-18 20:41:12,248 INFO o.a.j.t.JMeterThread: Stopping because end time detected by thread: Grupo De Hilos 1-113
2020-03-18 20:41:12,248 INFO o.a.j.t.JMeterThread: Stopping because end time detected by thread: Grupo De Hilos 1-127
2020-03-18 20:41:12,248 INFO o.a.j.t.JMeterThread: Thread finished: Grupo De Hilos 1-127
2020-03-18 20:41:12,248 INFO o.a.j.t.JMeterThread: Thread finished: Grupo De Hilos 1-113
2020-03-18 20:41:12,269 INFO o.a.j.t.JMeterThread: Stopping because end time detected by thread: Grupo De Hilos 1-141
2020-03-18 20:41:12,269 INFO o.a.j.t.JMeterThread: Thread finished: Grupo De Hilos 1-141
2020-03-18 20:41:12,271 INFO o.a.j.t.JMeterThread: Stopping because end time detected by thread: Grupo De Hilos 1-133
2020-03-18 20:41:12,271 INFO o.a.j.t.JMeterThread: Stopping because end time detected by thread: Grupo De Hilos 1-135
2020-03-18 20:41:12,271 INFO o.a.j.t.JMeterThread: Thread finished: Grupo De Hilos 1-133
2020-03-18 20:41:12,271 INFO o.a.j.t.JMeterThread: Stopping because end time detected by thread: Grupo De Hilos 1-115
2020-03-18 20:41:12,271 INFO o.a.j.t.JMeterThread: Thread finished: Grupo De Hilos 1-115
2020-03-18 20:41:12,271 INFO o.a.j.t.JMeterThread: Thread finished: Grupo De Hilos 1-135
2020-03-18 20:41:12,272 INFO o.a.j.t.JMeterThread: Stopping because end time detected by thread: Grupo De Hilos 1-121
2020-03-18 20:41:12,272 INFO o.a.j.t.JMeterThread: Stopping because end time detected by thread: Grupo De Hilos 1-125
2020-03-18 20:41:12,272 INFO o.a.j.t.JMeterThread: Thread finished: Grupo De Hilos 1-125
2020-03-18 20:41:12,271 INFO o.a.j.t.JMeterThread: Stopping because end time detected by thread: Grupo De Hilos 1-147
2020-03-18 20:41:12,272 INFO o.a.j.t.JMeterThread: Thread finished: Grupo De Hilos 1-121
2020-03-18 20:41:12,272 INFO o.a.j.t.JMeterThread: Thread finished: Grupo De Hilos 1-147
2020-03-18 20:41:12,273 INFO o.a.j.t.JMeterThread: Stopping because end time detected by thread: Grupo De Hilos 1-123
2020-03-18 20:41:12,273 INFO o.a.j.t.JMeterThread: Thread finished: Grupo De Hilos 1-123
2020-03-18 20:41:12,273 INFO o.a.j.t.JMeterThread: Stopping because end time detected by thread: Grupo De Hilos 1-102
2020-03-18 20:41:12,273 INFO o.a.j.t.JMeterThread: Thread finished: Grupo De Hilos 1-102
2020-03-18 20:41:12,277 INFO o.a.j.t.JMeterThread: Stopping because end time detected by thread: Grupo De Hilos 1-128
2020-03-18 20:41:12,277 INFO o.a.j.t.JMeterThread: Stopping because end time detected by thread: Grupo De Hilos 1-150
2020-03-18 20:41:12,278 INFO o.a.j.t.JMeterThread: Thread finished: Grupo De Hilos 1-128
2020-03-18 20:41:12,278 INFO o.a.j.t.JMeterThread: Stopping because end time detected by thread: Grupo De Hilos 1-146
2020-03-18 20:41:12,278 INFO o.a.j.t.JMeterThread: Stopping because end time detected by thread: Grupo De Hilos 1-142
2020-03-18 20:41:12,278 INFO o.a.j.t.JMeterThread: Thread finished: Grupo De Hilos 1-146
2020-03-18 20:41:12,277 INFO o.a.j.t.JMeterThread: Stopping because end time detected by thread: Grupo De Hilos 1-145
2020-03-18 20:41:12,278 INFO o.a.j.t.JMeterThread: Stopping because end time detected by thread: Grupo De Hilos 1-140
2020-03-18 20:41:12,278 INFO o.a.j.t.JMeterThread: Thread finished: Grupo De Hilos 1-140
2020-03-18 20:41:12,278 INFO o.a.j.t.JMeterThread: Thread finished: Grupo De Hilos 1-150
2020-03-18 20:41:12,278 INFO o.a.j.t.JMeterThread: Stopping because end time detected by thread: Grupo De Hilos 1-136
2020-03-18 20:41:12,278 INFO o.a.j.t.JMeterThread: Thread finished: Grupo De Hilos 1-145
2020-03-18 20:41:12,278 INFO o.a.j.t.JMeterThread: Thread finished: Grupo De Hilos 1-142
2020-03-18 20:41:12,278 INFO o.a.j.t.JMeterThread: Stopping because end time detected by thread: Grupo De Hilos 1-149
2020-03-18 20:41:12,279 INFO o.a.j.t.JMeterThread: Thread finished: Grupo De Hilos 1-136
2020-03-18 20:41:12,279 INFO o.a.j.t.JMeterThread: Thread finished: Grupo De Hilos 1-149
2020-03-18 20:41:12,280 INFO o.a.j.t.JMeterThread: Stopping because end time detected by thread: Grupo De Hilos 1-143
2020-03-18 20:41:12,280 INFO o.a.j.t.JMeterThread: Stopping because end time detected by thread: Grupo De Hilos 1-126
2020-03-18 20:41:12,280 INFO o.a.j.t.JMeterThread: Stopping because end time detected by thread: Grupo De Hilos 1-137
2020-03-18 20:41:12,280 INFO o.a.j.t.JMeterThread: Stopping because end time detected by thread: Grupo De Hilos 1-138
2020-03-18 20:41:12,280 INFO o.a.j.t.JMeterThread: Thread finished: Grupo De Hilos 1-143
2020-03-18 20:41:12,280 INFO o.a.j.t.JMeterThread: Thread finished: Grupo De Hilos 1-137
2020-03-18 20:41:12,280 INFO o.a.j.t.JMeterThread: Stopping because end time detected by thread: Grupo De Hilos 1-139
2020-03-18 20:41:12,280 INFO o.a.j.t.JMeterThread: Thread finished: Grupo De Hilos 1-139
2020-03-18 20:41:12,280 INFO o.a.j.t.JMeterThread: Stopping because end time detected by thread: Grupo De Hilos 1-124
2020-03-18 20:41:12,281 INFO o.a.j.t.JMeterThread: Thread finished: Grupo De Hilos 1-124
2020-03-18 20:41:12,281 INFO o.a.j.t.JMeterThread: Stopping because end time detected by thread: Grupo De Hilos 1-148
2020-03-18 20:41:12,281 INFO o.a.j.t.JMeterThread: Thread finished: Grupo De Hilos 1-148
2020-03-18 20:41:12,281 INFO o.a.j.t.JMeterThread: Thread finished: Grupo De Hilos 1-126
2020-03-18 20:41:12,282 INFO o.a.j.t.JMeterThread: Thread finished: Grupo De Hilos 1-138
2020-03-18 20:41:12,282 INFO o.a.j.t.JMeterThread: Stopping because end time detected by thread: Grupo De Hilos 1-144
2020-03-18 20:41:12,282 INFO o.a.j.t.JMeterThread: Thread finished: Grupo De Hilos 1-144
2020-03-18 20:41:12,286 INFO o.a.j.t.JMeterThread: Stopping because end time detected by thread: Grupo De Hilos 1-129
2020-03-18 20:41:12,286 INFO o.a.j.t.JMeterThread: Thread finished: Grupo De Hilos 1-129
2020-03-18 20:41:12,287 INFO o.a.j.e.StandardJMeterEngine: Notifying test listeners of end of test
2020-03-18 20:41:12,289 INFO o.a.j.r.Summariser: summary +  20478 in 00:00:12 = 1667.3/s Avg:    89 Min:    31 Max:   385 Err:     0 (0.00%) Active: 0 Started: 150 Finished: 150
2020-03-18 20:41:12,290 INFO o.a.j.r.Summariser: summary = 383043 in 00:04:00 = 1593.4/s Avg:    88 Min:    16 Max:  1557 Err:     0 (0.00%)
