2020-03-18 20:33:06,087 INFO o.a.j.u.JMeterUtils: Setting Locale to en_US
2020-03-18 20:33:06,129 INFO o.a.j.JMeter: Loading user properties from: user.properties
2020-03-18 20:33:06,131 INFO o.a.j.JMeter: Loading system properties from: system.properties
2020-03-18 20:33:06,132 INFO o.a.j.JMeter: Setting System property: HILOS=75
2020-03-18 20:33:06,132 INFO o.a.j.JMeter: Setting System property: SUBIDA=15
2020-03-18 20:33:06,133 INFO o.a.j.JMeter: Setting System property: DURACION=240
2020-03-18 20:33:06,136 INFO o.a.j.JMeter: Copyright (c) 1998-2019 The Apache Software Foundation
2020-03-18 20:33:06,136 INFO o.a.j.JMeter: Version 5.2.1
2020-03-18 20:33:06,136 INFO o.a.j.JMeter: java.version=1.8.0_201
2020-03-18 20:33:06,136 INFO o.a.j.JMeter: java.vm.name=Java HotSpot(TM) 64-Bit Server VM
2020-03-18 20:33:06,137 INFO o.a.j.JMeter: os.name=Linux
2020-03-18 20:33:06,137 INFO o.a.j.JMeter: os.arch=amd64
2020-03-18 20:33:06,137 INFO o.a.j.JMeter: os.version=4.15.0-88-generic
2020-03-18 20:33:06,137 INFO o.a.j.JMeter: file.encoding=UTF-8
2020-03-18 20:33:06,138 INFO o.a.j.JMeter: java.awt.headless=true
2020-03-18 20:33:06,138 INFO o.a.j.JMeter: Max memory     =732954624
2020-03-18 20:33:06,138 INFO o.a.j.JMeter: Available Processors =4
2020-03-18 20:33:06,183 INFO o.a.j.JMeter: Default Locale=English (United States)
2020-03-18 20:33:06,184 INFO o.a.j.JMeter: JMeter  Locale=English (United States)
2020-03-18 20:33:06,185 INFO o.a.j.JMeter: JMeterHome=/home/pablo/jmeter
2020-03-18 20:33:06,185 INFO o.a.j.JMeter: user.dir  =/home/pablo/jmeter/bin
2020-03-18 20:33:06,186 INFO o.a.j.JMeter: PWD       =/home/pablo/jmeter/bin
2020-03-18 20:33:06,186 INFO o.a.j.JMeter: IP: 127.0.1.1 Name: hylianpablo FullName: hylianpablo
2020-03-18 20:33:06,198 INFO o.a.j.s.FileServer: Default base='/home/pablo/jmeter/bin'
2020-03-18 20:33:06,213 INFO o.a.j.s.FileServer: Set new base='/home/pablo/jmeter/bin'
2020-03-18 20:33:06,533 INFO o.a.j.s.SaveService: Testplan (JMX) version: 2.2. Testlog (JTL) version: 2.2
2020-03-18 20:33:06,555 INFO o.a.j.s.SaveService: Using SaveService properties file encoding UTF-8
2020-03-18 20:33:06,569 INFO o.a.j.s.SaveService: Using SaveService properties version 5.0
2020-03-18 20:33:06,587 INFO o.a.j.s.SaveService: Loading file: Funciona.jmx
2020-03-18 20:33:06,663 INFO o.a.j.p.h.c.CookieManager: Settings: Delete null: true Check: true Allow variable: true Save: false Prefix: COOKIE_
2020-03-18 20:33:06,758 INFO o.a.j.p.h.s.HTTPSamplerBase: Parser for text/html is org.apache.jmeter.protocol.http.parser.LagartoBasedHtmlParser
2020-03-18 20:33:06,758 INFO o.a.j.p.h.s.HTTPSamplerBase: Parser for application/xhtml+xml is org.apache.jmeter.protocol.http.parser.LagartoBasedHtmlParser
2020-03-18 20:33:06,758 INFO o.a.j.p.h.s.HTTPSamplerBase: Parser for application/xml is org.apache.jmeter.protocol.http.parser.LagartoBasedHtmlParser
2020-03-18 20:33:06,759 INFO o.a.j.p.h.s.HTTPSamplerBase: Parser for text/xml is org.apache.jmeter.protocol.http.parser.LagartoBasedHtmlParser
2020-03-18 20:33:06,759 INFO o.a.j.p.h.s.HTTPSamplerBase: Parser for text/vnd.wap.wml is org.apache.jmeter.protocol.http.parser.RegexpHTMLParser
2020-03-18 20:33:06,759 INFO o.a.j.p.h.s.HTTPSamplerBase: Parser for text/css is org.apache.jmeter.protocol.http.parser.CssParser
2020-03-18 20:33:06,862 INFO o.a.j.JMeter: Creating summariser <summary>
2020-03-18 20:33:06,874 INFO o.a.j.e.StandardJMeterEngine: Running the test!
2020-03-18 20:33:06,877 INFO o.a.j.s.SampleEvent: List of sample_variables: []
2020-03-18 20:33:06,877 INFO o.a.j.s.SampleEvent: List of sample_variables: []
2020-03-18 20:33:06,890 INFO o.a.j.e.u.CompoundVariable: Note: Function class names must contain the string: '.functions.'
2020-03-18 20:33:06,891 INFO o.a.j.e.u.CompoundVariable: Note: Function class names must not contain the string: '.gui.'
2020-03-18 20:33:07,739 INFO o.a.j.JMeter: Running test (1584559987739)
2020-03-18 20:33:07,820 INFO o.a.j.e.StandardJMeterEngine: Starting ThreadGroup: 1 : Grupo De Hilos
2020-03-18 20:33:07,820 INFO o.a.j.e.StandardJMeterEngine: Starting 75 threads for group Grupo De Hilos.
2020-03-18 20:33:07,821 INFO o.a.j.e.StandardJMeterEngine: Thread will continue on error
2020-03-18 20:33:07,821 INFO o.a.j.t.ThreadGroup: Starting thread group... number=1 threads=75 ramp-up=15 delayedStart=false
2020-03-18 20:33:07,836 INFO o.a.j.t.JMeterThread: Thread started: Grupo De Hilos 1-1
2020-03-18 20:33:07,914 INFO o.a.j.p.h.s.HTTPHCAbstractImpl: Local host = hylianpablo
2020-03-18 20:33:07,930 INFO o.a.j.p.h.s.HTTPHC4Impl: HTTP request retry count = 0
2020-03-18 20:33:07,938 INFO o.a.j.s.SampleResult: Note: Sample TimeStamps are START times
2020-03-18 20:33:07,938 INFO o.a.j.s.SampleResult: sampleresult.default.encoding is set to ISO-8859-1
2020-03-18 20:33:07,940 INFO o.a.j.s.SampleResult: sampleresult.useNanoTime=true
2020-03-18 20:33:07,941 INFO o.a.j.s.SampleResult: sampleresult.nanoThreadSleep=5000
2020-03-18 20:33:07,981 INFO o.a.j.t.ThreadGroup: Started thread group number 1
2020-03-18 20:33:07,982 INFO o.a.j.e.StandardJMeterEngine: All thread groups have been started
2020-03-18 20:33:08,027 INFO o.a.j.t.JMeterThread: Thread started: Grupo De Hilos 1-2
2020-03-18 20:33:08,225 INFO o.a.j.t.JMeterThread: Thread started: Grupo De Hilos 1-3
2020-03-18 20:33:08,426 INFO o.a.j.t.JMeterThread: Thread started: Grupo De Hilos 1-4
2020-03-18 20:33:08,627 INFO o.a.j.t.JMeterThread: Thread started: Grupo De Hilos 1-5
2020-03-18 20:33:08,827 INFO o.a.j.t.JMeterThread: Thread started: Grupo De Hilos 1-6
2020-03-18 20:33:09,024 INFO o.a.j.t.JMeterThread: Thread started: Grupo De Hilos 1-7
2020-03-18 20:33:09,227 INFO o.a.j.t.JMeterThread: Thread started: Grupo De Hilos 1-8
2020-03-18 20:33:09,426 INFO o.a.j.t.JMeterThread: Thread started: Grupo De Hilos 1-9
2020-03-18 20:33:09,625 INFO o.a.j.t.JMeterThread: Thread started: Grupo De Hilos 1-10
2020-03-18 20:33:09,824 INFO o.a.j.t.JMeterThread: Thread started: Grupo De Hilos 1-11
2020-03-18 20:33:10,025 INFO o.a.j.t.JMeterThread: Thread started: Grupo De Hilos 1-12
2020-03-18 20:33:10,229 INFO o.a.j.t.JMeterThread: Thread started: Grupo De Hilos 1-13
2020-03-18 20:33:10,426 INFO o.a.j.t.JMeterThread: Thread started: Grupo De Hilos 1-14
2020-03-18 20:33:10,625 INFO o.a.j.t.JMeterThread: Thread started: Grupo De Hilos 1-15
2020-03-18 20:33:10,825 INFO o.a.j.t.JMeterThread: Thread started: Grupo De Hilos 1-16
2020-03-18 20:33:11,023 INFO o.a.j.t.JMeterThread: Thread started: Grupo De Hilos 1-17
2020-03-18 20:33:11,225 INFO o.a.j.t.JMeterThread: Thread started: Grupo De Hilos 1-18
2020-03-18 20:33:11,424 INFO o.a.j.t.JMeterThread: Thread started: Grupo De Hilos 1-19
2020-03-18 20:33:11,623 INFO o.a.j.t.JMeterThread: Thread started: Grupo De Hilos 1-20
2020-03-18 20:33:11,824 INFO o.a.j.t.JMeterThread: Thread started: Grupo De Hilos 1-21
2020-03-18 20:33:12,023 INFO o.a.j.t.JMeterThread: Thread started: Grupo De Hilos 1-22
2020-03-18 20:33:12,224 INFO o.a.j.t.JMeterThread: Thread started: Grupo De Hilos 1-23
2020-03-18 20:33:12,423 INFO o.a.j.t.JMeterThread: Thread started: Grupo De Hilos 1-24
2020-03-18 20:33:12,623 INFO o.a.j.t.JMeterThread: Thread started: Grupo De Hilos 1-25
2020-03-18 20:33:12,824 INFO o.a.j.t.JMeterThread: Thread started: Grupo De Hilos 1-26
2020-03-18 20:33:13,024 INFO o.a.j.t.JMeterThread: Thread started: Grupo De Hilos 1-27
2020-03-18 20:33:13,223 INFO o.a.j.t.JMeterThread: Thread started: Grupo De Hilos 1-28
2020-03-18 20:33:13,423 INFO o.a.j.t.JMeterThread: Thread started: Grupo De Hilos 1-29
2020-03-18 20:33:13,622 INFO o.a.j.t.JMeterThread: Thread started: Grupo De Hilos 1-30
2020-03-18 20:33:13,826 INFO o.a.j.t.JMeterThread: Thread started: Grupo De Hilos 1-31
2020-03-18 20:33:14,026 INFO o.a.j.t.JMeterThread: Thread started: Grupo De Hilos 1-32
2020-03-18 20:33:14,222 INFO o.a.j.t.JMeterThread: Thread started: Grupo De Hilos 1-33
2020-03-18 20:33:14,427 INFO o.a.j.t.JMeterThread: Thread started: Grupo De Hilos 1-34
2020-03-18 20:33:14,623 INFO o.a.j.t.JMeterThread: Thread started: Grupo De Hilos 1-35
2020-03-18 20:33:14,822 INFO o.a.j.t.JMeterThread: Thread started: Grupo De Hilos 1-36
2020-03-18 20:33:15,023 INFO o.a.j.t.JMeterThread: Thread started: Grupo De Hilos 1-37
2020-03-18 20:33:15,222 INFO o.a.j.t.JMeterThread: Thread started: Grupo De Hilos 1-38
2020-03-18 20:33:15,423 INFO o.a.j.t.JMeterThread: Thread started: Grupo De Hilos 1-39
2020-03-18 20:33:15,622 INFO o.a.j.t.JMeterThread: Thread started: Grupo De Hilos 1-40
2020-03-18 20:33:15,823 INFO o.a.j.t.JMeterThread: Thread started: Grupo De Hilos 1-41
2020-03-18 20:33:16,023 INFO o.a.j.t.JMeterThread: Thread started: Grupo De Hilos 1-42
2020-03-18 20:33:16,225 INFO o.a.j.t.JMeterThread: Thread started: Grupo De Hilos 1-43
2020-03-18 20:33:16,424 INFO o.a.j.t.JMeterThread: Thread started: Grupo De Hilos 1-44
2020-03-18 20:33:16,624 INFO o.a.j.t.JMeterThread: Thread started: Grupo De Hilos 1-45
2020-03-18 20:33:16,824 INFO o.a.j.t.JMeterThread: Thread started: Grupo De Hilos 1-46
2020-03-18 20:33:17,033 INFO o.a.j.t.JMeterThread: Thread started: Grupo De Hilos 1-47
2020-03-18 20:33:17,236 INFO o.a.j.t.JMeterThread: Thread started: Grupo De Hilos 1-48
2020-03-18 20:33:17,434 INFO o.a.j.t.JMeterThread: Thread started: Grupo De Hilos 1-49
2020-03-18 20:33:17,624 INFO o.a.j.t.JMeterThread: Thread started: Grupo De Hilos 1-50
2020-03-18 20:33:17,825 INFO o.a.j.t.JMeterThread: Thread started: Grupo De Hilos 1-51
2020-03-18 20:33:18,024 INFO o.a.j.t.JMeterThread: Thread started: Grupo De Hilos 1-52
2020-03-18 20:33:18,227 INFO o.a.j.t.JMeterThread: Thread started: Grupo De Hilos 1-53
2020-03-18 20:33:18,423 INFO o.a.j.t.JMeterThread: Thread started: Grupo De Hilos 1-54
2020-03-18 20:33:18,622 INFO o.a.j.t.JMeterThread: Thread started: Grupo De Hilos 1-55
2020-03-18 20:33:18,822 INFO o.a.j.t.JMeterThread: Thread started: Grupo De Hilos 1-56
2020-03-18 20:33:19,024 INFO o.a.j.t.JMeterThread: Thread started: Grupo De Hilos 1-57
2020-03-18 20:33:19,225 INFO o.a.j.t.JMeterThread: Thread started: Grupo De Hilos 1-58
2020-03-18 20:33:19,426 INFO o.a.j.t.JMeterThread: Thread started: Grupo De Hilos 1-59
2020-03-18 20:33:19,626 INFO o.a.j.t.JMeterThread: Thread started: Grupo De Hilos 1-60
2020-03-18 20:33:19,823 INFO o.a.j.t.JMeterThread: Thread started: Grupo De Hilos 1-61
2020-03-18 20:33:20,023 INFO o.a.j.t.JMeterThread: Thread started: Grupo De Hilos 1-62
2020-03-18 20:33:20,227 INFO o.a.j.t.JMeterThread: Thread started: Grupo De Hilos 1-63
2020-03-18 20:33:20,422 INFO o.a.j.t.JMeterThread: Thread started: Grupo De Hilos 1-64
2020-03-18 20:33:20,622 INFO o.a.j.t.JMeterThread: Thread started: Grupo De Hilos 1-65
2020-03-18 20:33:20,824 INFO o.a.j.t.JMeterThread: Thread started: Grupo De Hilos 1-66
2020-03-18 20:33:21,022 INFO o.a.j.t.JMeterThread: Thread started: Grupo De Hilos 1-67
2020-03-18 20:33:21,223 INFO o.a.j.t.JMeterThread: Thread started: Grupo De Hilos 1-68
2020-03-18 20:33:21,423 INFO o.a.j.t.JMeterThread: Thread started: Grupo De Hilos 1-69
2020-03-18 20:33:21,623 INFO o.a.j.t.JMeterThread: Thread started: Grupo De Hilos 1-70
2020-03-18 20:33:21,822 INFO o.a.j.t.JMeterThread: Thread started: Grupo De Hilos 1-71
2020-03-18 20:33:22,023 INFO o.a.j.t.JMeterThread: Thread started: Grupo De Hilos 1-72
2020-03-18 20:33:22,223 INFO o.a.j.t.JMeterThread: Thread started: Grupo De Hilos 1-73
2020-03-18 20:33:22,425 INFO o.a.j.t.JMeterThread: Thread started: Grupo De Hilos 1-74
2020-03-18 20:33:22,623 INFO o.a.j.t.JMeterThread: Thread started: Grupo De Hilos 1-75
2020-03-18 20:33:30,005 INFO o.a.j.r.Summariser: summary +  21209 in 00:00:22 =  952.7/s Avg:    51 Min:    18 Max:   556 Err:     0 (0.00%) Active: 75 Started: 75 Finished: 0
2020-03-18 20:34:00,003 INFO o.a.j.r.Summariser: summary +  53921 in 00:00:30 = 1797.3/s Avg:    41 Min:    21 Max:   233 Err:     0 (0.00%) Active: 75 Started: 75 Finished: 0
2020-03-18 20:34:00,004 INFO o.a.j.r.Summariser: summary =  75130 in 00:00:52 = 1437.5/s Avg:    44 Min:    18 Max:   556 Err:     0 (0.00%)
2020-03-18 20:34:30,007 INFO o.a.j.r.Summariser: summary +  58697 in 00:00:30 = 1956.3/s Avg:    38 Min:    20 Max:   526 Err:     0 (0.00%) Active: 75 Started: 75 Finished: 0
2020-03-18 20:34:30,008 INFO o.a.j.r.Summariser: summary = 133827 in 00:01:22 = 1626.7/s Avg:    41 Min:    18 Max:   556 Err:     0 (0.00%)
2020-03-18 20:35:00,004 INFO o.a.j.r.Summariser: summary +  58489 in 00:00:30 = 1949.8/s Avg:    38 Min:    20 Max:   826 Err:     0 (0.00%) Active: 75 Started: 75 Finished: 0
2020-03-18 20:35:00,006 INFO o.a.j.r.Summariser: summary = 192316 in 00:01:52 = 1713.1/s Avg:    40 Min:    18 Max:   826 Err:     0 (0.00%)
2020-03-18 20:35:30,007 INFO o.a.j.r.Summariser: summary +  54275 in 00:00:30 = 1809.0/s Avg:    41 Min:    22 Max:   176 Err:     0 (0.00%) Active: 75 Started: 75 Finished: 0
2020-03-18 20:35:30,008 INFO o.a.j.r.Summariser: summary = 246591 in 00:02:22 = 1733.3/s Avg:    40 Min:    18 Max:   826 Err:     0 (0.00%)
2020-03-18 20:36:00,003 INFO o.a.j.r.Summariser: summary +  58141 in 00:00:30 = 1938.2/s Avg:    38 Min:    20 Max:   281 Err:     0 (0.00%) Active: 75 Started: 75 Finished: 0
2020-03-18 20:36:00,005 INFO o.a.j.r.Summariser: summary = 304732 in 00:02:52 = 1769.0/s Avg:    40 Min:    18 Max:   826 Err:     0 (0.00%)
2020-03-18 20:36:30,001 INFO o.a.j.r.Summariser: summary +  60733 in 00:00:30 = 2024.6/s Avg:    36 Min:    20 Max:   105 Err:     0 (0.00%) Active: 75 Started: 75 Finished: 0
2020-03-18 20:36:30,002 INFO o.a.j.r.Summariser: summary = 365465 in 00:03:22 = 1806.9/s Avg:    39 Min:    18 Max:   826 Err:     0 (0.00%)
2020-03-18 20:37:00,004 INFO o.a.j.r.Summariser: summary +  56979 in 00:00:30 = 1899.1/s Avg:    39 Min:    21 Max:   302 Err:     0 (0.00%) Active: 75 Started: 75 Finished: 0
2020-03-18 20:37:00,005 INFO o.a.j.r.Summariser: summary = 422444 in 00:03:52 = 1818.8/s Avg:    39 Min:    18 Max:   826 Err:     0 (0.00%)
2020-03-18 20:37:07,834 INFO o.a.j.t.JMeterThread: Stopping because end time detected by thread: Grupo De Hilos 1-1
2020-03-18 20:37:07,834 INFO o.a.j.t.JMeterThread: Thread finished: Grupo De Hilos 1-1
2020-03-18 20:37:07,843 INFO o.a.j.t.JMeterThread: Stopping because end time detected by thread: Grupo De Hilos 1-4
2020-03-18 20:37:07,843 INFO o.a.j.t.JMeterThread: Thread finished: Grupo De Hilos 1-4
2020-03-18 20:37:07,849 INFO o.a.j.t.JMeterThread: Stopping because end time detected by thread: Grupo De Hilos 1-7
2020-03-18 20:37:07,850 INFO o.a.j.t.JMeterThread: Stopping because end time detected by thread: Grupo De Hilos 1-3
2020-03-18 20:37:07,850 INFO o.a.j.t.JMeterThread: Thread finished: Grupo De Hilos 1-7
2020-03-18 20:37:07,850 INFO o.a.j.t.JMeterThread: Thread finished: Grupo De Hilos 1-3
2020-03-18 20:37:07,850 INFO o.a.j.t.JMeterThread: Stopping because end time detected by thread: Grupo De Hilos 1-8
2020-03-18 20:37:07,850 INFO o.a.j.t.JMeterThread: Thread finished: Grupo De Hilos 1-8
2020-03-18 20:37:07,853 INFO o.a.j.t.JMeterThread: Stopping because end time detected by thread: Grupo De Hilos 1-2
2020-03-18 20:37:07,854 INFO o.a.j.t.JMeterThread: Stopping because end time detected by thread: Grupo De Hilos 1-11
2020-03-18 20:37:07,854 INFO o.a.j.t.JMeterThread: Thread finished: Grupo De Hilos 1-2
2020-03-18 20:37:07,854 INFO o.a.j.t.JMeterThread: Thread finished: Grupo De Hilos 1-11
2020-03-18 20:37:07,856 INFO o.a.j.t.JMeterThread: Stopping because end time detected by thread: Grupo De Hilos 1-5
2020-03-18 20:37:07,856 INFO o.a.j.t.JMeterThread: Thread finished: Grupo De Hilos 1-5
2020-03-18 20:37:07,861 INFO o.a.j.t.JMeterThread: Stopping because end time detected by thread: Grupo De Hilos 1-12
2020-03-18 20:37:07,861 INFO o.a.j.t.JMeterThread: Thread finished: Grupo De Hilos 1-12
2020-03-18 20:37:07,868 INFO o.a.j.t.JMeterThread: Stopping because end time detected by thread: Grupo De Hilos 1-10
2020-03-18 20:37:07,869 INFO o.a.j.t.JMeterThread: Thread finished: Grupo De Hilos 1-10
2020-03-18 20:37:07,869 INFO o.a.j.t.JMeterThread: Stopping because end time detected by thread: Grupo De Hilos 1-9
2020-03-18 20:37:07,869 INFO o.a.j.t.JMeterThread: Thread finished: Grupo De Hilos 1-9
2020-03-18 20:37:07,870 INFO o.a.j.t.JMeterThread: Stopping because end time detected by thread: Grupo De Hilos 1-17
2020-03-18 20:37:07,870 INFO o.a.j.t.JMeterThread: Thread finished: Grupo De Hilos 1-17
2020-03-18 20:37:07,873 INFO o.a.j.t.JMeterThread: Stopping because end time detected by thread: Grupo De Hilos 1-16
2020-03-18 20:37:07,873 INFO o.a.j.t.JMeterThread: Thread finished: Grupo De Hilos 1-16
2020-03-18 20:37:07,874 INFO o.a.j.t.JMeterThread: Stopping because end time detected by thread: Grupo De Hilos 1-6
2020-03-18 20:37:07,874 INFO o.a.j.t.JMeterThread: Thread finished: Grupo De Hilos 1-6
2020-03-18 20:37:07,875 INFO o.a.j.t.JMeterThread: Stopping because end time detected by thread: Grupo De Hilos 1-13
2020-03-18 20:37:07,875 INFO o.a.j.t.JMeterThread: Thread finished: Grupo De Hilos 1-13
2020-03-18 20:37:07,876 INFO o.a.j.t.JMeterThread: Stopping because end time detected by thread: Grupo De Hilos 1-15
2020-03-18 20:37:07,877 INFO o.a.j.t.JMeterThread: Thread finished: Grupo De Hilos 1-15
2020-03-18 20:37:07,877 INFO o.a.j.t.JMeterThread: Stopping because end time detected by thread: Grupo De Hilos 1-21
2020-03-18 20:37:07,877 INFO o.a.j.t.JMeterThread: Thread finished: Grupo De Hilos 1-21
2020-03-18 20:37:07,878 INFO o.a.j.t.JMeterThread: Stopping because end time detected by thread: Grupo De Hilos 1-23
2020-03-18 20:37:07,878 INFO o.a.j.t.JMeterThread: Thread finished: Grupo De Hilos 1-23
2020-03-18 20:37:07,887 INFO o.a.j.t.JMeterThread: Stopping because end time detected by thread: Grupo De Hilos 1-26
2020-03-18 20:37:07,887 INFO o.a.j.t.JMeterThread: Stopping because end time detected by thread: Grupo De Hilos 1-14
2020-03-18 20:37:07,887 INFO o.a.j.t.JMeterThread: Thread finished: Grupo De Hilos 1-26
2020-03-18 20:37:07,888 INFO o.a.j.t.JMeterThread: Thread finished: Grupo De Hilos 1-14
2020-03-18 20:37:07,888 INFO o.a.j.t.JMeterThread: Stopping because end time detected by thread: Grupo De Hilos 1-20
2020-03-18 20:37:07,889 INFO o.a.j.t.JMeterThread: Thread finished: Grupo De Hilos 1-20
2020-03-18 20:37:07,889 INFO o.a.j.t.JMeterThread: Stopping because end time detected by thread: Grupo De Hilos 1-24
2020-03-18 20:37:07,889 INFO o.a.j.t.JMeterThread: Thread finished: Grupo De Hilos 1-24
2020-03-18 20:37:07,890 INFO o.a.j.t.JMeterThread: Stopping because end time detected by thread: Grupo De Hilos 1-32
2020-03-18 20:37:07,890 INFO o.a.j.t.JMeterThread: Thread finished: Grupo De Hilos 1-32
2020-03-18 20:37:07,891 INFO o.a.j.t.JMeterThread: Stopping because end time detected by thread: Grupo De Hilos 1-29
2020-03-18 20:37:07,891 INFO o.a.j.t.JMeterThread: Thread finished: Grupo De Hilos 1-29
2020-03-18 20:37:07,891 INFO o.a.j.t.JMeterThread: Stopping because end time detected by thread: Grupo De Hilos 1-19
2020-03-18 20:37:07,891 INFO o.a.j.t.JMeterThread: Thread finished: Grupo De Hilos 1-19
2020-03-18 20:37:07,893 INFO o.a.j.t.JMeterThread: Stopping because end time detected by thread: Grupo De Hilos 1-18
2020-03-18 20:37:07,893 INFO o.a.j.t.JMeterThread: Thread finished: Grupo De Hilos 1-18
2020-03-18 20:37:07,894 INFO o.a.j.t.JMeterThread: Stopping because end time detected by thread: Grupo De Hilos 1-33
2020-03-18 20:37:07,894 INFO o.a.j.t.JMeterThread: Thread finished: Grupo De Hilos 1-33
2020-03-18 20:37:07,896 INFO o.a.j.t.JMeterThread: Stopping because end time detected by thread: Grupo De Hilos 1-27
2020-03-18 20:37:07,896 INFO o.a.j.t.JMeterThread: Thread finished: Grupo De Hilos 1-27
2020-03-18 20:37:07,900 INFO o.a.j.t.JMeterThread: Stopping because end time detected by thread: Grupo De Hilos 1-34
2020-03-18 20:37:07,900 INFO o.a.j.t.JMeterThread: Thread finished: Grupo De Hilos 1-34
2020-03-18 20:37:07,900 INFO o.a.j.t.JMeterThread: Stopping because end time detected by thread: Grupo De Hilos 1-22
2020-03-18 20:37:07,900 INFO o.a.j.t.JMeterThread: Thread finished: Grupo De Hilos 1-22
2020-03-18 20:37:07,903 INFO o.a.j.t.JMeterThread: Stopping because end time detected by thread: Grupo De Hilos 1-31
2020-03-18 20:37:07,903 INFO o.a.j.t.JMeterThread: Thread finished: Grupo De Hilos 1-31
2020-03-18 20:37:07,904 INFO o.a.j.t.JMeterThread: Stopping because end time detected by thread: Grupo De Hilos 1-25
2020-03-18 20:37:07,905 INFO o.a.j.t.JMeterThread: Stopping because end time detected by thread: Grupo De Hilos 1-36
2020-03-18 20:37:07,905 INFO o.a.j.t.JMeterThread: Stopping because end time detected by thread: Grupo De Hilos 1-35
2020-03-18 20:37:07,905 INFO o.a.j.t.JMeterThread: Thread finished: Grupo De Hilos 1-36
2020-03-18 20:37:07,905 INFO o.a.j.t.JMeterThread: Thread finished: Grupo De Hilos 1-35
2020-03-18 20:37:07,905 INFO o.a.j.t.JMeterThread: Stopping because end time detected by thread: Grupo De Hilos 1-38
2020-03-18 20:37:07,906 INFO o.a.j.t.JMeterThread: Thread finished: Grupo De Hilos 1-38
2020-03-18 20:37:07,906 INFO o.a.j.t.JMeterThread: Stopping because end time detected by thread: Grupo De Hilos 1-28
2020-03-18 20:37:07,905 INFO o.a.j.t.JMeterThread: Stopping because end time detected by thread: Grupo De Hilos 1-40
2020-03-18 20:37:07,905 INFO o.a.j.t.JMeterThread: Thread finished: Grupo De Hilos 1-25
2020-03-18 20:37:07,906 INFO o.a.j.t.JMeterThread: Thread finished: Grupo De Hilos 1-28
2020-03-18 20:37:07,906 INFO o.a.j.t.JMeterThread: Thread finished: Grupo De Hilos 1-40
2020-03-18 20:37:07,906 INFO o.a.j.t.JMeterThread: Stopping because end time detected by thread: Grupo De Hilos 1-30
2020-03-18 20:37:07,907 INFO o.a.j.t.JMeterThread: Thread finished: Grupo De Hilos 1-30
2020-03-18 20:37:07,916 INFO o.a.j.t.JMeterThread: Stopping because end time detected by thread: Grupo De Hilos 1-47
2020-03-18 20:37:07,916 INFO o.a.j.t.JMeterThread: Thread finished: Grupo De Hilos 1-47
2020-03-18 20:37:07,918 INFO o.a.j.t.JMeterThread: Stopping because end time detected by thread: Grupo De Hilos 1-46
2020-03-18 20:37:07,918 INFO o.a.j.t.JMeterThread: Stopping because end time detected by thread: Grupo De Hilos 1-44
2020-03-18 20:37:07,918 INFO o.a.j.t.JMeterThread: Thread finished: Grupo De Hilos 1-46
2020-03-18 20:37:07,919 INFO o.a.j.t.JMeterThread: Thread finished: Grupo De Hilos 1-44
2020-03-18 20:37:07,919 INFO o.a.j.t.JMeterThread: Stopping because end time detected by thread: Grupo De Hilos 1-42
2020-03-18 20:37:07,919 INFO o.a.j.t.JMeterThread: Thread finished: Grupo De Hilos 1-42
2020-03-18 20:37:07,926 INFO o.a.j.t.JMeterThread: Stopping because end time detected by thread: Grupo De Hilos 1-48
2020-03-18 20:37:07,926 INFO o.a.j.t.JMeterThread: Stopping because end time detected by thread: Grupo De Hilos 1-37
2020-03-18 20:37:07,926 INFO o.a.j.t.JMeterThread: Thread finished: Grupo De Hilos 1-48
2020-03-18 20:37:07,926 INFO o.a.j.t.JMeterThread: Thread finished: Grupo De Hilos 1-37
2020-03-18 20:37:07,928 INFO o.a.j.t.JMeterThread: Stopping because end time detected by thread: Grupo De Hilos 1-39
2020-03-18 20:37:07,928 INFO o.a.j.t.JMeterThread: Thread finished: Grupo De Hilos 1-39
2020-03-18 20:37:07,930 INFO o.a.j.t.JMeterThread: Stopping because end time detected by thread: Grupo De Hilos 1-43
2020-03-18 20:37:07,930 INFO o.a.j.t.JMeterThread: Stopping because end time detected by thread: Grupo De Hilos 1-41
2020-03-18 20:37:07,930 INFO o.a.j.t.JMeterThread: Thread finished: Grupo De Hilos 1-43
2020-03-18 20:37:07,930 INFO o.a.j.t.JMeterThread: Thread finished: Grupo De Hilos 1-41
2020-03-18 20:37:07,938 INFO o.a.j.t.JMeterThread: Stopping because end time detected by thread: Grupo De Hilos 1-45
2020-03-18 20:37:07,938 INFO o.a.j.t.JMeterThread: Thread finished: Grupo De Hilos 1-45
2020-03-18 20:37:07,948 INFO o.a.j.t.JMeterThread: Stopping because end time detected by thread: Grupo De Hilos 1-52
2020-03-18 20:37:07,948 INFO o.a.j.t.JMeterThread: Thread finished: Grupo De Hilos 1-52
2020-03-18 20:37:07,951 INFO o.a.j.t.JMeterThread: Stopping because end time detected by thread: Grupo De Hilos 1-51
2020-03-18 20:37:07,951 INFO o.a.j.t.JMeterThread: Thread finished: Grupo De Hilos 1-51
2020-03-18 20:37:07,952 INFO o.a.j.t.JMeterThread: Stopping because end time detected by thread: Grupo De Hilos 1-50
2020-03-18 20:37:07,952 INFO o.a.j.t.JMeterThread: Thread finished: Grupo De Hilos 1-50
2020-03-18 20:37:07,952 INFO o.a.j.t.JMeterThread: Stopping because end time detected by thread: Grupo De Hilos 1-53
2020-03-18 20:37:07,953 INFO o.a.j.t.JMeterThread: Thread finished: Grupo De Hilos 1-53
2020-03-18 20:37:07,959 INFO o.a.j.t.JMeterThread: Stopping because end time detected by thread: Grupo De Hilos 1-49
2020-03-18 20:37:07,959 INFO o.a.j.t.JMeterThread: Thread finished: Grupo De Hilos 1-49
2020-03-18 20:37:07,964 INFO o.a.j.t.JMeterThread: Stopping because end time detected by thread: Grupo De Hilos 1-57
2020-03-18 20:37:07,964 INFO o.a.j.t.JMeterThread: Stopping because end time detected by thread: Grupo De Hilos 1-55
2020-03-18 20:37:07,965 INFO o.a.j.t.JMeterThread: Thread finished: Grupo De Hilos 1-57
2020-03-18 20:37:07,965 INFO o.a.j.t.JMeterThread: Thread finished: Grupo De Hilos 1-55
2020-03-18 20:37:07,966 INFO o.a.j.t.JMeterThread: Stopping because end time detected by thread: Grupo De Hilos 1-54
2020-03-18 20:37:07,967 INFO o.a.j.t.JMeterThread: Thread finished: Grupo De Hilos 1-54
2020-03-18 20:37:07,973 INFO o.a.j.t.JMeterThread: Stopping because end time detected by thread: Grupo De Hilos 1-66
2020-03-18 20:37:07,973 INFO o.a.j.t.JMeterThread: Thread finished: Grupo De Hilos 1-66
2020-03-18 20:37:07,974 INFO o.a.j.t.JMeterThread: Stopping because end time detected by thread: Grupo De Hilos 1-58
2020-03-18 20:37:07,974 INFO o.a.j.t.JMeterThread: Stopping because end time detected by thread: Grupo De Hilos 1-69
2020-03-18 20:37:07,974 INFO o.a.j.t.JMeterThread: Thread finished: Grupo De Hilos 1-58
2020-03-18 20:37:07,975 INFO o.a.j.t.JMeterThread: Thread finished: Grupo De Hilos 1-69
2020-03-18 20:37:07,975 INFO o.a.j.t.JMeterThread: Stopping because end time detected by thread: Grupo De Hilos 1-60
2020-03-18 20:37:07,975 INFO o.a.j.t.JMeterThread: Thread finished: Grupo De Hilos 1-60
2020-03-18 20:37:07,976 INFO o.a.j.t.JMeterThread: Stopping because end time detected by thread: Grupo De Hilos 1-62
2020-03-18 20:37:07,976 INFO o.a.j.t.JMeterThread: Thread finished: Grupo De Hilos 1-62
2020-03-18 20:37:07,978 INFO o.a.j.t.JMeterThread: Stopping because end time detected by thread: Grupo De Hilos 1-74
2020-03-18 20:37:07,978 INFO o.a.j.t.JMeterThread: Thread finished: Grupo De Hilos 1-74
2020-03-18 20:37:07,982 INFO o.a.j.t.JMeterThread: Stopping because end time detected by thread: Grupo De Hilos 1-56
2020-03-18 20:37:07,982 INFO o.a.j.t.JMeterThread: Stopping because end time detected by thread: Grupo De Hilos 1-65
2020-03-18 20:37:07,982 INFO o.a.j.t.JMeterThread: Stopping because end time detected by thread: Grupo De Hilos 1-61
2020-03-18 20:37:07,982 INFO o.a.j.t.JMeterThread: Stopping because end time detected by thread: Grupo De Hilos 1-75
2020-03-18 20:37:07,983 INFO o.a.j.t.JMeterThread: Thread finished: Grupo De Hilos 1-65
2020-03-18 20:37:07,983 INFO o.a.j.t.JMeterThread: Thread finished: Grupo De Hilos 1-61
2020-03-18 20:37:07,983 INFO o.a.j.t.JMeterThread: Thread finished: Grupo De Hilos 1-56
2020-03-18 20:37:07,983 INFO o.a.j.t.JMeterThread: Thread finished: Grupo De Hilos 1-75
2020-03-18 20:37:07,983 INFO o.a.j.t.JMeterThread: Stopping because end time detected by thread: Grupo De Hilos 1-59
2020-03-18 20:37:07,984 INFO o.a.j.t.JMeterThread: Thread finished: Grupo De Hilos 1-59
2020-03-18 20:37:07,984 INFO o.a.j.t.JMeterThread: Stopping because end time detected by thread: Grupo De Hilos 1-70
2020-03-18 20:37:07,984 INFO o.a.j.t.JMeterThread: Thread finished: Grupo De Hilos 1-70
2020-03-18 20:37:07,988 INFO o.a.j.t.JMeterThread: Stopping because end time detected by thread: Grupo De Hilos 1-72
2020-03-18 20:37:07,988 INFO o.a.j.t.JMeterThread: Thread finished: Grupo De Hilos 1-72
2020-03-18 20:37:07,989 INFO o.a.j.t.JMeterThread: Stopping because end time detected by thread: Grupo De Hilos 1-63
2020-03-18 20:37:07,989 INFO o.a.j.t.JMeterThread: Stopping because end time detected by thread: Grupo De Hilos 1-68
2020-03-18 20:37:07,989 INFO o.a.j.t.JMeterThread: Thread finished: Grupo De Hilos 1-63
2020-03-18 20:37:07,989 INFO o.a.j.t.JMeterThread: Thread finished: Grupo De Hilos 1-68
2020-03-18 20:37:07,989 INFO o.a.j.t.JMeterThread: Stopping because end time detected by thread: Grupo De Hilos 1-67
2020-03-18 20:37:07,989 INFO o.a.j.t.JMeterThread: Thread finished: Grupo De Hilos 1-67
2020-03-18 20:37:07,993 INFO o.a.j.t.JMeterThread: Stopping because end time detected by thread: Grupo De Hilos 1-64
2020-03-18 20:37:07,993 INFO o.a.j.t.JMeterThread: Thread finished: Grupo De Hilos 1-64
2020-03-18 20:37:08,007 INFO o.a.j.t.JMeterThread: Stopping because end time detected by thread: Grupo De Hilos 1-73
2020-03-18 20:37:08,007 INFO o.a.j.t.JMeterThread: Thread finished: Grupo De Hilos 1-73
2020-03-18 20:37:08,012 INFO o.a.j.t.JMeterThread: Stopping because end time detected by thread: Grupo De Hilos 1-71
2020-03-18 20:37:08,012 INFO o.a.j.t.JMeterThread: Thread finished: Grupo De Hilos 1-71
2020-03-18 20:37:08,013 INFO o.a.j.e.StandardJMeterEngine: Notifying test listeners of end of test
2020-03-18 20:37:08,016 INFO o.a.j.r.Summariser: summary +  14695 in 00:00:08 = 1834.1/s Avg:    40 Min:    19 Max:   248 Err:     0 (0.00%) Active: 0 Started: 75 Finished: 75
2020-03-18 20:37:08,017 INFO o.a.j.r.Summariser: summary = 437139 in 00:04:00 = 1819.3/s Avg:    39 Min:    18 Max:   826 Err:     0 (0.00%)
