2020-03-21 16:57:43,677 INFO o.a.j.u.JMeterUtils: Setting Locale to en_US
2020-03-21 16:57:43,708 INFO o.a.j.JMeter: Loading user properties from: user.properties
2020-03-21 16:57:43,709 INFO o.a.j.JMeter: Loading system properties from: system.properties
2020-03-21 16:57:43,709 INFO o.a.j.JMeter: Setting JMeter property: HILOS=75
2020-03-21 16:57:43,710 INFO o.a.j.JMeter: Setting JMeter property: SUBIDA=30
2020-03-21 16:57:43,710 INFO o.a.j.JMeter: Setting JMeter property: DURACION=270
2020-03-21 16:57:43,710 INFO o.a.j.JMeter: Setting JMeter property: FILE=scriptresultsperfmon75.jtl
2020-03-21 16:57:43,713 INFO o.a.j.JMeter: Copyright (c) 1998-2019 The Apache Software Foundation
2020-03-21 16:57:43,714 INFO o.a.j.JMeter: Version 5.2.1
2020-03-21 16:57:43,714 INFO o.a.j.JMeter: java.version=1.8.0_201
2020-03-21 16:57:43,714 INFO o.a.j.JMeter: java.vm.name=Java HotSpot(TM) 64-Bit Server VM
2020-03-21 16:57:43,715 INFO o.a.j.JMeter: os.name=Linux
2020-03-21 16:57:43,715 INFO o.a.j.JMeter: os.arch=amd64
2020-03-21 16:57:43,715 INFO o.a.j.JMeter: os.version=4.15.0-91-generic
2020-03-21 16:57:43,715 INFO o.a.j.JMeter: file.encoding=UTF-8
2020-03-21 16:57:43,716 INFO o.a.j.JMeter: java.awt.headless=true
2020-03-21 16:57:43,716 INFO o.a.j.JMeter: Max memory     =732954624
2020-03-21 16:57:43,716 INFO o.a.j.JMeter: Available Processors =4
2020-03-21 16:57:43,724 INFO o.a.j.JMeter: Default Locale=English (United States)
2020-03-21 16:57:43,725 INFO o.a.j.JMeter: JMeter  Locale=English (United States)
2020-03-21 16:57:43,725 INFO o.a.j.JMeter: JMeterHome=/home/pablo/jmeter
2020-03-21 16:57:43,725 INFO o.a.j.JMeter: user.dir  =/home/pablo/jmeter/bin
2020-03-21 16:57:43,726 INFO o.a.j.JMeter: PWD       =/home/pablo/jmeter/bin
2020-03-21 16:57:43,726 INFO o.a.j.JMeter: IP: 127.0.1.1 Name: hylianpablo FullName: hylianpablo
2020-03-21 16:57:43,735 INFO o.a.j.s.FileServer: Default base='/home/pablo/jmeter/bin'
2020-03-21 16:57:43,745 INFO o.a.j.s.FileServer: Set new base='/home/pablo/jmeter/bin'
2020-03-21 16:57:44,019 INFO o.a.j.s.SaveService: Testplan (JMX) version: 2.2. Testlog (JTL) version: 2.2
2020-03-21 16:57:44,038 INFO o.a.j.s.SaveService: Using SaveService properties file encoding UTF-8
2020-03-21 16:57:44,049 INFO o.a.j.s.SaveService: Using SaveService properties version 5.0
2020-03-21 16:57:44,068 INFO o.a.j.s.SaveService: Loading file: Funciona.jmx
2020-03-21 16:57:44,143 INFO o.a.j.p.h.c.CookieManager: Settings: Delete null: true Check: true Allow variable: true Save: false Prefix: COOKIE_
2020-03-21 16:57:44,190 INFO o.a.j.p.h.s.HTTPSamplerBase: Parser for text/html is org.apache.jmeter.protocol.http.parser.LagartoBasedHtmlParser
2020-03-21 16:57:44,190 INFO o.a.j.p.h.s.HTTPSamplerBase: Parser for application/xhtml+xml is org.apache.jmeter.protocol.http.parser.LagartoBasedHtmlParser
2020-03-21 16:57:44,190 INFO o.a.j.p.h.s.HTTPSamplerBase: Parser for application/xml is org.apache.jmeter.protocol.http.parser.LagartoBasedHtmlParser
2020-03-21 16:57:44,190 INFO o.a.j.p.h.s.HTTPSamplerBase: Parser for text/xml is org.apache.jmeter.protocol.http.parser.LagartoBasedHtmlParser
2020-03-21 16:57:44,191 INFO o.a.j.p.h.s.HTTPSamplerBase: Parser for text/vnd.wap.wml is org.apache.jmeter.protocol.http.parser.RegexpHTMLParser
2020-03-21 16:57:44,191 INFO o.a.j.p.h.s.HTTPSamplerBase: Parser for text/css is org.apache.jmeter.protocol.http.parser.CssParser
2020-03-21 16:57:44,244 INFO o.a.j.p.h.c.CacheManager: Will only cache the following methods: [GET]
2020-03-21 16:57:44,288 INFO o.a.j.JMeter: Creating summariser <summary>
2020-03-21 16:57:44,300 INFO o.a.j.e.StandardJMeterEngine: Running the test!
2020-03-21 16:57:44,302 INFO o.a.j.s.SampleEvent: List of sample_variables: []
2020-03-21 16:57:44,302 INFO o.a.j.s.SampleEvent: List of sample_variables: []
2020-03-21 16:57:44,313 INFO o.a.j.e.u.CompoundVariable: Note: Function class names must contain the string: '.functions.'
2020-03-21 16:57:44,313 INFO o.a.j.e.u.CompoundVariable: Note: Function class names must not contain the string: '.gui.'
2020-03-21 16:57:45,202 INFO o.a.j.JMeter: Running test (1584806265202)
2020-03-21 16:57:45,291 INFO o.a.j.e.StandardJMeterEngine: Starting ThreadGroup: 1 : Grupo De Hilos
2020-03-21 16:57:45,292 INFO o.a.j.e.StandardJMeterEngine: Starting 75 threads for group Grupo De Hilos.
2020-03-21 16:57:45,292 INFO o.a.j.e.StandardJMeterEngine: Thread will continue on error
2020-03-21 16:57:45,292 INFO o.a.j.t.ThreadGroup: Starting thread group... number=1 threads=75 ramp-up=30 delayedStart=false
2020-03-21 16:57:45,335 INFO o.a.j.t.JMeterThread: Thread started: Grupo De Hilos 1-1
2020-03-21 16:57:45,392 INFO o.a.j.p.h.s.HTTPHCAbstractImpl: Local host = hylianpablo
2020-03-21 16:57:45,407 INFO o.a.j.p.h.s.HTTPHC4Impl: HTTP request retry count = 0
2020-03-21 16:57:45,412 INFO o.a.j.s.SampleResult: Note: Sample TimeStamps are START times
2020-03-21 16:57:45,413 INFO o.a.j.s.SampleResult: sampleresult.default.encoding is set to ISO-8859-1
2020-03-21 16:57:45,413 INFO o.a.j.s.SampleResult: sampleresult.useNanoTime=true
2020-03-21 16:57:45,413 INFO o.a.j.s.SampleResult: sampleresult.nanoThreadSleep=5000
2020-03-21 16:57:45,482 INFO o.a.j.t.ThreadGroup: Started thread group number 1
2020-03-21 16:57:45,482 INFO o.a.j.e.StandardJMeterEngine: All thread groups have been started
2020-03-21 16:57:45,703 INFO o.a.j.t.JMeterThread: Thread started: Grupo De Hilos 1-2
2020-03-21 16:57:46,100 INFO o.a.j.t.JMeterThread: Thread started: Grupo De Hilos 1-3
2020-03-21 16:57:46,497 INFO o.a.j.t.JMeterThread: Thread started: Grupo De Hilos 1-4
2020-03-21 16:57:46,906 INFO o.a.j.t.JMeterThread: Thread started: Grupo De Hilos 1-5
2020-03-21 16:57:47,302 INFO o.a.j.t.JMeterThread: Thread started: Grupo De Hilos 1-6
2020-03-21 16:57:47,700 INFO o.a.j.t.JMeterThread: Thread started: Grupo De Hilos 1-7
2020-03-21 16:57:48,127 INFO o.a.j.t.JMeterThread: Thread started: Grupo De Hilos 1-8
2020-03-21 16:57:48,506 INFO o.a.j.t.JMeterThread: Thread started: Grupo De Hilos 1-9
2020-03-21 16:57:48,896 INFO o.a.j.t.JMeterThread: Thread started: Grupo De Hilos 1-10
2020-03-21 16:57:49,302 INFO o.a.j.t.JMeterThread: Thread started: Grupo De Hilos 1-11
2020-03-21 16:57:49,697 INFO o.a.j.t.JMeterThread: Thread started: Grupo De Hilos 1-12
2020-03-21 16:57:50,100 INFO o.a.j.t.JMeterThread: Thread started: Grupo De Hilos 1-13
2020-03-21 16:57:50,498 INFO o.a.j.t.JMeterThread: Thread started: Grupo De Hilos 1-14
2020-03-21 16:57:50,897 INFO o.a.j.t.JMeterThread: Thread started: Grupo De Hilos 1-15
2020-03-21 16:57:51,297 INFO o.a.j.t.JMeterThread: Thread started: Grupo De Hilos 1-16
2020-03-21 16:57:51,694 INFO o.a.j.t.JMeterThread: Thread started: Grupo De Hilos 1-17
2020-03-21 16:57:52,094 INFO o.a.j.t.JMeterThread: Thread started: Grupo De Hilos 1-18
2020-03-21 16:57:52,494 INFO o.a.j.t.JMeterThread: Thread started: Grupo De Hilos 1-19
2020-03-21 16:57:52,894 INFO o.a.j.t.JMeterThread: Thread started: Grupo De Hilos 1-20
2020-03-21 16:57:53,294 INFO o.a.j.t.JMeterThread: Thread started: Grupo De Hilos 1-21
2020-03-21 16:57:53,694 INFO o.a.j.t.JMeterThread: Thread started: Grupo De Hilos 1-22
2020-03-21 16:57:54,096 INFO o.a.j.t.JMeterThread: Thread started: Grupo De Hilos 1-23
2020-03-21 16:57:54,499 INFO o.a.j.t.JMeterThread: Thread started: Grupo De Hilos 1-24
2020-03-21 16:57:54,895 INFO o.a.j.t.JMeterThread: Thread started: Grupo De Hilos 1-25
2020-03-21 16:57:55,294 INFO o.a.j.t.JMeterThread: Thread started: Grupo De Hilos 1-26
2020-03-21 16:57:55,695 INFO o.a.j.t.JMeterThread: Thread started: Grupo De Hilos 1-27
2020-03-21 16:57:56,099 INFO o.a.j.t.JMeterThread: Thread started: Grupo De Hilos 1-28
2020-03-21 16:57:56,497 INFO o.a.j.t.JMeterThread: Thread started: Grupo De Hilos 1-29
2020-03-21 16:57:56,895 INFO o.a.j.t.JMeterThread: Thread started: Grupo De Hilos 1-30
2020-03-21 16:57:57,296 INFO o.a.j.t.JMeterThread: Thread started: Grupo De Hilos 1-31
2020-03-21 16:57:57,695 INFO o.a.j.t.JMeterThread: Thread started: Grupo De Hilos 1-32
2020-03-21 16:57:58,095 INFO o.a.j.t.JMeterThread: Thread started: Grupo De Hilos 1-33
2020-03-21 16:57:58,495 INFO o.a.j.t.JMeterThread: Thread started: Grupo De Hilos 1-34
2020-03-21 16:57:58,894 INFO o.a.j.t.JMeterThread: Thread started: Grupo De Hilos 1-35
2020-03-21 16:57:59,294 INFO o.a.j.t.JMeterThread: Thread started: Grupo De Hilos 1-36
2020-03-21 16:57:59,699 INFO o.a.j.t.JMeterThread: Thread started: Grupo De Hilos 1-37
2020-03-21 16:58:00,094 INFO o.a.j.t.JMeterThread: Thread started: Grupo De Hilos 1-38
2020-03-21 16:58:00,144 INFO o.a.j.r.Summariser: summary +     38 in 00:00:15 =    2.5/s Avg:    50 Min:    44 Max:   120 Err:     0 (0.00%) Active: 38 Started: 38 Finished: 0
2020-03-21 16:58:00,495 INFO o.a.j.t.JMeterThread: Thread started: Grupo De Hilos 1-39
2020-03-21 16:58:00,894 INFO o.a.j.t.JMeterThread: Thread started: Grupo De Hilos 1-40
2020-03-21 16:58:01,294 INFO o.a.j.t.JMeterThread: Thread started: Grupo De Hilos 1-41
2020-03-21 16:58:01,698 INFO o.a.j.t.JMeterThread: Thread started: Grupo De Hilos 1-42
2020-03-21 16:58:02,099 INFO o.a.j.t.JMeterThread: Thread started: Grupo De Hilos 1-43
2020-03-21 16:58:02,503 INFO o.a.j.t.JMeterThread: Thread started: Grupo De Hilos 1-44
2020-03-21 16:58:02,896 INFO o.a.j.t.JMeterThread: Thread started: Grupo De Hilos 1-45
2020-03-21 16:58:03,306 INFO o.a.j.t.JMeterThread: Thread started: Grupo De Hilos 1-46
2020-03-21 16:58:03,695 INFO o.a.j.t.JMeterThread: Thread started: Grupo De Hilos 1-47
2020-03-21 16:58:04,099 INFO o.a.j.t.JMeterThread: Thread started: Grupo De Hilos 1-48
2020-03-21 16:58:04,500 INFO o.a.j.t.JMeterThread: Thread started: Grupo De Hilos 1-49
2020-03-21 16:58:04,900 INFO o.a.j.t.JMeterThread: Thread started: Grupo De Hilos 1-50
2020-03-21 16:58:05,307 INFO o.a.j.t.JMeterThread: Thread started: Grupo De Hilos 1-51
2020-03-21 16:58:05,704 INFO o.a.j.t.JMeterThread: Thread started: Grupo De Hilos 1-52
2020-03-21 16:58:06,095 INFO o.a.j.t.JMeterThread: Thread started: Grupo De Hilos 1-53
2020-03-21 16:58:06,494 INFO o.a.j.t.JMeterThread: Thread started: Grupo De Hilos 1-54
2020-03-21 16:58:06,897 INFO o.a.j.t.JMeterThread: Thread started: Grupo De Hilos 1-55
2020-03-21 16:58:07,296 INFO o.a.j.t.JMeterThread: Thread started: Grupo De Hilos 1-56
2020-03-21 16:58:07,695 INFO o.a.j.t.JMeterThread: Thread started: Grupo De Hilos 1-57
2020-03-21 16:58:08,096 INFO o.a.j.t.JMeterThread: Thread started: Grupo De Hilos 1-58
2020-03-21 16:58:08,499 INFO o.a.j.t.JMeterThread: Thread started: Grupo De Hilos 1-59
2020-03-21 16:58:08,896 INFO o.a.j.t.JMeterThread: Thread started: Grupo De Hilos 1-60
2020-03-21 16:58:09,299 INFO o.a.j.t.JMeterThread: Thread started: Grupo De Hilos 1-61
2020-03-21 16:58:09,697 INFO o.a.j.t.JMeterThread: Thread started: Grupo De Hilos 1-62
2020-03-21 16:58:10,094 INFO o.a.j.t.JMeterThread: Thread started: Grupo De Hilos 1-63
2020-03-21 16:58:10,495 INFO o.a.j.t.JMeterThread: Thread started: Grupo De Hilos 1-64
2020-03-21 16:58:10,899 INFO o.a.j.t.JMeterThread: Thread started: Grupo De Hilos 1-65
2020-03-21 16:58:11,299 INFO o.a.j.t.JMeterThread: Thread started: Grupo De Hilos 1-66
2020-03-21 16:58:11,698 INFO o.a.j.t.JMeterThread: Thread started: Grupo De Hilos 1-67
2020-03-21 16:58:12,094 INFO o.a.j.t.JMeterThread: Thread started: Grupo De Hilos 1-68
2020-03-21 16:58:12,494 INFO o.a.j.t.JMeterThread: Thread started: Grupo De Hilos 1-69
2020-03-21 16:58:12,894 INFO o.a.j.t.JMeterThread: Thread started: Grupo De Hilos 1-70
2020-03-21 16:58:13,295 INFO o.a.j.t.JMeterThread: Thread started: Grupo De Hilos 1-71
2020-03-21 16:58:13,694 INFO o.a.j.t.JMeterThread: Thread started: Grupo De Hilos 1-72
2020-03-21 16:58:14,093 INFO o.a.j.t.JMeterThread: Thread started: Grupo De Hilos 1-73
2020-03-21 16:58:14,494 INFO o.a.j.t.JMeterThread: Thread started: Grupo De Hilos 1-74
2020-03-21 16:58:14,894 INFO o.a.j.t.JMeterThread: Thread started: Grupo De Hilos 1-75
2020-03-21 17:02:15,345 INFO o.a.j.t.JMeterThread: Stopping because end time detected by thread: Grupo De Hilos 1-5
2020-03-21 17:02:15,346 INFO o.a.j.t.JMeterThread: Thread finished: Grupo De Hilos 1-5
2020-03-21 17:02:15,363 INFO o.a.j.t.JMeterThread: Stopping because end time detected by thread: Grupo De Hilos 1-1
2020-03-21 17:02:15,363 INFO o.a.j.t.JMeterThread: Thread finished: Grupo De Hilos 1-1
2020-03-21 17:02:15,367 INFO o.a.j.t.JMeterThread: Stopping because end time detected by thread: Grupo De Hilos 1-3
2020-03-21 17:02:15,367 INFO o.a.j.t.JMeterThread: Stopping because end time detected by thread: Grupo De Hilos 1-9
2020-03-21 17:02:15,367 INFO o.a.j.t.JMeterThread: Thread finished: Grupo De Hilos 1-3
2020-03-21 17:02:15,367 INFO o.a.j.t.JMeterThread: Thread finished: Grupo De Hilos 1-9
2020-03-21 17:02:15,371 INFO o.a.j.t.JMeterThread: Stopping because end time detected by thread: Grupo De Hilos 1-16
2020-03-21 17:02:15,371 INFO o.a.j.t.JMeterThread: Thread finished: Grupo De Hilos 1-16
2020-03-21 17:02:15,372 INFO o.a.j.t.JMeterThread: Stopping because end time detected by thread: Grupo De Hilos 1-12
2020-03-21 17:02:15,372 INFO o.a.j.t.JMeterThread: Thread finished: Grupo De Hilos 1-12
2020-03-21 17:02:15,373 INFO o.a.j.t.JMeterThread: Stopping because end time detected by thread: Grupo De Hilos 1-2
2020-03-21 17:02:15,374 INFO o.a.j.t.JMeterThread: Thread finished: Grupo De Hilos 1-2
2020-03-21 17:02:15,374 INFO o.a.j.t.JMeterThread: Stopping because end time detected by thread: Grupo De Hilos 1-15
2020-03-21 17:02:15,374 INFO o.a.j.t.JMeterThread: Thread finished: Grupo De Hilos 1-15
2020-03-21 17:02:15,383 INFO o.a.j.t.JMeterThread: Stopping because end time detected by thread: Grupo De Hilos 1-10
2020-03-21 17:02:15,383 INFO o.a.j.t.JMeterThread: Stopping because end time detected by thread: Grupo De Hilos 1-13
2020-03-21 17:02:15,383 INFO o.a.j.t.JMeterThread: Stopping because end time detected by thread: Grupo De Hilos 1-20
2020-03-21 17:02:15,383 INFO o.a.j.t.JMeterThread: Stopping because end time detected by thread: Grupo De Hilos 1-8
2020-03-21 17:02:15,383 INFO o.a.j.t.JMeterThread: Thread finished: Grupo De Hilos 1-13
2020-03-21 17:02:15,383 INFO o.a.j.t.JMeterThread: Thread finished: Grupo De Hilos 1-20
2020-03-21 17:02:15,383 INFO o.a.j.t.JMeterThread: Thread finished: Grupo De Hilos 1-8
2020-03-21 17:02:15,403 INFO o.a.j.t.JMeterThread: Stopping because end time detected by thread: Grupo De Hilos 1-32
2020-03-21 17:02:15,403 INFO o.a.j.t.JMeterThread: Thread finished: Grupo De Hilos 1-32
2020-03-21 17:02:15,383 INFO o.a.j.t.JMeterThread: Thread finished: Grupo De Hilos 1-10
2020-03-21 17:02:15,403 INFO o.a.j.t.JMeterThread: Stopping because end time detected by thread: Grupo De Hilos 1-42
2020-03-21 17:02:15,404 INFO o.a.j.t.JMeterThread: Thread finished: Grupo De Hilos 1-42
2020-03-21 17:02:15,405 INFO o.a.j.t.JMeterThread: Stopping because end time detected by thread: Grupo De Hilos 1-21
2020-03-21 17:02:15,405 INFO o.a.j.t.JMeterThread: Thread finished: Grupo De Hilos 1-21
2020-03-21 17:02:15,383 INFO o.a.j.t.JMeterThread: Stopping because end time detected by thread: Grupo De Hilos 1-28
2020-03-21 17:02:15,406 INFO o.a.j.t.JMeterThread: Thread finished: Grupo De Hilos 1-28
2020-03-21 17:02:15,407 INFO o.a.j.t.JMeterThread: Stopping because end time detected by thread: Grupo De Hilos 1-24
2020-03-21 17:02:15,407 INFO o.a.j.t.JMeterThread: Thread finished: Grupo De Hilos 1-24
2020-03-21 17:02:15,395 INFO o.a.j.t.JMeterThread: Stopping because end time detected by thread: Grupo De Hilos 1-14
2020-03-21 17:02:15,407 INFO o.a.j.t.JMeterThread: Thread finished: Grupo De Hilos 1-14
2020-03-21 17:02:15,402 INFO o.a.j.t.JMeterThread: Stopping because end time detected by thread: Grupo De Hilos 1-41
2020-03-21 17:02:15,399 INFO o.a.j.t.JMeterThread: Stopping because end time detected by thread: Grupo De Hilos 1-27
2020-03-21 17:02:15,399 INFO o.a.j.t.JMeterThread: Stopping because end time detected by thread: Grupo De Hilos 1-4
2020-03-21 17:02:15,410 INFO o.a.j.t.JMeterThread: Thread finished: Grupo De Hilos 1-41
2020-03-21 17:02:15,411 INFO o.a.j.t.JMeterThread: Stopping because end time detected by thread: Grupo De Hilos 1-17
2020-03-21 17:02:15,411 INFO o.a.j.t.JMeterThread: Thread finished: Grupo De Hilos 1-4
2020-03-21 17:02:15,411 INFO o.a.j.t.JMeterThread: Stopping because end time detected by thread: Grupo De Hilos 1-38
2020-03-21 17:02:15,411 INFO o.a.j.t.JMeterThread: Stopping because end time detected by thread: Grupo De Hilos 1-7
2020-03-21 17:02:15,411 INFO o.a.j.t.JMeterThread: Thread finished: Grupo De Hilos 1-38
2020-03-21 17:02:15,412 INFO o.a.j.t.JMeterThread: Thread finished: Grupo De Hilos 1-27
2020-03-21 17:02:15,398 INFO o.a.j.t.JMeterThread: Stopping because end time detected by thread: Grupo De Hilos 1-36
2020-03-21 17:02:15,395 INFO o.a.j.t.JMeterThread: Stopping because end time detected by thread: Grupo De Hilos 1-18
2020-03-21 17:02:15,395 INFO o.a.j.t.JMeterThread: Stopping because end time detected by thread: Grupo De Hilos 1-6
2020-03-21 17:02:15,395 INFO o.a.j.t.JMeterThread: Stopping because end time detected by thread: Grupo De Hilos 1-33
2020-03-21 17:02:15,391 INFO o.a.j.t.JMeterThread: Stopping because end time detected by thread: Grupo De Hilos 1-23
2020-03-21 17:02:15,419 INFO o.a.j.t.JMeterThread: Thread finished: Grupo De Hilos 1-18
2020-03-21 17:02:15,419 INFO o.a.j.t.JMeterThread: Thread finished: Grupo De Hilos 1-23
2020-03-21 17:02:15,419 INFO o.a.j.t.JMeterThread: Thread finished: Grupo De Hilos 1-33
2020-03-21 17:02:15,419 INFO o.a.j.t.JMeterThread: Stopping because end time detected by thread: Grupo De Hilos 1-45
2020-03-21 17:02:15,420 INFO o.a.j.t.JMeterThread: Thread finished: Grupo De Hilos 1-45
2020-03-21 17:02:15,420 INFO o.a.j.t.JMeterThread: Thread finished: Grupo De Hilos 1-36
2020-03-21 17:02:15,420 INFO o.a.j.t.JMeterThread: Thread finished: Grupo De Hilos 1-6
2020-03-21 17:02:15,420 INFO o.a.j.t.JMeterThread: Thread finished: Grupo De Hilos 1-7
2020-03-21 17:02:15,420 INFO o.a.j.t.JMeterThread: Thread finished: Grupo De Hilos 1-17
2020-03-21 17:02:15,421 INFO o.a.j.t.JMeterThread: Stopping because end time detected by thread: Grupo De Hilos 1-43
2020-03-21 17:02:15,421 INFO o.a.j.t.JMeterThread: Thread finished: Grupo De Hilos 1-43
2020-03-21 17:02:15,421 INFO o.a.j.t.JMeterThread: Stopping because end time detected by thread: Grupo De Hilos 1-46
2020-03-21 17:02:15,421 INFO o.a.j.t.JMeterThread: Thread finished: Grupo De Hilos 1-46
2020-03-21 17:02:15,427 INFO o.a.j.t.JMeterThread: Stopping because end time detected by thread: Grupo De Hilos 1-19
2020-03-21 17:02:15,427 INFO o.a.j.t.JMeterThread: Thread finished: Grupo De Hilos 1-19
2020-03-21 17:02:15,430 INFO o.a.j.t.JMeterThread: Stopping because end time detected by thread: Grupo De Hilos 1-48
2020-03-21 17:02:15,431 INFO o.a.j.t.JMeterThread: Thread finished: Grupo De Hilos 1-48
2020-03-21 17:02:15,439 INFO o.a.j.t.JMeterThread: Stopping because end time detected by thread: Grupo De Hilos 1-26
2020-03-21 17:02:15,439 INFO o.a.j.t.JMeterThread: Thread finished: Grupo De Hilos 1-26
2020-03-21 17:02:15,439 INFO o.a.j.t.JMeterThread: Stopping because end time detected by thread: Grupo De Hilos 1-51
2020-03-21 17:02:15,439 INFO o.a.j.t.JMeterThread: Thread finished: Grupo De Hilos 1-51
2020-03-21 17:02:15,439 INFO o.a.j.t.JMeterThread: Stopping because end time detected by thread: Grupo De Hilos 1-31
2020-03-21 17:02:15,440 INFO o.a.j.t.JMeterThread: Thread finished: Grupo De Hilos 1-31
2020-03-21 17:02:15,447 INFO o.a.j.t.JMeterThread: Stopping because end time detected by thread: Grupo De Hilos 1-37
2020-03-21 17:02:15,447 INFO o.a.j.t.JMeterThread: Thread finished: Grupo De Hilos 1-37
2020-03-21 17:02:15,448 INFO o.a.j.t.JMeterThread: Stopping because end time detected by thread: Grupo De Hilos 1-11
2020-03-21 17:02:15,448 INFO o.a.j.t.JMeterThread: Thread finished: Grupo De Hilos 1-11
2020-03-21 17:02:15,449 INFO o.a.j.t.JMeterThread: Stopping because end time detected by thread: Grupo De Hilos 1-55
2020-03-21 17:02:15,449 INFO o.a.j.t.JMeterThread: Thread finished: Grupo De Hilos 1-55
2020-03-21 17:02:15,455 INFO o.a.j.t.JMeterThread: Stopping because end time detected by thread: Grupo De Hilos 1-39
2020-03-21 17:02:15,455 INFO o.a.j.t.JMeterThread: Stopping because end time detected by thread: Grupo De Hilos 1-60
2020-03-21 17:02:15,455 INFO o.a.j.t.JMeterThread: Stopping because end time detected by thread: Grupo De Hilos 1-59
2020-03-21 17:02:15,455 INFO o.a.j.t.JMeterThread: Thread finished: Grupo De Hilos 1-39
2020-03-21 17:02:15,455 INFO o.a.j.t.JMeterThread: Thread finished: Grupo De Hilos 1-60
2020-03-21 17:02:15,456 INFO o.a.j.t.JMeterThread: Stopping because end time detected by thread: Grupo De Hilos 1-58
2020-03-21 17:02:15,456 INFO o.a.j.t.JMeterThread: Thread finished: Grupo De Hilos 1-58
2020-03-21 17:02:15,459 INFO o.a.j.t.JMeterThread: Thread finished: Grupo De Hilos 1-59
2020-03-21 17:02:15,463 INFO o.a.j.t.JMeterThread: Stopping because end time detected by thread: Grupo De Hilos 1-49
2020-03-21 17:02:15,463 INFO o.a.j.t.JMeterThread: Stopping because end time detected by thread: Grupo De Hilos 1-47
2020-03-21 17:02:15,463 INFO o.a.j.t.JMeterThread: Thread finished: Grupo De Hilos 1-47
2020-03-21 17:02:15,464 INFO o.a.j.t.JMeterThread: Stopping because end time detected by thread: Grupo De Hilos 1-65
2020-03-21 17:02:15,464 INFO o.a.j.t.JMeterThread: Thread finished: Grupo De Hilos 1-65
2020-03-21 17:02:15,464 INFO o.a.j.t.JMeterThread: Stopping because end time detected by thread: Grupo De Hilos 1-22
2020-03-21 17:02:15,464 INFO o.a.j.t.JMeterThread: Thread finished: Grupo De Hilos 1-22
2020-03-21 17:02:15,465 INFO o.a.j.t.JMeterThread: Stopping because end time detected by thread: Grupo De Hilos 1-61
2020-03-21 17:02:15,465 INFO o.a.j.t.JMeterThread: Thread finished: Grupo De Hilos 1-61
2020-03-21 17:02:15,466 INFO o.a.j.t.JMeterThread: Stopping because end time detected by thread: Grupo De Hilos 1-56
2020-03-21 17:02:15,466 INFO o.a.j.t.JMeterThread: Stopping because end time detected by thread: Grupo De Hilos 1-53
2020-03-21 17:02:15,466 INFO o.a.j.t.JMeterThread: Thread finished: Grupo De Hilos 1-53
2020-03-21 17:02:15,470 INFO o.a.j.t.JMeterThread: Stopping because end time detected by thread: Grupo De Hilos 1-66
2020-03-21 17:02:15,470 INFO o.a.j.t.JMeterThread: Thread finished: Grupo De Hilos 1-66
2020-03-21 17:02:15,463 INFO o.a.j.t.JMeterThread: Stopping because end time detected by thread: Grupo De Hilos 1-63
2020-03-21 17:02:15,466 INFO o.a.j.t.JMeterThread: Thread finished: Grupo De Hilos 1-56
2020-03-21 17:02:15,471 INFO o.a.j.t.JMeterThread: Thread finished: Grupo De Hilos 1-63
2020-03-21 17:02:15,472 INFO o.a.j.t.JMeterThread: Thread finished: Grupo De Hilos 1-49
2020-03-21 17:02:15,472 INFO o.a.j.t.JMeterThread: Stopping because end time detected by thread: Grupo De Hilos 1-57
2020-03-21 17:02:15,473 INFO o.a.j.t.JMeterThread: Thread finished: Grupo De Hilos 1-57
2020-03-21 17:02:15,473 INFO o.a.j.t.JMeterThread: Stopping because end time detected by thread: Grupo De Hilos 1-40
2020-03-21 17:02:15,473 INFO o.a.j.t.JMeterThread: Thread finished: Grupo De Hilos 1-40
2020-03-21 17:02:15,473 INFO o.a.j.t.JMeterThread: Stopping because end time detected by thread: Grupo De Hilos 1-52
2020-03-21 17:02:15,474 INFO o.a.j.t.JMeterThread: Thread finished: Grupo De Hilos 1-52
2020-03-21 17:02:15,475 INFO o.a.j.t.JMeterThread: Stopping because end time detected by thread: Grupo De Hilos 1-30
2020-03-21 17:02:15,475 INFO o.a.j.t.JMeterThread: Stopping because end time detected by thread: Grupo De Hilos 1-35
2020-03-21 17:02:15,475 INFO o.a.j.t.JMeterThread: Thread finished: Grupo De Hilos 1-30
2020-03-21 17:02:15,475 INFO o.a.j.t.JMeterThread: Stopping because end time detected by thread: Grupo De Hilos 1-25
2020-03-21 17:02:15,475 INFO o.a.j.t.JMeterThread: Thread finished: Grupo De Hilos 1-25
2020-03-21 17:02:15,475 INFO o.a.j.t.JMeterThread: Stopping because end time detected by thread: Grupo De Hilos 1-62
2020-03-21 17:02:15,476 INFO o.a.j.t.JMeterThread: Thread finished: Grupo De Hilos 1-62
2020-03-21 17:02:15,475 INFO o.a.j.t.JMeterThread: Thread finished: Grupo De Hilos 1-35
2020-03-21 17:02:15,472 INFO o.a.j.t.JMeterThread: Stopping because end time detected by thread: Grupo De Hilos 1-29
2020-03-21 17:02:15,481 INFO o.a.j.t.JMeterThread: Thread finished: Grupo De Hilos 1-29
2020-03-21 17:02:15,476 INFO o.a.j.t.JMeterThread: Stopping because end time detected by thread: Grupo De Hilos 1-69
2020-03-21 17:02:15,481 INFO o.a.j.t.JMeterThread: Stopping because end time detected by thread: Grupo De Hilos 1-75
2020-03-21 17:02:15,482 INFO o.a.j.t.JMeterThread: Thread finished: Grupo De Hilos 1-69
2020-03-21 17:02:15,482 INFO o.a.j.t.JMeterThread: Thread finished: Grupo De Hilos 1-75
2020-03-21 17:02:15,480 INFO o.a.j.t.JMeterThread: Stopping because end time detected by thread: Grupo De Hilos 1-64
2020-03-21 17:02:15,480 INFO o.a.j.t.JMeterThread: Stopping because end time detected by thread: Grupo De Hilos 1-34
2020-03-21 17:02:15,480 INFO o.a.j.t.JMeterThread: Stopping because end time detected by thread: Grupo De Hilos 1-44
2020-03-21 17:02:15,480 INFO o.a.j.t.JMeterThread: Stopping because end time detected by thread: Grupo De Hilos 1-50
2020-03-21 17:02:15,480 INFO o.a.j.t.JMeterThread: Stopping because end time detected by thread: Grupo De Hilos 1-54
2020-03-21 17:02:15,482 INFO o.a.j.t.JMeterThread: Thread finished: Grupo De Hilos 1-44
2020-03-21 17:02:15,482 INFO o.a.j.t.JMeterThread: Thread finished: Grupo De Hilos 1-34
2020-03-21 17:02:15,482 INFO o.a.j.t.JMeterThread: Thread finished: Grupo De Hilos 1-50
2020-03-21 17:02:15,482 INFO o.a.j.t.JMeterThread: Thread finished: Grupo De Hilos 1-54
2020-03-21 17:02:15,483 INFO o.a.j.t.JMeterThread: Thread finished: Grupo De Hilos 1-64
2020-03-21 17:02:15,480 INFO o.a.j.t.JMeterThread: Stopping because end time detected by thread: Grupo De Hilos 1-74
2020-03-21 17:02:15,480 INFO o.a.j.t.JMeterThread: Stopping because end time detected by thread: Grupo De Hilos 1-73
2020-03-21 17:02:15,479 INFO o.a.j.t.JMeterThread: Stopping because end time detected by thread: Grupo De Hilos 1-72
2020-03-21 17:02:15,487 INFO o.a.j.t.JMeterThread: Thread finished: Grupo De Hilos 1-74
2020-03-21 17:02:15,487 INFO o.a.j.t.JMeterThread: Thread finished: Grupo De Hilos 1-73
2020-03-21 17:02:15,479 INFO o.a.j.t.JMeterThread: Stopping because end time detected by thread: Grupo De Hilos 1-68
2020-03-21 17:02:15,479 INFO o.a.j.t.JMeterThread: Stopping because end time detected by thread: Grupo De Hilos 1-67
2020-03-21 17:02:15,490 INFO o.a.j.t.JMeterThread: Thread finished: Grupo De Hilos 1-68
2020-03-21 17:02:15,477 INFO o.a.j.t.JMeterThread: Stopping because end time detected by thread: Grupo De Hilos 1-71
2020-03-21 17:02:15,490 INFO o.a.j.t.JMeterThread: Thread finished: Grupo De Hilos 1-67
2020-03-21 17:02:15,477 INFO o.a.j.t.JMeterThread: Stopping because end time detected by thread: Grupo De Hilos 1-70
2020-03-21 17:02:15,491 INFO o.a.j.t.JMeterThread: Thread finished: Grupo De Hilos 1-70
2020-03-21 17:02:15,491 INFO o.a.j.t.JMeterThread: Thread finished: Grupo De Hilos 1-71
2020-03-21 17:02:15,487 INFO o.a.j.t.JMeterThread: Thread finished: Grupo De Hilos 1-72
2020-03-21 17:02:15,492 INFO o.a.j.e.StandardJMeterEngine: Notifying test listeners of end of test
2020-03-21 17:02:15,494 INFO o.a.j.r.Summariser: summary +     37 in 00:04:15 =    0.1/s Avg:    50 Min:    43 Max:    67 Err:     0 (0.00%) Active: 0 Started: 75 Finished: 75
2020-03-21 17:02:15,495 INFO o.a.j.r.Summariser: summary =     75 in 00:04:30 =    0.3/s Avg:    50 Min:    43 Max:   120 Err:     0 (0.00%)
