2020-03-21 17:02:17,725 INFO o.a.j.u.JMeterUtils: Setting Locale to en_US
2020-03-21 17:02:17,757 INFO o.a.j.JMeter: Loading user properties from: user.properties
2020-03-21 17:02:17,758 INFO o.a.j.JMeter: Loading system properties from: system.properties
2020-03-21 17:02:17,759 INFO o.a.j.JMeter: Setting JMeter property: HILOS=150
2020-03-21 17:02:17,759 INFO o.a.j.JMeter: Setting JMeter property: SUBIDA=60
2020-03-21 17:02:17,759 INFO o.a.j.JMeter: Setting JMeter property: DURACION=300
2020-03-21 17:02:17,760 INFO o.a.j.JMeter: Setting JMeter property: FILE=scriptresultsperfmon150.jtl
2020-03-21 17:02:17,762 INFO o.a.j.JMeter: Copyright (c) 1998-2019 The Apache Software Foundation
2020-03-21 17:02:17,763 INFO o.a.j.JMeter: Version 5.2.1
2020-03-21 17:02:17,763 INFO o.a.j.JMeter: java.version=1.8.0_201
2020-03-21 17:02:17,763 INFO o.a.j.JMeter: java.vm.name=Java HotSpot(TM) 64-Bit Server VM
2020-03-21 17:02:17,764 INFO o.a.j.JMeter: os.name=Linux
2020-03-21 17:02:17,764 INFO o.a.j.JMeter: os.arch=amd64
2020-03-21 17:02:17,764 INFO o.a.j.JMeter: os.version=4.15.0-91-generic
2020-03-21 17:02:17,764 INFO o.a.j.JMeter: file.encoding=UTF-8
2020-03-21 17:02:17,765 INFO o.a.j.JMeter: java.awt.headless=true
2020-03-21 17:02:17,765 INFO o.a.j.JMeter: Max memory     =732954624
2020-03-21 17:02:17,765 INFO o.a.j.JMeter: Available Processors =4
2020-03-21 17:02:17,772 INFO o.a.j.JMeter: Default Locale=English (United States)
2020-03-21 17:02:17,773 INFO o.a.j.JMeter: JMeter  Locale=English (United States)
2020-03-21 17:02:17,773 INFO o.a.j.JMeter: JMeterHome=/home/pablo/jmeter
2020-03-21 17:02:17,773 INFO o.a.j.JMeter: user.dir  =/home/pablo/jmeter/bin
2020-03-21 17:02:17,774 INFO o.a.j.JMeter: PWD       =/home/pablo/jmeter/bin
2020-03-21 17:02:17,774 INFO o.a.j.JMeter: IP: 127.0.1.1 Name: hylianpablo FullName: hylianpablo
2020-03-21 17:02:17,783 INFO o.a.j.s.FileServer: Default base='/home/pablo/jmeter/bin'
2020-03-21 17:02:17,793 INFO o.a.j.s.FileServer: Set new base='/home/pablo/jmeter/bin'
2020-03-21 17:02:18,075 INFO o.a.j.s.SaveService: Testplan (JMX) version: 2.2. Testlog (JTL) version: 2.2
2020-03-21 17:02:18,093 INFO o.a.j.s.SaveService: Using SaveService properties file encoding UTF-8
2020-03-21 17:02:18,108 INFO o.a.j.s.SaveService: Using SaveService properties version 5.0
2020-03-21 17:02:18,127 INFO o.a.j.s.SaveService: Loading file: Funciona.jmx
2020-03-21 17:02:18,202 INFO o.a.j.p.h.c.CookieManager: Settings: Delete null: true Check: true Allow variable: true Save: false Prefix: COOKIE_
2020-03-21 17:02:18,252 INFO o.a.j.p.h.s.HTTPSamplerBase: Parser for text/html is org.apache.jmeter.protocol.http.parser.LagartoBasedHtmlParser
2020-03-21 17:02:18,252 INFO o.a.j.p.h.s.HTTPSamplerBase: Parser for application/xhtml+xml is org.apache.jmeter.protocol.http.parser.LagartoBasedHtmlParser
2020-03-21 17:02:18,252 INFO o.a.j.p.h.s.HTTPSamplerBase: Parser for application/xml is org.apache.jmeter.protocol.http.parser.LagartoBasedHtmlParser
2020-03-21 17:02:18,253 INFO o.a.j.p.h.s.HTTPSamplerBase: Parser for text/xml is org.apache.jmeter.protocol.http.parser.LagartoBasedHtmlParser
2020-03-21 17:02:18,253 INFO o.a.j.p.h.s.HTTPSamplerBase: Parser for text/vnd.wap.wml is org.apache.jmeter.protocol.http.parser.RegexpHTMLParser
2020-03-21 17:02:18,253 INFO o.a.j.p.h.s.HTTPSamplerBase: Parser for text/css is org.apache.jmeter.protocol.http.parser.CssParser
2020-03-21 17:02:18,305 INFO o.a.j.p.h.c.CacheManager: Will only cache the following methods: [GET]
2020-03-21 17:02:18,349 INFO o.a.j.JMeter: Creating summariser <summary>
2020-03-21 17:02:18,366 INFO o.a.j.e.StandardJMeterEngine: Running the test!
2020-03-21 17:02:18,368 INFO o.a.j.s.SampleEvent: List of sample_variables: []
2020-03-21 17:02:18,369 INFO o.a.j.s.SampleEvent: List of sample_variables: []
2020-03-21 17:02:18,380 INFO o.a.j.e.u.CompoundVariable: Note: Function class names must contain the string: '.functions.'
2020-03-21 17:02:18,381 INFO o.a.j.e.u.CompoundVariable: Note: Function class names must not contain the string: '.gui.'
2020-03-21 17:02:19,270 INFO o.a.j.JMeter: Running test (1584806539270)
2020-03-21 17:02:19,376 INFO o.a.j.e.StandardJMeterEngine: Starting ThreadGroup: 1 : Grupo De Hilos
2020-03-21 17:02:19,377 INFO o.a.j.e.StandardJMeterEngine: Starting 150 threads for group Grupo De Hilos.
2020-03-21 17:02:19,377 INFO o.a.j.e.StandardJMeterEngine: Thread will continue on error
2020-03-21 17:02:19,377 INFO o.a.j.t.ThreadGroup: Starting thread group... number=1 threads=150 ramp-up=60 delayedStart=false
2020-03-21 17:02:19,417 INFO o.a.j.t.JMeterThread: Thread started: Grupo De Hilos 1-1
2020-03-21 17:02:19,473 INFO o.a.j.p.h.s.HTTPHCAbstractImpl: Local host = hylianpablo
2020-03-21 17:02:19,488 INFO o.a.j.p.h.s.HTTPHC4Impl: HTTP request retry count = 0
2020-03-21 17:02:19,492 INFO o.a.j.s.SampleResult: Note: Sample TimeStamps are START times
2020-03-21 17:02:19,493 INFO o.a.j.s.SampleResult: sampleresult.default.encoding is set to ISO-8859-1
2020-03-21 17:02:19,493 INFO o.a.j.s.SampleResult: sampleresult.useNanoTime=true
2020-03-21 17:02:19,493 INFO o.a.j.s.SampleResult: sampleresult.nanoThreadSleep=5000
2020-03-21 17:02:19,712 INFO o.a.j.t.ThreadGroup: Started thread group number 1
2020-03-21 17:02:19,713 INFO o.a.j.e.StandardJMeterEngine: All thread groups have been started
2020-03-21 17:02:19,783 INFO o.a.j.t.JMeterThread: Thread started: Grupo De Hilos 1-2
2020-03-21 17:02:20,184 INFO o.a.j.t.JMeterThread: Thread started: Grupo De Hilos 1-3
2020-03-21 17:02:20,584 INFO o.a.j.t.JMeterThread: Thread started: Grupo De Hilos 1-4
2020-03-21 17:02:20,988 INFO o.a.j.t.JMeterThread: Thread started: Grupo De Hilos 1-5
2020-03-21 17:02:21,384 INFO o.a.j.t.JMeterThread: Thread started: Grupo De Hilos 1-6
2020-03-21 17:02:21,780 INFO o.a.j.t.JMeterThread: Thread started: Grupo De Hilos 1-7
2020-03-21 17:02:22,182 INFO o.a.j.t.JMeterThread: Thread started: Grupo De Hilos 1-8
2020-03-21 17:02:22,580 INFO o.a.j.t.JMeterThread: Thread started: Grupo De Hilos 1-9
2020-03-21 17:02:22,979 INFO o.a.j.t.JMeterThread: Thread started: Grupo De Hilos 1-10
2020-03-21 17:02:23,381 INFO o.a.j.t.JMeterThread: Thread started: Grupo De Hilos 1-11
2020-03-21 17:02:23,785 INFO o.a.j.t.JMeterThread: Thread started: Grupo De Hilos 1-12
2020-03-21 17:02:24,180 INFO o.a.j.t.JMeterThread: Thread started: Grupo De Hilos 1-13
2020-03-21 17:02:24,586 INFO o.a.j.t.JMeterThread: Thread started: Grupo De Hilos 1-14
2020-03-21 17:02:24,979 INFO o.a.j.t.JMeterThread: Thread started: Grupo De Hilos 1-15
2020-03-21 17:02:25,382 INFO o.a.j.t.JMeterThread: Thread started: Grupo De Hilos 1-16
2020-03-21 17:02:25,783 INFO o.a.j.t.JMeterThread: Thread started: Grupo De Hilos 1-17
2020-03-21 17:02:26,183 INFO o.a.j.t.JMeterThread: Thread started: Grupo De Hilos 1-18
2020-03-21 17:02:26,583 INFO o.a.j.t.JMeterThread: Thread started: Grupo De Hilos 1-19
2020-03-21 17:02:26,981 INFO o.a.j.t.JMeterThread: Thread started: Grupo De Hilos 1-20
2020-03-21 17:02:27,383 INFO o.a.j.t.JMeterThread: Thread started: Grupo De Hilos 1-21
2020-03-21 17:02:27,780 INFO o.a.j.t.JMeterThread: Thread started: Grupo De Hilos 1-22
2020-03-21 17:02:28,180 INFO o.a.j.t.JMeterThread: Thread started: Grupo De Hilos 1-23
2020-03-21 17:02:28,580 INFO o.a.j.t.JMeterThread: Thread started: Grupo De Hilos 1-24
2020-03-21 17:02:28,979 INFO o.a.j.t.JMeterThread: Thread started: Grupo De Hilos 1-25
2020-03-21 17:02:29,385 INFO o.a.j.t.JMeterThread: Thread started: Grupo De Hilos 1-26
2020-03-21 17:02:29,780 INFO o.a.j.t.JMeterThread: Thread started: Grupo De Hilos 1-27
2020-03-21 17:02:30,180 INFO o.a.j.t.JMeterThread: Thread started: Grupo De Hilos 1-28
2020-03-21 17:02:30,235 INFO o.a.j.r.Summariser: summary +     28 in 00:00:11 =    2.6/s Avg:    56 Min:    45 Max:   131 Err:     0 (0.00%) Active: 28 Started: 28 Finished: 0
2020-03-21 17:02:30,580 INFO o.a.j.t.JMeterThread: Thread started: Grupo De Hilos 1-29
2020-03-21 17:02:30,979 INFO o.a.j.t.JMeterThread: Thread started: Grupo De Hilos 1-30
2020-03-21 17:02:31,383 INFO o.a.j.t.JMeterThread: Thread started: Grupo De Hilos 1-31
2020-03-21 17:02:31,779 INFO o.a.j.t.JMeterThread: Thread started: Grupo De Hilos 1-32
2020-03-21 17:02:32,180 INFO o.a.j.t.JMeterThread: Thread started: Grupo De Hilos 1-33
2020-03-21 17:02:32,579 INFO o.a.j.t.JMeterThread: Thread started: Grupo De Hilos 1-34
2020-03-21 17:02:32,979 INFO o.a.j.t.JMeterThread: Thread started: Grupo De Hilos 1-35
2020-03-21 17:02:33,379 INFO o.a.j.t.JMeterThread: Thread started: Grupo De Hilos 1-36
2020-03-21 17:02:33,780 INFO o.a.j.t.JMeterThread: Thread started: Grupo De Hilos 1-37
2020-03-21 17:02:34,180 INFO o.a.j.t.JMeterThread: Thread started: Grupo De Hilos 1-38
2020-03-21 17:02:34,581 INFO o.a.j.t.JMeterThread: Thread started: Grupo De Hilos 1-39
2020-03-21 17:02:34,982 INFO o.a.j.t.JMeterThread: Thread started: Grupo De Hilos 1-40
2020-03-21 17:02:35,383 INFO o.a.j.t.JMeterThread: Thread started: Grupo De Hilos 1-41
2020-03-21 17:02:35,780 INFO o.a.j.t.JMeterThread: Thread started: Grupo De Hilos 1-42
2020-03-21 17:02:36,183 INFO o.a.j.t.JMeterThread: Thread started: Grupo De Hilos 1-43
2020-03-21 17:02:36,580 INFO o.a.j.t.JMeterThread: Thread started: Grupo De Hilos 1-44
2020-03-21 17:02:36,980 INFO o.a.j.t.JMeterThread: Thread started: Grupo De Hilos 1-45
2020-03-21 17:02:37,381 INFO o.a.j.t.JMeterThread: Thread started: Grupo De Hilos 1-46
2020-03-21 17:02:37,782 INFO o.a.j.t.JMeterThread: Thread started: Grupo De Hilos 1-47
2020-03-21 17:02:38,183 INFO o.a.j.t.JMeterThread: Thread started: Grupo De Hilos 1-48
2020-03-21 17:02:38,583 INFO o.a.j.t.JMeterThread: Thread started: Grupo De Hilos 1-49
2020-03-21 17:02:38,986 INFO o.a.j.t.JMeterThread: Thread started: Grupo De Hilos 1-50
2020-03-21 17:02:39,383 INFO o.a.j.t.JMeterThread: Thread started: Grupo De Hilos 1-51
2020-03-21 17:02:39,781 INFO o.a.j.t.JMeterThread: Thread started: Grupo De Hilos 1-52
2020-03-21 17:02:40,179 INFO o.a.j.t.JMeterThread: Thread started: Grupo De Hilos 1-53
2020-03-21 17:02:40,583 INFO o.a.j.t.JMeterThread: Thread started: Grupo De Hilos 1-54
2020-03-21 17:02:40,980 INFO o.a.j.t.JMeterThread: Thread started: Grupo De Hilos 1-55
2020-03-21 17:02:41,394 INFO o.a.j.t.JMeterThread: Thread started: Grupo De Hilos 1-56
2020-03-21 17:02:41,791 INFO o.a.j.t.JMeterThread: Thread started: Grupo De Hilos 1-57
2020-03-21 17:02:42,185 INFO o.a.j.t.JMeterThread: Thread started: Grupo De Hilos 1-58
2020-03-21 17:02:42,581 INFO o.a.j.t.JMeterThread: Thread started: Grupo De Hilos 1-59
2020-03-21 17:02:42,984 INFO o.a.j.t.JMeterThread: Thread started: Grupo De Hilos 1-60
2020-03-21 17:02:43,382 INFO o.a.j.t.JMeterThread: Thread started: Grupo De Hilos 1-61
2020-03-21 17:02:43,781 INFO o.a.j.t.JMeterThread: Thread started: Grupo De Hilos 1-62
2020-03-21 17:02:44,183 INFO o.a.j.t.JMeterThread: Thread started: Grupo De Hilos 1-63
2020-03-21 17:02:44,584 INFO o.a.j.t.JMeterThread: Thread started: Grupo De Hilos 1-64
2020-03-21 17:02:44,983 INFO o.a.j.t.JMeterThread: Thread started: Grupo De Hilos 1-65
2020-03-21 17:02:45,382 INFO o.a.j.t.JMeterThread: Thread started: Grupo De Hilos 1-66
2020-03-21 17:02:45,783 INFO o.a.j.t.JMeterThread: Thread started: Grupo De Hilos 1-67
2020-03-21 17:02:46,180 INFO o.a.j.t.JMeterThread: Thread started: Grupo De Hilos 1-68
2020-03-21 17:02:46,580 INFO o.a.j.t.JMeterThread: Thread started: Grupo De Hilos 1-69
2020-03-21 17:02:46,980 INFO o.a.j.t.JMeterThread: Thread started: Grupo De Hilos 1-70
2020-03-21 17:02:47,381 INFO o.a.j.t.JMeterThread: Thread started: Grupo De Hilos 1-71
2020-03-21 17:02:47,781 INFO o.a.j.t.JMeterThread: Thread started: Grupo De Hilos 1-72
2020-03-21 17:02:48,180 INFO o.a.j.t.JMeterThread: Thread started: Grupo De Hilos 1-73
2020-03-21 17:02:48,582 INFO o.a.j.t.JMeterThread: Thread started: Grupo De Hilos 1-74
2020-03-21 17:02:48,983 INFO o.a.j.t.JMeterThread: Thread started: Grupo De Hilos 1-75
2020-03-21 17:02:49,380 INFO o.a.j.t.JMeterThread: Thread started: Grupo De Hilos 1-76
2020-03-21 17:02:49,779 INFO o.a.j.t.JMeterThread: Thread started: Grupo De Hilos 1-77
2020-03-21 17:02:50,180 INFO o.a.j.t.JMeterThread: Thread started: Grupo De Hilos 1-78
2020-03-21 17:02:50,587 INFO o.a.j.t.JMeterThread: Thread started: Grupo De Hilos 1-79
2020-03-21 17:02:50,983 INFO o.a.j.t.JMeterThread: Thread started: Grupo De Hilos 1-80
2020-03-21 17:02:51,387 INFO o.a.j.t.JMeterThread: Thread started: Grupo De Hilos 1-81
2020-03-21 17:02:51,783 INFO o.a.j.t.JMeterThread: Thread started: Grupo De Hilos 1-82
2020-03-21 17:02:52,180 INFO o.a.j.t.JMeterThread: Thread started: Grupo De Hilos 1-83
2020-03-21 17:02:52,581 INFO o.a.j.t.JMeterThread: Thread started: Grupo De Hilos 1-84
2020-03-21 17:02:52,979 INFO o.a.j.t.JMeterThread: Thread started: Grupo De Hilos 1-85
2020-03-21 17:02:53,382 INFO o.a.j.t.JMeterThread: Thread started: Grupo De Hilos 1-86
2020-03-21 17:02:53,795 INFO o.a.j.t.JMeterThread: Thread started: Grupo De Hilos 1-87
2020-03-21 17:02:54,180 INFO o.a.j.t.JMeterThread: Thread started: Grupo De Hilos 1-88
2020-03-21 17:02:54,581 INFO o.a.j.t.JMeterThread: Thread started: Grupo De Hilos 1-89
2020-03-21 17:02:54,982 INFO o.a.j.t.JMeterThread: Thread started: Grupo De Hilos 1-90
2020-03-21 17:02:55,383 INFO o.a.j.t.JMeterThread: Thread started: Grupo De Hilos 1-91
2020-03-21 17:02:55,783 INFO o.a.j.t.JMeterThread: Thread started: Grupo De Hilos 1-92
2020-03-21 17:02:56,187 INFO o.a.j.t.JMeterThread: Thread started: Grupo De Hilos 1-93
2020-03-21 17:02:56,583 INFO o.a.j.t.JMeterThread: Thread started: Grupo De Hilos 1-94
2020-03-21 17:02:56,982 INFO o.a.j.t.JMeterThread: Thread started: Grupo De Hilos 1-95
2020-03-21 17:02:57,384 INFO o.a.j.t.JMeterThread: Thread started: Grupo De Hilos 1-96
2020-03-21 17:02:57,787 INFO o.a.j.t.JMeterThread: Thread started: Grupo De Hilos 1-97
2020-03-21 17:02:58,187 INFO o.a.j.t.JMeterThread: Thread started: Grupo De Hilos 1-98
2020-03-21 17:02:58,582 INFO o.a.j.t.JMeterThread: Thread started: Grupo De Hilos 1-99
2020-03-21 17:02:58,982 INFO o.a.j.t.JMeterThread: Thread started: Grupo De Hilos 1-100
2020-03-21 17:02:59,382 INFO o.a.j.t.JMeterThread: Thread started: Grupo De Hilos 1-101
2020-03-21 17:02:59,779 INFO o.a.j.t.JMeterThread: Thread started: Grupo De Hilos 1-102
2020-03-21 17:03:00,195 INFO o.a.j.t.JMeterThread: Thread started: Grupo De Hilos 1-103
2020-03-21 17:03:00,252 INFO o.a.j.r.Summariser: summary +     75 in 00:00:30 =    2.5/s Avg:    55 Min:    42 Max:   200 Err:     0 (0.00%) Active: 103 Started: 103 Finished: 0
2020-03-21 17:03:00,253 INFO o.a.j.r.Summariser: summary =    103 in 00:00:41 =    2.5/s Avg:    55 Min:    42 Max:   200 Err:     0 (0.00%)
2020-03-21 17:03:00,580 INFO o.a.j.t.JMeterThread: Thread started: Grupo De Hilos 1-104
2020-03-21 17:03:00,979 INFO o.a.j.t.JMeterThread: Thread started: Grupo De Hilos 1-105
2020-03-21 17:03:01,383 INFO o.a.j.t.JMeterThread: Thread started: Grupo De Hilos 1-106
2020-03-21 17:03:01,779 INFO o.a.j.t.JMeterThread: Thread started: Grupo De Hilos 1-107
2020-03-21 17:03:02,186 INFO o.a.j.t.JMeterThread: Thread started: Grupo De Hilos 1-108
2020-03-21 17:03:02,582 INFO o.a.j.t.JMeterThread: Thread started: Grupo De Hilos 1-109
2020-03-21 17:03:02,979 INFO o.a.j.t.JMeterThread: Thread started: Grupo De Hilos 1-110
2020-03-21 17:03:03,379 INFO o.a.j.t.JMeterThread: Thread started: Grupo De Hilos 1-111
2020-03-21 17:03:03,797 INFO o.a.j.t.JMeterThread: Thread started: Grupo De Hilos 1-112
2020-03-21 17:03:04,191 INFO o.a.j.t.JMeterThread: Thread started: Grupo De Hilos 1-113
2020-03-21 17:03:04,587 INFO o.a.j.t.JMeterThread: Thread started: Grupo De Hilos 1-114
2020-03-21 17:03:04,986 INFO o.a.j.t.JMeterThread: Thread started: Grupo De Hilos 1-115
2020-03-21 17:03:05,383 INFO o.a.j.t.JMeterThread: Thread started: Grupo De Hilos 1-116
2020-03-21 17:03:05,780 INFO o.a.j.t.JMeterThread: Thread started: Grupo De Hilos 1-117
2020-03-21 17:03:06,180 INFO o.a.j.t.JMeterThread: Thread started: Grupo De Hilos 1-118
2020-03-21 17:03:06,579 INFO o.a.j.t.JMeterThread: Thread started: Grupo De Hilos 1-119
2020-03-21 17:03:06,983 INFO o.a.j.t.JMeterThread: Thread started: Grupo De Hilos 1-120
2020-03-21 17:03:07,380 INFO o.a.j.t.JMeterThread: Thread started: Grupo De Hilos 1-121
2020-03-21 17:03:07,782 INFO o.a.j.t.JMeterThread: Thread started: Grupo De Hilos 1-122
2020-03-21 17:03:08,180 INFO o.a.j.t.JMeterThread: Thread started: Grupo De Hilos 1-123
2020-03-21 17:03:08,580 INFO o.a.j.t.JMeterThread: Thread started: Grupo De Hilos 1-124
2020-03-21 17:03:08,980 INFO o.a.j.t.JMeterThread: Thread started: Grupo De Hilos 1-125
2020-03-21 17:03:09,392 INFO o.a.j.t.JMeterThread: Thread started: Grupo De Hilos 1-126
2020-03-21 17:03:09,779 INFO o.a.j.t.JMeterThread: Thread started: Grupo De Hilos 1-127
2020-03-21 17:03:10,183 INFO o.a.j.t.JMeterThread: Thread started: Grupo De Hilos 1-128
2020-03-21 17:03:10,579 INFO o.a.j.t.JMeterThread: Thread started: Grupo De Hilos 1-129
2020-03-21 17:03:10,981 INFO o.a.j.t.JMeterThread: Thread started: Grupo De Hilos 1-130
2020-03-21 17:03:11,379 INFO o.a.j.t.JMeterThread: Thread started: Grupo De Hilos 1-131
2020-03-21 17:03:11,779 INFO o.a.j.t.JMeterThread: Thread started: Grupo De Hilos 1-132
2020-03-21 17:03:12,180 INFO o.a.j.t.JMeterThread: Thread started: Grupo De Hilos 1-133
2020-03-21 17:03:12,579 INFO o.a.j.t.JMeterThread: Thread started: Grupo De Hilos 1-134
2020-03-21 17:03:12,979 INFO o.a.j.t.JMeterThread: Thread started: Grupo De Hilos 1-135
2020-03-21 17:03:13,383 INFO o.a.j.t.JMeterThread: Thread started: Grupo De Hilos 1-136
2020-03-21 17:03:13,781 INFO o.a.j.t.JMeterThread: Thread started: Grupo De Hilos 1-137
2020-03-21 17:03:14,180 INFO o.a.j.t.JMeterThread: Thread started: Grupo De Hilos 1-138
2020-03-21 17:03:14,580 INFO o.a.j.t.JMeterThread: Thread started: Grupo De Hilos 1-139
2020-03-21 17:03:15,035 INFO o.a.j.t.JMeterThread: Thread started: Grupo De Hilos 1-140
2020-03-21 17:03:15,381 INFO o.a.j.t.JMeterThread: Thread started: Grupo De Hilos 1-141
2020-03-21 17:03:15,779 INFO o.a.j.t.JMeterThread: Thread started: Grupo De Hilos 1-142
2020-03-21 17:03:16,182 INFO o.a.j.t.JMeterThread: Thread started: Grupo De Hilos 1-143
2020-03-21 17:03:16,587 INFO o.a.j.t.JMeterThread: Thread started: Grupo De Hilos 1-144
2020-03-21 17:03:16,983 INFO o.a.j.t.JMeterThread: Thread started: Grupo De Hilos 1-145
2020-03-21 17:03:17,379 INFO o.a.j.t.JMeterThread: Thread started: Grupo De Hilos 1-146
2020-03-21 17:03:17,780 INFO o.a.j.t.JMeterThread: Thread started: Grupo De Hilos 1-147
2020-03-21 17:03:18,180 INFO o.a.j.t.JMeterThread: Thread started: Grupo De Hilos 1-148
2020-03-21 17:03:18,582 INFO o.a.j.t.JMeterThread: Thread started: Grupo De Hilos 1-149
2020-03-21 17:03:18,983 INFO o.a.j.t.JMeterThread: Thread started: Grupo De Hilos 1-150
2020-03-21 17:07:19,443 INFO o.a.j.t.JMeterThread: Stopping because end time detected by thread: Grupo De Hilos 1-8
2020-03-21 17:07:19,443 INFO o.a.j.t.JMeterThread: Thread finished: Grupo De Hilos 1-8
2020-03-21 17:07:19,447 INFO o.a.j.t.JMeterThread: Stopping because end time detected by thread: Grupo De Hilos 1-3
2020-03-21 17:07:19,447 INFO o.a.j.t.JMeterThread: Thread finished: Grupo De Hilos 1-3
2020-03-21 17:07:19,478 INFO o.a.j.t.JMeterThread: Stopping because end time detected by thread: Grupo De Hilos 1-29
2020-03-21 17:07:19,635 INFO o.a.j.t.JMeterThread: Thread finished: Grupo De Hilos 1-29
2020-03-21 17:07:19,636 INFO o.a.j.t.JMeterThread: Stopping because end time detected by thread: Grupo De Hilos 1-64
2020-03-21 17:07:19,636 INFO o.a.j.t.JMeterThread: Thread finished: Grupo De Hilos 1-64
2020-03-21 17:07:19,631 INFO o.a.j.t.JMeterThread: Stopping because end time detected by thread: Grupo De Hilos 1-67
2020-03-21 17:07:19,639 INFO o.a.j.t.JMeterThread: Thread finished: Grupo De Hilos 1-67
2020-03-21 17:07:19,631 INFO o.a.j.t.JMeterThread: Stopping because end time detected by thread: Grupo De Hilos 1-59
2020-03-21 17:07:19,639 INFO o.a.j.t.JMeterThread: Thread finished: Grupo De Hilos 1-59
2020-03-21 17:07:19,627 INFO o.a.j.t.JMeterThread: Stopping because end time detected by thread: Grupo De Hilos 1-61
2020-03-21 17:07:19,640 INFO o.a.j.t.JMeterThread: Thread finished: Grupo De Hilos 1-61
2020-03-21 17:07:19,623 INFO o.a.j.t.JMeterThread: Stopping because end time detected by thread: Grupo De Hilos 1-99
2020-03-21 17:07:19,641 INFO o.a.j.t.JMeterThread: Thread finished: Grupo De Hilos 1-99
2020-03-21 17:07:19,623 INFO o.a.j.t.JMeterThread: Stopping because end time detected by thread: Grupo De Hilos 1-65
2020-03-21 17:07:19,641 INFO o.a.j.t.JMeterThread: Thread finished: Grupo De Hilos 1-65
2020-03-21 17:07:19,619 INFO o.a.j.t.JMeterThread: Stopping because end time detected by thread: Grupo De Hilos 1-95
2020-03-21 17:07:19,642 INFO o.a.j.t.JMeterThread: Thread finished: Grupo De Hilos 1-95
2020-03-21 17:07:19,619 INFO o.a.j.t.JMeterThread: Stopping because end time detected by thread: Grupo De Hilos 1-94
2020-03-21 17:07:19,642 INFO o.a.j.t.JMeterThread: Thread finished: Grupo De Hilos 1-94
2020-03-21 17:07:19,619 INFO o.a.j.t.JMeterThread: Stopping because end time detected by thread: Grupo De Hilos 1-75
2020-03-21 17:07:19,643 INFO o.a.j.t.JMeterThread: Thread finished: Grupo De Hilos 1-75
2020-03-21 17:07:19,611 INFO o.a.j.t.JMeterThread: Stopping because end time detected by thread: Grupo De Hilos 1-93
2020-03-21 17:07:19,643 INFO o.a.j.t.JMeterThread: Thread finished: Grupo De Hilos 1-93
2020-03-21 17:07:19,611 INFO o.a.j.t.JMeterThread: Stopping because end time detected by thread: Grupo De Hilos 1-86
2020-03-21 17:07:19,607 INFO o.a.j.t.JMeterThread: Stopping because end time detected by thread: Grupo De Hilos 1-43
2020-03-21 17:07:19,644 INFO o.a.j.t.JMeterThread: Thread finished: Grupo De Hilos 1-43
2020-03-21 17:07:19,644 INFO o.a.j.t.JMeterThread: Thread finished: Grupo De Hilos 1-86
2020-03-21 17:07:19,607 INFO o.a.j.t.JMeterThread: Stopping because end time detected by thread: Grupo De Hilos 1-79
2020-03-21 17:07:19,645 INFO o.a.j.t.JMeterThread: Thread finished: Grupo De Hilos 1-79
2020-03-21 17:07:19,603 INFO o.a.j.t.JMeterThread: Stopping because end time detected by thread: Grupo De Hilos 1-58
2020-03-21 17:07:19,646 INFO o.a.j.t.JMeterThread: Thread finished: Grupo De Hilos 1-58
2020-03-21 17:07:19,603 INFO o.a.j.t.JMeterThread: Stopping because end time detected by thread: Grupo De Hilos 1-27
2020-03-21 17:07:19,646 INFO o.a.j.t.JMeterThread: Thread finished: Grupo De Hilos 1-27
2020-03-21 17:07:19,603 INFO o.a.j.t.JMeterThread: Stopping because end time detected by thread: Grupo De Hilos 1-87
2020-03-21 17:07:19,647 INFO o.a.j.t.JMeterThread: Stopping because end time detected by thread: Grupo De Hilos 1-106
2020-03-21 17:07:19,647 INFO o.a.j.t.JMeterThread: Thread finished: Grupo De Hilos 1-87
2020-03-21 17:07:19,647 INFO o.a.j.t.JMeterThread: Thread finished: Grupo De Hilos 1-106
2020-03-21 17:07:19,603 INFO o.a.j.t.JMeterThread: Stopping because end time detected by thread: Grupo De Hilos 1-31
2020-03-21 17:07:19,647 INFO o.a.j.t.JMeterThread: Thread finished: Grupo De Hilos 1-31
2020-03-21 17:07:19,599 INFO o.a.j.t.JMeterThread: Stopping because end time detected by thread: Grupo De Hilos 1-82
2020-03-21 17:07:19,647 INFO o.a.j.t.JMeterThread: Thread finished: Grupo De Hilos 1-82
2020-03-21 17:07:19,599 INFO o.a.j.t.JMeterThread: Stopping because end time detected by thread: Grupo De Hilos 1-24
2020-03-21 17:07:19,648 INFO o.a.j.t.JMeterThread: Thread finished: Grupo De Hilos 1-24
2020-03-21 17:07:19,599 INFO o.a.j.t.JMeterThread: Stopping because end time detected by thread: Grupo De Hilos 1-35
2020-03-21 17:07:19,648 INFO o.a.j.t.JMeterThread: Thread finished: Grupo De Hilos 1-35
2020-03-21 17:07:19,599 INFO o.a.j.t.JMeterThread: Stopping because end time detected by thread: Grupo De Hilos 1-39
2020-03-21 17:07:19,649 INFO o.a.j.t.JMeterThread: Thread finished: Grupo De Hilos 1-39
2020-03-21 17:07:19,599 INFO o.a.j.t.JMeterThread: Stopping because end time detected by thread: Grupo De Hilos 1-50
2020-03-21 17:07:19,649 INFO o.a.j.t.JMeterThread: Thread finished: Grupo De Hilos 1-50
2020-03-21 17:07:19,591 INFO o.a.j.t.JMeterThread: Stopping because end time detected by thread: Grupo De Hilos 1-37
2020-03-21 17:07:19,650 INFO o.a.j.t.JMeterThread: Thread finished: Grupo De Hilos 1-37
2020-03-21 17:07:19,591 INFO o.a.j.t.JMeterThread: Stopping because end time detected by thread: Grupo De Hilos 1-17
2020-03-21 17:07:19,650 INFO o.a.j.t.JMeterThread: Thread finished: Grupo De Hilos 1-17
2020-03-21 17:07:19,589 INFO o.a.j.t.JMeterThread: Stopping because end time detected by thread: Grupo De Hilos 1-81
2020-03-21 17:07:19,588 INFO o.a.j.t.JMeterThread: Stopping because end time detected by thread: Grupo De Hilos 1-26
2020-03-21 17:07:19,651 INFO o.a.j.t.JMeterThread: Stopping because end time detected by thread: Grupo De Hilos 1-77
2020-03-21 17:07:19,651 INFO o.a.j.t.JMeterThread: Thread finished: Grupo De Hilos 1-26
2020-03-21 17:07:19,651 INFO o.a.j.t.JMeterThread: Thread finished: Grupo De Hilos 1-77
2020-03-21 17:07:19,587 INFO o.a.j.t.JMeterThread: Stopping because end time detected by thread: Grupo De Hilos 1-46
2020-03-21 17:07:19,652 INFO o.a.j.t.JMeterThread: Thread finished: Grupo De Hilos 1-46
2020-03-21 17:07:19,587 INFO o.a.j.t.JMeterThread: Stopping because end time detected by thread: Grupo De Hilos 1-30
2020-03-21 17:07:19,652 INFO o.a.j.t.JMeterThread: Thread finished: Grupo De Hilos 1-30
2020-03-21 17:07:19,583 INFO o.a.j.t.JMeterThread: Stopping because end time detected by thread: Grupo De Hilos 1-74
2020-03-21 17:07:19,653 INFO o.a.j.t.JMeterThread: Thread finished: Grupo De Hilos 1-74
2020-03-21 17:07:19,579 INFO o.a.j.t.JMeterThread: Stopping because end time detected by thread: Grupo De Hilos 1-1
2020-03-21 17:07:19,653 INFO o.a.j.t.JMeterThread: Thread finished: Grupo De Hilos 1-1
2020-03-21 17:07:19,575 INFO o.a.j.t.JMeterThread: Stopping because end time detected by thread: Grupo De Hilos 1-16
2020-03-21 17:07:19,575 INFO o.a.j.t.JMeterThread: Stopping because end time detected by thread: Grupo De Hilos 1-72
2020-03-21 17:07:19,575 INFO o.a.j.t.JMeterThread: Stopping because end time detected by thread: Grupo De Hilos 1-19
2020-03-21 17:07:19,653 INFO o.a.j.t.JMeterThread: Thread finished: Grupo De Hilos 1-16
2020-03-21 17:07:19,654 INFO o.a.j.t.JMeterThread: Thread finished: Grupo De Hilos 1-19
2020-03-21 17:07:19,571 INFO o.a.j.t.JMeterThread: Stopping because end time detected by thread: Grupo De Hilos 1-63
2020-03-21 17:07:19,654 INFO o.a.j.t.JMeterThread: Thread finished: Grupo De Hilos 1-63
2020-03-21 17:07:19,571 INFO o.a.j.t.JMeterThread: Stopping because end time detected by thread: Grupo De Hilos 1-51
2020-03-21 17:07:19,567 INFO o.a.j.t.JMeterThread: Stopping because end time detected by thread: Grupo De Hilos 1-6
2020-03-21 17:07:19,655 INFO o.a.j.t.JMeterThread: Thread finished: Grupo De Hilos 1-51
2020-03-21 17:07:19,655 INFO o.a.j.t.JMeterThread: Stopping because end time detected by thread: Grupo De Hilos 1-110
2020-03-21 17:07:19,655 INFO o.a.j.t.JMeterThread: Stopping because end time detected by thread: Grupo De Hilos 1-98
2020-03-21 17:07:19,655 INFO o.a.j.t.JMeterThread: Thread finished: Grupo De Hilos 1-98
2020-03-21 17:07:19,655 INFO o.a.j.t.JMeterThread: Thread finished: Grupo De Hilos 1-72
2020-03-21 17:07:19,567 INFO o.a.j.t.JMeterThread: Stopping because end time detected by thread: Grupo De Hilos 1-60
2020-03-21 17:07:19,567 INFO o.a.j.t.JMeterThread: Stopping because end time detected by thread: Grupo De Hilos 1-11
2020-03-21 17:07:19,656 INFO o.a.j.t.JMeterThread: Thread finished: Grupo De Hilos 1-60
2020-03-21 17:07:19,656 INFO o.a.j.t.JMeterThread: Thread finished: Grupo De Hilos 1-11
2020-03-21 17:07:19,567 INFO o.a.j.t.JMeterThread: Stopping because end time detected by thread: Grupo De Hilos 1-53
2020-03-21 17:07:19,567 INFO o.a.j.t.JMeterThread: Stopping because end time detected by thread: Grupo De Hilos 1-2
2020-03-21 17:07:19,656 INFO o.a.j.t.JMeterThread: Thread finished: Grupo De Hilos 1-2
2020-03-21 17:07:19,656 INFO o.a.j.t.JMeterThread: Stopping because end time detected by thread: Grupo De Hilos 1-92
2020-03-21 17:07:19,656 INFO o.a.j.t.JMeterThread: Thread finished: Grupo De Hilos 1-92
2020-03-21 17:07:19,656 INFO o.a.j.t.JMeterThread: Thread finished: Grupo De Hilos 1-53
2020-03-21 17:07:19,555 INFO o.a.j.t.JMeterThread: Stopping because end time detected by thread: Grupo De Hilos 1-62
2020-03-21 17:07:19,555 INFO o.a.j.t.JMeterThread: Stopping because end time detected by thread: Grupo De Hilos 1-42
2020-03-21 17:07:19,657 INFO o.a.j.t.JMeterThread: Thread finished: Grupo De Hilos 1-42
2020-03-21 17:07:19,552 INFO o.a.j.t.JMeterThread: Stopping because end time detected by thread: Grupo De Hilos 1-23
2020-03-21 17:07:19,657 INFO o.a.j.t.JMeterThread: Thread finished: Grupo De Hilos 1-23
2020-03-21 17:07:19,551 INFO o.a.j.t.JMeterThread: Stopping because end time detected by thread: Grupo De Hilos 1-32
2020-03-21 17:07:19,657 INFO o.a.j.t.JMeterThread: Thread finished: Grupo De Hilos 1-32
2020-03-21 17:07:19,543 INFO o.a.j.t.JMeterThread: Stopping because end time detected by thread: Grupo De Hilos 1-52
2020-03-21 17:07:19,658 INFO o.a.j.t.JMeterThread: Thread finished: Grupo De Hilos 1-52
2020-03-21 17:07:19,540 INFO o.a.j.t.JMeterThread: Stopping because end time detected by thread: Grupo De Hilos 1-14
2020-03-21 17:07:19,658 INFO o.a.j.t.JMeterThread: Thread finished: Grupo De Hilos 1-14
2020-03-21 17:07:19,540 INFO o.a.j.t.JMeterThread: Stopping because end time detected by thread: Grupo De Hilos 1-55
2020-03-21 17:07:19,658 INFO o.a.j.t.JMeterThread: Thread finished: Grupo De Hilos 1-55
2020-03-21 17:07:19,659 INFO o.a.j.t.JMeterThread: Stopping because end time detected by thread: Grupo De Hilos 1-100
2020-03-21 17:07:19,539 INFO o.a.j.t.JMeterThread: Stopping because end time detected by thread: Grupo De Hilos 1-22
2020-03-21 17:07:19,659 INFO o.a.j.t.JMeterThread: Thread finished: Grupo De Hilos 1-100
2020-03-21 17:07:19,659 INFO o.a.j.t.JMeterThread: Thread finished: Grupo De Hilos 1-22
2020-03-21 17:07:19,539 INFO o.a.j.t.JMeterThread: Stopping because end time detected by thread: Grupo De Hilos 1-10
2020-03-21 17:07:19,659 INFO o.a.j.t.JMeterThread: Thread finished: Grupo De Hilos 1-10
2020-03-21 17:07:19,539 INFO o.a.j.t.JMeterThread: Stopping because end time detected by thread: Grupo De Hilos 1-7
2020-03-21 17:07:19,659 INFO o.a.j.t.JMeterThread: Thread finished: Grupo De Hilos 1-7
2020-03-21 17:07:19,539 INFO o.a.j.t.JMeterThread: Stopping because end time detected by thread: Grupo De Hilos 1-48
2020-03-21 17:07:19,660 INFO o.a.j.t.JMeterThread: Thread finished: Grupo De Hilos 1-48
2020-03-21 17:07:19,539 INFO o.a.j.t.JMeterThread: Stopping because end time detected by thread: Grupo De Hilos 1-56
2020-03-21 17:07:19,660 INFO o.a.j.t.JMeterThread: Thread finished: Grupo De Hilos 1-56
2020-03-21 17:07:19,535 INFO o.a.j.t.JMeterThread: Stopping because end time detected by thread: Grupo De Hilos 1-18
2020-03-21 17:07:19,660 INFO o.a.j.t.JMeterThread: Thread finished: Grupo De Hilos 1-18
2020-03-21 17:07:19,535 INFO o.a.j.t.JMeterThread: Stopping because end time detected by thread: Grupo De Hilos 1-33
2020-03-21 17:07:19,690 INFO o.a.j.t.JMeterThread: Stopping because end time detected by thread: Grupo De Hilos 1-90
2020-03-21 17:07:19,690 INFO o.a.j.t.JMeterThread: Thread finished: Grupo De Hilos 1-33
2020-03-21 17:07:19,690 INFO o.a.j.t.JMeterThread: Thread finished: Grupo De Hilos 1-90
2020-03-21 17:07:19,535 INFO o.a.j.t.JMeterThread: Stopping because end time detected by thread: Grupo De Hilos 1-4
2020-03-21 17:07:19,691 INFO o.a.j.t.JMeterThread: Stopping because end time detected by thread: Grupo De Hilos 1-78
2020-03-21 17:07:19,691 INFO o.a.j.t.JMeterThread: Thread finished: Grupo De Hilos 1-4
2020-03-21 17:07:19,691 INFO o.a.j.t.JMeterThread: Stopping because end time detected by thread: Grupo De Hilos 1-83
2020-03-21 17:07:19,691 INFO o.a.j.t.JMeterThread: Thread finished: Grupo De Hilos 1-83
2020-03-21 17:07:19,531 INFO o.a.j.t.JMeterThread: Stopping because end time detected by thread: Grupo De Hilos 1-40
2020-03-21 17:07:19,691 INFO o.a.j.t.JMeterThread: Thread finished: Grupo De Hilos 1-40
2020-03-21 17:07:19,531 INFO o.a.j.t.JMeterThread: Stopping because end time detected by thread: Grupo De Hilos 1-54
2020-03-21 17:07:19,692 INFO o.a.j.t.JMeterThread: Stopping because end time detected by thread: Grupo De Hilos 1-21
2020-03-21 17:07:19,692 INFO o.a.j.t.JMeterThread: Thread finished: Grupo De Hilos 1-54
2020-03-21 17:07:19,692 INFO o.a.j.t.JMeterThread: Thread finished: Grupo De Hilos 1-21
2020-03-21 17:07:19,531 INFO o.a.j.t.JMeterThread: Stopping because end time detected by thread: Grupo De Hilos 1-49
2020-03-21 17:07:19,692 INFO o.a.j.t.JMeterThread: Thread finished: Grupo De Hilos 1-49
2020-03-21 17:07:19,531 INFO o.a.j.t.JMeterThread: Stopping because end time detected by thread: Grupo De Hilos 1-47
2020-03-21 17:07:19,693 INFO o.a.j.t.JMeterThread: Thread finished: Grupo De Hilos 1-47
2020-03-21 17:07:19,531 INFO o.a.j.t.JMeterThread: Stopping because end time detected by thread: Grupo De Hilos 1-38
2020-03-21 17:07:19,693 INFO o.a.j.t.JMeterThread: Thread finished: Grupo De Hilos 1-38
2020-03-21 17:07:19,531 INFO o.a.j.t.JMeterThread: Stopping because end time detected by thread: Grupo De Hilos 1-44
2020-03-21 17:07:19,694 INFO o.a.j.t.JMeterThread: Thread finished: Grupo De Hilos 1-44
2020-03-21 17:07:19,531 INFO o.a.j.t.JMeterThread: Stopping because end time detected by thread: Grupo De Hilos 1-20
2020-03-21 17:07:19,695 INFO o.a.j.t.JMeterThread: Stopping because end time detected by thread: Grupo De Hilos 1-122
2020-03-21 17:07:19,695 INFO o.a.j.t.JMeterThread: Stopping because end time detected by thread: Grupo De Hilos 1-96
2020-03-21 17:07:19,695 INFO o.a.j.t.JMeterThread: Thread finished: Grupo De Hilos 1-122
2020-03-21 17:07:19,695 INFO o.a.j.t.JMeterThread: Thread finished: Grupo De Hilos 1-96
2020-03-21 17:07:19,696 INFO o.a.j.t.JMeterThread: Stopping because end time detected by thread: Grupo De Hilos 1-91
2020-03-21 17:07:19,696 INFO o.a.j.t.JMeterThread: Stopping because end time detected by thread: Grupo De Hilos 1-112
2020-03-21 17:07:19,696 INFO o.a.j.t.JMeterThread: Thread finished: Grupo De Hilos 1-91
2020-03-21 17:07:19,696 INFO o.a.j.t.JMeterThread: Stopping because end time detected by thread: Grupo De Hilos 1-105
2020-03-21 17:07:19,696 INFO o.a.j.t.JMeterThread: Thread finished: Grupo De Hilos 1-105
2020-03-21 17:07:19,696 INFO o.a.j.t.JMeterThread: Stopping because end time detected by thread: Grupo De Hilos 1-134
2020-03-21 17:07:19,697 INFO o.a.j.t.JMeterThread: Thread finished: Grupo De Hilos 1-134
2020-03-21 17:07:19,697 INFO o.a.j.t.JMeterThread: Stopping because end time detected by thread: Grupo De Hilos 1-84
2020-03-21 17:07:19,697 INFO o.a.j.t.JMeterThread: Thread finished: Grupo De Hilos 1-84
2020-03-21 17:07:19,697 INFO o.a.j.t.JMeterThread: Stopping because end time detected by thread: Grupo De Hilos 1-76
2020-03-21 17:07:19,697 INFO o.a.j.t.JMeterThread: Thread finished: Grupo De Hilos 1-76
2020-03-21 17:07:19,698 INFO o.a.j.t.JMeterThread: Stopping because end time detected by thread: Grupo De Hilos 1-137
2020-03-21 17:07:19,698 INFO o.a.j.t.JMeterThread: Thread finished: Grupo De Hilos 1-137
2020-03-21 17:07:19,527 INFO o.a.j.t.JMeterThread: Stopping because end time detected by thread: Grupo De Hilos 1-13
2020-03-21 17:07:19,699 INFO o.a.j.t.JMeterThread: Stopping because end time detected by thread: Grupo De Hilos 1-136
2020-03-21 17:07:19,699 INFO o.a.j.t.JMeterThread: Thread finished: Grupo De Hilos 1-13
2020-03-21 17:07:19,699 INFO o.a.j.t.JMeterThread: Stopping because end time detected by thread: Grupo De Hilos 1-126
2020-03-21 17:07:19,699 INFO o.a.j.t.JMeterThread: Thread finished: Grupo De Hilos 1-136
2020-03-21 17:07:19,699 INFO o.a.j.t.JMeterThread: Stopping because end time detected by thread: Grupo De Hilos 1-135
2020-03-21 17:07:19,699 INFO o.a.j.t.JMeterThread: Thread finished: Grupo De Hilos 1-135
2020-03-21 17:07:19,523 INFO o.a.j.t.JMeterThread: Stopping because end time detected by thread: Grupo De Hilos 1-12
2020-03-21 17:07:19,699 INFO o.a.j.t.JMeterThread: Thread finished: Grupo De Hilos 1-12
2020-03-21 17:07:19,515 INFO o.a.j.t.JMeterThread: Stopping because end time detected by thread: Grupo De Hilos 1-34
2020-03-21 17:07:19,700 INFO o.a.j.t.JMeterThread: Stopping because end time detected by thread: Grupo De Hilos 1-107
2020-03-21 17:07:19,700 INFO o.a.j.t.JMeterThread: Thread finished: Grupo De Hilos 1-34
2020-03-21 17:07:19,700 INFO o.a.j.t.JMeterThread: Thread finished: Grupo De Hilos 1-107
2020-03-21 17:07:19,507 INFO o.a.j.t.JMeterThread: Stopping because end time detected by thread: Grupo De Hilos 1-15
2020-03-21 17:07:19,700 INFO o.a.j.t.JMeterThread: Thread finished: Grupo De Hilos 1-15
2020-03-21 17:07:19,507 INFO o.a.j.t.JMeterThread: Stopping because end time detected by thread: Grupo De Hilos 1-9
2020-03-21 17:07:19,701 INFO o.a.j.t.JMeterThread: Thread finished: Grupo De Hilos 1-9
2020-03-21 17:07:19,701 INFO o.a.j.t.JMeterThread: Stopping because end time detected by thread: Grupo De Hilos 1-88
2020-03-21 17:07:19,701 INFO o.a.j.t.JMeterThread: Stopping because end time detected by thread: Grupo De Hilos 1-116
2020-03-21 17:07:19,701 INFO o.a.j.t.JMeterThread: Thread finished: Grupo De Hilos 1-88
2020-03-21 17:07:19,701 INFO o.a.j.t.JMeterThread: Thread finished: Grupo De Hilos 1-116
2020-03-21 17:07:19,507 INFO o.a.j.t.JMeterThread: Stopping because end time detected by thread: Grupo De Hilos 1-5
2020-03-21 17:07:19,701 INFO o.a.j.t.JMeterThread: Thread finished: Grupo De Hilos 1-5
2020-03-21 17:07:19,702 INFO o.a.j.t.JMeterThread: Stopping because end time detected by thread: Grupo De Hilos 1-71
2020-03-21 17:07:19,503 INFO o.a.j.t.JMeterThread: Stopping because end time detected by thread: Grupo De Hilos 1-41
2020-03-21 17:07:19,495 INFO o.a.j.t.JMeterThread: Stopping because end time detected by thread: Grupo De Hilos 1-28
2020-03-21 17:07:19,702 INFO o.a.j.t.JMeterThread: Thread finished: Grupo De Hilos 1-71
2020-03-21 17:07:19,702 INFO o.a.j.t.JMeterThread: Thread finished: Grupo De Hilos 1-28
2020-03-21 17:07:19,486 INFO o.a.j.t.JMeterThread: Stopping because end time detected by thread: Grupo De Hilos 1-36
2020-03-21 17:07:19,483 INFO o.a.j.t.JMeterThread: Stopping because end time detected by thread: Grupo De Hilos 1-25
2020-03-21 17:07:19,702 INFO o.a.j.t.JMeterThread: Stopping because end time detected by thread: Grupo De Hilos 1-70
2020-03-21 17:07:19,702 INFO o.a.j.t.JMeterThread: Stopping because end time detected by thread: Grupo De Hilos 1-138
2020-03-21 17:07:19,703 INFO o.a.j.t.JMeterThread: Thread finished: Grupo De Hilos 1-138
2020-03-21 17:07:19,703 INFO o.a.j.t.JMeterThread: Thread finished: Grupo De Hilos 1-25
2020-03-21 17:07:19,703 INFO o.a.j.t.JMeterThread: Stopping because end time detected by thread: Grupo De Hilos 1-132
2020-03-21 17:07:19,703 INFO o.a.j.t.JMeterThread: Stopping because end time detected by thread: Grupo De Hilos 1-125
2020-03-21 17:07:19,703 INFO o.a.j.t.JMeterThread: Thread finished: Grupo De Hilos 1-41
2020-03-21 17:07:19,703 INFO o.a.j.t.JMeterThread: Thread finished: Grupo De Hilos 1-132
2020-03-21 17:07:19,703 INFO o.a.j.t.JMeterThread: Stopping because end time detected by thread: Grupo De Hilos 1-109
2020-03-21 17:07:19,703 INFO o.a.j.t.JMeterThread: Thread finished: Grupo De Hilos 1-36
2020-03-21 17:07:19,703 INFO o.a.j.t.JMeterThread: Stopping because end time detected by thread: Grupo De Hilos 1-89
2020-03-21 17:07:19,703 INFO o.a.j.t.JMeterThread: Thread finished: Grupo De Hilos 1-109
2020-03-21 17:07:19,704 INFO o.a.j.t.JMeterThread: Stopping because end time detected by thread: Grupo De Hilos 1-141
2020-03-21 17:07:19,704 INFO o.a.j.t.JMeterThread: Thread finished: Grupo De Hilos 1-141
2020-03-21 17:07:19,704 INFO o.a.j.t.JMeterThread: Stopping because end time detected by thread: Grupo De Hilos 1-118
2020-03-21 17:07:19,704 INFO o.a.j.t.JMeterThread: Stopping because end time detected by thread: Grupo De Hilos 1-119
2020-03-21 17:07:19,704 INFO o.a.j.t.JMeterThread: Thread finished: Grupo De Hilos 1-118
2020-03-21 17:07:19,704 INFO o.a.j.t.JMeterThread: Thread finished: Grupo De Hilos 1-119
2020-03-21 17:07:19,705 INFO o.a.j.t.JMeterThread: Stopping because end time detected by thread: Grupo De Hilos 1-120
2020-03-21 17:07:19,705 INFO o.a.j.t.JMeterThread: Thread finished: Grupo De Hilos 1-120
2020-03-21 17:07:19,706 INFO o.a.j.t.JMeterThread: Stopping because end time detected by thread: Grupo De Hilos 1-130
2020-03-21 17:07:19,706 INFO o.a.j.t.JMeterThread: Thread finished: Grupo De Hilos 1-130
2020-03-21 17:07:19,707 INFO o.a.j.t.JMeterThread: Stopping because end time detected by thread: Grupo De Hilos 1-142
2020-03-21 17:07:19,707 INFO o.a.j.t.JMeterThread: Thread finished: Grupo De Hilos 1-142
2020-03-21 17:07:19,708 INFO o.a.j.t.JMeterThread: Stopping because end time detected by thread: Grupo De Hilos 1-144
2020-03-21 17:07:19,708 INFO o.a.j.t.JMeterThread: Thread finished: Grupo De Hilos 1-144
2020-03-21 17:07:19,708 INFO o.a.j.t.JMeterThread: Stopping because end time detected by thread: Grupo De Hilos 1-123
2020-03-21 17:07:19,708 INFO o.a.j.t.JMeterThread: Thread finished: Grupo De Hilos 1-123
2020-03-21 17:07:19,709 INFO o.a.j.t.JMeterThread: Stopping because end time detected by thread: Grupo De Hilos 1-148
2020-03-21 17:07:19,709 INFO o.a.j.t.JMeterThread: Thread finished: Grupo De Hilos 1-148
2020-03-21 17:07:19,709 INFO o.a.j.t.JMeterThread: Stopping because end time detected by thread: Grupo De Hilos 1-131
2020-03-21 17:07:19,709 INFO o.a.j.t.JMeterThread: Thread finished: Grupo De Hilos 1-131
2020-03-21 17:07:19,701 INFO o.a.j.t.JMeterThread: Stopping because end time detected by thread: Grupo De Hilos 1-140
2020-03-21 17:07:19,710 INFO o.a.j.t.JMeterThread: Thread finished: Grupo De Hilos 1-126
2020-03-21 17:07:19,710 INFO o.a.j.t.JMeterThread: Stopping because end time detected by thread: Grupo De Hilos 1-146
2020-03-21 17:07:19,695 INFO o.a.j.t.JMeterThread: Thread finished: Grupo De Hilos 1-20
2020-03-21 17:07:19,710 INFO o.a.j.t.JMeterThread: Thread finished: Grupo De Hilos 1-146
2020-03-21 17:07:19,710 INFO o.a.j.t.JMeterThread: Thread finished: Grupo De Hilos 1-112
2020-03-21 17:07:19,691 INFO o.a.j.t.JMeterThread: Stopping because end time detected by thread: Grupo De Hilos 1-68
2020-03-21 17:07:19,711 INFO o.a.j.t.JMeterThread: Thread finished: Grupo De Hilos 1-68
2020-03-21 17:07:19,711 INFO o.a.j.t.JMeterThread: Thread finished: Grupo De Hilos 1-140
2020-03-21 17:07:19,711 INFO o.a.j.t.JMeterThread: Stopping because end time detected by thread: Grupo De Hilos 1-147
2020-03-21 17:07:19,711 INFO o.a.j.t.JMeterThread: Thread finished: Grupo De Hilos 1-147
2020-03-21 17:07:19,711 INFO o.a.j.t.JMeterThread: Stopping because end time detected by thread: Grupo De Hilos 1-129
2020-03-21 17:07:19,711 INFO o.a.j.t.JMeterThread: Thread finished: Grupo De Hilos 1-129
2020-03-21 17:07:19,711 INFO o.a.j.t.JMeterThread: Stopping because end time detected by thread: Grupo De Hilos 1-139
2020-03-21 17:07:19,712 INFO o.a.j.t.JMeterThread: Stopping because end time detected by thread: Grupo De Hilos 1-127
2020-03-21 17:07:19,712 INFO o.a.j.t.JMeterThread: Thread finished: Grupo De Hilos 1-127
2020-03-21 17:07:19,712 INFO o.a.j.t.JMeterThread: Stopping because end time detected by thread: Grupo De Hilos 1-143
2020-03-21 17:07:19,713 INFO o.a.j.t.JMeterThread: Thread finished: Grupo De Hilos 1-143
2020-03-21 17:07:19,713 INFO o.a.j.t.JMeterThread: Stopping because end time detected by thread: Grupo De Hilos 1-117
2020-03-21 17:07:19,713 INFO o.a.j.t.JMeterThread: Thread finished: Grupo De Hilos 1-117
2020-03-21 17:07:19,713 INFO o.a.j.t.JMeterThread: Stopping because end time detected by thread: Grupo De Hilos 1-128
2020-03-21 17:07:19,714 INFO o.a.j.t.JMeterThread: Stopping because end time detected by thread: Grupo De Hilos 1-150
2020-03-21 17:07:19,714 INFO o.a.j.t.JMeterThread: Thread finished: Grupo De Hilos 1-150
2020-03-21 17:07:19,719 INFO o.a.j.t.JMeterThread: Thread finished: Grupo De Hilos 1-78
2020-03-21 17:07:19,719 INFO o.a.j.t.JMeterThread: Stopping because end time detected by thread: Grupo De Hilos 1-133
2020-03-21 17:07:19,688 INFO o.a.j.t.JMeterThread: Stopping because end time detected by thread: Grupo De Hilos 1-108
2020-03-21 17:07:19,688 INFO o.a.j.t.JMeterThread: Stopping because end time detected by thread: Grupo De Hilos 1-45
2020-03-21 17:07:19,719 INFO o.a.j.t.JMeterThread: Thread finished: Grupo De Hilos 1-108
2020-03-21 17:07:19,719 INFO o.a.j.t.JMeterThread: Thread finished: Grupo De Hilos 1-45
2020-03-21 17:07:19,687 INFO o.a.j.t.JMeterThread: Stopping because end time detected by thread: Grupo De Hilos 1-124
2020-03-21 17:07:19,720 INFO o.a.j.t.JMeterThread: Stopping because end time detected by thread: Grupo De Hilos 1-145
2020-03-21 17:07:19,720 INFO o.a.j.t.JMeterThread: Thread finished: Grupo De Hilos 1-145
2020-03-21 17:07:19,687 INFO o.a.j.t.JMeterThread: Stopping because end time detected by thread: Grupo De Hilos 1-73
2020-03-21 17:07:19,721 INFO o.a.j.t.JMeterThread: Thread finished: Grupo De Hilos 1-73
2020-03-21 17:07:19,687 INFO o.a.j.t.JMeterThread: Stopping because end time detected by thread: Grupo De Hilos 1-66
2020-03-21 17:07:19,687 INFO o.a.j.t.JMeterThread: Stopping because end time detected by thread: Grupo De Hilos 1-103
2020-03-21 17:07:19,721 INFO o.a.j.t.JMeterThread: Thread finished: Grupo De Hilos 1-66
2020-03-21 17:07:19,721 INFO o.a.j.t.JMeterThread: Thread finished: Grupo De Hilos 1-103
2020-03-21 17:07:19,687 INFO o.a.j.t.JMeterThread: Stopping because end time detected by thread: Grupo De Hilos 1-101
2020-03-21 17:07:19,722 INFO o.a.j.t.JMeterThread: Thread finished: Grupo De Hilos 1-101
2020-03-21 17:07:19,722 INFO o.a.j.t.JMeterThread: Thread finished: Grupo De Hilos 1-133
2020-03-21 17:07:19,687 INFO o.a.j.t.JMeterThread: Stopping because end time detected by thread: Grupo De Hilos 1-57
2020-03-21 17:07:19,687 INFO o.a.j.t.JMeterThread: Stopping because end time detected by thread: Grupo De Hilos 1-113
2020-03-21 17:07:19,723 INFO o.a.j.t.JMeterThread: Thread finished: Grupo De Hilos 1-57
2020-03-21 17:07:19,723 INFO o.a.j.t.JMeterThread: Thread finished: Grupo De Hilos 1-113
2020-03-21 17:07:19,687 INFO o.a.j.t.JMeterThread: Stopping because end time detected by thread: Grupo De Hilos 1-80
2020-03-21 17:07:19,687 INFO o.a.j.t.JMeterThread: Stopping because end time detected by thread: Grupo De Hilos 1-69
2020-03-21 17:07:19,687 INFO o.a.j.t.JMeterThread: Stopping because end time detected by thread: Grupo De Hilos 1-102
2020-03-21 17:07:19,723 INFO o.a.j.t.JMeterThread: Thread finished: Grupo De Hilos 1-80
2020-03-21 17:07:19,682 INFO o.a.j.t.JMeterThread: Stopping because end time detected by thread: Grupo De Hilos 1-121
2020-03-21 17:07:19,723 INFO o.a.j.t.JMeterThread: Thread finished: Grupo De Hilos 1-69
2020-03-21 17:07:19,679 INFO o.a.j.t.JMeterThread: Stopping because end time detected by thread: Grupo De Hilos 1-104
2020-03-21 17:07:19,724 INFO o.a.j.t.JMeterThread: Thread finished: Grupo De Hilos 1-121
2020-03-21 17:07:19,724 INFO o.a.j.t.JMeterThread: Thread finished: Grupo De Hilos 1-104
2020-03-21 17:07:19,671 INFO o.a.j.t.JMeterThread: Stopping because end time detected by thread: Grupo De Hilos 1-111
2020-03-21 17:07:19,670 INFO o.a.j.t.JMeterThread: Stopping because end time detected by thread: Grupo De Hilos 1-115
2020-03-21 17:07:19,667 INFO o.a.j.t.JMeterThread: Stopping because end time detected by thread: Grupo De Hilos 1-114
2020-03-21 17:07:19,724 INFO o.a.j.t.JMeterThread: Thread finished: Grupo De Hilos 1-115
2020-03-21 17:07:19,724 INFO o.a.j.t.JMeterThread: Thread finished: Grupo De Hilos 1-114
2020-03-21 17:07:19,724 INFO o.a.j.t.JMeterThread: Thread finished: Grupo De Hilos 1-111
2020-03-21 17:07:19,656 INFO o.a.j.t.JMeterThread: Stopping because end time detected by thread: Grupo De Hilos 1-85
2020-03-21 17:07:19,655 INFO o.a.j.t.JMeterThread: Thread finished: Grupo De Hilos 1-110
2020-03-21 17:07:19,725 INFO o.a.j.t.JMeterThread: Thread finished: Grupo De Hilos 1-85
2020-03-21 17:07:19,655 INFO o.a.j.t.JMeterThread: Stopping because end time detected by thread: Grupo De Hilos 1-97
2020-03-21 17:07:19,655 INFO o.a.j.t.JMeterThread: Thread finished: Grupo De Hilos 1-6
2020-03-21 17:07:19,654 INFO o.a.j.t.JMeterThread: Thread finished: Grupo De Hilos 1-81
2020-03-21 17:07:19,725 INFO o.a.j.t.JMeterThread: Thread finished: Grupo De Hilos 1-62
2020-03-21 17:07:19,726 INFO o.a.j.t.JMeterThread: Thread finished: Grupo De Hilos 1-102
2020-03-21 17:07:19,720 INFO o.a.j.t.JMeterThread: Thread finished: Grupo De Hilos 1-124
2020-03-21 17:07:19,714 INFO o.a.j.t.JMeterThread: Stopping because end time detected by thread: Grupo De Hilos 1-149
2020-03-21 17:07:19,727 INFO o.a.j.t.JMeterThread: Thread finished: Grupo De Hilos 1-128
2020-03-21 17:07:19,727 INFO o.a.j.t.JMeterThread: Thread finished: Grupo De Hilos 1-89
2020-03-21 17:07:19,727 INFO o.a.j.t.JMeterThread: Thread finished: Grupo De Hilos 1-139
2020-03-21 17:07:19,728 INFO o.a.j.t.JMeterThread: Thread finished: Grupo De Hilos 1-149
2020-03-21 17:07:19,728 INFO o.a.j.t.JMeterThread: Thread finished: Grupo De Hilos 1-125
2020-03-21 17:07:19,725 INFO o.a.j.t.JMeterThread: Thread finished: Grupo De Hilos 1-97
2020-03-21 17:07:19,729 INFO o.a.j.t.JMeterThread: Thread finished: Grupo De Hilos 1-70
2020-03-21 17:07:19,729 INFO o.a.j.e.StandardJMeterEngine: Notifying test listeners of end of test
2020-03-21 17:07:19,731 INFO o.a.j.r.Summariser: summary +     47 in 00:04:19 =    0.2/s Avg:    53 Min:    43 Max:    97 Err:     0 (0.00%) Active: 0 Started: 150 Finished: 150
2020-03-21 17:07:19,732 INFO o.a.j.r.Summariser: summary =    150 in 00:05:00 =    0.5/s Avg:    54 Min:    42 Max:   200 Err:     0 (0.00%)
