2020-03-24 11:02:46,643 INFO o.a.j.u.JMeterUtils: Setting Locale to en_US
2020-03-24 11:02:46,675 INFO o.a.j.JMeter: Loading user properties from: /home/pablo/jmeter/bin/user.properties
2020-03-24 11:02:46,676 INFO o.a.j.JMeter: Loading system properties from: /home/pablo/jmeter/bin/system.properties
2020-03-24 11:02:46,677 INFO o.a.j.JMeter: Setting System property: HILOS=75
2020-03-24 11:02:46,677 INFO o.a.j.JMeter: Setting System property: SUBIDA=30
2020-03-24 11:02:46,678 INFO o.a.j.JMeter: Setting System property: DURACION=270
2020-03-24 11:02:46,678 INFO o.a.j.JMeter: Setting System property: PAGE=/test/imageng.html
2020-03-24 11:02:46,678 INFO o.a.j.JMeter: Setting System property: FILE=scriptresultsperfmonG75.jtl
2020-03-24 11:02:46,681 INFO o.a.j.JMeter: Copyright (c) 1998-2019 The Apache Software Foundation
2020-03-24 11:02:46,681 INFO o.a.j.JMeter: Version 5.2.1
2020-03-24 11:02:46,682 INFO o.a.j.JMeter: java.version=1.8.0_201
2020-03-24 11:02:46,682 INFO o.a.j.JMeter: java.vm.name=Java HotSpot(TM) 64-Bit Server VM
2020-03-24 11:02:46,682 INFO o.a.j.JMeter: os.name=Linux
2020-03-24 11:02:46,682 INFO o.a.j.JMeter: os.arch=amd64
2020-03-24 11:02:46,683 INFO o.a.j.JMeter: os.version=4.15.0-91-generic
2020-03-24 11:02:46,683 INFO o.a.j.JMeter: file.encoding=UTF-8
2020-03-24 11:02:46,683 INFO o.a.j.JMeter: java.awt.headless=true
2020-03-24 11:02:46,684 INFO o.a.j.JMeter: Max memory     =732954624
2020-03-24 11:02:46,684 INFO o.a.j.JMeter: Available Processors =4
2020-03-24 11:02:46,692 INFO o.a.j.JMeter: Default Locale=English (United States)
2020-03-24 11:02:46,693 INFO o.a.j.JMeter: JMeter  Locale=English (United States)
2020-03-24 11:02:46,693 INFO o.a.j.JMeter: JMeterHome=/home/pablo/jmeter
2020-03-24 11:02:46,693 INFO o.a.j.JMeter: user.dir  =/home/pablo/jmeter/bin/EJECUCIONES
2020-03-24 11:02:46,694 INFO o.a.j.JMeter: PWD       =/home/pablo/jmeter/bin/EJECUCIONES
2020-03-24 11:02:46,694 INFO o.a.j.JMeter: IP: 127.0.1.1 Name: hylianpablo FullName: hylianpablo
2020-03-24 11:02:46,704 INFO o.a.j.s.FileServer: Default base='/home/pablo/jmeter/bin/EJECUCIONES'
2020-03-24 11:02:46,715 INFO o.a.j.s.FileServer: Set new base='/home/pablo/jmeter/bin/EJECUCIONES/..'
2020-03-24 11:02:47,031 INFO o.a.j.s.SaveService: Testplan (JMX) version: 2.2. Testlog (JTL) version: 2.2
2020-03-24 11:02:47,051 INFO o.a.j.s.SaveService: Using SaveService properties file encoding UTF-8
2020-03-24 11:02:47,064 INFO o.a.j.s.SaveService: Using SaveService properties version 5.0
2020-03-24 11:02:47,082 INFO o.a.j.s.SaveService: Loading file: ../Correcto.jmx
2020-03-24 11:02:47,208 INFO o.a.j.p.h.s.HTTPSamplerBase: Parser for text/html is org.apache.jmeter.protocol.http.parser.LagartoBasedHtmlParser
2020-03-24 11:02:47,208 INFO o.a.j.p.h.s.HTTPSamplerBase: Parser for application/xhtml+xml is org.apache.jmeter.protocol.http.parser.LagartoBasedHtmlParser
2020-03-24 11:02:47,208 INFO o.a.j.p.h.s.HTTPSamplerBase: Parser for application/xml is org.apache.jmeter.protocol.http.parser.LagartoBasedHtmlParser
2020-03-24 11:02:47,208 INFO o.a.j.p.h.s.HTTPSamplerBase: Parser for text/xml is org.apache.jmeter.protocol.http.parser.LagartoBasedHtmlParser
2020-03-24 11:02:47,209 INFO o.a.j.p.h.s.HTTPSamplerBase: Parser for text/vnd.wap.wml is org.apache.jmeter.protocol.http.parser.RegexpHTMLParser
2020-03-24 11:02:47,209 INFO o.a.j.p.h.s.HTTPSamplerBase: Parser for text/css is org.apache.jmeter.protocol.http.parser.CssParser
2020-03-24 11:02:47,267 INFO o.a.j.p.h.c.CacheManager: Will only cache the following methods: [GET]
2020-03-24 11:02:47,317 INFO o.a.j.JMeter: Creating summariser <summary>
2020-03-24 11:02:47,335 INFO o.a.j.e.StandardJMeterEngine: Running the test!
2020-03-24 11:02:47,339 INFO o.a.j.s.SampleEvent: List of sample_variables: []
2020-03-24 11:02:47,339 INFO o.a.j.s.SampleEvent: List of sample_variables: []
2020-03-24 11:02:47,353 INFO o.a.j.e.u.CompoundVariable: Note: Function class names must contain the string: '.functions.'
2020-03-24 11:02:47,354 INFO o.a.j.e.u.CompoundVariable: Note: Function class names must not contain the string: '.gui.'
2020-03-24 11:02:48,264 INFO o.a.j.JMeter: Running test (1585044168264)
2020-03-24 11:02:48,349 INFO o.a.j.e.StandardJMeterEngine: Starting ThreadGroup: 1 : Grupo De Hilos
2020-03-24 11:02:48,350 INFO o.a.j.e.StandardJMeterEngine: Starting 75 threads for group Grupo De Hilos.
2020-03-24 11:02:48,350 INFO o.a.j.e.StandardJMeterEngine: Thread will continue on error
2020-03-24 11:02:48,351 INFO o.a.j.t.ThreadGroup: Starting thread group... number=1 threads=75 ramp-up=30 delayedStart=false
2020-03-24 11:02:48,372 INFO o.a.j.t.JMeterThread: Thread started: Grupo De Hilos 1-1
2020-03-24 11:02:48,431 INFO o.a.j.p.h.s.HTTPHCAbstractImpl: Local host = hylianpablo
2020-03-24 11:02:48,451 INFO o.a.j.p.h.s.HTTPHC4Impl: HTTP request retry count = 0
2020-03-24 11:02:48,457 INFO o.a.j.s.SampleResult: Note: Sample TimeStamps are START times
2020-03-24 11:02:48,457 INFO o.a.j.s.SampleResult: sampleresult.default.encoding is set to ISO-8859-1
2020-03-24 11:02:48,457 INFO o.a.j.s.SampleResult: sampleresult.useNanoTime=true
2020-03-24 11:02:48,458 INFO o.a.j.s.SampleResult: sampleresult.nanoThreadSleep=5000
2020-03-24 11:02:48,486 INFO o.a.j.t.ThreadGroup: Started thread group number 1
2020-03-24 11:02:48,487 INFO o.a.j.e.StandardJMeterEngine: All thread groups have been started
2020-03-24 11:02:48,761 INFO o.a.j.t.JMeterThread: Thread started: Grupo De Hilos 1-2
2020-03-24 11:02:49,153 INFO o.a.j.t.JMeterThread: Thread started: Grupo De Hilos 1-3
2020-03-24 11:02:49,554 INFO o.a.j.t.JMeterThread: Thread started: Grupo De Hilos 1-4
2020-03-24 11:02:49,954 INFO o.a.j.t.JMeterThread: Thread started: Grupo De Hilos 1-5
2020-03-24 11:02:50,354 INFO o.a.j.t.JMeterThread: Thread started: Grupo De Hilos 1-6
2020-03-24 11:02:50,755 INFO o.a.j.t.JMeterThread: Thread started: Grupo De Hilos 1-7
2020-03-24 11:02:51,152 INFO o.a.j.t.JMeterThread: Thread started: Grupo De Hilos 1-8
2020-03-24 11:02:51,555 INFO o.a.j.t.JMeterThread: Thread started: Grupo De Hilos 1-9
2020-03-24 11:02:51,964 INFO o.a.j.t.JMeterThread: Thread started: Grupo De Hilos 1-10
2020-03-24 11:02:52,363 INFO o.a.j.t.JMeterThread: Thread started: Grupo De Hilos 1-11
2020-03-24 11:02:52,781 INFO o.a.j.t.JMeterThread: Thread started: Grupo De Hilos 1-12
2020-03-24 11:02:53,159 INFO o.a.j.t.JMeterThread: Thread started: Grupo De Hilos 1-13
2020-03-24 11:02:53,558 INFO o.a.j.t.JMeterThread: Thread started: Grupo De Hilos 1-14
2020-03-24 11:02:53,953 INFO o.a.j.t.JMeterThread: Thread started: Grupo De Hilos 1-15
2020-03-24 11:02:54,366 INFO o.a.j.t.JMeterThread: Thread started: Grupo De Hilos 1-16
2020-03-24 11:02:54,756 INFO o.a.j.t.JMeterThread: Thread started: Grupo De Hilos 1-17
2020-03-24 11:02:55,152 INFO o.a.j.t.JMeterThread: Thread started: Grupo De Hilos 1-18
2020-03-24 11:02:55,552 INFO o.a.j.t.JMeterThread: Thread started: Grupo De Hilos 1-19
2020-03-24 11:02:55,952 INFO o.a.j.t.JMeterThread: Thread started: Grupo De Hilos 1-20
2020-03-24 11:02:56,354 INFO o.a.j.t.JMeterThread: Thread started: Grupo De Hilos 1-21
2020-03-24 11:02:56,754 INFO o.a.j.t.JMeterThread: Thread started: Grupo De Hilos 1-22
2020-03-24 11:02:57,152 INFO o.a.j.t.JMeterThread: Thread started: Grupo De Hilos 1-23
2020-03-24 11:02:57,554 INFO o.a.j.t.JMeterThread: Thread started: Grupo De Hilos 1-24
2020-03-24 11:02:57,953 INFO o.a.j.t.JMeterThread: Thread started: Grupo De Hilos 1-25
2020-03-24 11:02:58,353 INFO o.a.j.t.JMeterThread: Thread started: Grupo De Hilos 1-26
2020-03-24 11:02:58,753 INFO o.a.j.t.JMeterThread: Thread started: Grupo De Hilos 1-27
2020-03-24 11:02:59,154 INFO o.a.j.t.JMeterThread: Thread started: Grupo De Hilos 1-28
2020-03-24 11:02:59,553 INFO o.a.j.t.JMeterThread: Thread started: Grupo De Hilos 1-29
2020-03-24 11:02:59,952 INFO o.a.j.t.JMeterThread: Thread started: Grupo De Hilos 1-30
2020-03-24 11:03:00,011 INFO o.a.j.r.Summariser: summary +     30 in 00:00:12 =    2.6/s Avg:    48 Min:    38 Max:   124 Err:     0 (0.00%) Active: 30 Started: 30 Finished: 0
2020-03-24 11:03:00,355 INFO o.a.j.t.JMeterThread: Thread started: Grupo De Hilos 1-31
2020-03-24 11:03:00,755 INFO o.a.j.t.JMeterThread: Thread started: Grupo De Hilos 1-32
2020-03-24 11:03:01,152 INFO o.a.j.t.JMeterThread: Thread started: Grupo De Hilos 1-33
2020-03-24 11:03:01,557 INFO o.a.j.t.JMeterThread: Thread started: Grupo De Hilos 1-34
2020-03-24 11:03:01,953 INFO o.a.j.t.JMeterThread: Thread started: Grupo De Hilos 1-35
2020-03-24 11:03:02,352 INFO o.a.j.t.JMeterThread: Thread started: Grupo De Hilos 1-36
2020-03-24 11:03:02,752 INFO o.a.j.t.JMeterThread: Thread started: Grupo De Hilos 1-37
2020-03-24 11:03:03,152 INFO o.a.j.t.JMeterThread: Thread started: Grupo De Hilos 1-38
2020-03-24 11:03:03,552 INFO o.a.j.t.JMeterThread: Thread started: Grupo De Hilos 1-39
2020-03-24 11:03:03,952 INFO o.a.j.t.JMeterThread: Thread started: Grupo De Hilos 1-40
2020-03-24 11:03:04,352 INFO o.a.j.t.JMeterThread: Thread started: Grupo De Hilos 1-41
2020-03-24 11:03:04,766 INFO o.a.j.t.JMeterThread: Thread started: Grupo De Hilos 1-42
2020-03-24 11:03:05,156 INFO o.a.j.t.JMeterThread: Thread started: Grupo De Hilos 1-43
2020-03-24 11:03:05,552 INFO o.a.j.t.JMeterThread: Thread started: Grupo De Hilos 1-44
2020-03-24 11:03:05,953 INFO o.a.j.t.JMeterThread: Thread started: Grupo De Hilos 1-45
2020-03-24 11:03:06,352 INFO o.a.j.t.JMeterThread: Thread started: Grupo De Hilos 1-46
2020-03-24 11:03:06,754 INFO o.a.j.t.JMeterThread: Thread started: Grupo De Hilos 1-47
2020-03-24 11:03:07,153 INFO o.a.j.t.JMeterThread: Thread started: Grupo De Hilos 1-48
2020-03-24 11:03:07,555 INFO o.a.j.t.JMeterThread: Thread started: Grupo De Hilos 1-49
2020-03-24 11:03:07,957 INFO o.a.j.t.JMeterThread: Thread started: Grupo De Hilos 1-50
2020-03-24 11:03:08,353 INFO o.a.j.t.JMeterThread: Thread started: Grupo De Hilos 1-51
2020-03-24 11:03:08,753 INFO o.a.j.t.JMeterThread: Thread started: Grupo De Hilos 1-52
2020-03-24 11:03:09,153 INFO o.a.j.t.JMeterThread: Thread started: Grupo De Hilos 1-53
2020-03-24 11:03:09,552 INFO o.a.j.t.JMeterThread: Thread started: Grupo De Hilos 1-54
2020-03-24 11:03:09,952 INFO o.a.j.t.JMeterThread: Thread started: Grupo De Hilos 1-55
2020-03-24 11:03:10,352 INFO o.a.j.t.JMeterThread: Thread started: Grupo De Hilos 1-56
2020-03-24 11:03:10,757 INFO o.a.j.t.JMeterThread: Thread started: Grupo De Hilos 1-57
2020-03-24 11:03:11,153 INFO o.a.j.t.JMeterThread: Thread started: Grupo De Hilos 1-58
2020-03-24 11:03:11,552 INFO o.a.j.t.JMeterThread: Thread started: Grupo De Hilos 1-59
2020-03-24 11:03:11,957 INFO o.a.j.t.JMeterThread: Thread started: Grupo De Hilos 1-60
2020-03-24 11:03:12,361 INFO o.a.j.t.JMeterThread: Thread started: Grupo De Hilos 1-61
2020-03-24 11:03:12,752 INFO o.a.j.t.JMeterThread: Thread started: Grupo De Hilos 1-62
2020-03-24 11:03:13,153 INFO o.a.j.t.JMeterThread: Thread started: Grupo De Hilos 1-63
2020-03-24 11:03:13,553 INFO o.a.j.t.JMeterThread: Thread started: Grupo De Hilos 1-64
2020-03-24 11:03:13,954 INFO o.a.j.t.JMeterThread: Thread started: Grupo De Hilos 1-65
2020-03-24 11:03:14,353 INFO o.a.j.t.JMeterThread: Thread started: Grupo De Hilos 1-66
2020-03-24 11:03:14,753 INFO o.a.j.t.JMeterThread: Thread started: Grupo De Hilos 1-67
2020-03-24 11:03:15,152 INFO o.a.j.t.JMeterThread: Thread started: Grupo De Hilos 1-68
2020-03-24 11:03:15,552 INFO o.a.j.t.JMeterThread: Thread started: Grupo De Hilos 1-69
2020-03-24 11:03:15,961 INFO o.a.j.t.JMeterThread: Thread started: Grupo De Hilos 1-70
2020-03-24 11:03:16,353 INFO o.a.j.t.JMeterThread: Thread started: Grupo De Hilos 1-71
2020-03-24 11:03:16,756 INFO o.a.j.t.JMeterThread: Thread started: Grupo De Hilos 1-72
2020-03-24 11:03:17,154 INFO o.a.j.t.JMeterThread: Thread started: Grupo De Hilos 1-73
2020-03-24 11:03:17,554 INFO o.a.j.t.JMeterThread: Thread started: Grupo De Hilos 1-74
2020-03-24 11:03:17,953 INFO o.a.j.t.JMeterThread: Thread started: Grupo De Hilos 1-75
2020-03-24 11:07:18,389 INFO o.a.j.t.JMeterThread: Stopping because end time detected by thread: Grupo De Hilos 1-3
2020-03-24 11:07:18,389 INFO o.a.j.t.JMeterThread: Thread finished: Grupo De Hilos 1-3
2020-03-24 11:07:18,397 INFO o.a.j.t.JMeterThread: Stopping because end time detected by thread: Grupo De Hilos 1-11
2020-03-24 11:07:18,397 INFO o.a.j.t.JMeterThread: Thread finished: Grupo De Hilos 1-11
2020-03-24 11:07:18,413 INFO o.a.j.t.JMeterThread: Stopping because end time detected by thread: Grupo De Hilos 1-1
2020-03-24 11:07:18,413 INFO o.a.j.t.JMeterThread: Thread finished: Grupo De Hilos 1-1
2020-03-24 11:07:18,421 INFO o.a.j.t.JMeterThread: Stopping because end time detected by thread: Grupo De Hilos 1-2
2020-03-24 11:07:18,421 INFO o.a.j.t.JMeterThread: Stopping because end time detected by thread: Grupo De Hilos 1-25
2020-03-24 11:07:18,421 INFO o.a.j.t.JMeterThread: Thread finished: Grupo De Hilos 1-2
2020-03-24 11:07:18,421 INFO o.a.j.t.JMeterThread: Stopping because end time detected by thread: Grupo De Hilos 1-14
2020-03-24 11:07:18,421 INFO o.a.j.t.JMeterThread: Thread finished: Grupo De Hilos 1-14
2020-03-24 11:07:18,422 INFO o.a.j.t.JMeterThread: Stopping because end time detected by thread: Grupo De Hilos 1-12
2020-03-24 11:07:18,422 INFO o.a.j.t.JMeterThread: Stopping because end time detected by thread: Grupo De Hilos 1-21
2020-03-24 11:07:18,422 INFO o.a.j.t.JMeterThread: Thread finished: Grupo De Hilos 1-12
2020-03-24 11:07:18,429 INFO o.a.j.t.JMeterThread: Stopping because end time detected by thread: Grupo De Hilos 1-7
2020-03-24 11:07:18,429 INFO o.a.j.t.JMeterThread: Thread finished: Grupo De Hilos 1-7
2020-03-24 11:07:18,430 INFO o.a.j.t.JMeterThread: Stopping because end time detected by thread: Grupo De Hilos 1-22
2020-03-24 11:07:18,430 INFO o.a.j.t.JMeterThread: Thread finished: Grupo De Hilos 1-22
2020-03-24 11:07:18,433 INFO o.a.j.t.JMeterThread: Thread finished: Grupo De Hilos 1-25
2020-03-24 11:07:18,433 INFO o.a.j.t.JMeterThread: Thread finished: Grupo De Hilos 1-21
2020-03-24 11:07:18,434 INFO o.a.j.t.JMeterThread: Stopping because end time detected by thread: Grupo De Hilos 1-37
2020-03-24 11:07:18,434 INFO o.a.j.t.JMeterThread: Thread finished: Grupo De Hilos 1-37
2020-03-24 11:07:18,438 INFO o.a.j.t.JMeterThread: Stopping because end time detected by thread: Grupo De Hilos 1-32
2020-03-24 11:07:18,438 INFO o.a.j.t.JMeterThread: Thread finished: Grupo De Hilos 1-32
2020-03-24 11:07:18,441 INFO o.a.j.t.JMeterThread: Stopping because end time detected by thread: Grupo De Hilos 1-24
2020-03-24 11:07:18,441 INFO o.a.j.t.JMeterThread: Thread finished: Grupo De Hilos 1-24
2020-03-24 11:07:18,442 INFO o.a.j.t.JMeterThread: Stopping because end time detected by thread: Grupo De Hilos 1-43
2020-03-24 11:07:18,442 INFO o.a.j.t.JMeterThread: Thread finished: Grupo De Hilos 1-43
2020-03-24 11:07:18,442 INFO o.a.j.t.JMeterThread: Stopping because end time detected by thread: Grupo De Hilos 1-27
2020-03-24 11:07:18,443 INFO o.a.j.t.JMeterThread: Thread finished: Grupo De Hilos 1-27
2020-03-24 11:07:18,445 INFO o.a.j.t.JMeterThread: Stopping because end time detected by thread: Grupo De Hilos 1-44
2020-03-24 11:07:18,445 INFO o.a.j.t.JMeterThread: Thread finished: Grupo De Hilos 1-44
2020-03-24 11:07:18,449 INFO o.a.j.t.JMeterThread: Stopping because end time detected by thread: Grupo De Hilos 1-34
2020-03-24 11:07:18,449 INFO o.a.j.t.JMeterThread: Thread finished: Grupo De Hilos 1-34
2020-03-24 11:07:18,450 INFO o.a.j.t.JMeterThread: Stopping because end time detected by thread: Grupo De Hilos 1-31
2020-03-24 11:07:18,450 INFO o.a.j.t.JMeterThread: Stopping because end time detected by thread: Grupo De Hilos 1-4
2020-03-24 11:07:18,450 INFO o.a.j.t.JMeterThread: Thread finished: Grupo De Hilos 1-31
2020-03-24 11:07:18,450 INFO o.a.j.t.JMeterThread: Stopping because end time detected by thread: Grupo De Hilos 1-23
2020-03-24 11:07:18,450 INFO o.a.j.t.JMeterThread: Thread finished: Grupo De Hilos 1-23
2020-03-24 11:07:18,450 INFO o.a.j.t.JMeterThread: Stopping because end time detected by thread: Grupo De Hilos 1-35
2020-03-24 11:07:18,451 INFO o.a.j.t.JMeterThread: Thread finished: Grupo De Hilos 1-35
2020-03-24 11:07:18,451 INFO o.a.j.t.JMeterThread: Stopping because end time detected by thread: Grupo De Hilos 1-45
2020-03-24 11:07:18,451 INFO o.a.j.t.JMeterThread: Thread finished: Grupo De Hilos 1-4
2020-03-24 11:07:18,452 INFO o.a.j.t.JMeterThread: Stopping because end time detected by thread: Grupo De Hilos 1-33
2020-03-24 11:07:18,452 INFO o.a.j.t.JMeterThread: Thread finished: Grupo De Hilos 1-33
2020-03-24 11:07:18,453 INFO o.a.j.t.JMeterThread: Stopping because end time detected by thread: Grupo De Hilos 1-18
2020-03-24 11:07:18,453 INFO o.a.j.t.JMeterThread: Stopping because end time detected by thread: Grupo De Hilos 1-42
2020-03-24 11:07:18,453 INFO o.a.j.t.JMeterThread: Thread finished: Grupo De Hilos 1-18
2020-03-24 11:07:18,453 INFO o.a.j.t.JMeterThread: Stopping because end time detected by thread: Grupo De Hilos 1-47
2020-03-24 11:07:18,454 INFO o.a.j.t.JMeterThread: Thread finished: Grupo De Hilos 1-47
2020-03-24 11:07:18,451 INFO o.a.j.t.JMeterThread: Thread finished: Grupo De Hilos 1-45
2020-03-24 11:07:18,452 INFO o.a.j.t.JMeterThread: Stopping because end time detected by thread: Grupo De Hilos 1-10
2020-03-24 11:07:18,457 INFO o.a.j.t.JMeterThread: Thread finished: Grupo De Hilos 1-42
2020-03-24 11:07:18,457 INFO o.a.j.t.JMeterThread: Thread finished: Grupo De Hilos 1-10
2020-03-24 11:07:18,459 INFO o.a.j.t.JMeterThread: Stopping because end time detected by thread: Grupo De Hilos 1-54
2020-03-24 11:07:18,459 INFO o.a.j.t.JMeterThread: Thread finished: Grupo De Hilos 1-54
2020-03-24 11:07:18,459 INFO o.a.j.t.JMeterThread: Stopping because end time detected by thread: Grupo De Hilos 1-5
2020-03-24 11:07:18,460 INFO o.a.j.t.JMeterThread: Stopping because end time detected by thread: Grupo De Hilos 1-55
2020-03-24 11:07:18,460 INFO o.a.j.t.JMeterThread: Thread finished: Grupo De Hilos 1-5
2020-03-24 11:07:18,460 INFO o.a.j.t.JMeterThread: Thread finished: Grupo De Hilos 1-55
2020-03-24 11:07:18,460 INFO o.a.j.t.JMeterThread: Stopping because end time detected by thread: Grupo De Hilos 1-20
2020-03-24 11:07:18,460 INFO o.a.j.t.JMeterThread: Thread finished: Grupo De Hilos 1-20
2020-03-24 11:07:18,461 INFO o.a.j.t.JMeterThread: Stopping because end time detected by thread: Grupo De Hilos 1-30
2020-03-24 11:07:18,461 INFO o.a.j.t.JMeterThread: Thread finished: Grupo De Hilos 1-30
2020-03-24 11:07:18,464 INFO o.a.j.t.JMeterThread: Stopping because end time detected by thread: Grupo De Hilos 1-16
2020-03-24 11:07:18,464 INFO o.a.j.t.JMeterThread: Thread finished: Grupo De Hilos 1-16
2020-03-24 11:07:18,465 INFO o.a.j.t.JMeterThread: Stopping because end time detected by thread: Grupo De Hilos 1-53
2020-03-24 11:07:18,465 INFO o.a.j.t.JMeterThread: Thread finished: Grupo De Hilos 1-53
2020-03-24 11:07:18,467 INFO o.a.j.t.JMeterThread: Stopping because end time detected by thread: Grupo De Hilos 1-58
2020-03-24 11:07:18,467 INFO o.a.j.t.JMeterThread: Thread finished: Grupo De Hilos 1-58
2020-03-24 11:07:18,467 INFO o.a.j.t.JMeterThread: Stopping because end time detected by thread: Grupo De Hilos 1-52
2020-03-24 11:07:18,468 INFO o.a.j.t.JMeterThread: Thread finished: Grupo De Hilos 1-52
2020-03-24 11:07:18,469 INFO o.a.j.t.JMeterThread: Stopping because end time detected by thread: Grupo De Hilos 1-17
2020-03-24 11:07:18,469 INFO o.a.j.t.JMeterThread: Stopping because end time detected by thread: Grupo De Hilos 1-48
2020-03-24 11:07:18,469 INFO o.a.j.t.JMeterThread: Thread finished: Grupo De Hilos 1-17
2020-03-24 11:07:18,469 INFO o.a.j.t.JMeterThread: Thread finished: Grupo De Hilos 1-48
2020-03-24 11:07:18,470 INFO o.a.j.t.JMeterThread: Stopping because end time detected by thread: Grupo De Hilos 1-38
2020-03-24 11:07:18,470 INFO o.a.j.t.JMeterThread: Stopping because end time detected by thread: Grupo De Hilos 1-13
2020-03-24 11:07:18,471 INFO o.a.j.t.JMeterThread: Thread finished: Grupo De Hilos 1-38
2020-03-24 11:07:18,471 INFO o.a.j.t.JMeterThread: Thread finished: Grupo De Hilos 1-13
2020-03-24 11:07:18,471 INFO o.a.j.t.JMeterThread: Stopping because end time detected by thread: Grupo De Hilos 1-26
2020-03-24 11:07:18,471 INFO o.a.j.t.JMeterThread: Stopping because end time detected by thread: Grupo De Hilos 1-9
2020-03-24 11:07:18,471 INFO o.a.j.t.JMeterThread: Thread finished: Grupo De Hilos 1-9
2020-03-24 11:07:18,471 INFO o.a.j.t.JMeterThread: Thread finished: Grupo De Hilos 1-26
2020-03-24 11:07:18,471 INFO o.a.j.t.JMeterThread: Stopping because end time detected by thread: Grupo De Hilos 1-39
2020-03-24 11:07:18,471 INFO o.a.j.t.JMeterThread: Stopping because end time detected by thread: Grupo De Hilos 1-15
2020-03-24 11:07:18,471 INFO o.a.j.t.JMeterThread: Thread finished: Grupo De Hilos 1-39
2020-03-24 11:07:18,471 INFO o.a.j.t.JMeterThread: Thread finished: Grupo De Hilos 1-15
2020-03-24 11:07:18,471 INFO o.a.j.t.JMeterThread: Stopping because end time detected by thread: Grupo De Hilos 1-40
2020-03-24 11:07:18,471 INFO o.a.j.t.JMeterThread: Stopping because end time detected by thread: Grupo De Hilos 1-60
2020-03-24 11:07:18,472 INFO o.a.j.t.JMeterThread: Thread finished: Grupo De Hilos 1-40
2020-03-24 11:07:18,472 INFO o.a.j.t.JMeterThread: Stopping because end time detected by thread: Grupo De Hilos 1-50
2020-03-24 11:07:18,472 INFO o.a.j.t.JMeterThread: Stopping because end time detected by thread: Grupo De Hilos 1-56
2020-03-24 11:07:18,472 INFO o.a.j.t.JMeterThread: Thread finished: Grupo De Hilos 1-50
2020-03-24 11:07:18,472 INFO o.a.j.t.JMeterThread: Thread finished: Grupo De Hilos 1-56
2020-03-24 11:07:18,472 INFO o.a.j.t.JMeterThread: Thread finished: Grupo De Hilos 1-60
2020-03-24 11:07:18,473 INFO o.a.j.t.JMeterThread: Stopping because end time detected by thread: Grupo De Hilos 1-36
2020-03-24 11:07:18,473 INFO o.a.j.t.JMeterThread: Thread finished: Grupo De Hilos 1-36
2020-03-24 11:07:18,474 INFO o.a.j.t.JMeterThread: Stopping because end time detected by thread: Grupo De Hilos 1-19
2020-03-24 11:07:18,474 INFO o.a.j.t.JMeterThread: Thread finished: Grupo De Hilos 1-19
2020-03-24 11:07:18,474 INFO o.a.j.t.JMeterThread: Stopping because end time detected by thread: Grupo De Hilos 1-8
2020-03-24 11:07:18,474 INFO o.a.j.t.JMeterThread: Stopping because end time detected by thread: Grupo De Hilos 1-49
2020-03-24 11:07:18,474 INFO o.a.j.t.JMeterThread: Stopping because end time detected by thread: Grupo De Hilos 1-6
2020-03-24 11:07:18,475 INFO o.a.j.t.JMeterThread: Thread finished: Grupo De Hilos 1-8
2020-03-24 11:07:18,475 INFO o.a.j.t.JMeterThread: Thread finished: Grupo De Hilos 1-49
2020-03-24 11:07:18,475 INFO o.a.j.t.JMeterThread: Thread finished: Grupo De Hilos 1-6
2020-03-24 11:07:18,475 INFO o.a.j.t.JMeterThread: Stopping because end time detected by thread: Grupo De Hilos 1-28
2020-03-24 11:07:18,475 INFO o.a.j.t.JMeterThread: Thread finished: Grupo De Hilos 1-28
2020-03-24 11:07:18,475 INFO o.a.j.t.JMeterThread: Stopping because end time detected by thread: Grupo De Hilos 1-41
2020-03-24 11:07:18,476 INFO o.a.j.t.JMeterThread: Thread finished: Grupo De Hilos 1-41
2020-03-24 11:07:18,476 INFO o.a.j.t.JMeterThread: Stopping because end time detected by thread: Grupo De Hilos 1-65
2020-03-24 11:07:18,476 INFO o.a.j.t.JMeterThread: Thread finished: Grupo De Hilos 1-65
2020-03-24 11:07:18,477 INFO o.a.j.t.JMeterThread: Stopping because end time detected by thread: Grupo De Hilos 1-66
2020-03-24 11:07:18,477 INFO o.a.j.t.JMeterThread: Stopping because end time detected by thread: Grupo De Hilos 1-57
2020-03-24 11:07:18,477 INFO o.a.j.t.JMeterThread: Thread finished: Grupo De Hilos 1-66
2020-03-24 11:07:18,477 INFO o.a.j.t.JMeterThread: Thread finished: Grupo De Hilos 1-57
2020-03-24 11:07:18,478 INFO o.a.j.t.JMeterThread: Stopping because end time detected by thread: Grupo De Hilos 1-46
2020-03-24 11:07:18,478 INFO o.a.j.t.JMeterThread: Thread finished: Grupo De Hilos 1-46
2020-03-24 11:07:18,479 INFO o.a.j.t.JMeterThread: Stopping because end time detected by thread: Grupo De Hilos 1-63
2020-03-24 11:07:18,480 INFO o.a.j.t.JMeterThread: Stopping because end time detected by thread: Grupo De Hilos 1-70
2020-03-24 11:07:18,480 INFO o.a.j.t.JMeterThread: Stopping because end time detected by thread: Grupo De Hilos 1-51
2020-03-24 11:07:18,480 INFO o.a.j.t.JMeterThread: Thread finished: Grupo De Hilos 1-51
2020-03-24 11:07:18,480 INFO o.a.j.t.JMeterThread: Stopping because end time detected by thread: Grupo De Hilos 1-29
2020-03-24 11:07:18,480 INFO o.a.j.t.JMeterThread: Thread finished: Grupo De Hilos 1-63
2020-03-24 11:07:18,483 INFO o.a.j.t.JMeterThread: Stopping because end time detected by thread: Grupo De Hilos 1-67
2020-03-24 11:07:18,483 INFO o.a.j.t.JMeterThread: Thread finished: Grupo De Hilos 1-67
2020-03-24 11:07:18,485 INFO o.a.j.t.JMeterThread: Stopping because end time detected by thread: Grupo De Hilos 1-75
2020-03-24 11:07:18,485 INFO o.a.j.t.JMeterThread: Stopping because end time detected by thread: Grupo De Hilos 1-72
2020-03-24 11:07:18,485 INFO o.a.j.t.JMeterThread: Stopping because end time detected by thread: Grupo De Hilos 1-61
2020-03-24 11:07:18,485 INFO o.a.j.t.JMeterThread: Thread finished: Grupo De Hilos 1-75
2020-03-24 11:07:18,485 INFO o.a.j.t.JMeterThread: Thread finished: Grupo De Hilos 1-61
2020-03-24 11:07:18,486 INFO o.a.j.t.JMeterThread: Stopping because end time detected by thread: Grupo De Hilos 1-59
2020-03-24 11:07:18,486 INFO o.a.j.t.JMeterThread: Thread finished: Grupo De Hilos 1-59
2020-03-24 11:07:18,486 INFO o.a.j.t.JMeterThread: Stopping because end time detected by thread: Grupo De Hilos 1-73
2020-03-24 11:07:18,486 INFO o.a.j.t.JMeterThread: Thread finished: Grupo De Hilos 1-73
2020-03-24 11:07:18,483 INFO o.a.j.t.JMeterThread: Stopping because end time detected by thread: Grupo De Hilos 1-74
2020-03-24 11:07:18,480 INFO o.a.j.t.JMeterThread: Thread finished: Grupo De Hilos 1-70
2020-03-24 11:07:18,487 INFO o.a.j.t.JMeterThread: Thread finished: Grupo De Hilos 1-74
2020-03-24 11:07:18,487 INFO o.a.j.t.JMeterThread: Thread finished: Grupo De Hilos 1-72
2020-03-24 11:07:18,481 INFO o.a.j.t.JMeterThread: Stopping because end time detected by thread: Grupo De Hilos 1-71
2020-03-24 11:07:18,489 INFO o.a.j.t.JMeterThread: Thread finished: Grupo De Hilos 1-71
2020-03-24 11:07:18,481 INFO o.a.j.t.JMeterThread: Stopping because end time detected by thread: Grupo De Hilos 1-64
2020-03-24 11:07:18,481 INFO o.a.j.t.JMeterThread: Stopping because end time detected by thread: Grupo De Hilos 1-69
2020-03-24 11:07:18,489 INFO o.a.j.t.JMeterThread: Thread finished: Grupo De Hilos 1-64
2020-03-24 11:07:18,489 INFO o.a.j.t.JMeterThread: Thread finished: Grupo De Hilos 1-69
2020-03-24 11:07:18,481 INFO o.a.j.t.JMeterThread: Stopping because end time detected by thread: Grupo De Hilos 1-62
2020-03-24 11:07:18,490 INFO o.a.j.t.JMeterThread: Thread finished: Grupo De Hilos 1-62
2020-03-24 11:07:18,481 INFO o.a.j.t.JMeterThread: Stopping because end time detected by thread: Grupo De Hilos 1-68
2020-03-24 11:07:18,490 INFO o.a.j.t.JMeterThread: Thread finished: Grupo De Hilos 1-68
2020-03-24 11:07:18,491 INFO o.a.j.t.JMeterThread: Thread finished: Grupo De Hilos 1-29
2020-03-24 11:07:18,491 INFO o.a.j.e.StandardJMeterEngine: Notifying test listeners of end of test
2020-03-24 11:07:18,496 INFO o.a.j.r.Summariser: summary +     45 in 00:04:18 =    0.2/s Avg:    48 Min:    38 Max:   165 Err:     0 (0.00%) Active: 0 Started: 75 Finished: 75
2020-03-24 11:07:18,497 INFO o.a.j.r.Summariser: summary =     75 in 00:04:30 =    0.3/s Avg:    48 Min:    38 Max:   165 Err:     0 (0.00%)
