2020-03-24 11:44:57,171 INFO o.a.j.u.JMeterUtils: Setting Locale to en_US
2020-03-24 11:44:57,202 INFO o.a.j.JMeter: Loading user properties from: /home/pablo/jmeter/bin/user.properties
2020-03-24 11:44:57,203 INFO o.a.j.JMeter: Loading system properties from: /home/pablo/jmeter/bin/system.properties
2020-03-24 11:44:57,204 INFO o.a.j.JMeter: Setting System property: HILOS=300
2020-03-24 11:44:57,205 INFO o.a.j.JMeter: Setting System property: SUBIDA=120
2020-03-24 11:44:57,205 INFO o.a.j.JMeter: Setting System property: DURACION=360
2020-03-24 11:44:57,205 INFO o.a.j.JMeter: Setting System property: PAGE=/test/imageng.html
2020-03-24 11:44:57,205 INFO o.a.j.JMeter: Setting System property: FILE=scriptresultsperfmonG300.jtl
2020-03-24 11:44:57,209 INFO o.a.j.JMeter: Copyright (c) 1998-2019 The Apache Software Foundation
2020-03-24 11:44:57,209 INFO o.a.j.JMeter: Version 5.2.1
2020-03-24 11:44:57,209 INFO o.a.j.JMeter: java.version=1.8.0_201
2020-03-24 11:44:57,210 INFO o.a.j.JMeter: java.vm.name=Java HotSpot(TM) 64-Bit Server VM
2020-03-24 11:44:57,210 INFO o.a.j.JMeter: os.name=Linux
2020-03-24 11:44:57,210 INFO o.a.j.JMeter: os.arch=amd64
2020-03-24 11:44:57,210 INFO o.a.j.JMeter: os.version=4.15.0-91-generic
2020-03-24 11:44:57,211 INFO o.a.j.JMeter: file.encoding=UTF-8
2020-03-24 11:44:57,211 INFO o.a.j.JMeter: java.awt.headless=true
2020-03-24 11:44:57,211 INFO o.a.j.JMeter: Max memory     =732954624
2020-03-24 11:44:57,212 INFO o.a.j.JMeter: Available Processors =4
2020-03-24 11:44:57,219 INFO o.a.j.JMeter: Default Locale=English (United States)
2020-03-24 11:44:57,220 INFO o.a.j.JMeter: JMeter  Locale=English (United States)
2020-03-24 11:44:57,220 INFO o.a.j.JMeter: JMeterHome=/home/pablo/jmeter
2020-03-24 11:44:57,220 INFO o.a.j.JMeter: user.dir  =/home/pablo/jmeter/bin/EJECUCIONES
2020-03-24 11:44:57,221 INFO o.a.j.JMeter: PWD       =/home/pablo/jmeter/bin/EJECUCIONES
2020-03-24 11:44:57,222 INFO o.a.j.JMeter: IP: 127.0.1.1 Name: hylianpablo FullName: hylianpablo
2020-03-24 11:44:57,231 INFO o.a.j.s.FileServer: Default base='/home/pablo/jmeter/bin/EJECUCIONES'
2020-03-24 11:44:57,242 INFO o.a.j.s.FileServer: Set new base='/home/pablo/jmeter/bin/EJECUCIONES/..'
2020-03-24 11:44:57,566 INFO o.a.j.s.SaveService: Testplan (JMX) version: 2.2. Testlog (JTL) version: 2.2
2020-03-24 11:44:57,585 INFO o.a.j.s.SaveService: Using SaveService properties file encoding UTF-8
2020-03-24 11:44:57,600 INFO o.a.j.s.SaveService: Using SaveService properties version 5.0
2020-03-24 11:44:57,622 INFO o.a.j.s.SaveService: Loading file: ../Correcto.jmx
2020-03-24 11:44:57,749 INFO o.a.j.p.h.s.HTTPSamplerBase: Parser for text/html is org.apache.jmeter.protocol.http.parser.LagartoBasedHtmlParser
2020-03-24 11:44:57,749 INFO o.a.j.p.h.s.HTTPSamplerBase: Parser for application/xhtml+xml is org.apache.jmeter.protocol.http.parser.LagartoBasedHtmlParser
2020-03-24 11:44:57,750 INFO o.a.j.p.h.s.HTTPSamplerBase: Parser for application/xml is org.apache.jmeter.protocol.http.parser.LagartoBasedHtmlParser
2020-03-24 11:44:57,750 INFO o.a.j.p.h.s.HTTPSamplerBase: Parser for text/xml is org.apache.jmeter.protocol.http.parser.LagartoBasedHtmlParser
2020-03-24 11:44:57,750 INFO o.a.j.p.h.s.HTTPSamplerBase: Parser for text/vnd.wap.wml is org.apache.jmeter.protocol.http.parser.RegexpHTMLParser
2020-03-24 11:44:57,751 INFO o.a.j.p.h.s.HTTPSamplerBase: Parser for text/css is org.apache.jmeter.protocol.http.parser.CssParser
2020-03-24 11:44:57,811 INFO o.a.j.p.h.c.CacheManager: Will only cache the following methods: [GET]
2020-03-24 11:44:57,854 INFO o.a.j.JMeter: Creating summariser <summary>
2020-03-24 11:44:57,868 INFO o.a.j.e.StandardJMeterEngine: Running the test!
2020-03-24 11:44:57,870 INFO o.a.j.s.SampleEvent: List of sample_variables: []
2020-03-24 11:44:57,870 INFO o.a.j.s.SampleEvent: List of sample_variables: []
2020-03-24 11:44:57,886 INFO o.a.j.e.u.CompoundVariable: Note: Function class names must contain the string: '.functions.'
2020-03-24 11:44:57,886 INFO o.a.j.e.u.CompoundVariable: Note: Function class names must not contain the string: '.gui.'
2020-03-24 11:44:58,822 INFO o.a.j.JMeter: Running test (1585046698822)
2020-03-24 11:44:58,905 INFO o.a.j.e.StandardJMeterEngine: Starting ThreadGroup: 1 : Grupo De Hilos
2020-03-24 11:44:58,905 INFO o.a.j.e.StandardJMeterEngine: Starting 300 threads for group Grupo De Hilos.
2020-03-24 11:44:58,905 INFO o.a.j.e.StandardJMeterEngine: Thread will continue on error
2020-03-24 11:44:58,906 INFO o.a.j.t.ThreadGroup: Starting thread group... number=1 threads=300 ramp-up=120 delayedStart=false
2020-03-24 11:44:58,954 INFO o.a.j.t.JMeterThread: Thread started: Grupo De Hilos 1-1
2020-03-24 11:44:59,015 INFO o.a.j.p.h.s.HTTPHCAbstractImpl: Local host = hylianpablo
2020-03-24 11:44:59,036 INFO o.a.j.p.h.s.HTTPHC4Impl: HTTP request retry count = 0
2020-03-24 11:44:59,042 INFO o.a.j.s.SampleResult: Note: Sample TimeStamps are START times
2020-03-24 11:44:59,043 INFO o.a.j.s.SampleResult: sampleresult.default.encoding is set to ISO-8859-1
2020-03-24 11:44:59,044 INFO o.a.j.s.SampleResult: sampleresult.useNanoTime=true
2020-03-24 11:44:59,045 INFO o.a.j.s.SampleResult: sampleresult.nanoThreadSleep=5000
2020-03-24 11:44:59,344 INFO o.a.j.t.JMeterThread: Thread started: Grupo De Hilos 1-2
2020-03-24 11:44:59,345 INFO o.a.j.t.ThreadGroup: Started thread group number 1
2020-03-24 11:44:59,345 INFO o.a.j.e.StandardJMeterEngine: All thread groups have been started
2020-03-24 11:44:59,743 INFO o.a.j.t.JMeterThread: Thread started: Grupo De Hilos 1-3
2020-03-24 11:45:00,110 INFO o.a.j.t.JMeterThread: Thread started: Grupo De Hilos 1-4
2020-03-24 11:45:00,191 INFO o.a.j.r.Summariser: summary +      4 in 00:00:01 =    2.9/s Avg:    76 Min:    47 Max:   138 Err:     0 (0.00%) Active: 4 Started: 4 Finished: 0
2020-03-24 11:45:00,511 INFO o.a.j.t.JMeterThread: Thread started: Grupo De Hilos 1-5
2020-03-24 11:45:00,909 INFO o.a.j.t.JMeterThread: Thread started: Grupo De Hilos 1-6
2020-03-24 11:45:01,308 INFO o.a.j.t.JMeterThread: Thread started: Grupo De Hilos 1-7
2020-03-24 11:45:01,709 INFO o.a.j.t.JMeterThread: Thread started: Grupo De Hilos 1-8
2020-03-24 11:45:02,109 INFO o.a.j.t.JMeterThread: Thread started: Grupo De Hilos 1-9
2020-03-24 11:45:02,512 INFO o.a.j.t.JMeterThread: Thread started: Grupo De Hilos 1-10
2020-03-24 11:45:02,913 INFO o.a.j.t.JMeterThread: Thread started: Grupo De Hilos 1-11
2020-03-24 11:45:03,310 INFO o.a.j.t.JMeterThread: Thread started: Grupo De Hilos 1-12
2020-03-24 11:45:03,710 INFO o.a.j.t.JMeterThread: Thread started: Grupo De Hilos 1-13
2020-03-24 11:45:04,115 INFO o.a.j.t.JMeterThread: Thread started: Grupo De Hilos 1-14
2020-03-24 11:45:04,508 INFO o.a.j.t.JMeterThread: Thread started: Grupo De Hilos 1-15
2020-03-24 11:45:04,909 INFO o.a.j.t.JMeterThread: Thread started: Grupo De Hilos 1-16
2020-03-24 11:45:05,335 INFO o.a.j.t.JMeterThread: Thread started: Grupo De Hilos 1-17
2020-03-24 11:45:05,708 INFO o.a.j.t.JMeterThread: Thread started: Grupo De Hilos 1-18
2020-03-24 11:45:06,109 INFO o.a.j.t.JMeterThread: Thread started: Grupo De Hilos 1-19
2020-03-24 11:45:06,508 INFO o.a.j.t.JMeterThread: Thread started: Grupo De Hilos 1-20
2020-03-24 11:45:06,910 INFO o.a.j.t.JMeterThread: Thread started: Grupo De Hilos 1-21
2020-03-24 11:45:07,308 INFO o.a.j.t.JMeterThread: Thread started: Grupo De Hilos 1-22
2020-03-24 11:45:07,710 INFO o.a.j.t.JMeterThread: Thread started: Grupo De Hilos 1-23
2020-03-24 11:45:08,108 INFO o.a.j.t.JMeterThread: Thread started: Grupo De Hilos 1-24
2020-03-24 11:45:08,508 INFO o.a.j.t.JMeterThread: Thread started: Grupo De Hilos 1-25
2020-03-24 11:45:08,910 INFO o.a.j.t.JMeterThread: Thread started: Grupo De Hilos 1-26
2020-03-24 11:45:09,311 INFO o.a.j.t.JMeterThread: Thread started: Grupo De Hilos 1-27
2020-03-24 11:45:09,708 INFO o.a.j.t.JMeterThread: Thread started: Grupo De Hilos 1-28
2020-03-24 11:45:10,107 INFO o.a.j.t.JMeterThread: Thread started: Grupo De Hilos 1-29
2020-03-24 11:45:10,511 INFO o.a.j.t.JMeterThread: Thread started: Grupo De Hilos 1-30
2020-03-24 11:45:10,910 INFO o.a.j.t.JMeterThread: Thread started: Grupo De Hilos 1-31
2020-03-24 11:45:11,307 INFO o.a.j.t.JMeterThread: Thread started: Grupo De Hilos 1-32
2020-03-24 11:45:11,707 INFO o.a.j.t.JMeterThread: Thread started: Grupo De Hilos 1-33
2020-03-24 11:45:12,114 INFO o.a.j.t.JMeterThread: Thread started: Grupo De Hilos 1-34
2020-03-24 11:45:12,509 INFO o.a.j.t.JMeterThread: Thread started: Grupo De Hilos 1-35
2020-03-24 11:45:12,907 INFO o.a.j.t.JMeterThread: Thread started: Grupo De Hilos 1-36
2020-03-24 11:45:13,308 INFO o.a.j.t.JMeterThread: Thread started: Grupo De Hilos 1-37
2020-03-24 11:45:13,707 INFO o.a.j.t.JMeterThread: Thread started: Grupo De Hilos 1-38
2020-03-24 11:45:14,107 INFO o.a.j.t.JMeterThread: Thread started: Grupo De Hilos 1-39
2020-03-24 11:45:14,507 INFO o.a.j.t.JMeterThread: Thread started: Grupo De Hilos 1-40
2020-03-24 11:45:14,907 INFO o.a.j.t.JMeterThread: Thread started: Grupo De Hilos 1-41
2020-03-24 11:45:15,315 INFO o.a.j.t.JMeterThread: Thread started: Grupo De Hilos 1-42
2020-03-24 11:45:15,707 INFO o.a.j.t.JMeterThread: Thread started: Grupo De Hilos 1-43
2020-03-24 11:45:16,108 INFO o.a.j.t.JMeterThread: Thread started: Grupo De Hilos 1-44
2020-03-24 11:45:16,511 INFO o.a.j.t.JMeterThread: Thread started: Grupo De Hilos 1-45
2020-03-24 11:45:16,908 INFO o.a.j.t.JMeterThread: Thread started: Grupo De Hilos 1-46
2020-03-24 11:45:17,309 INFO o.a.j.t.JMeterThread: Thread started: Grupo De Hilos 1-47
2020-03-24 11:45:17,708 INFO o.a.j.t.JMeterThread: Thread started: Grupo De Hilos 1-48
2020-03-24 11:45:18,109 INFO o.a.j.t.JMeterThread: Thread started: Grupo De Hilos 1-49
2020-03-24 11:45:18,508 INFO o.a.j.t.JMeterThread: Thread started: Grupo De Hilos 1-50
2020-03-24 11:45:18,916 INFO o.a.j.t.JMeterThread: Thread started: Grupo De Hilos 1-51
2020-03-24 11:45:19,308 INFO o.a.j.t.JMeterThread: Thread started: Grupo De Hilos 1-52
2020-03-24 11:45:19,707 INFO o.a.j.t.JMeterThread: Thread started: Grupo De Hilos 1-53
2020-03-24 11:45:20,107 INFO o.a.j.t.JMeterThread: Thread started: Grupo De Hilos 1-54
2020-03-24 11:45:20,507 INFO o.a.j.t.JMeterThread: Thread started: Grupo De Hilos 1-55
2020-03-24 11:45:20,907 INFO o.a.j.t.JMeterThread: Thread started: Grupo De Hilos 1-56
2020-03-24 11:45:21,307 INFO o.a.j.t.JMeterThread: Thread started: Grupo De Hilos 1-57
2020-03-24 11:45:21,708 INFO o.a.j.t.JMeterThread: Thread started: Grupo De Hilos 1-58
2020-03-24 11:45:22,110 INFO o.a.j.t.JMeterThread: Thread started: Grupo De Hilos 1-59
2020-03-24 11:45:22,506 INFO o.a.j.t.JMeterThread: Thread started: Grupo De Hilos 1-60
2020-03-24 11:45:22,908 INFO o.a.j.t.JMeterThread: Thread started: Grupo De Hilos 1-61
2020-03-24 11:45:23,308 INFO o.a.j.t.JMeterThread: Thread started: Grupo De Hilos 1-62
2020-03-24 11:45:23,708 INFO o.a.j.t.JMeterThread: Thread started: Grupo De Hilos 1-63
2020-03-24 11:45:24,249 INFO o.a.j.t.JMeterThread: Thread started: Grupo De Hilos 1-64
2020-03-24 11:45:24,509 INFO o.a.j.t.JMeterThread: Thread started: Grupo De Hilos 1-65
2020-03-24 11:45:24,907 INFO o.a.j.t.JMeterThread: Thread started: Grupo De Hilos 1-66
2020-03-24 11:45:25,307 INFO o.a.j.t.JMeterThread: Thread started: Grupo De Hilos 1-67
2020-03-24 11:45:25,717 INFO o.a.j.t.JMeterThread: Thread started: Grupo De Hilos 1-68
2020-03-24 11:45:26,110 INFO o.a.j.t.JMeterThread: Thread started: Grupo De Hilos 1-69
2020-03-24 11:45:26,507 INFO o.a.j.t.JMeterThread: Thread started: Grupo De Hilos 1-70
2020-03-24 11:45:26,910 INFO o.a.j.t.JMeterThread: Thread started: Grupo De Hilos 1-71
2020-03-24 11:45:27,308 INFO o.a.j.t.JMeterThread: Thread started: Grupo De Hilos 1-72
2020-03-24 11:45:27,708 INFO o.a.j.t.JMeterThread: Thread started: Grupo De Hilos 1-73
2020-03-24 11:45:28,108 INFO o.a.j.t.JMeterThread: Thread started: Grupo De Hilos 1-74
2020-03-24 11:45:28,508 INFO o.a.j.t.JMeterThread: Thread started: Grupo De Hilos 1-75
2020-03-24 11:45:28,911 INFO o.a.j.t.JMeterThread: Thread started: Grupo De Hilos 1-76
2020-03-24 11:45:29,315 INFO o.a.j.t.JMeterThread: Thread started: Grupo De Hilos 1-77
2020-03-24 11:45:29,713 INFO o.a.j.t.JMeterThread: Thread started: Grupo De Hilos 1-78
2020-03-24 11:45:30,109 INFO o.a.j.t.JMeterThread: Thread started: Grupo De Hilos 1-79
2020-03-24 11:45:30,202 INFO o.a.j.r.Summariser: summary +     75 in 00:00:30 =    2.5/s Avg:    55 Min:    38 Max:   131 Err:     0 (0.00%) Active: 79 Started: 79 Finished: 0
2020-03-24 11:45:30,206 INFO o.a.j.r.Summariser: summary =     79 in 00:00:31 =    2.5/s Avg:    56 Min:    38 Max:   138 Err:     0 (0.00%)
2020-03-24 11:45:30,514 INFO o.a.j.t.JMeterThread: Thread started: Grupo De Hilos 1-80
2020-03-24 11:45:30,909 INFO o.a.j.t.JMeterThread: Thread started: Grupo De Hilos 1-81
2020-03-24 11:45:31,312 INFO o.a.j.t.JMeterThread: Thread started: Grupo De Hilos 1-82
2020-03-24 11:45:31,710 INFO o.a.j.t.JMeterThread: Thread started: Grupo De Hilos 1-83
2020-03-24 11:45:32,113 INFO o.a.j.t.JMeterThread: Thread started: Grupo De Hilos 1-84
2020-03-24 11:45:32,513 INFO o.a.j.t.JMeterThread: Thread started: Grupo De Hilos 1-85
2020-03-24 11:45:32,913 INFO o.a.j.t.JMeterThread: Thread started: Grupo De Hilos 1-86
2020-03-24 11:45:33,306 INFO o.a.j.t.JMeterThread: Thread started: Grupo De Hilos 1-87
2020-03-24 11:45:33,708 INFO o.a.j.t.JMeterThread: Thread started: Grupo De Hilos 1-88
2020-03-24 11:45:34,108 INFO o.a.j.t.JMeterThread: Thread started: Grupo De Hilos 1-89
2020-03-24 11:45:34,520 INFO o.a.j.t.JMeterThread: Thread started: Grupo De Hilos 1-90
2020-03-24 11:45:34,909 INFO o.a.j.t.JMeterThread: Thread started: Grupo De Hilos 1-91
2020-03-24 11:45:35,309 INFO o.a.j.t.JMeterThread: Thread started: Grupo De Hilos 1-92
2020-03-24 11:45:35,708 INFO o.a.j.t.JMeterThread: Thread started: Grupo De Hilos 1-93
2020-03-24 11:45:36,111 INFO o.a.j.t.JMeterThread: Thread started: Grupo De Hilos 1-94
2020-03-24 11:45:36,508 INFO o.a.j.t.JMeterThread: Thread started: Grupo De Hilos 1-95
2020-03-24 11:45:36,909 INFO o.a.j.t.JMeterThread: Thread started: Grupo De Hilos 1-96
2020-03-24 11:45:37,309 INFO o.a.j.t.JMeterThread: Thread started: Grupo De Hilos 1-97
2020-03-24 11:45:37,712 INFO o.a.j.t.JMeterThread: Thread started: Grupo De Hilos 1-98
2020-03-24 11:45:38,107 INFO o.a.j.t.JMeterThread: Thread started: Grupo De Hilos 1-99
2020-03-24 11:45:38,507 INFO o.a.j.t.JMeterThread: Thread started: Grupo De Hilos 1-100
2020-03-24 11:45:38,908 INFO o.a.j.t.JMeterThread: Thread started: Grupo De Hilos 1-101
2020-03-24 11:45:39,307 INFO o.a.j.t.JMeterThread: Thread started: Grupo De Hilos 1-102
2020-03-24 11:45:39,713 INFO o.a.j.t.JMeterThread: Thread started: Grupo De Hilos 1-103
2020-03-24 11:45:40,108 INFO o.a.j.t.JMeterThread: Thread started: Grupo De Hilos 1-104
2020-03-24 11:45:40,508 INFO o.a.j.t.JMeterThread: Thread started: Grupo De Hilos 1-105
2020-03-24 11:45:40,909 INFO o.a.j.t.JMeterThread: Thread started: Grupo De Hilos 1-106
2020-03-24 11:45:41,313 INFO o.a.j.t.JMeterThread: Thread started: Grupo De Hilos 1-107
2020-03-24 11:45:41,709 INFO o.a.j.t.JMeterThread: Thread started: Grupo De Hilos 1-108
2020-03-24 11:45:42,107 INFO o.a.j.t.JMeterThread: Thread started: Grupo De Hilos 1-109
2020-03-24 11:45:42,509 INFO o.a.j.t.JMeterThread: Thread started: Grupo De Hilos 1-110
2020-03-24 11:45:42,907 INFO o.a.j.t.JMeterThread: Thread started: Grupo De Hilos 1-111
2020-03-24 11:45:43,308 INFO o.a.j.t.JMeterThread: Thread started: Grupo De Hilos 1-112
2020-03-24 11:45:43,707 INFO o.a.j.t.JMeterThread: Thread started: Grupo De Hilos 1-113
2020-03-24 11:45:44,108 INFO o.a.j.t.JMeterThread: Thread started: Grupo De Hilos 1-114
2020-03-24 11:45:44,509 INFO o.a.j.t.JMeterThread: Thread started: Grupo De Hilos 1-115
2020-03-24 11:45:44,908 INFO o.a.j.t.JMeterThread: Thread started: Grupo De Hilos 1-116
2020-03-24 11:45:45,317 INFO o.a.j.t.JMeterThread: Thread started: Grupo De Hilos 1-117
2020-03-24 11:45:45,707 INFO o.a.j.t.JMeterThread: Thread started: Grupo De Hilos 1-118
2020-03-24 11:45:46,106 INFO o.a.j.t.JMeterThread: Thread started: Grupo De Hilos 1-119
2020-03-24 11:45:46,509 INFO o.a.j.t.JMeterThread: Thread started: Grupo De Hilos 1-120
2020-03-24 11:45:46,907 INFO o.a.j.t.JMeterThread: Thread started: Grupo De Hilos 1-121
2020-03-24 11:45:47,318 INFO o.a.j.t.JMeterThread: Thread started: Grupo De Hilos 1-122
2020-03-24 11:45:47,716 INFO o.a.j.t.JMeterThread: Thread started: Grupo De Hilos 1-123
2020-03-24 11:45:48,106 INFO o.a.j.t.JMeterThread: Thread started: Grupo De Hilos 1-124
2020-03-24 11:45:48,508 INFO o.a.j.t.JMeterThread: Thread started: Grupo De Hilos 1-125
2020-03-24 11:45:48,906 INFO o.a.j.t.JMeterThread: Thread started: Grupo De Hilos 1-126
2020-03-24 11:45:49,307 INFO o.a.j.t.JMeterThread: Thread started: Grupo De Hilos 1-127
2020-03-24 11:45:49,708 INFO o.a.j.t.JMeterThread: Thread started: Grupo De Hilos 1-128
2020-03-24 11:45:50,109 INFO o.a.j.t.JMeterThread: Thread started: Grupo De Hilos 1-129
2020-03-24 11:45:50,507 INFO o.a.j.t.JMeterThread: Thread started: Grupo De Hilos 1-130
2020-03-24 11:45:50,907 INFO o.a.j.t.JMeterThread: Thread started: Grupo De Hilos 1-131
2020-03-24 11:45:51,308 INFO o.a.j.t.JMeterThread: Thread started: Grupo De Hilos 1-132
2020-03-24 11:45:51,709 INFO o.a.j.t.JMeterThread: Thread started: Grupo De Hilos 1-133
2020-03-24 11:45:52,107 INFO o.a.j.t.JMeterThread: Thread started: Grupo De Hilos 1-134
2020-03-24 11:45:52,513 INFO o.a.j.t.JMeterThread: Thread started: Grupo De Hilos 1-135
2020-03-24 11:45:52,913 INFO o.a.j.t.JMeterThread: Thread started: Grupo De Hilos 1-136
2020-03-24 11:45:53,307 INFO o.a.j.t.JMeterThread: Thread started: Grupo De Hilos 1-137
2020-03-24 11:45:53,706 INFO o.a.j.t.JMeterThread: Thread started: Grupo De Hilos 1-138
2020-03-24 11:45:54,107 INFO o.a.j.t.JMeterThread: Thread started: Grupo De Hilos 1-139
2020-03-24 11:45:54,506 INFO o.a.j.t.JMeterThread: Thread started: Grupo De Hilos 1-140
2020-03-24 11:45:54,917 INFO o.a.j.t.JMeterThread: Thread started: Grupo De Hilos 1-141
2020-03-24 11:45:55,307 INFO o.a.j.t.JMeterThread: Thread started: Grupo De Hilos 1-142
2020-03-24 11:45:55,709 INFO o.a.j.t.JMeterThread: Thread started: Grupo De Hilos 1-143
2020-03-24 11:45:56,106 INFO o.a.j.t.JMeterThread: Thread started: Grupo De Hilos 1-144
2020-03-24 11:45:56,507 INFO o.a.j.t.JMeterThread: Thread started: Grupo De Hilos 1-145
2020-03-24 11:45:56,920 INFO o.a.j.t.JMeterThread: Thread started: Grupo De Hilos 1-146
2020-03-24 11:45:57,309 INFO o.a.j.t.JMeterThread: Thread started: Grupo De Hilos 1-147
2020-03-24 11:45:57,707 INFO o.a.j.t.JMeterThread: Thread started: Grupo De Hilos 1-148
2020-03-24 11:45:58,112 INFO o.a.j.t.JMeterThread: Thread started: Grupo De Hilos 1-149
2020-03-24 11:45:58,517 INFO o.a.j.t.JMeterThread: Thread started: Grupo De Hilos 1-150
2020-03-24 11:45:58,912 INFO o.a.j.t.JMeterThread: Thread started: Grupo De Hilos 1-151
2020-03-24 11:45:59,308 INFO o.a.j.t.JMeterThread: Thread started: Grupo De Hilos 1-152
2020-03-24 11:45:59,708 INFO o.a.j.t.JMeterThread: Thread started: Grupo De Hilos 1-153
2020-03-24 11:46:00,108 INFO o.a.j.t.JMeterThread: Thread started: Grupo De Hilos 1-154
2020-03-24 11:46:00,508 INFO o.a.j.t.JMeterThread: Thread started: Grupo De Hilos 1-155
2020-03-24 11:46:00,912 INFO o.a.j.t.JMeterThread: Thread started: Grupo De Hilos 1-156
2020-03-24 11:46:01,316 INFO o.a.j.t.JMeterThread: Thread started: Grupo De Hilos 1-157
2020-03-24 11:46:01,709 INFO o.a.j.t.JMeterThread: Thread started: Grupo De Hilos 1-158
2020-03-24 11:46:02,108 INFO o.a.j.t.JMeterThread: Thread started: Grupo De Hilos 1-159
2020-03-24 11:46:02,512 INFO o.a.j.t.JMeterThread: Thread started: Grupo De Hilos 1-160
2020-03-24 11:46:02,909 INFO o.a.j.t.JMeterThread: Thread started: Grupo De Hilos 1-161
2020-03-24 11:46:03,308 INFO o.a.j.t.JMeterThread: Thread started: Grupo De Hilos 1-162
2020-03-24 11:46:03,714 INFO o.a.j.t.JMeterThread: Thread started: Grupo De Hilos 1-163
2020-03-24 11:46:04,107 INFO o.a.j.t.JMeterThread: Thread started: Grupo De Hilos 1-164
2020-03-24 11:46:04,513 INFO o.a.j.t.JMeterThread: Thread started: Grupo De Hilos 1-165
2020-03-24 11:46:04,908 INFO o.a.j.t.JMeterThread: Thread started: Grupo De Hilos 1-166
2020-03-24 11:46:05,310 INFO o.a.j.t.JMeterThread: Thread started: Grupo De Hilos 1-167
2020-03-24 11:46:05,709 INFO o.a.j.t.JMeterThread: Thread started: Grupo De Hilos 1-168
2020-03-24 11:46:06,107 INFO o.a.j.t.JMeterThread: Thread started: Grupo De Hilos 1-169
2020-03-24 11:46:06,508 INFO o.a.j.t.JMeterThread: Thread started: Grupo De Hilos 1-170
2020-03-24 11:46:06,907 INFO o.a.j.t.JMeterThread: Thread started: Grupo De Hilos 1-171
2020-03-24 11:46:07,307 INFO o.a.j.t.JMeterThread: Thread started: Grupo De Hilos 1-172
2020-03-24 11:46:07,710 INFO o.a.j.t.JMeterThread: Thread started: Grupo De Hilos 1-173
2020-03-24 11:46:08,109 INFO o.a.j.t.JMeterThread: Thread started: Grupo De Hilos 1-174
2020-03-24 11:46:08,507 INFO o.a.j.t.JMeterThread: Thread started: Grupo De Hilos 1-175
2020-03-24 11:46:08,908 INFO o.a.j.t.JMeterThread: Thread started: Grupo De Hilos 1-176
2020-03-24 11:46:09,311 INFO o.a.j.t.JMeterThread: Thread started: Grupo De Hilos 1-177
2020-03-24 11:46:09,708 INFO o.a.j.t.JMeterThread: Thread started: Grupo De Hilos 1-178
2020-03-24 11:46:10,108 INFO o.a.j.t.JMeterThread: Thread started: Grupo De Hilos 1-179
2020-03-24 11:46:10,508 INFO o.a.j.t.JMeterThread: Thread started: Grupo De Hilos 1-180
2020-03-24 11:46:10,913 INFO o.a.j.t.JMeterThread: Thread started: Grupo De Hilos 1-181
2020-03-24 11:46:11,307 INFO o.a.j.t.JMeterThread: Thread started: Grupo De Hilos 1-182
2020-03-24 11:46:11,708 INFO o.a.j.t.JMeterThread: Thread started: Grupo De Hilos 1-183
2020-03-24 11:46:12,109 INFO o.a.j.t.JMeterThread: Thread started: Grupo De Hilos 1-184
2020-03-24 11:46:12,507 INFO o.a.j.t.JMeterThread: Thread started: Grupo De Hilos 1-185
2020-03-24 11:46:12,907 INFO o.a.j.t.JMeterThread: Thread started: Grupo De Hilos 1-186
2020-03-24 11:46:13,308 INFO o.a.j.t.JMeterThread: Thread started: Grupo De Hilos 1-187
2020-03-24 11:46:13,707 INFO o.a.j.t.JMeterThread: Thread started: Grupo De Hilos 1-188
2020-03-24 11:46:14,109 INFO o.a.j.t.JMeterThread: Thread started: Grupo De Hilos 1-189
2020-03-24 11:46:14,507 INFO o.a.j.t.JMeterThread: Thread started: Grupo De Hilos 1-190
2020-03-24 11:46:14,908 INFO o.a.j.t.JMeterThread: Thread started: Grupo De Hilos 1-191
2020-03-24 11:46:15,308 INFO o.a.j.t.JMeterThread: Thread started: Grupo De Hilos 1-192
2020-03-24 11:46:15,713 INFO o.a.j.t.JMeterThread: Thread started: Grupo De Hilos 1-193
2020-03-24 11:46:16,113 INFO o.a.j.t.JMeterThread: Thread started: Grupo De Hilos 1-194
2020-03-24 11:46:16,510 INFO o.a.j.t.JMeterThread: Thread started: Grupo De Hilos 1-195
2020-03-24 11:46:16,909 INFO o.a.j.t.JMeterThread: Thread started: Grupo De Hilos 1-196
2020-03-24 11:46:17,310 INFO o.a.j.t.JMeterThread: Thread started: Grupo De Hilos 1-197
2020-03-24 11:46:17,707 INFO o.a.j.t.JMeterThread: Thread started: Grupo De Hilos 1-198
2020-03-24 11:46:18,113 INFO o.a.j.t.JMeterThread: Thread started: Grupo De Hilos 1-199
2020-03-24 11:46:18,506 INFO o.a.j.t.JMeterThread: Thread started: Grupo De Hilos 1-200
2020-03-24 11:46:18,910 INFO o.a.j.t.JMeterThread: Thread started: Grupo De Hilos 1-201
2020-03-24 11:46:19,307 INFO o.a.j.t.JMeterThread: Thread started: Grupo De Hilos 1-202
2020-03-24 11:46:19,707 INFO o.a.j.t.JMeterThread: Thread started: Grupo De Hilos 1-203
2020-03-24 11:46:20,113 INFO o.a.j.t.JMeterThread: Thread started: Grupo De Hilos 1-204
2020-03-24 11:46:20,513 INFO o.a.j.t.JMeterThread: Thread started: Grupo De Hilos 1-205
2020-03-24 11:46:20,908 INFO o.a.j.t.JMeterThread: Thread started: Grupo De Hilos 1-206
2020-03-24 11:46:21,310 INFO o.a.j.t.JMeterThread: Thread started: Grupo De Hilos 1-207
2020-03-24 11:46:21,710 INFO o.a.j.t.JMeterThread: Thread started: Grupo De Hilos 1-208
2020-03-24 11:46:22,121 INFO o.a.j.t.JMeterThread: Thread started: Grupo De Hilos 1-209
2020-03-24 11:46:22,507 INFO o.a.j.t.JMeterThread: Thread started: Grupo De Hilos 1-210
2020-03-24 11:46:22,907 INFO o.a.j.t.JMeterThread: Thread started: Grupo De Hilos 1-211
2020-03-24 11:46:23,306 INFO o.a.j.t.JMeterThread: Thread started: Grupo De Hilos 1-212
2020-03-24 11:46:23,707 INFO o.a.j.t.JMeterThread: Thread started: Grupo De Hilos 1-213
2020-03-24 11:46:24,107 INFO o.a.j.t.JMeterThread: Thread started: Grupo De Hilos 1-214
2020-03-24 11:46:24,509 INFO o.a.j.t.JMeterThread: Thread started: Grupo De Hilos 1-215
2020-03-24 11:46:24,910 INFO o.a.j.t.JMeterThread: Thread started: Grupo De Hilos 1-216
2020-03-24 11:46:25,309 INFO o.a.j.t.JMeterThread: Thread started: Grupo De Hilos 1-217
2020-03-24 11:46:25,713 INFO o.a.j.t.JMeterThread: Thread started: Grupo De Hilos 1-218
2020-03-24 11:46:26,108 INFO o.a.j.t.JMeterThread: Thread started: Grupo De Hilos 1-219
2020-03-24 11:46:26,507 INFO o.a.j.t.JMeterThread: Thread started: Grupo De Hilos 1-220
2020-03-24 11:46:27,115 INFO o.a.j.t.JMeterThread: Thread started: Grupo De Hilos 1-221
2020-03-24 11:46:27,307 INFO o.a.j.t.JMeterThread: Thread started: Grupo De Hilos 1-222
2020-03-24 11:46:27,707 INFO o.a.j.t.JMeterThread: Thread started: Grupo De Hilos 1-223
2020-03-24 11:46:28,106 INFO o.a.j.t.JMeterThread: Thread started: Grupo De Hilos 1-224
2020-03-24 11:46:28,507 INFO o.a.j.t.JMeterThread: Thread started: Grupo De Hilos 1-225
2020-03-24 11:46:28,907 INFO o.a.j.t.JMeterThread: Thread started: Grupo De Hilos 1-226
2020-03-24 11:46:29,306 INFO o.a.j.t.JMeterThread: Thread started: Grupo De Hilos 1-227
2020-03-24 11:46:29,709 INFO o.a.j.t.JMeterThread: Thread started: Grupo De Hilos 1-228
2020-03-24 11:46:30,107 INFO o.a.j.t.JMeterThread: Thread started: Grupo De Hilos 1-229
2020-03-24 11:46:30,513 INFO o.a.j.t.JMeterThread: Thread started: Grupo De Hilos 1-230
2020-03-24 11:46:30,913 INFO o.a.j.t.JMeterThread: Thread started: Grupo De Hilos 1-231
2020-03-24 11:46:31,309 INFO o.a.j.t.JMeterThread: Thread started: Grupo De Hilos 1-232
2020-03-24 11:46:31,710 INFO o.a.j.t.JMeterThread: Thread started: Grupo De Hilos 1-233
2020-03-24 11:46:32,107 INFO o.a.j.t.JMeterThread: Thread started: Grupo De Hilos 1-234
2020-03-24 11:46:32,513 INFO o.a.j.t.JMeterThread: Thread started: Grupo De Hilos 1-235
2020-03-24 11:46:32,907 INFO o.a.j.t.JMeterThread: Thread started: Grupo De Hilos 1-236
2020-03-24 11:46:33,309 INFO o.a.j.t.JMeterThread: Thread started: Grupo De Hilos 1-237
2020-03-24 11:46:33,708 INFO o.a.j.t.JMeterThread: Thread started: Grupo De Hilos 1-238
2020-03-24 11:46:34,107 INFO o.a.j.t.JMeterThread: Thread started: Grupo De Hilos 1-239
2020-03-24 11:46:34,512 INFO o.a.j.t.JMeterThread: Thread started: Grupo De Hilos 1-240
2020-03-24 11:46:34,911 INFO o.a.j.t.JMeterThread: Thread started: Grupo De Hilos 1-241
2020-03-24 11:46:35,307 INFO o.a.j.t.JMeterThread: Thread started: Grupo De Hilos 1-242
2020-03-24 11:46:35,707 INFO o.a.j.t.JMeterThread: Thread started: Grupo De Hilos 1-243
2020-03-24 11:46:36,107 INFO o.a.j.t.JMeterThread: Thread started: Grupo De Hilos 1-244
2020-03-24 11:46:36,507 INFO o.a.j.t.JMeterThread: Thread started: Grupo De Hilos 1-245
2020-03-24 11:46:36,907 INFO o.a.j.t.JMeterThread: Thread started: Grupo De Hilos 1-246
2020-03-24 11:46:37,307 INFO o.a.j.t.JMeterThread: Thread started: Grupo De Hilos 1-247
2020-03-24 11:46:37,706 INFO o.a.j.t.JMeterThread: Thread started: Grupo De Hilos 1-248
2020-03-24 11:46:38,113 INFO o.a.j.t.JMeterThread: Thread started: Grupo De Hilos 1-249
2020-03-24 11:46:38,507 INFO o.a.j.t.JMeterThread: Thread started: Grupo De Hilos 1-250
2020-03-24 11:46:38,906 INFO o.a.j.t.JMeterThread: Thread started: Grupo De Hilos 1-251
2020-03-24 11:46:39,309 INFO o.a.j.t.JMeterThread: Thread started: Grupo De Hilos 1-252
2020-03-24 11:46:39,709 INFO o.a.j.t.JMeterThread: Thread started: Grupo De Hilos 1-253
2020-03-24 11:46:40,107 INFO o.a.j.t.JMeterThread: Thread started: Grupo De Hilos 1-254
2020-03-24 11:46:40,506 INFO o.a.j.t.JMeterThread: Thread started: Grupo De Hilos 1-255
2020-03-24 11:46:40,907 INFO o.a.j.t.JMeterThread: Thread started: Grupo De Hilos 1-256
2020-03-24 11:46:41,307 INFO o.a.j.t.JMeterThread: Thread started: Grupo De Hilos 1-257
2020-03-24 11:46:41,707 INFO o.a.j.t.JMeterThread: Thread started: Grupo De Hilos 1-258
2020-03-24 11:46:42,106 INFO o.a.j.t.JMeterThread: Thread started: Grupo De Hilos 1-259
2020-03-24 11:46:42,513 INFO o.a.j.t.JMeterThread: Thread started: Grupo De Hilos 1-260
2020-03-24 11:46:42,907 INFO o.a.j.t.JMeterThread: Thread started: Grupo De Hilos 1-261
2020-03-24 11:46:43,306 INFO o.a.j.t.JMeterThread: Thread started: Grupo De Hilos 1-262
2020-03-24 11:46:43,707 INFO o.a.j.t.JMeterThread: Thread started: Grupo De Hilos 1-263
2020-03-24 11:46:44,107 INFO o.a.j.t.JMeterThread: Thread started: Grupo De Hilos 1-264
2020-03-24 11:46:44,506 INFO o.a.j.t.JMeterThread: Thread started: Grupo De Hilos 1-265
2020-03-24 11:46:44,909 INFO o.a.j.t.JMeterThread: Thread started: Grupo De Hilos 1-266
2020-03-24 11:46:45,307 INFO o.a.j.t.JMeterThread: Thread started: Grupo De Hilos 1-267
2020-03-24 11:46:45,706 INFO o.a.j.t.JMeterThread: Thread started: Grupo De Hilos 1-268
2020-03-24 11:46:46,106 INFO o.a.j.t.JMeterThread: Thread started: Grupo De Hilos 1-269
2020-03-24 11:46:46,517 INFO o.a.j.t.JMeterThread: Thread started: Grupo De Hilos 1-270
2020-03-24 11:46:46,909 INFO o.a.j.t.JMeterThread: Thread started: Grupo De Hilos 1-271
2020-03-24 11:46:47,307 INFO o.a.j.t.JMeterThread: Thread started: Grupo De Hilos 1-272
2020-03-24 11:46:47,709 INFO o.a.j.t.JMeterThread: Thread started: Grupo De Hilos 1-273
2020-03-24 11:46:48,107 INFO o.a.j.t.JMeterThread: Thread started: Grupo De Hilos 1-274
2020-03-24 11:46:48,512 INFO o.a.j.t.JMeterThread: Thread started: Grupo De Hilos 1-275
2020-03-24 11:46:48,916 INFO o.a.j.t.JMeterThread: Thread started: Grupo De Hilos 1-276
2020-03-24 11:46:49,307 INFO o.a.j.t.JMeterThread: Thread started: Grupo De Hilos 1-277
2020-03-24 11:46:49,713 INFO o.a.j.t.JMeterThread: Thread started: Grupo De Hilos 1-278
2020-03-24 11:46:50,106 INFO o.a.j.t.JMeterThread: Thread started: Grupo De Hilos 1-279
2020-03-24 11:46:50,507 INFO o.a.j.t.JMeterThread: Thread started: Grupo De Hilos 1-280
2020-03-24 11:46:50,907 INFO o.a.j.t.JMeterThread: Thread started: Grupo De Hilos 1-281
2020-03-24 11:46:51,316 INFO o.a.j.t.JMeterThread: Thread started: Grupo De Hilos 1-282
2020-03-24 11:46:51,717 INFO o.a.j.t.JMeterThread: Thread started: Grupo De Hilos 1-283
2020-03-24 11:46:52,107 INFO o.a.j.t.JMeterThread: Thread started: Grupo De Hilos 1-284
2020-03-24 11:46:52,506 INFO o.a.j.t.JMeterThread: Thread started: Grupo De Hilos 1-285
2020-03-24 11:46:52,907 INFO o.a.j.t.JMeterThread: Thread started: Grupo De Hilos 1-286
2020-03-24 11:46:53,307 INFO o.a.j.t.JMeterThread: Thread started: Grupo De Hilos 1-287
2020-03-24 11:46:53,707 INFO o.a.j.t.JMeterThread: Thread started: Grupo De Hilos 1-288
2020-03-24 11:46:54,113 INFO o.a.j.t.JMeterThread: Thread started: Grupo De Hilos 1-289
2020-03-24 11:46:54,507 INFO o.a.j.t.JMeterThread: Thread started: Grupo De Hilos 1-290
2020-03-24 11:46:54,913 INFO o.a.j.t.JMeterThread: Thread started: Grupo De Hilos 1-291
2020-03-24 11:46:55,311 INFO o.a.j.t.JMeterThread: Thread started: Grupo De Hilos 1-292
2020-03-24 11:46:55,706 INFO o.a.j.t.JMeterThread: Thread started: Grupo De Hilos 1-293
2020-03-24 11:46:56,107 INFO o.a.j.t.JMeterThread: Thread started: Grupo De Hilos 1-294
2020-03-24 11:46:56,507 INFO o.a.j.t.JMeterThread: Thread started: Grupo De Hilos 1-295
2020-03-24 11:46:56,907 INFO o.a.j.t.JMeterThread: Thread started: Grupo De Hilos 1-296
2020-03-24 11:46:57,313 INFO o.a.j.t.JMeterThread: Thread started: Grupo De Hilos 1-297
2020-03-24 11:46:57,707 INFO o.a.j.t.JMeterThread: Thread started: Grupo De Hilos 1-298
2020-03-24 11:46:58,107 INFO o.a.j.t.JMeterThread: Thread started: Grupo De Hilos 1-299
2020-03-24 11:46:58,514 INFO o.a.j.t.JMeterThread: Thread started: Grupo De Hilos 1-300
2020-03-24 11:49:01,940 INFO o.a.j.r.Summariser: summary +     73 in 00:03:32 =    0.3/s Avg:  3630 Min:    37 Max: 129825 Err:     2 (2.74%) Active: 300 Started: 300 Finished: 0
2020-03-24 11:49:01,941 INFO o.a.j.r.Summariser: summary =    152 in 00:04:03 =    0.6/s Avg:  1773 Min:    37 Max: 129825 Err:     2 (1.32%)
2020-03-24 11:50:58,945 INFO o.a.j.t.JMeterThread: Stopping because end time detected by thread: Grupo De Hilos 1-1
2020-03-24 11:50:58,945 INFO o.a.j.t.JMeterThread: Thread finished: Grupo De Hilos 1-1
2020-03-24 11:50:58,974 INFO o.a.j.t.JMeterThread: Stopping because end time detected by thread: Grupo De Hilos 1-3
2020-03-24 11:50:58,974 INFO o.a.j.t.JMeterThread: Thread finished: Grupo De Hilos 1-3
2020-03-24 11:50:58,981 INFO o.a.j.t.JMeterThread: Stopping because end time detected by thread: Grupo De Hilos 1-11
2020-03-24 11:50:58,981 INFO o.a.j.t.JMeterThread: Thread finished: Grupo De Hilos 1-11
2020-03-24 11:50:58,997 INFO o.a.j.t.JMeterThread: Stopping because end time detected by thread: Grupo De Hilos 1-22
2020-03-24 11:50:58,997 INFO o.a.j.t.JMeterThread: Stopping because end time detected by thread: Grupo De Hilos 1-20
2020-03-24 11:50:58,997 INFO o.a.j.t.JMeterThread: Thread finished: Grupo De Hilos 1-22
2020-03-24 11:50:58,997 INFO o.a.j.t.JMeterThread: Thread finished: Grupo De Hilos 1-20
2020-03-24 11:50:58,999 INFO o.a.j.t.JMeterThread: Stopping because end time detected by thread: Grupo De Hilos 1-19
2020-03-24 11:50:58,999 INFO o.a.j.t.JMeterThread: Thread finished: Grupo De Hilos 1-19
2020-03-24 11:50:59,005 INFO o.a.j.t.JMeterThread: Stopping because end time detected by thread: Grupo De Hilos 1-5
2020-03-24 11:50:59,005 INFO o.a.j.t.JMeterThread: Thread finished: Grupo De Hilos 1-5
2020-03-24 11:50:59,014 INFO o.a.j.t.JMeterThread: Stopping because end time detected by thread: Grupo De Hilos 1-33
2020-03-24 11:50:59,014 INFO o.a.j.t.JMeterThread: Thread finished: Grupo De Hilos 1-33
2020-03-24 11:50:59,016 INFO o.a.j.t.JMeterThread: Stopping because end time detected by thread: Grupo De Hilos 1-18
2020-03-24 11:50:59,016 INFO o.a.j.t.JMeterThread: Thread finished: Grupo De Hilos 1-18
2020-03-24 11:50:59,033 INFO o.a.j.t.JMeterThread: Stopping because end time detected by thread: Grupo De Hilos 1-34
2020-03-24 11:50:59,033 INFO o.a.j.t.JMeterThread: Thread finished: Grupo De Hilos 1-34
2020-03-24 11:50:59,037 INFO o.a.j.t.JMeterThread: Stopping because end time detected by thread: Grupo De Hilos 1-48
2020-03-24 11:50:59,037 INFO o.a.j.t.JMeterThread: Thread finished: Grupo De Hilos 1-48
2020-03-24 11:50:59,049 INFO o.a.j.t.JMeterThread: Stopping because end time detected by thread: Grupo De Hilos 1-52
2020-03-24 11:50:59,049 INFO o.a.j.t.JMeterThread: Thread finished: Grupo De Hilos 1-52
2020-03-24 11:50:59,057 INFO o.a.j.t.JMeterThread: Stopping because end time detected by thread: Grupo De Hilos 1-61
2020-03-24 11:50:59,057 INFO o.a.j.t.JMeterThread: Thread finished: Grupo De Hilos 1-61
2020-03-24 11:50:59,058 INFO o.a.j.t.JMeterThread: Stopping because end time detected by thread: Grupo De Hilos 1-63
2020-03-24 11:50:59,058 INFO o.a.j.t.JMeterThread: Thread finished: Grupo De Hilos 1-63
2020-03-24 11:50:59,066 INFO o.a.j.t.JMeterThread: Stopping because end time detected by thread: Grupo De Hilos 1-71
2020-03-24 11:50:59,066 INFO o.a.j.t.JMeterThread: Thread finished: Grupo De Hilos 1-71
2020-03-24 11:50:59,081 INFO o.a.j.t.JMeterThread: Stopping because end time detected by thread: Grupo De Hilos 1-37
2020-03-24 11:50:59,081 INFO o.a.j.t.JMeterThread: Thread finished: Grupo De Hilos 1-37
2020-03-24 11:50:59,082 INFO o.a.j.t.JMeterThread: Stopping because end time detected by thread: Grupo De Hilos 1-67
2020-03-24 11:50:59,082 INFO o.a.j.t.JMeterThread: Thread finished: Grupo De Hilos 1-67
2020-03-24 11:50:59,085 INFO o.a.j.t.JMeterThread: Stopping because end time detected by thread: Grupo De Hilos 1-77
2020-03-24 11:50:59,085 INFO o.a.j.t.JMeterThread: Thread finished: Grupo De Hilos 1-77
2020-03-24 11:50:59,097 INFO o.a.j.t.JMeterThread: Stopping because end time detected by thread: Grupo De Hilos 1-78
2020-03-24 11:50:59,097 INFO o.a.j.t.JMeterThread: Thread finished: Grupo De Hilos 1-78
2020-03-24 11:50:59,117 INFO o.a.j.t.JMeterThread: Stopping because end time detected by thread: Grupo De Hilos 1-84
2020-03-24 11:50:59,117 INFO o.a.j.t.JMeterThread: Stopping because end time detected by thread: Grupo De Hilos 1-79
2020-03-24 11:50:59,117 INFO o.a.j.t.JMeterThread: Thread finished: Grupo De Hilos 1-84
2020-03-24 11:50:59,117 INFO o.a.j.t.JMeterThread: Thread finished: Grupo De Hilos 1-79
2020-03-24 11:50:59,121 INFO o.a.j.t.JMeterThread: Stopping because end time detected by thread: Grupo De Hilos 1-92
2020-03-24 11:50:59,121 INFO o.a.j.t.JMeterThread: Thread finished: Grupo De Hilos 1-92
2020-03-24 11:50:59,125 INFO o.a.j.t.JMeterThread: Stopping because end time detected by thread: Grupo De Hilos 1-88
2020-03-24 11:50:59,125 INFO o.a.j.t.JMeterThread: Thread finished: Grupo De Hilos 1-88
2020-03-24 11:50:59,145 INFO o.a.j.t.JMeterThread: Stopping because end time detected by thread: Grupo De Hilos 1-104
2020-03-24 11:50:59,157 INFO o.a.j.t.JMeterThread: Thread finished: Grupo De Hilos 1-104
2020-03-24 11:50:59,166 INFO o.a.j.t.JMeterThread: Stopping because end time detected by thread: Grupo De Hilos 1-124
2020-03-24 11:50:59,166 INFO o.a.j.t.JMeterThread: Thread finished: Grupo De Hilos 1-124
2020-03-24 11:50:59,169 INFO o.a.j.t.JMeterThread: Stopping because end time detected by thread: Grupo De Hilos 1-126
2020-03-24 11:50:59,169 INFO o.a.j.t.JMeterThread: Stopping because end time detected by thread: Grupo De Hilos 1-76
2020-03-24 11:50:59,169 INFO o.a.j.t.JMeterThread: Thread finished: Grupo De Hilos 1-126
2020-03-24 11:50:59,169 INFO o.a.j.t.JMeterThread: Thread finished: Grupo De Hilos 1-76
2020-03-24 11:50:59,170 INFO o.a.j.t.JMeterThread: Stopping because end time detected by thread: Grupo De Hilos 1-113
2020-03-24 11:50:59,170 INFO o.a.j.t.JMeterThread: Thread finished: Grupo De Hilos 1-113
2020-03-24 11:50:59,170 INFO o.a.j.t.JMeterThread: Stopping because end time detected by thread: Grupo De Hilos 1-24
2020-03-24 11:50:59,170 INFO o.a.j.t.JMeterThread: Stopping because end time detected by thread: Grupo De Hilos 1-36
2020-03-24 11:50:59,170 INFO o.a.j.t.JMeterThread: Thread finished: Grupo De Hilos 1-36
2020-03-24 11:50:59,170 INFO o.a.j.t.JMeterThread: Thread finished: Grupo De Hilos 1-24
2020-03-24 11:50:59,171 INFO o.a.j.t.JMeterThread: Stopping because end time detected by thread: Grupo De Hilos 1-106
2020-03-24 11:50:59,171 INFO o.a.j.t.JMeterThread: Thread finished: Grupo De Hilos 1-106
2020-03-24 11:50:59,171 INFO o.a.j.t.JMeterThread: Stopping because end time detected by thread: Grupo De Hilos 1-101
2020-03-24 11:50:59,171 INFO o.a.j.t.JMeterThread: Thread finished: Grupo De Hilos 1-101
2020-03-24 11:50:59,174 INFO o.a.j.t.JMeterThread: Stopping because end time detected by thread: Grupo De Hilos 1-134
2020-03-24 11:50:59,174 INFO o.a.j.t.JMeterThread: Thread finished: Grupo De Hilos 1-134
2020-03-24 11:50:59,181 INFO o.a.j.t.JMeterThread: Stopping because end time detected by thread: Grupo De Hilos 1-130
2020-03-24 11:50:59,181 INFO o.a.j.t.JMeterThread: Thread finished: Grupo De Hilos 1-130
2020-03-24 11:50:59,185 INFO o.a.j.t.JMeterThread: Stopping because end time detected by thread: Grupo De Hilos 1-115
2020-03-24 11:50:59,185 INFO o.a.j.t.JMeterThread: Stopping because end time detected by thread: Grupo De Hilos 1-137
2020-03-24 11:50:59,185 INFO o.a.j.t.JMeterThread: Stopping because end time detected by thread: Grupo De Hilos 1-89
2020-03-24 11:50:59,185 INFO o.a.j.t.JMeterThread: Thread finished: Grupo De Hilos 1-115
2020-03-24 11:50:59,185 INFO o.a.j.t.JMeterThread: Thread finished: Grupo De Hilos 1-137
2020-03-24 11:50:59,185 INFO o.a.j.t.JMeterThread: Stopping because end time detected by thread: Grupo De Hilos 1-129
2020-03-24 11:50:59,185 INFO o.a.j.t.JMeterThread: Thread finished: Grupo De Hilos 1-129
2020-03-24 11:50:59,186 INFO o.a.j.t.JMeterThread: Thread finished: Grupo De Hilos 1-89
2020-03-24 11:50:59,186 INFO o.a.j.t.JMeterThread: Stopping because end time detected by thread: Grupo De Hilos 1-56
2020-03-24 11:50:59,186 INFO o.a.j.t.JMeterThread: Stopping because end time detected by thread: Grupo De Hilos 1-15
2020-03-24 11:50:59,186 INFO o.a.j.t.JMeterThread: Stopping because end time detected by thread: Grupo De Hilos 1-141
2020-03-24 11:50:59,186 INFO o.a.j.t.JMeterThread: Thread finished: Grupo De Hilos 1-56
2020-03-24 11:50:59,186 INFO o.a.j.t.JMeterThread: Stopping because end time detected by thread: Grupo De Hilos 1-31
2020-03-24 11:50:59,186 INFO o.a.j.t.JMeterThread: Thread finished: Grupo De Hilos 1-141
2020-03-24 11:50:59,186 INFO o.a.j.t.JMeterThread: Thread finished: Grupo De Hilos 1-31
2020-03-24 11:50:59,186 INFO o.a.j.t.JMeterThread: Thread finished: Grupo De Hilos 1-15
2020-03-24 11:50:59,187 INFO o.a.j.t.JMeterThread: Stopping because end time detected by thread: Grupo De Hilos 1-148
2020-03-24 11:50:59,187 INFO o.a.j.t.JMeterThread: Thread finished: Grupo De Hilos 1-148
2020-03-24 11:50:59,188 INFO o.a.j.t.JMeterThread: Stopping because end time detected by thread: Grupo De Hilos 1-41
2020-03-24 11:50:59,188 INFO o.a.j.t.JMeterThread: Thread finished: Grupo De Hilos 1-41
2020-03-24 11:50:59,188 INFO o.a.j.t.JMeterThread: Stopping because end time detected by thread: Grupo De Hilos 1-6
2020-03-24 11:50:59,188 INFO o.a.j.t.JMeterThread: Thread finished: Grupo De Hilos 1-6
2020-03-24 11:50:59,188 INFO o.a.j.t.JMeterThread: Stopping because end time detected by thread: Grupo De Hilos 1-136
2020-03-24 11:50:59,188 INFO o.a.j.t.JMeterThread: Stopping because end time detected by thread: Grupo De Hilos 1-128
2020-03-24 11:50:59,189 INFO o.a.j.t.JMeterThread: Thread finished: Grupo De Hilos 1-128
2020-03-24 11:50:59,189 INFO o.a.j.t.JMeterThread: Stopping because end time detected by thread: Grupo De Hilos 1-44
2020-03-24 11:50:59,189 INFO o.a.j.t.JMeterThread: Thread finished: Grupo De Hilos 1-44
2020-03-24 11:50:59,189 INFO o.a.j.t.JMeterThread: Stopping because end time detected by thread: Grupo De Hilos 1-131
2020-03-24 11:50:59,188 INFO o.a.j.t.JMeterThread: Thread finished: Grupo De Hilos 1-136
2020-03-24 11:50:59,189 INFO o.a.j.t.JMeterThread: Thread finished: Grupo De Hilos 1-131
2020-03-24 11:50:59,190 INFO o.a.j.t.JMeterThread: Stopping because end time detected by thread: Grupo De Hilos 1-149
2020-03-24 11:50:59,190 INFO o.a.j.t.JMeterThread: Stopping because end time detected by thread: Grupo De Hilos 1-14
2020-03-24 11:50:59,190 INFO o.a.j.t.JMeterThread: Thread finished: Grupo De Hilos 1-149
2020-03-24 11:50:59,190 INFO o.a.j.t.JMeterThread: Thread finished: Grupo De Hilos 1-14
2020-03-24 11:50:59,190 INFO o.a.j.t.JMeterThread: Stopping because end time detected by thread: Grupo De Hilos 1-107
2020-03-24 11:50:59,190 INFO o.a.j.t.JMeterThread: Thread finished: Grupo De Hilos 1-107
2020-03-24 11:50:59,191 INFO o.a.j.t.JMeterThread: Stopping because end time detected by thread: Grupo De Hilos 1-17
2020-03-24 11:50:59,191 INFO o.a.j.t.JMeterThread: Thread finished: Grupo De Hilos 1-17
2020-03-24 11:50:59,191 INFO o.a.j.t.JMeterThread: Stopping because end time detected by thread: Grupo De Hilos 1-2
2020-03-24 11:50:59,192 INFO o.a.j.t.JMeterThread: Thread finished: Grupo De Hilos 1-2
2020-03-24 11:50:59,204 INFO o.a.j.t.JMeterThread: Stopping because end time detected by thread: Grupo De Hilos 1-152
2020-03-24 11:50:59,208 INFO o.a.j.t.JMeterThread: Thread finished: Grupo De Hilos 1-152
2020-03-24 11:50:59,209 INFO o.a.j.t.JMeterThread: Stopping because end time detected by thread: Grupo De Hilos 1-145
2020-03-24 11:50:59,209 INFO o.a.j.t.JMeterThread: Thread finished: Grupo De Hilos 1-145
2020-03-24 11:50:59,204 INFO o.a.j.t.JMeterThread: Stopping because end time detected by thread: Grupo De Hilos 1-49
2020-03-24 11:50:59,211 INFO o.a.j.t.JMeterThread: Thread finished: Grupo De Hilos 1-49
2020-03-24 11:50:59,227 INFO o.a.j.t.JMeterThread: Stopping because end time detected by thread: Grupo De Hilos 1-21
2020-03-24 11:50:59,227 INFO o.a.j.t.JMeterThread: Stopping because end time detected by thread: Grupo De Hilos 1-51
2020-03-24 11:50:59,227 INFO o.a.j.t.JMeterThread: Thread finished: Grupo De Hilos 1-21
2020-03-24 11:50:59,227 INFO o.a.j.t.JMeterThread: Stopping because end time detected by thread: Grupo De Hilos 1-80
2020-03-24 11:50:59,227 INFO o.a.j.t.JMeterThread: Stopping because end time detected by thread: Grupo De Hilos 1-103
2020-03-24 11:50:59,227 INFO o.a.j.t.JMeterThread: Thread finished: Grupo De Hilos 1-103
2020-03-24 11:50:59,228 INFO o.a.j.t.JMeterThread: Stopping because end time detected by thread: Grupo De Hilos 1-64
2020-03-24 11:50:59,228 INFO o.a.j.t.JMeterThread: Thread finished: Grupo De Hilos 1-64
2020-03-24 11:50:59,228 INFO o.a.j.t.JMeterThread: Stopping because end time detected by thread: Grupo De Hilos 1-43
2020-03-24 11:50:59,227 INFO o.a.j.t.JMeterThread: Stopping because end time detected by thread: Grupo De Hilos 1-53
2020-03-24 11:50:59,228 INFO o.a.j.t.JMeterThread: Thread finished: Grupo De Hilos 1-53
2020-03-24 11:50:59,228 INFO o.a.j.t.JMeterThread: Stopping because end time detected by thread: Grupo De Hilos 1-98
2020-03-24 11:50:59,228 INFO o.a.j.t.JMeterThread: Thread finished: Grupo De Hilos 1-98
2020-03-24 11:50:59,233 INFO o.a.j.t.JMeterThread: Stopping because end time detected by thread: Grupo De Hilos 1-85
2020-03-24 11:50:59,233 INFO o.a.j.t.JMeterThread: Thread finished: Grupo De Hilos 1-85
2020-03-24 11:50:59,234 INFO o.a.j.t.JMeterThread: Thread finished: Grupo De Hilos 1-51
2020-03-24 11:50:59,234 INFO o.a.j.t.JMeterThread: Thread finished: Grupo De Hilos 1-43
2020-03-24 11:50:59,234 INFO o.a.j.t.JMeterThread: Thread finished: Grupo De Hilos 1-80
2020-03-24 11:50:59,237 INFO o.a.j.t.JMeterThread: Stopping because end time detected by thread: Grupo De Hilos 1-73
2020-03-24 11:50:59,237 INFO o.a.j.t.JMeterThread: Thread finished: Grupo De Hilos 1-73
2020-03-24 11:50:59,241 INFO o.a.j.t.JMeterThread: Stopping because end time detected by thread: Grupo De Hilos 1-100
2020-03-24 11:50:59,241 INFO o.a.j.t.JMeterThread: Stopping because end time detected by thread: Grupo De Hilos 1-121
2020-03-24 11:50:59,241 INFO o.a.j.t.JMeterThread: Thread finished: Grupo De Hilos 1-100
2020-03-24 11:50:59,241 INFO o.a.j.t.JMeterThread: Stopping because end time detected by thread: Grupo De Hilos 1-7
2020-03-24 11:50:59,241 INFO o.a.j.t.JMeterThread: Thread finished: Grupo De Hilos 1-7
2020-03-24 11:50:59,241 INFO o.a.j.t.JMeterThread: Thread finished: Grupo De Hilos 1-121
2020-03-24 11:50:59,241 INFO o.a.j.t.JMeterThread: Stopping because end time detected by thread: Grupo De Hilos 1-50
2020-03-24 11:50:59,242 INFO o.a.j.t.JMeterThread: Thread finished: Grupo De Hilos 1-50
2020-03-24 11:50:59,242 INFO o.a.j.t.JMeterThread: Stopping because end time detected by thread: Grupo De Hilos 1-185
2020-03-24 11:50:59,242 INFO o.a.j.t.JMeterThread: Stopping because end time detected by thread: Grupo De Hilos 1-184
2020-03-24 11:50:59,242 INFO o.a.j.t.JMeterThread: Thread finished: Grupo De Hilos 1-185
2020-03-24 11:50:59,242 INFO o.a.j.t.JMeterThread: Thread finished: Grupo De Hilos 1-184
2020-03-24 11:50:59,243 INFO o.a.j.t.JMeterThread: Stopping because end time detected by thread: Grupo De Hilos 1-143
2020-03-24 11:50:59,243 INFO o.a.j.t.JMeterThread: Thread finished: Grupo De Hilos 1-143
2020-03-24 11:50:59,243 INFO o.a.j.t.JMeterThread: Stopping because end time detected by thread: Grupo De Hilos 1-97
2020-03-24 11:50:59,244 INFO o.a.j.t.JMeterThread: Stopping because end time detected by thread: Grupo De Hilos 1-57
2020-03-24 11:50:59,287 INFO o.a.j.t.JMeterThread: Stopping because end time detected by thread: Grupo De Hilos 1-146
2020-03-24 11:50:59,287 INFO o.a.j.t.JMeterThread: Stopping because end time detected by thread: Grupo De Hilos 1-102
2020-03-24 11:50:59,287 INFO o.a.j.t.JMeterThread: Thread finished: Grupo De Hilos 1-102
2020-03-24 11:50:59,287 INFO o.a.j.t.JMeterThread: Thread finished: Grupo De Hilos 1-57
2020-03-24 11:50:59,244 INFO o.a.j.t.JMeterThread: Stopping because end time detected by thread: Grupo De Hilos 1-176
2020-03-24 11:50:59,287 INFO o.a.j.t.JMeterThread: Stopping because end time detected by thread: Grupo De Hilos 1-66
2020-03-24 11:50:59,288 INFO o.a.j.t.JMeterThread: Thread finished: Grupo De Hilos 1-66
2020-03-24 11:50:59,288 INFO o.a.j.t.JMeterThread: Thread finished: Grupo De Hilos 1-176
2020-03-24 11:50:59,289 INFO o.a.j.t.JMeterThread: Stopping because end time detected by thread: Grupo De Hilos 1-108
2020-03-24 11:50:59,287 INFO o.a.j.t.JMeterThread: Stopping because end time detected by thread: Grupo De Hilos 1-127
2020-03-24 11:50:59,289 INFO o.a.j.t.JMeterThread: Thread finished: Grupo De Hilos 1-146
2020-03-24 11:50:59,289 INFO o.a.j.t.JMeterThread: Thread finished: Grupo De Hilos 1-127
2020-03-24 11:50:59,289 INFO o.a.j.t.JMeterThread: Stopping because end time detected by thread: Grupo De Hilos 1-95
2020-03-24 11:50:59,289 INFO o.a.j.t.JMeterThread: Thread finished: Grupo De Hilos 1-95
2020-03-24 11:50:59,244 INFO o.a.j.t.JMeterThread: Stopping because end time detected by thread: Grupo De Hilos 1-174
2020-03-24 11:50:59,289 INFO o.a.j.t.JMeterThread: Thread finished: Grupo De Hilos 1-174
2020-03-24 11:50:59,290 INFO o.a.j.t.JMeterThread: Stopping because end time detected by thread: Grupo De Hilos 1-117
2020-03-24 11:50:59,290 INFO o.a.j.t.JMeterThread: Thread finished: Grupo De Hilos 1-117
2020-03-24 11:50:59,290 INFO o.a.j.t.JMeterThread: Stopping because end time detected by thread: Grupo De Hilos 1-70
2020-03-24 11:50:59,290 INFO o.a.j.t.JMeterThread: Stopping because end time detected by thread: Grupo De Hilos 1-75
2020-03-24 11:50:59,286 INFO o.a.j.t.JMeterThread: Stopping because end time detected by thread: Grupo De Hilos 1-112
2020-03-24 11:50:59,290 INFO o.a.j.t.JMeterThread: Thread finished: Grupo De Hilos 1-75
2020-03-24 11:50:59,290 INFO o.a.j.t.JMeterThread: Stopping because end time detected by thread: Grupo De Hilos 1-46
2020-03-24 11:50:59,290 INFO o.a.j.t.JMeterThread: Stopping because end time detected by thread: Grupo De Hilos 1-8
2020-03-24 11:50:59,286 INFO o.a.j.t.JMeterThread: Stopping because end time detected by thread: Grupo De Hilos 1-90
2020-03-24 11:50:59,290 INFO o.a.j.t.JMeterThread: Stopping because end time detected by thread: Grupo De Hilos 1-59
2020-03-24 11:50:59,291 INFO o.a.j.t.JMeterThread: Thread finished: Grupo De Hilos 1-90
2020-03-24 11:50:59,291 INFO o.a.j.t.JMeterThread: Thread finished: Grupo De Hilos 1-59
2020-03-24 11:50:59,291 INFO o.a.j.t.JMeterThread: Stopping because end time detected by thread: Grupo De Hilos 1-28
2020-03-24 11:50:59,286 INFO o.a.j.t.JMeterThread: Stopping because end time detected by thread: Grupo De Hilos 1-111
2020-03-24 11:50:59,291 INFO o.a.j.t.JMeterThread: Stopping because end time detected by thread: Grupo De Hilos 1-120
2020-03-24 11:50:59,291 INFO o.a.j.t.JMeterThread: Thread finished: Grupo De Hilos 1-28
2020-03-24 11:50:59,291 INFO o.a.j.t.JMeterThread: Thread finished: Grupo De Hilos 1-111
2020-03-24 11:50:59,291 INFO o.a.j.t.JMeterThread: Stopping because end time detected by thread: Grupo De Hilos 1-30
2020-03-24 11:50:59,291 INFO o.a.j.t.JMeterThread: Thread finished: Grupo De Hilos 1-30
2020-03-24 11:50:59,286 INFO o.a.j.t.JMeterThread: Stopping because end time detected by thread: Grupo De Hilos 1-81
2020-03-24 11:50:59,286 INFO o.a.j.t.JMeterThread: Stopping because end time detected by thread: Grupo De Hilos 1-93
2020-03-24 11:50:59,291 INFO o.a.j.t.JMeterThread: Thread finished: Grupo De Hilos 1-81
2020-03-24 11:50:59,291 INFO o.a.j.t.JMeterThread: Stopping because end time detected by thread: Grupo De Hilos 1-23
2020-03-24 11:50:59,286 INFO o.a.j.t.JMeterThread: Stopping because end time detected by thread: Grupo De Hilos 1-74
2020-03-24 11:50:59,292 INFO o.a.j.t.JMeterThread: Thread finished: Grupo De Hilos 1-23
2020-03-24 11:50:59,292 INFO o.a.j.t.JMeterThread: Thread finished: Grupo De Hilos 1-74
2020-03-24 11:50:59,286 INFO o.a.j.t.JMeterThread: Stopping because end time detected by thread: Grupo De Hilos 1-172
2020-03-24 11:50:59,292 INFO o.a.j.t.JMeterThread: Stopping because end time detected by thread: Grupo De Hilos 1-29
2020-03-24 11:50:59,286 INFO o.a.j.t.JMeterThread: Stopping because end time detected by thread: Grupo De Hilos 1-182
2020-03-24 11:50:59,292 INFO o.a.j.t.JMeterThread: Thread finished: Grupo De Hilos 1-172
2020-03-24 11:50:59,292 INFO o.a.j.t.JMeterThread: Stopping because end time detected by thread: Grupo De Hilos 1-110
2020-03-24 11:50:59,292 INFO o.a.j.t.JMeterThread: Thread finished: Grupo De Hilos 1-182
2020-03-24 11:50:59,292 INFO o.a.j.t.JMeterThread: Stopping because end time detected by thread: Grupo De Hilos 1-62
2020-03-24 11:50:59,292 INFO o.a.j.t.JMeterThread: Thread finished: Grupo De Hilos 1-110
2020-03-24 11:50:59,292 INFO o.a.j.t.JMeterThread: Thread finished: Grupo De Hilos 1-62
2020-03-24 11:50:59,293 INFO o.a.j.t.JMeterThread: Stopping because end time detected by thread: Grupo De Hilos 1-82
2020-03-24 11:50:59,286 INFO o.a.j.t.JMeterThread: Stopping because end time detected by thread: Grupo De Hilos 1-13
2020-03-24 11:50:59,293 INFO o.a.j.t.JMeterThread: Thread finished: Grupo De Hilos 1-82
2020-03-24 11:50:59,293 INFO o.a.j.t.JMeterThread: Thread finished: Grupo De Hilos 1-13
2020-03-24 11:50:59,293 INFO o.a.j.t.JMeterThread: Stopping because end time detected by thread: Grupo De Hilos 1-119
2020-03-24 11:50:59,293 INFO o.a.j.t.JMeterThread: Thread finished: Grupo De Hilos 1-119
2020-03-24 11:50:59,293 INFO o.a.j.t.JMeterThread: Stopping because end time detected by thread: Grupo De Hilos 1-55
2020-03-24 11:50:59,294 INFO o.a.j.t.JMeterThread: Thread finished: Grupo De Hilos 1-55
2020-03-24 11:50:59,245 INFO o.a.j.t.JMeterThread: Stopping because end time detected by thread: Grupo De Hilos 1-188
2020-03-24 11:50:59,244 INFO o.a.j.t.JMeterThread: Stopping because end time detected by thread: Grupo De Hilos 1-187
2020-03-24 11:50:59,245 INFO o.a.j.t.JMeterThread: Stopping because end time detected by thread: Grupo De Hilos 1-168
2020-03-24 11:50:59,245 INFO o.a.j.t.JMeterThread: Stopping because end time detected by thread: Grupo De Hilos 1-175
2020-03-24 11:50:59,285 INFO o.a.j.t.JMeterThread: Stopping because end time detected by thread: Grupo De Hilos 1-116
2020-03-24 11:50:59,294 INFO o.a.j.t.JMeterThread: Thread finished: Grupo De Hilos 1-175
2020-03-24 11:50:59,295 INFO o.a.j.t.JMeterThread: Thread finished: Grupo De Hilos 1-116
2020-03-24 11:50:59,295 INFO o.a.j.t.JMeterThread: Stopping because end time detected by thread: Grupo De Hilos 1-58
2020-03-24 11:50:59,295 INFO o.a.j.t.JMeterThread: Stopping because end time detected by thread: Grupo De Hilos 1-105
2020-03-24 11:50:59,285 INFO o.a.j.t.JMeterThread: Stopping because end time detected by thread: Grupo De Hilos 1-173
2020-03-24 11:50:59,285 INFO o.a.j.t.JMeterThread: Stopping because end time detected by thread: Grupo De Hilos 1-180
2020-03-24 11:50:59,245 INFO o.a.j.t.JMeterThread: Stopping because end time detected by thread: Grupo De Hilos 1-165
2020-03-24 11:50:59,285 INFO o.a.j.t.JMeterThread: Stopping because end time detected by thread: Grupo De Hilos 1-40
2020-03-24 11:50:59,249 INFO o.a.j.t.JMeterThread: Stopping because end time detected by thread: Grupo De Hilos 1-139
2020-03-24 11:50:59,295 INFO o.a.j.t.JMeterThread: Thread finished: Grupo De Hilos 1-180
2020-03-24 11:50:59,295 INFO o.a.j.t.JMeterThread: Thread finished: Grupo De Hilos 1-40
2020-03-24 11:50:59,295 INFO o.a.j.t.JMeterThread: Thread finished: Grupo De Hilos 1-139
2020-03-24 11:50:59,285 INFO o.a.j.t.JMeterThread: Stopping because end time detected by thread: Grupo De Hilos 1-86
2020-03-24 11:50:59,296 INFO o.a.j.t.JMeterThread: Stopping because end time detected by thread: Grupo De Hilos 1-69
2020-03-24 11:50:59,285 INFO o.a.j.t.JMeterThread: Stopping because end time detected by thread: Grupo De Hilos 1-99
2020-03-24 11:50:59,285 INFO o.a.j.t.JMeterThread: Stopping because end time detected by thread: Grupo De Hilos 1-35
2020-03-24 11:50:59,296 INFO o.a.j.t.JMeterThread: Thread finished: Grupo De Hilos 1-86
2020-03-24 11:50:59,249 INFO o.a.j.t.JMeterThread: Stopping because end time detected by thread: Grupo De Hilos 1-155
2020-03-24 11:50:59,295 INFO o.a.j.t.JMeterThread: Thread finished: Grupo De Hilos 1-165
2020-03-24 11:50:59,296 INFO o.a.j.t.JMeterThread: Thread finished: Grupo De Hilos 1-155
2020-03-24 11:50:59,295 INFO o.a.j.t.JMeterThread: Thread finished: Grupo De Hilos 1-173
2020-03-24 11:50:59,249 INFO o.a.j.t.JMeterThread: Stopping because end time detected by thread: Grupo De Hilos 1-161
2020-03-24 11:50:59,296 INFO o.a.j.t.JMeterThread: Thread finished: Grupo De Hilos 1-105
2020-03-24 11:50:59,296 INFO o.a.j.t.JMeterThread: Thread finished: Grupo De Hilos 1-161
2020-03-24 11:50:59,285 INFO o.a.j.t.JMeterThread: Stopping because end time detected by thread: Grupo De Hilos 1-38
2020-03-24 11:50:59,297 INFO o.a.j.t.JMeterThread: Stopping because end time detected by thread: Grupo De Hilos 1-39
2020-03-24 11:50:59,297 INFO o.a.j.t.JMeterThread: Thread finished: Grupo De Hilos 1-38
2020-03-24 11:50:59,297 INFO o.a.j.t.JMeterThread: Thread finished: Grupo De Hilos 1-39
2020-03-24 11:50:59,285 INFO o.a.j.t.JMeterThread: Stopping because end time detected by thread: Grupo De Hilos 1-114
2020-03-24 11:50:59,285 INFO o.a.j.t.JMeterThread: Stopping because end time detected by thread: Grupo De Hilos 1-12
2020-03-24 11:50:59,294 INFO o.a.j.t.JMeterThread: Thread finished: Grupo De Hilos 1-187
2020-03-24 11:50:59,297 INFO o.a.j.t.JMeterThread: Thread finished: Grupo De Hilos 1-114
2020-03-24 11:50:59,297 INFO o.a.j.t.JMeterThread: Thread finished: Grupo De Hilos 1-12
2020-03-24 11:50:59,294 INFO o.a.j.t.JMeterThread: Stopping because end time detected by thread: Grupo De Hilos 1-147
2020-03-24 11:50:59,294 INFO o.a.j.t.JMeterThread: Thread finished: Grupo De Hilos 1-168
2020-03-24 11:50:59,285 INFO o.a.j.t.JMeterThread: Stopping because end time detected by thread: Grupo De Hilos 1-122
2020-03-24 11:50:59,298 INFO o.a.j.t.JMeterThread: Thread finished: Grupo De Hilos 1-147
2020-03-24 11:50:59,294 INFO o.a.j.t.JMeterThread: Thread finished: Grupo De Hilos 1-188
2020-03-24 11:50:59,298 INFO o.a.j.t.JMeterThread: Thread finished: Grupo De Hilos 1-122
2020-03-24 11:50:59,249 INFO o.a.j.t.JMeterThread: Stopping because end time detected by thread: Grupo De Hilos 1-138
2020-03-24 11:50:59,298 INFO o.a.j.t.JMeterThread: Thread finished: Grupo De Hilos 1-138
2020-03-24 11:50:59,249 INFO o.a.j.t.JMeterThread: Stopping because end time detected by thread: Grupo De Hilos 1-163
2020-03-24 11:50:59,284 INFO o.a.j.t.JMeterThread: Stopping because end time detected by thread: Grupo De Hilos 1-83
2020-03-24 11:50:59,299 INFO o.a.j.t.JMeterThread: Stopping because end time detected by thread: Grupo De Hilos 1-68
2020-03-24 11:50:59,294 INFO o.a.j.t.JMeterThread: Stopping because end time detected by thread: Grupo De Hilos 1-135
2020-03-24 11:50:59,299 INFO o.a.j.t.JMeterThread: Thread finished: Grupo De Hilos 1-83
2020-03-24 11:50:59,294 INFO o.a.j.t.JMeterThread: Stopping because end time detected by thread: Grupo De Hilos 1-140
2020-03-24 11:50:59,299 INFO o.a.j.t.JMeterThread: Thread finished: Grupo De Hilos 1-140
2020-03-24 11:50:59,284 INFO o.a.j.t.JMeterThread: Stopping because end time detected by thread: Grupo De Hilos 1-47
2020-03-24 11:50:59,299 INFO o.a.j.t.JMeterThread: Thread finished: Grupo De Hilos 1-47
2020-03-24 11:50:59,294 INFO o.a.j.t.JMeterThread: Stopping because end time detected by thread: Grupo De Hilos 1-94
2020-03-24 11:50:59,299 INFO o.a.j.t.JMeterThread: Thread finished: Grupo De Hilos 1-94
2020-03-24 11:50:59,251 INFO o.a.j.t.JMeterThread: Stopping because end time detected by thread: Grupo De Hilos 1-192
2020-03-24 11:50:59,300 INFO o.a.j.t.JMeterThread: Thread finished: Grupo De Hilos 1-192
2020-03-24 11:50:59,294 INFO o.a.j.t.JMeterThread: Stopping because end time detected by thread: Grupo De Hilos 1-65
2020-03-24 11:50:59,284 INFO o.a.j.t.JMeterThread: Stopping because end time detected by thread: Grupo De Hilos 1-45
2020-03-24 11:50:59,300 INFO o.a.j.t.JMeterThread: Thread finished: Grupo De Hilos 1-65
2020-03-24 11:50:59,300 INFO o.a.j.t.JMeterThread: Thread finished: Grupo De Hilos 1-45
2020-03-24 11:50:59,294 INFO o.a.j.t.JMeterThread: Stopping because end time detected by thread: Grupo De Hilos 1-16
2020-03-24 11:50:59,284 INFO o.a.j.t.JMeterThread: Stopping because end time detected by thread: Grupo De Hilos 1-87
2020-03-24 11:50:59,300 INFO o.a.j.t.JMeterThread: Thread finished: Grupo De Hilos 1-16
2020-03-24 11:50:59,301 INFO o.a.j.t.JMeterThread: Thread finished: Grupo De Hilos 1-87
2020-03-24 11:50:59,284 INFO o.a.j.t.JMeterThread: Stopping because end time detected by thread: Grupo De Hilos 1-72
2020-03-24 11:50:59,301 INFO o.a.j.t.JMeterThread: Thread finished: Grupo De Hilos 1-72
2020-03-24 11:50:59,301 INFO o.a.j.t.JMeterThread: Stopping because end time detected by thread: Grupo De Hilos 1-42
2020-03-24 11:50:59,301 INFO o.a.j.t.JMeterThread: Thread finished: Grupo De Hilos 1-42
2020-03-24 11:50:59,284 INFO o.a.j.t.JMeterThread: Stopping because end time detected by thread: Grupo De Hilos 1-142
2020-03-24 11:50:59,302 INFO o.a.j.t.JMeterThread: Thread finished: Grupo De Hilos 1-142
2020-03-24 11:50:59,284 INFO o.a.j.t.JMeterThread: Stopping because end time detected by thread: Grupo De Hilos 1-25
2020-03-24 11:50:59,302 INFO o.a.j.t.JMeterThread: Thread finished: Grupo De Hilos 1-25
2020-03-24 11:50:59,284 INFO o.a.j.t.JMeterThread: Stopping because end time detected by thread: Grupo De Hilos 1-133
2020-03-24 11:50:59,284 INFO o.a.j.t.JMeterThread: Stopping because end time detected by thread: Grupo De Hilos 1-91
2020-03-24 11:50:59,303 INFO o.a.j.t.JMeterThread: Thread finished: Grupo De Hilos 1-133
2020-03-24 11:50:59,303 INFO o.a.j.t.JMeterThread: Thread finished: Grupo De Hilos 1-91
2020-03-24 11:50:59,253 INFO o.a.j.t.JMeterThread: Stopping because end time detected by thread: Grupo De Hilos 1-189
2020-03-24 11:50:59,303 INFO o.a.j.t.JMeterThread: Thread finished: Grupo De Hilos 1-189
2020-03-24 11:50:59,284 INFO o.a.j.t.JMeterThread: Stopping because end time detected by thread: Grupo De Hilos 1-123
2020-03-24 11:50:59,284 INFO o.a.j.t.JMeterThread: Stopping because end time detected by thread: Grupo De Hilos 1-132
2020-03-24 11:50:59,253 INFO o.a.j.t.JMeterThread: Stopping because end time detected by thread: Grupo De Hilos 1-179
2020-03-24 11:50:59,304 INFO o.a.j.t.JMeterThread: Thread finished: Grupo De Hilos 1-132
2020-03-24 11:50:59,304 INFO o.a.j.t.JMeterThread: Thread finished: Grupo De Hilos 1-179
2020-03-24 11:50:59,253 INFO o.a.j.t.JMeterThread: Stopping because end time detected by thread: Grupo De Hilos 1-190
2020-03-24 11:50:59,283 INFO o.a.j.t.JMeterThread: Stopping because end time detected by thread: Grupo De Hilos 1-96
2020-03-24 11:50:59,283 INFO o.a.j.t.JMeterThread: Stopping because end time detected by thread: Grupo De Hilos 1-10
2020-03-24 11:50:59,305 INFO o.a.j.t.JMeterThread: Thread finished: Grupo De Hilos 1-96
2020-03-24 11:50:59,253 INFO o.a.j.t.JMeterThread: Stopping because end time detected by thread: Grupo De Hilos 1-186
2020-03-24 11:50:59,305 INFO o.a.j.t.JMeterThread: Thread finished: Grupo De Hilos 1-10
2020-03-24 11:50:59,305 INFO o.a.j.t.JMeterThread: Thread finished: Grupo De Hilos 1-186
2020-03-24 11:50:59,283 INFO o.a.j.t.JMeterThread: Stopping because end time detected by thread: Grupo De Hilos 1-9
2020-03-24 11:50:59,305 INFO o.a.j.t.JMeterThread: Thread finished: Grupo De Hilos 1-9
2020-03-24 11:50:59,283 INFO o.a.j.t.JMeterThread: Stopping because end time detected by thread: Grupo De Hilos 1-32
2020-03-24 11:50:59,305 INFO o.a.j.t.JMeterThread: Thread finished: Grupo De Hilos 1-32
2020-03-24 11:50:59,283 INFO o.a.j.t.JMeterThread: Stopping because end time detected by thread: Grupo De Hilos 1-125
2020-03-24 11:50:59,283 INFO o.a.j.t.JMeterThread: Stopping because end time detected by thread: Grupo De Hilos 1-26
2020-03-24 11:50:59,306 INFO o.a.j.t.JMeterThread: Thread finished: Grupo De Hilos 1-125
2020-03-24 11:50:59,306 INFO o.a.j.t.JMeterThread: Thread finished: Grupo De Hilos 1-26
2020-03-24 11:50:59,307 INFO o.a.j.t.JMeterThread: Thread finished: Grupo De Hilos 1-123
2020-03-24 11:50:59,308 INFO o.a.j.t.JMeterThread: Stopping because end time detected by thread: Grupo De Hilos 1-216
2020-03-24 11:50:59,308 INFO o.a.j.t.JMeterThread: Stopping because end time detected by thread: Grupo De Hilos 1-215
2020-03-24 11:50:59,308 INFO o.a.j.t.JMeterThread: Thread finished: Grupo De Hilos 1-216
2020-03-24 11:50:59,308 INFO o.a.j.t.JMeterThread: Thread finished: Grupo De Hilos 1-215
2020-03-24 11:50:59,283 INFO o.a.j.t.JMeterThread: Stopping because end time detected by thread: Grupo De Hilos 1-157
2020-03-24 11:50:59,309 INFO o.a.j.t.JMeterThread: Thread finished: Grupo De Hilos 1-157
2020-03-24 11:50:59,283 INFO o.a.j.t.JMeterThread: Stopping because end time detected by thread: Grupo De Hilos 1-171
2020-03-24 11:50:59,309 INFO o.a.j.t.JMeterThread: Thread finished: Grupo De Hilos 1-171
2020-03-24 11:50:59,283 INFO o.a.j.t.JMeterThread: Stopping because end time detected by thread: Grupo De Hilos 1-156
2020-03-24 11:50:59,282 INFO o.a.j.t.JMeterThread: Stopping because end time detected by thread: Grupo De Hilos 1-213
2020-03-24 11:50:59,310 INFO o.a.j.t.JMeterThread: Thread finished: Grupo De Hilos 1-156
2020-03-24 11:50:59,253 INFO o.a.j.t.JMeterThread: Stopping because end time detected by thread: Grupo De Hilos 1-181
2020-03-24 11:50:59,310 INFO o.a.j.t.JMeterThread: Thread finished: Grupo De Hilos 1-213
2020-03-24 11:50:59,282 INFO o.a.j.t.JMeterThread: Stopping because end time detected by thread: Grupo De Hilos 1-170
2020-03-24 11:50:59,310 INFO o.a.j.t.JMeterThread: Thread finished: Grupo De Hilos 1-181
2020-03-24 11:50:59,310 INFO o.a.j.t.JMeterThread: Thread finished: Grupo De Hilos 1-170
2020-03-24 11:50:59,282 INFO o.a.j.t.JMeterThread: Stopping because end time detected by thread: Grupo De Hilos 1-158
2020-03-24 11:50:59,311 INFO o.a.j.t.JMeterThread: Thread finished: Grupo De Hilos 1-158
2020-03-24 11:50:59,282 INFO o.a.j.t.JMeterThread: Stopping because end time detected by thread: Grupo De Hilos 1-205
2020-03-24 11:50:59,311 INFO o.a.j.t.JMeterThread: Stopping because end time detected by thread: Grupo De Hilos 1-218
2020-03-24 11:50:59,269 INFO o.a.j.t.JMeterThread: Stopping because end time detected by thread: Grupo De Hilos 1-191
2020-03-24 11:50:59,311 INFO o.a.j.t.JMeterThread: Thread finished: Grupo De Hilos 1-218
2020-03-24 11:50:59,311 INFO o.a.j.t.JMeterThread: Thread finished: Grupo De Hilos 1-191
2020-03-24 11:50:59,261 INFO o.a.j.t.JMeterThread: Stopping because end time detected by thread: Grupo De Hilos 1-197
2020-03-24 11:50:59,282 INFO o.a.j.t.JMeterThread: Stopping because end time detected by thread: Grupo De Hilos 1-166
2020-03-24 11:50:59,312 INFO o.a.j.t.JMeterThread: Thread finished: Grupo De Hilos 1-197
2020-03-24 11:50:59,282 INFO o.a.j.t.JMeterThread: Stopping because end time detected by thread: Grupo De Hilos 1-159
2020-03-24 11:50:59,312 INFO o.a.j.t.JMeterThread: Thread finished: Grupo De Hilos 1-159
2020-03-24 11:50:59,269 INFO o.a.j.t.JMeterThread: Stopping because end time detected by thread: Grupo De Hilos 1-203
2020-03-24 11:50:59,269 INFO o.a.j.t.JMeterThread: Stopping because end time detected by thread: Grupo De Hilos 1-195
2020-03-24 11:50:59,270 INFO o.a.j.t.JMeterThread: Stopping because end time detected by thread: Grupo De Hilos 1-204
2020-03-24 11:50:59,270 INFO o.a.j.t.JMeterThread: Stopping because end time detected by thread: Grupo De Hilos 1-177
2020-03-24 11:50:59,313 INFO o.a.j.t.JMeterThread: Thread finished: Grupo De Hilos 1-195
2020-03-24 11:50:59,313 INFO o.a.j.t.JMeterThread: Thread finished: Grupo De Hilos 1-177
2020-03-24 11:50:59,282 INFO o.a.j.t.JMeterThread: Stopping because end time detected by thread: Grupo De Hilos 1-153
2020-03-24 11:50:59,274 INFO o.a.j.t.JMeterThread: Stopping because end time detected by thread: Grupo De Hilos 1-207
2020-03-24 11:50:59,313 INFO o.a.j.t.JMeterThread: Thread finished: Grupo De Hilos 1-153
2020-03-24 11:50:59,313 INFO o.a.j.t.JMeterThread: Thread finished: Grupo De Hilos 1-203
2020-03-24 11:50:59,313 INFO o.a.j.t.JMeterThread: Thread finished: Grupo De Hilos 1-207
2020-03-24 11:50:59,314 INFO o.a.j.t.JMeterThread: Thread finished: Grupo De Hilos 1-204
2020-03-24 11:50:59,273 INFO o.a.j.t.JMeterThread: Stopping because end time detected by thread: Grupo De Hilos 1-206
2020-03-24 11:50:59,273 INFO o.a.j.t.JMeterThread: Stopping because end time detected by thread: Grupo De Hilos 1-178
2020-03-24 11:50:59,314 INFO o.a.j.t.JMeterThread: Thread finished: Grupo De Hilos 1-178
2020-03-24 11:50:59,282 INFO o.a.j.t.JMeterThread: Stopping because end time detected by thread: Grupo De Hilos 1-167
2020-03-24 11:50:59,315 INFO o.a.j.t.JMeterThread: Thread finished: Grupo De Hilos 1-167
2020-03-24 11:50:59,315 INFO o.a.j.t.JMeterThread: Stopping because end time detected by thread: Grupo De Hilos 1-221
2020-03-24 11:50:59,315 INFO o.a.j.t.JMeterThread: Thread finished: Grupo De Hilos 1-221
2020-03-24 11:50:59,282 INFO o.a.j.t.JMeterThread: Stopping because end time detected by thread: Grupo De Hilos 1-164
2020-03-24 11:50:59,282 INFO o.a.j.t.JMeterThread: Stopping because end time detected by thread: Grupo De Hilos 1-212
2020-03-24 11:50:59,315 INFO o.a.j.t.JMeterThread: Thread finished: Grupo De Hilos 1-212
2020-03-24 11:50:59,315 INFO o.a.j.t.JMeterThread: Thread finished: Grupo De Hilos 1-164
2020-03-24 11:50:59,282 INFO o.a.j.t.JMeterThread: Stopping because end time detected by thread: Grupo De Hilos 1-160
2020-03-24 11:50:59,282 INFO o.a.j.t.JMeterThread: Stopping because end time detected by thread: Grupo De Hilos 1-214
2020-03-24 11:50:59,316 INFO o.a.j.t.JMeterThread: Thread finished: Grupo De Hilos 1-214
2020-03-24 11:50:59,282 INFO o.a.j.t.JMeterThread: Stopping because end time detected by thread: Grupo De Hilos 1-169
2020-03-24 11:50:59,282 INFO o.a.j.t.JMeterThread: Stopping because end time detected by thread: Grupo De Hilos 1-201
2020-03-24 11:50:59,317 INFO o.a.j.t.JMeterThread: Thread finished: Grupo De Hilos 1-169
2020-03-24 11:50:59,317 INFO o.a.j.t.JMeterThread: Thread finished: Grupo De Hilos 1-201
2020-03-24 11:50:59,317 INFO o.a.j.t.JMeterThread: Stopping because end time detected by thread: Grupo De Hilos 1-220
2020-03-24 11:50:59,318 INFO o.a.j.t.JMeterThread: Thread finished: Grupo De Hilos 1-220
2020-03-24 11:50:59,281 INFO o.a.j.t.JMeterThread: Stopping because end time detected by thread: Grupo De Hilos 1-150
2020-03-24 11:50:59,281 INFO o.a.j.t.JMeterThread: Stopping because end time detected by thread: Grupo De Hilos 1-162
2020-03-24 11:50:59,318 INFO o.a.j.t.JMeterThread: Thread finished: Grupo De Hilos 1-150
2020-03-24 11:50:59,318 INFO o.a.j.t.JMeterThread: Thread finished: Grupo De Hilos 1-162
2020-03-24 11:50:59,318 INFO o.a.j.t.JMeterThread: Stopping because end time detected by thread: Grupo De Hilos 1-217
2020-03-24 11:50:59,319 INFO o.a.j.t.JMeterThread: Thread finished: Grupo De Hilos 1-217
2020-03-24 11:50:59,281 INFO o.a.j.t.JMeterThread: Stopping because end time detected by thread: Grupo De Hilos 1-202
2020-03-24 11:50:59,319 INFO o.a.j.t.JMeterThread: Thread finished: Grupo De Hilos 1-202
2020-03-24 11:50:59,281 INFO o.a.j.t.JMeterThread: Stopping because end time detected by thread: Grupo De Hilos 1-210
2020-03-24 11:50:59,319 INFO o.a.j.t.JMeterThread: Thread finished: Grupo De Hilos 1-210
2020-03-24 11:50:59,321 INFO o.a.j.t.JMeterThread: Stopping because end time detected by thread: Grupo De Hilos 1-231
2020-03-24 11:50:59,321 INFO o.a.j.t.JMeterThread: Thread finished: Grupo De Hilos 1-231
2020-03-24 11:50:59,323 INFO o.a.j.t.JMeterThread: Stopping because end time detected by thread: Grupo De Hilos 1-219
2020-03-24 11:50:59,323 INFO o.a.j.t.JMeterThread: Stopping because end time detected by thread: Grupo De Hilos 1-232
2020-03-24 11:50:59,323 INFO o.a.j.t.JMeterThread: Thread finished: Grupo De Hilos 1-232
2020-03-24 11:50:59,325 INFO o.a.j.t.JMeterThread: Stopping because end time detected by thread: Grupo De Hilos 1-226
2020-03-24 11:50:59,325 INFO o.a.j.t.JMeterThread: Thread finished: Grupo De Hilos 1-226
2020-03-24 11:50:59,326 INFO o.a.j.t.JMeterThread: Stopping because end time detected by thread: Grupo De Hilos 1-225
2020-03-24 11:50:59,326 INFO o.a.j.t.JMeterThread: Thread finished: Grupo De Hilos 1-225
2020-03-24 11:50:59,281 INFO o.a.j.t.JMeterThread: Stopping because end time detected by thread: Grupo De Hilos 1-151
2020-03-24 11:50:59,281 INFO o.a.j.t.JMeterThread: Stopping because end time detected by thread: Grupo De Hilos 1-199
2020-03-24 11:50:59,327 INFO o.a.j.t.JMeterThread: Thread finished: Grupo De Hilos 1-151
2020-03-24 11:50:59,327 INFO o.a.j.t.JMeterThread: Thread finished: Grupo De Hilos 1-199
2020-03-24 11:50:59,327 INFO o.a.j.t.JMeterThread: Stopping because end time detected by thread: Grupo De Hilos 1-244
2020-03-24 11:50:59,327 INFO o.a.j.t.JMeterThread: Stopping because end time detected by thread: Grupo De Hilos 1-242
2020-03-24 11:50:59,327 INFO o.a.j.t.JMeterThread: Thread finished: Grupo De Hilos 1-242
2020-03-24 11:50:59,327 INFO o.a.j.t.JMeterThread: Thread finished: Grupo De Hilos 1-244
2020-03-24 11:50:59,281 INFO o.a.j.t.JMeterThread: Stopping because end time detected by thread: Grupo De Hilos 1-183
2020-03-24 11:50:59,327 INFO o.a.j.t.JMeterThread: Thread finished: Grupo De Hilos 1-183
2020-03-24 11:50:59,328 INFO o.a.j.t.JMeterThread: Stopping because end time detected by thread: Grupo De Hilos 1-250
2020-03-24 11:50:59,328 INFO o.a.j.t.JMeterThread: Thread finished: Grupo De Hilos 1-250
2020-03-24 11:50:59,281 INFO o.a.j.t.JMeterThread: Stopping because end time detected by thread: Grupo De Hilos 1-4
2020-03-24 11:50:59,281 INFO o.a.j.t.JMeterThread: Stopping because end time detected by thread: Grupo De Hilos 1-198
2020-03-24 11:50:59,328 INFO o.a.j.t.JMeterThread: Thread finished: Grupo De Hilos 1-198
2020-03-24 11:50:59,329 INFO o.a.j.t.JMeterThread: Thread finished: Grupo De Hilos 1-4
2020-03-24 11:50:59,329 INFO o.a.j.t.JMeterThread: Stopping because end time detected by thread: Grupo De Hilos 1-235
2020-03-24 11:50:59,329 INFO o.a.j.t.JMeterThread: Thread finished: Grupo De Hilos 1-235
2020-03-24 11:50:59,330 INFO o.a.j.t.JMeterThread: Stopping because end time detected by thread: Grupo De Hilos 1-228
2020-03-24 11:50:59,330 INFO o.a.j.t.JMeterThread: Thread finished: Grupo De Hilos 1-228
2020-03-24 11:50:59,331 INFO o.a.j.t.JMeterThread: Stopping because end time detected by thread: Grupo De Hilos 1-227
2020-03-24 11:50:59,331 INFO o.a.j.t.JMeterThread: Thread finished: Grupo De Hilos 1-227
2020-03-24 11:50:59,333 INFO o.a.j.t.JMeterThread: Stopping because end time detected by thread: Grupo De Hilos 1-234
2020-03-24 11:50:59,333 INFO o.a.j.t.JMeterThread: Thread finished: Grupo De Hilos 1-234
2020-03-24 11:50:59,243 INFO o.a.j.t.JMeterThread: Stopping because end time detected by thread: Grupo De Hilos 1-27
2020-03-24 11:50:59,281 INFO o.a.j.t.JMeterThread: Stopping because end time detected by thread: Grupo De Hilos 1-211
2020-03-24 11:50:59,334 INFO o.a.j.t.JMeterThread: Thread finished: Grupo De Hilos 1-27
2020-03-24 11:50:59,334 INFO o.a.j.t.JMeterThread: Stopping because end time detected by thread: Grupo De Hilos 1-249
2020-03-24 11:50:59,334 INFO o.a.j.t.JMeterThread: Thread finished: Grupo De Hilos 1-211
2020-03-24 11:50:59,243 INFO o.a.j.t.JMeterThread: Stopping because end time detected by thread: Grupo De Hilos 1-109
2020-03-24 11:50:59,335 INFO o.a.j.t.JMeterThread: Thread finished: Grupo De Hilos 1-249
2020-03-24 11:50:59,335 INFO o.a.j.t.JMeterThread: Thread finished: Grupo De Hilos 1-109
2020-03-24 11:50:59,279 INFO o.a.j.t.JMeterThread: Stopping because end time detected by thread: Grupo De Hilos 1-208
2020-03-24 11:50:59,335 INFO o.a.j.t.JMeterThread: Thread finished: Grupo De Hilos 1-208
2020-03-24 11:50:59,278 INFO o.a.j.t.JMeterThread: Stopping because end time detected by thread: Grupo De Hilos 1-209
2020-03-24 11:50:59,335 INFO o.a.j.t.JMeterThread: Thread finished: Grupo De Hilos 1-209
2020-03-24 11:50:59,336 INFO o.a.j.t.JMeterThread: Stopping because end time detected by thread: Grupo De Hilos 1-233
2020-03-24 11:50:59,348 INFO o.a.j.t.JMeterThread: Stopping because end time detected by thread: Grupo De Hilos 1-273
2020-03-24 11:50:59,349 INFO o.a.j.t.JMeterThread: Thread finished: Grupo De Hilos 1-273
2020-03-24 11:50:59,350 INFO o.a.j.t.JMeterThread: Stopping because end time detected by thread: Grupo De Hilos 1-239
2020-03-24 11:50:59,350 INFO o.a.j.t.JMeterThread: Thread finished: Grupo De Hilos 1-239
2020-03-24 11:50:59,277 INFO o.a.j.t.JMeterThread: Stopping because end time detected by thread: Grupo De Hilos 1-194
2020-03-24 11:50:59,351 INFO o.a.j.t.JMeterThread: Stopping because end time detected by thread: Grupo De Hilos 1-276
2020-03-24 11:50:59,351 INFO o.a.j.t.JMeterThread: Stopping because end time detected by thread: Grupo De Hilos 1-266
2020-03-24 11:50:59,351 INFO o.a.j.t.JMeterThread: Thread finished: Grupo De Hilos 1-276
2020-03-24 11:50:59,351 INFO o.a.j.t.JMeterThread: Stopping because end time detected by thread: Grupo De Hilos 1-252
2020-03-24 11:50:59,352 INFO o.a.j.t.JMeterThread: Stopping because end time detected by thread: Grupo De Hilos 1-268
2020-03-24 11:50:59,352 INFO o.a.j.t.JMeterThread: Thread finished: Grupo De Hilos 1-268
2020-03-24 11:50:59,352 INFO o.a.j.t.JMeterThread: Stopping because end time detected by thread: Grupo De Hilos 1-257
2020-03-24 11:50:59,353 INFO o.a.j.t.JMeterThread: Thread finished: Grupo De Hilos 1-257
2020-03-24 11:50:59,354 INFO o.a.j.t.JMeterThread: Stopping because end time detected by thread: Grupo De Hilos 1-259
2020-03-24 11:50:59,354 INFO o.a.j.t.JMeterThread: Stopping because end time detected by thread: Grupo De Hilos 1-245
2020-03-24 11:50:59,354 INFO o.a.j.t.JMeterThread: Thread finished: Grupo De Hilos 1-245
2020-03-24 11:50:59,354 INFO o.a.j.t.JMeterThread: Stopping because end time detected by thread: Grupo De Hilos 1-277
2020-03-24 11:50:59,354 INFO o.a.j.t.JMeterThread: Thread finished: Grupo De Hilos 1-277
2020-03-24 11:50:59,355 INFO o.a.j.t.JMeterThread: Stopping because end time detected by thread: Grupo De Hilos 1-264
2020-03-24 11:50:59,355 INFO o.a.j.t.JMeterThread: Thread finished: Grupo De Hilos 1-264
2020-03-24 11:50:59,352 INFO o.a.j.t.JMeterThread: Thread finished: Grupo De Hilos 1-252
2020-03-24 11:50:59,356 INFO o.a.j.t.JMeterThread: Stopping because end time detected by thread: Grupo De Hilos 1-272
2020-03-24 11:50:59,356 INFO o.a.j.t.JMeterThread: Thread finished: Grupo De Hilos 1-272
2020-03-24 11:50:59,357 INFO o.a.j.t.JMeterThread: Stopping because end time detected by thread: Grupo De Hilos 1-279
2020-03-24 11:50:59,357 INFO o.a.j.t.JMeterThread: Thread finished: Grupo De Hilos 1-279
2020-03-24 11:50:59,358 INFO o.a.j.t.JMeterThread: Stopping because end time detected by thread: Grupo De Hilos 1-271
2020-03-24 11:50:59,359 INFO o.a.j.t.JMeterThread: Thread finished: Grupo De Hilos 1-271
2020-03-24 11:50:59,269 INFO o.a.j.t.JMeterThread: Stopping because end time detected by thread: Grupo De Hilos 1-193
2020-03-24 11:50:59,266 INFO o.a.j.t.JMeterThread: Stopping because end time detected by thread: Grupo De Hilos 1-200
2020-03-24 11:50:59,261 INFO o.a.j.t.JMeterThread: Stopping because end time detected by thread: Grupo De Hilos 1-196
2020-03-24 11:50:59,359 INFO o.a.j.t.JMeterThread: Thread finished: Grupo De Hilos 1-200
2020-03-24 11:50:59,359 INFO o.a.j.t.JMeterThread: Thread finished: Grupo De Hilos 1-193
2020-03-24 11:50:59,359 INFO o.a.j.t.JMeterThread: Thread finished: Grupo De Hilos 1-196
2020-03-24 11:50:59,249 INFO o.a.j.t.JMeterThread: Stopping because end time detected by thread: Grupo De Hilos 1-154
2020-03-24 11:50:59,360 INFO o.a.j.t.JMeterThread: Thread finished: Grupo De Hilos 1-154
2020-03-24 11:50:59,244 INFO o.a.j.t.JMeterThread: Thread finished: Grupo De Hilos 1-97
2020-03-24 11:50:59,361 INFO o.a.j.t.JMeterThread: Stopping because end time detected by thread: Grupo De Hilos 1-278
2020-03-24 11:50:59,361 INFO o.a.j.t.JMeterThread: Thread finished: Grupo De Hilos 1-278
2020-03-24 11:50:59,354 INFO o.a.j.t.JMeterThread: Thread finished: Grupo De Hilos 1-259
2020-03-24 11:50:59,351 INFO o.a.j.t.JMeterThread: Thread finished: Grupo De Hilos 1-194
2020-03-24 11:50:59,348 INFO o.a.j.t.JMeterThread: Thread finished: Grupo De Hilos 1-233
2020-03-24 11:50:59,362 INFO o.a.j.t.JMeterThread: Thread finished: Grupo De Hilos 1-266
2020-03-24 11:50:59,363 INFO o.a.j.t.JMeterThread: Stopping because end time detected by thread: Grupo De Hilos 1-270
2020-03-24 11:50:59,363 INFO o.a.j.t.JMeterThread: Thread finished: Grupo De Hilos 1-270
2020-03-24 11:50:59,365 INFO o.a.j.t.JMeterThread: Stopping because end time detected by thread: Grupo De Hilos 1-263
2020-03-24 11:50:59,365 INFO o.a.j.t.JMeterThread: Thread finished: Grupo De Hilos 1-263
2020-03-24 11:50:59,348 INFO o.a.j.t.JMeterThread: Stopping because end time detected by thread: Grupo De Hilos 1-254
2020-03-24 11:50:59,366 INFO o.a.j.t.JMeterThread: Stopping because end time detected by thread: Grupo De Hilos 1-251
2020-03-24 11:50:59,366 INFO o.a.j.t.JMeterThread: Thread finished: Grupo De Hilos 1-251
2020-03-24 11:50:59,367 INFO o.a.j.t.JMeterThread: Stopping because end time detected by thread: Grupo De Hilos 1-275
2020-03-24 11:50:59,367 INFO o.a.j.t.JMeterThread: Thread finished: Grupo De Hilos 1-275
2020-03-24 11:50:59,368 INFO o.a.j.t.JMeterThread: Stopping because end time detected by thread: Grupo De Hilos 1-260
2020-03-24 11:50:59,368 INFO o.a.j.t.JMeterThread: Thread finished: Grupo De Hilos 1-260
2020-03-24 11:50:59,368 INFO o.a.j.t.JMeterThread: Stopping because end time detected by thread: Grupo De Hilos 1-274
2020-03-24 11:50:59,368 INFO o.a.j.t.JMeterThread: Thread finished: Grupo De Hilos 1-274
2020-03-24 11:50:59,369 INFO o.a.j.t.JMeterThread: Stopping because end time detected by thread: Grupo De Hilos 1-269
2020-03-24 11:50:59,370 INFO o.a.j.t.JMeterThread: Thread finished: Grupo De Hilos 1-269
2020-03-24 11:50:59,347 INFO o.a.j.t.JMeterThread: Stopping because end time detected by thread: Grupo De Hilos 1-261
2020-03-24 11:50:59,347 INFO o.a.j.t.JMeterThread: Stopping because end time detected by thread: Grupo De Hilos 1-256
2020-03-24 11:50:59,370 INFO o.a.j.t.JMeterThread: Thread finished: Grupo De Hilos 1-261
2020-03-24 11:50:59,370 INFO o.a.j.t.JMeterThread: Thread finished: Grupo De Hilos 1-256
2020-03-24 11:50:59,346 INFO o.a.j.t.JMeterThread: Stopping because end time detected by thread: Grupo De Hilos 1-224
2020-03-24 11:50:59,371 INFO o.a.j.t.JMeterThread: Thread finished: Grupo De Hilos 1-224
2020-03-24 11:50:59,345 INFO o.a.j.t.JMeterThread: Stopping because end time detected by thread: Grupo De Hilos 1-248
2020-03-24 11:50:59,344 INFO o.a.j.t.JMeterThread: Stopping because end time detected by thread: Grupo De Hilos 1-267
2020-03-24 11:50:59,372 INFO o.a.j.t.JMeterThread: Thread finished: Grupo De Hilos 1-248
2020-03-24 11:50:59,372 INFO o.a.j.t.JMeterThread: Thread finished: Grupo De Hilos 1-267
2020-03-24 11:50:59,343 INFO o.a.j.t.JMeterThread: Stopping because end time detected by thread: Grupo De Hilos 1-262
2020-03-24 11:50:59,343 INFO o.a.j.t.JMeterThread: Stopping because end time detected by thread: Grupo De Hilos 1-258
2020-03-24 11:50:59,343 INFO o.a.j.t.JMeterThread: Stopping because end time detected by thread: Grupo De Hilos 1-255
2020-03-24 11:50:59,342 INFO o.a.j.t.JMeterThread: Stopping because end time detected by thread: Grupo De Hilos 1-222
2020-03-24 11:50:59,372 INFO o.a.j.t.JMeterThread: Thread finished: Grupo De Hilos 1-222
2020-03-24 11:50:59,372 INFO o.a.j.t.JMeterThread: Thread finished: Grupo De Hilos 1-258
2020-03-24 11:50:59,341 INFO o.a.j.t.JMeterThread: Stopping because end time detected by thread: Grupo De Hilos 1-265
2020-03-24 11:50:59,373 INFO o.a.j.t.JMeterThread: Thread finished: Grupo De Hilos 1-265
2020-03-24 11:50:59,340 INFO o.a.j.t.JMeterThread: Stopping because end time detected by thread: Grupo De Hilos 1-238
2020-03-24 11:50:59,373 INFO o.a.j.t.JMeterThread: Thread finished: Grupo De Hilos 1-238
2020-03-24 11:50:59,340 INFO o.a.j.t.JMeterThread: Stopping because end time detected by thread: Grupo De Hilos 1-236
2020-03-24 11:50:59,374 INFO o.a.j.t.JMeterThread: Thread finished: Grupo De Hilos 1-236
2020-03-24 11:50:59,340 INFO o.a.j.t.JMeterThread: Stopping because end time detected by thread: Grupo De Hilos 1-229
2020-03-24 11:50:59,340 INFO o.a.j.t.JMeterThread: Stopping because end time detected by thread: Grupo De Hilos 1-223
2020-03-24 11:50:59,339 INFO o.a.j.t.JMeterThread: Stopping because end time detected by thread: Grupo De Hilos 1-253
2020-03-24 11:50:59,339 INFO o.a.j.t.JMeterThread: Stopping because end time detected by thread: Grupo De Hilos 1-243
2020-03-24 11:50:59,375 INFO o.a.j.t.JMeterThread: Thread finished: Grupo De Hilos 1-223
2020-03-24 11:50:59,375 INFO o.a.j.t.JMeterThread: Thread finished: Grupo De Hilos 1-243
2020-03-24 11:50:59,375 INFO o.a.j.t.JMeterThread: Thread finished: Grupo De Hilos 1-253
2020-03-24 11:50:59,338 INFO o.a.j.t.JMeterThread: Stopping because end time detected by thread: Grupo De Hilos 1-241
2020-03-24 11:50:59,375 INFO o.a.j.t.JMeterThread: Thread finished: Grupo De Hilos 1-241
2020-03-24 11:50:59,338 INFO o.a.j.t.JMeterThread: Stopping because end time detected by thread: Grupo De Hilos 1-246
2020-03-24 11:50:59,376 INFO o.a.j.t.JMeterThread: Thread finished: Grupo De Hilos 1-246
2020-03-24 11:50:59,338 INFO o.a.j.t.JMeterThread: Stopping because end time detected by thread: Grupo De Hilos 1-240
2020-03-24 11:50:59,336 INFO o.a.j.t.JMeterThread: Stopping because end time detected by thread: Grupo De Hilos 1-237
2020-03-24 11:50:59,376 INFO o.a.j.t.JMeterThread: Thread finished: Grupo De Hilos 1-240
2020-03-24 11:50:59,333 INFO o.a.j.t.JMeterThread: Stopping because end time detected by thread: Grupo De Hilos 1-247
2020-03-24 11:50:59,377 INFO o.a.j.t.JMeterThread: Thread finished: Grupo De Hilos 1-247
2020-03-24 11:50:59,323 INFO o.a.j.t.JMeterThread: Thread finished: Grupo De Hilos 1-219
2020-03-24 11:50:59,316 INFO o.a.j.t.JMeterThread: Thread finished: Grupo De Hilos 1-160
2020-03-24 11:50:59,314 INFO o.a.j.t.JMeterThread: Thread finished: Grupo De Hilos 1-206
2020-03-24 11:50:59,312 INFO o.a.j.t.JMeterThread: Thread finished: Grupo De Hilos 1-166
2020-03-24 11:50:59,379 INFO o.a.j.t.JMeterThread: Thread finished: Grupo De Hilos 1-205
2020-03-24 11:50:59,305 INFO o.a.j.t.JMeterThread: Thread finished: Grupo De Hilos 1-190
2020-03-24 11:50:59,294 INFO o.a.j.t.JMeterThread: Stopping because end time detected by thread: Grupo De Hilos 1-60
2020-03-24 11:50:59,381 INFO o.a.j.t.JMeterThread: Thread finished: Grupo De Hilos 1-60
2020-03-24 11:50:59,299 INFO o.a.j.t.JMeterThread: Thread finished: Grupo De Hilos 1-68
2020-03-24 11:50:59,299 INFO o.a.j.t.JMeterThread: Thread finished: Grupo De Hilos 1-135
2020-03-24 11:50:59,299 INFO o.a.j.t.JMeterThread: Thread finished: Grupo De Hilos 1-163
2020-03-24 11:50:59,296 INFO o.a.j.t.JMeterThread: Thread finished: Grupo De Hilos 1-99
2020-03-24 11:50:59,296 INFO o.a.j.t.JMeterThread: Thread finished: Grupo De Hilos 1-35
2020-03-24 11:50:59,383 INFO o.a.j.t.JMeterThread: Thread finished: Grupo De Hilos 1-69
2020-03-24 11:50:59,383 INFO o.a.j.t.JMeterThread: Thread finished: Grupo De Hilos 1-58
2020-03-24 11:50:59,294 INFO o.a.j.t.JMeterThread: Stopping because end time detected by thread: Grupo De Hilos 1-118
2020-03-24 11:50:59,291 INFO o.a.j.t.JMeterThread: Thread finished: Grupo De Hilos 1-93
2020-03-24 11:50:59,291 INFO o.a.j.t.JMeterThread: Thread finished: Grupo De Hilos 1-120
2020-03-24 11:50:59,291 INFO o.a.j.t.JMeterThread: Stopping because end time detected by thread: Grupo De Hilos 1-144
2020-03-24 11:50:59,385 INFO o.a.j.t.JMeterThread: Thread finished: Grupo De Hilos 1-144
2020-03-24 11:50:59,290 INFO o.a.j.t.JMeterThread: Thread finished: Grupo De Hilos 1-8
2020-03-24 11:50:59,290 INFO o.a.j.t.JMeterThread: Thread finished: Grupo De Hilos 1-46
2020-03-24 11:50:59,386 INFO o.a.j.t.JMeterThread: Thread finished: Grupo De Hilos 1-70
2020-03-24 11:50:59,386 INFO o.a.j.t.JMeterThread: Thread finished: Grupo De Hilos 1-29
2020-03-24 11:50:59,289 INFO o.a.j.t.JMeterThread: Stopping because end time detected by thread: Grupo De Hilos 1-54
2020-03-24 11:50:59,386 INFO o.a.j.t.JMeterThread: Thread finished: Grupo De Hilos 1-54
2020-03-24 11:50:59,387 INFO o.a.j.t.JMeterThread: Thread finished: Grupo De Hilos 1-118
2020-03-24 11:50:59,289 INFO o.a.j.t.JMeterThread: Thread finished: Grupo De Hilos 1-108
2020-03-24 11:50:59,386 INFO o.a.j.t.JMeterThread: Thread finished: Grupo De Hilos 1-112
2020-03-24 11:50:59,387 INFO o.a.j.t.JMeterThread: Thread finished: Grupo De Hilos 1-237
2020-03-24 11:50:59,375 INFO o.a.j.t.JMeterThread: Thread finished: Grupo De Hilos 1-229
2020-03-24 11:50:59,372 INFO o.a.j.t.JMeterThread: Thread finished: Grupo De Hilos 1-255
2020-03-24 11:50:59,372 INFO o.a.j.t.JMeterThread: Thread finished: Grupo De Hilos 1-262
2020-03-24 11:50:59,366 INFO o.a.j.t.JMeterThread: Stopping because end time detected by thread: Grupo De Hilos 1-230
2020-03-24 11:50:59,366 INFO o.a.j.t.JMeterThread: Thread finished: Grupo De Hilos 1-254
2020-03-24 11:50:59,388 INFO o.a.j.t.JMeterThread: Thread finished: Grupo De Hilos 1-230
2020-03-24 11:51:10,959 INFO o.a.j.t.JMeterThread: Stopping because end time detected by thread: Grupo De Hilos 1-280
2020-03-24 11:51:10,959 INFO o.a.j.t.JMeterThread: Thread finished: Grupo De Hilos 1-280
2020-03-24 11:51:13,007 INFO o.a.j.t.JMeterThread: Stopping because end time detected by thread: Grupo De Hilos 1-282
2020-03-24 11:51:13,007 INFO o.a.j.t.JMeterThread: Stopping because end time detected by thread: Grupo De Hilos 1-283
2020-03-24 11:51:13,008 INFO o.a.j.t.JMeterThread: Thread finished: Grupo De Hilos 1-283
2020-03-24 11:51:13,008 INFO o.a.j.t.JMeterThread: Thread finished: Grupo De Hilos 1-282
2020-03-24 11:51:13,008 INFO o.a.j.t.JMeterThread: Stopping because end time detected by thread: Grupo De Hilos 1-284
2020-03-24 11:51:13,008 INFO o.a.j.t.JMeterThread: Thread finished: Grupo De Hilos 1-284
2020-03-24 11:51:13,008 INFO o.a.j.t.JMeterThread: Stopping because end time detected by thread: Grupo De Hilos 1-281
2020-03-24 11:51:13,009 INFO o.a.j.t.JMeterThread: Thread finished: Grupo De Hilos 1-281
2020-03-24 11:51:13,010 INFO o.a.j.t.JMeterThread: Stopping because end time detected by thread: Grupo De Hilos 1-285
2020-03-24 11:51:13,011 INFO o.a.j.t.JMeterThread: Thread finished: Grupo De Hilos 1-285
2020-03-24 11:51:15,055 INFO o.a.j.t.JMeterThread: Stopping because end time detected by thread: Grupo De Hilos 1-290
2020-03-24 11:51:15,055 INFO o.a.j.t.JMeterThread: Stopping because end time detected by thread: Grupo De Hilos 1-286
2020-03-24 11:51:15,056 INFO o.a.j.t.JMeterThread: Thread finished: Grupo De Hilos 1-286
2020-03-24 11:51:15,056 INFO o.a.j.t.JMeterThread: Thread finished: Grupo De Hilos 1-290
2020-03-24 11:51:15,057 INFO o.a.j.t.JMeterThread: Stopping because end time detected by thread: Grupo De Hilos 1-289
2020-03-24 11:51:15,057 INFO o.a.j.t.JMeterThread: Stopping because end time detected by thread: Grupo De Hilos 1-287
2020-03-24 11:51:15,057 INFO o.a.j.t.JMeterThread: Thread finished: Grupo De Hilos 1-287
2020-03-24 11:51:15,057 INFO o.a.j.t.JMeterThread: Thread finished: Grupo De Hilos 1-289
2020-03-24 11:51:15,057 INFO o.a.j.t.JMeterThread: Stopping because end time detected by thread: Grupo De Hilos 1-288
2020-03-24 11:51:15,057 INFO o.a.j.t.JMeterThread: Thread finished: Grupo De Hilos 1-288
2020-03-24 11:51:17,103 INFO o.a.j.t.JMeterThread: Stopping because end time detected by thread: Grupo De Hilos 1-292
2020-03-24 11:51:17,103 INFO o.a.j.t.JMeterThread: Thread finished: Grupo De Hilos 1-292
2020-03-24 11:51:17,104 INFO o.a.j.t.JMeterThread: Stopping because end time detected by thread: Grupo De Hilos 1-295
2020-03-24 11:51:17,103 INFO o.a.j.t.JMeterThread: Stopping because end time detected by thread: Grupo De Hilos 1-293
2020-03-24 11:51:17,104 INFO o.a.j.t.JMeterThread: Thread finished: Grupo De Hilos 1-293
2020-03-24 11:51:17,104 INFO o.a.j.t.JMeterThread: Stopping because end time detected by thread: Grupo De Hilos 1-294
2020-03-24 11:51:17,104 INFO o.a.j.t.JMeterThread: Thread finished: Grupo De Hilos 1-294
2020-03-24 11:51:17,104 INFO o.a.j.t.JMeterThread: Stopping because end time detected by thread: Grupo De Hilos 1-291
2020-03-24 11:51:17,104 INFO o.a.j.t.JMeterThread: Thread finished: Grupo De Hilos 1-295
2020-03-24 11:51:17,105 INFO o.a.j.t.JMeterThread: Thread finished: Grupo De Hilos 1-291
2020-03-24 11:51:19,152 INFO o.a.j.t.JMeterThread: Stopping because end time detected by thread: Grupo De Hilos 1-296
2020-03-24 11:51:19,152 INFO o.a.j.t.JMeterThread: Stopping because end time detected by thread: Grupo De Hilos 1-300
2020-03-24 11:51:19,153 INFO o.a.j.t.JMeterThread: Thread finished: Grupo De Hilos 1-300
2020-03-24 11:51:19,153 INFO o.a.j.t.JMeterThread: Stopping because end time detected by thread: Grupo De Hilos 1-297
2020-03-24 11:51:19,153 INFO o.a.j.t.JMeterThread: Stopping because end time detected by thread: Grupo De Hilos 1-299
2020-03-24 11:51:19,153 INFO o.a.j.t.JMeterThread: Thread finished: Grupo De Hilos 1-296
2020-03-24 11:51:19,153 INFO o.a.j.t.JMeterThread: Thread finished: Grupo De Hilos 1-297
2020-03-24 11:51:19,153 INFO o.a.j.t.JMeterThread: Stopping because end time detected by thread: Grupo De Hilos 1-298
2020-03-24 11:51:19,153 INFO o.a.j.t.JMeterThread: Thread finished: Grupo De Hilos 1-298
2020-03-24 11:51:19,154 INFO o.a.j.t.JMeterThread: Thread finished: Grupo De Hilos 1-299
2020-03-24 11:51:19,155 INFO o.a.j.e.StandardJMeterEngine: Notifying test listeners of end of test
2020-03-24 11:51:19,157 INFO o.a.j.r.Summariser: summary +    169 in 00:02:17 =    1.2/s Avg: 240649 Min: 129429 Max: 300056 Err:    40 (23.67%) Active: 0 Started: 300 Finished: 300
2020-03-24 11:51:19,158 INFO o.a.j.r.Summariser: summary =    321 in 00:06:20 =    0.8/s Avg: 127536 Min:    37 Max: 300056 Err:    42 (13.08%)
