2020-03-21 09:48:14,855 INFO o.a.j.u.JMeterUtils: Setting Locale to en_US
2020-03-21 09:48:14,884 INFO o.a.j.JMeter: Loading user properties from: user.properties
2020-03-21 09:48:14,885 INFO o.a.j.JMeter: Loading system properties from: system.properties
2020-03-21 09:48:14,886 INFO o.a.j.JMeter: Setting JMeter property: HILOS=300
2020-03-21 09:48:14,886 INFO o.a.j.JMeter: Setting JMeter property: SUBIDA=120
2020-03-21 09:48:14,887 INFO o.a.j.JMeter: Setting JMeter property: DURACION=360
2020-03-21 09:48:14,887 INFO o.a.j.JMeter: Setting JMeter property: FILE=scriptresultsperfmon300.jtl
2020-03-21 09:48:14,890 INFO o.a.j.JMeter: Copyright (c) 1998-2019 The Apache Software Foundation
2020-03-21 09:48:14,890 INFO o.a.j.JMeter: Version 5.2.1
2020-03-21 09:48:14,890 INFO o.a.j.JMeter: java.version=1.8.0_201
2020-03-21 09:48:14,890 INFO o.a.j.JMeter: java.vm.name=Java HotSpot(TM) 64-Bit Server VM
2020-03-21 09:48:14,891 INFO o.a.j.JMeter: os.name=Linux
2020-03-21 09:48:14,891 INFO o.a.j.JMeter: os.arch=amd64
2020-03-21 09:48:14,891 INFO o.a.j.JMeter: os.version=4.15.0-88-generic
2020-03-21 09:48:14,891 INFO o.a.j.JMeter: file.encoding=UTF-8
2020-03-21 09:48:14,892 INFO o.a.j.JMeter: java.awt.headless=true
2020-03-21 09:48:14,892 INFO o.a.j.JMeter: Max memory     =732954624
2020-03-21 09:48:14,893 INFO o.a.j.JMeter: Available Processors =4
2020-03-21 09:48:14,900 INFO o.a.j.JMeter: Default Locale=English (United States)
2020-03-21 09:48:14,901 INFO o.a.j.JMeter: JMeter  Locale=English (United States)
2020-03-21 09:48:14,901 INFO o.a.j.JMeter: JMeterHome=/home/pablo/jmeter
2020-03-21 09:48:14,901 INFO o.a.j.JMeter: user.dir  =/home/pablo/jmeter/bin
2020-03-21 09:48:14,901 INFO o.a.j.JMeter: PWD       =/home/pablo/jmeter/bin
2020-03-21 09:48:14,902 INFO o.a.j.JMeter: IP: 127.0.1.1 Name: hylianpablo FullName: hylianpablo
2020-03-21 09:48:14,910 INFO o.a.j.s.FileServer: Default base='/home/pablo/jmeter/bin'
2020-03-21 09:48:14,920 INFO o.a.j.s.FileServer: Set new base='/home/pablo/jmeter/bin'
2020-03-21 09:48:15,187 INFO o.a.j.s.SaveService: Testplan (JMX) version: 2.2. Testlog (JTL) version: 2.2
2020-03-21 09:48:15,205 INFO o.a.j.s.SaveService: Using SaveService properties file encoding UTF-8
2020-03-21 09:48:15,217 INFO o.a.j.s.SaveService: Using SaveService properties version 5.0
2020-03-21 09:48:15,234 INFO o.a.j.s.SaveService: Loading file: Funciona.jmx
2020-03-21 09:48:15,312 INFO o.a.j.p.h.c.CookieManager: Settings: Delete null: true Check: true Allow variable: true Save: false Prefix: COOKIE_
2020-03-21 09:48:15,363 INFO o.a.j.p.h.s.HTTPSamplerBase: Parser for text/html is org.apache.jmeter.protocol.http.parser.LagartoBasedHtmlParser
2020-03-21 09:48:15,363 INFO o.a.j.p.h.s.HTTPSamplerBase: Parser for application/xhtml+xml is org.apache.jmeter.protocol.http.parser.LagartoBasedHtmlParser
2020-03-21 09:48:15,363 INFO o.a.j.p.h.s.HTTPSamplerBase: Parser for application/xml is org.apache.jmeter.protocol.http.parser.LagartoBasedHtmlParser
2020-03-21 09:48:15,364 INFO o.a.j.p.h.s.HTTPSamplerBase: Parser for text/xml is org.apache.jmeter.protocol.http.parser.LagartoBasedHtmlParser
2020-03-21 09:48:15,364 INFO o.a.j.p.h.s.HTTPSamplerBase: Parser for text/vnd.wap.wml is org.apache.jmeter.protocol.http.parser.RegexpHTMLParser
2020-03-21 09:48:15,364 INFO o.a.j.p.h.s.HTTPSamplerBase: Parser for text/css is org.apache.jmeter.protocol.http.parser.CssParser
2020-03-21 09:48:15,422 INFO o.a.j.p.h.c.CacheManager: Will only cache the following methods: [GET]
2020-03-21 09:48:15,463 INFO o.a.j.JMeter: Creating summariser <summary>
2020-03-21 09:48:15,475 INFO o.a.j.e.StandardJMeterEngine: Running the test!
2020-03-21 09:48:15,477 INFO o.a.j.s.SampleEvent: List of sample_variables: []
2020-03-21 09:48:15,478 INFO o.a.j.s.SampleEvent: List of sample_variables: []
2020-03-21 09:48:15,492 INFO o.a.j.e.u.CompoundVariable: Note: Function class names must contain the string: '.functions.'
2020-03-21 09:48:15,492 INFO o.a.j.e.u.CompoundVariable: Note: Function class names must not contain the string: '.gui.'
2020-03-21 09:48:16,380 INFO o.a.j.JMeter: Running test (1584780496380)
2020-03-21 09:48:16,469 INFO o.a.j.e.StandardJMeterEngine: Starting ThreadGroup: 1 : Grupo De Hilos
2020-03-21 09:48:16,469 INFO o.a.j.e.StandardJMeterEngine: Starting 300 threads for group Grupo De Hilos.
2020-03-21 09:48:16,470 INFO o.a.j.e.StandardJMeterEngine: Thread will continue on error
2020-03-21 09:48:16,470 INFO o.a.j.t.ThreadGroup: Starting thread group... number=1 threads=300 ramp-up=120 delayedStart=false
2020-03-21 09:48:16,511 INFO o.a.j.t.JMeterThread: Thread started: Grupo De Hilos 1-1
2020-03-21 09:48:16,561 INFO o.a.j.p.h.s.HTTPHCAbstractImpl: Local host = hylianpablo
2020-03-21 09:48:16,575 INFO o.a.j.p.h.s.HTTPHC4Impl: HTTP request retry count = 0
2020-03-21 09:48:16,580 INFO o.a.j.s.SampleResult: Note: Sample TimeStamps are START times
2020-03-21 09:48:16,581 INFO o.a.j.s.SampleResult: sampleresult.default.encoding is set to ISO-8859-1
2020-03-21 09:48:16,581 INFO o.a.j.s.SampleResult: sampleresult.useNanoTime=true
2020-03-21 09:48:16,581 INFO o.a.j.s.SampleResult: sampleresult.nanoThreadSleep=5000
2020-03-21 09:48:16,875 INFO o.a.j.t.JMeterThread: Thread started: Grupo De Hilos 1-2
2020-03-21 09:48:17,056 INFO o.a.j.t.ThreadGroup: Started thread group number 1
2020-03-21 09:48:17,056 INFO o.a.j.e.StandardJMeterEngine: All thread groups have been started
2020-03-21 09:48:17,276 INFO o.a.j.t.JMeterThread: Thread started: Grupo De Hilos 1-3
2020-03-21 09:48:17,677 INFO o.a.j.t.JMeterThread: Thread started: Grupo De Hilos 1-4
2020-03-21 09:48:18,075 INFO o.a.j.t.JMeterThread: Thread started: Grupo De Hilos 1-5
2020-03-21 09:48:18,478 INFO o.a.j.t.JMeterThread: Thread started: Grupo De Hilos 1-6
2020-03-21 09:48:18,877 INFO o.a.j.t.JMeterThread: Thread started: Grupo De Hilos 1-7
2020-03-21 09:48:19,275 INFO o.a.j.t.JMeterThread: Thread started: Grupo De Hilos 1-8
2020-03-21 09:48:19,674 INFO o.a.j.t.JMeterThread: Thread started: Grupo De Hilos 1-9
2020-03-21 09:48:20,071 INFO o.a.j.t.JMeterThread: Thread started: Grupo De Hilos 1-10
2020-03-21 09:48:20,475 INFO o.a.j.t.JMeterThread: Thread started: Grupo De Hilos 1-11
2020-03-21 09:48:20,874 INFO o.a.j.t.JMeterThread: Thread started: Grupo De Hilos 1-12
2020-03-21 09:48:21,273 INFO o.a.j.t.JMeterThread: Thread started: Grupo De Hilos 1-13
2020-03-21 09:48:21,675 INFO o.a.j.t.JMeterThread: Thread started: Grupo De Hilos 1-14
2020-03-21 09:48:22,073 INFO o.a.j.t.JMeterThread: Thread started: Grupo De Hilos 1-15
2020-03-21 09:48:22,475 INFO o.a.j.t.JMeterThread: Thread started: Grupo De Hilos 1-16
2020-03-21 09:48:22,872 INFO o.a.j.t.JMeterThread: Thread started: Grupo De Hilos 1-17
2020-03-21 09:48:23,273 INFO o.a.j.t.JMeterThread: Thread started: Grupo De Hilos 1-18
2020-03-21 09:48:23,680 INFO o.a.j.t.JMeterThread: Thread started: Grupo De Hilos 1-19
2020-03-21 09:48:24,074 INFO o.a.j.t.JMeterThread: Thread started: Grupo De Hilos 1-20
2020-03-21 09:48:24,475 INFO o.a.j.t.JMeterThread: Thread started: Grupo De Hilos 1-21
2020-03-21 09:48:24,871 INFO o.a.j.t.JMeterThread: Thread started: Grupo De Hilos 1-22
2020-03-21 09:48:25,274 INFO o.a.j.t.JMeterThread: Thread started: Grupo De Hilos 1-23
2020-03-21 09:48:25,672 INFO o.a.j.t.JMeterThread: Thread started: Grupo De Hilos 1-24
2020-03-21 09:48:26,072 INFO o.a.j.t.JMeterThread: Thread started: Grupo De Hilos 1-25
2020-03-21 09:48:26,471 INFO o.a.j.t.JMeterThread: Thread started: Grupo De Hilos 1-26
2020-03-21 09:48:26,872 INFO o.a.j.t.JMeterThread: Thread started: Grupo De Hilos 1-27
2020-03-21 09:48:27,276 INFO o.a.j.t.JMeterThread: Thread started: Grupo De Hilos 1-28
2020-03-21 09:48:27,674 INFO o.a.j.t.JMeterThread: Thread started: Grupo De Hilos 1-29
2020-03-21 09:48:28,074 INFO o.a.j.t.JMeterThread: Thread started: Grupo De Hilos 1-30
2020-03-21 09:48:28,472 INFO o.a.j.t.JMeterThread: Thread started: Grupo De Hilos 1-31
2020-03-21 09:48:28,874 INFO o.a.j.t.JMeterThread: Thread started: Grupo De Hilos 1-32
2020-03-21 09:48:29,271 INFO o.a.j.t.JMeterThread: Thread started: Grupo De Hilos 1-33
2020-03-21 09:48:29,672 INFO o.a.j.t.JMeterThread: Thread started: Grupo De Hilos 1-34
2020-03-21 09:48:30,071 INFO o.a.j.t.JMeterThread: Thread started: Grupo De Hilos 1-35
2020-03-21 09:48:30,125 INFO o.a.j.r.Summariser: summary +     35 in 00:00:14 =    2.5/s Avg:    49 Min:    42 Max:   141 Err:     0 (0.00%) Active: 35 Started: 35 Finished: 0
2020-03-21 09:48:30,472 INFO o.a.j.t.JMeterThread: Thread started: Grupo De Hilos 1-36
2020-03-21 09:48:30,873 INFO o.a.j.t.JMeterThread: Thread started: Grupo De Hilos 1-37
2020-03-21 09:48:31,271 INFO o.a.j.t.JMeterThread: Thread started: Grupo De Hilos 1-38
2020-03-21 09:48:31,671 INFO o.a.j.t.JMeterThread: Thread started: Grupo De Hilos 1-39
2020-03-21 09:48:32,072 INFO o.a.j.t.JMeterThread: Thread started: Grupo De Hilos 1-40
2020-03-21 09:48:32,472 INFO o.a.j.t.JMeterThread: Thread started: Grupo De Hilos 1-41
2020-03-21 09:48:32,874 INFO o.a.j.t.JMeterThread: Thread started: Grupo De Hilos 1-42
2020-03-21 09:48:33,276 INFO o.a.j.t.JMeterThread: Thread started: Grupo De Hilos 1-43
2020-03-21 09:48:33,670 INFO o.a.j.t.JMeterThread: Thread started: Grupo De Hilos 1-44
2020-03-21 09:48:34,071 INFO o.a.j.t.JMeterThread: Thread started: Grupo De Hilos 1-45
2020-03-21 09:48:34,471 INFO o.a.j.t.JMeterThread: Thread started: Grupo De Hilos 1-46
2020-03-21 09:48:34,871 INFO o.a.j.t.JMeterThread: Thread started: Grupo De Hilos 1-47
2020-03-21 09:48:35,272 INFO o.a.j.t.JMeterThread: Thread started: Grupo De Hilos 1-48
2020-03-21 09:48:35,672 INFO o.a.j.t.JMeterThread: Thread started: Grupo De Hilos 1-49
2020-03-21 09:48:36,072 INFO o.a.j.t.JMeterThread: Thread started: Grupo De Hilos 1-50
2020-03-21 09:48:36,472 INFO o.a.j.t.JMeterThread: Thread started: Grupo De Hilos 1-51
2020-03-21 09:48:36,872 INFO o.a.j.t.JMeterThread: Thread started: Grupo De Hilos 1-52
2020-03-21 09:48:37,271 INFO o.a.j.t.JMeterThread: Thread started: Grupo De Hilos 1-53
2020-03-21 09:48:37,671 INFO o.a.j.t.JMeterThread: Thread started: Grupo De Hilos 1-54
2020-03-21 09:48:38,074 INFO o.a.j.t.JMeterThread: Thread started: Grupo De Hilos 1-55
2020-03-21 09:48:38,471 INFO o.a.j.t.JMeterThread: Thread started: Grupo De Hilos 1-56
2020-03-21 09:48:38,888 INFO o.a.j.t.JMeterThread: Thread started: Grupo De Hilos 1-57
2020-03-21 09:48:39,287 INFO o.a.j.t.JMeterThread: Thread started: Grupo De Hilos 1-58
2020-03-21 09:48:39,672 INFO o.a.j.t.JMeterThread: Thread started: Grupo De Hilos 1-59
2020-03-21 09:48:40,072 INFO o.a.j.t.JMeterThread: Thread started: Grupo De Hilos 1-60
2020-03-21 09:48:40,475 INFO o.a.j.t.JMeterThread: Thread started: Grupo De Hilos 1-61
2020-03-21 09:48:40,875 INFO o.a.j.t.JMeterThread: Thread started: Grupo De Hilos 1-62
2020-03-21 09:48:41,276 INFO o.a.j.t.JMeterThread: Thread started: Grupo De Hilos 1-63
2020-03-21 09:48:41,674 INFO o.a.j.t.JMeterThread: Thread started: Grupo De Hilos 1-64
2020-03-21 09:48:42,074 INFO o.a.j.t.JMeterThread: Thread started: Grupo De Hilos 1-65
2020-03-21 09:48:42,473 INFO o.a.j.t.JMeterThread: Thread started: Grupo De Hilos 1-66
2020-03-21 09:48:42,872 INFO o.a.j.t.JMeterThread: Thread started: Grupo De Hilos 1-67
2020-03-21 09:48:43,278 INFO o.a.j.t.JMeterThread: Thread started: Grupo De Hilos 1-68
2020-03-21 09:48:43,676 INFO o.a.j.t.JMeterThread: Thread started: Grupo De Hilos 1-69
2020-03-21 09:48:44,071 INFO o.a.j.t.JMeterThread: Thread started: Grupo De Hilos 1-70
2020-03-21 09:48:44,471 INFO o.a.j.t.JMeterThread: Thread started: Grupo De Hilos 1-71
2020-03-21 09:48:44,872 INFO o.a.j.t.JMeterThread: Thread started: Grupo De Hilos 1-72
2020-03-21 09:48:45,273 INFO o.a.j.t.JMeterThread: Thread started: Grupo De Hilos 1-73
2020-03-21 09:48:45,679 INFO o.a.j.t.JMeterThread: Thread started: Grupo De Hilos 1-74
2020-03-21 09:48:46,081 INFO o.a.j.t.JMeterThread: Thread started: Grupo De Hilos 1-75
2020-03-21 09:48:46,481 INFO o.a.j.t.JMeterThread: Thread started: Grupo De Hilos 1-76
2020-03-21 09:48:46,872 INFO o.a.j.t.JMeterThread: Thread started: Grupo De Hilos 1-77
2020-03-21 09:48:47,273 INFO o.a.j.t.JMeterThread: Thread started: Grupo De Hilos 1-78
2020-03-21 09:48:47,672 INFO o.a.j.t.JMeterThread: Thread started: Grupo De Hilos 1-79
2020-03-21 09:48:48,071 INFO o.a.j.t.JMeterThread: Thread started: Grupo De Hilos 1-80
2020-03-21 09:48:48,472 INFO o.a.j.t.JMeterThread: Thread started: Grupo De Hilos 1-81
2020-03-21 09:48:48,872 INFO o.a.j.t.JMeterThread: Thread started: Grupo De Hilos 1-82
2020-03-21 09:48:49,272 INFO o.a.j.t.JMeterThread: Thread started: Grupo De Hilos 1-83
2020-03-21 09:48:49,672 INFO o.a.j.t.JMeterThread: Thread started: Grupo De Hilos 1-84
2020-03-21 09:48:50,072 INFO o.a.j.t.JMeterThread: Thread started: Grupo De Hilos 1-85
2020-03-21 09:48:50,472 INFO o.a.j.t.JMeterThread: Thread started: Grupo De Hilos 1-86
2020-03-21 09:48:50,871 INFO o.a.j.t.JMeterThread: Thread started: Grupo De Hilos 1-87
2020-03-21 09:48:51,274 INFO o.a.j.t.JMeterThread: Thread started: Grupo De Hilos 1-88
2020-03-21 09:48:51,672 INFO o.a.j.t.JMeterThread: Thread started: Grupo De Hilos 1-89
2020-03-21 09:48:52,072 INFO o.a.j.t.JMeterThread: Thread started: Grupo De Hilos 1-90
2020-03-21 09:48:52,477 INFO o.a.j.t.JMeterThread: Thread started: Grupo De Hilos 1-91
2020-03-21 09:48:52,876 INFO o.a.j.t.JMeterThread: Thread started: Grupo De Hilos 1-92
2020-03-21 09:48:53,272 INFO o.a.j.t.JMeterThread: Thread started: Grupo De Hilos 1-93
2020-03-21 09:48:53,676 INFO o.a.j.t.JMeterThread: Thread started: Grupo De Hilos 1-94
2020-03-21 09:48:54,071 INFO o.a.j.t.JMeterThread: Thread started: Grupo De Hilos 1-95
2020-03-21 09:48:54,472 INFO o.a.j.t.JMeterThread: Thread started: Grupo De Hilos 1-96
2020-03-21 09:48:54,872 INFO o.a.j.t.JMeterThread: Thread started: Grupo De Hilos 1-97
2020-03-21 09:48:55,272 INFO o.a.j.t.JMeterThread: Thread started: Grupo De Hilos 1-98
2020-03-21 09:48:55,671 INFO o.a.j.t.JMeterThread: Thread started: Grupo De Hilos 1-99
2020-03-21 09:48:56,071 INFO o.a.j.t.JMeterThread: Thread started: Grupo De Hilos 1-100
2020-03-21 09:48:56,470 INFO o.a.j.t.JMeterThread: Thread started: Grupo De Hilos 1-101
2020-03-21 09:48:56,872 INFO o.a.j.t.JMeterThread: Thread started: Grupo De Hilos 1-102
2020-03-21 09:48:57,271 INFO o.a.j.t.JMeterThread: Thread started: Grupo De Hilos 1-103
2020-03-21 09:48:57,670 INFO o.a.j.t.JMeterThread: Thread started: Grupo De Hilos 1-104
2020-03-21 09:48:58,071 INFO o.a.j.t.JMeterThread: Thread started: Grupo De Hilos 1-105
2020-03-21 09:48:58,471 INFO o.a.j.t.JMeterThread: Thread started: Grupo De Hilos 1-106
2020-03-21 09:48:58,875 INFO o.a.j.t.JMeterThread: Thread started: Grupo De Hilos 1-107
2020-03-21 09:48:59,271 INFO o.a.j.t.JMeterThread: Thread started: Grupo De Hilos 1-108
2020-03-21 09:48:59,686 INFO o.a.j.t.JMeterThread: Thread started: Grupo De Hilos 1-109
2020-03-21 09:49:00,073 INFO o.a.j.t.JMeterThread: Thread started: Grupo De Hilos 1-110
2020-03-21 09:49:00,118 INFO o.a.j.r.Summariser: summary +     75 in 00:00:30 =    2.5/s Avg:    53 Min:    42 Max:   179 Err:     0 (0.00%) Active: 110 Started: 110 Finished: 0
2020-03-21 09:49:00,121 INFO o.a.j.r.Summariser: summary =    110 in 00:00:44 =    2.5/s Avg:    52 Min:    42 Max:   179 Err:     0 (0.00%)
2020-03-21 09:49:00,472 INFO o.a.j.t.JMeterThread: Thread started: Grupo De Hilos 1-111
2020-03-21 09:49:00,872 INFO o.a.j.t.JMeterThread: Thread started: Grupo De Hilos 1-112
2020-03-21 09:49:01,273 INFO o.a.j.t.JMeterThread: Thread started: Grupo De Hilos 1-113
2020-03-21 09:49:01,672 INFO o.a.j.t.JMeterThread: Thread started: Grupo De Hilos 1-114
2020-03-21 09:49:02,071 INFO o.a.j.t.JMeterThread: Thread started: Grupo De Hilos 1-115
2020-03-21 09:49:02,485 INFO o.a.j.t.JMeterThread: Thread started: Grupo De Hilos 1-116
2020-03-21 09:49:02,880 INFO o.a.j.t.JMeterThread: Thread started: Grupo De Hilos 1-117
2020-03-21 09:49:03,286 INFO o.a.j.t.JMeterThread: Thread started: Grupo De Hilos 1-118
2020-03-21 09:49:03,672 INFO o.a.j.t.JMeterThread: Thread started: Grupo De Hilos 1-119
2020-03-21 09:49:04,071 INFO o.a.j.t.JMeterThread: Thread started: Grupo De Hilos 1-120
2020-03-21 09:49:04,473 INFO o.a.j.t.JMeterThread: Thread started: Grupo De Hilos 1-121
2020-03-21 09:49:04,875 INFO o.a.j.t.JMeterThread: Thread started: Grupo De Hilos 1-122
2020-03-21 09:49:05,272 INFO o.a.j.t.JMeterThread: Thread started: Grupo De Hilos 1-123
2020-03-21 09:49:05,691 INFO o.a.j.t.JMeterThread: Thread started: Grupo De Hilos 1-124
2020-03-21 09:49:06,073 INFO o.a.j.t.JMeterThread: Thread started: Grupo De Hilos 1-125
2020-03-21 09:49:06,473 INFO o.a.j.t.JMeterThread: Thread started: Grupo De Hilos 1-126
2020-03-21 09:49:06,872 INFO o.a.j.t.JMeterThread: Thread started: Grupo De Hilos 1-127
2020-03-21 09:49:07,274 INFO o.a.j.t.JMeterThread: Thread started: Grupo De Hilos 1-128
2020-03-21 09:49:07,674 INFO o.a.j.t.JMeterThread: Thread started: Grupo De Hilos 1-129
2020-03-21 09:49:08,072 INFO o.a.j.t.JMeterThread: Thread started: Grupo De Hilos 1-130
2020-03-21 09:49:08,472 INFO o.a.j.t.JMeterThread: Thread started: Grupo De Hilos 1-131
2020-03-21 09:49:08,872 INFO o.a.j.t.JMeterThread: Thread started: Grupo De Hilos 1-132
2020-03-21 09:49:09,278 INFO o.a.j.t.JMeterThread: Thread started: Grupo De Hilos 1-133
2020-03-21 09:49:09,672 INFO o.a.j.t.JMeterThread: Thread started: Grupo De Hilos 1-134
2020-03-21 09:49:10,071 INFO o.a.j.t.JMeterThread: Thread started: Grupo De Hilos 1-135
2020-03-21 09:49:10,472 INFO o.a.j.t.JMeterThread: Thread started: Grupo De Hilos 1-136
2020-03-21 09:49:10,875 INFO o.a.j.t.JMeterThread: Thread started: Grupo De Hilos 1-137
2020-03-21 09:49:11,271 INFO o.a.j.t.JMeterThread: Thread started: Grupo De Hilos 1-138
2020-03-21 09:49:11,672 INFO o.a.j.t.JMeterThread: Thread started: Grupo De Hilos 1-139
2020-03-21 09:49:12,071 INFO o.a.j.t.JMeterThread: Thread started: Grupo De Hilos 1-140
2020-03-21 09:49:12,476 INFO o.a.j.t.JMeterThread: Thread started: Grupo De Hilos 1-141
2020-03-21 09:49:12,871 INFO o.a.j.t.JMeterThread: Thread started: Grupo De Hilos 1-142
2020-03-21 09:49:13,272 INFO o.a.j.t.JMeterThread: Thread started: Grupo De Hilos 1-143
2020-03-21 09:49:13,671 INFO o.a.j.t.JMeterThread: Thread started: Grupo De Hilos 1-144
2020-03-21 09:49:14,084 INFO o.a.j.t.JMeterThread: Thread started: Grupo De Hilos 1-145
2020-03-21 09:49:14,471 INFO o.a.j.t.JMeterThread: Thread started: Grupo De Hilos 1-146
2020-03-21 09:49:14,873 INFO o.a.j.t.JMeterThread: Thread started: Grupo De Hilos 1-147
2020-03-21 09:49:15,271 INFO o.a.j.t.JMeterThread: Thread started: Grupo De Hilos 1-148
2020-03-21 09:49:15,680 INFO o.a.j.t.JMeterThread: Thread started: Grupo De Hilos 1-149
2020-03-21 09:49:16,080 INFO o.a.j.t.JMeterThread: Thread started: Grupo De Hilos 1-150
2020-03-21 09:49:16,471 INFO o.a.j.t.JMeterThread: Thread started: Grupo De Hilos 1-151
2020-03-21 09:49:16,872 INFO o.a.j.t.JMeterThread: Thread started: Grupo De Hilos 1-152
2020-03-21 09:49:17,272 INFO o.a.j.t.JMeterThread: Thread started: Grupo De Hilos 1-153
2020-03-21 09:49:17,671 INFO o.a.j.t.JMeterThread: Thread started: Grupo De Hilos 1-154
2020-03-21 09:49:18,072 INFO o.a.j.t.JMeterThread: Thread started: Grupo De Hilos 1-155
2020-03-21 09:49:18,471 INFO o.a.j.t.JMeterThread: Thread started: Grupo De Hilos 1-156
2020-03-21 09:49:18,874 INFO o.a.j.t.JMeterThread: Thread started: Grupo De Hilos 1-157
2020-03-21 09:49:19,272 INFO o.a.j.t.JMeterThread: Thread started: Grupo De Hilos 1-158
2020-03-21 09:49:19,675 INFO o.a.j.t.JMeterThread: Thread started: Grupo De Hilos 1-159
2020-03-21 09:49:20,072 INFO o.a.j.t.JMeterThread: Thread started: Grupo De Hilos 1-160
2020-03-21 09:49:20,472 INFO o.a.j.t.JMeterThread: Thread started: Grupo De Hilos 1-161
2020-03-21 09:49:20,874 INFO o.a.j.t.JMeterThread: Thread started: Grupo De Hilos 1-162
2020-03-21 09:49:21,280 INFO o.a.j.t.JMeterThread: Thread started: Grupo De Hilos 1-163
2020-03-21 09:49:21,671 INFO o.a.j.t.JMeterThread: Thread started: Grupo De Hilos 1-164
2020-03-21 09:49:22,076 INFO o.a.j.t.JMeterThread: Thread started: Grupo De Hilos 1-165
2020-03-21 09:49:22,473 INFO o.a.j.t.JMeterThread: Thread started: Grupo De Hilos 1-166
2020-03-21 09:49:22,872 INFO o.a.j.t.JMeterThread: Thread started: Grupo De Hilos 1-167
2020-03-21 09:49:23,273 INFO o.a.j.t.JMeterThread: Thread started: Grupo De Hilos 1-168
2020-03-21 09:49:23,672 INFO o.a.j.t.JMeterThread: Thread started: Grupo De Hilos 1-169
2020-03-21 09:49:24,092 INFO o.a.j.t.JMeterThread: Thread started: Grupo De Hilos 1-170
2020-03-21 09:49:24,472 INFO o.a.j.t.JMeterThread: Thread started: Grupo De Hilos 1-171
2020-03-21 09:49:24,871 INFO o.a.j.t.JMeterThread: Thread started: Grupo De Hilos 1-172
2020-03-21 09:49:25,272 INFO o.a.j.t.JMeterThread: Thread started: Grupo De Hilos 1-173
2020-03-21 09:49:25,672 INFO o.a.j.t.JMeterThread: Thread started: Grupo De Hilos 1-174
2020-03-21 09:49:26,072 INFO o.a.j.t.JMeterThread: Thread started: Grupo De Hilos 1-175
2020-03-21 09:49:26,471 INFO o.a.j.t.JMeterThread: Thread started: Grupo De Hilos 1-176
2020-03-21 09:49:26,871 INFO o.a.j.t.JMeterThread: Thread started: Grupo De Hilos 1-177
2020-03-21 09:49:27,270 INFO o.a.j.t.JMeterThread: Thread started: Grupo De Hilos 1-178
2020-03-21 09:49:27,671 INFO o.a.j.t.JMeterThread: Thread started: Grupo De Hilos 1-179
2020-03-21 09:49:28,072 INFO o.a.j.t.JMeterThread: Thread started: Grupo De Hilos 1-180
2020-03-21 09:49:28,471 INFO o.a.j.t.JMeterThread: Thread started: Grupo De Hilos 1-181
2020-03-21 09:49:28,882 INFO o.a.j.t.JMeterThread: Thread started: Grupo De Hilos 1-182
2020-03-21 09:49:29,272 INFO o.a.j.t.JMeterThread: Thread started: Grupo De Hilos 1-183
2020-03-21 09:49:29,673 INFO o.a.j.t.JMeterThread: Thread started: Grupo De Hilos 1-184
2020-03-21 09:49:30,071 INFO o.a.j.t.JMeterThread: Thread started: Grupo De Hilos 1-185
2020-03-21 09:49:30,472 INFO o.a.j.t.JMeterThread: Thread started: Grupo De Hilos 1-186
2020-03-21 09:49:30,872 INFO o.a.j.t.JMeterThread: Thread started: Grupo De Hilos 1-187
2020-03-21 09:49:31,272 INFO o.a.j.t.JMeterThread: Thread started: Grupo De Hilos 1-188
2020-03-21 09:49:31,671 INFO o.a.j.t.JMeterThread: Thread started: Grupo De Hilos 1-189
2020-03-21 09:49:32,072 INFO o.a.j.t.JMeterThread: Thread started: Grupo De Hilos 1-190
2020-03-21 09:49:32,473 INFO o.a.j.t.JMeterThread: Thread started: Grupo De Hilos 1-191
2020-03-21 09:49:32,872 INFO o.a.j.t.JMeterThread: Thread started: Grupo De Hilos 1-192
2020-03-21 09:49:33,272 INFO o.a.j.t.JMeterThread: Thread started: Grupo De Hilos 1-193
2020-03-21 09:49:33,672 INFO o.a.j.t.JMeterThread: Thread started: Grupo De Hilos 1-194
2020-03-21 09:49:34,073 INFO o.a.j.t.JMeterThread: Thread started: Grupo De Hilos 1-195
2020-03-21 09:49:34,472 INFO o.a.j.t.JMeterThread: Thread started: Grupo De Hilos 1-196
2020-03-21 09:49:34,880 INFO o.a.j.t.JMeterThread: Thread started: Grupo De Hilos 1-197
2020-03-21 09:49:35,272 INFO o.a.j.t.JMeterThread: Thread started: Grupo De Hilos 1-198
2020-03-21 09:49:35,672 INFO o.a.j.t.JMeterThread: Thread started: Grupo De Hilos 1-199
2020-03-21 09:49:36,071 INFO o.a.j.t.JMeterThread: Thread started: Grupo De Hilos 1-200
2020-03-21 09:49:36,471 INFO o.a.j.t.JMeterThread: Thread started: Grupo De Hilos 1-201
2020-03-21 09:49:36,870 INFO o.a.j.t.JMeterThread: Thread started: Grupo De Hilos 1-202
2020-03-21 09:49:37,275 INFO o.a.j.t.JMeterThread: Thread started: Grupo De Hilos 1-203
2020-03-21 09:49:37,676 INFO o.a.j.t.JMeterThread: Thread started: Grupo De Hilos 1-204
2020-03-21 09:49:38,076 INFO o.a.j.t.JMeterThread: Thread started: Grupo De Hilos 1-205
2020-03-21 09:49:38,472 INFO o.a.j.t.JMeterThread: Thread started: Grupo De Hilos 1-206
2020-03-21 09:49:38,875 INFO o.a.j.t.JMeterThread: Thread started: Grupo De Hilos 1-207
2020-03-21 09:49:39,276 INFO o.a.j.t.JMeterThread: Thread started: Grupo De Hilos 1-208
2020-03-21 09:49:39,676 INFO o.a.j.t.JMeterThread: Thread started: Grupo De Hilos 1-209
2020-03-21 09:49:40,071 INFO o.a.j.t.JMeterThread: Thread started: Grupo De Hilos 1-210
2020-03-21 09:49:40,473 INFO o.a.j.t.JMeterThread: Thread started: Grupo De Hilos 1-211
2020-03-21 09:49:40,872 INFO o.a.j.t.JMeterThread: Thread started: Grupo De Hilos 1-212
2020-03-21 09:49:41,271 INFO o.a.j.t.JMeterThread: Thread started: Grupo De Hilos 1-213
2020-03-21 09:49:41,674 INFO o.a.j.t.JMeterThread: Thread started: Grupo De Hilos 1-214
2020-03-21 09:49:42,073 INFO o.a.j.t.JMeterThread: Thread started: Grupo De Hilos 1-215
2020-03-21 09:49:42,475 INFO o.a.j.t.JMeterThread: Thread started: Grupo De Hilos 1-216
2020-03-21 09:49:42,872 INFO o.a.j.t.JMeterThread: Thread started: Grupo De Hilos 1-217
2020-03-21 09:49:43,276 INFO o.a.j.t.JMeterThread: Thread started: Grupo De Hilos 1-218
2020-03-21 09:49:43,673 INFO o.a.j.t.JMeterThread: Thread started: Grupo De Hilos 1-219
2020-03-21 09:49:44,072 INFO o.a.j.t.JMeterThread: Thread started: Grupo De Hilos 1-220
2020-03-21 09:49:44,472 INFO o.a.j.t.JMeterThread: Thread started: Grupo De Hilos 1-221
2020-03-21 09:49:44,872 INFO o.a.j.t.JMeterThread: Thread started: Grupo De Hilos 1-222
2020-03-21 09:49:45,272 INFO o.a.j.t.JMeterThread: Thread started: Grupo De Hilos 1-223
2020-03-21 09:49:45,672 INFO o.a.j.t.JMeterThread: Thread started: Grupo De Hilos 1-224
2020-03-21 09:49:46,071 INFO o.a.j.t.JMeterThread: Thread started: Grupo De Hilos 1-225
2020-03-21 09:49:46,480 INFO o.a.j.t.JMeterThread: Thread started: Grupo De Hilos 1-226
2020-03-21 09:49:46,870 INFO o.a.j.t.JMeterThread: Thread started: Grupo De Hilos 1-227
2020-03-21 09:49:47,271 INFO o.a.j.t.JMeterThread: Thread started: Grupo De Hilos 1-228
2020-03-21 09:49:47,676 INFO o.a.j.t.JMeterThread: Thread started: Grupo De Hilos 1-229
2020-03-21 09:49:48,071 INFO o.a.j.t.JMeterThread: Thread started: Grupo De Hilos 1-230
2020-03-21 09:49:48,471 INFO o.a.j.t.JMeterThread: Thread started: Grupo De Hilos 1-231
2020-03-21 09:49:48,876 INFO o.a.j.t.JMeterThread: Thread started: Grupo De Hilos 1-232
2020-03-21 09:49:49,271 INFO o.a.j.t.JMeterThread: Thread started: Grupo De Hilos 1-233
2020-03-21 09:49:49,672 INFO o.a.j.t.JMeterThread: Thread started: Grupo De Hilos 1-234
2020-03-21 09:49:50,077 INFO o.a.j.t.JMeterThread: Thread started: Grupo De Hilos 1-235
2020-03-21 09:49:50,476 INFO o.a.j.t.JMeterThread: Thread started: Grupo De Hilos 1-236
2020-03-21 09:49:50,875 INFO o.a.j.t.JMeterThread: Thread started: Grupo De Hilos 1-237
2020-03-21 09:49:51,273 INFO o.a.j.t.JMeterThread: Thread started: Grupo De Hilos 1-238
2020-03-21 09:49:51,672 INFO o.a.j.t.JMeterThread: Thread started: Grupo De Hilos 1-239
2020-03-21 09:49:52,072 INFO o.a.j.t.JMeterThread: Thread started: Grupo De Hilos 1-240
2020-03-21 09:49:52,476 INFO o.a.j.t.JMeterThread: Thread started: Grupo De Hilos 1-241
2020-03-21 09:49:52,873 INFO o.a.j.t.JMeterThread: Thread started: Grupo De Hilos 1-242
2020-03-21 09:49:53,273 INFO o.a.j.t.JMeterThread: Thread started: Grupo De Hilos 1-243
2020-03-21 09:49:53,675 INFO o.a.j.t.JMeterThread: Thread started: Grupo De Hilos 1-244
2020-03-21 09:49:54,075 INFO o.a.j.t.JMeterThread: Thread started: Grupo De Hilos 1-245
2020-03-21 09:49:54,471 INFO o.a.j.t.JMeterThread: Thread started: Grupo De Hilos 1-246
2020-03-21 09:49:54,873 INFO o.a.j.t.JMeterThread: Thread started: Grupo De Hilos 1-247
2020-03-21 09:49:55,275 INFO o.a.j.t.JMeterThread: Thread started: Grupo De Hilos 1-248
2020-03-21 09:49:55,679 INFO o.a.j.t.JMeterThread: Thread started: Grupo De Hilos 1-249
2020-03-21 09:49:56,075 INFO o.a.j.t.JMeterThread: Thread started: Grupo De Hilos 1-250
2020-03-21 09:49:56,477 INFO o.a.j.t.JMeterThread: Thread started: Grupo De Hilos 1-251
2020-03-21 09:49:56,876 INFO o.a.j.t.JMeterThread: Thread started: Grupo De Hilos 1-252
2020-03-21 09:49:57,283 INFO o.a.j.t.JMeterThread: Thread started: Grupo De Hilos 1-253
2020-03-21 09:49:57,680 INFO o.a.j.t.JMeterThread: Thread started: Grupo De Hilos 1-254
2020-03-21 09:49:58,076 INFO o.a.j.t.JMeterThread: Thread started: Grupo De Hilos 1-255
2020-03-21 09:49:58,479 INFO o.a.j.t.JMeterThread: Thread started: Grupo De Hilos 1-256
2020-03-21 09:49:58,872 INFO o.a.j.t.JMeterThread: Thread started: Grupo De Hilos 1-257
2020-03-21 09:49:59,275 INFO o.a.j.t.JMeterThread: Thread started: Grupo De Hilos 1-258
2020-03-21 09:49:59,671 INFO o.a.j.t.JMeterThread: Thread started: Grupo De Hilos 1-259
2020-03-21 09:50:00,071 INFO o.a.j.t.JMeterThread: Thread started: Grupo De Hilos 1-260
2020-03-21 09:50:00,482 INFO o.a.j.t.JMeterThread: Thread started: Grupo De Hilos 1-261
2020-03-21 09:50:00,872 INFO o.a.j.t.JMeterThread: Thread started: Grupo De Hilos 1-262
2020-03-21 09:50:01,276 INFO o.a.j.t.JMeterThread: Thread started: Grupo De Hilos 1-263
2020-03-21 09:50:01,672 INFO o.a.j.t.JMeterThread: Thread started: Grupo De Hilos 1-264
2020-03-21 09:50:02,072 INFO o.a.j.t.JMeterThread: Thread started: Grupo De Hilos 1-265
2020-03-21 09:50:02,471 INFO o.a.j.t.JMeterThread: Thread started: Grupo De Hilos 1-266
2020-03-21 09:50:02,873 INFO o.a.j.t.JMeterThread: Thread started: Grupo De Hilos 1-267
2020-03-21 09:50:03,274 INFO o.a.j.t.JMeterThread: Thread started: Grupo De Hilos 1-268
2020-03-21 09:50:03,672 INFO o.a.j.t.JMeterThread: Thread started: Grupo De Hilos 1-269
2020-03-21 09:50:04,072 INFO o.a.j.t.JMeterThread: Thread started: Grupo De Hilos 1-270
2020-03-21 09:50:04,477 INFO o.a.j.t.JMeterThread: Thread started: Grupo De Hilos 1-271
2020-03-21 09:50:04,874 INFO o.a.j.t.JMeterThread: Thread started: Grupo De Hilos 1-272
2020-03-21 09:50:05,282 INFO o.a.j.t.JMeterThread: Thread started: Grupo De Hilos 1-273
2020-03-21 09:50:05,671 INFO o.a.j.t.JMeterThread: Thread started: Grupo De Hilos 1-274
2020-03-21 09:50:06,072 INFO o.a.j.t.JMeterThread: Thread started: Grupo De Hilos 1-275
2020-03-21 09:50:06,473 INFO o.a.j.t.JMeterThread: Thread started: Grupo De Hilos 1-276
2020-03-21 09:50:06,872 INFO o.a.j.t.JMeterThread: Thread started: Grupo De Hilos 1-277
2020-03-21 09:50:07,272 INFO o.a.j.t.JMeterThread: Thread started: Grupo De Hilos 1-278
2020-03-21 09:50:07,672 INFO o.a.j.t.JMeterThread: Thread started: Grupo De Hilos 1-279
2020-03-21 09:50:08,072 INFO o.a.j.t.JMeterThread: Thread started: Grupo De Hilos 1-280
2020-03-21 09:50:08,471 INFO o.a.j.t.JMeterThread: Thread started: Grupo De Hilos 1-281
2020-03-21 09:50:08,896 INFO o.a.j.t.JMeterThread: Thread started: Grupo De Hilos 1-282
2020-03-21 09:50:09,281 INFO o.a.j.t.JMeterThread: Thread started: Grupo De Hilos 1-283
2020-03-21 09:50:09,680 INFO o.a.j.t.JMeterThread: Thread started: Grupo De Hilos 1-284
2020-03-21 09:50:10,073 INFO o.a.j.t.JMeterThread: Thread started: Grupo De Hilos 1-285
2020-03-21 09:50:10,478 INFO o.a.j.t.JMeterThread: Thread started: Grupo De Hilos 1-286
2020-03-21 09:50:10,884 INFO o.a.j.t.JMeterThread: Thread started: Grupo De Hilos 1-287
2020-03-21 09:50:11,275 INFO o.a.j.t.JMeterThread: Thread started: Grupo De Hilos 1-288
2020-03-21 09:50:11,687 INFO o.a.j.t.JMeterThread: Thread started: Grupo De Hilos 1-289
2020-03-21 09:50:12,079 INFO o.a.j.t.JMeterThread: Thread started: Grupo De Hilos 1-290
2020-03-21 09:50:12,480 INFO o.a.j.t.JMeterThread: Thread started: Grupo De Hilos 1-291
2020-03-21 09:50:12,886 INFO o.a.j.t.JMeterThread: Thread started: Grupo De Hilos 1-292
2020-03-21 09:50:13,279 INFO o.a.j.t.JMeterThread: Thread started: Grupo De Hilos 1-293
2020-03-21 09:50:13,723 INFO o.a.j.t.JMeterThread: Thread started: Grupo De Hilos 1-294
2020-03-21 09:50:14,121 INFO o.a.j.t.JMeterThread: Thread started: Grupo De Hilos 1-295
2020-03-21 09:50:14,492 INFO o.a.j.t.JMeterThread: Thread started: Grupo De Hilos 1-296
2020-03-21 09:50:14,883 INFO o.a.j.t.JMeterThread: Thread started: Grupo De Hilos 1-297
2020-03-21 09:50:15,286 INFO o.a.j.t.JMeterThread: Thread started: Grupo De Hilos 1-298
2020-03-21 09:50:15,688 INFO o.a.j.t.JMeterThread: Thread started: Grupo De Hilos 1-299
2020-03-21 09:50:16,080 INFO o.a.j.t.JMeterThread: Thread started: Grupo De Hilos 1-300
2020-03-21 09:50:30,189 INFO o.a.j.r.Summariser: summary +     70 in 00:01:30 =    0.8/s Avg: 26657 Min:    43 Max: 62393 Err:     0 (0.00%) Active: 300 Started: 300 Finished: 0
2020-03-21 09:50:30,190 INFO o.a.j.r.Summariser: summary =    180 in 00:02:14 =    1.3/s Avg: 10398 Min:    42 Max: 62393 Err:     0 (0.00%)
2020-03-21 09:51:00,222 INFO o.a.j.r.Summariser: summary +     75 in 00:00:30 =    2.5/s Avg: 62140 Min: 62055 Max: 62252 Err:     0 (0.00%) Active: 300 Started: 300 Finished: 0
2020-03-21 09:51:00,226 INFO o.a.j.r.Summariser: summary =    255 in 00:02:44 =    1.6/s Avg: 25617 Min:    42 Max: 62393 Err:     0 (0.00%)
2020-03-21 09:54:16,565 INFO o.a.j.t.JMeterThread: Stopping because end time detected by thread: Grupo De Hilos 1-8
2020-03-21 09:54:16,565 INFO o.a.j.t.JMeterThread: Thread finished: Grupo De Hilos 1-8
2020-03-21 09:54:16,580 INFO o.a.j.t.JMeterThread: Stopping because end time detected by thread: Grupo De Hilos 1-23
2020-03-21 09:54:16,581 INFO o.a.j.t.JMeterThread: Thread finished: Grupo De Hilos 1-23
2020-03-21 09:54:16,592 INFO o.a.j.t.JMeterThread: Stopping because end time detected by thread: Grupo De Hilos 1-46
2020-03-21 09:54:16,592 INFO o.a.j.t.JMeterThread: Stopping because end time detected by thread: Grupo De Hilos 1-36
2020-03-21 09:54:16,593 INFO o.a.j.t.JMeterThread: Thread finished: Grupo De Hilos 1-36
2020-03-21 09:54:16,593 INFO o.a.j.t.JMeterThread: Stopping because end time detected by thread: Grupo De Hilos 1-20
2020-03-21 09:54:16,593 INFO o.a.j.t.JMeterThread: Thread finished: Grupo De Hilos 1-46
2020-03-21 09:54:16,594 INFO o.a.j.t.JMeterThread: Stopping because end time detected by thread: Grupo De Hilos 1-29
2020-03-21 09:54:16,594 INFO o.a.j.t.JMeterThread: Thread finished: Grupo De Hilos 1-29
2020-03-21 09:54:16,597 INFO o.a.j.t.JMeterThread: Stopping because end time detected by thread: Grupo De Hilos 1-33
2020-03-21 09:54:16,597 INFO o.a.j.t.JMeterThread: Thread finished: Grupo De Hilos 1-33
2020-03-21 09:54:16,600 INFO o.a.j.t.JMeterThread: Thread finished: Grupo De Hilos 1-20
2020-03-21 09:54:16,601 INFO o.a.j.t.JMeterThread: Stopping because end time detected by thread: Grupo De Hilos 1-14
2020-03-21 09:54:16,601 INFO o.a.j.t.JMeterThread: Thread finished: Grupo De Hilos 1-14
2020-03-21 09:54:16,604 INFO o.a.j.t.JMeterThread: Stopping because end time detected by thread: Grupo De Hilos 1-10
2020-03-21 09:54:16,604 INFO o.a.j.t.JMeterThread: Stopping because end time detected by thread: Grupo De Hilos 1-42
2020-03-21 09:54:16,605 INFO o.a.j.t.JMeterThread: Thread finished: Grupo De Hilos 1-10
2020-03-21 09:54:16,605 INFO o.a.j.t.JMeterThread: Thread finished: Grupo De Hilos 1-42
2020-03-21 09:54:16,617 INFO o.a.j.t.JMeterThread: Stopping because end time detected by thread: Grupo De Hilos 1-60
2020-03-21 09:54:16,617 INFO o.a.j.t.JMeterThread: Stopping because end time detected by thread: Grupo De Hilos 1-1
2020-03-21 09:54:16,617 INFO o.a.j.t.JMeterThread: Stopping because end time detected by thread: Grupo De Hilos 1-35
2020-03-21 09:54:16,617 INFO o.a.j.t.JMeterThread: Thread finished: Grupo De Hilos 1-60
2020-03-21 09:54:16,617 INFO o.a.j.t.JMeterThread: Thread finished: Grupo De Hilos 1-35
2020-03-21 09:54:16,618 INFO o.a.j.t.JMeterThread: Stopping because end time detected by thread: Grupo De Hilos 1-9
2020-03-21 09:54:16,618 INFO o.a.j.t.JMeterThread: Thread finished: Grupo De Hilos 1-9
2020-03-21 09:54:16,617 INFO o.a.j.t.JMeterThread: Thread finished: Grupo De Hilos 1-1
2020-03-21 09:54:16,649 INFO o.a.j.t.JMeterThread: Stopping because end time detected by thread: Grupo De Hilos 1-57
2020-03-21 09:54:16,649 INFO o.a.j.t.JMeterThread: Thread finished: Grupo De Hilos 1-57
2020-03-21 09:54:16,650 INFO o.a.j.t.JMeterThread: Stopping because end time detected by thread: Grupo De Hilos 1-82
2020-03-21 09:54:16,650 INFO o.a.j.t.JMeterThread: Thread finished: Grupo De Hilos 1-82
2020-03-21 09:54:16,656 INFO o.a.j.t.JMeterThread: Stopping because end time detected by thread: Grupo De Hilos 1-31
2020-03-21 09:54:16,657 INFO o.a.j.t.JMeterThread: Thread finished: Grupo De Hilos 1-31
2020-03-21 09:54:16,660 INFO o.a.j.t.JMeterThread: Stopping because end time detected by thread: Grupo De Hilos 1-52
2020-03-21 09:54:16,661 INFO o.a.j.t.JMeterThread: Thread finished: Grupo De Hilos 1-52
2020-03-21 09:54:16,672 INFO o.a.j.t.JMeterThread: Stopping because end time detected by thread: Grupo De Hilos 1-67
2020-03-21 09:54:16,673 INFO o.a.j.t.JMeterThread: Thread finished: Grupo De Hilos 1-67
2020-03-21 09:54:16,673 INFO o.a.j.t.JMeterThread: Stopping because end time detected by thread: Grupo De Hilos 1-88
2020-03-21 09:54:16,674 INFO o.a.j.t.JMeterThread: Thread finished: Grupo De Hilos 1-88
2020-03-21 09:54:16,674 INFO o.a.j.t.JMeterThread: Stopping because end time detected by thread: Grupo De Hilos 1-69
2020-03-21 09:54:16,674 INFO o.a.j.t.JMeterThread: Thread finished: Grupo De Hilos 1-69
2020-03-21 09:54:16,674 INFO o.a.j.t.JMeterThread: Stopping because end time detected by thread: Grupo De Hilos 1-18
2020-03-21 09:54:16,674 INFO o.a.j.t.JMeterThread: Thread finished: Grupo De Hilos 1-18
2020-03-21 09:54:16,681 INFO o.a.j.t.JMeterThread: Stopping because end time detected by thread: Grupo De Hilos 1-28
2020-03-21 09:54:16,681 INFO o.a.j.t.JMeterThread: Thread finished: Grupo De Hilos 1-28
2020-03-21 09:54:16,682 INFO o.a.j.t.JMeterThread: Stopping because end time detected by thread: Grupo De Hilos 1-3
2020-03-21 09:54:16,682 INFO o.a.j.t.JMeterThread: Stopping because end time detected by thread: Grupo De Hilos 1-58
2020-03-21 09:54:16,682 INFO o.a.j.t.JMeterThread: Thread finished: Grupo De Hilos 1-3
2020-03-21 09:54:16,682 INFO o.a.j.t.JMeterThread: Thread finished: Grupo De Hilos 1-58
2020-03-21 09:54:16,688 INFO o.a.j.t.JMeterThread: Stopping because end time detected by thread: Grupo De Hilos 1-16
2020-03-21 09:54:16,689 INFO o.a.j.t.JMeterThread: Thread finished: Grupo De Hilos 1-16
2020-03-21 09:54:16,696 INFO o.a.j.t.JMeterThread: Stopping because end time detected by thread: Grupo De Hilos 1-66
2020-03-21 09:54:16,697 INFO o.a.j.t.JMeterThread: Thread finished: Grupo De Hilos 1-66
2020-03-21 09:54:16,700 INFO o.a.j.t.JMeterThread: Stopping because end time detected by thread: Grupo De Hilos 1-5
2020-03-21 09:54:16,701 INFO o.a.j.t.JMeterThread: Stopping because end time detected by thread: Grupo De Hilos 1-90
2020-03-21 09:54:16,701 INFO o.a.j.t.JMeterThread: Thread finished: Grupo De Hilos 1-5
2020-03-21 09:54:16,701 INFO o.a.j.t.JMeterThread: Thread finished: Grupo De Hilos 1-90
2020-03-21 09:54:16,708 INFO o.a.j.t.JMeterThread: Stopping because end time detected by thread: Grupo De Hilos 1-115
2020-03-21 09:54:16,709 INFO o.a.j.t.JMeterThread: Thread finished: Grupo De Hilos 1-115
2020-03-21 09:54:16,712 INFO o.a.j.t.JMeterThread: Stopping because end time detected by thread: Grupo De Hilos 1-99
2020-03-21 09:54:16,713 INFO o.a.j.t.JMeterThread: Stopping because end time detected by thread: Grupo De Hilos 1-85
2020-03-21 09:54:16,713 INFO o.a.j.t.JMeterThread: Thread finished: Grupo De Hilos 1-99
2020-03-21 09:54:16,713 INFO o.a.j.t.JMeterThread: Thread finished: Grupo De Hilos 1-85
2020-03-21 09:54:16,713 INFO o.a.j.t.JMeterThread: Stopping because end time detected by thread: Grupo De Hilos 1-2
2020-03-21 09:54:16,714 INFO o.a.j.t.JMeterThread: Thread finished: Grupo De Hilos 1-2
2020-03-21 09:54:16,714 INFO o.a.j.t.JMeterThread: Stopping because end time detected by thread: Grupo De Hilos 1-68
2020-03-21 09:54:16,714 INFO o.a.j.t.JMeterThread: Thread finished: Grupo De Hilos 1-68
2020-03-21 09:54:16,715 INFO o.a.j.t.JMeterThread: Stopping because end time detected by thread: Grupo De Hilos 1-81
2020-03-21 09:54:16,715 INFO o.a.j.t.JMeterThread: Thread finished: Grupo De Hilos 1-81
2020-03-21 09:54:16,716 INFO o.a.j.t.JMeterThread: Stopping because end time detected by thread: Grupo De Hilos 1-94
2020-03-21 09:54:16,717 INFO o.a.j.t.JMeterThread: Thread finished: Grupo De Hilos 1-94
2020-03-21 09:54:16,719 INFO o.a.j.t.JMeterThread: Stopping because end time detected by thread: Grupo De Hilos 1-38
2020-03-21 09:54:16,719 INFO o.a.j.t.JMeterThread: Thread finished: Grupo De Hilos 1-38
2020-03-21 09:54:16,720 INFO o.a.j.t.JMeterThread: Stopping because end time detected by thread: Grupo De Hilos 1-75
2020-03-21 09:54:16,721 INFO o.a.j.t.JMeterThread: Thread finished: Grupo De Hilos 1-75
2020-03-21 09:54:16,721 INFO o.a.j.t.JMeterThread: Stopping because end time detected by thread: Grupo De Hilos 1-4
2020-03-21 09:54:16,722 INFO o.a.j.t.JMeterThread: Thread finished: Grupo De Hilos 1-4
2020-03-21 09:54:16,722 INFO o.a.j.t.JMeterThread: Stopping because end time detected by thread: Grupo De Hilos 1-123
2020-03-21 09:54:16,722 INFO o.a.j.t.JMeterThread: Thread finished: Grupo De Hilos 1-123
2020-03-21 09:54:16,724 INFO o.a.j.t.JMeterThread: Stopping because end time detected by thread: Grupo De Hilos 1-34
2020-03-21 09:54:16,725 INFO o.a.j.t.JMeterThread: Thread finished: Grupo De Hilos 1-34
2020-03-21 09:54:16,725 INFO o.a.j.t.JMeterThread: Stopping because end time detected by thread: Grupo De Hilos 1-124
2020-03-21 09:54:16,725 INFO o.a.j.t.JMeterThread: Thread finished: Grupo De Hilos 1-124
2020-03-21 09:54:16,724 INFO o.a.j.t.JMeterThread: Stopping because end time detected by thread: Grupo De Hilos 1-79
2020-03-21 09:54:16,726 INFO o.a.j.t.JMeterThread: Thread finished: Grupo De Hilos 1-79
2020-03-21 09:54:16,728 INFO o.a.j.t.JMeterThread: Stopping because end time detected by thread: Grupo De Hilos 1-78
2020-03-21 09:54:16,729 INFO o.a.j.t.JMeterThread: Thread finished: Grupo De Hilos 1-78
2020-03-21 09:54:16,732 INFO o.a.j.t.JMeterThread: Stopping because end time detected by thread: Grupo De Hilos 1-98
2020-03-21 09:54:16,733 INFO o.a.j.t.JMeterThread: Thread finished: Grupo De Hilos 1-98
2020-03-21 09:54:16,788 INFO o.a.j.t.JMeterThread: Stopping because end time detected by thread: Grupo De Hilos 1-147
2020-03-21 09:54:16,788 INFO o.a.j.t.JMeterThread: Stopping because end time detected by thread: Grupo De Hilos 1-12
2020-03-21 09:54:16,789 INFO o.a.j.t.JMeterThread: Thread finished: Grupo De Hilos 1-147
2020-03-21 09:54:16,789 INFO o.a.j.t.JMeterThread: Thread finished: Grupo De Hilos 1-12
2020-03-21 09:54:16,789 INFO o.a.j.t.JMeterThread: Stopping because end time detected by thread: Grupo De Hilos 1-30
2020-03-21 09:54:16,790 INFO o.a.j.t.JMeterThread: Thread finished: Grupo De Hilos 1-30
2020-03-21 09:54:16,790 INFO o.a.j.t.JMeterThread: Stopping because end time detected by thread: Grupo De Hilos 1-121
2020-03-21 09:54:16,790 INFO o.a.j.t.JMeterThread: Stopping because end time detected by thread: Grupo De Hilos 1-133
2020-03-21 09:54:16,790 INFO o.a.j.t.JMeterThread: Thread finished: Grupo De Hilos 1-121
2020-03-21 09:54:16,790 INFO o.a.j.t.JMeterThread: Thread finished: Grupo De Hilos 1-133
2020-03-21 09:54:16,791 INFO o.a.j.t.JMeterThread: Stopping because end time detected by thread: Grupo De Hilos 1-72
2020-03-21 09:54:16,791 INFO o.a.j.t.JMeterThread: Stopping because end time detected by thread: Grupo De Hilos 1-131
2020-03-21 09:54:16,791 INFO o.a.j.t.JMeterThread: Thread finished: Grupo De Hilos 1-72
2020-03-21 09:54:16,791 INFO o.a.j.t.JMeterThread: Thread finished: Grupo De Hilos 1-131
2020-03-21 09:54:16,791 INFO o.a.j.t.JMeterThread: Stopping because end time detected by thread: Grupo De Hilos 1-127
2020-03-21 09:54:16,792 INFO o.a.j.t.JMeterThread: Thread finished: Grupo De Hilos 1-127
2020-03-21 09:54:16,792 INFO o.a.j.t.JMeterThread: Stopping because end time detected by thread: Grupo De Hilos 1-134
2020-03-21 09:54:16,792 INFO o.a.j.t.JMeterThread: Stopping because end time detected by thread: Grupo De Hilos 1-76
2020-03-21 09:54:16,792 INFO o.a.j.t.JMeterThread: Thread finished: Grupo De Hilos 1-76
2020-03-21 09:54:16,793 INFO o.a.j.t.JMeterThread: Thread finished: Grupo De Hilos 1-134
2020-03-21 09:54:16,797 INFO o.a.j.t.JMeterThread: Stopping because end time detected by thread: Grupo De Hilos 1-74
2020-03-21 09:54:16,797 INFO o.a.j.t.JMeterThread: Stopping because end time detected by thread: Grupo De Hilos 1-84
2020-03-21 09:54:16,797 INFO o.a.j.t.JMeterThread: Stopping because end time detected by thread: Grupo De Hilos 1-128
2020-03-21 09:54:16,797 INFO o.a.j.t.JMeterThread: Thread finished: Grupo De Hilos 1-74
2020-03-21 09:54:16,797 INFO o.a.j.t.JMeterThread: Thread finished: Grupo De Hilos 1-84
2020-03-21 09:54:16,797 INFO o.a.j.t.JMeterThread: Thread finished: Grupo De Hilos 1-128
2020-03-21 09:54:16,797 INFO o.a.j.t.JMeterThread: Stopping because end time detected by thread: Grupo De Hilos 1-51
2020-03-21 09:54:16,797 INFO o.a.j.t.JMeterThread: Stopping because end time detected by thread: Grupo De Hilos 1-59
2020-03-21 09:54:16,798 INFO o.a.j.t.JMeterThread: Stopping because end time detected by thread: Grupo De Hilos 1-64
2020-03-21 09:54:16,798 INFO o.a.j.t.JMeterThread: Thread finished: Grupo De Hilos 1-64
2020-03-21 09:54:16,798 INFO o.a.j.t.JMeterThread: Thread finished: Grupo De Hilos 1-59
2020-03-21 09:54:16,798 INFO o.a.j.t.JMeterThread: Thread finished: Grupo De Hilos 1-51
2020-03-21 09:54:16,798 INFO o.a.j.t.JMeterThread: Stopping because end time detected by thread: Grupo De Hilos 1-87
2020-03-21 09:54:16,798 INFO o.a.j.t.JMeterThread: Thread finished: Grupo De Hilos 1-87
2020-03-21 09:54:16,798 INFO o.a.j.t.JMeterThread: Stopping because end time detected by thread: Grupo De Hilos 1-130
2020-03-21 09:54:16,799 INFO o.a.j.t.JMeterThread: Thread finished: Grupo De Hilos 1-130
2020-03-21 09:54:16,799 INFO o.a.j.t.JMeterThread: Stopping because end time detected by thread: Grupo De Hilos 1-112
2020-03-21 09:54:16,799 INFO o.a.j.t.JMeterThread: Thread finished: Grupo De Hilos 1-112
2020-03-21 09:54:16,799 INFO o.a.j.t.JMeterThread: Stopping because end time detected by thread: Grupo De Hilos 1-44
2020-03-21 09:54:16,799 INFO o.a.j.t.JMeterThread: Stopping because end time detected by thread: Grupo De Hilos 1-152
2020-03-21 09:54:16,799 INFO o.a.j.t.JMeterThread: Thread finished: Grupo De Hilos 1-44
2020-03-21 09:54:16,799 INFO o.a.j.t.JMeterThread: Thread finished: Grupo De Hilos 1-152
2020-03-21 09:54:16,800 INFO o.a.j.t.JMeterThread: Stopping because end time detected by thread: Grupo De Hilos 1-177
2020-03-21 09:54:16,800 INFO o.a.j.t.JMeterThread: Thread finished: Grupo De Hilos 1-177
2020-03-21 09:54:16,800 INFO o.a.j.t.JMeterThread: Stopping because end time detected by thread: Grupo De Hilos 1-158
2020-03-21 09:54:16,800 INFO o.a.j.t.JMeterThread: Stopping because end time detected by thread: Grupo De Hilos 1-161
2020-03-21 09:54:16,801 INFO o.a.j.t.JMeterThread: Thread finished: Grupo De Hilos 1-158
2020-03-21 09:54:16,801 INFO o.a.j.t.JMeterThread: Stopping because end time detected by thread: Grupo De Hilos 1-96
2020-03-21 09:54:16,801 INFO o.a.j.t.JMeterThread: Thread finished: Grupo De Hilos 1-96
2020-03-21 09:54:16,802 INFO o.a.j.t.JMeterThread: Stopping because end time detected by thread: Grupo De Hilos 1-143
2020-03-21 09:54:16,802 INFO o.a.j.t.JMeterThread: Stopping because end time detected by thread: Grupo De Hilos 1-141
2020-03-21 09:54:16,802 INFO o.a.j.t.JMeterThread: Thread finished: Grupo De Hilos 1-143
2020-03-21 09:54:16,802 INFO o.a.j.t.JMeterThread: Thread finished: Grupo De Hilos 1-141
2020-03-21 09:54:16,802 INFO o.a.j.t.JMeterThread: Stopping because end time detected by thread: Grupo De Hilos 1-77
2020-03-21 09:54:16,802 INFO o.a.j.t.JMeterThread: Stopping because end time detected by thread: Grupo De Hilos 1-100
2020-03-21 09:54:16,803 INFO o.a.j.t.JMeterThread: Thread finished: Grupo De Hilos 1-77
2020-03-21 09:54:16,803 INFO o.a.j.t.JMeterThread: Thread finished: Grupo De Hilos 1-100
2020-03-21 09:54:16,803 INFO o.a.j.t.JMeterThread: Thread finished: Grupo De Hilos 1-161
2020-03-21 09:54:16,803 INFO o.a.j.t.JMeterThread: Stopping because end time detected by thread: Grupo De Hilos 1-109
2020-03-21 09:54:16,804 INFO o.a.j.t.JMeterThread: Stopping because end time detected by thread: Grupo De Hilos 1-126
2020-03-21 09:54:16,804 INFO o.a.j.t.JMeterThread: Stopping because end time detected by thread: Grupo De Hilos 1-102
2020-03-21 09:54:16,804 INFO o.a.j.t.JMeterThread: Thread finished: Grupo De Hilos 1-126
2020-03-21 09:54:16,804 INFO o.a.j.t.JMeterThread: Stopping because end time detected by thread: Grupo De Hilos 1-122
2020-03-21 09:54:16,804 INFO o.a.j.t.JMeterThread: Thread finished: Grupo De Hilos 1-122
2020-03-21 09:54:16,803 INFO o.a.j.t.JMeterThread: Stopping because end time detected by thread: Grupo De Hilos 1-162
2020-03-21 09:54:16,805 INFO o.a.j.t.JMeterThread: Thread finished: Grupo De Hilos 1-109
2020-03-21 09:54:16,804 INFO o.a.j.t.JMeterThread: Stopping because end time detected by thread: Grupo De Hilos 1-169
2020-03-21 09:54:16,805 INFO o.a.j.t.JMeterThread: Stopping because end time detected by thread: Grupo De Hilos 1-168
2020-03-21 09:54:16,805 INFO o.a.j.t.JMeterThread: Thread finished: Grupo De Hilos 1-169
2020-03-21 09:54:16,805 INFO o.a.j.t.JMeterThread: Thread finished: Grupo De Hilos 1-168
2020-03-21 09:54:16,806 INFO o.a.j.t.JMeterThread: Stopping because end time detected by thread: Grupo De Hilos 1-179
2020-03-21 09:54:16,804 INFO o.a.j.t.JMeterThread: Thread finished: Grupo De Hilos 1-102
2020-03-21 09:54:16,805 INFO o.a.j.t.JMeterThread: Stopping because end time detected by thread: Grupo De Hilos 1-166
2020-03-21 09:54:16,805 INFO o.a.j.t.JMeterThread: Stopping because end time detected by thread: Grupo De Hilos 1-184
2020-03-21 09:54:16,805 INFO o.a.j.t.JMeterThread: Stopping because end time detected by thread: Grupo De Hilos 1-91
2020-03-21 09:54:16,806 INFO o.a.j.t.JMeterThread: Thread finished: Grupo De Hilos 1-184
2020-03-21 09:54:16,806 INFO o.a.j.t.JMeterThread: Thread finished: Grupo De Hilos 1-91
2020-03-21 09:54:16,805 INFO o.a.j.t.JMeterThread: Stopping because end time detected by thread: Grupo De Hilos 1-176
2020-03-21 09:54:16,805 INFO o.a.j.t.JMeterThread: Stopping because end time detected by thread: Grupo De Hilos 1-125
2020-03-21 09:54:16,805 INFO o.a.j.t.JMeterThread: Thread finished: Grupo De Hilos 1-162
2020-03-21 09:54:16,806 INFO o.a.j.t.JMeterThread: Thread finished: Grupo De Hilos 1-125
2020-03-21 09:54:16,806 INFO o.a.j.t.JMeterThread: Thread finished: Grupo De Hilos 1-176
2020-03-21 09:54:16,807 INFO o.a.j.t.JMeterThread: Thread finished: Grupo De Hilos 1-166
2020-03-21 09:54:16,806 INFO o.a.j.t.JMeterThread: Thread finished: Grupo De Hilos 1-179
2020-03-21 09:54:16,808 INFO o.a.j.t.JMeterThread: Stopping because end time detected by thread: Grupo De Hilos 1-159
2020-03-21 09:54:16,808 INFO o.a.j.t.JMeterThread: Stopping because end time detected by thread: Grupo De Hilos 1-104
2020-03-21 09:54:16,808 INFO o.a.j.t.JMeterThread: Stopping because end time detected by thread: Grupo De Hilos 1-108
2020-03-21 09:54:16,808 INFO o.a.j.t.JMeterThread: Stopping because end time detected by thread: Grupo De Hilos 1-140
2020-03-21 09:54:16,808 INFO o.a.j.t.JMeterThread: Thread finished: Grupo De Hilos 1-159
2020-03-21 09:54:16,808 INFO o.a.j.t.JMeterThread: Thread finished: Grupo De Hilos 1-140
2020-03-21 09:54:16,808 INFO o.a.j.t.JMeterThread: Stopping because end time detected by thread: Grupo De Hilos 1-65
2020-03-21 09:54:16,808 INFO o.a.j.t.JMeterThread: Thread finished: Grupo De Hilos 1-65
2020-03-21 09:54:16,808 INFO o.a.j.t.JMeterThread: Stopping because end time detected by thread: Grupo De Hilos 1-132
2020-03-21 09:54:16,809 INFO o.a.j.t.JMeterThread: Thread finished: Grupo De Hilos 1-108
2020-03-21 09:54:16,808 INFO o.a.j.t.JMeterThread: Stopping because end time detected by thread: Grupo De Hilos 1-92
2020-03-21 09:54:16,809 INFO o.a.j.t.JMeterThread: Thread finished: Grupo De Hilos 1-104
2020-03-21 09:54:16,809 INFO o.a.j.t.JMeterThread: Thread finished: Grupo De Hilos 1-92
2020-03-21 09:54:16,809 INFO o.a.j.t.JMeterThread: Stopping because end time detected by thread: Grupo De Hilos 1-170
2020-03-21 09:54:16,809 INFO o.a.j.t.JMeterThread: Thread finished: Grupo De Hilos 1-170
2020-03-21 09:54:16,809 INFO o.a.j.t.JMeterThread: Thread finished: Grupo De Hilos 1-132
2020-03-21 09:54:16,810 INFO o.a.j.t.JMeterThread: Stopping because end time detected by thread: Grupo De Hilos 1-144
2020-03-21 09:54:16,810 INFO o.a.j.t.JMeterThread: Thread finished: Grupo De Hilos 1-144
2020-03-21 09:54:16,811 INFO o.a.j.t.JMeterThread: Stopping because end time detected by thread: Grupo De Hilos 1-89
2020-03-21 09:54:16,811 INFO o.a.j.t.JMeterThread: Stopping because end time detected by thread: Grupo De Hilos 1-113
2020-03-21 09:54:16,811 INFO o.a.j.t.JMeterThread: Stopping because end time detected by thread: Grupo De Hilos 1-182
2020-03-21 09:54:16,812 INFO o.a.j.t.JMeterThread: Thread finished: Grupo De Hilos 1-89
2020-03-21 09:54:16,812 INFO o.a.j.t.JMeterThread: Thread finished: Grupo De Hilos 1-182
2020-03-21 09:54:16,812 INFO o.a.j.t.JMeterThread: Thread finished: Grupo De Hilos 1-113
2020-03-21 09:54:16,813 INFO o.a.j.t.JMeterThread: Stopping because end time detected by thread: Grupo De Hilos 1-97
2020-03-21 09:54:16,813 INFO o.a.j.t.JMeterThread: Thread finished: Grupo De Hilos 1-97
2020-03-21 09:54:16,813 INFO o.a.j.t.JMeterThread: Stopping because end time detected by thread: Grupo De Hilos 1-188
2020-03-21 09:54:16,813 INFO o.a.j.t.JMeterThread: Stopping because end time detected by thread: Grupo De Hilos 1-149
2020-03-21 09:54:16,813 INFO o.a.j.t.JMeterThread: Stopping because end time detected by thread: Grupo De Hilos 1-190
2020-03-21 09:54:16,814 INFO o.a.j.t.JMeterThread: Thread finished: Grupo De Hilos 1-188
2020-03-21 09:54:16,814 INFO o.a.j.t.JMeterThread: Thread finished: Grupo De Hilos 1-149
2020-03-21 09:54:16,814 INFO o.a.j.t.JMeterThread: Thread finished: Grupo De Hilos 1-190
2020-03-21 09:54:16,816 INFO o.a.j.t.JMeterThread: Stopping because end time detected by thread: Grupo De Hilos 1-19
2020-03-21 09:54:16,817 INFO o.a.j.t.JMeterThread: Thread finished: Grupo De Hilos 1-19
2020-03-21 09:54:16,820 INFO o.a.j.t.JMeterThread: Stopping because end time detected by thread: Grupo De Hilos 1-155
2020-03-21 09:54:16,821 INFO o.a.j.t.JMeterThread: Stopping because end time detected by thread: Grupo De Hilos 1-7
2020-03-21 09:54:16,821 INFO o.a.j.t.JMeterThread: Stopping because end time detected by thread: Grupo De Hilos 1-103
2020-03-21 09:54:16,821 INFO o.a.j.t.JMeterThread: Thread finished: Grupo De Hilos 1-7
2020-03-21 09:54:16,821 INFO o.a.j.t.JMeterThread: Thread finished: Grupo De Hilos 1-103
2020-03-21 09:54:16,822 INFO o.a.j.t.JMeterThread: Stopping because end time detected by thread: Grupo De Hilos 1-61
2020-03-21 09:54:16,822 INFO o.a.j.t.JMeterThread: Thread finished: Grupo De Hilos 1-61
2020-03-21 09:54:16,822 INFO o.a.j.t.JMeterThread: Thread finished: Grupo De Hilos 1-155
2020-03-21 09:54:16,825 INFO o.a.j.t.JMeterThread: Stopping because end time detected by thread: Grupo De Hilos 1-180
2020-03-21 09:54:16,825 INFO o.a.j.t.JMeterThread: Stopping because end time detected by thread: Grupo De Hilos 1-111
2020-03-21 09:54:16,825 INFO o.a.j.t.JMeterThread: Stopping because end time detected by thread: Grupo De Hilos 1-71
2020-03-21 09:54:16,825 INFO o.a.j.t.JMeterThread: Thread finished: Grupo De Hilos 1-111
2020-03-21 09:54:16,825 INFO o.a.j.t.JMeterThread: Stopping because end time detected by thread: Grupo De Hilos 1-27
2020-03-21 09:54:16,825 INFO o.a.j.t.JMeterThread: Thread finished: Grupo De Hilos 1-27
2020-03-21 09:54:16,825 INFO o.a.j.t.JMeterThread: Stopping because end time detected by thread: Grupo De Hilos 1-197
2020-03-21 09:54:16,826 INFO o.a.j.t.JMeterThread: Thread finished: Grupo De Hilos 1-197
2020-03-21 09:54:16,826 INFO o.a.j.t.JMeterThread: Stopping because end time detected by thread: Grupo De Hilos 1-119
2020-03-21 09:54:16,826 INFO o.a.j.t.JMeterThread: Thread finished: Grupo De Hilos 1-119
2020-03-21 09:54:16,826 INFO o.a.j.t.JMeterThread: Stopping because end time detected by thread: Grupo De Hilos 1-118
2020-03-21 09:54:16,826 INFO o.a.j.t.JMeterThread: Thread finished: Grupo De Hilos 1-118
2020-03-21 09:54:16,826 INFO o.a.j.t.JMeterThread: Thread finished: Grupo De Hilos 1-71
2020-03-21 09:54:16,828 INFO o.a.j.t.JMeterThread: Stopping because end time detected by thread: Grupo De Hilos 1-136
2020-03-21 09:54:16,829 INFO o.a.j.t.JMeterThread: Thread finished: Grupo De Hilos 1-136
2020-03-21 09:54:16,831 INFO o.a.j.t.JMeterThread: Stopping because end time detected by thread: Grupo De Hilos 1-224
2020-03-21 09:54:16,831 INFO o.a.j.t.JMeterThread: Thread finished: Grupo De Hilos 1-224
2020-03-21 09:54:16,832 INFO o.a.j.t.JMeterThread: Stopping because end time detected by thread: Grupo De Hilos 1-129
2020-03-21 09:54:16,833 INFO o.a.j.t.JMeterThread: Stopping because end time detected by thread: Grupo De Hilos 1-226
2020-03-21 09:54:16,833 INFO o.a.j.t.JMeterThread: Thread finished: Grupo De Hilos 1-129
2020-03-21 09:54:16,833 INFO o.a.j.t.JMeterThread: Thread finished: Grupo De Hilos 1-226
2020-03-21 09:54:16,833 INFO o.a.j.t.JMeterThread: Stopping because end time detected by thread: Grupo De Hilos 1-175
2020-03-21 09:54:16,833 INFO o.a.j.t.JMeterThread: Thread finished: Grupo De Hilos 1-180
2020-03-21 09:54:16,833 INFO o.a.j.t.JMeterThread: Stopping because end time detected by thread: Grupo De Hilos 1-70
2020-03-21 09:54:16,833 INFO o.a.j.t.JMeterThread: Thread finished: Grupo De Hilos 1-70
2020-03-21 09:54:16,834 INFO o.a.j.t.JMeterThread: Stopping because end time detected by thread: Grupo De Hilos 1-56
2020-03-21 09:54:16,834 INFO o.a.j.t.JMeterThread: Thread finished: Grupo De Hilos 1-56
2020-03-21 09:54:16,834 INFO o.a.j.t.JMeterThread: Stopping because end time detected by thread: Grupo De Hilos 1-93
2020-03-21 09:54:16,834 INFO o.a.j.t.JMeterThread: Thread finished: Grupo De Hilos 1-93
2020-03-21 09:54:16,835 INFO o.a.j.t.JMeterThread: Thread finished: Grupo De Hilos 1-175
2020-03-21 09:54:16,832 INFO o.a.j.t.JMeterThread: Stopping because end time detected by thread: Grupo De Hilos 1-11
2020-03-21 09:54:16,835 INFO o.a.j.t.JMeterThread: Thread finished: Grupo De Hilos 1-11
2020-03-21 09:54:16,826 INFO o.a.j.t.JMeterThread: Stopping because end time detected by thread: Grupo De Hilos 1-171
2020-03-21 09:54:16,835 INFO o.a.j.t.JMeterThread: Thread finished: Grupo De Hilos 1-171
2020-03-21 09:54:16,836 INFO o.a.j.t.JMeterThread: Stopping because end time detected by thread: Grupo De Hilos 1-101
2020-03-21 09:54:16,836 INFO o.a.j.t.JMeterThread: Stopping because end time detected by thread: Grupo De Hilos 1-49
2020-03-21 09:54:16,836 INFO o.a.j.t.JMeterThread: Thread finished: Grupo De Hilos 1-101
2020-03-21 09:54:16,836 INFO o.a.j.t.JMeterThread: Stopping because end time detected by thread: Grupo De Hilos 1-202
2020-03-21 09:54:16,837 INFO o.a.j.t.JMeterThread: Thread finished: Grupo De Hilos 1-202
2020-03-21 09:54:16,837 INFO o.a.j.t.JMeterThread: Stopping because end time detected by thread: Grupo De Hilos 1-225
2020-03-21 09:54:16,837 INFO o.a.j.t.JMeterThread: Thread finished: Grupo De Hilos 1-225
2020-03-21 09:54:16,837 INFO o.a.j.t.JMeterThread: Stopping because end time detected by thread: Grupo De Hilos 1-73
2020-03-21 09:54:16,838 INFO o.a.j.t.JMeterThread: Thread finished: Grupo De Hilos 1-73
2020-03-21 09:54:16,840 INFO o.a.j.t.JMeterThread: Thread finished: Grupo De Hilos 1-49
2020-03-21 09:54:16,840 INFO o.a.j.t.JMeterThread: Stopping because end time detected by thread: Grupo De Hilos 1-222
2020-03-21 09:54:16,841 INFO o.a.j.t.JMeterThread: Stopping because end time detected by thread: Grupo De Hilos 1-230
2020-03-21 09:54:16,841 INFO o.a.j.t.JMeterThread: Thread finished: Grupo De Hilos 1-222
2020-03-21 09:54:16,841 INFO o.a.j.t.JMeterThread: Stopping because end time detected by thread: Grupo De Hilos 1-208
2020-03-21 09:54:16,841 INFO o.a.j.t.JMeterThread: Stopping because end time detected by thread: Grupo De Hilos 1-37
2020-03-21 09:54:16,841 INFO o.a.j.t.JMeterThread: Thread finished: Grupo De Hilos 1-208
2020-03-21 09:54:16,841 INFO o.a.j.t.JMeterThread: Thread finished: Grupo De Hilos 1-37
2020-03-21 09:54:16,842 INFO o.a.j.t.JMeterThread: Stopping because end time detected by thread: Grupo De Hilos 1-17
2020-03-21 09:54:16,842 INFO o.a.j.t.JMeterThread: Thread finished: Grupo De Hilos 1-17
2020-03-21 09:54:16,842 INFO o.a.j.t.JMeterThread: Stopping because end time detected by thread: Grupo De Hilos 1-63
2020-03-21 09:54:16,843 INFO o.a.j.t.JMeterThread: Thread finished: Grupo De Hilos 1-63
2020-03-21 09:54:16,843 INFO o.a.j.t.JMeterThread: Thread finished: Grupo De Hilos 1-230
2020-03-21 09:54:16,844 INFO o.a.j.t.JMeterThread: Stopping because end time detected by thread: Grupo De Hilos 1-205
2020-03-21 09:54:16,844 INFO o.a.j.t.JMeterThread: Stopping because end time detected by thread: Grupo De Hilos 1-165
2020-03-21 09:54:16,845 INFO o.a.j.t.JMeterThread: Thread finished: Grupo De Hilos 1-205
2020-03-21 09:54:16,845 INFO o.a.j.t.JMeterThread: Thread finished: Grupo De Hilos 1-165
2020-03-21 09:54:16,848 INFO o.a.j.t.JMeterThread: Stopping because end time detected by thread: Grupo De Hilos 1-215
2020-03-21 09:54:16,849 INFO o.a.j.t.JMeterThread: Thread finished: Grupo De Hilos 1-215
2020-03-21 09:54:16,849 INFO o.a.j.t.JMeterThread: Stopping because end time detected by thread: Grupo De Hilos 1-204
2020-03-21 09:54:16,849 INFO o.a.j.t.JMeterThread: Thread finished: Grupo De Hilos 1-204
2020-03-21 09:54:16,850 INFO o.a.j.t.JMeterThread: Stopping because end time detected by thread: Grupo De Hilos 1-150
2020-03-21 09:54:16,850 INFO o.a.j.t.JMeterThread: Thread finished: Grupo De Hilos 1-150
2020-03-21 09:54:16,852 INFO o.a.j.t.JMeterThread: Stopping because end time detected by thread: Grupo De Hilos 1-146
2020-03-21 09:54:16,853 INFO o.a.j.t.JMeterThread: Thread finished: Grupo De Hilos 1-146
2020-03-21 09:54:16,856 INFO o.a.j.t.JMeterThread: Stopping because end time detected by thread: Grupo De Hilos 1-219
2020-03-21 09:54:16,857 INFO o.a.j.t.JMeterThread: Thread finished: Grupo De Hilos 1-219
2020-03-21 09:54:16,857 INFO o.a.j.t.JMeterThread: Stopping because end time detected by thread: Grupo De Hilos 1-39
2020-03-21 09:54:16,858 INFO o.a.j.t.JMeterThread: Thread finished: Grupo De Hilos 1-39
2020-03-21 09:54:16,858 INFO o.a.j.t.JMeterThread: Stopping because end time detected by thread: Grupo De Hilos 1-173
2020-03-21 09:54:16,858 INFO o.a.j.t.JMeterThread: Thread finished: Grupo De Hilos 1-173
2020-03-21 09:54:16,859 INFO o.a.j.t.JMeterThread: Stopping because end time detected by thread: Grupo De Hilos 1-185
2020-03-21 09:54:16,859 INFO o.a.j.t.JMeterThread: Thread finished: Grupo De Hilos 1-185
2020-03-21 09:54:16,856 INFO o.a.j.t.JMeterThread: Stopping because end time detected by thread: Grupo De Hilos 1-236
2020-03-21 09:54:16,860 INFO o.a.j.t.JMeterThread: Thread finished: Grupo De Hilos 1-236
2020-03-21 09:54:16,864 INFO o.a.j.t.JMeterThread: Stopping because end time detected by thread: Grupo De Hilos 1-239
2020-03-21 09:54:16,865 INFO o.a.j.t.JMeterThread: Thread finished: Grupo De Hilos 1-239
2020-03-21 09:54:16,865 INFO o.a.j.t.JMeterThread: Stopping because end time detected by thread: Grupo De Hilos 1-234
2020-03-21 09:54:16,865 INFO o.a.j.t.JMeterThread: Stopping because end time detected by thread: Grupo De Hilos 1-15
2020-03-21 09:54:16,866 INFO o.a.j.t.JMeterThread: Stopping because end time detected by thread: Grupo De Hilos 1-22
2020-03-21 09:54:16,866 INFO o.a.j.t.JMeterThread: Thread finished: Grupo De Hilos 1-22
2020-03-21 09:54:16,866 INFO o.a.j.t.JMeterThread: Stopping because end time detected by thread: Grupo De Hilos 1-242
2020-03-21 09:54:16,866 INFO o.a.j.t.JMeterThread: Thread finished: Grupo De Hilos 1-242
2020-03-21 09:54:16,866 INFO o.a.j.t.JMeterThread: Thread finished: Grupo De Hilos 1-15
2020-03-21 09:54:16,866 INFO o.a.j.t.JMeterThread: Thread finished: Grupo De Hilos 1-234
2020-03-21 09:54:16,868 INFO o.a.j.t.JMeterThread: Stopping because end time detected by thread: Grupo De Hilos 1-54
2020-03-21 09:54:16,869 INFO o.a.j.t.JMeterThread: Stopping because end time detected by thread: Grupo De Hilos 1-116
2020-03-21 09:54:16,869 INFO o.a.j.t.JMeterThread: Thread finished: Grupo De Hilos 1-54
2020-03-21 09:54:16,869 INFO o.a.j.t.JMeterThread: Thread finished: Grupo De Hilos 1-116
2020-03-21 09:54:16,869 INFO o.a.j.t.JMeterThread: Stopping because end time detected by thread: Grupo De Hilos 1-148
2020-03-21 09:54:16,869 INFO o.a.j.t.JMeterThread: Thread finished: Grupo De Hilos 1-148
2020-03-21 09:54:16,872 INFO o.a.j.t.JMeterThread: Stopping because end time detected by thread: Grupo De Hilos 1-249
2020-03-21 09:54:16,872 INFO o.a.j.t.JMeterThread: Thread finished: Grupo De Hilos 1-249
2020-03-21 09:54:16,872 INFO o.a.j.t.JMeterThread: Stopping because end time detected by thread: Grupo De Hilos 1-62
2020-03-21 09:54:16,873 INFO o.a.j.t.JMeterThread: Thread finished: Grupo De Hilos 1-62
2020-03-21 09:54:16,873 INFO o.a.j.t.JMeterThread: Stopping because end time detected by thread: Grupo De Hilos 1-206
2020-03-21 09:54:16,873 INFO o.a.j.t.JMeterThread: Stopping because end time detected by thread: Grupo De Hilos 1-40
2020-03-21 09:54:16,873 INFO o.a.j.t.JMeterThread: Thread finished: Grupo De Hilos 1-206
2020-03-21 09:54:16,874 INFO o.a.j.t.JMeterThread: Thread finished: Grupo De Hilos 1-40
2020-03-21 09:54:16,876 INFO o.a.j.t.JMeterThread: Stopping because end time detected by thread: Grupo De Hilos 1-253
2020-03-21 09:54:16,876 INFO o.a.j.t.JMeterThread: Thread finished: Grupo De Hilos 1-253
2020-03-21 09:54:16,876 INFO o.a.j.t.JMeterThread: Stopping because end time detected by thread: Grupo De Hilos 1-248
2020-03-21 09:54:16,876 INFO o.a.j.t.JMeterThread: Stopping because end time detected by thread: Grupo De Hilos 1-153
2020-03-21 09:54:16,876 INFO o.a.j.t.JMeterThread: Stopping because end time detected by thread: Grupo De Hilos 1-174
2020-03-21 09:54:16,877 INFO o.a.j.t.JMeterThread: Thread finished: Grupo De Hilos 1-248
2020-03-21 09:54:16,877 INFO o.a.j.t.JMeterThread: Thread finished: Grupo De Hilos 1-153
2020-03-21 09:54:16,877 INFO o.a.j.t.JMeterThread: Stopping because end time detected by thread: Grupo De Hilos 1-154
2020-03-21 09:54:16,877 INFO o.a.j.t.JMeterThread: Thread finished: Grupo De Hilos 1-154
2020-03-21 09:54:16,877 INFO o.a.j.t.JMeterThread: Thread finished: Grupo De Hilos 1-174
2020-03-21 09:54:16,877 INFO o.a.j.t.JMeterThread: Stopping because end time detected by thread: Grupo De Hilos 1-107
2020-03-21 09:54:16,877 INFO o.a.j.t.JMeterThread: Thread finished: Grupo De Hilos 1-107
2020-03-21 09:54:16,878 INFO o.a.j.t.JMeterThread: Stopping because end time detected by thread: Grupo De Hilos 1-86
2020-03-21 09:54:16,878 INFO o.a.j.t.JMeterThread: Thread finished: Grupo De Hilos 1-86
2020-03-21 09:54:16,884 INFO o.a.j.t.JMeterThread: Stopping because end time detected by thread: Grupo De Hilos 1-247
2020-03-21 09:54:16,884 INFO o.a.j.t.JMeterThread: Stopping because end time detected by thread: Grupo De Hilos 1-48
2020-03-21 09:54:16,885 INFO o.a.j.t.JMeterThread: Thread finished: Grupo De Hilos 1-48
2020-03-21 09:54:16,885 INFO o.a.j.t.JMeterThread: Stopping because end time detected by thread: Grupo De Hilos 1-106
2020-03-21 09:54:16,885 INFO o.a.j.t.JMeterThread: Thread finished: Grupo De Hilos 1-106
2020-03-21 09:54:16,885 INFO o.a.j.t.JMeterThread: Thread finished: Grupo De Hilos 1-247
2020-03-21 09:54:16,886 INFO o.a.j.t.JMeterThread: Stopping because end time detected by thread: Grupo De Hilos 1-181
2020-03-21 09:54:16,886 INFO o.a.j.t.JMeterThread: Stopping because end time detected by thread: Grupo De Hilos 1-53
2020-03-21 09:54:16,886 INFO o.a.j.t.JMeterThread: Thread finished: Grupo De Hilos 1-181
2020-03-21 09:54:16,886 INFO o.a.j.t.JMeterThread: Thread finished: Grupo De Hilos 1-53
2020-03-21 09:54:16,886 INFO o.a.j.t.JMeterThread: Stopping because end time detected by thread: Grupo De Hilos 1-252
2020-03-21 09:54:16,886 INFO o.a.j.t.JMeterThread: Thread finished: Grupo De Hilos 1-252
2020-03-21 09:54:16,886 INFO o.a.j.t.JMeterThread: Stopping because end time detected by thread: Grupo De Hilos 1-243
2020-03-21 09:54:16,886 INFO o.a.j.t.JMeterThread: Thread finished: Grupo De Hilos 1-243
2020-03-21 09:54:16,887 INFO o.a.j.t.JMeterThread: Stopping because end time detected by thread: Grupo De Hilos 1-198
2020-03-21 09:54:16,887 INFO o.a.j.t.JMeterThread: Thread finished: Grupo De Hilos 1-198
2020-03-21 09:54:16,887 INFO o.a.j.t.JMeterThread: Stopping because end time detected by thread: Grupo De Hilos 1-241
2020-03-21 09:54:16,887 INFO o.a.j.t.JMeterThread: Thread finished: Grupo De Hilos 1-241
2020-03-21 09:54:16,887 INFO o.a.j.t.JMeterThread: Stopping because end time detected by thread: Grupo De Hilos 1-157
2020-03-21 09:54:16,887 INFO o.a.j.t.JMeterThread: Thread finished: Grupo De Hilos 1-157
2020-03-21 09:54:16,888 INFO o.a.j.t.JMeterThread: Stopping because end time detected by thread: Grupo De Hilos 1-21
2020-03-21 09:54:16,888 INFO o.a.j.t.JMeterThread: Thread finished: Grupo De Hilos 1-21
2020-03-21 09:54:16,888 INFO o.a.j.t.JMeterThread: Stopping because end time detected by thread: Grupo De Hilos 1-110
2020-03-21 09:54:16,888 INFO o.a.j.t.JMeterThread: Thread finished: Grupo De Hilos 1-110
2020-03-21 09:54:16,889 INFO o.a.j.t.JMeterThread: Stopping because end time detected by thread: Grupo De Hilos 1-231
2020-03-21 09:54:16,889 INFO o.a.j.t.JMeterThread: Thread finished: Grupo De Hilos 1-231
2020-03-21 09:54:16,889 INFO o.a.j.t.JMeterThread: Stopping because end time detected by thread: Grupo De Hilos 1-251
2020-03-21 09:54:16,889 INFO o.a.j.t.JMeterThread: Thread finished: Grupo De Hilos 1-251
2020-03-21 09:54:16,892 INFO o.a.j.t.JMeterThread: Stopping because end time detected by thread: Grupo De Hilos 1-55
2020-03-21 09:54:16,893 INFO o.a.j.t.JMeterThread: Thread finished: Grupo De Hilos 1-55
2020-03-21 09:54:16,893 INFO o.a.j.t.JMeterThread: Stopping because end time detected by thread: Grupo De Hilos 1-6
2020-03-21 09:54:16,893 INFO o.a.j.t.JMeterThread: Thread finished: Grupo De Hilos 1-6
2020-03-21 09:54:16,894 INFO o.a.j.t.JMeterThread: Stopping because end time detected by thread: Grupo De Hilos 1-246
2020-03-21 09:54:16,894 INFO o.a.j.t.JMeterThread: Thread finished: Grupo De Hilos 1-246
2020-03-21 09:54:16,894 INFO o.a.j.t.JMeterThread: Stopping because end time detected by thread: Grupo De Hilos 1-137
2020-03-21 09:54:16,894 INFO o.a.j.t.JMeterThread: Thread finished: Grupo De Hilos 1-137
2020-03-21 09:54:16,895 INFO o.a.j.t.JMeterThread: Stopping because end time detected by thread: Grupo De Hilos 1-24
2020-03-21 09:54:16,895 INFO o.a.j.t.JMeterThread: Thread finished: Grupo De Hilos 1-24
2020-03-21 09:54:16,895 INFO o.a.j.t.JMeterThread: Stopping because end time detected by thread: Grupo De Hilos 1-189
2020-03-21 09:54:16,895 INFO o.a.j.t.JMeterThread: Thread finished: Grupo De Hilos 1-189
2020-03-21 09:54:16,896 INFO o.a.j.t.JMeterThread: Stopping because end time detected by thread: Grupo De Hilos 1-217
2020-03-21 09:54:16,896 INFO o.a.j.t.JMeterThread: Thread finished: Grupo De Hilos 1-217
2020-03-21 09:54:16,896 INFO o.a.j.t.JMeterThread: Stopping because end time detected by thread: Grupo De Hilos 1-43
2020-03-21 09:54:16,897 INFO o.a.j.t.JMeterThread: Thread finished: Grupo De Hilos 1-43
2020-03-21 09:54:16,897 INFO o.a.j.t.JMeterThread: Stopping because end time detected by thread: Grupo De Hilos 1-32
2020-03-21 09:54:16,897 INFO o.a.j.t.JMeterThread: Thread finished: Grupo De Hilos 1-32
2020-03-21 09:54:16,898 INFO o.a.j.t.JMeterThread: Stopping because end time detected by thread: Grupo De Hilos 1-95
2020-03-21 09:54:16,898 INFO o.a.j.t.JMeterThread: Thread finished: Grupo De Hilos 1-95
2020-03-21 09:54:16,898 INFO o.a.j.t.JMeterThread: Stopping because end time detected by thread: Grupo De Hilos 1-257
2020-03-21 09:54:16,898 INFO o.a.j.t.JMeterThread: Thread finished: Grupo De Hilos 1-257
2020-03-21 09:54:16,899 INFO o.a.j.t.JMeterThread: Stopping because end time detected by thread: Grupo De Hilos 1-117
2020-03-21 09:54:16,899 INFO o.a.j.t.JMeterThread: Thread finished: Grupo De Hilos 1-117
2020-03-21 09:54:16,899 INFO o.a.j.t.JMeterThread: Stopping because end time detected by thread: Grupo De Hilos 1-47
2020-03-21 09:54:16,899 INFO o.a.j.t.JMeterThread: Thread finished: Grupo De Hilos 1-47
2020-03-21 09:54:16,900 INFO o.a.j.t.JMeterThread: Stopping because end time detected by thread: Grupo De Hilos 1-187
2020-03-21 09:54:16,900 INFO o.a.j.t.JMeterThread: Thread finished: Grupo De Hilos 1-187
2020-03-21 09:54:16,901 INFO o.a.j.t.JMeterThread: Stopping because end time detected by thread: Grupo De Hilos 1-80
2020-03-21 09:54:16,901 INFO o.a.j.t.JMeterThread: Thread finished: Grupo De Hilos 1-80
2020-03-21 09:54:16,900 INFO o.a.j.t.JMeterThread: Stopping because end time detected by thread: Grupo De Hilos 1-114
2020-03-21 09:54:16,901 INFO o.a.j.t.JMeterThread: Thread finished: Grupo De Hilos 1-114
2020-03-21 09:54:16,902 INFO o.a.j.t.JMeterThread: Stopping because end time detected by thread: Grupo De Hilos 1-211
2020-03-21 09:54:16,902 INFO o.a.j.t.JMeterThread: Stopping because end time detected by thread: Grupo De Hilos 1-250
2020-03-21 09:54:16,902 INFO o.a.j.t.JMeterThread: Thread finished: Grupo De Hilos 1-211
2020-03-21 09:54:16,902 INFO o.a.j.t.JMeterThread: Thread finished: Grupo De Hilos 1-250
2020-03-21 09:54:16,903 INFO o.a.j.t.JMeterThread: Stopping because end time detected by thread: Grupo De Hilos 1-256
2020-03-21 09:54:16,903 INFO o.a.j.t.JMeterThread: Stopping because end time detected by thread: Grupo De Hilos 1-156
2020-03-21 09:54:16,903 INFO o.a.j.t.JMeterThread: Stopping because end time detected by thread: Grupo De Hilos 1-214
2020-03-21 09:54:16,903 INFO o.a.j.t.JMeterThread: Thread finished: Grupo De Hilos 1-156
2020-03-21 09:54:16,903 INFO o.a.j.t.JMeterThread: Thread finished: Grupo De Hilos 1-214
2020-03-21 09:54:16,903 INFO o.a.j.t.JMeterThread: Stopping because end time detected by thread: Grupo De Hilos 1-238
2020-03-21 09:54:16,903 INFO o.a.j.t.JMeterThread: Stopping because end time detected by thread: Grupo De Hilos 1-196
2020-03-21 09:54:16,903 INFO o.a.j.t.JMeterThread: Thread finished: Grupo De Hilos 1-238
2020-03-21 09:54:16,903 INFO o.a.j.t.JMeterThread: Thread finished: Grupo De Hilos 1-196
2020-03-21 09:54:16,903 INFO o.a.j.t.JMeterThread: Thread finished: Grupo De Hilos 1-256
2020-03-21 09:54:16,903 INFO o.a.j.t.JMeterThread: Stopping because end time detected by thread: Grupo De Hilos 1-221
2020-03-21 09:54:16,903 INFO o.a.j.t.JMeterThread: Thread finished: Grupo De Hilos 1-221
2020-03-21 09:54:16,904 INFO o.a.j.t.JMeterThread: Stopping because end time detected by thread: Grupo De Hilos 1-212
2020-03-21 09:54:16,904 INFO o.a.j.t.JMeterThread: Thread finished: Grupo De Hilos 1-212
2020-03-21 09:54:16,909 INFO o.a.j.t.JMeterThread: Stopping because end time detected by thread: Grupo De Hilos 1-272
2020-03-21 09:54:16,909 INFO o.a.j.t.JMeterThread: Thread finished: Grupo De Hilos 1-272
2020-03-21 09:54:16,910 INFO o.a.j.t.JMeterThread: Stopping because end time detected by thread: Grupo De Hilos 1-240
2020-03-21 09:54:16,910 INFO o.a.j.t.JMeterThread: Stopping because end time detected by thread: Grupo De Hilos 1-254
2020-03-21 09:54:16,910 INFO o.a.j.t.JMeterThread: Thread finished: Grupo De Hilos 1-240
2020-03-21 09:54:16,910 INFO o.a.j.t.JMeterThread: Thread finished: Grupo De Hilos 1-254
2020-03-21 09:54:16,911 INFO o.a.j.t.JMeterThread: Stopping because end time detected by thread: Grupo De Hilos 1-145
2020-03-21 09:54:16,911 INFO o.a.j.t.JMeterThread: Thread finished: Grupo De Hilos 1-145
2020-03-21 09:54:16,911 INFO o.a.j.t.JMeterThread: Stopping because end time detected by thread: Grupo De Hilos 1-142
2020-03-21 09:54:16,911 INFO o.a.j.t.JMeterThread: Thread finished: Grupo De Hilos 1-142
2020-03-21 09:54:16,912 INFO o.a.j.t.JMeterThread: Stopping because end time detected by thread: Grupo De Hilos 1-268
2020-03-21 09:54:16,912 INFO o.a.j.t.JMeterThread: Thread finished: Grupo De Hilos 1-268
2020-03-21 09:54:16,911 INFO o.a.j.t.JMeterThread: Stopping because end time detected by thread: Grupo De Hilos 1-273
2020-03-21 09:54:16,912 INFO o.a.j.t.JMeterThread: Thread finished: Grupo De Hilos 1-273
2020-03-21 09:54:16,912 INFO o.a.j.t.JMeterThread: Stopping because end time detected by thread: Grupo De Hilos 1-245
2020-03-21 09:54:16,912 INFO o.a.j.t.JMeterThread: Thread finished: Grupo De Hilos 1-245
2020-03-21 09:54:16,912 INFO o.a.j.t.JMeterThread: Stopping because end time detected by thread: Grupo De Hilos 1-262
2020-03-21 09:54:16,913 INFO o.a.j.t.JMeterThread: Thread finished: Grupo De Hilos 1-262
2020-03-21 09:54:16,913 INFO o.a.j.t.JMeterThread: Stopping because end time detected by thread: Grupo De Hilos 1-41
2020-03-21 09:54:16,913 INFO o.a.j.t.JMeterThread: Stopping because end time detected by thread: Grupo De Hilos 1-120
2020-03-21 09:54:16,913 INFO o.a.j.t.JMeterThread: Thread finished: Grupo De Hilos 1-41
2020-03-21 09:54:16,913 INFO o.a.j.t.JMeterThread: Thread finished: Grupo De Hilos 1-120
2020-03-21 09:54:16,914 INFO o.a.j.t.JMeterThread: Stopping because end time detected by thread: Grupo De Hilos 1-270
2020-03-21 09:54:16,914 INFO o.a.j.t.JMeterThread: Stopping because end time detected by thread: Grupo De Hilos 1-220
2020-03-21 09:54:16,914 INFO o.a.j.t.JMeterThread: Thread finished: Grupo De Hilos 1-220
2020-03-21 09:54:16,916 INFO o.a.j.t.JMeterThread: Stopping because end time detected by thread: Grupo De Hilos 1-227
2020-03-21 09:54:16,916 INFO o.a.j.t.JMeterThread: Stopping because end time detected by thread: Grupo De Hilos 1-229
2020-03-21 09:54:16,917 INFO o.a.j.t.JMeterThread: Thread finished: Grupo De Hilos 1-227
2020-03-21 09:54:16,917 INFO o.a.j.t.JMeterThread: Thread finished: Grupo De Hilos 1-229
2020-03-21 09:54:16,917 INFO o.a.j.t.JMeterThread: Stopping because end time detected by thread: Grupo De Hilos 1-258
2020-03-21 09:54:16,917 INFO o.a.j.t.JMeterThread: Thread finished: Grupo De Hilos 1-258
2020-03-21 09:54:16,921 INFO o.a.j.t.JMeterThread: Stopping because end time detected by thread: Grupo De Hilos 1-218
2020-03-21 09:54:16,921 INFO o.a.j.t.JMeterThread: Stopping because end time detected by thread: Grupo De Hilos 1-259
2020-03-21 09:54:16,921 INFO o.a.j.t.JMeterThread: Stopping because end time detected by thread: Grupo De Hilos 1-275
2020-03-21 09:54:16,921 INFO o.a.j.t.JMeterThread: Thread finished: Grupo De Hilos 1-259
2020-03-21 09:54:16,921 INFO o.a.j.t.JMeterThread: Thread finished: Grupo De Hilos 1-275
2020-03-21 09:54:16,914 INFO o.a.j.t.JMeterThread: Thread finished: Grupo De Hilos 1-270
2020-03-21 09:54:16,921 INFO o.a.j.t.JMeterThread: Thread finished: Grupo De Hilos 1-218
2020-03-21 09:54:16,922 INFO o.a.j.t.JMeterThread: Stopping because end time detected by thread: Grupo De Hilos 1-13
2020-03-21 09:54:16,922 INFO o.a.j.t.JMeterThread: Stopping because end time detected by thread: Grupo De Hilos 1-235
2020-03-21 09:54:16,922 INFO o.a.j.t.JMeterThread: Thread finished: Grupo De Hilos 1-13
2020-03-21 09:54:16,922 INFO o.a.j.t.JMeterThread: Thread finished: Grupo De Hilos 1-235
2020-03-21 09:54:16,922 INFO o.a.j.t.JMeterThread: Stopping because end time detected by thread: Grupo De Hilos 1-280
2020-03-21 09:54:16,922 INFO o.a.j.t.JMeterThread: Stopping because end time detected by thread: Grupo De Hilos 1-244
2020-03-21 09:54:16,922 INFO o.a.j.t.JMeterThread: Thread finished: Grupo De Hilos 1-280
2020-03-21 09:54:16,922 INFO o.a.j.t.JMeterThread: Thread finished: Grupo De Hilos 1-244
2020-03-21 09:54:16,923 INFO o.a.j.t.JMeterThread: Stopping because end time detected by thread: Grupo De Hilos 1-163
2020-03-21 09:54:16,923 INFO o.a.j.t.JMeterThread: Thread finished: Grupo De Hilos 1-163
2020-03-21 09:54:16,914 INFO o.a.j.t.JMeterThread: Stopping because end time detected by thread: Grupo De Hilos 1-233
2020-03-21 09:54:16,924 INFO o.a.j.t.JMeterThread: Thread finished: Grupo De Hilos 1-233
2020-03-21 09:54:16,913 INFO o.a.j.t.JMeterThread: Stopping because end time detected by thread: Grupo De Hilos 1-216
2020-03-21 09:54:16,925 INFO o.a.j.t.JMeterThread: Thread finished: Grupo De Hilos 1-216
2020-03-21 09:54:16,928 INFO o.a.j.t.JMeterThread: Stopping because end time detected by thread: Grupo De Hilos 1-279
2020-03-21 09:54:16,929 INFO o.a.j.t.JMeterThread: Thread finished: Grupo De Hilos 1-279
2020-03-21 09:54:16,929 INFO o.a.j.t.JMeterThread: Stopping because end time detected by thread: Grupo De Hilos 1-167
2020-03-21 09:54:16,929 INFO o.a.j.t.JMeterThread: Thread finished: Grupo De Hilos 1-167
2020-03-21 09:54:16,930 INFO o.a.j.t.JMeterThread: Stopping because end time detected by thread: Grupo De Hilos 1-274
2020-03-21 09:54:16,930 INFO o.a.j.t.JMeterThread: Thread finished: Grupo De Hilos 1-274
2020-03-21 09:54:16,930 INFO o.a.j.t.JMeterThread: Stopping because end time detected by thread: Grupo De Hilos 1-210
2020-03-21 09:54:16,930 INFO o.a.j.t.JMeterThread: Thread finished: Grupo De Hilos 1-210
2020-03-21 09:54:16,930 INFO o.a.j.t.JMeterThread: Stopping because end time detected by thread: Grupo De Hilos 1-201
2020-03-21 09:54:16,930 INFO o.a.j.t.JMeterThread: Stopping because end time detected by thread: Grupo De Hilos 1-178
2020-03-21 09:54:16,930 INFO o.a.j.t.JMeterThread: Thread finished: Grupo De Hilos 1-201
2020-03-21 09:54:16,930 INFO o.a.j.t.JMeterThread: Thread finished: Grupo De Hilos 1-178
2020-03-21 09:54:16,931 INFO o.a.j.t.JMeterThread: Stopping because end time detected by thread: Grupo De Hilos 1-160
2020-03-21 09:54:16,931 INFO o.a.j.t.JMeterThread: Stopping because end time detected by thread: Grupo De Hilos 1-172
2020-03-21 09:54:16,931 INFO o.a.j.t.JMeterThread: Thread finished: Grupo De Hilos 1-172
2020-03-21 09:54:16,931 INFO o.a.j.t.JMeterThread: Thread finished: Grupo De Hilos 1-160
2020-03-21 09:54:16,931 INFO o.a.j.t.JMeterThread: Stopping because end time detected by thread: Grupo De Hilos 1-199
2020-03-21 09:54:16,931 INFO o.a.j.t.JMeterThread: Thread finished: Grupo De Hilos 1-199
2020-03-21 09:54:16,931 INFO o.a.j.t.JMeterThread: Stopping because end time detected by thread: Grupo De Hilos 1-151
2020-03-21 09:54:16,931 INFO o.a.j.t.JMeterThread: Thread finished: Grupo De Hilos 1-151
2020-03-21 09:54:16,931 INFO o.a.j.t.JMeterThread: Stopping because end time detected by thread: Grupo De Hilos 1-139
2020-03-21 09:54:16,932 INFO o.a.j.t.JMeterThread: Thread finished: Grupo De Hilos 1-139
2020-03-21 09:54:16,932 INFO o.a.j.t.JMeterThread: Stopping because end time detected by thread: Grupo De Hilos 1-186
2020-03-21 09:54:16,932 INFO o.a.j.t.JMeterThread: Thread finished: Grupo De Hilos 1-186
2020-03-21 09:54:16,932 INFO o.a.j.t.JMeterThread: Stopping because end time detected by thread: Grupo De Hilos 1-263
2020-03-21 09:54:16,932 INFO o.a.j.t.JMeterThread: Stopping because end time detected by thread: Grupo De Hilos 1-223
2020-03-21 09:54:16,932 INFO o.a.j.t.JMeterThread: Thread finished: Grupo De Hilos 1-263
2020-03-21 09:54:16,932 INFO o.a.j.t.JMeterThread: Stopping because end time detected by thread: Grupo De Hilos 1-232
2020-03-21 09:54:16,932 INFO o.a.j.t.JMeterThread: Stopping because end time detected by thread: Grupo De Hilos 1-200
2020-03-21 09:54:16,933 INFO o.a.j.t.JMeterThread: Thread finished: Grupo De Hilos 1-200
2020-03-21 09:54:16,933 INFO o.a.j.t.JMeterThread: Thread finished: Grupo De Hilos 1-232
2020-03-21 09:54:16,933 INFO o.a.j.t.JMeterThread: Stopping because end time detected by thread: Grupo De Hilos 1-281
2020-03-21 09:54:16,933 INFO o.a.j.t.JMeterThread: Stopping because end time detected by thread: Grupo De Hilos 1-194
2020-03-21 09:54:16,933 INFO o.a.j.t.JMeterThread: Thread finished: Grupo De Hilos 1-281
2020-03-21 09:54:16,933 INFO o.a.j.t.JMeterThread: Stopping because end time detected by thread: Grupo De Hilos 1-237
2020-03-21 09:54:16,933 INFO o.a.j.t.JMeterThread: Thread finished: Grupo De Hilos 1-237
2020-03-21 09:54:16,933 INFO o.a.j.t.JMeterThread: Stopping because end time detected by thread: Grupo De Hilos 1-260
2020-03-21 09:54:16,933 INFO o.a.j.t.JMeterThread: Thread finished: Grupo De Hilos 1-260
2020-03-21 09:54:16,934 INFO o.a.j.t.JMeterThread: Thread finished: Grupo De Hilos 1-194
2020-03-21 09:54:16,934 INFO o.a.j.t.JMeterThread: Stopping because end time detected by thread: Grupo De Hilos 1-277
2020-03-21 09:54:16,934 INFO o.a.j.t.JMeterThread: Thread finished: Grupo De Hilos 1-277
2020-03-21 09:54:16,935 INFO o.a.j.t.JMeterThread: Stopping because end time detected by thread: Grupo De Hilos 1-265
2020-03-21 09:54:16,935 INFO o.a.j.t.JMeterThread: Thread finished: Grupo De Hilos 1-265
2020-03-21 09:54:16,941 INFO o.a.j.t.JMeterThread: Stopping because end time detected by thread: Grupo De Hilos 1-164
2020-03-21 09:54:16,941 INFO o.a.j.t.JMeterThread: Stopping because end time detected by thread: Grupo De Hilos 1-269
2020-03-21 09:54:16,941 INFO o.a.j.t.JMeterThread: Thread finished: Grupo De Hilos 1-164
2020-03-21 09:54:16,941 INFO o.a.j.t.JMeterThread: Stopping because end time detected by thread: Grupo De Hilos 1-192
2020-03-21 09:54:16,941 INFO o.a.j.t.JMeterThread: Stopping because end time detected by thread: Grupo De Hilos 1-195
2020-03-21 09:54:16,942 INFO o.a.j.t.JMeterThread: Thread finished: Grupo De Hilos 1-192
2020-03-21 09:54:16,942 INFO o.a.j.t.JMeterThread: Thread finished: Grupo De Hilos 1-195
2020-03-21 09:54:16,942 INFO o.a.j.t.JMeterThread: Thread finished: Grupo De Hilos 1-269
2020-03-21 09:54:16,942 INFO o.a.j.t.JMeterThread: Stopping because end time detected by thread: Grupo De Hilos 1-261
2020-03-21 09:54:16,942 INFO o.a.j.t.JMeterThread: Stopping because end time detected by thread: Grupo De Hilos 1-105
2020-03-21 09:54:16,942 INFO o.a.j.t.JMeterThread: Thread finished: Grupo De Hilos 1-261
2020-03-21 09:54:16,942 INFO o.a.j.t.JMeterThread: Stopping because end time detected by thread: Grupo De Hilos 1-282
2020-03-21 09:54:16,942 INFO o.a.j.t.JMeterThread: Thread finished: Grupo De Hilos 1-105
2020-03-21 09:54:16,943 INFO o.a.j.t.JMeterThread: Thread finished: Grupo De Hilos 1-282
2020-03-21 09:54:16,943 INFO o.a.j.t.JMeterThread: Stopping because end time detected by thread: Grupo De Hilos 1-276
2020-03-21 09:54:16,943 INFO o.a.j.t.JMeterThread: Thread finished: Grupo De Hilos 1-276
2020-03-21 09:54:16,943 INFO o.a.j.t.JMeterThread: Stopping because end time detected by thread: Grupo De Hilos 1-213
2020-03-21 09:54:16,943 INFO o.a.j.t.JMeterThread: Stopping because end time detected by thread: Grupo De Hilos 1-193
2020-03-21 09:54:16,943 INFO o.a.j.t.JMeterThread: Thread finished: Grupo De Hilos 1-213
2020-03-21 09:54:16,943 INFO o.a.j.t.JMeterThread: Thread finished: Grupo De Hilos 1-193
2020-03-21 09:54:16,943 INFO o.a.j.t.JMeterThread: Stopping because end time detected by thread: Grupo De Hilos 1-255
2020-03-21 09:54:16,944 INFO o.a.j.t.JMeterThread: Stopping because end time detected by thread: Grupo De Hilos 1-228
2020-03-21 09:54:16,944 INFO o.a.j.t.JMeterThread: Thread finished: Grupo De Hilos 1-255
2020-03-21 09:54:16,944 INFO o.a.j.t.JMeterThread: Thread finished: Grupo De Hilos 1-228
2020-03-21 09:54:16,944 INFO o.a.j.t.JMeterThread: Stopping because end time detected by thread: Grupo De Hilos 1-25
2020-03-21 09:54:16,944 INFO o.a.j.t.JMeterThread: Thread finished: Grupo De Hilos 1-25
2020-03-21 09:54:16,949 INFO o.a.j.t.JMeterThread: Stopping because end time detected by thread: Grupo De Hilos 1-285
2020-03-21 09:54:16,949 INFO o.a.j.t.JMeterThread: Thread finished: Grupo De Hilos 1-285
2020-03-21 09:54:16,957 INFO o.a.j.t.JMeterThread: Stopping because end time detected by thread: Grupo De Hilos 1-266
2020-03-21 09:54:16,957 INFO o.a.j.t.JMeterThread: Stopping because end time detected by thread: Grupo De Hilos 1-183
2020-03-21 09:54:16,958 INFO o.a.j.t.JMeterThread: Stopping because end time detected by thread: Grupo De Hilos 1-278
2020-03-21 09:54:16,959 INFO o.a.j.t.JMeterThread: Stopping because end time detected by thread: Grupo De Hilos 1-283
2020-03-21 09:54:16,960 INFO o.a.j.t.JMeterThread: Stopping because end time detected by thread: Grupo De Hilos 1-191
2020-03-21 09:54:16,961 INFO o.a.j.t.JMeterThread: Thread finished: Grupo De Hilos 1-191
2020-03-21 09:54:16,961 INFO o.a.j.t.JMeterThread: Stopping because end time detected by thread: Grupo De Hilos 1-203
2020-03-21 09:54:16,959 INFO o.a.j.t.JMeterThread: Stopping because end time detected by thread: Grupo De Hilos 1-267
2020-03-21 09:54:16,961 INFO o.a.j.t.JMeterThread: Thread finished: Grupo De Hilos 1-203
2020-03-21 09:54:16,961 INFO o.a.j.t.JMeterThread: Thread finished: Grupo De Hilos 1-267
2020-03-21 09:54:16,961 INFO o.a.j.t.JMeterThread: Thread finished: Grupo De Hilos 1-278
2020-03-21 09:54:16,962 INFO o.a.j.t.JMeterThread: Stopping because end time detected by thread: Grupo De Hilos 1-209
2020-03-21 09:54:16,962 INFO o.a.j.t.JMeterThread: Thread finished: Grupo De Hilos 1-209
2020-03-21 09:54:16,962 INFO o.a.j.t.JMeterThread: Thread finished: Grupo De Hilos 1-283
2020-03-21 09:54:16,958 INFO o.a.j.t.JMeterThread: Stopping because end time detected by thread: Grupo De Hilos 1-207
2020-03-21 09:54:16,958 INFO o.a.j.t.JMeterThread: Stopping because end time detected by thread: Grupo De Hilos 1-50
2020-03-21 09:54:16,965 INFO o.a.j.t.JMeterThread: Thread finished: Grupo De Hilos 1-207
2020-03-21 09:54:16,965 INFO o.a.j.t.JMeterThread: Thread finished: Grupo De Hilos 1-50
2020-03-21 09:54:16,965 INFO o.a.j.t.JMeterThread: Stopping because end time detected by thread: Grupo De Hilos 1-26
2020-03-21 09:54:16,958 INFO o.a.j.t.JMeterThread: Stopping because end time detected by thread: Grupo De Hilos 1-138
2020-03-21 09:54:16,966 INFO o.a.j.t.JMeterThread: Thread finished: Grupo De Hilos 1-26
2020-03-21 09:54:16,966 INFO o.a.j.t.JMeterThread: Thread finished: Grupo De Hilos 1-138
2020-03-21 09:54:16,958 INFO o.a.j.t.JMeterThread: Stopping because end time detected by thread: Grupo De Hilos 1-271
2020-03-21 09:54:16,966 INFO o.a.j.t.JMeterThread: Thread finished: Grupo De Hilos 1-271
2020-03-21 09:54:16,966 INFO o.a.j.t.JMeterThread: Stopping because end time detected by thread: Grupo De Hilos 1-289
2020-03-21 09:54:16,966 INFO o.a.j.t.JMeterThread: Stopping because end time detected by thread: Grupo De Hilos 1-288
2020-03-21 09:54:16,958 INFO o.a.j.t.JMeterThread: Stopping because end time detected by thread: Grupo De Hilos 1-284
2020-03-21 09:54:16,967 INFO o.a.j.t.JMeterThread: Thread finished: Grupo De Hilos 1-289
2020-03-21 09:54:16,967 INFO o.a.j.t.JMeterThread: Thread finished: Grupo De Hilos 1-288
2020-03-21 09:54:16,967 INFO o.a.j.t.JMeterThread: Thread finished: Grupo De Hilos 1-284
2020-03-21 09:54:16,975 INFO o.a.j.t.JMeterThread: Stopping because end time detected by thread: Grupo De Hilos 1-290
2020-03-21 09:54:16,975 INFO o.a.j.t.JMeterThread: Thread finished: Grupo De Hilos 1-290
2020-03-21 09:54:16,957 INFO o.a.j.t.JMeterThread: Stopping because end time detected by thread: Grupo De Hilos 1-264
2020-03-21 09:54:16,977 INFO o.a.j.t.JMeterThread: Thread finished: Grupo De Hilos 1-264
2020-03-21 09:54:16,977 INFO o.a.j.t.JMeterThread: Stopping because end time detected by thread: Grupo De Hilos 1-286
2020-03-21 09:54:16,977 INFO o.a.j.t.JMeterThread: Thread finished: Grupo De Hilos 1-286
2020-03-21 09:54:16,978 INFO o.a.j.t.JMeterThread: Stopping because end time detected by thread: Grupo De Hilos 1-45
2020-03-21 09:54:16,957 INFO o.a.j.t.JMeterThread: Stopping because end time detected by thread: Grupo De Hilos 1-287
2020-03-21 09:54:16,978 INFO o.a.j.t.JMeterThread: Thread finished: Grupo De Hilos 1-45
2020-03-21 09:54:16,978 INFO o.a.j.t.JMeterThread: Thread finished: Grupo De Hilos 1-287
2020-03-21 09:54:16,979 INFO o.a.j.t.JMeterThread: Stopping because end time detected by thread: Grupo De Hilos 1-135
2020-03-21 09:54:16,979 INFO o.a.j.t.JMeterThread: Thread finished: Grupo De Hilos 1-183
2020-03-21 09:54:16,979 INFO o.a.j.t.JMeterThread: Thread finished: Grupo De Hilos 1-135
2020-03-21 09:54:16,978 INFO o.a.j.t.JMeterThread: Stopping because end time detected by thread: Grupo De Hilos 1-83
2020-03-21 09:54:16,979 INFO o.a.j.t.JMeterThread: Thread finished: Grupo De Hilos 1-83
2020-03-21 09:54:16,957 INFO o.a.j.t.JMeterThread: Thread finished: Grupo De Hilos 1-266
2020-03-21 09:54:16,932 INFO o.a.j.t.JMeterThread: Thread finished: Grupo De Hilos 1-223
2020-03-21 09:54:16,984 INFO o.a.j.t.JMeterThread: Stopping because end time detected by thread: Grupo De Hilos 1-291
2020-03-21 09:54:16,984 INFO o.a.j.t.JMeterThread: Thread finished: Grupo De Hilos 1-291
2020-03-21 09:54:16,995 INFO o.a.j.t.JMeterThread: Stopping because end time detected by thread: Grupo De Hilos 1-293
2020-03-21 09:54:16,995 INFO o.a.j.t.JMeterThread: Thread finished: Grupo De Hilos 1-293
2020-03-21 09:54:17,004 INFO o.a.j.t.JMeterThread: Stopping because end time detected by thread: Grupo De Hilos 1-292
2020-03-21 09:54:17,005 INFO o.a.j.t.JMeterThread: Thread finished: Grupo De Hilos 1-292
2020-03-21 09:54:17,006 INFO o.a.j.t.JMeterThread: Stopping because end time detected by thread: Grupo De Hilos 1-294
2020-03-21 09:54:17,006 INFO o.a.j.t.JMeterThread: Thread finished: Grupo De Hilos 1-294
2020-03-21 09:54:17,008 INFO o.a.j.t.JMeterThread: Stopping because end time detected by thread: Grupo De Hilos 1-296
2020-03-21 09:54:17,008 INFO o.a.j.t.JMeterThread: Thread finished: Grupo De Hilos 1-296
2020-03-21 09:54:17,010 INFO o.a.j.t.JMeterThread: Stopping because end time detected by thread: Grupo De Hilos 1-295
2020-03-21 09:54:17,010 INFO o.a.j.t.JMeterThread: Thread finished: Grupo De Hilos 1-295
2020-03-21 09:54:17,024 INFO o.a.j.t.JMeterThread: Stopping because end time detected by thread: Grupo De Hilos 1-297
2020-03-21 09:54:17,024 INFO o.a.j.t.JMeterThread: Thread finished: Grupo De Hilos 1-297
2020-03-21 09:54:17,036 INFO o.a.j.t.JMeterThread: Stopping because end time detected by thread: Grupo De Hilos 1-298
2020-03-21 09:54:17,036 INFO o.a.j.t.JMeterThread: Thread finished: Grupo De Hilos 1-298
2020-03-21 09:54:17,043 INFO o.a.j.t.JMeterThread: Stopping because end time detected by thread: Grupo De Hilos 1-299
2020-03-21 09:54:17,043 INFO o.a.j.t.JMeterThread: Thread finished: Grupo De Hilos 1-299
2020-03-21 09:54:17,052 INFO o.a.j.t.JMeterThread: Stopping because end time detected by thread: Grupo De Hilos 1-300
2020-03-21 09:54:17,052 INFO o.a.j.t.JMeterThread: Thread finished: Grupo De Hilos 1-300
2020-03-21 09:54:17,053 INFO o.a.j.e.StandardJMeterEngine: Notifying test listeners of end of test
2020-03-21 09:54:17,054 INFO o.a.j.r.Summariser: summary +     45 in 00:03:17 =    0.2/s Avg: 62128 Min: 54135 Max: 66558 Err:     0 (0.00%) Active: 0 Started: 300 Finished: 300
2020-03-21 09:54:17,054 INFO o.a.j.r.Summariser: summary =    300 in 00:06:01 =    0.8/s Avg: 31093 Min:    42 Max: 66558 Err:     0 (0.00%)
