2020-05-01 20:37:07,977 INFO o.a.j.u.JMeterUtils: Setting Locale to en_US
2020-05-01 20:37:08,009 INFO o.a.j.JMeter: Loading user properties from: /home/pablo/jmeter/bin/user.properties
2020-05-01 20:37:08,011 INFO o.a.j.JMeter: Loading system properties from: /home/pablo/jmeter/bin/system.properties
2020-05-01 20:37:08,011 INFO o.a.j.JMeter: Setting System property: HILOS=80
2020-05-01 20:37:08,012 INFO o.a.j.JMeter: Setting System property: SUBIDA=20
2020-05-01 20:37:08,012 INFO o.a.j.JMeter: Setting System property: DURACION=620
2020-05-01 20:37:08,012 INFO o.a.j.JMeter: Setting System property: FILE=scriptresultsPerfmon80.jtl
2020-05-01 20:37:08,015 INFO o.a.j.JMeter: Copyright (c) 1998-2019 The Apache Software Foundation
2020-05-01 20:37:08,016 INFO o.a.j.JMeter: Version 5.2.1
2020-05-01 20:37:08,016 INFO o.a.j.JMeter: java.version=1.8.0_201
2020-05-01 20:37:08,016 INFO o.a.j.JMeter: java.vm.name=Java HotSpot(TM) 64-Bit Server VM
2020-05-01 20:37:08,016 INFO o.a.j.JMeter: os.name=Linux
2020-05-01 20:37:08,017 INFO o.a.j.JMeter: os.arch=amd64
2020-05-01 20:37:08,017 INFO o.a.j.JMeter: os.version=4.15.0-99-generic
2020-05-01 20:37:08,017 INFO o.a.j.JMeter: file.encoding=UTF-8
2020-05-01 20:37:08,018 INFO o.a.j.JMeter: java.awt.headless=true
2020-05-01 20:37:08,018 INFO o.a.j.JMeter: Max memory     =732954624
2020-05-01 20:37:08,018 INFO o.a.j.JMeter: Available Processors =4
2020-05-01 20:37:08,026 INFO o.a.j.JMeter: Default Locale=English (United States)
2020-05-01 20:37:08,027 INFO o.a.j.JMeter: JMeter  Locale=English (United States)
2020-05-01 20:37:08,027 INFO o.a.j.JMeter: JMeterHome=/home/pablo/jmeter
2020-05-01 20:37:08,028 INFO o.a.j.JMeter: user.dir  =/home/pablo/jmeter/bin/EJECUCIONES/P3_V2
2020-05-01 20:37:08,028 INFO o.a.j.JMeter: PWD       =/home/pablo/jmeter/bin/EJECUCIONES/P3_V2
2020-05-01 20:37:08,029 INFO o.a.j.JMeter: IP: 127.0.1.1 Name: hylianpablo FullName: hylianpablo
2020-05-01 20:37:08,038 INFO o.a.j.s.FileServer: Default base='/home/pablo/jmeter/bin/EJECUCIONES/P3_V2'
2020-05-01 20:37:08,049 INFO o.a.j.s.FileServer: Set new base='/home/pablo/jmeter/bin/EJECUCIONES/P3_V2/..'
2020-05-01 20:37:08,368 INFO o.a.j.s.SaveService: Testplan (JMX) version: 2.2. Testlog (JTL) version: 2.2
2020-05-01 20:37:08,387 INFO o.a.j.s.SaveService: Using SaveService properties file encoding UTF-8
2020-05-01 20:37:08,400 INFO o.a.j.s.SaveService: Using SaveService properties version 5.0
2020-05-01 20:37:08,420 INFO o.a.j.s.SaveService: Loading file: ../RecordP3_V2.jmx
2020-05-01 20:37:08,506 INFO o.a.j.p.h.c.CookieManager: Settings: Delete null: true Check: true Allow variable: true Save: false Prefix: COOKIE_
2020-05-01 20:37:08,565 INFO o.a.j.p.h.s.HTTPSamplerBase: Parser for text/html is org.apache.jmeter.protocol.http.parser.LagartoBasedHtmlParser
2020-05-01 20:37:08,565 INFO o.a.j.p.h.s.HTTPSamplerBase: Parser for application/xhtml+xml is org.apache.jmeter.protocol.http.parser.LagartoBasedHtmlParser
2020-05-01 20:37:08,566 INFO o.a.j.p.h.s.HTTPSamplerBase: Parser for application/xml is org.apache.jmeter.protocol.http.parser.LagartoBasedHtmlParser
2020-05-01 20:37:08,566 INFO o.a.j.p.h.s.HTTPSamplerBase: Parser for text/xml is org.apache.jmeter.protocol.http.parser.LagartoBasedHtmlParser
2020-05-01 20:37:08,566 INFO o.a.j.p.h.s.HTTPSamplerBase: Parser for text/vnd.wap.wml is org.apache.jmeter.protocol.http.parser.RegexpHTMLParser
2020-05-01 20:37:08,567 INFO o.a.j.p.h.s.HTTPSamplerBase: Parser for text/css is org.apache.jmeter.protocol.http.parser.CssParser
2020-05-01 20:37:08,954 INFO o.a.j.e.KeyToolUtils: keytool found at 'keytool'
2020-05-01 20:37:08,956 INFO o.a.j.p.h.p.ProxyControl: HTTP(S) Test Script Recorder SSL Proxy will use keys that support embedded 3rd party resources in file /home/pablo/jmeter/bin/proxyserver.jks
2020-05-01 20:37:09,051 INFO o.a.j.JMeter: Creating summariser <summary>
2020-05-01 20:37:09,065 INFO o.a.j.e.StandardJMeterEngine: Running the test!
2020-05-01 20:37:09,068 INFO o.a.j.s.SampleEvent: List of sample_variables: []
2020-05-01 20:37:09,068 INFO o.a.j.s.SampleEvent: List of sample_variables: []
2020-05-01 20:37:09,082 INFO o.a.j.e.u.CompoundVariable: Note: Function class names must contain the string: '.functions.'
2020-05-01 20:37:09,082 INFO o.a.j.e.u.CompoundVariable: Note: Function class names must not contain the string: '.gui.'
2020-05-01 20:37:10,046 INFO o.a.j.JMeter: Running test (1588358230046)
2020-05-01 20:37:10,164 INFO o.a.j.e.StandardJMeterEngine: Starting ThreadGroup: 1 : Thread Group
2020-05-01 20:37:10,172 INFO o.a.j.e.StandardJMeterEngine: Starting 80 threads for group Thread Group.
2020-05-01 20:37:10,172 INFO o.a.j.e.StandardJMeterEngine: Thread will continue on error
2020-05-01 20:37:10,173 INFO o.a.j.t.ThreadGroup: Starting thread group... number=1 threads=80 ramp-up=20 delayedStart=false
2020-05-01 20:37:10,196 INFO o.a.j.s.SampleResult: Note: Sample TimeStamps are START times
2020-05-01 20:37:10,197 INFO o.a.j.s.SampleResult: sampleresult.default.encoding is set to ISO-8859-1
2020-05-01 20:37:10,197 INFO o.a.j.s.SampleResult: sampleresult.useNanoTime=true
2020-05-01 20:37:10,198 INFO o.a.j.s.SampleResult: sampleresult.nanoThreadSleep=5000
2020-05-01 20:37:10,205 INFO o.a.j.t.JMeterThread: Thread started: Thread Group 1-1
2020-05-01 20:37:10,282 INFO o.a.j.p.h.s.HTTPHCAbstractImpl: Local host = hylianpablo
2020-05-01 20:37:10,310 INFO o.a.j.p.h.s.HTTPHC4Impl: HTTP request retry count = 0
2020-05-01 20:37:10,447 INFO o.a.j.t.JMeterThread: Thread started: Thread Group 1-2
2020-05-01 20:37:10,496 INFO o.a.j.t.ThreadGroup: Started thread group number 1
2020-05-01 20:37:10,497 INFO o.a.j.e.StandardJMeterEngine: All thread groups have been started
2020-05-01 20:37:10,692 INFO o.a.j.t.JMeterThread: Thread started: Thread Group 1-3
2020-05-01 20:37:10,940 INFO o.a.j.t.JMeterThread: Thread started: Thread Group 1-4
2020-05-01 20:37:11,192 INFO o.a.j.t.JMeterThread: Thread started: Thread Group 1-5
2020-05-01 20:37:11,438 INFO o.a.j.t.JMeterThread: Thread started: Thread Group 1-6
2020-05-01 20:37:11,678 INFO o.a.j.t.JMeterThread: Thread started: Thread Group 1-7
2020-05-01 20:37:11,935 INFO o.a.j.t.JMeterThread: Thread started: Thread Group 1-8
2020-05-01 20:37:12,186 INFO o.a.j.t.JMeterThread: Thread started: Thread Group 1-9
2020-05-01 20:37:12,434 INFO o.a.j.t.JMeterThread: Thread started: Thread Group 1-10
2020-05-01 20:37:12,690 INFO o.a.j.t.JMeterThread: Thread started: Thread Group 1-11
2020-05-01 20:37:12,931 INFO o.a.j.t.JMeterThread: Thread started: Thread Group 1-12
2020-05-01 20:37:13,182 INFO o.a.j.t.JMeterThread: Thread started: Thread Group 1-13
2020-05-01 20:37:13,441 INFO o.a.j.t.JMeterThread: Thread started: Thread Group 1-14
2020-05-01 20:37:13,688 INFO o.a.j.t.JMeterThread: Thread started: Thread Group 1-15
2020-05-01 20:37:13,933 INFO o.a.j.t.JMeterThread: Thread started: Thread Group 1-16
2020-05-01 20:37:14,213 INFO o.a.j.t.JMeterThread: Thread started: Thread Group 1-17
2020-05-01 20:37:14,453 INFO o.a.j.t.JMeterThread: Thread started: Thread Group 1-18
2020-05-01 20:37:14,699 INFO o.a.j.t.JMeterThread: Thread started: Thread Group 1-19
2020-05-01 20:37:14,944 INFO o.a.j.t.JMeterThread: Thread started: Thread Group 1-20
2020-05-01 20:37:15,184 INFO o.a.j.t.JMeterThread: Thread started: Thread Group 1-21
2020-05-01 20:37:15,430 INFO o.a.j.t.JMeterThread: Thread started: Thread Group 1-22
2020-05-01 20:37:15,685 INFO o.a.j.t.JMeterThread: Thread started: Thread Group 1-23
2020-05-01 20:37:15,967 INFO o.a.j.t.JMeterThread: Thread started: Thread Group 1-24
2020-05-01 20:37:16,211 INFO o.a.j.t.JMeterThread: Thread started: Thread Group 1-25
2020-05-01 20:37:16,461 INFO o.a.j.t.JMeterThread: Thread started: Thread Group 1-26
2020-05-01 20:37:16,704 INFO o.a.j.t.JMeterThread: Thread started: Thread Group 1-27
2020-05-01 20:37:16,952 INFO o.a.j.t.JMeterThread: Thread started: Thread Group 1-28
2020-05-01 20:37:17,199 INFO o.a.j.t.JMeterThread: Thread started: Thread Group 1-29
2020-05-01 20:37:17,447 INFO o.a.j.t.JMeterThread: Thread started: Thread Group 1-30
2020-05-01 20:37:17,697 INFO o.a.j.t.JMeterThread: Thread started: Thread Group 1-31
2020-05-01 20:37:17,941 INFO o.a.j.t.JMeterThread: Thread started: Thread Group 1-32
2020-05-01 20:37:18,187 INFO o.a.j.t.JMeterThread: Thread started: Thread Group 1-33
2020-05-01 20:37:18,436 INFO o.a.j.t.JMeterThread: Thread started: Thread Group 1-34
2020-05-01 20:37:18,680 INFO o.a.j.t.JMeterThread: Thread started: Thread Group 1-35
2020-05-01 20:37:18,930 INFO o.a.j.t.JMeterThread: Thread started: Thread Group 1-36
2020-05-01 20:37:19,179 INFO o.a.j.t.JMeterThread: Thread started: Thread Group 1-37
2020-05-01 20:37:19,429 INFO o.a.j.t.JMeterThread: Thread started: Thread Group 1-38
2020-05-01 20:37:19,679 INFO o.a.j.t.JMeterThread: Thread started: Thread Group 1-39
2020-05-01 20:37:19,929 INFO o.a.j.t.JMeterThread: Thread started: Thread Group 1-40
2020-05-01 20:37:20,178 INFO o.a.j.t.JMeterThread: Thread started: Thread Group 1-41
2020-05-01 20:37:20,428 INFO o.a.j.t.JMeterThread: Thread started: Thread Group 1-42
2020-05-01 20:37:20,678 INFO o.a.j.t.JMeterThread: Thread started: Thread Group 1-43
2020-05-01 20:37:20,927 INFO o.a.j.t.JMeterThread: Thread started: Thread Group 1-44
2020-05-01 20:37:21,178 INFO o.a.j.t.JMeterThread: Thread started: Thread Group 1-45
2020-05-01 20:37:21,518 INFO o.a.j.t.JMeterThread: Thread started: Thread Group 1-46
2020-05-01 20:37:21,680 INFO o.a.j.t.JMeterThread: Thread started: Thread Group 1-47
2020-05-01 20:37:21,931 INFO o.a.j.t.JMeterThread: Thread started: Thread Group 1-48
2020-05-01 20:37:22,179 INFO o.a.j.t.JMeterThread: Thread started: Thread Group 1-49
2020-05-01 20:37:22,428 INFO o.a.j.t.JMeterThread: Thread started: Thread Group 1-50
2020-05-01 20:37:22,678 INFO o.a.j.t.JMeterThread: Thread started: Thread Group 1-51
2020-05-01 20:37:22,927 INFO o.a.j.t.JMeterThread: Thread started: Thread Group 1-52
2020-05-01 20:37:23,176 INFO o.a.j.t.JMeterThread: Thread started: Thread Group 1-53
2020-05-01 20:37:23,428 INFO o.a.j.t.JMeterThread: Thread started: Thread Group 1-54
2020-05-01 20:37:23,683 INFO o.a.j.t.JMeterThread: Thread started: Thread Group 1-55
2020-05-01 20:37:23,932 INFO o.a.j.t.JMeterThread: Thread started: Thread Group 1-56
2020-05-01 20:37:24,180 INFO o.a.j.t.JMeterThread: Thread started: Thread Group 1-57
2020-05-01 20:37:24,429 INFO o.a.j.t.JMeterThread: Thread started: Thread Group 1-58
2020-05-01 20:37:24,677 INFO o.a.j.t.JMeterThread: Thread started: Thread Group 1-59
2020-05-01 20:37:24,928 INFO o.a.j.t.JMeterThread: Thread started: Thread Group 1-60
2020-05-01 20:37:25,177 INFO o.a.j.t.JMeterThread: Thread started: Thread Group 1-61
2020-05-01 20:37:25,431 INFO o.a.j.t.JMeterThread: Thread started: Thread Group 1-62
2020-05-01 20:37:25,680 INFO o.a.j.t.JMeterThread: Thread started: Thread Group 1-63
2020-05-01 20:37:25,926 INFO o.a.j.t.JMeterThread: Thread started: Thread Group 1-64
2020-05-01 20:37:26,176 INFO o.a.j.t.JMeterThread: Thread started: Thread Group 1-65
2020-05-01 20:37:26,426 INFO o.a.j.t.JMeterThread: Thread started: Thread Group 1-66
2020-05-01 20:37:26,676 INFO o.a.j.t.JMeterThread: Thread started: Thread Group 1-67
2020-05-01 20:37:26,925 INFO o.a.j.t.JMeterThread: Thread started: Thread Group 1-68
2020-05-01 20:37:27,177 INFO o.a.j.t.JMeterThread: Thread started: Thread Group 1-69
2020-05-01 20:37:27,425 INFO o.a.j.t.JMeterThread: Thread started: Thread Group 1-70
2020-05-01 20:37:27,675 INFO o.a.j.t.JMeterThread: Thread started: Thread Group 1-71
2020-05-01 20:37:27,925 INFO o.a.j.t.JMeterThread: Thread started: Thread Group 1-72
2020-05-01 20:37:28,179 INFO o.a.j.t.JMeterThread: Thread started: Thread Group 1-73
2020-05-01 20:37:28,427 INFO o.a.j.t.JMeterThread: Thread started: Thread Group 1-74
2020-05-01 20:37:28,676 INFO o.a.j.t.JMeterThread: Thread started: Thread Group 1-75
2020-05-01 20:37:28,924 INFO o.a.j.t.JMeterThread: Thread started: Thread Group 1-76
2020-05-01 20:37:29,183 INFO o.a.j.t.JMeterThread: Thread started: Thread Group 1-77
2020-05-01 20:37:29,426 INFO o.a.j.t.JMeterThread: Thread started: Thread Group 1-78
2020-05-01 20:37:29,685 INFO o.a.j.t.JMeterThread: Thread started: Thread Group 1-79
2020-05-01 20:37:29,936 INFO o.a.j.t.JMeterThread: Thread started: Thread Group 1-80
2020-05-01 20:37:30,006 INFO o.a.j.r.Summariser: summary +   2817 in 00:00:20 =  141.2/s Avg:   260 Min:    20 Max:  2634 Err:     0 (0.00%) Active: 80 Started: 80 Finished: 0
2020-05-01 20:38:00,009 INFO o.a.j.r.Summariser: summary +   5065 in 00:00:30 =  168.8/s Avg:   475 Min:    19 Max:  3324 Err:     0 (0.00%) Active: 80 Started: 80 Finished: 0
2020-05-01 20:38:00,010 INFO o.a.j.r.Summariser: summary =   7882 in 00:00:50 =  157.8/s Avg:   398 Min:    19 Max:  3324 Err:     0 (0.00%)
2020-05-01 20:38:30,007 INFO o.a.j.r.Summariser: summary +   4827 in 00:00:30 =  160.9/s Avg:   496 Min:    20 Max:  3204 Err:     0 (0.00%) Active: 80 Started: 80 Finished: 0
2020-05-01 20:38:30,008 INFO o.a.j.r.Summariser: summary =  12709 in 00:01:20 =  158.9/s Avg:   435 Min:    19 Max:  3324 Err:     0 (0.00%)
2020-05-01 20:39:00,008 INFO o.a.j.r.Summariser: summary +   4923 in 00:00:30 =  164.1/s Avg:   478 Min:    20 Max:  4010 Err:     0 (0.00%) Active: 80 Started: 80 Finished: 0
2020-05-01 20:39:00,008 INFO o.a.j.r.Summariser: summary =  17632 in 00:01:50 =  160.3/s Avg:   447 Min:    19 Max:  4010 Err:     0 (0.00%)
2020-05-01 20:39:30,001 INFO o.a.j.r.Summariser: summary +   4878 in 00:00:30 =  162.6/s Avg:   505 Min:    21 Max:  3971 Err:     0 (0.00%) Active: 80 Started: 80 Finished: 0
2020-05-01 20:39:30,001 INFO o.a.j.r.Summariser: summary =  22510 in 00:02:20 =  160.8/s Avg:   460 Min:    19 Max:  4010 Err:     0 (0.00%)
2020-05-01 20:40:00,002 INFO o.a.j.r.Summariser: summary +   4535 in 00:00:30 =  151.2/s Avg:   523 Min:    20 Max:  3979 Err:     0 (0.00%) Active: 80 Started: 80 Finished: 0
2020-05-01 20:40:00,003 INFO o.a.j.r.Summariser: summary =  27045 in 00:02:50 =  159.1/s Avg:   470 Min:    19 Max:  4010 Err:     0 (0.00%)
2020-05-01 20:40:30,002 INFO o.a.j.r.Summariser: summary +   5031 in 00:00:30 =  167.7/s Avg:   476 Min:    18 Max:  3822 Err:     0 (0.00%) Active: 80 Started: 80 Finished: 0
2020-05-01 20:40:30,003 INFO o.a.j.r.Summariser: summary =  32076 in 00:03:20 =  160.4/s Avg:   471 Min:    18 Max:  4010 Err:     0 (0.00%)
2020-05-01 20:41:00,019 INFO o.a.j.r.Summariser: summary +   4925 in 00:00:30 =  164.1/s Avg:   483 Min:    19 Max:  3195 Err:     0 (0.00%) Active: 80 Started: 80 Finished: 0
2020-05-01 20:41:00,020 INFO o.a.j.r.Summariser: summary =  37001 in 00:03:50 =  160.9/s Avg:   473 Min:    18 Max:  4010 Err:     0 (0.00%)
2020-05-01 20:41:30,042 INFO o.a.j.r.Summariser: summary +   4620 in 00:00:30 =  153.9/s Avg:   518 Min:    20 Max:  3365 Err:     0 (0.00%) Active: 80 Started: 80 Finished: 0
2020-05-01 20:41:30,043 INFO o.a.j.r.Summariser: summary =  41621 in 00:04:20 =  160.1/s Avg:   478 Min:    18 Max:  4010 Err:     0 (0.00%)
2020-05-01 20:42:00,007 INFO o.a.j.r.Summariser: summary +   5024 in 00:00:30 =  167.7/s Avg:   472 Min:    19 Max:  3598 Err:     0 (0.00%) Active: 80 Started: 80 Finished: 0
2020-05-01 20:42:00,008 INFO o.a.j.r.Summariser: summary =  46645 in 00:04:50 =  160.9/s Avg:   477 Min:    18 Max:  4010 Err:     0 (0.00%)
2020-05-01 20:42:30,003 INFO o.a.j.r.Summariser: summary +   4632 in 00:00:30 =  154.4/s Avg:   523 Min:    19 Max:  3435 Err:     0 (0.00%) Active: 80 Started: 80 Finished: 0
2020-05-01 20:42:30,004 INFO o.a.j.r.Summariser: summary =  51277 in 00:05:20 =  160.3/s Avg:   481 Min:    18 Max:  4010 Err:     0 (0.00%)
2020-05-01 20:43:00,023 INFO o.a.j.r.Summariser: summary +   4931 in 00:00:30 =  164.3/s Avg:   479 Min:    18 Max:  3335 Err:     0 (0.00%) Active: 80 Started: 80 Finished: 0
2020-05-01 20:43:00,024 INFO o.a.j.r.Summariser: summary =  56208 in 00:05:50 =  160.6/s Avg:   481 Min:    18 Max:  4010 Err:     0 (0.00%)
2020-05-01 20:43:30,003 INFO o.a.j.r.Summariser: summary +   4775 in 00:00:30 =  159.3/s Avg:   502 Min:    19 Max:  3280 Err:     0 (0.00%) Active: 80 Started: 80 Finished: 0
2020-05-01 20:43:30,004 INFO o.a.j.r.Summariser: summary =  60983 in 00:06:20 =  160.5/s Avg:   483 Min:    18 Max:  4010 Err:     0 (0.00%)
2020-05-01 20:44:00,010 INFO o.a.j.r.Summariser: summary +   4844 in 00:00:30 =  161.4/s Avg:   501 Min:    18 Max:  3333 Err:     0 (0.00%) Active: 80 Started: 80 Finished: 0
2020-05-01 20:44:00,011 INFO o.a.j.r.Summariser: summary =  65827 in 00:06:50 =  160.6/s Avg:   484 Min:    18 Max:  4010 Err:     0 (0.00%)
2020-05-01 20:44:30,002 INFO o.a.j.r.Summariser: summary +   4924 in 00:00:30 =  164.2/s Avg:   493 Min:    17 Max:  3602 Err:     0 (0.00%) Active: 80 Started: 80 Finished: 0
2020-05-01 20:44:30,003 INFO o.a.j.r.Summariser: summary =  70751 in 00:07:20 =  160.8/s Avg:   485 Min:    17 Max:  4010 Err:     0 (0.00%)
2020-05-01 20:45:00,012 INFO o.a.j.r.Summariser: summary +   4731 in 00:00:30 =  157.6/s Avg:   486 Min:    19 Max:  3651 Err:     0 (0.00%) Active: 80 Started: 80 Finished: 0
2020-05-01 20:45:00,013 INFO o.a.j.r.Summariser: summary =  75482 in 00:07:50 =  160.6/s Avg:   485 Min:    17 Max:  4010 Err:     0 (0.00%)
2020-05-01 20:45:30,022 INFO o.a.j.r.Summariser: summary +   4833 in 00:00:30 =  161.0/s Avg:   515 Min:    21 Max:  3567 Err:     0 (0.00%) Active: 80 Started: 80 Finished: 0
2020-05-01 20:45:30,022 INFO o.a.j.r.Summariser: summary =  80315 in 00:08:20 =  160.6/s Avg:   487 Min:    17 Max:  4010 Err:     0 (0.00%)
2020-05-01 20:46:00,055 INFO o.a.j.r.Summariser: summary +   4646 in 00:00:30 =  154.7/s Avg:   506 Min:    20 Max:  3832 Err:     0 (0.00%) Active: 80 Started: 80 Finished: 0
2020-05-01 20:46:00,056 INFO o.a.j.r.Summariser: summary =  84961 in 00:08:50 =  160.3/s Avg:   488 Min:    17 Max:  4010 Err:     0 (0.00%)
2020-05-01 20:46:30,070 INFO o.a.j.r.Summariser: summary +   4879 in 00:00:30 =  162.6/s Avg:   492 Min:    19 Max:  3790 Err:     0 (0.00%) Active: 80 Started: 80 Finished: 0
2020-05-01 20:46:30,071 INFO o.a.j.r.Summariser: summary =  89840 in 00:09:20 =  160.4/s Avg:   488 Min:    17 Max:  4010 Err:     0 (0.00%)
2020-05-01 20:47:00,010 INFO o.a.j.r.Summariser: summary +   4575 in 00:00:30 =  152.8/s Avg:   526 Min:    19 Max:  4350 Err:     0 (0.00%) Active: 80 Started: 80 Finished: 0
2020-05-01 20:47:00,011 INFO o.a.j.r.Summariser: summary =  94415 in 00:09:50 =  160.0/s Avg:   490 Min:    17 Max:  4350 Err:     0 (0.00%)
2020-05-01 20:47:30,017 INFO o.a.j.r.Summariser: summary +   4788 in 00:00:30 =  159.6/s Avg:   497 Min:    18 Max:  3259 Err:     0 (0.00%) Active: 80 Started: 80 Finished: 0
2020-05-01 20:47:30,018 INFO o.a.j.r.Summariser: summary =  99203 in 00:10:20 =  160.0/s Avg:   490 Min:    17 Max:  4350 Err:     0 (0.00%)
2020-05-01 20:47:30,211 INFO o.a.j.t.JMeterThread: Stopping because end time detected by thread: Thread Group 1-4
2020-05-01 20:47:30,211 INFO o.a.j.t.JMeterThread: Thread finished: Thread Group 1-4
2020-05-01 20:47:30,227 INFO o.a.j.t.JMeterThread: Stopping because end time detected by thread: Thread Group 1-5
2020-05-01 20:47:30,227 INFO o.a.j.t.JMeterThread: Thread finished: Thread Group 1-5
2020-05-01 20:47:30,233 INFO o.a.j.t.JMeterThread: Stopping because end time detected by thread: Thread Group 1-9
2020-05-01 20:47:30,234 INFO o.a.j.t.JMeterThread: Thread finished: Thread Group 1-9
2020-05-01 20:47:30,262 INFO o.a.j.t.JMeterThread: Stopping because end time detected by thread: Thread Group 1-11
2020-05-01 20:47:30,262 INFO o.a.j.t.JMeterThread: Thread finished: Thread Group 1-11
2020-05-01 20:47:30,265 INFO o.a.j.t.JMeterThread: Stopping because end time detected by thread: Thread Group 1-10
2020-05-01 20:47:30,265 INFO o.a.j.t.JMeterThread: Thread finished: Thread Group 1-10
2020-05-01 20:47:30,302 INFO o.a.j.t.JMeterThread: Stopping because end time detected by thread: Thread Group 1-3
2020-05-01 20:47:30,302 INFO o.a.j.t.JMeterThread: Thread finished: Thread Group 1-3
2020-05-01 20:47:30,304 INFO o.a.j.t.JMeterThread: Stopping because end time detected by thread: Thread Group 1-6
2020-05-01 20:47:30,304 INFO o.a.j.t.JMeterThread: Thread finished: Thread Group 1-6
2020-05-01 20:47:30,361 INFO o.a.j.t.JMeterThread: Stopping because end time detected by thread: Thread Group 1-27
2020-05-01 20:47:30,362 INFO o.a.j.t.JMeterThread: Thread finished: Thread Group 1-27
2020-05-01 20:47:30,365 INFO o.a.j.t.JMeterThread: Stopping because end time detected by thread: Thread Group 1-34
2020-05-01 20:47:30,366 INFO o.a.j.t.JMeterThread: Thread finished: Thread Group 1-34
2020-05-01 20:47:30,376 INFO o.a.j.t.JMeterThread: Stopping because end time detected by thread: Thread Group 1-40
2020-05-01 20:47:30,376 INFO o.a.j.t.JMeterThread: Thread finished: Thread Group 1-40
2020-05-01 20:47:30,400 INFO o.a.j.t.JMeterThread: Stopping because end time detected by thread: Thread Group 1-13
2020-05-01 20:47:30,400 INFO o.a.j.t.JMeterThread: Thread finished: Thread Group 1-13
2020-05-01 20:47:30,422 INFO o.a.j.t.JMeterThread: Stopping because end time detected by thread: Thread Group 1-25
2020-05-01 20:47:30,422 INFO o.a.j.t.JMeterThread: Thread finished: Thread Group 1-25
2020-05-01 20:47:30,444 INFO o.a.j.t.JMeterThread: Stopping because end time detected by thread: Thread Group 1-45
2020-05-01 20:47:30,444 INFO o.a.j.t.JMeterThread: Thread finished: Thread Group 1-45
2020-05-01 20:47:30,452 INFO o.a.j.t.JMeterThread: Stopping because end time detected by thread: Thread Group 1-14
2020-05-01 20:47:30,452 INFO o.a.j.t.JMeterThread: Thread finished: Thread Group 1-14
2020-05-01 20:47:30,467 INFO o.a.j.t.JMeterThread: Stopping because end time detected by thread: Thread Group 1-64
2020-05-01 20:47:30,467 INFO o.a.j.t.JMeterThread: Stopping because end time detected by thread: Thread Group 1-62
2020-05-01 20:47:30,467 INFO o.a.j.t.JMeterThread: Thread finished: Thread Group 1-64
2020-05-01 20:47:30,467 INFO o.a.j.t.JMeterThread: Thread finished: Thread Group 1-62
2020-05-01 20:47:30,490 INFO o.a.j.t.JMeterThread: Stopping because end time detected by thread: Thread Group 1-42
2020-05-01 20:47:30,491 INFO o.a.j.t.JMeterThread: Thread finished: Thread Group 1-42
2020-05-01 20:47:30,497 INFO o.a.j.t.JMeterThread: Stopping because end time detected by thread: Thread Group 1-72
2020-05-01 20:47:30,497 INFO o.a.j.t.JMeterThread: Thread finished: Thread Group 1-72
2020-05-01 20:47:30,497 INFO o.a.j.t.JMeterThread: Stopping because end time detected by thread: Thread Group 1-8
2020-05-01 20:47:30,498 INFO o.a.j.t.JMeterThread: Thread finished: Thread Group 1-8
2020-05-01 20:47:30,550 INFO o.a.j.t.JMeterThread: Stopping because end time detected by thread: Thread Group 1-55
2020-05-01 20:47:30,550 INFO o.a.j.t.JMeterThread: Thread finished: Thread Group 1-55
2020-05-01 20:47:30,560 INFO o.a.j.t.JMeterThread: Stopping because end time detected by thread: Thread Group 1-65
2020-05-01 20:47:30,560 INFO o.a.j.t.JMeterThread: Thread finished: Thread Group 1-65
2020-05-01 20:47:30,565 INFO o.a.j.t.JMeterThread: Stopping because end time detected by thread: Thread Group 1-67
2020-05-01 20:47:30,565 INFO o.a.j.t.JMeterThread: Thread finished: Thread Group 1-67
2020-05-01 20:47:30,575 INFO o.a.j.t.JMeterThread: Stopping because end time detected by thread: Thread Group 1-33
2020-05-01 20:47:30,576 INFO o.a.j.t.JMeterThread: Thread finished: Thread Group 1-33
2020-05-01 20:47:30,578 INFO o.a.j.t.JMeterThread: Stopping because end time detected by thread: Thread Group 1-31
2020-05-01 20:47:30,578 INFO o.a.j.t.JMeterThread: Thread finished: Thread Group 1-31
2020-05-01 20:47:30,620 INFO o.a.j.t.JMeterThread: Stopping because end time detected by thread: Thread Group 1-43
2020-05-01 20:47:30,621 INFO o.a.j.t.JMeterThread: Thread finished: Thread Group 1-43
2020-05-01 20:47:30,680 INFO o.a.j.t.JMeterThread: Stopping because end time detected by thread: Thread Group 1-51
2020-05-01 20:47:30,680 INFO o.a.j.t.JMeterThread: Thread finished: Thread Group 1-51
2020-05-01 20:47:30,730 INFO o.a.j.t.JMeterThread: Stopping because end time detected by thread: Thread Group 1-54
2020-05-01 20:47:30,731 INFO o.a.j.t.JMeterThread: Thread finished: Thread Group 1-54
2020-05-01 20:47:30,733 INFO o.a.j.t.JMeterThread: Stopping because end time detected by thread: Thread Group 1-32
2020-05-01 20:47:30,733 INFO o.a.j.t.JMeterThread: Thread finished: Thread Group 1-32
2020-05-01 20:47:30,738 INFO o.a.j.t.JMeterThread: Stopping because end time detected by thread: Thread Group 1-75
2020-05-01 20:47:30,738 INFO o.a.j.t.JMeterThread: Thread finished: Thread Group 1-75
2020-05-01 20:47:30,753 INFO o.a.j.t.JMeterThread: Stopping because end time detected by thread: Thread Group 1-44
2020-05-01 20:47:30,753 INFO o.a.j.t.JMeterThread: Thread finished: Thread Group 1-44
2020-05-01 20:47:30,755 INFO o.a.j.t.JMeterThread: Stopping because end time detected by thread: Thread Group 1-7
2020-05-01 20:47:30,755 INFO o.a.j.t.JMeterThread: Thread finished: Thread Group 1-7
2020-05-01 20:47:30,757 INFO o.a.j.t.JMeterThread: Stopping because end time detected by thread: Thread Group 1-79
2020-05-01 20:47:30,757 INFO o.a.j.t.JMeterThread: Thread finished: Thread Group 1-79
2020-05-01 20:47:30,761 INFO o.a.j.t.JMeterThread: Stopping because end time detected by thread: Thread Group 1-78
2020-05-01 20:47:30,762 INFO o.a.j.t.JMeterThread: Thread finished: Thread Group 1-78
2020-05-01 20:47:30,762 INFO o.a.j.t.JMeterThread: Stopping because end time detected by thread: Thread Group 1-29
2020-05-01 20:47:30,762 INFO o.a.j.t.JMeterThread: Stopping because end time detected by thread: Thread Group 1-21
2020-05-01 20:47:30,762 INFO o.a.j.t.JMeterThread: Stopping because end time detected by thread: Thread Group 1-20
2020-05-01 20:47:30,762 INFO o.a.j.t.JMeterThread: Thread finished: Thread Group 1-29
2020-05-01 20:47:30,762 INFO o.a.j.t.JMeterThread: Thread finished: Thread Group 1-20
2020-05-01 20:47:30,762 INFO o.a.j.t.JMeterThread: Thread finished: Thread Group 1-21
2020-05-01 20:47:30,774 INFO o.a.j.t.JMeterThread: Stopping because end time detected by thread: Thread Group 1-17
2020-05-01 20:47:30,774 INFO o.a.j.t.JMeterThread: Thread finished: Thread Group 1-17
2020-05-01 20:47:30,782 INFO o.a.j.t.JMeterThread: Stopping because end time detected by thread: Thread Group 1-41
2020-05-01 20:47:30,782 INFO o.a.j.t.JMeterThread: Thread finished: Thread Group 1-41
2020-05-01 20:47:30,786 INFO o.a.j.t.JMeterThread: Stopping because end time detected by thread: Thread Group 1-57
2020-05-01 20:47:30,787 INFO o.a.j.t.JMeterThread: Thread finished: Thread Group 1-57
2020-05-01 20:47:30,791 INFO o.a.j.t.JMeterThread: Stopping because end time detected by thread: Thread Group 1-73
2020-05-01 20:47:30,792 INFO o.a.j.t.JMeterThread: Thread finished: Thread Group 1-73
2020-05-01 20:47:30,834 INFO o.a.j.t.JMeterThread: Stopping because end time detected by thread: Thread Group 1-70
2020-05-01 20:47:30,835 INFO o.a.j.t.JMeterThread: Thread finished: Thread Group 1-70
2020-05-01 20:47:30,837 INFO o.a.j.t.JMeterThread: Stopping because end time detected by thread: Thread Group 1-59
2020-05-01 20:47:30,837 INFO o.a.j.t.JMeterThread: Thread finished: Thread Group 1-59
2020-05-01 20:47:30,844 INFO o.a.j.t.JMeterThread: Stopping because end time detected by thread: Thread Group 1-35
2020-05-01 20:47:30,845 INFO o.a.j.t.JMeterThread: Thread finished: Thread Group 1-35
2020-05-01 20:47:30,859 INFO o.a.j.t.JMeterThread: Stopping because end time detected by thread: Thread Group 1-28
2020-05-01 20:47:30,860 INFO o.a.j.t.JMeterThread: Thread finished: Thread Group 1-28
2020-05-01 20:47:30,860 INFO o.a.j.t.JMeterThread: Stopping because end time detected by thread: Thread Group 1-80
2020-05-01 20:47:30,860 INFO o.a.j.t.JMeterThread: Stopping because end time detected by thread: Thread Group 1-2
2020-05-01 20:47:30,861 INFO o.a.j.t.JMeterThread: Thread finished: Thread Group 1-80
2020-05-01 20:47:30,861 INFO o.a.j.t.JMeterThread: Stopping because end time detected by thread: Thread Group 1-1
2020-05-01 20:47:30,862 INFO o.a.j.t.JMeterThread: Thread finished: Thread Group 1-1
2020-05-01 20:47:30,865 INFO o.a.j.t.JMeterThread: Stopping because end time detected by thread: Thread Group 1-22
2020-05-01 20:47:30,865 INFO o.a.j.t.JMeterThread: Thread finished: Thread Group 1-22
2020-05-01 20:47:30,865 INFO o.a.j.t.JMeterThread: Stopping because end time detected by thread: Thread Group 1-66
2020-05-01 20:47:30,867 INFO o.a.j.t.JMeterThread: Thread finished: Thread Group 1-66
2020-05-01 20:47:30,868 INFO o.a.j.t.JMeterThread: Stopping because end time detected by thread: Thread Group 1-19
2020-05-01 20:47:30,868 INFO o.a.j.t.JMeterThread: Thread finished: Thread Group 1-2
2020-05-01 20:47:30,870 INFO o.a.j.t.JMeterThread: Stopping because end time detected by thread: Thread Group 1-46
2020-05-01 20:47:30,870 INFO o.a.j.t.JMeterThread: Thread finished: Thread Group 1-19
2020-05-01 20:47:30,871 INFO o.a.j.t.JMeterThread: Thread finished: Thread Group 1-46
2020-05-01 20:47:30,871 INFO o.a.j.t.JMeterThread: Stopping because end time detected by thread: Thread Group 1-52
2020-05-01 20:47:30,872 INFO o.a.j.t.JMeterThread: Thread finished: Thread Group 1-52
2020-05-01 20:47:30,910 INFO o.a.j.t.JMeterThread: Stopping because end time detected by thread: Thread Group 1-61
2020-05-01 20:47:30,910 INFO o.a.j.t.JMeterThread: Thread finished: Thread Group 1-61
2020-05-01 20:47:30,951 INFO o.a.j.t.JMeterThread: Stopping because end time detected by thread: Thread Group 1-58
2020-05-01 20:47:30,951 INFO o.a.j.t.JMeterThread: Thread finished: Thread Group 1-58
2020-05-01 20:47:30,953 INFO o.a.j.t.JMeterThread: Stopping because end time detected by thread: Thread Group 1-48
2020-05-01 20:47:30,953 INFO o.a.j.t.JMeterThread: Thread finished: Thread Group 1-48
2020-05-01 20:47:30,958 INFO o.a.j.t.JMeterThread: Stopping because end time detected by thread: Thread Group 1-15
2020-05-01 20:47:30,958 INFO o.a.j.t.JMeterThread: Thread finished: Thread Group 1-15
2020-05-01 20:47:30,962 INFO o.a.j.t.JMeterThread: Stopping because end time detected by thread: Thread Group 1-39
2020-05-01 20:47:30,962 INFO o.a.j.t.JMeterThread: Thread finished: Thread Group 1-39
2020-05-01 20:47:31,008 INFO o.a.j.t.JMeterThread: Stopping because end time detected by thread: Thread Group 1-36
2020-05-01 20:47:31,008 INFO o.a.j.t.JMeterThread: Thread finished: Thread Group 1-36
2020-05-01 20:47:31,011 INFO o.a.j.t.JMeterThread: Stopping because end time detected by thread: Thread Group 1-47
2020-05-01 20:47:31,012 INFO o.a.j.t.JMeterThread: Thread finished: Thread Group 1-47
2020-05-01 20:47:31,020 INFO o.a.j.t.JMeterThread: Stopping because end time detected by thread: Thread Group 1-56
2020-05-01 20:47:31,021 INFO o.a.j.t.JMeterThread: Thread finished: Thread Group 1-56
2020-05-01 20:47:31,023 INFO o.a.j.t.JMeterThread: Stopping because end time detected by thread: Thread Group 1-30
2020-05-01 20:47:31,024 INFO o.a.j.t.JMeterThread: Thread finished: Thread Group 1-30
2020-05-01 20:47:31,042 INFO o.a.j.t.JMeterThread: Stopping because end time detected by thread: Thread Group 1-49
2020-05-01 20:47:31,044 INFO o.a.j.t.JMeterThread: Stopping because end time detected by thread: Thread Group 1-38
2020-05-01 20:47:31,044 INFO o.a.j.t.JMeterThread: Thread finished: Thread Group 1-49
2020-05-01 20:47:31,044 INFO o.a.j.t.JMeterThread: Thread finished: Thread Group 1-38
2020-05-01 20:47:31,055 INFO o.a.j.t.JMeterThread: Stopping because end time detected by thread: Thread Group 1-53
2020-05-01 20:47:31,055 INFO o.a.j.t.JMeterThread: Thread finished: Thread Group 1-53
2020-05-01 20:47:31,055 INFO o.a.j.t.JMeterThread: Stopping because end time detected by thread: Thread Group 1-37
2020-05-01 20:47:31,055 INFO o.a.j.t.JMeterThread: Thread finished: Thread Group 1-37
2020-05-01 20:47:31,059 INFO o.a.j.t.JMeterThread: Stopping because end time detected by thread: Thread Group 1-76
2020-05-01 20:47:31,059 INFO o.a.j.t.JMeterThread: Thread finished: Thread Group 1-76
2020-05-01 20:47:31,065 INFO o.a.j.t.JMeterThread: Stopping because end time detected by thread: Thread Group 1-71
2020-05-01 20:47:31,065 INFO o.a.j.t.JMeterThread: Stopping because end time detected by thread: Thread Group 1-68
2020-05-01 20:47:31,066 INFO o.a.j.t.JMeterThread: Thread finished: Thread Group 1-68
2020-05-01 20:47:31,066 INFO o.a.j.t.JMeterThread: Stopping because end time detected by thread: Thread Group 1-23
2020-05-01 20:47:31,066 INFO o.a.j.t.JMeterThread: Thread finished: Thread Group 1-23
2020-05-01 20:47:31,065 INFO o.a.j.t.JMeterThread: Thread finished: Thread Group 1-71
2020-05-01 20:47:31,069 INFO o.a.j.t.JMeterThread: Stopping because end time detected by thread: Thread Group 1-26
2020-05-01 20:47:31,069 INFO o.a.j.t.JMeterThread: Stopping because end time detected by thread: Thread Group 1-74
2020-05-01 20:47:31,070 INFO o.a.j.t.JMeterThread: Thread finished: Thread Group 1-26
2020-05-01 20:47:31,071 INFO o.a.j.t.JMeterThread: Thread finished: Thread Group 1-74
2020-05-01 20:47:31,071 INFO o.a.j.t.JMeterThread: Stopping because end time detected by thread: Thread Group 1-50
2020-05-01 20:47:31,071 INFO o.a.j.t.JMeterThread: Thread finished: Thread Group 1-50
2020-05-01 20:47:31,076 INFO o.a.j.t.JMeterThread: Stopping because end time detected by thread: Thread Group 1-18
2020-05-01 20:47:31,077 INFO o.a.j.t.JMeterThread: Thread finished: Thread Group 1-18
2020-05-01 20:47:31,079 INFO o.a.j.t.JMeterThread: Stopping because end time detected by thread: Thread Group 1-24
2020-05-01 20:47:31,079 INFO o.a.j.t.JMeterThread: Thread finished: Thread Group 1-24
2020-05-01 20:47:31,079 INFO o.a.j.t.JMeterThread: Stopping because end time detected by thread: Thread Group 1-60
2020-05-01 20:47:31,080 INFO o.a.j.t.JMeterThread: Thread finished: Thread Group 1-60
2020-05-01 20:47:31,080 INFO o.a.j.t.JMeterThread: Stopping because end time detected by thread: Thread Group 1-12
2020-05-01 20:47:31,080 INFO o.a.j.t.JMeterThread: Stopping because end time detected by thread: Thread Group 1-69
2020-05-01 20:47:31,080 INFO o.a.j.t.JMeterThread: Thread finished: Thread Group 1-12
2020-05-01 20:47:31,080 INFO o.a.j.t.JMeterThread: Thread finished: Thread Group 1-69
2020-05-01 20:47:31,083 INFO o.a.j.t.JMeterThread: Stopping because end time detected by thread: Thread Group 1-63
2020-05-01 20:47:31,083 INFO o.a.j.t.JMeterThread: Thread finished: Thread Group 1-63
2020-05-01 20:47:31,083 INFO o.a.j.t.JMeterThread: Stopping because end time detected by thread: Thread Group 1-77
2020-05-01 20:47:31,083 INFO o.a.j.t.JMeterThread: Thread finished: Thread Group 1-77
2020-05-01 20:47:31,120 INFO o.a.j.t.JMeterThread: Stopping because end time detected by thread: Thread Group 1-16
2020-05-01 20:47:31,121 INFO o.a.j.t.JMeterThread: Thread finished: Thread Group 1-16
2020-05-01 20:47:31,122 INFO o.a.j.e.StandardJMeterEngine: Notifying test listeners of end of test
2020-05-01 20:47:31,124 INFO o.a.j.r.Summariser: summary +    145 in 00:00:01 =  130.9/s Avg:   947 Min:    24 Max:  2514 Err:     0 (0.00%) Active: 0 Started: 80 Finished: 80
2020-05-01 20:47:31,125 INFO o.a.j.r.Summariser: summary =  99348 in 00:10:21 =  160.0/s Avg:   491 Min:    17 Max:  4350 Err:     0 (0.00%)
