2020-04-02 10:41:22,161 INFO o.a.j.u.JMeterUtils: Setting Locale to en_US
2020-04-02 10:41:22,195 INFO o.a.j.JMeter: Loading user properties from: /home/pablo/jmeter/bin/user.properties
2020-04-02 10:41:22,197 INFO o.a.j.JMeter: Loading system properties from: /home/pablo/jmeter/bin/system.properties
2020-04-02 10:41:22,197 INFO o.a.j.JMeter: Setting System property: HILOS=300
2020-04-02 10:41:22,198 INFO o.a.j.JMeter: Setting System property: SUBIDA=120
2020-04-02 10:41:22,198 INFO o.a.j.JMeter: Setting System property: DURACION=360
2020-04-02 10:41:22,199 INFO o.a.j.JMeter: Setting System property: PAGE=/test/imageng.html
2020-04-02 10:41:22,199 INFO o.a.j.JMeter: Setting System property: FILE=scriptresultsperfmonG300.jtl
2020-04-02 10:41:22,202 INFO o.a.j.JMeter: Copyright (c) 1998-2019 The Apache Software Foundation
2020-04-02 10:41:22,203 INFO o.a.j.JMeter: Version 5.2.1
2020-04-02 10:41:22,203 INFO o.a.j.JMeter: java.version=1.8.0_201
2020-04-02 10:41:22,203 INFO o.a.j.JMeter: java.vm.name=Java HotSpot(TM) 64-Bit Server VM
2020-04-02 10:41:22,203 INFO o.a.j.JMeter: os.name=Linux
2020-04-02 10:41:22,204 INFO o.a.j.JMeter: os.arch=amd64
2020-04-02 10:41:22,204 INFO o.a.j.JMeter: os.version=4.15.0-91-generic
2020-04-02 10:41:22,204 INFO o.a.j.JMeter: file.encoding=UTF-8
2020-04-02 10:41:22,204 INFO o.a.j.JMeter: java.awt.headless=true
2020-04-02 10:41:22,205 INFO o.a.j.JMeter: Max memory     =732954624
2020-04-02 10:41:22,205 INFO o.a.j.JMeter: Available Processors =4
2020-04-02 10:41:22,213 INFO o.a.j.JMeter: Default Locale=English (United States)
2020-04-02 10:41:22,214 INFO o.a.j.JMeter: JMeter  Locale=English (United States)
2020-04-02 10:41:22,214 INFO o.a.j.JMeter: JMeterHome=/home/pablo/jmeter
2020-04-02 10:41:22,214 INFO o.a.j.JMeter: user.dir  =/home/pablo/jmeter/bin/EJECUCIONES/P1
2020-04-02 10:41:22,214 INFO o.a.j.JMeter: PWD       =/home/pablo/jmeter/bin/EJECUCIONES/P1
2020-04-02 10:41:22,215 INFO o.a.j.JMeter: IP: 127.0.1.1 Name: hylianpablo FullName: hylianpablo
2020-04-02 10:41:22,225 INFO o.a.j.s.FileServer: Default base='/home/pablo/jmeter/bin/EJECUCIONES/P1'
2020-04-02 10:41:22,235 INFO o.a.j.s.FileServer: Set new base='/home/pablo/jmeter/bin/EJECUCIONES/P1/../..'
2020-04-02 10:41:22,548 INFO o.a.j.s.SaveService: Testplan (JMX) version: 2.2. Testlog (JTL) version: 2.2
2020-04-02 10:41:22,567 INFO o.a.j.s.SaveService: Using SaveService properties file encoding UTF-8
2020-04-02 10:41:22,583 INFO o.a.j.s.SaveService: Using SaveService properties version 5.0
2020-04-02 10:41:22,605 INFO o.a.j.s.SaveService: Loading file: ../../Correcto.jmx
2020-04-02 10:41:22,783 INFO o.a.j.p.h.s.HTTPSamplerBase: Parser for text/html is org.apache.jmeter.protocol.http.parser.LagartoBasedHtmlParser
2020-04-02 10:41:22,783 INFO o.a.j.p.h.s.HTTPSamplerBase: Parser for application/xhtml+xml is org.apache.jmeter.protocol.http.parser.LagartoBasedHtmlParser
2020-04-02 10:41:22,784 INFO o.a.j.p.h.s.HTTPSamplerBase: Parser for application/xml is org.apache.jmeter.protocol.http.parser.LagartoBasedHtmlParser
2020-04-02 10:41:22,784 INFO o.a.j.p.h.s.HTTPSamplerBase: Parser for text/xml is org.apache.jmeter.protocol.http.parser.LagartoBasedHtmlParser
2020-04-02 10:41:22,784 INFO o.a.j.p.h.s.HTTPSamplerBase: Parser for text/vnd.wap.wml is org.apache.jmeter.protocol.http.parser.RegexpHTMLParser
2020-04-02 10:41:22,785 INFO o.a.j.p.h.s.HTTPSamplerBase: Parser for text/css is org.apache.jmeter.protocol.http.parser.CssParser
2020-04-02 10:41:22,817 INFO o.a.j.JMeter: Creating summariser <summary>
2020-04-02 10:41:22,835 INFO o.a.j.e.StandardJMeterEngine: Running the test!
2020-04-02 10:41:22,838 INFO o.a.j.s.SampleEvent: List of sample_variables: []
2020-04-02 10:41:22,839 INFO o.a.j.s.SampleEvent: List of sample_variables: []
2020-04-02 10:41:22,854 INFO o.a.j.e.u.CompoundVariable: Note: Function class names must contain the string: '.functions.'
2020-04-02 10:41:22,854 INFO o.a.j.e.u.CompoundVariable: Note: Function class names must not contain the string: '.gui.'
2020-04-02 10:41:23,737 INFO o.a.j.JMeter: Running test (1585816883737)
2020-04-02 10:41:23,814 INFO o.a.j.e.StandardJMeterEngine: Starting ThreadGroup: 1 : Grupo De Hilos
2020-04-02 10:41:23,814 INFO o.a.j.e.StandardJMeterEngine: Starting 300 threads for group Grupo De Hilos.
2020-04-02 10:41:23,815 INFO o.a.j.e.StandardJMeterEngine: Thread will continue on error
2020-04-02 10:41:23,815 INFO o.a.j.t.ThreadGroup: Starting thread group... number=1 threads=300 ramp-up=120 delayedStart=false
2020-04-02 10:41:23,874 INFO o.a.j.t.JMeterThread: Thread started: Grupo De Hilos 1-1
2020-04-02 10:41:23,932 INFO o.a.j.p.h.s.HTTPHCAbstractImpl: Local host = hylianpablo
2020-04-02 10:41:23,953 INFO o.a.j.p.h.s.HTTPHC4Impl: HTTP request retry count = 0
2020-04-02 10:41:23,959 INFO o.a.j.s.SampleResult: Note: Sample TimeStamps are START times
2020-04-02 10:41:23,959 INFO o.a.j.s.SampleResult: sampleresult.default.encoding is set to ISO-8859-1
2020-04-02 10:41:23,959 INFO o.a.j.s.SampleResult: sampleresult.useNanoTime=true
2020-04-02 10:41:23,960 INFO o.a.j.s.SampleResult: sampleresult.nanoThreadSleep=5000
2020-04-02 10:41:24,264 INFO o.a.j.t.ThreadGroup: Started thread group number 1
2020-04-02 10:41:24,264 INFO o.a.j.e.StandardJMeterEngine: All thread groups have been started
2020-04-02 10:41:24,264 INFO o.a.j.t.JMeterThread: Thread started: Grupo De Hilos 1-2
2020-04-02 10:41:24,662 INFO o.a.j.t.JMeterThread: Thread started: Grupo De Hilos 1-3
2020-04-02 10:41:25,060 INFO o.a.j.t.JMeterThread: Thread started: Grupo De Hilos 1-4
2020-04-02 10:41:25,421 INFO o.a.j.t.JMeterThread: Thread started: Grupo De Hilos 1-5
2020-04-02 10:41:25,818 INFO o.a.j.t.JMeterThread: Thread started: Grupo De Hilos 1-6
2020-04-02 10:41:26,220 INFO o.a.j.t.JMeterThread: Thread started: Grupo De Hilos 1-7
2020-04-02 10:41:26,620 INFO o.a.j.t.JMeterThread: Thread started: Grupo De Hilos 1-8
2020-04-02 10:41:27,018 INFO o.a.j.t.JMeterThread: Thread started: Grupo De Hilos 1-9
2020-04-02 10:41:27,418 INFO o.a.j.t.JMeterThread: Thread started: Grupo De Hilos 1-10
2020-04-02 10:41:27,818 INFO o.a.j.t.JMeterThread: Thread started: Grupo De Hilos 1-11
2020-04-02 10:41:28,218 INFO o.a.j.t.JMeterThread: Thread started: Grupo De Hilos 1-12
2020-04-02 10:41:28,620 INFO o.a.j.t.JMeterThread: Thread started: Grupo De Hilos 1-13
2020-04-02 10:41:29,021 INFO o.a.j.t.JMeterThread: Thread started: Grupo De Hilos 1-14
2020-04-02 10:41:29,418 INFO o.a.j.t.JMeterThread: Thread started: Grupo De Hilos 1-15
2020-04-02 10:41:29,819 INFO o.a.j.t.JMeterThread: Thread started: Grupo De Hilos 1-16
2020-04-02 10:41:30,004 INFO o.a.j.r.Summariser: summary +   2175 in 00:00:06 =  347.2/s Avg:    22 Min:    13 Max:   155 Err:     0 (0.00%) Active: 16 Started: 16 Finished: 0
2020-04-02 10:41:30,219 INFO o.a.j.t.JMeterThread: Thread started: Grupo De Hilos 1-17
2020-04-02 10:41:30,629 INFO o.a.j.t.JMeterThread: Thread started: Grupo De Hilos 1-18
2020-04-02 10:41:31,028 INFO o.a.j.t.JMeterThread: Thread started: Grupo De Hilos 1-19
2020-04-02 10:41:31,420 INFO o.a.j.t.JMeterThread: Thread started: Grupo De Hilos 1-20
2020-04-02 10:41:31,819 INFO o.a.j.t.JMeterThread: Thread started: Grupo De Hilos 1-21
2020-04-02 10:41:32,218 INFO o.a.j.t.JMeterThread: Thread started: Grupo De Hilos 1-22
2020-04-02 10:41:32,619 INFO o.a.j.t.JMeterThread: Thread started: Grupo De Hilos 1-23
2020-04-02 10:41:33,018 INFO o.a.j.t.JMeterThread: Thread started: Grupo De Hilos 1-24
2020-04-02 10:41:33,421 INFO o.a.j.t.JMeterThread: Thread started: Grupo De Hilos 1-25
2020-04-02 10:41:33,819 INFO o.a.j.t.JMeterThread: Thread started: Grupo De Hilos 1-26
2020-04-02 10:41:34,220 INFO o.a.j.t.JMeterThread: Thread started: Grupo De Hilos 1-27
2020-04-02 10:41:34,617 INFO o.a.j.t.JMeterThread: Thread started: Grupo De Hilos 1-28
2020-04-02 10:41:35,018 INFO o.a.j.t.JMeterThread: Thread started: Grupo De Hilos 1-29
2020-04-02 10:41:35,417 INFO o.a.j.t.JMeterThread: Thread started: Grupo De Hilos 1-30
2020-04-02 10:41:35,817 INFO o.a.j.t.JMeterThread: Thread started: Grupo De Hilos 1-31
2020-04-02 10:41:36,218 INFO o.a.j.t.JMeterThread: Thread started: Grupo De Hilos 1-32
2020-04-02 10:41:36,619 INFO o.a.j.t.JMeterThread: Thread started: Grupo De Hilos 1-33
2020-04-02 10:41:37,019 INFO o.a.j.t.JMeterThread: Thread started: Grupo De Hilos 1-34
2020-04-02 10:41:37,418 INFO o.a.j.t.JMeterThread: Thread started: Grupo De Hilos 1-35
2020-04-02 10:41:37,828 INFO o.a.j.t.JMeterThread: Thread started: Grupo De Hilos 1-36
2020-04-02 10:41:38,218 INFO o.a.j.t.JMeterThread: Thread started: Grupo De Hilos 1-37
2020-04-02 10:41:38,620 INFO o.a.j.t.JMeterThread: Thread started: Grupo De Hilos 1-38
2020-04-02 10:41:39,020 INFO o.a.j.t.JMeterThread: Thread started: Grupo De Hilos 1-39
2020-04-02 10:41:39,418 INFO o.a.j.t.JMeterThread: Thread started: Grupo De Hilos 1-40
2020-04-02 10:41:39,817 INFO o.a.j.t.JMeterThread: Thread started: Grupo De Hilos 1-41
2020-04-02 10:41:40,217 INFO o.a.j.t.JMeterThread: Thread started: Grupo De Hilos 1-42
2020-04-02 10:41:40,617 INFO o.a.j.t.JMeterThread: Thread started: Grupo De Hilos 1-43
2020-04-02 10:41:41,017 INFO o.a.j.t.JMeterThread: Thread started: Grupo De Hilos 1-44
2020-04-02 10:41:41,418 INFO o.a.j.t.JMeterThread: Thread started: Grupo De Hilos 1-45
2020-04-02 10:41:41,821 INFO o.a.j.t.JMeterThread: Thread started: Grupo De Hilos 1-46
2020-04-02 10:41:42,222 INFO o.a.j.t.JMeterThread: Thread started: Grupo De Hilos 1-47
2020-04-02 10:41:42,617 INFO o.a.j.t.JMeterThread: Thread started: Grupo De Hilos 1-48
2020-04-02 10:41:43,018 INFO o.a.j.t.JMeterThread: Thread started: Grupo De Hilos 1-49
2020-04-02 10:41:43,417 INFO o.a.j.t.JMeterThread: Thread started: Grupo De Hilos 1-50
2020-04-02 10:41:43,818 INFO o.a.j.t.JMeterThread: Thread started: Grupo De Hilos 1-51
2020-04-02 10:41:44,220 INFO o.a.j.t.JMeterThread: Thread started: Grupo De Hilos 1-52
2020-04-02 10:41:44,619 INFO o.a.j.t.JMeterThread: Thread started: Grupo De Hilos 1-53
2020-04-02 10:41:45,018 INFO o.a.j.t.JMeterThread: Thread started: Grupo De Hilos 1-54
2020-04-02 10:41:45,418 INFO o.a.j.t.JMeterThread: Thread started: Grupo De Hilos 1-55
2020-04-02 10:41:45,818 INFO o.a.j.t.JMeterThread: Thread started: Grupo De Hilos 1-56
2020-04-02 10:41:46,221 INFO o.a.j.t.JMeterThread: Thread started: Grupo De Hilos 1-57
2020-04-02 10:41:46,621 INFO o.a.j.t.JMeterThread: Thread started: Grupo De Hilos 1-58
2020-04-02 10:41:47,017 INFO o.a.j.t.JMeterThread: Thread started: Grupo De Hilos 1-59
2020-04-02 10:41:47,418 INFO o.a.j.t.JMeterThread: Thread started: Grupo De Hilos 1-60
2020-04-02 10:41:47,818 INFO o.a.j.t.JMeterThread: Thread started: Grupo De Hilos 1-61
2020-04-02 10:41:48,218 INFO o.a.j.t.JMeterThread: Thread started: Grupo De Hilos 1-62
2020-04-02 10:41:48,618 INFO o.a.j.t.JMeterThread: Thread started: Grupo De Hilos 1-63
2020-04-02 10:41:49,017 INFO o.a.j.t.JMeterThread: Thread started: Grupo De Hilos 1-64
2020-04-02 10:41:49,418 INFO o.a.j.t.JMeterThread: Thread started: Grupo De Hilos 1-65
2020-04-02 10:41:49,817 INFO o.a.j.t.JMeterThread: Thread started: Grupo De Hilos 1-66
2020-04-02 10:41:50,217 INFO o.a.j.t.JMeterThread: Thread started: Grupo De Hilos 1-67
2020-04-02 10:41:50,617 INFO o.a.j.t.JMeterThread: Thread started: Grupo De Hilos 1-68
2020-04-02 10:41:51,018 INFO o.a.j.t.JMeterThread: Thread started: Grupo De Hilos 1-69
2020-04-02 10:41:51,422 INFO o.a.j.t.JMeterThread: Thread started: Grupo De Hilos 1-70
2020-04-02 10:41:51,816 INFO o.a.j.t.JMeterThread: Thread started: Grupo De Hilos 1-71
2020-04-02 10:41:52,218 INFO o.a.j.t.JMeterThread: Thread started: Grupo De Hilos 1-72
2020-04-02 10:41:52,620 INFO o.a.j.t.JMeterThread: Thread started: Grupo De Hilos 1-73
2020-04-02 10:41:53,018 INFO o.a.j.t.JMeterThread: Thread started: Grupo De Hilos 1-74
2020-04-02 10:41:53,424 INFO o.a.j.t.JMeterThread: Thread started: Grupo De Hilos 1-75
2020-04-02 10:41:53,821 INFO o.a.j.t.JMeterThread: Thread started: Grupo De Hilos 1-76
2020-04-02 10:41:54,219 INFO o.a.j.t.JMeterThread: Thread started: Grupo De Hilos 1-77
2020-04-02 10:41:54,617 INFO o.a.j.t.JMeterThread: Thread started: Grupo De Hilos 1-78
2020-04-02 10:41:55,026 INFO o.a.j.t.JMeterThread: Thread started: Grupo De Hilos 1-79
2020-04-02 10:41:55,424 INFO o.a.j.t.JMeterThread: Thread started: Grupo De Hilos 1-80
2020-04-02 10:41:55,830 INFO o.a.j.t.JMeterThread: Thread started: Grupo De Hilos 1-81
2020-04-02 10:41:56,226 INFO o.a.j.t.JMeterThread: Thread started: Grupo De Hilos 1-82
2020-04-02 10:41:56,627 INFO o.a.j.t.JMeterThread: Thread started: Grupo De Hilos 1-83
2020-04-02 10:41:57,020 INFO o.a.j.t.JMeterThread: Thread started: Grupo De Hilos 1-84
2020-04-02 10:41:57,417 INFO o.a.j.t.JMeterThread: Thread started: Grupo De Hilos 1-85
2020-04-02 10:41:57,818 INFO o.a.j.t.JMeterThread: Thread started: Grupo De Hilos 1-86
2020-04-02 10:41:58,219 INFO o.a.j.t.JMeterThread: Thread started: Grupo De Hilos 1-87
2020-04-02 10:41:58,619 INFO o.a.j.t.JMeterThread: Thread started: Grupo De Hilos 1-88
2020-04-02 10:41:59,018 INFO o.a.j.t.JMeterThread: Thread started: Grupo De Hilos 1-89
2020-04-02 10:41:59,417 INFO o.a.j.t.JMeterThread: Thread started: Grupo De Hilos 1-90
2020-04-02 10:41:59,818 INFO o.a.j.t.JMeterThread: Thread started: Grupo De Hilos 1-91
2020-04-02 10:42:00,001 INFO o.a.j.r.Summariser: summary +  48801 in 00:00:30 = 1626.8/s Avg:    32 Min:    14 Max:   261 Err:     0 (0.00%) Active: 91 Started: 91 Finished: 0
2020-04-02 10:42:00,002 INFO o.a.j.r.Summariser: summary =  50976 in 00:00:36 = 1405.7/s Avg:    32 Min:    13 Max:   261 Err:     0 (0.00%)
2020-04-02 10:42:00,218 INFO o.a.j.t.JMeterThread: Thread started: Grupo De Hilos 1-92
2020-04-02 10:42:00,619 INFO o.a.j.t.JMeterThread: Thread started: Grupo De Hilos 1-93
2020-04-02 10:42:01,017 INFO o.a.j.t.JMeterThread: Thread started: Grupo De Hilos 1-94
2020-04-02 10:42:01,418 INFO o.a.j.t.JMeterThread: Thread started: Grupo De Hilos 1-95
2020-04-02 10:42:01,817 INFO o.a.j.t.JMeterThread: Thread started: Grupo De Hilos 1-96
2020-04-02 10:42:02,218 INFO o.a.j.t.JMeterThread: Thread started: Grupo De Hilos 1-97
2020-04-02 10:42:02,617 INFO o.a.j.t.JMeterThread: Thread started: Grupo De Hilos 1-98
2020-04-02 10:42:03,020 INFO o.a.j.t.JMeterThread: Thread started: Grupo De Hilos 1-99
2020-04-02 10:42:03,421 INFO o.a.j.t.JMeterThread: Thread started: Grupo De Hilos 1-100
2020-04-02 10:42:03,817 INFO o.a.j.t.JMeterThread: Thread started: Grupo De Hilos 1-101
2020-04-02 10:42:04,216 INFO o.a.j.t.JMeterThread: Thread started: Grupo De Hilos 1-102
2020-04-02 10:42:04,617 INFO o.a.j.t.JMeterThread: Thread started: Grupo De Hilos 1-103
2020-04-02 10:42:05,018 INFO o.a.j.t.JMeterThread: Thread started: Grupo De Hilos 1-104
2020-04-02 10:42:05,416 INFO o.a.j.t.JMeterThread: Thread started: Grupo De Hilos 1-105
2020-04-02 10:42:05,817 INFO o.a.j.t.JMeterThread: Thread started: Grupo De Hilos 1-106
2020-04-02 10:42:06,217 INFO o.a.j.t.JMeterThread: Thread started: Grupo De Hilos 1-107
2020-04-02 10:42:06,617 INFO o.a.j.t.JMeterThread: Thread started: Grupo De Hilos 1-108
2020-04-02 10:42:07,017 INFO o.a.j.t.JMeterThread: Thread started: Grupo De Hilos 1-109
2020-04-02 10:42:07,416 INFO o.a.j.t.JMeterThread: Thread started: Grupo De Hilos 1-110
2020-04-02 10:42:07,817 INFO o.a.j.t.JMeterThread: Thread started: Grupo De Hilos 1-111
2020-04-02 10:42:08,217 INFO o.a.j.t.JMeterThread: Thread started: Grupo De Hilos 1-112
2020-04-02 10:42:08,617 INFO o.a.j.t.JMeterThread: Thread started: Grupo De Hilos 1-113
2020-04-02 10:42:09,016 INFO o.a.j.t.JMeterThread: Thread started: Grupo De Hilos 1-114
2020-04-02 10:42:09,417 INFO o.a.j.t.JMeterThread: Thread started: Grupo De Hilos 1-115
2020-04-02 10:42:09,817 INFO o.a.j.t.JMeterThread: Thread started: Grupo De Hilos 1-116
2020-04-02 10:42:10,217 INFO o.a.j.t.JMeterThread: Thread started: Grupo De Hilos 1-117
2020-04-02 10:42:10,618 INFO o.a.j.t.JMeterThread: Thread started: Grupo De Hilos 1-118
2020-04-02 10:42:11,017 INFO o.a.j.t.JMeterThread: Thread started: Grupo De Hilos 1-119
2020-04-02 10:42:11,417 INFO o.a.j.t.JMeterThread: Thread started: Grupo De Hilos 1-120
2020-04-02 10:42:11,817 INFO o.a.j.t.JMeterThread: Thread started: Grupo De Hilos 1-121
2020-04-02 10:42:12,228 INFO o.a.j.t.JMeterThread: Thread started: Grupo De Hilos 1-122
2020-04-02 10:42:12,628 INFO o.a.j.t.JMeterThread: Thread started: Grupo De Hilos 1-123
2020-04-02 10:42:13,027 INFO o.a.j.t.JMeterThread: Thread started: Grupo De Hilos 1-124
2020-04-02 10:42:13,430 INFO o.a.j.t.JMeterThread: Thread started: Grupo De Hilos 1-125
2020-04-02 10:42:13,829 INFO o.a.j.t.JMeterThread: Thread started: Grupo De Hilos 1-126
2020-04-02 10:42:14,230 INFO o.a.j.t.JMeterThread: Thread started: Grupo De Hilos 1-127
2020-04-02 10:42:14,618 INFO o.a.j.t.JMeterThread: Thread started: Grupo De Hilos 1-128
2020-04-02 10:42:15,020 INFO o.a.j.t.JMeterThread: Thread started: Grupo De Hilos 1-129
2020-04-02 10:42:15,417 INFO o.a.j.t.JMeterThread: Thread started: Grupo De Hilos 1-130
2020-04-02 10:42:15,817 INFO o.a.j.t.JMeterThread: Thread started: Grupo De Hilos 1-131
2020-04-02 10:42:16,218 INFO o.a.j.t.JMeterThread: Thread started: Grupo De Hilos 1-132
2020-04-02 10:42:16,620 INFO o.a.j.t.JMeterThread: Thread started: Grupo De Hilos 1-133
2020-04-02 10:42:17,017 INFO o.a.j.t.JMeterThread: Thread started: Grupo De Hilos 1-134
2020-04-02 10:42:17,418 INFO o.a.j.t.JMeterThread: Thread started: Grupo De Hilos 1-135
2020-04-02 10:42:17,820 INFO o.a.j.t.JMeterThread: Thread started: Grupo De Hilos 1-136
2020-04-02 10:42:18,218 INFO o.a.j.t.JMeterThread: Thread started: Grupo De Hilos 1-137
2020-04-02 10:42:18,618 INFO o.a.j.t.JMeterThread: Thread started: Grupo De Hilos 1-138
2020-04-02 10:42:19,022 INFO o.a.j.t.JMeterThread: Thread started: Grupo De Hilos 1-139
2020-04-02 10:42:19,418 INFO o.a.j.t.JMeterThread: Thread started: Grupo De Hilos 1-140
2020-04-02 10:42:19,818 INFO o.a.j.t.JMeterThread: Thread started: Grupo De Hilos 1-141
2020-04-02 10:42:20,218 INFO o.a.j.t.JMeterThread: Thread started: Grupo De Hilos 1-142
2020-04-02 10:42:20,617 INFO o.a.j.t.JMeterThread: Thread started: Grupo De Hilos 1-143
2020-04-02 10:42:21,018 INFO o.a.j.t.JMeterThread: Thread started: Grupo De Hilos 1-144
2020-04-02 10:42:21,417 INFO o.a.j.t.JMeterThread: Thread started: Grupo De Hilos 1-145
2020-04-02 10:42:21,820 INFO o.a.j.t.JMeterThread: Thread started: Grupo De Hilos 1-146
2020-04-02 10:42:22,217 INFO o.a.j.t.JMeterThread: Thread started: Grupo De Hilos 1-147
2020-04-02 10:42:22,617 INFO o.a.j.t.JMeterThread: Thread started: Grupo De Hilos 1-148
2020-04-02 10:42:23,017 INFO o.a.j.t.JMeterThread: Thread started: Grupo De Hilos 1-149
2020-04-02 10:42:23,417 INFO o.a.j.t.JMeterThread: Thread started: Grupo De Hilos 1-150
2020-04-02 10:42:23,817 INFO o.a.j.t.JMeterThread: Thread started: Grupo De Hilos 1-151
2020-04-02 10:42:24,216 INFO o.a.j.t.JMeterThread: Thread started: Grupo De Hilos 1-152
2020-04-02 10:42:24,617 INFO o.a.j.t.JMeterThread: Thread started: Grupo De Hilos 1-153
2020-04-02 10:42:25,017 INFO o.a.j.t.JMeterThread: Thread started: Grupo De Hilos 1-154
2020-04-02 10:42:25,417 INFO o.a.j.t.JMeterThread: Thread started: Grupo De Hilos 1-155
2020-04-02 10:42:25,818 INFO o.a.j.t.JMeterThread: Thread started: Grupo De Hilos 1-156
2020-04-02 10:42:26,216 INFO o.a.j.t.JMeterThread: Thread started: Grupo De Hilos 1-157
2020-04-02 10:42:26,620 INFO o.a.j.t.JMeterThread: Thread started: Grupo De Hilos 1-158
2020-04-02 10:42:27,019 INFO o.a.j.t.JMeterThread: Thread started: Grupo De Hilos 1-159
2020-04-02 10:42:27,422 INFO o.a.j.t.JMeterThread: Thread started: Grupo De Hilos 1-160
2020-04-02 10:42:27,820 INFO o.a.j.t.JMeterThread: Thread started: Grupo De Hilos 1-161
2020-04-02 10:42:28,216 INFO o.a.j.t.JMeterThread: Thread started: Grupo De Hilos 1-162
2020-04-02 10:42:28,619 INFO o.a.j.t.JMeterThread: Thread started: Grupo De Hilos 1-163
2020-04-02 10:42:29,018 INFO o.a.j.t.JMeterThread: Thread started: Grupo De Hilos 1-164
2020-04-02 10:42:29,420 INFO o.a.j.t.JMeterThread: Thread started: Grupo De Hilos 1-165
2020-04-02 10:42:29,818 INFO o.a.j.t.JMeterThread: Thread started: Grupo De Hilos 1-166
2020-04-02 10:42:30,004 INFO o.a.j.r.Summariser: summary +  62069 in 00:00:30 = 2068.8/s Avg:    61 Min:    19 Max:   349 Err:     0 (0.00%) Active: 166 Started: 166 Finished: 0
2020-04-02 10:42:30,005 INFO o.a.j.r.Summariser: summary = 113045 in 00:01:06 = 1705.9/s Avg:    48 Min:    13 Max:   349 Err:     0 (0.00%)
2020-04-02 10:42:30,220 INFO o.a.j.t.JMeterThread: Thread started: Grupo De Hilos 1-167
2020-04-02 10:42:30,618 INFO o.a.j.t.JMeterThread: Thread started: Grupo De Hilos 1-168
2020-04-02 10:42:31,017 INFO o.a.j.t.JMeterThread: Thread started: Grupo De Hilos 1-169
2020-04-02 10:42:31,417 INFO o.a.j.t.JMeterThread: Thread started: Grupo De Hilos 1-170
2020-04-02 10:42:31,817 INFO o.a.j.t.JMeterThread: Thread started: Grupo De Hilos 1-171
2020-04-02 10:42:32,218 INFO o.a.j.t.JMeterThread: Thread started: Grupo De Hilos 1-172
2020-04-02 10:42:32,618 INFO o.a.j.t.JMeterThread: Thread started: Grupo De Hilos 1-173
2020-04-02 10:42:33,025 INFO o.a.j.t.JMeterThread: Thread started: Grupo De Hilos 1-174
2020-04-02 10:42:33,417 INFO o.a.j.t.JMeterThread: Thread started: Grupo De Hilos 1-175
2020-04-02 10:42:33,820 INFO o.a.j.t.JMeterThread: Thread started: Grupo De Hilos 1-176
2020-04-02 10:42:34,221 INFO o.a.j.t.JMeterThread: Thread started: Grupo De Hilos 1-177
2020-04-02 10:42:34,620 INFO o.a.j.t.JMeterThread: Thread started: Grupo De Hilos 1-178
2020-04-02 10:42:35,019 INFO o.a.j.t.JMeterThread: Thread started: Grupo De Hilos 1-179
2020-04-02 10:42:35,420 INFO o.a.j.t.JMeterThread: Thread started: Grupo De Hilos 1-180
2020-04-02 10:42:35,818 INFO o.a.j.t.JMeterThread: Thread started: Grupo De Hilos 1-181
2020-04-02 10:42:36,217 INFO o.a.j.t.JMeterThread: Thread started: Grupo De Hilos 1-182
2020-04-02 10:42:36,618 INFO o.a.j.t.JMeterThread: Thread started: Grupo De Hilos 1-183
2020-04-02 10:42:37,017 INFO o.a.j.t.JMeterThread: Thread started: Grupo De Hilos 1-184
2020-04-02 10:42:37,419 INFO o.a.j.t.JMeterThread: Thread started: Grupo De Hilos 1-185
2020-04-02 10:42:37,819 INFO o.a.j.t.JMeterThread: Thread started: Grupo De Hilos 1-186
2020-04-02 10:42:38,217 INFO o.a.j.t.JMeterThread: Thread started: Grupo De Hilos 1-187
2020-04-02 10:42:38,620 INFO o.a.j.t.JMeterThread: Thread started: Grupo De Hilos 1-188
2020-04-02 10:42:39,018 INFO o.a.j.t.JMeterThread: Thread started: Grupo De Hilos 1-189
2020-04-02 10:42:39,418 INFO o.a.j.t.JMeterThread: Thread started: Grupo De Hilos 1-190
2020-04-02 10:42:39,817 INFO o.a.j.t.JMeterThread: Thread started: Grupo De Hilos 1-191
2020-04-02 10:42:40,219 INFO o.a.j.t.JMeterThread: Thread started: Grupo De Hilos 1-192
2020-04-02 10:42:40,620 INFO o.a.j.t.JMeterThread: Thread started: Grupo De Hilos 1-193
2020-04-02 10:42:41,016 INFO o.a.j.t.JMeterThread: Thread started: Grupo De Hilos 1-194
2020-04-02 10:42:41,420 INFO o.a.j.t.JMeterThread: Thread started: Grupo De Hilos 1-195
2020-04-02 10:42:41,816 INFO o.a.j.t.JMeterThread: Thread started: Grupo De Hilos 1-196
2020-04-02 10:42:42,218 INFO o.a.j.t.JMeterThread: Thread started: Grupo De Hilos 1-197
2020-04-02 10:42:42,618 INFO o.a.j.t.JMeterThread: Thread started: Grupo De Hilos 1-198
2020-04-02 10:42:43,019 INFO o.a.j.t.JMeterThread: Thread started: Grupo De Hilos 1-199
2020-04-02 10:42:43,418 INFO o.a.j.t.JMeterThread: Thread started: Grupo De Hilos 1-200
2020-04-02 10:42:43,821 INFO o.a.j.t.JMeterThread: Thread started: Grupo De Hilos 1-201
2020-04-02 10:42:44,216 INFO o.a.j.t.JMeterThread: Thread started: Grupo De Hilos 1-202
2020-04-02 10:42:44,620 INFO o.a.j.t.JMeterThread: Thread started: Grupo De Hilos 1-203
2020-04-02 10:42:45,018 INFO o.a.j.t.JMeterThread: Thread started: Grupo De Hilos 1-204
2020-04-02 10:42:45,418 INFO o.a.j.t.JMeterThread: Thread started: Grupo De Hilos 1-205
2020-04-02 10:42:45,818 INFO o.a.j.t.JMeterThread: Thread started: Grupo De Hilos 1-206
2020-04-02 10:42:46,216 INFO o.a.j.t.JMeterThread: Thread started: Grupo De Hilos 1-207
2020-04-02 10:42:46,618 INFO o.a.j.t.JMeterThread: Thread started: Grupo De Hilos 1-208
2020-04-02 10:42:47,019 INFO o.a.j.t.JMeterThread: Thread started: Grupo De Hilos 1-209
2020-04-02 10:42:47,417 INFO o.a.j.t.JMeterThread: Thread started: Grupo De Hilos 1-210
2020-04-02 10:42:47,820 INFO o.a.j.t.JMeterThread: Thread started: Grupo De Hilos 1-211
2020-04-02 10:42:48,217 INFO o.a.j.t.JMeterThread: Thread started: Grupo De Hilos 1-212
2020-04-02 10:42:48,617 INFO o.a.j.t.JMeterThread: Thread started: Grupo De Hilos 1-213
2020-04-02 10:42:49,017 INFO o.a.j.t.JMeterThread: Thread started: Grupo De Hilos 1-214
2020-04-02 10:42:49,419 INFO o.a.j.t.JMeterThread: Thread started: Grupo De Hilos 1-215
2020-04-02 10:42:49,818 INFO o.a.j.t.JMeterThread: Thread started: Grupo De Hilos 1-216
2020-04-02 10:42:50,218 INFO o.a.j.t.JMeterThread: Thread started: Grupo De Hilos 1-217
2020-04-02 10:42:50,621 INFO o.a.j.t.JMeterThread: Thread started: Grupo De Hilos 1-218
2020-04-02 10:42:51,017 INFO o.a.j.t.JMeterThread: Thread started: Grupo De Hilos 1-219
2020-04-02 10:42:51,421 INFO o.a.j.t.JMeterThread: Thread started: Grupo De Hilos 1-220
2020-04-02 10:42:51,817 INFO o.a.j.t.JMeterThread: Thread started: Grupo De Hilos 1-221
2020-04-02 10:42:52,218 INFO o.a.j.t.JMeterThread: Thread started: Grupo De Hilos 1-222
2020-04-02 10:42:52,620 INFO o.a.j.t.JMeterThread: Thread started: Grupo De Hilos 1-223
2020-04-02 10:42:53,016 INFO o.a.j.t.JMeterThread: Thread started: Grupo De Hilos 1-224
2020-04-02 10:42:53,418 INFO o.a.j.t.JMeterThread: Thread started: Grupo De Hilos 1-225
2020-04-02 10:42:53,816 INFO o.a.j.t.JMeterThread: Thread started: Grupo De Hilos 1-226
2020-04-02 10:42:54,218 INFO o.a.j.t.JMeterThread: Thread started: Grupo De Hilos 1-227
2020-04-02 10:42:54,618 INFO o.a.j.t.JMeterThread: Thread started: Grupo De Hilos 1-228
2020-04-02 10:42:55,019 INFO o.a.j.t.JMeterThread: Thread started: Grupo De Hilos 1-229
2020-04-02 10:42:55,418 INFO o.a.j.t.JMeterThread: Thread started: Grupo De Hilos 1-230
2020-04-02 10:42:55,818 INFO o.a.j.t.JMeterThread: Thread started: Grupo De Hilos 1-231
2020-04-02 10:42:56,217 INFO o.a.j.t.JMeterThread: Thread started: Grupo De Hilos 1-232
2020-04-02 10:42:56,617 INFO o.a.j.t.JMeterThread: Thread started: Grupo De Hilos 1-233
2020-04-02 10:42:57,022 INFO o.a.j.t.JMeterThread: Thread started: Grupo De Hilos 1-234
2020-04-02 10:42:57,422 INFO o.a.j.t.JMeterThread: Thread started: Grupo De Hilos 1-235
2020-04-02 10:42:57,819 INFO o.a.j.t.JMeterThread: Thread started: Grupo De Hilos 1-236
2020-04-02 10:42:58,219 INFO o.a.j.t.JMeterThread: Thread started: Grupo De Hilos 1-237
2020-04-02 10:42:58,619 INFO o.a.j.t.JMeterThread: Thread started: Grupo De Hilos 1-238
2020-04-02 10:42:59,018 INFO o.a.j.t.JMeterThread: Thread started: Grupo De Hilos 1-239
2020-04-02 10:42:59,422 INFO o.a.j.t.JMeterThread: Thread started: Grupo De Hilos 1-240
2020-04-02 10:42:59,818 INFO o.a.j.t.JMeterThread: Thread started: Grupo De Hilos 1-241
2020-04-02 10:43:00,002 INFO o.a.j.r.Summariser: summary +  34246 in 00:00:30 = 1141.6/s Avg:   175 Min:    29 Max:  2052 Err:     0 (0.00%) Active: 241 Started: 241 Finished: 0
2020-04-02 10:43:00,003 INFO o.a.j.r.Summariser: summary = 147291 in 00:01:36 = 1530.1/s Avg:    78 Min:    13 Max:  2052 Err:     0 (0.00%)
2020-04-02 10:43:00,217 INFO o.a.j.t.JMeterThread: Thread started: Grupo De Hilos 1-242
2020-04-02 10:43:00,618 INFO o.a.j.t.JMeterThread: Thread started: Grupo De Hilos 1-243
2020-04-02 10:43:01,018 INFO o.a.j.t.JMeterThread: Thread started: Grupo De Hilos 1-244
2020-04-02 10:43:01,418 INFO o.a.j.t.JMeterThread: Thread started: Grupo De Hilos 1-245
2020-04-02 10:43:01,818 INFO o.a.j.t.JMeterThread: Thread started: Grupo De Hilos 1-246
2020-04-02 10:43:02,218 INFO o.a.j.t.JMeterThread: Thread started: Grupo De Hilos 1-247
2020-04-02 10:43:02,619 INFO o.a.j.t.JMeterThread: Thread started: Grupo De Hilos 1-248
2020-04-02 10:43:03,022 INFO o.a.j.t.JMeterThread: Thread started: Grupo De Hilos 1-249
2020-04-02 10:43:03,419 INFO o.a.j.t.JMeterThread: Thread started: Grupo De Hilos 1-250
2020-04-02 10:43:03,819 INFO o.a.j.t.JMeterThread: Thread started: Grupo De Hilos 1-251
2020-04-02 10:43:04,219 INFO o.a.j.t.JMeterThread: Thread started: Grupo De Hilos 1-252
2020-04-02 10:43:04,623 INFO o.a.j.t.JMeterThread: Thread started: Grupo De Hilos 1-253
2020-04-02 10:43:05,023 INFO o.a.j.t.JMeterThread: Thread started: Grupo De Hilos 1-254
2020-04-02 10:43:05,422 INFO o.a.j.t.JMeterThread: Thread started: Grupo De Hilos 1-255
2020-04-02 10:43:05,822 INFO o.a.j.t.JMeterThread: Thread started: Grupo De Hilos 1-256
2020-04-02 10:43:06,226 INFO o.a.j.t.JMeterThread: Thread started: Grupo De Hilos 1-257
2020-04-02 10:43:06,618 INFO o.a.j.t.JMeterThread: Thread started: Grupo De Hilos 1-258
2020-04-02 10:43:07,019 INFO o.a.j.t.JMeterThread: Thread started: Grupo De Hilos 1-259
2020-04-02 10:43:07,418 INFO o.a.j.t.JMeterThread: Thread started: Grupo De Hilos 1-260
2020-04-02 10:43:07,818 INFO o.a.j.t.JMeterThread: Thread started: Grupo De Hilos 1-261
2020-04-02 10:43:08,218 INFO o.a.j.t.JMeterThread: Thread started: Grupo De Hilos 1-262
2020-04-02 10:43:08,618 INFO o.a.j.t.JMeterThread: Thread started: Grupo De Hilos 1-263
2020-04-02 10:43:09,017 INFO o.a.j.t.JMeterThread: Thread started: Grupo De Hilos 1-264
2020-04-02 10:43:09,417 INFO o.a.j.t.JMeterThread: Thread started: Grupo De Hilos 1-265
2020-04-02 10:43:09,823 INFO o.a.j.t.JMeterThread: Thread started: Grupo De Hilos 1-266
2020-04-02 10:43:10,222 INFO o.a.j.t.JMeterThread: Thread started: Grupo De Hilos 1-267
2020-04-02 10:43:10,620 INFO o.a.j.t.JMeterThread: Thread started: Grupo De Hilos 1-268
2020-04-02 10:43:11,018 INFO o.a.j.t.JMeterThread: Thread started: Grupo De Hilos 1-269
2020-04-02 10:43:11,418 INFO o.a.j.t.JMeterThread: Thread started: Grupo De Hilos 1-270
2020-04-02 10:43:11,819 INFO o.a.j.t.JMeterThread: Thread started: Grupo De Hilos 1-271
2020-04-02 10:43:12,217 INFO o.a.j.t.JMeterThread: Thread started: Grupo De Hilos 1-272
2020-04-02 10:43:12,618 INFO o.a.j.t.JMeterThread: Thread started: Grupo De Hilos 1-273
2020-04-02 10:43:13,018 INFO o.a.j.t.JMeterThread: Thread started: Grupo De Hilos 1-274
2020-04-02 10:43:13,416 INFO o.a.j.t.JMeterThread: Thread started: Grupo De Hilos 1-275
2020-04-02 10:43:13,817 INFO o.a.j.t.JMeterThread: Thread started: Grupo De Hilos 1-276
2020-04-02 10:43:14,216 INFO o.a.j.t.JMeterThread: Thread started: Grupo De Hilos 1-277
2020-04-02 10:43:14,620 INFO o.a.j.t.JMeterThread: Thread started: Grupo De Hilos 1-278
2020-04-02 10:43:15,016 INFO o.a.j.t.JMeterThread: Thread started: Grupo De Hilos 1-279
2020-04-02 10:43:15,418 INFO o.a.j.t.JMeterThread: Thread started: Grupo De Hilos 1-280
2020-04-02 10:43:15,817 INFO o.a.j.t.JMeterThread: Thread started: Grupo De Hilos 1-281
2020-04-02 10:43:16,217 INFO o.a.j.t.JMeterThread: Thread started: Grupo De Hilos 1-282
2020-04-02 10:43:16,616 INFO o.a.j.t.JMeterThread: Thread started: Grupo De Hilos 1-283
2020-04-02 10:43:17,018 INFO o.a.j.t.JMeterThread: Thread started: Grupo De Hilos 1-284
2020-04-02 10:43:17,416 INFO o.a.j.t.JMeterThread: Thread started: Grupo De Hilos 1-285
2020-04-02 10:43:17,816 INFO o.a.j.t.JMeterThread: Thread started: Grupo De Hilos 1-286
2020-04-02 10:43:18,218 INFO o.a.j.t.JMeterThread: Thread started: Grupo De Hilos 1-287
2020-04-02 10:43:18,617 INFO o.a.j.t.JMeterThread: Thread started: Grupo De Hilos 1-288
2020-04-02 10:43:19,017 INFO o.a.j.t.JMeterThread: Thread started: Grupo De Hilos 1-289
2020-04-02 10:43:19,416 INFO o.a.j.t.JMeterThread: Thread started: Grupo De Hilos 1-290
2020-04-02 10:43:19,817 INFO o.a.j.t.JMeterThread: Thread started: Grupo De Hilos 1-291
2020-04-02 10:43:20,218 INFO o.a.j.t.JMeterThread: Thread started: Grupo De Hilos 1-292
2020-04-02 10:43:20,617 INFO o.a.j.t.JMeterThread: Thread started: Grupo De Hilos 1-293
2020-04-02 10:43:21,018 INFO o.a.j.t.JMeterThread: Thread started: Grupo De Hilos 1-294
2020-04-02 10:43:21,418 INFO o.a.j.t.JMeterThread: Thread started: Grupo De Hilos 1-295
2020-04-02 10:43:21,817 INFO o.a.j.t.JMeterThread: Thread started: Grupo De Hilos 1-296
2020-04-02 10:43:22,217 INFO o.a.j.t.JMeterThread: Thread started: Grupo De Hilos 1-297
2020-04-02 10:43:22,616 INFO o.a.j.t.JMeterThread: Thread started: Grupo De Hilos 1-298
2020-04-02 10:43:23,017 INFO o.a.j.t.JMeterThread: Thread started: Grupo De Hilos 1-299
2020-04-02 10:43:23,416 INFO o.a.j.t.JMeterThread: Thread started: Grupo De Hilos 1-300
2020-04-02 10:43:30,056 INFO o.a.j.r.Summariser: summary +  23772 in 00:00:30 =  791.0/s Avg:   345 Min:    25 Max:  8267 Err:     0 (0.00%) Active: 300 Started: 300 Finished: 0
2020-04-02 10:43:30,057 INFO o.a.j.r.Summariser: summary = 171063 in 00:02:06 = 1354.2/s Avg:   115 Min:    13 Max:  8267 Err:     0 (0.00%)
2020-04-02 10:44:00,058 INFO o.a.j.r.Summariser: summary +  20522 in 00:00:30 =  684.0/s Avg:   439 Min:    27 Max:  4703 Err:     0 (0.00%) Active: 300 Started: 300 Finished: 0
2020-04-02 10:44:00,059 INFO o.a.j.r.Summariser: summary = 191585 in 00:02:36 = 1225.6/s Avg:   149 Min:    13 Max:  8267 Err:     0 (0.00%)
2020-04-02 10:44:30,042 INFO o.a.j.r.Summariser: summary +  22933 in 00:00:30 =  764.8/s Avg:   393 Min:    23 Max:  6591 Err:     0 (0.00%) Active: 300 Started: 300 Finished: 0
2020-04-02 10:44:30,043 INFO o.a.j.r.Summariser: summary = 214518 in 00:03:06 = 1151.4/s Avg:   175 Min:    13 Max:  8267 Err:     0 (0.00%)
2020-04-02 10:45:00,039 INFO o.a.j.r.Summariser: summary +  22286 in 00:00:30 =  742.9/s Avg:   400 Min:    27 Max:  8252 Err:     0 (0.00%) Active: 300 Started: 300 Finished: 0
2020-04-02 10:45:00,040 INFO o.a.j.r.Summariser: summary = 236804 in 00:03:36 = 1094.8/s Avg:   197 Min:    13 Max:  8267 Err:     0 (0.00%)
2020-04-02 10:45:30,006 INFO o.a.j.r.Summariser: summary +  20441 in 00:00:30 =  682.1/s Avg:   445 Min:    34 Max:  9363 Err:     0 (0.00%) Active: 300 Started: 300 Finished: 0
2020-04-02 10:45:30,008 INFO o.a.j.r.Summariser: summary = 257245 in 00:04:06 = 1044.6/s Avg:   216 Min:    13 Max:  9363 Err:     0 (0.00%)
2020-04-02 10:46:00,014 INFO o.a.j.r.Summariser: summary +  24189 in 00:00:30 =  806.1/s Avg:   368 Min:    22 Max: 32817 Err:     0 (0.00%) Active: 300 Started: 300 Finished: 0
2020-04-02 10:46:00,014 INFO o.a.j.r.Summariser: summary = 281434 in 00:04:36 = 1018.7/s Avg:   229 Min:    13 Max: 32817 Err:     0 (0.00%)
2020-04-02 10:46:30,005 INFO o.a.j.r.Summariser: summary +  21841 in 00:00:30 =  728.3/s Avg:   401 Min:    23 Max: 32485 Err:     0 (0.00%) Active: 300 Started: 300 Finished: 0
2020-04-02 10:46:30,006 INFO o.a.j.r.Summariser: summary = 303275 in 00:05:06 =  990.2/s Avg:   242 Min:    13 Max: 32817 Err:     0 (0.00%)
2020-04-02 10:47:00,006 INFO o.a.j.r.Summariser: summary +  23227 in 00:00:30 =  774.2/s Avg:   387 Min:    27 Max: 66177 Err:     0 (0.00%) Active: 300 Started: 300 Finished: 0
2020-04-02 10:47:00,007 INFO o.a.j.r.Summariser: summary = 326502 in 00:05:36 =  971.0/s Avg:   252 Min:    13 Max: 66177 Err:     0 (0.00%)
2020-04-02 10:47:23,887 INFO o.a.j.t.JMeterThread: Stopping because end time detected by thread: Grupo De Hilos 1-6
2020-04-02 10:47:23,888 INFO o.a.j.t.JMeterThread: Thread finished: Grupo De Hilos 1-6
2020-04-02 10:47:23,894 INFO o.a.j.t.JMeterThread: Stopping because end time detected by thread: Grupo De Hilos 1-12
2020-04-02 10:47:23,894 INFO o.a.j.t.JMeterThread: Thread finished: Grupo De Hilos 1-12
2020-04-02 10:47:23,941 INFO o.a.j.t.JMeterThread: Stopping because end time detected by thread: Grupo De Hilos 1-8
2020-04-02 10:47:23,941 INFO o.a.j.t.JMeterThread: Stopping because end time detected by thread: Grupo De Hilos 1-1
2020-04-02 10:47:23,941 INFO o.a.j.t.JMeterThread: Thread finished: Grupo De Hilos 1-8
2020-04-02 10:47:23,942 INFO o.a.j.t.JMeterThread: Thread finished: Grupo De Hilos 1-1
2020-04-02 10:47:23,944 INFO o.a.j.t.JMeterThread: Stopping because end time detected by thread: Grupo De Hilos 1-36
2020-04-02 10:47:23,944 INFO o.a.j.t.JMeterThread: Thread finished: Grupo De Hilos 1-36
2020-04-02 10:47:23,948 INFO o.a.j.t.JMeterThread: Stopping because end time detected by thread: Grupo De Hilos 1-3
2020-04-02 10:47:23,949 INFO o.a.j.t.JMeterThread: Thread finished: Grupo De Hilos 1-3
2020-04-02 10:47:23,954 INFO o.a.j.t.JMeterThread: Stopping because end time detected by thread: Grupo De Hilos 1-23
2020-04-02 10:47:23,954 INFO o.a.j.t.JMeterThread: Thread finished: Grupo De Hilos 1-23
2020-04-02 10:47:23,954 INFO o.a.j.t.JMeterThread: Stopping because end time detected by thread: Grupo De Hilos 1-45
2020-04-02 10:47:23,955 INFO o.a.j.t.JMeterThread: Thread finished: Grupo De Hilos 1-45
2020-04-02 10:47:23,955 INFO o.a.j.t.JMeterThread: Stopping because end time detected by thread: Grupo De Hilos 1-17
2020-04-02 10:47:23,955 INFO o.a.j.t.JMeterThread: Thread finished: Grupo De Hilos 1-17
2020-04-02 10:47:23,955 INFO o.a.j.t.JMeterThread: Stopping because end time detected by thread: Grupo De Hilos 1-20
2020-04-02 10:47:23,955 INFO o.a.j.t.JMeterThread: Thread finished: Grupo De Hilos 1-20
2020-04-02 10:47:23,957 INFO o.a.j.t.JMeterThread: Stopping because end time detected by thread: Grupo De Hilos 1-16
2020-04-02 10:47:23,957 INFO o.a.j.t.JMeterThread: Thread finished: Grupo De Hilos 1-16
2020-04-02 10:47:23,966 INFO o.a.j.t.JMeterThread: Stopping because end time detected by thread: Grupo De Hilos 1-25
2020-04-02 10:47:23,966 INFO o.a.j.t.JMeterThread: Stopping because end time detected by thread: Grupo De Hilos 1-27
2020-04-02 10:47:23,966 INFO o.a.j.t.JMeterThread: Stopping because end time detected by thread: Grupo De Hilos 1-15
2020-04-02 10:47:23,966 INFO o.a.j.t.JMeterThread: Thread finished: Grupo De Hilos 1-15
2020-04-02 10:47:23,967 INFO o.a.j.t.JMeterThread: Thread finished: Grupo De Hilos 1-25
2020-04-02 10:47:23,967 INFO o.a.j.t.JMeterThread: Stopping because end time detected by thread: Grupo De Hilos 1-39
2020-04-02 10:47:23,968 INFO o.a.j.t.JMeterThread: Thread finished: Grupo De Hilos 1-27
2020-04-02 10:47:23,968 INFO o.a.j.t.JMeterThread: Thread finished: Grupo De Hilos 1-39
2020-04-02 10:47:23,974 INFO o.a.j.t.JMeterThread: Stopping because end time detected by thread: Grupo De Hilos 1-46
2020-04-02 10:47:23,974 INFO o.a.j.t.JMeterThread: Thread finished: Grupo De Hilos 1-46
2020-04-02 10:47:23,974 INFO o.a.j.t.JMeterThread: Stopping because end time detected by thread: Grupo De Hilos 1-31
2020-04-02 10:47:23,974 INFO o.a.j.t.JMeterThread: Thread finished: Grupo De Hilos 1-31
2020-04-02 10:47:23,974 INFO o.a.j.t.JMeterThread: Stopping because end time detected by thread: Grupo De Hilos 1-61
2020-04-02 10:47:23,974 INFO o.a.j.t.JMeterThread: Stopping because end time detected by thread: Grupo De Hilos 1-7
2020-04-02 10:47:23,975 INFO o.a.j.t.JMeterThread: Thread finished: Grupo De Hilos 1-7
2020-04-02 10:47:23,975 INFO o.a.j.t.JMeterThread: Stopping because end time detected by thread: Grupo De Hilos 1-14
2020-04-02 10:47:23,975 INFO o.a.j.t.JMeterThread: Thread finished: Grupo De Hilos 1-14
2020-04-02 10:47:23,975 INFO o.a.j.t.JMeterThread: Stopping because end time detected by thread: Grupo De Hilos 1-37
2020-04-02 10:47:23,975 INFO o.a.j.t.JMeterThread: Thread finished: Grupo De Hilos 1-61
2020-04-02 10:47:23,975 INFO o.a.j.t.JMeterThread: Thread finished: Grupo De Hilos 1-37
2020-04-02 10:47:23,974 INFO o.a.j.t.JMeterThread: Stopping because end time detected by thread: Grupo De Hilos 1-41
2020-04-02 10:47:23,976 INFO o.a.j.t.JMeterThread: Thread finished: Grupo De Hilos 1-41
2020-04-02 10:47:23,977 INFO o.a.j.t.JMeterThread: Stopping because end time detected by thread: Grupo De Hilos 1-65
2020-04-02 10:47:23,977 INFO o.a.j.t.JMeterThread: Thread finished: Grupo De Hilos 1-65
2020-04-02 10:47:23,978 INFO o.a.j.t.JMeterThread: Stopping because end time detected by thread: Grupo De Hilos 1-69
2020-04-02 10:47:23,978 INFO o.a.j.t.JMeterThread: Thread finished: Grupo De Hilos 1-69
2020-04-02 10:47:23,979 INFO o.a.j.t.JMeterThread: Stopping because end time detected by thread: Grupo De Hilos 1-18
2020-04-02 10:47:23,979 INFO o.a.j.t.JMeterThread: Thread finished: Grupo De Hilos 1-18
2020-04-02 10:47:23,981 INFO o.a.j.t.JMeterThread: Stopping because end time detected by thread: Grupo De Hilos 1-32
2020-04-02 10:47:23,981 INFO o.a.j.t.JMeterThread: Thread finished: Grupo De Hilos 1-32
2020-04-02 10:47:23,981 INFO o.a.j.t.JMeterThread: Stopping because end time detected by thread: Grupo De Hilos 1-58
2020-04-02 10:47:23,981 INFO o.a.j.t.JMeterThread: Thread finished: Grupo De Hilos 1-58
2020-04-02 10:47:23,982 INFO o.a.j.t.JMeterThread: Stopping because end time detected by thread: Grupo De Hilos 1-59
2020-04-02 10:47:23,982 INFO o.a.j.t.JMeterThread: Stopping because end time detected by thread: Grupo De Hilos 1-71
2020-04-02 10:47:23,983 INFO o.a.j.t.JMeterThread: Thread finished: Grupo De Hilos 1-59
2020-04-02 10:47:23,983 INFO o.a.j.t.JMeterThread: Thread finished: Grupo De Hilos 1-71
2020-04-02 10:47:23,984 INFO o.a.j.t.JMeterThread: Stopping because end time detected by thread: Grupo De Hilos 1-51
2020-04-02 10:47:23,984 INFO o.a.j.t.JMeterThread: Thread finished: Grupo De Hilos 1-51
2020-04-02 10:47:23,984 INFO o.a.j.t.JMeterThread: Stopping because end time detected by thread: Grupo De Hilos 1-43
2020-04-02 10:47:23,985 INFO o.a.j.t.JMeterThread: Thread finished: Grupo De Hilos 1-43
2020-04-02 10:47:24,007 INFO o.a.j.t.JMeterThread: Stopping because end time detected by thread: Grupo De Hilos 1-83
2020-04-02 10:47:24,007 INFO o.a.j.t.JMeterThread: Thread finished: Grupo De Hilos 1-83
2020-04-02 10:47:24,010 INFO o.a.j.t.JMeterThread: Stopping because end time detected by thread: Grupo De Hilos 1-75
2020-04-02 10:47:24,010 INFO o.a.j.t.JMeterThread: Thread finished: Grupo De Hilos 1-75
2020-04-02 10:47:24,010 INFO o.a.j.t.JMeterThread: Stopping because end time detected by thread: Grupo De Hilos 1-67
2020-04-02 10:47:24,011 INFO o.a.j.t.JMeterThread: Thread finished: Grupo De Hilos 1-67
2020-04-02 10:47:24,011 INFO o.a.j.t.JMeterThread: Stopping because end time detected by thread: Grupo De Hilos 1-77
2020-04-02 10:47:24,012 INFO o.a.j.t.JMeterThread: Thread finished: Grupo De Hilos 1-77
2020-04-02 10:47:24,012 INFO o.a.j.t.JMeterThread: Stopping because end time detected by thread: Grupo De Hilos 1-13
2020-04-02 10:47:24,012 INFO o.a.j.t.JMeterThread: Thread finished: Grupo De Hilos 1-13
2020-04-02 10:47:24,012 INFO o.a.j.t.JMeterThread: Stopping because end time detected by thread: Grupo De Hilos 1-62
2020-04-02 10:47:24,012 INFO o.a.j.t.JMeterThread: Thread finished: Grupo De Hilos 1-62
2020-04-02 10:47:24,025 INFO o.a.j.t.JMeterThread: Stopping because end time detected by thread: Grupo De Hilos 1-63
2020-04-02 10:47:24,026 INFO o.a.j.t.JMeterThread: Thread finished: Grupo De Hilos 1-63
2020-04-02 10:47:24,026 INFO o.a.j.t.JMeterThread: Stopping because end time detected by thread: Grupo De Hilos 1-80
2020-04-02 10:47:24,027 INFO o.a.j.t.JMeterThread: Thread finished: Grupo De Hilos 1-80
2020-04-02 10:47:24,029 INFO o.a.j.t.JMeterThread: Stopping because end time detected by thread: Grupo De Hilos 1-82
2020-04-02 10:47:24,029 INFO o.a.j.t.JMeterThread: Stopping because end time detected by thread: Grupo De Hilos 1-50
2020-04-02 10:47:24,029 INFO o.a.j.t.JMeterThread: Thread finished: Grupo De Hilos 1-82
2020-04-02 10:47:24,029 INFO o.a.j.t.JMeterThread: Thread finished: Grupo De Hilos 1-50
2020-04-02 10:47:24,030 INFO o.a.j.t.JMeterThread: Stopping because end time detected by thread: Grupo De Hilos 1-99
2020-04-02 10:47:24,030 INFO o.a.j.t.JMeterThread: Thread finished: Grupo De Hilos 1-99
2020-04-02 10:47:24,030 INFO o.a.j.t.JMeterThread: Stopping because end time detected by thread: Grupo De Hilos 1-33
2020-04-02 10:47:24,030 INFO o.a.j.t.JMeterThread: Thread finished: Grupo De Hilos 1-33
2020-04-02 10:47:24,033 INFO o.a.j.t.JMeterThread: Stopping because end time detected by thread: Grupo De Hilos 1-85
2020-04-02 10:47:24,033 INFO o.a.j.t.JMeterThread: Stopping because end time detected by thread: Grupo De Hilos 1-74
2020-04-02 10:47:24,033 INFO o.a.j.t.JMeterThread: Thread finished: Grupo De Hilos 1-85
2020-04-02 10:47:24,033 INFO o.a.j.t.JMeterThread: Thread finished: Grupo De Hilos 1-74
2020-04-02 10:47:24,033 INFO o.a.j.t.JMeterThread: Stopping because end time detected by thread: Grupo De Hilos 1-72
2020-04-02 10:47:24,034 INFO o.a.j.t.JMeterThread: Thread finished: Grupo De Hilos 1-72
2020-04-02 10:47:24,034 INFO o.a.j.t.JMeterThread: Stopping because end time detected by thread: Grupo De Hilos 1-78
2020-04-02 10:47:24,035 INFO o.a.j.t.JMeterThread: Thread finished: Grupo De Hilos 1-78
2020-04-02 10:47:24,037 INFO o.a.j.t.JMeterThread: Stopping because end time detected by thread: Grupo De Hilos 1-91
2020-04-02 10:47:24,037 INFO o.a.j.t.JMeterThread: Thread finished: Grupo De Hilos 1-91
2020-04-02 10:47:24,038 INFO o.a.j.t.JMeterThread: Stopping because end time detected by thread: Grupo De Hilos 1-44
2020-04-02 10:47:24,038 INFO o.a.j.t.JMeterThread: Thread finished: Grupo De Hilos 1-44
2020-04-02 10:47:24,039 INFO o.a.j.t.JMeterThread: Stopping because end time detected by thread: Grupo De Hilos 1-64
2020-04-02 10:47:24,039 INFO o.a.j.t.JMeterThread: Thread finished: Grupo De Hilos 1-64
2020-04-02 10:47:24,057 INFO o.a.j.t.JMeterThread: Stopping because end time detected by thread: Grupo De Hilos 1-98
2020-04-02 10:47:24,057 INFO o.a.j.t.JMeterThread: Thread finished: Grupo De Hilos 1-98
2020-04-02 10:47:24,057 INFO o.a.j.t.JMeterThread: Stopping because end time detected by thread: Grupo De Hilos 1-9
2020-04-02 10:47:24,058 INFO o.a.j.t.JMeterThread: Thread finished: Grupo De Hilos 1-9
2020-04-02 10:47:24,063 INFO o.a.j.t.JMeterThread: Stopping because end time detected by thread: Grupo De Hilos 1-81
2020-04-02 10:47:24,063 INFO o.a.j.t.JMeterThread: Thread finished: Grupo De Hilos 1-81
2020-04-02 10:47:24,063 INFO o.a.j.t.JMeterThread: Stopping because end time detected by thread: Grupo De Hilos 1-115
2020-04-02 10:47:24,063 INFO o.a.j.t.JMeterThread: Thread finished: Grupo De Hilos 1-115
2020-04-02 10:47:24,063 INFO o.a.j.t.JMeterThread: Stopping because end time detected by thread: Grupo De Hilos 1-103
2020-04-02 10:47:24,064 INFO o.a.j.t.JMeterThread: Stopping because end time detected by thread: Grupo De Hilos 1-79
2020-04-02 10:47:24,064 INFO o.a.j.t.JMeterThread: Thread finished: Grupo De Hilos 1-79
2020-04-02 10:47:24,064 INFO o.a.j.t.JMeterThread: Thread finished: Grupo De Hilos 1-103
2020-04-02 10:47:24,065 INFO o.a.j.t.JMeterThread: Stopping because end time detected by thread: Grupo De Hilos 1-86
2020-04-02 10:47:24,065 INFO o.a.j.t.JMeterThread: Thread finished: Grupo De Hilos 1-86
2020-04-02 10:47:24,065 INFO o.a.j.t.JMeterThread: Stopping because end time detected by thread: Grupo De Hilos 1-10
2020-04-02 10:47:24,065 INFO o.a.j.t.JMeterThread: Thread finished: Grupo De Hilos 1-10
2020-04-02 10:47:24,072 INFO o.a.j.t.JMeterThread: Stopping because end time detected by thread: Grupo De Hilos 1-129
2020-04-02 10:47:24,072 INFO o.a.j.t.JMeterThread: Stopping because end time detected by thread: Grupo De Hilos 1-34
2020-04-02 10:47:24,073 INFO o.a.j.t.JMeterThread: Thread finished: Grupo De Hilos 1-34
2020-04-02 10:47:24,073 INFO o.a.j.t.JMeterThread: Stopping because end time detected by thread: Grupo De Hilos 1-89
2020-04-02 10:47:24,073 INFO o.a.j.t.JMeterThread: Thread finished: Grupo De Hilos 1-89
2020-04-02 10:47:24,072 INFO o.a.j.t.JMeterThread: Thread finished: Grupo De Hilos 1-129
2020-04-02 10:47:24,074 INFO o.a.j.t.JMeterThread: Stopping because end time detected by thread: Grupo De Hilos 1-124
2020-04-02 10:47:24,074 INFO o.a.j.t.JMeterThread: Thread finished: Grupo De Hilos 1-124
2020-04-02 10:47:24,078 INFO o.a.j.t.JMeterThread: Stopping because end time detected by thread: Grupo De Hilos 1-146
2020-04-02 10:47:24,078 INFO o.a.j.t.JMeterThread: Stopping because end time detected by thread: Grupo De Hilos 1-92
2020-04-02 10:47:24,078 INFO o.a.j.t.JMeterThread: Stopping because end time detected by thread: Grupo De Hilos 1-104
2020-04-02 10:47:24,078 INFO o.a.j.t.JMeterThread: Thread finished: Grupo De Hilos 1-92
2020-04-02 10:47:24,078 INFO o.a.j.t.JMeterThread: Thread finished: Grupo De Hilos 1-146
2020-04-02 10:47:24,079 INFO o.a.j.t.JMeterThread: Thread finished: Grupo De Hilos 1-104
2020-04-02 10:47:24,088 INFO o.a.j.t.JMeterThread: Stopping because end time detected by thread: Grupo De Hilos 1-141
2020-04-02 10:47:24,088 INFO o.a.j.t.JMeterThread: Stopping because end time detected by thread: Grupo De Hilos 1-159
2020-04-02 10:47:24,088 INFO o.a.j.t.JMeterThread: Thread finished: Grupo De Hilos 1-159
2020-04-02 10:47:24,088 INFO o.a.j.t.JMeterThread: Thread finished: Grupo De Hilos 1-141
2020-04-02 10:47:24,089 INFO o.a.j.t.JMeterThread: Stopping because end time detected by thread: Grupo De Hilos 1-93
2020-04-02 10:47:24,089 INFO o.a.j.t.JMeterThread: Stopping because end time detected by thread: Grupo De Hilos 1-155
2020-04-02 10:47:24,089 INFO o.a.j.t.JMeterThread: Thread finished: Grupo De Hilos 1-93
2020-04-02 10:47:24,089 INFO o.a.j.t.JMeterThread: Thread finished: Grupo De Hilos 1-155
2020-04-02 10:47:24,091 INFO o.a.j.t.JMeterThread: Stopping because end time detected by thread: Grupo De Hilos 1-112
2020-04-02 10:47:24,091 INFO o.a.j.t.JMeterThread: Stopping because end time detected by thread: Grupo De Hilos 1-113
2020-04-02 10:47:24,091 INFO o.a.j.t.JMeterThread: Thread finished: Grupo De Hilos 1-112
2020-04-02 10:47:24,091 INFO o.a.j.t.JMeterThread: Thread finished: Grupo De Hilos 1-113
2020-04-02 10:47:24,091 INFO o.a.j.t.JMeterThread: Stopping because end time detected by thread: Grupo De Hilos 1-90
2020-04-02 10:47:24,092 INFO o.a.j.t.JMeterThread: Stopping because end time detected by thread: Grupo De Hilos 1-101
2020-04-02 10:47:24,092 INFO o.a.j.t.JMeterThread: Thread finished: Grupo De Hilos 1-90
2020-04-02 10:47:24,092 INFO o.a.j.t.JMeterThread: Thread finished: Grupo De Hilos 1-101
2020-04-02 10:47:24,092 INFO o.a.j.t.JMeterThread: Stopping because end time detected by thread: Grupo De Hilos 1-145
2020-04-02 10:47:24,092 INFO o.a.j.t.JMeterThread: Thread finished: Grupo De Hilos 1-145
2020-04-02 10:47:24,093 INFO o.a.j.t.JMeterThread: Stopping because end time detected by thread: Grupo De Hilos 1-94
2020-04-02 10:47:24,093 INFO o.a.j.t.JMeterThread: Stopping because end time detected by thread: Grupo De Hilos 1-110
2020-04-02 10:47:24,093 INFO o.a.j.t.JMeterThread: Thread finished: Grupo De Hilos 1-94
2020-04-02 10:47:24,093 INFO o.a.j.t.JMeterThread: Thread finished: Grupo De Hilos 1-110
2020-04-02 10:47:24,095 INFO o.a.j.t.JMeterThread: Stopping because end time detected by thread: Grupo De Hilos 1-128
2020-04-02 10:47:24,095 INFO o.a.j.t.JMeterThread: Thread finished: Grupo De Hilos 1-128
2020-04-02 10:47:24,096 INFO o.a.j.t.JMeterThread: Stopping because end time detected by thread: Grupo De Hilos 1-111
2020-04-02 10:47:24,096 INFO o.a.j.t.JMeterThread: Thread finished: Grupo De Hilos 1-111
2020-04-02 10:47:24,096 INFO o.a.j.t.JMeterThread: Stopping because end time detected by thread: Grupo De Hilos 1-144
2020-04-02 10:47:24,096 INFO o.a.j.t.JMeterThread: Thread finished: Grupo De Hilos 1-144
2020-04-02 10:47:24,097 INFO o.a.j.t.JMeterThread: Stopping because end time detected by thread: Grupo De Hilos 1-125
2020-04-02 10:47:24,097 INFO o.a.j.t.JMeterThread: Thread finished: Grupo De Hilos 1-125
2020-04-02 10:47:24,097 INFO o.a.j.t.JMeterThread: Stopping because end time detected by thread: Grupo De Hilos 1-162
2020-04-02 10:47:24,098 INFO o.a.j.t.JMeterThread: Thread finished: Grupo De Hilos 1-162
2020-04-02 10:47:24,098 INFO o.a.j.t.JMeterThread: Stopping because end time detected by thread: Grupo De Hilos 1-154
2020-04-02 10:47:24,098 INFO o.a.j.t.JMeterThread: Thread finished: Grupo De Hilos 1-154
2020-04-02 10:47:24,098 INFO o.a.j.t.JMeterThread: Stopping because end time detected by thread: Grupo De Hilos 1-106
2020-04-02 10:47:24,099 INFO o.a.j.t.JMeterThread: Thread finished: Grupo De Hilos 1-106
2020-04-02 10:47:24,099 INFO o.a.j.t.JMeterThread: Stopping because end time detected by thread: Grupo De Hilos 1-135
2020-04-02 10:47:24,099 INFO o.a.j.t.JMeterThread: Thread finished: Grupo De Hilos 1-135
2020-04-02 10:47:24,099 INFO o.a.j.t.JMeterThread: Stopping because end time detected by thread: Grupo De Hilos 1-49
2020-04-02 10:47:24,100 INFO o.a.j.t.JMeterThread: Thread finished: Grupo De Hilos 1-49
2020-04-02 10:47:24,100 INFO o.a.j.t.JMeterThread: Stopping because end time detected by thread: Grupo De Hilos 1-76
2020-04-02 10:47:24,100 INFO o.a.j.t.JMeterThread: Stopping because end time detected by thread: Grupo De Hilos 1-136
2020-04-02 10:47:24,101 INFO o.a.j.t.JMeterThread: Thread finished: Grupo De Hilos 1-136
2020-04-02 10:47:24,101 INFO o.a.j.t.JMeterThread: Thread finished: Grupo De Hilos 1-76
2020-04-02 10:47:24,101 INFO o.a.j.t.JMeterThread: Stopping because end time detected by thread: Grupo De Hilos 1-131
2020-04-02 10:47:24,101 INFO o.a.j.t.JMeterThread: Thread finished: Grupo De Hilos 1-131
2020-04-02 10:47:24,102 INFO o.a.j.t.JMeterThread: Stopping because end time detected by thread: Grupo De Hilos 1-143
2020-04-02 10:47:24,102 INFO o.a.j.t.JMeterThread: Stopping because end time detected by thread: Grupo De Hilos 1-133
2020-04-02 10:47:24,103 INFO o.a.j.t.JMeterThread: Thread finished: Grupo De Hilos 1-143
2020-04-02 10:47:24,103 INFO o.a.j.t.JMeterThread: Thread finished: Grupo De Hilos 1-133
2020-04-02 10:47:24,103 INFO o.a.j.t.JMeterThread: Stopping because end time detected by thread: Grupo De Hilos 1-153
2020-04-02 10:47:24,103 INFO o.a.j.t.JMeterThread: Thread finished: Grupo De Hilos 1-153
2020-04-02 10:47:24,103 INFO o.a.j.t.JMeterThread: Stopping because end time detected by thread: Grupo De Hilos 1-127
2020-04-02 10:47:24,104 INFO o.a.j.t.JMeterThread: Thread finished: Grupo De Hilos 1-127
2020-04-02 10:47:24,104 INFO o.a.j.t.JMeterThread: Stopping because end time detected by thread: Grupo De Hilos 1-66
2020-04-02 10:47:24,104 INFO o.a.j.t.JMeterThread: Thread finished: Grupo De Hilos 1-66
2020-04-02 10:47:24,104 INFO o.a.j.t.JMeterThread: Stopping because end time detected by thread: Grupo De Hilos 1-142
2020-04-02 10:47:24,104 INFO o.a.j.t.JMeterThread: Thread finished: Grupo De Hilos 1-142
2020-04-02 10:47:24,104 INFO o.a.j.t.JMeterThread: Stopping because end time detected by thread: Grupo De Hilos 1-123
2020-04-02 10:47:24,105 INFO o.a.j.t.JMeterThread: Thread finished: Grupo De Hilos 1-123
2020-04-02 10:47:24,105 INFO o.a.j.t.JMeterThread: Stopping because end time detected by thread: Grupo De Hilos 1-160
2020-04-02 10:47:24,105 INFO o.a.j.t.JMeterThread: Thread finished: Grupo De Hilos 1-160
2020-04-02 10:47:24,105 INFO o.a.j.t.JMeterThread: Stopping because end time detected by thread: Grupo De Hilos 1-116
2020-04-02 10:47:24,098 INFO o.a.j.t.JMeterThread: Stopping because end time detected by thread: Grupo De Hilos 1-54
2020-04-02 10:47:24,106 INFO o.a.j.t.JMeterThread: Thread finished: Grupo De Hilos 1-116
2020-04-02 10:47:24,106 INFO o.a.j.t.JMeterThread: Thread finished: Grupo De Hilos 1-54
2020-04-02 10:47:24,106 INFO o.a.j.t.JMeterThread: Stopping because end time detected by thread: Grupo De Hilos 1-40
2020-04-02 10:47:24,106 INFO o.a.j.t.JMeterThread: Thread finished: Grupo De Hilos 1-40
2020-04-02 10:47:24,109 INFO o.a.j.t.JMeterThread: Stopping because end time detected by thread: Grupo De Hilos 1-114
2020-04-02 10:47:24,109 INFO o.a.j.t.JMeterThread: Stopping because end time detected by thread: Grupo De Hilos 1-35
2020-04-02 10:47:24,109 INFO o.a.j.t.JMeterThread: Thread finished: Grupo De Hilos 1-114
2020-04-02 10:47:24,109 INFO o.a.j.t.JMeterThread: Stopping because end time detected by thread: Grupo De Hilos 1-168
2020-04-02 10:47:24,109 INFO o.a.j.t.JMeterThread: Stopping because end time detected by thread: Grupo De Hilos 1-140
2020-04-02 10:47:24,109 INFO o.a.j.t.JMeterThread: Thread finished: Grupo De Hilos 1-168
2020-04-02 10:47:24,109 INFO o.a.j.t.JMeterThread: Thread finished: Grupo De Hilos 1-140
2020-04-02 10:47:24,109 INFO o.a.j.t.JMeterThread: Thread finished: Grupo De Hilos 1-35
2020-04-02 10:47:24,120 INFO o.a.j.t.JMeterThread: Stopping because end time detected by thread: Grupo De Hilos 1-167
2020-04-02 10:47:24,120 INFO o.a.j.t.JMeterThread: Stopping because end time detected by thread: Grupo De Hilos 1-151
2020-04-02 10:47:24,120 INFO o.a.j.t.JMeterThread: Thread finished: Grupo De Hilos 1-167
2020-04-02 10:47:24,120 INFO o.a.j.t.JMeterThread: Stopping because end time detected by thread: Grupo De Hilos 1-120
2020-04-02 10:47:24,120 INFO o.a.j.t.JMeterThread: Thread finished: Grupo De Hilos 1-120
2020-04-02 10:47:24,120 INFO o.a.j.t.JMeterThread: Stopping because end time detected by thread: Grupo De Hilos 1-96
2020-04-02 10:47:24,121 INFO o.a.j.t.JMeterThread: Thread finished: Grupo De Hilos 1-96
2020-04-02 10:47:24,121 INFO o.a.j.t.JMeterThread: Thread finished: Grupo De Hilos 1-151
2020-04-02 10:47:24,125 INFO o.a.j.t.JMeterThread: Stopping because end time detected by thread: Grupo De Hilos 1-132
2020-04-02 10:47:24,125 INFO o.a.j.t.JMeterThread: Thread finished: Grupo De Hilos 1-132
2020-04-02 10:47:24,125 INFO o.a.j.t.JMeterThread: Stopping because end time detected by thread: Grupo De Hilos 1-138
2020-04-02 10:47:24,126 INFO o.a.j.t.JMeterThread: Thread finished: Grupo De Hilos 1-138
2020-04-02 10:47:24,126 INFO o.a.j.t.JMeterThread: Stopping because end time detected by thread: Grupo De Hilos 1-175
2020-04-02 10:47:24,126 INFO o.a.j.t.JMeterThread: Thread finished: Grupo De Hilos 1-175
2020-04-02 10:47:24,127 INFO o.a.j.t.JMeterThread: Stopping because end time detected by thread: Grupo De Hilos 1-48
2020-04-02 10:47:24,127 INFO o.a.j.t.JMeterThread: Stopping because end time detected by thread: Grupo De Hilos 1-19
2020-04-02 10:47:24,127 INFO o.a.j.t.JMeterThread: Thread finished: Grupo De Hilos 1-48
2020-04-02 10:47:24,127 INFO o.a.j.t.JMeterThread: Thread finished: Grupo De Hilos 1-19
2020-04-02 10:47:24,127 INFO o.a.j.t.JMeterThread: Stopping because end time detected by thread: Grupo De Hilos 1-178
2020-04-02 10:47:24,127 INFO o.a.j.t.JMeterThread: Thread finished: Grupo De Hilos 1-178
2020-04-02 10:47:24,127 INFO o.a.j.t.JMeterThread: Stopping because end time detected by thread: Grupo De Hilos 1-166
2020-04-02 10:47:24,128 INFO o.a.j.t.JMeterThread: Thread finished: Grupo De Hilos 1-166
2020-04-02 10:47:24,128 INFO o.a.j.t.JMeterThread: Stopping because end time detected by thread: Grupo De Hilos 1-163
2020-04-02 10:47:24,129 INFO o.a.j.t.JMeterThread: Thread finished: Grupo De Hilos 1-163
2020-04-02 10:47:24,130 INFO o.a.j.t.JMeterThread: Stopping because end time detected by thread: Grupo De Hilos 1-180
2020-04-02 10:47:24,130 INFO o.a.j.t.JMeterThread: Thread finished: Grupo De Hilos 1-180
2020-04-02 10:47:24,134 INFO o.a.j.t.JMeterThread: Stopping because end time detected by thread: Grupo De Hilos 1-190
2020-04-02 10:47:24,134 INFO o.a.j.t.JMeterThread: Thread finished: Grupo De Hilos 1-190
2020-04-02 10:47:24,134 INFO o.a.j.t.JMeterThread: Stopping because end time detected by thread: Grupo De Hilos 1-188
2020-04-02 10:47:24,134 INFO o.a.j.t.JMeterThread: Thread finished: Grupo De Hilos 1-188
2020-04-02 10:47:24,134 INFO o.a.j.t.JMeterThread: Stopping because end time detected by thread: Grupo De Hilos 1-84
2020-04-02 10:47:24,134 INFO o.a.j.t.JMeterThread: Thread finished: Grupo De Hilos 1-84
2020-04-02 10:47:24,135 INFO o.a.j.t.JMeterThread: Stopping because end time detected by thread: Grupo De Hilos 1-149
2020-04-02 10:47:24,135 INFO o.a.j.t.JMeterThread: Thread finished: Grupo De Hilos 1-149
2020-04-02 10:47:24,135 INFO o.a.j.t.JMeterThread: Stopping because end time detected by thread: Grupo De Hilos 1-137
2020-04-02 10:47:24,135 INFO o.a.j.t.JMeterThread: Thread finished: Grupo De Hilos 1-137
2020-04-02 10:47:24,136 INFO o.a.j.t.JMeterThread: Stopping because end time detected by thread: Grupo De Hilos 1-139
2020-04-02 10:47:24,136 INFO o.a.j.t.JMeterThread: Thread finished: Grupo De Hilos 1-139
2020-04-02 10:47:24,136 INFO o.a.j.t.JMeterThread: Stopping because end time detected by thread: Grupo De Hilos 1-164
2020-04-02 10:47:24,136 INFO o.a.j.t.JMeterThread: Stopping because end time detected by thread: Grupo De Hilos 1-148
2020-04-02 10:47:24,136 INFO o.a.j.t.JMeterThread: Thread finished: Grupo De Hilos 1-164
2020-04-02 10:47:24,137 INFO o.a.j.t.JMeterThread: Thread finished: Grupo De Hilos 1-148
2020-04-02 10:47:24,137 INFO o.a.j.t.JMeterThread: Stopping because end time detected by thread: Grupo De Hilos 1-134
2020-04-02 10:47:24,137 INFO o.a.j.t.JMeterThread: Stopping because end time detected by thread: Grupo De Hilos 1-187
2020-04-02 10:47:24,137 INFO o.a.j.t.JMeterThread: Stopping because end time detected by thread: Grupo De Hilos 1-182
2020-04-02 10:47:24,137 INFO o.a.j.t.JMeterThread: Thread finished: Grupo De Hilos 1-182
2020-04-02 10:47:24,137 INFO o.a.j.t.JMeterThread: Thread finished: Grupo De Hilos 1-187
2020-04-02 10:47:24,138 INFO o.a.j.t.JMeterThread: Stopping because end time detected by thread: Grupo De Hilos 1-152
2020-04-02 10:47:24,137 INFO o.a.j.t.JMeterThread: Stopping because end time detected by thread: Grupo De Hilos 1-173
2020-04-02 10:47:24,138 INFO o.a.j.t.JMeterThread: Thread finished: Grupo De Hilos 1-173
2020-04-02 10:47:24,137 INFO o.a.j.t.JMeterThread: Thread finished: Grupo De Hilos 1-134
2020-04-02 10:47:24,138 INFO o.a.j.t.JMeterThread: Thread finished: Grupo De Hilos 1-152
2020-04-02 10:47:24,138 INFO o.a.j.t.JMeterThread: Stopping because end time detected by thread: Grupo De Hilos 1-183
2020-04-02 10:47:24,138 INFO o.a.j.t.JMeterThread: Thread finished: Grupo De Hilos 1-183
2020-04-02 10:47:24,138 INFO o.a.j.t.JMeterThread: Stopping because end time detected by thread: Grupo De Hilos 1-186
2020-04-02 10:47:24,139 INFO o.a.j.t.JMeterThread: Thread finished: Grupo De Hilos 1-186
2020-04-02 10:47:24,141 INFO o.a.j.t.JMeterThread: Stopping because end time detected by thread: Grupo De Hilos 1-191
2020-04-02 10:47:24,141 INFO o.a.j.t.JMeterThread: Stopping because end time detected by thread: Grupo De Hilos 1-30
2020-04-02 10:47:24,141 INFO o.a.j.t.JMeterThread: Thread finished: Grupo De Hilos 1-191
2020-04-02 10:47:24,142 INFO o.a.j.t.JMeterThread: Thread finished: Grupo De Hilos 1-30
2020-04-02 10:47:24,142 INFO o.a.j.t.JMeterThread: Stopping because end time detected by thread: Grupo De Hilos 1-185
2020-04-02 10:47:24,142 INFO o.a.j.t.JMeterThread: Thread finished: Grupo De Hilos 1-185
2020-04-02 10:47:24,145 INFO o.a.j.t.JMeterThread: Stopping because end time detected by thread: Grupo De Hilos 1-5
2020-04-02 10:47:24,145 INFO o.a.j.t.JMeterThread: Stopping because end time detected by thread: Grupo De Hilos 1-53
2020-04-02 10:47:24,145 INFO o.a.j.t.JMeterThread: Stopping because end time detected by thread: Grupo De Hilos 1-105
2020-04-02 10:47:24,145 INFO o.a.j.t.JMeterThread: Thread finished: Grupo De Hilos 1-5
2020-04-02 10:47:24,145 INFO o.a.j.t.JMeterThread: Thread finished: Grupo De Hilos 1-53
2020-04-02 10:47:24,145 INFO o.a.j.t.JMeterThread: Thread finished: Grupo De Hilos 1-105
2020-04-02 10:47:24,145 INFO o.a.j.t.JMeterThread: Stopping because end time detected by thread: Grupo De Hilos 1-170
2020-04-02 10:47:24,146 INFO o.a.j.t.JMeterThread: Thread finished: Grupo De Hilos 1-170
2020-04-02 10:47:24,156 INFO o.a.j.t.JMeterThread: Stopping because end time detected by thread: Grupo De Hilos 1-97
2020-04-02 10:47:24,156 INFO o.a.j.t.JMeterThread: Stopping because end time detected by thread: Grupo De Hilos 1-2
2020-04-02 10:47:24,156 INFO o.a.j.t.JMeterThread: Thread finished: Grupo De Hilos 1-97
2020-04-02 10:47:24,156 INFO o.a.j.t.JMeterThread: Stopping because end time detected by thread: Grupo De Hilos 1-119
2020-04-02 10:47:24,156 INFO o.a.j.t.JMeterThread: Stopping because end time detected by thread: Grupo De Hilos 1-200
2020-04-02 10:47:24,157 INFO o.a.j.t.JMeterThread: Thread finished: Grupo De Hilos 1-119
2020-04-02 10:47:24,157 INFO o.a.j.t.JMeterThread: Stopping because end time detected by thread: Grupo De Hilos 1-194
2020-04-02 10:47:24,157 INFO o.a.j.t.JMeterThread: Stopping because end time detected by thread: Grupo De Hilos 1-208
2020-04-02 10:47:24,157 INFO o.a.j.t.JMeterThread: Thread finished: Grupo De Hilos 1-194
2020-04-02 10:47:24,157 INFO o.a.j.t.JMeterThread: Thread finished: Grupo De Hilos 1-208
2020-04-02 10:47:24,156 INFO o.a.j.t.JMeterThread: Stopping because end time detected by thread: Grupo De Hilos 1-174
2020-04-02 10:47:24,157 INFO o.a.j.t.JMeterThread: Thread finished: Grupo De Hilos 1-174
2020-04-02 10:47:24,157 INFO o.a.j.t.JMeterThread: Stopping because end time detected by thread: Grupo De Hilos 1-147
2020-04-02 10:47:24,157 INFO o.a.j.t.JMeterThread: Thread finished: Grupo De Hilos 1-147
2020-04-02 10:47:24,157 INFO o.a.j.t.JMeterThread: Thread finished: Grupo De Hilos 1-2
2020-04-02 10:47:24,157 INFO o.a.j.t.JMeterThread: Stopping because end time detected by thread: Grupo De Hilos 1-150
2020-04-02 10:47:24,158 INFO o.a.j.t.JMeterThread: Thread finished: Grupo De Hilos 1-150
2020-04-02 10:47:24,158 INFO o.a.j.t.JMeterThread: Stopping because end time detected by thread: Grupo De Hilos 1-121
2020-04-02 10:47:24,158 INFO o.a.j.t.JMeterThread: Thread finished: Grupo De Hilos 1-121
2020-04-02 10:47:24,158 INFO o.a.j.t.JMeterThread: Thread finished: Grupo De Hilos 1-200
2020-04-02 10:47:24,158 INFO o.a.j.t.JMeterThread: Stopping because end time detected by thread: Grupo De Hilos 1-179
2020-04-02 10:47:24,158 INFO o.a.j.t.JMeterThread: Thread finished: Grupo De Hilos 1-179
2020-04-02 10:47:24,158 INFO o.a.j.t.JMeterThread: Stopping because end time detected by thread: Grupo De Hilos 1-169
2020-04-02 10:47:24,159 INFO o.a.j.t.JMeterThread: Thread finished: Grupo De Hilos 1-169
2020-04-02 10:47:24,158 INFO o.a.j.t.JMeterThread: Stopping because end time detected by thread: Grupo De Hilos 1-165
2020-04-02 10:47:24,157 INFO o.a.j.t.JMeterThread: Stopping because end time detected by thread: Grupo De Hilos 1-88
2020-04-02 10:47:24,159 INFO o.a.j.t.JMeterThread: Thread finished: Grupo De Hilos 1-165
2020-04-02 10:47:24,159 INFO o.a.j.t.JMeterThread: Thread finished: Grupo De Hilos 1-88
2020-04-02 10:47:24,162 INFO o.a.j.t.JMeterThread: Stopping because end time detected by thread: Grupo De Hilos 1-202
2020-04-02 10:47:24,162 INFO o.a.j.t.JMeterThread: Stopping because end time detected by thread: Grupo De Hilos 1-157
2020-04-02 10:47:24,162 INFO o.a.j.t.JMeterThread: Stopping because end time detected by thread: Grupo De Hilos 1-100
2020-04-02 10:47:24,163 INFO o.a.j.t.JMeterThread: Thread finished: Grupo De Hilos 1-202
2020-04-02 10:47:24,163 INFO o.a.j.t.JMeterThread: Thread finished: Grupo De Hilos 1-157
2020-04-02 10:47:24,163 INFO o.a.j.t.JMeterThread: Thread finished: Grupo De Hilos 1-100
2020-04-02 10:47:24,163 INFO o.a.j.t.JMeterThread: Stopping because end time detected by thread: Grupo De Hilos 1-211
2020-04-02 10:47:24,163 INFO o.a.j.t.JMeterThread: Thread finished: Grupo De Hilos 1-211
2020-04-02 10:47:24,163 INFO o.a.j.t.JMeterThread: Stopping because end time detected by thread: Grupo De Hilos 1-29
2020-04-02 10:47:24,163 INFO o.a.j.t.JMeterThread: Thread finished: Grupo De Hilos 1-29
2020-04-02 10:47:24,166 INFO o.a.j.t.JMeterThread: Stopping because end time detected by thread: Grupo De Hilos 1-177
2020-04-02 10:47:24,166 INFO o.a.j.t.JMeterThread: Thread finished: Grupo De Hilos 1-177
2020-04-02 10:47:24,166 INFO o.a.j.t.JMeterThread: Stopping because end time detected by thread: Grupo De Hilos 1-207
2020-04-02 10:47:24,166 INFO o.a.j.t.JMeterThread: Thread finished: Grupo De Hilos 1-207
2020-04-02 10:47:24,166 INFO o.a.j.t.JMeterThread: Stopping because end time detected by thread: Grupo De Hilos 1-171
2020-04-02 10:47:24,166 INFO o.a.j.t.JMeterThread: Stopping because end time detected by thread: Grupo De Hilos 1-212
2020-04-02 10:47:24,166 INFO o.a.j.t.JMeterThread: Thread finished: Grupo De Hilos 1-171
2020-04-02 10:47:24,166 INFO o.a.j.t.JMeterThread: Thread finished: Grupo De Hilos 1-212
2020-04-02 10:47:24,167 INFO o.a.j.t.JMeterThread: Stopping because end time detected by thread: Grupo De Hilos 1-117
2020-04-02 10:47:24,167 INFO o.a.j.t.JMeterThread: Thread finished: Grupo De Hilos 1-117
2020-04-02 10:47:24,172 INFO o.a.j.t.JMeterThread: Stopping because end time detected by thread: Grupo De Hilos 1-198
2020-04-02 10:47:24,173 INFO o.a.j.t.JMeterThread: Thread finished: Grupo De Hilos 1-198
2020-04-02 10:47:24,175 INFO o.a.j.t.JMeterThread: Stopping because end time detected by thread: Grupo De Hilos 1-60
2020-04-02 10:47:24,176 INFO o.a.j.t.JMeterThread: Thread finished: Grupo De Hilos 1-60
2020-04-02 10:47:24,176 INFO o.a.j.t.JMeterThread: Stopping because end time detected by thread: Grupo De Hilos 1-193
2020-04-02 10:47:24,176 INFO o.a.j.t.JMeterThread: Thread finished: Grupo De Hilos 1-193
2020-04-02 10:47:24,176 INFO o.a.j.t.JMeterThread: Stopping because end time detected by thread: Grupo De Hilos 1-218
2020-04-02 10:47:24,176 INFO o.a.j.t.JMeterThread: Thread finished: Grupo De Hilos 1-218
2020-04-02 10:47:24,180 INFO o.a.j.t.JMeterThread: Stopping because end time detected by thread: Grupo De Hilos 1-213
2020-04-02 10:47:24,180 INFO o.a.j.t.JMeterThread: Stopping because end time detected by thread: Grupo De Hilos 1-184
2020-04-02 10:47:24,180 INFO o.a.j.t.JMeterThread: Thread finished: Grupo De Hilos 1-213
2020-04-02 10:47:24,180 INFO o.a.j.t.JMeterThread: Stopping because end time detected by thread: Grupo De Hilos 1-73
2020-04-02 10:47:24,180 INFO o.a.j.t.JMeterThread: Thread finished: Grupo De Hilos 1-73
2020-04-02 10:47:24,180 INFO o.a.j.t.JMeterThread: Stopping because end time detected by thread: Grupo De Hilos 1-122
2020-04-02 10:47:24,181 INFO o.a.j.t.JMeterThread: Stopping because end time detected by thread: Grupo De Hilos 1-24
2020-04-02 10:47:24,181 INFO o.a.j.t.JMeterThread: Thread finished: Grupo De Hilos 1-24
2020-04-02 10:47:24,181 INFO o.a.j.t.JMeterThread: Thread finished: Grupo De Hilos 1-122
2020-04-02 10:47:24,181 INFO o.a.j.t.JMeterThread: Stopping because end time detected by thread: Grupo De Hilos 1-11
2020-04-02 10:47:24,181 INFO o.a.j.t.JMeterThread: Thread finished: Grupo De Hilos 1-11
2020-04-02 10:47:24,181 INFO o.a.j.t.JMeterThread: Thread finished: Grupo De Hilos 1-184
2020-04-02 10:47:24,182 INFO o.a.j.t.JMeterThread: Stopping because end time detected by thread: Grupo De Hilos 1-217
2020-04-02 10:47:24,182 INFO o.a.j.t.JMeterThread: Stopping because end time detected by thread: Grupo De Hilos 1-57
2020-04-02 10:47:24,182 INFO o.a.j.t.JMeterThread: Thread finished: Grupo De Hilos 1-217
2020-04-02 10:47:24,182 INFO o.a.j.t.JMeterThread: Thread finished: Grupo De Hilos 1-57
2020-04-02 10:47:24,182 INFO o.a.j.t.JMeterThread: Stopping because end time detected by thread: Grupo De Hilos 1-26
2020-04-02 10:47:24,182 INFO o.a.j.t.JMeterThread: Thread finished: Grupo De Hilos 1-26
2020-04-02 10:47:24,180 INFO o.a.j.t.JMeterThread: Stopping because end time detected by thread: Grupo De Hilos 1-203
2020-04-02 10:47:24,182 INFO o.a.j.t.JMeterThread: Stopping because end time detected by thread: Grupo De Hilos 1-215
2020-04-02 10:47:24,181 INFO o.a.j.t.JMeterThread: Stopping because end time detected by thread: Grupo De Hilos 1-205
2020-04-02 10:47:24,182 INFO o.a.j.t.JMeterThread: Thread finished: Grupo De Hilos 1-215
2020-04-02 10:47:24,182 INFO o.a.j.t.JMeterThread: Thread finished: Grupo De Hilos 1-205
2020-04-02 10:47:24,183 INFO o.a.j.t.JMeterThread: Thread finished: Grupo De Hilos 1-203
2020-04-02 10:47:24,182 INFO o.a.j.t.JMeterThread: Stopping because end time detected by thread: Grupo De Hilos 1-201
2020-04-02 10:47:24,183 INFO o.a.j.t.JMeterThread: Stopping because end time detected by thread: Grupo De Hilos 1-158
2020-04-02 10:47:24,183 INFO o.a.j.t.JMeterThread: Thread finished: Grupo De Hilos 1-201
2020-04-02 10:47:24,183 INFO o.a.j.t.JMeterThread: Stopping because end time detected by thread: Grupo De Hilos 1-21
2020-04-02 10:47:24,184 INFO o.a.j.t.JMeterThread: Stopping because end time detected by thread: Grupo De Hilos 1-22
2020-04-02 10:47:24,184 INFO o.a.j.t.JMeterThread: Thread finished: Grupo De Hilos 1-22
2020-04-02 10:47:24,184 INFO o.a.j.t.JMeterThread: Thread finished: Grupo De Hilos 1-21
2020-04-02 10:47:24,184 INFO o.a.j.t.JMeterThread: Thread finished: Grupo De Hilos 1-158
2020-04-02 10:47:24,188 INFO o.a.j.t.JMeterThread: Stopping because end time detected by thread: Grupo De Hilos 1-4
2020-04-02 10:47:24,189 INFO o.a.j.t.JMeterThread: Thread finished: Grupo De Hilos 1-4
2020-04-02 10:47:24,189 INFO o.a.j.t.JMeterThread: Stopping because end time detected by thread: Grupo De Hilos 1-216
2020-04-02 10:47:24,189 INFO o.a.j.t.JMeterThread: Thread finished: Grupo De Hilos 1-216
2020-04-02 10:47:24,189 INFO o.a.j.t.JMeterThread: Stopping because end time detected by thread: Grupo De Hilos 1-233
2020-04-02 10:47:24,189 INFO o.a.j.t.JMeterThread: Thread finished: Grupo De Hilos 1-233
2020-04-02 10:47:24,189 INFO o.a.j.t.JMeterThread: Stopping because end time detected by thread: Grupo De Hilos 1-176
2020-04-02 10:47:24,189 INFO o.a.j.t.JMeterThread: Thread finished: Grupo De Hilos 1-176
2020-04-02 10:47:24,189 INFO o.a.j.t.JMeterThread: Stopping because end time detected by thread: Grupo De Hilos 1-102
2020-04-02 10:47:24,190 INFO o.a.j.t.JMeterThread: Thread finished: Grupo De Hilos 1-102
2020-04-02 10:47:24,190 INFO o.a.j.t.JMeterThread: Stopping because end time detected by thread: Grupo De Hilos 1-219
2020-04-02 10:47:24,190 INFO o.a.j.t.JMeterThread: Thread finished: Grupo De Hilos 1-219
2020-04-02 10:47:24,190 INFO o.a.j.t.JMeterThread: Stopping because end time detected by thread: Grupo De Hilos 1-52
2020-04-02 10:47:24,190 INFO o.a.j.t.JMeterThread: Thread finished: Grupo De Hilos 1-52
2020-04-02 10:47:24,190 INFO o.a.j.t.JMeterThread: Stopping because end time detected by thread: Grupo De Hilos 1-189
2020-04-02 10:47:24,190 INFO o.a.j.t.JMeterThread: Thread finished: Grupo De Hilos 1-189
2020-04-02 10:47:24,190 INFO o.a.j.t.JMeterThread: Stopping because end time detected by thread: Grupo De Hilos 1-196
2020-04-02 10:47:24,190 INFO o.a.j.t.JMeterThread: Stopping because end time detected by thread: Grupo De Hilos 1-42
2020-04-02 10:47:24,190 INFO o.a.j.t.JMeterThread: Thread finished: Grupo De Hilos 1-196
2020-04-02 10:47:24,190 INFO o.a.j.t.JMeterThread: Thread finished: Grupo De Hilos 1-42
2020-04-02 10:47:24,191 INFO o.a.j.t.JMeterThread: Stopping because end time detected by thread: Grupo De Hilos 1-172
2020-04-02 10:47:24,191 INFO o.a.j.t.JMeterThread: Thread finished: Grupo De Hilos 1-172
2020-04-02 10:47:24,191 INFO o.a.j.t.JMeterThread: Stopping because end time detected by thread: Grupo De Hilos 1-38
2020-04-02 10:47:24,191 INFO o.a.j.t.JMeterThread: Thread finished: Grupo De Hilos 1-38
2020-04-02 10:47:24,191 INFO o.a.j.t.JMeterThread: Stopping because end time detected by thread: Grupo De Hilos 1-230
2020-04-02 10:47:24,192 INFO o.a.j.t.JMeterThread: Thread finished: Grupo De Hilos 1-230
2020-04-02 10:47:24,192 INFO o.a.j.t.JMeterThread: Stopping because end time detected by thread: Grupo De Hilos 1-56
2020-04-02 10:47:24,192 INFO o.a.j.t.JMeterThread: Thread finished: Grupo De Hilos 1-56
2020-04-02 10:47:24,192 INFO o.a.j.t.JMeterThread: Stopping because end time detected by thread: Grupo De Hilos 1-227
2020-04-02 10:47:24,193 INFO o.a.j.t.JMeterThread: Thread finished: Grupo De Hilos 1-227
2020-04-02 10:47:24,193 INFO o.a.j.t.JMeterThread: Stopping because end time detected by thread: Grupo De Hilos 1-222
2020-04-02 10:47:24,193 INFO o.a.j.t.JMeterThread: Thread finished: Grupo De Hilos 1-222
2020-04-02 10:47:24,193 INFO o.a.j.t.JMeterThread: Stopping because end time detected by thread: Grupo De Hilos 1-210
2020-04-02 10:47:24,193 INFO o.a.j.t.JMeterThread: Thread finished: Grupo De Hilos 1-210
2020-04-02 10:47:24,194 INFO o.a.j.t.JMeterThread: Stopping because end time detected by thread: Grupo De Hilos 1-209
2020-04-02 10:47:24,194 INFO o.a.j.t.JMeterThread: Thread finished: Grupo De Hilos 1-209
2020-04-02 10:47:24,199 INFO o.a.j.t.JMeterThread: Stopping because end time detected by thread: Grupo De Hilos 1-224
2020-04-02 10:47:24,199 INFO o.a.j.t.JMeterThread: Thread finished: Grupo De Hilos 1-224
2020-04-02 10:47:24,199 INFO o.a.j.t.JMeterThread: Stopping because end time detected by thread: Grupo De Hilos 1-70
2020-04-02 10:47:24,199 INFO o.a.j.t.JMeterThread: Thread finished: Grupo De Hilos 1-70
2020-04-02 10:47:24,199 INFO o.a.j.t.JMeterThread: Stopping because end time detected by thread: Grupo De Hilos 1-192
2020-04-02 10:47:24,199 INFO o.a.j.t.JMeterThread: Thread finished: Grupo De Hilos 1-192
2020-04-02 10:47:24,200 INFO o.a.j.t.JMeterThread: Stopping because end time detected by thread: Grupo De Hilos 1-181
2020-04-02 10:47:24,200 INFO o.a.j.t.JMeterThread: Thread finished: Grupo De Hilos 1-181
2020-04-02 10:47:24,200 INFO o.a.j.t.JMeterThread: Stopping because end time detected by thread: Grupo De Hilos 1-195
2020-04-02 10:47:24,200 INFO o.a.j.t.JMeterThread: Thread finished: Grupo De Hilos 1-195
2020-04-02 10:47:24,208 INFO o.a.j.t.JMeterThread: Stopping because end time detected by thread: Grupo De Hilos 1-214
2020-04-02 10:47:24,208 INFO o.a.j.t.JMeterThread: Thread finished: Grupo De Hilos 1-214
2020-04-02 10:47:24,211 INFO o.a.j.t.JMeterThread: Stopping because end time detected by thread: Grupo De Hilos 1-206
2020-04-02 10:47:24,211 INFO o.a.j.t.JMeterThread: Stopping because end time detected by thread: Grupo De Hilos 1-232
2020-04-02 10:47:24,211 INFO o.a.j.t.JMeterThread: Thread finished: Grupo De Hilos 1-206
2020-04-02 10:47:24,211 INFO o.a.j.t.JMeterThread: Thread finished: Grupo De Hilos 1-232
2020-04-02 10:47:24,212 INFO o.a.j.t.JMeterThread: Stopping because end time detected by thread: Grupo De Hilos 1-221
2020-04-02 10:47:24,212 INFO o.a.j.t.JMeterThread: Stopping because end time detected by thread: Grupo De Hilos 1-204
2020-04-02 10:47:24,212 INFO o.a.j.t.JMeterThread: Thread finished: Grupo De Hilos 1-221
2020-04-02 10:47:24,212 INFO o.a.j.t.JMeterThread: Stopping because end time detected by thread: Grupo De Hilos 1-107
2020-04-02 10:47:24,212 INFO o.a.j.t.JMeterThread: Thread finished: Grupo De Hilos 1-204
2020-04-02 10:47:24,212 INFO o.a.j.t.JMeterThread: Stopping because end time detected by thread: Grupo De Hilos 1-199
2020-04-02 10:47:24,212 INFO o.a.j.t.JMeterThread: Thread finished: Grupo De Hilos 1-199
2020-04-02 10:47:24,212 INFO o.a.j.t.JMeterThread: Stopping because end time detected by thread: Grupo De Hilos 1-240
2020-04-02 10:47:24,212 INFO o.a.j.t.JMeterThread: Thread finished: Grupo De Hilos 1-240
2020-04-02 10:47:24,212 INFO o.a.j.t.JMeterThread: Stopping because end time detected by thread: Grupo De Hilos 1-231
2020-04-02 10:47:24,213 INFO o.a.j.t.JMeterThread: Thread finished: Grupo De Hilos 1-231
2020-04-02 10:47:24,213 INFO o.a.j.t.JMeterThread: Stopping because end time detected by thread: Grupo De Hilos 1-109
2020-04-02 10:47:24,213 INFO o.a.j.t.JMeterThread: Thread finished: Grupo De Hilos 1-109
2020-04-02 10:47:24,212 INFO o.a.j.t.JMeterThread: Stopping because end time detected by thread: Grupo De Hilos 1-249
2020-04-02 10:47:24,213 INFO o.a.j.t.JMeterThread: Stopping because end time detected by thread: Grupo De Hilos 1-250
2020-04-02 10:47:24,213 INFO o.a.j.t.JMeterThread: Thread finished: Grupo De Hilos 1-249
2020-04-02 10:47:24,213 INFO o.a.j.t.JMeterThread: Thread finished: Grupo De Hilos 1-250
2020-04-02 10:47:24,212 INFO o.a.j.t.JMeterThread: Thread finished: Grupo De Hilos 1-107
2020-04-02 10:47:24,215 INFO o.a.j.t.JMeterThread: Stopping because end time detected by thread: Grupo De Hilos 1-223
2020-04-02 10:47:24,215 INFO o.a.j.t.JMeterThread: Stopping because end time detected by thread: Grupo De Hilos 1-235
2020-04-02 10:47:24,216 INFO o.a.j.t.JMeterThread: Thread finished: Grupo De Hilos 1-223
2020-04-02 10:47:24,216 INFO o.a.j.t.JMeterThread: Thread finished: Grupo De Hilos 1-235
2020-04-02 10:47:24,225 INFO o.a.j.t.JMeterThread: Stopping because end time detected by thread: Grupo De Hilos 1-225
2020-04-02 10:47:24,225 INFO o.a.j.t.JMeterThread: Thread finished: Grupo De Hilos 1-225
2020-04-02 10:47:24,226 INFO o.a.j.t.JMeterThread: Stopping because end time detected by thread: Grupo De Hilos 1-246
2020-04-02 10:47:24,226 INFO o.a.j.t.JMeterThread: Thread finished: Grupo De Hilos 1-246
2020-04-02 10:47:24,227 INFO o.a.j.t.JMeterThread: Stopping because end time detected by thread: Grupo De Hilos 1-220
2020-04-02 10:47:24,227 INFO o.a.j.t.JMeterThread: Stopping because end time detected by thread: Grupo De Hilos 1-251
2020-04-02 10:47:24,227 INFO o.a.j.t.JMeterThread: Thread finished: Grupo De Hilos 1-220
2020-04-02 10:47:24,227 INFO o.a.j.t.JMeterThread: Thread finished: Grupo De Hilos 1-251
2020-04-02 10:47:24,235 INFO o.a.j.t.JMeterThread: Stopping because end time detected by thread: Grupo De Hilos 1-229
2020-04-02 10:47:24,235 INFO o.a.j.t.JMeterThread: Stopping because end time detected by thread: Grupo De Hilos 1-248
2020-04-02 10:47:24,235 INFO o.a.j.t.JMeterThread: Thread finished: Grupo De Hilos 1-248
2020-04-02 10:47:24,235 INFO o.a.j.t.JMeterThread: Thread finished: Grupo De Hilos 1-229
2020-04-02 10:47:24,236 INFO o.a.j.t.JMeterThread: Stopping because end time detected by thread: Grupo De Hilos 1-245
2020-04-02 10:47:24,236 INFO o.a.j.t.JMeterThread: Thread finished: Grupo De Hilos 1-245
2020-04-02 10:47:24,236 INFO o.a.j.t.JMeterThread: Stopping because end time detected by thread: Grupo De Hilos 1-226
2020-04-02 10:47:24,236 INFO o.a.j.t.JMeterThread: Thread finished: Grupo De Hilos 1-226
2020-04-02 10:47:24,240 INFO o.a.j.t.JMeterThread: Stopping because end time detected by thread: Grupo De Hilos 1-252
2020-04-02 10:47:24,241 INFO o.a.j.t.JMeterThread: Thread finished: Grupo De Hilos 1-252
2020-04-02 10:47:24,241 INFO o.a.j.t.JMeterThread: Stopping because end time detected by thread: Grupo De Hilos 1-236
2020-04-02 10:47:24,241 INFO o.a.j.t.JMeterThread: Thread finished: Grupo De Hilos 1-236
2020-04-02 10:47:24,241 INFO o.a.j.t.JMeterThread: Stopping because end time detected by thread: Grupo De Hilos 1-234
2020-04-02 10:47:24,241 INFO o.a.j.t.JMeterThread: Stopping because end time detected by thread: Grupo De Hilos 1-238
2020-04-02 10:47:24,241 INFO o.a.j.t.JMeterThread: Thread finished: Grupo De Hilos 1-234
2020-04-02 10:47:24,241 INFO o.a.j.t.JMeterThread: Thread finished: Grupo De Hilos 1-238
2020-04-02 10:47:24,242 INFO o.a.j.t.JMeterThread: Stopping because end time detected by thread: Grupo De Hilos 1-264
2020-04-02 10:47:24,242 INFO o.a.j.t.JMeterThread: Thread finished: Grupo De Hilos 1-264
2020-04-02 10:47:24,242 INFO o.a.j.t.JMeterThread: Stopping because end time detected by thread: Grupo De Hilos 1-239
2020-04-02 10:47:24,242 INFO o.a.j.t.JMeterThread: Thread finished: Grupo De Hilos 1-239
2020-04-02 10:47:24,242 INFO o.a.j.t.JMeterThread: Stopping because end time detected by thread: Grupo De Hilos 1-262
2020-04-02 10:47:24,242 INFO o.a.j.t.JMeterThread: Stopping because end time detected by thread: Grupo De Hilos 1-255
2020-04-02 10:47:24,242 INFO o.a.j.t.JMeterThread: Thread finished: Grupo De Hilos 1-255
2020-04-02 10:47:24,243 INFO o.a.j.t.JMeterThread: Stopping because end time detected by thread: Grupo De Hilos 1-237
2020-04-02 10:47:24,243 INFO o.a.j.t.JMeterThread: Thread finished: Grupo De Hilos 1-237
2020-04-02 10:47:24,243 INFO o.a.j.t.JMeterThread: Stopping because end time detected by thread: Grupo De Hilos 1-247
2020-04-02 10:47:24,243 INFO o.a.j.t.JMeterThread: Thread finished: Grupo De Hilos 1-247
2020-04-02 10:47:24,246 INFO o.a.j.t.JMeterThread: Thread finished: Grupo De Hilos 1-262
2020-04-02 10:47:24,245 INFO o.a.j.t.JMeterThread: Stopping because end time detected by thread: Grupo De Hilos 1-243
2020-04-02 10:47:24,246 INFO o.a.j.t.JMeterThread: Thread finished: Grupo De Hilos 1-243
2020-04-02 10:47:24,244 INFO o.a.j.t.JMeterThread: Stopping because end time detected by thread: Grupo De Hilos 1-258
2020-04-02 10:47:24,246 INFO o.a.j.t.JMeterThread: Thread finished: Grupo De Hilos 1-258
2020-04-02 10:47:24,247 INFO o.a.j.t.JMeterThread: Stopping because end time detected by thread: Grupo De Hilos 1-266
2020-04-02 10:47:24,247 INFO o.a.j.t.JMeterThread: Thread finished: Grupo De Hilos 1-266
2020-04-02 10:47:24,247 INFO o.a.j.t.JMeterThread: Stopping because end time detected by thread: Grupo De Hilos 1-257
2020-04-02 10:47:24,248 INFO o.a.j.t.JMeterThread: Thread finished: Grupo De Hilos 1-257
2020-04-02 10:47:24,248 INFO o.a.j.t.JMeterThread: Stopping because end time detected by thread: Grupo De Hilos 1-242
2020-04-02 10:47:24,248 INFO o.a.j.t.JMeterThread: Thread finished: Grupo De Hilos 1-242
2020-04-02 10:47:24,248 INFO o.a.j.t.JMeterThread: Stopping because end time detected by thread: Grupo De Hilos 1-244
2020-04-02 10:47:24,248 INFO o.a.j.t.JMeterThread: Thread finished: Grupo De Hilos 1-244
2020-04-02 10:47:24,248 INFO o.a.j.t.JMeterThread: Stopping because end time detected by thread: Grupo De Hilos 1-261
2020-04-02 10:47:24,248 INFO o.a.j.t.JMeterThread: Thread finished: Grupo De Hilos 1-261
2020-04-02 10:47:24,249 INFO o.a.j.t.JMeterThread: Stopping because end time detected by thread: Grupo De Hilos 1-254
2020-04-02 10:47:24,249 INFO o.a.j.t.JMeterThread: Thread finished: Grupo De Hilos 1-254
2020-04-02 10:47:24,249 INFO o.a.j.t.JMeterThread: Stopping because end time detected by thread: Grupo De Hilos 1-241
2020-04-02 10:47:24,249 INFO o.a.j.t.JMeterThread: Thread finished: Grupo De Hilos 1-241
2020-04-02 10:47:24,251 INFO o.a.j.t.JMeterThread: Stopping because end time detected by thread: Grupo De Hilos 1-269
2020-04-02 10:47:24,251 INFO o.a.j.t.JMeterThread: Thread finished: Grupo De Hilos 1-269
2020-04-02 10:47:24,267 INFO o.a.j.t.JMeterThread: Stopping because end time detected by thread: Grupo De Hilos 1-294
2020-04-02 10:47:24,267 INFO o.a.j.t.JMeterThread: Thread finished: Grupo De Hilos 1-294
2020-04-02 10:47:24,271 INFO o.a.j.t.JMeterThread: Stopping because end time detected by thread: Grupo De Hilos 1-289
2020-04-02 10:47:24,271 INFO o.a.j.t.JMeterThread: Stopping because end time detected by thread: Grupo De Hilos 1-280
2020-04-02 10:47:24,271 INFO o.a.j.t.JMeterThread: Stopping because end time detected by thread: Grupo De Hilos 1-281
2020-04-02 10:47:24,271 INFO o.a.j.t.JMeterThread: Thread finished: Grupo De Hilos 1-280
2020-04-02 10:47:24,271 INFO o.a.j.t.JMeterThread: Stopping because end time detected by thread: Grupo De Hilos 1-276
2020-04-02 10:47:24,271 INFO o.a.j.t.JMeterThread: Thread finished: Grupo De Hilos 1-276
2020-04-02 10:47:24,271 INFO o.a.j.t.JMeterThread: Stopping because end time detected by thread: Grupo De Hilos 1-282
2020-04-02 10:47:24,271 INFO o.a.j.t.JMeterThread: Stopping because end time detected by thread: Grupo De Hilos 1-267
2020-04-02 10:47:24,271 INFO o.a.j.t.JMeterThread: Thread finished: Grupo De Hilos 1-282
2020-04-02 10:47:24,271 INFO o.a.j.t.JMeterThread: Thread finished: Grupo De Hilos 1-267
2020-04-02 10:47:24,272 INFO o.a.j.t.JMeterThread: Stopping because end time detected by thread: Grupo De Hilos 1-278
2020-04-02 10:47:24,272 INFO o.a.j.t.JMeterThread: Stopping because end time detected by thread: Grupo De Hilos 1-260
2020-04-02 10:47:24,272 INFO o.a.j.t.JMeterThread: Thread finished: Grupo De Hilos 1-278
2020-04-02 10:47:24,272 INFO o.a.j.t.JMeterThread: Stopping because end time detected by thread: Grupo De Hilos 1-259
2020-04-02 10:47:24,272 INFO o.a.j.t.JMeterThread: Stopping because end time detected by thread: Grupo De Hilos 1-265
2020-04-02 10:47:24,271 INFO o.a.j.t.JMeterThread: Thread finished: Grupo De Hilos 1-289
2020-04-02 10:47:24,272 INFO o.a.j.t.JMeterThread: Thread finished: Grupo De Hilos 1-260
2020-04-02 10:47:24,272 INFO o.a.j.t.JMeterThread: Thread finished: Grupo De Hilos 1-259
2020-04-02 10:47:24,272 INFO o.a.j.t.JMeterThread: Thread finished: Grupo De Hilos 1-281
2020-04-02 10:47:24,271 INFO o.a.j.t.JMeterThread: Stopping because end time detected by thread: Grupo De Hilos 1-283
2020-04-02 10:47:24,272 INFO o.a.j.t.JMeterThread: Thread finished: Grupo De Hilos 1-265
2020-04-02 10:47:24,272 INFO o.a.j.t.JMeterThread: Thread finished: Grupo De Hilos 1-283
2020-04-02 10:47:24,277 INFO o.a.j.t.JMeterThread: Stopping because end time detected by thread: Grupo De Hilos 1-279
2020-04-02 10:47:24,277 INFO o.a.j.t.JMeterThread: Stopping because end time detected by thread: Grupo De Hilos 1-271
2020-04-02 10:47:24,277 INFO o.a.j.t.JMeterThread: Stopping because end time detected by thread: Grupo De Hilos 1-268
2020-04-02 10:47:24,277 INFO o.a.j.t.JMeterThread: Stopping because end time detected by thread: Grupo De Hilos 1-277
2020-04-02 10:47:24,277 INFO o.a.j.t.JMeterThread: Thread finished: Grupo De Hilos 1-268
2020-04-02 10:47:24,277 INFO o.a.j.t.JMeterThread: Thread finished: Grupo De Hilos 1-277
2020-04-02 10:47:24,277 INFO o.a.j.t.JMeterThread: Thread finished: Grupo De Hilos 1-271
2020-04-02 10:47:24,278 INFO o.a.j.t.JMeterThread: Stopping because end time detected by thread: Grupo De Hilos 1-275
2020-04-02 10:47:24,278 INFO o.a.j.t.JMeterThread: Thread finished: Grupo De Hilos 1-275
2020-04-02 10:47:24,277 INFO o.a.j.t.JMeterThread: Thread finished: Grupo De Hilos 1-279
2020-04-02 10:47:24,278 INFO o.a.j.t.JMeterThread: Stopping because end time detected by thread: Grupo De Hilos 1-291
2020-04-02 10:47:24,278 INFO o.a.j.t.JMeterThread: Thread finished: Grupo De Hilos 1-291
2020-04-02 10:47:24,279 INFO o.a.j.t.JMeterThread: Stopping because end time detected by thread: Grupo De Hilos 1-274
2020-04-02 10:47:24,279 INFO o.a.j.t.JMeterThread: Stopping because end time detected by thread: Grupo De Hilos 1-263
2020-04-02 10:47:24,279 INFO o.a.j.t.JMeterThread: Thread finished: Grupo De Hilos 1-274
2020-04-02 10:47:24,279 INFO o.a.j.t.JMeterThread: Thread finished: Grupo De Hilos 1-263
2020-04-02 10:47:24,280 INFO o.a.j.t.JMeterThread: Stopping because end time detected by thread: Grupo De Hilos 1-272
2020-04-02 10:47:24,280 INFO o.a.j.t.JMeterThread: Thread finished: Grupo De Hilos 1-272
2020-04-02 10:47:24,279 INFO o.a.j.t.JMeterThread: Stopping because end time detected by thread: Grupo De Hilos 1-292
2020-04-02 10:47:24,280 INFO o.a.j.t.JMeterThread: Thread finished: Grupo De Hilos 1-292
2020-04-02 10:47:24,279 INFO o.a.j.t.JMeterThread: Stopping because end time detected by thread: Grupo De Hilos 1-296
2020-04-02 10:47:24,280 INFO o.a.j.t.JMeterThread: Thread finished: Grupo De Hilos 1-296
2020-04-02 10:47:24,288 INFO o.a.j.t.JMeterThread: Stopping because end time detected by thread: Grupo De Hilos 1-290
2020-04-02 10:47:24,288 INFO o.a.j.t.JMeterThread: Stopping because end time detected by thread: Grupo De Hilos 1-297
2020-04-02 10:47:24,288 INFO o.a.j.t.JMeterThread: Stopping because end time detected by thread: Grupo De Hilos 1-287
2020-04-02 10:47:24,289 INFO o.a.j.t.JMeterThread: Thread finished: Grupo De Hilos 1-290
2020-04-02 10:47:24,289 INFO o.a.j.t.JMeterThread: Thread finished: Grupo De Hilos 1-287
2020-04-02 10:47:24,289 INFO o.a.j.t.JMeterThread: Stopping because end time detected by thread: Grupo De Hilos 1-284
2020-04-02 10:47:24,289 INFO o.a.j.t.JMeterThread: Thread finished: Grupo De Hilos 1-284
2020-04-02 10:47:24,289 INFO o.a.j.t.JMeterThread: Stopping because end time detected by thread: Grupo De Hilos 1-293
2020-04-02 10:47:24,289 INFO o.a.j.t.JMeterThread: Thread finished: Grupo De Hilos 1-293
2020-04-02 10:47:24,289 INFO o.a.j.t.JMeterThread: Thread finished: Grupo De Hilos 1-297
2020-04-02 10:47:24,289 INFO o.a.j.t.JMeterThread: Stopping because end time detected by thread: Grupo De Hilos 1-273
2020-04-02 10:47:24,289 INFO o.a.j.t.JMeterThread: Stopping because end time detected by thread: Grupo De Hilos 1-299
2020-04-02 10:47:24,289 INFO o.a.j.t.JMeterThread: Stopping because end time detected by thread: Grupo De Hilos 1-270
2020-04-02 10:47:24,289 INFO o.a.j.t.JMeterThread: Thread finished: Grupo De Hilos 1-299
2020-04-02 10:47:24,289 INFO o.a.j.t.JMeterThread: Thread finished: Grupo De Hilos 1-273
2020-04-02 10:47:24,289 INFO o.a.j.t.JMeterThread: Thread finished: Grupo De Hilos 1-270
2020-04-02 10:47:24,290 INFO o.a.j.t.JMeterThread: Stopping because end time detected by thread: Grupo De Hilos 1-300
2020-04-02 10:47:24,290 INFO o.a.j.t.JMeterThread: Thread finished: Grupo De Hilos 1-300
2020-04-02 10:47:24,290 INFO o.a.j.t.JMeterThread: Stopping because end time detected by thread: Grupo De Hilos 1-286
2020-04-02 10:47:24,290 INFO o.a.j.t.JMeterThread: Thread finished: Grupo De Hilos 1-286
2020-04-02 10:47:24,290 INFO o.a.j.t.JMeterThread: Stopping because end time detected by thread: Grupo De Hilos 1-288
2020-04-02 10:47:24,290 INFO o.a.j.t.JMeterThread: Stopping because end time detected by thread: Grupo De Hilos 1-295
2020-04-02 10:47:24,291 INFO o.a.j.t.JMeterThread: Thread finished: Grupo De Hilos 1-295
2020-04-02 10:47:24,291 INFO o.a.j.t.JMeterThread: Stopping because end time detected by thread: Grupo De Hilos 1-285
2020-04-02 10:47:24,291 INFO o.a.j.t.JMeterThread: Stopping because end time detected by thread: Grupo De Hilos 1-298
2020-04-02 10:47:24,291 INFO o.a.j.t.JMeterThread: Thread finished: Grupo De Hilos 1-285
2020-04-02 10:47:24,291 INFO o.a.j.t.JMeterThread: Thread finished: Grupo De Hilos 1-298
2020-04-02 10:47:24,290 INFO o.a.j.t.JMeterThread: Thread finished: Grupo De Hilos 1-288
2020-04-02 10:47:24,400 INFO o.a.j.t.JMeterThread: Stopping because end time detected by thread: Grupo De Hilos 1-28
2020-04-02 10:47:24,401 INFO o.a.j.t.JMeterThread: Stopping because end time detected by thread: Grupo De Hilos 1-68
2020-04-02 10:47:24,401 INFO o.a.j.t.JMeterThread: Stopping because end time detected by thread: Grupo De Hilos 1-161
2020-04-02 10:47:24,401 INFO o.a.j.t.JMeterThread: Thread finished: Grupo De Hilos 1-28
2020-04-02 10:47:24,401 INFO o.a.j.t.JMeterThread: Thread finished: Grupo De Hilos 1-68
2020-04-02 10:47:24,401 INFO o.a.j.t.JMeterThread: Thread finished: Grupo De Hilos 1-161
2020-04-02 10:47:24,405 INFO o.a.j.t.JMeterThread: Stopping because end time detected by thread: Grupo De Hilos 1-108
2020-04-02 10:47:24,405 INFO o.a.j.t.JMeterThread: Stopping because end time detected by thread: Grupo De Hilos 1-156
2020-04-02 10:47:24,405 INFO o.a.j.t.JMeterThread: Stopping because end time detected by thread: Grupo De Hilos 1-95
2020-04-02 10:47:24,405 INFO o.a.j.t.JMeterThread: Thread finished: Grupo De Hilos 1-108
2020-04-02 10:47:24,405 INFO o.a.j.t.JMeterThread: Thread finished: Grupo De Hilos 1-156
2020-04-02 10:47:24,405 INFO o.a.j.t.JMeterThread: Stopping because end time detected by thread: Grupo De Hilos 1-197
2020-04-02 10:47:24,405 INFO o.a.j.t.JMeterThread: Stopping because end time detected by thread: Grupo De Hilos 1-47
2020-04-02 10:47:24,405 INFO o.a.j.t.JMeterThread: Thread finished: Grupo De Hilos 1-197
2020-04-02 10:47:24,405 INFO o.a.j.t.JMeterThread: Thread finished: Grupo De Hilos 1-47
2020-04-02 10:47:24,406 INFO o.a.j.t.JMeterThread: Thread finished: Grupo De Hilos 1-95
2020-04-02 10:47:24,438 INFO o.a.j.t.JMeterThread: Stopping because end time detected by thread: Grupo De Hilos 1-256
2020-04-02 10:47:24,438 INFO o.a.j.t.JMeterThread: Thread finished: Grupo De Hilos 1-256
2020-04-02 10:47:24,529 INFO o.a.j.t.JMeterThread: Stopping because end time detected by thread: Grupo De Hilos 1-130
2020-04-02 10:47:24,529 INFO o.a.j.t.JMeterThread: Stopping because end time detected by thread: Grupo De Hilos 1-87
2020-04-02 10:47:24,529 INFO o.a.j.t.JMeterThread: Thread finished: Grupo De Hilos 1-130
2020-04-02 10:47:24,529 INFO o.a.j.t.JMeterThread: Thread finished: Grupo De Hilos 1-87
2020-04-02 10:47:59,853 INFO o.a.j.t.JMeterThread: Stopping because end time detected by thread: Grupo De Hilos 1-55
2020-04-02 10:47:59,853 INFO o.a.j.t.JMeterThread: Stopping because end time detected by thread: Grupo De Hilos 1-118
2020-04-02 10:47:59,853 INFO o.a.j.t.JMeterThread: Thread finished: Grupo De Hilos 1-55
2020-04-02 10:47:59,853 INFO o.a.j.t.JMeterThread: Thread finished: Grupo De Hilos 1-118
2020-04-02 10:48:16,267 INFO o.a.j.t.JMeterThread: Stopping because end time detected by thread: Grupo De Hilos 1-228
2020-04-02 10:48:16,267 INFO o.a.j.t.JMeterThread: Thread finished: Grupo De Hilos 1-228
2020-04-02 10:48:28,518 INFO o.a.j.t.JMeterThread: Stopping because end time detected by thread: Grupo De Hilos 1-126
2020-04-02 10:48:28,518 INFO o.a.j.t.JMeterThread: Stopping because end time detected by thread: Grupo De Hilos 1-253
2020-04-02 10:48:28,518 INFO o.a.j.t.JMeterThread: Thread finished: Grupo De Hilos 1-126
2020-04-02 10:48:28,519 INFO o.a.j.t.JMeterThread: Thread finished: Grupo De Hilos 1-253
2020-04-02 10:48:28,519 INFO o.a.j.e.StandardJMeterEngine: Notifying test listeners of end of test
2020-04-02 10:48:28,530 INFO o.a.j.r.Summariser: summary +  19473 in 00:01:29 =  220.0/s Avg:   405 Min:    19 Max: 130456 Err:     4 (0.02%) Active: 0 Started: 300 Finished: 300
2020-04-02 10:48:28,530 INFO o.a.j.r.Summariser: summary = 345975 in 00:07:05 =  814.5/s Avg:   261 Min:    13 Max: 130456 Err:     4 (0.00%)
