2020-04-02 10:36:17,679 INFO o.a.j.u.JMeterUtils: Setting Locale to en_US
2020-04-02 10:36:17,713 INFO o.a.j.JMeter: Loading user properties from: /home/pablo/jmeter/bin/user.properties
2020-04-02 10:36:17,714 INFO o.a.j.JMeter: Loading system properties from: /home/pablo/jmeter/bin/system.properties
2020-04-02 10:36:17,715 INFO o.a.j.JMeter: Setting System property: HILOS=150
2020-04-02 10:36:17,715 INFO o.a.j.JMeter: Setting System property: SUBIDA=60
2020-04-02 10:36:17,716 INFO o.a.j.JMeter: Setting System property: DURACION=300
2020-04-02 10:36:17,716 INFO o.a.j.JMeter: Setting System property: PAGE=/test/imageng.html
2020-04-02 10:36:17,716 INFO o.a.j.JMeter: Setting System property: FILE=scriptresultsperfmonG150.jtl
2020-04-02 10:36:17,719 INFO o.a.j.JMeter: Copyright (c) 1998-2019 The Apache Software Foundation
2020-04-02 10:36:17,719 INFO o.a.j.JMeter: Version 5.2.1
2020-04-02 10:36:17,720 INFO o.a.j.JMeter: java.version=1.8.0_201
2020-04-02 10:36:17,720 INFO o.a.j.JMeter: java.vm.name=Java HotSpot(TM) 64-Bit Server VM
2020-04-02 10:36:17,720 INFO o.a.j.JMeter: os.name=Linux
2020-04-02 10:36:17,720 INFO o.a.j.JMeter: os.arch=amd64
2020-04-02 10:36:17,721 INFO o.a.j.JMeter: os.version=4.15.0-91-generic
2020-04-02 10:36:17,721 INFO o.a.j.JMeter: file.encoding=UTF-8
2020-04-02 10:36:17,721 INFO o.a.j.JMeter: java.awt.headless=true
2020-04-02 10:36:17,721 INFO o.a.j.JMeter: Max memory     =732954624
2020-04-02 10:36:17,722 INFO o.a.j.JMeter: Available Processors =4
2020-04-02 10:36:17,729 INFO o.a.j.JMeter: Default Locale=English (United States)
2020-04-02 10:36:17,730 INFO o.a.j.JMeter: JMeter  Locale=English (United States)
2020-04-02 10:36:17,731 INFO o.a.j.JMeter: JMeterHome=/home/pablo/jmeter
2020-04-02 10:36:17,731 INFO o.a.j.JMeter: user.dir  =/home/pablo/jmeter/bin/EJECUCIONES/P1
2020-04-02 10:36:17,731 INFO o.a.j.JMeter: PWD       =/home/pablo/jmeter/bin/EJECUCIONES/P1
2020-04-02 10:36:17,732 INFO o.a.j.JMeter: IP: 127.0.1.1 Name: hylianpablo FullName: hylianpablo
2020-04-02 10:36:17,742 INFO o.a.j.s.FileServer: Default base='/home/pablo/jmeter/bin/EJECUCIONES/P1'
2020-04-02 10:36:17,753 INFO o.a.j.s.FileServer: Set new base='/home/pablo/jmeter/bin/EJECUCIONES/P1/../..'
2020-04-02 10:36:18,065 INFO o.a.j.s.SaveService: Testplan (JMX) version: 2.2. Testlog (JTL) version: 2.2
2020-04-02 10:36:18,084 INFO o.a.j.s.SaveService: Using SaveService properties file encoding UTF-8
2020-04-02 10:36:18,101 INFO o.a.j.s.SaveService: Using SaveService properties version 5.0
2020-04-02 10:36:18,122 INFO o.a.j.s.SaveService: Loading file: ../../Correcto.jmx
2020-04-02 10:36:18,304 INFO o.a.j.p.h.s.HTTPSamplerBase: Parser for text/html is org.apache.jmeter.protocol.http.parser.LagartoBasedHtmlParser
2020-04-02 10:36:18,305 INFO o.a.j.p.h.s.HTTPSamplerBase: Parser for application/xhtml+xml is org.apache.jmeter.protocol.http.parser.LagartoBasedHtmlParser
2020-04-02 10:36:18,305 INFO o.a.j.p.h.s.HTTPSamplerBase: Parser for application/xml is org.apache.jmeter.protocol.http.parser.LagartoBasedHtmlParser
2020-04-02 10:36:18,305 INFO o.a.j.p.h.s.HTTPSamplerBase: Parser for text/xml is org.apache.jmeter.protocol.http.parser.LagartoBasedHtmlParser
2020-04-02 10:36:18,306 INFO o.a.j.p.h.s.HTTPSamplerBase: Parser for text/vnd.wap.wml is org.apache.jmeter.protocol.http.parser.RegexpHTMLParser
2020-04-02 10:36:18,306 INFO o.a.j.p.h.s.HTTPSamplerBase: Parser for text/css is org.apache.jmeter.protocol.http.parser.CssParser
2020-04-02 10:36:18,339 INFO o.a.j.JMeter: Creating summariser <summary>
2020-04-02 10:36:18,357 INFO o.a.j.e.StandardJMeterEngine: Running the test!
2020-04-02 10:36:18,360 INFO o.a.j.s.SampleEvent: List of sample_variables: []
2020-04-02 10:36:18,360 INFO o.a.j.s.SampleEvent: List of sample_variables: []
2020-04-02 10:36:18,375 INFO o.a.j.e.u.CompoundVariable: Note: Function class names must contain the string: '.functions.'
2020-04-02 10:36:18,375 INFO o.a.j.e.u.CompoundVariable: Note: Function class names must not contain the string: '.gui.'
2020-04-02 10:36:19,287 INFO o.a.j.JMeter: Running test (1585816579287)
2020-04-02 10:36:19,426 INFO o.a.j.e.StandardJMeterEngine: Starting ThreadGroup: 1 : Grupo De Hilos
2020-04-02 10:36:19,426 INFO o.a.j.e.StandardJMeterEngine: Starting 150 threads for group Grupo De Hilos.
2020-04-02 10:36:19,427 INFO o.a.j.e.StandardJMeterEngine: Thread will continue on error
2020-04-02 10:36:19,427 INFO o.a.j.t.ThreadGroup: Starting thread group... number=1 threads=150 ramp-up=60 delayedStart=false
2020-04-02 10:36:19,474 INFO o.a.j.t.JMeterThread: Thread started: Grupo De Hilos 1-1
2020-04-02 10:36:19,538 INFO o.a.j.p.h.s.HTTPHCAbstractImpl: Local host = hylianpablo
2020-04-02 10:36:19,560 INFO o.a.j.p.h.s.HTTPHC4Impl: HTTP request retry count = 0
2020-04-02 10:36:19,565 INFO o.a.j.s.SampleResult: Note: Sample TimeStamps are START times
2020-04-02 10:36:19,565 INFO o.a.j.s.SampleResult: sampleresult.default.encoding is set to ISO-8859-1
2020-04-02 10:36:19,566 INFO o.a.j.s.SampleResult: sampleresult.useNanoTime=true
2020-04-02 10:36:19,566 INFO o.a.j.s.SampleResult: sampleresult.nanoThreadSleep=5000
2020-04-02 10:36:19,692 INFO o.a.j.t.ThreadGroup: Started thread group number 1
2020-04-02 10:36:19,692 INFO o.a.j.e.StandardJMeterEngine: All thread groups have been started
2020-04-02 10:36:19,864 INFO o.a.j.t.JMeterThread: Thread started: Grupo De Hilos 1-2
2020-04-02 10:36:20,264 INFO o.a.j.t.JMeterThread: Thread started: Grupo De Hilos 1-3
2020-04-02 10:36:20,662 INFO o.a.j.t.JMeterThread: Thread started: Grupo De Hilos 1-4
2020-04-02 10:36:21,034 INFO o.a.j.t.JMeterThread: Thread started: Grupo De Hilos 1-5
2020-04-02 10:36:21,433 INFO o.a.j.t.JMeterThread: Thread started: Grupo De Hilos 1-6
2020-04-02 10:36:21,830 INFO o.a.j.t.JMeterThread: Thread started: Grupo De Hilos 1-7
2020-04-02 10:36:22,231 INFO o.a.j.t.JMeterThread: Thread started: Grupo De Hilos 1-8
2020-04-02 10:36:22,629 INFO o.a.j.t.JMeterThread: Thread started: Grupo De Hilos 1-9
2020-04-02 10:36:23,031 INFO o.a.j.t.JMeterThread: Thread started: Grupo De Hilos 1-10
2020-04-02 10:36:23,432 INFO o.a.j.t.JMeterThread: Thread started: Grupo De Hilos 1-11
2020-04-02 10:36:23,831 INFO o.a.j.t.JMeterThread: Thread started: Grupo De Hilos 1-12
2020-04-02 10:36:24,230 INFO o.a.j.t.JMeterThread: Thread started: Grupo De Hilos 1-13
2020-04-02 10:36:24,636 INFO o.a.j.t.JMeterThread: Thread started: Grupo De Hilos 1-14
2020-04-02 10:36:25,033 INFO o.a.j.t.JMeterThread: Thread started: Grupo De Hilos 1-15
2020-04-02 10:36:25,432 INFO o.a.j.t.JMeterThread: Thread started: Grupo De Hilos 1-16
2020-04-02 10:36:25,833 INFO o.a.j.t.JMeterThread: Thread started: Grupo De Hilos 1-17
2020-04-02 10:36:26,231 INFO o.a.j.t.JMeterThread: Thread started: Grupo De Hilos 1-18
2020-04-02 10:36:26,629 INFO o.a.j.t.JMeterThread: Thread started: Grupo De Hilos 1-19
2020-04-02 10:36:27,034 INFO o.a.j.t.JMeterThread: Thread started: Grupo De Hilos 1-20
2020-04-02 10:36:27,430 INFO o.a.j.t.JMeterThread: Thread started: Grupo De Hilos 1-21
2020-04-02 10:36:27,830 INFO o.a.j.t.JMeterThread: Thread started: Grupo De Hilos 1-22
2020-04-02 10:36:28,235 INFO o.a.j.t.JMeterThread: Thread started: Grupo De Hilos 1-23
2020-04-02 10:36:28,631 INFO o.a.j.t.JMeterThread: Thread started: Grupo De Hilos 1-24
2020-04-02 10:36:29,031 INFO o.a.j.t.JMeterThread: Thread started: Grupo De Hilos 1-25
2020-04-02 10:36:29,434 INFO o.a.j.t.JMeterThread: Thread started: Grupo De Hilos 1-26
2020-04-02 10:36:29,829 INFO o.a.j.t.JMeterThread: Thread started: Grupo De Hilos 1-27
2020-04-02 10:36:30,007 INFO o.a.j.r.Summariser: summary +   6057 in 00:00:11 =  565.3/s Avg:    23 Min:    15 Max:   125 Err:     0 (0.00%) Active: 27 Started: 27 Finished: 0
2020-04-02 10:36:30,229 INFO o.a.j.t.JMeterThread: Thread started: Grupo De Hilos 1-28
2020-04-02 10:36:30,630 INFO o.a.j.t.JMeterThread: Thread started: Grupo De Hilos 1-29
2020-04-02 10:36:31,031 INFO o.a.j.t.JMeterThread: Thread started: Grupo De Hilos 1-30
2020-04-02 10:36:31,441 INFO o.a.j.t.JMeterThread: Thread started: Grupo De Hilos 1-31
2020-04-02 10:36:31,830 INFO o.a.j.t.JMeterThread: Thread started: Grupo De Hilos 1-32
2020-04-02 10:36:32,229 INFO o.a.j.t.JMeterThread: Thread started: Grupo De Hilos 1-33
2020-04-02 10:36:32,631 INFO o.a.j.t.JMeterThread: Thread started: Grupo De Hilos 1-34
2020-04-02 10:36:33,033 INFO o.a.j.t.JMeterThread: Thread started: Grupo De Hilos 1-35
2020-04-02 10:36:33,429 INFO o.a.j.t.JMeterThread: Thread started: Grupo De Hilos 1-36
2020-04-02 10:36:33,830 INFO o.a.j.t.JMeterThread: Thread started: Grupo De Hilos 1-37
2020-04-02 10:36:34,240 INFO o.a.j.t.JMeterThread: Thread started: Grupo De Hilos 1-38
2020-04-02 10:36:34,629 INFO o.a.j.t.JMeterThread: Thread started: Grupo De Hilos 1-39
2020-04-02 10:36:35,030 INFO o.a.j.t.JMeterThread: Thread started: Grupo De Hilos 1-40
2020-04-02 10:36:35,434 INFO o.a.j.t.JMeterThread: Thread started: Grupo De Hilos 1-41
2020-04-02 10:36:35,830 INFO o.a.j.t.JMeterThread: Thread started: Grupo De Hilos 1-42
2020-04-02 10:36:36,229 INFO o.a.j.t.JMeterThread: Thread started: Grupo De Hilos 1-43
2020-04-02 10:36:36,630 INFO o.a.j.t.JMeterThread: Thread started: Grupo De Hilos 1-44
2020-04-02 10:36:37,029 INFO o.a.j.t.JMeterThread: Thread started: Grupo De Hilos 1-45
2020-04-02 10:36:37,430 INFO o.a.j.t.JMeterThread: Thread started: Grupo De Hilos 1-46
2020-04-02 10:36:37,833 INFO o.a.j.t.JMeterThread: Thread started: Grupo De Hilos 1-47
2020-04-02 10:36:38,230 INFO o.a.j.t.JMeterThread: Thread started: Grupo De Hilos 1-48
2020-04-02 10:36:38,630 INFO o.a.j.t.JMeterThread: Thread started: Grupo De Hilos 1-49
2020-04-02 10:36:39,031 INFO o.a.j.t.JMeterThread: Thread started: Grupo De Hilos 1-50
2020-04-02 10:36:39,431 INFO o.a.j.t.JMeterThread: Thread started: Grupo De Hilos 1-51
2020-04-02 10:36:39,830 INFO o.a.j.t.JMeterThread: Thread started: Grupo De Hilos 1-52
2020-04-02 10:36:40,230 INFO o.a.j.t.JMeterThread: Thread started: Grupo De Hilos 1-53
2020-04-02 10:36:40,630 INFO o.a.j.t.JMeterThread: Thread started: Grupo De Hilos 1-54
2020-04-02 10:36:41,030 INFO o.a.j.t.JMeterThread: Thread started: Grupo De Hilos 1-55
2020-04-02 10:36:41,431 INFO o.a.j.t.JMeterThread: Thread started: Grupo De Hilos 1-56
2020-04-02 10:36:41,829 INFO o.a.j.t.JMeterThread: Thread started: Grupo De Hilos 1-57
2020-04-02 10:36:42,229 INFO o.a.j.t.JMeterThread: Thread started: Grupo De Hilos 1-58
2020-04-02 10:36:42,630 INFO o.a.j.t.JMeterThread: Thread started: Grupo De Hilos 1-59
2020-04-02 10:36:43,029 INFO o.a.j.t.JMeterThread: Thread started: Grupo De Hilos 1-60
2020-04-02 10:36:43,429 INFO o.a.j.t.JMeterThread: Thread started: Grupo De Hilos 1-61
2020-04-02 10:36:43,828 INFO o.a.j.t.JMeterThread: Thread started: Grupo De Hilos 1-62
2020-04-02 10:36:44,229 INFO o.a.j.t.JMeterThread: Thread started: Grupo De Hilos 1-63
2020-04-02 10:36:44,630 INFO o.a.j.t.JMeterThread: Thread started: Grupo De Hilos 1-64
2020-04-02 10:36:45,036 INFO o.a.j.t.JMeterThread: Thread started: Grupo De Hilos 1-65
2020-04-02 10:36:45,431 INFO o.a.j.t.JMeterThread: Thread started: Grupo De Hilos 1-66
2020-04-02 10:36:45,829 INFO o.a.j.t.JMeterThread: Thread started: Grupo De Hilos 1-67
2020-04-02 10:36:46,230 INFO o.a.j.t.JMeterThread: Thread started: Grupo De Hilos 1-68
2020-04-02 10:36:46,629 INFO o.a.j.t.JMeterThread: Thread started: Grupo De Hilos 1-69
2020-04-02 10:36:47,029 INFO o.a.j.t.JMeterThread: Thread started: Grupo De Hilos 1-70
2020-04-02 10:36:47,431 INFO o.a.j.t.JMeterThread: Thread started: Grupo De Hilos 1-71
2020-04-02 10:36:47,830 INFO o.a.j.t.JMeterThread: Thread started: Grupo De Hilos 1-72
2020-04-02 10:36:48,229 INFO o.a.j.t.JMeterThread: Thread started: Grupo De Hilos 1-73
2020-04-02 10:36:48,629 INFO o.a.j.t.JMeterThread: Thread started: Grupo De Hilos 1-74
2020-04-02 10:36:49,029 INFO o.a.j.t.JMeterThread: Thread started: Grupo De Hilos 1-75
2020-04-02 10:36:49,431 INFO o.a.j.t.JMeterThread: Thread started: Grupo De Hilos 1-76
2020-04-02 10:36:49,831 INFO o.a.j.t.JMeterThread: Thread started: Grupo De Hilos 1-77
2020-04-02 10:36:50,229 INFO o.a.j.t.JMeterThread: Thread started: Grupo De Hilos 1-78
2020-04-02 10:36:50,629 INFO o.a.j.t.JMeterThread: Thread started: Grupo De Hilos 1-79
2020-04-02 10:36:51,029 INFO o.a.j.t.JMeterThread: Thread started: Grupo De Hilos 1-80
2020-04-02 10:36:51,430 INFO o.a.j.t.JMeterThread: Thread started: Grupo De Hilos 1-81
2020-04-02 10:36:51,830 INFO o.a.j.t.JMeterThread: Thread started: Grupo De Hilos 1-82
2020-04-02 10:36:52,230 INFO o.a.j.t.JMeterThread: Thread started: Grupo De Hilos 1-83
2020-04-02 10:36:52,630 INFO o.a.j.t.JMeterThread: Thread started: Grupo De Hilos 1-84
2020-04-02 10:36:53,030 INFO o.a.j.t.JMeterThread: Thread started: Grupo De Hilos 1-85
2020-04-02 10:36:53,430 INFO o.a.j.t.JMeterThread: Thread started: Grupo De Hilos 1-86
2020-04-02 10:36:53,829 INFO o.a.j.t.JMeterThread: Thread started: Grupo De Hilos 1-87
2020-04-02 10:36:54,229 INFO o.a.j.t.JMeterThread: Thread started: Grupo De Hilos 1-88
2020-04-02 10:36:54,629 INFO o.a.j.t.JMeterThread: Thread started: Grupo De Hilos 1-89
2020-04-02 10:36:55,040 INFO o.a.j.t.JMeterThread: Thread started: Grupo De Hilos 1-90
2020-04-02 10:36:55,442 INFO o.a.j.t.JMeterThread: Thread started: Grupo De Hilos 1-91
2020-04-02 10:36:55,835 INFO o.a.j.t.JMeterThread: Thread started: Grupo De Hilos 1-92
2020-04-02 10:36:56,230 INFO o.a.j.t.JMeterThread: Thread started: Grupo De Hilos 1-93
2020-04-02 10:36:56,635 INFO o.a.j.t.JMeterThread: Thread started: Grupo De Hilos 1-94
2020-04-02 10:36:57,031 INFO o.a.j.t.JMeterThread: Thread started: Grupo De Hilos 1-95
2020-04-02 10:36:57,432 INFO o.a.j.t.JMeterThread: Thread started: Grupo De Hilos 1-96
2020-04-02 10:36:57,830 INFO o.a.j.t.JMeterThread: Thread started: Grupo De Hilos 1-97
2020-04-02 10:36:58,233 INFO o.a.j.t.JMeterThread: Thread started: Grupo De Hilos 1-98
2020-04-02 10:36:58,633 INFO o.a.j.t.JMeterThread: Thread started: Grupo De Hilos 1-99
2020-04-02 10:36:59,033 INFO o.a.j.t.JMeterThread: Thread started: Grupo De Hilos 1-100
2020-04-02 10:36:59,429 INFO o.a.j.t.JMeterThread: Thread started: Grupo De Hilos 1-101
2020-04-02 10:36:59,830 INFO o.a.j.t.JMeterThread: Thread started: Grupo De Hilos 1-102
2020-04-02 10:37:00,002 INFO o.a.j.r.Summariser: summary +  55969 in 00:00:30 = 1865.7/s Avg:    34 Min:    15 Max:   228 Err:     0 (0.00%) Active: 102 Started: 102 Finished: 0
2020-04-02 10:37:00,003 INFO o.a.j.r.Summariser: summary =  62026 in 00:00:41 = 1523.5/s Avg:    33 Min:    15 Max:   228 Err:     0 (0.00%)
2020-04-02 10:37:00,230 INFO o.a.j.t.JMeterThread: Thread started: Grupo De Hilos 1-103
2020-04-02 10:37:00,630 INFO o.a.j.t.JMeterThread: Thread started: Grupo De Hilos 1-104
2020-04-02 10:37:01,030 INFO o.a.j.t.JMeterThread: Thread started: Grupo De Hilos 1-105
2020-04-02 10:37:01,430 INFO o.a.j.t.JMeterThread: Thread started: Grupo De Hilos 1-106
2020-04-02 10:37:01,831 INFO o.a.j.t.JMeterThread: Thread started: Grupo De Hilos 1-107
2020-04-02 10:37:02,231 INFO o.a.j.t.JMeterThread: Thread started: Grupo De Hilos 1-108
2020-04-02 10:37:02,631 INFO o.a.j.t.JMeterThread: Thread started: Grupo De Hilos 1-109
2020-04-02 10:37:03,029 INFO o.a.j.t.JMeterThread: Thread started: Grupo De Hilos 1-110
2020-04-02 10:37:03,430 INFO o.a.j.t.JMeterThread: Thread started: Grupo De Hilos 1-111
2020-04-02 10:37:03,830 INFO o.a.j.t.JMeterThread: Thread started: Grupo De Hilos 1-112
2020-04-02 10:37:04,229 INFO o.a.j.t.JMeterThread: Thread started: Grupo De Hilos 1-113
2020-04-02 10:37:04,629 INFO o.a.j.t.JMeterThread: Thread started: Grupo De Hilos 1-114
2020-04-02 10:37:05,029 INFO o.a.j.t.JMeterThread: Thread started: Grupo De Hilos 1-115
2020-04-02 10:37:05,433 INFO o.a.j.t.JMeterThread: Thread started: Grupo De Hilos 1-116
2020-04-02 10:37:05,830 INFO o.a.j.t.JMeterThread: Thread started: Grupo De Hilos 1-117
2020-04-02 10:37:06,231 INFO o.a.j.t.JMeterThread: Thread started: Grupo De Hilos 1-118
2020-04-02 10:37:06,632 INFO o.a.j.t.JMeterThread: Thread started: Grupo De Hilos 1-119
2020-04-02 10:37:07,031 INFO o.a.j.t.JMeterThread: Thread started: Grupo De Hilos 1-120
2020-04-02 10:37:07,430 INFO o.a.j.t.JMeterThread: Thread started: Grupo De Hilos 1-121
2020-04-02 10:37:07,830 INFO o.a.j.t.JMeterThread: Thread started: Grupo De Hilos 1-122
2020-04-02 10:37:08,229 INFO o.a.j.t.JMeterThread: Thread started: Grupo De Hilos 1-123
2020-04-02 10:37:08,640 INFO o.a.j.t.JMeterThread: Thread started: Grupo De Hilos 1-124
2020-04-02 10:37:09,043 INFO o.a.j.t.JMeterThread: Thread started: Grupo De Hilos 1-125
2020-04-02 10:37:09,439 INFO o.a.j.t.JMeterThread: Thread started: Grupo De Hilos 1-126
2020-04-02 10:37:09,837 INFO o.a.j.t.JMeterThread: Thread started: Grupo De Hilos 1-127
2020-04-02 10:37:10,241 INFO o.a.j.t.JMeterThread: Thread started: Grupo De Hilos 1-128
2020-04-02 10:37:10,634 INFO o.a.j.t.JMeterThread: Thread started: Grupo De Hilos 1-129
2020-04-02 10:37:11,035 INFO o.a.j.t.JMeterThread: Thread started: Grupo De Hilos 1-130
2020-04-02 10:37:11,433 INFO o.a.j.t.JMeterThread: Thread started: Grupo De Hilos 1-131
2020-04-02 10:37:11,832 INFO o.a.j.t.JMeterThread: Thread started: Grupo De Hilos 1-132
2020-04-02 10:37:12,232 INFO o.a.j.t.JMeterThread: Thread started: Grupo De Hilos 1-133
2020-04-02 10:37:12,630 INFO o.a.j.t.JMeterThread: Thread started: Grupo De Hilos 1-134
2020-04-02 10:37:13,029 INFO o.a.j.t.JMeterThread: Thread started: Grupo De Hilos 1-135
2020-04-02 10:37:13,429 INFO o.a.j.t.JMeterThread: Thread started: Grupo De Hilos 1-136
2020-04-02 10:37:13,830 INFO o.a.j.t.JMeterThread: Thread started: Grupo De Hilos 1-137
2020-04-02 10:37:14,231 INFO o.a.j.t.JMeterThread: Thread started: Grupo De Hilos 1-138
2020-04-02 10:37:14,630 INFO o.a.j.t.JMeterThread: Thread started: Grupo De Hilos 1-139
2020-04-02 10:37:15,031 INFO o.a.j.t.JMeterThread: Thread started: Grupo De Hilos 1-140
2020-04-02 10:37:15,430 INFO o.a.j.t.JMeterThread: Thread started: Grupo De Hilos 1-141
2020-04-02 10:37:15,830 INFO o.a.j.t.JMeterThread: Thread started: Grupo De Hilos 1-142
2020-04-02 10:37:16,231 INFO o.a.j.t.JMeterThread: Thread started: Grupo De Hilos 1-143
2020-04-02 10:37:16,629 INFO o.a.j.t.JMeterThread: Thread started: Grupo De Hilos 1-144
2020-04-02 10:37:17,032 INFO o.a.j.t.JMeterThread: Thread started: Grupo De Hilos 1-145
2020-04-02 10:37:17,431 INFO o.a.j.t.JMeterThread: Thread started: Grupo De Hilos 1-146
2020-04-02 10:37:17,829 INFO o.a.j.t.JMeterThread: Thread started: Grupo De Hilos 1-147
2020-04-02 10:37:18,228 INFO o.a.j.t.JMeterThread: Thread started: Grupo De Hilos 1-148
2020-04-02 10:37:18,628 INFO o.a.j.t.JMeterThread: Thread started: Grupo De Hilos 1-149
2020-04-02 10:37:19,029 INFO o.a.j.t.JMeterThread: Thread started: Grupo De Hilos 1-150
2020-04-02 10:37:30,006 INFO o.a.j.r.Summariser: summary +  60075 in 00:00:30 = 2002.3/s Avg:    66 Min:    23 Max:   300 Err:     0 (0.00%) Active: 150 Started: 150 Finished: 0
2020-04-02 10:37:30,007 INFO o.a.j.r.Summariser: summary = 122101 in 00:01:11 = 1726.6/s Avg:    49 Min:    15 Max:   300 Err:     0 (0.00%)
2020-04-02 10:38:00,005 INFO o.a.j.r.Summariser: summary +  48812 in 00:00:30 = 1627.1/s Avg:    92 Min:    31 Max:   397 Err:     0 (0.00%) Active: 150 Started: 150 Finished: 0
2020-04-02 10:38:00,006 INFO o.a.j.r.Summariser: summary = 170913 in 00:01:41 = 1697.0/s Avg:    61 Min:    15 Max:   397 Err:     0 (0.00%)
2020-04-02 10:38:30,004 INFO o.a.j.r.Summariser: summary +  54758 in 00:00:30 = 1825.3/s Avg:    82 Min:    27 Max:   511 Err:     0 (0.00%) Active: 150 Started: 150 Finished: 0
2020-04-02 10:38:30,005 INFO o.a.j.r.Summariser: summary = 225671 in 00:02:11 = 1726.4/s Avg:    66 Min:    15 Max:   511 Err:     0 (0.00%)
2020-04-02 10:39:00,002 INFO o.a.j.r.Summariser: summary +  54219 in 00:00:30 = 1807.5/s Avg:    82 Min:    21 Max:   291 Err:     0 (0.00%) Active: 150 Started: 150 Finished: 0
2020-04-02 10:39:00,003 INFO o.a.j.r.Summariser: summary = 279890 in 00:02:41 = 1741.6/s Avg:    69 Min:    15 Max:   511 Err:     0 (0.00%)
2020-04-02 10:39:30,089 INFO o.a.j.r.Summariser: summary +  50213 in 00:00:30 = 1668.9/s Avg:    89 Min:    26 Max:   309 Err:     0 (0.00%) Active: 150 Started: 150 Finished: 0
2020-04-02 10:39:30,090 INFO o.a.j.r.Summariser: summary = 330103 in 00:03:11 = 1730.1/s Avg:    72 Min:    15 Max:   511 Err:     0 (0.00%)
2020-04-02 10:40:00,000 INFO o.a.j.r.Summariser: summary +  53848 in 00:00:30 = 1800.2/s Avg:    83 Min:    23 Max:  1240 Err:     0 (0.00%) Active: 150 Started: 150 Finished: 0
2020-04-02 10:40:00,002 INFO o.a.j.r.Summariser: summary = 383951 in 00:03:41 = 1739.6/s Avg:    74 Min:    15 Max:  1240 Err:     0 (0.00%)
2020-04-02 10:40:30,008 INFO o.a.j.r.Summariser: summary +  58413 in 00:00:30 = 1946.6/s Avg:    76 Min:    27 Max:   407 Err:     0 (0.00%) Active: 150 Started: 150 Finished: 0
2020-04-02 10:40:30,008 INFO o.a.j.r.Summariser: summary = 442364 in 00:04:11 = 1764.4/s Avg:    74 Min:    15 Max:  1240 Err:     0 (0.00%)
2020-04-02 10:41:00,004 INFO o.a.j.r.Summariser: summary +  56558 in 00:00:30 = 1885.5/s Avg:    79 Min:    25 Max:   265 Err:     0 (0.00%) Active: 150 Started: 150 Finished: 0
2020-04-02 10:41:00,006 INFO o.a.j.r.Summariser: summary = 498922 in 00:04:41 = 1777.3/s Avg:    75 Min:    15 Max:  1240 Err:     0 (0.00%)
2020-04-02 10:41:19,447 INFO o.a.j.t.JMeterThread: Stopping because end time detected by thread: Grupo De Hilos 1-4
2020-04-02 10:41:19,447 INFO o.a.j.t.JMeterThread: Thread finished: Grupo De Hilos 1-4
2020-04-02 10:41:19,463 INFO o.a.j.t.JMeterThread: Stopping because end time detected by thread: Grupo De Hilos 1-2
2020-04-02 10:41:19,465 INFO o.a.j.t.JMeterThread: Thread finished: Grupo De Hilos 1-2
2020-04-02 10:41:19,472 INFO o.a.j.t.JMeterThread: Stopping because end time detected by thread: Grupo De Hilos 1-3
2020-04-02 10:41:19,473 INFO o.a.j.t.JMeterThread: Thread finished: Grupo De Hilos 1-3
2020-04-02 10:41:19,490 INFO o.a.j.t.JMeterThread: Stopping because end time detected by thread: Grupo De Hilos 1-13
2020-04-02 10:41:19,490 INFO o.a.j.t.JMeterThread: Thread finished: Grupo De Hilos 1-13
2020-04-02 10:41:19,496 INFO o.a.j.t.JMeterThread: Stopping because end time detected by thread: Grupo De Hilos 1-10
2020-04-02 10:41:19,496 INFO o.a.j.t.JMeterThread: Thread finished: Grupo De Hilos 1-10
2020-04-02 10:41:19,496 INFO o.a.j.t.JMeterThread: Stopping because end time detected by thread: Grupo De Hilos 1-11
2020-04-02 10:41:19,496 INFO o.a.j.t.JMeterThread: Thread finished: Grupo De Hilos 1-11
2020-04-02 10:41:19,504 INFO o.a.j.t.JMeterThread: Stopping because end time detected by thread: Grupo De Hilos 1-6
2020-04-02 10:41:19,504 INFO o.a.j.t.JMeterThread: Thread finished: Grupo De Hilos 1-6
2020-04-02 10:41:19,504 INFO o.a.j.t.JMeterThread: Stopping because end time detected by thread: Grupo De Hilos 1-12
2020-04-02 10:41:19,504 INFO o.a.j.t.JMeterThread: Thread finished: Grupo De Hilos 1-12
2020-04-02 10:41:19,504 INFO o.a.j.t.JMeterThread: Stopping because end time detected by thread: Grupo De Hilos 1-8
2020-04-02 10:41:19,505 INFO o.a.j.t.JMeterThread: Thread finished: Grupo De Hilos 1-8
2020-04-02 10:41:19,505 INFO o.a.j.t.JMeterThread: Stopping because end time detected by thread: Grupo De Hilos 1-18
2020-04-02 10:41:19,506 INFO o.a.j.t.JMeterThread: Thread finished: Grupo De Hilos 1-18
2020-04-02 10:41:19,509 INFO o.a.j.t.JMeterThread: Stopping because end time detected by thread: Grupo De Hilos 1-14
2020-04-02 10:41:19,509 INFO o.a.j.t.JMeterThread: Thread finished: Grupo De Hilos 1-14
2020-04-02 10:41:19,516 INFO o.a.j.t.JMeterThread: Stopping because end time detected by thread: Grupo De Hilos 1-7
2020-04-02 10:41:19,516 INFO o.a.j.t.JMeterThread: Thread finished: Grupo De Hilos 1-7
2020-04-02 10:41:19,517 INFO o.a.j.t.JMeterThread: Stopping because end time detected by thread: Grupo De Hilos 1-25
2020-04-02 10:41:19,517 INFO o.a.j.t.JMeterThread: Thread finished: Grupo De Hilos 1-25
2020-04-02 10:41:19,517 INFO o.a.j.t.JMeterThread: Stopping because end time detected by thread: Grupo De Hilos 1-1
2020-04-02 10:41:19,518 INFO o.a.j.t.JMeterThread: Thread finished: Grupo De Hilos 1-1
2020-04-02 10:41:19,521 INFO o.a.j.t.JMeterThread: Stopping because end time detected by thread: Grupo De Hilos 1-17
2020-04-02 10:41:19,521 INFO o.a.j.t.JMeterThread: Thread finished: Grupo De Hilos 1-17
2020-04-02 10:41:19,524 INFO o.a.j.t.JMeterThread: Stopping because end time detected by thread: Grupo De Hilos 1-30
2020-04-02 10:41:19,524 INFO o.a.j.t.JMeterThread: Thread finished: Grupo De Hilos 1-30
2020-04-02 10:41:19,525 INFO o.a.j.t.JMeterThread: Stopping because end time detected by thread: Grupo De Hilos 1-15
2020-04-02 10:41:19,524 INFO o.a.j.t.JMeterThread: Stopping because end time detected by thread: Grupo De Hilos 1-5
2020-04-02 10:41:19,525 INFO o.a.j.t.JMeterThread: Thread finished: Grupo De Hilos 1-15
2020-04-02 10:41:19,525 INFO o.a.j.t.JMeterThread: Thread finished: Grupo De Hilos 1-5
2020-04-02 10:41:19,526 INFO o.a.j.t.JMeterThread: Stopping because end time detected by thread: Grupo De Hilos 1-16
2020-04-02 10:41:19,526 INFO o.a.j.t.JMeterThread: Thread finished: Grupo De Hilos 1-16
2020-04-02 10:41:19,538 INFO o.a.j.t.JMeterThread: Stopping because end time detected by thread: Grupo De Hilos 1-19
2020-04-02 10:41:19,538 INFO o.a.j.t.JMeterThread: Stopping because end time detected by thread: Grupo De Hilos 1-33
2020-04-02 10:41:19,538 INFO o.a.j.t.JMeterThread: Thread finished: Grupo De Hilos 1-19
2020-04-02 10:41:19,539 INFO o.a.j.t.JMeterThread: Thread finished: Grupo De Hilos 1-33
2020-04-02 10:41:19,540 INFO o.a.j.t.JMeterThread: Stopping because end time detected by thread: Grupo De Hilos 1-39
2020-04-02 10:41:19,540 INFO o.a.j.t.JMeterThread: Stopping because end time detected by thread: Grupo De Hilos 1-40
2020-04-02 10:41:19,540 INFO o.a.j.t.JMeterThread: Thread finished: Grupo De Hilos 1-39
2020-04-02 10:41:19,540 INFO o.a.j.t.JMeterThread: Thread finished: Grupo De Hilos 1-40
2020-04-02 10:41:19,540 INFO o.a.j.t.JMeterThread: Stopping because end time detected by thread: Grupo De Hilos 1-29
2020-04-02 10:41:19,540 INFO o.a.j.t.JMeterThread: Thread finished: Grupo De Hilos 1-29
2020-04-02 10:41:19,542 INFO o.a.j.t.JMeterThread: Stopping because end time detected by thread: Grupo De Hilos 1-38
2020-04-02 10:41:19,542 INFO o.a.j.t.JMeterThread: Stopping because end time detected by thread: Grupo De Hilos 1-36
2020-04-02 10:41:19,542 INFO o.a.j.t.JMeterThread: Stopping because end time detected by thread: Grupo De Hilos 1-9
2020-04-02 10:41:19,542 INFO o.a.j.t.JMeterThread: Thread finished: Grupo De Hilos 1-38
2020-04-02 10:41:19,542 INFO o.a.j.t.JMeterThread: Thread finished: Grupo De Hilos 1-36
2020-04-02 10:41:19,542 INFO o.a.j.t.JMeterThread: Thread finished: Grupo De Hilos 1-9
2020-04-02 10:41:19,544 INFO o.a.j.t.JMeterThread: Stopping because end time detected by thread: Grupo De Hilos 1-31
2020-04-02 10:41:19,544 INFO o.a.j.t.JMeterThread: Stopping because end time detected by thread: Grupo De Hilos 1-21
2020-04-02 10:41:19,544 INFO o.a.j.t.JMeterThread: Thread finished: Grupo De Hilos 1-31
2020-04-02 10:41:19,544 INFO o.a.j.t.JMeterThread: Thread finished: Grupo De Hilos 1-21
2020-04-02 10:41:19,546 INFO o.a.j.t.JMeterThread: Stopping because end time detected by thread: Grupo De Hilos 1-43
2020-04-02 10:41:19,546 INFO o.a.j.t.JMeterThread: Thread finished: Grupo De Hilos 1-43
2020-04-02 10:41:19,547 INFO o.a.j.t.JMeterThread: Stopping because end time detected by thread: Grupo De Hilos 1-46
2020-04-02 10:41:19,547 INFO o.a.j.t.JMeterThread: Thread finished: Grupo De Hilos 1-46
2020-04-02 10:41:19,547 INFO o.a.j.t.JMeterThread: Stopping because end time detected by thread: Grupo De Hilos 1-22
2020-04-02 10:41:19,547 INFO o.a.j.t.JMeterThread: Thread finished: Grupo De Hilos 1-22
2020-04-02 10:41:19,562 INFO o.a.j.t.JMeterThread: Stopping because end time detected by thread: Grupo De Hilos 1-44
2020-04-02 10:41:19,562 INFO o.a.j.t.JMeterThread: Stopping because end time detected by thread: Grupo De Hilos 1-52
2020-04-02 10:41:19,562 INFO o.a.j.t.JMeterThread: Thread finished: Grupo De Hilos 1-52
2020-04-02 10:41:19,563 INFO o.a.j.t.JMeterThread: Stopping because end time detected by thread: Grupo De Hilos 1-54
2020-04-02 10:41:19,563 INFO o.a.j.t.JMeterThread: Stopping because end time detected by thread: Grupo De Hilos 1-48
2020-04-02 10:41:19,563 INFO o.a.j.t.JMeterThread: Stopping because end time detected by thread: Grupo De Hilos 1-61
2020-04-02 10:41:19,563 INFO o.a.j.t.JMeterThread: Thread finished: Grupo De Hilos 1-48
2020-04-02 10:41:19,563 INFO o.a.j.t.JMeterThread: Thread finished: Grupo De Hilos 1-61
2020-04-02 10:41:19,563 INFO o.a.j.t.JMeterThread: Thread finished: Grupo De Hilos 1-54
2020-04-02 10:41:19,563 INFO o.a.j.t.JMeterThread: Stopping because end time detected by thread: Grupo De Hilos 1-37
2020-04-02 10:41:19,564 INFO o.a.j.t.JMeterThread: Thread finished: Grupo De Hilos 1-37
2020-04-02 10:41:19,564 INFO o.a.j.t.JMeterThread: Stopping because end time detected by thread: Grupo De Hilos 1-20
2020-04-02 10:41:19,564 INFO o.a.j.t.JMeterThread: Thread finished: Grupo De Hilos 1-20
2020-04-02 10:41:19,564 INFO o.a.j.t.JMeterThread: Stopping because end time detected by thread: Grupo De Hilos 1-24
2020-04-02 10:41:19,565 INFO o.a.j.t.JMeterThread: Thread finished: Grupo De Hilos 1-24
2020-04-02 10:41:19,565 INFO o.a.j.t.JMeterThread: Stopping because end time detected by thread: Grupo De Hilos 1-42
2020-04-02 10:41:19,565 INFO o.a.j.t.JMeterThread: Thread finished: Grupo De Hilos 1-42
2020-04-02 10:41:19,565 INFO o.a.j.t.JMeterThread: Stopping because end time detected by thread: Grupo De Hilos 1-28
2020-04-02 10:41:19,566 INFO o.a.j.t.JMeterThread: Thread finished: Grupo De Hilos 1-28
2020-04-02 10:41:19,566 INFO o.a.j.t.JMeterThread: Stopping because end time detected by thread: Grupo De Hilos 1-51
2020-04-02 10:41:19,567 INFO o.a.j.t.JMeterThread: Thread finished: Grupo De Hilos 1-51
2020-04-02 10:41:19,567 INFO o.a.j.t.JMeterThread: Stopping because end time detected by thread: Grupo De Hilos 1-26
2020-04-02 10:41:19,567 INFO o.a.j.t.JMeterThread: Stopping because end time detected by thread: Grupo De Hilos 1-64
2020-04-02 10:41:19,567 INFO o.a.j.t.JMeterThread: Thread finished: Grupo De Hilos 1-26
2020-04-02 10:41:19,562 INFO o.a.j.t.JMeterThread: Thread finished: Grupo De Hilos 1-44
2020-04-02 10:41:19,568 INFO o.a.j.t.JMeterThread: Stopping because end time detected by thread: Grupo De Hilos 1-32
2020-04-02 10:41:19,568 INFO o.a.j.t.JMeterThread: Thread finished: Grupo De Hilos 1-64
2020-04-02 10:41:19,568 INFO o.a.j.t.JMeterThread: Thread finished: Grupo De Hilos 1-32
2020-04-02 10:41:19,568 INFO o.a.j.t.JMeterThread: Stopping because end time detected by thread: Grupo De Hilos 1-23
2020-04-02 10:41:19,568 INFO o.a.j.t.JMeterThread: Thread finished: Grupo De Hilos 1-23
2020-04-02 10:41:19,569 INFO o.a.j.t.JMeterThread: Stopping because end time detected by thread: Grupo De Hilos 1-27
2020-04-02 10:41:19,569 INFO o.a.j.t.JMeterThread: Thread finished: Grupo De Hilos 1-27
2020-04-02 10:41:19,575 INFO o.a.j.t.JMeterThread: Stopping because end time detected by thread: Grupo De Hilos 1-71
2020-04-02 10:41:19,575 INFO o.a.j.t.JMeterThread: Thread finished: Grupo De Hilos 1-71
2020-04-02 10:41:19,581 INFO o.a.j.t.JMeterThread: Stopping because end time detected by thread: Grupo De Hilos 1-73
2020-04-02 10:41:19,581 INFO o.a.j.t.JMeterThread: Thread finished: Grupo De Hilos 1-73
2020-04-02 10:41:19,581 INFO o.a.j.t.JMeterThread: Stopping because end time detected by thread: Grupo De Hilos 1-62
2020-04-02 10:41:19,581 INFO o.a.j.t.JMeterThread: Thread finished: Grupo De Hilos 1-62
2020-04-02 10:41:19,582 INFO o.a.j.t.JMeterThread: Stopping because end time detected by thread: Grupo De Hilos 1-34
2020-04-02 10:41:19,582 INFO o.a.j.t.JMeterThread: Thread finished: Grupo De Hilos 1-34
2020-04-02 10:41:19,582 INFO o.a.j.t.JMeterThread: Stopping because end time detected by thread: Grupo De Hilos 1-59
2020-04-02 10:41:19,582 INFO o.a.j.t.JMeterThread: Thread finished: Grupo De Hilos 1-59
2020-04-02 10:41:19,585 INFO o.a.j.t.JMeterThread: Stopping because end time detected by thread: Grupo De Hilos 1-60
2020-04-02 10:41:19,586 INFO o.a.j.t.JMeterThread: Thread finished: Grupo De Hilos 1-60
2020-04-02 10:41:19,586 INFO o.a.j.t.JMeterThread: Stopping because end time detected by thread: Grupo De Hilos 1-69
2020-04-02 10:41:19,586 INFO o.a.j.t.JMeterThread: Thread finished: Grupo De Hilos 1-69
2020-04-02 10:41:19,586 INFO o.a.j.t.JMeterThread: Stopping because end time detected by thread: Grupo De Hilos 1-45
2020-04-02 10:41:19,586 INFO o.a.j.t.JMeterThread: Thread finished: Grupo De Hilos 1-45
2020-04-02 10:41:19,587 INFO o.a.j.t.JMeterThread: Stopping because end time detected by thread: Grupo De Hilos 1-41
2020-04-02 10:41:19,587 INFO o.a.j.t.JMeterThread: Stopping because end time detected by thread: Grupo De Hilos 1-63
2020-04-02 10:41:19,587 INFO o.a.j.t.JMeterThread: Stopping because end time detected by thread: Grupo De Hilos 1-35
2020-04-02 10:41:19,587 INFO o.a.j.t.JMeterThread: Thread finished: Grupo De Hilos 1-41
2020-04-02 10:41:19,587 INFO o.a.j.t.JMeterThread: Thread finished: Grupo De Hilos 1-63
2020-04-02 10:41:19,587 INFO o.a.j.t.JMeterThread: Thread finished: Grupo De Hilos 1-35
2020-04-02 10:41:19,587 INFO o.a.j.t.JMeterThread: Stopping because end time detected by thread: Grupo De Hilos 1-83
2020-04-02 10:41:19,587 INFO o.a.j.t.JMeterThread: Thread finished: Grupo De Hilos 1-83
2020-04-02 10:41:19,590 INFO o.a.j.t.JMeterThread: Stopping because end time detected by thread: Grupo De Hilos 1-47
2020-04-02 10:41:19,590 INFO o.a.j.t.JMeterThread: Stopping because end time detected by thread: Grupo De Hilos 1-82
2020-04-02 10:41:19,590 INFO o.a.j.t.JMeterThread: Thread finished: Grupo De Hilos 1-47
2020-04-02 10:41:19,590 INFO o.a.j.t.JMeterThread: Thread finished: Grupo De Hilos 1-82
2020-04-02 10:41:19,591 INFO o.a.j.t.JMeterThread: Stopping because end time detected by thread: Grupo De Hilos 1-56
2020-04-02 10:41:19,591 INFO o.a.j.t.JMeterThread: Thread finished: Grupo De Hilos 1-56
2020-04-02 10:41:19,590 INFO o.a.j.t.JMeterThread: Stopping because end time detected by thread: Grupo De Hilos 1-58
2020-04-02 10:41:19,591 INFO o.a.j.t.JMeterThread: Stopping because end time detected by thread: Grupo De Hilos 1-84
2020-04-02 10:41:19,592 INFO o.a.j.t.JMeterThread: Thread finished: Grupo De Hilos 1-84
2020-04-02 10:41:19,592 INFO o.a.j.t.JMeterThread: Stopping because end time detected by thread: Grupo De Hilos 1-81
2020-04-02 10:41:19,592 INFO o.a.j.t.JMeterThread: Thread finished: Grupo De Hilos 1-81
2020-04-02 10:41:19,592 INFO o.a.j.t.JMeterThread: Stopping because end time detected by thread: Grupo De Hilos 1-53
2020-04-02 10:41:19,592 INFO o.a.j.t.JMeterThread: Thread finished: Grupo De Hilos 1-58
2020-04-02 10:41:19,592 INFO o.a.j.t.JMeterThread: Thread finished: Grupo De Hilos 1-53
2020-04-02 10:41:19,593 INFO o.a.j.t.JMeterThread: Stopping because end time detected by thread: Grupo De Hilos 1-70
2020-04-02 10:41:19,593 INFO o.a.j.t.JMeterThread: Stopping because end time detected by thread: Grupo De Hilos 1-88
2020-04-02 10:41:19,593 INFO o.a.j.t.JMeterThread: Thread finished: Grupo De Hilos 1-70
2020-04-02 10:41:19,593 INFO o.a.j.t.JMeterThread: Thread finished: Grupo De Hilos 1-88
2020-04-02 10:41:19,595 INFO o.a.j.t.JMeterThread: Stopping because end time detected by thread: Grupo De Hilos 1-57
2020-04-02 10:41:19,595 INFO o.a.j.t.JMeterThread: Thread finished: Grupo De Hilos 1-57
2020-04-02 10:41:19,611 INFO o.a.j.t.JMeterThread: Stopping because end time detected by thread: Grupo De Hilos 1-49
2020-04-02 10:41:19,611 INFO o.a.j.t.JMeterThread: Stopping because end time detected by thread: Grupo De Hilos 1-72
2020-04-02 10:41:19,611 INFO o.a.j.t.JMeterThread: Thread finished: Grupo De Hilos 1-49
2020-04-02 10:41:19,612 INFO o.a.j.t.JMeterThread: Thread finished: Grupo De Hilos 1-72
2020-04-02 10:41:19,612 INFO o.a.j.t.JMeterThread: Stopping because end time detected by thread: Grupo De Hilos 1-76
2020-04-02 10:41:19,612 INFO o.a.j.t.JMeterThread: Stopping because end time detected by thread: Grupo De Hilos 1-74
2020-04-02 10:41:19,612 INFO o.a.j.t.JMeterThread: Thread finished: Grupo De Hilos 1-76
2020-04-02 10:41:19,612 INFO o.a.j.t.JMeterThread: Stopping because end time detected by thread: Grupo De Hilos 1-66
2020-04-02 10:41:19,612 INFO o.a.j.t.JMeterThread: Thread finished: Grupo De Hilos 1-74
2020-04-02 10:41:19,612 INFO o.a.j.t.JMeterThread: Thread finished: Grupo De Hilos 1-66
2020-04-02 10:41:19,613 INFO o.a.j.t.JMeterThread: Stopping because end time detected by thread: Grupo De Hilos 1-55
2020-04-02 10:41:19,613 INFO o.a.j.t.JMeterThread: Thread finished: Grupo De Hilos 1-55
2020-04-02 10:41:19,613 INFO o.a.j.t.JMeterThread: Stopping because end time detected by thread: Grupo De Hilos 1-89
2020-04-02 10:41:19,613 INFO o.a.j.t.JMeterThread: Stopping because end time detected by thread: Grupo De Hilos 1-50
2020-04-02 10:41:19,613 INFO o.a.j.t.JMeterThread: Thread finished: Grupo De Hilos 1-89
2020-04-02 10:41:19,613 INFO o.a.j.t.JMeterThread: Thread finished: Grupo De Hilos 1-50
2020-04-02 10:41:19,614 INFO o.a.j.t.JMeterThread: Stopping because end time detected by thread: Grupo De Hilos 1-85
2020-04-02 10:41:19,615 INFO o.a.j.t.JMeterThread: Stopping because end time detected by thread: Grupo De Hilos 1-77
2020-04-02 10:41:19,615 INFO o.a.j.t.JMeterThread: Stopping because end time detected by thread: Grupo De Hilos 1-80
2020-04-02 10:41:19,615 INFO o.a.j.t.JMeterThread: Stopping because end time detected by thread: Grupo De Hilos 1-65
2020-04-02 10:41:19,615 INFO o.a.j.t.JMeterThread: Thread finished: Grupo De Hilos 1-77
2020-04-02 10:41:19,615 INFO o.a.j.t.JMeterThread: Thread finished: Grupo De Hilos 1-80
2020-04-02 10:41:19,615 INFO o.a.j.t.JMeterThread: Stopping because end time detected by thread: Grupo De Hilos 1-93
2020-04-02 10:41:19,615 INFO o.a.j.t.JMeterThread: Thread finished: Grupo De Hilos 1-65
2020-04-02 10:41:19,615 INFO o.a.j.t.JMeterThread: Thread finished: Grupo De Hilos 1-93
2020-04-02 10:41:19,615 INFO o.a.j.t.JMeterThread: Stopping because end time detected by thread: Grupo De Hilos 1-78
2020-04-02 10:41:19,615 INFO o.a.j.t.JMeterThread: Thread finished: Grupo De Hilos 1-78
2020-04-02 10:41:19,615 INFO o.a.j.t.JMeterThread: Thread finished: Grupo De Hilos 1-85
2020-04-02 10:41:19,616 INFO o.a.j.t.JMeterThread: Stopping because end time detected by thread: Grupo De Hilos 1-94
2020-04-02 10:41:19,617 INFO o.a.j.t.JMeterThread: Thread finished: Grupo De Hilos 1-94
2020-04-02 10:41:19,617 INFO o.a.j.t.JMeterThread: Stopping because end time detected by thread: Grupo De Hilos 1-68
2020-04-02 10:41:19,617 INFO o.a.j.t.JMeterThread: Thread finished: Grupo De Hilos 1-68
2020-04-02 10:41:19,617 INFO o.a.j.t.JMeterThread: Stopping because end time detected by thread: Grupo De Hilos 1-96
2020-04-02 10:41:19,617 INFO o.a.j.t.JMeterThread: Thread finished: Grupo De Hilos 1-96
2020-04-02 10:41:19,617 INFO o.a.j.t.JMeterThread: Stopping because end time detected by thread: Grupo De Hilos 1-79
2020-04-02 10:41:19,618 INFO o.a.j.t.JMeterThread: Thread finished: Grupo De Hilos 1-79
2020-04-02 10:41:19,622 INFO o.a.j.t.JMeterThread: Stopping because end time detected by thread: Grupo De Hilos 1-90
2020-04-02 10:41:19,622 INFO o.a.j.t.JMeterThread: Stopping because end time detected by thread: Grupo De Hilos 1-86
2020-04-02 10:41:19,623 INFO o.a.j.t.JMeterThread: Thread finished: Grupo De Hilos 1-86
2020-04-02 10:41:19,623 INFO o.a.j.t.JMeterThread: Thread finished: Grupo De Hilos 1-90
2020-04-02 10:41:19,623 INFO o.a.j.t.JMeterThread: Stopping because end time detected by thread: Grupo De Hilos 1-92
2020-04-02 10:41:19,623 INFO o.a.j.t.JMeterThread: Thread finished: Grupo De Hilos 1-92
2020-04-02 10:41:19,623 INFO o.a.j.t.JMeterThread: Stopping because end time detected by thread: Grupo De Hilos 1-67
2020-04-02 10:41:19,624 INFO o.a.j.t.JMeterThread: Thread finished: Grupo De Hilos 1-67
2020-04-02 10:41:19,633 INFO o.a.j.t.JMeterThread: Stopping because end time detected by thread: Grupo De Hilos 1-87
2020-04-02 10:41:19,633 INFO o.a.j.t.JMeterThread: Thread finished: Grupo De Hilos 1-87
2020-04-02 10:41:19,634 INFO o.a.j.t.JMeterThread: Stopping because end time detected by thread: Grupo De Hilos 1-91
2020-04-02 10:41:19,634 INFO o.a.j.t.JMeterThread: Thread finished: Grupo De Hilos 1-91
2020-04-02 10:41:19,634 INFO o.a.j.t.JMeterThread: Stopping because end time detected by thread: Grupo De Hilos 1-99
2020-04-02 10:41:19,634 INFO o.a.j.t.JMeterThread: Thread finished: Grupo De Hilos 1-99
2020-04-02 10:41:19,634 INFO o.a.j.t.JMeterThread: Stopping because end time detected by thread: Grupo De Hilos 1-75
2020-04-02 10:41:19,635 INFO o.a.j.t.JMeterThread: Thread finished: Grupo De Hilos 1-75
2020-04-02 10:41:19,635 INFO o.a.j.t.JMeterThread: Stopping because end time detected by thread: Grupo De Hilos 1-97
2020-04-02 10:41:19,635 INFO o.a.j.t.JMeterThread: Thread finished: Grupo De Hilos 1-97
2020-04-02 10:41:19,653 INFO o.a.j.t.JMeterThread: Stopping because end time detected by thread: Grupo De Hilos 1-115
2020-04-02 10:41:19,653 INFO o.a.j.t.JMeterThread: Thread finished: Grupo De Hilos 1-115
2020-04-02 10:41:19,654 INFO o.a.j.t.JMeterThread: Stopping because end time detected by thread: Grupo De Hilos 1-100
2020-04-02 10:41:19,654 INFO o.a.j.t.JMeterThread: Stopping because end time detected by thread: Grupo De Hilos 1-95
2020-04-02 10:41:19,653 INFO o.a.j.t.JMeterThread: Stopping because end time detected by thread: Grupo De Hilos 1-107
2020-04-02 10:41:19,653 INFO o.a.j.t.JMeterThread: Stopping because end time detected by thread: Grupo De Hilos 1-114
2020-04-02 10:41:19,654 INFO o.a.j.t.JMeterThread: Thread finished: Grupo De Hilos 1-95
2020-04-02 10:41:19,654 INFO o.a.j.t.JMeterThread: Thread finished: Grupo De Hilos 1-114
2020-04-02 10:41:19,654 INFO o.a.j.t.JMeterThread: Stopping because end time detected by thread: Grupo De Hilos 1-98
2020-04-02 10:41:19,655 INFO o.a.j.t.JMeterThread: Stopping because end time detected by thread: Grupo De Hilos 1-118
2020-04-02 10:41:19,655 INFO o.a.j.t.JMeterThread: Thread finished: Grupo De Hilos 1-118
2020-04-02 10:41:19,654 INFO o.a.j.t.JMeterThread: Thread finished: Grupo De Hilos 1-100
2020-04-02 10:41:19,655 INFO o.a.j.t.JMeterThread: Thread finished: Grupo De Hilos 1-107
2020-04-02 10:41:19,655 INFO o.a.j.t.JMeterThread: Stopping because end time detected by thread: Grupo De Hilos 1-116
2020-04-02 10:41:19,655 INFO o.a.j.t.JMeterThread: Thread finished: Grupo De Hilos 1-98
2020-04-02 10:41:19,656 INFO o.a.j.t.JMeterThread: Thread finished: Grupo De Hilos 1-116
2020-04-02 10:41:19,653 INFO o.a.j.t.JMeterThread: Stopping because end time detected by thread: Grupo De Hilos 1-102
2020-04-02 10:41:19,656 INFO o.a.j.t.JMeterThread: Stopping because end time detected by thread: Grupo De Hilos 1-101
2020-04-02 10:41:19,656 INFO o.a.j.t.JMeterThread: Thread finished: Grupo De Hilos 1-102
2020-04-02 10:41:19,656 INFO o.a.j.t.JMeterThread: Thread finished: Grupo De Hilos 1-101
2020-04-02 10:41:19,656 INFO o.a.j.t.JMeterThread: Stopping because end time detected by thread: Grupo De Hilos 1-104
2020-04-02 10:41:19,656 INFO o.a.j.t.JMeterThread: Thread finished: Grupo De Hilos 1-104
2020-04-02 10:41:19,657 INFO o.a.j.t.JMeterThread: Stopping because end time detected by thread: Grupo De Hilos 1-103
2020-04-02 10:41:19,657 INFO o.a.j.t.JMeterThread: Thread finished: Grupo De Hilos 1-103
2020-04-02 10:41:19,657 INFO o.a.j.t.JMeterThread: Stopping because end time detected by thread: Grupo De Hilos 1-123
2020-04-02 10:41:19,657 INFO o.a.j.t.JMeterThread: Thread finished: Grupo De Hilos 1-123
2020-04-02 10:41:19,671 INFO o.a.j.t.JMeterThread: Stopping because end time detected by thread: Grupo De Hilos 1-117
2020-04-02 10:41:19,671 INFO o.a.j.t.JMeterThread: Stopping because end time detected by thread: Grupo De Hilos 1-125
2020-04-02 10:41:19,671 INFO o.a.j.t.JMeterThread: Stopping because end time detected by thread: Grupo De Hilos 1-106
2020-04-02 10:41:19,671 INFO o.a.j.t.JMeterThread: Stopping because end time detected by thread: Grupo De Hilos 1-126
2020-04-02 10:41:19,671 INFO o.a.j.t.JMeterThread: Stopping because end time detected by thread: Grupo De Hilos 1-122
2020-04-02 10:41:19,671 INFO o.a.j.t.JMeterThread: Stopping because end time detected by thread: Grupo De Hilos 1-108
2020-04-02 10:41:19,671 INFO o.a.j.t.JMeterThread: Thread finished: Grupo De Hilos 1-106
2020-04-02 10:41:19,671 INFO o.a.j.t.JMeterThread: Stopping because end time detected by thread: Grupo De Hilos 1-105
2020-04-02 10:41:19,671 INFO o.a.j.t.JMeterThread: Thread finished: Grupo De Hilos 1-122
2020-04-02 10:41:19,671 INFO o.a.j.t.JMeterThread: Thread finished: Grupo De Hilos 1-125
2020-04-02 10:41:19,672 INFO o.a.j.t.JMeterThread: Thread finished: Grupo De Hilos 1-105
2020-04-02 10:41:19,671 INFO o.a.j.t.JMeterThread: Thread finished: Grupo De Hilos 1-117
2020-04-02 10:41:19,672 INFO o.a.j.t.JMeterThread: Thread finished: Grupo De Hilos 1-126
2020-04-02 10:41:19,672 INFO o.a.j.t.JMeterThread: Thread finished: Grupo De Hilos 1-108
2020-04-02 10:41:19,672 INFO o.a.j.t.JMeterThread: Stopping because end time detected by thread: Grupo De Hilos 1-128
2020-04-02 10:41:19,673 INFO o.a.j.t.JMeterThread: Thread finished: Grupo De Hilos 1-128
2020-04-02 10:41:19,673 INFO o.a.j.t.JMeterThread: Stopping because end time detected by thread: Grupo De Hilos 1-127
2020-04-02 10:41:19,673 INFO o.a.j.t.JMeterThread: Thread finished: Grupo De Hilos 1-127
2020-04-02 10:41:19,674 INFO o.a.j.t.JMeterThread: Stopping because end time detected by thread: Grupo De Hilos 1-111
2020-04-02 10:41:19,674 INFO o.a.j.t.JMeterThread: Thread finished: Grupo De Hilos 1-111
2020-04-02 10:41:19,682 INFO o.a.j.t.JMeterThread: Stopping because end time detected by thread: Grupo De Hilos 1-130
2020-04-02 10:41:19,682 INFO o.a.j.t.JMeterThread: Stopping because end time detected by thread: Grupo De Hilos 1-119
2020-04-02 10:41:19,683 INFO o.a.j.t.JMeterThread: Thread finished: Grupo De Hilos 1-130
2020-04-02 10:41:19,683 INFO o.a.j.t.JMeterThread: Stopping because end time detected by thread: Grupo De Hilos 1-110
2020-04-02 10:41:19,683 INFO o.a.j.t.JMeterThread: Thread finished: Grupo De Hilos 1-119
2020-04-02 10:41:19,683 INFO o.a.j.t.JMeterThread: Thread finished: Grupo De Hilos 1-110
2020-04-02 10:41:19,683 INFO o.a.j.t.JMeterThread: Stopping because end time detected by thread: Grupo De Hilos 1-133
2020-04-02 10:41:19,684 INFO o.a.j.t.JMeterThread: Thread finished: Grupo De Hilos 1-133
2020-04-02 10:41:19,684 INFO o.a.j.t.JMeterThread: Stopping because end time detected by thread: Grupo De Hilos 1-138
2020-04-02 10:41:19,684 INFO o.a.j.t.JMeterThread: Thread finished: Grupo De Hilos 1-138
2020-04-02 10:41:19,685 INFO o.a.j.t.JMeterThread: Stopping because end time detected by thread: Grupo De Hilos 1-109
2020-04-02 10:41:19,685 INFO o.a.j.t.JMeterThread: Stopping because end time detected by thread: Grupo De Hilos 1-137
2020-04-02 10:41:19,685 INFO o.a.j.t.JMeterThread: Stopping because end time detected by thread: Grupo De Hilos 1-135
2020-04-02 10:41:19,685 INFO o.a.j.t.JMeterThread: Thread finished: Grupo De Hilos 1-109
2020-04-02 10:41:19,685 INFO o.a.j.t.JMeterThread: Thread finished: Grupo De Hilos 1-135
2020-04-02 10:41:19,685 INFO o.a.j.t.JMeterThread: Thread finished: Grupo De Hilos 1-137
2020-04-02 10:41:19,690 INFO o.a.j.t.JMeterThread: Stopping because end time detected by thread: Grupo De Hilos 1-145
2020-04-02 10:41:19,690 INFO o.a.j.t.JMeterThread: Stopping because end time detected by thread: Grupo De Hilos 1-120
2020-04-02 10:41:19,690 INFO o.a.j.t.JMeterThread: Stopping because end time detected by thread: Grupo De Hilos 1-121
2020-04-02 10:41:19,690 INFO o.a.j.t.JMeterThread: Thread finished: Grupo De Hilos 1-145
2020-04-02 10:41:19,690 INFO o.a.j.t.JMeterThread: Stopping because end time detected by thread: Grupo De Hilos 1-129
2020-04-02 10:41:19,690 INFO o.a.j.t.JMeterThread: Thread finished: Grupo De Hilos 1-120
2020-04-02 10:41:19,690 INFO o.a.j.t.JMeterThread: Thread finished: Grupo De Hilos 1-121
2020-04-02 10:41:19,690 INFO o.a.j.t.JMeterThread: Thread finished: Grupo De Hilos 1-129
2020-04-02 10:41:19,691 INFO o.a.j.t.JMeterThread: Stopping because end time detected by thread: Grupo De Hilos 1-140
2020-04-02 10:41:19,691 INFO o.a.j.t.JMeterThread: Thread finished: Grupo De Hilos 1-140
2020-04-02 10:41:19,691 INFO o.a.j.t.JMeterThread: Stopping because end time detected by thread: Grupo De Hilos 1-139
2020-04-02 10:41:19,691 INFO o.a.j.t.JMeterThread: Thread finished: Grupo De Hilos 1-139
2020-04-02 10:41:19,691 INFO o.a.j.t.JMeterThread: Stopping because end time detected by thread: Grupo De Hilos 1-141
2020-04-02 10:41:19,691 INFO o.a.j.t.JMeterThread: Thread finished: Grupo De Hilos 1-141
2020-04-02 10:41:19,691 INFO o.a.j.t.JMeterThread: Stopping because end time detected by thread: Grupo De Hilos 1-143
2020-04-02 10:41:19,691 INFO o.a.j.t.JMeterThread: Stopping because end time detected by thread: Grupo De Hilos 1-146
2020-04-02 10:41:19,691 INFO o.a.j.t.JMeterThread: Thread finished: Grupo De Hilos 1-143
2020-04-02 10:41:19,692 INFO o.a.j.t.JMeterThread: Stopping because end time detected by thread: Grupo De Hilos 1-134
2020-04-02 10:41:19,692 INFO o.a.j.t.JMeterThread: Thread finished: Grupo De Hilos 1-134
2020-04-02 10:41:19,692 INFO o.a.j.t.JMeterThread: Stopping because end time detected by thread: Grupo De Hilos 1-131
2020-04-02 10:41:19,692 INFO o.a.j.t.JMeterThread: Thread finished: Grupo De Hilos 1-131
2020-04-02 10:41:19,692 INFO o.a.j.t.JMeterThread: Thread finished: Grupo De Hilos 1-146
2020-04-02 10:41:19,692 INFO o.a.j.t.JMeterThread: Stopping because end time detected by thread: Grupo De Hilos 1-124
2020-04-02 10:41:19,692 INFO o.a.j.t.JMeterThread: Thread finished: Grupo De Hilos 1-124
2020-04-02 10:41:19,693 INFO o.a.j.t.JMeterThread: Stopping because end time detected by thread: Grupo De Hilos 1-136
2020-04-02 10:41:19,693 INFO o.a.j.t.JMeterThread: Thread finished: Grupo De Hilos 1-136
2020-04-02 10:41:19,698 INFO o.a.j.t.JMeterThread: Stopping because end time detected by thread: Grupo De Hilos 1-113
2020-04-02 10:41:19,698 INFO o.a.j.t.JMeterThread: Stopping because end time detected by thread: Grupo De Hilos 1-149
2020-04-02 10:41:19,699 INFO o.a.j.t.JMeterThread: Thread finished: Grupo De Hilos 1-113
2020-04-02 10:41:19,698 INFO o.a.j.t.JMeterThread: Stopping because end time detected by thread: Grupo De Hilos 1-132
2020-04-02 10:41:19,699 INFO o.a.j.t.JMeterThread: Thread finished: Grupo De Hilos 1-149
2020-04-02 10:41:19,699 INFO o.a.j.t.JMeterThread: Thread finished: Grupo De Hilos 1-132
2020-04-02 10:41:19,714 INFO o.a.j.t.JMeterThread: Stopping because end time detected by thread: Grupo De Hilos 1-112
2020-04-02 10:41:19,714 INFO o.a.j.t.JMeterThread: Stopping because end time detected by thread: Grupo De Hilos 1-150
2020-04-02 10:41:19,714 INFO o.a.j.t.JMeterThread: Stopping because end time detected by thread: Grupo De Hilos 1-144
2020-04-02 10:41:19,714 INFO o.a.j.t.JMeterThread: Stopping because end time detected by thread: Grupo De Hilos 1-142
2020-04-02 10:41:19,715 INFO o.a.j.t.JMeterThread: Thread finished: Grupo De Hilos 1-144
2020-04-02 10:41:19,715 INFO o.a.j.t.JMeterThread: Thread finished: Grupo De Hilos 1-142
2020-04-02 10:41:19,714 INFO o.a.j.t.JMeterThread: Stopping because end time detected by thread: Grupo De Hilos 1-147
2020-04-02 10:41:19,714 INFO o.a.j.t.JMeterThread: Thread finished: Grupo De Hilos 1-112
2020-04-02 10:41:19,715 INFO o.a.j.t.JMeterThread: Thread finished: Grupo De Hilos 1-147
2020-04-02 10:41:19,716 INFO o.a.j.t.JMeterThread: Stopping because end time detected by thread: Grupo De Hilos 1-148
2020-04-02 10:41:19,716 INFO o.a.j.t.JMeterThread: Thread finished: Grupo De Hilos 1-148
2020-04-02 10:41:19,714 INFO o.a.j.t.JMeterThread: Thread finished: Grupo De Hilos 1-150
2020-04-02 10:41:19,717 INFO o.a.j.e.StandardJMeterEngine: Notifying test listeners of end of test
2020-04-02 10:41:19,719 INFO o.a.j.r.Summariser: summary +  38731 in 00:00:20 = 1964.4/s Avg:    75 Min:    24 Max:   246 Err:     0 (0.00%) Active: 0 Started: 150 Finished: 150
2020-04-02 10:41:19,720 INFO o.a.j.r.Summariser: summary = 537653 in 00:05:00 = 1789.6/s Avg:    75 Min:    15 Max:  1240 Err:     0 (0.00%)
