2020-04-02 10:14:38,305 INFO o.a.j.u.JMeterUtils: Setting Locale to en_US
2020-04-02 10:14:38,347 INFO o.a.j.JMeter: Loading user properties from: /home/pablo/jmeter/bin/user.properties
2020-04-02 10:14:38,348 INFO o.a.j.JMeter: Loading system properties from: /home/pablo/jmeter/bin/system.properties
2020-04-02 10:14:38,349 INFO o.a.j.JMeter: Setting System property: HILOS=75
2020-04-02 10:14:38,349 INFO o.a.j.JMeter: Setting System property: SUBIDA=30
2020-04-02 10:14:38,349 INFO o.a.j.JMeter: Setting System property: DURACION=270
2020-04-02 10:14:38,350 INFO o.a.j.JMeter: Setting System property: PAGE=/test/imagenp.html
2020-04-02 10:14:38,350 INFO o.a.j.JMeter: Setting System property: FILE=scriptresultsperfmonP75.jtl
2020-04-02 10:14:38,353 INFO o.a.j.JMeter: Copyright (c) 1998-2019 The Apache Software Foundation
2020-04-02 10:14:38,353 INFO o.a.j.JMeter: Version 5.2.1
2020-04-02 10:14:38,354 INFO o.a.j.JMeter: java.version=1.8.0_201
2020-04-02 10:14:38,354 INFO o.a.j.JMeter: java.vm.name=Java HotSpot(TM) 64-Bit Server VM
2020-04-02 10:14:38,354 INFO o.a.j.JMeter: os.name=Linux
2020-04-02 10:14:38,354 INFO o.a.j.JMeter: os.arch=amd64
2020-04-02 10:14:38,355 INFO o.a.j.JMeter: os.version=4.15.0-91-generic
2020-04-02 10:14:38,355 INFO o.a.j.JMeter: file.encoding=UTF-8
2020-04-02 10:14:38,355 INFO o.a.j.JMeter: java.awt.headless=true
2020-04-02 10:14:38,355 INFO o.a.j.JMeter: Max memory     =732954624
2020-04-02 10:14:38,356 INFO o.a.j.JMeter: Available Processors =4
2020-04-02 10:14:38,366 INFO o.a.j.JMeter: Default Locale=English (United States)
2020-04-02 10:14:38,367 INFO o.a.j.JMeter: JMeter  Locale=English (United States)
2020-04-02 10:14:38,367 INFO o.a.j.JMeter: JMeterHome=/home/pablo/jmeter
2020-04-02 10:14:38,367 INFO o.a.j.JMeter: user.dir  =/home/pablo/jmeter/bin/EJECUCIONES/P1
2020-04-02 10:14:38,367 INFO o.a.j.JMeter: PWD       =/home/pablo/jmeter/bin/EJECUCIONES/P1
2020-04-02 10:14:38,368 INFO o.a.j.JMeter: IP: 127.0.1.1 Name: hylianpablo FullName: hylianpablo
2020-04-02 10:14:38,379 INFO o.a.j.s.FileServer: Default base='/home/pablo/jmeter/bin/EJECUCIONES/P1'
2020-04-02 10:14:38,395 INFO o.a.j.s.FileServer: Set new base='/home/pablo/jmeter/bin/EJECUCIONES/P1/../..'
2020-04-02 10:14:38,751 INFO o.a.j.s.SaveService: Testplan (JMX) version: 2.2. Testlog (JTL) version: 2.2
2020-04-02 10:14:38,777 INFO o.a.j.s.SaveService: Using SaveService properties file encoding UTF-8
2020-04-02 10:14:38,796 INFO o.a.j.s.SaveService: Using SaveService properties version 5.0
2020-04-02 10:14:38,817 INFO o.a.j.s.SaveService: Loading file: ../../Correcto.jmx
2020-04-02 10:14:39,009 INFO o.a.j.p.h.s.HTTPSamplerBase: Parser for text/html is org.apache.jmeter.protocol.http.parser.LagartoBasedHtmlParser
2020-04-02 10:14:39,009 INFO o.a.j.p.h.s.HTTPSamplerBase: Parser for application/xhtml+xml is org.apache.jmeter.protocol.http.parser.LagartoBasedHtmlParser
2020-04-02 10:14:39,009 INFO o.a.j.p.h.s.HTTPSamplerBase: Parser for application/xml is org.apache.jmeter.protocol.http.parser.LagartoBasedHtmlParser
2020-04-02 10:14:39,010 INFO o.a.j.p.h.s.HTTPSamplerBase: Parser for text/xml is org.apache.jmeter.protocol.http.parser.LagartoBasedHtmlParser
2020-04-02 10:14:39,010 INFO o.a.j.p.h.s.HTTPSamplerBase: Parser for text/vnd.wap.wml is org.apache.jmeter.protocol.http.parser.RegexpHTMLParser
2020-04-02 10:14:39,010 INFO o.a.j.p.h.s.HTTPSamplerBase: Parser for text/css is org.apache.jmeter.protocol.http.parser.CssParser
2020-04-02 10:14:39,044 INFO o.a.j.JMeter: Creating summariser <summary>
2020-04-02 10:14:39,065 INFO o.a.j.e.StandardJMeterEngine: Running the test!
2020-04-02 10:14:39,067 INFO o.a.j.s.SampleEvent: List of sample_variables: []
2020-04-02 10:14:39,067 INFO o.a.j.s.SampleEvent: List of sample_variables: []
2020-04-02 10:14:39,080 INFO o.a.j.e.u.CompoundVariable: Note: Function class names must contain the string: '.functions.'
2020-04-02 10:14:39,081 INFO o.a.j.e.u.CompoundVariable: Note: Function class names must not contain the string: '.gui.'
2020-04-02 10:14:40,034 INFO o.a.j.JMeter: Running test (1585815280034)
2020-04-02 10:14:40,133 INFO o.a.j.e.StandardJMeterEngine: Starting ThreadGroup: 1 : Grupo De Hilos
2020-04-02 10:14:40,134 INFO o.a.j.e.StandardJMeterEngine: Starting 75 threads for group Grupo De Hilos.
2020-04-02 10:14:40,135 INFO o.a.j.e.StandardJMeterEngine: Thread will continue on error
2020-04-02 10:14:40,135 INFO o.a.j.t.ThreadGroup: Starting thread group... number=1 threads=75 ramp-up=30 delayedStart=false
2020-04-02 10:14:40,153 INFO o.a.j.t.JMeterThread: Thread started: Grupo De Hilos 1-1
2020-04-02 10:14:40,269 INFO o.a.j.p.h.s.HTTPHCAbstractImpl: Local host = hylianpablo
2020-04-02 10:14:40,291 INFO o.a.j.t.ThreadGroup: Started thread group number 1
2020-04-02 10:14:40,291 INFO o.a.j.e.StandardJMeterEngine: All thread groups have been started
2020-04-02 10:14:40,296 INFO o.a.j.p.h.s.HTTPHC4Impl: HTTP request retry count = 0
2020-04-02 10:14:40,302 INFO o.a.j.s.SampleResult: Note: Sample TimeStamps are START times
2020-04-02 10:14:40,302 INFO o.a.j.s.SampleResult: sampleresult.default.encoding is set to ISO-8859-1
2020-04-02 10:14:40,303 INFO o.a.j.s.SampleResult: sampleresult.useNanoTime=true
2020-04-02 10:14:40,303 INFO o.a.j.s.SampleResult: sampleresult.nanoThreadSleep=5000
2020-04-02 10:14:40,541 INFO o.a.j.t.JMeterThread: Thread started: Grupo De Hilos 1-2
2020-04-02 10:14:40,942 INFO o.a.j.t.JMeterThread: Thread started: Grupo De Hilos 1-3
2020-04-02 10:14:41,337 INFO o.a.j.t.JMeterThread: Thread started: Grupo De Hilos 1-4
2020-04-02 10:14:41,738 INFO o.a.j.t.JMeterThread: Thread started: Grupo De Hilos 1-5
2020-04-02 10:14:42,136 INFO o.a.j.t.JMeterThread: Thread started: Grupo De Hilos 1-6
2020-04-02 10:14:42,538 INFO o.a.j.t.JMeterThread: Thread started: Grupo De Hilos 1-7
2020-04-02 10:14:42,937 INFO o.a.j.t.JMeterThread: Thread started: Grupo De Hilos 1-8
2020-04-02 10:14:43,338 INFO o.a.j.t.JMeterThread: Thread started: Grupo De Hilos 1-9
2020-04-02 10:14:43,739 INFO o.a.j.t.JMeterThread: Thread started: Grupo De Hilos 1-10
2020-04-02 10:14:44,137 INFO o.a.j.t.JMeterThread: Thread started: Grupo De Hilos 1-11
2020-04-02 10:14:44,536 INFO o.a.j.t.JMeterThread: Thread started: Grupo De Hilos 1-12
2020-04-02 10:14:44,938 INFO o.a.j.t.JMeterThread: Thread started: Grupo De Hilos 1-13
2020-04-02 10:14:45,339 INFO o.a.j.t.JMeterThread: Thread started: Grupo De Hilos 1-14
2020-04-02 10:14:45,738 INFO o.a.j.t.JMeterThread: Thread started: Grupo De Hilos 1-15
2020-04-02 10:14:46,141 INFO o.a.j.t.JMeterThread: Thread started: Grupo De Hilos 1-16
2020-04-02 10:14:46,543 INFO o.a.j.t.JMeterThread: Thread started: Grupo De Hilos 1-17
2020-04-02 10:14:46,942 INFO o.a.j.t.JMeterThread: Thread started: Grupo De Hilos 1-18
2020-04-02 10:14:47,338 INFO o.a.j.t.JMeterThread: Thread started: Grupo De Hilos 1-19
2020-04-02 10:14:47,737 INFO o.a.j.t.JMeterThread: Thread started: Grupo De Hilos 1-20
2020-04-02 10:14:48,139 INFO o.a.j.t.JMeterThread: Thread started: Grupo De Hilos 1-21
2020-04-02 10:14:48,539 INFO o.a.j.t.JMeterThread: Thread started: Grupo De Hilos 1-22
2020-04-02 10:14:48,938 INFO o.a.j.t.JMeterThread: Thread started: Grupo De Hilos 1-23
2020-04-02 10:14:49,338 INFO o.a.j.t.JMeterThread: Thread started: Grupo De Hilos 1-24
2020-04-02 10:14:49,740 INFO o.a.j.t.JMeterThread: Thread started: Grupo De Hilos 1-25
2020-04-02 10:14:50,137 INFO o.a.j.t.JMeterThread: Thread started: Grupo De Hilos 1-26
2020-04-02 10:14:50,536 INFO o.a.j.t.JMeterThread: Thread started: Grupo De Hilos 1-27
2020-04-02 10:14:50,940 INFO o.a.j.t.JMeterThread: Thread started: Grupo De Hilos 1-28
2020-04-02 10:14:51,337 INFO o.a.j.t.JMeterThread: Thread started: Grupo De Hilos 1-29
2020-04-02 10:14:51,740 INFO o.a.j.t.JMeterThread: Thread started: Grupo De Hilos 1-30
2020-04-02 10:14:52,149 INFO o.a.j.t.JMeterThread: Thread started: Grupo De Hilos 1-31
2020-04-02 10:14:52,548 INFO o.a.j.t.JMeterThread: Thread started: Grupo De Hilos 1-32
2020-04-02 10:14:52,948 INFO o.a.j.t.JMeterThread: Thread started: Grupo De Hilos 1-33
2020-04-02 10:14:53,347 INFO o.a.j.t.JMeterThread: Thread started: Grupo De Hilos 1-34
2020-04-02 10:14:53,742 INFO o.a.j.t.JMeterThread: Thread started: Grupo De Hilos 1-35
2020-04-02 10:14:54,142 INFO o.a.j.t.JMeterThread: Thread started: Grupo De Hilos 1-36
2020-04-02 10:14:54,541 INFO o.a.j.t.JMeterThread: Thread started: Grupo De Hilos 1-37
2020-04-02 10:14:54,937 INFO o.a.j.t.JMeterThread: Thread started: Grupo De Hilos 1-38
2020-04-02 10:14:55,352 INFO o.a.j.t.JMeterThread: Thread started: Grupo De Hilos 1-39
2020-04-02 10:14:55,749 INFO o.a.j.t.JMeterThread: Thread started: Grupo De Hilos 1-40
2020-04-02 10:14:56,148 INFO o.a.j.t.JMeterThread: Thread started: Grupo De Hilos 1-41
2020-04-02 10:14:56,544 INFO o.a.j.t.JMeterThread: Thread started: Grupo De Hilos 1-42
2020-04-02 10:14:56,938 INFO o.a.j.t.JMeterThread: Thread started: Grupo De Hilos 1-43
2020-04-02 10:14:57,338 INFO o.a.j.t.JMeterThread: Thread started: Grupo De Hilos 1-44
2020-04-02 10:14:57,736 INFO o.a.j.t.JMeterThread: Thread started: Grupo De Hilos 1-45
2020-04-02 10:14:58,138 INFO o.a.j.t.JMeterThread: Thread started: Grupo De Hilos 1-46
2020-04-02 10:14:58,537 INFO o.a.j.t.JMeterThread: Thread started: Grupo De Hilos 1-47
2020-04-02 10:14:58,937 INFO o.a.j.t.JMeterThread: Thread started: Grupo De Hilos 1-48
2020-04-02 10:14:59,337 INFO o.a.j.t.JMeterThread: Thread started: Grupo De Hilos 1-49
2020-04-02 10:14:59,737 INFO o.a.j.t.JMeterThread: Thread started: Grupo De Hilos 1-50
2020-04-02 10:15:00,009 INFO o.a.j.r.Summariser: summary +  16991 in 00:00:20 =  850.8/s Avg:    29 Min:    13 Max:  1183 Err:     0 (0.00%) Active: 50 Started: 50 Finished: 0
2020-04-02 10:15:00,137 INFO o.a.j.t.JMeterThread: Thread started: Grupo De Hilos 1-51
2020-04-02 10:15:00,536 INFO o.a.j.t.JMeterThread: Thread started: Grupo De Hilos 1-52
2020-04-02 10:15:00,940 INFO o.a.j.t.JMeterThread: Thread started: Grupo De Hilos 1-53
2020-04-02 10:15:01,339 INFO o.a.j.t.JMeterThread: Thread started: Grupo De Hilos 1-54
2020-04-02 10:15:01,736 INFO o.a.j.t.JMeterThread: Thread started: Grupo De Hilos 1-55
2020-04-02 10:15:02,137 INFO o.a.j.t.JMeterThread: Thread started: Grupo De Hilos 1-56
2020-04-02 10:15:02,536 INFO o.a.j.t.JMeterThread: Thread started: Grupo De Hilos 1-57
2020-04-02 10:15:02,937 INFO o.a.j.t.JMeterThread: Thread started: Grupo De Hilos 1-58
2020-04-02 10:15:03,336 INFO o.a.j.t.JMeterThread: Thread started: Grupo De Hilos 1-59
2020-04-02 10:15:03,736 INFO o.a.j.t.JMeterThread: Thread started: Grupo De Hilos 1-60
2020-04-02 10:15:04,137 INFO o.a.j.t.JMeterThread: Thread started: Grupo De Hilos 1-61
2020-04-02 10:15:04,536 INFO o.a.j.t.JMeterThread: Thread started: Grupo De Hilos 1-62
2020-04-02 10:15:04,936 INFO o.a.j.t.JMeterThread: Thread started: Grupo De Hilos 1-63
2020-04-02 10:15:05,337 INFO o.a.j.t.JMeterThread: Thread started: Grupo De Hilos 1-64
2020-04-02 10:15:05,735 INFO o.a.j.t.JMeterThread: Thread started: Grupo De Hilos 1-65
2020-04-02 10:15:06,136 INFO o.a.j.t.JMeterThread: Thread started: Grupo De Hilos 1-66
2020-04-02 10:15:06,535 INFO o.a.j.t.JMeterThread: Thread started: Grupo De Hilos 1-67
2020-04-02 10:15:06,937 INFO o.a.j.t.JMeterThread: Thread started: Grupo De Hilos 1-68
2020-04-02 10:15:07,335 INFO o.a.j.t.JMeterThread: Thread started: Grupo De Hilos 1-69
2020-04-02 10:15:07,736 INFO o.a.j.t.JMeterThread: Thread started: Grupo De Hilos 1-70
2020-04-02 10:15:08,136 INFO o.a.j.t.JMeterThread: Thread started: Grupo De Hilos 1-71
2020-04-02 10:15:08,535 INFO o.a.j.t.JMeterThread: Thread started: Grupo De Hilos 1-72
2020-04-02 10:15:08,936 INFO o.a.j.t.JMeterThread: Thread started: Grupo De Hilos 1-73
2020-04-02 10:15:09,338 INFO o.a.j.t.JMeterThread: Thread started: Grupo De Hilos 1-74
2020-04-02 10:15:09,742 INFO o.a.j.t.JMeterThread: Thread started: Grupo De Hilos 1-75
2020-04-02 10:15:30,001 INFO o.a.j.r.Summariser: summary +  69054 in 00:00:30 = 2302.2/s Avg:    30 Min:    15 Max:   297 Err:     0 (0.00%) Active: 75 Started: 75 Finished: 0
2020-04-02 10:15:30,002 INFO o.a.j.r.Summariser: summary =  86045 in 00:00:50 = 1722.0/s Avg:    30 Min:    13 Max:  1183 Err:     0 (0.00%)
2020-04-02 10:16:00,001 INFO o.a.j.r.Summariser: summary +  66647 in 00:00:30 = 2221.6/s Avg:    33 Min:    17 Max:   286 Err:     0 (0.00%) Active: 75 Started: 75 Finished: 0
2020-04-02 10:16:00,001 INFO o.a.j.r.Summariser: summary = 152692 in 00:01:20 = 1909.5/s Avg:    31 Min:    13 Max:  1183 Err:     0 (0.00%)
2020-04-02 10:16:30,002 INFO o.a.j.r.Summariser: summary +  68609 in 00:00:30 = 2286.9/s Avg:    32 Min:    17 Max:   582 Err:     0 (0.00%) Active: 75 Started: 75 Finished: 0
2020-04-02 10:16:30,003 INFO o.a.j.r.Summariser: summary = 221301 in 00:01:50 = 2012.4/s Avg:    32 Min:    13 Max:  1183 Err:     0 (0.00%)
2020-04-02 10:17:00,005 INFO o.a.j.r.Summariser: summary +  69589 in 00:00:30 = 2319.3/s Avg:    32 Min:    17 Max:   699 Err:     0 (0.00%) Active: 75 Started: 75 Finished: 0
2020-04-02 10:17:00,007 INFO o.a.j.r.Summariser: summary = 290890 in 00:02:20 = 2078.2/s Avg:    32 Min:    13 Max:  1183 Err:     0 (0.00%)
2020-04-02 10:17:30,004 INFO o.a.j.r.Summariser: summary +  65923 in 00:00:30 = 2197.6/s Avg:    33 Min:    17 Max:   296 Err:     0 (0.00%) Active: 75 Started: 75 Finished: 0
2020-04-02 10:17:30,004 INFO o.a.j.r.Summariser: summary = 356813 in 00:02:50 = 2099.3/s Avg:    32 Min:    13 Max:  1183 Err:     0 (0.00%)
2020-04-02 10:18:00,003 INFO o.a.j.r.Summariser: summary +  55070 in 00:00:30 = 1835.8/s Avg:    40 Min:    17 Max:  2507 Err:     0 (0.00%) Active: 75 Started: 75 Finished: 0
2020-04-02 10:18:00,004 INFO o.a.j.r.Summariser: summary = 411883 in 00:03:20 = 2059.8/s Avg:    33 Min:    13 Max:  2507 Err:     0 (0.00%)
2020-04-02 10:18:30,004 INFO o.a.j.r.Summariser: summary +  66614 in 00:00:30 = 2220.3/s Avg:    33 Min:    16 Max:   673 Err:     0 (0.00%) Active: 75 Started: 75 Finished: 0
2020-04-02 10:18:30,004 INFO o.a.j.r.Summariser: summary = 478497 in 00:03:50 = 2080.7/s Avg:    33 Min:    13 Max:  2507 Err:     0 (0.00%)
2020-04-02 10:19:00,003 INFO o.a.j.r.Summariser: summary +  66896 in 00:00:30 = 2229.9/s Avg:    33 Min:    16 Max:   541 Err:     0 (0.00%) Active: 75 Started: 75 Finished: 0
2020-04-02 10:19:00,004 INFO o.a.j.r.Summariser: summary = 545393 in 00:04:20 = 2097.9/s Avg:    33 Min:    13 Max:  2507 Err:     0 (0.00%)
2020-04-02 10:19:10,145 INFO o.a.j.t.JMeterThread: Stopping because end time detected by thread: Grupo De Hilos 1-1
2020-04-02 10:19:10,145 INFO o.a.j.t.JMeterThread: Thread finished: Grupo De Hilos 1-1
2020-04-02 10:19:10,152 INFO o.a.j.t.JMeterThread: Stopping because end time detected by thread: Grupo De Hilos 1-3
2020-04-02 10:19:10,152 INFO o.a.j.t.JMeterThread: Thread finished: Grupo De Hilos 1-3
2020-04-02 10:19:10,158 INFO o.a.j.t.JMeterThread: Stopping because end time detected by thread: Grupo De Hilos 1-2
2020-04-02 10:19:10,159 INFO o.a.j.t.JMeterThread: Thread finished: Grupo De Hilos 1-2
2020-04-02 10:19:10,174 INFO o.a.j.t.JMeterThread: Stopping because end time detected by thread: Grupo De Hilos 1-4
2020-04-02 10:19:10,174 INFO o.a.j.t.JMeterThread: Thread finished: Grupo De Hilos 1-4
2020-04-02 10:19:10,192 INFO o.a.j.t.JMeterThread: Stopping because end time detected by thread: Grupo De Hilos 1-8
2020-04-02 10:19:10,193 INFO o.a.j.t.JMeterThread: Thread finished: Grupo De Hilos 1-8
2020-04-02 10:19:10,199 INFO o.a.j.t.JMeterThread: Stopping because end time detected by thread: Grupo De Hilos 1-12
2020-04-02 10:19:10,199 INFO o.a.j.t.JMeterThread: Thread finished: Grupo De Hilos 1-12
2020-04-02 10:19:10,199 INFO o.a.j.t.JMeterThread: Stopping because end time detected by thread: Grupo De Hilos 1-14
2020-04-02 10:19:10,199 INFO o.a.j.t.JMeterThread: Thread finished: Grupo De Hilos 1-14
2020-04-02 10:19:10,199 INFO o.a.j.t.JMeterThread: Stopping because end time detected by thread: Grupo De Hilos 1-5
2020-04-02 10:19:10,200 INFO o.a.j.t.JMeterThread: Thread finished: Grupo De Hilos 1-5
2020-04-02 10:19:10,201 INFO o.a.j.t.JMeterThread: Stopping because end time detected by thread: Grupo De Hilos 1-9
2020-04-02 10:19:10,202 INFO o.a.j.t.JMeterThread: Stopping because end time detected by thread: Grupo De Hilos 1-10
2020-04-02 10:19:10,202 INFO o.a.j.t.JMeterThread: Thread finished: Grupo De Hilos 1-9
2020-04-02 10:19:10,202 INFO o.a.j.t.JMeterThread: Thread finished: Grupo De Hilos 1-10
2020-04-02 10:19:10,203 INFO o.a.j.t.JMeterThread: Stopping because end time detected by thread: Grupo De Hilos 1-15
2020-04-02 10:19:10,203 INFO o.a.j.t.JMeterThread: Thread finished: Grupo De Hilos 1-15
2020-04-02 10:19:10,211 INFO o.a.j.t.JMeterThread: Stopping because end time detected by thread: Grupo De Hilos 1-18
2020-04-02 10:19:10,211 INFO o.a.j.t.JMeterThread: Thread finished: Grupo De Hilos 1-18
2020-04-02 10:19:10,214 INFO o.a.j.t.JMeterThread: Stopping because end time detected by thread: Grupo De Hilos 1-6
2020-04-02 10:19:10,215 INFO o.a.j.t.JMeterThread: Thread finished: Grupo De Hilos 1-6
2020-04-02 10:19:10,218 INFO o.a.j.t.JMeterThread: Stopping because end time detected by thread: Grupo De Hilos 1-7
2020-04-02 10:19:10,218 INFO o.a.j.t.JMeterThread: Thread finished: Grupo De Hilos 1-7
2020-04-02 10:19:10,218 INFO o.a.j.t.JMeterThread: Stopping because end time detected by thread: Grupo De Hilos 1-11
2020-04-02 10:19:10,218 INFO o.a.j.t.JMeterThread: Thread finished: Grupo De Hilos 1-11
2020-04-02 10:19:10,221 INFO o.a.j.t.JMeterThread: Stopping because end time detected by thread: Grupo De Hilos 1-13
2020-04-02 10:19:10,221 INFO o.a.j.t.JMeterThread: Thread finished: Grupo De Hilos 1-13
2020-04-02 10:19:10,227 INFO o.a.j.t.JMeterThread: Stopping because end time detected by thread: Grupo De Hilos 1-26
2020-04-02 10:19:10,227 INFO o.a.j.t.JMeterThread: Thread finished: Grupo De Hilos 1-26
2020-04-02 10:19:10,229 INFO o.a.j.t.JMeterThread: Stopping because end time detected by thread: Grupo De Hilos 1-27
2020-04-02 10:19:10,229 INFO o.a.j.t.JMeterThread: Stopping because end time detected by thread: Grupo De Hilos 1-28
2020-04-02 10:19:10,229 INFO o.a.j.t.JMeterThread: Thread finished: Grupo De Hilos 1-27
2020-04-02 10:19:10,229 INFO o.a.j.t.JMeterThread: Thread finished: Grupo De Hilos 1-28
2020-04-02 10:19:10,230 INFO o.a.j.t.JMeterThread: Stopping because end time detected by thread: Grupo De Hilos 1-17
2020-04-02 10:19:10,230 INFO o.a.j.t.JMeterThread: Thread finished: Grupo De Hilos 1-17
2020-04-02 10:19:10,230 INFO o.a.j.t.JMeterThread: Stopping because end time detected by thread: Grupo De Hilos 1-16
2020-04-02 10:19:10,230 INFO o.a.j.t.JMeterThread: Thread finished: Grupo De Hilos 1-16
2020-04-02 10:19:10,232 INFO o.a.j.t.JMeterThread: Stopping because end time detected by thread: Grupo De Hilos 1-25
2020-04-02 10:19:10,232 INFO o.a.j.t.JMeterThread: Stopping because end time detected by thread: Grupo De Hilos 1-19
2020-04-02 10:19:10,232 INFO o.a.j.t.JMeterThread: Thread finished: Grupo De Hilos 1-25
2020-04-02 10:19:10,232 INFO o.a.j.t.JMeterThread: Thread finished: Grupo De Hilos 1-19
2020-04-02 10:19:10,233 INFO o.a.j.t.JMeterThread: Stopping because end time detected by thread: Grupo De Hilos 1-21
2020-04-02 10:19:10,233 INFO o.a.j.t.JMeterThread: Thread finished: Grupo De Hilos 1-21
2020-04-02 10:19:10,233 INFO o.a.j.t.JMeterThread: Stopping because end time detected by thread: Grupo De Hilos 1-31
2020-04-02 10:19:10,234 INFO o.a.j.t.JMeterThread: Thread finished: Grupo De Hilos 1-31
2020-04-02 10:19:10,238 INFO o.a.j.t.JMeterThread: Stopping because end time detected by thread: Grupo De Hilos 1-22
2020-04-02 10:19:10,239 INFO o.a.j.t.JMeterThread: Thread finished: Grupo De Hilos 1-22
2020-04-02 10:19:10,239 INFO o.a.j.t.JMeterThread: Stopping because end time detected by thread: Grupo De Hilos 1-32
2020-04-02 10:19:10,239 INFO o.a.j.t.JMeterThread: Thread finished: Grupo De Hilos 1-32
2020-04-02 10:19:10,241 INFO o.a.j.t.JMeterThread: Stopping because end time detected by thread: Grupo De Hilos 1-35
2020-04-02 10:19:10,241 INFO o.a.j.t.JMeterThread: Thread finished: Grupo De Hilos 1-35
2020-04-02 10:19:10,241 INFO o.a.j.t.JMeterThread: Stopping because end time detected by thread: Grupo De Hilos 1-20
2020-04-02 10:19:10,242 INFO o.a.j.t.JMeterThread: Thread finished: Grupo De Hilos 1-20
2020-04-02 10:19:10,246 INFO o.a.j.t.JMeterThread: Stopping because end time detected by thread: Grupo De Hilos 1-24
2020-04-02 10:19:10,246 INFO o.a.j.t.JMeterThread: Stopping because end time detected by thread: Grupo De Hilos 1-33
2020-04-02 10:19:10,247 INFO o.a.j.t.JMeterThread: Thread finished: Grupo De Hilos 1-24
2020-04-02 10:19:10,247 INFO o.a.j.t.JMeterThread: Stopping because end time detected by thread: Grupo De Hilos 1-23
2020-04-02 10:19:10,247 INFO o.a.j.t.JMeterThread: Thread finished: Grupo De Hilos 1-33
2020-04-02 10:19:10,247 INFO o.a.j.t.JMeterThread: Thread finished: Grupo De Hilos 1-23
2020-04-02 10:19:10,249 INFO o.a.j.t.JMeterThread: Stopping because end time detected by thread: Grupo De Hilos 1-39
2020-04-02 10:19:10,249 INFO o.a.j.t.JMeterThread: Stopping because end time detected by thread: Grupo De Hilos 1-40
2020-04-02 10:19:10,249 INFO o.a.j.t.JMeterThread: Thread finished: Grupo De Hilos 1-39
2020-04-02 10:19:10,249 INFO o.a.j.t.JMeterThread: Thread finished: Grupo De Hilos 1-40
2020-04-02 10:19:10,250 INFO o.a.j.t.JMeterThread: Stopping because end time detected by thread: Grupo De Hilos 1-36
2020-04-02 10:19:10,251 INFO o.a.j.t.JMeterThread: Thread finished: Grupo De Hilos 1-36
2020-04-02 10:19:10,251 INFO o.a.j.t.JMeterThread: Stopping because end time detected by thread: Grupo De Hilos 1-37
2020-04-02 10:19:10,251 INFO o.a.j.t.JMeterThread: Thread finished: Grupo De Hilos 1-37
2020-04-02 10:19:10,251 INFO o.a.j.t.JMeterThread: Stopping because end time detected by thread: Grupo De Hilos 1-29
2020-04-02 10:19:10,252 INFO o.a.j.t.JMeterThread: Thread finished: Grupo De Hilos 1-29
2020-04-02 10:19:10,252 INFO o.a.j.t.JMeterThread: Stopping because end time detected by thread: Grupo De Hilos 1-30
2020-04-02 10:19:10,254 INFO o.a.j.t.JMeterThread: Thread finished: Grupo De Hilos 1-30
2020-04-02 10:19:10,261 INFO o.a.j.t.JMeterThread: Stopping because end time detected by thread: Grupo De Hilos 1-43
2020-04-02 10:19:10,261 INFO o.a.j.t.JMeterThread: Thread finished: Grupo De Hilos 1-43
2020-04-02 10:19:10,263 INFO o.a.j.t.JMeterThread: Stopping because end time detected by thread: Grupo De Hilos 1-38
2020-04-02 10:19:10,263 INFO o.a.j.t.JMeterThread: Stopping because end time detected by thread: Grupo De Hilos 1-48
2020-04-02 10:19:10,263 INFO o.a.j.t.JMeterThread: Thread finished: Grupo De Hilos 1-38
2020-04-02 10:19:10,263 INFO o.a.j.t.JMeterThread: Thread finished: Grupo De Hilos 1-48
2020-04-02 10:19:10,263 INFO o.a.j.t.JMeterThread: Stopping because end time detected by thread: Grupo De Hilos 1-45
2020-04-02 10:19:10,266 INFO o.a.j.t.JMeterThread: Thread finished: Grupo De Hilos 1-45
2020-04-02 10:19:10,265 INFO o.a.j.t.JMeterThread: Stopping because end time detected by thread: Grupo De Hilos 1-34
2020-04-02 10:19:10,265 INFO o.a.j.t.JMeterThread: Stopping because end time detected by thread: Grupo De Hilos 1-41
2020-04-02 10:19:10,268 INFO o.a.j.t.JMeterThread: Thread finished: Grupo De Hilos 1-34
2020-04-02 10:19:10,268 INFO o.a.j.t.JMeterThread: Thread finished: Grupo De Hilos 1-41
2020-04-02 10:19:10,271 INFO o.a.j.t.JMeterThread: Stopping because end time detected by thread: Grupo De Hilos 1-47
2020-04-02 10:19:10,271 INFO o.a.j.t.JMeterThread: Stopping because end time detected by thread: Grupo De Hilos 1-53
2020-04-02 10:19:10,271 INFO o.a.j.t.JMeterThread: Thread finished: Grupo De Hilos 1-47
2020-04-02 10:19:10,271 INFO o.a.j.t.JMeterThread: Thread finished: Grupo De Hilos 1-53
2020-04-02 10:19:10,273 INFO o.a.j.t.JMeterThread: Stopping because end time detected by thread: Grupo De Hilos 1-54
2020-04-02 10:19:10,273 INFO o.a.j.t.JMeterThread: Stopping because end time detected by thread: Grupo De Hilos 1-52
2020-04-02 10:19:10,273 INFO o.a.j.t.JMeterThread: Stopping because end time detected by thread: Grupo De Hilos 1-50
2020-04-02 10:19:10,273 INFO o.a.j.t.JMeterThread: Thread finished: Grupo De Hilos 1-54
2020-04-02 10:19:10,273 INFO o.a.j.t.JMeterThread: Thread finished: Grupo De Hilos 1-52
2020-04-02 10:19:10,273 INFO o.a.j.t.JMeterThread: Thread finished: Grupo De Hilos 1-50
2020-04-02 10:19:10,275 INFO o.a.j.t.JMeterThread: Stopping because end time detected by thread: Grupo De Hilos 1-46
2020-04-02 10:19:10,275 INFO o.a.j.t.JMeterThread: Thread finished: Grupo De Hilos 1-46
2020-04-02 10:19:10,276 INFO o.a.j.t.JMeterThread: Stopping because end time detected by thread: Grupo De Hilos 1-55
2020-04-02 10:19:10,276 INFO o.a.j.t.JMeterThread: Thread finished: Grupo De Hilos 1-55
2020-04-02 10:19:10,276 INFO o.a.j.t.JMeterThread: Stopping because end time detected by thread: Grupo De Hilos 1-49
2020-04-02 10:19:10,276 INFO o.a.j.t.JMeterThread: Stopping because end time detected by thread: Grupo De Hilos 1-42
2020-04-02 10:19:10,276 INFO o.a.j.t.JMeterThread: Thread finished: Grupo De Hilos 1-49
2020-04-02 10:19:10,277 INFO o.a.j.t.JMeterThread: Thread finished: Grupo De Hilos 1-42
2020-04-02 10:19:10,280 INFO o.a.j.t.JMeterThread: Stopping because end time detected by thread: Grupo De Hilos 1-44
2020-04-02 10:19:10,280 INFO o.a.j.t.JMeterThread: Thread finished: Grupo De Hilos 1-44
2020-04-02 10:19:10,282 INFO o.a.j.t.JMeterThread: Stopping because end time detected by thread: Grupo De Hilos 1-56
2020-04-02 10:19:10,282 INFO o.a.j.t.JMeterThread: Thread finished: Grupo De Hilos 1-56
2020-04-02 10:19:10,282 INFO o.a.j.t.JMeterThread: Stopping because end time detected by thread: Grupo De Hilos 1-65
2020-04-02 10:19:10,283 INFO o.a.j.t.JMeterThread: Stopping because end time detected by thread: Grupo De Hilos 1-59
2020-04-02 10:19:10,283 INFO o.a.j.t.JMeterThread: Thread finished: Grupo De Hilos 1-59
2020-04-02 10:19:10,283 INFO o.a.j.t.JMeterThread: Thread finished: Grupo De Hilos 1-65
2020-04-02 10:19:10,284 INFO o.a.j.t.JMeterThread: Stopping because end time detected by thread: Grupo De Hilos 1-63
2020-04-02 10:19:10,284 INFO o.a.j.t.JMeterThread: Stopping because end time detected by thread: Grupo De Hilos 1-51
2020-04-02 10:19:10,285 INFO o.a.j.t.JMeterThread: Thread finished: Grupo De Hilos 1-51
2020-04-02 10:19:10,285 INFO o.a.j.t.JMeterThread: Thread finished: Grupo De Hilos 1-63
2020-04-02 10:19:10,286 INFO o.a.j.t.JMeterThread: Stopping because end time detected by thread: Grupo De Hilos 1-75
2020-04-02 10:19:10,286 INFO o.a.j.t.JMeterThread: Thread finished: Grupo De Hilos 1-75
2020-04-02 10:19:10,287 INFO o.a.j.t.JMeterThread: Stopping because end time detected by thread: Grupo De Hilos 1-71
2020-04-02 10:19:10,288 INFO o.a.j.t.JMeterThread: Thread finished: Grupo De Hilos 1-71
2020-04-02 10:19:10,294 INFO o.a.j.t.JMeterThread: Stopping because end time detected by thread: Grupo De Hilos 1-74
2020-04-02 10:19:10,294 INFO o.a.j.t.JMeterThread: Thread finished: Grupo De Hilos 1-74
2020-04-02 10:19:10,296 INFO o.a.j.t.JMeterThread: Stopping because end time detected by thread: Grupo De Hilos 1-60
2020-04-02 10:19:10,296 INFO o.a.j.t.JMeterThread: Stopping because end time detected by thread: Grupo De Hilos 1-58
2020-04-02 10:19:10,296 INFO o.a.j.t.JMeterThread: Stopping because end time detected by thread: Grupo De Hilos 1-69
2020-04-02 10:19:10,296 INFO o.a.j.t.JMeterThread: Thread finished: Grupo De Hilos 1-60
2020-04-02 10:19:10,296 INFO o.a.j.t.JMeterThread: Stopping because end time detected by thread: Grupo De Hilos 1-66
2020-04-02 10:19:10,296 INFO o.a.j.t.JMeterThread: Thread finished: Grupo De Hilos 1-58
2020-04-02 10:19:10,296 INFO o.a.j.t.JMeterThread: Thread finished: Grupo De Hilos 1-69
2020-04-02 10:19:10,296 INFO o.a.j.t.JMeterThread: Thread finished: Grupo De Hilos 1-66
2020-04-02 10:19:10,296 INFO o.a.j.t.JMeterThread: Stopping because end time detected by thread: Grupo De Hilos 1-67
2020-04-02 10:19:10,297 INFO o.a.j.t.JMeterThread: Thread finished: Grupo De Hilos 1-67
2020-04-02 10:19:10,296 INFO o.a.j.t.JMeterThread: Stopping because end time detected by thread: Grupo De Hilos 1-57
2020-04-02 10:19:10,296 INFO o.a.j.t.JMeterThread: Stopping because end time detected by thread: Grupo De Hilos 1-62
2020-04-02 10:19:10,297 INFO o.a.j.t.JMeterThread: Thread finished: Grupo De Hilos 1-62
2020-04-02 10:19:10,297 INFO o.a.j.t.JMeterThread: Thread finished: Grupo De Hilos 1-57
2020-04-02 10:19:10,301 INFO o.a.j.t.JMeterThread: Stopping because end time detected by thread: Grupo De Hilos 1-64
2020-04-02 10:19:10,301 INFO o.a.j.t.JMeterThread: Thread finished: Grupo De Hilos 1-64
2020-04-02 10:19:10,302 INFO o.a.j.t.JMeterThread: Stopping because end time detected by thread: Grupo De Hilos 1-68
2020-04-02 10:19:10,302 INFO o.a.j.t.JMeterThread: Stopping because end time detected by thread: Grupo De Hilos 1-61
2020-04-02 10:19:10,302 INFO o.a.j.t.JMeterThread: Thread finished: Grupo De Hilos 1-68
2020-04-02 10:19:10,302 INFO o.a.j.t.JMeterThread: Stopping because end time detected by thread: Grupo De Hilos 1-72
2020-04-02 10:19:10,303 INFO o.a.j.t.JMeterThread: Thread finished: Grupo De Hilos 1-61
2020-04-02 10:19:10,303 INFO o.a.j.t.JMeterThread: Stopping because end time detected by thread: Grupo De Hilos 1-70
2020-04-02 10:19:10,303 INFO o.a.j.t.JMeterThread: Stopping because end time detected by thread: Grupo De Hilos 1-73
2020-04-02 10:19:10,303 INFO o.a.j.t.JMeterThread: Thread finished: Grupo De Hilos 1-70
2020-04-02 10:19:10,303 INFO o.a.j.t.JMeterThread: Thread finished: Grupo De Hilos 1-73
2020-04-02 10:19:10,303 INFO o.a.j.t.JMeterThread: Thread finished: Grupo De Hilos 1-72
2020-04-02 10:19:10,304 INFO o.a.j.e.StandardJMeterEngine: Notifying test listeners of end of test
2020-04-02 10:19:10,307 INFO o.a.j.r.Summariser: summary +  23097 in 00:00:10 = 2241.6/s Avg:    33 Min:    17 Max:   129 Err:     0 (0.00%) Active: 0 Started: 75 Finished: 75
2020-04-02 10:19:10,307 INFO o.a.j.r.Summariser: summary = 568490 in 00:04:30 = 2103.4/s Avg:    33 Min:    13 Max:  2507 Err:     0 (0.00%)
