2020-04-02 10:19:12,771 INFO o.a.j.u.JMeterUtils: Setting Locale to en_US
2020-04-02 10:19:12,805 INFO o.a.j.JMeter: Loading user properties from: /home/pablo/jmeter/bin/user.properties
2020-04-02 10:19:12,806 INFO o.a.j.JMeter: Loading system properties from: /home/pablo/jmeter/bin/system.properties
2020-04-02 10:19:12,807 INFO o.a.j.JMeter: Setting System property: HILOS=150
2020-04-02 10:19:12,807 INFO o.a.j.JMeter: Setting System property: SUBIDA=60
2020-04-02 10:19:12,807 INFO o.a.j.JMeter: Setting System property: DURACION=300
2020-04-02 10:19:12,808 INFO o.a.j.JMeter: Setting System property: PAGE=/test/imagenp.html
2020-04-02 10:19:12,808 INFO o.a.j.JMeter: Setting System property: FILE=scriptresultsperfmonP150.jtl
2020-04-02 10:19:12,811 INFO o.a.j.JMeter: Copyright (c) 1998-2019 The Apache Software Foundation
2020-04-02 10:19:12,811 INFO o.a.j.JMeter: Version 5.2.1
2020-04-02 10:19:12,811 INFO o.a.j.JMeter: java.version=1.8.0_201
2020-04-02 10:19:12,812 INFO o.a.j.JMeter: java.vm.name=Java HotSpot(TM) 64-Bit Server VM
2020-04-02 10:19:12,812 INFO o.a.j.JMeter: os.name=Linux
2020-04-02 10:19:12,812 INFO o.a.j.JMeter: os.arch=amd64
2020-04-02 10:19:12,812 INFO o.a.j.JMeter: os.version=4.15.0-91-generic
2020-04-02 10:19:12,813 INFO o.a.j.JMeter: file.encoding=UTF-8
2020-04-02 10:19:12,813 INFO o.a.j.JMeter: java.awt.headless=true
2020-04-02 10:19:12,813 INFO o.a.j.JMeter: Max memory     =732954624
2020-04-02 10:19:12,814 INFO o.a.j.JMeter: Available Processors =4
2020-04-02 10:19:12,821 INFO o.a.j.JMeter: Default Locale=English (United States)
2020-04-02 10:19:12,822 INFO o.a.j.JMeter: JMeter  Locale=English (United States)
2020-04-02 10:19:12,822 INFO o.a.j.JMeter: JMeterHome=/home/pablo/jmeter
2020-04-02 10:19:12,822 INFO o.a.j.JMeter: user.dir  =/home/pablo/jmeter/bin/EJECUCIONES/P1
2020-04-02 10:19:12,823 INFO o.a.j.JMeter: PWD       =/home/pablo/jmeter/bin/EJECUCIONES/P1
2020-04-02 10:19:12,823 INFO o.a.j.JMeter: IP: 127.0.1.1 Name: hylianpablo FullName: hylianpablo
2020-04-02 10:19:12,834 INFO o.a.j.s.FileServer: Default base='/home/pablo/jmeter/bin/EJECUCIONES/P1'
2020-04-02 10:19:12,844 INFO o.a.j.s.FileServer: Set new base='/home/pablo/jmeter/bin/EJECUCIONES/P1/../..'
2020-04-02 10:19:13,174 INFO o.a.j.s.SaveService: Testplan (JMX) version: 2.2. Testlog (JTL) version: 2.2
2020-04-02 10:19:13,194 INFO o.a.j.s.SaveService: Using SaveService properties file encoding UTF-8
2020-04-02 10:19:13,207 INFO o.a.j.s.SaveService: Using SaveService properties version 5.0
2020-04-02 10:19:13,226 INFO o.a.j.s.SaveService: Loading file: ../../Correcto.jmx
2020-04-02 10:19:13,407 INFO o.a.j.p.h.s.HTTPSamplerBase: Parser for text/html is org.apache.jmeter.protocol.http.parser.LagartoBasedHtmlParser
2020-04-02 10:19:13,408 INFO o.a.j.p.h.s.HTTPSamplerBase: Parser for application/xhtml+xml is org.apache.jmeter.protocol.http.parser.LagartoBasedHtmlParser
2020-04-02 10:19:13,408 INFO o.a.j.p.h.s.HTTPSamplerBase: Parser for application/xml is org.apache.jmeter.protocol.http.parser.LagartoBasedHtmlParser
2020-04-02 10:19:13,408 INFO o.a.j.p.h.s.HTTPSamplerBase: Parser for text/xml is org.apache.jmeter.protocol.http.parser.LagartoBasedHtmlParser
2020-04-02 10:19:13,409 INFO o.a.j.p.h.s.HTTPSamplerBase: Parser for text/vnd.wap.wml is org.apache.jmeter.protocol.http.parser.RegexpHTMLParser
2020-04-02 10:19:13,409 INFO o.a.j.p.h.s.HTTPSamplerBase: Parser for text/css is org.apache.jmeter.protocol.http.parser.CssParser
2020-04-02 10:19:13,435 INFO o.a.j.JMeter: Creating summariser <summary>
2020-04-02 10:19:13,451 INFO o.a.j.e.StandardJMeterEngine: Running the test!
2020-04-02 10:19:13,454 INFO o.a.j.s.SampleEvent: List of sample_variables: []
2020-04-02 10:19:13,454 INFO o.a.j.s.SampleEvent: List of sample_variables: []
2020-04-02 10:19:13,473 INFO o.a.j.e.u.CompoundVariable: Note: Function class names must contain the string: '.functions.'
2020-04-02 10:19:13,474 INFO o.a.j.e.u.CompoundVariable: Note: Function class names must not contain the string: '.gui.'
2020-04-02 10:19:14,365 INFO o.a.j.JMeter: Running test (1585815554365)
2020-04-02 10:19:14,479 INFO o.a.j.e.StandardJMeterEngine: Starting ThreadGroup: 1 : Grupo De Hilos
2020-04-02 10:19:14,479 INFO o.a.j.e.StandardJMeterEngine: Starting 150 threads for group Grupo De Hilos.
2020-04-02 10:19:14,480 INFO o.a.j.e.StandardJMeterEngine: Thread will continue on error
2020-04-02 10:19:14,480 INFO o.a.j.t.ThreadGroup: Starting thread group... number=1 threads=150 ramp-up=60 delayedStart=false
2020-04-02 10:19:14,525 INFO o.a.j.t.JMeterThread: Thread started: Grupo De Hilos 1-1
2020-04-02 10:19:14,590 INFO o.a.j.p.h.s.HTTPHCAbstractImpl: Local host = hylianpablo
2020-04-02 10:19:14,618 INFO o.a.j.p.h.s.HTTPHC4Impl: HTTP request retry count = 0
2020-04-02 10:19:14,620 INFO o.a.j.s.SampleResult: Note: Sample TimeStamps are START times
2020-04-02 10:19:14,621 INFO o.a.j.s.SampleResult: sampleresult.default.encoding is set to ISO-8859-1
2020-04-02 10:19:14,622 INFO o.a.j.s.SampleResult: sampleresult.useNanoTime=true
2020-04-02 10:19:14,622 INFO o.a.j.s.SampleResult: sampleresult.nanoThreadSleep=5000
2020-04-02 10:19:14,725 INFO o.a.j.t.ThreadGroup: Started thread group number 1
2020-04-02 10:19:14,725 INFO o.a.j.e.StandardJMeterEngine: All thread groups have been started
2020-04-02 10:19:14,915 INFO o.a.j.t.JMeterThread: Thread started: Grupo De Hilos 1-2
2020-04-02 10:19:15,314 INFO o.a.j.t.JMeterThread: Thread started: Grupo De Hilos 1-3
2020-04-02 10:19:15,713 INFO o.a.j.t.JMeterThread: Thread started: Grupo De Hilos 1-4
2020-04-02 10:19:16,086 INFO o.a.j.t.JMeterThread: Thread started: Grupo De Hilos 1-5
2020-04-02 10:19:16,484 INFO o.a.j.t.JMeterThread: Thread started: Grupo De Hilos 1-6
2020-04-02 10:19:16,883 INFO o.a.j.t.JMeterThread: Thread started: Grupo De Hilos 1-7
2020-04-02 10:19:17,283 INFO o.a.j.t.JMeterThread: Thread started: Grupo De Hilos 1-8
2020-04-02 10:19:17,684 INFO o.a.j.t.JMeterThread: Thread started: Grupo De Hilos 1-9
2020-04-02 10:19:18,082 INFO o.a.j.t.JMeterThread: Thread started: Grupo De Hilos 1-10
2020-04-02 10:19:18,483 INFO o.a.j.t.JMeterThread: Thread started: Grupo De Hilos 1-11
2020-04-02 10:19:18,884 INFO o.a.j.t.JMeterThread: Thread started: Grupo De Hilos 1-12
2020-04-02 10:19:19,283 INFO o.a.j.t.JMeterThread: Thread started: Grupo De Hilos 1-13
2020-04-02 10:19:19,685 INFO o.a.j.t.JMeterThread: Thread started: Grupo De Hilos 1-14
2020-04-02 10:19:20,082 INFO o.a.j.t.JMeterThread: Thread started: Grupo De Hilos 1-15
2020-04-02 10:19:20,483 INFO o.a.j.t.JMeterThread: Thread started: Grupo De Hilos 1-16
2020-04-02 10:19:20,888 INFO o.a.j.t.JMeterThread: Thread started: Grupo De Hilos 1-17
2020-04-02 10:19:21,291 INFO o.a.j.t.JMeterThread: Thread started: Grupo De Hilos 1-18
2020-04-02 10:19:21,687 INFO o.a.j.t.JMeterThread: Thread started: Grupo De Hilos 1-19
2020-04-02 10:19:22,086 INFO o.a.j.t.JMeterThread: Thread started: Grupo De Hilos 1-20
2020-04-02 10:19:22,488 INFO o.a.j.t.JMeterThread: Thread started: Grupo De Hilos 1-21
2020-04-02 10:19:22,885 INFO o.a.j.t.JMeterThread: Thread started: Grupo De Hilos 1-22
2020-04-02 10:19:23,284 INFO o.a.j.t.JMeterThread: Thread started: Grupo De Hilos 1-23
2020-04-02 10:19:23,686 INFO o.a.j.t.JMeterThread: Thread started: Grupo De Hilos 1-24
2020-04-02 10:19:24,085 INFO o.a.j.t.JMeterThread: Thread started: Grupo De Hilos 1-25
2020-04-02 10:19:24,482 INFO o.a.j.t.JMeterThread: Thread started: Grupo De Hilos 1-26
2020-04-02 10:19:24,884 INFO o.a.j.t.JMeterThread: Thread started: Grupo De Hilos 1-27
2020-04-02 10:19:25,284 INFO o.a.j.t.JMeterThread: Thread started: Grupo De Hilos 1-28
2020-04-02 10:19:25,683 INFO o.a.j.t.JMeterThread: Thread started: Grupo De Hilos 1-29
2020-04-02 10:19:26,082 INFO o.a.j.t.JMeterThread: Thread started: Grupo De Hilos 1-30
2020-04-02 10:19:26,483 INFO o.a.j.t.JMeterThread: Thread started: Grupo De Hilos 1-31
2020-04-02 10:19:26,882 INFO o.a.j.t.JMeterThread: Thread started: Grupo De Hilos 1-32
2020-04-02 10:19:27,282 INFO o.a.j.t.JMeterThread: Thread started: Grupo De Hilos 1-33
2020-04-02 10:19:27,684 INFO o.a.j.t.JMeterThread: Thread started: Grupo De Hilos 1-34
2020-04-02 10:19:28,083 INFO o.a.j.t.JMeterThread: Thread started: Grupo De Hilos 1-35
2020-04-02 10:19:28,483 INFO o.a.j.t.JMeterThread: Thread started: Grupo De Hilos 1-36
2020-04-02 10:19:28,883 INFO o.a.j.t.JMeterThread: Thread started: Grupo De Hilos 1-37
2020-04-02 10:19:29,282 INFO o.a.j.t.JMeterThread: Thread started: Grupo De Hilos 1-38
2020-04-02 10:19:29,682 INFO o.a.j.t.JMeterThread: Thread started: Grupo De Hilos 1-39
2020-04-02 10:19:30,004 INFO o.a.j.r.Summariser: summary +  13002 in 00:00:16 =  831.5/s Avg:    23 Min:    13 Max:   155 Err:     0 (0.00%) Active: 39 Started: 39 Finished: 0
2020-04-02 10:19:30,083 INFO o.a.j.t.JMeterThread: Thread started: Grupo De Hilos 1-40
2020-04-02 10:19:30,483 INFO o.a.j.t.JMeterThread: Thread started: Grupo De Hilos 1-41
2020-04-02 10:19:30,883 INFO o.a.j.t.JMeterThread: Thread started: Grupo De Hilos 1-42
2020-04-02 10:19:31,283 INFO o.a.j.t.JMeterThread: Thread started: Grupo De Hilos 1-43
2020-04-02 10:19:31,683 INFO o.a.j.t.JMeterThread: Thread started: Grupo De Hilos 1-44
2020-04-02 10:19:32,084 INFO o.a.j.t.JMeterThread: Thread started: Grupo De Hilos 1-45
2020-04-02 10:19:32,482 INFO o.a.j.t.JMeterThread: Thread started: Grupo De Hilos 1-46
2020-04-02 10:19:32,883 INFO o.a.j.t.JMeterThread: Thread started: Grupo De Hilos 1-47
2020-04-02 10:19:33,282 INFO o.a.j.t.JMeterThread: Thread started: Grupo De Hilos 1-48
2020-04-02 10:19:33,683 INFO o.a.j.t.JMeterThread: Thread started: Grupo De Hilos 1-49
2020-04-02 10:19:34,081 INFO o.a.j.t.JMeterThread: Thread started: Grupo De Hilos 1-50
2020-04-02 10:19:34,483 INFO o.a.j.t.JMeterThread: Thread started: Grupo De Hilos 1-51
2020-04-02 10:19:34,882 INFO o.a.j.t.JMeterThread: Thread started: Grupo De Hilos 1-52
2020-04-02 10:19:35,282 INFO o.a.j.t.JMeterThread: Thread started: Grupo De Hilos 1-53
2020-04-02 10:19:35,682 INFO o.a.j.t.JMeterThread: Thread started: Grupo De Hilos 1-54
2020-04-02 10:19:36,083 INFO o.a.j.t.JMeterThread: Thread started: Grupo De Hilos 1-55
2020-04-02 10:19:36,483 INFO o.a.j.t.JMeterThread: Thread started: Grupo De Hilos 1-56
2020-04-02 10:19:36,882 INFO o.a.j.t.JMeterThread: Thread started: Grupo De Hilos 1-57
2020-04-02 10:19:37,283 INFO o.a.j.t.JMeterThread: Thread started: Grupo De Hilos 1-58
2020-04-02 10:19:37,682 INFO o.a.j.t.JMeterThread: Thread started: Grupo De Hilos 1-59
2020-04-02 10:19:38,082 INFO o.a.j.t.JMeterThread: Thread started: Grupo De Hilos 1-60
2020-04-02 10:19:38,482 INFO o.a.j.t.JMeterThread: Thread started: Grupo De Hilos 1-61
2020-04-02 10:19:38,882 INFO o.a.j.t.JMeterThread: Thread started: Grupo De Hilos 1-62
2020-04-02 10:19:39,282 INFO o.a.j.t.JMeterThread: Thread started: Grupo De Hilos 1-63
2020-04-02 10:19:39,682 INFO o.a.j.t.JMeterThread: Thread started: Grupo De Hilos 1-64
2020-04-02 10:19:40,083 INFO o.a.j.t.JMeterThread: Thread started: Grupo De Hilos 1-65
2020-04-02 10:19:40,482 INFO o.a.j.t.JMeterThread: Thread started: Grupo De Hilos 1-66
2020-04-02 10:19:40,881 INFO o.a.j.t.JMeterThread: Thread started: Grupo De Hilos 1-67
2020-04-02 10:19:41,282 INFO o.a.j.t.JMeterThread: Thread started: Grupo De Hilos 1-68
2020-04-02 10:19:41,682 INFO o.a.j.t.JMeterThread: Thread started: Grupo De Hilos 1-69
2020-04-02 10:19:42,083 INFO o.a.j.t.JMeterThread: Thread started: Grupo De Hilos 1-70
2020-04-02 10:19:42,482 INFO o.a.j.t.JMeterThread: Thread started: Grupo De Hilos 1-71
2020-04-02 10:19:42,882 INFO o.a.j.t.JMeterThread: Thread started: Grupo De Hilos 1-72
2020-04-02 10:19:43,283 INFO o.a.j.t.JMeterThread: Thread started: Grupo De Hilos 1-73
2020-04-02 10:19:43,684 INFO o.a.j.t.JMeterThread: Thread started: Grupo De Hilos 1-74
2020-04-02 10:19:44,086 INFO o.a.j.t.JMeterThread: Thread started: Grupo De Hilos 1-75
2020-04-02 10:19:44,483 INFO o.a.j.t.JMeterThread: Thread started: Grupo De Hilos 1-76
2020-04-02 10:19:44,891 INFO o.a.j.t.JMeterThread: Thread started: Grupo De Hilos 1-77
2020-04-02 10:19:45,283 INFO o.a.j.t.JMeterThread: Thread started: Grupo De Hilos 1-78
2020-04-02 10:19:45,687 INFO o.a.j.t.JMeterThread: Thread started: Grupo De Hilos 1-79
2020-04-02 10:19:46,085 INFO o.a.j.t.JMeterThread: Thread started: Grupo De Hilos 1-80
2020-04-02 10:19:46,492 INFO o.a.j.t.JMeterThread: Thread started: Grupo De Hilos 1-81
2020-04-02 10:19:46,889 INFO o.a.j.t.JMeterThread: Thread started: Grupo De Hilos 1-82
2020-04-02 10:19:47,286 INFO o.a.j.t.JMeterThread: Thread started: Grupo De Hilos 1-83
2020-04-02 10:19:47,695 INFO o.a.j.t.JMeterThread: Thread started: Grupo De Hilos 1-84
2020-04-02 10:19:48,083 INFO o.a.j.t.JMeterThread: Thread started: Grupo De Hilos 1-85
2020-04-02 10:19:48,484 INFO o.a.j.t.JMeterThread: Thread started: Grupo De Hilos 1-86
2020-04-02 10:19:48,886 INFO o.a.j.t.JMeterThread: Thread started: Grupo De Hilos 1-87
2020-04-02 10:19:49,285 INFO o.a.j.t.JMeterThread: Thread started: Grupo De Hilos 1-88
2020-04-02 10:19:49,685 INFO o.a.j.t.JMeterThread: Thread started: Grupo De Hilos 1-89
2020-04-02 10:19:50,086 INFO o.a.j.t.JMeterThread: Thread started: Grupo De Hilos 1-90
2020-04-02 10:19:50,484 INFO o.a.j.t.JMeterThread: Thread started: Grupo De Hilos 1-91
2020-04-02 10:19:50,883 INFO o.a.j.t.JMeterThread: Thread started: Grupo De Hilos 1-92
2020-04-02 10:19:51,285 INFO o.a.j.t.JMeterThread: Thread started: Grupo De Hilos 1-93
2020-04-02 10:19:51,684 INFO o.a.j.t.JMeterThread: Thread started: Grupo De Hilos 1-94
2020-04-02 10:19:52,087 INFO o.a.j.t.JMeterThread: Thread started: Grupo De Hilos 1-95
2020-04-02 10:19:52,487 INFO o.a.j.t.JMeterThread: Thread started: Grupo De Hilos 1-96
2020-04-02 10:19:52,886 INFO o.a.j.t.JMeterThread: Thread started: Grupo De Hilos 1-97
2020-04-02 10:19:53,283 INFO o.a.j.t.JMeterThread: Thread started: Grupo De Hilos 1-98
2020-04-02 10:19:53,684 INFO o.a.j.t.JMeterThread: Thread started: Grupo De Hilos 1-99
2020-04-02 10:19:54,084 INFO o.a.j.t.JMeterThread: Thread started: Grupo De Hilos 1-100
2020-04-02 10:19:54,483 INFO o.a.j.t.JMeterThread: Thread started: Grupo De Hilos 1-101
2020-04-02 10:19:54,885 INFO o.a.j.t.JMeterThread: Thread started: Grupo De Hilos 1-102
2020-04-02 10:19:55,287 INFO o.a.j.t.JMeterThread: Thread started: Grupo De Hilos 1-103
2020-04-02 10:19:55,688 INFO o.a.j.t.JMeterThread: Thread started: Grupo De Hilos 1-104
2020-04-02 10:19:56,089 INFO o.a.j.t.JMeterThread: Thread started: Grupo De Hilos 1-105
2020-04-02 10:19:56,482 INFO o.a.j.t.JMeterThread: Thread started: Grupo De Hilos 1-106
2020-04-02 10:19:56,883 INFO o.a.j.t.JMeterThread: Thread started: Grupo De Hilos 1-107
2020-04-02 10:19:57,282 INFO o.a.j.t.JMeterThread: Thread started: Grupo De Hilos 1-108
2020-04-02 10:19:57,682 INFO o.a.j.t.JMeterThread: Thread started: Grupo De Hilos 1-109
2020-04-02 10:19:58,082 INFO o.a.j.t.JMeterThread: Thread started: Grupo De Hilos 1-110
2020-04-02 10:19:58,481 INFO o.a.j.t.JMeterThread: Thread started: Grupo De Hilos 1-111
2020-04-02 10:19:58,883 INFO o.a.j.t.JMeterThread: Thread started: Grupo De Hilos 1-112
2020-04-02 10:19:59,301 INFO o.a.j.t.JMeterThread: Thread started: Grupo De Hilos 1-113
2020-04-02 10:19:59,682 INFO o.a.j.t.JMeterThread: Thread started: Grupo De Hilos 1-114
2020-04-02 10:20:00,007 INFO o.a.j.r.Summariser: summary +  67909 in 00:00:30 = 2263.3/s Avg:    33 Min:    15 Max:   140 Err:     0 (0.00%) Active: 114 Started: 114 Finished: 0
2020-04-02 10:20:00,008 INFO o.a.j.r.Summariser: summary =  80911 in 00:00:46 = 1772.8/s Avg:    32 Min:    13 Max:   155 Err:     0 (0.00%)
2020-04-02 10:20:00,083 INFO o.a.j.t.JMeterThread: Thread started: Grupo De Hilos 1-115
2020-04-02 10:20:00,482 INFO o.a.j.t.JMeterThread: Thread started: Grupo De Hilos 1-116
2020-04-02 10:20:00,884 INFO o.a.j.t.JMeterThread: Thread started: Grupo De Hilos 1-117
2020-04-02 10:20:01,283 INFO o.a.j.t.JMeterThread: Thread started: Grupo De Hilos 1-118
2020-04-02 10:20:01,686 INFO o.a.j.t.JMeterThread: Thread started: Grupo De Hilos 1-119
2020-04-02 10:20:02,083 INFO o.a.j.t.JMeterThread: Thread started: Grupo De Hilos 1-120
2020-04-02 10:20:02,484 INFO o.a.j.t.JMeterThread: Thread started: Grupo De Hilos 1-121
2020-04-02 10:20:02,885 INFO o.a.j.t.JMeterThread: Thread started: Grupo De Hilos 1-122
2020-04-02 10:20:03,283 INFO o.a.j.t.JMeterThread: Thread started: Grupo De Hilos 1-123
2020-04-02 10:20:03,685 INFO o.a.j.t.JMeterThread: Thread started: Grupo De Hilos 1-124
2020-04-02 10:20:04,085 INFO o.a.j.t.JMeterThread: Thread started: Grupo De Hilos 1-125
2020-04-02 10:20:04,497 INFO o.a.j.t.JMeterThread: Thread started: Grupo De Hilos 1-126
2020-04-02 10:20:04,897 INFO o.a.j.t.JMeterThread: Thread started: Grupo De Hilos 1-127
2020-04-02 10:20:05,295 INFO o.a.j.t.JMeterThread: Thread started: Grupo De Hilos 1-128
2020-04-02 10:20:05,699 INFO o.a.j.t.JMeterThread: Thread started: Grupo De Hilos 1-129
2020-04-02 10:20:06,082 INFO o.a.j.t.JMeterThread: Thread started: Grupo De Hilos 1-130
2020-04-02 10:20:06,486 INFO o.a.j.t.JMeterThread: Thread started: Grupo De Hilos 1-131
2020-04-02 10:20:06,884 INFO o.a.j.t.JMeterThread: Thread started: Grupo De Hilos 1-132
2020-04-02 10:20:07,285 INFO o.a.j.t.JMeterThread: Thread started: Grupo De Hilos 1-133
2020-04-02 10:20:07,683 INFO o.a.j.t.JMeterThread: Thread started: Grupo De Hilos 1-134
2020-04-02 10:20:08,083 INFO o.a.j.t.JMeterThread: Thread started: Grupo De Hilos 1-135
2020-04-02 10:20:08,485 INFO o.a.j.t.JMeterThread: Thread started: Grupo De Hilos 1-136
2020-04-02 10:20:08,883 INFO o.a.j.t.JMeterThread: Thread started: Grupo De Hilos 1-137
2020-04-02 10:20:09,283 INFO o.a.j.t.JMeterThread: Thread started: Grupo De Hilos 1-138
2020-04-02 10:20:09,684 INFO o.a.j.t.JMeterThread: Thread started: Grupo De Hilos 1-139
2020-04-02 10:20:10,082 INFO o.a.j.t.JMeterThread: Thread started: Grupo De Hilos 1-140
2020-04-02 10:20:10,482 INFO o.a.j.t.JMeterThread: Thread started: Grupo De Hilos 1-141
2020-04-02 10:20:10,883 INFO o.a.j.t.JMeterThread: Thread started: Grupo De Hilos 1-142
2020-04-02 10:20:11,282 INFO o.a.j.t.JMeterThread: Thread started: Grupo De Hilos 1-143
2020-04-02 10:20:11,682 INFO o.a.j.t.JMeterThread: Thread started: Grupo De Hilos 1-144
2020-04-02 10:20:12,083 INFO o.a.j.t.JMeterThread: Thread started: Grupo De Hilos 1-145
2020-04-02 10:20:12,482 INFO o.a.j.t.JMeterThread: Thread started: Grupo De Hilos 1-146
2020-04-02 10:20:12,883 INFO o.a.j.t.JMeterThread: Thread started: Grupo De Hilos 1-147
2020-04-02 10:20:13,284 INFO o.a.j.t.JMeterThread: Thread started: Grupo De Hilos 1-148
2020-04-02 10:20:13,683 INFO o.a.j.t.JMeterThread: Thread started: Grupo De Hilos 1-149
2020-04-02 10:20:14,084 INFO o.a.j.t.JMeterThread: Thread started: Grupo De Hilos 1-150
2020-04-02 10:20:30,002 INFO o.a.j.r.Summariser: summary +  65067 in 00:00:30 = 2169.3/s Avg:    65 Min:    22 Max:  3165 Err:     0 (0.00%) Active: 150 Started: 150 Finished: 0
2020-04-02 10:20:30,002 INFO o.a.j.r.Summariser: summary = 145978 in 00:01:16 = 1930.0/s Avg:    46 Min:    13 Max:  3165 Err:     0 (0.00%)
2020-04-02 10:21:00,020 INFO o.a.j.r.Summariser: summary +  58913 in 00:00:30 = 1962.5/s Avg:    76 Min:    24 Max:   248 Err:     0 (0.00%) Active: 150 Started: 150 Finished: 0
2020-04-02 10:21:00,021 INFO o.a.j.r.Summariser: summary = 204891 in 00:01:46 = 1939.2/s Avg:    55 Min:    13 Max:  3165 Err:     0 (0.00%)
2020-04-02 10:21:30,003 INFO o.a.j.r.Summariser: summary +  52057 in 00:00:30 = 1736.4/s Avg:    86 Min:    27 Max:   403 Err:     0 (0.00%) Active: 150 Started: 150 Finished: 0
2020-04-02 10:21:30,003 INFO o.a.j.r.Summariser: summary = 256948 in 00:02:16 = 1894.4/s Avg:    61 Min:    13 Max:  3165 Err:     0 (0.00%)
2020-04-02 10:22:00,001 INFO o.a.j.r.Summariser: summary +  53504 in 00:00:30 = 1783.5/s Avg:    83 Min:    23 Max:   344 Err:     0 (0.00%) Active: 150 Started: 150 Finished: 0
2020-04-02 10:22:00,004 INFO o.a.j.r.Summariser: summary = 310452 in 00:02:46 = 1874.3/s Avg:    65 Min:    13 Max:  3165 Err:     0 (0.00%)
2020-04-02 10:22:30,013 INFO o.a.j.r.Summariser: summary +  55006 in 00:00:30 = 1832.7/s Avg:    81 Min:    26 Max:   335 Err:     0 (0.00%) Active: 150 Started: 150 Finished: 0
2020-04-02 10:22:30,014 INFO o.a.j.r.Summariser: summary = 365458 in 00:03:16 = 1867.9/s Avg:    67 Min:    13 Max:  3165 Err:     0 (0.00%)
2020-04-02 10:23:00,014 INFO o.a.j.r.Summariser: summary +  50827 in 00:00:30 = 1694.2/s Avg:    88 Min:    23 Max:   583 Err:     0 (0.00%) Active: 150 Started: 150 Finished: 0
2020-04-02 10:23:00,015 INFO o.a.j.r.Summariser: summary = 416285 in 00:03:46 = 1844.8/s Avg:    70 Min:    13 Max:  3165 Err:     0 (0.00%)
2020-04-02 10:23:30,009 INFO o.a.j.r.Summariser: summary +  55149 in 00:00:30 = 1838.6/s Avg:    81 Min:    27 Max:  1247 Err:     0 (0.00%) Active: 150 Started: 150 Finished: 0
2020-04-02 10:23:30,010 INFO o.a.j.r.Summariser: summary = 471434 in 00:04:16 = 1844.1/s Avg:    71 Min:    13 Max:  3165 Err:     0 (0.00%)
2020-04-02 10:24:00,007 INFO o.a.j.r.Summariser: summary +  55088 in 00:00:30 = 1836.4/s Avg:    81 Min:    24 Max:  1212 Err:     0 (0.00%) Active: 150 Started: 150 Finished: 0
2020-04-02 10:24:00,009 INFO o.a.j.r.Summariser: summary = 526522 in 00:04:46 = 1843.3/s Avg:    72 Min:    13 Max:  3165 Err:     0 (0.00%)
2020-04-02 10:24:14,517 INFO o.a.j.t.JMeterThread: Stopping because end time detected by thread: Grupo De Hilos 1-1
2020-04-02 10:24:14,517 INFO o.a.j.t.JMeterThread: Thread finished: Grupo De Hilos 1-1
2020-04-02 10:24:14,558 INFO o.a.j.t.JMeterThread: Stopping because end time detected by thread: Grupo De Hilos 1-13
2020-04-02 10:24:14,558 INFO o.a.j.t.JMeterThread: Stopping because end time detected by thread: Grupo De Hilos 1-24
2020-04-02 10:24:14,559 INFO o.a.j.t.JMeterThread: Thread finished: Grupo De Hilos 1-13
2020-04-02 10:24:14,559 INFO o.a.j.t.JMeterThread: Thread finished: Grupo De Hilos 1-24
2020-04-02 10:24:14,559 INFO o.a.j.t.JMeterThread: Stopping because end time detected by thread: Grupo De Hilos 1-9
2020-04-02 10:24:14,560 INFO o.a.j.t.JMeterThread: Thread finished: Grupo De Hilos 1-9
2020-04-02 10:24:14,561 INFO o.a.j.t.JMeterThread: Stopping because end time detected by thread: Grupo De Hilos 1-14
2020-04-02 10:24:14,561 INFO o.a.j.t.JMeterThread: Thread finished: Grupo De Hilos 1-14
2020-04-02 10:24:14,561 INFO o.a.j.t.JMeterThread: Stopping because end time detected by thread: Grupo De Hilos 1-6
2020-04-02 10:24:14,562 INFO o.a.j.t.JMeterThread: Thread finished: Grupo De Hilos 1-6
2020-04-02 10:24:14,562 INFO o.a.j.t.JMeterThread: Stopping because end time detected by thread: Grupo De Hilos 1-25
2020-04-02 10:24:14,563 INFO o.a.j.t.JMeterThread: Thread finished: Grupo De Hilos 1-25
2020-04-02 10:24:14,563 INFO o.a.j.t.JMeterThread: Stopping because end time detected by thread: Grupo De Hilos 1-19
2020-04-02 10:24:14,563 INFO o.a.j.t.JMeterThread: Stopping because end time detected by thread: Grupo De Hilos 1-7
2020-04-02 10:24:14,563 INFO o.a.j.t.JMeterThread: Thread finished: Grupo De Hilos 1-19
2020-04-02 10:24:14,563 INFO o.a.j.t.JMeterThread: Stopping because end time detected by thread: Grupo De Hilos 1-3
2020-04-02 10:24:14,563 INFO o.a.j.t.JMeterThread: Thread finished: Grupo De Hilos 1-7
2020-04-02 10:24:14,564 INFO o.a.j.t.JMeterThread: Thread finished: Grupo De Hilos 1-3
2020-04-02 10:24:14,564 INFO o.a.j.t.JMeterThread: Stopping because end time detected by thread: Grupo De Hilos 1-12
2020-04-02 10:24:14,564 INFO o.a.j.t.JMeterThread: Thread finished: Grupo De Hilos 1-12
2020-04-02 10:24:14,568 INFO o.a.j.t.JMeterThread: Stopping because end time detected by thread: Grupo De Hilos 1-2
2020-04-02 10:24:14,569 INFO o.a.j.t.JMeterThread: Thread finished: Grupo De Hilos 1-2
2020-04-02 10:24:14,569 INFO o.a.j.t.JMeterThread: Stopping because end time detected by thread: Grupo De Hilos 1-8
2020-04-02 10:24:14,569 INFO o.a.j.t.JMeterThread: Stopping because end time detected by thread: Grupo De Hilos 1-28
2020-04-02 10:24:14,569 INFO o.a.j.t.JMeterThread: Thread finished: Grupo De Hilos 1-28
2020-04-02 10:24:14,569 INFO o.a.j.t.JMeterThread: Stopping because end time detected by thread: Grupo De Hilos 1-4
2020-04-02 10:24:14,570 INFO o.a.j.t.JMeterThread: Stopping because end time detected by thread: Grupo De Hilos 1-18
2020-04-02 10:24:14,570 INFO o.a.j.t.JMeterThread: Thread finished: Grupo De Hilos 1-4
2020-04-02 10:24:14,570 INFO o.a.j.t.JMeterThread: Thread finished: Grupo De Hilos 1-18
2020-04-02 10:24:14,569 INFO o.a.j.t.JMeterThread: Thread finished: Grupo De Hilos 1-8
2020-04-02 10:24:14,571 INFO o.a.j.t.JMeterThread: Stopping because end time detected by thread: Grupo De Hilos 1-23
2020-04-02 10:24:14,571 INFO o.a.j.t.JMeterThread: Thread finished: Grupo De Hilos 1-23
2020-04-02 10:24:14,573 INFO o.a.j.t.JMeterThread: Stopping because end time detected by thread: Grupo De Hilos 1-35
2020-04-02 10:24:14,573 INFO o.a.j.t.JMeterThread: Stopping because end time detected by thread: Grupo De Hilos 1-33
2020-04-02 10:24:14,573 INFO o.a.j.t.JMeterThread: Thread finished: Grupo De Hilos 1-35
2020-04-02 10:24:14,573 INFO o.a.j.t.JMeterThread: Thread finished: Grupo De Hilos 1-33
2020-04-02 10:24:14,574 INFO o.a.j.t.JMeterThread: Stopping because end time detected by thread: Grupo De Hilos 1-37
2020-04-02 10:24:14,575 INFO o.a.j.t.JMeterThread: Thread finished: Grupo De Hilos 1-37
2020-04-02 10:24:14,576 INFO o.a.j.t.JMeterThread: Stopping because end time detected by thread: Grupo De Hilos 1-30
2020-04-02 10:24:14,576 INFO o.a.j.t.JMeterThread: Thread finished: Grupo De Hilos 1-30
2020-04-02 10:24:14,584 INFO o.a.j.t.JMeterThread: Stopping because end time detected by thread: Grupo De Hilos 1-54
2020-04-02 10:24:14,585 INFO o.a.j.t.JMeterThread: Thread finished: Grupo De Hilos 1-54
2020-04-02 10:24:14,585 INFO o.a.j.t.JMeterThread: Stopping because end time detected by thread: Grupo De Hilos 1-36
2020-04-02 10:24:14,585 INFO o.a.j.t.JMeterThread: Thread finished: Grupo De Hilos 1-36
2020-04-02 10:24:14,614 INFO o.a.j.t.JMeterThread: Stopping because end time detected by thread: Grupo De Hilos 1-26
2020-04-02 10:24:14,614 INFO o.a.j.t.JMeterThread: Stopping because end time detected by thread: Grupo De Hilos 1-32
2020-04-02 10:24:14,615 INFO o.a.j.t.JMeterThread: Thread finished: Grupo De Hilos 1-26
2020-04-02 10:24:14,615 INFO o.a.j.t.JMeterThread: Stopping because end time detected by thread: Grupo De Hilos 1-5
2020-04-02 10:24:14,615 INFO o.a.j.t.JMeterThread: Thread finished: Grupo De Hilos 1-32
2020-04-02 10:24:14,615 INFO o.a.j.t.JMeterThread: Stopping because end time detected by thread: Grupo De Hilos 1-64
2020-04-02 10:24:14,614 INFO o.a.j.t.JMeterThread: Stopping because end time detected by thread: Grupo De Hilos 1-81
2020-04-02 10:24:14,615 INFO o.a.j.t.JMeterThread: Thread finished: Grupo De Hilos 1-64
2020-04-02 10:24:14,615 INFO o.a.j.t.JMeterThread: Stopping because end time detected by thread: Grupo De Hilos 1-73
2020-04-02 10:24:14,616 INFO o.a.j.t.JMeterThread: Thread finished: Grupo De Hilos 1-73
2020-04-02 10:24:14,615 INFO o.a.j.t.JMeterThread: Thread finished: Grupo De Hilos 1-81
2020-04-02 10:24:14,616 INFO o.a.j.t.JMeterThread: Thread finished: Grupo De Hilos 1-5
2020-04-02 10:24:14,616 INFO o.a.j.t.JMeterThread: Stopping because end time detected by thread: Grupo De Hilos 1-20
2020-04-02 10:24:14,617 INFO o.a.j.t.JMeterThread: Thread finished: Grupo De Hilos 1-20
2020-04-02 10:24:14,615 INFO o.a.j.t.JMeterThread: Stopping because end time detected by thread: Grupo De Hilos 1-50
2020-04-02 10:24:14,617 INFO o.a.j.t.JMeterThread: Thread finished: Grupo De Hilos 1-50
2020-04-02 10:24:14,618 INFO o.a.j.t.JMeterThread: Stopping because end time detected by thread: Grupo De Hilos 1-60
2020-04-02 10:24:14,618 INFO o.a.j.t.JMeterThread: Stopping because end time detected by thread: Grupo De Hilos 1-16
2020-04-02 10:24:14,618 INFO o.a.j.t.JMeterThread: Thread finished: Grupo De Hilos 1-60
2020-04-02 10:24:14,618 INFO o.a.j.t.JMeterThread: Thread finished: Grupo De Hilos 1-16
2020-04-02 10:24:14,618 INFO o.a.j.t.JMeterThread: Stopping because end time detected by thread: Grupo De Hilos 1-43
2020-04-02 10:24:14,618 INFO o.a.j.t.JMeterThread: Thread finished: Grupo De Hilos 1-43
2020-04-02 10:24:14,621 INFO o.a.j.t.JMeterThread: Stopping because end time detected by thread: Grupo De Hilos 1-77
2020-04-02 10:24:14,621 INFO o.a.j.t.JMeterThread: Thread finished: Grupo De Hilos 1-77
2020-04-02 10:24:14,621 INFO o.a.j.t.JMeterThread: Stopping because end time detected by thread: Grupo De Hilos 1-15
2020-04-02 10:24:14,621 INFO o.a.j.t.JMeterThread: Stopping because end time detected by thread: Grupo De Hilos 1-49
2020-04-02 10:24:14,621 INFO o.a.j.t.JMeterThread: Thread finished: Grupo De Hilos 1-15
2020-04-02 10:24:14,621 INFO o.a.j.t.JMeterThread: Thread finished: Grupo De Hilos 1-49
2020-04-02 10:24:14,621 INFO o.a.j.t.JMeterThread: Stopping because end time detected by thread: Grupo De Hilos 1-82
2020-04-02 10:24:14,622 INFO o.a.j.t.JMeterThread: Thread finished: Grupo De Hilos 1-82
2020-04-02 10:24:14,622 INFO o.a.j.t.JMeterThread: Stopping because end time detected by thread: Grupo De Hilos 1-34
2020-04-02 10:24:14,622 INFO o.a.j.t.JMeterThread: Thread finished: Grupo De Hilos 1-34
2020-04-02 10:24:14,622 INFO o.a.j.t.JMeterThread: Stopping because end time detected by thread: Grupo De Hilos 1-69
2020-04-02 10:24:14,623 INFO o.a.j.t.JMeterThread: Stopping because end time detected by thread: Grupo De Hilos 1-10
2020-04-02 10:24:14,621 INFO o.a.j.t.JMeterThread: Stopping because end time detected by thread: Grupo De Hilos 1-41
2020-04-02 10:24:14,623 INFO o.a.j.t.JMeterThread: Thread finished: Grupo De Hilos 1-69
2020-04-02 10:24:14,623 INFO o.a.j.t.JMeterThread: Thread finished: Grupo De Hilos 1-41
2020-04-02 10:24:14,623 INFO o.a.j.t.JMeterThread: Thread finished: Grupo De Hilos 1-10
2020-04-02 10:24:14,621 INFO o.a.j.t.JMeterThread: Stopping because end time detected by thread: Grupo De Hilos 1-42
2020-04-02 10:24:14,623 INFO o.a.j.t.JMeterThread: Stopping because end time detected by thread: Grupo De Hilos 1-11
2020-04-02 10:24:14,623 INFO o.a.j.t.JMeterThread: Stopping because end time detected by thread: Grupo De Hilos 1-51
2020-04-02 10:24:14,623 INFO o.a.j.t.JMeterThread: Thread finished: Grupo De Hilos 1-42
2020-04-02 10:24:14,623 INFO o.a.j.t.JMeterThread: Thread finished: Grupo De Hilos 1-11
2020-04-02 10:24:14,621 INFO o.a.j.t.JMeterThread: Stopping because end time detected by thread: Grupo De Hilos 1-71
2020-04-02 10:24:14,624 INFO o.a.j.t.JMeterThread: Stopping because end time detected by thread: Grupo De Hilos 1-62
2020-04-02 10:24:14,624 INFO o.a.j.t.JMeterThread: Thread finished: Grupo De Hilos 1-71
2020-04-02 10:24:14,624 INFO o.a.j.t.JMeterThread: Thread finished: Grupo De Hilos 1-62
2020-04-02 10:24:14,622 INFO o.a.j.t.JMeterThread: Stopping because end time detected by thread: Grupo De Hilos 1-72
2020-04-02 10:24:14,624 INFO o.a.j.t.JMeterThread: Stopping because end time detected by thread: Grupo De Hilos 1-17
2020-04-02 10:24:14,625 INFO o.a.j.t.JMeterThread: Thread finished: Grupo De Hilos 1-17
2020-04-02 10:24:14,624 INFO o.a.j.t.JMeterThread: Thread finished: Grupo De Hilos 1-51
2020-04-02 10:24:14,625 INFO o.a.j.t.JMeterThread: Stopping because end time detected by thread: Grupo De Hilos 1-45
2020-04-02 10:24:14,624 INFO o.a.j.t.JMeterThread: Thread finished: Grupo De Hilos 1-72
2020-04-02 10:24:14,625 INFO o.a.j.t.JMeterThread: Thread finished: Grupo De Hilos 1-45
2020-04-02 10:24:14,625 INFO o.a.j.t.JMeterThread: Stopping because end time detected by thread: Grupo De Hilos 1-67
2020-04-02 10:24:14,626 INFO o.a.j.t.JMeterThread: Thread finished: Grupo De Hilos 1-67
2020-04-02 10:24:14,626 INFO o.a.j.t.JMeterThread: Stopping because end time detected by thread: Grupo De Hilos 1-75
2020-04-02 10:24:14,626 INFO o.a.j.t.JMeterThread: Thread finished: Grupo De Hilos 1-75
2020-04-02 10:24:14,626 INFO o.a.j.t.JMeterThread: Stopping because end time detected by thread: Grupo De Hilos 1-59
2020-04-02 10:24:14,626 INFO o.a.j.t.JMeterThread: Stopping because end time detected by thread: Grupo De Hilos 1-22
2020-04-02 10:24:14,627 INFO o.a.j.t.JMeterThread: Thread finished: Grupo De Hilos 1-59
2020-04-02 10:24:14,627 INFO o.a.j.t.JMeterThread: Thread finished: Grupo De Hilos 1-22
2020-04-02 10:24:14,627 INFO o.a.j.t.JMeterThread: Stopping because end time detected by thread: Grupo De Hilos 1-40
2020-04-02 10:24:14,627 INFO o.a.j.t.JMeterThread: Thread finished: Grupo De Hilos 1-40
2020-04-02 10:24:14,628 INFO o.a.j.t.JMeterThread: Stopping because end time detected by thread: Grupo De Hilos 1-65
2020-04-02 10:24:14,628 INFO o.a.j.t.JMeterThread: Thread finished: Grupo De Hilos 1-65
2020-04-02 10:24:14,628 INFO o.a.j.t.JMeterThread: Stopping because end time detected by thread: Grupo De Hilos 1-76
2020-04-02 10:24:14,628 INFO o.a.j.t.JMeterThread: Thread finished: Grupo De Hilos 1-76
2020-04-02 10:24:14,637 INFO o.a.j.t.JMeterThread: Stopping because end time detected by thread: Grupo De Hilos 1-84
2020-04-02 10:24:14,637 INFO o.a.j.t.JMeterThread: Stopping because end time detected by thread: Grupo De Hilos 1-80
2020-04-02 10:24:14,637 INFO o.a.j.t.JMeterThread: Thread finished: Grupo De Hilos 1-84
2020-04-02 10:24:14,637 INFO o.a.j.t.JMeterThread: Stopping because end time detected by thread: Grupo De Hilos 1-56
2020-04-02 10:24:14,637 INFO o.a.j.t.JMeterThread: Stopping because end time detected by thread: Grupo De Hilos 1-38
2020-04-02 10:24:14,638 INFO o.a.j.t.JMeterThread: Thread finished: Grupo De Hilos 1-38
2020-04-02 10:24:14,638 INFO o.a.j.t.JMeterThread: Thread finished: Grupo De Hilos 1-56
2020-04-02 10:24:14,638 INFO o.a.j.t.JMeterThread: Stopping because end time detected by thread: Grupo De Hilos 1-79
2020-04-02 10:24:14,638 INFO o.a.j.t.JMeterThread: Thread finished: Grupo De Hilos 1-79
2020-04-02 10:24:14,638 INFO o.a.j.t.JMeterThread: Thread finished: Grupo De Hilos 1-80
2020-04-02 10:24:14,641 INFO o.a.j.t.JMeterThread: Stopping because end time detected by thread: Grupo De Hilos 1-48
2020-04-02 10:24:14,642 INFO o.a.j.t.JMeterThread: Thread finished: Grupo De Hilos 1-48
2020-04-02 10:24:14,642 INFO o.a.j.t.JMeterThread: Stopping because end time detected by thread: Grupo De Hilos 1-74
2020-04-02 10:24:14,642 INFO o.a.j.t.JMeterThread: Thread finished: Grupo De Hilos 1-74
2020-04-02 10:24:14,642 INFO o.a.j.t.JMeterThread: Stopping because end time detected by thread: Grupo De Hilos 1-31
2020-04-02 10:24:14,642 INFO o.a.j.t.JMeterThread: Stopping because end time detected by thread: Grupo De Hilos 1-47
2020-04-02 10:24:14,642 INFO o.a.j.t.JMeterThread: Stopping because end time detected by thread: Grupo De Hilos 1-63
2020-04-02 10:24:14,643 INFO o.a.j.t.JMeterThread: Thread finished: Grupo De Hilos 1-47
2020-04-02 10:24:14,643 INFO o.a.j.t.JMeterThread: Thread finished: Grupo De Hilos 1-31
2020-04-02 10:24:14,643 INFO o.a.j.t.JMeterThread: Thread finished: Grupo De Hilos 1-63
2020-04-02 10:24:14,642 INFO o.a.j.t.JMeterThread: Stopping because end time detected by thread: Grupo De Hilos 1-55
2020-04-02 10:24:14,643 INFO o.a.j.t.JMeterThread: Thread finished: Grupo De Hilos 1-55
2020-04-02 10:24:14,644 INFO o.a.j.t.JMeterThread: Stopping because end time detected by thread: Grupo De Hilos 1-27
2020-04-02 10:24:14,644 INFO o.a.j.t.JMeterThread: Thread finished: Grupo De Hilos 1-27
2020-04-02 10:24:14,644 INFO o.a.j.t.JMeterThread: Stopping because end time detected by thread: Grupo De Hilos 1-29
2020-04-02 10:24:14,644 INFO o.a.j.t.JMeterThread: Thread finished: Grupo De Hilos 1-29
2020-04-02 10:24:14,645 INFO o.a.j.t.JMeterThread: Stopping because end time detected by thread: Grupo De Hilos 1-70
2020-04-02 10:24:14,645 INFO o.a.j.t.JMeterThread: Stopping because end time detected by thread: Grupo De Hilos 1-46
2020-04-02 10:24:14,645 INFO o.a.j.t.JMeterThread: Stopping because end time detected by thread: Grupo De Hilos 1-57
2020-04-02 10:24:14,645 INFO o.a.j.t.JMeterThread: Thread finished: Grupo De Hilos 1-57
2020-04-02 10:24:14,645 INFO o.a.j.t.JMeterThread: Thread finished: Grupo De Hilos 1-70
2020-04-02 10:24:14,646 INFO o.a.j.t.JMeterThread: Thread finished: Grupo De Hilos 1-46
2020-04-02 10:24:14,665 INFO o.a.j.t.JMeterThread: Stopping because end time detected by thread: Grupo De Hilos 1-44
2020-04-02 10:24:14,666 INFO o.a.j.t.JMeterThread: Thread finished: Grupo De Hilos 1-44
2020-04-02 10:24:14,666 INFO o.a.j.t.JMeterThread: Stopping because end time detected by thread: Grupo De Hilos 1-58
2020-04-02 10:24:14,666 INFO o.a.j.t.JMeterThread: Thread finished: Grupo De Hilos 1-58
2020-04-02 10:24:14,666 INFO o.a.j.t.JMeterThread: Stopping because end time detected by thread: Grupo De Hilos 1-93
2020-04-02 10:24:14,666 INFO o.a.j.t.JMeterThread: Thread finished: Grupo De Hilos 1-93
2020-04-02 10:24:14,667 INFO o.a.j.t.JMeterThread: Stopping because end time detected by thread: Grupo De Hilos 1-85
2020-04-02 10:24:14,667 INFO o.a.j.t.JMeterThread: Thread finished: Grupo De Hilos 1-85
2020-04-02 10:24:14,667 INFO o.a.j.t.JMeterThread: Stopping because end time detected by thread: Grupo De Hilos 1-87
2020-04-02 10:24:14,667 INFO o.a.j.t.JMeterThread: Stopping because end time detected by thread: Grupo De Hilos 1-39
2020-04-02 10:24:14,668 INFO o.a.j.t.JMeterThread: Thread finished: Grupo De Hilos 1-87
2020-04-02 10:24:14,668 INFO o.a.j.t.JMeterThread: Thread finished: Grupo De Hilos 1-39
2020-04-02 10:24:14,669 INFO o.a.j.t.JMeterThread: Stopping because end time detected by thread: Grupo De Hilos 1-89
2020-04-02 10:24:14,669 INFO o.a.j.t.JMeterThread: Thread finished: Grupo De Hilos 1-89
2020-04-02 10:24:14,674 INFO o.a.j.t.JMeterThread: Stopping because end time detected by thread: Grupo De Hilos 1-92
2020-04-02 10:24:14,674 INFO o.a.j.t.JMeterThread: Stopping because end time detected by thread: Grupo De Hilos 1-115
2020-04-02 10:24:14,675 INFO o.a.j.t.JMeterThread: Thread finished: Grupo De Hilos 1-92
2020-04-02 10:24:14,675 INFO o.a.j.t.JMeterThread: Stopping because end time detected by thread: Grupo De Hilos 1-108
2020-04-02 10:24:14,675 INFO o.a.j.t.JMeterThread: Stopping because end time detected by thread: Grupo De Hilos 1-90
2020-04-02 10:24:14,675 INFO o.a.j.t.JMeterThread: Thread finished: Grupo De Hilos 1-90
2020-04-02 10:24:14,675 INFO o.a.j.t.JMeterThread: Stopping because end time detected by thread: Grupo De Hilos 1-100
2020-04-02 10:24:14,676 INFO o.a.j.t.JMeterThread: Thread finished: Grupo De Hilos 1-100
2020-04-02 10:24:14,674 INFO o.a.j.t.JMeterThread: Stopping because end time detected by thread: Grupo De Hilos 1-99
2020-04-02 10:24:14,676 INFO o.a.j.t.JMeterThread: Thread finished: Grupo De Hilos 1-99
2020-04-02 10:24:14,676 INFO o.a.j.t.JMeterThread: Thread finished: Grupo De Hilos 1-115
2020-04-02 10:24:14,676 INFO o.a.j.t.JMeterThread: Stopping because end time detected by thread: Grupo De Hilos 1-113
2020-04-02 10:24:14,677 INFO o.a.j.t.JMeterThread: Stopping because end time detected by thread: Grupo De Hilos 1-111
2020-04-02 10:24:14,677 INFO o.a.j.t.JMeterThread: Thread finished: Grupo De Hilos 1-113
2020-04-02 10:24:14,677 INFO o.a.j.t.JMeterThread: Thread finished: Grupo De Hilos 1-108
2020-04-02 10:24:14,677 INFO o.a.j.t.JMeterThread: Stopping because end time detected by thread: Grupo De Hilos 1-21
2020-04-02 10:24:14,677 INFO o.a.j.t.JMeterThread: Thread finished: Grupo De Hilos 1-111
2020-04-02 10:24:14,678 INFO o.a.j.t.JMeterThread: Stopping because end time detected by thread: Grupo De Hilos 1-112
2020-04-02 10:24:14,678 INFO o.a.j.t.JMeterThread: Thread finished: Grupo De Hilos 1-112
2020-04-02 10:24:14,678 INFO o.a.j.t.JMeterThread: Stopping because end time detected by thread: Grupo De Hilos 1-122
2020-04-02 10:24:14,678 INFO o.a.j.t.JMeterThread: Thread finished: Grupo De Hilos 1-122
2020-04-02 10:24:14,678 INFO o.a.j.t.JMeterThread: Thread finished: Grupo De Hilos 1-21
2020-04-02 10:24:14,678 INFO o.a.j.t.JMeterThread: Stopping because end time detected by thread: Grupo De Hilos 1-98
2020-04-02 10:24:14,679 INFO o.a.j.t.JMeterThread: Stopping because end time detected by thread: Grupo De Hilos 1-66
2020-04-02 10:24:14,679 INFO o.a.j.t.JMeterThread: Thread finished: Grupo De Hilos 1-66
2020-04-02 10:24:14,679 INFO o.a.j.t.JMeterThread: Stopping because end time detected by thread: Grupo De Hilos 1-118
2020-04-02 10:24:14,679 INFO o.a.j.t.JMeterThread: Thread finished: Grupo De Hilos 1-98
2020-04-02 10:24:14,679 INFO o.a.j.t.JMeterThread: Thread finished: Grupo De Hilos 1-118
2020-04-02 10:24:14,679 INFO o.a.j.t.JMeterThread: Stopping because end time detected by thread: Grupo De Hilos 1-88
2020-04-02 10:24:14,679 INFO o.a.j.t.JMeterThread: Thread finished: Grupo De Hilos 1-88
2020-04-02 10:24:14,680 INFO o.a.j.t.JMeterThread: Stopping because end time detected by thread: Grupo De Hilos 1-61
2020-04-02 10:24:14,680 INFO o.a.j.t.JMeterThread: Thread finished: Grupo De Hilos 1-61
2020-04-02 10:24:14,680 INFO o.a.j.t.JMeterThread: Stopping because end time detected by thread: Grupo De Hilos 1-102
2020-04-02 10:24:14,680 INFO o.a.j.t.JMeterThread: Thread finished: Grupo De Hilos 1-102
2020-04-02 10:24:14,690 INFO o.a.j.t.JMeterThread: Stopping because end time detected by thread: Grupo De Hilos 1-91
2020-04-02 10:24:14,690 INFO o.a.j.t.JMeterThread: Stopping because end time detected by thread: Grupo De Hilos 1-94
2020-04-02 10:24:14,690 INFO o.a.j.t.JMeterThread: Stopping because end time detected by thread: Grupo De Hilos 1-119
2020-04-02 10:24:14,690 INFO o.a.j.t.JMeterThread: Thread finished: Grupo De Hilos 1-91
2020-04-02 10:24:14,690 INFO o.a.j.t.JMeterThread: Thread finished: Grupo De Hilos 1-94
2020-04-02 10:24:14,691 INFO o.a.j.t.JMeterThread: Stopping because end time detected by thread: Grupo De Hilos 1-86
2020-04-02 10:24:14,691 INFO o.a.j.t.JMeterThread: Thread finished: Grupo De Hilos 1-119
2020-04-02 10:24:14,691 INFO o.a.j.t.JMeterThread: Thread finished: Grupo De Hilos 1-86
2020-04-02 10:24:14,692 INFO o.a.j.t.JMeterThread: Stopping because end time detected by thread: Grupo De Hilos 1-97
2020-04-02 10:24:14,692 INFO o.a.j.t.JMeterThread: Stopping because end time detected by thread: Grupo De Hilos 1-52
2020-04-02 10:24:14,692 INFO o.a.j.t.JMeterThread: Thread finished: Grupo De Hilos 1-97
2020-04-02 10:24:14,692 INFO o.a.j.t.JMeterThread: Thread finished: Grupo De Hilos 1-52
2020-04-02 10:24:14,692 INFO o.a.j.t.JMeterThread: Stopping because end time detected by thread: Grupo De Hilos 1-101
2020-04-02 10:24:14,692 INFO o.a.j.t.JMeterThread: Thread finished: Grupo De Hilos 1-101
2020-04-02 10:24:14,692 INFO o.a.j.t.JMeterThread: Stopping because end time detected by thread: Grupo De Hilos 1-128
2020-04-02 10:24:14,693 INFO o.a.j.t.JMeterThread: Thread finished: Grupo De Hilos 1-128
2020-04-02 10:24:14,693 INFO o.a.j.t.JMeterThread: Stopping because end time detected by thread: Grupo De Hilos 1-117
2020-04-02 10:24:14,693 INFO o.a.j.t.JMeterThread: Thread finished: Grupo De Hilos 1-117
2020-04-02 10:24:14,696 INFO o.a.j.t.JMeterThread: Stopping because end time detected by thread: Grupo De Hilos 1-96
2020-04-02 10:24:14,696 INFO o.a.j.t.JMeterThread: Thread finished: Grupo De Hilos 1-96
2020-04-02 10:24:14,696 INFO o.a.j.t.JMeterThread: Stopping because end time detected by thread: Grupo De Hilos 1-103
2020-04-02 10:24:14,697 INFO o.a.j.t.JMeterThread: Stopping because end time detected by thread: Grupo De Hilos 1-105
2020-04-02 10:24:14,697 INFO o.a.j.t.JMeterThread: Thread finished: Grupo De Hilos 1-105
2020-04-02 10:24:14,697 INFO o.a.j.t.JMeterThread: Thread finished: Grupo De Hilos 1-103
2020-04-02 10:24:14,697 INFO o.a.j.t.JMeterThread: Stopping because end time detected by thread: Grupo De Hilos 1-126
2020-04-02 10:24:14,697 INFO o.a.j.t.JMeterThread: Thread finished: Grupo De Hilos 1-126
2020-04-02 10:24:14,698 INFO o.a.j.t.JMeterThread: Stopping because end time detected by thread: Grupo De Hilos 1-116
2020-04-02 10:24:14,698 INFO o.a.j.t.JMeterThread: Thread finished: Grupo De Hilos 1-116
2020-04-02 10:24:14,705 INFO o.a.j.t.JMeterThread: Stopping because end time detected by thread: Grupo De Hilos 1-53
2020-04-02 10:24:14,705 INFO o.a.j.t.JMeterThread: Stopping because end time detected by thread: Grupo De Hilos 1-104
2020-04-02 10:24:14,705 INFO o.a.j.t.JMeterThread: Stopping because end time detected by thread: Grupo De Hilos 1-78
2020-04-02 10:24:14,706 INFO o.a.j.t.JMeterThread: Stopping because end time detected by thread: Grupo De Hilos 1-109
2020-04-02 10:24:14,706 INFO o.a.j.t.JMeterThread: Stopping because end time detected by thread: Grupo De Hilos 1-114
2020-04-02 10:24:14,706 INFO o.a.j.t.JMeterThread: Thread finished: Grupo De Hilos 1-78
2020-04-02 10:24:14,706 INFO o.a.j.t.JMeterThread: Thread finished: Grupo De Hilos 1-109
2020-04-02 10:24:14,706 INFO o.a.j.t.JMeterThread: Thread finished: Grupo De Hilos 1-114
2020-04-02 10:24:14,705 INFO o.a.j.t.JMeterThread: Thread finished: Grupo De Hilos 1-53
2020-04-02 10:24:14,706 INFO o.a.j.t.JMeterThread: Stopping because end time detected by thread: Grupo De Hilos 1-127
2020-04-02 10:24:14,705 INFO o.a.j.t.JMeterThread: Stopping because end time detected by thread: Grupo De Hilos 1-107
2020-04-02 10:24:14,705 INFO o.a.j.t.JMeterThread: Stopping because end time detected by thread: Grupo De Hilos 1-68
2020-04-02 10:24:14,706 INFO o.a.j.t.JMeterThread: Thread finished: Grupo De Hilos 1-68
2020-04-02 10:24:14,706 INFO o.a.j.t.JMeterThread: Thread finished: Grupo De Hilos 1-107
2020-04-02 10:24:14,705 INFO o.a.j.t.JMeterThread: Stopping because end time detected by thread: Grupo De Hilos 1-123
2020-04-02 10:24:14,707 INFO o.a.j.t.JMeterThread: Thread finished: Grupo De Hilos 1-123
2020-04-02 10:24:14,705 INFO o.a.j.t.JMeterThread: Stopping because end time detected by thread: Grupo De Hilos 1-83
2020-04-02 10:24:14,707 INFO o.a.j.t.JMeterThread: Thread finished: Grupo De Hilos 1-104
2020-04-02 10:24:14,707 INFO o.a.j.t.JMeterThread: Thread finished: Grupo De Hilos 1-83
2020-04-02 10:24:14,705 INFO o.a.j.t.JMeterThread: Stopping because end time detected by thread: Grupo De Hilos 1-130
2020-04-02 10:24:14,707 INFO o.a.j.t.JMeterThread: Thread finished: Grupo De Hilos 1-130
2020-04-02 10:24:14,707 INFO o.a.j.t.JMeterThread: Thread finished: Grupo De Hilos 1-127
2020-04-02 10:24:14,732 INFO o.a.j.t.JMeterThread: Stopping because end time detected by thread: Grupo De Hilos 1-129
2020-04-02 10:24:14,732 INFO o.a.j.t.JMeterThread: Stopping because end time detected by thread: Grupo De Hilos 1-124
2020-04-02 10:24:14,732 INFO o.a.j.t.JMeterThread: Stopping because end time detected by thread: Grupo De Hilos 1-136
2020-04-02 10:24:14,732 INFO o.a.j.t.JMeterThread: Stopping because end time detected by thread: Grupo De Hilos 1-106
2020-04-02 10:24:14,732 INFO o.a.j.t.JMeterThread: Thread finished: Grupo De Hilos 1-129
2020-04-02 10:24:14,732 INFO o.a.j.t.JMeterThread: Thread finished: Grupo De Hilos 1-136
2020-04-02 10:24:14,732 INFO o.a.j.t.JMeterThread: Thread finished: Grupo De Hilos 1-106
2020-04-02 10:24:14,733 INFO o.a.j.t.JMeterThread: Stopping because end time detected by thread: Grupo De Hilos 1-95
2020-04-02 10:24:14,733 INFO o.a.j.t.JMeterThread: Stopping because end time detected by thread: Grupo De Hilos 1-120
2020-04-02 10:24:14,733 INFO o.a.j.t.JMeterThread: Stopping because end time detected by thread: Grupo De Hilos 1-135
2020-04-02 10:24:14,733 INFO o.a.j.t.JMeterThread: Thread finished: Grupo De Hilos 1-95
2020-04-02 10:24:14,733 INFO o.a.j.t.JMeterThread: Thread finished: Grupo De Hilos 1-120
2020-04-02 10:24:14,733 INFO o.a.j.t.JMeterThread: Thread finished: Grupo De Hilos 1-124
2020-04-02 10:24:14,733 INFO o.a.j.t.JMeterThread: Stopping because end time detected by thread: Grupo De Hilos 1-149
2020-04-02 10:24:14,734 INFO o.a.j.t.JMeterThread: Thread finished: Grupo De Hilos 1-149
2020-04-02 10:24:14,734 INFO o.a.j.t.JMeterThread: Stopping because end time detected by thread: Grupo De Hilos 1-110
2020-04-02 10:24:14,733 INFO o.a.j.t.JMeterThread: Thread finished: Grupo De Hilos 1-135
2020-04-02 10:24:14,734 INFO o.a.j.t.JMeterThread: Thread finished: Grupo De Hilos 1-110
2020-04-02 10:24:14,735 INFO o.a.j.t.JMeterThread: Stopping because end time detected by thread: Grupo De Hilos 1-150
2020-04-02 10:24:14,735 INFO o.a.j.t.JMeterThread: Stopping because end time detected by thread: Grupo De Hilos 1-125
2020-04-02 10:24:14,735 INFO o.a.j.t.JMeterThread: Stopping because end time detected by thread: Grupo De Hilos 1-141
2020-04-02 10:24:14,735 INFO o.a.j.t.JMeterThread: Thread finished: Grupo De Hilos 1-150
2020-04-02 10:24:14,735 INFO o.a.j.t.JMeterThread: Thread finished: Grupo De Hilos 1-141
2020-04-02 10:24:14,735 INFO o.a.j.t.JMeterThread: Thread finished: Grupo De Hilos 1-125
2020-04-02 10:24:14,735 INFO o.a.j.t.JMeterThread: Stopping because end time detected by thread: Grupo De Hilos 1-145
2020-04-02 10:24:14,735 INFO o.a.j.t.JMeterThread: Thread finished: Grupo De Hilos 1-145
2020-04-02 10:24:14,736 INFO o.a.j.t.JMeterThread: Stopping because end time detected by thread: Grupo De Hilos 1-147
2020-04-02 10:24:14,735 INFO o.a.j.t.JMeterThread: Stopping because end time detected by thread: Grupo De Hilos 1-131
2020-04-02 10:24:14,736 INFO o.a.j.t.JMeterThread: Thread finished: Grupo De Hilos 1-147
2020-04-02 10:24:14,736 INFO o.a.j.t.JMeterThread: Thread finished: Grupo De Hilos 1-131
2020-04-02 10:24:14,736 INFO o.a.j.t.JMeterThread: Stopping because end time detected by thread: Grupo De Hilos 1-138
2020-04-02 10:24:14,736 INFO o.a.j.t.JMeterThread: Thread finished: Grupo De Hilos 1-138
2020-04-02 10:24:14,736 INFO o.a.j.t.JMeterThread: Stopping because end time detected by thread: Grupo De Hilos 1-121
2020-04-02 10:24:14,736 INFO o.a.j.t.JMeterThread: Thread finished: Grupo De Hilos 1-121
2020-04-02 10:24:14,737 INFO o.a.j.t.JMeterThread: Stopping because end time detected by thread: Grupo De Hilos 1-134
2020-04-02 10:24:14,737 INFO o.a.j.t.JMeterThread: Stopping because end time detected by thread: Grupo De Hilos 1-144
2020-04-02 10:24:14,737 INFO o.a.j.t.JMeterThread: Thread finished: Grupo De Hilos 1-134
2020-04-02 10:24:14,737 INFO o.a.j.t.JMeterThread: Thread finished: Grupo De Hilos 1-144
2020-04-02 10:24:14,738 INFO o.a.j.t.JMeterThread: Stopping because end time detected by thread: Grupo De Hilos 1-143
2020-04-02 10:24:14,738 INFO o.a.j.t.JMeterThread: Thread finished: Grupo De Hilos 1-143
2020-04-02 10:24:14,738 INFO o.a.j.t.JMeterThread: Stopping because end time detected by thread: Grupo De Hilos 1-148
2020-04-02 10:24:14,738 INFO o.a.j.t.JMeterThread: Thread finished: Grupo De Hilos 1-148
2020-04-02 10:24:14,738 INFO o.a.j.t.JMeterThread: Stopping because end time detected by thread: Grupo De Hilos 1-133
2020-04-02 10:24:14,739 INFO o.a.j.t.JMeterThread: Stopping because end time detected by thread: Grupo De Hilos 1-137
2020-04-02 10:24:14,739 INFO o.a.j.t.JMeterThread: Stopping because end time detected by thread: Grupo De Hilos 1-146
2020-04-02 10:24:14,738 INFO o.a.j.t.JMeterThread: Stopping because end time detected by thread: Grupo De Hilos 1-142
2020-04-02 10:24:14,739 INFO o.a.j.t.JMeterThread: Stopping because end time detected by thread: Grupo De Hilos 1-140
2020-04-02 10:24:14,739 INFO o.a.j.t.JMeterThread: Stopping because end time detected by thread: Grupo De Hilos 1-132
2020-04-02 10:24:14,739 INFO o.a.j.t.JMeterThread: Thread finished: Grupo De Hilos 1-132
2020-04-02 10:24:14,739 INFO o.a.j.t.JMeterThread: Thread finished: Grupo De Hilos 1-142
2020-04-02 10:24:14,739 INFO o.a.j.t.JMeterThread: Thread finished: Grupo De Hilos 1-140
2020-04-02 10:24:14,741 INFO o.a.j.t.JMeterThread: Thread finished: Grupo De Hilos 1-146
2020-04-02 10:24:14,740 INFO o.a.j.t.JMeterThread: Thread finished: Grupo De Hilos 1-133
2020-04-02 10:24:14,739 INFO o.a.j.t.JMeterThread: Thread finished: Grupo De Hilos 1-137
2020-04-02 10:24:14,750 INFO o.a.j.t.JMeterThread: Stopping because end time detected by thread: Grupo De Hilos 1-139
2020-04-02 10:24:14,751 INFO o.a.j.t.JMeterThread: Thread finished: Grupo De Hilos 1-139
2020-04-02 10:24:14,751 INFO o.a.j.e.StandardJMeterEngine: Notifying test listeners of end of test
2020-04-02 10:24:14,753 INFO o.a.j.r.Summariser: summary +  28355 in 00:00:15 = 1922.8/s Avg:    77 Min:    28 Max:  1098 Err:     0 (0.00%) Active: 0 Started: 150 Finished: 150
2020-04-02 10:24:14,754 INFO o.a.j.r.Summariser: summary = 554877 in 00:05:00 = 1847.2/s Avg:    72 Min:    13 Max:  3165 Err:     0 (0.00%)
