2020-04-02 10:24:17,184 INFO o.a.j.u.JMeterUtils: Setting Locale to en_US
2020-04-02 10:24:17,216 INFO o.a.j.JMeter: Loading user properties from: /home/pablo/jmeter/bin/user.properties
2020-04-02 10:24:17,217 INFO o.a.j.JMeter: Loading system properties from: /home/pablo/jmeter/bin/system.properties
2020-04-02 10:24:17,218 INFO o.a.j.JMeter: Setting System property: HILOS=300
2020-04-02 10:24:17,218 INFO o.a.j.JMeter: Setting System property: SUBIDA=120
2020-04-02 10:24:17,218 INFO o.a.j.JMeter: Setting System property: DURACION=360
2020-04-02 10:24:17,219 INFO o.a.j.JMeter: Setting System property: PAGE=/test/imagenp.html
2020-04-02 10:24:17,219 INFO o.a.j.JMeter: Setting System property: FILE=scriptresultsperfmonP300.jtl
2020-04-02 10:24:17,222 INFO o.a.j.JMeter: Copyright (c) 1998-2019 The Apache Software Foundation
2020-04-02 10:24:17,222 INFO o.a.j.JMeter: Version 5.2.1
2020-04-02 10:24:17,222 INFO o.a.j.JMeter: java.version=1.8.0_201
2020-04-02 10:24:17,223 INFO o.a.j.JMeter: java.vm.name=Java HotSpot(TM) 64-Bit Server VM
2020-04-02 10:24:17,223 INFO o.a.j.JMeter: os.name=Linux
2020-04-02 10:24:17,223 INFO o.a.j.JMeter: os.arch=amd64
2020-04-02 10:24:17,223 INFO o.a.j.JMeter: os.version=4.15.0-91-generic
2020-04-02 10:24:17,224 INFO o.a.j.JMeter: file.encoding=UTF-8
2020-04-02 10:24:17,224 INFO o.a.j.JMeter: java.awt.headless=true
2020-04-02 10:24:17,224 INFO o.a.j.JMeter: Max memory     =732954624
2020-04-02 10:24:17,225 INFO o.a.j.JMeter: Available Processors =4
2020-04-02 10:24:17,233 INFO o.a.j.JMeter: Default Locale=English (United States)
2020-04-02 10:24:17,233 INFO o.a.j.JMeter: JMeter  Locale=English (United States)
2020-04-02 10:24:17,234 INFO o.a.j.JMeter: JMeterHome=/home/pablo/jmeter
2020-04-02 10:24:17,234 INFO o.a.j.JMeter: user.dir  =/home/pablo/jmeter/bin/EJECUCIONES/P1
2020-04-02 10:24:17,234 INFO o.a.j.JMeter: PWD       =/home/pablo/jmeter/bin/EJECUCIONES/P1
2020-04-02 10:24:17,235 INFO o.a.j.JMeter: IP: 127.0.1.1 Name: hylianpablo FullName: hylianpablo
2020-04-02 10:24:17,245 INFO o.a.j.s.FileServer: Default base='/home/pablo/jmeter/bin/EJECUCIONES/P1'
2020-04-02 10:24:17,256 INFO o.a.j.s.FileServer: Set new base='/home/pablo/jmeter/bin/EJECUCIONES/P1/../..'
2020-04-02 10:24:17,566 INFO o.a.j.s.SaveService: Testplan (JMX) version: 2.2. Testlog (JTL) version: 2.2
2020-04-02 10:24:17,586 INFO o.a.j.s.SaveService: Using SaveService properties file encoding UTF-8
2020-04-02 10:24:17,599 INFO o.a.j.s.SaveService: Using SaveService properties version 5.0
2020-04-02 10:24:17,619 INFO o.a.j.s.SaveService: Loading file: ../../Correcto.jmx
2020-04-02 10:24:17,798 INFO o.a.j.p.h.s.HTTPSamplerBase: Parser for text/html is org.apache.jmeter.protocol.http.parser.LagartoBasedHtmlParser
2020-04-02 10:24:17,799 INFO o.a.j.p.h.s.HTTPSamplerBase: Parser for application/xhtml+xml is org.apache.jmeter.protocol.http.parser.LagartoBasedHtmlParser
2020-04-02 10:24:17,799 INFO o.a.j.p.h.s.HTTPSamplerBase: Parser for application/xml is org.apache.jmeter.protocol.http.parser.LagartoBasedHtmlParser
2020-04-02 10:24:17,799 INFO o.a.j.p.h.s.HTTPSamplerBase: Parser for text/xml is org.apache.jmeter.protocol.http.parser.LagartoBasedHtmlParser
2020-04-02 10:24:17,800 INFO o.a.j.p.h.s.HTTPSamplerBase: Parser for text/vnd.wap.wml is org.apache.jmeter.protocol.http.parser.RegexpHTMLParser
2020-04-02 10:24:17,800 INFO o.a.j.p.h.s.HTTPSamplerBase: Parser for text/css is org.apache.jmeter.protocol.http.parser.CssParser
2020-04-02 10:24:17,829 INFO o.a.j.JMeter: Creating summariser <summary>
2020-04-02 10:24:17,845 INFO o.a.j.e.StandardJMeterEngine: Running the test!
2020-04-02 10:24:17,848 INFO o.a.j.s.SampleEvent: List of sample_variables: []
2020-04-02 10:24:17,848 INFO o.a.j.s.SampleEvent: List of sample_variables: []
2020-04-02 10:24:17,866 INFO o.a.j.e.u.CompoundVariable: Note: Function class names must contain the string: '.functions.'
2020-04-02 10:24:17,867 INFO o.a.j.e.u.CompoundVariable: Note: Function class names must not contain the string: '.gui.'
2020-04-02 10:24:18,815 INFO o.a.j.JMeter: Running test (1585815858815)
2020-04-02 10:24:18,888 INFO o.a.j.e.StandardJMeterEngine: Starting ThreadGroup: 1 : Grupo De Hilos
2020-04-02 10:24:18,889 INFO o.a.j.e.StandardJMeterEngine: Starting 300 threads for group Grupo De Hilos.
2020-04-02 10:24:18,889 INFO o.a.j.e.StandardJMeterEngine: Thread will continue on error
2020-04-02 10:24:18,890 INFO o.a.j.t.ThreadGroup: Starting thread group... number=1 threads=300 ramp-up=120 delayedStart=false
2020-04-02 10:24:18,932 INFO o.a.j.t.JMeterThread: Thread started: Grupo De Hilos 1-1
2020-04-02 10:24:18,996 INFO o.a.j.p.h.s.HTTPHCAbstractImpl: Local host = hylianpablo
2020-04-02 10:24:19,016 INFO o.a.j.p.h.s.HTTPHC4Impl: HTTP request retry count = 0
2020-04-02 10:24:19,022 INFO o.a.j.s.SampleResult: Note: Sample TimeStamps are START times
2020-04-02 10:24:19,022 INFO o.a.j.s.SampleResult: sampleresult.default.encoding is set to ISO-8859-1
2020-04-02 10:24:19,022 INFO o.a.j.s.SampleResult: sampleresult.useNanoTime=true
2020-04-02 10:24:19,023 INFO o.a.j.s.SampleResult: sampleresult.nanoThreadSleep=5000
2020-04-02 10:24:19,327 INFO o.a.j.t.JMeterThread: Thread started: Grupo De Hilos 1-2
2020-04-02 10:24:19,381 INFO o.a.j.t.ThreadGroup: Started thread group number 1
2020-04-02 10:24:19,381 INFO o.a.j.e.StandardJMeterEngine: All thread groups have been started
2020-04-02 10:24:19,718 INFO o.a.j.t.JMeterThread: Thread started: Grupo De Hilos 1-3
2020-04-02 10:24:20,117 INFO o.a.j.t.JMeterThread: Thread started: Grupo De Hilos 1-4
2020-04-02 10:24:20,492 INFO o.a.j.t.JMeterThread: Thread started: Grupo De Hilos 1-5
2020-04-02 10:24:20,892 INFO o.a.j.t.JMeterThread: Thread started: Grupo De Hilos 1-6
2020-04-02 10:24:21,293 INFO o.a.j.t.JMeterThread: Thread started: Grupo De Hilos 1-7
2020-04-02 10:24:21,697 INFO o.a.j.t.JMeterThread: Thread started: Grupo De Hilos 1-8
2020-04-02 10:24:22,092 INFO o.a.j.t.JMeterThread: Thread started: Grupo De Hilos 1-9
2020-04-02 10:24:22,495 INFO o.a.j.t.JMeterThread: Thread started: Grupo De Hilos 1-10
2020-04-02 10:24:22,893 INFO o.a.j.t.JMeterThread: Thread started: Grupo De Hilos 1-11
2020-04-02 10:24:23,293 INFO o.a.j.t.JMeterThread: Thread started: Grupo De Hilos 1-12
2020-04-02 10:24:23,696 INFO o.a.j.t.JMeterThread: Thread started: Grupo De Hilos 1-13
2020-04-02 10:24:24,094 INFO o.a.j.t.JMeterThread: Thread started: Grupo De Hilos 1-14
2020-04-02 10:24:24,493 INFO o.a.j.t.JMeterThread: Thread started: Grupo De Hilos 1-15
2020-04-02 10:24:24,892 INFO o.a.j.t.JMeterThread: Thread started: Grupo De Hilos 1-16
2020-04-02 10:24:25,292 INFO o.a.j.t.JMeterThread: Thread started: Grupo De Hilos 1-17
2020-04-02 10:24:25,693 INFO o.a.j.t.JMeterThread: Thread started: Grupo De Hilos 1-18
2020-04-02 10:24:26,096 INFO o.a.j.t.JMeterThread: Thread started: Grupo De Hilos 1-19
2020-04-02 10:24:26,495 INFO o.a.j.t.JMeterThread: Thread started: Grupo De Hilos 1-20
2020-04-02 10:24:26,892 INFO o.a.j.t.JMeterThread: Thread started: Grupo De Hilos 1-21
2020-04-02 10:24:27,291 INFO o.a.j.t.JMeterThread: Thread started: Grupo De Hilos 1-22
2020-04-02 10:24:27,692 INFO o.a.j.t.JMeterThread: Thread started: Grupo De Hilos 1-23
2020-04-02 10:24:28,091 INFO o.a.j.t.JMeterThread: Thread started: Grupo De Hilos 1-24
2020-04-02 10:24:28,496 INFO o.a.j.t.JMeterThread: Thread started: Grupo De Hilos 1-25
2020-04-02 10:24:28,891 INFO o.a.j.t.JMeterThread: Thread started: Grupo De Hilos 1-26
2020-04-02 10:24:29,292 INFO o.a.j.t.JMeterThread: Thread started: Grupo De Hilos 1-27
2020-04-02 10:24:29,692 INFO o.a.j.t.JMeterThread: Thread started: Grupo De Hilos 1-28
2020-04-02 10:24:30,003 INFO o.a.j.r.Summariser: summary +   6690 in 00:00:11 =  598.1/s Avg:    23 Min:    13 Max:   476 Err:     0 (0.00%) Active: 28 Started: 28 Finished: 0
2020-04-02 10:24:30,092 INFO o.a.j.t.JMeterThread: Thread started: Grupo De Hilos 1-29
2020-04-02 10:24:30,495 INFO o.a.j.t.JMeterThread: Thread started: Grupo De Hilos 1-30
2020-04-02 10:24:30,892 INFO o.a.j.t.JMeterThread: Thread started: Grupo De Hilos 1-31
2020-04-02 10:24:31,293 INFO o.a.j.t.JMeterThread: Thread started: Grupo De Hilos 1-32
2020-04-02 10:24:31,693 INFO o.a.j.t.JMeterThread: Thread started: Grupo De Hilos 1-33
2020-04-02 10:24:32,094 INFO o.a.j.t.JMeterThread: Thread started: Grupo De Hilos 1-34
2020-04-02 10:24:32,491 INFO o.a.j.t.JMeterThread: Thread started: Grupo De Hilos 1-35
2020-04-02 10:24:32,891 INFO o.a.j.t.JMeterThread: Thread started: Grupo De Hilos 1-36
2020-04-02 10:24:33,291 INFO o.a.j.t.JMeterThread: Thread started: Grupo De Hilos 1-37
2020-04-02 10:24:33,694 INFO o.a.j.t.JMeterThread: Thread started: Grupo De Hilos 1-38
2020-04-02 10:24:34,092 INFO o.a.j.t.JMeterThread: Thread started: Grupo De Hilos 1-39
2020-04-02 10:24:34,491 INFO o.a.j.t.JMeterThread: Thread started: Grupo De Hilos 1-40
2020-04-02 10:24:34,891 INFO o.a.j.t.JMeterThread: Thread started: Grupo De Hilos 1-41
2020-04-02 10:24:35,291 INFO o.a.j.t.JMeterThread: Thread started: Grupo De Hilos 1-42
2020-04-02 10:24:35,691 INFO o.a.j.t.JMeterThread: Thread started: Grupo De Hilos 1-43
2020-04-02 10:24:36,091 INFO o.a.j.t.JMeterThread: Thread started: Grupo De Hilos 1-44
2020-04-02 10:24:36,492 INFO o.a.j.t.JMeterThread: Thread started: Grupo De Hilos 1-45
2020-04-02 10:24:36,891 INFO o.a.j.t.JMeterThread: Thread started: Grupo De Hilos 1-46
2020-04-02 10:24:37,291 INFO o.a.j.t.JMeterThread: Thread started: Grupo De Hilos 1-47
2020-04-02 10:24:37,690 INFO o.a.j.t.JMeterThread: Thread started: Grupo De Hilos 1-48
2020-04-02 10:24:38,091 INFO o.a.j.t.JMeterThread: Thread started: Grupo De Hilos 1-49
2020-04-02 10:24:38,491 INFO o.a.j.t.JMeterThread: Thread started: Grupo De Hilos 1-50
2020-04-02 10:24:38,892 INFO o.a.j.t.JMeterThread: Thread started: Grupo De Hilos 1-51
2020-04-02 10:24:39,293 INFO o.a.j.t.JMeterThread: Thread started: Grupo De Hilos 1-52
2020-04-02 10:24:39,692 INFO o.a.j.t.JMeterThread: Thread started: Grupo De Hilos 1-53
2020-04-02 10:24:40,093 INFO o.a.j.t.JMeterThread: Thread started: Grupo De Hilos 1-54
2020-04-02 10:24:40,495 INFO o.a.j.t.JMeterThread: Thread started: Grupo De Hilos 1-55
2020-04-02 10:24:40,891 INFO o.a.j.t.JMeterThread: Thread started: Grupo De Hilos 1-56
2020-04-02 10:24:41,295 INFO o.a.j.t.JMeterThread: Thread started: Grupo De Hilos 1-57
2020-04-02 10:24:41,692 INFO o.a.j.t.JMeterThread: Thread started: Grupo De Hilos 1-58
2020-04-02 10:24:42,092 INFO o.a.j.t.JMeterThread: Thread started: Grupo De Hilos 1-59
2020-04-02 10:24:42,491 INFO o.a.j.t.JMeterThread: Thread started: Grupo De Hilos 1-60
2020-04-02 10:24:42,892 INFO o.a.j.t.JMeterThread: Thread started: Grupo De Hilos 1-61
2020-04-02 10:24:43,293 INFO o.a.j.t.JMeterThread: Thread started: Grupo De Hilos 1-62
2020-04-02 10:24:43,693 INFO o.a.j.t.JMeterThread: Thread started: Grupo De Hilos 1-63
2020-04-02 10:24:44,093 INFO o.a.j.t.JMeterThread: Thread started: Grupo De Hilos 1-64
2020-04-02 10:24:44,491 INFO o.a.j.t.JMeterThread: Thread started: Grupo De Hilos 1-65
2020-04-02 10:24:44,892 INFO o.a.j.t.JMeterThread: Thread started: Grupo De Hilos 1-66
2020-04-02 10:24:45,290 INFO o.a.j.t.JMeterThread: Thread started: Grupo De Hilos 1-67
2020-04-02 10:24:45,691 INFO o.a.j.t.JMeterThread: Thread started: Grupo De Hilos 1-68
2020-04-02 10:24:46,091 INFO o.a.j.t.JMeterThread: Thread started: Grupo De Hilos 1-69
2020-04-02 10:24:46,493 INFO o.a.j.t.JMeterThread: Thread started: Grupo De Hilos 1-70
2020-04-02 10:24:46,892 INFO o.a.j.t.JMeterThread: Thread started: Grupo De Hilos 1-71
2020-04-02 10:24:47,295 INFO o.a.j.t.JMeterThread: Thread started: Grupo De Hilos 1-72
2020-04-02 10:24:47,692 INFO o.a.j.t.JMeterThread: Thread started: Grupo De Hilos 1-73
2020-04-02 10:24:48,092 INFO o.a.j.t.JMeterThread: Thread started: Grupo De Hilos 1-74
2020-04-02 10:24:48,492 INFO o.a.j.t.JMeterThread: Thread started: Grupo De Hilos 1-75
2020-04-02 10:24:48,893 INFO o.a.j.t.JMeterThread: Thread started: Grupo De Hilos 1-76
2020-04-02 10:24:49,292 INFO o.a.j.t.JMeterThread: Thread started: Grupo De Hilos 1-77
2020-04-02 10:24:49,691 INFO o.a.j.t.JMeterThread: Thread started: Grupo De Hilos 1-78
2020-04-02 10:24:50,091 INFO o.a.j.t.JMeterThread: Thread started: Grupo De Hilos 1-79
2020-04-02 10:24:50,492 INFO o.a.j.t.JMeterThread: Thread started: Grupo De Hilos 1-80
2020-04-02 10:24:50,892 INFO o.a.j.t.JMeterThread: Thread started: Grupo De Hilos 1-81
2020-04-02 10:24:51,292 INFO o.a.j.t.JMeterThread: Thread started: Grupo De Hilos 1-82
2020-04-02 10:24:51,712 INFO o.a.j.t.JMeterThread: Thread started: Grupo De Hilos 1-83
2020-04-02 10:24:52,091 INFO o.a.j.t.JMeterThread: Thread started: Grupo De Hilos 1-84
2020-04-02 10:24:52,494 INFO o.a.j.t.JMeterThread: Thread started: Grupo De Hilos 1-85
2020-04-02 10:24:52,893 INFO o.a.j.t.JMeterThread: Thread started: Grupo De Hilos 1-86
2020-04-02 10:24:53,293 INFO o.a.j.t.JMeterThread: Thread started: Grupo De Hilos 1-87
2020-04-02 10:24:53,691 INFO o.a.j.t.JMeterThread: Thread started: Grupo De Hilos 1-88
2020-04-02 10:24:54,094 INFO o.a.j.t.JMeterThread: Thread started: Grupo De Hilos 1-89
2020-04-02 10:24:54,496 INFO o.a.j.t.JMeterThread: Thread started: Grupo De Hilos 1-90
2020-04-02 10:24:54,893 INFO o.a.j.t.JMeterThread: Thread started: Grupo De Hilos 1-91
2020-04-02 10:24:55,293 INFO o.a.j.t.JMeterThread: Thread started: Grupo De Hilos 1-92
2020-04-02 10:24:55,693 INFO o.a.j.t.JMeterThread: Thread started: Grupo De Hilos 1-93
2020-04-02 10:24:56,092 INFO o.a.j.t.JMeterThread: Thread started: Grupo De Hilos 1-94
2020-04-02 10:24:56,493 INFO o.a.j.t.JMeterThread: Thread started: Grupo De Hilos 1-95
2020-04-02 10:24:56,893 INFO o.a.j.t.JMeterThread: Thread started: Grupo De Hilos 1-96
2020-04-02 10:24:57,292 INFO o.a.j.t.JMeterThread: Thread started: Grupo De Hilos 1-97
2020-04-02 10:24:57,691 INFO o.a.j.t.JMeterThread: Thread started: Grupo De Hilos 1-98
2020-04-02 10:24:58,091 INFO o.a.j.t.JMeterThread: Thread started: Grupo De Hilos 1-99
2020-04-02 10:24:58,492 INFO o.a.j.t.JMeterThread: Thread started: Grupo De Hilos 1-100
2020-04-02 10:24:58,892 INFO o.a.j.t.JMeterThread: Thread started: Grupo De Hilos 1-101
2020-04-02 10:24:59,292 INFO o.a.j.t.JMeterThread: Thread started: Grupo De Hilos 1-102
2020-04-02 10:24:59,692 INFO o.a.j.t.JMeterThread: Thread started: Grupo De Hilos 1-103
2020-04-02 10:25:00,001 INFO o.a.j.r.Summariser: summary +  61691 in 00:00:30 = 2056.4/s Avg:    31 Min:    14 Max:   154 Err:     0 (0.00%) Active: 103 Started: 103 Finished: 0
2020-04-02 10:25:00,003 INFO o.a.j.r.Summariser: summary =  68381 in 00:00:41 = 1660.3/s Avg:    30 Min:    13 Max:   476 Err:     0 (0.00%)
2020-04-02 10:25:00,091 INFO o.a.j.t.JMeterThread: Thread started: Grupo De Hilos 1-104
2020-04-02 10:25:00,492 INFO o.a.j.t.JMeterThread: Thread started: Grupo De Hilos 1-105
2020-04-02 10:25:00,892 INFO o.a.j.t.JMeterThread: Thread started: Grupo De Hilos 1-106
2020-04-02 10:25:01,293 INFO o.a.j.t.JMeterThread: Thread started: Grupo De Hilos 1-107
2020-04-02 10:25:01,695 INFO o.a.j.t.JMeterThread: Thread started: Grupo De Hilos 1-108
2020-04-02 10:25:02,102 INFO o.a.j.t.JMeterThread: Thread started: Grupo De Hilos 1-109
2020-04-02 10:25:02,503 INFO o.a.j.t.JMeterThread: Thread started: Grupo De Hilos 1-110
2020-04-02 10:25:02,899 INFO o.a.j.t.JMeterThread: Thread started: Grupo De Hilos 1-111
2020-04-02 10:25:03,291 INFO o.a.j.t.JMeterThread: Thread started: Grupo De Hilos 1-112
2020-04-02 10:25:03,692 INFO o.a.j.t.JMeterThread: Thread started: Grupo De Hilos 1-113
2020-04-02 10:25:04,092 INFO o.a.j.t.JMeterThread: Thread started: Grupo De Hilos 1-114
2020-04-02 10:25:04,492 INFO o.a.j.t.JMeterThread: Thread started: Grupo De Hilos 1-115
2020-04-02 10:25:04,893 INFO o.a.j.t.JMeterThread: Thread started: Grupo De Hilos 1-116
2020-04-02 10:25:05,295 INFO o.a.j.t.JMeterThread: Thread started: Grupo De Hilos 1-117
2020-04-02 10:25:05,693 INFO o.a.j.t.JMeterThread: Thread started: Grupo De Hilos 1-118
2020-04-02 10:25:06,091 INFO o.a.j.t.JMeterThread: Thread started: Grupo De Hilos 1-119
2020-04-02 10:25:06,493 INFO o.a.j.t.JMeterThread: Thread started: Grupo De Hilos 1-120
2020-04-02 10:25:06,892 INFO o.a.j.t.JMeterThread: Thread started: Grupo De Hilos 1-121
2020-04-02 10:25:07,292 INFO o.a.j.t.JMeterThread: Thread started: Grupo De Hilos 1-122
2020-04-02 10:25:07,693 INFO o.a.j.t.JMeterThread: Thread started: Grupo De Hilos 1-123
2020-04-02 10:25:08,097 INFO o.a.j.t.JMeterThread: Thread started: Grupo De Hilos 1-124
2020-04-02 10:25:08,503 INFO o.a.j.t.JMeterThread: Thread started: Grupo De Hilos 1-125
2020-04-02 10:25:08,901 INFO o.a.j.t.JMeterThread: Thread started: Grupo De Hilos 1-126
2020-04-02 10:25:09,302 INFO o.a.j.t.JMeterThread: Thread started: Grupo De Hilos 1-127
2020-04-02 10:25:09,700 INFO o.a.j.t.JMeterThread: Thread started: Grupo De Hilos 1-128
2020-04-02 10:25:10,096 INFO o.a.j.t.JMeterThread: Thread started: Grupo De Hilos 1-129
2020-04-02 10:25:10,493 INFO o.a.j.t.JMeterThread: Thread started: Grupo De Hilos 1-130
2020-04-02 10:25:10,891 INFO o.a.j.t.JMeterThread: Thread started: Grupo De Hilos 1-131
2020-04-02 10:25:11,292 INFO o.a.j.t.JMeterThread: Thread started: Grupo De Hilos 1-132
2020-04-02 10:25:11,692 INFO o.a.j.t.JMeterThread: Thread started: Grupo De Hilos 1-133
2020-04-02 10:25:12,092 INFO o.a.j.t.JMeterThread: Thread started: Grupo De Hilos 1-134
2020-04-02 10:25:12,495 INFO o.a.j.t.JMeterThread: Thread started: Grupo De Hilos 1-135
2020-04-02 10:25:12,893 INFO o.a.j.t.JMeterThread: Thread started: Grupo De Hilos 1-136
2020-04-02 10:25:13,291 INFO o.a.j.t.JMeterThread: Thread started: Grupo De Hilos 1-137
2020-04-02 10:25:13,691 INFO o.a.j.t.JMeterThread: Thread started: Grupo De Hilos 1-138
2020-04-02 10:25:14,093 INFO o.a.j.t.JMeterThread: Thread started: Grupo De Hilos 1-139
2020-04-02 10:25:14,494 INFO o.a.j.t.JMeterThread: Thread started: Grupo De Hilos 1-140
2020-04-02 10:25:14,891 INFO o.a.j.t.JMeterThread: Thread started: Grupo De Hilos 1-141
2020-04-02 10:25:15,295 INFO o.a.j.t.JMeterThread: Thread started: Grupo De Hilos 1-142
2020-04-02 10:25:15,692 INFO o.a.j.t.JMeterThread: Thread started: Grupo De Hilos 1-143
2020-04-02 10:25:16,091 INFO o.a.j.t.JMeterThread: Thread started: Grupo De Hilos 1-144
2020-04-02 10:25:16,493 INFO o.a.j.t.JMeterThread: Thread started: Grupo De Hilos 1-145
2020-04-02 10:25:16,893 INFO o.a.j.t.JMeterThread: Thread started: Grupo De Hilos 1-146
2020-04-02 10:25:17,293 INFO o.a.j.t.JMeterThread: Thread started: Grupo De Hilos 1-147
2020-04-02 10:25:17,692 INFO o.a.j.t.JMeterThread: Thread started: Grupo De Hilos 1-148
2020-04-02 10:25:18,091 INFO o.a.j.t.JMeterThread: Thread started: Grupo De Hilos 1-149
2020-04-02 10:25:18,492 INFO o.a.j.t.JMeterThread: Thread started: Grupo De Hilos 1-150
2020-04-02 10:25:18,893 INFO o.a.j.t.JMeterThread: Thread started: Grupo De Hilos 1-151
2020-04-02 10:25:19,290 INFO o.a.j.t.JMeterThread: Thread started: Grupo De Hilos 1-152
2020-04-02 10:25:19,694 INFO o.a.j.t.JMeterThread: Thread started: Grupo De Hilos 1-153
2020-04-02 10:25:20,093 INFO o.a.j.t.JMeterThread: Thread started: Grupo De Hilos 1-154
2020-04-02 10:25:20,494 INFO o.a.j.t.JMeterThread: Thread started: Grupo De Hilos 1-155
2020-04-02 10:25:20,892 INFO o.a.j.t.JMeterThread: Thread started: Grupo De Hilos 1-156
2020-04-02 10:25:21,293 INFO o.a.j.t.JMeterThread: Thread started: Grupo De Hilos 1-157
2020-04-02 10:25:21,691 INFO o.a.j.t.JMeterThread: Thread started: Grupo De Hilos 1-158
2020-04-02 10:25:22,091 INFO o.a.j.t.JMeterThread: Thread started: Grupo De Hilos 1-159
2020-04-02 10:25:22,491 INFO o.a.j.t.JMeterThread: Thread started: Grupo De Hilos 1-160
2020-04-02 10:25:22,892 INFO o.a.j.t.JMeterThread: Thread started: Grupo De Hilos 1-161
2020-04-02 10:25:23,293 INFO o.a.j.t.JMeterThread: Thread started: Grupo De Hilos 1-162
2020-04-02 10:25:23,692 INFO o.a.j.t.JMeterThread: Thread started: Grupo De Hilos 1-163
2020-04-02 10:25:24,094 INFO o.a.j.t.JMeterThread: Thread started: Grupo De Hilos 1-164
2020-04-02 10:25:24,492 INFO o.a.j.t.JMeterThread: Thread started: Grupo De Hilos 1-165
2020-04-02 10:25:24,892 INFO o.a.j.t.JMeterThread: Thread started: Grupo De Hilos 1-166
2020-04-02 10:25:25,292 INFO o.a.j.t.JMeterThread: Thread started: Grupo De Hilos 1-167
2020-04-02 10:25:25,693 INFO o.a.j.t.JMeterThread: Thread started: Grupo De Hilos 1-168
2020-04-02 10:25:26,095 INFO o.a.j.t.JMeterThread: Thread started: Grupo De Hilos 1-169
2020-04-02 10:25:26,491 INFO o.a.j.t.JMeterThread: Thread started: Grupo De Hilos 1-170
2020-04-02 10:25:26,891 INFO o.a.j.t.JMeterThread: Thread started: Grupo De Hilos 1-171
2020-04-02 10:25:27,291 INFO o.a.j.t.JMeterThread: Thread started: Grupo De Hilos 1-172
2020-04-02 10:25:27,692 INFO o.a.j.t.JMeterThread: Thread started: Grupo De Hilos 1-173
2020-04-02 10:25:28,092 INFO o.a.j.t.JMeterThread: Thread started: Grupo De Hilos 1-174
2020-04-02 10:25:28,493 INFO o.a.j.t.JMeterThread: Thread started: Grupo De Hilos 1-175
2020-04-02 10:25:28,893 INFO o.a.j.t.JMeterThread: Thread started: Grupo De Hilos 1-176
2020-04-02 10:25:29,291 INFO o.a.j.t.JMeterThread: Thread started: Grupo De Hilos 1-177
2020-04-02 10:25:29,691 INFO o.a.j.t.JMeterThread: Thread started: Grupo De Hilos 1-178
2020-04-02 10:25:30,030 INFO o.a.j.r.Summariser: summary +  57288 in 00:00:30 = 1907.8/s Avg:    73 Min:    22 Max:   545 Err:     0 (0.00%) Active: 178 Started: 178 Finished: 0
2020-04-02 10:25:30,031 INFO o.a.j.r.Summariser: summary = 125669 in 00:01:11 = 1764.6/s Avg:    50 Min:    13 Max:   545 Err:     0 (0.00%)
2020-04-02 10:25:30,091 INFO o.a.j.t.JMeterThread: Thread started: Grupo De Hilos 1-179
2020-04-02 10:25:30,492 INFO o.a.j.t.JMeterThread: Thread started: Grupo De Hilos 1-180
2020-04-02 10:25:30,891 INFO o.a.j.t.JMeterThread: Thread started: Grupo De Hilos 1-181
2020-04-02 10:25:31,291 INFO o.a.j.t.JMeterThread: Thread started: Grupo De Hilos 1-182
2020-04-02 10:25:31,696 INFO o.a.j.t.JMeterThread: Thread started: Grupo De Hilos 1-183
2020-04-02 10:25:32,091 INFO o.a.j.t.JMeterThread: Thread started: Grupo De Hilos 1-184
2020-04-02 10:25:32,494 INFO o.a.j.t.JMeterThread: Thread started: Grupo De Hilos 1-185
2020-04-02 10:25:32,895 INFO o.a.j.t.JMeterThread: Thread started: Grupo De Hilos 1-186
2020-04-02 10:25:33,296 INFO o.a.j.t.JMeterThread: Thread started: Grupo De Hilos 1-187
2020-04-02 10:25:33,693 INFO o.a.j.t.JMeterThread: Thread started: Grupo De Hilos 1-188
2020-04-02 10:25:34,092 INFO o.a.j.t.JMeterThread: Thread started: Grupo De Hilos 1-189
2020-04-02 10:25:34,492 INFO o.a.j.t.JMeterThread: Thread started: Grupo De Hilos 1-190
2020-04-02 10:25:34,892 INFO o.a.j.t.JMeterThread: Thread started: Grupo De Hilos 1-191
2020-04-02 10:25:35,291 INFO o.a.j.t.JMeterThread: Thread started: Grupo De Hilos 1-192
2020-04-02 10:25:35,701 INFO o.a.j.t.JMeterThread: Thread started: Grupo De Hilos 1-193
2020-04-02 10:25:36,093 INFO o.a.j.t.JMeterThread: Thread started: Grupo De Hilos 1-194
2020-04-02 10:25:36,491 INFO o.a.j.t.JMeterThread: Thread started: Grupo De Hilos 1-195
2020-04-02 10:25:36,891 INFO o.a.j.t.JMeterThread: Thread started: Grupo De Hilos 1-196
2020-04-02 10:25:37,291 INFO o.a.j.t.JMeterThread: Thread started: Grupo De Hilos 1-197
2020-04-02 10:25:37,692 INFO o.a.j.t.JMeterThread: Thread started: Grupo De Hilos 1-198
2020-04-02 10:25:38,091 INFO o.a.j.t.JMeterThread: Thread started: Grupo De Hilos 1-199
2020-04-02 10:25:38,492 INFO o.a.j.t.JMeterThread: Thread started: Grupo De Hilos 1-200
2020-04-02 10:25:38,892 INFO o.a.j.t.JMeterThread: Thread started: Grupo De Hilos 1-201
2020-04-02 10:25:39,292 INFO o.a.j.t.JMeterThread: Thread started: Grupo De Hilos 1-202
2020-04-02 10:25:39,691 INFO o.a.j.t.JMeterThread: Thread started: Grupo De Hilos 1-203
2020-04-02 10:25:40,094 INFO o.a.j.t.JMeterThread: Thread started: Grupo De Hilos 1-204
2020-04-02 10:25:40,494 INFO o.a.j.t.JMeterThread: Thread started: Grupo De Hilos 1-205
2020-04-02 10:25:40,892 INFO o.a.j.t.JMeterThread: Thread started: Grupo De Hilos 1-206
2020-04-02 10:25:41,294 INFO o.a.j.t.JMeterThread: Thread started: Grupo De Hilos 1-207
2020-04-02 10:25:41,691 INFO o.a.j.t.JMeterThread: Thread started: Grupo De Hilos 1-208
2020-04-02 10:25:42,095 INFO o.a.j.t.JMeterThread: Thread started: Grupo De Hilos 1-209
2020-04-02 10:25:42,492 INFO o.a.j.t.JMeterThread: Thread started: Grupo De Hilos 1-210
2020-04-02 10:25:42,892 INFO o.a.j.t.JMeterThread: Thread started: Grupo De Hilos 1-211
2020-04-02 10:25:43,294 INFO o.a.j.t.JMeterThread: Thread started: Grupo De Hilos 1-212
2020-04-02 10:25:43,693 INFO o.a.j.t.JMeterThread: Thread started: Grupo De Hilos 1-213
2020-04-02 10:25:44,093 INFO o.a.j.t.JMeterThread: Thread started: Grupo De Hilos 1-214
2020-04-02 10:25:44,492 INFO o.a.j.t.JMeterThread: Thread started: Grupo De Hilos 1-215
2020-04-02 10:25:44,891 INFO o.a.j.t.JMeterThread: Thread started: Grupo De Hilos 1-216
2020-04-02 10:25:45,294 INFO o.a.j.t.JMeterThread: Thread started: Grupo De Hilos 1-217
2020-04-02 10:25:45,693 INFO o.a.j.t.JMeterThread: Thread started: Grupo De Hilos 1-218
2020-04-02 10:25:46,091 INFO o.a.j.t.JMeterThread: Thread started: Grupo De Hilos 1-219
2020-04-02 10:25:46,493 INFO o.a.j.t.JMeterThread: Thread started: Grupo De Hilos 1-220
2020-04-02 10:25:46,892 INFO o.a.j.t.JMeterThread: Thread started: Grupo De Hilos 1-221
2020-04-02 10:25:47,291 INFO o.a.j.t.JMeterThread: Thread started: Grupo De Hilos 1-222
2020-04-02 10:25:47,691 INFO o.a.j.t.JMeterThread: Thread started: Grupo De Hilos 1-223
2020-04-02 10:25:48,099 INFO o.a.j.t.JMeterThread: Thread started: Grupo De Hilos 1-224
2020-04-02 10:25:48,498 INFO o.a.j.t.JMeterThread: Thread started: Grupo De Hilos 1-225
2020-04-02 10:25:48,895 INFO o.a.j.t.JMeterThread: Thread started: Grupo De Hilos 1-226
2020-04-02 10:25:49,290 INFO o.a.j.t.JMeterThread: Thread started: Grupo De Hilos 1-227
2020-04-02 10:25:49,691 INFO o.a.j.t.JMeterThread: Thread started: Grupo De Hilos 1-228
2020-04-02 10:25:50,091 INFO o.a.j.t.JMeterThread: Thread started: Grupo De Hilos 1-229
2020-04-02 10:25:50,492 INFO o.a.j.t.JMeterThread: Thread started: Grupo De Hilos 1-230
2020-04-02 10:25:50,891 INFO o.a.j.t.JMeterThread: Thread started: Grupo De Hilos 1-231
2020-04-02 10:25:51,293 INFO o.a.j.t.JMeterThread: Thread started: Grupo De Hilos 1-232
2020-04-02 10:25:51,694 INFO o.a.j.t.JMeterThread: Thread started: Grupo De Hilos 1-233
2020-04-02 10:25:52,098 INFO o.a.j.t.JMeterThread: Thread started: Grupo De Hilos 1-234
2020-04-02 10:25:52,493 INFO o.a.j.t.JMeterThread: Thread started: Grupo De Hilos 1-235
2020-04-02 10:25:52,894 INFO o.a.j.t.JMeterThread: Thread started: Grupo De Hilos 1-236
2020-04-02 10:25:53,292 INFO o.a.j.t.JMeterThread: Thread started: Grupo De Hilos 1-237
2020-04-02 10:25:53,695 INFO o.a.j.t.JMeterThread: Thread started: Grupo De Hilos 1-238
2020-04-02 10:25:54,095 INFO o.a.j.t.JMeterThread: Thread started: Grupo De Hilos 1-239
2020-04-02 10:25:54,496 INFO o.a.j.t.JMeterThread: Thread started: Grupo De Hilos 1-240
2020-04-02 10:25:54,893 INFO o.a.j.t.JMeterThread: Thread started: Grupo De Hilos 1-241
2020-04-02 10:25:55,293 INFO o.a.j.t.JMeterThread: Thread started: Grupo De Hilos 1-242
2020-04-02 10:25:55,691 INFO o.a.j.t.JMeterThread: Thread started: Grupo De Hilos 1-243
2020-04-02 10:25:56,093 INFO o.a.j.t.JMeterThread: Thread started: Grupo De Hilos 1-244
2020-04-02 10:25:56,492 INFO o.a.j.t.JMeterThread: Thread started: Grupo De Hilos 1-245
2020-04-02 10:25:56,903 INFO o.a.j.t.JMeterThread: Thread started: Grupo De Hilos 1-246
2020-04-02 10:25:57,296 INFO o.a.j.t.JMeterThread: Thread started: Grupo De Hilos 1-247
2020-04-02 10:25:57,693 INFO o.a.j.t.JMeterThread: Thread started: Grupo De Hilos 1-248
2020-04-02 10:25:58,093 INFO o.a.j.t.JMeterThread: Thread started: Grupo De Hilos 1-249
2020-04-02 10:25:58,492 INFO o.a.j.t.JMeterThread: Thread started: Grupo De Hilos 1-250
2020-04-02 10:25:58,893 INFO o.a.j.t.JMeterThread: Thread started: Grupo De Hilos 1-251
2020-04-02 10:25:59,294 INFO o.a.j.t.JMeterThread: Thread started: Grupo De Hilos 1-252
2020-04-02 10:25:59,696 INFO o.a.j.t.JMeterThread: Thread started: Grupo De Hilos 1-253
2020-04-02 10:26:00,001 INFO o.a.j.r.Summariser: summary +  36040 in 00:00:30 = 1202.5/s Avg:   177 Min:    20 Max:  2121 Err:     0 (0.00%) Active: 253 Started: 253 Finished: 0
2020-04-02 10:26:00,001 INFO o.a.j.r.Summariser: summary = 161709 in 00:01:41 = 1598.1/s Avg:    78 Min:    13 Max:  2121 Err:     0 (0.00%)
2020-04-02 10:26:00,096 INFO o.a.j.t.JMeterThread: Thread started: Grupo De Hilos 1-254
2020-04-02 10:26:00,497 INFO o.a.j.t.JMeterThread: Thread started: Grupo De Hilos 1-255
2020-04-02 10:26:00,909 INFO o.a.j.t.JMeterThread: Thread started: Grupo De Hilos 1-256
2020-04-02 10:26:01,300 INFO o.a.j.t.JMeterThread: Thread started: Grupo De Hilos 1-257
2020-04-02 10:26:01,698 INFO o.a.j.t.JMeterThread: Thread started: Grupo De Hilos 1-258
2020-04-02 10:26:02,097 INFO o.a.j.t.JMeterThread: Thread started: Grupo De Hilos 1-259
2020-04-02 10:26:02,494 INFO o.a.j.t.JMeterThread: Thread started: Grupo De Hilos 1-260
2020-04-02 10:26:02,892 INFO o.a.j.t.JMeterThread: Thread started: Grupo De Hilos 1-261
2020-04-02 10:26:03,307 INFO o.a.j.t.JMeterThread: Thread started: Grupo De Hilos 1-262
2020-04-02 10:26:03,695 INFO o.a.j.t.JMeterThread: Thread started: Grupo De Hilos 1-263
2020-04-02 10:26:04,095 INFO o.a.j.t.JMeterThread: Thread started: Grupo De Hilos 1-264
2020-04-02 10:26:04,499 INFO o.a.j.t.JMeterThread: Thread started: Grupo De Hilos 1-265
2020-04-02 10:26:04,906 INFO o.a.j.t.JMeterThread: Thread started: Grupo De Hilos 1-266
2020-04-02 10:26:05,305 INFO o.a.j.t.JMeterThread: Thread started: Grupo De Hilos 1-267
2020-04-02 10:26:05,707 INFO o.a.j.t.JMeterThread: Thread started: Grupo De Hilos 1-268
2020-04-02 10:26:06,093 INFO o.a.j.t.JMeterThread: Thread started: Grupo De Hilos 1-269
2020-04-02 10:26:06,499 INFO o.a.j.t.JMeterThread: Thread started: Grupo De Hilos 1-270
2020-04-02 10:26:06,892 INFO o.a.j.t.JMeterThread: Thread started: Grupo De Hilos 1-271
2020-04-02 10:26:07,292 INFO o.a.j.t.JMeterThread: Thread started: Grupo De Hilos 1-272
2020-04-02 10:26:07,691 INFO o.a.j.t.JMeterThread: Thread started: Grupo De Hilos 1-273
2020-04-02 10:26:08,091 INFO o.a.j.t.JMeterThread: Thread started: Grupo De Hilos 1-274
2020-04-02 10:26:08,491 INFO o.a.j.t.JMeterThread: Thread started: Grupo De Hilos 1-275
2020-04-02 10:26:08,891 INFO o.a.j.t.JMeterThread: Thread started: Grupo De Hilos 1-276
2020-04-02 10:26:09,291 INFO o.a.j.t.JMeterThread: Thread started: Grupo De Hilos 1-277
2020-04-02 10:26:09,691 INFO o.a.j.t.JMeterThread: Thread started: Grupo De Hilos 1-278
2020-04-02 10:26:10,093 INFO o.a.j.t.JMeterThread: Thread started: Grupo De Hilos 1-279
2020-04-02 10:26:10,500 INFO o.a.j.t.JMeterThread: Thread started: Grupo De Hilos 1-280
2020-04-02 10:26:10,891 INFO o.a.j.t.JMeterThread: Thread started: Grupo De Hilos 1-281
2020-04-02 10:26:11,296 INFO o.a.j.t.JMeterThread: Thread started: Grupo De Hilos 1-282
2020-04-02 10:26:11,694 INFO o.a.j.t.JMeterThread: Thread started: Grupo De Hilos 1-283
2020-04-02 10:26:12,094 INFO o.a.j.t.JMeterThread: Thread started: Grupo De Hilos 1-284
2020-04-02 10:26:12,493 INFO o.a.j.t.JMeterThread: Thread started: Grupo De Hilos 1-285
2020-04-02 10:26:12,891 INFO o.a.j.t.JMeterThread: Thread started: Grupo De Hilos 1-286
2020-04-02 10:26:13,292 INFO o.a.j.t.JMeterThread: Thread started: Grupo De Hilos 1-287
2020-04-02 10:26:13,692 INFO o.a.j.t.JMeterThread: Thread started: Grupo De Hilos 1-288
2020-04-02 10:26:14,093 INFO o.a.j.t.JMeterThread: Thread started: Grupo De Hilos 1-289
2020-04-02 10:26:14,492 INFO o.a.j.t.JMeterThread: Thread started: Grupo De Hilos 1-290
2020-04-02 10:26:14,894 INFO o.a.j.t.JMeterThread: Thread started: Grupo De Hilos 1-291
2020-04-02 10:26:15,291 INFO o.a.j.t.JMeterThread: Thread started: Grupo De Hilos 1-292
2020-04-02 10:26:15,927 INFO o.a.j.t.JMeterThread: Thread started: Grupo De Hilos 1-293
2020-04-02 10:26:16,093 INFO o.a.j.t.JMeterThread: Thread started: Grupo De Hilos 1-294
2020-04-02 10:26:16,490 INFO o.a.j.t.JMeterThread: Thread started: Grupo De Hilos 1-295
2020-04-02 10:26:16,892 INFO o.a.j.t.JMeterThread: Thread started: Grupo De Hilos 1-296
2020-04-02 10:26:17,293 INFO o.a.j.t.JMeterThread: Thread started: Grupo De Hilos 1-297
2020-04-02 10:26:17,691 INFO o.a.j.t.JMeterThread: Thread started: Grupo De Hilos 1-298
2020-04-02 10:26:18,092 INFO o.a.j.t.JMeterThread: Thread started: Grupo De Hilos 1-299
2020-04-02 10:26:18,492 INFO o.a.j.t.JMeterThread: Thread started: Grupo De Hilos 1-300
2020-04-02 10:26:30,008 INFO o.a.j.r.Summariser: summary +  19394 in 00:00:30 =  646.3/s Avg:   434 Min:    21 Max:  5992 Err:     6 (0.03%) Active: 300 Started: 300 Finished: 0
2020-04-02 10:26:30,009 INFO o.a.j.r.Summariser: summary = 181103 in 00:02:11 = 1380.4/s Avg:   116 Min:    13 Max:  5992 Err:     6 (0.00%)
2020-04-02 10:27:00,007 INFO o.a.j.r.Summariser: summary +  21571 in 00:00:30 =  719.1/s Avg:   419 Min:    23 Max: 23565 Err:     0 (0.00%) Active: 300 Started: 300 Finished: 0
2020-04-02 10:27:00,008 INFO o.a.j.r.Summariser: summary = 202674 in 00:02:41 = 1257.3/s Avg:   148 Min:    13 Max: 23565 Err:     6 (0.00%)
2020-04-02 10:27:30,002 INFO o.a.j.r.Summariser: summary +  22350 in 00:00:30 =  745.1/s Avg:   404 Min:    22 Max:  9137 Err:     0 (0.00%) Active: 300 Started: 300 Finished: 0
2020-04-02 10:27:30,003 INFO o.a.j.r.Summariser: summary = 225024 in 00:03:11 = 1177.0/s Avg:   174 Min:    13 Max: 23565 Err:     6 (0.00%)
2020-04-02 10:28:00,036 INFO o.a.j.r.Summariser: summary +  20943 in 00:00:30 =  697.3/s Avg:   425 Min:    24 Max:  4823 Err:     0 (0.00%) Active: 300 Started: 300 Finished: 0
2020-04-02 10:28:00,036 INFO o.a.j.r.Summariser: summary = 245967 in 00:03:41 = 1111.9/s Avg:   195 Min:    13 Max: 23565 Err:     6 (0.00%)
2020-04-02 10:28:30,023 INFO o.a.j.r.Summariser: summary +  27065 in 00:00:30 =  902.6/s Avg:   322 Min:    21 Max:  4459 Err:     0 (0.00%) Active: 300 Started: 300 Finished: 0
2020-04-02 10:28:30,024 INFO o.a.j.r.Summariser: summary = 273032 in 00:04:11 = 1086.9/s Avg:   208 Min:    13 Max: 23565 Err:     6 (0.00%)
2020-04-02 10:29:00,014 INFO o.a.j.r.Summariser: summary +  25999 in 00:00:30 =  866.9/s Avg:   329 Min:    23 Max:  4760 Err:     0 (0.00%) Active: 300 Started: 300 Finished: 0
2020-04-02 10:29:00,014 INFO o.a.j.r.Summariser: summary = 299031 in 00:04:41 = 1063.4/s Avg:   218 Min:    13 Max: 23565 Err:     6 (0.00%)
2020-04-02 10:29:30,034 INFO o.a.j.r.Summariser: summary +  28574 in 00:00:30 =  951.8/s Avg:   309 Min:    22 Max: 66693 Err:     0 (0.00%) Active: 300 Started: 300 Finished: 0
2020-04-02 10:29:30,035 INFO o.a.j.r.Summariser: summary = 327605 in 00:05:11 = 1052.7/s Avg:   226 Min:    13 Max: 66693 Err:     6 (0.00%)
2020-04-02 10:30:00,001 INFO o.a.j.r.Summariser: summary +  27381 in 00:00:30 =  913.7/s Avg:   308 Min:    21 Max: 16305 Err:     0 (0.00%) Active: 300 Started: 300 Finished: 0
2020-04-02 10:30:00,005 INFO o.a.j.r.Summariser: summary = 354986 in 00:05:41 = 1040.4/s Avg:   233 Min:    13 Max: 66693 Err:     6 (0.00%)
2020-04-02 10:30:18,955 INFO o.a.j.t.JMeterThread: Stopping because end time detected by thread: Grupo De Hilos 1-4
2020-04-02 10:30:18,956 INFO o.a.j.t.JMeterThread: Thread finished: Grupo De Hilos 1-4
2020-04-02 10:30:18,963 INFO o.a.j.t.JMeterThread: Stopping because end time detected by thread: Grupo De Hilos 1-8
2020-04-02 10:30:18,963 INFO o.a.j.t.JMeterThread: Thread finished: Grupo De Hilos 1-8
2020-04-02 10:30:18,999 INFO o.a.j.t.JMeterThread: Stopping because end time detected by thread: Grupo De Hilos 1-36
2020-04-02 10:30:19,000 INFO o.a.j.t.JMeterThread: Stopping because end time detected by thread: Grupo De Hilos 1-15
2020-04-02 10:30:19,000 INFO o.a.j.t.JMeterThread: Thread finished: Grupo De Hilos 1-36
2020-04-02 10:30:19,001 INFO o.a.j.t.JMeterThread: Thread finished: Grupo De Hilos 1-15
2020-04-02 10:30:19,005 INFO o.a.j.t.JMeterThread: Stopping because end time detected by thread: Grupo De Hilos 1-6
2020-04-02 10:30:19,005 INFO o.a.j.t.JMeterThread: Thread finished: Grupo De Hilos 1-6
2020-04-02 10:30:19,005 INFO o.a.j.t.JMeterThread: Stopping because end time detected by thread: Grupo De Hilos 1-59
2020-04-02 10:30:19,006 INFO o.a.j.t.JMeterThread: Thread finished: Grupo De Hilos 1-59
2020-04-02 10:30:19,007 INFO o.a.j.t.JMeterThread: Stopping because end time detected by thread: Grupo De Hilos 1-50
2020-04-02 10:30:19,008 INFO o.a.j.t.JMeterThread: Thread finished: Grupo De Hilos 1-50
2020-04-02 10:30:19,037 INFO o.a.j.t.JMeterThread: Stopping because end time detected by thread: Grupo De Hilos 1-63
2020-04-02 10:30:19,037 INFO o.a.j.t.JMeterThread: Stopping because end time detected by thread: Grupo De Hilos 1-22
2020-04-02 10:30:19,037 INFO o.a.j.t.JMeterThread: Thread finished: Grupo De Hilos 1-63
2020-04-02 10:30:19,037 INFO o.a.j.t.JMeterThread: Thread finished: Grupo De Hilos 1-22
2020-04-02 10:30:19,038 INFO o.a.j.t.JMeterThread: Stopping because end time detected by thread: Grupo De Hilos 1-37
2020-04-02 10:30:19,039 INFO o.a.j.t.JMeterThread: Thread finished: Grupo De Hilos 1-37
2020-04-02 10:30:19,040 INFO o.a.j.t.JMeterThread: Stopping because end time detected by thread: Grupo De Hilos 1-84
2020-04-02 10:30:19,040 INFO o.a.j.t.JMeterThread: Thread finished: Grupo De Hilos 1-84
2020-04-02 10:30:19,070 INFO o.a.j.t.JMeterThread: Stopping because end time detected by thread: Grupo De Hilos 1-29
2020-04-02 10:30:19,070 INFO o.a.j.t.JMeterThread: Thread finished: Grupo De Hilos 1-29
2020-04-02 10:30:19,072 INFO o.a.j.t.JMeterThread: Stopping because end time detected by thread: Grupo De Hilos 1-5
2020-04-02 10:30:19,072 INFO o.a.j.t.JMeterThread: Thread finished: Grupo De Hilos 1-5
2020-04-02 10:30:19,083 INFO o.a.j.t.JMeterThread: Stopping because end time detected by thread: Grupo De Hilos 1-114
2020-04-02 10:30:19,083 INFO o.a.j.t.JMeterThread: Thread finished: Grupo De Hilos 1-114
2020-04-02 10:30:19,084 INFO o.a.j.t.JMeterThread: Stopping because end time detected by thread: Grupo De Hilos 1-73
2020-04-02 10:30:19,084 INFO o.a.j.t.JMeterThread: Thread finished: Grupo De Hilos 1-73
2020-04-02 10:30:19,085 INFO o.a.j.t.JMeterThread: Stopping because end time detected by thread: Grupo De Hilos 1-109
2020-04-02 10:30:19,085 INFO o.a.j.t.JMeterThread: Stopping because end time detected by thread: Grupo De Hilos 1-12
2020-04-02 10:30:19,085 INFO o.a.j.t.JMeterThread: Thread finished: Grupo De Hilos 1-12
2020-04-02 10:30:19,085 INFO o.a.j.t.JMeterThread: Thread finished: Grupo De Hilos 1-109
2020-04-02 10:30:19,105 INFO o.a.j.t.JMeterThread: Stopping because end time detected by thread: Grupo De Hilos 1-1
2020-04-02 10:30:19,105 INFO o.a.j.t.JMeterThread: Stopping because end time detected by thread: Grupo De Hilos 1-11
2020-04-02 10:30:19,105 INFO o.a.j.t.JMeterThread: Thread finished: Grupo De Hilos 1-1
2020-04-02 10:30:19,106 INFO o.a.j.t.JMeterThread: Thread finished: Grupo De Hilos 1-11
2020-04-02 10:30:19,106 INFO o.a.j.t.JMeterThread: Stopping because end time detected by thread: Grupo De Hilos 1-21
2020-04-02 10:30:19,107 INFO o.a.j.t.JMeterThread: Thread finished: Grupo De Hilos 1-21
2020-04-02 10:30:19,127 INFO o.a.j.t.JMeterThread: Stopping because end time detected by thread: Grupo De Hilos 1-113
2020-04-02 10:30:19,127 INFO o.a.j.t.JMeterThread: Thread finished: Grupo De Hilos 1-113
2020-04-02 10:30:19,129 INFO o.a.j.t.JMeterThread: Stopping because end time detected by thread: Grupo De Hilos 1-92
2020-04-02 10:30:19,129 INFO o.a.j.t.JMeterThread: Thread finished: Grupo De Hilos 1-92
2020-04-02 10:30:19,128 INFO o.a.j.t.JMeterThread: Stopping because end time detected by thread: Grupo De Hilos 1-51
2020-04-02 10:30:19,131 INFO o.a.j.t.JMeterThread: Thread finished: Grupo De Hilos 1-51
2020-04-02 10:30:19,132 INFO o.a.j.t.JMeterThread: Stopping because end time detected by thread: Grupo De Hilos 1-108
2020-04-02 10:30:19,133 INFO o.a.j.t.JMeterThread: Thread finished: Grupo De Hilos 1-108
2020-04-02 10:30:19,140 INFO o.a.j.t.JMeterThread: Stopping because end time detected by thread: Grupo De Hilos 1-64
2020-04-02 10:30:19,140 INFO o.a.j.t.JMeterThread: Thread finished: Grupo De Hilos 1-64
2020-04-02 10:30:19,140 INFO o.a.j.t.JMeterThread: Stopping because end time detected by thread: Grupo De Hilos 1-41
2020-04-02 10:30:19,140 INFO o.a.j.t.JMeterThread: Stopping because end time detected by thread: Grupo De Hilos 1-98
2020-04-02 10:30:19,141 INFO o.a.j.t.JMeterThread: Thread finished: Grupo De Hilos 1-98
2020-04-02 10:30:19,141 INFO o.a.j.t.JMeterThread: Thread finished: Grupo De Hilos 1-41
2020-04-02 10:30:19,142 INFO o.a.j.t.JMeterThread: Stopping because end time detected by thread: Grupo De Hilos 1-144
2020-04-02 10:30:19,142 INFO o.a.j.t.JMeterThread: Thread finished: Grupo De Hilos 1-144
2020-04-02 10:30:19,180 INFO o.a.j.t.JMeterThread: Stopping because end time detected by thread: Grupo De Hilos 1-24
2020-04-02 10:30:19,180 INFO o.a.j.t.JMeterThread: Stopping because end time detected by thread: Grupo De Hilos 1-142
2020-04-02 10:30:19,180 INFO o.a.j.t.JMeterThread: Thread finished: Grupo De Hilos 1-24
2020-04-02 10:30:19,180 INFO o.a.j.t.JMeterThread: Stopping because end time detected by thread: Grupo De Hilos 1-105
2020-04-02 10:30:19,181 INFO o.a.j.t.JMeterThread: Thread finished: Grupo De Hilos 1-105
2020-04-02 10:30:19,181 INFO o.a.j.t.JMeterThread: Stopping because end time detected by thread: Grupo De Hilos 1-119
2020-04-02 10:30:19,181 INFO o.a.j.t.JMeterThread: Thread finished: Grupo De Hilos 1-119
2020-04-02 10:30:19,181 INFO o.a.j.t.JMeterThread: Thread finished: Grupo De Hilos 1-142
2020-04-02 10:30:19,180 INFO o.a.j.t.JMeterThread: Stopping because end time detected by thread: Grupo De Hilos 1-101
2020-04-02 10:30:19,182 INFO o.a.j.t.JMeterThread: Stopping because end time detected by thread: Grupo De Hilos 1-53
2020-04-02 10:30:19,182 INFO o.a.j.t.JMeterThread: Thread finished: Grupo De Hilos 1-101
2020-04-02 10:30:19,182 INFO o.a.j.t.JMeterThread: Thread finished: Grupo De Hilos 1-53
2020-04-02 10:30:19,180 INFO o.a.j.t.JMeterThread: Stopping because end time detected by thread: Grupo De Hilos 1-170
2020-04-02 10:30:19,183 INFO o.a.j.t.JMeterThread: Thread finished: Grupo De Hilos 1-170
2020-04-02 10:30:19,183 INFO o.a.j.t.JMeterThread: Stopping because end time detected by thread: Grupo De Hilos 1-71
2020-04-02 10:30:19,183 INFO o.a.j.t.JMeterThread: Thread finished: Grupo De Hilos 1-71
2020-04-02 10:30:19,183 INFO o.a.j.t.JMeterThread: Stopping because end time detected by thread: Grupo De Hilos 1-153
2020-04-02 10:30:19,183 INFO o.a.j.t.JMeterThread: Stopping because end time detected by thread: Grupo De Hilos 1-112
2020-04-02 10:30:19,183 INFO o.a.j.t.JMeterThread: Thread finished: Grupo De Hilos 1-153
2020-04-02 10:30:19,183 INFO o.a.j.t.JMeterThread: Thread finished: Grupo De Hilos 1-112
2020-04-02 10:30:19,182 INFO o.a.j.t.JMeterThread: Stopping because end time detected by thread: Grupo De Hilos 1-125
2020-04-02 10:30:19,184 INFO o.a.j.t.JMeterThread: Thread finished: Grupo De Hilos 1-125
2020-04-02 10:30:19,184 INFO o.a.j.t.JMeterThread: Stopping because end time detected by thread: Grupo De Hilos 1-155
2020-04-02 10:30:19,184 INFO o.a.j.t.JMeterThread: Stopping because end time detected by thread: Grupo De Hilos 1-31
2020-04-02 10:30:19,184 INFO o.a.j.t.JMeterThread: Thread finished: Grupo De Hilos 1-155
2020-04-02 10:30:19,185 INFO o.a.j.t.JMeterThread: Thread finished: Grupo De Hilos 1-31
2020-04-02 10:30:19,214 INFO o.a.j.t.JMeterThread: Stopping because end time detected by thread: Grupo De Hilos 1-54
2020-04-02 10:30:19,215 INFO o.a.j.t.JMeterThread: Stopping because end time detected by thread: Grupo De Hilos 1-128
2020-04-02 10:30:19,215 INFO o.a.j.t.JMeterThread: Thread finished: Grupo De Hilos 1-54
2020-04-02 10:30:19,215 INFO o.a.j.t.JMeterThread: Thread finished: Grupo De Hilos 1-128
2020-04-02 10:30:19,215 INFO o.a.j.t.JMeterThread: Stopping because end time detected by thread: Grupo De Hilos 1-13
2020-04-02 10:30:19,215 INFO o.a.j.t.JMeterThread: Thread finished: Grupo De Hilos 1-13
2020-04-02 10:30:19,215 INFO o.a.j.t.JMeterThread: Stopping because end time detected by thread: Grupo De Hilos 1-185
2020-04-02 10:30:19,215 INFO o.a.j.t.JMeterThread: Stopping because end time detected by thread: Grupo De Hilos 1-202
2020-04-02 10:30:19,216 INFO o.a.j.t.JMeterThread: Stopping because end time detected by thread: Grupo De Hilos 1-154
2020-04-02 10:30:19,216 INFO o.a.j.t.JMeterThread: Thread finished: Grupo De Hilos 1-185
2020-04-02 10:30:19,216 INFO o.a.j.t.JMeterThread: Thread finished: Grupo De Hilos 1-202
2020-04-02 10:30:19,216 INFO o.a.j.t.JMeterThread: Thread finished: Grupo De Hilos 1-154
2020-04-02 10:30:19,216 INFO o.a.j.t.JMeterThread: Stopping because end time detected by thread: Grupo De Hilos 1-139
2020-04-02 10:30:19,216 INFO o.a.j.t.JMeterThread: Thread finished: Grupo De Hilos 1-139
2020-04-02 10:30:19,216 INFO o.a.j.t.JMeterThread: Stopping because end time detected by thread: Grupo De Hilos 1-102
2020-04-02 10:30:19,216 INFO o.a.j.t.JMeterThread: Thread finished: Grupo De Hilos 1-102
2020-04-02 10:30:19,217 INFO o.a.j.t.JMeterThread: Stopping because end time detected by thread: Grupo De Hilos 1-150
2020-04-02 10:30:19,217 INFO o.a.j.t.JMeterThread: Thread finished: Grupo De Hilos 1-150
2020-04-02 10:30:19,217 INFO o.a.j.t.JMeterThread: Stopping because end time detected by thread: Grupo De Hilos 1-136
2020-04-02 10:30:19,217 INFO o.a.j.t.JMeterThread: Thread finished: Grupo De Hilos 1-136
2020-04-02 10:30:19,218 INFO o.a.j.t.JMeterThread: Stopping because end time detected by thread: Grupo De Hilos 1-208
2020-04-02 10:30:19,218 INFO o.a.j.t.JMeterThread: Stopping because end time detected by thread: Grupo De Hilos 1-122
2020-04-02 10:30:19,219 INFO o.a.j.t.JMeterThread: Thread finished: Grupo De Hilos 1-208
2020-04-02 10:30:19,219 INFO o.a.j.t.JMeterThread: Thread finished: Grupo De Hilos 1-122
2020-04-02 10:30:19,219 INFO o.a.j.t.JMeterThread: Stopping because end time detected by thread: Grupo De Hilos 1-184
2020-04-02 10:30:19,219 INFO o.a.j.t.JMeterThread: Thread finished: Grupo De Hilos 1-184
2020-04-02 10:30:19,220 INFO o.a.j.t.JMeterThread: Stopping because end time detected by thread: Grupo De Hilos 1-188
2020-04-02 10:30:19,220 INFO o.a.j.t.JMeterThread: Stopping because end time detected by thread: Grupo De Hilos 1-166
2020-04-02 10:30:19,220 INFO o.a.j.t.JMeterThread: Thread finished: Grupo De Hilos 1-166
2020-04-02 10:30:19,220 INFO o.a.j.t.JMeterThread: Thread finished: Grupo De Hilos 1-188
2020-04-02 10:30:19,228 INFO o.a.j.t.JMeterThread: Stopping because end time detected by thread: Grupo De Hilos 1-178
2020-04-02 10:30:19,228 INFO o.a.j.t.JMeterThread: Thread finished: Grupo De Hilos 1-178
2020-04-02 10:30:19,228 INFO o.a.j.t.JMeterThread: Stopping because end time detected by thread: Grupo De Hilos 1-168
2020-04-02 10:30:19,228 INFO o.a.j.t.JMeterThread: Stopping because end time detected by thread: Grupo De Hilos 1-131
2020-04-02 10:30:19,228 INFO o.a.j.t.JMeterThread: Thread finished: Grupo De Hilos 1-168
2020-04-02 10:30:19,228 INFO o.a.j.t.JMeterThread: Stopping because end time detected by thread: Grupo De Hilos 1-76
2020-04-02 10:30:19,228 INFO o.a.j.t.JMeterThread: Thread finished: Grupo De Hilos 1-131
2020-04-02 10:30:19,229 INFO o.a.j.t.JMeterThread: Thread finished: Grupo De Hilos 1-76
2020-04-02 10:30:19,229 INFO o.a.j.t.JMeterThread: Stopping because end time detected by thread: Grupo De Hilos 1-180
2020-04-02 10:30:19,229 INFO o.a.j.t.JMeterThread: Thread finished: Grupo De Hilos 1-180
2020-04-02 10:30:19,229 INFO o.a.j.t.JMeterThread: Stopping because end time detected by thread: Grupo De Hilos 1-211
2020-04-02 10:30:19,230 INFO o.a.j.t.JMeterThread: Thread finished: Grupo De Hilos 1-211
2020-04-02 10:30:19,240 INFO o.a.j.t.JMeterThread: Stopping because end time detected by thread: Grupo De Hilos 1-177
2020-04-02 10:30:19,240 INFO o.a.j.t.JMeterThread: Stopping because end time detected by thread: Grupo De Hilos 1-212
2020-04-02 10:30:19,241 INFO o.a.j.t.JMeterThread: Thread finished: Grupo De Hilos 1-177
2020-04-02 10:30:19,241 INFO o.a.j.t.JMeterThread: Thread finished: Grupo De Hilos 1-212
2020-04-02 10:30:19,244 INFO o.a.j.t.JMeterThread: Stopping because end time detected by thread: Grupo De Hilos 1-169
2020-04-02 10:30:19,244 INFO o.a.j.t.JMeterThread: Stopping because end time detected by thread: Grupo De Hilos 1-100
2020-04-02 10:30:19,244 INFO o.a.j.t.JMeterThread: Thread finished: Grupo De Hilos 1-169
2020-04-02 10:30:19,244 INFO o.a.j.t.JMeterThread: Stopping because end time detected by thread: Grupo De Hilos 1-57
2020-04-02 10:30:19,244 INFO o.a.j.t.JMeterThread: Thread finished: Grupo De Hilos 1-100
2020-04-02 10:30:19,245 INFO o.a.j.t.JMeterThread: Thread finished: Grupo De Hilos 1-57
2020-04-02 10:30:19,246 INFO o.a.j.t.JMeterThread: Stopping because end time detected by thread: Grupo De Hilos 1-75
2020-04-02 10:30:19,245 INFO o.a.j.t.JMeterThread: Stopping because end time detected by thread: Grupo De Hilos 1-220
2020-04-02 10:30:19,246 INFO o.a.j.t.JMeterThread: Thread finished: Grupo De Hilos 1-75
2020-04-02 10:30:19,245 INFO o.a.j.t.JMeterThread: Stopping because end time detected by thread: Grupo De Hilos 1-203
2020-04-02 10:30:19,247 INFO o.a.j.t.JMeterThread: Thread finished: Grupo De Hilos 1-203
2020-04-02 10:30:19,247 INFO o.a.j.t.JMeterThread: Stopping because end time detected by thread: Grupo De Hilos 1-189
2020-04-02 10:30:19,247 INFO o.a.j.t.JMeterThread: Stopping because end time detected by thread: Grupo De Hilos 1-206
2020-04-02 10:30:19,247 INFO o.a.j.t.JMeterThread: Thread finished: Grupo De Hilos 1-189
2020-04-02 10:30:19,245 INFO o.a.j.t.JMeterThread: Stopping because end time detected by thread: Grupo De Hilos 1-161
2020-04-02 10:30:19,248 INFO o.a.j.t.JMeterThread: Thread finished: Grupo De Hilos 1-206
2020-04-02 10:30:19,248 INFO o.a.j.t.JMeterThread: Thread finished: Grupo De Hilos 1-161
2020-04-02 10:30:19,248 INFO o.a.j.t.JMeterThread: Stopping because end time detected by thread: Grupo De Hilos 1-152
2020-04-02 10:30:19,245 INFO o.a.j.t.JMeterThread: Stopping because end time detected by thread: Grupo De Hilos 1-143
2020-04-02 10:30:19,248 INFO o.a.j.t.JMeterThread: Thread finished: Grupo De Hilos 1-152
2020-04-02 10:30:19,248 INFO o.a.j.t.JMeterThread: Thread finished: Grupo De Hilos 1-143
2020-04-02 10:30:19,249 INFO o.a.j.t.JMeterThread: Stopping because end time detected by thread: Grupo De Hilos 1-173
2020-04-02 10:30:19,249 INFO o.a.j.t.JMeterThread: Thread finished: Grupo De Hilos 1-173
2020-04-02 10:30:19,249 INFO o.a.j.t.JMeterThread: Stopping because end time detected by thread: Grupo De Hilos 1-132
2020-04-02 10:30:19,249 INFO o.a.j.t.JMeterThread: Stopping because end time detected by thread: Grupo De Hilos 1-172
2020-04-02 10:30:19,249 INFO o.a.j.t.JMeterThread: Thread finished: Grupo De Hilos 1-172
2020-04-02 10:30:19,249 INFO o.a.j.t.JMeterThread: Thread finished: Grupo De Hilos 1-132
2020-04-02 10:30:19,247 INFO o.a.j.t.JMeterThread: Thread finished: Grupo De Hilos 1-220
2020-04-02 10:30:19,246 INFO o.a.j.t.JMeterThread: Stopping because end time detected by thread: Grupo De Hilos 1-146
2020-04-02 10:30:19,246 INFO o.a.j.t.JMeterThread: Stopping because end time detected by thread: Grupo De Hilos 1-165
2020-04-02 10:30:19,250 INFO o.a.j.t.JMeterThread: Thread finished: Grupo De Hilos 1-165
2020-04-02 10:30:19,250 INFO o.a.j.t.JMeterThread: Thread finished: Grupo De Hilos 1-146
2020-04-02 10:30:19,251 INFO o.a.j.t.JMeterThread: Stopping because end time detected by thread: Grupo De Hilos 1-49
2020-04-02 10:30:19,251 INFO o.a.j.t.JMeterThread: Thread finished: Grupo De Hilos 1-49
2020-04-02 10:30:19,251 INFO o.a.j.t.JMeterThread: Stopping because end time detected by thread: Grupo De Hilos 1-133
2020-04-02 10:30:19,252 INFO o.a.j.t.JMeterThread: Thread finished: Grupo De Hilos 1-133
2020-04-02 10:30:19,252 INFO o.a.j.t.JMeterThread: Stopping because end time detected by thread: Grupo De Hilos 1-171
2020-04-02 10:30:19,252 INFO o.a.j.t.JMeterThread: Thread finished: Grupo De Hilos 1-171
2020-04-02 10:30:19,253 INFO o.a.j.t.JMeterThread: Stopping because end time detected by thread: Grupo De Hilos 1-130
2020-04-02 10:30:19,253 INFO o.a.j.t.JMeterThread: Stopping because end time detected by thread: Grupo De Hilos 1-200
2020-04-02 10:30:19,253 INFO o.a.j.t.JMeterThread: Thread finished: Grupo De Hilos 1-130
2020-04-02 10:30:19,253 INFO o.a.j.t.JMeterThread: Thread finished: Grupo De Hilos 1-200
2020-04-02 10:30:19,253 INFO o.a.j.t.JMeterThread: Stopping because end time detected by thread: Grupo De Hilos 1-58
2020-04-02 10:30:19,253 INFO o.a.j.t.JMeterThread: Thread finished: Grupo De Hilos 1-58
2020-04-02 10:30:19,253 INFO o.a.j.t.JMeterThread: Stopping because end time detected by thread: Grupo De Hilos 1-141
2020-04-02 10:30:19,253 INFO o.a.j.t.JMeterThread: Thread finished: Grupo De Hilos 1-141
2020-04-02 10:30:19,253 INFO o.a.j.t.JMeterThread: Stopping because end time detected by thread: Grupo De Hilos 1-151
2020-04-02 10:30:19,254 INFO o.a.j.t.JMeterThread: Thread finished: Grupo De Hilos 1-151
2020-04-02 10:30:19,254 INFO o.a.j.t.JMeterThread: Stopping because end time detected by thread: Grupo De Hilos 1-213
2020-04-02 10:30:19,254 INFO o.a.j.t.JMeterThread: Thread finished: Grupo De Hilos 1-213
2020-04-02 10:30:19,254 INFO o.a.j.t.JMeterThread: Stopping because end time detected by thread: Grupo De Hilos 1-90
2020-04-02 10:30:19,254 INFO o.a.j.t.JMeterThread: Stopping because end time detected by thread: Grupo De Hilos 1-3
2020-04-02 10:30:19,254 INFO o.a.j.t.JMeterThread: Thread finished: Grupo De Hilos 1-90
2020-04-02 10:30:19,255 INFO o.a.j.t.JMeterThread: Stopping because end time detected by thread: Grupo De Hilos 1-79
2020-04-02 10:30:19,255 INFO o.a.j.t.JMeterThread: Thread finished: Grupo De Hilos 1-79
2020-04-02 10:30:19,255 INFO o.a.j.t.JMeterThread: Stopping because end time detected by thread: Grupo De Hilos 1-218
2020-04-02 10:30:19,255 INFO o.a.j.t.JMeterThread: Thread finished: Grupo De Hilos 1-218
2020-04-02 10:30:19,255 INFO o.a.j.t.JMeterThread: Stopping because end time detected by thread: Grupo De Hilos 1-158
2020-04-02 10:30:19,255 INFO o.a.j.t.JMeterThread: Thread finished: Grupo De Hilos 1-158
2020-04-02 10:30:19,256 INFO o.a.j.t.JMeterThread: Stopping because end time detected by thread: Grupo De Hilos 1-195
2020-04-02 10:30:19,256 INFO o.a.j.t.JMeterThread: Thread finished: Grupo De Hilos 1-195
2020-04-02 10:30:19,254 INFO o.a.j.t.JMeterThread: Thread finished: Grupo De Hilos 1-3
2020-04-02 10:30:19,262 INFO o.a.j.t.JMeterThread: Stopping because end time detected by thread: Grupo De Hilos 1-232
2020-04-02 10:30:19,262 INFO o.a.j.t.JMeterThread: Stopping because end time detected by thread: Grupo De Hilos 1-157
2020-04-02 10:30:19,262 INFO o.a.j.t.JMeterThread: Stopping because end time detected by thread: Grupo De Hilos 1-156
2020-04-02 10:30:19,262 INFO o.a.j.t.JMeterThread: Thread finished: Grupo De Hilos 1-232
2020-04-02 10:30:19,262 INFO o.a.j.t.JMeterThread: Thread finished: Grupo De Hilos 1-157
2020-04-02 10:30:19,262 INFO o.a.j.t.JMeterThread: Stopping because end time detected by thread: Grupo De Hilos 1-164
2020-04-02 10:30:19,262 INFO o.a.j.t.JMeterThread: Thread finished: Grupo De Hilos 1-164
2020-04-02 10:30:19,262 INFO o.a.j.t.JMeterThread: Thread finished: Grupo De Hilos 1-156
2020-04-02 10:30:19,263 INFO o.a.j.t.JMeterThread: Stopping because end time detected by thread: Grupo De Hilos 1-238
2020-04-02 10:30:19,263 INFO o.a.j.t.JMeterThread: Stopping because end time detected by thread: Grupo De Hilos 1-198
2020-04-02 10:30:19,263 INFO o.a.j.t.JMeterThread: Thread finished: Grupo De Hilos 1-238
2020-04-02 10:30:19,263 INFO o.a.j.t.JMeterThread: Stopping because end time detected by thread: Grupo De Hilos 1-207
2020-04-02 10:30:19,263 INFO o.a.j.t.JMeterThread: Thread finished: Grupo De Hilos 1-198
2020-04-02 10:30:19,263 INFO o.a.j.t.JMeterThread: Thread finished: Grupo De Hilos 1-207
2020-04-02 10:30:19,264 INFO o.a.j.t.JMeterThread: Stopping because end time detected by thread: Grupo De Hilos 1-106
2020-04-02 10:30:19,264 INFO o.a.j.t.JMeterThread: Thread finished: Grupo De Hilos 1-106
2020-04-02 10:30:19,283 INFO o.a.j.t.JMeterThread: Stopping because end time detected by thread: Grupo De Hilos 1-62
2020-04-02 10:30:19,283 INFO o.a.j.t.JMeterThread: Stopping because end time detected by thread: Grupo De Hilos 1-68
2020-04-02 10:30:19,283 INFO o.a.j.t.JMeterThread: Thread finished: Grupo De Hilos 1-68
2020-04-02 10:30:19,283 INFO o.a.j.t.JMeterThread: Stopping because end time detected by thread: Grupo De Hilos 1-199
2020-04-02 10:30:19,283 INFO o.a.j.t.JMeterThread: Stopping because end time detected by thread: Grupo De Hilos 1-181
2020-04-02 10:30:19,284 INFO o.a.j.t.JMeterThread: Stopping because end time detected by thread: Grupo De Hilos 1-10
2020-04-02 10:30:19,283 INFO o.a.j.t.JMeterThread: Thread finished: Grupo De Hilos 1-62
2020-04-02 10:30:19,284 INFO o.a.j.t.JMeterThread: Thread finished: Grupo De Hilos 1-10
2020-04-02 10:30:19,284 INFO o.a.j.t.JMeterThread: Thread finished: Grupo De Hilos 1-181
2020-04-02 10:30:19,284 INFO o.a.j.t.JMeterThread: Thread finished: Grupo De Hilos 1-199
2020-04-02 10:30:19,284 INFO o.a.j.t.JMeterThread: Stopping because end time detected by thread: Grupo De Hilos 1-214
2020-04-02 10:30:19,284 INFO o.a.j.t.JMeterThread: Stopping because end time detected by thread: Grupo De Hilos 1-242
2020-04-02 10:30:19,284 INFO o.a.j.t.JMeterThread: Thread finished: Grupo De Hilos 1-214
2020-04-02 10:30:19,284 INFO o.a.j.t.JMeterThread: Thread finished: Grupo De Hilos 1-242
2020-04-02 10:30:19,291 INFO o.a.j.t.JMeterThread: Stopping because end time detected by thread: Grupo De Hilos 1-192
2020-04-02 10:30:19,291 INFO o.a.j.t.JMeterThread: Thread finished: Grupo De Hilos 1-192
2020-04-02 10:30:19,291 INFO o.a.j.t.JMeterThread: Stopping because end time detected by thread: Grupo De Hilos 1-237
2020-04-02 10:30:19,291 INFO o.a.j.t.JMeterThread: Thread finished: Grupo De Hilos 1-237
2020-04-02 10:30:19,292 INFO o.a.j.t.JMeterThread: Stopping because end time detected by thread: Grupo De Hilos 1-97
2020-04-02 10:30:19,292 INFO o.a.j.t.JMeterThread: Thread finished: Grupo De Hilos 1-97
2020-04-02 10:30:19,292 INFO o.a.j.t.JMeterThread: Stopping because end time detected by thread: Grupo De Hilos 1-183
2020-04-02 10:30:19,292 INFO o.a.j.t.JMeterThread: Thread finished: Grupo De Hilos 1-183
2020-04-02 10:30:19,292 INFO o.a.j.t.JMeterThread: Stopping because end time detected by thread: Grupo De Hilos 1-204
2020-04-02 10:30:19,292 INFO o.a.j.t.JMeterThread: Stopping because end time detected by thread: Grupo De Hilos 1-18
2020-04-02 10:30:19,292 INFO o.a.j.t.JMeterThread: Thread finished: Grupo De Hilos 1-204
2020-04-02 10:30:19,292 INFO o.a.j.t.JMeterThread: Thread finished: Grupo De Hilos 1-18
2020-04-02 10:30:19,292 INFO o.a.j.t.JMeterThread: Stopping because end time detected by thread: Grupo De Hilos 1-235
2020-04-02 10:30:19,293 INFO o.a.j.t.JMeterThread: Stopping because end time detected by thread: Grupo De Hilos 1-233
2020-04-02 10:30:19,293 INFO o.a.j.t.JMeterThread: Thread finished: Grupo De Hilos 1-235
2020-04-02 10:30:19,293 INFO o.a.j.t.JMeterThread: Thread finished: Grupo De Hilos 1-233
2020-04-02 10:30:19,293 INFO o.a.j.t.JMeterThread: Stopping because end time detected by thread: Grupo De Hilos 1-2
2020-04-02 10:30:19,293 INFO o.a.j.t.JMeterThread: Thread finished: Grupo De Hilos 1-2
2020-04-02 10:30:19,293 INFO o.a.j.t.JMeterThread: Stopping because end time detected by thread: Grupo De Hilos 1-46
2020-04-02 10:30:19,293 INFO o.a.j.t.JMeterThread: Thread finished: Grupo De Hilos 1-46
2020-04-02 10:30:19,293 INFO o.a.j.t.JMeterThread: Stopping because end time detected by thread: Grupo De Hilos 1-221
2020-04-02 10:30:19,293 INFO o.a.j.t.JMeterThread: Thread finished: Grupo De Hilos 1-221
2020-04-02 10:30:19,293 INFO o.a.j.t.JMeterThread: Stopping because end time detected by thread: Grupo De Hilos 1-228
2020-04-02 10:30:19,293 INFO o.a.j.t.JMeterThread: Thread finished: Grupo De Hilos 1-228
2020-04-02 10:30:19,294 INFO o.a.j.t.JMeterThread: Stopping because end time detected by thread: Grupo De Hilos 1-99
2020-04-02 10:30:19,294 INFO o.a.j.t.JMeterThread: Thread finished: Grupo De Hilos 1-99
2020-04-02 10:30:19,294 INFO o.a.j.t.JMeterThread: Stopping because end time detected by thread: Grupo De Hilos 1-26
2020-04-02 10:30:19,294 INFO o.a.j.t.JMeterThread: Thread finished: Grupo De Hilos 1-26
2020-04-02 10:30:19,294 INFO o.a.j.t.JMeterThread: Stopping because end time detected by thread: Grupo De Hilos 1-82
2020-04-02 10:30:19,294 INFO o.a.j.t.JMeterThread: Thread finished: Grupo De Hilos 1-82
2020-04-02 10:30:19,294 INFO o.a.j.t.JMeterThread: Stopping because end time detected by thread: Grupo De Hilos 1-81
2020-04-02 10:30:19,294 INFO o.a.j.t.JMeterThread: Thread finished: Grupo De Hilos 1-81
2020-04-02 10:30:19,298 INFO o.a.j.t.JMeterThread: Stopping because end time detected by thread: Grupo De Hilos 1-217
2020-04-02 10:30:19,298 INFO o.a.j.t.JMeterThread: Thread finished: Grupo De Hilos 1-217
2020-04-02 10:30:19,298 INFO o.a.j.t.JMeterThread: Stopping because end time detected by thread: Grupo De Hilos 1-87
2020-04-02 10:30:19,298 INFO o.a.j.t.JMeterThread: Thread finished: Grupo De Hilos 1-87
2020-04-02 10:30:19,299 INFO o.a.j.t.JMeterThread: Stopping because end time detected by thread: Grupo De Hilos 1-16
2020-04-02 10:30:19,299 INFO o.a.j.t.JMeterThread: Thread finished: Grupo De Hilos 1-16
2020-04-02 10:30:19,299 INFO o.a.j.t.JMeterThread: Stopping because end time detected by thread: Grupo De Hilos 1-191
2020-04-02 10:30:19,299 INFO o.a.j.t.JMeterThread: Stopping because end time detected by thread: Grupo De Hilos 1-186
2020-04-02 10:30:19,299 INFO o.a.j.t.JMeterThread: Thread finished: Grupo De Hilos 1-191
2020-04-02 10:30:19,299 INFO o.a.j.t.JMeterThread: Thread finished: Grupo De Hilos 1-186
2020-04-02 10:30:19,299 INFO o.a.j.t.JMeterThread: Stopping because end time detected by thread: Grupo De Hilos 1-209
2020-04-02 10:30:19,300 INFO o.a.j.t.JMeterThread: Thread finished: Grupo De Hilos 1-209
2020-04-02 10:30:19,299 INFO o.a.j.t.JMeterThread: Stopping because end time detected by thread: Grupo De Hilos 1-43
2020-04-02 10:30:19,300 INFO o.a.j.t.JMeterThread: Thread finished: Grupo De Hilos 1-43
2020-04-02 10:30:19,300 INFO o.a.j.t.JMeterThread: Stopping because end time detected by thread: Grupo De Hilos 1-40
2020-04-02 10:30:19,300 INFO o.a.j.t.JMeterThread: Thread finished: Grupo De Hilos 1-40
2020-04-02 10:30:19,300 INFO o.a.j.t.JMeterThread: Stopping because end time detected by thread: Grupo De Hilos 1-205
2020-04-02 10:30:19,300 INFO o.a.j.t.JMeterThread: Thread finished: Grupo De Hilos 1-205
2020-04-02 10:30:19,320 INFO o.a.j.t.JMeterThread: Stopping because end time detected by thread: Grupo De Hilos 1-70
2020-04-02 10:30:19,320 INFO o.a.j.t.JMeterThread: Stopping because end time detected by thread: Grupo De Hilos 1-34
2020-04-02 10:30:19,320 INFO o.a.j.t.JMeterThread: Stopping because end time detected by thread: Grupo De Hilos 1-252
2020-04-02 10:30:19,320 INFO o.a.j.t.JMeterThread: Thread finished: Grupo De Hilos 1-34
2020-04-02 10:30:19,320 INFO o.a.j.t.JMeterThread: Stopping because end time detected by thread: Grupo De Hilos 1-229
2020-04-02 10:30:19,320 INFO o.a.j.t.JMeterThread: Stopping because end time detected by thread: Grupo De Hilos 1-111
2020-04-02 10:30:19,321 INFO o.a.j.t.JMeterThread: Thread finished: Grupo De Hilos 1-229
2020-04-02 10:30:19,321 INFO o.a.j.t.JMeterThread: Stopping because end time detected by thread: Grupo De Hilos 1-83
2020-04-02 10:30:19,321 INFO o.a.j.t.JMeterThread: Thread finished: Grupo De Hilos 1-83
2020-04-02 10:30:19,321 INFO o.a.j.t.JMeterThread: Thread finished: Grupo De Hilos 1-111
2020-04-02 10:30:19,320 INFO o.a.j.t.JMeterThread: Thread finished: Grupo De Hilos 1-252
2020-04-02 10:30:19,321 INFO o.a.j.t.JMeterThread: Thread finished: Grupo De Hilos 1-70
2020-04-02 10:30:19,324 INFO o.a.j.t.JMeterThread: Stopping because end time detected by thread: Grupo De Hilos 1-32
2020-04-02 10:30:19,325 INFO o.a.j.t.JMeterThread: Thread finished: Grupo De Hilos 1-32
2020-04-02 10:30:19,325 INFO o.a.j.t.JMeterThread: Stopping because end time detected by thread: Grupo De Hilos 1-74
2020-04-02 10:30:19,325 INFO o.a.j.t.JMeterThread: Thread finished: Grupo De Hilos 1-74
2020-04-02 10:30:19,325 INFO o.a.j.t.JMeterThread: Stopping because end time detected by thread: Grupo De Hilos 1-61
2020-04-02 10:30:19,326 INFO o.a.j.t.JMeterThread: Thread finished: Grupo De Hilos 1-61
2020-04-02 10:30:19,326 INFO o.a.j.t.JMeterThread: Stopping because end time detected by thread: Grupo De Hilos 1-48
2020-04-02 10:30:19,326 INFO o.a.j.t.JMeterThread: Stopping because end time detected by thread: Grupo De Hilos 1-147
2020-04-02 10:30:19,326 INFO o.a.j.t.JMeterThread: Thread finished: Grupo De Hilos 1-48
2020-04-02 10:30:19,326 INFO o.a.j.t.JMeterThread: Thread finished: Grupo De Hilos 1-147
2020-04-02 10:30:19,327 INFO o.a.j.t.JMeterThread: Stopping because end time detected by thread: Grupo De Hilos 1-38
2020-04-02 10:30:19,327 INFO o.a.j.t.JMeterThread: Thread finished: Grupo De Hilos 1-38
2020-04-02 10:30:19,327 INFO o.a.j.t.JMeterThread: Stopping because end time detected by thread: Grupo De Hilos 1-138
2020-04-02 10:30:19,327 INFO o.a.j.t.JMeterThread: Thread finished: Grupo De Hilos 1-138
2020-04-02 10:30:19,328 INFO o.a.j.t.JMeterThread: Stopping because end time detected by thread: Grupo De Hilos 1-35
2020-04-02 10:30:19,328 INFO o.a.j.t.JMeterThread: Thread finished: Grupo De Hilos 1-35
2020-04-02 10:30:19,328 INFO o.a.j.t.JMeterThread: Stopping because end time detected by thread: Grupo De Hilos 1-45
2020-04-02 10:30:19,328 INFO o.a.j.t.JMeterThread: Thread finished: Grupo De Hilos 1-45
2020-04-02 10:30:19,328 INFO o.a.j.t.JMeterThread: Stopping because end time detected by thread: Grupo De Hilos 1-124
2020-04-02 10:30:19,328 INFO o.a.j.t.JMeterThread: Thread finished: Grupo De Hilos 1-124
2020-04-02 10:30:19,328 INFO o.a.j.t.JMeterThread: Stopping because end time detected by thread: Grupo De Hilos 1-80
2020-04-02 10:30:19,329 INFO o.a.j.t.JMeterThread: Thread finished: Grupo De Hilos 1-80
2020-04-02 10:30:19,329 INFO o.a.j.t.JMeterThread: Stopping because end time detected by thread: Grupo De Hilos 1-255
2020-04-02 10:30:19,329 INFO o.a.j.t.JMeterThread: Thread finished: Grupo De Hilos 1-255
2020-04-02 10:30:19,329 INFO o.a.j.t.JMeterThread: Stopping because end time detected by thread: Grupo De Hilos 1-118
2020-04-02 10:30:19,329 INFO o.a.j.t.JMeterThread: Thread finished: Grupo De Hilos 1-118
2020-04-02 10:30:19,329 INFO o.a.j.t.JMeterThread: Stopping because end time detected by thread: Grupo De Hilos 1-94
2020-04-02 10:30:19,329 INFO o.a.j.t.JMeterThread: Thread finished: Grupo De Hilos 1-94
2020-04-02 10:30:19,329 INFO o.a.j.t.JMeterThread: Stopping because end time detected by thread: Grupo De Hilos 1-96
2020-04-02 10:30:19,329 INFO o.a.j.t.JMeterThread: Thread finished: Grupo De Hilos 1-96
2020-04-02 10:30:19,329 INFO o.a.j.t.JMeterThread: Stopping because end time detected by thread: Grupo De Hilos 1-227
2020-04-02 10:30:19,324 INFO o.a.j.t.JMeterThread: Stopping because end time detected by thread: Grupo De Hilos 1-163
2020-04-02 10:30:19,330 INFO o.a.j.t.JMeterThread: Thread finished: Grupo De Hilos 1-163
2020-04-02 10:30:19,330 INFO o.a.j.t.JMeterThread: Stopping because end time detected by thread: Grupo De Hilos 1-66
2020-04-02 10:30:19,327 INFO o.a.j.t.JMeterThread: Stopping because end time detected by thread: Grupo De Hilos 1-149
2020-04-02 10:30:19,330 INFO o.a.j.t.JMeterThread: Thread finished: Grupo De Hilos 1-149
2020-04-02 10:30:19,330 INFO o.a.j.t.JMeterThread: Stopping because end time detected by thread: Grupo De Hilos 1-193
2020-04-02 10:30:19,325 INFO o.a.j.t.JMeterThread: Stopping because end time detected by thread: Grupo De Hilos 1-201
2020-04-02 10:30:19,330 INFO o.a.j.t.JMeterThread: Thread finished: Grupo De Hilos 1-201
2020-04-02 10:30:19,330 INFO o.a.j.t.JMeterThread: Stopping because end time detected by thread: Grupo De Hilos 1-28
2020-04-02 10:30:19,330 INFO o.a.j.t.JMeterThread: Thread finished: Grupo De Hilos 1-28
2020-04-02 10:30:19,331 INFO o.a.j.t.JMeterThread: Thread finished: Grupo De Hilos 1-193
2020-04-02 10:30:19,331 INFO o.a.j.t.JMeterThread: Stopping because end time detected by thread: Grupo De Hilos 1-134
2020-04-02 10:30:19,330 INFO o.a.j.t.JMeterThread: Thread finished: Grupo De Hilos 1-227
2020-04-02 10:30:19,330 INFO o.a.j.t.JMeterThread: Thread finished: Grupo De Hilos 1-66
2020-04-02 10:30:19,331 INFO o.a.j.t.JMeterThread: Thread finished: Grupo De Hilos 1-134
2020-04-02 10:30:19,331 INFO o.a.j.t.JMeterThread: Stopping because end time detected by thread: Grupo De Hilos 1-187
2020-04-02 10:30:19,332 INFO o.a.j.t.JMeterThread: Thread finished: Grupo De Hilos 1-187
2020-04-02 10:30:19,334 INFO o.a.j.t.JMeterThread: Stopping because end time detected by thread: Grupo De Hilos 1-241
2020-04-02 10:30:19,334 INFO o.a.j.t.JMeterThread: Stopping because end time detected by thread: Grupo De Hilos 1-247
2020-04-02 10:30:19,334 INFO o.a.j.t.JMeterThread: Thread finished: Grupo De Hilos 1-241
2020-04-02 10:30:19,335 INFO o.a.j.t.JMeterThread: Thread finished: Grupo De Hilos 1-247
2020-04-02 10:30:19,335 INFO o.a.j.t.JMeterThread: Stopping because end time detected by thread: Grupo De Hilos 1-93
2020-04-02 10:30:19,335 INFO o.a.j.t.JMeterThread: Stopping because end time detected by thread: Grupo De Hilos 1-89
2020-04-02 10:30:19,335 INFO o.a.j.t.JMeterThread: Thread finished: Grupo De Hilos 1-93
2020-04-02 10:30:19,335 INFO o.a.j.t.JMeterThread: Thread finished: Grupo De Hilos 1-89
2020-04-02 10:30:19,336 INFO o.a.j.t.JMeterThread: Stopping because end time detected by thread: Grupo De Hilos 1-251
2020-04-02 10:30:19,336 INFO o.a.j.t.JMeterThread: Thread finished: Grupo De Hilos 1-251
2020-04-02 10:30:19,336 INFO o.a.j.t.JMeterThread: Stopping because end time detected by thread: Grupo De Hilos 1-25
2020-04-02 10:30:19,336 INFO o.a.j.t.JMeterThread: Thread finished: Grupo De Hilos 1-25
2020-04-02 10:30:19,344 INFO o.a.j.t.JMeterThread: Stopping because end time detected by thread: Grupo De Hilos 1-267
2020-04-02 10:30:19,344 INFO o.a.j.t.JMeterThread: Thread finished: Grupo De Hilos 1-267
2020-04-02 10:30:19,351 INFO o.a.j.t.JMeterThread: Stopping because end time detected by thread: Grupo De Hilos 1-266
2020-04-02 10:30:19,351 INFO o.a.j.t.JMeterThread: Thread finished: Grupo De Hilos 1-266
2020-04-02 10:30:19,351 INFO o.a.j.t.JMeterThread: Stopping because end time detected by thread: Grupo De Hilos 1-225
2020-04-02 10:30:19,351 INFO o.a.j.t.JMeterThread: Thread finished: Grupo De Hilos 1-225
2020-04-02 10:30:19,351 INFO o.a.j.t.JMeterThread: Stopping because end time detected by thread: Grupo De Hilos 1-120
2020-04-02 10:30:19,351 INFO o.a.j.t.JMeterThread: Thread finished: Grupo De Hilos 1-120
2020-04-02 10:30:19,351 INFO o.a.j.t.JMeterThread: Stopping because end time detected by thread: Grupo De Hilos 1-250
2020-04-02 10:30:19,351 INFO o.a.j.t.JMeterThread: Thread finished: Grupo De Hilos 1-250
2020-04-02 10:30:19,352 INFO o.a.j.t.JMeterThread: Stopping because end time detected by thread: Grupo De Hilos 1-110
2020-04-02 10:30:19,352 INFO o.a.j.t.JMeterThread: Thread finished: Grupo De Hilos 1-110
2020-04-02 10:30:19,352 INFO o.a.j.t.JMeterThread: Stopping because end time detected by thread: Grupo De Hilos 1-145
2020-04-02 10:30:19,352 INFO o.a.j.t.JMeterThread: Stopping because end time detected by thread: Grupo De Hilos 1-174
2020-04-02 10:30:19,352 INFO o.a.j.t.JMeterThread: Thread finished: Grupo De Hilos 1-174
2020-04-02 10:30:19,352 INFO o.a.j.t.JMeterThread: Stopping because end time detected by thread: Grupo De Hilos 1-160
2020-04-02 10:30:19,352 INFO o.a.j.t.JMeterThread: Thread finished: Grupo De Hilos 1-160
2020-04-02 10:30:19,352 INFO o.a.j.t.JMeterThread: Stopping because end time detected by thread: Grupo De Hilos 1-245
2020-04-02 10:30:19,353 INFO o.a.j.t.JMeterThread: Thread finished: Grupo De Hilos 1-245
2020-04-02 10:30:19,353 INFO o.a.j.t.JMeterThread: Stopping because end time detected by thread: Grupo De Hilos 1-148
2020-04-02 10:30:19,353 INFO o.a.j.t.JMeterThread: Stopping because end time detected by thread: Grupo De Hilos 1-176
2020-04-02 10:30:19,353 INFO o.a.j.t.JMeterThread: Thread finished: Grupo De Hilos 1-176
2020-04-02 10:30:19,353 INFO o.a.j.t.JMeterThread: Thread finished: Grupo De Hilos 1-148
2020-04-02 10:30:19,353 INFO o.a.j.t.JMeterThread: Stopping because end time detected by thread: Grupo De Hilos 1-65
2020-04-02 10:30:19,353 INFO o.a.j.t.JMeterThread: Stopping because end time detected by thread: Grupo De Hilos 1-215
2020-04-02 10:30:19,353 INFO o.a.j.t.JMeterThread: Thread finished: Grupo De Hilos 1-215
2020-04-02 10:30:19,353 INFO o.a.j.t.JMeterThread: Stopping because end time detected by thread: Grupo De Hilos 1-249
2020-04-02 10:30:19,353 INFO o.a.j.t.JMeterThread: Stopping because end time detected by thread: Grupo De Hilos 1-197
2020-04-02 10:30:19,354 INFO o.a.j.t.JMeterThread: Thread finished: Grupo De Hilos 1-249
2020-04-02 10:30:19,354 INFO o.a.j.t.JMeterThread: Stopping because end time detected by thread: Grupo De Hilos 1-243
2020-04-02 10:30:19,354 INFO o.a.j.t.JMeterThread: Thread finished: Grupo De Hilos 1-243
2020-04-02 10:30:19,354 INFO o.a.j.t.JMeterThread: Stopping because end time detected by thread: Grupo De Hilos 1-224
2020-04-02 10:30:19,354 INFO o.a.j.t.JMeterThread: Thread finished: Grupo De Hilos 1-224
2020-04-02 10:30:19,354 INFO o.a.j.t.JMeterThread: Stopping because end time detected by thread: Grupo De Hilos 1-270
2020-04-02 10:30:19,354 INFO o.a.j.t.JMeterThread: Thread finished: Grupo De Hilos 1-270
2020-04-02 10:30:19,354 INFO o.a.j.t.JMeterThread: Stopping because end time detected by thread: Grupo De Hilos 1-244
2020-04-02 10:30:19,354 INFO o.a.j.t.JMeterThread: Stopping because end time detected by thread: Grupo De Hilos 1-274
2020-04-02 10:30:19,352 INFO o.a.j.t.JMeterThread: Thread finished: Grupo De Hilos 1-145
2020-04-02 10:30:19,355 INFO o.a.j.t.JMeterThread: Stopping because end time detected by thread: Grupo De Hilos 1-117
2020-04-02 10:30:19,355 INFO o.a.j.t.JMeterThread: Thread finished: Grupo De Hilos 1-117
2020-04-02 10:30:19,355 INFO o.a.j.t.JMeterThread: Thread finished: Grupo De Hilos 1-274
2020-04-02 10:30:19,355 INFO o.a.j.t.JMeterThread: Thread finished: Grupo De Hilos 1-244
2020-04-02 10:30:19,355 INFO o.a.j.t.JMeterThread: Stopping because end time detected by thread: Grupo De Hilos 1-253
2020-04-02 10:30:19,353 INFO o.a.j.t.JMeterThread: Thread finished: Grupo De Hilos 1-65
2020-04-02 10:30:19,355 INFO o.a.j.t.JMeterThread: Thread finished: Grupo De Hilos 1-253
2020-04-02 10:30:19,355 INFO o.a.j.t.JMeterThread: Stopping because end time detected by thread: Grupo De Hilos 1-55
2020-04-02 10:30:19,356 INFO o.a.j.t.JMeterThread: Thread finished: Grupo De Hilos 1-55
2020-04-02 10:30:19,355 INFO o.a.j.t.JMeterThread: Thread finished: Grupo De Hilos 1-197
2020-04-02 10:30:19,356 INFO o.a.j.t.JMeterThread: Stopping because end time detected by thread: Grupo De Hilos 1-162
2020-04-02 10:30:19,356 INFO o.a.j.t.JMeterThread: Stopping because end time detected by thread: Grupo De Hilos 1-210
2020-04-02 10:30:19,356 INFO o.a.j.t.JMeterThread: Thread finished: Grupo De Hilos 1-210
2020-04-02 10:30:19,356 INFO o.a.j.t.JMeterThread: Thread finished: Grupo De Hilos 1-162
2020-04-02 10:30:19,357 INFO o.a.j.t.JMeterThread: Stopping because end time detected by thread: Grupo De Hilos 1-263
2020-04-02 10:30:19,357 INFO o.a.j.t.JMeterThread: Thread finished: Grupo De Hilos 1-263
2020-04-02 10:30:19,357 INFO o.a.j.t.JMeterThread: Stopping because end time detected by thread: Grupo De Hilos 1-104
2020-04-02 10:30:19,357 INFO o.a.j.t.JMeterThread: Thread finished: Grupo De Hilos 1-104
2020-04-02 10:30:19,357 INFO o.a.j.t.JMeterThread: Stopping because end time detected by thread: Grupo De Hilos 1-179
2020-04-02 10:30:19,357 INFO o.a.j.t.JMeterThread: Stopping because end time detected by thread: Grupo De Hilos 1-129
2020-04-02 10:30:19,357 INFO o.a.j.t.JMeterThread: Thread finished: Grupo De Hilos 1-179
2020-04-02 10:30:19,357 INFO o.a.j.t.JMeterThread: Thread finished: Grupo De Hilos 1-129
2020-04-02 10:30:19,358 INFO o.a.j.t.JMeterThread: Stopping because end time detected by thread: Grupo De Hilos 1-258
2020-04-02 10:30:19,358 INFO o.a.j.t.JMeterThread: Stopping because end time detected by thread: Grupo De Hilos 1-257
2020-04-02 10:30:19,358 INFO o.a.j.t.JMeterThread: Thread finished: Grupo De Hilos 1-258
2020-04-02 10:30:19,358 INFO o.a.j.t.JMeterThread: Stopping because end time detected by thread: Grupo De Hilos 1-272
2020-04-02 10:30:19,358 INFO o.a.j.t.JMeterThread: Thread finished: Grupo De Hilos 1-272
2020-04-02 10:30:19,358 INFO o.a.j.t.JMeterThread: Thread finished: Grupo De Hilos 1-257
2020-04-02 10:30:19,359 INFO o.a.j.t.JMeterThread: Stopping because end time detected by thread: Grupo De Hilos 1-236
2020-04-02 10:30:19,359 INFO o.a.j.t.JMeterThread: Thread finished: Grupo De Hilos 1-236
2020-04-02 10:30:19,360 INFO o.a.j.t.JMeterThread: Stopping because end time detected by thread: Grupo De Hilos 1-240
2020-04-02 10:30:19,360 INFO o.a.j.t.JMeterThread: Thread finished: Grupo De Hilos 1-240
2020-04-02 10:30:19,361 INFO o.a.j.t.JMeterThread: Stopping because end time detected by thread: Grupo De Hilos 1-277
2020-04-02 10:30:19,361 INFO o.a.j.t.JMeterThread: Thread finished: Grupo De Hilos 1-277
2020-04-02 10:30:19,361 INFO o.a.j.t.JMeterThread: Stopping because end time detected by thread: Grupo De Hilos 1-194
2020-04-02 10:30:19,361 INFO o.a.j.t.JMeterThread: Thread finished: Grupo De Hilos 1-194
2020-04-02 10:30:19,362 INFO o.a.j.t.JMeterThread: Stopping because end time detected by thread: Grupo De Hilos 1-219
2020-04-02 10:30:19,362 INFO o.a.j.t.JMeterThread: Thread finished: Grupo De Hilos 1-219
2020-04-02 10:30:19,362 INFO o.a.j.t.JMeterThread: Stopping because end time detected by thread: Grupo De Hilos 1-265
2020-04-02 10:30:19,362 INFO o.a.j.t.JMeterThread: Thread finished: Grupo De Hilos 1-265
2020-04-02 10:30:19,374 INFO o.a.j.t.JMeterThread: Stopping because end time detected by thread: Grupo De Hilos 1-288
2020-04-02 10:30:19,375 INFO o.a.j.t.JMeterThread: Thread finished: Grupo De Hilos 1-288
2020-04-02 10:30:19,376 INFO o.a.j.t.JMeterThread: Stopping because end time detected by thread: Grupo De Hilos 1-279
2020-04-02 10:30:19,376 INFO o.a.j.t.JMeterThread: Stopping because end time detected by thread: Grupo De Hilos 1-280
2020-04-02 10:30:19,376 INFO o.a.j.t.JMeterThread: Thread finished: Grupo De Hilos 1-279
2020-04-02 10:30:19,376 INFO o.a.j.t.JMeterThread: Thread finished: Grupo De Hilos 1-280
2020-04-02 10:30:19,379 INFO o.a.j.t.JMeterThread: Stopping because end time detected by thread: Grupo De Hilos 1-285
2020-04-02 10:30:19,380 INFO o.a.j.t.JMeterThread: Thread finished: Grupo De Hilos 1-285
2020-04-02 10:30:19,380 INFO o.a.j.t.JMeterThread: Stopping because end time detected by thread: Grupo De Hilos 1-295
2020-04-02 10:30:19,380 INFO o.a.j.t.JMeterThread: Thread finished: Grupo De Hilos 1-295
2020-04-02 10:30:19,380 INFO o.a.j.t.JMeterThread: Stopping because end time detected by thread: Grupo De Hilos 1-290
2020-04-02 10:30:19,380 INFO o.a.j.t.JMeterThread: Stopping because end time detected by thread: Grupo De Hilos 1-297
2020-04-02 10:30:19,380 INFO o.a.j.t.JMeterThread: Thread finished: Grupo De Hilos 1-297
2020-04-02 10:30:19,380 INFO o.a.j.t.JMeterThread: Thread finished: Grupo De Hilos 1-290
2020-04-02 10:30:19,381 INFO o.a.j.t.JMeterThread: Stopping because end time detected by thread: Grupo De Hilos 1-294
2020-04-02 10:30:19,381 INFO o.a.j.t.JMeterThread: Thread finished: Grupo De Hilos 1-294
2020-04-02 10:30:19,385 INFO o.a.j.t.JMeterThread: Stopping because end time detected by thread: Grupo De Hilos 1-276
2020-04-02 10:30:19,385 INFO o.a.j.t.JMeterThread: Thread finished: Grupo De Hilos 1-276
2020-04-02 10:30:19,385 INFO o.a.j.t.JMeterThread: Stopping because end time detected by thread: Grupo De Hilos 1-278
2020-04-02 10:30:19,385 INFO o.a.j.t.JMeterThread: Stopping because end time detected by thread: Grupo De Hilos 1-283
2020-04-02 10:30:19,386 INFO o.a.j.t.JMeterThread: Thread finished: Grupo De Hilos 1-283
2020-04-02 10:30:19,386 INFO o.a.j.t.JMeterThread: Thread finished: Grupo De Hilos 1-278
2020-04-02 10:30:19,392 INFO o.a.j.t.JMeterThread: Stopping because end time detected by thread: Grupo De Hilos 1-300
2020-04-02 10:30:19,392 INFO o.a.j.t.JMeterThread: Thread finished: Grupo De Hilos 1-300
2020-04-02 10:30:19,392 INFO o.a.j.t.JMeterThread: Stopping because end time detected by thread: Grupo De Hilos 1-256
2020-04-02 10:30:19,393 INFO o.a.j.t.JMeterThread: Thread finished: Grupo De Hilos 1-256
2020-04-02 10:30:19,393 INFO o.a.j.t.JMeterThread: Stopping because end time detected by thread: Grupo De Hilos 1-289
2020-04-02 10:30:19,393 INFO o.a.j.t.JMeterThread: Thread finished: Grupo De Hilos 1-289
2020-04-02 10:30:19,394 INFO o.a.j.t.JMeterThread: Stopping because end time detected by thread: Grupo De Hilos 1-264
2020-04-02 10:30:19,394 INFO o.a.j.t.JMeterThread: Stopping because end time detected by thread: Grupo De Hilos 1-273
2020-04-02 10:30:19,394 INFO o.a.j.t.JMeterThread: Thread finished: Grupo De Hilos 1-264
2020-04-02 10:30:19,394 INFO o.a.j.t.JMeterThread: Thread finished: Grupo De Hilos 1-273
2020-04-02 10:30:19,394 INFO o.a.j.t.JMeterThread: Stopping because end time detected by thread: Grupo De Hilos 1-282
2020-04-02 10:30:19,395 INFO o.a.j.t.JMeterThread: Thread finished: Grupo De Hilos 1-282
2020-04-02 10:30:19,394 INFO o.a.j.t.JMeterThread: Stopping because end time detected by thread: Grupo De Hilos 1-292
2020-04-02 10:30:19,395 INFO o.a.j.t.JMeterThread: Thread finished: Grupo De Hilos 1-292
2020-04-02 10:30:19,397 INFO o.a.j.t.JMeterThread: Stopping because end time detected by thread: Grupo De Hilos 1-286
2020-04-02 10:30:19,397 INFO o.a.j.t.JMeterThread: Thread finished: Grupo De Hilos 1-286
2020-04-02 10:30:19,403 INFO o.a.j.t.JMeterThread: Stopping because end time detected by thread: Grupo De Hilos 1-296
2020-04-02 10:30:19,403 INFO o.a.j.t.JMeterThread: Thread finished: Grupo De Hilos 1-296
2020-04-02 10:30:19,408 INFO o.a.j.t.JMeterThread: Stopping because end time detected by thread: Grupo De Hilos 1-275
2020-04-02 10:30:19,408 INFO o.a.j.t.JMeterThread: Thread finished: Grupo De Hilos 1-275
2020-04-02 10:30:19,408 INFO o.a.j.t.JMeterThread: Stopping because end time detected by thread: Grupo De Hilos 1-287
2020-04-02 10:30:19,408 INFO o.a.j.t.JMeterThread: Stopping because end time detected by thread: Grupo De Hilos 1-298
2020-04-02 10:30:19,408 INFO o.a.j.t.JMeterThread: Thread finished: Grupo De Hilos 1-287
2020-04-02 10:30:19,408 INFO o.a.j.t.JMeterThread: Thread finished: Grupo De Hilos 1-298
2020-04-02 10:30:19,409 INFO o.a.j.t.JMeterThread: Stopping because end time detected by thread: Grupo De Hilos 1-126
2020-04-02 10:30:19,409 INFO o.a.j.t.JMeterThread: Thread finished: Grupo De Hilos 1-126
2020-04-02 10:30:19,418 INFO o.a.j.t.JMeterThread: Stopping because end time detected by thread: Grupo De Hilos 1-20
2020-04-02 10:30:19,418 INFO o.a.j.t.JMeterThread: Thread finished: Grupo De Hilos 1-20
2020-04-02 10:30:19,418 INFO o.a.j.t.JMeterThread: Stopping because end time detected by thread: Grupo De Hilos 1-107
2020-04-02 10:30:19,418 INFO o.a.j.t.JMeterThread: Stopping because end time detected by thread: Grupo De Hilos 1-222
2020-04-02 10:30:19,418 INFO o.a.j.t.JMeterThread: Thread finished: Grupo De Hilos 1-222
2020-04-02 10:30:19,418 INFO o.a.j.t.JMeterThread: Thread finished: Grupo De Hilos 1-107
2020-04-02 10:30:19,419 INFO o.a.j.t.JMeterThread: Stopping because end time detected by thread: Grupo De Hilos 1-69
2020-04-02 10:30:19,419 INFO o.a.j.t.JMeterThread: Thread finished: Grupo De Hilos 1-69
2020-04-02 10:30:19,446 INFO o.a.j.t.JMeterThread: Stopping because end time detected by thread: Grupo De Hilos 1-281
2020-04-02 10:30:19,447 INFO o.a.j.t.JMeterThread: Thread finished: Grupo De Hilos 1-281
2020-04-02 10:30:19,447 INFO o.a.j.t.JMeterThread: Stopping because end time detected by thread: Grupo De Hilos 1-175
2020-04-02 10:30:19,447 INFO o.a.j.t.JMeterThread: Stopping because end time detected by thread: Grupo De Hilos 1-269
2020-04-02 10:30:19,447 INFO o.a.j.t.JMeterThread: Thread finished: Grupo De Hilos 1-175
2020-04-02 10:30:19,447 INFO o.a.j.t.JMeterThread: Thread finished: Grupo De Hilos 1-269
2020-04-02 10:30:19,447 INFO o.a.j.t.JMeterThread: Stopping because end time detected by thread: Grupo De Hilos 1-271
2020-04-02 10:30:19,447 INFO o.a.j.t.JMeterThread: Thread finished: Grupo De Hilos 1-271
2020-04-02 10:30:19,447 INFO o.a.j.t.JMeterThread: Stopping because end time detected by thread: Grupo De Hilos 1-7
2020-04-02 10:30:19,447 INFO o.a.j.t.JMeterThread: Thread finished: Grupo De Hilos 1-7
2020-04-02 10:30:19,448 INFO o.a.j.t.JMeterThread: Stopping because end time detected by thread: Grupo De Hilos 1-116
2020-04-02 10:30:19,448 INFO o.a.j.t.JMeterThread: Thread finished: Grupo De Hilos 1-116
2020-04-02 10:30:19,448 INFO o.a.j.t.JMeterThread: Stopping because end time detected by thread: Grupo De Hilos 1-284
2020-04-02 10:30:19,448 INFO o.a.j.t.JMeterThread: Thread finished: Grupo De Hilos 1-284
2020-04-02 10:30:19,448 INFO o.a.j.t.JMeterThread: Stopping because end time detected by thread: Grupo De Hilos 1-95
2020-04-02 10:30:19,448 INFO o.a.j.t.JMeterThread: Thread finished: Grupo De Hilos 1-95
2020-04-02 10:30:19,451 INFO o.a.j.t.JMeterThread: Stopping because end time detected by thread: Grupo De Hilos 1-230
2020-04-02 10:30:19,452 INFO o.a.j.t.JMeterThread: Thread finished: Grupo De Hilos 1-230
2020-04-02 10:30:19,453 INFO o.a.j.t.JMeterThread: Stopping because end time detected by thread: Grupo De Hilos 1-223
2020-04-02 10:30:19,453 INFO o.a.j.t.JMeterThread: Stopping because end time detected by thread: Grupo De Hilos 1-103
2020-04-02 10:30:19,453 INFO o.a.j.t.JMeterThread: Thread finished: Grupo De Hilos 1-223
2020-04-02 10:30:19,453 INFO o.a.j.t.JMeterThread: Thread finished: Grupo De Hilos 1-103
2020-04-02 10:30:19,453 INFO o.a.j.t.JMeterThread: Stopping because end time detected by thread: Grupo De Hilos 1-23
2020-04-02 10:30:19,453 INFO o.a.j.t.JMeterThread: Thread finished: Grupo De Hilos 1-23
2020-04-02 10:30:19,453 INFO o.a.j.t.JMeterThread: Stopping because end time detected by thread: Grupo De Hilos 1-85
2020-04-02 10:30:19,453 INFO o.a.j.t.JMeterThread: Thread finished: Grupo De Hilos 1-85
2020-04-02 10:30:19,478 INFO o.a.j.t.JMeterThread: Stopping because end time detected by thread: Grupo De Hilos 1-78
2020-04-02 10:30:19,478 INFO o.a.j.t.JMeterThread: Thread finished: Grupo De Hilos 1-78
2020-04-02 10:30:19,482 INFO o.a.j.t.JMeterThread: Stopping because end time detected by thread: Grupo De Hilos 1-121
2020-04-02 10:30:19,482 INFO o.a.j.t.JMeterThread: Stopping because end time detected by thread: Grupo De Hilos 1-56
2020-04-02 10:30:19,482 INFO o.a.j.t.JMeterThread: Thread finished: Grupo De Hilos 1-121
2020-04-02 10:30:19,482 INFO o.a.j.t.JMeterThread: Thread finished: Grupo De Hilos 1-56
2020-04-02 10:30:19,485 INFO o.a.j.t.JMeterThread: Stopping because end time detected by thread: Grupo De Hilos 1-44
2020-04-02 10:30:19,485 INFO o.a.j.t.JMeterThread: Thread finished: Grupo De Hilos 1-44
2020-04-02 10:30:19,508 INFO o.a.j.t.JMeterThread: Stopping because end time detected by thread: Grupo De Hilos 1-52
2020-04-02 10:30:19,508 INFO o.a.j.t.JMeterThread: Thread finished: Grupo De Hilos 1-52
2020-04-02 10:30:19,509 INFO o.a.j.t.JMeterThread: Stopping because end time detected by thread: Grupo De Hilos 1-115
2020-04-02 10:30:19,510 INFO o.a.j.t.JMeterThread: Thread finished: Grupo De Hilos 1-115
2020-04-02 10:30:19,510 INFO o.a.j.t.JMeterThread: Stopping because end time detected by thread: Grupo De Hilos 1-47
2020-04-02 10:30:19,510 INFO o.a.j.t.JMeterThread: Thread finished: Grupo De Hilos 1-47
2020-04-02 10:30:19,513 INFO o.a.j.t.JMeterThread: Stopping because end time detected by thread: Grupo De Hilos 1-67
2020-04-02 10:30:19,513 INFO o.a.j.t.JMeterThread: Thread finished: Grupo De Hilos 1-67
2020-04-02 10:30:19,516 INFO o.a.j.t.JMeterThread: Stopping because end time detected by thread: Grupo De Hilos 1-261
2020-04-02 10:30:19,516 INFO o.a.j.t.JMeterThread: Thread finished: Grupo De Hilos 1-261
2020-04-02 10:30:19,517 INFO o.a.j.t.JMeterThread: Stopping because end time detected by thread: Grupo De Hilos 1-231
2020-04-02 10:30:19,517 INFO o.a.j.t.JMeterThread: Thread finished: Grupo De Hilos 1-231
2020-04-02 10:30:19,517 INFO o.a.j.t.JMeterThread: Stopping because end time detected by thread: Grupo De Hilos 1-299
2020-04-02 10:30:19,517 INFO o.a.j.t.JMeterThread: Thread finished: Grupo De Hilos 1-299
2020-04-02 10:30:19,541 INFO o.a.j.t.JMeterThread: Stopping because end time detected by thread: Grupo De Hilos 1-234
2020-04-02 10:30:19,541 INFO o.a.j.t.JMeterThread: Thread finished: Grupo De Hilos 1-234
2020-04-02 10:30:19,574 INFO o.a.j.t.JMeterThread: Stopping because end time detected by thread: Grupo De Hilos 1-182
2020-04-02 10:30:19,575 INFO o.a.j.t.JMeterThread: Thread finished: Grupo De Hilos 1-182
2020-04-02 10:30:19,577 INFO o.a.j.t.JMeterThread: Stopping because end time detected by thread: Grupo De Hilos 1-42
2020-04-02 10:30:19,577 INFO o.a.j.t.JMeterThread: Thread finished: Grupo De Hilos 1-42
2020-04-02 10:30:19,579 INFO o.a.j.t.JMeterThread: Stopping because end time detected by thread: Grupo De Hilos 1-293
2020-04-02 10:30:19,579 INFO o.a.j.t.JMeterThread: Thread finished: Grupo De Hilos 1-293
2020-04-02 10:30:19,581 INFO o.a.j.t.JMeterThread: Stopping because end time detected by thread: Grupo De Hilos 1-196
2020-04-02 10:30:19,581 INFO o.a.j.t.JMeterThread: Thread finished: Grupo De Hilos 1-196
2020-04-02 10:30:19,605 INFO o.a.j.t.JMeterThread: Stopping because end time detected by thread: Grupo De Hilos 1-127
2020-04-02 10:30:19,605 INFO o.a.j.t.JMeterThread: Thread finished: Grupo De Hilos 1-127
2020-04-02 10:30:19,609 INFO o.a.j.t.JMeterThread: Stopping because end time detected by thread: Grupo De Hilos 1-137
2020-04-02 10:30:19,609 INFO o.a.j.t.JMeterThread: Thread finished: Grupo De Hilos 1-137
2020-04-02 10:30:19,765 INFO o.a.j.t.JMeterThread: Stopping because end time detected by thread: Grupo De Hilos 1-33
2020-04-02 10:30:19,765 INFO o.a.j.t.JMeterThread: Thread finished: Grupo De Hilos 1-33
2020-04-02 10:30:19,765 INFO o.a.j.t.JMeterThread: Stopping because end time detected by thread: Grupo De Hilos 1-260
2020-04-02 10:30:19,765 INFO o.a.j.t.JMeterThread: Thread finished: Grupo De Hilos 1-260
2020-04-02 10:30:19,882 INFO o.a.j.t.JMeterThread: Stopping because end time detected by thread: Grupo De Hilos 1-88
2020-04-02 10:30:19,882 INFO o.a.j.t.JMeterThread: Thread finished: Grupo De Hilos 1-88
2020-04-02 10:30:19,890 INFO o.a.j.t.JMeterThread: Stopping because end time detected by thread: Grupo De Hilos 1-135
2020-04-02 10:30:19,890 INFO o.a.j.t.JMeterThread: Stopping because end time detected by thread: Grupo De Hilos 1-39
2020-04-02 10:30:19,890 INFO o.a.j.t.JMeterThread: Thread finished: Grupo De Hilos 1-135
2020-04-02 10:30:19,890 INFO o.a.j.t.JMeterThread: Thread finished: Grupo De Hilos 1-39
2020-04-02 10:30:19,890 INFO o.a.j.t.JMeterThread: Stopping because end time detected by thread: Grupo De Hilos 1-268
2020-04-02 10:30:19,890 INFO o.a.j.t.JMeterThread: Thread finished: Grupo De Hilos 1-268
2020-04-02 10:30:19,893 INFO o.a.j.t.JMeterThread: Stopping because end time detected by thread: Grupo De Hilos 1-91
2020-04-02 10:30:19,893 INFO o.a.j.t.JMeterThread: Stopping because end time detected by thread: Grupo De Hilos 1-19
2020-04-02 10:30:19,893 INFO o.a.j.t.JMeterThread: Stopping because end time detected by thread: Grupo De Hilos 1-254
2020-04-02 10:30:19,893 INFO o.a.j.t.JMeterThread: Thread finished: Grupo De Hilos 1-91
2020-04-02 10:30:19,893 INFO o.a.j.t.JMeterThread: Thread finished: Grupo De Hilos 1-19
2020-04-02 10:30:19,893 INFO o.a.j.t.JMeterThread: Thread finished: Grupo De Hilos 1-254
2020-04-02 10:30:19,898 INFO o.a.j.t.JMeterThread: Stopping because end time detected by thread: Grupo De Hilos 1-77
2020-04-02 10:30:19,898 INFO o.a.j.t.JMeterThread: Thread finished: Grupo De Hilos 1-77
2020-04-02 10:30:19,924 INFO o.a.j.t.JMeterThread: Stopping because end time detected by thread: Grupo De Hilos 1-248
2020-04-02 10:30:19,924 INFO o.a.j.t.JMeterThread: Stopping because end time detected by thread: Grupo De Hilos 1-30
2020-04-02 10:30:19,924 INFO o.a.j.t.JMeterThread: Stopping because end time detected by thread: Grupo De Hilos 1-159
2020-04-02 10:30:19,924 INFO o.a.j.t.JMeterThread: Thread finished: Grupo De Hilos 1-248
2020-04-02 10:30:19,924 INFO o.a.j.t.JMeterThread: Thread finished: Grupo De Hilos 1-30
2020-04-02 10:30:19,924 INFO o.a.j.t.JMeterThread: Thread finished: Grupo De Hilos 1-159
2020-04-02 10:30:19,925 INFO o.a.j.t.JMeterThread: Stopping because end time detected by thread: Grupo De Hilos 1-262
2020-04-02 10:30:19,925 INFO o.a.j.t.JMeterThread: Stopping because end time detected by thread: Grupo De Hilos 1-190
2020-04-02 10:30:19,926 INFO o.a.j.t.JMeterThread: Thread finished: Grupo De Hilos 1-262
2020-04-02 10:30:19,926 INFO o.a.j.t.JMeterThread: Thread finished: Grupo De Hilos 1-190
2020-04-02 10:30:19,950 INFO o.a.j.t.JMeterThread: Stopping because end time detected by thread: Grupo De Hilos 1-246
2020-04-02 10:30:19,951 INFO o.a.j.t.JMeterThread: Thread finished: Grupo De Hilos 1-246
2020-04-02 10:30:19,951 INFO o.a.j.t.JMeterThread: Stopping because end time detected by thread: Grupo De Hilos 1-27
2020-04-02 10:30:19,951 INFO o.a.j.t.JMeterThread: Thread finished: Grupo De Hilos 1-27
2020-04-02 10:30:19,955 INFO o.a.j.t.JMeterThread: Stopping because end time detected by thread: Grupo De Hilos 1-17
2020-04-02 10:30:19,955 INFO o.a.j.t.JMeterThread: Thread finished: Grupo De Hilos 1-17
2020-04-02 10:30:19,966 INFO o.a.j.t.JMeterThread: Stopping because end time detected by thread: Grupo De Hilos 1-291
2020-04-02 10:30:19,966 INFO o.a.j.t.JMeterThread: Thread finished: Grupo De Hilos 1-291
2020-04-02 10:30:19,970 INFO o.a.j.t.JMeterThread: Stopping because end time detected by thread: Grupo De Hilos 1-239
2020-04-02 10:30:19,970 INFO o.a.j.t.JMeterThread: Thread finished: Grupo De Hilos 1-239
2020-04-02 10:30:20,014 INFO o.a.j.t.JMeterThread: Stopping because end time detected by thread: Grupo De Hilos 1-259
2020-04-02 10:30:20,014 INFO o.a.j.t.JMeterThread: Thread finished: Grupo De Hilos 1-259
2020-04-02 10:30:32,840 INFO o.a.j.r.Summariser: summary +  17461 in 00:00:33 =  531.7/s Avg:   406 Min:    24 Max: 131103 Err:    10 (0.06%) Active: 10 Started: 300 Finished: 290
2020-04-02 10:30:32,840 INFO o.a.j.r.Summariser: summary = 372447 in 00:06:14 =  995.8/s Avg:   241 Min:    13 Max: 131103 Err:    16 (0.00%)
2020-04-02 10:30:32,841 INFO o.a.j.t.JMeterThread: Stopping because end time detected by thread: Grupo De Hilos 1-72
2020-04-02 10:30:32,841 INFO o.a.j.t.JMeterThread: Thread finished: Grupo De Hilos 1-72
2020-04-02 10:30:32,845 INFO o.a.j.t.JMeterThread: Stopping because end time detected by thread: Grupo De Hilos 1-86
2020-04-02 10:30:32,845 INFO o.a.j.t.JMeterThread: Thread finished: Grupo De Hilos 1-86
2020-04-02 10:30:32,845 INFO o.a.j.t.JMeterThread: Stopping because end time detected by thread: Grupo De Hilos 1-14
2020-04-02 10:30:32,845 INFO o.a.j.t.JMeterThread: Thread finished: Grupo De Hilos 1-14
2020-04-02 10:30:32,845 INFO o.a.j.t.JMeterThread: Stopping because end time detected by thread: Grupo De Hilos 1-226
2020-04-02 10:30:32,845 INFO o.a.j.t.JMeterThread: Stopping because end time detected by thread: Grupo De Hilos 1-60
2020-04-02 10:30:32,845 INFO o.a.j.t.JMeterThread: Thread finished: Grupo De Hilos 1-226
2020-04-02 10:30:32,845 INFO o.a.j.t.JMeterThread: Thread finished: Grupo De Hilos 1-60
2020-04-02 10:31:20,421 INFO o.a.j.t.JMeterThread: Stopping because end time detected by thread: Grupo De Hilos 1-167
2020-04-02 10:31:20,421 INFO o.a.j.t.JMeterThread: Stopping because end time detected by thread: Grupo De Hilos 1-9
2020-04-02 10:31:20,421 INFO o.a.j.t.JMeterThread: Thread finished: Grupo De Hilos 1-167
2020-04-02 10:31:20,421 INFO o.a.j.t.JMeterThread: Thread finished: Grupo De Hilos 1-9
2020-04-02 10:31:20,422 INFO o.a.j.t.JMeterThread: Stopping because end time detected by thread: Grupo De Hilos 1-216
2020-04-02 10:31:20,422 INFO o.a.j.t.JMeterThread: Stopping because end time detected by thread: Grupo De Hilos 1-140
2020-04-02 10:31:20,422 INFO o.a.j.t.JMeterThread: Thread finished: Grupo De Hilos 1-216
2020-04-02 10:31:20,422 INFO o.a.j.t.JMeterThread: Thread finished: Grupo De Hilos 1-140
2020-04-02 10:31:40,900 INFO o.a.j.t.JMeterThread: Stopping because end time detected by thread: Grupo De Hilos 1-123
2020-04-02 10:31:40,900 INFO o.a.j.t.JMeterThread: Thread finished: Grupo De Hilos 1-123
2020-04-02 10:31:40,901 INFO o.a.j.e.StandardJMeterEngine: Notifying test listeners of end of test
2020-04-02 10:31:40,903 INFO o.a.j.r.Summariser: summary +      9 in 00:01:08 =    0.1/s Avg: 79416 Min: 15477 Max: 131068 Err:     5 (55.56%) Active: 0 Started: 300 Finished: 300
2020-04-02 10:31:40,904 INFO o.a.j.r.Summariser: summary = 372456 in 00:07:22 =  842.5/s Avg:   243 Min:    13 Max: 131103 Err:    21 (0.01%)
