2020-05-15 07:46:49,602 INFO o.a.j.u.JMeterUtils: Setting Locale to en_US
2020-05-15 07:46:49,633 INFO o.a.j.JMeter: Loading user properties from: /home/pablo/jmeter/bin/user.properties
2020-05-15 07:46:49,635 INFO o.a.j.JMeter: Loading system properties from: /home/pablo/jmeter/bin/system.properties
2020-05-15 07:46:49,635 INFO o.a.j.JMeter: Setting System property: HILOS=80
2020-05-15 07:46:49,636 INFO o.a.j.JMeter: Setting System property: SUBIDA=20
2020-05-15 07:46:49,636 INFO o.a.j.JMeter: Setting System property: DURACION=620
2020-05-15 07:46:49,636 INFO o.a.j.JMeter: Setting System property: FILE=scriptresultsPerfmon80.jtl
2020-05-15 07:46:49,639 INFO o.a.j.JMeter: Copyright (c) 1998-2019 The Apache Software Foundation
2020-05-15 07:46:49,639 INFO o.a.j.JMeter: Version 5.2.1
2020-05-15 07:46:49,640 INFO o.a.j.JMeter: java.version=1.8.0_201
2020-05-15 07:46:49,640 INFO o.a.j.JMeter: java.vm.name=Java HotSpot(TM) 64-Bit Server VM
2020-05-15 07:46:49,640 INFO o.a.j.JMeter: os.name=Linux
2020-05-15 07:46:49,640 INFO o.a.j.JMeter: os.arch=amd64
2020-05-15 07:46:49,641 INFO o.a.j.JMeter: os.version=4.15.0-99-generic
2020-05-15 07:46:49,641 INFO o.a.j.JMeter: file.encoding=UTF-8
2020-05-15 07:46:49,641 INFO o.a.j.JMeter: java.awt.headless=true
2020-05-15 07:46:49,641 INFO o.a.j.JMeter: Max memory     =732954624
2020-05-15 07:46:49,642 INFO o.a.j.JMeter: Available Processors =4
2020-05-15 07:46:49,649 INFO o.a.j.JMeter: Default Locale=English (United States)
2020-05-15 07:46:49,650 INFO o.a.j.JMeter: JMeter  Locale=English (United States)
2020-05-15 07:46:49,650 INFO o.a.j.JMeter: JMeterHome=/home/pablo/jmeter
2020-05-15 07:46:49,650 INFO o.a.j.JMeter: user.dir  =/home/pablo/jmeter/bin/EJECUCIONES/P3_V3
2020-05-15 07:46:49,650 INFO o.a.j.JMeter: PWD       =/home/pablo/jmeter/bin/EJECUCIONES/P3_V3
2020-05-15 07:46:49,651 INFO o.a.j.JMeter: IP: 127.0.1.1 Name: hylianpablo FullName: hylianpablo
2020-05-15 07:46:49,659 INFO o.a.j.s.FileServer: Default base='/home/pablo/jmeter/bin/EJECUCIONES/P3_V3'
2020-05-15 07:46:49,669 INFO o.a.j.s.FileServer: Set new base='/home/pablo/jmeter/bin/EJECUCIONES/P3_V3/..'
2020-05-15 07:46:49,947 INFO o.a.j.s.SaveService: Testplan (JMX) version: 2.2. Testlog (JTL) version: 2.2
2020-05-15 07:46:49,964 INFO o.a.j.s.SaveService: Using SaveService properties file encoding UTF-8
2020-05-15 07:46:49,976 INFO o.a.j.s.SaveService: Using SaveService properties version 5.0
2020-05-15 07:46:49,993 INFO o.a.j.s.SaveService: Loading file: ../RecordP3_V2.jmx
2020-05-15 07:46:50,070 INFO o.a.j.p.h.c.CookieManager: Settings: Delete null: true Check: true Allow variable: true Save: false Prefix: COOKIE_
2020-05-15 07:46:50,115 INFO o.a.j.p.h.s.HTTPSamplerBase: Parser for text/html is org.apache.jmeter.protocol.http.parser.LagartoBasedHtmlParser
2020-05-15 07:46:50,115 INFO o.a.j.p.h.s.HTTPSamplerBase: Parser for application/xhtml+xml is org.apache.jmeter.protocol.http.parser.LagartoBasedHtmlParser
2020-05-15 07:46:50,116 INFO o.a.j.p.h.s.HTTPSamplerBase: Parser for application/xml is org.apache.jmeter.protocol.http.parser.LagartoBasedHtmlParser
2020-05-15 07:46:50,116 INFO o.a.j.p.h.s.HTTPSamplerBase: Parser for text/xml is org.apache.jmeter.protocol.http.parser.LagartoBasedHtmlParser
2020-05-15 07:46:50,116 INFO o.a.j.p.h.s.HTTPSamplerBase: Parser for text/vnd.wap.wml is org.apache.jmeter.protocol.http.parser.RegexpHTMLParser
2020-05-15 07:46:50,116 INFO o.a.j.p.h.s.HTTPSamplerBase: Parser for text/css is org.apache.jmeter.protocol.http.parser.CssParser
2020-05-15 07:46:50,229 INFO o.a.j.JMeter: Creating summariser <summary>
2020-05-15 07:46:50,242 INFO o.a.j.e.StandardJMeterEngine: Running the test!
2020-05-15 07:46:50,244 INFO o.a.j.s.SampleEvent: List of sample_variables: []
2020-05-15 07:46:50,245 INFO o.a.j.s.SampleEvent: List of sample_variables: []
2020-05-15 07:46:50,259 INFO o.a.j.e.u.CompoundVariable: Note: Function class names must contain the string: '.functions.'
2020-05-15 07:46:50,260 INFO o.a.j.e.u.CompoundVariable: Note: Function class names must not contain the string: '.gui.'
2020-05-15 07:46:51,123 INFO o.a.j.JMeter: Running test (1589521611123)
2020-05-15 07:46:51,215 INFO o.a.j.e.StandardJMeterEngine: Starting ThreadGroup: 1 : Thread Group
2020-05-15 07:46:51,216 INFO o.a.j.e.StandardJMeterEngine: Starting 80 threads for group Thread Group.
2020-05-15 07:46:51,216 INFO o.a.j.e.StandardJMeterEngine: Thread will continue on error
2020-05-15 07:46:51,217 INFO o.a.j.t.ThreadGroup: Starting thread group... number=1 threads=80 ramp-up=20 delayedStart=false
2020-05-15 07:46:51,260 INFO o.a.j.t.JMeterThread: Thread started: Thread Group 1-1
2020-05-15 07:46:51,404 INFO o.a.j.t.ThreadGroup: Started thread group number 1
2020-05-15 07:46:51,405 INFO o.a.j.e.StandardJMeterEngine: All thread groups have been started
2020-05-15 07:46:51,476 INFO o.a.j.t.JMeterThread: Thread started: Thread Group 1-2
2020-05-15 07:46:51,723 INFO o.a.j.t.JMeterThread: Thread started: Thread Group 1-3
2020-05-15 07:46:51,974 INFO o.a.j.t.JMeterThread: Thread started: Thread Group 1-4
2020-05-15 07:46:52,228 INFO o.a.j.t.JMeterThread: Thread started: Thread Group 1-5
2020-05-15 07:46:52,475 INFO o.a.j.t.JMeterThread: Thread started: Thread Group 1-6
2020-05-15 07:46:52,610 INFO o.a.j.s.SampleResult: Note: Sample TimeStamps are START times
2020-05-15 07:46:52,611 INFO o.a.j.s.SampleResult: sampleresult.default.encoding is set to ISO-8859-1
2020-05-15 07:46:52,612 INFO o.a.j.s.SampleResult: sampleresult.useNanoTime=true
2020-05-15 07:46:52,612 INFO o.a.j.s.SampleResult: sampleresult.nanoThreadSleep=5000
2020-05-15 07:46:52,725 INFO o.a.j.t.JMeterThread: Thread started: Thread Group 1-7
2020-05-15 07:46:52,982 INFO o.a.j.t.JMeterThread: Thread started: Thread Group 1-8
2020-05-15 07:46:53,222 INFO o.a.j.t.JMeterThread: Thread started: Thread Group 1-9
2020-05-15 07:46:53,474 INFO o.a.j.t.JMeterThread: Thread started: Thread Group 1-10
2020-05-15 07:46:53,724 INFO o.a.j.t.JMeterThread: Thread started: Thread Group 1-11
2020-05-15 07:46:53,977 INFO o.a.j.t.JMeterThread: Thread started: Thread Group 1-12
2020-05-15 07:46:54,227 INFO o.a.j.t.JMeterThread: Thread started: Thread Group 1-13
2020-05-15 07:46:54,478 INFO o.a.j.t.JMeterThread: Thread started: Thread Group 1-14
2020-05-15 07:46:54,720 INFO o.a.j.t.JMeterThread: Thread started: Thread Group 1-15
2020-05-15 07:46:54,974 INFO o.a.j.t.JMeterThread: Thread started: Thread Group 1-16
2020-05-15 07:46:55,228 INFO o.a.j.t.JMeterThread: Thread started: Thread Group 1-17
2020-05-15 07:46:55,311 INFO o.a.j.p.h.s.HTTPHCAbstractImpl: Local host = hylianpablo
2020-05-15 07:46:55,324 INFO o.a.j.p.h.s.HTTPHC4Impl: HTTP request retry count = 0
2020-05-15 07:46:55,472 INFO o.a.j.t.JMeterThread: Thread started: Thread Group 1-18
2020-05-15 07:46:55,722 INFO o.a.j.t.JMeterThread: Thread started: Thread Group 1-19
2020-05-15 07:46:55,976 INFO o.a.j.t.JMeterThread: Thread started: Thread Group 1-20
2020-05-15 07:46:56,223 INFO o.a.j.t.JMeterThread: Thread started: Thread Group 1-21
2020-05-15 07:46:56,474 INFO o.a.j.t.JMeterThread: Thread started: Thread Group 1-22
2020-05-15 07:46:56,722 INFO o.a.j.t.JMeterThread: Thread started: Thread Group 1-23
2020-05-15 07:46:56,970 INFO o.a.j.t.JMeterThread: Thread started: Thread Group 1-24
2020-05-15 07:46:57,222 INFO o.a.j.t.JMeterThread: Thread started: Thread Group 1-25
2020-05-15 07:46:57,480 INFO o.a.j.t.JMeterThread: Thread started: Thread Group 1-26
2020-05-15 07:46:57,724 INFO o.a.j.t.JMeterThread: Thread started: Thread Group 1-27
2020-05-15 07:46:57,969 INFO o.a.j.t.JMeterThread: Thread started: Thread Group 1-28
2020-05-15 07:46:58,220 INFO o.a.j.t.JMeterThread: Thread started: Thread Group 1-29
2020-05-15 07:46:58,470 INFO o.a.j.t.JMeterThread: Thread started: Thread Group 1-30
2020-05-15 07:46:58,719 INFO o.a.j.t.JMeterThread: Thread started: Thread Group 1-31
2020-05-15 07:46:58,969 INFO o.a.j.t.JMeterThread: Thread started: Thread Group 1-32
2020-05-15 07:46:59,221 INFO o.a.j.t.JMeterThread: Thread started: Thread Group 1-33
2020-05-15 07:46:59,470 INFO o.a.j.t.JMeterThread: Thread started: Thread Group 1-34
2020-05-15 07:46:59,720 INFO o.a.j.t.JMeterThread: Thread started: Thread Group 1-35
2020-05-15 07:46:59,971 INFO o.a.j.t.JMeterThread: Thread started: Thread Group 1-36
2020-05-15 07:47:00,034 INFO o.a.j.r.Summariser: summary +     23 in 00:00:09 =    2.6/s Avg:    54 Min:    41 Max:   117 Err:     0 (0.00%) Active: 36 Started: 36 Finished: 0
2020-05-15 07:47:00,219 INFO o.a.j.t.JMeterThread: Thread started: Thread Group 1-37
2020-05-15 07:47:00,470 INFO o.a.j.t.JMeterThread: Thread started: Thread Group 1-38
2020-05-15 07:47:00,719 INFO o.a.j.t.JMeterThread: Thread started: Thread Group 1-39
2020-05-15 07:47:00,968 INFO o.a.j.t.JMeterThread: Thread started: Thread Group 1-40
2020-05-15 07:47:01,220 INFO o.a.j.t.JMeterThread: Thread started: Thread Group 1-41
2020-05-15 07:47:01,468 INFO o.a.j.t.JMeterThread: Thread started: Thread Group 1-42
2020-05-15 07:47:01,718 INFO o.a.j.t.JMeterThread: Thread started: Thread Group 1-43
2020-05-15 07:47:01,968 INFO o.a.j.t.JMeterThread: Thread started: Thread Group 1-44
2020-05-15 07:47:02,220 INFO o.a.j.t.JMeterThread: Thread started: Thread Group 1-45
2020-05-15 07:47:02,468 INFO o.a.j.t.JMeterThread: Thread started: Thread Group 1-46
2020-05-15 07:47:02,719 INFO o.a.j.t.JMeterThread: Thread started: Thread Group 1-47
2020-05-15 07:47:02,969 INFO o.a.j.t.JMeterThread: Thread started: Thread Group 1-48
2020-05-15 07:47:03,219 INFO o.a.j.t.JMeterThread: Thread started: Thread Group 1-49
2020-05-15 07:47:03,469 INFO o.a.j.t.JMeterThread: Thread started: Thread Group 1-50
2020-05-15 07:47:03,719 INFO o.a.j.t.JMeterThread: Thread started: Thread Group 1-51
2020-05-15 07:47:03,969 INFO o.a.j.t.JMeterThread: Thread started: Thread Group 1-52
2020-05-15 07:47:04,221 INFO o.a.j.t.JMeterThread: Thread started: Thread Group 1-53
2020-05-15 07:47:04,471 INFO o.a.j.t.JMeterThread: Thread started: Thread Group 1-54
2020-05-15 07:47:04,718 INFO o.a.j.t.JMeterThread: Thread started: Thread Group 1-55
2020-05-15 07:47:04,968 INFO o.a.j.t.JMeterThread: Thread started: Thread Group 1-56
2020-05-15 07:47:05,220 INFO o.a.j.t.JMeterThread: Thread started: Thread Group 1-57
2020-05-15 07:47:05,470 INFO o.a.j.t.JMeterThread: Thread started: Thread Group 1-58
2020-05-15 07:47:05,720 INFO o.a.j.t.JMeterThread: Thread started: Thread Group 1-59
2020-05-15 07:47:05,971 INFO o.a.j.t.JMeterThread: Thread started: Thread Group 1-60
2020-05-15 07:47:06,219 INFO o.a.j.t.JMeterThread: Thread started: Thread Group 1-61
2020-05-15 07:47:06,472 INFO o.a.j.t.JMeterThread: Thread started: Thread Group 1-62
2020-05-15 07:47:06,719 INFO o.a.j.t.JMeterThread: Thread started: Thread Group 1-63
2020-05-15 07:47:06,971 INFO o.a.j.t.JMeterThread: Thread started: Thread Group 1-64
2020-05-15 07:47:07,219 INFO o.a.j.t.JMeterThread: Thread started: Thread Group 1-65
2020-05-15 07:47:07,470 INFO o.a.j.t.JMeterThread: Thread started: Thread Group 1-66
2020-05-15 07:47:07,719 INFO o.a.j.t.JMeterThread: Thread started: Thread Group 1-67
2020-05-15 07:47:07,971 INFO o.a.j.t.JMeterThread: Thread started: Thread Group 1-68
2020-05-15 07:47:08,219 INFO o.a.j.t.JMeterThread: Thread started: Thread Group 1-69
2020-05-15 07:47:08,472 INFO o.a.j.t.JMeterThread: Thread started: Thread Group 1-70
2020-05-15 07:47:08,719 INFO o.a.j.t.JMeterThread: Thread started: Thread Group 1-71
2020-05-15 07:47:08,970 INFO o.a.j.t.JMeterThread: Thread started: Thread Group 1-72
2020-05-15 07:47:09,218 INFO o.a.j.t.JMeterThread: Thread started: Thread Group 1-73
2020-05-15 07:47:09,471 INFO o.a.j.t.JMeterThread: Thread started: Thread Group 1-74
2020-05-15 07:47:09,720 INFO o.a.j.t.JMeterThread: Thread started: Thread Group 1-75
2020-05-15 07:47:09,969 INFO o.a.j.t.JMeterThread: Thread started: Thread Group 1-76
2020-05-15 07:47:10,220 INFO o.a.j.t.JMeterThread: Thread started: Thread Group 1-77
2020-05-15 07:47:10,469 INFO o.a.j.t.JMeterThread: Thread started: Thread Group 1-78
2020-05-15 07:47:10,718 INFO o.a.j.t.JMeterThread: Thread started: Thread Group 1-79
2020-05-15 07:47:10,971 INFO o.a.j.t.JMeterThread: Thread started: Thread Group 1-80
2020-05-15 07:47:30,318 INFO o.a.j.r.Summariser: summary +    403 in 00:00:30 =   13.3/s Avg:   505 Min:    39 Max:  7022 Err:     0 (0.00%) Active: 80 Started: 80 Finished: 0
2020-05-15 07:47:30,319 INFO o.a.j.r.Summariser: summary =    426 in 00:00:39 =   10.9/s Avg:   480 Min:    39 Max:  7022 Err:     0 (0.00%)
2020-05-15 07:48:00,162 INFO o.a.j.r.Summariser: summary +    547 in 00:00:30 =   18.3/s Avg:   820 Min:    32 Max: 11640 Err:     0 (0.00%) Active: 80 Started: 80 Finished: 0
2020-05-15 07:48:00,163 INFO o.a.j.r.Summariser: summary =    973 in 00:01:09 =   14.1/s Avg:   671 Min:    32 Max: 11640 Err:     0 (0.00%)
2020-05-15 07:48:30,050 INFO o.a.j.r.Summariser: summary +    484 in 00:00:30 =   16.2/s Avg:   843 Min:    31 Max:  5810 Err:     0 (0.00%) Active: 80 Started: 80 Finished: 0
2020-05-15 07:48:30,050 INFO o.a.j.r.Summariser: summary =   1457 in 00:01:39 =   14.7/s Avg:   728 Min:    31 Max: 11640 Err:     0 (0.00%)
2020-05-15 07:49:00,015 INFO o.a.j.r.Summariser: summary +    581 in 00:00:30 =   19.4/s Avg:   196 Min:    33 Max:  2878 Err:     0 (0.00%) Active: 80 Started: 80 Finished: 0
2020-05-15 07:49:00,015 INFO o.a.j.r.Summariser: summary =   2038 in 00:02:09 =   15.8/s Avg:   577 Min:    31 Max: 11640 Err:     0 (0.00%)
2020-05-15 07:49:30,036 INFO o.a.j.r.Summariser: summary +    515 in 00:00:30 =   17.2/s Avg:   732 Min:    33 Max:  6346 Err:     0 (0.00%) Active: 80 Started: 80 Finished: 0
2020-05-15 07:49:30,037 INFO o.a.j.r.Summariser: summary =   2553 in 00:02:39 =   16.1/s Avg:   608 Min:    31 Max: 11640 Err:     0 (0.00%)
2020-05-15 07:50:00,041 INFO o.a.j.r.Summariser: summary +    536 in 00:00:30 =   17.9/s Avg:   367 Min:    35 Max:  3059 Err:     0 (0.00%) Active: 80 Started: 80 Finished: 0
2020-05-15 07:50:00,042 INFO o.a.j.r.Summariser: summary =   3089 in 00:03:09 =   16.4/s Avg:   566 Min:    31 Max: 11640 Err:     0 (0.00%)
2020-05-15 07:50:30,083 INFO o.a.j.r.Summariser: summary +    574 in 00:00:30 =   19.1/s Avg:   266 Min:    35 Max:  3115 Err:     0 (0.00%) Active: 80 Started: 80 Finished: 0
2020-05-15 07:50:30,084 INFO o.a.j.r.Summariser: summary =   3663 in 00:03:39 =   16.7/s Avg:   519 Min:    31 Max: 11640 Err:     0 (0.00%)
2020-05-15 07:51:00,065 INFO o.a.j.r.Summariser: summary +    520 in 00:00:30 =   17.3/s Avg:   614 Min:    40 Max:  4509 Err:     0 (0.00%) Active: 80 Started: 80 Finished: 0
2020-05-15 07:51:00,066 INFO o.a.j.r.Summariser: summary =   4183 in 00:04:09 =   16.8/s Avg:   531 Min:    31 Max: 11640 Err:     0 (0.00%)
2020-05-15 07:51:30,010 INFO o.a.j.r.Summariser: summary +    559 in 00:00:30 =   18.7/s Avg:   206 Min:    34 Max:  2155 Err:     0 (0.00%) Active: 80 Started: 80 Finished: 0
2020-05-15 07:51:30,011 INFO o.a.j.r.Summariser: summary =   4742 in 00:04:39 =   17.0/s Avg:   492 Min:    31 Max: 11640 Err:     0 (0.00%)
2020-05-15 07:52:00,060 INFO o.a.j.r.Summariser: summary +    529 in 00:00:30 =   17.6/s Avg:   626 Min:    32 Max:  4568 Err:     0 (0.00%) Active: 80 Started: 80 Finished: 0
2020-05-15 07:52:00,061 INFO o.a.j.r.Summariser: summary =   5271 in 00:05:09 =   17.1/s Avg:   506 Min:    31 Max: 11640 Err:     0 (0.00%)
2020-05-15 07:52:30,182 INFO o.a.j.r.Summariser: summary +    534 in 00:00:30 =   17.7/s Avg:   498 Min:    37 Max:  4094 Err:     0 (0.00%) Active: 80 Started: 80 Finished: 0
2020-05-15 07:52:30,183 INFO o.a.j.r.Summariser: summary =   5805 in 00:05:39 =   17.1/s Avg:   505 Min:    31 Max: 11640 Err:     0 (0.00%)
2020-05-15 07:53:00,036 INFO o.a.j.r.Summariser: summary +    566 in 00:00:30 =   19.0/s Avg:   186 Min:    31 Max:  2167 Err:     0 (0.00%) Active: 80 Started: 80 Finished: 0
2020-05-15 07:53:00,036 INFO o.a.j.r.Summariser: summary =   6371 in 00:06:09 =   17.3/s Avg:   477 Min:    31 Max: 11640 Err:     0 (0.00%)
2020-05-15 07:53:30,036 INFO o.a.j.r.Summariser: summary +    546 in 00:00:30 =   18.2/s Avg:   457 Min:    37 Max:  2743 Err:     0 (0.00%) Active: 80 Started: 80 Finished: 0
2020-05-15 07:53:30,037 INFO o.a.j.r.Summariser: summary =   6917 in 00:06:39 =   17.3/s Avg:   475 Min:    31 Max: 11640 Err:     0 (0.00%)
2020-05-15 07:54:00,125 INFO o.a.j.r.Summariser: summary +    549 in 00:00:30 =   18.2/s Avg:   277 Min:    36 Max:  2615 Err:     0 (0.00%) Active: 80 Started: 80 Finished: 0
2020-05-15 07:54:00,126 INFO o.a.j.r.Summariser: summary =   7466 in 00:07:09 =   17.4/s Avg:   461 Min:    31 Max: 11640 Err:     0 (0.00%)
2020-05-15 07:54:30,102 INFO o.a.j.r.Summariser: summary +    570 in 00:00:30 =   19.0/s Avg:   271 Min:    34 Max:  2244 Err:     0 (0.00%) Active: 80 Started: 80 Finished: 0
2020-05-15 07:54:30,103 INFO o.a.j.r.Summariser: summary =   8036 in 00:07:39 =   17.5/s Avg:   447 Min:    31 Max: 11640 Err:     0 (0.00%)
2020-05-15 07:55:00,200 INFO o.a.j.r.Summariser: summary +    474 in 00:00:30 =   15.7/s Avg:  1004 Min:    32 Max:  7897 Err:     0 (0.00%) Active: 80 Started: 80 Finished: 0
2020-05-15 07:55:00,200 INFO o.a.j.r.Summariser: summary =   8510 in 00:08:09 =   17.4/s Avg:   478 Min:    31 Max: 11640 Err:     0 (0.00%)
2020-05-15 07:55:30,119 INFO o.a.j.r.Summariser: summary +    573 in 00:00:30 =   19.2/s Avg:   195 Min:    34 Max:  4443 Err:     0 (0.00%) Active: 80 Started: 80 Finished: 0
2020-05-15 07:55:30,120 INFO o.a.j.r.Summariser: summary =   9083 in 00:08:39 =   17.5/s Avg:   460 Min:    31 Max: 11640 Err:     0 (0.00%)
2020-05-15 07:56:00,004 INFO o.a.j.r.Summariser: summary +    449 in 00:00:30 =   15.0/s Avg:  1273 Min:   110 Max:  6292 Err:     0 (0.00%) Active: 80 Started: 80 Finished: 0
2020-05-15 07:56:00,004 INFO o.a.j.r.Summariser: summary =   9532 in 00:09:09 =   17.4/s Avg:   499 Min:    31 Max: 11640 Err:     0 (0.00%)
2020-05-15 07:56:30,026 INFO o.a.j.r.Summariser: summary +    562 in 00:00:30 =   18.7/s Avg:   271 Min:    35 Max:  3189 Err:     0 (0.00%) Active: 80 Started: 80 Finished: 0
2020-05-15 07:56:30,027 INFO o.a.j.r.Summariser: summary =  10094 in 00:09:39 =   17.4/s Avg:   486 Min:    31 Max: 11640 Err:     0 (0.00%)
2020-05-15 07:57:00,004 INFO o.a.j.r.Summariser: summary +    516 in 00:00:30 =   17.2/s Avg:   794 Min:    37 Max:  7532 Err:     0 (0.00%) Active: 80 Started: 80 Finished: 0
2020-05-15 07:57:00,005 INFO o.a.j.r.Summariser: summary =  10610 in 00:10:09 =   17.4/s Avg:   501 Min:    31 Max: 11640 Err:     0 (0.00%)
2020-05-15 07:57:07,341 INFO o.a.j.t.JMeterThread: Thread finished: Thread Group 1-22
2020-05-15 07:57:07,434 INFO o.a.j.t.JMeterThread: Thread finished: Thread Group 1-18
2020-05-15 07:57:07,490 INFO o.a.j.t.JMeterThread: Thread finished: Thread Group 1-55
2020-05-15 07:57:07,635 INFO o.a.j.t.JMeterThread: Thread finished: Thread Group 1-66
2020-05-15 07:57:07,652 INFO o.a.j.t.JMeterThread: Thread finished: Thread Group 1-5
2020-05-15 07:57:07,652 INFO o.a.j.t.JMeterThread: Thread finished: Thread Group 1-51
2020-05-15 07:57:07,654 INFO o.a.j.t.JMeterThread: Thread finished: Thread Group 1-41
2020-05-15 07:57:07,714 INFO o.a.j.t.JMeterThread: Thread finished: Thread Group 1-56
2020-05-15 07:57:07,861 INFO o.a.j.t.JMeterThread: Thread finished: Thread Group 1-9
2020-05-15 07:57:07,934 INFO o.a.j.t.JMeterThread: Thread finished: Thread Group 1-59
2020-05-15 07:57:07,953 INFO o.a.j.t.JMeterThread: Thread finished: Thread Group 1-25
2020-05-15 07:57:07,954 INFO o.a.j.t.JMeterThread: Thread finished: Thread Group 1-46
2020-05-15 07:57:07,977 INFO o.a.j.t.JMeterThread: Thread finished: Thread Group 1-45
2020-05-15 07:57:08,010 INFO o.a.j.t.JMeterThread: Thread finished: Thread Group 1-78
2020-05-15 07:57:08,034 INFO o.a.j.t.JMeterThread: Thread finished: Thread Group 1-58
2020-05-15 07:57:08,143 INFO o.a.j.t.JMeterThread: Thread finished: Thread Group 1-28
2020-05-15 07:57:08,183 INFO o.a.j.t.JMeterThread: Thread finished: Thread Group 1-2
2020-05-15 07:57:08,215 INFO o.a.j.t.JMeterThread: Thread finished: Thread Group 1-13
2020-05-15 07:57:08,223 INFO o.a.j.t.JMeterThread: Thread finished: Thread Group 1-16
2020-05-15 07:57:08,285 INFO o.a.j.t.JMeterThread: Thread finished: Thread Group 1-12
2020-05-15 07:57:08,471 INFO o.a.j.t.JMeterThread: Thread finished: Thread Group 1-36
2020-05-15 07:57:08,555 INFO o.a.j.t.JMeterThread: Thread finished: Thread Group 1-63
2020-05-15 07:57:08,637 INFO o.a.j.t.JMeterThread: Thread finished: Thread Group 1-19
2020-05-15 07:57:08,669 INFO o.a.j.t.JMeterThread: Thread finished: Thread Group 1-4
2020-05-15 07:57:08,747 INFO o.a.j.t.JMeterThread: Thread finished: Thread Group 1-60
2020-05-15 07:57:08,750 INFO o.a.j.t.JMeterThread: Thread finished: Thread Group 1-42
2020-05-15 07:57:08,790 INFO o.a.j.t.JMeterThread: Thread finished: Thread Group 1-14
2020-05-15 07:57:08,805 INFO o.a.j.t.JMeterThread: Thread finished: Thread Group 1-6
2020-05-15 07:57:08,818 INFO o.a.j.t.JMeterThread: Thread finished: Thread Group 1-80
2020-05-15 07:57:08,897 INFO o.a.j.t.JMeterThread: Thread finished: Thread Group 1-3
2020-05-15 07:57:09,035 INFO o.a.j.t.JMeterThread: Thread finished: Thread Group 1-8
2020-05-15 07:57:09,052 INFO o.a.j.t.JMeterThread: Thread finished: Thread Group 1-31
2020-05-15 07:57:09,095 INFO o.a.j.t.JMeterThread: Thread finished: Thread Group 1-52
2020-05-15 07:57:09,236 INFO o.a.j.t.JMeterThread: Thread finished: Thread Group 1-34
2020-05-15 07:57:09,311 INFO o.a.j.t.JMeterThread: Thread finished: Thread Group 1-38
2020-05-15 07:57:09,439 INFO o.a.j.t.JMeterThread: Thread finished: Thread Group 1-57
2020-05-15 07:57:09,597 INFO o.a.j.t.JMeterThread: Thread finished: Thread Group 1-72
2020-05-15 07:57:09,653 INFO o.a.j.t.JMeterThread: Thread finished: Thread Group 1-32
2020-05-15 07:57:09,707 INFO o.a.j.t.JMeterThread: Thread finished: Thread Group 1-61
2020-05-15 07:57:09,707 INFO o.a.j.t.JMeterThread: Thread finished: Thread Group 1-47
2020-05-15 07:57:09,719 INFO o.a.j.t.JMeterThread: Thread finished: Thread Group 1-74
2020-05-15 07:57:09,785 INFO o.a.j.t.JMeterThread: Thread finished: Thread Group 1-26
2020-05-15 07:57:09,791 INFO o.a.j.t.JMeterThread: Thread finished: Thread Group 1-69
2020-05-15 07:57:09,795 INFO o.a.j.t.JMeterThread: Thread finished: Thread Group 1-50
2020-05-15 07:57:09,795 INFO o.a.j.t.JMeterThread: Thread finished: Thread Group 1-62
2020-05-15 07:57:09,806 INFO o.a.j.t.JMeterThread: Thread finished: Thread Group 1-75
2020-05-15 07:57:09,854 INFO o.a.j.t.JMeterThread: Thread finished: Thread Group 1-11
2020-05-15 07:57:09,890 INFO o.a.j.t.JMeterThread: Thread finished: Thread Group 1-29
2020-05-15 07:57:09,910 INFO o.a.j.t.JMeterThread: Thread finished: Thread Group 1-33
2020-05-15 07:57:10,186 INFO o.a.j.t.JMeterThread: Thread finished: Thread Group 1-67
2020-05-15 07:57:10,216 INFO o.a.j.t.JMeterThread: Thread finished: Thread Group 1-68
2020-05-15 07:57:10,257 INFO o.a.j.t.JMeterThread: Thread finished: Thread Group 1-15
2020-05-15 07:57:10,410 INFO o.a.j.t.JMeterThread: Thread finished: Thread Group 1-73
2020-05-15 07:57:10,470 INFO o.a.j.t.JMeterThread: Thread finished: Thread Group 1-7
2020-05-15 07:57:10,481 INFO o.a.j.t.JMeterThread: Thread finished: Thread Group 1-65
2020-05-15 07:57:10,493 INFO o.a.j.t.JMeterThread: Thread finished: Thread Group 1-17
2020-05-15 07:57:10,515 INFO o.a.j.t.JMeterThread: Thread finished: Thread Group 1-35
2020-05-15 07:57:10,531 INFO o.a.j.t.JMeterThread: Thread finished: Thread Group 1-53
2020-05-15 07:57:10,612 INFO o.a.j.t.JMeterThread: Thread finished: Thread Group 1-64
2020-05-15 07:57:10,621 INFO o.a.j.t.JMeterThread: Thread finished: Thread Group 1-39
2020-05-15 07:57:10,670 INFO o.a.j.t.JMeterThread: Thread finished: Thread Group 1-49
2020-05-15 07:57:10,773 INFO o.a.j.t.JMeterThread: Thread finished: Thread Group 1-1
2020-05-15 07:57:10,818 INFO o.a.j.t.JMeterThread: Thread finished: Thread Group 1-37
2020-05-15 07:57:10,848 INFO o.a.j.t.JMeterThread: Thread finished: Thread Group 1-71
2020-05-15 07:57:10,862 INFO o.a.j.t.JMeterThread: Thread finished: Thread Group 1-77
2020-05-15 07:57:10,997 INFO o.a.j.t.JMeterThread: Thread finished: Thread Group 1-76
2020-05-15 07:57:11,005 INFO o.a.j.t.JMeterThread: Thread finished: Thread Group 1-40
2020-05-15 07:57:11,027 INFO o.a.j.t.JMeterThread: Thread finished: Thread Group 1-21
2020-05-15 07:57:11,090 INFO o.a.j.t.JMeterThread: Thread finished: Thread Group 1-20
2020-05-15 07:57:11,179 INFO o.a.j.t.JMeterThread: Thread finished: Thread Group 1-30
2020-05-15 07:57:11,238 INFO o.a.j.t.JMeterThread: Thread finished: Thread Group 1-70
2020-05-15 07:57:11,247 INFO o.a.j.t.JMeterThread: Thread finished: Thread Group 1-27
2020-05-15 07:57:11,262 INFO o.a.j.t.JMeterThread: Thread finished: Thread Group 1-48
2020-05-15 07:57:11,307 INFO o.a.j.t.JMeterThread: Thread finished: Thread Group 1-24
2020-05-15 07:57:11,338 INFO o.a.j.t.JMeterThread: Thread finished: Thread Group 1-79
2020-05-15 07:57:11,339 INFO o.a.j.t.JMeterThread: Stopping because end time detected by thread: Thread Group 1-23
2020-05-15 07:57:11,339 INFO o.a.j.t.JMeterThread: Thread finished: Thread Group 1-23
2020-05-15 07:57:11,364 INFO o.a.j.t.JMeterThread: Stopping because end time detected by thread: Thread Group 1-44
2020-05-15 07:57:11,364 INFO o.a.j.t.JMeterThread: Thread finished: Thread Group 1-44
2020-05-15 07:57:11,403 INFO o.a.j.t.JMeterThread: Stopping because end time detected by thread: Thread Group 1-54
2020-05-15 07:57:11,404 INFO o.a.j.t.JMeterThread: Thread finished: Thread Group 1-54
2020-05-15 07:57:11,678 INFO o.a.j.t.JMeterThread: Stopping because end time detected by thread: Thread Group 1-10
2020-05-15 07:57:11,678 INFO o.a.j.t.JMeterThread: Thread finished: Thread Group 1-10
2020-05-15 07:57:11,982 INFO o.a.j.t.JMeterThread: Stopping because end time detected by thread: Thread Group 1-43
2020-05-15 07:57:11,982 INFO o.a.j.t.JMeterThread: Thread finished: Thread Group 1-43
2020-05-15 07:57:11,985 INFO o.a.j.e.StandardJMeterEngine: Notifying test listeners of end of test
2020-05-15 07:57:11,987 INFO o.a.j.r.Summariser: summary +    219 in 00:00:12 =   18.3/s Avg:   149 Min:    30 Max:  1024 Err:     0 (0.00%) Active: 0 Started: 80 Finished: 80
2020-05-15 07:57:11,988 INFO o.a.j.r.Summariser: summary =  10829 in 00:10:21 =   17.4/s Avg:   494 Min:    30 Max: 11640 Err:     0 (0.00%)
