2020-05-15 07:36:30,215 INFO o.a.j.u.JMeterUtils: Setting Locale to en_US
2020-05-15 07:36:30,253 INFO o.a.j.JMeter: Loading user properties from: /home/pablo/jmeter/bin/user.properties
2020-05-15 07:36:30,254 INFO o.a.j.JMeter: Loading system properties from: /home/pablo/jmeter/bin/system.properties
2020-05-15 07:36:30,255 INFO o.a.j.JMeter: Setting System property: HILOS=40
2020-05-15 07:36:30,255 INFO o.a.j.JMeter: Setting System property: SUBIDA=15
2020-05-15 07:36:30,255 INFO o.a.j.JMeter: Setting System property: DURACION=615
2020-05-15 07:36:30,256 INFO o.a.j.JMeter: Setting System property: FILE=scriptresultsPerfmon40.jtl
2020-05-15 07:36:30,258 INFO o.a.j.JMeter: Copyright (c) 1998-2019 The Apache Software Foundation
2020-05-15 07:36:30,259 INFO o.a.j.JMeter: Version 5.2.1
2020-05-15 07:36:30,259 INFO o.a.j.JMeter: java.version=1.8.0_201
2020-05-15 07:36:30,259 INFO o.a.j.JMeter: java.vm.name=Java HotSpot(TM) 64-Bit Server VM
2020-05-15 07:36:30,260 INFO o.a.j.JMeter: os.name=Linux
2020-05-15 07:36:30,260 INFO o.a.j.JMeter: os.arch=amd64
2020-05-15 07:36:30,260 INFO o.a.j.JMeter: os.version=4.15.0-99-generic
2020-05-15 07:36:30,260 INFO o.a.j.JMeter: file.encoding=UTF-8
2020-05-15 07:36:30,261 INFO o.a.j.JMeter: java.awt.headless=true
2020-05-15 07:36:30,261 INFO o.a.j.JMeter: Max memory     =732954624
2020-05-15 07:36:30,261 INFO o.a.j.JMeter: Available Processors =4
2020-05-15 07:36:30,270 INFO o.a.j.JMeter: Default Locale=English (United States)
2020-05-15 07:36:30,271 INFO o.a.j.JMeter: JMeter  Locale=English (United States)
2020-05-15 07:36:30,271 INFO o.a.j.JMeter: JMeterHome=/home/pablo/jmeter
2020-05-15 07:36:30,271 INFO o.a.j.JMeter: user.dir  =/home/pablo/jmeter/bin/EJECUCIONES/P3_V3
2020-05-15 07:36:30,272 INFO o.a.j.JMeter: PWD       =/home/pablo/jmeter/bin/EJECUCIONES/P3_V3
2020-05-15 07:36:30,272 INFO o.a.j.JMeter: IP: 127.0.1.1 Name: hylianpablo FullName: hylianpablo
2020-05-15 07:36:30,281 INFO o.a.j.s.FileServer: Default base='/home/pablo/jmeter/bin/EJECUCIONES/P3_V3'
2020-05-15 07:36:30,297 INFO o.a.j.s.FileServer: Set new base='/home/pablo/jmeter/bin/EJECUCIONES/P3_V3/..'
2020-05-15 07:36:30,615 INFO o.a.j.s.SaveService: Testplan (JMX) version: 2.2. Testlog (JTL) version: 2.2
2020-05-15 07:36:30,634 INFO o.a.j.s.SaveService: Using SaveService properties file encoding UTF-8
2020-05-15 07:36:30,648 INFO o.a.j.s.SaveService: Using SaveService properties version 5.0
2020-05-15 07:36:30,666 INFO o.a.j.s.SaveService: Loading file: ../RecordP3_V2.jmx
2020-05-15 07:36:30,749 INFO o.a.j.p.h.c.CookieManager: Settings: Delete null: true Check: true Allow variable: true Save: false Prefix: COOKIE_
2020-05-15 07:36:30,801 INFO o.a.j.p.h.s.HTTPSamplerBase: Parser for text/html is org.apache.jmeter.protocol.http.parser.LagartoBasedHtmlParser
2020-05-15 07:36:30,801 INFO o.a.j.p.h.s.HTTPSamplerBase: Parser for application/xhtml+xml is org.apache.jmeter.protocol.http.parser.LagartoBasedHtmlParser
2020-05-15 07:36:30,801 INFO o.a.j.p.h.s.HTTPSamplerBase: Parser for application/xml is org.apache.jmeter.protocol.http.parser.LagartoBasedHtmlParser
2020-05-15 07:36:30,802 INFO o.a.j.p.h.s.HTTPSamplerBase: Parser for text/xml is org.apache.jmeter.protocol.http.parser.LagartoBasedHtmlParser
2020-05-15 07:36:30,802 INFO o.a.j.p.h.s.HTTPSamplerBase: Parser for text/vnd.wap.wml is org.apache.jmeter.protocol.http.parser.RegexpHTMLParser
2020-05-15 07:36:30,802 INFO o.a.j.p.h.s.HTTPSamplerBase: Parser for text/css is org.apache.jmeter.protocol.http.parser.CssParser
2020-05-15 07:36:30,936 INFO o.a.j.JMeter: Creating summariser <summary>
2020-05-15 07:36:30,956 INFO o.a.j.e.StandardJMeterEngine: Running the test!
2020-05-15 07:36:30,958 INFO o.a.j.s.SampleEvent: List of sample_variables: []
2020-05-15 07:36:30,959 INFO o.a.j.s.SampleEvent: List of sample_variables: []
2020-05-15 07:36:30,973 INFO o.a.j.e.u.CompoundVariable: Note: Function class names must contain the string: '.functions.'
2020-05-15 07:36:30,974 INFO o.a.j.e.u.CompoundVariable: Note: Function class names must not contain the string: '.gui.'
2020-05-15 07:36:31,994 INFO o.a.j.JMeter: Running test (1589520991994)
2020-05-15 07:36:32,104 INFO o.a.j.e.StandardJMeterEngine: Starting ThreadGroup: 1 : Thread Group
2020-05-15 07:36:32,104 INFO o.a.j.e.StandardJMeterEngine: Starting 40 threads for group Thread Group.
2020-05-15 07:36:32,105 INFO o.a.j.e.StandardJMeterEngine: Thread will continue on error
2020-05-15 07:36:32,105 INFO o.a.j.t.ThreadGroup: Starting thread group... number=1 threads=40 ramp-up=15 delayedStart=false
2020-05-15 07:36:32,169 INFO o.a.j.t.JMeterThread: Thread started: Thread Group 1-1
2020-05-15 07:36:32,275 INFO o.a.j.t.ThreadGroup: Started thread group number 1
2020-05-15 07:36:32,276 INFO o.a.j.e.StandardJMeterEngine: All thread groups have been started
2020-05-15 07:36:32,494 INFO o.a.j.t.JMeterThread: Thread started: Thread Group 1-2
2020-05-15 07:36:32,863 INFO o.a.j.t.JMeterThread: Thread started: Thread Group 1-3
2020-05-15 07:36:33,237 INFO o.a.j.t.JMeterThread: Thread started: Thread Group 1-4
2020-05-15 07:36:33,467 INFO o.a.j.s.SampleResult: Note: Sample TimeStamps are START times
2020-05-15 07:36:33,468 INFO o.a.j.s.SampleResult: sampleresult.default.encoding is set to ISO-8859-1
2020-05-15 07:36:33,469 INFO o.a.j.s.SampleResult: sampleresult.useNanoTime=true
2020-05-15 07:36:33,469 INFO o.a.j.s.SampleResult: sampleresult.nanoThreadSleep=5000
2020-05-15 07:36:33,613 INFO o.a.j.t.JMeterThread: Thread started: Thread Group 1-5
2020-05-15 07:36:33,992 INFO o.a.j.t.JMeterThread: Thread started: Thread Group 1-6
2020-05-15 07:36:34,361 INFO o.a.j.t.JMeterThread: Thread started: Thread Group 1-7
2020-05-15 07:36:34,737 INFO o.a.j.t.JMeterThread: Thread started: Thread Group 1-8
2020-05-15 07:36:35,125 INFO o.a.j.t.JMeterThread: Thread started: Thread Group 1-9
2020-05-15 07:36:35,486 INFO o.a.j.t.JMeterThread: Thread started: Thread Group 1-10
2020-05-15 07:36:35,871 INFO o.a.j.t.JMeterThread: Thread started: Thread Group 1-11
2020-05-15 07:36:36,243 INFO o.a.j.t.JMeterThread: Thread started: Thread Group 1-12
2020-05-15 07:36:36,254 INFO o.a.j.p.h.s.HTTPHCAbstractImpl: Local host = hylianpablo
2020-05-15 07:36:36,267 INFO o.a.j.p.h.s.HTTPHC4Impl: HTTP request retry count = 0
2020-05-15 07:36:36,618 INFO o.a.j.t.JMeterThread: Thread started: Thread Group 1-13
2020-05-15 07:36:36,994 INFO o.a.j.t.JMeterThread: Thread started: Thread Group 1-14
2020-05-15 07:36:37,361 INFO o.a.j.t.JMeterThread: Thread started: Thread Group 1-15
2020-05-15 07:36:37,736 INFO o.a.j.t.JMeterThread: Thread started: Thread Group 1-16
2020-05-15 07:36:38,111 INFO o.a.j.t.JMeterThread: Thread started: Thread Group 1-17
2020-05-15 07:36:38,485 INFO o.a.j.t.JMeterThread: Thread started: Thread Group 1-18
2020-05-15 07:36:38,860 INFO o.a.j.t.JMeterThread: Thread started: Thread Group 1-19
2020-05-15 07:36:39,237 INFO o.a.j.t.JMeterThread: Thread started: Thread Group 1-20
2020-05-15 07:36:39,611 INFO o.a.j.t.JMeterThread: Thread started: Thread Group 1-21
2020-05-15 07:36:39,993 INFO o.a.j.t.JMeterThread: Thread started: Thread Group 1-22
2020-05-15 07:36:40,359 INFO o.a.j.t.JMeterThread: Thread started: Thread Group 1-23
2020-05-15 07:36:40,735 INFO o.a.j.t.JMeterThread: Thread started: Thread Group 1-24
2020-05-15 07:36:41,109 INFO o.a.j.t.JMeterThread: Thread started: Thread Group 1-25
2020-05-15 07:36:41,484 INFO o.a.j.t.JMeterThread: Thread started: Thread Group 1-26
2020-05-15 07:36:41,860 INFO o.a.j.t.JMeterThread: Thread started: Thread Group 1-27
2020-05-15 07:36:42,235 INFO o.a.j.t.JMeterThread: Thread started: Thread Group 1-28
2020-05-15 07:36:42,611 INFO o.a.j.t.JMeterThread: Thread started: Thread Group 1-29
2020-05-15 07:36:42,984 INFO o.a.j.t.JMeterThread: Thread started: Thread Group 1-30
2020-05-15 07:36:43,359 INFO o.a.j.t.JMeterThread: Thread started: Thread Group 1-31
2020-05-15 07:36:43,734 INFO o.a.j.t.JMeterThread: Thread started: Thread Group 1-32
2020-05-15 07:36:44,109 INFO o.a.j.t.JMeterThread: Thread started: Thread Group 1-33
2020-05-15 07:36:44,484 INFO o.a.j.t.JMeterThread: Thread started: Thread Group 1-34
2020-05-15 07:36:44,862 INFO o.a.j.t.JMeterThread: Thread started: Thread Group 1-35
2020-05-15 07:36:45,243 INFO o.a.j.t.JMeterThread: Thread started: Thread Group 1-36
2020-05-15 07:36:45,616 INFO o.a.j.t.JMeterThread: Thread started: Thread Group 1-37
2020-05-15 07:36:45,994 INFO o.a.j.t.JMeterThread: Thread started: Thread Group 1-38
2020-05-15 07:36:46,369 INFO o.a.j.t.JMeterThread: Thread started: Thread Group 1-39
2020-05-15 07:36:46,743 INFO o.a.j.t.JMeterThread: Thread started: Thread Group 1-40
2020-05-15 07:37:00,296 INFO o.a.j.r.Summariser: summary +    181 in 00:00:28 =    6.4/s Avg:   137 Min:    39 Max:   735 Err:     0 (0.00%) Active: 40 Started: 40 Finished: 0
2020-05-15 07:37:30,051 INFO o.a.j.r.Summariser: summary +    289 in 00:00:30 =    9.7/s Avg:   147 Min:    34 Max:  1319 Err:     0 (0.00%) Active: 40 Started: 40 Finished: 0
2020-05-15 07:37:30,052 INFO o.a.j.r.Summariser: summary =    470 in 00:00:58 =    8.1/s Avg:   143 Min:    34 Max:  1319 Err:     0 (0.00%)
2020-05-15 07:38:00,123 INFO o.a.j.r.Summariser: summary +    283 in 00:00:30 =    9.4/s Avg:   224 Min:    36 Max:  1250 Err:     0 (0.00%) Active: 40 Started: 40 Finished: 0
2020-05-15 07:38:00,125 INFO o.a.j.r.Summariser: summary =    753 in 00:01:28 =    8.5/s Avg:   174 Min:    34 Max:  1319 Err:     0 (0.00%)
2020-05-15 07:38:30,108 INFO o.a.j.r.Summariser: summary +    291 in 00:00:30 =    9.7/s Avg:   111 Min:    34 Max:   908 Err:     0 (0.00%) Active: 40 Started: 40 Finished: 0
2020-05-15 07:38:30,109 INFO o.a.j.r.Summariser: summary =   1044 in 00:01:58 =    8.8/s Avg:   156 Min:    34 Max:  1319 Err:     0 (0.00%)
2020-05-15 07:39:00,010 INFO o.a.j.r.Summariser: summary +    289 in 00:00:30 =    9.7/s Avg:   154 Min:    32 Max:   999 Err:     0 (0.00%) Active: 40 Started: 40 Finished: 0
2020-05-15 07:39:00,012 INFO o.a.j.r.Summariser: summary =   1333 in 00:02:28 =    9.0/s Avg:   156 Min:    32 Max:  1319 Err:     0 (0.00%)
2020-05-15 07:39:30,112 INFO o.a.j.r.Summariser: summary +    287 in 00:00:30 =    9.5/s Avg:   195 Min:    36 Max:  1005 Err:     0 (0.00%) Active: 40 Started: 40 Finished: 0
2020-05-15 07:39:30,113 INFO o.a.j.r.Summariser: summary =   1620 in 00:02:58 =    9.1/s Avg:   163 Min:    32 Max:  1319 Err:     0 (0.00%)
2020-05-15 07:40:00,139 INFO o.a.j.r.Summariser: summary +    289 in 00:00:30 =    9.6/s Avg:   175 Min:    36 Max:  1274 Err:     0 (0.00%) Active: 40 Started: 40 Finished: 0
2020-05-15 07:40:00,140 INFO o.a.j.r.Summariser: summary =   1909 in 00:03:28 =    9.2/s Avg:   164 Min:    32 Max:  1319 Err:     0 (0.00%)
2020-05-15 07:40:31,071 INFO o.a.j.r.Summariser: summary +    290 in 00:00:31 =    9.4/s Avg:   198 Min:    32 Max:  1042 Err:     0 (0.00%) Active: 40 Started: 40 Finished: 0
2020-05-15 07:40:31,072 INFO o.a.j.r.Summariser: summary =   2199 in 00:03:59 =    9.2/s Avg:   169 Min:    32 Max:  1319 Err:     0 (0.00%)
2020-05-15 07:41:00,169 INFO o.a.j.r.Summariser: summary +    277 in 00:00:29 =    9.5/s Avg:   212 Min:    37 Max:  1141 Err:     0 (0.00%) Active: 40 Started: 40 Finished: 0
2020-05-15 07:41:00,170 INFO o.a.j.r.Summariser: summary =   2476 in 00:04:28 =    9.2/s Avg:   174 Min:    32 Max:  1319 Err:     0 (0.00%)
2020-05-15 07:41:30,005 INFO o.a.j.r.Summariser: summary +    293 in 00:00:30 =    9.8/s Avg:    97 Min:    31 Max:   987 Err:     0 (0.00%) Active: 40 Started: 40 Finished: 0
2020-05-15 07:41:30,006 INFO o.a.j.r.Summariser: summary =   2769 in 00:04:58 =    9.3/s Avg:   166 Min:    31 Max:  1319 Err:     0 (0.00%)
2020-05-15 07:42:00,093 INFO o.a.j.r.Summariser: summary +    290 in 00:00:30 =    9.6/s Avg:   186 Min:    31 Max:  1105 Err:     0 (0.00%) Active: 40 Started: 40 Finished: 0
2020-05-15 07:42:00,094 INFO o.a.j.r.Summariser: summary =   3059 in 00:05:28 =    9.3/s Avg:   167 Min:    31 Max:  1319 Err:     0 (0.00%)
2020-05-15 07:42:30,165 INFO o.a.j.r.Summariser: summary +    286 in 00:00:30 =    9.5/s Avg:   160 Min:    33 Max:   805 Err:     0 (0.00%) Active: 40 Started: 40 Finished: 0
2020-05-15 07:42:30,166 INFO o.a.j.r.Summariser: summary =   3345 in 00:05:58 =    9.3/s Avg:   167 Min:    31 Max:  1319 Err:     0 (0.00%)
2020-05-15 07:43:00,144 INFO o.a.j.r.Summariser: summary +    292 in 00:00:30 =    9.7/s Avg:   107 Min:    33 Max:   795 Err:     0 (0.00%) Active: 40 Started: 40 Finished: 0
2020-05-15 07:43:00,145 INFO o.a.j.r.Summariser: summary =   3637 in 00:06:28 =    9.4/s Avg:   162 Min:    31 Max:  1319 Err:     0 (0.00%)
2020-05-15 07:43:30,289 INFO o.a.j.r.Summariser: summary +    285 in 00:00:30 =    9.5/s Avg:   209 Min:    36 Max:   958 Err:     0 (0.00%) Active: 40 Started: 40 Finished: 0
2020-05-15 07:43:30,290 INFO o.a.j.r.Summariser: summary =   3922 in 00:06:58 =    9.4/s Avg:   165 Min:    31 Max:  1319 Err:     0 (0.00%)
2020-05-15 07:44:00,159 INFO o.a.j.r.Summariser: summary +    288 in 00:00:30 =    9.6/s Avg:   162 Min:    35 Max:  1064 Err:     0 (0.00%) Active: 40 Started: 40 Finished: 0
2020-05-15 07:44:00,160 INFO o.a.j.r.Summariser: summary =   4210 in 00:07:28 =    9.4/s Avg:   165 Min:    31 Max:  1319 Err:     0 (0.00%)
2020-05-15 07:44:30,003 INFO o.a.j.r.Summariser: summary +    291 in 00:00:30 =    9.8/s Avg:   112 Min:    33 Max:   835 Err:     0 (0.00%) Active: 40 Started: 40 Finished: 0
2020-05-15 07:44:30,004 INFO o.a.j.r.Summariser: summary =   4501 in 00:07:58 =    9.4/s Avg:   162 Min:    31 Max:  1319 Err:     0 (0.00%)
2020-05-15 07:45:00,022 INFO o.a.j.r.Summariser: summary +    287 in 00:00:30 =    9.6/s Avg:   194 Min:    36 Max:  1000 Err:     0 (0.00%) Active: 40 Started: 40 Finished: 0
2020-05-15 07:45:00,023 INFO o.a.j.r.Summariser: summary =   4788 in 00:08:28 =    9.4/s Avg:   164 Min:    31 Max:  1319 Err:     0 (0.00%)
2020-05-15 07:45:30,054 INFO o.a.j.r.Summariser: summary +    289 in 00:00:30 =    9.6/s Avg:   158 Min:    34 Max:   878 Err:     0 (0.00%) Active: 40 Started: 40 Finished: 0
2020-05-15 07:45:30,055 INFO o.a.j.r.Summariser: summary =   5077 in 00:08:58 =    9.4/s Avg:   163 Min:    31 Max:  1319 Err:     0 (0.00%)
2020-05-15 07:46:00,011 INFO o.a.j.r.Summariser: summary +    293 in 00:00:30 =    9.8/s Avg:   106 Min:    34 Max:   868 Err:     0 (0.00%) Active: 40 Started: 40 Finished: 0
2020-05-15 07:46:00,012 INFO o.a.j.r.Summariser: summary =   5370 in 00:09:28 =    9.5/s Avg:   160 Min:    31 Max:  1319 Err:     0 (0.00%)
2020-05-15 07:46:30,278 INFO o.a.j.r.Summariser: summary +    285 in 00:00:30 =    9.4/s Avg:   211 Min:    36 Max:   946 Err:     0 (0.00%) Active: 40 Started: 40 Finished: 0
2020-05-15 07:46:30,279 INFO o.a.j.r.Summariser: summary =   5655 in 00:09:58 =    9.5/s Avg:   163 Min:    31 Max:  1319 Err:     0 (0.00%)
2020-05-15 07:46:43,276 INFO o.a.j.t.JMeterThread: Thread finished: Thread Group 1-9
2020-05-15 07:46:43,358 INFO o.a.j.t.JMeterThread: Thread finished: Thread Group 1-34
2020-05-15 07:46:43,398 INFO o.a.j.t.JMeterThread: Thread finished: Thread Group 1-22
2020-05-15 07:46:43,433 INFO o.a.j.t.JMeterThread: Thread finished: Thread Group 1-11
2020-05-15 07:46:43,654 INFO o.a.j.t.JMeterThread: Thread finished: Thread Group 1-3
2020-05-15 07:46:43,745 INFO o.a.j.t.JMeterThread: Thread finished: Thread Group 1-14
2020-05-15 07:46:43,826 INFO o.a.j.t.JMeterThread: Thread finished: Thread Group 1-31
2020-05-15 07:46:43,926 INFO o.a.j.t.JMeterThread: Thread finished: Thread Group 1-35
2020-05-15 07:46:43,992 INFO o.a.j.t.JMeterThread: Thread finished: Thread Group 1-24
2020-05-15 07:46:44,209 INFO o.a.j.t.JMeterThread: Thread finished: Thread Group 1-23
2020-05-15 07:46:44,364 INFO o.a.j.t.JMeterThread: Thread finished: Thread Group 1-36
2020-05-15 07:46:44,427 INFO o.a.j.t.JMeterThread: Thread finished: Thread Group 1-12
2020-05-15 07:46:44,533 INFO o.a.j.t.JMeterThread: Thread finished: Thread Group 1-26
2020-05-15 07:46:44,598 INFO o.a.j.t.JMeterThread: Thread finished: Thread Group 1-17
2020-05-15 07:46:44,627 INFO o.a.j.t.JMeterThread: Thread finished: Thread Group 1-4
2020-05-15 07:46:44,740 INFO o.a.j.t.JMeterThread: Thread finished: Thread Group 1-13
2020-05-15 07:46:44,800 INFO o.a.j.t.JMeterThread: Thread finished: Thread Group 1-39
2020-05-15 07:46:44,899 INFO o.a.j.t.JMeterThread: Thread finished: Thread Group 1-27
2020-05-15 07:46:45,057 INFO o.a.j.t.JMeterThread: Thread finished: Thread Group 1-15
2020-05-15 07:46:45,178 INFO o.a.j.t.JMeterThread: Thread finished: Thread Group 1-1
2020-05-15 07:46:45,270 INFO o.a.j.t.JMeterThread: Thread finished: Thread Group 1-37
2020-05-15 07:46:45,308 INFO o.a.j.t.JMeterThread: Thread finished: Thread Group 1-16
2020-05-15 07:46:45,348 INFO o.a.j.t.JMeterThread: Thread finished: Thread Group 1-29
2020-05-15 07:46:45,384 INFO o.a.j.t.JMeterThread: Thread finished: Thread Group 1-25
2020-05-15 07:46:45,659 INFO o.a.j.t.JMeterThread: Thread finished: Thread Group 1-38
2020-05-15 07:46:45,807 INFO o.a.j.t.JMeterThread: Thread finished: Thread Group 1-28
2020-05-15 07:46:45,893 INFO o.a.j.t.JMeterThread: Thread finished: Thread Group 1-32
2020-05-15 07:46:45,962 INFO o.a.j.t.JMeterThread: Thread finished: Thread Group 1-20
2020-05-15 07:46:45,972 INFO o.a.j.t.JMeterThread: Thread finished: Thread Group 1-6
2020-05-15 07:46:45,981 INFO o.a.j.t.JMeterThread: Thread finished: Thread Group 1-40
2020-05-15 07:46:46,445 INFO o.a.j.t.JMeterThread: Thread finished: Thread Group 1-7
2020-05-15 07:46:46,474 INFO o.a.j.t.JMeterThread: Thread finished: Thread Group 1-30
2020-05-15 07:46:46,589 INFO o.a.j.t.JMeterThread: Thread finished: Thread Group 1-21
2020-05-15 07:46:46,890 INFO o.a.j.t.JMeterThread: Thread finished: Thread Group 1-5
2020-05-15 07:46:47,083 INFO o.a.j.t.JMeterThread: Thread finished: Thread Group 1-2
2020-05-15 07:46:47,119 INFO o.a.j.t.JMeterThread: Thread finished: Thread Group 1-33
2020-05-15 07:46:47,193 INFO o.a.j.t.JMeterThread: Thread finished: Thread Group 1-19
2020-05-15 07:46:47,281 INFO o.a.j.t.JMeterThread: Stopping because end time detected by thread: Thread Group 1-18
2020-05-15 07:46:47,281 INFO o.a.j.t.JMeterThread: Thread finished: Thread Group 1-18
2020-05-15 07:46:47,318 INFO o.a.j.t.JMeterThread: Stopping because end time detected by thread: Thread Group 1-10
2020-05-15 07:46:47,318 INFO o.a.j.t.JMeterThread: Thread finished: Thread Group 1-10
2020-05-15 07:46:47,386 INFO o.a.j.t.JMeterThread: Stopping because end time detected by thread: Thread Group 1-8
2020-05-15 07:46:47,387 INFO o.a.j.t.JMeterThread: Thread finished: Thread Group 1-8
2020-05-15 07:46:47,388 INFO o.a.j.e.StandardJMeterEngine: Notifying test listeners of end of test
2020-05-15 07:46:47,390 INFO o.a.j.r.Summariser: summary +    168 in 00:00:17 =    9.8/s Avg:    76 Min:    36 Max:   819 Err:     0 (0.00%) Active: 0 Started: 40 Finished: 40
2020-05-15 07:46:47,391 INFO o.a.j.r.Summariser: summary =   5823 in 00:10:15 =    9.5/s Avg:   160 Min:    31 Max:  1319 Err:     0 (0.00%)
