2020-05-09 09:47:14,058 INFO o.a.j.u.JMeterUtils: Setting Locale to en_US
2020-05-09 09:47:14,097 INFO o.a.j.JMeter: Loading user properties from: /home/pablo/jmeter/bin/user.properties
2020-05-09 09:47:14,099 INFO o.a.j.JMeter: Loading system properties from: /home/pablo/jmeter/bin/system.properties
2020-05-09 09:47:14,100 INFO o.a.j.JMeter: Setting System property: HILOS=40
2020-05-09 09:47:14,100 INFO o.a.j.JMeter: Setting System property: SUBIDA=15
2020-05-09 09:47:14,100 INFO o.a.j.JMeter: Setting System property: DURACION=615
2020-05-09 09:47:14,101 INFO o.a.j.JMeter: Setting System property: FILE=scriptresultsPerfmon40.jtl
2020-05-09 09:47:14,104 INFO o.a.j.JMeter: Copyright (c) 1998-2019 The Apache Software Foundation
2020-05-09 09:47:14,104 INFO o.a.j.JMeter: Version 5.2.1
2020-05-09 09:47:14,104 INFO o.a.j.JMeter: java.version=1.8.0_201
2020-05-09 09:47:14,105 INFO o.a.j.JMeter: java.vm.name=Java HotSpot(TM) 64-Bit Server VM
2020-05-09 09:47:14,105 INFO o.a.j.JMeter: os.name=Linux
2020-05-09 09:47:14,105 INFO o.a.j.JMeter: os.arch=amd64
2020-05-09 09:47:14,105 INFO o.a.j.JMeter: os.version=4.15.0-99-generic
2020-05-09 09:47:14,106 INFO o.a.j.JMeter: file.encoding=UTF-8
2020-05-09 09:47:14,106 INFO o.a.j.JMeter: java.awt.headless=true
2020-05-09 09:47:14,106 INFO o.a.j.JMeter: Max memory     =732954624
2020-05-09 09:47:14,107 INFO o.a.j.JMeter: Available Processors =4
2020-05-09 09:47:14,115 INFO o.a.j.JMeter: Default Locale=English (United States)
2020-05-09 09:47:14,116 INFO o.a.j.JMeter: JMeter  Locale=English (United States)
2020-05-09 09:47:14,116 INFO o.a.j.JMeter: JMeterHome=/home/pablo/jmeter
2020-05-09 09:47:14,117 INFO o.a.j.JMeter: user.dir  =/home/pablo/jmeter/bin/EJECUCIONES/P3_V3
2020-05-09 09:47:14,117 INFO o.a.j.JMeter: PWD       =/home/pablo/jmeter/bin/EJECUCIONES/P3_V3
2020-05-09 09:47:14,118 INFO o.a.j.JMeter: IP: 127.0.1.1 Name: hylianpablo FullName: hylianpablo
2020-05-09 09:47:14,128 INFO o.a.j.s.FileServer: Default base='/home/pablo/jmeter/bin/EJECUCIONES/P3_V3'
2020-05-09 09:47:14,143 INFO o.a.j.s.FileServer: Set new base='/home/pablo/jmeter/bin/EJECUCIONES/P3_V3/..'
2020-05-09 09:47:14,453 INFO o.a.j.s.SaveService: Testplan (JMX) version: 2.2. Testlog (JTL) version: 2.2
2020-05-09 09:47:14,475 INFO o.a.j.s.SaveService: Using SaveService properties file encoding UTF-8
2020-05-09 09:47:14,489 INFO o.a.j.s.SaveService: Using SaveService properties version 5.0
2020-05-09 09:47:14,507 INFO o.a.j.s.SaveService: Loading file: ../RecordP3_V2.jmx
2020-05-09 09:47:14,586 INFO o.a.j.p.h.c.CookieManager: Settings: Delete null: true Check: true Allow variable: true Save: false Prefix: COOKIE_
2020-05-09 09:47:14,667 INFO o.a.j.p.h.s.HTTPSamplerBase: Parser for text/html is org.apache.jmeter.protocol.http.parser.LagartoBasedHtmlParser
2020-05-09 09:47:14,668 INFO o.a.j.p.h.s.HTTPSamplerBase: Parser for application/xhtml+xml is org.apache.jmeter.protocol.http.parser.LagartoBasedHtmlParser
2020-05-09 09:47:14,668 INFO o.a.j.p.h.s.HTTPSamplerBase: Parser for application/xml is org.apache.jmeter.protocol.http.parser.LagartoBasedHtmlParser
2020-05-09 09:47:14,668 INFO o.a.j.p.h.s.HTTPSamplerBase: Parser for text/xml is org.apache.jmeter.protocol.http.parser.LagartoBasedHtmlParser
2020-05-09 09:47:14,668 INFO o.a.j.p.h.s.HTTPSamplerBase: Parser for text/vnd.wap.wml is org.apache.jmeter.protocol.http.parser.RegexpHTMLParser
2020-05-09 09:47:14,669 INFO o.a.j.p.h.s.HTTPSamplerBase: Parser for text/css is org.apache.jmeter.protocol.http.parser.CssParser
2020-05-09 09:47:14,802 INFO o.a.j.JMeter: Creating summariser <summary>
2020-05-09 09:47:14,822 INFO o.a.j.e.StandardJMeterEngine: Running the test!
2020-05-09 09:47:14,824 INFO o.a.j.s.SampleEvent: List of sample_variables: []
2020-05-09 09:47:14,825 INFO o.a.j.s.SampleEvent: List of sample_variables: []
2020-05-09 09:47:14,842 INFO o.a.j.e.u.CompoundVariable: Note: Function class names must contain the string: '.functions.'
2020-05-09 09:47:14,843 INFO o.a.j.e.u.CompoundVariable: Note: Function class names must not contain the string: '.gui.'
2020-05-09 09:47:15,879 INFO o.a.j.JMeter: Running test (1589010435879)
2020-05-09 09:47:15,990 INFO o.a.j.e.StandardJMeterEngine: Starting ThreadGroup: 1 : Thread Group
2020-05-09 09:47:15,991 INFO o.a.j.e.StandardJMeterEngine: Starting 40 threads for group Thread Group.
2020-05-09 09:47:15,991 INFO o.a.j.e.StandardJMeterEngine: Thread will continue on error
2020-05-09 09:47:15,991 INFO o.a.j.t.ThreadGroup: Starting thread group... number=1 threads=40 ramp-up=15 delayedStart=false
2020-05-09 09:47:16,014 INFO o.a.j.t.JMeterThread: Thread started: Thread Group 1-1
2020-05-09 09:47:16,088 INFO o.a.j.p.h.s.HTTPHCAbstractImpl: Local host = hylianpablo
2020-05-09 09:47:16,102 INFO o.a.j.p.h.s.HTTPHC4Impl: HTTP request retry count = 0
2020-05-09 09:47:16,115 INFO o.a.j.s.SampleResult: Note: Sample TimeStamps are START times
2020-05-09 09:47:16,116 INFO o.a.j.s.SampleResult: sampleresult.default.encoding is set to ISO-8859-1
2020-05-09 09:47:16,116 INFO o.a.j.s.SampleResult: sampleresult.useNanoTime=true
2020-05-09 09:47:16,116 INFO o.a.j.s.SampleResult: sampleresult.nanoThreadSleep=5000
2020-05-09 09:47:16,212 INFO o.a.j.t.ThreadGroup: Started thread group number 1
2020-05-09 09:47:16,212 INFO o.a.j.e.StandardJMeterEngine: All thread groups have been started
2020-05-09 09:47:16,376 INFO o.a.j.t.JMeterThread: Thread started: Thread Group 1-2
2020-05-09 09:47:16,752 INFO o.a.j.t.JMeterThread: Thread started: Thread Group 1-3
2020-05-09 09:47:17,132 INFO o.a.j.t.JMeterThread: Thread started: Thread Group 1-4
2020-05-09 09:47:17,498 INFO o.a.j.t.JMeterThread: Thread started: Thread Group 1-5
2020-05-09 09:47:17,876 INFO o.a.j.t.JMeterThread: Thread started: Thread Group 1-6
2020-05-09 09:47:18,255 INFO o.a.j.t.JMeterThread: Thread started: Thread Group 1-7
2020-05-09 09:47:18,626 INFO o.a.j.t.JMeterThread: Thread started: Thread Group 1-8
2020-05-09 09:47:18,998 INFO o.a.j.t.JMeterThread: Thread started: Thread Group 1-9
2020-05-09 09:47:19,374 INFO o.a.j.t.JMeterThread: Thread started: Thread Group 1-10
2020-05-09 09:47:19,783 INFO o.a.j.t.JMeterThread: Thread started: Thread Group 1-11
2020-05-09 09:47:20,130 INFO o.a.j.t.JMeterThread: Thread started: Thread Group 1-12
2020-05-09 09:47:20,511 INFO o.a.j.t.JMeterThread: Thread started: Thread Group 1-13
2020-05-09 09:47:20,880 INFO o.a.j.t.JMeterThread: Thread started: Thread Group 1-14
2020-05-09 09:47:21,250 INFO o.a.j.t.JMeterThread: Thread started: Thread Group 1-15
2020-05-09 09:47:21,632 INFO o.a.j.t.JMeterThread: Thread started: Thread Group 1-16
2020-05-09 09:47:22,030 INFO o.a.j.t.JMeterThread: Thread started: Thread Group 1-17
2020-05-09 09:47:22,385 INFO o.a.j.t.JMeterThread: Thread started: Thread Group 1-18
2020-05-09 09:47:22,752 INFO o.a.j.t.JMeterThread: Thread started: Thread Group 1-19
2020-05-09 09:47:23,157 INFO o.a.j.t.JMeterThread: Thread started: Thread Group 1-20
2020-05-09 09:47:23,525 INFO o.a.j.t.JMeterThread: Thread started: Thread Group 1-21
2020-05-09 09:47:23,898 INFO o.a.j.t.JMeterThread: Thread started: Thread Group 1-22
2020-05-09 09:47:24,266 INFO o.a.j.t.JMeterThread: Thread started: Thread Group 1-23
2020-05-09 09:47:24,634 INFO o.a.j.t.JMeterThread: Thread started: Thread Group 1-24
2020-05-09 09:47:25,006 INFO o.a.j.t.JMeterThread: Thread started: Thread Group 1-25
2020-05-09 09:47:25,382 INFO o.a.j.t.JMeterThread: Thread started: Thread Group 1-26
2020-05-09 09:47:25,754 INFO o.a.j.t.JMeterThread: Thread started: Thread Group 1-27
2020-05-09 09:47:26,129 INFO o.a.j.t.JMeterThread: Thread started: Thread Group 1-28
2020-05-09 09:47:26,507 INFO o.a.j.t.JMeterThread: Thread started: Thread Group 1-29
2020-05-09 09:47:26,954 INFO o.a.j.t.JMeterThread: Thread started: Thread Group 1-30
2020-05-09 09:47:27,246 INFO o.a.j.t.JMeterThread: Thread started: Thread Group 1-31
2020-05-09 09:47:27,620 INFO o.a.j.t.JMeterThread: Thread started: Thread Group 1-32
2020-05-09 09:47:27,998 INFO o.a.j.t.JMeterThread: Thread started: Thread Group 1-33
2020-05-09 09:47:28,371 INFO o.a.j.t.JMeterThread: Thread started: Thread Group 1-34
2020-05-09 09:47:28,745 INFO o.a.j.t.JMeterThread: Thread started: Thread Group 1-35
2020-05-09 09:47:29,121 INFO o.a.j.t.JMeterThread: Thread started: Thread Group 1-36
2020-05-09 09:47:29,494 INFO o.a.j.t.JMeterThread: Thread started: Thread Group 1-37
2020-05-09 09:47:29,870 INFO o.a.j.t.JMeterThread: Thread started: Thread Group 1-38
2020-05-09 09:47:30,008 INFO o.a.j.r.Summariser: summary +    357 in 00:00:14 =   25.3/s Avg:   625 Min:    27 Max:  2792 Err:     0 (0.00%) Active: 38 Started: 38 Finished: 0
2020-05-09 09:47:30,249 INFO o.a.j.t.JMeterThread: Thread started: Thread Group 1-39
2020-05-09 09:47:30,620 INFO o.a.j.t.JMeterThread: Thread started: Thread Group 1-40
2020-05-09 09:48:00,091 INFO o.a.j.r.Summariser: summary +    854 in 00:00:30 =   28.4/s Avg:  1347 Min:   136 Max: 13259 Err:     0 (0.00%) Active: 40 Started: 40 Finished: 0
2020-05-09 09:48:00,092 INFO o.a.j.r.Summariser: summary =   1211 in 00:00:44 =   27.4/s Avg:  1134 Min:    27 Max: 13259 Err:     0 (0.00%)
2020-05-09 09:48:30,026 INFO o.a.j.r.Summariser: summary +    851 in 00:00:30 =   28.4/s Avg:  1393 Min:    84 Max: 11097 Err:     0 (0.00%) Active: 40 Started: 40 Finished: 0
2020-05-09 09:48:30,027 INFO o.a.j.r.Summariser: summary =   2062 in 00:01:14 =   27.8/s Avg:  1241 Min:    27 Max: 13259 Err:     0 (0.00%)
2020-05-09 09:49:00,022 INFO o.a.j.r.Summariser: summary +    844 in 00:00:30 =   28.1/s Avg:  1404 Min:    72 Max: 11048 Err:     0 (0.00%) Active: 40 Started: 40 Finished: 0
2020-05-09 09:49:00,023 INFO o.a.j.r.Summariser: summary =   2906 in 00:01:44 =   27.9/s Avg:  1288 Min:    27 Max: 13259 Err:     0 (0.00%)
2020-05-09 09:49:30,044 INFO o.a.j.r.Summariser: summary +    865 in 00:00:30 =   28.8/s Avg:  1397 Min:    65 Max: 12150 Err:     0 (0.00%) Active: 40 Started: 40 Finished: 0
2020-05-09 09:49:30,045 INFO o.a.j.r.Summariser: summary =   3771 in 00:02:14 =   28.1/s Avg:  1313 Min:    27 Max: 13259 Err:     0 (0.00%)
2020-05-09 09:50:00,060 INFO o.a.j.r.Summariser: summary +    837 in 00:00:30 =   27.9/s Avg:  1385 Min:    68 Max: 12784 Err:     0 (0.00%) Active: 40 Started: 40 Finished: 0
2020-05-09 09:50:00,061 INFO o.a.j.r.Summariser: summary =   4608 in 00:02:44 =   28.1/s Avg:  1326 Min:    27 Max: 13259 Err:     0 (0.00%)
2020-05-09 09:50:30,055 INFO o.a.j.r.Summariser: summary +    864 in 00:00:30 =   28.8/s Avg:  1446 Min:   119 Max: 11657 Err:     0 (0.00%) Active: 40 Started: 40 Finished: 0
2020-05-09 09:50:30,056 INFO o.a.j.r.Summariser: summary =   5472 in 00:03:14 =   28.2/s Avg:  1345 Min:    27 Max: 13259 Err:     0 (0.00%)
2020-05-09 09:51:00,007 INFO o.a.j.r.Summariser: summary +    858 in 00:00:30 =   28.6/s Avg:  1401 Min:   103 Max: 13266 Err:     0 (0.00%) Active: 40 Started: 40 Finished: 0
2020-05-09 09:51:00,008 INFO o.a.j.r.Summariser: summary =   6330 in 00:03:44 =   28.2/s Avg:  1353 Min:    27 Max: 13266 Err:     0 (0.00%)
2020-05-09 09:51:30,038 INFO o.a.j.r.Summariser: summary +    864 in 00:00:30 =   28.8/s Avg:  1371 Min:   115 Max: 13596 Err:     0 (0.00%) Active: 40 Started: 40 Finished: 0
2020-05-09 09:51:30,039 INFO o.a.j.r.Summariser: summary =   7194 in 00:04:14 =   28.3/s Avg:  1355 Min:    27 Max: 13596 Err:     0 (0.00%)
2020-05-09 09:52:00,100 INFO o.a.j.r.Summariser: summary +    831 in 00:00:30 =   27.6/s Avg:  1451 Min:   109 Max: 12245 Err:     0 (0.00%) Active: 40 Started: 40 Finished: 0
2020-05-09 09:52:00,101 INFO o.a.j.r.Summariser: summary =   8025 in 00:04:44 =   28.2/s Avg:  1365 Min:    27 Max: 13596 Err:     0 (0.00%)
2020-05-09 09:52:30,043 INFO o.a.j.r.Summariser: summary +    829 in 00:00:30 =   27.7/s Avg:  1433 Min:   142 Max: 11275 Err:     0 (0.00%) Active: 40 Started: 40 Finished: 0
2020-05-09 09:52:30,044 INFO o.a.j.r.Summariser: summary =   8854 in 00:05:14 =   28.2/s Avg:  1371 Min:    27 Max: 13596 Err:     0 (0.00%)
2020-05-09 09:53:00,002 INFO o.a.j.r.Summariser: summary +    592 in 00:00:30 =   19.8/s Avg:  1979 Min:   243 Max: 20097 Err:     0 (0.00%) Active: 40 Started: 40 Finished: 0
2020-05-09 09:53:00,003 INFO o.a.j.r.Summariser: summary =   9446 in 00:05:44 =   27.4/s Avg:  1409 Min:    27 Max: 20097 Err:     0 (0.00%)
2020-05-09 09:53:30,011 INFO o.a.j.r.Summariser: summary +    607 in 00:00:30 =   20.2/s Avg:  2007 Min:   178 Max: 17552 Err:     0 (0.00%) Active: 40 Started: 40 Finished: 0
2020-05-09 09:53:30,012 INFO o.a.j.r.Summariser: summary =  10053 in 00:06:14 =   26.9/s Avg:  1445 Min:    27 Max: 20097 Err:     0 (0.00%)
2020-05-09 09:54:00,006 INFO o.a.j.r.Summariser: summary +    862 in 00:00:30 =   28.7/s Avg:  1416 Min:    76 Max: 13432 Err:     0 (0.00%) Active: 40 Started: 40 Finished: 0
2020-05-09 09:54:00,007 INFO o.a.j.r.Summariser: summary =  10915 in 00:06:44 =   27.0/s Avg:  1443 Min:    27 Max: 20097 Err:     0 (0.00%)
2020-05-09 09:54:30,023 INFO o.a.j.r.Summariser: summary +    853 in 00:00:30 =   28.4/s Avg:  1407 Min:   121 Max: 13262 Err:     0 (0.00%) Active: 40 Started: 40 Finished: 0
2020-05-09 09:54:30,024 INFO o.a.j.r.Summariser: summary =  11768 in 00:07:14 =   27.1/s Avg:  1440 Min:    27 Max: 20097 Err:     0 (0.00%)
2020-05-09 09:55:00,018 INFO o.a.j.r.Summariser: summary +    798 in 00:00:30 =   26.6/s Avg:  1481 Min:   137 Max: 11463 Err:     0 (0.00%) Active: 40 Started: 40 Finished: 0
2020-05-09 09:55:00,019 INFO o.a.j.r.Summariser: summary =  12566 in 00:07:44 =   27.1/s Avg:  1443 Min:    27 Max: 20097 Err:     0 (0.00%)
2020-05-09 09:55:30,005 INFO o.a.j.r.Summariser: summary +    788 in 00:00:30 =   26.3/s Avg:  1501 Min:    98 Max: 10812 Err:     0 (0.00%) Active: 40 Started: 40 Finished: 0
2020-05-09 09:55:30,006 INFO o.a.j.r.Summariser: summary =  13354 in 00:08:14 =   27.0/s Avg:  1446 Min:    27 Max: 20097 Err:     0 (0.00%)
2020-05-09 09:56:00,027 INFO o.a.j.r.Summariser: summary +    851 in 00:00:30 =   28.3/s Avg:  1456 Min:    92 Max: 11177 Err:     0 (0.00%) Active: 40 Started: 40 Finished: 0
2020-05-09 09:56:00,028 INFO o.a.j.r.Summariser: summary =  14205 in 00:08:44 =   27.1/s Avg:  1447 Min:    27 Max: 20097 Err:     0 (0.00%)
2020-05-09 09:56:30,004 INFO o.a.j.r.Summariser: summary +    800 in 00:00:30 =   26.7/s Avg:  1474 Min:   152 Max: 15614 Err:     0 (0.00%) Active: 40 Started: 40 Finished: 0
2020-05-09 09:56:30,005 INFO o.a.j.r.Summariser: summary =  15005 in 00:09:14 =   27.1/s Avg:  1448 Min:    27 Max: 20097 Err:     0 (0.00%)
2020-05-09 09:57:00,072 INFO o.a.j.r.Summariser: summary +    828 in 00:00:30 =   27.5/s Avg:  1436 Min:   136 Max: 13105 Err:     0 (0.00%) Active: 40 Started: 40 Finished: 0
2020-05-09 09:57:00,072 INFO o.a.j.r.Summariser: summary =  15833 in 00:09:44 =   27.1/s Avg:  1448 Min:    27 Max: 20097 Err:     0 (0.00%)
2020-05-09 09:57:30,058 INFO o.a.j.r.Summariser: summary +    789 in 00:00:30 =   26.3/s Avg:  1540 Min:   113 Max: 12284 Err:     0 (0.00%) Active: 40 Started: 40 Finished: 0
2020-05-09 09:57:30,059 INFO o.a.j.r.Summariser: summary =  16622 in 00:10:14 =   27.1/s Avg:  1452 Min:    27 Max: 20097 Err:     0 (0.00%)
2020-05-09 09:57:31,211 INFO o.a.j.t.JMeterThread: Stopping because end time detected by thread: Thread Group 1-25
2020-05-09 09:57:31,212 INFO o.a.j.t.JMeterThread: Thread finished: Thread Group 1-25
2020-05-09 09:57:31,242 INFO o.a.j.t.JMeterThread: Stopping because end time detected by thread: Thread Group 1-3
2020-05-09 09:57:31,243 INFO o.a.j.t.JMeterThread: Thread finished: Thread Group 1-3
2020-05-09 09:57:31,251 INFO o.a.j.t.JMeterThread: Stopping because end time detected by thread: Thread Group 1-24
2020-05-09 09:57:31,252 INFO o.a.j.t.JMeterThread: Thread finished: Thread Group 1-24
2020-05-09 09:57:31,315 INFO o.a.j.t.JMeterThread: Stopping because end time detected by thread: Thread Group 1-4
2020-05-09 09:57:31,315 INFO o.a.j.t.JMeterThread: Thread finished: Thread Group 1-4
2020-05-09 09:57:31,428 INFO o.a.j.t.JMeterThread: Stopping because end time detected by thread: Thread Group 1-34
2020-05-09 09:57:31,429 INFO o.a.j.t.JMeterThread: Thread finished: Thread Group 1-34
2020-05-09 09:57:31,450 INFO o.a.j.t.JMeterThread: Stopping because end time detected by thread: Thread Group 1-28
2020-05-09 09:57:31,450 INFO o.a.j.t.JMeterThread: Thread finished: Thread Group 1-28
2020-05-09 09:57:31,625 INFO o.a.j.t.JMeterThread: Stopping because end time detected by thread: Thread Group 1-39
2020-05-09 09:57:31,625 INFO o.a.j.t.JMeterThread: Thread finished: Thread Group 1-39
2020-05-09 09:57:31,928 INFO o.a.j.t.JMeterThread: Stopping because end time detected by thread: Thread Group 1-40
2020-05-09 09:57:31,929 INFO o.a.j.t.JMeterThread: Thread finished: Thread Group 1-40
2020-05-09 09:57:32,024 INFO o.a.j.t.JMeterThread: Stopping because end time detected by thread: Thread Group 1-38
2020-05-09 09:57:32,024 INFO o.a.j.t.JMeterThread: Thread finished: Thread Group 1-38
2020-05-09 09:57:32,150 INFO o.a.j.t.JMeterThread: Stopping because end time detected by thread: Thread Group 1-15
2020-05-09 09:57:32,150 INFO o.a.j.t.JMeterThread: Thread finished: Thread Group 1-15
2020-05-09 09:57:32,169 INFO o.a.j.t.JMeterThread: Stopping because end time detected by thread: Thread Group 1-26
2020-05-09 09:57:32,170 INFO o.a.j.t.JMeterThread: Thread finished: Thread Group 1-26
2020-05-09 09:57:32,539 INFO o.a.j.t.JMeterThread: Stopping because end time detected by thread: Thread Group 1-7
2020-05-09 09:57:32,539 INFO o.a.j.t.JMeterThread: Thread finished: Thread Group 1-7
2020-05-09 09:57:32,805 INFO o.a.j.t.JMeterThread: Stopping because end time detected by thread: Thread Group 1-20
2020-05-09 09:57:32,805 INFO o.a.j.t.JMeterThread: Thread finished: Thread Group 1-20
2020-05-09 09:57:33,056 INFO o.a.j.t.JMeterThread: Stopping because end time detected by thread: Thread Group 1-8
2020-05-09 09:57:33,056 INFO o.a.j.t.JMeterThread: Thread finished: Thread Group 1-8
2020-05-09 09:57:33,062 INFO o.a.j.t.JMeterThread: Stopping because end time detected by thread: Thread Group 1-11
2020-05-09 09:57:33,062 INFO o.a.j.t.JMeterThread: Thread finished: Thread Group 1-11
2020-05-09 09:57:33,229 INFO o.a.j.t.JMeterThread: Stopping because end time detected by thread: Thread Group 1-35
2020-05-09 09:57:33,229 INFO o.a.j.t.JMeterThread: Thread finished: Thread Group 1-35
2020-05-09 09:57:33,379 INFO o.a.j.t.JMeterThread: Stopping because end time detected by thread: Thread Group 1-27
2020-05-09 09:57:33,379 INFO o.a.j.t.JMeterThread: Thread finished: Thread Group 1-27
2020-05-09 09:57:33,400 INFO o.a.j.t.JMeterThread: Stopping because end time detected by thread: Thread Group 1-36
2020-05-09 09:57:33,401 INFO o.a.j.t.JMeterThread: Thread finished: Thread Group 1-36
2020-05-09 09:57:33,438 INFO o.a.j.t.JMeterThread: Stopping because end time detected by thread: Thread Group 1-13
2020-05-09 09:57:33,438 INFO o.a.j.t.JMeterThread: Stopping because end time detected by thread: Thread Group 1-6
2020-05-09 09:57:33,438 INFO o.a.j.t.JMeterThread: Thread finished: Thread Group 1-13
2020-05-09 09:57:33,438 INFO o.a.j.t.JMeterThread: Thread finished: Thread Group 1-6
2020-05-09 09:57:33,604 INFO o.a.j.t.JMeterThread: Stopping because end time detected by thread: Thread Group 1-5
2020-05-09 09:57:33,605 INFO o.a.j.t.JMeterThread: Thread finished: Thread Group 1-5
2020-05-09 09:57:33,651 INFO o.a.j.t.JMeterThread: Stopping because end time detected by thread: Thread Group 1-23
2020-05-09 09:57:33,651 INFO o.a.j.t.JMeterThread: Thread finished: Thread Group 1-23
2020-05-09 09:57:33,830 INFO o.a.j.t.JMeterThread: Stopping because end time detected by thread: Thread Group 1-31
2020-05-09 09:57:33,831 INFO o.a.j.t.JMeterThread: Thread finished: Thread Group 1-31
2020-05-09 09:57:33,910 INFO o.a.j.t.JMeterThread: Stopping because end time detected by thread: Thread Group 1-17
2020-05-09 09:57:33,911 INFO o.a.j.t.JMeterThread: Thread finished: Thread Group 1-17
2020-05-09 09:57:33,979 INFO o.a.j.t.JMeterThread: Stopping because end time detected by thread: Thread Group 1-22
2020-05-09 09:57:33,979 INFO o.a.j.t.JMeterThread: Thread finished: Thread Group 1-22
2020-05-09 09:57:34,003 INFO o.a.j.t.JMeterThread: Stopping because end time detected by thread: Thread Group 1-2
2020-05-09 09:57:34,003 INFO o.a.j.t.JMeterThread: Thread finished: Thread Group 1-2
2020-05-09 09:57:34,322 INFO o.a.j.t.JMeterThread: Stopping because end time detected by thread: Thread Group 1-12
2020-05-09 09:57:34,322 INFO o.a.j.t.JMeterThread: Thread finished: Thread Group 1-12
2020-05-09 09:57:34,399 INFO o.a.j.t.JMeterThread: Stopping because end time detected by thread: Thread Group 1-19
2020-05-09 09:57:34,399 INFO o.a.j.t.JMeterThread: Thread finished: Thread Group 1-19
2020-05-09 09:57:34,399 INFO o.a.j.t.JMeterThread: Stopping because end time detected by thread: Thread Group 1-29
2020-05-09 09:57:34,400 INFO o.a.j.t.JMeterThread: Thread finished: Thread Group 1-29
2020-05-09 09:57:34,411 INFO o.a.j.t.JMeterThread: Stopping because end time detected by thread: Thread Group 1-37
2020-05-09 09:57:34,411 INFO o.a.j.t.JMeterThread: Thread finished: Thread Group 1-37
2020-05-09 09:57:34,427 INFO o.a.j.t.JMeterThread: Stopping because end time detected by thread: Thread Group 1-10
2020-05-09 09:57:34,428 INFO o.a.j.t.JMeterThread: Thread finished: Thread Group 1-10
2020-05-09 09:57:34,436 INFO o.a.j.t.JMeterThread: Stopping because end time detected by thread: Thread Group 1-18
2020-05-09 09:57:34,437 INFO o.a.j.t.JMeterThread: Thread finished: Thread Group 1-18
2020-05-09 09:57:34,547 INFO o.a.j.t.JMeterThread: Stopping because end time detected by thread: Thread Group 1-9
2020-05-09 09:57:34,548 INFO o.a.j.t.JMeterThread: Thread finished: Thread Group 1-9
2020-05-09 09:57:34,759 INFO o.a.j.t.JMeterThread: Stopping because end time detected by thread: Thread Group 1-32
2020-05-09 09:57:34,759 INFO o.a.j.t.JMeterThread: Thread finished: Thread Group 1-32
2020-05-09 09:57:34,765 INFO o.a.j.t.JMeterThread: Stopping because end time detected by thread: Thread Group 1-30
2020-05-09 09:57:34,766 INFO o.a.j.t.JMeterThread: Thread finished: Thread Group 1-30
2020-05-09 09:57:34,910 INFO o.a.j.t.JMeterThread: Stopping because end time detected by thread: Thread Group 1-33
2020-05-09 09:57:34,910 INFO o.a.j.t.JMeterThread: Thread finished: Thread Group 1-33
2020-05-09 09:57:34,927 INFO o.a.j.t.JMeterThread: Stopping because end time detected by thread: Thread Group 1-21
2020-05-09 09:57:34,928 INFO o.a.j.t.JMeterThread: Thread finished: Thread Group 1-21
2020-05-09 09:57:34,943 INFO o.a.j.t.JMeterThread: Stopping because end time detected by thread: Thread Group 1-1
2020-05-09 09:57:34,943 INFO o.a.j.t.JMeterThread: Thread finished: Thread Group 1-1
2020-05-09 09:57:34,965 INFO o.a.j.t.JMeterThread: Stopping because end time detected by thread: Thread Group 1-14
2020-05-09 09:57:34,965 INFO o.a.j.t.JMeterThread: Thread finished: Thread Group 1-14
2020-05-09 09:57:35,152 INFO o.a.j.t.JMeterThread: Stopping because end time detected by thread: Thread Group 1-16
2020-05-09 09:57:35,152 INFO o.a.j.t.JMeterThread: Thread finished: Thread Group 1-16
2020-05-09 09:57:35,153 INFO o.a.j.e.StandardJMeterEngine: Notifying test listeners of end of test
2020-05-09 09:57:35,158 INFO o.a.j.r.Summariser: summary +     65 in 00:00:05 =   12.7/s Avg:  3832 Min:   242 Max:  9924 Err:     0 (0.00%) Active: 0 Started: 40 Finished: 40
2020-05-09 09:57:35,159 INFO o.a.j.r.Summariser: summary =  16687 in 00:10:19 =   26.9/s Avg:  1462 Min:    27 Max: 20097 Err:     0 (0.00%)
