2020-03-18 15:04:59,334 INFO o.a.j.u.JMeterUtils: Setting Locale to en_US
2020-03-18 15:04:59,368 INFO o.a.j.JMeter: Loading user properties from: user.properties
2020-03-18 15:04:59,370 INFO o.a.j.JMeter: Loading system properties from: system.properties
2020-03-18 15:04:59,371 INFO o.a.j.JMeter: Setting System property: HILOS=150
2020-03-18 15:04:59,371 INFO o.a.j.JMeter: Setting System property: SUBIDA=25
2020-03-18 15:04:59,371 INFO o.a.j.JMeter: Setting System property: DURACION=240
2020-03-18 15:04:59,374 INFO o.a.j.JMeter: Copyright (c) 1998-2019 The Apache Software Foundation
2020-03-18 15:04:59,375 INFO o.a.j.JMeter: Version 5.2.1
2020-03-18 15:04:59,375 INFO o.a.j.JMeter: java.version=1.8.0_201
2020-03-18 15:04:59,375 INFO o.a.j.JMeter: java.vm.name=Java HotSpot(TM) 64-Bit Server VM
2020-03-18 15:04:59,376 INFO o.a.j.JMeter: os.name=Linux
2020-03-18 15:04:59,376 INFO o.a.j.JMeter: os.arch=amd64
2020-03-18 15:04:59,376 INFO o.a.j.JMeter: os.version=4.15.0-88-generic
2020-03-18 15:04:59,376 INFO o.a.j.JMeter: file.encoding=UTF-8
2020-03-18 15:04:59,377 INFO o.a.j.JMeter: java.awt.headless=true
2020-03-18 15:04:59,377 INFO o.a.j.JMeter: Max memory     =732954624
2020-03-18 15:04:59,377 INFO o.a.j.JMeter: Available Processors =4
2020-03-18 15:04:59,396 INFO o.a.j.JMeter: Default Locale=English (United States)
2020-03-18 15:04:59,397 INFO o.a.j.JMeter: JMeter  Locale=English (United States)
2020-03-18 15:04:59,397 INFO o.a.j.JMeter: JMeterHome=/home/pablo/jmeter
2020-03-18 15:04:59,397 INFO o.a.j.JMeter: user.dir  =/home/pablo/jmeter/bin
2020-03-18 15:04:59,398 INFO o.a.j.JMeter: PWD       =/home/pablo/jmeter/bin
2020-03-18 15:04:59,398 INFO o.a.j.JMeter: IP: 127.0.1.1 Name: hylianpablo FullName: hylianpablo
2020-03-18 15:04:59,407 INFO o.a.j.s.FileServer: Default base='/home/pablo/jmeter/bin'
2020-03-18 15:04:59,419 INFO o.a.j.s.FileServer: Set new base='/home/pablo/jmeter/bin'
2020-03-18 15:04:59,723 INFO o.a.j.s.SaveService: Testplan (JMX) version: 2.2. Testlog (JTL) version: 2.2
2020-03-18 15:04:59,744 INFO o.a.j.s.SaveService: Using SaveService properties file encoding UTF-8
2020-03-18 15:04:59,760 INFO o.a.j.s.SaveService: Using SaveService properties version 5.0
2020-03-18 15:04:59,779 INFO o.a.j.s.SaveService: Loading file: Funciona.jmx
2020-03-18 15:04:59,862 INFO o.a.j.p.h.c.CookieManager: Settings: Delete null: true Check: true Allow variable: true Save: false Prefix: COOKIE_
2020-03-18 15:04:59,911 INFO o.a.j.p.h.s.HTTPSamplerBase: Parser for text/html is org.apache.jmeter.protocol.http.parser.LagartoBasedHtmlParser
2020-03-18 15:04:59,911 INFO o.a.j.p.h.s.HTTPSamplerBase: Parser for application/xhtml+xml is org.apache.jmeter.protocol.http.parser.LagartoBasedHtmlParser
2020-03-18 15:04:59,911 INFO o.a.j.p.h.s.HTTPSamplerBase: Parser for application/xml is org.apache.jmeter.protocol.http.parser.LagartoBasedHtmlParser
2020-03-18 15:04:59,912 INFO o.a.j.p.h.s.HTTPSamplerBase: Parser for text/xml is org.apache.jmeter.protocol.http.parser.LagartoBasedHtmlParser
2020-03-18 15:04:59,912 INFO o.a.j.p.h.s.HTTPSamplerBase: Parser for text/vnd.wap.wml is org.apache.jmeter.protocol.http.parser.RegexpHTMLParser
2020-03-18 15:04:59,912 INFO o.a.j.p.h.s.HTTPSamplerBase: Parser for text/css is org.apache.jmeter.protocol.http.parser.CssParser
2020-03-18 15:05:00,018 INFO o.a.j.JMeter: Creating summariser <summary>
2020-03-18 15:05:00,033 INFO o.a.j.e.StandardJMeterEngine: Running the test!
2020-03-18 15:05:00,036 INFO o.a.j.s.SampleEvent: List of sample_variables: []
2020-03-18 15:05:00,036 INFO o.a.j.s.SampleEvent: List of sample_variables: []
2020-03-18 15:05:00,050 INFO o.a.j.e.u.CompoundVariable: Note: Function class names must contain the string: '.functions.'
2020-03-18 15:05:00,050 INFO o.a.j.e.u.CompoundVariable: Note: Function class names must not contain the string: '.gui.'
2020-03-18 15:05:00,865 INFO o.a.j.JMeter: Running test (1584540300865)
2020-03-18 15:05:00,946 INFO o.a.j.e.StandardJMeterEngine: Starting ThreadGroup: 1 : Grupo De Hilos
2020-03-18 15:05:00,946 INFO o.a.j.e.StandardJMeterEngine: Starting 150 threads for group Grupo De Hilos.
2020-03-18 15:05:00,946 INFO o.a.j.e.StandardJMeterEngine: Thread will continue on error
2020-03-18 15:05:00,947 INFO o.a.j.t.ThreadGroup: Starting thread group... number=1 threads=150 ramp-up=25 delayedStart=false
2020-03-18 15:05:00,962 INFO o.a.j.t.JMeterThread: Thread started: Grupo De Hilos 1-1
2020-03-18 15:05:01,029 INFO o.a.j.p.h.s.HTTPHCAbstractImpl: Local host = hylianpablo
2020-03-18 15:05:01,043 INFO o.a.j.p.h.s.HTTPHC4Impl: HTTP request retry count = 0
2020-03-18 15:05:01,048 INFO o.a.j.s.SampleResult: Note: Sample TimeStamps are START times
2020-03-18 15:05:01,049 INFO o.a.j.s.SampleResult: sampleresult.default.encoding is set to ISO-8859-1
2020-03-18 15:05:01,049 INFO o.a.j.s.SampleResult: sampleresult.useNanoTime=true
2020-03-18 15:05:01,049 INFO o.a.j.s.SampleResult: sampleresult.nanoThreadSleep=5000
2020-03-18 15:05:01,125 INFO o.a.j.t.JMeterThread: Thread started: Grupo De Hilos 1-2
2020-03-18 15:05:01,205 INFO o.a.j.t.ThreadGroup: Started thread group number 1
2020-03-18 15:05:01,205 INFO o.a.j.e.StandardJMeterEngine: All thread groups have been started
2020-03-18 15:05:01,289 INFO o.a.j.t.JMeterThread: Thread started: Grupo De Hilos 1-3
2020-03-18 15:05:01,382 INFO o.a.j.r.Summariser: summary +      1 in 00:00:01 =    1.9/s Avg:   150 Min:   150 Max:   150 Err:     0 (0.00%) Active: 3 Started: 3 Finished: 0
2020-03-18 15:05:01,451 INFO o.a.j.t.JMeterThread: Thread started: Grupo De Hilos 1-4
2020-03-18 15:05:01,617 INFO o.a.j.t.JMeterThread: Thread started: Grupo De Hilos 1-5
2020-03-18 15:05:01,787 INFO o.a.j.t.JMeterThread: Thread started: Grupo De Hilos 1-6
2020-03-18 15:05:01,952 INFO o.a.j.t.JMeterThread: Thread started: Grupo De Hilos 1-7
2020-03-18 15:05:02,118 INFO o.a.j.t.JMeterThread: Thread started: Grupo De Hilos 1-8
2020-03-18 15:05:02,286 INFO o.a.j.t.JMeterThread: Thread started: Grupo De Hilos 1-9
2020-03-18 15:05:02,453 INFO o.a.j.t.JMeterThread: Thread started: Grupo De Hilos 1-10
2020-03-18 15:05:02,624 INFO o.a.j.t.JMeterThread: Thread started: Grupo De Hilos 1-11
2020-03-18 15:05:02,787 INFO o.a.j.t.JMeterThread: Thread started: Grupo De Hilos 1-12
2020-03-18 15:05:02,954 INFO o.a.j.t.JMeterThread: Thread started: Grupo De Hilos 1-13
2020-03-18 15:05:03,122 INFO o.a.j.t.JMeterThread: Thread started: Grupo De Hilos 1-14
2020-03-18 15:05:03,286 INFO o.a.j.t.JMeterThread: Thread started: Grupo De Hilos 1-15
2020-03-18 15:05:03,457 INFO o.a.j.t.JMeterThread: Thread started: Grupo De Hilos 1-16
2020-03-18 15:05:03,625 INFO o.a.j.t.JMeterThread: Thread started: Grupo De Hilos 1-17
2020-03-18 15:05:03,789 INFO o.a.j.t.JMeterThread: Thread started: Grupo De Hilos 1-18
2020-03-18 15:05:03,954 INFO o.a.j.t.JMeterThread: Thread started: Grupo De Hilos 1-19
2020-03-18 15:05:04,121 INFO o.a.j.t.JMeterThread: Thread started: Grupo De Hilos 1-20
2020-03-18 15:05:04,292 INFO o.a.j.t.JMeterThread: Thread started: Grupo De Hilos 1-21
2020-03-18 15:05:04,456 INFO o.a.j.t.JMeterThread: Thread started: Grupo De Hilos 1-22
2020-03-18 15:05:04,624 INFO o.a.j.t.JMeterThread: Thread started: Grupo De Hilos 1-23
2020-03-18 15:05:04,794 INFO o.a.j.t.JMeterThread: Thread started: Grupo De Hilos 1-24
2020-03-18 15:05:04,959 INFO o.a.j.t.JMeterThread: Thread started: Grupo De Hilos 1-25
2020-03-18 15:05:05,125 INFO o.a.j.t.JMeterThread: Thread started: Grupo De Hilos 1-26
2020-03-18 15:05:05,294 INFO o.a.j.t.JMeterThread: Thread started: Grupo De Hilos 1-27
2020-03-18 15:05:05,458 INFO o.a.j.t.JMeterThread: Thread started: Grupo De Hilos 1-28
2020-03-18 15:05:05,626 INFO o.a.j.t.JMeterThread: Thread started: Grupo De Hilos 1-29
2020-03-18 15:05:05,792 INFO o.a.j.t.JMeterThread: Thread started: Grupo De Hilos 1-30
2020-03-18 15:05:05,960 INFO o.a.j.t.JMeterThread: Thread started: Grupo De Hilos 1-31
2020-03-18 15:05:06,126 INFO o.a.j.t.JMeterThread: Thread started: Grupo De Hilos 1-32
2020-03-18 15:05:06,292 INFO o.a.j.t.JMeterThread: Thread started: Grupo De Hilos 1-33
2020-03-18 15:05:06,461 INFO o.a.j.t.JMeterThread: Thread started: Grupo De Hilos 1-34
2020-03-18 15:05:06,630 INFO o.a.j.t.JMeterThread: Thread started: Grupo De Hilos 1-35
2020-03-18 15:05:06,797 INFO o.a.j.t.JMeterThread: Thread started: Grupo De Hilos 1-36
2020-03-18 15:05:06,962 INFO o.a.j.t.JMeterThread: Thread started: Grupo De Hilos 1-37
2020-03-18 15:05:07,128 INFO o.a.j.t.JMeterThread: Thread started: Grupo De Hilos 1-38
2020-03-18 15:05:07,296 INFO o.a.j.t.JMeterThread: Thread started: Grupo De Hilos 1-39
2020-03-18 15:05:07,464 INFO o.a.j.t.JMeterThread: Thread started: Grupo De Hilos 1-40
2020-03-18 15:05:07,629 INFO o.a.j.t.JMeterThread: Thread started: Grupo De Hilos 1-41
2020-03-18 15:05:07,797 INFO o.a.j.t.JMeterThread: Thread started: Grupo De Hilos 1-42
2020-03-18 15:05:07,963 INFO o.a.j.t.JMeterThread: Thread started: Grupo De Hilos 1-43
2020-03-18 15:05:08,131 INFO o.a.j.t.JMeterThread: Thread started: Grupo De Hilos 1-44
2020-03-18 15:05:08,298 INFO o.a.j.t.JMeterThread: Thread started: Grupo De Hilos 1-45
2020-03-18 15:05:08,467 INFO o.a.j.t.JMeterThread: Thread started: Grupo De Hilos 1-46
2020-03-18 15:05:08,634 INFO o.a.j.t.JMeterThread: Thread started: Grupo De Hilos 1-47
2020-03-18 15:05:08,798 INFO o.a.j.t.JMeterThread: Thread started: Grupo De Hilos 1-48
2020-03-18 15:05:08,966 INFO o.a.j.t.JMeterThread: Thread started: Grupo De Hilos 1-49
2020-03-18 15:05:09,135 INFO o.a.j.t.JMeterThread: Thread started: Grupo De Hilos 1-50
2020-03-18 15:05:09,302 INFO o.a.j.t.JMeterThread: Thread started: Grupo De Hilos 1-51
2020-03-18 15:05:09,466 INFO o.a.j.t.JMeterThread: Thread started: Grupo De Hilos 1-52
2020-03-18 15:05:09,636 INFO o.a.j.t.JMeterThread: Thread started: Grupo De Hilos 1-53
2020-03-18 15:05:09,803 INFO o.a.j.t.JMeterThread: Thread started: Grupo De Hilos 1-54
2020-03-18 15:05:09,967 INFO o.a.j.t.JMeterThread: Thread started: Grupo De Hilos 1-55
2020-03-18 15:05:10,137 INFO o.a.j.t.JMeterThread: Thread started: Grupo De Hilos 1-56
2020-03-18 15:05:10,303 INFO o.a.j.t.JMeterThread: Thread started: Grupo De Hilos 1-57
2020-03-18 15:05:10,469 INFO o.a.j.t.JMeterThread: Thread started: Grupo De Hilos 1-58
2020-03-18 15:05:10,635 INFO o.a.j.t.JMeterThread: Thread started: Grupo De Hilos 1-59
2020-03-18 15:05:10,803 INFO o.a.j.t.JMeterThread: Thread started: Grupo De Hilos 1-60
2020-03-18 15:05:10,973 INFO o.a.j.t.JMeterThread: Thread started: Grupo De Hilos 1-61
2020-03-18 15:05:11,139 INFO o.a.j.t.JMeterThread: Thread started: Grupo De Hilos 1-62
2020-03-18 15:05:11,304 INFO o.a.j.t.JMeterThread: Thread started: Grupo De Hilos 1-63
2020-03-18 15:05:11,472 INFO o.a.j.t.JMeterThread: Thread started: Grupo De Hilos 1-64
2020-03-18 15:05:11,640 INFO o.a.j.t.JMeterThread: Thread started: Grupo De Hilos 1-65
2020-03-18 15:05:11,806 INFO o.a.j.t.JMeterThread: Thread started: Grupo De Hilos 1-66
2020-03-18 15:05:11,972 INFO o.a.j.t.JMeterThread: Thread started: Grupo De Hilos 1-67
2020-03-18 15:05:12,139 INFO o.a.j.t.JMeterThread: Thread started: Grupo De Hilos 1-68
2020-03-18 15:05:12,310 INFO o.a.j.t.JMeterThread: Thread started: Grupo De Hilos 1-69
2020-03-18 15:05:12,472 INFO o.a.j.t.JMeterThread: Thread started: Grupo De Hilos 1-70
2020-03-18 15:05:12,640 INFO o.a.j.t.JMeterThread: Thread started: Grupo De Hilos 1-71
2020-03-18 15:05:12,806 INFO o.a.j.t.JMeterThread: Thread started: Grupo De Hilos 1-72
2020-03-18 15:05:12,973 INFO o.a.j.t.JMeterThread: Thread started: Grupo De Hilos 1-73
2020-03-18 15:05:13,139 INFO o.a.j.t.JMeterThread: Thread started: Grupo De Hilos 1-74
2020-03-18 15:05:13,308 INFO o.a.j.t.JMeterThread: Thread started: Grupo De Hilos 1-75
2020-03-18 15:05:13,476 INFO o.a.j.t.JMeterThread: Thread started: Grupo De Hilos 1-76
2020-03-18 15:05:13,641 INFO o.a.j.t.JMeterThread: Thread started: Grupo De Hilos 1-77
2020-03-18 15:05:13,808 INFO o.a.j.t.JMeterThread: Thread started: Grupo De Hilos 1-78
2020-03-18 15:05:13,977 INFO o.a.j.t.JMeterThread: Thread started: Grupo De Hilos 1-79
2020-03-18 15:05:14,141 INFO o.a.j.t.JMeterThread: Thread started: Grupo De Hilos 1-80
2020-03-18 15:05:14,308 INFO o.a.j.t.JMeterThread: Thread started: Grupo De Hilos 1-81
2020-03-18 15:05:14,476 INFO o.a.j.t.JMeterThread: Thread started: Grupo De Hilos 1-82
2020-03-18 15:05:14,642 INFO o.a.j.t.JMeterThread: Thread started: Grupo De Hilos 1-83
2020-03-18 15:05:14,810 INFO o.a.j.t.JMeterThread: Thread started: Grupo De Hilos 1-84
2020-03-18 15:05:14,976 INFO o.a.j.t.JMeterThread: Thread started: Grupo De Hilos 1-85
2020-03-18 15:05:15,143 INFO o.a.j.t.JMeterThread: Thread started: Grupo De Hilos 1-86
2020-03-18 15:05:15,313 INFO o.a.j.t.JMeterThread: Thread started: Grupo De Hilos 1-87
2020-03-18 15:05:15,479 INFO o.a.j.t.JMeterThread: Thread started: Grupo De Hilos 1-88
2020-03-18 15:05:15,645 INFO o.a.j.t.JMeterThread: Thread started: Grupo De Hilos 1-89
2020-03-18 15:05:15,812 INFO o.a.j.t.JMeterThread: Thread started: Grupo De Hilos 1-90
2020-03-18 15:05:15,979 INFO o.a.j.t.JMeterThread: Thread started: Grupo De Hilos 1-91
2020-03-18 15:05:16,145 INFO o.a.j.t.JMeterThread: Thread started: Grupo De Hilos 1-92
2020-03-18 15:05:16,320 INFO o.a.j.t.JMeterThread: Thread started: Grupo De Hilos 1-93
2020-03-18 15:05:16,481 INFO o.a.j.t.JMeterThread: Thread started: Grupo De Hilos 1-94
2020-03-18 15:05:16,647 INFO o.a.j.t.JMeterThread: Thread started: Grupo De Hilos 1-95
2020-03-18 15:05:16,817 INFO o.a.j.t.JMeterThread: Thread started: Grupo De Hilos 1-96
2020-03-18 15:05:16,983 INFO o.a.j.t.JMeterThread: Thread started: Grupo De Hilos 1-97
2020-03-18 15:05:17,148 INFO o.a.j.t.JMeterThread: Thread started: Grupo De Hilos 1-98
2020-03-18 15:05:17,316 INFO o.a.j.t.JMeterThread: Thread started: Grupo De Hilos 1-99
2020-03-18 15:05:17,484 INFO o.a.j.t.JMeterThread: Thread started: Grupo De Hilos 1-100
2020-03-18 15:05:17,649 INFO o.a.j.t.JMeterThread: Thread started: Grupo De Hilos 1-101
2020-03-18 15:05:17,816 INFO o.a.j.t.JMeterThread: Thread started: Grupo De Hilos 1-102
2020-03-18 15:05:17,984 INFO o.a.j.t.JMeterThread: Thread started: Grupo De Hilos 1-103
2020-03-18 15:05:18,152 INFO o.a.j.t.JMeterThread: Thread started: Grupo De Hilos 1-104
2020-03-18 15:05:18,319 INFO o.a.j.t.JMeterThread: Thread started: Grupo De Hilos 1-105
2020-03-18 15:05:18,493 INFO o.a.j.t.JMeterThread: Thread started: Grupo De Hilos 1-106
2020-03-18 15:05:18,653 INFO o.a.j.t.JMeterThread: Thread started: Grupo De Hilos 1-107
2020-03-18 15:05:18,819 INFO o.a.j.t.JMeterThread: Thread started: Grupo De Hilos 1-108
2020-03-18 15:05:18,984 INFO o.a.j.t.JMeterThread: Thread started: Grupo De Hilos 1-109
2020-03-18 15:05:19,150 INFO o.a.j.t.JMeterThread: Thread started: Grupo De Hilos 1-110
2020-03-18 15:05:19,319 INFO o.a.j.t.JMeterThread: Thread started: Grupo De Hilos 1-111
2020-03-18 15:05:19,487 INFO o.a.j.t.JMeterThread: Thread started: Grupo De Hilos 1-112
2020-03-18 15:05:19,656 INFO o.a.j.t.JMeterThread: Thread started: Grupo De Hilos 1-113
2020-03-18 15:05:19,820 INFO o.a.j.t.JMeterThread: Thread started: Grupo De Hilos 1-114
2020-03-18 15:05:19,988 INFO o.a.j.t.JMeterThread: Thread started: Grupo De Hilos 1-115
2020-03-18 15:05:20,153 INFO o.a.j.t.JMeterThread: Thread started: Grupo De Hilos 1-116
2020-03-18 15:05:20,329 INFO o.a.j.t.JMeterThread: Thread started: Grupo De Hilos 1-117
2020-03-18 15:05:20,497 INFO o.a.j.t.JMeterThread: Thread started: Grupo De Hilos 1-118
2020-03-18 15:05:20,653 INFO o.a.j.t.JMeterThread: Thread started: Grupo De Hilos 1-119
2020-03-18 15:05:20,827 INFO o.a.j.t.JMeterThread: Thread started: Grupo De Hilos 1-120
2020-03-18 15:05:20,989 INFO o.a.j.t.JMeterThread: Thread started: Grupo De Hilos 1-121
2020-03-18 15:05:21,155 INFO o.a.j.t.JMeterThread: Thread started: Grupo De Hilos 1-122
2020-03-18 15:05:21,321 INFO o.a.j.t.JMeterThread: Thread started: Grupo De Hilos 1-123
2020-03-18 15:05:21,490 INFO o.a.j.t.JMeterThread: Thread started: Grupo De Hilos 1-124
2020-03-18 15:05:21,657 INFO o.a.j.t.JMeterThread: Thread started: Grupo De Hilos 1-125
2020-03-18 15:05:21,823 INFO o.a.j.t.JMeterThread: Thread started: Grupo De Hilos 1-126
2020-03-18 15:05:21,990 INFO o.a.j.t.JMeterThread: Thread started: Grupo De Hilos 1-127
2020-03-18 15:05:22,157 INFO o.a.j.t.JMeterThread: Thread started: Grupo De Hilos 1-128
2020-03-18 15:05:22,324 INFO o.a.j.t.JMeterThread: Thread started: Grupo De Hilos 1-129
2020-03-18 15:05:22,493 INFO o.a.j.t.JMeterThread: Thread started: Grupo De Hilos 1-130
2020-03-18 15:05:22,659 INFO o.a.j.t.JMeterThread: Thread started: Grupo De Hilos 1-131
2020-03-18 15:05:22,825 INFO o.a.j.t.JMeterThread: Thread started: Grupo De Hilos 1-132
2020-03-18 15:05:22,991 INFO o.a.j.t.JMeterThread: Thread started: Grupo De Hilos 1-133
2020-03-18 15:05:23,160 INFO o.a.j.t.JMeterThread: Thread started: Grupo De Hilos 1-134
2020-03-18 15:05:23,326 INFO o.a.j.t.JMeterThread: Thread started: Grupo De Hilos 1-135
2020-03-18 15:05:23,493 INFO o.a.j.t.JMeterThread: Thread started: Grupo De Hilos 1-136
2020-03-18 15:05:23,661 INFO o.a.j.t.JMeterThread: Thread started: Grupo De Hilos 1-137
2020-03-18 15:05:23,828 INFO o.a.j.t.JMeterThread: Thread started: Grupo De Hilos 1-138
2020-03-18 15:05:23,993 INFO o.a.j.t.JMeterThread: Thread started: Grupo De Hilos 1-139
2020-03-18 15:05:24,162 INFO o.a.j.t.JMeterThread: Thread started: Grupo De Hilos 1-140
2020-03-18 15:05:24,329 INFO o.a.j.t.JMeterThread: Thread started: Grupo De Hilos 1-141
2020-03-18 15:05:24,496 INFO o.a.j.t.JMeterThread: Thread started: Grupo De Hilos 1-142
2020-03-18 15:05:24,661 INFO o.a.j.t.JMeterThread: Thread started: Grupo De Hilos 1-143
2020-03-18 15:05:24,830 INFO o.a.j.t.JMeterThread: Thread started: Grupo De Hilos 1-144
2020-03-18 15:05:24,995 INFO o.a.j.t.JMeterThread: Thread started: Grupo De Hilos 1-145
2020-03-18 15:05:25,165 INFO o.a.j.t.JMeterThread: Thread started: Grupo De Hilos 1-146
2020-03-18 15:05:25,330 INFO o.a.j.t.JMeterThread: Thread started: Grupo De Hilos 1-147
2020-03-18 15:05:25,497 INFO o.a.j.t.JMeterThread: Thread started: Grupo De Hilos 1-148
2020-03-18 15:05:25,664 INFO o.a.j.t.JMeterThread: Thread started: Grupo De Hilos 1-149
2020-03-18 15:05:25,831 INFO o.a.j.t.JMeterThread: Thread started: Grupo De Hilos 1-150
2020-03-18 15:05:30,012 INFO o.a.j.r.Summariser: summary +  56967 in 00:00:29 = 1989.7/s Avg:    43 Min:    17 Max:   346 Err:     0 (0.00%) Active: 150 Started: 150 Finished: 0
2020-03-18 15:05:30,013 INFO o.a.j.r.Summariser: summary =  56968 in 00:00:29 = 1954.6/s Avg:    43 Min:    17 Max:   346 Err:     0 (0.00%)
2020-03-18 15:06:00,002 INFO o.a.j.r.Summariser: summary +  58922 in 00:00:30 = 1964.7/s Avg:    76 Min:    32 Max:   266 Err:     0 (0.00%) Active: 150 Started: 150 Finished: 0
2020-03-18 15:06:00,003 INFO o.a.j.r.Summariser: summary = 115890 in 00:00:59 = 1959.7/s Avg:    60 Min:    17 Max:   346 Err:     0 (0.00%)
2020-03-18 15:06:30,019 INFO o.a.j.r.Summariser: summary +  58724 in 00:00:30 = 1956.3/s Avg:    76 Min:    30 Max:   263 Err:     0 (0.00%) Active: 150 Started: 150 Finished: 0
2020-03-18 15:06:30,022 INFO o.a.j.r.Summariser: summary = 174614 in 00:01:29 = 1958.6/s Avg:    65 Min:    17 Max:   346 Err:     0 (0.00%)
2020-03-18 15:07:00,015 INFO o.a.j.r.Summariser: summary +  57879 in 00:00:30 = 1929.6/s Avg:    77 Min:    29 Max:  1224 Err:     0 (0.00%) Active: 150 Started: 150 Finished: 0
2020-03-18 15:07:00,019 INFO o.a.j.r.Summariser: summary = 232493 in 00:01:59 = 1951.3/s Avg:    68 Min:    17 Max:  1224 Err:     0 (0.00%)
2020-03-18 15:07:30,010 INFO o.a.j.r.Summariser: summary +  57186 in 00:00:30 = 1906.6/s Avg:    78 Min:    28 Max:  1124 Err:     0 (0.00%) Active: 150 Started: 150 Finished: 0
2020-03-18 15:07:30,013 INFO o.a.j.r.Summariser: summary = 289679 in 00:02:29 = 1942.3/s Avg:    70 Min:    17 Max:  1224 Err:     0 (0.00%)
2020-03-18 15:08:00,002 INFO o.a.j.r.Summariser: summary +  59008 in 00:00:30 = 1967.5/s Avg:    76 Min:    29 Max:   258 Err:     0 (0.00%) Active: 150 Started: 150 Finished: 0
2020-03-18 15:08:00,003 INFO o.a.j.r.Summariser: summary = 348687 in 00:02:59 = 1946.5/s Avg:    71 Min:    17 Max:  1224 Err:     0 (0.00%)
2020-03-18 15:08:30,002 INFO o.a.j.r.Summariser: summary +  61146 in 00:00:30 = 2038.2/s Avg:    73 Min:    28 Max:   241 Err:     0 (0.00%) Active: 150 Started: 150 Finished: 0
2020-03-18 15:08:30,003 INFO o.a.j.r.Summariser: summary = 409833 in 00:03:29 = 1959.6/s Avg:    71 Min:    17 Max:  1224 Err:     0 (0.00%)
2020-03-18 15:09:00,003 INFO o.a.j.r.Summariser: summary +  57906 in 00:00:30 = 1930.2/s Avg:    77 Min:    21 Max:  1182 Err:     0 (0.00%) Active: 150 Started: 150 Finished: 0
2020-03-18 15:09:00,004 INFO o.a.j.r.Summariser: summary = 467739 in 00:03:59 = 1955.9/s Avg:    72 Min:    17 Max:  1224 Err:     0 (0.00%)
2020-03-18 15:09:00,954 INFO o.a.j.t.JMeterThread: Stopping because end time detected by thread: Grupo De Hilos 1-1
2020-03-18 15:09:00,954 INFO o.a.j.t.JMeterThread: Thread finished: Grupo De Hilos 1-1
2020-03-18 15:09:00,994 INFO o.a.j.t.JMeterThread: Stopping because end time detected by thread: Grupo De Hilos 1-13
2020-03-18 15:09:00,995 INFO o.a.j.t.JMeterThread: Thread finished: Grupo De Hilos 1-13
2020-03-18 15:09:00,995 INFO o.a.j.t.JMeterThread: Stopping because end time detected by thread: Grupo De Hilos 1-6
2020-03-18 15:09:00,995 INFO o.a.j.t.JMeterThread: Thread finished: Grupo De Hilos 1-6
2020-03-18 15:09:00,996 INFO o.a.j.t.JMeterThread: Stopping because end time detected by thread: Grupo De Hilos 1-2
2020-03-18 15:09:00,996 INFO o.a.j.t.JMeterThread: Thread finished: Grupo De Hilos 1-2
2020-03-18 15:09:00,999 INFO o.a.j.t.JMeterThread: Stopping because end time detected by thread: Grupo De Hilos 1-12
2020-03-18 15:09:01,000 INFO o.a.j.t.JMeterThread: Stopping because end time detected by thread: Grupo De Hilos 1-4
2020-03-18 15:09:01,000 INFO o.a.j.t.JMeterThread: Stopping because end time detected by thread: Grupo De Hilos 1-5
2020-03-18 15:09:01,000 INFO o.a.j.t.JMeterThread: Thread finished: Grupo De Hilos 1-12
2020-03-18 15:09:01,000 INFO o.a.j.t.JMeterThread: Thread finished: Grupo De Hilos 1-4
2020-03-18 15:09:01,000 INFO o.a.j.t.JMeterThread: Thread finished: Grupo De Hilos 1-5
2020-03-18 15:09:01,002 INFO o.a.j.t.JMeterThread: Stopping because end time detected by thread: Grupo De Hilos 1-17
2020-03-18 15:09:01,002 INFO o.a.j.t.JMeterThread: Thread finished: Grupo De Hilos 1-17
2020-03-18 15:09:01,002 INFO o.a.j.t.JMeterThread: Stopping because end time detected by thread: Grupo De Hilos 1-3
2020-03-18 15:09:01,003 INFO o.a.j.t.JMeterThread: Thread finished: Grupo De Hilos 1-3
2020-03-18 15:09:01,004 INFO o.a.j.t.JMeterThread: Stopping because end time detected by thread: Grupo De Hilos 1-11
2020-03-18 15:09:01,004 INFO o.a.j.t.JMeterThread: Thread finished: Grupo De Hilos 1-11
2020-03-18 15:09:01,004 INFO o.a.j.t.JMeterThread: Stopping because end time detected by thread: Grupo De Hilos 1-15
2020-03-18 15:09:01,004 INFO o.a.j.t.JMeterThread: Thread finished: Grupo De Hilos 1-15
2020-03-18 15:09:01,006 INFO o.a.j.t.JMeterThread: Stopping because end time detected by thread: Grupo De Hilos 1-10
2020-03-18 15:09:01,006 INFO o.a.j.t.JMeterThread: Thread finished: Grupo De Hilos 1-10
2020-03-18 15:09:01,029 INFO o.a.j.t.JMeterThread: Stopping because end time detected by thread: Grupo De Hilos 1-30
2020-03-18 15:09:01,029 INFO o.a.j.t.JMeterThread: Stopping because end time detected by thread: Grupo De Hilos 1-25
2020-03-18 15:09:01,029 INFO o.a.j.t.JMeterThread: Thread finished: Grupo De Hilos 1-30
2020-03-18 15:09:01,029 INFO o.a.j.t.JMeterThread: Thread finished: Grupo De Hilos 1-25
2020-03-18 15:09:01,030 INFO o.a.j.t.JMeterThread: Stopping because end time detected by thread: Grupo De Hilos 1-7
2020-03-18 15:09:01,030 INFO o.a.j.t.JMeterThread: Thread finished: Grupo De Hilos 1-7
2020-03-18 15:09:01,033 INFO o.a.j.t.JMeterThread: Stopping because end time detected by thread: Grupo De Hilos 1-27
2020-03-18 15:09:01,033 INFO o.a.j.t.JMeterThread: Thread finished: Grupo De Hilos 1-27
2020-03-18 15:09:01,033 INFO o.a.j.t.JMeterThread: Stopping because end time detected by thread: Grupo De Hilos 1-36
2020-03-18 15:09:01,034 INFO o.a.j.t.JMeterThread: Thread finished: Grupo De Hilos 1-36
2020-03-18 15:09:01,034 INFO o.a.j.t.JMeterThread: Stopping because end time detected by thread: Grupo De Hilos 1-14
2020-03-18 15:09:01,034 INFO o.a.j.t.JMeterThread: Thread finished: Grupo De Hilos 1-14
2020-03-18 15:09:01,035 INFO o.a.j.t.JMeterThread: Stopping because end time detected by thread: Grupo De Hilos 1-18
2020-03-18 15:09:01,035 INFO o.a.j.t.JMeterThread: Stopping because end time detected by thread: Grupo De Hilos 1-20
2020-03-18 15:09:01,035 INFO o.a.j.t.JMeterThread: Stopping because end time detected by thread: Grupo De Hilos 1-19
2020-03-18 15:09:01,035 INFO o.a.j.t.JMeterThread: Thread finished: Grupo De Hilos 1-19
2020-03-18 15:09:01,035 INFO o.a.j.t.JMeterThread: Thread finished: Grupo De Hilos 1-18
2020-03-18 15:09:01,035 INFO o.a.j.t.JMeterThread: Thread finished: Grupo De Hilos 1-20
2020-03-18 15:09:01,036 INFO o.a.j.t.JMeterThread: Stopping because end time detected by thread: Grupo De Hilos 1-8
2020-03-18 15:09:01,036 INFO o.a.j.t.JMeterThread: Thread finished: Grupo De Hilos 1-8
2020-03-18 15:09:01,035 INFO o.a.j.t.JMeterThread: Stopping because end time detected by thread: Grupo De Hilos 1-33
2020-03-18 15:09:01,037 INFO o.a.j.t.JMeterThread: Thread finished: Grupo De Hilos 1-33
2020-03-18 15:09:01,062 INFO o.a.j.t.JMeterThread: Stopping because end time detected by thread: Grupo De Hilos 1-48
2020-03-18 15:09:01,062 INFO o.a.j.t.JMeterThread: Stopping because end time detected by thread: Grupo De Hilos 1-16
2020-03-18 15:09:01,062 INFO o.a.j.t.JMeterThread: Thread finished: Grupo De Hilos 1-16
2020-03-18 15:09:01,062 INFO o.a.j.t.JMeterThread: Thread finished: Grupo De Hilos 1-48
2020-03-18 15:09:01,063 INFO o.a.j.t.JMeterThread: Stopping because end time detected by thread: Grupo De Hilos 1-51
2020-03-18 15:09:01,063 INFO o.a.j.t.JMeterThread: Thread finished: Grupo De Hilos 1-51
2020-03-18 15:09:01,065 INFO o.a.j.t.JMeterThread: Stopping because end time detected by thread: Grupo De Hilos 1-23
2020-03-18 15:09:01,066 INFO o.a.j.t.JMeterThread: Thread finished: Grupo De Hilos 1-23
2020-03-18 15:09:01,066 INFO o.a.j.t.JMeterThread: Stopping because end time detected by thread: Grupo De Hilos 1-44
2020-03-18 15:09:01,066 INFO o.a.j.t.JMeterThread: Thread finished: Grupo De Hilos 1-44
2020-03-18 15:09:01,066 INFO o.a.j.t.JMeterThread: Stopping because end time detected by thread: Grupo De Hilos 1-21
2020-03-18 15:09:01,067 INFO o.a.j.t.JMeterThread: Stopping because end time detected by thread: Grupo De Hilos 1-46
2020-03-18 15:09:01,067 INFO o.a.j.t.JMeterThread: Thread finished: Grupo De Hilos 1-21
2020-03-18 15:09:01,067 INFO o.a.j.t.JMeterThread: Thread finished: Grupo De Hilos 1-46
2020-03-18 15:09:01,067 INFO o.a.j.t.JMeterThread: Stopping because end time detected by thread: Grupo De Hilos 1-32
2020-03-18 15:09:01,067 INFO o.a.j.t.JMeterThread: Stopping because end time detected by thread: Grupo De Hilos 1-53
2020-03-18 15:09:01,067 INFO o.a.j.t.JMeterThread: Thread finished: Grupo De Hilos 1-32
2020-03-18 15:09:01,067 INFO o.a.j.t.JMeterThread: Thread finished: Grupo De Hilos 1-53
2020-03-18 15:09:01,068 INFO o.a.j.t.JMeterThread: Stopping because end time detected by thread: Grupo De Hilos 1-47
2020-03-18 15:09:01,068 INFO o.a.j.t.JMeterThread: Thread finished: Grupo De Hilos 1-47
2020-03-18 15:09:01,069 INFO o.a.j.t.JMeterThread: Stopping because end time detected by thread: Grupo De Hilos 1-34
2020-03-18 15:09:01,069 INFO o.a.j.t.JMeterThread: Thread finished: Grupo De Hilos 1-34
2020-03-18 15:09:01,069 INFO o.a.j.t.JMeterThread: Stopping because end time detected by thread: Grupo De Hilos 1-24
2020-03-18 15:09:01,069 INFO o.a.j.t.JMeterThread: Stopping because end time detected by thread: Grupo De Hilos 1-45
2020-03-18 15:09:01,070 INFO o.a.j.t.JMeterThread: Thread finished: Grupo De Hilos 1-24
2020-03-18 15:09:01,070 INFO o.a.j.t.JMeterThread: Thread finished: Grupo De Hilos 1-45
2020-03-18 15:09:01,070 INFO o.a.j.t.JMeterThread: Stopping because end time detected by thread: Grupo De Hilos 1-40
2020-03-18 15:09:01,070 INFO o.a.j.t.JMeterThread: Stopping because end time detected by thread: Grupo De Hilos 1-26
2020-03-18 15:09:01,071 INFO o.a.j.t.JMeterThread: Thread finished: Grupo De Hilos 1-40
2020-03-18 15:09:01,071 INFO o.a.j.t.JMeterThread: Stopping because end time detected by thread: Grupo De Hilos 1-22
2020-03-18 15:09:01,071 INFO o.a.j.t.JMeterThread: Thread finished: Grupo De Hilos 1-22
2020-03-18 15:09:01,072 INFO o.a.j.t.JMeterThread: Thread finished: Grupo De Hilos 1-26
2020-03-18 15:09:01,072 INFO o.a.j.t.JMeterThread: Stopping because end time detected by thread: Grupo De Hilos 1-52
2020-03-18 15:09:01,072 INFO o.a.j.t.JMeterThread: Thread finished: Grupo De Hilos 1-52
2020-03-18 15:09:01,093 INFO o.a.j.t.JMeterThread: Stopping because end time detected by thread: Grupo De Hilos 1-29
2020-03-18 15:09:01,093 INFO o.a.j.t.JMeterThread: Stopping because end time detected by thread: Grupo De Hilos 1-28
2020-03-18 15:09:01,093 INFO o.a.j.t.JMeterThread: Thread finished: Grupo De Hilos 1-29
2020-03-18 15:09:01,093 INFO o.a.j.t.JMeterThread: Stopping because end time detected by thread: Grupo De Hilos 1-39
2020-03-18 15:09:01,094 INFO o.a.j.t.JMeterThread: Thread finished: Grupo De Hilos 1-39
2020-03-18 15:09:01,094 INFO o.a.j.t.JMeterThread: Stopping because end time detected by thread: Grupo De Hilos 1-57
2020-03-18 15:09:01,094 INFO o.a.j.t.JMeterThread: Stopping because end time detected by thread: Grupo De Hilos 1-9
2020-03-18 15:09:01,095 INFO o.a.j.t.JMeterThread: Thread finished: Grupo De Hilos 1-57
2020-03-18 15:09:01,095 INFO o.a.j.t.JMeterThread: Stopping because end time detected by thread: Grupo De Hilos 1-31
2020-03-18 15:09:01,095 INFO o.a.j.t.JMeterThread: Stopping because end time detected by thread: Grupo De Hilos 1-35
2020-03-18 15:09:01,095 INFO o.a.j.t.JMeterThread: Thread finished: Grupo De Hilos 1-31
2020-03-18 15:09:01,095 INFO o.a.j.t.JMeterThread: Stopping because end time detected by thread: Grupo De Hilos 1-56
2020-03-18 15:09:01,096 INFO o.a.j.t.JMeterThread: Thread finished: Grupo De Hilos 1-35
2020-03-18 15:09:01,096 INFO o.a.j.t.JMeterThread: Thread finished: Grupo De Hilos 1-56
2020-03-18 15:09:01,096 INFO o.a.j.t.JMeterThread: Stopping because end time detected by thread: Grupo De Hilos 1-42
2020-03-18 15:09:01,096 INFO o.a.j.t.JMeterThread: Stopping because end time detected by thread: Grupo De Hilos 1-50
2020-03-18 15:09:01,096 INFO o.a.j.t.JMeterThread: Thread finished: Grupo De Hilos 1-28
2020-03-18 15:09:01,097 INFO o.a.j.t.JMeterThread: Thread finished: Grupo De Hilos 1-50
2020-03-18 15:09:01,096 INFO o.a.j.t.JMeterThread: Thread finished: Grupo De Hilos 1-42
2020-03-18 15:09:01,097 INFO o.a.j.t.JMeterThread: Thread finished: Grupo De Hilos 1-9
2020-03-18 15:09:01,096 INFO o.a.j.t.JMeterThread: Stopping because end time detected by thread: Grupo De Hilos 1-59
2020-03-18 15:09:01,097 INFO o.a.j.t.JMeterThread: Thread finished: Grupo De Hilos 1-59
2020-03-18 15:09:01,098 INFO o.a.j.t.JMeterThread: Stopping because end time detected by thread: Grupo De Hilos 1-67
2020-03-18 15:09:01,098 INFO o.a.j.t.JMeterThread: Stopping because end time detected by thread: Grupo De Hilos 1-38
2020-03-18 15:09:01,098 INFO o.a.j.t.JMeterThread: Thread finished: Grupo De Hilos 1-67
2020-03-18 15:09:01,098 INFO o.a.j.t.JMeterThread: Thread finished: Grupo De Hilos 1-38
2020-03-18 15:09:01,098 INFO o.a.j.t.JMeterThread: Stopping because end time detected by thread: Grupo De Hilos 1-61
2020-03-18 15:09:01,098 INFO o.a.j.t.JMeterThread: Thread finished: Grupo De Hilos 1-61
2020-03-18 15:09:01,098 INFO o.a.j.t.JMeterThread: Stopping because end time detected by thread: Grupo De Hilos 1-64
2020-03-18 15:09:01,099 INFO o.a.j.t.JMeterThread: Thread finished: Grupo De Hilos 1-64
2020-03-18 15:09:01,099 INFO o.a.j.t.JMeterThread: Stopping because end time detected by thread: Grupo De Hilos 1-60
2020-03-18 15:09:01,099 INFO o.a.j.t.JMeterThread: Thread finished: Grupo De Hilos 1-60
2020-03-18 15:09:01,100 INFO o.a.j.t.JMeterThread: Stopping because end time detected by thread: Grupo De Hilos 1-68
2020-03-18 15:09:01,100 INFO o.a.j.t.JMeterThread: Thread finished: Grupo De Hilos 1-68
2020-03-18 15:09:01,100 INFO o.a.j.t.JMeterThread: Stopping because end time detected by thread: Grupo De Hilos 1-72
2020-03-18 15:09:01,100 INFO o.a.j.t.JMeterThread: Thread finished: Grupo De Hilos 1-72
2020-03-18 15:09:01,116 INFO o.a.j.t.JMeterThread: Stopping because end time detected by thread: Grupo De Hilos 1-65
2020-03-18 15:09:01,116 INFO o.a.j.t.JMeterThread: Thread finished: Grupo De Hilos 1-65
2020-03-18 15:09:01,116 INFO o.a.j.t.JMeterThread: Stopping because end time detected by thread: Grupo De Hilos 1-43
2020-03-18 15:09:01,116 INFO o.a.j.t.JMeterThread: Thread finished: Grupo De Hilos 1-43
2020-03-18 15:09:01,116 INFO o.a.j.t.JMeterThread: Stopping because end time detected by thread: Grupo De Hilos 1-78
2020-03-18 15:09:01,117 INFO o.a.j.t.JMeterThread: Thread finished: Grupo De Hilos 1-78
2020-03-18 15:09:01,117 INFO o.a.j.t.JMeterThread: Stopping because end time detected by thread: Grupo De Hilos 1-63
2020-03-18 15:09:01,117 INFO o.a.j.t.JMeterThread: Stopping because end time detected by thread: Grupo De Hilos 1-49
2020-03-18 15:09:01,117 INFO o.a.j.t.JMeterThread: Thread finished: Grupo De Hilos 1-49
2020-03-18 15:09:01,118 INFO o.a.j.t.JMeterThread: Stopping because end time detected by thread: Grupo De Hilos 1-81
2020-03-18 15:09:01,118 INFO o.a.j.t.JMeterThread: Stopping because end time detected by thread: Grupo De Hilos 1-71
2020-03-18 15:09:01,118 INFO o.a.j.t.JMeterThread: Thread finished: Grupo De Hilos 1-81
2020-03-18 15:09:01,118 INFO o.a.j.t.JMeterThread: Stopping because end time detected by thread: Grupo De Hilos 1-37
2020-03-18 15:09:01,118 INFO o.a.j.t.JMeterThread: Thread finished: Grupo De Hilos 1-37
2020-03-18 15:09:01,119 INFO o.a.j.t.JMeterThread: Stopping because end time detected by thread: Grupo De Hilos 1-41
2020-03-18 15:09:01,119 INFO o.a.j.t.JMeterThread: Thread finished: Grupo De Hilos 1-41
2020-03-18 15:09:01,120 INFO o.a.j.t.JMeterThread: Stopping because end time detected by thread: Grupo De Hilos 1-89
2020-03-18 15:09:01,120 INFO o.a.j.t.JMeterThread: Thread finished: Grupo De Hilos 1-89
2020-03-18 15:09:01,120 INFO o.a.j.t.JMeterThread: Thread finished: Grupo De Hilos 1-63
2020-03-18 15:09:01,118 INFO o.a.j.t.JMeterThread: Thread finished: Grupo De Hilos 1-71
2020-03-18 15:09:01,121 INFO o.a.j.t.JMeterThread: Stopping because end time detected by thread: Grupo De Hilos 1-82
2020-03-18 15:09:01,121 INFO o.a.j.t.JMeterThread: Thread finished: Grupo De Hilos 1-82
2020-03-18 15:09:01,121 INFO o.a.j.t.JMeterThread: Stopping because end time detected by thread: Grupo De Hilos 1-58
2020-03-18 15:09:01,121 INFO o.a.j.t.JMeterThread: Stopping because end time detected by thread: Grupo De Hilos 1-76
2020-03-18 15:09:01,122 INFO o.a.j.t.JMeterThread: Thread finished: Grupo De Hilos 1-58
2020-03-18 15:09:01,122 INFO o.a.j.t.JMeterThread: Thread finished: Grupo De Hilos 1-76
2020-03-18 15:09:01,122 INFO o.a.j.t.JMeterThread: Stopping because end time detected by thread: Grupo De Hilos 1-79
2020-03-18 15:09:01,122 INFO o.a.j.t.JMeterThread: Thread finished: Grupo De Hilos 1-79
2020-03-18 15:09:01,122 INFO o.a.j.t.JMeterThread: Stopping because end time detected by thread: Grupo De Hilos 1-54
2020-03-18 15:09:01,123 INFO o.a.j.t.JMeterThread: Thread finished: Grupo De Hilos 1-54
2020-03-18 15:09:01,123 INFO o.a.j.t.JMeterThread: Stopping because end time detected by thread: Grupo De Hilos 1-75
2020-03-18 15:09:01,123 INFO o.a.j.t.JMeterThread: Stopping because end time detected by thread: Grupo De Hilos 1-55
2020-03-18 15:09:01,123 INFO o.a.j.t.JMeterThread: Thread finished: Grupo De Hilos 1-55
2020-03-18 15:09:01,123 INFO o.a.j.t.JMeterThread: Stopping because end time detected by thread: Grupo De Hilos 1-91
2020-03-18 15:09:01,120 INFO o.a.j.t.JMeterThread: Stopping because end time detected by thread: Grupo De Hilos 1-88
2020-03-18 15:09:01,124 INFO o.a.j.t.JMeterThread: Thread finished: Grupo De Hilos 1-91
2020-03-18 15:09:01,124 INFO o.a.j.t.JMeterThread: Stopping because end time detected by thread: Grupo De Hilos 1-86
2020-03-18 15:09:01,124 INFO o.a.j.t.JMeterThread: Thread finished: Grupo De Hilos 1-88
2020-03-18 15:09:01,124 INFO o.a.j.t.JMeterThread: Stopping because end time detected by thread: Grupo De Hilos 1-62
2020-03-18 15:09:01,124 INFO o.a.j.t.JMeterThread: Thread finished: Grupo De Hilos 1-62
2020-03-18 15:09:01,124 INFO o.a.j.t.JMeterThread: Stopping because end time detected by thread: Grupo De Hilos 1-74
2020-03-18 15:09:01,124 INFO o.a.j.t.JMeterThread: Thread finished: Grupo De Hilos 1-74
2020-03-18 15:09:01,125 INFO o.a.j.t.JMeterThread: Stopping because end time detected by thread: Grupo De Hilos 1-77
2020-03-18 15:09:01,125 INFO o.a.j.t.JMeterThread: Thread finished: Grupo De Hilos 1-77
2020-03-18 15:09:01,123 INFO o.a.j.t.JMeterThread: Thread finished: Grupo De Hilos 1-75
2020-03-18 15:09:01,124 INFO o.a.j.t.JMeterThread: Stopping because end time detected by thread: Grupo De Hilos 1-84
2020-03-18 15:09:01,125 INFO o.a.j.t.JMeterThread: Thread finished: Grupo De Hilos 1-86
2020-03-18 15:09:01,125 INFO o.a.j.t.JMeterThread: Thread finished: Grupo De Hilos 1-84
2020-03-18 15:09:01,145 INFO o.a.j.t.JMeterThread: Stopping because end time detected by thread: Grupo De Hilos 1-103
2020-03-18 15:09:01,146 INFO o.a.j.t.JMeterThread: Stopping because end time detected by thread: Grupo De Hilos 1-99
2020-03-18 15:09:01,146 INFO o.a.j.t.JMeterThread: Thread finished: Grupo De Hilos 1-103
2020-03-18 15:09:01,146 INFO o.a.j.t.JMeterThread: Thread finished: Grupo De Hilos 1-99
2020-03-18 15:09:01,145 INFO o.a.j.t.JMeterThread: Stopping because end time detected by thread: Grupo De Hilos 1-70
2020-03-18 15:09:01,147 INFO o.a.j.t.JMeterThread: Stopping because end time detected by thread: Grupo De Hilos 1-90
2020-03-18 15:09:01,147 INFO o.a.j.t.JMeterThread: Thread finished: Grupo De Hilos 1-70
2020-03-18 15:09:01,147 INFO o.a.j.t.JMeterThread: Stopping because end time detected by thread: Grupo De Hilos 1-73
2020-03-18 15:09:01,147 INFO o.a.j.t.JMeterThread: Thread finished: Grupo De Hilos 1-73
2020-03-18 15:09:01,146 INFO o.a.j.t.JMeterThread: Stopping because end time detected by thread: Grupo De Hilos 1-69
2020-03-18 15:09:01,148 INFO o.a.j.t.JMeterThread: Thread finished: Grupo De Hilos 1-69
2020-03-18 15:09:01,145 INFO o.a.j.t.JMeterThread: Stopping because end time detected by thread: Grupo De Hilos 1-87
2020-03-18 15:09:01,148 INFO o.a.j.t.JMeterThread: Stopping because end time detected by thread: Grupo De Hilos 1-94
2020-03-18 15:09:01,148 INFO o.a.j.t.JMeterThread: Thread finished: Grupo De Hilos 1-87
2020-03-18 15:09:01,148 INFO o.a.j.t.JMeterThread: Stopping because end time detected by thread: Grupo De Hilos 1-104
2020-03-18 15:09:01,147 INFO o.a.j.t.JMeterThread: Thread finished: Grupo De Hilos 1-90
2020-03-18 15:09:01,148 INFO o.a.j.t.JMeterThread: Thread finished: Grupo De Hilos 1-104
2020-03-18 15:09:01,149 INFO o.a.j.t.JMeterThread: Thread finished: Grupo De Hilos 1-94
2020-03-18 15:09:01,169 INFO o.a.j.t.JMeterThread: Stopping because end time detected by thread: Grupo De Hilos 1-66
2020-03-18 15:09:01,169 INFO o.a.j.t.JMeterThread: Stopping because end time detected by thread: Grupo De Hilos 1-83
2020-03-18 15:09:01,170 INFO o.a.j.t.JMeterThread: Thread finished: Grupo De Hilos 1-66
2020-03-18 15:09:01,170 INFO o.a.j.t.JMeterThread: Stopping because end time detected by thread: Grupo De Hilos 1-80
2020-03-18 15:09:01,170 INFO o.a.j.t.JMeterThread: Thread finished: Grupo De Hilos 1-83
2020-03-18 15:09:01,170 INFO o.a.j.t.JMeterThread: Thread finished: Grupo De Hilos 1-80
2020-03-18 15:09:01,170 INFO o.a.j.t.JMeterThread: Stopping because end time detected by thread: Grupo De Hilos 1-92
2020-03-18 15:09:01,170 INFO o.a.j.t.JMeterThread: Stopping because end time detected by thread: Grupo De Hilos 1-102
2020-03-18 15:09:01,170 INFO o.a.j.t.JMeterThread: Thread finished: Grupo De Hilos 1-92
2020-03-18 15:09:01,171 INFO o.a.j.t.JMeterThread: Thread finished: Grupo De Hilos 1-102
2020-03-18 15:09:01,172 INFO o.a.j.t.JMeterThread: Stopping because end time detected by thread: Grupo De Hilos 1-115
2020-03-18 15:09:01,172 INFO o.a.j.t.JMeterThread: Thread finished: Grupo De Hilos 1-115
2020-03-18 15:09:01,180 INFO o.a.j.t.JMeterThread: Stopping because end time detected by thread: Grupo De Hilos 1-85
2020-03-18 15:09:01,180 INFO o.a.j.t.JMeterThread: Stopping because end time detected by thread: Grupo De Hilos 1-96
2020-03-18 15:09:01,181 INFO o.a.j.t.JMeterThread: Thread finished: Grupo De Hilos 1-85
2020-03-18 15:09:01,181 INFO o.a.j.t.JMeterThread: Thread finished: Grupo De Hilos 1-96
2020-03-18 15:09:01,181 INFO o.a.j.t.JMeterThread: Stopping because end time detected by thread: Grupo De Hilos 1-117
2020-03-18 15:09:01,181 INFO o.a.j.t.JMeterThread: Thread finished: Grupo De Hilos 1-117
2020-03-18 15:09:01,181 INFO o.a.j.t.JMeterThread: Stopping because end time detected by thread: Grupo De Hilos 1-105
2020-03-18 15:09:01,182 INFO o.a.j.t.JMeterThread: Stopping because end time detected by thread: Grupo De Hilos 1-112
2020-03-18 15:09:01,182 INFO o.a.j.t.JMeterThread: Thread finished: Grupo De Hilos 1-105
2020-03-18 15:09:01,182 INFO o.a.j.t.JMeterThread: Stopping because end time detected by thread: Grupo De Hilos 1-111
2020-03-18 15:09:01,182 INFO o.a.j.t.JMeterThread: Thread finished: Grupo De Hilos 1-112
2020-03-18 15:09:01,182 INFO o.a.j.t.JMeterThread: Thread finished: Grupo De Hilos 1-111
2020-03-18 15:09:01,182 INFO o.a.j.t.JMeterThread: Stopping because end time detected by thread: Grupo De Hilos 1-101
2020-03-18 15:09:01,182 INFO o.a.j.t.JMeterThread: Thread finished: Grupo De Hilos 1-101
2020-03-18 15:09:01,183 INFO o.a.j.t.JMeterThread: Stopping because end time detected by thread: Grupo De Hilos 1-109
2020-03-18 15:09:01,183 INFO o.a.j.t.JMeterThread: Stopping because end time detected by thread: Grupo De Hilos 1-98
2020-03-18 15:09:01,183 INFO o.a.j.t.JMeterThread: Thread finished: Grupo De Hilos 1-109
2020-03-18 15:09:01,183 INFO o.a.j.t.JMeterThread: Thread finished: Grupo De Hilos 1-98
2020-03-18 15:09:01,183 INFO o.a.j.t.JMeterThread: Stopping because end time detected by thread: Grupo De Hilos 1-107
2020-03-18 15:09:01,184 INFO o.a.j.t.JMeterThread: Thread finished: Grupo De Hilos 1-107
2020-03-18 15:09:01,184 INFO o.a.j.t.JMeterThread: Stopping because end time detected by thread: Grupo De Hilos 1-97
2020-03-18 15:09:01,184 INFO o.a.j.t.JMeterThread: Thread finished: Grupo De Hilos 1-97
2020-03-18 15:09:01,184 INFO o.a.j.t.JMeterThread: Stopping because end time detected by thread: Grupo De Hilos 1-100
2020-03-18 15:09:01,184 INFO o.a.j.t.JMeterThread: Thread finished: Grupo De Hilos 1-100
2020-03-18 15:09:01,184 INFO o.a.j.t.JMeterThread: Stopping because end time detected by thread: Grupo De Hilos 1-110
2020-03-18 15:09:01,184 INFO o.a.j.t.JMeterThread: Stopping because end time detected by thread: Grupo De Hilos 1-114
2020-03-18 15:09:01,184 INFO o.a.j.t.JMeterThread: Thread finished: Grupo De Hilos 1-114
2020-03-18 15:09:01,184 INFO o.a.j.t.JMeterThread: Stopping because end time detected by thread: Grupo De Hilos 1-113
2020-03-18 15:09:01,184 INFO o.a.j.t.JMeterThread: Thread finished: Grupo De Hilos 1-113
2020-03-18 15:09:01,184 INFO o.a.j.t.JMeterThread: Thread finished: Grupo De Hilos 1-110
2020-03-18 15:09:01,185 INFO o.a.j.t.JMeterThread: Stopping because end time detected by thread: Grupo De Hilos 1-108
2020-03-18 15:09:01,185 INFO o.a.j.t.JMeterThread: Stopping because end time detected by thread: Grupo De Hilos 1-93
2020-03-18 15:09:01,185 INFO o.a.j.t.JMeterThread: Thread finished: Grupo De Hilos 1-108
2020-03-18 15:09:01,185 INFO o.a.j.t.JMeterThread: Thread finished: Grupo De Hilos 1-93
2020-03-18 15:09:01,187 INFO o.a.j.t.JMeterThread: Stopping because end time detected by thread: Grupo De Hilos 1-118
2020-03-18 15:09:01,187 INFO o.a.j.t.JMeterThread: Stopping because end time detected by thread: Grupo De Hilos 1-120
2020-03-18 15:09:01,188 INFO o.a.j.t.JMeterThread: Thread finished: Grupo De Hilos 1-118
2020-03-18 15:09:01,188 INFO o.a.j.t.JMeterThread: Stopping because end time detected by thread: Grupo De Hilos 1-119
2020-03-18 15:09:01,188 INFO o.a.j.t.JMeterThread: Thread finished: Grupo De Hilos 1-120
2020-03-18 15:09:01,188 INFO o.a.j.t.JMeterThread: Thread finished: Grupo De Hilos 1-119
2020-03-18 15:09:01,188 INFO o.a.j.t.JMeterThread: Stopping because end time detected by thread: Grupo De Hilos 1-106
2020-03-18 15:09:01,189 INFO o.a.j.t.JMeterThread: Thread finished: Grupo De Hilos 1-106
2020-03-18 15:09:01,197 INFO o.a.j.t.JMeterThread: Stopping because end time detected by thread: Grupo De Hilos 1-122
2020-03-18 15:09:01,197 INFO o.a.j.t.JMeterThread: Stopping because end time detected by thread: Grupo De Hilos 1-116
2020-03-18 15:09:01,197 INFO o.a.j.t.JMeterThread: Stopping because end time detected by thread: Grupo De Hilos 1-128
2020-03-18 15:09:01,197 INFO o.a.j.t.JMeterThread: Stopping because end time detected by thread: Grupo De Hilos 1-125
2020-03-18 15:09:01,197 INFO o.a.j.t.JMeterThread: Thread finished: Grupo De Hilos 1-116
2020-03-18 15:09:01,197 INFO o.a.j.t.JMeterThread: Thread finished: Grupo De Hilos 1-125
2020-03-18 15:09:01,197 INFO o.a.j.t.JMeterThread: Stopping because end time detected by thread: Grupo De Hilos 1-131
2020-03-18 15:09:01,198 INFO o.a.j.t.JMeterThread: Thread finished: Grupo De Hilos 1-131
2020-03-18 15:09:01,197 INFO o.a.j.t.JMeterThread: Thread finished: Grupo De Hilos 1-122
2020-03-18 15:09:01,198 INFO o.a.j.t.JMeterThread: Thread finished: Grupo De Hilos 1-128
2020-03-18 15:09:01,219 INFO o.a.j.t.JMeterThread: Stopping because end time detected by thread: Grupo De Hilos 1-135
2020-03-18 15:09:01,219 INFO o.a.j.t.JMeterThread: Stopping because end time detected by thread: Grupo De Hilos 1-143
2020-03-18 15:09:01,220 INFO o.a.j.t.JMeterThread: Thread finished: Grupo De Hilos 1-135
2020-03-18 15:09:01,220 INFO o.a.j.t.JMeterThread: Stopping because end time detected by thread: Grupo De Hilos 1-148
2020-03-18 15:09:01,220 INFO o.a.j.t.JMeterThread: Thread finished: Grupo De Hilos 1-148
2020-03-18 15:09:01,220 INFO o.a.j.t.JMeterThread: Stopping because end time detected by thread: Grupo De Hilos 1-142
2020-03-18 15:09:01,220 INFO o.a.j.t.JMeterThread: Stopping because end time detected by thread: Grupo De Hilos 1-130
2020-03-18 15:09:01,221 INFO o.a.j.t.JMeterThread: Thread finished: Grupo De Hilos 1-130
2020-03-18 15:09:01,221 INFO o.a.j.t.JMeterThread: Stopping because end time detected by thread: Grupo De Hilos 1-126
2020-03-18 15:09:01,221 INFO o.a.j.t.JMeterThread: Thread finished: Grupo De Hilos 1-126
2020-03-18 15:09:01,221 INFO o.a.j.t.JMeterThread: Stopping because end time detected by thread: Grupo De Hilos 1-144
2020-03-18 15:09:01,221 INFO o.a.j.t.JMeterThread: Stopping because end time detected by thread: Grupo De Hilos 1-95
2020-03-18 15:09:01,221 INFO o.a.j.t.JMeterThread: Thread finished: Grupo De Hilos 1-142
2020-03-18 15:09:01,222 INFO o.a.j.t.JMeterThread: Stopping because end time detected by thread: Grupo De Hilos 1-127
2020-03-18 15:09:01,222 INFO o.a.j.t.JMeterThread: Stopping because end time detected by thread: Grupo De Hilos 1-121
2020-03-18 15:09:01,222 INFO o.a.j.t.JMeterThread: Stopping because end time detected by thread: Grupo De Hilos 1-124
2020-03-18 15:09:01,222 INFO o.a.j.t.JMeterThread: Thread finished: Grupo De Hilos 1-121
2020-03-18 15:09:01,222 INFO o.a.j.t.JMeterThread: Stopping because end time detected by thread: Grupo De Hilos 1-141
2020-03-18 15:09:01,222 INFO o.a.j.t.JMeterThread: Thread finished: Grupo De Hilos 1-141
2020-03-18 15:09:01,223 INFO o.a.j.t.JMeterThread: Thread finished: Grupo De Hilos 1-143
2020-03-18 15:09:01,222 INFO o.a.j.t.JMeterThread: Thread finished: Grupo De Hilos 1-124
2020-03-18 15:09:01,222 INFO o.a.j.t.JMeterThread: Thread finished: Grupo De Hilos 1-144
2020-03-18 15:09:01,222 INFO o.a.j.t.JMeterThread: Thread finished: Grupo De Hilos 1-95
2020-03-18 15:09:01,221 INFO o.a.j.t.JMeterThread: Stopping because end time detected by thread: Grupo De Hilos 1-132
2020-03-18 15:09:01,223 INFO o.a.j.t.JMeterThread: Thread finished: Grupo De Hilos 1-127
2020-03-18 15:09:01,223 INFO o.a.j.t.JMeterThread: Thread finished: Grupo De Hilos 1-132
2020-03-18 15:09:01,227 INFO o.a.j.t.JMeterThread: Stopping because end time detected by thread: Grupo De Hilos 1-123
2020-03-18 15:09:01,228 INFO o.a.j.t.JMeterThread: Thread finished: Grupo De Hilos 1-123
2020-03-18 15:09:01,228 INFO o.a.j.t.JMeterThread: Stopping because end time detected by thread: Grupo De Hilos 1-139
2020-03-18 15:09:01,228 INFO o.a.j.t.JMeterThread: Stopping because end time detected by thread: Grupo De Hilos 1-140
2020-03-18 15:09:01,228 INFO o.a.j.t.JMeterThread: Thread finished: Grupo De Hilos 1-139
2020-03-18 15:09:01,228 INFO o.a.j.t.JMeterThread: Stopping because end time detected by thread: Grupo De Hilos 1-136
2020-03-18 15:09:01,228 INFO o.a.j.t.JMeterThread: Thread finished: Grupo De Hilos 1-140
2020-03-18 15:09:01,228 INFO o.a.j.t.JMeterThread: Thread finished: Grupo De Hilos 1-136
2020-03-18 15:09:01,228 INFO o.a.j.t.JMeterThread: Stopping because end time detected by thread: Grupo De Hilos 1-137
2020-03-18 15:09:01,228 INFO o.a.j.t.JMeterThread: Thread finished: Grupo De Hilos 1-137
2020-03-18 15:09:01,228 INFO o.a.j.t.JMeterThread: Stopping because end time detected by thread: Grupo De Hilos 1-129
2020-03-18 15:09:01,229 INFO o.a.j.t.JMeterThread: Thread finished: Grupo De Hilos 1-129
2020-03-18 15:09:01,232 INFO o.a.j.t.JMeterThread: Stopping because end time detected by thread: Grupo De Hilos 1-150
2020-03-18 15:09:01,232 INFO o.a.j.t.JMeterThread: Stopping because end time detected by thread: Grupo De Hilos 1-138
2020-03-18 15:09:01,233 INFO o.a.j.t.JMeterThread: Thread finished: Grupo De Hilos 1-150
2020-03-18 15:09:01,233 INFO o.a.j.t.JMeterThread: Thread finished: Grupo De Hilos 1-138
2020-03-18 15:09:01,233 INFO o.a.j.t.JMeterThread: Stopping because end time detected by thread: Grupo De Hilos 1-149
2020-03-18 15:09:01,232 INFO o.a.j.t.JMeterThread: Stopping because end time detected by thread: Grupo De Hilos 1-145
2020-03-18 15:09:01,233 INFO o.a.j.t.JMeterThread: Thread finished: Grupo De Hilos 1-149
2020-03-18 15:09:01,232 INFO o.a.j.t.JMeterThread: Stopping because end time detected by thread: Grupo De Hilos 1-134
2020-03-18 15:09:01,234 INFO o.a.j.t.JMeterThread: Thread finished: Grupo De Hilos 1-134
2020-03-18 15:09:01,234 INFO o.a.j.t.JMeterThread: Thread finished: Grupo De Hilos 1-145
2020-03-18 15:09:01,247 INFO o.a.j.t.JMeterThread: Stopping because end time detected by thread: Grupo De Hilos 1-133
2020-03-18 15:09:01,247 INFO o.a.j.t.JMeterThread: Thread finished: Grupo De Hilos 1-133
2020-03-18 15:09:01,255 INFO o.a.j.t.JMeterThread: Stopping because end time detected by thread: Grupo De Hilos 1-147
2020-03-18 15:09:01,255 INFO o.a.j.t.JMeterThread: Thread finished: Grupo De Hilos 1-147
2020-03-18 15:09:01,255 INFO o.a.j.t.JMeterThread: Stopping because end time detected by thread: Grupo De Hilos 1-146
2020-03-18 15:09:01,255 INFO o.a.j.t.JMeterThread: Thread finished: Grupo De Hilos 1-146
2020-03-18 15:09:01,256 INFO o.a.j.e.StandardJMeterEngine: Notifying test listeners of end of test
2020-03-18 15:09:01,259 INFO o.a.j.r.Summariser: summary +   2500 in 00:00:01 = 1990.4/s Avg:    70 Min:    27 Max:   171 Err:     0 (0.00%) Active: 0 Started: 150 Finished: 150
2020-03-18 15:09:01,259 INFO o.a.j.r.Summariser: summary = 470239 in 00:04:00 = 1956.1/s Avg:    72 Min:    17 Max:  1224 Err:     0 (0.00%)
