2020-03-18 15:09:03,842 INFO o.a.j.u.JMeterUtils: Setting Locale to en_US
2020-03-18 15:09:03,876 INFO o.a.j.JMeter: Loading user properties from: user.properties
2020-03-18 15:09:03,877 INFO o.a.j.JMeter: Loading system properties from: system.properties
2020-03-18 15:09:03,878 INFO o.a.j.JMeter: Setting System property: HILOS=300
2020-03-18 15:09:03,878 INFO o.a.j.JMeter: Setting System property: SUBIDA=35
2020-03-18 15:09:03,878 INFO o.a.j.JMeter: Setting System property: DURACION=240
2020-03-18 15:09:03,881 INFO o.a.j.JMeter: Copyright (c) 1998-2019 The Apache Software Foundation
2020-03-18 15:09:03,881 INFO o.a.j.JMeter: Version 5.2.1
2020-03-18 15:09:03,882 INFO o.a.j.JMeter: java.version=1.8.0_201
2020-03-18 15:09:03,882 INFO o.a.j.JMeter: java.vm.name=Java HotSpot(TM) 64-Bit Server VM
2020-03-18 15:09:03,882 INFO o.a.j.JMeter: os.name=Linux
2020-03-18 15:09:03,882 INFO o.a.j.JMeter: os.arch=amd64
2020-03-18 15:09:03,882 INFO o.a.j.JMeter: os.version=4.15.0-88-generic
2020-03-18 15:09:03,883 INFO o.a.j.JMeter: file.encoding=UTF-8
2020-03-18 15:09:03,883 INFO o.a.j.JMeter: java.awt.headless=true
2020-03-18 15:09:03,883 INFO o.a.j.JMeter: Max memory     =732954624
2020-03-18 15:09:03,884 INFO o.a.j.JMeter: Available Processors =4
2020-03-18 15:09:03,892 INFO o.a.j.JMeter: Default Locale=English (United States)
2020-03-18 15:09:03,892 INFO o.a.j.JMeter: JMeter  Locale=English (United States)
2020-03-18 15:09:03,893 INFO o.a.j.JMeter: JMeterHome=/home/pablo/jmeter
2020-03-18 15:09:03,893 INFO o.a.j.JMeter: user.dir  =/home/pablo/jmeter/bin
2020-03-18 15:09:03,893 INFO o.a.j.JMeter: PWD       =/home/pablo/jmeter/bin
2020-03-18 15:09:03,894 INFO o.a.j.JMeter: IP: 127.0.1.1 Name: hylianpablo FullName: hylianpablo
2020-03-18 15:09:03,903 INFO o.a.j.s.FileServer: Default base='/home/pablo/jmeter/bin'
2020-03-18 15:09:03,916 INFO o.a.j.s.FileServer: Set new base='/home/pablo/jmeter/bin'
2020-03-18 15:09:04,284 INFO o.a.j.s.SaveService: Testplan (JMX) version: 2.2. Testlog (JTL) version: 2.2
2020-03-18 15:09:04,307 INFO o.a.j.s.SaveService: Using SaveService properties file encoding UTF-8
2020-03-18 15:09:04,322 INFO o.a.j.s.SaveService: Using SaveService properties version 5.0
2020-03-18 15:09:04,341 INFO o.a.j.s.SaveService: Loading file: Funciona.jmx
2020-03-18 15:09:04,425 INFO o.a.j.p.h.c.CookieManager: Settings: Delete null: true Check: true Allow variable: true Save: false Prefix: COOKIE_
2020-03-18 15:09:04,475 INFO o.a.j.p.h.s.HTTPSamplerBase: Parser for text/html is org.apache.jmeter.protocol.http.parser.LagartoBasedHtmlParser
2020-03-18 15:09:04,476 INFO o.a.j.p.h.s.HTTPSamplerBase: Parser for application/xhtml+xml is org.apache.jmeter.protocol.http.parser.LagartoBasedHtmlParser
2020-03-18 15:09:04,476 INFO o.a.j.p.h.s.HTTPSamplerBase: Parser for application/xml is org.apache.jmeter.protocol.http.parser.LagartoBasedHtmlParser
2020-03-18 15:09:04,476 INFO o.a.j.p.h.s.HTTPSamplerBase: Parser for text/xml is org.apache.jmeter.protocol.http.parser.LagartoBasedHtmlParser
2020-03-18 15:09:04,476 INFO o.a.j.p.h.s.HTTPSamplerBase: Parser for text/vnd.wap.wml is org.apache.jmeter.protocol.http.parser.RegexpHTMLParser
2020-03-18 15:09:04,477 INFO o.a.j.p.h.s.HTTPSamplerBase: Parser for text/css is org.apache.jmeter.protocol.http.parser.CssParser
2020-03-18 15:09:04,574 INFO o.a.j.JMeter: Creating summariser <summary>
2020-03-18 15:09:04,586 INFO o.a.j.e.StandardJMeterEngine: Running the test!
2020-03-18 15:09:04,588 INFO o.a.j.s.SampleEvent: List of sample_variables: []
2020-03-18 15:09:04,589 INFO o.a.j.s.SampleEvent: List of sample_variables: []
2020-03-18 15:09:04,603 INFO o.a.j.e.u.CompoundVariable: Note: Function class names must contain the string: '.functions.'
2020-03-18 15:09:04,604 INFO o.a.j.e.u.CompoundVariable: Note: Function class names must not contain the string: '.gui.'
2020-03-18 15:09:05,469 INFO o.a.j.JMeter: Running test (1584540545469)
2020-03-18 15:09:05,552 INFO o.a.j.e.StandardJMeterEngine: Starting ThreadGroup: 1 : Grupo De Hilos
2020-03-18 15:09:05,552 INFO o.a.j.e.StandardJMeterEngine: Starting 300 threads for group Grupo De Hilos.
2020-03-18 15:09:05,553 INFO o.a.j.e.StandardJMeterEngine: Thread will continue on error
2020-03-18 15:09:05,553 INFO o.a.j.t.ThreadGroup: Starting thread group... number=1 threads=300 ramp-up=35 delayedStart=false
2020-03-18 15:09:05,569 INFO o.a.j.t.JMeterThread: Thread started: Grupo De Hilos 1-1
2020-03-18 15:09:05,639 INFO o.a.j.p.h.s.HTTPHCAbstractImpl: Local host = hylianpablo
2020-03-18 15:09:05,656 INFO o.a.j.p.h.s.HTTPHC4Impl: HTTP request retry count = 0
2020-03-18 15:09:05,661 INFO o.a.j.s.SampleResult: Note: Sample TimeStamps are START times
2020-03-18 15:09:05,661 INFO o.a.j.s.SampleResult: sampleresult.default.encoding is set to ISO-8859-1
2020-03-18 15:09:05,661 INFO o.a.j.s.SampleResult: sampleresult.useNanoTime=true
2020-03-18 15:09:05,662 INFO o.a.j.s.SampleResult: sampleresult.nanoThreadSleep=5000
2020-03-18 15:09:05,676 INFO o.a.j.t.JMeterThread: Thread started: Grupo De Hilos 1-2
2020-03-18 15:09:05,792 INFO o.a.j.t.JMeterThread: Thread started: Grupo De Hilos 1-3
2020-03-18 15:09:05,908 INFO o.a.j.t.JMeterThread: Thread started: Grupo De Hilos 1-4
2020-03-18 15:09:06,019 INFO o.a.j.t.ThreadGroup: Started thread group number 1
2020-03-18 15:09:06,019 INFO o.a.j.e.StandardJMeterEngine: All thread groups have been started
2020-03-18 15:09:06,027 INFO o.a.j.t.JMeterThread: Thread started: Grupo De Hilos 1-5
2020-03-18 15:09:06,143 INFO o.a.j.t.JMeterThread: Thread started: Grupo De Hilos 1-6
2020-03-18 15:09:06,258 INFO o.a.j.t.JMeterThread: Thread started: Grupo De Hilos 1-7
2020-03-18 15:09:06,376 INFO o.a.j.t.JMeterThread: Thread started: Grupo De Hilos 1-8
2020-03-18 15:09:06,492 INFO o.a.j.t.JMeterThread: Thread started: Grupo De Hilos 1-9
2020-03-18 15:09:06,608 INFO o.a.j.t.JMeterThread: Thread started: Grupo De Hilos 1-10
2020-03-18 15:09:06,728 INFO o.a.j.t.JMeterThread: Thread started: Grupo De Hilos 1-11
2020-03-18 15:09:06,846 INFO o.a.j.t.JMeterThread: Thread started: Grupo De Hilos 1-12
2020-03-18 15:09:06,958 INFO o.a.j.t.JMeterThread: Thread started: Grupo De Hilos 1-13
2020-03-18 15:09:07,078 INFO o.a.j.t.JMeterThread: Thread started: Grupo De Hilos 1-14
2020-03-18 15:09:07,193 INFO o.a.j.t.JMeterThread: Thread started: Grupo De Hilos 1-15
2020-03-18 15:09:07,310 INFO o.a.j.t.JMeterThread: Thread started: Grupo De Hilos 1-16
2020-03-18 15:09:07,428 INFO o.a.j.t.JMeterThread: Thread started: Grupo De Hilos 1-17
2020-03-18 15:09:07,545 INFO o.a.j.t.JMeterThread: Thread started: Grupo De Hilos 1-18
2020-03-18 15:09:07,662 INFO o.a.j.t.JMeterThread: Thread started: Grupo De Hilos 1-19
2020-03-18 15:09:07,778 INFO o.a.j.t.JMeterThread: Thread started: Grupo De Hilos 1-20
2020-03-18 15:09:07,895 INFO o.a.j.t.JMeterThread: Thread started: Grupo De Hilos 1-21
2020-03-18 15:09:08,011 INFO o.a.j.t.JMeterThread: Thread started: Grupo De Hilos 1-22
2020-03-18 15:09:08,129 INFO o.a.j.t.JMeterThread: Thread started: Grupo De Hilos 1-23
2020-03-18 15:09:08,245 INFO o.a.j.t.JMeterThread: Thread started: Grupo De Hilos 1-24
2020-03-18 15:09:08,362 INFO o.a.j.t.JMeterThread: Thread started: Grupo De Hilos 1-25
2020-03-18 15:09:08,480 INFO o.a.j.t.JMeterThread: Thread started: Grupo De Hilos 1-26
2020-03-18 15:09:08,596 INFO o.a.j.t.JMeterThread: Thread started: Grupo De Hilos 1-27
2020-03-18 15:09:08,716 INFO o.a.j.t.JMeterThread: Thread started: Grupo De Hilos 1-28
2020-03-18 15:09:08,831 INFO o.a.j.t.JMeterThread: Thread started: Grupo De Hilos 1-29
2020-03-18 15:09:08,948 INFO o.a.j.t.JMeterThread: Thread started: Grupo De Hilos 1-30
2020-03-18 15:09:09,064 INFO o.a.j.t.JMeterThread: Thread started: Grupo De Hilos 1-31
2020-03-18 15:09:09,184 INFO o.a.j.t.JMeterThread: Thread started: Grupo De Hilos 1-32
2020-03-18 15:09:09,298 INFO o.a.j.t.JMeterThread: Thread started: Grupo De Hilos 1-33
2020-03-18 15:09:09,415 INFO o.a.j.t.JMeterThread: Thread started: Grupo De Hilos 1-34
2020-03-18 15:09:09,533 INFO o.a.j.t.JMeterThread: Thread started: Grupo De Hilos 1-35
2020-03-18 15:09:09,650 INFO o.a.j.t.JMeterThread: Thread started: Grupo De Hilos 1-36
2020-03-18 15:09:09,768 INFO o.a.j.t.JMeterThread: Thread started: Grupo De Hilos 1-37
2020-03-18 15:09:09,883 INFO o.a.j.t.JMeterThread: Thread started: Grupo De Hilos 1-38
2020-03-18 15:09:10,002 INFO o.a.j.t.JMeterThread: Thread started: Grupo De Hilos 1-39
2020-03-18 15:09:10,122 INFO o.a.j.t.JMeterThread: Thread started: Grupo De Hilos 1-40
2020-03-18 15:09:10,237 INFO o.a.j.t.JMeterThread: Thread started: Grupo De Hilos 1-41
2020-03-18 15:09:10,354 INFO o.a.j.t.JMeterThread: Thread started: Grupo De Hilos 1-42
2020-03-18 15:09:10,469 INFO o.a.j.t.JMeterThread: Thread started: Grupo De Hilos 1-43
2020-03-18 15:09:10,585 INFO o.a.j.t.JMeterThread: Thread started: Grupo De Hilos 1-44
2020-03-18 15:09:10,702 INFO o.a.j.t.JMeterThread: Thread started: Grupo De Hilos 1-45
2020-03-18 15:09:10,821 INFO o.a.j.t.JMeterThread: Thread started: Grupo De Hilos 1-46
2020-03-18 15:09:10,939 INFO o.a.j.t.JMeterThread: Thread started: Grupo De Hilos 1-47
2020-03-18 15:09:11,059 INFO o.a.j.t.JMeterThread: Thread started: Grupo De Hilos 1-48
2020-03-18 15:09:11,175 INFO o.a.j.t.JMeterThread: Thread started: Grupo De Hilos 1-49
2020-03-18 15:09:11,291 INFO o.a.j.t.JMeterThread: Thread started: Grupo De Hilos 1-50
2020-03-18 15:09:11,408 INFO o.a.j.t.JMeterThread: Thread started: Grupo De Hilos 1-51
2020-03-18 15:09:11,522 INFO o.a.j.t.JMeterThread: Thread started: Grupo De Hilos 1-52
2020-03-18 15:09:11,639 INFO o.a.j.t.JMeterThread: Thread started: Grupo De Hilos 1-53
2020-03-18 15:09:11,756 INFO o.a.j.t.JMeterThread: Thread started: Grupo De Hilos 1-54
2020-03-18 15:09:11,875 INFO o.a.j.t.JMeterThread: Thread started: Grupo De Hilos 1-55
2020-03-18 15:09:11,991 INFO o.a.j.t.JMeterThread: Thread started: Grupo De Hilos 1-56
2020-03-18 15:09:12,108 INFO o.a.j.t.JMeterThread: Thread started: Grupo De Hilos 1-57
2020-03-18 15:09:12,226 INFO o.a.j.t.JMeterThread: Thread started: Grupo De Hilos 1-58
2020-03-18 15:09:12,343 INFO o.a.j.t.JMeterThread: Thread started: Grupo De Hilos 1-59
2020-03-18 15:09:12,465 INFO o.a.j.t.JMeterThread: Thread started: Grupo De Hilos 1-60
2020-03-18 15:09:12,582 INFO o.a.j.t.JMeterThread: Thread started: Grupo De Hilos 1-61
2020-03-18 15:09:12,695 INFO o.a.j.t.JMeterThread: Thread started: Grupo De Hilos 1-62
2020-03-18 15:09:12,810 INFO o.a.j.t.JMeterThread: Thread started: Grupo De Hilos 1-63
2020-03-18 15:09:12,926 INFO o.a.j.t.JMeterThread: Thread started: Grupo De Hilos 1-64
2020-03-18 15:09:13,044 INFO o.a.j.t.JMeterThread: Thread started: Grupo De Hilos 1-65
2020-03-18 15:09:13,160 INFO o.a.j.t.JMeterThread: Thread started: Grupo De Hilos 1-66
2020-03-18 15:09:13,278 INFO o.a.j.t.JMeterThread: Thread started: Grupo De Hilos 1-67
2020-03-18 15:09:13,395 INFO o.a.j.t.JMeterThread: Thread started: Grupo De Hilos 1-68
2020-03-18 15:09:13,511 INFO o.a.j.t.JMeterThread: Thread started: Grupo De Hilos 1-69
2020-03-18 15:09:13,628 INFO o.a.j.t.JMeterThread: Thread started: Grupo De Hilos 1-70
2020-03-18 15:09:13,745 INFO o.a.j.t.JMeterThread: Thread started: Grupo De Hilos 1-71
2020-03-18 15:09:13,862 INFO o.a.j.t.JMeterThread: Thread started: Grupo De Hilos 1-72
2020-03-18 15:09:13,987 INFO o.a.j.t.JMeterThread: Thread started: Grupo De Hilos 1-73
2020-03-18 15:09:14,102 INFO o.a.j.t.JMeterThread: Thread started: Grupo De Hilos 1-74
2020-03-18 15:09:14,226 INFO o.a.j.t.JMeterThread: Thread started: Grupo De Hilos 1-75
2020-03-18 15:09:14,333 INFO o.a.j.t.JMeterThread: Thread started: Grupo De Hilos 1-76
2020-03-18 15:09:14,451 INFO o.a.j.t.JMeterThread: Thread started: Grupo De Hilos 1-77
2020-03-18 15:09:14,566 INFO o.a.j.t.JMeterThread: Thread started: Grupo De Hilos 1-78
2020-03-18 15:09:14,683 INFO o.a.j.t.JMeterThread: Thread started: Grupo De Hilos 1-79
2020-03-18 15:09:14,799 INFO o.a.j.t.JMeterThread: Thread started: Grupo De Hilos 1-80
2020-03-18 15:09:14,917 INFO o.a.j.t.JMeterThread: Thread started: Grupo De Hilos 1-81
2020-03-18 15:09:15,033 INFO o.a.j.t.JMeterThread: Thread started: Grupo De Hilos 1-82
2020-03-18 15:09:15,150 INFO o.a.j.t.JMeterThread: Thread started: Grupo De Hilos 1-83
2020-03-18 15:09:15,265 INFO o.a.j.t.JMeterThread: Thread started: Grupo De Hilos 1-84
2020-03-18 15:09:15,383 INFO o.a.j.t.JMeterThread: Thread started: Grupo De Hilos 1-85
2020-03-18 15:09:15,500 INFO o.a.j.t.JMeterThread: Thread started: Grupo De Hilos 1-86
2020-03-18 15:09:15,618 INFO o.a.j.t.JMeterThread: Thread started: Grupo De Hilos 1-87
2020-03-18 15:09:15,735 INFO o.a.j.t.JMeterThread: Thread started: Grupo De Hilos 1-88
2020-03-18 15:09:15,851 INFO o.a.j.t.JMeterThread: Thread started: Grupo De Hilos 1-89
2020-03-18 15:09:15,969 INFO o.a.j.t.JMeterThread: Thread started: Grupo De Hilos 1-90
2020-03-18 15:09:16,085 INFO o.a.j.t.JMeterThread: Thread started: Grupo De Hilos 1-91
2020-03-18 15:09:16,202 INFO o.a.j.t.JMeterThread: Thread started: Grupo De Hilos 1-92
2020-03-18 15:09:16,319 INFO o.a.j.t.JMeterThread: Thread started: Grupo De Hilos 1-93
2020-03-18 15:09:16,437 INFO o.a.j.t.JMeterThread: Thread started: Grupo De Hilos 1-94
2020-03-18 15:09:16,554 INFO o.a.j.t.JMeterThread: Thread started: Grupo De Hilos 1-95
2020-03-18 15:09:16,669 INFO o.a.j.t.JMeterThread: Thread started: Grupo De Hilos 1-96
2020-03-18 15:09:16,788 INFO o.a.j.t.JMeterThread: Thread started: Grupo De Hilos 1-97
2020-03-18 15:09:16,904 INFO o.a.j.t.JMeterThread: Thread started: Grupo De Hilos 1-98
2020-03-18 15:09:17,021 INFO o.a.j.t.JMeterThread: Thread started: Grupo De Hilos 1-99
2020-03-18 15:09:17,136 INFO o.a.j.t.JMeterThread: Thread started: Grupo De Hilos 1-100
2020-03-18 15:09:17,254 INFO o.a.j.t.JMeterThread: Thread started: Grupo De Hilos 1-101
2020-03-18 15:09:17,371 INFO o.a.j.t.JMeterThread: Thread started: Grupo De Hilos 1-102
2020-03-18 15:09:17,493 INFO o.a.j.t.JMeterThread: Thread started: Grupo De Hilos 1-103
2020-03-18 15:09:17,606 INFO o.a.j.t.JMeterThread: Thread started: Grupo De Hilos 1-104
2020-03-18 15:09:17,722 INFO o.a.j.t.JMeterThread: Thread started: Grupo De Hilos 1-105
2020-03-18 15:09:17,840 INFO o.a.j.t.JMeterThread: Thread started: Grupo De Hilos 1-106
2020-03-18 15:09:17,956 INFO o.a.j.t.JMeterThread: Thread started: Grupo De Hilos 1-107
2020-03-18 15:09:18,074 INFO o.a.j.t.JMeterThread: Thread started: Grupo De Hilos 1-108
2020-03-18 15:09:18,191 INFO o.a.j.t.JMeterThread: Thread started: Grupo De Hilos 1-109
2020-03-18 15:09:18,308 INFO o.a.j.t.JMeterThread: Thread started: Grupo De Hilos 1-110
2020-03-18 15:09:18,425 INFO o.a.j.t.JMeterThread: Thread started: Grupo De Hilos 1-111
2020-03-18 15:09:18,540 INFO o.a.j.t.JMeterThread: Thread started: Grupo De Hilos 1-112
2020-03-18 15:09:18,660 INFO o.a.j.t.JMeterThread: Thread started: Grupo De Hilos 1-113
2020-03-18 15:09:18,779 INFO o.a.j.t.JMeterThread: Thread started: Grupo De Hilos 1-114
2020-03-18 15:09:18,895 INFO o.a.j.t.JMeterThread: Thread started: Grupo De Hilos 1-115
2020-03-18 15:09:19,016 INFO o.a.j.t.JMeterThread: Thread started: Grupo De Hilos 1-116
2020-03-18 15:09:19,127 INFO o.a.j.t.JMeterThread: Thread started: Grupo De Hilos 1-117
2020-03-18 15:09:19,244 INFO o.a.j.t.JMeterThread: Thread started: Grupo De Hilos 1-118
2020-03-18 15:09:19,383 INFO o.a.j.t.JMeterThread: Thread started: Grupo De Hilos 1-119
2020-03-18 15:09:19,490 INFO o.a.j.t.JMeterThread: Thread started: Grupo De Hilos 1-120
2020-03-18 15:09:19,605 INFO o.a.j.t.JMeterThread: Thread started: Grupo De Hilos 1-121
2020-03-18 15:09:19,718 INFO o.a.j.t.JMeterThread: Thread started: Grupo De Hilos 1-122
2020-03-18 15:09:19,835 INFO o.a.j.t.JMeterThread: Thread started: Grupo De Hilos 1-123
2020-03-18 15:09:19,946 INFO o.a.j.t.JMeterThread: Thread started: Grupo De Hilos 1-124
2020-03-18 15:09:20,063 INFO o.a.j.t.JMeterThread: Thread started: Grupo De Hilos 1-125
2020-03-18 15:09:20,180 INFO o.a.j.t.JMeterThread: Thread started: Grupo De Hilos 1-126
2020-03-18 15:09:20,297 INFO o.a.j.t.JMeterThread: Thread started: Grupo De Hilos 1-127
2020-03-18 15:09:20,418 INFO o.a.j.t.JMeterThread: Thread started: Grupo De Hilos 1-128
2020-03-18 15:09:20,535 INFO o.a.j.t.JMeterThread: Thread started: Grupo De Hilos 1-129
2020-03-18 15:09:20,648 INFO o.a.j.t.JMeterThread: Thread started: Grupo De Hilos 1-130
2020-03-18 15:09:20,769 INFO o.a.j.t.JMeterThread: Thread started: Grupo De Hilos 1-131
2020-03-18 15:09:20,882 INFO o.a.j.t.JMeterThread: Thread started: Grupo De Hilos 1-132
2020-03-18 15:09:21,001 INFO o.a.j.t.JMeterThread: Thread started: Grupo De Hilos 1-133
2020-03-18 15:09:21,117 INFO o.a.j.t.JMeterThread: Thread started: Grupo De Hilos 1-134
2020-03-18 15:09:21,235 INFO o.a.j.t.JMeterThread: Thread started: Grupo De Hilos 1-135
2020-03-18 15:09:21,352 INFO o.a.j.t.JMeterThread: Thread started: Grupo De Hilos 1-136
2020-03-18 15:09:21,469 INFO o.a.j.t.JMeterThread: Thread started: Grupo De Hilos 1-137
2020-03-18 15:09:21,583 INFO o.a.j.t.JMeterThread: Thread started: Grupo De Hilos 1-138
2020-03-18 15:09:21,700 INFO o.a.j.t.JMeterThread: Thread started: Grupo De Hilos 1-139
2020-03-18 15:09:21,817 INFO o.a.j.t.JMeterThread: Thread started: Grupo De Hilos 1-140
2020-03-18 15:09:21,934 INFO o.a.j.t.JMeterThread: Thread started: Grupo De Hilos 1-141
2020-03-18 15:09:22,057 INFO o.a.j.t.JMeterThread: Thread started: Grupo De Hilos 1-142
2020-03-18 15:09:22,170 INFO o.a.j.t.JMeterThread: Thread started: Grupo De Hilos 1-143
2020-03-18 15:09:22,286 INFO o.a.j.t.JMeterThread: Thread started: Grupo De Hilos 1-144
2020-03-18 15:09:22,405 INFO o.a.j.t.JMeterThread: Thread started: Grupo De Hilos 1-145
2020-03-18 15:09:22,519 INFO o.a.j.t.JMeterThread: Thread started: Grupo De Hilos 1-146
2020-03-18 15:09:22,637 INFO o.a.j.t.JMeterThread: Thread started: Grupo De Hilos 1-147
2020-03-18 15:09:22,756 INFO o.a.j.t.JMeterThread: Thread started: Grupo De Hilos 1-148
2020-03-18 15:09:22,871 INFO o.a.j.t.JMeterThread: Thread started: Grupo De Hilos 1-149
2020-03-18 15:09:22,988 INFO o.a.j.t.JMeterThread: Thread started: Grupo De Hilos 1-150
2020-03-18 15:09:23,105 INFO o.a.j.t.JMeterThread: Thread started: Grupo De Hilos 1-151
2020-03-18 15:09:23,221 INFO o.a.j.t.JMeterThread: Thread started: Grupo De Hilos 1-152
2020-03-18 15:09:23,339 INFO o.a.j.t.JMeterThread: Thread started: Grupo De Hilos 1-153
2020-03-18 15:09:23,456 INFO o.a.j.t.JMeterThread: Thread started: Grupo De Hilos 1-154
2020-03-18 15:09:23,575 INFO o.a.j.t.JMeterThread: Thread started: Grupo De Hilos 1-155
2020-03-18 15:09:23,690 INFO o.a.j.t.JMeterThread: Thread started: Grupo De Hilos 1-156
2020-03-18 15:09:23,806 INFO o.a.j.t.JMeterThread: Thread started: Grupo De Hilos 1-157
2020-03-18 15:09:23,925 INFO o.a.j.t.JMeterThread: Thread started: Grupo De Hilos 1-158
2020-03-18 15:09:24,044 INFO o.a.j.t.JMeterThread: Thread started: Grupo De Hilos 1-159
2020-03-18 15:09:24,159 INFO o.a.j.t.JMeterThread: Thread started: Grupo De Hilos 1-160
2020-03-18 15:09:24,274 INFO o.a.j.t.JMeterThread: Thread started: Grupo De Hilos 1-161
2020-03-18 15:09:24,392 INFO o.a.j.t.JMeterThread: Thread started: Grupo De Hilos 1-162
2020-03-18 15:09:24,508 INFO o.a.j.t.JMeterThread: Thread started: Grupo De Hilos 1-163
2020-03-18 15:09:24,625 INFO o.a.j.t.JMeterThread: Thread started: Grupo De Hilos 1-164
2020-03-18 15:09:24,743 INFO o.a.j.t.JMeterThread: Thread started: Grupo De Hilos 1-165
2020-03-18 15:09:24,858 INFO o.a.j.t.JMeterThread: Thread started: Grupo De Hilos 1-166
2020-03-18 15:09:24,979 INFO o.a.j.t.JMeterThread: Thread started: Grupo De Hilos 1-167
2020-03-18 15:09:25,092 INFO o.a.j.t.JMeterThread: Thread started: Grupo De Hilos 1-168
2020-03-18 15:09:25,212 INFO o.a.j.t.JMeterThread: Thread started: Grupo De Hilos 1-169
2020-03-18 15:09:25,328 INFO o.a.j.t.JMeterThread: Thread started: Grupo De Hilos 1-170
2020-03-18 15:09:25,444 INFO o.a.j.t.JMeterThread: Thread started: Grupo De Hilos 1-171
2020-03-18 15:09:25,561 INFO o.a.j.t.JMeterThread: Thread started: Grupo De Hilos 1-172
2020-03-18 15:09:25,678 INFO o.a.j.t.JMeterThread: Thread started: Grupo De Hilos 1-173
2020-03-18 15:09:25,797 INFO o.a.j.t.JMeterThread: Thread started: Grupo De Hilos 1-174
2020-03-18 15:09:25,914 INFO o.a.j.t.JMeterThread: Thread started: Grupo De Hilos 1-175
2020-03-18 15:09:26,031 INFO o.a.j.t.JMeterThread: Thread started: Grupo De Hilos 1-176
2020-03-18 15:09:26,150 INFO o.a.j.t.JMeterThread: Thread started: Grupo De Hilos 1-177
2020-03-18 15:09:26,266 INFO o.a.j.t.JMeterThread: Thread started: Grupo De Hilos 1-178
2020-03-18 15:09:26,380 INFO o.a.j.t.JMeterThread: Thread started: Grupo De Hilos 1-179
2020-03-18 15:09:26,515 INFO o.a.j.t.JMeterThread: Thread started: Grupo De Hilos 1-180
2020-03-18 15:09:26,615 INFO o.a.j.t.JMeterThread: Thread started: Grupo De Hilos 1-181
2020-03-18 15:09:26,730 INFO o.a.j.t.JMeterThread: Thread started: Grupo De Hilos 1-182
2020-03-18 15:09:26,848 INFO o.a.j.t.JMeterThread: Thread started: Grupo De Hilos 1-183
2020-03-18 15:09:26,966 INFO o.a.j.t.JMeterThread: Thread started: Grupo De Hilos 1-184
2020-03-18 15:09:27,082 INFO o.a.j.t.JMeterThread: Thread started: Grupo De Hilos 1-185
2020-03-18 15:09:27,198 INFO o.a.j.t.JMeterThread: Thread started: Grupo De Hilos 1-186
2020-03-18 15:09:27,323 INFO o.a.j.t.JMeterThread: Thread started: Grupo De Hilos 1-187
2020-03-18 15:09:27,433 INFO o.a.j.t.JMeterThread: Thread started: Grupo De Hilos 1-188
2020-03-18 15:09:27,549 INFO o.a.j.t.JMeterThread: Thread started: Grupo De Hilos 1-189
2020-03-18 15:09:27,668 INFO o.a.j.t.JMeterThread: Thread started: Grupo De Hilos 1-190
2020-03-18 15:09:27,786 INFO o.a.j.t.JMeterThread: Thread started: Grupo De Hilos 1-191
2020-03-18 15:09:27,907 INFO o.a.j.t.JMeterThread: Thread started: Grupo De Hilos 1-192
2020-03-18 15:09:28,026 INFO o.a.j.t.JMeterThread: Thread started: Grupo De Hilos 1-193
2020-03-18 15:09:28,137 INFO o.a.j.t.JMeterThread: Thread started: Grupo De Hilos 1-194
2020-03-18 15:09:28,254 INFO o.a.j.t.JMeterThread: Thread started: Grupo De Hilos 1-195
2020-03-18 15:09:28,371 INFO o.a.j.t.JMeterThread: Thread started: Grupo De Hilos 1-196
2020-03-18 15:09:28,488 INFO o.a.j.t.JMeterThread: Thread started: Grupo De Hilos 1-197
2020-03-18 15:09:28,608 INFO o.a.j.t.JMeterThread: Thread started: Grupo De Hilos 1-198
2020-03-18 15:09:28,730 INFO o.a.j.t.JMeterThread: Thread started: Grupo De Hilos 1-199
2020-03-18 15:09:28,852 INFO o.a.j.t.JMeterThread: Thread started: Grupo De Hilos 1-200
2020-03-18 15:09:28,958 INFO o.a.j.t.JMeterThread: Thread started: Grupo De Hilos 1-201
2020-03-18 15:09:29,072 INFO o.a.j.t.JMeterThread: Thread started: Grupo De Hilos 1-202
2020-03-18 15:09:29,190 INFO o.a.j.t.JMeterThread: Thread started: Grupo De Hilos 1-203
2020-03-18 15:09:29,305 INFO o.a.j.t.JMeterThread: Thread started: Grupo De Hilos 1-204
2020-03-18 15:09:29,424 INFO o.a.j.t.JMeterThread: Thread started: Grupo De Hilos 1-205
2020-03-18 15:09:29,541 INFO o.a.j.t.JMeterThread: Thread started: Grupo De Hilos 1-206
2020-03-18 15:09:29,656 INFO o.a.j.t.JMeterThread: Thread started: Grupo De Hilos 1-207
2020-03-18 15:09:29,774 INFO o.a.j.t.JMeterThread: Thread started: Grupo De Hilos 1-208
2020-03-18 15:09:29,891 INFO o.a.j.t.JMeterThread: Thread started: Grupo De Hilos 1-209
2020-03-18 15:09:30,003 INFO o.a.j.r.Summariser: summary +  50634 in 00:00:25 = 2064.1/s Avg:    49 Min:    17 Max:   712 Err:     0 (0.00%) Active: 209 Started: 209 Finished: 0
2020-03-18 15:09:30,006 INFO o.a.j.t.JMeterThread: Thread started: Grupo De Hilos 1-210
2020-03-18 15:09:30,124 INFO o.a.j.t.JMeterThread: Thread started: Grupo De Hilos 1-211
2020-03-18 15:09:30,242 INFO o.a.j.t.JMeterThread: Thread started: Grupo De Hilos 1-212
2020-03-18 15:09:30,359 INFO o.a.j.t.JMeterThread: Thread started: Grupo De Hilos 1-213
2020-03-18 15:09:30,474 INFO o.a.j.t.JMeterThread: Thread started: Grupo De Hilos 1-214
2020-03-18 15:09:30,591 INFO o.a.j.t.JMeterThread: Thread started: Grupo De Hilos 1-215
2020-03-18 15:09:30,709 INFO o.a.j.t.JMeterThread: Thread started: Grupo De Hilos 1-216
2020-03-18 15:09:30,825 INFO o.a.j.t.JMeterThread: Thread started: Grupo De Hilos 1-217
2020-03-18 15:09:30,943 INFO o.a.j.t.JMeterThread: Thread started: Grupo De Hilos 1-218
2020-03-18 15:09:31,060 INFO o.a.j.t.JMeterThread: Thread started: Grupo De Hilos 1-219
2020-03-18 15:09:31,176 INFO o.a.j.t.JMeterThread: Thread started: Grupo De Hilos 1-220
2020-03-18 15:09:31,293 INFO o.a.j.t.JMeterThread: Thread started: Grupo De Hilos 1-221
2020-03-18 15:09:31,411 INFO o.a.j.t.JMeterThread: Thread started: Grupo De Hilos 1-222
2020-03-18 15:09:31,528 INFO o.a.j.t.JMeterThread: Thread started: Grupo De Hilos 1-223
2020-03-18 15:09:31,646 INFO o.a.j.t.JMeterThread: Thread started: Grupo De Hilos 1-224
2020-03-18 15:09:31,763 INFO o.a.j.t.JMeterThread: Thread started: Grupo De Hilos 1-225
2020-03-18 15:09:31,879 INFO o.a.j.t.JMeterThread: Thread started: Grupo De Hilos 1-226
2020-03-18 15:09:31,995 INFO o.a.j.t.JMeterThread: Thread started: Grupo De Hilos 1-227
2020-03-18 15:09:32,114 INFO o.a.j.t.JMeterThread: Thread started: Grupo De Hilos 1-228
2020-03-18 15:09:32,253 INFO o.a.j.t.JMeterThread: Thread started: Grupo De Hilos 1-229
2020-03-18 15:09:32,347 INFO o.a.j.t.JMeterThread: Thread started: Grupo De Hilos 1-230
2020-03-18 15:09:32,464 INFO o.a.j.t.JMeterThread: Thread started: Grupo De Hilos 1-231
2020-03-18 15:09:32,581 INFO o.a.j.t.JMeterThread: Thread started: Grupo De Hilos 1-232
2020-03-18 15:09:32,697 INFO o.a.j.t.JMeterThread: Thread started: Grupo De Hilos 1-233
2020-03-18 15:09:32,815 INFO o.a.j.t.JMeterThread: Thread started: Grupo De Hilos 1-234
2020-03-18 15:09:32,932 INFO o.a.j.t.JMeterThread: Thread started: Grupo De Hilos 1-235
2020-03-18 15:09:33,048 INFO o.a.j.t.JMeterThread: Thread started: Grupo De Hilos 1-236
2020-03-18 15:09:33,167 INFO o.a.j.t.JMeterThread: Thread started: Grupo De Hilos 1-237
2020-03-18 15:09:33,284 INFO o.a.j.t.JMeterThread: Thread started: Grupo De Hilos 1-238
2020-03-18 15:09:33,401 INFO o.a.j.t.JMeterThread: Thread started: Grupo De Hilos 1-239
2020-03-18 15:09:33,517 INFO o.a.j.t.JMeterThread: Thread started: Grupo De Hilos 1-240
2020-03-18 15:09:33,635 INFO o.a.j.t.JMeterThread: Thread started: Grupo De Hilos 1-241
2020-03-18 15:09:33,751 INFO o.a.j.t.JMeterThread: Thread started: Grupo De Hilos 1-242
2020-03-18 15:09:33,869 INFO o.a.j.t.JMeterThread: Thread started: Grupo De Hilos 1-243
2020-03-18 15:09:33,985 INFO o.a.j.t.JMeterThread: Thread started: Grupo De Hilos 1-244
2020-03-18 15:09:34,105 INFO o.a.j.t.JMeterThread: Thread started: Grupo De Hilos 1-245
2020-03-18 15:09:34,220 INFO o.a.j.t.JMeterThread: Thread started: Grupo De Hilos 1-246
2020-03-18 15:09:34,337 INFO o.a.j.t.JMeterThread: Thread started: Grupo De Hilos 1-247
2020-03-18 15:09:34,456 INFO o.a.j.t.JMeterThread: Thread started: Grupo De Hilos 1-248
2020-03-18 15:09:34,571 INFO o.a.j.t.JMeterThread: Thread started: Grupo De Hilos 1-249
2020-03-18 15:09:34,688 INFO o.a.j.t.JMeterThread: Thread started: Grupo De Hilos 1-250
2020-03-18 15:09:34,805 INFO o.a.j.t.JMeterThread: Thread started: Grupo De Hilos 1-251
2020-03-18 15:09:34,922 INFO o.a.j.t.JMeterThread: Thread started: Grupo De Hilos 1-252
2020-03-18 15:09:35,044 INFO o.a.j.t.JMeterThread: Thread started: Grupo De Hilos 1-253
2020-03-18 15:09:35,156 INFO o.a.j.t.JMeterThread: Thread started: Grupo De Hilos 1-254
2020-03-18 15:09:35,272 INFO o.a.j.t.JMeterThread: Thread started: Grupo De Hilos 1-255
2020-03-18 15:09:35,389 INFO o.a.j.t.JMeterThread: Thread started: Grupo De Hilos 1-256
2020-03-18 15:09:35,509 INFO o.a.j.t.JMeterThread: Thread started: Grupo De Hilos 1-257
2020-03-18 15:09:35,628 INFO o.a.j.t.JMeterThread: Thread started: Grupo De Hilos 1-258
2020-03-18 15:09:35,741 INFO o.a.j.t.JMeterThread: Thread started: Grupo De Hilos 1-259
2020-03-18 15:09:35,860 INFO o.a.j.t.JMeterThread: Thread started: Grupo De Hilos 1-260
2020-03-18 15:09:35,974 INFO o.a.j.t.JMeterThread: Thread started: Grupo De Hilos 1-261
2020-03-18 15:09:36,090 INFO o.a.j.t.JMeterThread: Thread started: Grupo De Hilos 1-262
2020-03-18 15:09:36,212 INFO o.a.j.t.JMeterThread: Thread started: Grupo De Hilos 1-263
2020-03-18 15:09:36,325 INFO o.a.j.t.JMeterThread: Thread started: Grupo De Hilos 1-264
2020-03-18 15:09:36,447 INFO o.a.j.t.JMeterThread: Thread started: Grupo De Hilos 1-265
2020-03-18 15:09:36,564 INFO o.a.j.t.JMeterThread: Thread started: Grupo De Hilos 1-266
2020-03-18 15:09:36,676 INFO o.a.j.t.JMeterThread: Thread started: Grupo De Hilos 1-267
2020-03-18 15:09:36,795 INFO o.a.j.t.JMeterThread: Thread started: Grupo De Hilos 1-268
2020-03-18 15:09:36,912 INFO o.a.j.t.JMeterThread: Thread started: Grupo De Hilos 1-269
2020-03-18 15:09:37,030 INFO o.a.j.t.JMeterThread: Thread started: Grupo De Hilos 1-270
2020-03-18 15:09:37,144 INFO o.a.j.t.JMeterThread: Thread started: Grupo De Hilos 1-271
2020-03-18 15:09:37,261 INFO o.a.j.t.JMeterThread: Thread started: Grupo De Hilos 1-272
2020-03-18 15:09:37,378 INFO o.a.j.t.JMeterThread: Thread started: Grupo De Hilos 1-273
2020-03-18 15:09:37,495 INFO o.a.j.t.JMeterThread: Thread started: Grupo De Hilos 1-274
2020-03-18 15:09:37,612 INFO o.a.j.t.JMeterThread: Thread started: Grupo De Hilos 1-275
2020-03-18 15:09:37,730 INFO o.a.j.t.JMeterThread: Thread started: Grupo De Hilos 1-276
2020-03-18 15:09:37,847 INFO o.a.j.t.JMeterThread: Thread started: Grupo De Hilos 1-277
2020-03-18 15:09:37,963 INFO o.a.j.t.JMeterThread: Thread started: Grupo De Hilos 1-278
2020-03-18 15:09:38,079 INFO o.a.j.t.JMeterThread: Thread started: Grupo De Hilos 1-279
2020-03-18 15:09:38,197 INFO o.a.j.t.JMeterThread: Thread started: Grupo De Hilos 1-280
2020-03-18 15:09:38,315 INFO o.a.j.t.JMeterThread: Thread started: Grupo De Hilos 1-281
2020-03-18 15:09:38,431 INFO o.a.j.t.JMeterThread: Thread started: Grupo De Hilos 1-282
2020-03-18 15:09:38,548 INFO o.a.j.t.JMeterThread: Thread started: Grupo De Hilos 1-283
2020-03-18 15:09:38,665 INFO o.a.j.t.JMeterThread: Thread started: Grupo De Hilos 1-284
2020-03-18 15:09:38,781 INFO o.a.j.t.JMeterThread: Thread started: Grupo De Hilos 1-285
2020-03-18 15:09:38,900 INFO o.a.j.t.JMeterThread: Thread started: Grupo De Hilos 1-286
2020-03-18 15:09:39,015 INFO o.a.j.t.JMeterThread: Thread started: Grupo De Hilos 1-287
2020-03-18 15:09:39,133 INFO o.a.j.t.JMeterThread: Thread started: Grupo De Hilos 1-288
2020-03-18 15:09:39,250 INFO o.a.j.t.JMeterThread: Thread started: Grupo De Hilos 1-289
2020-03-18 15:09:39,366 INFO o.a.j.t.JMeterThread: Thread started: Grupo De Hilos 1-290
2020-03-18 15:09:39,483 INFO o.a.j.t.JMeterThread: Thread started: Grupo De Hilos 1-291
2020-03-18 15:09:39,601 INFO o.a.j.t.JMeterThread: Thread started: Grupo De Hilos 1-292
2020-03-18 15:09:39,718 INFO o.a.j.t.JMeterThread: Thread started: Grupo De Hilos 1-293
2020-03-18 15:09:39,836 INFO o.a.j.t.JMeterThread: Thread started: Grupo De Hilos 1-294
2020-03-18 15:09:39,952 INFO o.a.j.t.JMeterThread: Thread started: Grupo De Hilos 1-295
2020-03-18 15:09:40,069 INFO o.a.j.t.JMeterThread: Thread started: Grupo De Hilos 1-296
2020-03-18 15:09:40,185 INFO o.a.j.t.JMeterThread: Thread started: Grupo De Hilos 1-297
2020-03-18 15:09:40,302 INFO o.a.j.t.JMeterThread: Thread started: Grupo De Hilos 1-298
2020-03-18 15:09:40,420 INFO o.a.j.t.JMeterThread: Thread started: Grupo De Hilos 1-299
2020-03-18 15:09:40,536 INFO o.a.j.t.JMeterThread: Thread started: Grupo De Hilos 1-300
2020-03-18 15:10:00,029 INFO o.a.j.r.Summariser: summary +  28512 in 00:00:30 =  949.5/s Avg:   296 Min:    23 Max:  8430 Err:     0 (0.00%) Active: 300 Started: 300 Finished: 0
2020-03-18 15:10:00,031 INFO o.a.j.r.Summariser: summary =  79146 in 00:00:55 = 1450.6/s Avg:   138 Min:    17 Max:  8430 Err:     0 (0.00%)
2020-03-18 15:10:30,058 INFO o.a.j.r.Summariser: summary +  29174 in 00:00:30 =  971.5/s Avg:   306 Min:    24 Max:  8303 Err:     0 (0.00%) Active: 300 Started: 300 Finished: 0
2020-03-18 15:10:30,058 INFO o.a.j.r.Summariser: summary = 108320 in 00:01:25 = 1280.6/s Avg:   183 Min:    17 Max:  8430 Err:     0 (0.00%)
2020-03-18 15:11:00,019 INFO o.a.j.r.Summariser: summary +  29776 in 00:00:30 =  993.8/s Avg:   301 Min:    24 Max:  8405 Err:     0 (0.00%) Active: 300 Started: 300 Finished: 0
2020-03-18 15:11:00,020 INFO o.a.j.r.Summariser: summary = 138096 in 00:01:55 = 1205.6/s Avg:   209 Min:    17 Max:  8430 Err:     0 (0.00%)
2020-03-18 15:11:30,001 INFO o.a.j.r.Summariser: summary +  28010 in 00:00:30 =  934.2/s Avg:   322 Min:    27 Max: 10198 Err:     0 (0.00%) Active: 300 Started: 300 Finished: 0
2020-03-18 15:11:30,004 INFO o.a.j.r.Summariser: summary = 166106 in 00:02:25 = 1149.3/s Avg:   228 Min:    17 Max: 10198 Err:     0 (0.00%)
2020-03-18 15:12:00,072 INFO o.a.j.r.Summariser: summary +  30724 in 00:00:30 = 1021.7/s Avg:   290 Min:    26 Max:  5841 Err:     0 (0.00%) Active: 300 Started: 300 Finished: 0
2020-03-18 15:12:00,073 INFO o.a.j.r.Summariser: summary = 196830 in 00:02:55 = 1127.3/s Avg:   238 Min:    17 Max: 10198 Err:     0 (0.00%)
2020-03-18 15:12:30,067 INFO o.a.j.r.Summariser: summary +  30731 in 00:00:30 = 1024.5/s Avg:   290 Min:    24 Max: 32628 Err:     0 (0.00%) Active: 300 Started: 300 Finished: 0
2020-03-18 15:12:30,069 INFO o.a.j.r.Summariser: summary = 227561 in 00:03:25 = 1112.2/s Avg:   245 Min:    17 Max: 32628 Err:     0 (0.00%)
2020-03-18 15:13:00,003 INFO o.a.j.r.Summariser: summary +  29160 in 00:00:30 =  974.1/s Avg:   308 Min:    26 Max: 32498 Err:     0 (0.00%) Active: 300 Started: 300 Finished: 0
2020-03-18 15:13:00,004 INFO o.a.j.r.Summariser: summary = 256721 in 00:03:55 = 1094.6/s Avg:   252 Min:    17 Max: 32628 Err:     0 (0.00%)
2020-03-18 15:13:05,572 INFO o.a.j.t.JMeterThread: Stopping because end time detected by thread: Grupo De Hilos 1-4
2020-03-18 15:13:05,572 INFO o.a.j.t.JMeterThread: Thread finished: Grupo De Hilos 1-4
2020-03-18 15:13:05,599 INFO o.a.j.t.JMeterThread: Stopping because end time detected by thread: Grupo De Hilos 1-9
2020-03-18 15:13:05,600 INFO o.a.j.t.JMeterThread: Thread finished: Grupo De Hilos 1-9
2020-03-18 15:13:05,646 INFO o.a.j.t.JMeterThread: Stopping because end time detected by thread: Grupo De Hilos 1-29
2020-03-18 15:13:05,646 INFO o.a.j.t.JMeterThread: Thread finished: Grupo De Hilos 1-29
2020-03-18 15:13:05,647 INFO o.a.j.t.JMeterThread: Stopping because end time detected by thread: Grupo De Hilos 1-7
2020-03-18 15:13:05,647 INFO o.a.j.t.JMeterThread: Thread finished: Grupo De Hilos 1-7
2020-03-18 15:13:05,648 INFO o.a.j.t.JMeterThread: Stopping because end time detected by thread: Grupo De Hilos 1-24
2020-03-18 15:13:05,649 INFO o.a.j.t.JMeterThread: Thread finished: Grupo De Hilos 1-24
2020-03-18 15:13:05,654 INFO o.a.j.t.JMeterThread: Stopping because end time detected by thread: Grupo De Hilos 1-35
2020-03-18 15:13:05,654 INFO o.a.j.t.JMeterThread: Thread finished: Grupo De Hilos 1-35
2020-03-18 15:13:05,656 INFO o.a.j.t.JMeterThread: Stopping because end time detected by thread: Grupo De Hilos 1-47
2020-03-18 15:13:05,656 INFO o.a.j.t.JMeterThread: Stopping because end time detected by thread: Grupo De Hilos 1-30
2020-03-18 15:13:05,656 INFO o.a.j.t.JMeterThread: Thread finished: Grupo De Hilos 1-47
2020-03-18 15:13:05,656 INFO o.a.j.t.JMeterThread: Thread finished: Grupo De Hilos 1-30
2020-03-18 15:13:05,657 INFO o.a.j.t.JMeterThread: Stopping because end time detected by thread: Grupo De Hilos 1-14
2020-03-18 15:13:05,657 INFO o.a.j.t.JMeterThread: Thread finished: Grupo De Hilos 1-14
2020-03-18 15:13:05,657 INFO o.a.j.t.JMeterThread: Stopping because end time detected by thread: Grupo De Hilos 1-33
2020-03-18 15:13:05,658 INFO o.a.j.t.JMeterThread: Thread finished: Grupo De Hilos 1-33
2020-03-18 15:13:05,697 INFO o.a.j.t.JMeterThread: Stopping because end time detected by thread: Grupo De Hilos 1-52
2020-03-18 15:13:05,697 INFO o.a.j.t.JMeterThread: Thread finished: Grupo De Hilos 1-52
2020-03-18 15:13:05,697 INFO o.a.j.t.JMeterThread: Stopping because end time detected by thread: Grupo De Hilos 1-13
2020-03-18 15:13:05,697 INFO o.a.j.t.JMeterThread: Stopping because end time detected by thread: Grupo De Hilos 1-25
2020-03-18 15:13:05,698 INFO o.a.j.t.JMeterThread: Thread finished: Grupo De Hilos 1-25
2020-03-18 15:13:05,697 INFO o.a.j.t.JMeterThread: Thread finished: Grupo De Hilos 1-13
2020-03-18 15:13:05,699 INFO o.a.j.t.JMeterThread: Stopping because end time detected by thread: Grupo De Hilos 1-28
2020-03-18 15:13:05,699 INFO o.a.j.t.JMeterThread: Thread finished: Grupo De Hilos 1-28
2020-03-18 15:13:05,697 INFO o.a.j.t.JMeterThread: Stopping because end time detected by thread: Grupo De Hilos 1-10
2020-03-18 15:13:05,703 INFO o.a.j.t.JMeterThread: Thread finished: Grupo De Hilos 1-10
2020-03-18 15:13:05,704 INFO o.a.j.t.JMeterThread: Stopping because end time detected by thread: Grupo De Hilos 1-2
2020-03-18 15:13:05,704 INFO o.a.j.t.JMeterThread: Thread finished: Grupo De Hilos 1-2
2020-03-18 15:13:05,704 INFO o.a.j.t.JMeterThread: Stopping because end time detected by thread: Grupo De Hilos 1-6
2020-03-18 15:13:05,705 INFO o.a.j.t.JMeterThread: Thread finished: Grupo De Hilos 1-6
2020-03-18 15:13:05,705 INFO o.a.j.t.JMeterThread: Stopping because end time detected by thread: Grupo De Hilos 1-39
2020-03-18 15:13:05,705 INFO o.a.j.t.JMeterThread: Thread finished: Grupo De Hilos 1-39
2020-03-18 15:13:05,707 INFO o.a.j.t.JMeterThread: Stopping because end time detected by thread: Grupo De Hilos 1-68
2020-03-18 15:13:05,707 INFO o.a.j.t.JMeterThread: Thread finished: Grupo De Hilos 1-68
2020-03-18 15:13:05,737 INFO o.a.j.t.JMeterThread: Stopping because end time detected by thread: Grupo De Hilos 1-46
2020-03-18 15:13:05,737 INFO o.a.j.t.JMeterThread: Thread finished: Grupo De Hilos 1-46
2020-03-18 15:13:05,738 INFO o.a.j.t.JMeterThread: Stopping because end time detected by thread: Grupo De Hilos 1-38
2020-03-18 15:13:05,738 INFO o.a.j.t.JMeterThread: Thread finished: Grupo De Hilos 1-38
2020-03-18 15:13:05,739 INFO o.a.j.t.JMeterThread: Stopping because end time detected by thread: Grupo De Hilos 1-34
2020-03-18 15:13:05,739 INFO o.a.j.t.JMeterThread: Stopping because end time detected by thread: Grupo De Hilos 1-54
2020-03-18 15:13:05,739 INFO o.a.j.t.JMeterThread: Thread finished: Grupo De Hilos 1-34
2020-03-18 15:13:05,739 INFO o.a.j.t.JMeterThread: Thread finished: Grupo De Hilos 1-54
2020-03-18 15:13:05,740 INFO o.a.j.t.JMeterThread: Stopping because end time detected by thread: Grupo De Hilos 1-64
2020-03-18 15:13:05,740 INFO o.a.j.t.JMeterThread: Thread finished: Grupo De Hilos 1-64
2020-03-18 15:13:05,744 INFO o.a.j.t.JMeterThread: Stopping because end time detected by thread: Grupo De Hilos 1-26
2020-03-18 15:13:05,744 INFO o.a.j.t.JMeterThread: Thread finished: Grupo De Hilos 1-26
2020-03-18 15:13:05,745 INFO o.a.j.t.JMeterThread: Stopping because end time detected by thread: Grupo De Hilos 1-45
2020-03-18 15:13:05,745 INFO o.a.j.t.JMeterThread: Stopping because end time detected by thread: Grupo De Hilos 1-43
2020-03-18 15:13:05,745 INFO o.a.j.t.JMeterThread: Thread finished: Grupo De Hilos 1-45
2020-03-18 15:13:05,746 INFO o.a.j.t.JMeterThread: Stopping because end time detected by thread: Grupo De Hilos 1-63
2020-03-18 15:13:05,746 INFO o.a.j.t.JMeterThread: Thread finished: Grupo De Hilos 1-63
2020-03-18 15:13:05,746 INFO o.a.j.t.JMeterThread: Thread finished: Grupo De Hilos 1-43
2020-03-18 15:13:05,770 INFO o.a.j.t.JMeterThread: Stopping because end time detected by thread: Grupo De Hilos 1-93
2020-03-18 15:13:05,770 INFO o.a.j.t.JMeterThread: Thread finished: Grupo De Hilos 1-93
2020-03-18 15:13:05,770 INFO o.a.j.t.JMeterThread: Stopping because end time detected by thread: Grupo De Hilos 1-37
2020-03-18 15:13:05,770 INFO o.a.j.t.JMeterThread: Stopping because end time detected by thread: Grupo De Hilos 1-100
2020-03-18 15:13:05,770 INFO o.a.j.t.JMeterThread: Thread finished: Grupo De Hilos 1-37
2020-03-18 15:13:05,770 INFO o.a.j.t.JMeterThread: Stopping because end time detected by thread: Grupo De Hilos 1-92
2020-03-18 15:13:05,771 INFO o.a.j.t.JMeterThread: Thread finished: Grupo De Hilos 1-92
2020-03-18 15:13:05,771 INFO o.a.j.t.JMeterThread: Thread finished: Grupo De Hilos 1-100
2020-03-18 15:13:05,771 INFO o.a.j.t.JMeterThread: Stopping because end time detected by thread: Grupo De Hilos 1-97
2020-03-18 15:13:05,771 INFO o.a.j.t.JMeterThread: Thread finished: Grupo De Hilos 1-97
2020-03-18 15:13:05,772 INFO o.a.j.t.JMeterThread: Stopping because end time detected by thread: Grupo De Hilos 1-23
2020-03-18 15:13:05,772 INFO o.a.j.t.JMeterThread: Stopping because end time detected by thread: Grupo De Hilos 1-112
2020-03-18 15:13:05,772 INFO o.a.j.t.JMeterThread: Thread finished: Grupo De Hilos 1-23
2020-03-18 15:13:05,772 INFO o.a.j.t.JMeterThread: Stopping because end time detected by thread: Grupo De Hilos 1-49
2020-03-18 15:13:05,772 INFO o.a.j.t.JMeterThread: Thread finished: Grupo De Hilos 1-49
2020-03-18 15:13:05,772 INFO o.a.j.t.JMeterThread: Thread finished: Grupo De Hilos 1-112
2020-03-18 15:13:05,777 INFO o.a.j.t.JMeterThread: Stopping because end time detected by thread: Grupo De Hilos 1-82
2020-03-18 15:13:05,778 INFO o.a.j.t.JMeterThread: Thread finished: Grupo De Hilos 1-82
2020-03-18 15:13:05,778 INFO o.a.j.t.JMeterThread: Stopping because end time detected by thread: Grupo De Hilos 1-79
2020-03-18 15:13:05,778 INFO o.a.j.t.JMeterThread: Stopping because end time detected by thread: Grupo De Hilos 1-98
2020-03-18 15:13:05,778 INFO o.a.j.t.JMeterThread: Thread finished: Grupo De Hilos 1-79
2020-03-18 15:13:05,779 INFO o.a.j.t.JMeterThread: Stopping because end time detected by thread: Grupo De Hilos 1-74
2020-03-18 15:13:05,779 INFO o.a.j.t.JMeterThread: Thread finished: Grupo De Hilos 1-98
2020-03-18 15:13:05,779 INFO o.a.j.t.JMeterThread: Thread finished: Grupo De Hilos 1-74
2020-03-18 15:13:05,779 INFO o.a.j.t.JMeterThread: Stopping because end time detected by thread: Grupo De Hilos 1-53
2020-03-18 15:13:05,779 INFO o.a.j.t.JMeterThread: Thread finished: Grupo De Hilos 1-53
2020-03-18 15:13:05,794 INFO o.a.j.t.JMeterThread: Stopping because end time detected by thread: Grupo De Hilos 1-118
2020-03-18 15:13:05,794 INFO o.a.j.t.JMeterThread: Stopping because end time detected by thread: Grupo De Hilos 1-55
2020-03-18 15:13:05,794 INFO o.a.j.t.JMeterThread: Stopping because end time detected by thread: Grupo De Hilos 1-120
2020-03-18 15:13:05,794 INFO o.a.j.t.JMeterThread: Thread finished: Grupo De Hilos 1-118
2020-03-18 15:13:05,794 INFO o.a.j.t.JMeterThread: Thread finished: Grupo De Hilos 1-55
2020-03-18 15:13:05,794 INFO o.a.j.t.JMeterThread: Thread finished: Grupo De Hilos 1-120
2020-03-18 15:13:05,798 INFO o.a.j.t.JMeterThread: Stopping because end time detected by thread: Grupo De Hilos 1-60
2020-03-18 15:13:05,798 INFO o.a.j.t.JMeterThread: Stopping because end time detected by thread: Grupo De Hilos 1-101
2020-03-18 15:13:05,798 INFO o.a.j.t.JMeterThread: Thread finished: Grupo De Hilos 1-60
2020-03-18 15:13:05,799 INFO o.a.j.t.JMeterThread: Stopping because end time detected by thread: Grupo De Hilos 1-65
2020-03-18 15:13:05,799 INFO o.a.j.t.JMeterThread: Thread finished: Grupo De Hilos 1-65
2020-03-18 15:13:05,798 INFO o.a.j.t.JMeterThread: Stopping because end time detected by thread: Grupo De Hilos 1-51
2020-03-18 15:13:05,799 INFO o.a.j.t.JMeterThread: Stopping because end time detected by thread: Grupo De Hilos 1-119
2020-03-18 15:13:05,799 INFO o.a.j.t.JMeterThread: Thread finished: Grupo De Hilos 1-119
2020-03-18 15:13:05,799 INFO o.a.j.t.JMeterThread: Stopping because end time detected by thread: Grupo De Hilos 1-78
2020-03-18 15:13:05,799 INFO o.a.j.t.JMeterThread: Thread finished: Grupo De Hilos 1-78
2020-03-18 15:13:05,799 INFO o.a.j.t.JMeterThread: Stopping because end time detected by thread: Grupo De Hilos 1-99
2020-03-18 15:13:05,800 INFO o.a.j.t.JMeterThread: Thread finished: Grupo De Hilos 1-99
2020-03-18 15:13:05,799 INFO o.a.j.t.JMeterThread: Thread finished: Grupo De Hilos 1-101
2020-03-18 15:13:05,798 INFO o.a.j.t.JMeterThread: Stopping because end time detected by thread: Grupo De Hilos 1-84
2020-03-18 15:13:05,801 INFO o.a.j.t.JMeterThread: Thread finished: Grupo De Hilos 1-84
2020-03-18 15:13:05,801 INFO o.a.j.t.JMeterThread: Thread finished: Grupo De Hilos 1-51
2020-03-18 15:13:05,801 INFO o.a.j.t.JMeterThread: Stopping because end time detected by thread: Grupo De Hilos 1-11
2020-03-18 15:13:05,801 INFO o.a.j.t.JMeterThread: Thread finished: Grupo De Hilos 1-11
2020-03-18 15:13:05,816 INFO o.a.j.t.JMeterThread: Stopping because end time detected by thread: Grupo De Hilos 1-44
2020-03-18 15:13:05,816 INFO o.a.j.t.JMeterThread: Thread finished: Grupo De Hilos 1-44
2020-03-18 15:13:05,816 INFO o.a.j.t.JMeterThread: Stopping because end time detected by thread: Grupo De Hilos 1-41
2020-03-18 15:13:05,817 INFO o.a.j.t.JMeterThread: Thread finished: Grupo De Hilos 1-41
2020-03-18 15:13:05,817 INFO o.a.j.t.JMeterThread: Stopping because end time detected by thread: Grupo De Hilos 1-3
2020-03-18 15:13:05,817 INFO o.a.j.t.JMeterThread: Stopping because end time detected by thread: Grupo De Hilos 1-103
2020-03-18 15:13:05,817 INFO o.a.j.t.JMeterThread: Thread finished: Grupo De Hilos 1-3
2020-03-18 15:13:05,817 INFO o.a.j.t.JMeterThread: Thread finished: Grupo De Hilos 1-103
2020-03-18 15:13:05,821 INFO o.a.j.t.JMeterThread: Stopping because end time detected by thread: Grupo De Hilos 1-107
2020-03-18 15:13:05,822 INFO o.a.j.t.JMeterThread: Thread finished: Grupo De Hilos 1-107
2020-03-18 15:13:05,834 INFO o.a.j.t.JMeterThread: Stopping because end time detected by thread: Grupo De Hilos 1-59
2020-03-18 15:13:05,834 INFO o.a.j.t.JMeterThread: Thread finished: Grupo De Hilos 1-59
2020-03-18 15:13:05,834 INFO o.a.j.t.JMeterThread: Stopping because end time detected by thread: Grupo De Hilos 1-147
2020-03-18 15:13:05,835 INFO o.a.j.t.JMeterThread: Thread finished: Grupo De Hilos 1-147
2020-03-18 15:13:05,835 INFO o.a.j.t.JMeterThread: Stopping because end time detected by thread: Grupo De Hilos 1-86
2020-03-18 15:13:05,836 INFO o.a.j.t.JMeterThread: Thread finished: Grupo De Hilos 1-86
2020-03-18 15:13:05,835 INFO o.a.j.t.JMeterThread: Stopping because end time detected by thread: Grupo De Hilos 1-105
2020-03-18 15:13:05,835 INFO o.a.j.t.JMeterThread: Stopping because end time detected by thread: Grupo De Hilos 1-142
2020-03-18 15:13:05,835 INFO o.a.j.t.JMeterThread: Stopping because end time detected by thread: Grupo De Hilos 1-50
2020-03-18 15:13:05,836 INFO o.a.j.t.JMeterThread: Thread finished: Grupo De Hilos 1-105
2020-03-18 15:13:05,836 INFO o.a.j.t.JMeterThread: Thread finished: Grupo De Hilos 1-142
2020-03-18 15:13:05,836 INFO o.a.j.t.JMeterThread: Thread finished: Grupo De Hilos 1-50
2020-03-18 15:13:05,837 INFO o.a.j.t.JMeterThread: Stopping because end time detected by thread: Grupo De Hilos 1-96
2020-03-18 15:13:05,837 INFO o.a.j.t.JMeterThread: Thread finished: Grupo De Hilos 1-96
2020-03-18 15:13:05,834 INFO o.a.j.t.JMeterThread: Stopping because end time detected by thread: Grupo De Hilos 1-129
2020-03-18 15:13:05,838 INFO o.a.j.t.JMeterThread: Stopping because end time detected by thread: Grupo De Hilos 1-116
2020-03-18 15:13:05,838 INFO o.a.j.t.JMeterThread: Thread finished: Grupo De Hilos 1-116
2020-03-18 15:13:05,838 INFO o.a.j.t.JMeterThread: Stopping because end time detected by thread: Grupo De Hilos 1-114
2020-03-18 15:13:05,838 INFO o.a.j.t.JMeterThread: Thread finished: Grupo De Hilos 1-114
2020-03-18 15:13:05,838 INFO o.a.j.t.JMeterThread: Stopping because end time detected by thread: Grupo De Hilos 1-141
2020-03-18 15:13:05,838 INFO o.a.j.t.JMeterThread: Thread finished: Grupo De Hilos 1-141
2020-03-18 15:13:05,839 INFO o.a.j.t.JMeterThread: Stopping because end time detected by thread: Grupo De Hilos 1-62
2020-03-18 15:13:05,839 INFO o.a.j.t.JMeterThread: Thread finished: Grupo De Hilos 1-62
2020-03-18 15:13:05,835 INFO o.a.j.t.JMeterThread: Stopping because end time detected by thread: Grupo De Hilos 1-110
2020-03-18 15:13:05,838 INFO o.a.j.t.JMeterThread: Thread finished: Grupo De Hilos 1-129
2020-03-18 15:13:05,843 INFO o.a.j.t.JMeterThread: Stopping because end time detected by thread: Grupo De Hilos 1-89
2020-03-18 15:13:05,844 INFO o.a.j.t.JMeterThread: Thread finished: Grupo De Hilos 1-89
2020-03-18 15:13:05,843 INFO o.a.j.t.JMeterThread: Stopping because end time detected by thread: Grupo De Hilos 1-106
2020-03-18 15:13:05,845 INFO o.a.j.t.JMeterThread: Thread finished: Grupo De Hilos 1-106
2020-03-18 15:13:05,843 INFO o.a.j.t.JMeterThread: Stopping because end time detected by thread: Grupo De Hilos 1-134
2020-03-18 15:13:05,843 INFO o.a.j.t.JMeterThread: Thread finished: Grupo De Hilos 1-110
2020-03-18 15:13:05,845 INFO o.a.j.t.JMeterThread: Thread finished: Grupo De Hilos 1-134
2020-03-18 15:13:05,843 INFO o.a.j.t.JMeterThread: Stopping because end time detected by thread: Grupo De Hilos 1-31
2020-03-18 15:13:05,846 INFO o.a.j.t.JMeterThread: Thread finished: Grupo De Hilos 1-31
2020-03-18 15:13:05,843 INFO o.a.j.t.JMeterThread: Stopping because end time detected by thread: Grupo De Hilos 1-121
2020-03-18 15:13:05,843 INFO o.a.j.t.JMeterThread: Stopping because end time detected by thread: Grupo De Hilos 1-18
2020-03-18 15:13:05,846 INFO o.a.j.t.JMeterThread: Thread finished: Grupo De Hilos 1-121
2020-03-18 15:13:05,843 INFO o.a.j.t.JMeterThread: Stopping because end time detected by thread: Grupo De Hilos 1-148
2020-03-18 15:13:05,847 INFO o.a.j.t.JMeterThread: Thread finished: Grupo De Hilos 1-148
2020-03-18 15:13:05,843 INFO o.a.j.t.JMeterThread: Stopping because end time detected by thread: Grupo De Hilos 1-5
2020-03-18 15:13:05,847 INFO o.a.j.t.JMeterThread: Thread finished: Grupo De Hilos 1-5
2020-03-18 15:13:05,846 INFO o.a.j.t.JMeterThread: Thread finished: Grupo De Hilos 1-18
2020-03-18 15:13:05,843 INFO o.a.j.t.JMeterThread: Stopping because end time detected by thread: Grupo De Hilos 1-123
2020-03-18 15:13:05,848 INFO o.a.j.t.JMeterThread: Thread finished: Grupo De Hilos 1-123
2020-03-18 15:13:05,865 INFO o.a.j.t.JMeterThread: Stopping because end time detected by thread: Grupo De Hilos 1-128
2020-03-18 15:13:05,865 INFO o.a.j.t.JMeterThread: Thread finished: Grupo De Hilos 1-128
2020-03-18 15:13:05,865 INFO o.a.j.t.JMeterThread: Stopping because end time detected by thread: Grupo De Hilos 1-140
2020-03-18 15:13:05,865 INFO o.a.j.t.JMeterThread: Thread finished: Grupo De Hilos 1-140
2020-03-18 15:13:05,865 INFO o.a.j.t.JMeterThread: Stopping because end time detected by thread: Grupo De Hilos 1-177
2020-03-18 15:13:05,866 INFO o.a.j.t.JMeterThread: Thread finished: Grupo De Hilos 1-177
2020-03-18 15:13:05,867 INFO o.a.j.t.JMeterThread: Stopping because end time detected by thread: Grupo De Hilos 1-90
2020-03-18 15:13:05,867 INFO o.a.j.t.JMeterThread: Stopping because end time detected by thread: Grupo De Hilos 1-131
2020-03-18 15:13:05,867 INFO o.a.j.t.JMeterThread: Thread finished: Grupo De Hilos 1-90
2020-03-18 15:13:05,867 INFO o.a.j.t.JMeterThread: Thread finished: Grupo De Hilos 1-131
2020-03-18 15:13:05,868 INFO o.a.j.t.JMeterThread: Stopping because end time detected by thread: Grupo De Hilos 1-85
2020-03-18 15:13:05,868 INFO o.a.j.t.JMeterThread: Thread finished: Grupo De Hilos 1-85
2020-03-18 15:13:05,868 INFO o.a.j.t.JMeterThread: Stopping because end time detected by thread: Grupo De Hilos 1-160
2020-03-18 15:13:05,868 INFO o.a.j.t.JMeterThread: Thread finished: Grupo De Hilos 1-160
2020-03-18 15:13:05,868 INFO o.a.j.t.JMeterThread: Stopping because end time detected by thread: Grupo De Hilos 1-156
2020-03-18 15:13:05,868 INFO o.a.j.t.JMeterThread: Stopping because end time detected by thread: Grupo De Hilos 1-109
2020-03-18 15:13:05,869 INFO o.a.j.t.JMeterThread: Thread finished: Grupo De Hilos 1-156
2020-03-18 15:13:05,869 INFO o.a.j.t.JMeterThread: Thread finished: Grupo De Hilos 1-109
2020-03-18 15:13:05,870 INFO o.a.j.t.JMeterThread: Stopping because end time detected by thread: Grupo De Hilos 1-16
2020-03-18 15:13:05,870 INFO o.a.j.t.JMeterThread: Thread finished: Grupo De Hilos 1-16
2020-03-18 15:13:05,870 INFO o.a.j.t.JMeterThread: Stopping because end time detected by thread: Grupo De Hilos 1-170
2020-03-18 15:13:05,871 INFO o.a.j.t.JMeterThread: Thread finished: Grupo De Hilos 1-170
2020-03-18 15:13:05,873 INFO o.a.j.t.JMeterThread: Stopping because end time detected by thread: Grupo De Hilos 1-111
2020-03-18 15:13:05,873 INFO o.a.j.t.JMeterThread: Stopping because end time detected by thread: Grupo De Hilos 1-130
2020-03-18 15:13:05,873 INFO o.a.j.t.JMeterThread: Thread finished: Grupo De Hilos 1-111
2020-03-18 15:13:05,873 INFO o.a.j.t.JMeterThread: Thread finished: Grupo De Hilos 1-130
2020-03-18 15:13:05,873 INFO o.a.j.t.JMeterThread: Stopping because end time detected by thread: Grupo De Hilos 1-17
2020-03-18 15:13:05,873 INFO o.a.j.t.JMeterThread: Thread finished: Grupo De Hilos 1-17
2020-03-18 15:13:05,874 INFO o.a.j.t.JMeterThread: Stopping because end time detected by thread: Grupo De Hilos 1-179
2020-03-18 15:13:05,874 INFO o.a.j.t.JMeterThread: Stopping because end time detected by thread: Grupo De Hilos 1-174
2020-03-18 15:13:05,874 INFO o.a.j.t.JMeterThread: Thread finished: Grupo De Hilos 1-179
2020-03-18 15:13:05,874 INFO o.a.j.t.JMeterThread: Thread finished: Grupo De Hilos 1-174
2020-03-18 15:13:05,874 INFO o.a.j.t.JMeterThread: Stopping because end time detected by thread: Grupo De Hilos 1-157
2020-03-18 15:13:05,874 INFO o.a.j.t.JMeterThread: Thread finished: Grupo De Hilos 1-157
2020-03-18 15:13:05,875 INFO o.a.j.t.JMeterThread: Stopping because end time detected by thread: Grupo De Hilos 1-149
2020-03-18 15:13:05,875 INFO o.a.j.t.JMeterThread: Thread finished: Grupo De Hilos 1-149
2020-03-18 15:13:05,890 INFO o.a.j.t.JMeterThread: Stopping because end time detected by thread: Grupo De Hilos 1-40
2020-03-18 15:13:05,890 INFO o.a.j.t.JMeterThread: Stopping because end time detected by thread: Grupo De Hilos 1-15
2020-03-18 15:13:05,890 INFO o.a.j.t.JMeterThread: Thread finished: Grupo De Hilos 1-40
2020-03-18 15:13:05,890 INFO o.a.j.t.JMeterThread: Thread finished: Grupo De Hilos 1-15
2020-03-18 15:13:05,890 INFO o.a.j.t.JMeterThread: Stopping because end time detected by thread: Grupo De Hilos 1-155
2020-03-18 15:13:05,890 INFO o.a.j.t.JMeterThread: Thread finished: Grupo De Hilos 1-155
2020-03-18 15:13:05,890 INFO o.a.j.t.JMeterThread: Stopping because end time detected by thread: Grupo De Hilos 1-150
2020-03-18 15:13:05,890 INFO o.a.j.t.JMeterThread: Stopping because end time detected by thread: Grupo De Hilos 1-139
2020-03-18 15:13:05,890 INFO o.a.j.t.JMeterThread: Thread finished: Grupo De Hilos 1-150
2020-03-18 15:13:05,890 INFO o.a.j.t.JMeterThread: Thread finished: Grupo De Hilos 1-139
2020-03-18 15:13:05,891 INFO o.a.j.t.JMeterThread: Stopping because end time detected by thread: Grupo De Hilos 1-173
2020-03-18 15:13:05,891 INFO o.a.j.t.JMeterThread: Thread finished: Grupo De Hilos 1-173
2020-03-18 15:13:05,892 INFO o.a.j.t.JMeterThread: Stopping because end time detected by thread: Grupo De Hilos 1-184
2020-03-18 15:13:05,892 INFO o.a.j.t.JMeterThread: Stopping because end time detected by thread: Grupo De Hilos 1-42
2020-03-18 15:13:05,892 INFO o.a.j.t.JMeterThread: Thread finished: Grupo De Hilos 1-184
2020-03-18 15:13:05,892 INFO o.a.j.t.JMeterThread: Thread finished: Grupo De Hilos 1-42
2020-03-18 15:13:05,893 INFO o.a.j.t.JMeterThread: Stopping because end time detected by thread: Grupo De Hilos 1-153
2020-03-18 15:13:05,893 INFO o.a.j.t.JMeterThread: Thread finished: Grupo De Hilos 1-153
2020-03-18 15:13:05,893 INFO o.a.j.t.JMeterThread: Stopping because end time detected by thread: Grupo De Hilos 1-171
2020-03-18 15:13:05,893 INFO o.a.j.t.JMeterThread: Thread finished: Grupo De Hilos 1-171
2020-03-18 15:13:05,898 INFO o.a.j.t.JMeterThread: Stopping because end time detected by thread: Grupo De Hilos 1-124
2020-03-18 15:13:05,898 INFO o.a.j.t.JMeterThread: Stopping because end time detected by thread: Grupo De Hilos 1-166
2020-03-18 15:13:05,898 INFO o.a.j.t.JMeterThread: Thread finished: Grupo De Hilos 1-124
2020-03-18 15:13:05,898 INFO o.a.j.t.JMeterThread: Thread finished: Grupo De Hilos 1-166
2020-03-18 15:13:05,899 INFO o.a.j.t.JMeterThread: Stopping because end time detected by thread: Grupo De Hilos 1-189
2020-03-18 15:13:05,899 INFO o.a.j.t.JMeterThread: Thread finished: Grupo De Hilos 1-189
2020-03-18 15:13:05,902 INFO o.a.j.t.JMeterThread: Stopping because end time detected by thread: Grupo De Hilos 1-22
2020-03-18 15:13:05,902 INFO o.a.j.t.JMeterThread: Thread finished: Grupo De Hilos 1-22
2020-03-18 15:13:05,902 INFO o.a.j.t.JMeterThread: Stopping because end time detected by thread: Grupo De Hilos 1-125
2020-03-18 15:13:05,902 INFO o.a.j.t.JMeterThread: Thread finished: Grupo De Hilos 1-125
2020-03-18 15:13:05,903 INFO o.a.j.t.JMeterThread: Stopping because end time detected by thread: Grupo De Hilos 1-136
2020-03-18 15:13:05,903 INFO o.a.j.t.JMeterThread: Thread finished: Grupo De Hilos 1-136
2020-03-18 15:13:05,906 INFO o.a.j.t.JMeterThread: Stopping because end time detected by thread: Grupo De Hilos 1-87
2020-03-18 15:13:05,906 INFO o.a.j.t.JMeterThread: Thread finished: Grupo De Hilos 1-87
2020-03-18 15:13:05,906 INFO o.a.j.t.JMeterThread: Stopping because end time detected by thread: Grupo De Hilos 1-193
2020-03-18 15:13:05,906 INFO o.a.j.t.JMeterThread: Thread finished: Grupo De Hilos 1-193
2020-03-18 15:13:05,906 INFO o.a.j.t.JMeterThread: Stopping because end time detected by thread: Grupo De Hilos 1-180
2020-03-18 15:13:05,907 INFO o.a.j.t.JMeterThread: Thread finished: Grupo De Hilos 1-180
2020-03-18 15:13:05,919 INFO o.a.j.t.JMeterThread: Stopping because end time detected by thread: Grupo De Hilos 1-58
2020-03-18 15:13:05,920 INFO o.a.j.t.JMeterThread: Thread finished: Grupo De Hilos 1-58
2020-03-18 15:13:05,920 INFO o.a.j.t.JMeterThread: Stopping because end time detected by thread: Grupo De Hilos 1-20
2020-03-18 15:13:05,920 INFO o.a.j.t.JMeterThread: Stopping because end time detected by thread: Grupo De Hilos 1-178
2020-03-18 15:13:05,920 INFO o.a.j.t.JMeterThread: Thread finished: Grupo De Hilos 1-20
2020-03-18 15:13:05,921 INFO o.a.j.t.JMeterThread: Thread finished: Grupo De Hilos 1-178
2020-03-18 15:13:05,921 INFO o.a.j.t.JMeterThread: Stopping because end time detected by thread: Grupo De Hilos 1-158
2020-03-18 15:13:05,921 INFO o.a.j.t.JMeterThread: Thread finished: Grupo De Hilos 1-158
2020-03-18 15:13:05,924 INFO o.a.j.t.JMeterThread: Stopping because end time detected by thread: Grupo De Hilos 1-144
2020-03-18 15:13:05,924 INFO o.a.j.t.JMeterThread: Stopping because end time detected by thread: Grupo De Hilos 1-195
2020-03-18 15:13:05,925 INFO o.a.j.t.JMeterThread: Thread finished: Grupo De Hilos 1-144
2020-03-18 15:13:05,925 INFO o.a.j.t.JMeterThread: Thread finished: Grupo De Hilos 1-195
2020-03-18 15:13:05,926 INFO o.a.j.t.JMeterThread: Stopping because end time detected by thread: Grupo De Hilos 1-83
2020-03-18 15:13:05,926 INFO o.a.j.t.JMeterThread: Stopping because end time detected by thread: Grupo De Hilos 1-135
2020-03-18 15:13:05,926 INFO o.a.j.t.JMeterThread: Thread finished: Grupo De Hilos 1-83
2020-03-18 15:13:05,926 INFO o.a.j.t.JMeterThread: Thread finished: Grupo De Hilos 1-135
2020-03-18 15:13:05,938 INFO o.a.j.t.JMeterThread: Stopping because end time detected by thread: Grupo De Hilos 1-95
2020-03-18 15:13:05,938 INFO o.a.j.t.JMeterThread: Stopping because end time detected by thread: Grupo De Hilos 1-104
2020-03-18 15:13:05,938 INFO o.a.j.t.JMeterThread: Thread finished: Grupo De Hilos 1-95
2020-03-18 15:13:05,938 INFO o.a.j.t.JMeterThread: Thread finished: Grupo De Hilos 1-104
2020-03-18 15:13:05,940 INFO o.a.j.t.JMeterThread: Stopping because end time detected by thread: Grupo De Hilos 1-76
2020-03-18 15:13:05,940 INFO o.a.j.t.JMeterThread: Thread finished: Grupo De Hilos 1-76
2020-03-18 15:13:05,940 INFO o.a.j.t.JMeterThread: Stopping because end time detected by thread: Grupo De Hilos 1-176
2020-03-18 15:13:05,940 INFO o.a.j.t.JMeterThread: Stopping because end time detected by thread: Grupo De Hilos 1-151
2020-03-18 15:13:05,941 INFO o.a.j.t.JMeterThread: Thread finished: Grupo De Hilos 1-176
2020-03-18 15:13:05,941 INFO o.a.j.t.JMeterThread: Thread finished: Grupo De Hilos 1-151
2020-03-18 15:13:05,941 INFO o.a.j.t.JMeterThread: Stopping because end time detected by thread: Grupo De Hilos 1-194
2020-03-18 15:13:05,941 INFO o.a.j.t.JMeterThread: Thread finished: Grupo De Hilos 1-194
2020-03-18 15:13:05,941 INFO o.a.j.t.JMeterThread: Stopping because end time detected by thread: Grupo De Hilos 1-161
2020-03-18 15:13:05,941 INFO o.a.j.t.JMeterThread: Thread finished: Grupo De Hilos 1-161
2020-03-18 15:13:05,941 INFO o.a.j.t.JMeterThread: Stopping because end time detected by thread: Grupo De Hilos 1-167
2020-03-18 15:13:05,941 INFO o.a.j.t.JMeterThread: Stopping because end time detected by thread: Grupo De Hilos 1-102
2020-03-18 15:13:05,942 INFO o.a.j.t.JMeterThread: Thread finished: Grupo De Hilos 1-167
2020-03-18 15:13:05,942 INFO o.a.j.t.JMeterThread: Thread finished: Grupo De Hilos 1-102
2020-03-18 15:13:05,940 INFO o.a.j.t.JMeterThread: Stopping because end time detected by thread: Grupo De Hilos 1-1
2020-03-18 15:13:05,942 INFO o.a.j.t.JMeterThread: Thread finished: Grupo De Hilos 1-1
2020-03-18 15:13:05,942 INFO o.a.j.t.JMeterThread: Stopping because end time detected by thread: Grupo De Hilos 1-94
2020-03-18 15:13:05,942 INFO o.a.j.t.JMeterThread: Thread finished: Grupo De Hilos 1-94
2020-03-18 15:13:05,945 INFO o.a.j.t.JMeterThread: Stopping because end time detected by thread: Grupo De Hilos 1-187
2020-03-18 15:13:05,945 INFO o.a.j.t.JMeterThread: Stopping because end time detected by thread: Grupo De Hilos 1-182
2020-03-18 15:13:05,945 INFO o.a.j.t.JMeterThread: Thread finished: Grupo De Hilos 1-187
2020-03-18 15:13:05,945 INFO o.a.j.t.JMeterThread: Stopping because end time detected by thread: Grupo De Hilos 1-36
2020-03-18 15:13:05,945 INFO o.a.j.t.JMeterThread: Stopping because end time detected by thread: Grupo De Hilos 1-70
2020-03-18 15:13:05,945 INFO o.a.j.t.JMeterThread: Thread finished: Grupo De Hilos 1-70
2020-03-18 15:13:05,946 INFO o.a.j.t.JMeterThread: Stopping because end time detected by thread: Grupo De Hilos 1-168
2020-03-18 15:13:05,946 INFO o.a.j.t.JMeterThread: Stopping because end time detected by thread: Grupo De Hilos 1-200
2020-03-18 15:13:05,946 INFO o.a.j.t.JMeterThread: Thread finished: Grupo De Hilos 1-168
2020-03-18 15:13:05,946 INFO o.a.j.t.JMeterThread: Stopping because end time detected by thread: Grupo De Hilos 1-186
2020-03-18 15:13:05,946 INFO o.a.j.t.JMeterThread: Thread finished: Grupo De Hilos 1-182
2020-03-18 15:13:05,946 INFO o.a.j.t.JMeterThread: Thread finished: Grupo De Hilos 1-200
2020-03-18 15:13:05,946 INFO o.a.j.t.JMeterThread: Thread finished: Grupo De Hilos 1-186
2020-03-18 15:13:05,946 INFO o.a.j.t.JMeterThread: Stopping because end time detected by thread: Grupo De Hilos 1-198
2020-03-18 15:13:05,946 INFO o.a.j.t.JMeterThread: Thread finished: Grupo De Hilos 1-198
2020-03-18 15:13:05,947 INFO o.a.j.t.JMeterThread: Thread finished: Grupo De Hilos 1-36
2020-03-18 15:13:05,953 INFO o.a.j.t.JMeterThread: Stopping because end time detected by thread: Grupo De Hilos 1-81
2020-03-18 15:13:05,953 INFO o.a.j.t.JMeterThread: Stopping because end time detected by thread: Grupo De Hilos 1-91
2020-03-18 15:13:05,954 INFO o.a.j.t.JMeterThread: Thread finished: Grupo De Hilos 1-81
2020-03-18 15:13:05,954 INFO o.a.j.t.JMeterThread: Thread finished: Grupo De Hilos 1-91
2020-03-18 15:13:05,957 INFO o.a.j.t.JMeterThread: Stopping because end time detected by thread: Grupo De Hilos 1-162
2020-03-18 15:13:05,957 INFO o.a.j.t.JMeterThread: Stopping because end time detected by thread: Grupo De Hilos 1-145
2020-03-18 15:13:05,957 INFO o.a.j.t.JMeterThread: Stopping because end time detected by thread: Grupo De Hilos 1-152
2020-03-18 15:13:05,957 INFO o.a.j.t.JMeterThread: Thread finished: Grupo De Hilos 1-162
2020-03-18 15:13:05,957 INFO o.a.j.t.JMeterThread: Thread finished: Grupo De Hilos 1-152
2020-03-18 15:13:05,958 INFO o.a.j.t.JMeterThread: Stopping because end time detected by thread: Grupo De Hilos 1-12
2020-03-18 15:13:05,958 INFO o.a.j.t.JMeterThread: Thread finished: Grupo De Hilos 1-12
2020-03-18 15:13:05,958 INFO o.a.j.t.JMeterThread: Stopping because end time detected by thread: Grupo De Hilos 1-113
2020-03-18 15:13:05,958 INFO o.a.j.t.JMeterThread: Stopping because end time detected by thread: Grupo De Hilos 1-217
2020-03-18 15:13:05,958 INFO o.a.j.t.JMeterThread: Stopping because end time detected by thread: Grupo De Hilos 1-71
2020-03-18 15:13:05,958 INFO o.a.j.t.JMeterThread: Thread finished: Grupo De Hilos 1-217
2020-03-18 15:13:05,958 INFO o.a.j.t.JMeterThread: Stopping because end time detected by thread: Grupo De Hilos 1-216
2020-03-18 15:13:05,958 INFO o.a.j.t.JMeterThread: Thread finished: Grupo De Hilos 1-216
2020-03-18 15:13:05,959 INFO o.a.j.t.JMeterThread: Stopping because end time detected by thread: Grupo De Hilos 1-196
2020-03-18 15:13:05,959 INFO o.a.j.t.JMeterThread: Stopping because end time detected by thread: Grupo De Hilos 1-21
2020-03-18 15:13:05,959 INFO o.a.j.t.JMeterThread: Stopping because end time detected by thread: Grupo De Hilos 1-69
2020-03-18 15:13:05,959 INFO o.a.j.t.JMeterThread: Thread finished: Grupo De Hilos 1-196
2020-03-18 15:13:05,959 INFO o.a.j.t.JMeterThread: Thread finished: Grupo De Hilos 1-69
2020-03-18 15:13:05,959 INFO o.a.j.t.JMeterThread: Thread finished: Grupo De Hilos 1-145
2020-03-18 15:13:05,959 INFO o.a.j.t.JMeterThread: Thread finished: Grupo De Hilos 1-21
2020-03-18 15:13:05,958 INFO o.a.j.t.JMeterThread: Thread finished: Grupo De Hilos 1-113
2020-03-18 15:13:05,960 INFO o.a.j.t.JMeterThread: Thread finished: Grupo De Hilos 1-71
2020-03-18 15:13:05,960 INFO o.a.j.t.JMeterThread: Stopping because end time detected by thread: Grupo De Hilos 1-185
2020-03-18 15:13:05,960 INFO o.a.j.t.JMeterThread: Thread finished: Grupo De Hilos 1-185
2020-03-18 15:13:05,964 INFO o.a.j.t.JMeterThread: Stopping because end time detected by thread: Grupo De Hilos 1-169
2020-03-18 15:13:05,964 INFO o.a.j.t.JMeterThread: Thread finished: Grupo De Hilos 1-169
2020-03-18 15:13:05,964 INFO o.a.j.t.JMeterThread: Stopping because end time detected by thread: Grupo De Hilos 1-212
2020-03-18 15:13:05,965 INFO o.a.j.t.JMeterThread: Thread finished: Grupo De Hilos 1-212
2020-03-18 15:13:05,965 INFO o.a.j.t.JMeterThread: Stopping because end time detected by thread: Grupo De Hilos 1-190
2020-03-18 15:13:05,965 INFO o.a.j.t.JMeterThread: Thread finished: Grupo De Hilos 1-190
2020-03-18 15:13:05,964 INFO o.a.j.t.JMeterThread: Stopping because end time detected by thread: Grupo De Hilos 1-27
2020-03-18 15:13:05,965 INFO o.a.j.t.JMeterThread: Thread finished: Grupo De Hilos 1-27
2020-03-18 15:13:05,965 INFO o.a.j.t.JMeterThread: Stopping because end time detected by thread: Grupo De Hilos 1-115
2020-03-18 15:13:05,965 INFO o.a.j.t.JMeterThread: Stopping because end time detected by thread: Grupo De Hilos 1-207
2020-03-18 15:13:05,965 INFO o.a.j.t.JMeterThread: Thread finished: Grupo De Hilos 1-115
2020-03-18 15:13:05,965 INFO o.a.j.t.JMeterThread: Stopping because end time detected by thread: Grupo De Hilos 1-164
2020-03-18 15:13:05,965 INFO o.a.j.t.JMeterThread: Thread finished: Grupo De Hilos 1-207
2020-03-18 15:13:05,965 INFO o.a.j.t.JMeterThread: Stopping because end time detected by thread: Grupo De Hilos 1-19
2020-03-18 15:13:05,966 INFO o.a.j.t.JMeterThread: Thread finished: Grupo De Hilos 1-19
2020-03-18 15:13:05,966 INFO o.a.j.t.JMeterThread: Stopping because end time detected by thread: Grupo De Hilos 1-213
2020-03-18 15:13:05,965 INFO o.a.j.t.JMeterThread: Thread finished: Grupo De Hilos 1-164
2020-03-18 15:13:05,966 INFO o.a.j.t.JMeterThread: Thread finished: Grupo De Hilos 1-213
2020-03-18 15:13:05,966 INFO o.a.j.t.JMeterThread: Stopping because end time detected by thread: Grupo De Hilos 1-239
2020-03-18 15:13:05,966 INFO o.a.j.t.JMeterThread: Thread finished: Grupo De Hilos 1-239
2020-03-18 15:13:05,971 INFO o.a.j.t.JMeterThread: Stopping because end time detected by thread: Grupo De Hilos 1-230
2020-03-18 15:13:05,971 INFO o.a.j.t.JMeterThread: Stopping because end time detected by thread: Grupo De Hilos 1-238
2020-03-18 15:13:05,971 INFO o.a.j.t.JMeterThread: Thread finished: Grupo De Hilos 1-238
2020-03-18 15:13:05,971 INFO o.a.j.t.JMeterThread: Thread finished: Grupo De Hilos 1-230
2020-03-18 15:13:05,976 INFO o.a.j.t.JMeterThread: Stopping because end time detected by thread: Grupo De Hilos 1-247
2020-03-18 15:13:05,976 INFO o.a.j.t.JMeterThread: Thread finished: Grupo De Hilos 1-247
2020-03-18 15:13:05,978 INFO o.a.j.t.JMeterThread: Stopping because end time detected by thread: Grupo De Hilos 1-80
2020-03-18 15:13:05,978 INFO o.a.j.t.JMeterThread: Stopping because end time detected by thread: Grupo De Hilos 1-251
2020-03-18 15:13:05,978 INFO o.a.j.t.JMeterThread: Stopping because end time detected by thread: Grupo De Hilos 1-66
2020-03-18 15:13:05,978 INFO o.a.j.t.JMeterThread: Thread finished: Grupo De Hilos 1-251
2020-03-18 15:13:05,978 INFO o.a.j.t.JMeterThread: Thread finished: Grupo De Hilos 1-66
2020-03-18 15:13:05,978 INFO o.a.j.t.JMeterThread: Stopping because end time detected by thread: Grupo De Hilos 1-197
2020-03-18 15:13:05,978 INFO o.a.j.t.JMeterThread: Thread finished: Grupo De Hilos 1-197
2020-03-18 15:13:05,979 INFO o.a.j.t.JMeterThread: Thread finished: Grupo De Hilos 1-80
2020-03-18 15:13:05,979 INFO o.a.j.t.JMeterThread: Stopping because end time detected by thread: Grupo De Hilos 1-192
2020-03-18 15:13:05,978 INFO o.a.j.t.JMeterThread: Stopping because end time detected by thread: Grupo De Hilos 1-75
2020-03-18 15:13:05,979 INFO o.a.j.t.JMeterThread: Thread finished: Grupo De Hilos 1-192
2020-03-18 15:13:05,979 INFO o.a.j.t.JMeterThread: Thread finished: Grupo De Hilos 1-75
2020-03-18 15:13:05,979 INFO o.a.j.t.JMeterThread: Stopping because end time detected by thread: Grupo De Hilos 1-253
2020-03-18 15:13:05,979 INFO o.a.j.t.JMeterThread: Thread finished: Grupo De Hilos 1-253
2020-03-18 15:13:05,979 INFO o.a.j.t.JMeterThread: Stopping because end time detected by thread: Grupo De Hilos 1-188
2020-03-18 15:13:05,979 INFO o.a.j.t.JMeterThread: Stopping because end time detected by thread: Grupo De Hilos 1-56
2020-03-18 15:13:05,979 INFO o.a.j.t.JMeterThread: Thread finished: Grupo De Hilos 1-188
2020-03-18 15:13:05,980 INFO o.a.j.t.JMeterThread: Thread finished: Grupo De Hilos 1-56
2020-03-18 15:13:05,980 INFO o.a.j.t.JMeterThread: Stopping because end time detected by thread: Grupo De Hilos 1-133
2020-03-18 15:13:05,980 INFO o.a.j.t.JMeterThread: Thread finished: Grupo De Hilos 1-133
2020-03-18 15:13:05,980 INFO o.a.j.t.JMeterThread: Stopping because end time detected by thread: Grupo De Hilos 1-163
2020-03-18 15:13:05,980 INFO o.a.j.t.JMeterThread: Stopping because end time detected by thread: Grupo De Hilos 1-181
2020-03-18 15:13:05,980 INFO o.a.j.t.JMeterThread: Thread finished: Grupo De Hilos 1-163
2020-03-18 15:13:05,980 INFO o.a.j.t.JMeterThread: Stopping because end time detected by thread: Grupo De Hilos 1-250
2020-03-18 15:13:05,980 INFO o.a.j.t.JMeterThread: Thread finished: Grupo De Hilos 1-181
2020-03-18 15:13:05,980 INFO o.a.j.t.JMeterThread: Thread finished: Grupo De Hilos 1-250
2020-03-18 15:13:05,980 INFO o.a.j.t.JMeterThread: Stopping because end time detected by thread: Grupo De Hilos 1-226
2020-03-18 15:13:05,980 INFO o.a.j.t.JMeterThread: Thread finished: Grupo De Hilos 1-226
2020-03-18 15:13:05,980 INFO o.a.j.t.JMeterThread: Stopping because end time detected by thread: Grupo De Hilos 1-175
2020-03-18 15:13:05,981 INFO o.a.j.t.JMeterThread: Thread finished: Grupo De Hilos 1-175
2020-03-18 15:13:05,981 INFO o.a.j.t.JMeterThread: Stopping because end time detected by thread: Grupo De Hilos 1-221
2020-03-18 15:13:05,981 INFO o.a.j.t.JMeterThread: Thread finished: Grupo De Hilos 1-221
2020-03-18 15:13:05,982 INFO o.a.j.t.JMeterThread: Stopping because end time detected by thread: Grupo De Hilos 1-165
2020-03-18 15:13:05,982 INFO o.a.j.t.JMeterThread: Stopping because end time detected by thread: Grupo De Hilos 1-72
2020-03-18 15:13:05,983 INFO o.a.j.t.JMeterThread: Thread finished: Grupo De Hilos 1-165
2020-03-18 15:13:05,983 INFO o.a.j.t.JMeterThread: Thread finished: Grupo De Hilos 1-72
2020-03-18 15:13:05,983 INFO o.a.j.t.JMeterThread: Stopping because end time detected by thread: Grupo De Hilos 1-255
2020-03-18 15:13:05,983 INFO o.a.j.t.JMeterThread: Thread finished: Grupo De Hilos 1-255
2020-03-18 15:13:05,983 INFO o.a.j.t.JMeterThread: Stopping because end time detected by thread: Grupo De Hilos 1-245
2020-03-18 15:13:05,983 INFO o.a.j.t.JMeterThread: Thread finished: Grupo De Hilos 1-245
2020-03-18 15:13:05,983 INFO o.a.j.t.JMeterThread: Stopping because end time detected by thread: Grupo De Hilos 1-249
2020-03-18 15:13:05,984 INFO o.a.j.t.JMeterThread: Thread finished: Grupo De Hilos 1-249
2020-03-18 15:13:05,984 INFO o.a.j.t.JMeterThread: Stopping because end time detected by thread: Grupo De Hilos 1-204
2020-03-18 15:13:05,984 INFO o.a.j.t.JMeterThread: Thread finished: Grupo De Hilos 1-204
2020-03-18 15:13:05,985 INFO o.a.j.t.JMeterThread: Stopping because end time detected by thread: Grupo De Hilos 1-199
2020-03-18 15:13:05,985 INFO o.a.j.t.JMeterThread: Thread finished: Grupo De Hilos 1-199
2020-03-18 15:13:05,986 INFO o.a.j.t.JMeterThread: Stopping because end time detected by thread: Grupo De Hilos 1-143
2020-03-18 15:13:05,986 INFO o.a.j.t.JMeterThread: Thread finished: Grupo De Hilos 1-143
2020-03-18 15:13:05,987 INFO o.a.j.t.JMeterThread: Stopping because end time detected by thread: Grupo De Hilos 1-233
2020-03-18 15:13:05,987 INFO o.a.j.t.JMeterThread: Thread finished: Grupo De Hilos 1-233
2020-03-18 15:13:05,988 INFO o.a.j.t.JMeterThread: Stopping because end time detected by thread: Grupo De Hilos 1-223
2020-03-18 15:13:05,988 INFO o.a.j.t.JMeterThread: Thread finished: Grupo De Hilos 1-223
2020-03-18 15:13:05,988 INFO o.a.j.t.JMeterThread: Stopping because end time detected by thread: Grupo De Hilos 1-229
2020-03-18 15:13:05,988 INFO o.a.j.t.JMeterThread: Thread finished: Grupo De Hilos 1-229
2020-03-18 15:13:05,989 INFO o.a.j.t.JMeterThread: Stopping because end time detected by thread: Grupo De Hilos 1-137
2020-03-18 15:13:05,990 INFO o.a.j.t.JMeterThread: Stopping because end time detected by thread: Grupo De Hilos 1-224
2020-03-18 15:13:05,990 INFO o.a.j.t.JMeterThread: Thread finished: Grupo De Hilos 1-224
2020-03-18 15:13:05,989 INFO o.a.j.t.JMeterThread: Thread finished: Grupo De Hilos 1-137
2020-03-18 15:13:05,993 INFO o.a.j.t.JMeterThread: Stopping because end time detected by thread: Grupo De Hilos 1-262
2020-03-18 15:13:05,993 INFO o.a.j.t.JMeterThread: Thread finished: Grupo De Hilos 1-262
2020-03-18 15:13:05,995 INFO o.a.j.t.JMeterThread: Stopping because end time detected by thread: Grupo De Hilos 1-126
2020-03-18 15:13:05,996 INFO o.a.j.t.JMeterThread: Thread finished: Grupo De Hilos 1-126
2020-03-18 15:13:05,996 INFO o.a.j.t.JMeterThread: Stopping because end time detected by thread: Grupo De Hilos 1-117
2020-03-18 15:13:05,996 INFO o.a.j.t.JMeterThread: Stopping because end time detected by thread: Grupo De Hilos 1-108
2020-03-18 15:13:05,996 INFO o.a.j.t.JMeterThread: Thread finished: Grupo De Hilos 1-117
2020-03-18 15:13:05,996 INFO o.a.j.t.JMeterThread: Thread finished: Grupo De Hilos 1-108
2020-03-18 15:13:05,997 INFO o.a.j.t.JMeterThread: Stopping because end time detected by thread: Grupo De Hilos 1-240
2020-03-18 15:13:05,997 INFO o.a.j.t.JMeterThread: Thread finished: Grupo De Hilos 1-240
2020-03-18 15:13:05,998 INFO o.a.j.t.JMeterThread: Stopping because end time detected by thread: Grupo De Hilos 1-248
2020-03-18 15:13:05,998 INFO o.a.j.t.JMeterThread: Thread finished: Grupo De Hilos 1-248
2020-03-18 15:13:05,997 INFO o.a.j.t.JMeterThread: Stopping because end time detected by thread: Grupo De Hilos 1-214
2020-03-18 15:13:05,998 INFO o.a.j.t.JMeterThread: Thread finished: Grupo De Hilos 1-214
2020-03-18 15:13:05,999 INFO o.a.j.t.JMeterThread: Stopping because end time detected by thread: Grupo De Hilos 1-205
2020-03-18 15:13:05,999 INFO o.a.j.t.JMeterThread: Thread finished: Grupo De Hilos 1-205
2020-03-18 15:13:05,999 INFO o.a.j.t.JMeterThread: Stopping because end time detected by thread: Grupo De Hilos 1-183
2020-03-18 15:13:05,999 INFO o.a.j.t.JMeterThread: Thread finished: Grupo De Hilos 1-183
2020-03-18 15:13:06,000 INFO o.a.j.t.JMeterThread: Stopping because end time detected by thread: Grupo De Hilos 1-265
2020-03-18 15:13:06,000 INFO o.a.j.t.JMeterThread: Thread finished: Grupo De Hilos 1-265
2020-03-18 15:13:06,001 INFO o.a.j.t.JMeterThread: Stopping because end time detected by thread: Grupo De Hilos 1-263
2020-03-18 15:13:06,001 INFO o.a.j.t.JMeterThread: Thread finished: Grupo De Hilos 1-263
2020-03-18 15:13:06,001 INFO o.a.j.t.JMeterThread: Stopping because end time detected by thread: Grupo De Hilos 1-219
2020-03-18 15:13:06,001 INFO o.a.j.t.JMeterThread: Thread finished: Grupo De Hilos 1-219
2020-03-18 15:13:06,002 INFO o.a.j.t.JMeterThread: Stopping because end time detected by thread: Grupo De Hilos 1-235
2020-03-18 15:13:06,002 INFO o.a.j.t.JMeterThread: Stopping because end time detected by thread: Grupo De Hilos 1-206
2020-03-18 15:13:06,002 INFO o.a.j.t.JMeterThread: Thread finished: Grupo De Hilos 1-235
2020-03-18 15:13:06,002 INFO o.a.j.t.JMeterThread: Thread finished: Grupo De Hilos 1-206
2020-03-18 15:13:06,002 INFO o.a.j.t.JMeterThread: Stopping because end time detected by thread: Grupo De Hilos 1-228
2020-03-18 15:13:06,002 INFO o.a.j.t.JMeterThread: Thread finished: Grupo De Hilos 1-228
2020-03-18 15:13:06,003 INFO o.a.j.t.JMeterThread: Stopping because end time detected by thread: Grupo De Hilos 1-154
2020-03-18 15:13:06,003 INFO o.a.j.t.JMeterThread: Thread finished: Grupo De Hilos 1-154
2020-03-18 15:13:06,003 INFO o.a.j.t.JMeterThread: Stopping because end time detected by thread: Grupo De Hilos 1-242
2020-03-18 15:13:06,003 INFO o.a.j.t.JMeterThread: Thread finished: Grupo De Hilos 1-242
2020-03-18 15:13:05,996 INFO o.a.j.t.JMeterThread: Stopping because end time detected by thread: Grupo De Hilos 1-209
2020-03-18 15:13:06,004 INFO o.a.j.t.JMeterThread: Thread finished: Grupo De Hilos 1-209
2020-03-18 15:13:05,997 INFO o.a.j.t.JMeterThread: Stopping because end time detected by thread: Grupo De Hilos 1-191
2020-03-18 15:13:06,002 INFO o.a.j.t.JMeterThread: Stopping because end time detected by thread: Grupo De Hilos 1-236
2020-03-18 15:13:06,004 INFO o.a.j.t.JMeterThread: Thread finished: Grupo De Hilos 1-191
2020-03-18 15:13:06,004 INFO o.a.j.t.JMeterThread: Thread finished: Grupo De Hilos 1-236
2020-03-18 15:13:06,005 INFO o.a.j.t.JMeterThread: Stopping because end time detected by thread: Grupo De Hilos 1-264
2020-03-18 15:13:06,005 INFO o.a.j.t.JMeterThread: Thread finished: Grupo De Hilos 1-264
2020-03-18 15:13:06,005 INFO o.a.j.t.JMeterThread: Stopping because end time detected by thread: Grupo De Hilos 1-222
2020-03-18 15:13:06,005 INFO o.a.j.t.JMeterThread: Thread finished: Grupo De Hilos 1-222
2020-03-18 15:13:06,006 INFO o.a.j.t.JMeterThread: Stopping because end time detected by thread: Grupo De Hilos 1-243
2020-03-18 15:13:06,006 INFO o.a.j.t.JMeterThread: Thread finished: Grupo De Hilos 1-243
2020-03-18 15:13:06,006 INFO o.a.j.t.JMeterThread: Stopping because end time detected by thread: Grupo De Hilos 1-48
2020-03-18 15:13:06,006 INFO o.a.j.t.JMeterThread: Thread finished: Grupo De Hilos 1-48
2020-03-18 15:13:06,006 INFO o.a.j.t.JMeterThread: Stopping because end time detected by thread: Grupo De Hilos 1-127
2020-03-18 15:13:06,006 INFO o.a.j.t.JMeterThread: Thread finished: Grupo De Hilos 1-127
2020-03-18 15:13:06,007 INFO o.a.j.t.JMeterThread: Stopping because end time detected by thread: Grupo De Hilos 1-237
2020-03-18 15:13:06,007 INFO o.a.j.t.JMeterThread: Stopping because end time detected by thread: Grupo De Hilos 1-67
2020-03-18 15:13:06,007 INFO o.a.j.t.JMeterThread: Thread finished: Grupo De Hilos 1-237
2020-03-18 15:13:06,007 INFO o.a.j.t.JMeterThread: Thread finished: Grupo De Hilos 1-67
2020-03-18 15:13:06,007 INFO o.a.j.t.JMeterThread: Stopping because end time detected by thread: Grupo De Hilos 1-211
2020-03-18 15:13:06,007 INFO o.a.j.t.JMeterThread: Thread finished: Grupo De Hilos 1-211
2020-03-18 15:13:06,007 INFO o.a.j.t.JMeterThread: Stopping because end time detected by thread: Grupo De Hilos 1-260
2020-03-18 15:13:06,007 INFO o.a.j.t.JMeterThread: Thread finished: Grupo De Hilos 1-260
2020-03-18 15:13:06,008 INFO o.a.j.t.JMeterThread: Stopping because end time detected by thread: Grupo De Hilos 1-252
2020-03-18 15:13:06,008 INFO o.a.j.t.JMeterThread: Thread finished: Grupo De Hilos 1-252
2020-03-18 15:13:06,014 INFO o.a.j.t.JMeterThread: Stopping because end time detected by thread: Grupo De Hilos 1-244
2020-03-18 15:13:06,014 INFO o.a.j.t.JMeterThread: Thread finished: Grupo De Hilos 1-244
2020-03-18 15:13:06,017 INFO o.a.j.t.JMeterThread: Stopping because end time detected by thread: Grupo De Hilos 1-232
2020-03-18 15:13:06,017 INFO o.a.j.t.JMeterThread: Thread finished: Grupo De Hilos 1-232
2020-03-18 15:13:06,017 INFO o.a.j.t.JMeterThread: Stopping because end time detected by thread: Grupo De Hilos 1-225
2020-03-18 15:13:06,017 INFO o.a.j.t.JMeterThread: Thread finished: Grupo De Hilos 1-225
2020-03-18 15:13:06,017 INFO o.a.j.t.JMeterThread: Stopping because end time detected by thread: Grupo De Hilos 1-241
2020-03-18 15:13:06,017 INFO o.a.j.t.JMeterThread: Thread finished: Grupo De Hilos 1-241
2020-03-18 15:13:06,017 INFO o.a.j.t.JMeterThread: Stopping because end time detected by thread: Grupo De Hilos 1-296
2020-03-18 15:13:06,018 INFO o.a.j.t.JMeterThread: Stopping because end time detected by thread: Grupo De Hilos 1-61
2020-03-18 15:13:06,018 INFO o.a.j.t.JMeterThread: Stopping because end time detected by thread: Grupo De Hilos 1-286
2020-03-18 15:13:06,018 INFO o.a.j.t.JMeterThread: Thread finished: Grupo De Hilos 1-61
2020-03-18 15:13:06,018 INFO o.a.j.t.JMeterThread: Thread finished: Grupo De Hilos 1-286
2020-03-18 15:13:06,018 INFO o.a.j.t.JMeterThread: Thread finished: Grupo De Hilos 1-296
2020-03-18 15:13:06,018 INFO o.a.j.t.JMeterThread: Stopping because end time detected by thread: Grupo De Hilos 1-287
2020-03-18 15:13:06,018 INFO o.a.j.t.JMeterThread: Thread finished: Grupo De Hilos 1-287
2020-03-18 15:13:06,018 INFO o.a.j.t.JMeterThread: Stopping because end time detected by thread: Grupo De Hilos 1-231
2020-03-18 15:13:06,018 INFO o.a.j.t.JMeterThread: Thread finished: Grupo De Hilos 1-231
2020-03-18 15:13:06,018 INFO o.a.j.t.JMeterThread: Stopping because end time detected by thread: Grupo De Hilos 1-172
2020-03-18 15:13:06,019 INFO o.a.j.t.JMeterThread: Thread finished: Grupo De Hilos 1-172
2020-03-18 15:13:06,019 INFO o.a.j.t.JMeterThread: Stopping because end time detected by thread: Grupo De Hilos 1-208
2020-03-18 15:13:06,019 INFO o.a.j.t.JMeterThread: Stopping because end time detected by thread: Grupo De Hilos 1-246
2020-03-18 15:13:06,019 INFO o.a.j.t.JMeterThread: Stopping because end time detected by thread: Grupo De Hilos 1-210
2020-03-18 15:13:06,019 INFO o.a.j.t.JMeterThread: Thread finished: Grupo De Hilos 1-208
2020-03-18 15:13:06,019 INFO o.a.j.t.JMeterThread: Thread finished: Grupo De Hilos 1-210
2020-03-18 15:13:06,019 INFO o.a.j.t.JMeterThread: Stopping because end time detected by thread: Grupo De Hilos 1-266
2020-03-18 15:13:06,019 INFO o.a.j.t.JMeterThread: Thread finished: Grupo De Hilos 1-266
2020-03-18 15:13:06,019 INFO o.a.j.t.JMeterThread: Stopping because end time detected by thread: Grupo De Hilos 1-288
2020-03-18 15:13:06,019 INFO o.a.j.t.JMeterThread: Thread finished: Grupo De Hilos 1-246
2020-03-18 15:13:06,019 INFO o.a.j.t.JMeterThread: Thread finished: Grupo De Hilos 1-288
2020-03-18 15:13:06,018 INFO o.a.j.t.JMeterThread: Stopping because end time detected by thread: Grupo De Hilos 1-227
2020-03-18 15:13:06,019 INFO o.a.j.t.JMeterThread: Thread finished: Grupo De Hilos 1-227
2020-03-18 15:13:06,020 INFO o.a.j.t.JMeterThread: Stopping because end time detected by thread: Grupo De Hilos 1-132
2020-03-18 15:13:06,021 INFO o.a.j.t.JMeterThread: Thread finished: Grupo De Hilos 1-132
2020-03-18 15:13:06,021 INFO o.a.j.t.JMeterThread: Stopping because end time detected by thread: Grupo De Hilos 1-278
2020-03-18 15:13:06,021 INFO o.a.j.t.JMeterThread: Thread finished: Grupo De Hilos 1-278
2020-03-18 15:13:06,021 INFO o.a.j.t.JMeterThread: Stopping because end time detected by thread: Grupo De Hilos 1-234
2020-03-18 15:13:06,021 INFO o.a.j.t.JMeterThread: Thread finished: Grupo De Hilos 1-234
2020-03-18 15:13:06,021 INFO o.a.j.t.JMeterThread: Stopping because end time detected by thread: Grupo De Hilos 1-254
2020-03-18 15:13:06,021 INFO o.a.j.t.JMeterThread: Thread finished: Grupo De Hilos 1-254
2020-03-18 15:13:06,021 INFO o.a.j.t.JMeterThread: Stopping because end time detected by thread: Grupo De Hilos 1-274
2020-03-18 15:13:06,021 INFO o.a.j.t.JMeterThread: Thread finished: Grupo De Hilos 1-274
2020-03-18 15:13:06,022 INFO o.a.j.t.JMeterThread: Stopping because end time detected by thread: Grupo De Hilos 1-261
2020-03-18 15:13:06,022 INFO o.a.j.t.JMeterThread: Thread finished: Grupo De Hilos 1-261
2020-03-18 15:13:06,027 INFO o.a.j.t.JMeterThread: Stopping because end time detected by thread: Grupo De Hilos 1-257
2020-03-18 15:13:06,027 INFO o.a.j.t.JMeterThread: Stopping because end time detected by thread: Grupo De Hilos 1-291
2020-03-18 15:13:06,027 INFO o.a.j.t.JMeterThread: Thread finished: Grupo De Hilos 1-257
2020-03-18 15:13:06,027 INFO o.a.j.t.JMeterThread: Thread finished: Grupo De Hilos 1-291
2020-03-18 15:13:06,028 INFO o.a.j.t.JMeterThread: Stopping because end time detected by thread: Grupo De Hilos 1-202
2020-03-18 15:13:06,028 INFO o.a.j.t.JMeterThread: Thread finished: Grupo De Hilos 1-202
2020-03-18 15:13:06,028 INFO o.a.j.t.JMeterThread: Stopping because end time detected by thread: Grupo De Hilos 1-268
2020-03-18 15:13:06,029 INFO o.a.j.t.JMeterThread: Thread finished: Grupo De Hilos 1-268
2020-03-18 15:13:06,036 INFO o.a.j.t.JMeterThread: Stopping because end time detected by thread: Grupo De Hilos 1-270
2020-03-18 15:13:06,036 INFO o.a.j.t.JMeterThread: Stopping because end time detected by thread: Grupo De Hilos 1-269
2020-03-18 15:13:06,036 INFO o.a.j.t.JMeterThread: Thread finished: Grupo De Hilos 1-270
2020-03-18 15:13:06,036 INFO o.a.j.t.JMeterThread: Thread finished: Grupo De Hilos 1-269
2020-03-18 15:13:06,036 INFO o.a.j.t.JMeterThread: Stopping because end time detected by thread: Grupo De Hilos 1-8
2020-03-18 15:13:06,036 INFO o.a.j.t.JMeterThread: Thread finished: Grupo De Hilos 1-8
2020-03-18 15:13:06,036 INFO o.a.j.t.JMeterThread: Stopping because end time detected by thread: Grupo De Hilos 1-271
2020-03-18 15:13:06,036 INFO o.a.j.t.JMeterThread: Stopping because end time detected by thread: Grupo De Hilos 1-299
2020-03-18 15:13:06,036 INFO o.a.j.t.JMeterThread: Thread finished: Grupo De Hilos 1-271
2020-03-18 15:13:06,036 INFO o.a.j.t.JMeterThread: Thread finished: Grupo De Hilos 1-299
2020-03-18 15:13:06,037 INFO o.a.j.t.JMeterThread: Stopping because end time detected by thread: Grupo De Hilos 1-284
2020-03-18 15:13:06,037 INFO o.a.j.t.JMeterThread: Thread finished: Grupo De Hilos 1-284
2020-03-18 15:13:06,042 INFO o.a.j.t.JMeterThread: Stopping because end time detected by thread: Grupo De Hilos 1-258
2020-03-18 15:13:06,042 INFO o.a.j.t.JMeterThread: Thread finished: Grupo De Hilos 1-258
2020-03-18 15:13:06,042 INFO o.a.j.t.JMeterThread: Stopping because end time detected by thread: Grupo De Hilos 1-292
2020-03-18 15:13:06,042 INFO o.a.j.t.JMeterThread: Stopping because end time detected by thread: Grupo De Hilos 1-220
2020-03-18 15:13:06,042 INFO o.a.j.t.JMeterThread: Thread finished: Grupo De Hilos 1-220
2020-03-18 15:13:06,042 INFO o.a.j.t.JMeterThread: Stopping because end time detected by thread: Grupo De Hilos 1-259
2020-03-18 15:13:06,042 INFO o.a.j.t.JMeterThread: Thread finished: Grupo De Hilos 1-259
2020-03-18 15:13:06,043 INFO o.a.j.t.JMeterThread: Stopping because end time detected by thread: Grupo De Hilos 1-283
2020-03-18 15:13:06,043 INFO o.a.j.t.JMeterThread: Thread finished: Grupo De Hilos 1-283
2020-03-18 15:13:06,043 INFO o.a.j.t.JMeterThread: Thread finished: Grupo De Hilos 1-292
2020-03-18 15:13:06,043 INFO o.a.j.t.JMeterThread: Stopping because end time detected by thread: Grupo De Hilos 1-272
2020-03-18 15:13:06,043 INFO o.a.j.t.JMeterThread: Thread finished: Grupo De Hilos 1-272
2020-03-18 15:13:06,050 INFO o.a.j.t.JMeterThread: Stopping because end time detected by thread: Grupo De Hilos 1-277
2020-03-18 15:13:06,050 INFO o.a.j.t.JMeterThread: Stopping because end time detected by thread: Grupo De Hilos 1-290
2020-03-18 15:13:06,051 INFO o.a.j.t.JMeterThread: Thread finished: Grupo De Hilos 1-277
2020-03-18 15:13:06,051 INFO o.a.j.t.JMeterThread: Thread finished: Grupo De Hilos 1-290
2020-03-18 15:13:06,053 INFO o.a.j.t.JMeterThread: Stopping because end time detected by thread: Grupo De Hilos 1-294
2020-03-18 15:13:06,053 INFO o.a.j.t.JMeterThread: Thread finished: Grupo De Hilos 1-294
2020-03-18 15:13:06,053 INFO o.a.j.t.JMeterThread: Stopping because end time detected by thread: Grupo De Hilos 1-203
2020-03-18 15:13:06,053 INFO o.a.j.t.JMeterThread: Stopping because end time detected by thread: Grupo De Hilos 1-275
2020-03-18 15:13:06,053 INFO o.a.j.t.JMeterThread: Thread finished: Grupo De Hilos 1-275
2020-03-18 15:13:06,053 INFO o.a.j.t.JMeterThread: Thread finished: Grupo De Hilos 1-203
2020-03-18 15:13:06,054 INFO o.a.j.t.JMeterThread: Stopping because end time detected by thread: Grupo De Hilos 1-267
2020-03-18 15:13:06,054 INFO o.a.j.t.JMeterThread: Thread finished: Grupo De Hilos 1-267
2020-03-18 15:13:06,054 INFO o.a.j.t.JMeterThread: Stopping because end time detected by thread: Grupo De Hilos 1-256
2020-03-18 15:13:06,054 INFO o.a.j.t.JMeterThread: Stopping because end time detected by thread: Grupo De Hilos 1-280
2020-03-18 15:13:06,054 INFO o.a.j.t.JMeterThread: Thread finished: Grupo De Hilos 1-256
2020-03-18 15:13:06,054 INFO o.a.j.t.JMeterThread: Thread finished: Grupo De Hilos 1-280
2020-03-18 15:13:06,054 INFO o.a.j.t.JMeterThread: Stopping because end time detected by thread: Grupo De Hilos 1-285
2020-03-18 15:13:06,054 INFO o.a.j.t.JMeterThread: Thread finished: Grupo De Hilos 1-285
2020-03-18 15:13:06,054 INFO o.a.j.t.JMeterThread: Stopping because end time detected by thread: Grupo De Hilos 1-297
2020-03-18 15:13:06,054 INFO o.a.j.t.JMeterThread: Thread finished: Grupo De Hilos 1-297
2020-03-18 15:13:06,057 INFO o.a.j.t.JMeterThread: Stopping because end time detected by thread: Grupo De Hilos 1-276
2020-03-18 15:13:06,057 INFO o.a.j.t.JMeterThread: Thread finished: Grupo De Hilos 1-276
2020-03-18 15:13:06,057 INFO o.a.j.t.JMeterThread: Stopping because end time detected by thread: Grupo De Hilos 1-289
2020-03-18 15:13:06,058 INFO o.a.j.t.JMeterThread: Thread finished: Grupo De Hilos 1-289
2020-03-18 15:13:06,058 INFO o.a.j.t.JMeterThread: Stopping because end time detected by thread: Grupo De Hilos 1-298
2020-03-18 15:13:06,058 INFO o.a.j.t.JMeterThread: Thread finished: Grupo De Hilos 1-298
2020-03-18 15:13:06,058 INFO o.a.j.t.JMeterThread: Stopping because end time detected by thread: Grupo De Hilos 1-293
2020-03-18 15:13:06,058 INFO o.a.j.t.JMeterThread: Thread finished: Grupo De Hilos 1-293
2020-03-18 15:13:06,058 INFO o.a.j.t.JMeterThread: Stopping because end time detected by thread: Grupo De Hilos 1-279
2020-03-18 15:13:06,059 INFO o.a.j.t.JMeterThread: Thread finished: Grupo De Hilos 1-279
2020-03-18 15:13:06,059 INFO o.a.j.t.JMeterThread: Stopping because end time detected by thread: Grupo De Hilos 1-138
2020-03-18 15:13:06,059 INFO o.a.j.t.JMeterThread: Thread finished: Grupo De Hilos 1-138
2020-03-18 15:13:06,059 INFO o.a.j.t.JMeterThread: Stopping because end time detected by thread: Grupo De Hilos 1-282
2020-03-18 15:13:06,059 INFO o.a.j.t.JMeterThread: Thread finished: Grupo De Hilos 1-282
2020-03-18 15:13:06,069 INFO o.a.j.t.JMeterThread: Stopping because end time detected by thread: Grupo De Hilos 1-159
2020-03-18 15:13:06,069 INFO o.a.j.t.JMeterThread: Thread finished: Grupo De Hilos 1-159
2020-03-18 15:13:06,069 INFO o.a.j.t.JMeterThread: Stopping because end time detected by thread: Grupo De Hilos 1-201
2020-03-18 15:13:06,069 INFO o.a.j.t.JMeterThread: Stopping because end time detected by thread: Grupo De Hilos 1-57
2020-03-18 15:13:06,070 INFO o.a.j.t.JMeterThread: Thread finished: Grupo De Hilos 1-201
2020-03-18 15:13:06,070 INFO o.a.j.t.JMeterThread: Stopping because end time detected by thread: Grupo De Hilos 1-300
2020-03-18 15:13:06,070 INFO o.a.j.t.JMeterThread: Thread finished: Grupo De Hilos 1-300
2020-03-18 15:13:06,070 INFO o.a.j.t.JMeterThread: Thread finished: Grupo De Hilos 1-57
2020-03-18 15:13:06,070 INFO o.a.j.t.JMeterThread: Stopping because end time detected by thread: Grupo De Hilos 1-218
2020-03-18 15:13:06,070 INFO o.a.j.t.JMeterThread: Stopping because end time detected by thread: Grupo De Hilos 1-215
2020-03-18 15:13:06,070 INFO o.a.j.t.JMeterThread: Thread finished: Grupo De Hilos 1-215
2020-03-18 15:13:06,070 INFO o.a.j.t.JMeterThread: Thread finished: Grupo De Hilos 1-218
2020-03-18 15:13:06,073 INFO o.a.j.t.JMeterThread: Stopping because end time detected by thread: Grupo De Hilos 1-122
2020-03-18 15:13:06,073 INFO o.a.j.t.JMeterThread: Stopping because end time detected by thread: Grupo De Hilos 1-281
2020-03-18 15:13:06,073 INFO o.a.j.t.JMeterThread: Thread finished: Grupo De Hilos 1-122
2020-03-18 15:13:06,073 INFO o.a.j.t.JMeterThread: Thread finished: Grupo De Hilos 1-281
2020-03-18 15:13:06,088 INFO o.a.j.t.JMeterThread: Stopping because end time detected by thread: Grupo De Hilos 1-295
2020-03-18 15:13:06,088 INFO o.a.j.t.JMeterThread: Thread finished: Grupo De Hilos 1-295
2020-03-18 15:13:06,098 INFO o.a.j.t.JMeterThread: Stopping because end time detected by thread: Grupo De Hilos 1-73
2020-03-18 15:13:06,098 INFO o.a.j.t.JMeterThread: Stopping because end time detected by thread: Grupo De Hilos 1-32
2020-03-18 15:13:06,098 INFO o.a.j.t.JMeterThread: Thread finished: Grupo De Hilos 1-73
2020-03-18 15:13:06,098 INFO o.a.j.t.JMeterThread: Thread finished: Grupo De Hilos 1-32
2020-03-18 15:13:06,372 INFO o.a.j.t.JMeterThread: Stopping because end time detected by thread: Grupo De Hilos 1-273
2020-03-18 15:13:06,372 INFO o.a.j.t.JMeterThread: Thread finished: Grupo De Hilos 1-273
2020-03-18 15:13:13,975 INFO o.a.j.t.JMeterThread: Stopping because end time detected by thread: Grupo De Hilos 1-88
2020-03-18 15:13:13,976 INFO o.a.j.t.JMeterThread: Thread finished: Grupo De Hilos 1-88
2020-03-18 15:13:51,829 INFO o.a.j.t.JMeterThread: Stopping because end time detected by thread: Grupo De Hilos 1-77
2020-03-18 15:13:51,829 INFO o.a.j.t.JMeterThread: Thread finished: Grupo De Hilos 1-77
2020-03-18 15:14:47,120 INFO o.a.j.t.JMeterThread: Stopping because end time detected by thread: Grupo De Hilos 1-146
2020-03-18 15:14:47,121 INFO o.a.j.t.JMeterThread: Thread finished: Grupo De Hilos 1-146
2020-03-18 15:14:47,121 INFO o.a.j.e.StandardJMeterEngine: Notifying test listeners of end of test
2020-03-18 15:14:47,124 INFO o.a.j.r.Summariser: summary +   3809 in 00:01:47 =   35.6/s Avg:   572 Min:    33 Max: 129387 Err:     2 (0.05%) Active: 0 Started: 300 Finished: 300
2020-03-18 15:14:47,125 INFO o.a.j.r.Summariser: summary = 260530 in 00:05:42 =  762.6/s Avg:   257 Min:    17 Max: 129387 Err:     2 (0.00%)
